{"text": "Below is an instruction that describes a task, paired with an input that provides further context. Write a response that appropriately completes the request.\n### Instruction:\nAnalyze the endpoint log, extract malicious features, and map to MITRE ATT&CK. You MUST output strictly in JSON containing 'TTP_ID' and 'Explanation'.\n### Input:\n{\"EventID\": \"1\", \"Image\": \"C:\\\\Windows\\\\System32\\\\cmd.exe\", \"CommandLine\": \"cmd.exe /c reg add \\\"HKLM\\\\Software\\\\Policies\\\\Microsoft\\\\Windows Defender\\\" /v DisableAntiSpyware /t REG_DWORD /d 1 /f\", \"UtcTime\": \"2025-10-15 08:33:12.000\"}\n### Response:\n{\"TTP_ID\": \"TXXXX\", \"Explanation\": \"Pending Human Labeling\"}", "valid_ttps": ["T1562.001", "T1562"], "source_file": "apt_def_evasion_2025-10.json"}
{"text": "Below is an instruction that describes a task, paired with an input that provides further context. Write a response that appropriately completes the request.\n### Instruction:\nAnalyze the endpoint log, extract malicious features, and map to MITRE ATT&CK. You MUST output strictly in JSON containing 'TTP_ID' and 'Explanation'.\n### Input:\n{\"EventID\": \"11\", \"Image\": \"C:\\\\Windows\\\\System32\\\\curl.exe\", \"TargetFilename\": \"C:\\\\Users\\\\Public\\\\Videos\\\\payload.exe\", \"UtcTime\": \"2025-12-24 23:15:00.000\"}\n### Response:\n{\"TTP_ID\": \"TXXXX\", \"Explanation\": \"Pending Human Labeling\"}", "valid_ttps": ["T1105"], "source_file": "apt_ingress_2025-12.json"}
{"text": "Below is an instruction that describes a task, paired with an input that provides further context. Write a response that appropriately completes the request.\n### Instruction:\nAnalyze the endpoint log, extract malicious features, and map to MITRE ATT&CK. You MUST output strictly in JSON containing 'TTP_ID' and 'Explanation'.\n### Input:\n{\"EventID\": \"10\", \"SourceImage\": \"C:\\\\Windows\\\\System32\\\\taskmgr.exe\", \"TargetImage\": \"C:\\\\Windows\\\\system32\\\\lsass.exe\", \"GrantedAccess\": \"0x1F0FFF\", \"UtcTime\": \"2026-02-18 14:22:11.000\"}\n### Response:\n{\"TTP_ID\": \"TXXXX\", \"Explanation\": \"Pending Human Labeling\"}", "valid_ttps": ["T1003.001", "T1003"], "source_file": "apt_lsass_dump_2026-02.json"}
{"text": "Below is an instruction that describes a task, paired with an input that provides further context. Write a response that appropriately completes the request.\n### Instruction:\nAnalyze the endpoint log, extract malicious features, and map to MITRE ATT&CK. You MUST output strictly in JSON containing 'TTP_ID' and 'Explanation'.\n### Input:\n{\"EventID\": \"1\", \"Image\": \"C:\\\\Program Files\\\\Google\\\\Chrome\\\\Application\\\\chrome.exe\", \"CommandLine\": \"\\\"C:\\\\Program Files\\\\Google\\\\Chrome\\\\Application\\\\chrome.exe\\\" --type=renderer\", \"UtcTime\": \"2026-04-05 09:10:05.000\"}\n### Response:\n{\"TTP_ID\": \"TXXXX\", \"Explanation\": \"Pending Human Labeling\"}", "valid_ttps": ["Unknown Threat"], "source_file": "normal_chrome_bg_2026-04.json"}