wazuh-alerts-4.x-2024.12.10,osfjsJMBnOFSf1lyUERn,1,1,192.168.117.136,window-agent3,3,Maryam, , , ,11,0x8000000000000000,{5770385F-C22A-43E0-BF4C-06F5698FFBD9},4,Microsoft-Windows-Sysmon/Operational,0,"""File created:
RuleName: technique_id=T1574.010,technique_name=Services File Permissions Weakness
UtcTime: 2024-12-10 14:05:03.481
ProcessGuid: {15959494-4A8E-6758-016F-000000001E00}
ProcessId: 17688
Image: C:\Windows\system32\wuauclt.exe
TargetFilename: C:\Windows\SoftwareDistribution\Download\7588f06b0017936893382a55fe90af5c\Metadata\WinREAgent.dll
CreationUtcTime: 2024-11-07 16:57:10.000
User: NT AUTHORITY\SYSTEM""",2,2024-12-10T14:05:03.491456300Z,320657,3168,DESKTOP-QGB4EQH,11,2352,INFORMATION,Microsoft-Windows-Sysmon,8,FALSE,6,Executable dropped in Windows root folder,"[""sysmon"",""sysmon_eid11_detections"",""windows""]",92217,windows_eventchannel,log,"Dec 10, 2024 @ 14:05:05.330",EventChannel,1733839505,"Dec 10, 2024 @ 14:05:05.330", , , , , , ,C:\\Windows\\system32\\wuauclt.exe, , , , , , ,{15959494-4A8E-6758-016F-000000001E00},17688,05:03.5, ,"technique_id=T1574.010,technique_name=Services File Permissions Weakness", , ,NT AUTHORITY\\SYSTEM,"[""Lateral Tool Transfer""]","[""T1570""]","[""Lateral Movement""]", ,C:\\Windows\\SoftwareDistribution\\Download\\7588f06b0017936893382a55fe90af5c\\Metadata\\WinREAgent.dll,57:10.0, , , , , , , , , , , , , , , , , , , , , , , , , , , , , , , , , , , , , , , , , , , , , , , , , , , , , , , , , , , , , , , , , , , , , , , , , , , , , , , , , , , , , , , , , , , , , , , , , , , , , , , , , , , , , , , , , , , , , , , , , , , , , 
wazuh-alerts-4.x-2024.12.10,icfVsJMBnOFSf1lyfUQ6,1,1,192.168.117.136,window-agent3,3,Maryam, , , ,7,0x8000000000000000,{5770385F-C22A-43E0-BF4C-06F5698FFBD9},4,Microsoft-Windows-Sysmon/Operational,0,"""Image loaded:
RuleName: technique_id=T1053,technique_name=Scheduled Task
UtcTime: 2024-12-10 13:49:53.288
ProcessGuid: {15959494-4701-6758-F46E-000000001E00}
ProcessId: 3092
Image: C:\Windows\System32\MusNotification.exe
ImageLoaded: C:\Windows\System32\taskschd.dll
FileVersion: 10.0.17134.1 (WinBuild.160101.0800)
Description: Task Scheduler COM API
Product: Microsoft® Windows® Operating System
Company: Microsoft Corporation
OriginalFileName: taskschd.dll
Hashes: SHA1=47221E645D323256A4B0B12B09891E30789EFECC,MD5=46EBDA1D65D32F2D329B8051D039F801,SHA256=52E960EDCCAEF5BB2BCD16627F3FB51BF43D1E97B4BD29D86A72172D0BF1022E,IMPHASH=88AA0B6E4721D06B33225AE5D36F7D6F
Signed: true
Signature: Microsoft Windows
SignatureStatus: Valid
User: NT AUTHORITY\SYSTEM""",3,2024-12-10T13:49:53.291812300Z,320450,3168,DESKTOP-QGB4EQH,7,2352,INFORMATION,Microsoft-Windows-Sysmon,2,FALSE,4,Process loaded taskschd.dll module. May be used to create delayed malware execution,"[""sysmon"",""sysmon_eid7_detections"",""windows""]",92154,windows_eventchannel,log,"Dec 10, 2024 @ 13:49:55.197",EventChannel,1733838595,"Dec 10, 2024 @ 13:49:55.197", , , , , ,taskschd.dll,C:\\Windows\\System32\\MusNotification.exe,Microsoft® Windows® Operating System,Microsoft Windows,C:\\Windows\\System32\\taskschd.dll,Task Scheduler COM API,TRUE,Valid,{15959494-4701-6758-F46E-000000001E00},3092,49:53.3,"SHA1=47221E645D323256A4B0B12B09891E30789EFECC,MD5=46EBDA1D65D32F2D329B8051D039F801,SHA256=52E960EDCCAEF5BB2BCD16627F3FB51BF43D1E97B4BD29D86A72172D0BF1022E,IMPHASH=88AA0B6E4721D06B33225AE5D36F7D6F","technique_id=T1053,technique_name=Scheduled Task",Microsoft Corporation,10.0.17134.1 (WinBuild.160101.0800),NT AUTHORITY\\SYSTEM,"[""Scheduled Task""]","[""T1053.005""]","[""Execution"",""Persistence"",""Privilege Escalation""]", , , , , , , , , , , , , , , , , , , , , , , , , , , , , , , , , , , , , , , , , , , , , , , , , , , , , , , , , , , , , , , , , , , , , , , , , , , , , , , , , , , , , , , , , , , , , , , , , , , , , , , , , , , , , , , , , , , , , , , , , , , , , , , , 
wazuh-alerts-4.x-2024.12.10,r8frsJMBnOFSf1ly90Ra,1,1,192.168.117.136,window-agent3,3,Maryam, , , ,7023,0x8080000000000000,{555908d1-a6d7-4695-8e1e-26931d2012f4},2,System,0,"""The Update Orchestrator Service service terminated with the following error: 
This operation returned because the timeout period expired.""",0,2024-12-10T14:14:26.466097900Z,4721,9424,DESKTOP-QGB4EQH,0,648,ERROR,Service Control Manager,2,FALSE,5,Windows System error event,"[""windows"",""windows_system"",""system_error""]",61102,windows_eventchannel,log,"Dec 10, 2024 @ 14:14:28.402",EventChannel,1733840068,"Dec 10, 2024 @ 14:14:28.402", ,550073006F005300760063000000,Service Control Manager,"[""IV_35.7.d""]","[""4.3""]", , , , , , , , , , , , , , , , , , , ,Update Orchestrator Service, , , , ,%%2147549471, , , , , , , , , , , , , , , , , , , , , , , , , , , , , , , , , , , , , , , , , , , , , , , , , , , , , , , , , , , , , , , , , , , , , , , , , , , , , , , , , , , , , , , , , , , , , , , , , , , , , , , , , , , , , , , , , , , , , , , , , , 
wazuh-alerts-4.x-2024.12.10,isfWsJMBnOFSf1ly8ERN,1,1,192.168.117.136,window-agent3,3,Maryam,128,02000000C0A87502000000000000000000000000000000000000000000000000000000000000000000000000000000000000000000000000000000000000000000000000000000000000000000000000000000000000000000000000000000000000000000000000000000000000000000000000000000000000000000000000,wpad,1014,0x4000000010000000,{1C95126E-7EEA-49A9-A3FE-A378B03DDB4D},3,System,0,"""Name resolution for the name wpad timed out after none of the configured DNS servers responded.""",0,2024-12-10T13:51:32.942780000Z,4708,11360,DESKTOP-QGB4EQH,1014,1304,WARNING,Microsoft-Windows-DNS-Client,3,FALSE,5,Name resolution for the name wpad timed out,"[""windows"",""windows_system""]",61109,windows_eventchannel,log,"Dec 10, 2024 @ 13:51:34.885",EventChannel,1733838694,"Dec 10, 2024 @ 13:51:34.885", , , , , , , , , , , , , , , , , , , , , , , , , , , , , , , , , , , , , , , , , , , , , , , , , , , , , , , , , , , , , , , , , , , , , , , , , , , , , , , , , , , , , , , , , , , , , , , , , , , , , , , , , , , , , , , , , , , , , , , , , , , , , , , , , , , , , , , , , , , , , , , , , , , , , , , , 
wazuh-alerts-4.x-2024.12.10,2cf6sJMBnOFSf1lyKERT,1,1,192.168.117.129,agent1,4,Maryam, , , ,1014,0x80000000000000,{E23B33B0-C8C9-472C-A5F9-F2BDFEA0F156},2,Application,0,"""Acquisition of End User License failed. hr=0x80072EE7
Sku Id=4de7cb65-cdf1-4de9-8ae8-e3cce27b9f2c""",0,2024-12-10T14:29:51.909902600Z,6378,0,DESKTOP-B37GATP,0,0,ERROR,Microsoft-Windows-Security-SPP,11,FALSE,9,Windows application error event.,"[""windows"",""windows_application"",""system_error""]",60602,windows_eventchannel,log,"Dec 10, 2024 @ 14:29:59.804",EventChannel,1733840999,"Dec 10, 2024 @ 14:29:59.804","hr=0x80072EE7, 4de7cb65-cdf1-4de9-8ae8-e3cce27b9f2c", ,Software Protection Platform Service,"[""IV_35.7.d""]","[""4.3""]", , , , , , , , , , , , , , , , , , , , , , , , , , , , , , , , , , , , , , , , , , , , , , , , , , , , , , , , , , , , , , , , , , , , , , , , , , , , , , , , , , , , , , , , , , , , , , , , , , , , , , , , , , , , , , , , , , , , , , , , , , , , , , , , , , , , , , , , , , , , , , , , , , , 
wazuh-alerts-4.x-2024.12.10,3Mf6sJMBnOFSf1lyKERT,1,1,192.168.117.129,agent1,4,Maryam, , , ,8198,0x80000000000000,{E23B33B0-C8C9-472C-A5F9-F2BDFEA0F156},2,Application,0,"""License Activation (slui.exe) failed with the following error code:
hr=0x80072EE7
Command-line arguments:
RuleId=31e71c49-8da7-4a2f-ad92-45d98a1c79ba;Action=AutoActivate;AppId=55c92734-d682-4d71-983e-d6ec3f16059f;SkuId=4de7cb65-cdf1-4de9-8ae8-e3cce27b9f2c;NotificationInterval=1440;Trigger=NetworkAvailable""",0,2024-12-10T14:29:52.440847900Z,6387,0,DESKTOP-B37GATP,0,0,ERROR,Microsoft-Windows-Security-SPP,5,FALSE,5,License activation (slui.exe) failed.,"[""windows"",""windows_application""]",60646,windows_eventchannel,log,"Dec 10, 2024 @ 14:29:59.808",EventChannel,1733840999,"Dec 10, 2024 @ 14:29:59.808","hr=0x80072EE7, RuleId=31e71c49-8da7-4a2f-ad92-45d98a1c79ba;Action=AutoActivate;AppId=55c92734-d682-4d71-983e-d6ec3f16059f;SkuId=4de7cb65-cdf1-4de9-8ae8-e3cce27b9f2c;NotificationInterval=1440;Trigger=NetworkAvailable", ,Software Protection Platform Service, , , , , , , , , , , , , , , , , , , , , , , , , , , , , , , , , , , , , , , , , , , , , , , , , , , , , , , , , , , , , , , , , , , , , , , , , , , , , , , , , , , , , , , , , , , , , , , , , , , , , , , , , , , , , , , , , , , , , , , , , , , , , , , , , , , , , , , , , , , , , , , , , , , , , 
wazuh-alerts-4.x-2024.12.10,3cf6sJMBnOFSf1lyKERT,1,1,192.168.117.129,agent1,4,Maryam, , , ,8200,0x80000000000000,{E23B33B0-C8C9-472C-A5F9-F2BDFEA0F156},2,Application,0,"""License acquisition failure details. 
hr=0x80072EE7""",0,2024-12-10T14:29:51.816040900Z,6375,0,DESKTOP-B37GATP,0,0,ERROR,Microsoft-Windows-Security-SPP,14,FALSE,9,Windows application error event.,"[""windows"",""windows_application"",""system_error""]",60602,windows_eventchannel,log,"Dec 10, 2024 @ 14:29:59.806",EventChannel,1733840999,"Dec 10, 2024 @ 14:29:59.806","hr=0x80072EE7, 00010001(0x00000000, 17:59:51:800 - https://activation-v2.sls.microsoft.com/SLActivateProduct/SLActivateProduct.asmx?configextension=Retail)  00020001(0x00000000, 17:59:51:800)  00030001(0x00000000, 17:59:51:800 - https://activation-v2.sls.microsoft.com)  00030002(0x00000000, 17:59:51:800 - 0)  00040001(0x00000000, 17:59:51:800 - https://activation-v2.sls.microsoft.com)  00040002(0x00000000, 17:59:51:800 - 1, &lt;NULL&gt;, &lt;NULL&gt;, &lt;NULL&gt;)  00050002(0x80072F94, 17:59:51:816 - 0, 1)  00040006(0x00000001, 17:59:51:816 - 0, https://activation-v2.sls.microsoft.com, &lt;N/A&gt;, &lt;N/A&gt;)  00020005(0x00000000, 17:59:51:816 - 0)  00020008(0x80072EE7, 17:59:51:816 - SOAPAction: \""http://microsoft.com/SL/ProductActivationService/IssueToken\""  Content-Type: text/xml; charset=utf-8  , &lt;soap:Envelope xmlns:soap=\""http://schemas.xmlsoap.org/soap/envelope/\"" xmlns:xsi=\""http://www.w3.org/2001/XMLSchema-instance\"" xmlns:xsd=\""http://www.w3.org/2001/XMLSchema\"" xmlns:soapenc=\""http://schemas.xmlsoap.org/soap/encoding/\""&gt;&lt;soap:Body&gt;&lt;RequestSecurityToken xmlns=\""http://schemas.xmlsoap.org/ws/2004/04/security/trust\""&gt;&lt;TokenType&gt;ProductActivation&lt;/TokenType&gt;&lt;RequestType&gt;http://schemas.xmlsoap.org/ws/2004/04/security/trust/Issue&lt;/RequestType&gt;&lt;UseKey&gt;&lt;Values xmlns:q1=\""http://schemas.xmlsoap.org/ws/2004/04/security/trust\"" soapenc:arrayType=\""q1:TokenEntry[1]\""&gt;&lt;TokenEntry&gt;&lt;Name&gt;PublishLicense&lt;/Name&gt;&lt;Value&gt;0ZexqhiHT5wq7I+sEkMbpxK0Nf9GPdEBTLBxZODYYPhqFQOWxLQxEjj15B1/hHT+XiDLZKhClZl32E9HbnIytpWDQqkNeCMJd7qVW7fgYsaByr1QO5M55fbTqJUg/3aLjucpYLA28rmZOiHEOYViWNLeiW5qSkCW1LEwfwFlOt33uNCH9+oUBWgnwys9UF+mA5gnYbRlOcDvo3+U9o1MXsifMMegveNWPFNNpfRatyzhs0qVR9vDBlVtYrgieLdmOG3pyMh7dx9rc5R6len6GSHqhh1/xexAzKz+ECuirzy7Uv2SXrJHimQ+QdjuZNDi9//Isq2ruAqX4Bv3TeQ9Sb+xmUoo8OmrO1+A+B0nAy5HfefoYp6bWHFLmQkBIG9lc9F/wVbQaRUt0tRoiN9PV69BfmiTvLx72T75ot3GGyTPTnelRtA+gSAF2QlWVw4i7T0pvDUFhAIdaziJBnCfQRg4GM4QT3ZuGopRgQqZwGo7uSw9FQKKTG0iBHedChpRyXQEuTg4cNo55zH/qfbswrdVFqLgbYgyKIb5e4rECH7uBcJGR8y26/gWmLFtpSCFfcbGYLYzLSrfa4qLOCVeMpIIa+9UNDHagBaOsvhIzq8nFFZMjp/uDmN5fbwHaObLKmc4w/CcIrIHOBC1Cu/3p+CqkFiNFWzj8ArbWRkbqaW3EW3ghxhAV93oq8JTHUaDC5O6TCmCoNijZD9CCtW1gXgB8DQ6R1g7GaSJLx8yNxoVw3Rt/J9RC5OWkbjTTT+/kcyfI4ht1AUstcQ94m7COOOWqIsjW6eJYuCasPuUpwQiVcofD5MS12JETKUgfK73wzWkrczPnJkU4fUsxCsPm2sRed4krO90GWjsBbkI3lpwlKSBde2EuzhTPhdq6Gh8NcZr6xnEejumMZw/0/7JC5T1F+K6TgPf1JXaA3/8WKHdn0MlxViWWZkPw1ZjLaMOc1G7QK2yaYiTO3WadqW7eHee2pnXzd1EcWBzPnrhE3EUGTW/dwrTa2GGX33lzg7HFlutvtw0tMqV5oXV4dqHPYiQRtJEr6Nud1ULsVhuqDFRq6qSfrWz+Pw/7XU47tCZtXI5ErBgu3wNZS/x6UvquPYW1iHnJUIoU5Gr7d5lFQmhp5naZLFGHtIIpey4FX0TT+CowXwqaONEGHMc0P3LyPqCfzH8oMYUHuolEYZwWfN4X6U49ePuHT5FTv5SMxzk6MD9fFmZYIAc7AfDdwapFg/Gpc8CnWbuyJzsdeCHeAXLOIOHiGUN0ErZztUKCJ61a52aUYciFAX3jkue6ilna9eVBGNeFraCNo0tzUE68PR4rz1SUX08hXODVohMI+elUXJv6VpBdFeNDu2OTWWASc3QmiduOSlkGVDSg9c+xLhePfSBT6NV3c8UI3wuONyxb2tzXVQfkNks1AGTdBAJCMiSStm75BOV29JnhnOF9TbIGid3p4YOdbqvH0A8Mu2g+T5qLopuIsQPPy+QvmhJWJvjvrTm4GFjmOHZwo3P0rRVpF+qJ4nPV2hEp84UsAyHibgvtiSaOtOGQWCMFiw27XUTMen1lzdeRiM/5STmfVRKHDmBpvE7e2C7st3zPA8Mo3PEyPA/xro5aKm8B5ECONFofjpzk4pUR67PssGjXCRvpP1VMSyWFd+zATanXBAs/TS+fScgbuOBbIgI/ThcuevQ95SVcspdS394OfLBPnvZ8F2Kif7ykaTaMMHkjIMTGkcwQBfEAauWMyGyOpTz1MI8ke5bEeVWXw4s5lgYSdc5kG1hC8FLgYhy9SfxvsHhP3lxut3UBtg0lPZDQexEffeq/jW7C3Ad6qt1He1L2o3Qdwesg2l4yU+cG+eF1GieIqE5wXVca3j4lK1Ckf0iuFxh2X5Z6xcDVMIP9BoTTTeFo7w5n9PSoIEdiXeTLAXlohO7MNaOasFHYtZmd1KPc+plDO43u69LP+o5mcFR4rhSI3vH3KKPad8oImJedSulLnC3zWengjyG5S60GDv1o3FMA/w/ggejbPkheYHF6KEPIH4IlnELGjn/QW8AZ0p9uK0bxr3L/A2Oi0eUcYDZ9h0y+p1HwSO5EWuM9KYiwNOc492APqPeMteKWiO5ap54hy7pzoGZ+XmPXUgFKvkWkEX9qy5FApns3z0rhXsTdPI81JIZAWFHujeQhMXMpbwANRjF/tVf+6yL7QrcewhqcvvHIOPgVYcj4giJd4HkfpMRTuu54SkTcHU3uXuNz3t6yFfrgysr+n4JfMjvFiyxKsEDzTq7g9Hf9jn+dh3EnOZcI2IL0921wjIV112E2tI5aD4fcmcBW3xCavhBgk+xO7im2FblKMxpOYlhN9/E2jeOztKKPcyVf9N4ZoIFsFS6Uom8PisIG1MuAUoEevvj4+sL6tFl3R1sn5kFb0dVkOvymPommyKdi4XgJGuzy61rH0Qa9oGur6fHsHk4RsHZjZ5N3NvAKCtwrlTtDaBfJxUMBM+0rsFZypfWnOYiLnEkpcCARwcKq1FRPA9TYywoAusnlEyxZwfOEoesp7M/bedBo1trJKZwoC2uMLv+ZtQpRZaXe87/31laSndH9tUP1khSUb3iNb7M6IRNp0vnND7hx4QBVYdU7cATod0T73qD0BJs8DzJnITa0c+BkxLRt70JwRseKPxMUIpTWbBD137GxSx2gxmmpp8x/Wcy7YGUtwp/zhF6f7OYJ344kFeO0TrxdI/YbMXNY7F7OUhe5k/pwv7yWTD8xryO2XKXKuZ8tA2engSvJMxfsEFKydR5K+KzdfwlnH/nj+tE/KlQhw+34YcgfjfmXzd74WMpHcNfVH/37IVaXoG2E06IBuTJjO4yoXRYIIIfdwxKkQri9V/XuYTix8Vt0ccayA7U44Rc+ZLqTR4QMq11LuxIZ0Y9meyaOFJkhQnjPTs6Mh1jwHE9ydJwFox6U/MPU7Ob8q5agutaqm6aOsj77WWUqwKYxwI745QD4fuTvCzAw1jG82ZI5GLgCLEeSXID9ojwN8REvEY2MftNfWjPFtMU0QV4/X4FmYvvTV0SpD6K/c+0tN0VDEvc16nIWSO+03ej+Xs7hQsD/w3lcBZ4YtGGqjqcS1c+6oWULJBEM3cbpoXZAvJ6811K7EjP0KNOe3HKMWn6vZgufHOKcy34/VvOT+D2qAQGW6KTsxoTBtneoPGT5H7zJg4wyn7KLwsX0YuOMpYUfuGxTLtKRY9w7TsXzlZc1gwaodcnVO3Tv3WSc8wSv0TRRV9sfnRC65Ss/neVhJGkTcGVWImbzD6zkJEBaEbduZoicgXJRCT6eMs14sMdIj3lPmti/ex0RAEIu1/7UxkKWLbYRxDSHVU/ZEmwqIpcb/oUXpKoc3j6LkqD7qAXi3fb7OzzFiA6Q3AGxmhVbgmf4440ebh9Et5Jzop/37vXJ1YGoxvSZAm704M7FWtVEisqanSoLvDJnlnKOi152I2gs5TZMByHilkRKg7mcQY85/V7n02LFlHtItUZsunQUC9ohkTI1iigBKseFIC36NHxg5WvrfbOx7SFy60AIKR/SDkCQCV61KgoCh6mejvOdPxALB4C77Px/juKAul3eQpdf/hCluL/+WGXwg/fjGgyXbyDjLX7EGWHkomXr5jL1F04hY2xO5866MmODj0gN7+Re2S0CRY0tfA+yn9q1CSIeamerTLboXs5nTZgLmazLcHLigkszOCgz7ilP90zNaG+ANlApUAGNvV1WOuhiLJovbDnna4RBFnpGJY5C1uIe+6YHPMrPMq1z5GqnaalPXo8t61Sh9oi7oU9fFKtvsu+C8shmhfqFVPMqZje5hUiVpWKG1MUx9/x8Kk+Wi9Im9x9nwayXSCQmXnT76A/XiC9+ManVw9S4ePanr9Qrkv95iUO7Motcs8rFb4EuSUnz5nUZsyYh0BLn3FCCdW3KiuRjMfuuNrfj3fYlUzaexrrC21pnexuFYTs7FAevOhSh/YMZU6WxATDZeXRJGnW7tUZPgKqwVjHsuUBNwgskv1ENqj2J3m/odldhtLqZ5W/7gg3I56UfYBhLdxtMncZ4NhGRymNW8mZrO5Nz+K2IoDmWAyXAliAh1KQq8PIsEW2+LrQJw2TOE9dfdyRri7GFvgnae6kSeq76BQqs1V3npOlJGIP0dB/mgFft2ugj4jheSMOGPqzZBlwTLSmfbpKIlM54S0NTe8GjS8fU/Xowa4d3Dg/lKtg/qK5RBtdybsmEw6UFcyGfFpAZLpxNj1MzwjPSMDaq8qFuPzoBXxKSOhFpcLT422h1cwCZOfoAcJaHHav+yPuzJlC5FY63RZn6rh7sCgYr6P1gPuT3YpXtXnPrcvFDhwVbNZpi2SIC9V3Atzb1GkTfOCAbf/zhBboBaDhv/Xo6JpMiB6rLsQBW3rukl542HR/AcsSILNnEKN4HeJWH5iY4h5DAVLoHRILYwcFa+7OyzLZO7Aig8IMYZZ8vnRgQcVPVYo/C5UDBu12fk4idYx+tijRGHsmIc0mTZORwgsrkQ1iy5QucIaLLfX8SAM2JSu8NPdGbIkBJxMrjFDfcZFKu6VqtjF+KsUlBEONPb34Swr+tb0z3y+yGPrf8w0w/sKoPzR81Br7t0gyfVacytdDjvORV+xAK8sujpNfWaqXaPEzsAZJ7VEUDULtzV4aNhg5gjYH6T5qWExXYwSSd+ZfS2KH+uthuq/v4nDBVC5psR9uFD4l0aPXdEwbeJuIbsGCFgSCsafihROC0Cwd8R5QeV7qijOmLHPMWe6sk8UW8MDxhkwH9aNIoW2FVxjeUnMZBOrvCNAiuzqXalOmRRFFRsQziTF+3gMXULIG9btp4tvBSV+PFpjZYgZMLHOQrqjWLwbKYrNcjhbQY7UuqAwiNiA2x8PKaTnsiEbCpDL1JRgKgQgN4tQ4vhGshUCjcJ2aKcAZRt1qZi9JsYOOnmgINggjBDkuAHEc6da+9JM2y9HzcK5ijSbuY4hjMw/L+k9hg2eDftoOlfkRclwXuhd+CEMaYihDw2Hr2Vr0WXa+lIJLue+buGnmNKepqoxaNljUIJj8iySiVeq+g0VrijIWMn8QuffLMckn9h1K9VoE+aUXHN+OQlJJx8nOL9itOTK88m+betuXM3UYxgO3Eyz2fbC1OSSCpsHwIc1u7z481ohOzKJ02GGq9YjSk4j7EiDeQCZpURVNJZ/Aby74D0H/X9lyrTWPrs0IheqhrTtt0OmOLSETqQ9mShgQCqta58yLHtxM9VwABCR1ngtZFDrxbp5E1BiUIhGr8b0E9tMfPdDp4lFXWanvCHGf0MiicKohQ+CAQlXSaH0P33tNY8RTYlaCD291IqgPc29s0l1J0Icbm2hB6cVbx3hudBmmv6poFm+/agE5KRW87rnWAyfpNuybwjBe7vNdcKh/X0yNFHASkqN5UoYJS+qZsvekE7yGAbG4OCzAJxN7r2IpYzbhzQCvRvDfh5humBT7xFtU1NPYYI12smspsoAgr6C9h0uIw5g5eBIl30IAClzJVVl4VsBvOLgw8HeOvrBP7B9vd+egQBbNLXms/O+F7rldXZCzNSDBGhPgjWv7wBj7GlKmTUch0X5WvSmO25+BZUw+d9MLio3dfJHTVxn0vKYmfRRY+90V8udJ04bT1GFIq7IqljIPRnEeQxi8AKVrzBBkUXecTtwUgdb/IfR2WsTd2KZmpYpaBt+daxRHB04F7DHsl/vN4oPIwKeksWAMc8p5AHPjENI1DU/3+4gwidDkGlbPpvVk1389qISHbm4GZzvO7T1Jww48kFL0d1ZoMHPdAaemvl5VuB1TmU0Sd4r5/e0vW3rxpRbtl3PwtH6v/D9rpOpYW9TLDwkyMFnZYUR3DAHjKxOQS0vcHTFpe/RzeD1EuP3H+u+j7TS0PxUelTXEGuRqaGVWsNl1AKT9uOt1Jj53M4QghcgfDldOASXCryrJDXRipztgLDpiwxAEKaVzdQA8wvLiv0L09cBf8mXjfHQJkvPSW4ugIu2mS9cdj/WnRG8rWoloEev7QjrfKaauVmSDPj1rxjJYiPhhkQA+Uy7eK4/mn7sKZfnAIB9prQapOG4sTjKSG080NfDVIkBtTAYdTeW5rcSlntxS0qN6NC64jl3IbjPsAN/0VN/I3gzVNMPk+PZZyd6Hm4a0s5KYiGuGH6fvyKsYxysutexwyijDWperORoPU4p9AP1cOWMehLy1Rv8NmI+P9eg7yGRrdsTpnsrPX2zdnFLPOkj+4Cay5dn8URAlrfTR6YPZtZ203cXut3r0+KPYOGn392HvuJ5IvqH0EIMZut7JY7NMmA+DcckmS/lzAGBxKDyvmQfqg2XanLDqRJPM3bbyAtnFbmoryjE7+VvQuD3Jli5H+99WL98oQN94DEh1IcvNq2eFurVkU5prZnXqviFNGRY5VRfMfDupcdOUcJpQOv2e6dfOTtoTlmZL2HpRjruvYj003uepd872J25Jhxpc5H+pGafd1GOzdfDxku68rQXo3y5Q23Aa4NfD8yqFH65Lg3J5myY3o5x5WuMFitLrMLLCrJwe0J0/bV7b0FbvgDW0EcoBs3LzVZXdhE/ox4h+w45dVQAIFwmDMbLG8uWryAD19xeV11AVyIn405aEeDy3phwK9dw/Co6xZzKk9D1ae3CcXJfMHfPaL7yRm3VHVVuHd1tdJPFoSYOtvd9/R/75aBZ40udoyBqhVfLBxrHTsbhA7wfOWcGsDIi01y0RGKzhcPekzTXXJaaHHuawU+jz3BkoatcN76Pk4salNVlch5rE+HMuhU/+x1/X+uMwFRk6qlUzFF7KKPRwrgkJtmANndPENA7oxaeRBHgljYbNiX1+PqdF78yySj3DZr63BkEgkPw9UH+COsyhpOyhpYZEMl7cVMCZZYCS0iYnfzjLvbS9Dnbs9Tuqho+9UJXLVCKvsuUSrESNr/jZcaRFNIpCbSTpBb5+JGbXu7/uRF+n0Xe9TmoHkLa/t2F92sRqsTxqh0D7QCb4qWqR7t6LrfWbsfEJ5RH8z5ufGHzapsJ7Osm+rxacL3ebNq6sTQQh8lLf8ZvyfJs+31GCkN6dno77LgCsl0XO+HAtdMQ6O5nsTMKQDFBtZwwbo2WsVRVGyHYvAEYVdBLO/TDXv1cE5CylB004o0xsBU/PSENPBqnv/1o2og7IcNGqBTDNYzcAPNTUHvuKnZp0NE0z8hlEGbgnSxQSw94O7qNEdqFa++fuOAqw5/akX/9OJzILrz/ziJIo7TFBw3IeZ/EMn26FL3XpJlJHWKYteHX07ek25DsXWCbu1u4D1ABfVSDcTs8V8DegDu8uipzKg54T7OPwk/d4XdamE+e9CPgFTWtwFHFzxgTpNfUqA8mDJJ1NdwiB5/pGbmT4H/GqFLpReNWGzGyfKqvajOK+JbxjJoII16K4I68BhE6BHYXZietlcBPEcZIozXMq/jlDO9ckITZ1ElgGUQiuE1CFfED+LBtDhSw4xDjKdYf4K/ncKG9UlLJI2MVLWYd+8WcynU5FQTedUZXPHzEmQ+YKCiVNZGifxV7qvyl3qryeVhXFtvKgAh+OV8j0Dhvl6s0/OZ+FLTmAwEs3W8SbmS8q5PSEDCmxjYQ5HY0wBkowTPm9xLue4GVZG2xTXbqA/cn7Gln00sy0huXGHBYCN0WQs9eCxFp5AV5Yc2VvQnIveh2QdqD6a4M+HyRymN2nzUSAPWBNmjOuAlvum/5sVxdNES0Is16sbAoxLqVum1nE3q9l1kBHqx9SjO7/Gj+9viX0IHHiM3/MqYoVAfgUvdQRxMm0uW1fnKg3+biXVEF3YZAHiTdCSPyaGnANTtwBMyoRecNkgrCzbcLilliX2qUrGXkhylW341V74hctw16KM8GlYF2IQvXYYlqvYvMriOblFtf0E9QyR2w/2FTQ4nc52qh6S6xJ59m15yL8bCBWo7WFtEHbtrOFA0HOaeLmYotMtIGSaJLZLkhxa4xSNNRjz1Lbq1ZQZV7VdwdHM2wWx7FlhOBm8dAWwq/kQc0k9KFBisEEreQ45aiyz71j+1gS4F4Rc7wm7wwy44buuAt4hEt700y++xYt93Bh/o0Dt+cPDvo+3WZ9cZY8xUJ1noFexdju7aW5v5wR+UZhJQXyqZya1cNar+NaDVWjLm7DnhP46foDV3lTPNaqoRIX1TUwY/JsRwoL5JozC69nhl3NKqQwsQiNkxMluajkwADJsvZyr/0L4NHrj7NpphOTWn3pJHJ0xjQGMVj4stisW2I10HVmi4Y1DfE3FYkk4TimEe6M42sW9da43ioSIkqbPO/Fm48nYVbMHUJU8FcQAAN1qFaCxveER1V371c1BCQ0AYOicpJfj4P7TBdfjDrUXE5KqEbAeuyicRv1lxNq+KoGxmOXf2onwn2sGEaPcg5TK2UtU/hPvvT4HnqxthtP1RQHrGYChjPa2xFfUCveTU9hfuiqGf5JA6pURJrpduwD2sEzKlh+XwtdLciAQ2Hsr6yp2g0seLQsHrpRZRV+xNil1yiEn3W4gvvlN8t8PUoiTtD0SIVM0Bvui4Mh2ooRXSJHmBrUDdS1LSTkLYOKxbwkvHmlX2mkeHewfjmsxwQKSOmTwb2SXImLmDPF0RnsBDVCtcmPDUFCGBu+vXHpOpt5oBRnKRAQUzJKHKxg8fEj+DpHOj4Ipr79bgr2c3Mq4ayHMqh7lm20lM4C3Eu0cfjq19C5mJMIslCh6gPvX8L6tkpSvlt+ihnV6PKVRrUOGbu1AQigkSJ9E4kJavxC91Um//8drM6Oft1UcEjexDGiTrF5soBJdN+epNPtpKvYt0n0LmtH8ISUOY0NcgKyklvL3Tk6OdjQ2tyPOmy7QyXBFa6gpfCdHJsfBFrz8KVZ983kqAOkB5bcuwMZj1uQZjlhWxXxbw9M95CmaarAJeW8vYoslqDL+zNdT1+4HEZMhNjgg6B4i6ogKFOeSn5SA5dXgXCqGBQ+q8xo2QrS/066Ep6JMhjAFF4NFqJNsSg9sKETn6sOaLlDlfjQI0+FF6OleTeO0X9XsG5fWse1M4Jx1+wC50uyVzkLCsiCbLP2atfFsFshQnGx8n9S2l010K+NNUSYo9ovgfNNIj8amG9atqbXp5OqtjlgAbtL8bVPYJ3lwl+gG/0ymHRAO4bIbzYBWEPnPGgUELigzVyS9aelPCrTAUNrkdCtiJ+uqZsvStRoU98LFcuXEbuDCiiJ5phQi6iBiyRItg4ZpL77aE0tBpF5/5eFNnoEDv9VEhax+gCpNkizEcXByb+f/2xqP/N6mIa2zjIzIfzwDPkJGN49wRh2ApJRPWbi3xtDzCWdcYZD/dk1xl1dS71Op6oGXdzKGeFlhj+GgrugGAntRCocECnLndZB553W9l/IW+yngpzU6zOP04oR5vfq2TCAmWBVbaN9b76LbUK5XVq5DPBWSDVLccu1wNKZOaVMzqW8Dr/rwVCEF2iVKNsSYzPlZAiSfD82ihr8naaiOY5MA2I9Ruhk3+jwi1XN/1TQ2p6OXwmCb54+DL3ru2IdQsZcb600w8yd+eEOpB1tsgJlxBnTP0dWXRkNNVIrXZFPbE1m55kM2nUKtm+UhW1fL8hxDaelMs3blmj2jfnv1bSdPXLf/aFdm1nt56eXgO31OZSoS94XagCo2mv2hbKyZN5YUSllddLBxya91m4qBLKyuZ/G3PRvyvPOLRaD/ctu18Dyj4W6GZI1Iadu2MZgssT1MAsizdb+4YvkAfTtsanLZfdt3IDC08XLonAFXHPepPATzkzPXdIY0Ma5N9tIBnytaGZzFzimnd6HULl2rrGmw83Yd/LjLrwuVOOsEHDaPBlJzDpmdRauOq9OU/QCKQIGmwC7gfSVA+HBLShvmg2EF6NLWZU0DOps6PWuw9QJccmgV6z68AslzFopDWZabEAT3VNP6/E2spMVh3rfUQwL/2iKmUJPcHcH22n93EJkcwnzjBQFzZFB/eMK0TVsXTN+YjZ7mFkMtHfHCqEGj7URLCP11WWoPdlrWfgvV4xFeTKk1ZLoaqN0TaorDn5rE/QdduJ/5M47h11TucM4d/1k6/7b3EkOZtbH9wGZ4ki4+cFwXmDDG8+D+qW63QnW7v3JUYCinBzjytUcz9U9ULfEa4372ZtgZQCy/WaZ0wy50e/8qxQDDjuQJX/kuHbbd8V5VfOVVb4nDo6w+b6Uma4+ZuH9sNaN7LwrV/1l0QhAmT/l4GPwJiOOu3jaHiOV1xxvKW92zpV94wX1dOOnDLs2r4G0LyR8qyxGYSkXma2b0VxLxPb42ZB99LvGCQinDSdbcO6LJWCAWim2t5Gbw54JjpDF4US5in90693zHbU9x7Ii2+0G5kbvk1JV3y7t4GeJwg3tYyAM4OzPj1QIvp5Nkb7H/GmGdVSDGN2EHsIbN5ZxRF0NmUSn9k6p/VMpfc1YcrjWru6HYNcblLbwMuRGJq2CAMA5AGbQ0raMRbBeaoMenWD2V4d3gCLumQFEP+f8uwUFozMpNRxlDiK80REUv4PIvnUaa4dcddAqc0LWOQwhz7ugA4fJGjfQjSLrVqHGsHt79MEsPgake2YlXKkLSvrEptbzlTAqLVwg03/WYaC+KlmZCxVPXxClGyEDk4RAZRafgpYvPSH1aN1o4XWHFLjV5VLrld/YtJdS3icWQez+hQtQ0v+R1q9fpIWydscINuvMnzOFQl4APujJXCJ/h1Rt++zNULIhIm+WULruDg+cfY/B3lttGg16T7kPRXctoaU5wAGuQHiz0Ysd0xp5znXWM/ka7/tNkGNi80BWiLDRV92bm5LpuIrQ5E/e46ZhR2cwE6INZjpFX0756P9FbWUIYdrixxNcZGlLLDrfSzG26KQpnRE+d6schWAM3d6DGSL5KKWAI/vstS+oDv2TTlexRdTs7Kw2cYhwuPnTITs50OfzfawiMo4CMfQOAPB7VRCe7NKhkATSDlYnbI3zQgTlOajA8fLwM150jGTHnI4bM/YD2C3LM0KHXP0EFT+bwVCD+dkHy8l7Jz0c08k4rpudvLWFI+y0rSAY9yThMhx1UtU4ird3yoRVAJYRdHkNs6C1O37zwOJo9S66za3FTnLSBmaoNI1uxdTovnHG8MYo/4eKbExs/6xrqvgjCi4Z43LTGQ+teWT9MU3a7jRAYYNsXp+mhxFvXTfVi4kcZl8t7ez3Pyoq8qEoYXH5OCPLrEl1Msyof4ySb1IVFCA9cqPhwGI4Ai7Sltns+D/sP11P3cDjoTNS4MQNl66r8x/LLEHbUW1j9ibTg8r3xclrooF4wc8b+BGGm5KFV1f6nTn4pwsAuJkGdHS8bdxjl2EsmXBRdo0yc2uaGZK/qdiimRYae8anWPSQsBwo90TTu99D24/k3S1epR3ktMuFYfcVy3yak8DnLHCqvVFiNfX21HYxDlLigJX0xvvs7GwwQl+SMQ7xTMleojhJPO1grTXX+zNtBPuhVHgjnq1b8TBZJP5A8yV9Usc0BNe42DwuiEUD3taWs5JZb4BCLaJ6cXsYEP/aQR25dSP4RcEVY52/qSpj+Yqq6j+IgSeIE3IDsK6LY39mnwOkCXhTL0+0IlCE8CicoUSWLqwJhy5fIBF3FtXTn3dXJvp6PpRHbydr8KU6dN9oxJblJsNCsY6MUzOIcXL+g39jCW0by8qh7hWQ57hJLn+DTWnk12qtBvoGq1f59bilmeOrZTDG9G/Q91UU1DtBsUaKvHKxoiFBzcs7oWZc2xKi5ihCh5mn9eP9pYHy2UFqFdzUFOC6PzZFJ4Yi1e9qebwLv7UMfKDxnemwOdmjRqGj96Y/0GIjZuwizHOFwNUQ+TwGb28vIU1kBXQwusRQMkHXwzS7U3iaXMxkMzcUfUGuKLQ903jnPKWqbvlUmsEK9BJ01aFcC1uc3vyBtXjvKCP5syVnn5sO4lhcNffleOcug2KAywn0cPRwu76mSS0oVKktcALlsLL4QiJ0MD7a3FMs60CPKkiBmuBADk4zeB6Oi3JqH3kbdCCidak7foaMc4d8BAsCB5ZWv1bRdt8ryxZCJ4XFl0nZYGJRsF4Ej935Xgo7eCe0TfeH+IPfn8NvVwXwmcZv0jCQY+A+05iYEr/HFJBy09hcuC4VjFjmHGpiqIqgqzihE7KupIG2exEfxEnrkBijdfw/Pral0aVm3yaZDmMUyLVwGA1FV5AOWdijPp2pwzhnRJ0p4z+aGxsbakCAiFTzszGIBbxclau+yKaP07eLFZVKbGRfTH10R5hT+SpGHJrzqmkCL4iYC03QXSR7yWUz4p+f5ufDu47U6KvMY+Pv9i9mDwwu9hwxoYbJR00PmTBEt8tK/UTDSXNwWDhj90JlDlGZibEDGvsHbyg60mvZ/MisH5kstlkObd4b8jzR5B+DeRBpD9JJYTrTwL+d086gJcQYBdT4cKFQQVh6ZCjDlHTgvuy6SZ9a0Sdl/LBy40UMvp9W37B21UgC0RYtB84YGltKBD7JFCJDGn5FpZdHRkMkepsFboCTRxjCisShcThsdT5P5zysLoM9s1IgcjpqT195vHBqE0L3Oy+WUvDR+DCb2pqbgO9GedeSdhIVNv6S0zLQq5emTqq4qIDgOmQNCGHoTERnk7iS3ZStuvN5iywuLYaUGL4u/ccV1G8PbFh2ceFZhgIrmu4tq2ZTk1KXcf4Y5NpocMfPfKIZ1LqiLhPxqM9DFkznjPyeG3zaIhsLyXABi2g1Vd4ftwC/oufnI005Et8uZfTuS7kuPRYxZPWTnNVrtknnOIbjBVC3BDadpyV9LaY+8glrZIPzb/Jf82+SphLru6YKtiJc/u3PR8knXJT19B+pm20ZIDFXrK8g9ne+7Z3/ViCFyaNRMj4hqIp2Hi6g+P8mdtfaKMdbJu5JkXBGQt4pYH5l5O13YGAM8yKSZXWROtVQBtCBxlZED9t+khmTH439aVHLwJjx6xr2ZTZ/WKLC/dwcdgJY1Qyowu92AFbgLTDE6kYlCxYM2vH1CSkIK3lt0TzkW0iJNnSwfmz5s3TUmZKMOZPTw3U7mC9TkxMIgBdjYgPfNnaHKbmV/6j5objBs8Q1S5hsSADelU6fxQAQXhNpvj/VNtr8JxqzB1kiEwgZZaug06wnuHVq2y4IiFdSUNymKRJdTVqwWF1wT9PEN/N3hAchbG/TeG/KJ4upVMPvBaagRWBurW4UBynNSpOE33Et0Nt2QBNyT7eJSt43krjAmbFn9+nMUY6cp55bm7OP/YJPvniUvqyMEwoaXVs6gRT70WDcRvvcjhspKCuwqcPV55zs5kL2A+u8YlpQLEaDyUjZEkROkoO6kdVug3xQ2jqLqXTNrQBZS0XXM3i0s+e2C7G78MwEOVUtJZrYfd7yjaNWcvHeNKttB7xGLp8wQpgBv25A1ICtDs8fESHlJ1HDOqwXGTECJII3j/v1NlJlOg22ZCmFGpVxR9vDgvShqo6SBlaHRNx/l9OUPKTucKN8bgQC+JzfoWxxDddjK7objQnYKGzk5a/2+pjgwLQJDBhStS2kUExbLyhYm7VP1mdNwpIks+WgcDOQOjGCX0sHSb23tVg4G3GinxrW766dZRJ+GKt6t/zLTdW6ui/tsM1XiA39VkOJrNhFsw8CboB3J3mVCbQqKd/kPrJQEhWYXHWW9iDkephk9nN/aw2ikHcjjXen2L6PW1JWqUSL6dBXnHmhg7KNYhdJV0CIvQXSBV0ntsINScsS7n2yje5shby/P6qEOE77dp4evbIBPQU9mjaNGIKNVKml3uFfZTsutyDCMfhq/N7iG5qLeZUxP2z6TJJi45cACQya3iNGURD7HamppI7CsjkZbjSI/L883YV6h7dfHcewzEbCfSPy+SVopSGOoMGin1TkYhgevAAaW3C12o1juC/4t0Ln+wd08CYAXd9TLw5B5QFtG0tdQgIPmD+llYumsfcFSz5PHDPUEVpC8ZW+MOGuaVeeUfZo5FdmTLiQjWwoAFRVSfK/FxZJeuCqFQk8lG4kW/RCvpd+91bSRhHpp/vbQT1P5U98yQ254JVLcQn9OB5aHXVYCMFGOdW+E2pGAOV1Qnhaiz85SALidDt31Z/0kiMgZd6l8OUKa5ZFKFm/SAYq2Rm6Ig1b5yNvgKa+TXh8HEF1qX1yNxnRzypC205JMuKgqhiiCz9r3yVwCi9j4Psih98NDMsSc6zBLmwWZ1hOyGsxAUQRQunkmnaDMuo8pFCv+PR4Dg1nb3a+PIF+FjzHBsdKxDAQo06saPh//B8cZRswM8HncAt2lqtLU1DeF1ABo57obP//pDi0xv60yHKGNyI+preL5vDBBySymIftmECbS6tRMEKcmUOkqz8fynILn5YoMkZCMmX/sxLnhH+RK8GAc+7osvy/DGWg2S/yJYdyKQXQ8HMVK6biUVkcbx1K011KXhLeVIqRZfLPPVoMJ7leeDKLlH3p8vFlaP2ujBqtVjUL71TokHwVPBpTrn/7nc/77jA4VjhZrAbA&lt;/Value&gt;&lt;/TokenEntry&gt;&lt;/Values&gt;&lt;/UseKey&gt;&lt;Claims&gt;&lt;Values xmlns:q1=\""http://schemas.xmlsoap.org/ws/2004/04/security/trust\"" soapenc:arrayType=\""q1:TokenEntry[17]\""&gt;&lt;TokenEntry&gt;&lt;Name&gt;SessionKey&lt;/Name&gt;&lt;Value&gt;d9J8WbGw5Rhx8JR/p3ryUUT3VtpYpMDxSWzaeCObz6x6VF3GOIT4FTKKiyJtgeA8oeEcI0qAVmJOqOX4sH7OCZm9ye6CLbvBsF5pYyUqjnABcqJZJesQa72RMyKHiBQ0aNhdENtiAMsmllw9sP9xSc7dRgv/LlS7bkcGmzRF8PSqONBeixO/6u6HFQ5V/MDIJKA0jnxbc9vPqDM88cbjrSld5vt4zsEtWL7UQ97T8gudge2wJFQnKaJauJAG+P/C8nADkQvNHCmi8jenKkA2mSHszMrf6Bx9ut3AmDjtMeG6d0J8K1rYWBdB7uyZYKc489YoJRzoGU/TTP4kzwjxIA==&lt;/Value&gt;&lt;/TokenEntry&gt;&lt;TokenEntry&gt;&lt;Name&gt;BindingType&lt;/Name&gt;&lt;Value&gt;I9q3U+k1fRfIBkUIpKB17rXmIIl/ZP6cabYFpZbtMGY=&lt;/Value&gt;&lt;/TokenEntry&gt;&lt;TokenEntry&gt;&lt;Name&gt;Binding&lt;/Name&gt;&lt;Value&gt;CkTbVcJaxNxTFDUMgtOa9RfqZsWF9Kjb9i623Sjq2EzNvSsW6dpQYvTO22QZ2mr3DPUR/u22a2WYezUyAhI3yvduFk2iayVv4m5he3UAhtQ=&lt;/Value&gt;&lt;/TokenEntry&gt;&lt;TokenEntry&gt;&lt;Name&gt;ProductKey&lt;/Name&gt;&lt;Value&gt;4JVJx1ZOsv9DAZY+wOxBxqzT6srUtbJeymoOoameTtA=&lt;/Value&gt;&lt;/TokenEntry&gt;&lt;TokenEntry&gt;&lt;Name&gt;ProductKeyType&lt;/Name&gt;&lt;Value&gt;I9q3U+k1fRfIBkUIpKB17vt3Uz3xPH+2+2tyrCIWeTI=&lt;/Value&gt;&lt;/TokenEntry&gt;&lt;TokenEntry&gt;&lt;Name&gt;ProductKeyActConfigId&lt;/Name&gt;&lt;Value&gt;26kY6RDoYGwp3CjnoZ3Scba/Mu1ZInrFuo2ZBIypr9zJxufDtO7VAGmS6hbfivJfeni3Auyl8OinX1wQm0rWbzkd2E35mW4clx6ENW7ZJbc=&lt;/Value&gt;&lt;/TokenEntry&gt;&lt;TokenEntry&gt;&lt;Name&gt;SppSvcVersion&lt;/Name&gt;&lt;Value&gt;LPapEBoj9CxHkGgLYf9Azw==&lt;/Value&gt;&lt;/TokenEntry&gt;&lt;TokenEntry&gt;&lt;Name&gt;otherInfoPublic.licenseCategory&lt;/Name&gt;&lt;Value&gt;S0O0gZGIOJLzelQcYoyoL+vWpDj+yfTVz7vlhT5WTwY=&lt;/Value&gt;&lt;/TokenEntry&gt;&lt;TokenEntry&gt;&lt;Name&gt;otherInfoPrivate.licenseCategory&lt;/Name&gt;&lt;Value&gt;S0O0gZGIOJLzelQcYoyoL5aMYfu8HQPtiiuiJfwCyHU=&lt;/Value&gt;&lt;/TokenEntry&gt;&lt;TokenEntry&gt;&lt;Name&gt;otherInfoPublic.sysprepAction&lt;/Name&gt;&lt;Value&gt;HNqQOAP65LIC42DQlcmHmw==&lt;/Value&gt;&lt;/TokenEntry&gt;&lt;TokenEntry&gt;&lt;Name&gt;otherInfoPrivate.sysprepAction&lt;/Name&gt;&lt;Value&gt;HNqQOAP65LIC42DQlcmHmw==&lt;/Value&gt;&lt;/TokenEntry&gt;&lt;TokenEntry&gt;&lt;Name&gt;ClientInformation&lt;/Name&gt;&lt;Value&gt;Mn7cFhC1e2hUJ6wymIdcqQ0uJ3Nv+Z/zP39ssO313NVhqqNKfsJw7stRk0jgh6J7v/V/HCwJPSwaFwbfuGDo1A==&lt;/Value&gt;&lt;/TokenEntry&gt;&lt;TokenEntry&gt;&lt;Name&gt;ReferralInformation&lt;/Name&gt;&lt;Value&gt;npeDKSku4RSIyIM17x3wzF+s5vAx+2dn6UKlQUD+abo3cF2vDp3zzqq1pn++s85tD8eEhUNVnKJFZLAM/+/55w==&lt;/Value&gt;&lt;/TokenEntry&gt;&lt;TokenEntry&gt;&lt;Name&gt;ClientSystemTime&lt;/Name&gt;&lt;Value&gt;r+q+HZZgDsoops9MFnyLpLAugqSHtsMDOKnm05ajcqE=&lt;/Value&gt;&lt;/TokenEntry&gt;&lt;TokenEntry&gt;&lt;Name&gt;ClientSystemTimeUtc&lt;/Name&gt;&lt;Value&gt;r+q+HZZgDsoops9MFnyLpLAugqSHtsMDOKnm05ajcqE=&lt;/Value&gt;&lt;/TokenEntry&gt;&lt;TokenEntry&gt;&lt;Name&gt;otherInfoPublic.secureStoreId&lt;/Name&gt;&lt;Value&gt;OXI3pfSuSiLZ4q3v780NDMLOEgpMyOFASlWN4M4O54HfkHYSP7lzfl1gEwF3xXPT&lt;/Value&gt;&lt;/TokenEntry&gt;&lt;TokenEntry&gt;&lt;Name&gt;otherInfoPrivate.secureStoreId&lt;/Name&gt;&lt;Value&gt;OXI3pfSuSiLZ4q3v780NDMLOEgpMyOFASlWN4M4O54HfkHYSP7lzfl1gEwF3xXPT&lt;/Value&gt;&lt;/TokenEntry&gt;&lt;/Values&gt;&lt;/Claims&gt;&lt;/RequestSecurityToken&gt;&lt;/soap:Body&gt;&lt;/soap:Envelope&gt;)  00010002(0x80072EE7, 17:59:51:816 - &lt;NULL&gt;)  00010003(0x80072EE7, 17:59:51:816)", ,Software Protection Platform Service,"[""IV_35.7.d""]","[""4.3""]", , , , , , , , , , , , , , , , , , , , , , , , , , , , , , , , , , , , , , , , , , , , , , , , , , , , , , , , , , , , , , , , , , , , , , , , , , , , , , , , , , , , , , , , , , , , , , , , , , , , , , , , , , , , , , , , , , , , , , , , , , , , , , , , , , , , , , , , , , , , , , , , , , , 
wazuh-alerts-4.x-2024.12.10,6Mf8sJMBnOFSf1lyAUQC,1,1,192.168.117.136,window-agent3,3,Maryam, , , ,1,0x8000000000000000,{5770385f-c22a-43e0-bf4c-06f5698ffbd9},4,Microsoft-Windows-Sysmon/Operational,0,"""Process Create:
RuleName: technique_id=T1018,technique_name=Remote System Discovery
UtcTime: 2024-12-10 14:31:55.621
ProcessGuid: {15959494-50db-6758-3d00-000000000200}
ProcessId: 3168
Image: C:\Windows\SysWOW64\net.exe
FileVersion: 10.0.19041.1 (WinBuild.160101.0800)
Description: Net Command
Product: Microsoft® Windows® Operating System
Company: Microsoft Corporation
OriginalFileName: net.exe
CommandLine: net.exe accounts
CurrentDirectory: C:\Program Files (x86)\ossec-agent\
User: NT AUTHORITY\SYSTEM
LogonGuid: {15959494-50d3-6758-e703-000000000000}
LogonId: 0x3E7
TerminalSessionId: 0
IntegrityLevel: System
Hashes: SHA1=A5BADC2DD4DBAA8ED5F0A3646F7248BF060A2F13,MD5=31890A7DE89936F922D44D677F681A7F,SHA256=7C4C7725E266F12ABA8C50FD1598D4001201BCA0E7ACA901508307E365AFFF42,IMPHASH=AC592B83B5CAEB41A6F6DF7DB53F9076
ParentProcessGuid: {15959494-50d9-6758-3400-000000000200}
ParentProcessId: 2556
ParentImage: C:\Program Files (x86)\ossec-agent\wazuh-agent.exe
ParentCommandLine: ""C:\Program Files (x86)\ossec-agent\wazuh-agent.exe""
ParentUser: NT AUTHORITY\SYSTEM""",5,2024-12-10T14:31:58.6048221Z,218,3480,DESKTOP-QGB4EQH,1,2452,INFORMATION,Microsoft-Windows-Sysmon,1,FALSE,3,Discovery activity executed,"[""sysmon"",""sysmon_eid1_detections"",""windows""]",92031,windows_eventchannel,log,"Dec 10, 2024 @ 14:32:01.728",EventChannel,1733841121,"Dec 10, 2024 @ 14:32:01.728", , , , , ,net.exe,C:\\Windows\\SysWOW64\\net.exe,Microsoft® Windows® Operating System, , ,Net Command, , ,{15959494-50db-6758-3d00-000000000200},3168,31:55.6,"SHA1=A5BADC2DD4DBAA8ED5F0A3646F7248BF060A2F13,MD5=31890A7DE89936F922D44D677F681A7F,SHA256=7C4C7725E266F12ABA8C50FD1598D4001201BCA0E7ACA901508307E365AFFF42,IMPHASH=AC592B83B5CAEB41A6F6DF7DB53F9076","technique_id=T1018,technique_name=Remote System Discovery",Microsoft Corporation,10.0.19041.1 (WinBuild.160101.0800),NT AUTHORITY\\SYSTEM,"[""Account Discovery""]","[""T1087""]","[""Discovery""]", , , , , , , , , , , ,{15959494-50d9-6758-3400-000000000200},{15959494-50d3-6758-e703-000000000000},"\""C:\\Program Files (x86)\\ossec-agent\\wazuh-agent.exe\""",0x3e7,2556,C:\\Program Files (x86)\\ossec-agent\\,C:\\Program Files (x86)\\ossec-agent\\wazuh-agent.exe,net.exe accounts,System,0,NT AUTHORITY\\SYSTEM, , , , , , , , , , , , , , , , , , , , , , , , , , , , , , , , , , , , , , , , , , , , , , , , , , , , , , , , , , , , , , , , , , , , , , , , , , , , , , , , , , , , , , , , , , , , , , , , , , , , , , , , , , 
wazuh-alerts-4.x-2024.12.10,7cf8sJMBnOFSf1lyAUQC,1,1,192.168.117.136,window-agent3,3,Maryam, , , ,11,0x8000000000000000,{5770385f-c22a-43e0-bf4c-06f5698ffbd9},4,Microsoft-Windows-Sysmon/Operational,0,"""File created:
RuleName: -
UtcTime: 2024-12-10 14:32:01.027
ProcessGuid: {15959494-50e0-6758-4d00-000000000200}
ProcessId: 4008
Image: C:\Program Files\Google\Chrome\Application\131.0.6778.109\Installer\setup.exe
TargetFilename: C:\Users\Public\Desktop\Google Chrome.lnk
CreationUtcTime: 2024-11-25 20:32:29.853
User: NT AUTHORITY\SYSTEM""",2,2024-12-10T14:32:01.0434718Z,262,3480,DESKTOP-QGB4EQH,11,2452,INFORMATION,Microsoft-Windows-Sysmon,1,TRUE,12,Executable file dropped in Users\Public folder,"[""sysmon"",""sysmon_eid11_detections"",""windows""]",92207,windows_eventchannel,log,"Dec 10, 2024 @ 14:32:02.746",EventChannel,1733841122,"Dec 10, 2024 @ 14:32:02.746", , , , , , ,C:\\Program Files\\Google\\Chrome\\Application\\131.0.6778.109\\Installer\\setup.exe, , , , , , ,{15959494-50e0-6758-4d00-000000000200},4008,32:01.0, , , , ,NT AUTHORITY\\SYSTEM,"[""Ingress Tool Transfer""]","[""T1105""]","[""Command and Control""]", ,C:\\Users\\Public\\Desktop\\Google Chrome.lnk,32:29.9, , , , , , , , , , , , , , , , , , , , , , , , , , , , , , , , , , , , , , , , , , , , , , , , , , , , , , , , , , , , , , , , , , , , , , , , , , , , , , , , , , , , , , , , , , , , , , , , , , , , , , , , , , , , , , , , , , , , , , , , , , , , , 
wazuh-alerts-4.x-2024.12.10,78f8sJMBnOFSf1lyAUQC,1,1,192.168.117.136,window-agent3,3,Maryam, , , ,7040,0x8080000000000000,{555908d1-a6d7-4695-8e1e-26931d2012f4},4,System,0,"""The start type of the Distributed Transaction Coordinator service was changed from auto start to demand start.""",0,2024-12-10T14:32:03.4328451Z,162,808,DESKTOP-QGB4EQH,0,644,INFORMATION,Service Control Manager,2,FALSE,3,Service startup type was changed,"[""windows"",""windows_system"",""policy_changed""]",61104,windows_eventchannel,log,"Dec 10, 2024 @ 14:32:04.520",EventChannel,1733841124,"Dec 10, 2024 @ 14:32:04.520", , ,Service Control Manager,"[""IV_35.7.d""]", , , , , , , , , , , , , , , , , , , , ,Distributed Transaction Coordinator, , ,demand start,MSDTC,auto start,"[""10.6""]","[""164.312.b""]","[""CC6.1"",""CC6.8"",""CC7.2"",""CC7.3""]","[""AU.6""]",This does not appear to be logged on Windows 2000, , , , , , , , , , , , , , , , , , , , , , , , , , , , , , , , , , , , , , , , , , , , , , , , , , , , , , , , , , , , , , , , , , , , , , , , , , , , , , , , , , , , , , , , , , , , , , , , , , , , , , , , , , , , , , , , , , , , , 
wazuh-alerts-4.x-2024.12.10,8Mf8sJMBnOFSf1lyAUQC,1,1,192.168.117.136,window-agent3,3,Maryam, , , ,1,0x8000000000000000,{5770385f-c22a-43e0-bf4c-06f5698ffbd9},4,Microsoft-Windows-Sysmon/Operational,0,"""Process Create:
RuleName: technique_id=T1018,technique_name=Remote System Discovery
UtcTime: 2024-12-10 14:32:03.580
ProcessGuid: {15959494-50e3-6758-5000-000000000200}
ProcessId: 3788
Image: C:\Windows\SysWOW64\net1.exe
FileVersion: 10.0.19041.3636 (WinBuild.160101.0800)
Description: Net Command
Product: Microsoft® Windows® Operating System
Company: Microsoft Corporation
OriginalFileName: net1.exe
CommandLine: C:\WINDOWS\system32\net1 accounts
CurrentDirectory: C:\Program Files (x86)\ossec-agent\
User: NT AUTHORITY\SYSTEM
LogonGuid: {15959494-50d3-6758-e703-000000000000}
LogonId: 0x3E7
TerminalSessionId: 0
IntegrityLevel: System
Hashes: SHA1=3E46EB17BB05B8785C0B6A64587886EE95FACF66,MD5=4A26539015F4FDB3AC3C5EB14336C7A7,SHA256=B25CF32B7BB76D5A5121919C63E6AE77262347F4AD7B29EE3C43CBAA61F43957,IMPHASH=D45C7E138CFAD11059C95018C99B7C96
ParentProcessGuid: {15959494-50db-6758-3d00-000000000200}
ParentProcessId: 3168
ParentImage: C:\Windows\SysWOW64\net.exe
ParentCommandLine: net.exe accounts
ParentUser: NT AUTHORITY\SYSTEM""",5,2024-12-10T14:32:03.6129206Z,290,3480,DESKTOP-QGB4EQH,1,2452,INFORMATION,Microsoft-Windows-Sysmon,2,FALSE,3,Discovery activity executed,"[""sysmon"",""sysmon_eid1_detections"",""windows""]",92031,windows_eventchannel,log,"Dec 10, 2024 @ 14:32:04.551",EventChannel,1733841124,"Dec 10, 2024 @ 14:32:04.551", , , , , ,net1.exe,C:\\Windows\\SysWOW64\\net1.exe,Microsoft® Windows® Operating System, , ,Net Command, , ,{15959494-50e3-6758-5000-000000000200},3788,32:03.6,"SHA1=3E46EB17BB05B8785C0B6A64587886EE95FACF66,MD5=4A26539015F4FDB3AC3C5EB14336C7A7,SHA256=B25CF32B7BB76D5A5121919C63E6AE77262347F4AD7B29EE3C43CBAA61F43957,IMPHASH=D45C7E138CFAD11059C95018C99B7C96","technique_id=T1018,technique_name=Remote System Discovery",Microsoft Corporation,10.0.19041.3636 (WinBuild.160101.0800),NT AUTHORITY\\SYSTEM,"[""Account Discovery""]","[""T1087""]","[""Discovery""]", , , , , , , , , , , ,{15959494-50db-6758-3d00-000000000200},{15959494-50d3-6758-e703-000000000000},net.exe accounts,0x3e7,3168,C:\\Program Files (x86)\\ossec-agent\\,C:\\Windows\\SysWOW64\\net.exe,C:\\WINDOWS\\system32\\net1 accounts,System,0,NT AUTHORITY\\SYSTEM, , , , , , , , , , , , , , , , , , , , , , , , , , , , , , , , , , , , , , , , , , , , , , , , , , , , , , , , , , , , , , , , , , , , , , , , , , , , , , , , , , , , , , , , , , , , , , , , , , , , , , , , , , 
wazuh-alerts-4.x-2024.12.10,9Mf8sJMBnOFSf1lyCETU,1,1,192.168.117.136,window-agent3,3,Maryam, , , ,1,0x8000000000000000,{5770385f-c22a-43e0-bf4c-06f5698ffbd9},4,Microsoft-Windows-Sysmon/Operational,0,"""Process Create:
RuleName: technique_id=T1018,technique_name=Remote System Discovery
UtcTime: 2024-12-10 14:32:05.350
ProcessGuid: {15959494-50e5-6758-5600-000000000200}
ProcessId: 3912
Image: C:\Windows\SysWOW64\net1.exe
FileVersion: 10.0.19041.3636 (WinBuild.160101.0800)
Description: Net Command
Product: Microsoft® Windows® Operating System
Company: Microsoft Corporation
OriginalFileName: net1.exe
CommandLine: C:\WINDOWS\system32\net1 accounts
CurrentDirectory: C:\Program Files (x86)\ossec-agent\
User: NT AUTHORITY\SYSTEM
LogonGuid: {15959494-50d3-6758-e703-000000000000}
LogonId: 0x3E7
TerminalSessionId: 0
IntegrityLevel: System
Hashes: SHA1=3E46EB17BB05B8785C0B6A64587886EE95FACF66,MD5=4A26539015F4FDB3AC3C5EB14336C7A7,SHA256=B25CF32B7BB76D5A5121919C63E6AE77262347F4AD7B29EE3C43CBAA61F43957,IMPHASH=D45C7E138CFAD11059C95018C99B7C96
ParentProcessGuid: {15959494-50e4-6758-5400-000000000200}
ParentProcessId: 2924
ParentImage: C:\Windows\SysWOW64\net.exe
ParentCommandLine: net.exe accounts
ParentUser: NT AUTHORITY\SYSTEM""",5,2024-12-10T14:32:05.3516232Z,294,3480,DESKTOP-QGB4EQH,1,2452,INFORMATION,Microsoft-Windows-Sysmon,6,FALSE,3,Discovery activity executed,"[""sysmon"",""sysmon_eid1_detections"",""windows""]",92031,windows_eventchannel,log,"Dec 10, 2024 @ 14:32:05.628",EventChannel,1733841125,"Dec 10, 2024 @ 14:32:05.628", , , , , ,net1.exe,C:\\Windows\\SysWOW64\\net1.exe,Microsoft® Windows® Operating System, , ,Net Command, , ,{15959494-50e5-6758-5600-000000000200},3912,32:05.3,"SHA1=3E46EB17BB05B8785C0B6A64587886EE95FACF66,MD5=4A26539015F4FDB3AC3C5EB14336C7A7,SHA256=B25CF32B7BB76D5A5121919C63E6AE77262347F4AD7B29EE3C43CBAA61F43957,IMPHASH=D45C7E138CFAD11059C95018C99B7C96","technique_id=T1018,technique_name=Remote System Discovery",Microsoft Corporation,10.0.19041.3636 (WinBuild.160101.0800),NT AUTHORITY\\SYSTEM,"[""Account Discovery""]","[""T1087""]","[""Discovery""]", , , , , , , , , , , ,{15959494-50e4-6758-5400-000000000200},{15959494-50d3-6758-e703-000000000000},net.exe accounts,0x3e7,2924,C:\\Program Files (x86)\\ossec-agent\\,C:\\Windows\\SysWOW64\\net.exe,C:\\WINDOWS\\system32\\net1 accounts,System,0,NT AUTHORITY\\SYSTEM, , , , , , , , , , , , , , , , , , , , , , , , , , , , , , , , , , , , , , , , , , , , , , , , , , , , , , , , , , , , , , , , , , , , , , , , , , , , , , , , , , , , , , , , , , , , , , , , , , , , , , , , , , 
wazuh-alerts-4.x-2024.12.10,9cf8sJMBnOFSf1lyCETU,1,1,192.168.117.136,window-agent3,3,Maryam, , , ,1,0x8000000000000000,{5770385f-c22a-43e0-bf4c-06f5698ffbd9},4,Microsoft-Windows-Sysmon/Operational,0,"""Process Create:
RuleName: technique_id=T1018,technique_name=Remote System Discovery
UtcTime: 2024-12-10 14:32:05.521
ProcessGuid: {15959494-50e5-6758-5700-000000000200}
ProcessId: 3920
Image: C:\Windows\SysWOW64\net.exe
FileVersion: 10.0.19041.1 (WinBuild.160101.0800)
Description: Net Command
Product: Microsoft® Windows® Operating System
Company: Microsoft Corporation
OriginalFileName: net.exe
CommandLine: net.exe accounts
CurrentDirectory: C:\Program Files (x86)\ossec-agent\
User: NT AUTHORITY\SYSTEM
LogonGuid: {15959494-50d3-6758-e703-000000000000}
LogonId: 0x3E7
TerminalSessionId: 0
IntegrityLevel: System
Hashes: SHA1=A5BADC2DD4DBAA8ED5F0A3646F7248BF060A2F13,MD5=31890A7DE89936F922D44D677F681A7F,SHA256=7C4C7725E266F12ABA8C50FD1598D4001201BCA0E7ACA901508307E365AFFF42,IMPHASH=AC592B83B5CAEB41A6F6DF7DB53F9076
ParentProcessGuid: {15959494-50d9-6758-3400-000000000200}
ParentProcessId: 2556
ParentImage: C:\Program Files (x86)\ossec-agent\wazuh-agent.exe
ParentCommandLine: ""C:\Program Files (x86)\ossec-agent\wazuh-agent.exe""
ParentUser: NT AUTHORITY\SYSTEM""",5,2024-12-10T14:32:05.5226513Z,295,3480,DESKTOP-QGB4EQH,1,2452,INFORMATION,Microsoft-Windows-Sysmon,7,FALSE,3,Discovery activity executed,"[""sysmon"",""sysmon_eid1_detections"",""windows""]",92031,windows_eventchannel,log,"Dec 10, 2024 @ 14:32:05.644",EventChannel,1733841125,"Dec 10, 2024 @ 14:32:05.644", , , , , ,net.exe,C:\\Windows\\SysWOW64\\net.exe,Microsoft® Windows® Operating System, , ,Net Command, , ,{15959494-50e5-6758-5700-000000000200},3920,32:05.5,"SHA1=A5BADC2DD4DBAA8ED5F0A3646F7248BF060A2F13,MD5=31890A7DE89936F922D44D677F681A7F,SHA256=7C4C7725E266F12ABA8C50FD1598D4001201BCA0E7ACA901508307E365AFFF42,IMPHASH=AC592B83B5CAEB41A6F6DF7DB53F9076","technique_id=T1018,technique_name=Remote System Discovery",Microsoft Corporation,10.0.19041.1 (WinBuild.160101.0800),NT AUTHORITY\\SYSTEM,"[""Account Discovery""]","[""T1087""]","[""Discovery""]", , , , , , , , , , , ,{15959494-50d9-6758-3400-000000000200},{15959494-50d3-6758-e703-000000000000},"\""C:\\Program Files (x86)\\ossec-agent\\wazuh-agent.exe\""",0x3e7,2556,C:\\Program Files (x86)\\ossec-agent\\,C:\\Program Files (x86)\\ossec-agent\\wazuh-agent.exe,net.exe accounts,System,0,NT AUTHORITY\\SYSTEM, , , , , , , , , , , , , , , , , , , , , , , , , , , , , , , , , , , , , , , , , , , , , , , , , , , , , , , , , , , , , , , , , , , , , , , , , , , , , , , , , , , , , , , , , , , , , , , , , , , , , , , , , , 
