wazuh-alerts-4.x-2024.12.10,QMf8sJMBnOFSf1lymUVo,1,1,192.168.117.136,window-agent3,3,Maryam, , , ,7040,0x8080000000000000,{555908d1-a6d7-4695-8e1e-26931d2012f4},4,System,0,"""The start type of the Distributed Transaction Coordinator service was changed from demand start to auto start.""",0,2024-12-10T14:32:40.4179029Z,166,808,DESKTOP-QGB4EQH,0,644,INFORMATION,Service Control Manager,4,FALSE,3,Service startup type was changed,"[""windows"",""windows_system"",""policy_changed""]",61104,windows_eventchannel,log,"Dec 10, 2024 @ 14:32:42.034",EventChannel,1733841162,"Dec 10, 2024 @ 14:32:42.034", , ,Service Control Manager,"[""IV_35.7.d""]", , , , , , , , , , , , , , , , , , , , ,Distributed Transaction Coordinator, , ,auto start,MSDTC,demand start,"[""10.6""]","[""164.312.b""]","[""CC6.1"",""CC6.8"",""CC7.2"",""CC7.3""]","[""AU.6""]",This does not appear to be logged on Windows 2000, , , , , , , , , , , , , , , , , , , , , , , , , , , , , , , , , , , , , , , , , , , , , , , , , , , , , , , , , , , , , , , , , , , , , , , , , , , , , , , , , , , , , , , , , , , , , , , , , , , , , , , , , , , , , , , , , , , , , 
wazuh-alerts-4.x-2024.12.10,Qsf8sJMBnOFSf1lynUVQ,1,1,192.168.117.136,window-agent3,3,Maryam, , , ,7040,0x8080000000000000,{555908d1-a6d7-4695-8e1e-26931d2012f4},4,System,0,"""The start type of the Remote Access IP ARP Driver service was changed from demand start to auto start.""",0,2024-12-10T14:32:43.0425961Z,168,804,DESKTOP-QGB4EQH,0,644,INFORMATION,Service Control Manager,6,FALSE,3,Service startup type was changed,"[""windows"",""windows_system"",""policy_changed""]",61104,windows_eventchannel,log,"Dec 10, 2024 @ 14:32:44.409",EventChannel,1733841164,"Dec 10, 2024 @ 14:32:44.409", , ,Service Control Manager,"[""IV_35.7.d""]", , , , , , , , , , , , , , , , , , , , ,Remote Access IP ARP Driver, , ,auto start,wanarp,demand start,"[""10.6""]","[""164.312.b""]","[""CC6.1"",""CC6.8"",""CC7.2"",""CC7.3""]","[""AU.6""]",This does not appear to be logged on Windows 2000, , , , , , , , , , , , , , , , , , , , , , , , , , , , , , , , , , , , , , , , , , , , , , , , , , , , , , , , , , , , , , , , , , , , , , , , , , , , , , , , , , , , , , , , , , , , , , , , , , , , , , , , , , , , , , , , , , , , , 
wazuh-alerts-4.x-2024.12.10,Vcf-sJMBnOFSf1lyQ0VE,1,1,192.168.117.136,window-agent3,3,Maryam, , , ,13,0x8000000000000000,{5770385f-c22a-43e0-bf4c-06f5698ffbd9},4,Microsoft-Windows-Sysmon/Operational,0,"""Registry value set:
RuleName: -
EventType: SetValue
UtcTime: 2024-12-10 14:34:28.042
ProcessGuid: {15959494-50d9-6758-2900-000000000200}
ProcessId: 2140
Image: C:\WINDOWS\system32\svchost.exe
TargetObject: HKLM\System\CurrentControlSet\Services\SharedAccess\Parameters\FirewallPolicy\RestrictedServices\Configurable\System\fe95b9f7-e660-4f85-93e2-080fe334d18e
Details: v2.30|Action=Block|Active=TRUE|Dir=Out|App=%%ProgramFiles%%\Windows Defender\MsMpEng.exe|Svc=WinDefend|Name=Outbound service restriction rule for WinDefend|Desc=Block all outbound traffic from service WinDefend|
User: NT AUTHORITY\LOCAL SERVICE""",2,2024-12-10T14:34:28.0487292Z,1700,3480,DESKTOP-QGB4EQH,13,2452,INFORMATION,Microsoft-Windows-Sysmon,3,FALSE,3,Evidence of new service creation found in registry under HKLM\\System\\CurrentControlSet\\Services\\SharedAccess\\Parameters\\FirewallPolicy\\RestrictedServices\\Configurable\\System\\fe95b9f7-e660-4f85-93e2-080fe334d18e binary is: v2.30|Action=Block|Active=TRUE|Dir=Out|App=%%ProgramFiles%%\\Windows Defender\\MsMpEng.exe|Svc=WinDefend|Name=Outbound service restriction rule for WinDefend|Desc=Block all outbound traffic from service WinDefend|,"[""sysmon"",""sysmon_eid13_detections"",""windows""]",92307,windows_eventchannel,log,"Dec 10, 2024 @ 14:34:32.877",EventChannel,1733841272,"Dec 10, 2024 @ 14:34:32.877", , , , , , ,C:\\WINDOWS\\system32\\svchost.exe, , , , , , ,{15959494-50d9-6758-2900-000000000200},2140,34:28.0, , , , ,NT AUTHORITY\\LOCAL SERVICE,"[""Windows Service""]","[""T1543.003""]","[""Persistence"",""Privilege Escalation""]", , , , , , , , , , , , , , , , , , , , , , , , , , , , , , , , , , , , , , , , , , , , , , , , , , , , , , , , , , , , , , , , , , , , ,HKLM\\System\\CurrentControlSet\\Services\\SharedAccess\\Parameters\\FirewallPolicy\\RestrictedServices\\Configurable\\System\\fe95b9f7-e660-4f85-93e2-080fe334d18e,v2.30|Action=Block|Active=TRUE|Dir=Out|App=%%ProgramFiles%%\\Windows Defender\\MsMpEng.exe|Svc=WinDefend|Name=Outbound service restriction rule for WinDefend|Desc=Block all outbound traffic from service WinDefend|,SetValue, , , , , , , , , , , , , , , , , , , , , , , , , , , , , , , , , , , , , , , , , , , , , , , , , , , , , , , , , 
wazuh-alerts-4.x-2024.12.10,Vsf-sJMBnOFSf1lyS0UU,1,1,192.168.117.136,window-agent3,3,Maryam, , , ,13,0x8000000000000000,{5770385f-c22a-43e0-bf4c-06f5698ffbd9},4,Microsoft-Windows-Sysmon/Operational,0,"""Registry value set:
RuleName: -
EventType: SetValue
UtcTime: 2024-12-10 14:34:28.058
ProcessGuid: {15959494-50d9-6758-2900-000000000200}
ProcessId: 2140
Image: C:\WINDOWS\system32\svchost.exe
TargetObject: HKLM\System\CurrentControlSet\Services\SharedAccess\Parameters\FirewallPolicy\RestrictedServices\Configurable\System\{10CB3506-F6CD-4472-952A-1C741A17FD60}
Details: v2.30|Action=Allow|Active=TRUE|Dir=Out|Protocol=6|App=%%ProgramFiles%%\Windows Defender\MsMpEng.exe|Svc=WinDefend|Name=WinDefend Outbound for TCP|
User: NT AUTHORITY\LOCAL SERVICE""",2,2024-12-10T14:34:28.0619843Z,1707,3480,DESKTOP-QGB4EQH,13,2452,INFORMATION,Microsoft-Windows-Sysmon,4,FALSE,3,Evidence of new service creation found in registry under HKLM\\System\\CurrentControlSet\\Services\\SharedAccess\\Parameters\\FirewallPolicy\\RestrictedServices\\Configurable\\System\\{10CB3506-F6CD-4472-952A-1C741A17FD60} binary is: v2.30|Action=Allow|Active=TRUE|Dir=Out|Protocol=6|App=%%ProgramFiles%%\\Windows Defender\\MsMpEng.exe|Svc=WinDefend|Name=WinDefend Outbound for TCP|,"[""sysmon"",""sysmon_eid13_detections"",""windows""]",92307,windows_eventchannel,log,"Dec 10, 2024 @ 14:34:33.472",EventChannel,1733841273,"Dec 10, 2024 @ 14:34:33.472", , , , , , ,C:\\WINDOWS\\system32\\svchost.exe, , , , , , ,{15959494-50d9-6758-2900-000000000200},2140,34:28.1, , , , ,NT AUTHORITY\\LOCAL SERVICE,"[""Windows Service""]","[""T1543.003""]","[""Persistence"",""Privilege Escalation""]", , , , , , , , , , , , , , , , , , , , , , , , , , , , , , , , , , , , , , , , , , , , , , , , , , , , , , , , , , , , , , , , , , , , ,HKLM\\System\\CurrentControlSet\\Services\\SharedAccess\\Parameters\\FirewallPolicy\\RestrictedServices\\Configurable\\System\\{10CB3506-F6CD-4472-952A-1C741A17FD60},v2.30|Action=Allow|Active=TRUE|Dir=Out|Protocol=6|App=%%ProgramFiles%%\\Windows Defender\\MsMpEng.exe|Svc=WinDefend|Name=WinDefend Outbound for TCP|,SetValue, , , , , , , , , , , , , , , , , , , , , , , , , , , , , , , , , , , , , , , , , , , , , , , , , , , , , , , , , 
wazuh-alerts-4.x-2024.12.10,Tcf-sJMBnOFSf1lyFEVf,1,1,192.168.117.136,window-agent3,3,Maryam, , , ,7,0x8000000000000000,{5770385f-c22a-43e0-bf4c-06f5698ffbd9},4,Microsoft-Windows-Sysmon/Operational,0,"""Image loaded:
RuleName: technique_id=T1053,technique_name=Scheduled Task
UtcTime: 2024-12-10 14:34:16.558
ProcessGuid: {15959494-50d7-6758-1800-000000000200}
ProcessId: 1216
Image: C:\$WINDOWS.~BT\Sources\SetupPlatform.exe
ImageLoaded: C:\Windows\System32\taskschd.dll
FileVersion: 10.0.19041.3636 (WinBuild.160101.0800)
Description: Task Scheduler COM API
Product: Microsoft® Windows® Operating System
Company: Microsoft Corporation
OriginalFileName: taskschd.dll
Hashes: SHA1=633C92F5A5000CDE3235C7FDC306B2B04C501C48,MD5=84F942C1A4BD60C94EBEC6643E0216C9,SHA256=BBE733452E6CE871D5D2064948847AAB2A71F7FEDA2C962BA4002F64E2D198F2,IMPHASH=B7A4477FA36E2E5287EE76AC4AFCB05B
Signed: true
Signature: Microsoft Windows
SignatureStatus: Valid
User: NT AUTHORITY\SYSTEM""",3,2024-12-10T14:34:16.5690396Z,1179,3480,DESKTOP-QGB4EQH,7,2452,INFORMATION,Microsoft-Windows-Sysmon,12,FALSE,4,Process loaded taskschd.dll module. May be used to create delayed malware execution,"[""sysmon"",""sysmon_eid7_detections"",""windows""]",92154,windows_eventchannel,log,"Dec 10, 2024 @ 14:34:18.254",EventChannel,1733841258,"Dec 10, 2024 @ 14:34:18.254", , , , , ,taskschd.dll,C:\\$WINDOWS.~BT\\Sources\\SetupPlatform.exe,Microsoft® Windows® Operating System,Microsoft Windows,C:\\Windows\\System32\\taskschd.dll,Task Scheduler COM API,TRUE,Valid,{15959494-50d7-6758-1800-000000000200},1216,34:16.6,"SHA1=633C92F5A5000CDE3235C7FDC306B2B04C501C48,MD5=84F942C1A4BD60C94EBEC6643E0216C9,SHA256=BBE733452E6CE871D5D2064948847AAB2A71F7FEDA2C962BA4002F64E2D198F2,IMPHASH=B7A4477FA36E2E5287EE76AC4AFCB05B","technique_id=T1053,technique_name=Scheduled Task",Microsoft Corporation,10.0.19041.3636 (WinBuild.160101.0800),NT AUTHORITY\\SYSTEM,"[""Scheduled Task""]","[""T1053.005""]","[""Execution"",""Persistence"",""Privilege Escalation""]", , , , , , , , , , , , , , , , , , , , , , , , , , , , , , , , , , , , , , , , , , , , , , , , , , , , , , , , , , , , , , , , , , , , , , , , , , , , , , , , , , , , , , , , , , , , , , , , , , , , , , , , , , , , , , , , , , , , , , , , , , , , , , , , 
wazuh-alerts-4.x-2024.12.10,V8f-sJMBnOFSf1lyVkXN,1,1,192.168.117.136,window-agent3,3,Maryam, , , ,7,0x8000000000000000,{5770385f-c22a-43e0-bf4c-06f5698ffbd9},4,Microsoft-Windows-Sysmon/Operational,0,"""Image loaded:
RuleName: technique_id=T1053,technique_name=Scheduled Task
UtcTime: 2024-12-10 14:34:28.636
ProcessGuid: {15959494-50d3-6758-1400-000000000200}
ProcessId: 876
Image: C:\Windows\System32\svchost.exe
ImageLoaded: C:\Windows\System32\taskschd.dll
FileVersion: 10.0.19041.3636 (WinBuild.160101.0800)
Description: Task Scheduler COM API
Product: Microsoft® Windows® Operating System
Company: Microsoft Corporation
OriginalFileName: taskschd.dll
Hashes: SHA1=633C92F5A5000CDE3235C7FDC306B2B04C501C48,MD5=84F942C1A4BD60C94EBEC6643E0216C9,SHA256=BBE733452E6CE871D5D2064948847AAB2A71F7FEDA2C962BA4002F64E2D198F2,IMPHASH=B7A4477FA36E2E5287EE76AC4AFCB05B
Signed: true
Signature: Microsoft Windows
SignatureStatus: Valid
User: NT AUTHORITY\SYSTEM""",3,2024-12-10T14:34:28.6594793Z,1806,3480,DESKTOP-QGB4EQH,7,2452,INFORMATION,Microsoft-Windows-Sysmon,13,FALSE,4,Process loaded taskschd.dll module. May be used to create delayed malware execution,"[""sysmon"",""sysmon_eid7_detections"",""windows""]",92154,windows_eventchannel,log,"Dec 10, 2024 @ 14:34:36.850",EventChannel,1733841276,"Dec 10, 2024 @ 14:34:36.850", , , , , ,taskschd.dll,C:\\Windows\\System32\\svchost.exe,Microsoft® Windows® Operating System,Microsoft Windows,C:\\Windows\\System32\\taskschd.dll,Task Scheduler COM API,TRUE,Valid,{15959494-50d3-6758-1400-000000000200},876,34:28.6,"SHA1=633C92F5A5000CDE3235C7FDC306B2B04C501C48,MD5=84F942C1A4BD60C94EBEC6643E0216C9,SHA256=BBE733452E6CE871D5D2064948847AAB2A71F7FEDA2C962BA4002F64E2D198F2,IMPHASH=B7A4477FA36E2E5287EE76AC4AFCB05B","technique_id=T1053,technique_name=Scheduled Task",Microsoft Corporation,10.0.19041.3636 (WinBuild.160101.0800),NT AUTHORITY\\SYSTEM,"[""Scheduled Task""]","[""T1053.005""]","[""Execution"",""Persistence"",""Privilege Escalation""]", , , , , , , , , , , , , , , , , , , , , , , , , , , , , , , , , , , , , , , , , , , , , , , , , , , , , , , , , , , , , , , , , , , , , , , , , , , , , , , , , , , , , , , , , , , , , , , , , , , , , , , , , , , , , , , , , , , , , , , , , , , , , , , , 
wazuh-alerts-4.x-2024.12.10,vMf_sJMBnOFSf1lySUUP,1,1,192.168.117.136,window-agent3,3,Maryam, , , ,7,0x8000000000000000,{5770385f-c22a-43e0-bf4c-06f5698ffbd9},4,Microsoft-Windows-Sysmon/Operational,0,"""Image loaded:
RuleName: technique_id=T1053,technique_name=Scheduled Task
UtcTime: 2024-12-10 14:35:37.823
ProcessGuid: {15959494-51a8-6758-3301-000000000200}
ProcessId: 5980
Image: C:\Windows\System32\OOBE-Maintenance.exe
ImageLoaded: C:\Windows\System32\taskschd.dll
FileVersion: 10.0.19041.3636 (WinBuild.160101.0800)
Description: Task Scheduler COM API
Product: Microsoft® Windows® Operating System
Company: Microsoft Corporation
OriginalFileName: taskschd.dll
Hashes: SHA1=633C92F5A5000CDE3235C7FDC306B2B04C501C48,MD5=84F942C1A4BD60C94EBEC6643E0216C9,SHA256=BBE733452E6CE871D5D2064948847AAB2A71F7FEDA2C962BA4002F64E2D198F2,IMPHASH=B7A4477FA36E2E5287EE76AC4AFCB05B
Signed: true
Signature: Microsoft Windows
SignatureStatus: Valid
User: NT AUTHORITY\SYSTEM""",3,2024-12-10T14:35:37.8291065Z,3450,3480,DESKTOP-QGB4EQH,7,2452,INFORMATION,Microsoft-Windows-Sysmon,25,FALSE,4,Process loaded taskschd.dll module. May be used to create delayed malware execution,"[""sysmon"",""sysmon_eid7_detections"",""windows""]",92154,windows_eventchannel,log,"Dec 10, 2024 @ 14:35:38.159",EventChannel,1733841338,"Dec 10, 2024 @ 14:35:38.159", , , , , ,taskschd.dll,C:\\Windows\\System32\\OOBE-Maintenance.exe,Microsoft® Windows® Operating System,Microsoft Windows,C:\\Windows\\System32\\taskschd.dll,Task Scheduler COM API,TRUE,Valid,{15959494-51a8-6758-3301-000000000200},5980,35:37.8,"SHA1=633C92F5A5000CDE3235C7FDC306B2B04C501C48,MD5=84F942C1A4BD60C94EBEC6643E0216C9,SHA256=BBE733452E6CE871D5D2064948847AAB2A71F7FEDA2C962BA4002F64E2D198F2,IMPHASH=B7A4477FA36E2E5287EE76AC4AFCB05B","technique_id=T1053,technique_name=Scheduled Task",Microsoft Corporation,10.0.19041.3636 (WinBuild.160101.0800),NT AUTHORITY\\SYSTEM,"[""Scheduled Task""]","[""T1053.005""]","[""Execution"",""Persistence"",""Privilege Escalation""]", , , , , , , , , , , , , , , , , , , , , , , , , , , , , , , , , , , , , , , , , , , , , , , , , , , , , , , , , , , , , , , , , , , , , , , , , , , , , , , , , , , , , , , , , , , , , , , , , , , , , , , , , , , , , , , , , , , , , , , , , , , , , , , , 
wazuh-alerts-4.x-2024.12.10,vcf_sJMBnOFSf1lyUEXh,1,1,192.168.117.136,window-agent3,3,Maryam, , , ,4624,0x8020000000000000,{54849625-5478-4994-a5ba-3e3b0328c30d},0,Security,0,"""An account was successfully logged on.

Subject:
	Security ID:		S-1-5-18
	Account Name:		DESKTOP-QGB4EQH$
	Account Domain:		WORKGROUP
	Logon ID:		0x3E7

Logon Information:
	Logon Type:		5
	Restricted Admin Mode:	-
	Virtual Account:		No
	Elevated Token:		Yes

Impersonation Level:		Impersonation

New Logon:
	Security ID:		S-1-5-18
	Account Name:		SYSTEM
	Account Domain:		NT AUTHORITY
	Logon ID:		0x3E7
	Linked Logon ID:		0x0
	Network Account Name:	-
	Network Account Domain:	-
	Logon GUID:		{00000000-0000-0000-0000-000000000000}

Process Information:
	Process ID:		0x284
	Process Name:		C:\Windows\System32\services.exe

Network Information:
	Workstation Name:	-
	Source Network Address:	-
	Source Port:		-

Detailed Authentication Information:
	Logon Process:		Advapi  
	Authentication Package:	Negotiate
	Transited Services:	-
	Package Name (NTLM only):	-
	Key Length:		0

This event is generated when a logon session is created. It is generated on the computer that was accessed.

The subject fields indicate the account on the local system which requested the logon. This is most commonly a service such as the Server service, or a local process such as Winlogon.exe or Services.exe.

The logon type field indicates the kind of logon that occurred. The most common types are 2 (interactive) and 3 (network).

The New Logon fields indicate the account for whom the new logon was created, i.e. the account that was logged on.

The network fields indicate where a remote logon request originated. Workstation name is not always available and may be left blank in some cases.

The impersonation level field indicates the extent to which a process in the logon session can impersonate.

The authentication information fields provide detailed information about this specific logon request.
	- Logon GUID is a unique identifier that can be used to correlate this event with a KDC event.
	- Transited services indicate which intermediate services have participated in this logon request.
	- Package name indicates which sub-protocol was used among the NTLM protocols.
	- Key length indicates the length of the generated session key. This will be 0 if no session key was requested.""",2,2024-12-10T14:35:39.0883306Z,283,788,DESKTOP-QGB4EQH,12544,672,AUDIT_SUCCESS,Microsoft-Windows-Security-Auditing,16,FALSE,3,Windows logon success.,"[""windows"",""windows_security"",""authentication_success""]",60106,windows_eventchannel,log,"Dec 10, 2024 @ 14:35:40.180",EventChannel,1733841340,"Dec 10, 2024 @ 14:35:40.180", , , ,"[""IV_32.2""]","[""7.1"",""7.2""]", , , , , , , , , ,0x284, , , , , , ,"[""Valid Accounts""]","[""T1078""]","[""Defense Evasion"",""Persistence"",""Privilege Escalation"",""Initial Access""]", , , , , , ,"[""10.2.5""]","[""164.312.b""]","[""CC6.8"",""CC7.2"",""CC7.3""]","[""AC.7"",""AU.14""]", , ,{00000000-0000-0000-0000-000000000000}, , , , , , , , , ,0x3e7,WORKGROUP,0x0,%%1833,Negotiate,0x3e7,Advapi,SYSTEM,0,%%1842,S-1-5-18,C:\\Windows\\System32\\services.exe,NT AUTHORITY,S-1-5-18,%%1843,5,DESKTOP-QGB4EQH$, , , , , , , , , , , , , , , , , , , , , , , , , , , , , , , , , , , , , , , , , , , , , , , , , , , , , , , , , , , , , , , , , , , , , , , , , , , , , , , , , , , , , , , , , 
wazuh-alerts-4.x-2024.12.10,v8f_sJMBnOFSf1lyUEXh,1,1,192.168.117.136,window-agent3,3,Maryam, , , ,11,0x8000000000000000,{5770385f-c22a-43e0-bf4c-06f5698ffbd9},4,Microsoft-Windows-Sysmon/Operational,0,"""File created:
RuleName: technique_id=T1574.010,technique_name=Services File Permissions Weakness
UtcTime: 2024-12-10 14:35:39.776
ProcessGuid: {15959494-51ba-6758-4501-000000000200}
ProcessId: 5496
Image: C:\WINDOWS\system32\calc.exe
TargetFilename: C:\Windows\System32\config\systemprofile\AppData\Local\Microsoft\Windows\INetCache\IE
CreationUtcTime: 2024-12-10 14:35:39.776
User: NT AUTHORITY\SYSTEM""",2,2024-12-10T14:35:39.7804042Z,3458,3480,DESKTOP-QGB4EQH,11,2452,INFORMATION,Microsoft-Windows-Sysmon,2,FALSE,3,An executable C:\\WINDOWS\\system32\\calc.exe created a file in a Windows folder,"[""sysmon"",""sysmon_eid11_detections"",""windows""]",92222,windows_eventchannel,log,"Dec 10, 2024 @ 14:35:40.878",EventChannel,1733841340,"Dec 10, 2024 @ 14:35:40.878", , , , , , ,C:\\WINDOWS\\system32\\calc.exe, , , , , , ,{15959494-51ba-6758-4501-000000000200},5496,35:39.8, ,"technique_id=T1574.010,technique_name=Services File Permissions Weakness", , ,NT AUTHORITY\\SYSTEM,"[""Masquerading""]","[""T1036""]","[""Defense Evasion""]", ,C:\\Windows\\System32\\config\\systemprofile\\AppData\\Local\\Microsoft\\Windows\\INetCache\\IE,35:39.8, , , , , , , , , , , , , , , , , , , , , , , , , , , , , , , , , , , , , , , , , , , , , , , , , , , , , , , , , , , , , , , , , , , , , , , , , , , , , , , , , , , , , , , , , , , , , , , , , , , , , , , , , , , , , , , , , , , , , , , , , , , , , 
wazuh-alerts-4.x-2024.12.10,lMf-sJMBnOFSf1lyuEWA,1,1,192.168.117.136,window-agent3,3,Maryam, , , ,11,0x8000000000000000,{5770385f-c22a-43e0-bf4c-06f5698ffbd9},4,Microsoft-Windows-Sysmon/Operational,0,"""File created:
RuleName: -
UtcTime: 2024-12-10 14:34:50.776
ProcessGuid: {15959494-5189-6758-0701-000000000200}
ProcessId: 4808
Image: C:\WINDOWS\system32\rundll32.exe
TargetFilename: C:\Windows\SysWOW64\vcomp140.dll
CreationUtcTime: 2023-05-10 03:32:14.000
User: NT AUTHORITY\SYSTEM""",2,2024-12-10T14:34:54.1511496Z,2743,3480,DESKTOP-QGB4EQH,11,2452,INFORMATION,Microsoft-Windows-Sysmon,7,TRUE,14,Suspicious executable file creation by rundll32: C:\\Windows\\SysWOW64\\vcomp140.dll,"[""sysmon"",""sysmon_eid11_detections"",""windows""]",92211,windows_eventchannel,log,"Dec 10, 2024 @ 14:35:01.488",EventChannel,1733841301,"Dec 10, 2024 @ 14:35:01.488", , , , , , ,C:\\WINDOWS\\system32\\rundll32.exe, , , , , , ,{15959494-5189-6758-0701-000000000200},4808,34:50.8, , , , ,NT AUTHORITY\\SYSTEM,"[""Ingress Tool Transfer""]","[""T1105""]","[""Command and Control""]", ,C:\\Windows\\SysWOW64\\vcomp140.dll,32:14.0, , , , , , , , , , , , , , , , , , , , , , , , , , , , , , , , , , , , , , , , , , , , , , , , , , , , , , , , , , , , , , , , , , , , , , , , , , , , , , , , , , , , , , , , , , , , , , , , , , , , , , , , , , , , , , , , , , , , , , , , , , , , , 
wazuh-alerts-4.x-2024.12.10,lcf-sJMBnOFSf1lyuEWA,1,1,192.168.117.136,window-agent3,3,Maryam, , , ,7,0x8000000000000000,{5770385f-c22a-43e0-bf4c-06f5698ffbd9},4,Microsoft-Windows-Sysmon/Operational,0,"""Image loaded:
RuleName: technique_id=T1053,technique_name=Scheduled Task
UtcTime: 2024-12-10 14:34:53.370
ProcessGuid: {15959494-5183-6758-fb00-000000000200}
ProcessId: 4268
Image: C:\Windows\System32\provtool.exe
ImageLoaded: C:\Windows\System32\taskschd.dll
FileVersion: 10.0.19041.3636 (WinBuild.160101.0800)
Description: Task Scheduler COM API
Product: Microsoft® Windows® Operating System
Company: Microsoft Corporation
OriginalFileName: taskschd.dll
Hashes: SHA1=633C92F5A5000CDE3235C7FDC306B2B04C501C48,MD5=84F942C1A4BD60C94EBEC6643E0216C9,SHA256=BBE733452E6CE871D5D2064948847AAB2A71F7FEDA2C962BA4002F64E2D198F2,IMPHASH=B7A4477FA36E2E5287EE76AC4AFCB05B
Signed: true
Signature: Microsoft Windows
SignatureStatus: Valid
User: NT AUTHORITY\SYSTEM""",3,2024-12-10T14:34:54.2485851Z,2753,3480,DESKTOP-QGB4EQH,7,2452,INFORMATION,Microsoft-Windows-Sysmon,17,FALSE,4,Process loaded taskschd.dll module. May be used to create delayed malware execution,"[""sysmon"",""sysmon_eid7_detections"",""windows""]",92154,windows_eventchannel,log,"Dec 10, 2024 @ 14:35:01.684",EventChannel,1733841301,"Dec 10, 2024 @ 14:35:01.684", , , , , ,taskschd.dll,C:\\Windows\\System32\\provtool.exe,Microsoft® Windows® Operating System,Microsoft Windows,C:\\Windows\\System32\\taskschd.dll,Task Scheduler COM API,TRUE,Valid,{15959494-5183-6758-fb00-000000000200},4268,34:53.4,"SHA1=633C92F5A5000CDE3235C7FDC306B2B04C501C48,MD5=84F942C1A4BD60C94EBEC6643E0216C9,SHA256=BBE733452E6CE871D5D2064948847AAB2A71F7FEDA2C962BA4002F64E2D198F2,IMPHASH=B7A4477FA36E2E5287EE76AC4AFCB05B","technique_id=T1053,technique_name=Scheduled Task",Microsoft Corporation,10.0.19041.3636 (WinBuild.160101.0800),NT AUTHORITY\\SYSTEM,"[""Scheduled Task""]","[""T1053.005""]","[""Execution"",""Persistence"",""Privilege Escalation""]", , , , , , , , , , , , , , , , , , , , , , , , , , , , , , , , , , , , , , , , , , , , , , , , , , , , , , , , , , , , , , , , , , , , , , , , , , , , , , , , , , , , , , , , , , , , , , , , , , , , , , , , , , , , , , , , , , , , , , , , , , , , , , , , 
wazuh-alerts-4.x-2024.12.10,lsf-sJMBnOFSf1lyuEWA,1,1,192.168.117.136,window-agent3,3,Maryam, , , ,7,0x8000000000000000,{5770385f-c22a-43e0-bf4c-06f5698ffbd9},4,Microsoft-Windows-Sysmon/Operational,0,"""Image loaded:
RuleName: technique_id=T1053,technique_name=Scheduled Task
UtcTime: 2024-12-10 14:34:53.729
ProcessGuid: {15959494-5173-6758-e800-000000000200}
ProcessId: 3912
Image: C:\Program Files\Windows Defender\MsMpEng.exe
ImageLoaded: C:\Windows\System32\taskschd.dll
FileVersion: 10.0.19041.3636 (WinBuild.160101.0800)
Description: Task Scheduler COM API
Product: Microsoft® Windows® Operating System
Company: Microsoft Corporation
OriginalFileName: taskschd.dll
Hashes: SHA1=633C92F5A5000CDE3235C7FDC306B2B04C501C48,MD5=84F942C1A4BD60C94EBEC6643E0216C9,SHA256=BBE733452E6CE871D5D2064948847AAB2A71F7FEDA2C962BA4002F64E2D198F2,IMPHASH=B7A4477FA36E2E5287EE76AC4AFCB05B
Signed: true
Signature: Microsoft Windows
SignatureStatus: Valid
User: NT AUTHORITY\SYSTEM""",3,2024-12-10T14:34:54.2561746Z,2755,3480,DESKTOP-QGB4EQH,7,2452,INFORMATION,Microsoft-Windows-Sysmon,18,FALSE,4,Process loaded taskschd.dll module. May be used to create delayed malware execution,"[""sysmon"",""sysmon_eid7_detections"",""windows""]",92154,windows_eventchannel,log,"Dec 10, 2024 @ 14:35:01.721",EventChannel,1733841301,"Dec 10, 2024 @ 14:35:01.721", , , , , ,taskschd.dll,C:\\Program Files\\Windows Defender\\MsMpEng.exe,Microsoft® Windows® Operating System,Microsoft Windows,C:\\Windows\\System32\\taskschd.dll,Task Scheduler COM API,TRUE,Valid,{15959494-5173-6758-e800-000000000200},3912,34:53.7,"SHA1=633C92F5A5000CDE3235C7FDC306B2B04C501C48,MD5=84F942C1A4BD60C94EBEC6643E0216C9,SHA256=BBE733452E6CE871D5D2064948847AAB2A71F7FEDA2C962BA4002F64E2D198F2,IMPHASH=B7A4477FA36E2E5287EE76AC4AFCB05B","technique_id=T1053,technique_name=Scheduled Task",Microsoft Corporation,10.0.19041.3636 (WinBuild.160101.0800),NT AUTHORITY\\SYSTEM,"[""Scheduled Task""]","[""T1053.005""]","[""Execution"",""Persistence"",""Privilege Escalation""]", , , , , , , , , , , , , , , , , , , , , , , , , , , , , , , , , , , , , , , , , , , , , , , , , , , , , , , , , , , , , , , , , , , , , , , , , , , , , , , , , , , , , , , , , , , , , , , , , , , , , , , , , , , , , , , , , , , , , , , , , , , , , , , , 
wazuh-alerts-4.x-2024.12.10,l8f-sJMBnOFSf1lyuEWA,1,1,192.168.117.136,window-agent3,3,Maryam, , , ,11,0x8000000000000000,{5770385f-c22a-43e0-bf4c-06f5698ffbd9},4,Microsoft-Windows-Sysmon/Operational,0,"""File created:
RuleName: technique_id=T1574.010,technique_name=Services File Permissions Weakness
UtcTime: 2024-12-10 14:34:56.058
ProcessGuid: {15959494-50d9-6758-2800-000000000200}
ProcessId: 2096
Image: C:\WINDOWS\System32\spoolsv.exe
TargetFilename: C:\Windows\System32\spool\drivers\x64\3\New\FXSDRV.DLL
CreationUtcTime: 2024-12-10 14:34:56.058
User: NT AUTHORITY\SYSTEM""",2,2024-12-10T14:34:56.1269114Z,2767,3480,DESKTOP-QGB4EQH,11,2452,INFORMATION,Microsoft-Windows-Sysmon,15,TRUE,12,"DLL file created by printer spool service, possible malware binary drop from PrintNightmare exploit","[""sysmon"",""sysmon_eid11_detections"",""windows""]",92206,windows_eventchannel,log,"Dec 10, 2024 @ 14:35:02.147",EventChannel,1733841302,"Dec 10, 2024 @ 14:35:02.147", , , , , , ,C:\\WINDOWS\\System32\\spoolsv.exe, , , , , , ,{15959494-50d9-6758-2800-000000000200},2096,34:56.1, ,"technique_id=T1574.010,technique_name=Services File Permissions Weakness", , ,NT AUTHORITY\\SYSTEM,"[""Services File Permissions Weakness""]","[""T1574.010""]","[""Persistence"",""Privilege Escalation"",""Defense Evasion""]", ,C:\\Windows\\System32\\spool\\drivers\\x64\\3\\New\\FXSDRV.DLL,34:56.1, , , , , , , , , , , , , , , , , , , , , , , , , , , , , , , , , , , , , , , , , , , , , , , , , , , , , , , , , , , , , , , , , , , , , , , , , , , , , , , , , , , , , , , , , , , , , , , , , , , , , , , , , , , , , , , , , , , , , , , , , , , , , 
wazuh-alerts-4.x-2024.12.10,mcf-sJMBnOFSf1lyuEWA,1,1,192.168.117.136,window-agent3,3,Maryam, , , ,11,0x8000000000000000,{5770385f-c22a-43e0-bf4c-06f5698ffbd9},4,Microsoft-Windows-Sysmon/Operational,0,"""File created:
RuleName: technique_id=T1574.010,technique_name=Services File Permissions Weakness
UtcTime: 2024-12-10 14:34:56.808
ProcessGuid: {15959494-50d9-6758-2800-000000000200}
ProcessId: 2096
Image: C:\WINDOWS\System32\spoolsv.exe
TargetFilename: C:\Windows\System32\spool\drivers\x64\3\New\FXSUI.DLL
CreationUtcTime: 2024-12-11 01:51:49.958
User: NT AUTHORITY\SYSTEM""",2,2024-12-10T14:34:56.8352853Z,2769,3480,DESKTOP-QGB4EQH,11,2452,INFORMATION,Microsoft-Windows-Sysmon,17,TRUE,12,"DLL file created by printer spool service, possible malware binary drop from PrintNightmare exploit","[""sysmon"",""sysmon_eid11_detections"",""windows""]",92206,windows_eventchannel,log,"Dec 10, 2024 @ 14:35:02.163",EventChannel,1733841302,"Dec 10, 2024 @ 14:35:02.163", , , , , , ,C:\\WINDOWS\\System32\\spoolsv.exe, , , , , , ,{15959494-50d9-6758-2800-000000000200},2096,34:56.8, ,"technique_id=T1574.010,technique_name=Services File Permissions Weakness", , ,NT AUTHORITY\\SYSTEM,"[""Services File Permissions Weakness""]","[""T1574.010""]","[""Persistence"",""Privilege Escalation"",""Defense Evasion""]", ,C:\\Windows\\System32\\spool\\drivers\\x64\\3\\New\\FXSUI.DLL,51:50.0, , , , , , , , , , , , , , , , , , , , , , , , , , , , , , , , , , , , , , , , , , , , , , , , , , , , , , , , , , , , , , , , , , , , , , , , , , , , , , , , , , , , , , , , , , , , , , , , , , , , , , , , , , , , , , , , , , , , , , , , , , , , , 
wazuh-alerts-4.x-2024.12.10,msf-sJMBnOFSf1lyuEWA,1,1,192.168.117.136,window-agent3,3,Maryam, , , ,11,0x8000000000000000,{5770385f-c22a-43e0-bf4c-06f5698ffbd9},4,Microsoft-Windows-Sysmon/Operational,0,"""File created:
RuleName: technique_id=T1574.010,technique_name=Services File Permissions Weakness
UtcTime: 2024-12-10 14:34:57.042
ProcessGuid: {15959494-50d9-6758-2800-000000000200}
ProcessId: 2096
Image: C:\WINDOWS\System32\spoolsv.exe
TargetFilename: C:\Windows\System32\spool\drivers\x64\3\New\FXSWZRD.DLL
CreationUtcTime: 2024-12-10 14:34:57.042
User: NT AUTHORITY\SYSTEM""",2,2024-12-10T14:34:57.0602342Z,2770,3480,DESKTOP-QGB4EQH,11,2452,INFORMATION,Microsoft-Windows-Sysmon,18,TRUE,12,"DLL file created by printer spool service, possible malware binary drop from PrintNightmare exploit","[""sysmon"",""sysmon_eid11_detections"",""windows""]",92206,windows_eventchannel,log,"Dec 10, 2024 @ 14:35:02.433",EventChannel,1733841302,"Dec 10, 2024 @ 14:35:02.433", , , , , , ,C:\\WINDOWS\\System32\\spoolsv.exe, , , , , , ,{15959494-50d9-6758-2800-000000000200},2096,34:57.0, ,"technique_id=T1574.010,technique_name=Services File Permissions Weakness", , ,NT AUTHORITY\\SYSTEM,"[""Services File Permissions Weakness""]","[""T1574.010""]","[""Persistence"",""Privilege Escalation"",""Defense Evasion""]", ,C:\\Windows\\System32\\spool\\drivers\\x64\\3\\New\\FXSWZRD.DLL,34:57.0, , , , , , , , , , , , , , , , , , , , , , , , , , , , , , , , , , , , , , , , , , , , , , , , , , , , , , , , , , , , , , , , , , , , , , , , , , , , , , , , , , , , , , , , , , , , , , , , , , , , , , , , , , , , , , , , , , , , , , , , , , , , , 
wazuh-alerts-4.x-2024.12.10,oMf-sJMBnOFSf1lyvEVo,1,1,192.168.117.136,window-agent3,3,Maryam, , , ,7,0x8000000000000000,{5770385f-c22a-43e0-bf4c-06f5698ffbd9},4,Microsoft-Windows-Sysmon/Operational,0,"""Image loaded:
RuleName: technique_id=T1210,technique_name=Exploitation of Remote Services
UtcTime: 2024-12-10 14:34:57.698
ProcessGuid: {15959494-50d9-6758-2800-000000000200}
ProcessId: 2096
Image: C:\Windows\System32\spoolsv.exe
ImageLoaded: C:\Windows\System32\spool\drivers\x64\3\FXSTIFF.DLL
FileVersion: 10.0.19041.5072 (WinBuild.160101.0800)
Description: Microsoft  Fax TIFF library
Product: Microsoft® Windows® Operating System
Company: Microsoft Corporation
OriginalFileName: FXSTIFF.DLL
Hashes: SHA1=71281B835CF24E51E4880E66228257CDF60C20DA,MD5=6026E353767BB2A1F39F634CF2240ACC,SHA256=2BE560EA837E582A53926B9C06CC3002A5E4498BDEC697A4E53775A5BCDB92C7,IMPHASH=2EED87AE43798EB1649FE4AB586EBA8D
Signed: true
Signature: Microsoft Windows
SignatureStatus: Valid
User: NT AUTHORITY\SYSTEM""",3,2024-12-10T14:34:57.7284105Z,2806,3484,DESKTOP-QGB4EQH,7,2452,INFORMATION,Microsoft-Windows-Sysmon,6,FALSE,6,Printer spooler service loaded a dll file. Possible PrintNightmare exploit: CVE-2021-34527,"[""sysmon"",""sysmon_eid7_detections"",""windows""]",92152,windows_eventchannel,log,"Dec 10, 2024 @ 14:35:03.350",EventChannel,1733841303,"Dec 10, 2024 @ 14:35:03.350", , , , , ,FXSTIFF.DLL,C:\\Windows\\System32\\spoolsv.exe,Microsoft® Windows® Operating System,Microsoft Windows,C:\\Windows\\System32\\spool\\drivers\\x64\\3\\FXSTIFF.DLL,Microsoft  Fax TIFF library,TRUE,Valid,{15959494-50d9-6758-2800-000000000200},2096,34:57.7,"SHA1=71281B835CF24E51E4880E66228257CDF60C20DA,MD5=6026E353767BB2A1F39F634CF2240ACC,SHA256=2BE560EA837E582A53926B9C06CC3002A5E4498BDEC697A4E53775A5BCDB92C7,IMPHASH=2EED87AE43798EB1649FE4AB586EBA8D","technique_id=T1210,technique_name=Exploitation of Remote Services",Microsoft Corporation,10.0.19041.5072 (WinBuild.160101.0800),NT AUTHORITY\\SYSTEM,"[""Exploitation of Remote Services""]","[""T1210""]","[""Lateral Movement""]", , , , , , , , , , , , , , , , , , , , , , , , , , , , , , , , , , , , , , , , , , , , , , , , , , , , , , , , , , , , , , , , , , , , , , , , , , , , , , , , , , , , , , , , , , , , , , , , , , , , , , , , , , , , , , , , , , , , , , , , , , , , , , , , 
wazuh-alerts-4.x-2024.12.10,ocf-sJMBnOFSf1lyvEVo,1,1,192.168.117.136,window-agent3,3,Maryam, , , ,7,0x8000000000000000,{5770385f-c22a-43e0-bf4c-06f5698ffbd9},4,Microsoft-Windows-Sysmon/Operational,0,"""Image loaded:
RuleName: technique_id=T1210,technique_name=Exploitation of Remote Services
UtcTime: 2024-12-10 14:34:57.777
ProcessGuid: {15959494-50d9-6758-2800-000000000200}
ProcessId: 2096
Image: C:\Windows\System32\spoolsv.exe
ImageLoaded: C:\Windows\System32\spool\drivers\x64\3\FXSRES.DLL
FileVersion: 10.0.19041.5072 (WinBuild.160101.0800)
Description: Microsoft  Fax Resource DLL
Product: Microsoft® Windows® Operating System
Company: Microsoft Corporation
OriginalFileName: FXSRES.DLL
Hashes: SHA1=844CF3F5ACDB2FEF83B128203B88F067D8E7C758,MD5=B8C45D66C94F4D4B4807B4A34CFFFFEC,SHA256=CDEDC76F8F2F710151CA30B7AA65FB87F227C15726B96698C774FBFE743AF339,IMPHASH=00000000000000000000000000000000
Signed: true
Signature: Microsoft Windows
SignatureStatus: Valid
User: NT AUTHORITY\SYSTEM""",3,2024-12-10T14:34:57.8275016Z,2815,3484,DESKTOP-QGB4EQH,7,2452,INFORMATION,Microsoft-Windows-Sysmon,7,FALSE,6,Printer spooler service loaded a dll file. Possible PrintNightmare exploit: CVE-2021-34527,"[""sysmon"",""sysmon_eid7_detections"",""windows""]",92152,windows_eventchannel,log,"Dec 10, 2024 @ 14:35:03.585",EventChannel,1733841303,"Dec 10, 2024 @ 14:35:03.585", , , , , ,FXSRES.DLL,C:\\Windows\\System32\\spoolsv.exe,Microsoft® Windows® Operating System,Microsoft Windows,C:\\Windows\\System32\\spool\\drivers\\x64\\3\\FXSRES.DLL,Microsoft  Fax Resource DLL,TRUE,Valid,{15959494-50d9-6758-2800-000000000200},2096,34:57.8,"SHA1=844CF3F5ACDB2FEF83B128203B88F067D8E7C758,MD5=B8C45D66C94F4D4B4807B4A34CFFFFEC,SHA256=CDEDC76F8F2F710151CA30B7AA65FB87F227C15726B96698C774FBFE743AF339,IMPHASH=00000000000000000000000000000000","technique_id=T1210,technique_name=Exploitation of Remote Services",Microsoft Corporation,10.0.19041.5072 (WinBuild.160101.0800),NT AUTHORITY\\SYSTEM,"[""Exploitation of Remote Services""]","[""T1210""]","[""Lateral Movement""]", , , , , , , , , , , , , , , , , , , , , , , , , , , , , , , , , , , , , , , , , , , , , , , , , , , , , , , , , , , , , , , , , , , , , , , , , , , , , , , , , , , , , , , , , , , , , , , , , , , , , , , , , , , , , , , , , , , , , , , , , , , , , , , , 
wazuh-alerts-4.x-2024.12.10,osf-sJMBnOFSf1lyvEVo,1,1,192.168.117.136,window-agent3,3,Maryam, , , ,7,0x8000000000000000,{5770385f-c22a-43e0-bf4c-06f5698ffbd9},4,Microsoft-Windows-Sysmon/Operational,0,"""Image loaded:
RuleName: technique_id=T1210,technique_name=Exploitation of Remote Services
UtcTime: 2024-12-10 14:34:57.777
ProcessGuid: {15959494-50d9-6758-2800-000000000200}
ProcessId: 2096
Image: C:\Windows\System32\spoolsv.exe
ImageLoaded: C:\Windows\System32\spool\drivers\x64\3\FXSRES.DLL
FileVersion: 10.0.19041.5072 (WinBuild.160101.0800)
Description: Microsoft  Fax Resource DLL
Product: Microsoft® Windows® Operating System
Company: Microsoft Corporation
OriginalFileName: FXSRES.DLL
Hashes: SHA1=844CF3F5ACDB2FEF83B128203B88F067D8E7C758,MD5=B8C45D66C94F4D4B4807B4A34CFFFFEC,SHA256=CDEDC76F8F2F710151CA30B7AA65FB87F227C15726B96698C774FBFE743AF339,IMPHASH=00000000000000000000000000000000
Signed: true
Signature: Microsoft Windows
SignatureStatus: Valid
User: NT AUTHORITY\SYSTEM""",3,2024-12-10T14:34:57.8276857Z,2816,3484,DESKTOP-QGB4EQH,7,2452,INFORMATION,Microsoft-Windows-Sysmon,8,FALSE,6,Printer spooler service loaded a dll file. Possible PrintNightmare exploit: CVE-2021-34527,"[""sysmon"",""sysmon_eid7_detections"",""windows""]",92152,windows_eventchannel,log,"Dec 10, 2024 @ 14:35:03.605",EventChannel,1733841303,"Dec 10, 2024 @ 14:35:03.605", , , , , ,FXSRES.DLL,C:\\Windows\\System32\\spoolsv.exe,Microsoft® Windows® Operating System,Microsoft Windows,C:\\Windows\\System32\\spool\\drivers\\x64\\3\\FXSRES.DLL,Microsoft  Fax Resource DLL,TRUE,Valid,{15959494-50d9-6758-2800-000000000200},2096,34:57.8,"SHA1=844CF3F5ACDB2FEF83B128203B88F067D8E7C758,MD5=B8C45D66C94F4D4B4807B4A34CFFFFEC,SHA256=CDEDC76F8F2F710151CA30B7AA65FB87F227C15726B96698C774FBFE743AF339,IMPHASH=00000000000000000000000000000000","technique_id=T1210,technique_name=Exploitation of Remote Services",Microsoft Corporation,10.0.19041.5072 (WinBuild.160101.0800),NT AUTHORITY\\SYSTEM,"[""Exploitation of Remote Services""]","[""T1210""]","[""Lateral Movement""]", , , , , , , , , , , , , , , , , , , , , , , , , , , , , , , , , , , , , , , , , , , , , , , , , , , , , , , , , , , , , , , , , , , , , , , , , , , , , , , , , , , , , , , , , , , , , , , , , , , , , , , , , , , , , , , , , , , , , , , , , , , , , , , , 
wazuh-alerts-4.x-2024.12.10,pMf-sJMBnOFSf1lywEVQ,1,1,192.168.117.136,window-agent3,3,Maryam, , , ,7,0x8000000000000000,{5770385f-c22a-43e0-bf4c-06f5698ffbd9},4,Microsoft-Windows-Sysmon/Operational,0,"""Image loaded:
RuleName: technique_id=T1210,technique_name=Exploitation of Remote Services
UtcTime: 2024-12-10 14:34:57.807
ProcessGuid: {15959494-50d9-6758-2800-000000000200}
ProcessId: 2096
Image: C:\Windows\System32\spoolsv.exe
ImageLoaded: C:\Windows\System32\spool\drivers\x64\3\FXSDRV.DLL
FileVersion: 10.0.19041.5072 (WinBuild.160101.0800)
Description: Microsoft  Fax Printer Driver
Product: Microsoft® Windows® Operating System
Company: Microsoft Corporation
OriginalFileName: FXSDRV.DLL
Hashes: SHA1=833CE8B9AC3696618874A5D66C53FC1E322E257B,MD5=79B2642F243AA8C1E10B03B72D20A68A,SHA256=0615D54A8050F8F2B541827B44B387CDF9870BA96FDAD08668FB1F89EB06A6C8,IMPHASH=065229793912D7069B4C5F2C39B9DC64
Signed: true
Signature: Microsoft Windows
SignatureStatus: Valid
User: NT AUTHORITY\SYSTEM""",3,2024-12-10T14:34:57.8380326Z,2819,3484,DESKTOP-QGB4EQH,7,2452,INFORMATION,Microsoft-Windows-Sysmon,10,FALSE,6,Printer spooler service loaded a dll file. Possible PrintNightmare exploit: CVE-2021-34527,"[""sysmon"",""sysmon_eid7_detections"",""windows""]",92152,windows_eventchannel,log,"Dec 10, 2024 @ 14:35:03.646",EventChannel,1733841303,"Dec 10, 2024 @ 14:35:03.646", , , , , ,FXSDRV.DLL,C:\\Windows\\System32\\spoolsv.exe,Microsoft® Windows® Operating System,Microsoft Windows,C:\\Windows\\System32\\spool\\drivers\\x64\\3\\FXSDRV.DLL,Microsoft  Fax Printer Driver,TRUE,Valid,{15959494-50d9-6758-2800-000000000200},2096,34:57.8,"SHA1=833CE8B9AC3696618874A5D66C53FC1E322E257B,MD5=79B2642F243AA8C1E10B03B72D20A68A,SHA256=0615D54A8050F8F2B541827B44B387CDF9870BA96FDAD08668FB1F89EB06A6C8,IMPHASH=065229793912D7069B4C5F2C39B9DC64","technique_id=T1210,technique_name=Exploitation of Remote Services",Microsoft Corporation,10.0.19041.5072 (WinBuild.160101.0800),NT AUTHORITY\\SYSTEM,"[""Exploitation of Remote Services""]","[""T1210""]","[""Lateral Movement""]", , , , , , , , , , , , , , , , , , , , , , , , , , , , , , , , , , , , , , , , , , , , , , , , , , , , , , , , , , , , , , , , , , , , , , , , , , , , , , , , , , , , , , , , , , , , , , , , , , , , , , , , , , , , , , , , , , , , , , , , , , , , , , , , 
