wazuh-alerts-4.x-2024.12.10,5_RRspMBtNh2X6vnUN40,1,1,192.168.117.136,window-agent3,3,Maryam, , , ,4624,0x8020000000000000,{54849625-5478-4994-a5ba-3e3b0328c30d},0,Security,0,"""An account was successfully logged on.

Subject:
	Security ID:		S-1-5-18
	Account Name:		DESKTOP-QGB4EQH$
	Account Domain:		WORKGROUP
	Logon ID:		0x3E7

Logon Information:
	Logon Type:		5
	Restricted Admin Mode:	-
	Virtual Account:		No
	Elevated Token:		Yes

Impersonation Level:		Impersonation

New Logon:
	Security ID:		S-1-5-18
	Account Name:		SYSTEM
	Account Domain:		NT AUTHORITY
	Logon ID:		0x3E7
	Linked Logon ID:		0x0
	Network Account Name:	-
	Network Account Domain:	-
	Logon GUID:		{00000000-0000-0000-0000-000000000000}

Process Information:
	Process ID:		0x2b4
	Process Name:		C:\Windows\System32\services.exe

Network Information:
	Workstation Name:	-
	Source Network Address:	-
	Source Port:		-

Detailed Authentication Information:
	Logon Process:		Advapi  
	Authentication Package:	Negotiate
	Transited Services:	-
	Package Name (NTLM only):	-
	Key Length:		0

This event is generated when a logon session is created. It is generated on the computer that was accessed.

The subject fields indicate the account on the local system which requested the logon. This is most commonly a service such as the Server service, or a local process such as Winlogon.exe or Services.exe.

The logon type field indicates the kind of logon that occurred. The most common types are 2 (interactive) and 3 (network).

The New Logon fields indicate the account for whom the new logon was created, i.e. the account that was logged on.

The network fields indicate where a remote logon request originated. Workstation name is not always available and may be left blank in some cases.

The impersonation level field indicates the extent to which a process in the logon session can impersonate.

The authentication information fields provide detailed information about this specific logon request.
	- Logon GUID is a unique identifier that can be used to correlate this event with a KDC event.
	- Transited services indicate which intermediate services have participated in this logon request.
	- Package name indicates which sub-protocol was used among the NTLM protocols.
	- Key length indicates the length of the generated session key. This will be 0 if no session key was requested.""",2,2024-12-10T17:35:54.3153772Z,978,1720,DESKTOP-QGB4EQH,12544,716,AUDIT_SUCCESS,Microsoft-Windows-Security-Auditing,4,FALSE,3,Windows logon success.,"[""windows"",""windows_security"",""authentication_success""]",60106,windows_eventchannel,log,"Dec 10, 2024 @ 17:35:55.129",EventChannel,1733852155,"Dec 10, 2024 @ 17:35:55.129", , , ,"[""IV_32.2""]","[""7.1"",""7.2""]", , , , , , , , , ,0x2b4, , , , , , ,"[""Valid Accounts""]","[""T1078""]","[""Defense Evasion"",""Persistence"",""Privilege Escalation"",""Initial Access""]", , , , , , ,"[""10.2.5""]","[""164.312.b""]","[""CC6.8"",""CC7.2"",""CC7.3""]","[""AC.7"",""AU.14""]", , ,{00000000-0000-0000-0000-000000000000}, , , , , , , , , ,0x3e7,WORKGROUP,0x0,%%1833,Negotiate,0x3e7,Advapi,SYSTEM,0,%%1842,S-1-5-18,C:\\Windows\\System32\\services.exe,NT AUTHORITY,S-1-5-18,%%1843,5,DESKTOP-QGB4EQH$, , , , , , , , , , , , , , , , , , , , , , , , , , , , , , , , , , , , , , , , , , , , , , , , , , , , , , , , , , , , , , , , , , , , , , , , , , , , , , , , , , , , , , , , , 
wazuh-alerts-4.x-2024.12.10,6vRRspMBtNh2X6vnUN40,1,1,192.168.117.136,window-agent3,3,Maryam, , , ,7,0x8000000000000000,{5770385f-c22a-43e0-bf4c-06f5698ffbd9},4,Microsoft-Windows-Sysmon/Operational,0,"""Image loaded:
RuleName: technique_id=T1053,technique_name=Scheduled Task
UtcTime: 2024-12-10 17:36:24.369
ProcessGuid: {15959494-7bf3-6758-4901-000000000300}
ProcessId: 6064
Image: C:\Windows\System32\sppsvc.exe
ImageLoaded: C:\Windows\System32\taskschd.dll
FileVersion: 10.0.19041.3636 (WinBuild.160101.0800)
Description: Task Scheduler COM API
Product: Microsoft® Windows® Operating System
Company: Microsoft Corporation
OriginalFileName: taskschd.dll
Hashes: SHA1=633C92F5A5000CDE3235C7FDC306B2B04C501C48,MD5=84F942C1A4BD60C94EBEC6643E0216C9,SHA256=BBE733452E6CE871D5D2064948847AAB2A71F7FEDA2C962BA4002F64E2D198F2,IMPHASH=B7A4477FA36E2E5287EE76AC4AFCB05B
Signed: true
Signature: Microsoft Windows
SignatureStatus: Valid
User: NT AUTHORITY\NETWORK SERVICE""",3,2024-12-10T17:36:24.3794339Z,7518,3880,DESKTOP-QGB4EQH,7,2624,INFORMATION,Microsoft-Windows-Sysmon,6,FALSE,4,Process loaded taskschd.dll module. May be used to create delayed malware execution,"[""sysmon"",""sysmon_eid7_detections"",""windows""]",92154,windows_eventchannel,log,"Dec 10, 2024 @ 17:36:25.122",EventChannel,1733852185,"Dec 10, 2024 @ 17:36:25.122", , , , , ,taskschd.dll,C:\\Windows\\System32\\sppsvc.exe,Microsoft® Windows® Operating System,Microsoft Windows,C:\\Windows\\System32\\taskschd.dll,Task Scheduler COM API,TRUE,Valid,{15959494-7bf3-6758-4901-000000000300},6064,36:24.4,"SHA1=633C92F5A5000CDE3235C7FDC306B2B04C501C48,MD5=84F942C1A4BD60C94EBEC6643E0216C9,SHA256=BBE733452E6CE871D5D2064948847AAB2A71F7FEDA2C962BA4002F64E2D198F2,IMPHASH=B7A4477FA36E2E5287EE76AC4AFCB05B","technique_id=T1053,technique_name=Scheduled Task",Microsoft Corporation,10.0.19041.3636 (WinBuild.160101.0800),NT AUTHORITY\\NETWORK SERVICE,"[""Scheduled Task""]","[""T1053.005""]","[""Execution"",""Persistence"",""Privilege Escalation""]", , , , , , , , , , , , , , , , , , , , , , , , , , , , , , , , , , , , , , , , , , , , , , , , , , , , , , , , , , , , , , , , , , , , , , , , , , , , , , , , , , , , , , , , , , , , , , , , , , , , , , , , , , , , , , , , , , , , , , , , , , , , , , , , 
wazuh-alerts-4.x-2024.12.10,7fRRspMBtNh2X6vnUN40,1,1,192.168.117.136,window-agent3,3,Maryam, , , ,11,0x8000000000000000,{5770385f-c22a-43e0-bf4c-06f5698ffbd9},4,Microsoft-Windows-Sysmon/Operational,0,"""File created:
RuleName: technique_id=T1574.010,technique_name=Services File Permissions Weakness
UtcTime: 2024-12-10 17:36:31.416
ProcessGuid: {15959494-7b00-6758-1200-000000000300}
ProcessId: 64
Image: C:\WINDOWS\system32\svchost.exe
TargetFilename: C:\Windows\SoftwareDistribution\Download\574ea5e93a93625d3c1b7092246bf566\Metadata\Dpx.dll
CreationUtcTime: 2024-12-10 17:36:31.416
User: NT AUTHORITY\SYSTEM""",2,2024-12-10T17:36:31.4170356Z,7526,3880,DESKTOP-QGB4EQH,11,2624,INFORMATION,Microsoft-Windows-Sysmon,3,FALSE,6,Possible DLL search order hijack by C:\\Windows\\SoftwareDistribution\\Download\\574ea5e93a93625d3c1b7092246bf566\\Metadata\\Dpx.dll created in Windows root folder,"[""sysmon"",""sysmon_eid11_detections"",""windows""]",92219,windows_eventchannel,log,"Dec 10, 2024 @ 17:36:32.166",EventChannel,1733852192,"Dec 10, 2024 @ 17:36:32.166", , , , , , ,C:\\WINDOWS\\system32\\svchost.exe, , , , , , ,{15959494-7b00-6758-1200-000000000300},64,36:31.4, ,"technique_id=T1574.010,technique_name=Services File Permissions Weakness", , ,NT AUTHORITY\\SYSTEM,"[""DLL Search Order Hijacking"",""DLL Side-Loading""]","[""T1574.001"",""T1574.002""]","[""Persistence"",""Privilege Escalation"",""Defense Evasion""]", ,C:\\Windows\\SoftwareDistribution\\Download\\574ea5e93a93625d3c1b7092246bf566\\Metadata\\Dpx.dll,36:31.4, , , , , , , , , , , , , , , , , , , , , , , , , , , , , , , , , , , , , , , , , , , , , , , , , , , , , , , , , , , , , , , , , , , , , , , , , , , , , , , , , , , , , , , , , , , , , , , , , , , , , , , , , , , , , , , , , , , , , , , , , , , , , 
wazuh-alerts-4.x-2024.12.10,7vRRspMBtNh2X6vnUN40,1,1,192.168.117.136,window-agent3,3,Maryam, , , ,11,0x8000000000000000,{5770385f-c22a-43e0-bf4c-06f5698ffbd9},4,Microsoft-Windows-Sysmon/Operational,0,"""File created:
RuleName: technique_id=T1574.010,technique_name=Services File Permissions Weakness
UtcTime: 2024-12-10 17:36:31.416
ProcessGuid: {15959494-7b00-6758-1200-000000000300}
ProcessId: 64
Image: C:\WINDOWS\system32\svchost.exe
TargetFilename: C:\Windows\SoftwareDistribution\Download\574ea5e93a93625d3c1b7092246bf566\Metadata\Mitigation.dll
CreationUtcTime: 2024-12-10 17:36:31.416
User: NT AUTHORITY\SYSTEM""",2,2024-12-10T17:36:31.4273780Z,7527,3880,DESKTOP-QGB4EQH,11,2624,INFORMATION,Microsoft-Windows-Sysmon,4,FALSE,6,Possible DLL search order hijack by C:\\Windows\\SoftwareDistribution\\Download\\574ea5e93a93625d3c1b7092246bf566\\Metadata\\Mitigation.dll created in Windows root folder,"[""sysmon"",""sysmon_eid11_detections"",""windows""]",92219,windows_eventchannel,log,"Dec 10, 2024 @ 17:36:32.166",EventChannel,1733852192,"Dec 10, 2024 @ 17:36:32.166", , , , , , ,C:\\WINDOWS\\system32\\svchost.exe, , , , , , ,{15959494-7b00-6758-1200-000000000300},64,36:31.4, ,"technique_id=T1574.010,technique_name=Services File Permissions Weakness", , ,NT AUTHORITY\\SYSTEM,"[""DLL Search Order Hijacking"",""DLL Side-Loading""]","[""T1574.001"",""T1574.002""]","[""Persistence"",""Privilege Escalation"",""Defense Evasion""]", ,C:\\Windows\\SoftwareDistribution\\Download\\574ea5e93a93625d3c1b7092246bf566\\Metadata\\Mitigation.dll,36:31.4, , , , , , , , , , , , , , , , , , , , , , , , , , , , , , , , , , , , , , , , , , , , , , , , , , , , , , , , , , , , , , , , , , , , , , , , , , , , , , , , , , , , , , , , , , , , , , , , , , , , , , , , , , , , , , , , , , , , , , , , , , , , , 
wazuh-alerts-4.x-2024.12.10,7_RRspMBtNh2X6vnUN40,1,1,192.168.117.136,window-agent3,3,Maryam, , , ,11,0x8000000000000000,{5770385f-c22a-43e0-bf4c-06f5698ffbd9},4,Microsoft-Windows-Sysmon/Operational,0,"""File created:
RuleName: technique_id=T1574.010,technique_name=Services File Permissions Weakness
UtcTime: 2024-12-10 17:36:31.416
ProcessGuid: {15959494-7b00-6758-1200-000000000300}
ProcessId: 64
Image: C:\WINDOWS\system32\svchost.exe
TargetFilename: C:\Windows\SoftwareDistribution\Download\574ea5e93a93625d3c1b7092246bf566\Metadata\UAOneSettings.dll
CreationUtcTime: 2024-12-10 17:36:31.416
User: NT AUTHORITY\SYSTEM""",2,2024-12-10T17:36:31.4319270Z,7528,3880,DESKTOP-QGB4EQH,11,2624,INFORMATION,Microsoft-Windows-Sysmon,5,FALSE,6,Possible DLL search order hijack by C:\\Windows\\SoftwareDistribution\\Download\\574ea5e93a93625d3c1b7092246bf566\\Metadata\\UAOneSettings.dll created in Windows root folder,"[""sysmon"",""sysmon_eid11_detections"",""windows""]",92219,windows_eventchannel,log,"Dec 10, 2024 @ 17:36:32.182",EventChannel,1733852192,"Dec 10, 2024 @ 17:36:32.182", , , , , , ,C:\\WINDOWS\\system32\\svchost.exe, , , , , , ,{15959494-7b00-6758-1200-000000000300},64,36:31.4, ,"technique_id=T1574.010,technique_name=Services File Permissions Weakness", , ,NT AUTHORITY\\SYSTEM,"[""DLL Search Order Hijacking"",""DLL Side-Loading""]","[""T1574.001"",""T1574.002""]","[""Persistence"",""Privilege Escalation"",""Defense Evasion""]", ,C:\\Windows\\SoftwareDistribution\\Download\\574ea5e93a93625d3c1b7092246bf566\\Metadata\\UAOneSettings.dll,36:31.4, , , , , , , , , , , , , , , , , , , , , , , , , , , , , , , , , , , , , , , , , , , , , , , , , , , , , , , , , , , , , , , , , , , , , , , , , , , , , , , , , , , , , , , , , , , , , , , , , , , , , , , , , , , , , , , , , , , , , , , , , , , , , 
wazuh-alerts-4.x-2024.12.10,8vRRspMBtNh2X6vnUN40,1,1,192.168.117.136,window-agent3,3,Maryam, , , ,11,0x8000000000000000,{5770385f-c22a-43e0-bf4c-06f5698ffbd9},4,Microsoft-Windows-Sysmon/Operational,0,"""File created:
RuleName: technique_id=T1574.010,technique_name=Services File Permissions Weakness
UtcTime: 2024-12-10 17:36:41.197
ProcessGuid: {15959494-7b00-6758-1200-000000000300}
ProcessId: 64
Image: C:\WINDOWS\system32\svchost.exe
TargetFilename: C:\Windows\SoftwareDistribution\Download\574ea5e93a93625d3c1b7092246bf566\Metadata\UpdateAgent.dll
CreationUtcTime: 2023-09-13 20:17:30.000
User: NT AUTHORITY\SYSTEM""",2,2024-12-10T17:36:41.2072084Z,7558,3880,DESKTOP-QGB4EQH,11,2624,INFORMATION,Microsoft-Windows-Sysmon,7,FALSE,6,Possible DLL search order hijack by C:\\Windows\\SoftwareDistribution\\Download\\574ea5e93a93625d3c1b7092246bf566\\Metadata\\UpdateAgent.dll created in Windows root folder,"[""sysmon"",""sysmon_eid11_detections"",""windows""]",92219,windows_eventchannel,log,"Dec 10, 2024 @ 17:36:41.871",EventChannel,1733852201,"Dec 10, 2024 @ 17:36:41.871", , , , , , ,C:\\WINDOWS\\system32\\svchost.exe, , , , , , ,{15959494-7b00-6758-1200-000000000300},64,36:41.2, ,"technique_id=T1574.010,technique_name=Services File Permissions Weakness", , ,NT AUTHORITY\\SYSTEM,"[""DLL Search Order Hijacking"",""DLL Side-Loading""]","[""T1574.001"",""T1574.002""]","[""Persistence"",""Privilege Escalation"",""Defense Evasion""]", ,C:\\Windows\\SoftwareDistribution\\Download\\574ea5e93a93625d3c1b7092246bf566\\Metadata\\UpdateAgent.dll,17:30.0, , , , , , , , , , , , , , , , , , , , , , , , , , , , , , , , , , , , , , , , , , , , , , , , , , , , , , , , , , , , , , , , , , , , , , , , , , , , , , , , , , , , , , , , , , , , , , , , , , , , , , , , , , , , , , , , , , , , , , , , , , , , , 
wazuh-alerts-4.x-2024.12.10,'-_RRspMBtNh2X6vnUN41,1,1,192.168.117.136,window-agent3,3,Maryam, , , ,7,0x8000000000000000,{5770385f-c22a-43e0-bf4c-06f5698ffbd9},4,Microsoft-Windows-Sysmon/Operational,0,"""Image loaded:
RuleName: technique_id=T1053,technique_name=Scheduled Task
UtcTime: 2024-12-10 17:37:12.509
ProcessGuid: {15959494-7c48-6758-5c01-000000000300}
ProcessId: 8044
Image: C:\Windows\System32\svchost.exe
ImageLoaded: C:\Windows\System32\taskschd.dll
FileVersion: 10.0.19041.3636 (WinBuild.160101.0800)
Description: Task Scheduler COM API
Product: Microsoft® Windows® Operating System
Company: Microsoft Corporation
OriginalFileName: taskschd.dll
Hashes: SHA1=633C92F5A5000CDE3235C7FDC306B2B04C501C48,MD5=84F942C1A4BD60C94EBEC6643E0216C9,SHA256=BBE733452E6CE871D5D2064948847AAB2A71F7FEDA2C962BA4002F64E2D198F2,IMPHASH=B7A4477FA36E2E5287EE76AC4AFCB05B
Signed: true
Signature: Microsoft Windows
SignatureStatus: Valid
User: NT AUTHORITY\SYSTEM""",3,2024-12-10T17:37:12.5204990Z,7588,3880,DESKTOP-QGB4EQH,7,2624,INFORMATION,Microsoft-Windows-Sysmon,7,FALSE,4,Process loaded taskschd.dll module. May be used to create delayed malware execution,"[""sysmon"",""sysmon_eid7_detections"",""windows""]",92154,windows_eventchannel,log,"Dec 10, 2024 @ 17:37:13.135",EventChannel,1733852233,"Dec 10, 2024 @ 17:37:13.135", , , , , ,taskschd.dll,C:\\Windows\\System32\\svchost.exe,Microsoft® Windows® Operating System,Microsoft Windows,C:\\Windows\\System32\\taskschd.dll,Task Scheduler COM API,TRUE,Valid,{15959494-7c48-6758-5c01-000000000300},8044,37:12.5,"SHA1=633C92F5A5000CDE3235C7FDC306B2B04C501C48,MD5=84F942C1A4BD60C94EBEC6643E0216C9,SHA256=BBE733452E6CE871D5D2064948847AAB2A71F7FEDA2C962BA4002F64E2D198F2,IMPHASH=B7A4477FA36E2E5287EE76AC4AFCB05B","technique_id=T1053,technique_name=Scheduled Task",Microsoft Corporation,10.0.19041.3636 (WinBuild.160101.0800),NT AUTHORITY\\SYSTEM,"[""Scheduled Task""]","[""T1053.005""]","[""Execution"",""Persistence"",""Privilege Escalation""]", , , , , , , , , , , , , , , , , , , , , , , , , , , , , , , , , , , , , , , , , , , , , , , , , , , , , , , , , , , , , , , , , , , , , , , , , , , , , , , , , , , , , , , , , , , , , , , , , , , , , , , , , , , , , , , , , , , , , , , , , , , , , , , , 
wazuh-alerts-4.x-2024.12.10,_fRRspMBtNh2X6vnUN41,1,1,192.168.117.136,window-agent3,3,Maryam, , , ,4624,0x8020000000000000,{54849625-5478-4994-a5ba-3e3b0328c30d},0,Security,0,"""An account was successfully logged on.

Subject:
	Security ID:		S-1-5-18
	Account Name:		DESKTOP-QGB4EQH$
	Account Domain:		WORKGROUP
	Logon ID:		0x3E7

Logon Information:
	Logon Type:		5
	Restricted Admin Mode:	-
	Virtual Account:		No
	Elevated Token:		Yes

Impersonation Level:		Impersonation

New Logon:
	Security ID:		S-1-5-18
	Account Name:		SYSTEM
	Account Domain:		NT AUTHORITY
	Logon ID:		0x3E7
	Linked Logon ID:		0x0
	Network Account Name:	-
	Network Account Domain:	-
	Logon GUID:		{00000000-0000-0000-0000-000000000000}

Process Information:
	Process ID:		0x2b4
	Process Name:		C:\Windows\System32\services.exe

Network Information:
	Workstation Name:	-
	Source Network Address:	-
	Source Port:		-

Detailed Authentication Information:
	Logon Process:		Advapi  
	Authentication Package:	Negotiate
	Transited Services:	-
	Package Name (NTLM only):	-
	Key Length:		0

This event is generated when a logon session is created. It is generated on the computer that was accessed.

The subject fields indicate the account on the local system which requested the logon. This is most commonly a service such as the Server service, or a local process such as Winlogon.exe or Services.exe.

The logon type field indicates the kind of logon that occurred. The most common types are 2 (interactive) and 3 (network).

The New Logon fields indicate the account for whom the new logon was created, i.e. the account that was logged on.

The network fields indicate where a remote logon request originated. Workstation name is not always available and may be left blank in some cases.

The impersonation level field indicates the extent to which a process in the logon session can impersonate.

The authentication information fields provide detailed information about this specific logon request.
	- Logon GUID is a unique identifier that can be used to correlate this event with a KDC event.
	- Transited services indicate which intermediate services have participated in this logon request.
	- Package name indicates which sub-protocol was used among the NTLM protocols.
	- Key length indicates the length of the generated session key. This will be 0 if no session key was requested.""",2,2024-12-10T17:37:12.4095342Z,980,764,DESKTOP-QGB4EQH,12544,716,AUDIT_SUCCESS,Microsoft-Windows-Security-Auditing,5,FALSE,3,Windows logon success.,"[""windows"",""windows_security"",""authentication_success""]",60106,windows_eventchannel,log,"Dec 10, 2024 @ 17:37:13.354",EventChannel,1733852233,"Dec 10, 2024 @ 17:37:13.354", , , ,"[""IV_32.2""]","[""7.1"",""7.2""]", , , , , , , , , ,0x2b4, , , , , , ,"[""Valid Accounts""]","[""T1078""]","[""Defense Evasion"",""Persistence"",""Privilege Escalation"",""Initial Access""]", , , , , , ,"[""10.2.5""]","[""164.312.b""]","[""CC6.8"",""CC7.2"",""CC7.3""]","[""AC.7"",""AU.14""]", , ,{00000000-0000-0000-0000-000000000000}, , , , , , , , , ,0x3e7,WORKGROUP,0x0,%%1833,Negotiate,0x3e7,Advapi,SYSTEM,0,%%1842,S-1-5-18,C:\\Windows\\System32\\services.exe,NT AUTHORITY,S-1-5-18,%%1843,5,DESKTOP-QGB4EQH$, , , , , , , , , , , , , , , , , , , , , , , , , , , , , , , , , , , , , , , , , , , , , , , , , , , , , , , , , , , , , , , , , , , , , , , , , , , , , , , , , , , , , , , , , 
wazuh-alerts-4.x-2024.12.10,_vRRspMBtNh2X6vnUN41,1,1,192.168.117.136,window-agent3,3,Maryam, , , ,11,0x8000000000000000,{5770385f-c22a-43e0-bf4c-06f5698ffbd9},4,Microsoft-Windows-Sysmon/Operational,0,"""File created:
RuleName: technique_id=T1574.010,technique_name=Services File Permissions Weakness
UtcTime: 2024-12-10 17:37:13.525
ProcessGuid: {15959494-7c49-6758-5f01-000000000300}
ProcessId: 9192
Image: C:\WINDOWS\SoftwareDistribution\Download\Install\UpdatePlatform.amd64fre.exe
TargetFilename: C:\Windows\Temp\C1EEE9F1-DA6F-40E6-A2F1-83C1E18FFDF6\DefenderCSP.dll
CreationUtcTime: 2024-12-10 17:37:13.525
User: NT AUTHORITY\SYSTEM""",2,2024-12-10T17:37:13.5402559Z,7613,3880,DESKTOP-QGB4EQH,11,2624,INFORMATION,Microsoft-Windows-Sysmon,4,FALSE,6,Executable dropped in Windows root folder,"[""sysmon"",""sysmon_eid11_detections"",""windows""]",92217,windows_eventchannel,log,"Dec 10, 2024 @ 17:37:14.292",EventChannel,1733852234,"Dec 10, 2024 @ 17:37:14.292", , , , , , ,C:\\WINDOWS\\SoftwareDistribution\\Download\\Install\\UpdatePlatform.amd64fre.exe, , , , , , ,{15959494-7c49-6758-5f01-000000000300},9192,37:13.5, ,"technique_id=T1574.010,technique_name=Services File Permissions Weakness", , ,NT AUTHORITY\\SYSTEM,"[""Lateral Tool Transfer""]","[""T1570""]","[""Lateral Movement""]", ,C:\\Windows\\Temp\\C1EEE9F1-DA6F-40E6-A2F1-83C1E18FFDF6\\DefenderCSP.dll,37:13.5, , , , , , , , , , , , , , , , , , , , , , , , , , , , , , , , , , , , , , , , , , , , , , , , , , , , , , , , , , , , , , , , , , , , , , , , , , , , , , , , , , , , , , , , , , , , , , , , , , , , , , , , , , , , , , , , , , , , , , , , , , , , , 
wazuh-alerts-4.x-2024.12.10,APRRspMBtNh2X6vnUN-R,1,1,192.168.117.136,window-agent3,3,Maryam, , , ,11,0x8000000000000000,{5770385f-c22a-43e0-bf4c-06f5698ffbd9},4,Microsoft-Windows-Sysmon/Operational,0,"""File created:
RuleName: technique_id=T1574.010,technique_name=Services File Permissions Weakness
UtcTime: 2024-12-10 17:37:13.556
ProcessGuid: {15959494-7c49-6758-5f01-000000000300}
ProcessId: 9192
Image: C:\WINDOWS\SoftwareDistribution\Download\Install\UpdatePlatform.amd64fre.exe
TargetFilename: C:\Windows\Temp\C1EEE9F1-DA6F-40E6-A2F1-83C1E18FFDF6\MpAzSubmit.dll
CreationUtcTime: 2024-12-10 17:37:13.556
User: NT AUTHORITY\SYSTEM""",2,2024-12-10T17:37:13.5603131Z,7615,3880,DESKTOP-QGB4EQH,11,2624,INFORMATION,Microsoft-Windows-Sysmon,6,FALSE,6,Executable dropped in Windows root folder,"[""sysmon"",""sysmon_eid11_detections"",""windows""]",92217,windows_eventchannel,log,"Dec 10, 2024 @ 17:37:14.323",EventChannel,1733852234,"Dec 10, 2024 @ 17:37:14.323", , , , , , ,C:\\WINDOWS\\SoftwareDistribution\\Download\\Install\\UpdatePlatform.amd64fre.exe, , , , , , ,{15959494-7c49-6758-5f01-000000000300},9192,37:13.6, ,"technique_id=T1574.010,technique_name=Services File Permissions Weakness", , ,NT AUTHORITY\\SYSTEM,"[""Lateral Tool Transfer""]","[""T1570""]","[""Lateral Movement""]", ,C:\\Windows\\Temp\\C1EEE9F1-DA6F-40E6-A2F1-83C1E18FFDF6\\MpAzSubmit.dll,37:13.6, , , , , , , , , , , , , , , , , , , , , , , , , , , , , , , , , , , , , , , , , , , , , , , , , , , , , , , , , , , , , , , , , , , , , , , , , , , , , , , , , , , , , , , , , , , , , , , , , , , , , , , , , , , , , , , , , , , , , , , , , , , , , 
wazuh-alerts-4.x-2024.12.10,AfRRspMBtNh2X6vnUN-R,1,1,192.168.117.136,window-agent3,3,Maryam, , , ,11,0x8000000000000000,{5770385f-c22a-43e0-bf4c-06f5698ffbd9},4,Microsoft-Windows-Sysmon/Operational,0,"""File created:
RuleName: technique_id=T1574.010,technique_name=Services File Permissions Weakness
UtcTime: 2024-12-10 17:37:13.572
ProcessGuid: {15959494-7c49-6758-5f01-000000000300}
ProcessId: 9192
Image: C:\WINDOWS\SoftwareDistribution\Download\Install\UpdatePlatform.amd64fre.exe
TargetFilename: C:\Windows\Temp\C1EEE9F1-DA6F-40E6-A2F1-83C1E18FFDF6\MpClient.dll
CreationUtcTime: 2024-12-10 17:37:13.572
User: NT AUTHORITY\SYSTEM""",2,2024-12-10T17:37:13.5845909Z,7616,3880,DESKTOP-QGB4EQH,11,2624,INFORMATION,Microsoft-Windows-Sysmon,7,FALSE,6,Executable dropped in Windows root folder,"[""sysmon"",""sysmon_eid11_detections"",""windows""]",92217,windows_eventchannel,log,"Dec 10, 2024 @ 17:37:14.339",EventChannel,1733852234,"Dec 10, 2024 @ 17:37:14.339", , , , , , ,C:\\WINDOWS\\SoftwareDistribution\\Download\\Install\\UpdatePlatform.amd64fre.exe, , , , , , ,{15959494-7c49-6758-5f01-000000000300},9192,37:13.6, ,"technique_id=T1574.010,technique_name=Services File Permissions Weakness", , ,NT AUTHORITY\\SYSTEM,"[""Lateral Tool Transfer""]","[""T1570""]","[""Lateral Movement""]", ,C:\\Windows\\Temp\\C1EEE9F1-DA6F-40E6-A2F1-83C1E18FFDF6\\MpClient.dll,37:13.6, , , , , , , , , , , , , , , , , , , , , , , , , , , , , , , , , , , , , , , , , , , , , , , , , , , , , , , , , , , , , , , , , , , , , , , , , , , , , , , , , , , , , , , , , , , , , , , , , , , , , , , , , , , , , , , , , , , , , , , , , , , , , 
wazuh-alerts-4.x-2024.12.10,BPRRspMBtNh2X6vnUN-R,1,1,192.168.117.136,window-agent3,3,Maryam, , , ,11,0x8000000000000000,{5770385f-c22a-43e0-bf4c-06f5698ffbd9},4,Microsoft-Windows-Sysmon/Operational,0,"""File created:
RuleName: technique_id=T1574.010,technique_name=Services File Permissions Weakness
UtcTime: 2024-12-10 17:37:13.619
ProcessGuid: {15959494-7c49-6758-5f01-000000000300}
ProcessId: 9192
Image: C:\WINDOWS\SoftwareDistribution\Download\Install\UpdatePlatform.amd64fre.exe
TargetFilename: C:\Windows\Temp\C1EEE9F1-DA6F-40E6-A2F1-83C1E18FFDF6\MpDetoursCopyAccelerator.dll
CreationUtcTime: 2024-12-10 17:37:13.619
User: NT AUTHORITY\SYSTEM""",2,2024-12-10T17:37:13.6296068Z,7619,3880,DESKTOP-QGB4EQH,11,2624,INFORMATION,Microsoft-Windows-Sysmon,10,FALSE,6,Executable dropped in Windows root folder,"[""sysmon"",""sysmon_eid11_detections"",""windows""]",92217,windows_eventchannel,log,"Dec 10, 2024 @ 17:37:14.385",EventChannel,1733852234,"Dec 10, 2024 @ 17:37:14.385", , , , , , ,C:\\WINDOWS\\SoftwareDistribution\\Download\\Install\\UpdatePlatform.amd64fre.exe, , , , , , ,{15959494-7c49-6758-5f01-000000000300},9192,37:13.6, ,"technique_id=T1574.010,technique_name=Services File Permissions Weakness", , ,NT AUTHORITY\\SYSTEM,"[""Lateral Tool Transfer""]","[""T1570""]","[""Lateral Movement""]", ,C:\\Windows\\Temp\\C1EEE9F1-DA6F-40E6-A2F1-83C1E18FFDF6\\MpDetoursCopyAccelerator.dll,37:13.6, , , , , , , , , , , , , , , , , , , , , , , , , , , , , , , , , , , , , , , , , , , , , , , , , , , , , , , , , , , , , , , , , , , , , , , , , , , , , , , , , , , , , , , , , , , , , , , , , , , , , , , , , , , , , , , , , , , , , , , , , , , , , 
wazuh-alerts-4.x-2024.12.10,CPRRspMBtNh2X6vnUN-R,1,1,192.168.117.136,window-agent3,3,Maryam, , , ,11,0x8000000000000000,{5770385f-c22a-43e0-bf4c-06f5698ffbd9},4,Microsoft-Windows-Sysmon/Operational,0,"""File created:
RuleName: technique_id=T1574.010,technique_name=Services File Permissions Weakness
UtcTime: 2024-12-10 17:37:13.681
ProcessGuid: {15959494-7c49-6758-5f01-000000000300}
ProcessId: 9192
Image: C:\WINDOWS\SoftwareDistribution\Download\Install\UpdatePlatform.amd64fre.exe
TargetFilename: C:\Windows\Temp\C1EEE9F1-DA6F-40E6-A2F1-83C1E18FFDF6\MpRtp.dll
CreationUtcTime: 2024-12-10 17:37:13.681
User: NT AUTHORITY\SYSTEM""",2,2024-12-10T17:37:13.6927566Z,7623,3880,DESKTOP-QGB4EQH,11,2624,INFORMATION,Microsoft-Windows-Sysmon,14,FALSE,6,Executable dropped in Windows root folder,"[""sysmon"",""sysmon_eid11_detections"",""windows""]",92217,windows_eventchannel,log,"Dec 10, 2024 @ 17:37:14.448",EventChannel,1733852234,"Dec 10, 2024 @ 17:37:14.448", , , , , , ,C:\\WINDOWS\\SoftwareDistribution\\Download\\Install\\UpdatePlatform.amd64fre.exe, , , , , , ,{15959494-7c49-6758-5f01-000000000300},9192,37:13.7, ,"technique_id=T1574.010,technique_name=Services File Permissions Weakness", , ,NT AUTHORITY\\SYSTEM,"[""Lateral Tool Transfer""]","[""T1570""]","[""Lateral Movement""]", ,C:\\Windows\\Temp\\C1EEE9F1-DA6F-40E6-A2F1-83C1E18FFDF6\\MpRtp.dll,37:13.7, , , , , , , , , , , , , , , , , , , , , , , , , , , , , , , , , , , , , , , , , , , , , , , , , , , , , , , , , , , , , , , , , , , , , , , , , , , , , , , , , , , , , , , , , , , , , , , , , , , , , , , , , , , , , , , , , , , , , , , , , , , , , 
wazuh-alerts-4.x-2024.12.10,CfRRspMBtNh2X6vnUN-R,1,1,192.168.117.136,window-agent3,3,Maryam, , , ,11,0x8000000000000000,{5770385f-c22a-43e0-bf4c-06f5698ffbd9},4,Microsoft-Windows-Sysmon/Operational,0,"""File created:
RuleName: technique_id=T1574.010,technique_name=Services File Permissions Weakness
UtcTime: 2024-12-10 17:37:13.697
ProcessGuid: {15959494-7c49-6758-5f01-000000000300}
ProcessId: 9192
Image: C:\WINDOWS\SoftwareDistribution\Download\Install\UpdatePlatform.amd64fre.exe
TargetFilename: C:\Windows\Temp\C1EEE9F1-DA6F-40E6-A2F1-83C1E18FFDF6\MpSenseComm.dll
CreationUtcTime: 2024-12-10 17:37:13.697
User: NT AUTHORITY\SYSTEM""",2,2024-12-10T17:37:13.7120704Z,7624,3880,DESKTOP-QGB4EQH,11,2624,INFORMATION,Microsoft-Windows-Sysmon,15,FALSE,6,Executable dropped in Windows root folder,"[""sysmon"",""sysmon_eid11_detections"",""windows""]",92217,windows_eventchannel,log,"Dec 10, 2024 @ 17:37:14.463",EventChannel,1733852234,"Dec 10, 2024 @ 17:37:14.463", , , , , , ,C:\\WINDOWS\\SoftwareDistribution\\Download\\Install\\UpdatePlatform.amd64fre.exe, , , , , , ,{15959494-7c49-6758-5f01-000000000300},9192,37:13.7, ,"technique_id=T1574.010,technique_name=Services File Permissions Weakness", , ,NT AUTHORITY\\SYSTEM,"[""Lateral Tool Transfer""]","[""T1570""]","[""Lateral Movement""]", ,C:\\Windows\\Temp\\C1EEE9F1-DA6F-40E6-A2F1-83C1E18FFDF6\\MpSenseComm.dll,37:13.7, , , , , , , , , , , , , , , , , , , , , , , , , , , , , , , , , , , , , , , , , , , , , , , , , , , , , , , , , , , , , , , , , , , , , , , , , , , , , , , , , , , , , , , , , , , , , , , , , , , , , , , , , , , , , , , , , , , , , , , , , , , , , 
wazuh-alerts-4.x-2024.12.10,C_RRspMBtNh2X6vnUN-R,1,1,192.168.117.136,window-agent3,3,Maryam, , , ,11,0x8000000000000000,{5770385f-c22a-43e0-bf4c-06f5698ffbd9},4,Microsoft-Windows-Sysmon/Operational,0,"""File created:
RuleName: technique_id=T1574.010,technique_name=Services File Permissions Weakness
UtcTime: 2024-12-10 17:37:13.806
ProcessGuid: {15959494-7c49-6758-5f01-000000000300}
ProcessId: 9192
Image: C:\WINDOWS\SoftwareDistribution\Download\Install\UpdatePlatform.amd64fre.exe
TargetFilename: C:\Windows\Temp\C1EEE9F1-DA6F-40E6-A2F1-83C1E18FFDF6\MpUxAgent.dll
CreationUtcTime: 2024-12-10 17:37:13.806
User: NT AUTHORITY\SYSTEM""",2,2024-12-10T17:37:13.8118801Z,7627,3880,DESKTOP-QGB4EQH,11,2624,INFORMATION,Microsoft-Windows-Sysmon,17,FALSE,6,Executable dropped in Windows root folder,"[""sysmon"",""sysmon_eid11_detections"",""windows""]",92217,windows_eventchannel,log,"Dec 10, 2024 @ 17:37:14.511",EventChannel,1733852234,"Dec 10, 2024 @ 17:37:14.511", , , , , , ,C:\\WINDOWS\\SoftwareDistribution\\Download\\Install\\UpdatePlatform.amd64fre.exe, , , , , , ,{15959494-7c49-6758-5f01-000000000300},9192,37:13.8, ,"technique_id=T1574.010,technique_name=Services File Permissions Weakness", , ,NT AUTHORITY\\SYSTEM,"[""Lateral Tool Transfer""]","[""T1570""]","[""Lateral Movement""]", ,C:\\Windows\\Temp\\C1EEE9F1-DA6F-40E6-A2F1-83C1E18FFDF6\\MpUxAgent.dll,37:13.8, , , , , , , , , , , , , , , , , , , , , , , , , , , , , , , , , , , , , , , , , , , , , , , , , , , , , , , , , , , , , , , , , , , , , , , , , , , , , , , , , , , , , , , , , , , , , , , , , , , , , , , , , , , , , , , , , , , , , , , , , , , , , 
wazuh-alerts-4.x-2024.12.10,DPRRspMBtNh2X6vnUN-R,1,1,192.168.117.136,window-agent3,3,Maryam, , , ,11,0x8000000000000000,{5770385f-c22a-43e0-bf4c-06f5698ffbd9},4,Microsoft-Windows-Sysmon/Operational,0,"""File created:
RuleName: technique_id=T1574.010,technique_name=Services File Permissions Weakness
UtcTime: 2024-12-10 17:37:13.791
ProcessGuid: {15959494-7c49-6758-5f01-000000000300}
ProcessId: 9192
Image: C:\WINDOWS\SoftwareDistribution\Download\Install\UpdatePlatform.amd64fre.exe
TargetFilename: C:\Windows\Temp\C1EEE9F1-DA6F-40E6-A2F1-83C1E18FFDF6\MpUpdate.dll
CreationUtcTime: 2024-12-10 17:37:13.791
User: NT AUTHORITY\SYSTEM""",2,2024-12-10T17:37:13.8042435Z,7626,3880,DESKTOP-QGB4EQH,11,2624,INFORMATION,Microsoft-Windows-Sysmon,18,FALSE,6,Executable dropped in Windows root folder,"[""sysmon"",""sysmon_eid11_detections"",""windows""]",92217,windows_eventchannel,log,"Dec 10, 2024 @ 17:37:14.511",EventChannel,1733852234,"Dec 10, 2024 @ 17:37:14.511", , , , , , ,C:\\WINDOWS\\SoftwareDistribution\\Download\\Install\\UpdatePlatform.amd64fre.exe, , , , , , ,{15959494-7c49-6758-5f01-000000000300},9192,37:13.8, ,"technique_id=T1574.010,technique_name=Services File Permissions Weakness", , ,NT AUTHORITY\\SYSTEM,"[""Lateral Tool Transfer""]","[""T1570""]","[""Lateral Movement""]", ,C:\\Windows\\Temp\\C1EEE9F1-DA6F-40E6-A2F1-83C1E18FFDF6\\MpUpdate.dll,37:13.8, , , , , , , , , , , , , , , , , , , , , , , , , , , , , , , , , , , , , , , , , , , , , , , , , , , , , , , , , , , , , , , , , , , , , , , , , , , , , , , , , , , , , , , , , , , , , , , , , , , , , , , , , , , , , , , , , , , , , , , , , , , , , 
wazuh-alerts-4.x-2024.12.10,DfRRspMBtNh2X6vnUN-R,1,1,192.168.117.136,window-agent3,3,Maryam, , , ,11,0x8000000000000000,{5770385f-c22a-43e0-bf4c-06f5698ffbd9},4,Microsoft-Windows-Sysmon/Operational,0,"""File created:
RuleName: technique_id=T1574.010,technique_name=Services File Permissions Weakness
UtcTime: 2024-12-10 17:37:13.822
ProcessGuid: {15959494-7c49-6758-5f01-000000000300}
ProcessId: 9192
Image: C:\WINDOWS\SoftwareDistribution\Download\Install\UpdatePlatform.amd64fre.exe
TargetFilename: C:\Windows\Temp\C1EEE9F1-DA6F-40E6-A2F1-83C1E18FFDF6\MsMpLics.dll
CreationUtcTime: 2024-12-10 17:37:13.822
User: NT AUTHORITY\SYSTEM""",2,2024-12-10T17:37:13.8249248Z,7628,3880,DESKTOP-QGB4EQH,11,2624,INFORMATION,Microsoft-Windows-Sysmon,19,FALSE,6,Executable dropped in Windows root folder,"[""sysmon"",""sysmon_eid11_detections"",""windows""]",92217,windows_eventchannel,log,"Dec 10, 2024 @ 17:37:14.526",EventChannel,1733852234,"Dec 10, 2024 @ 17:37:14.526", , , , , , ,C:\\WINDOWS\\SoftwareDistribution\\Download\\Install\\UpdatePlatform.amd64fre.exe, , , , , , ,{15959494-7c49-6758-5f01-000000000300},9192,37:13.8, ,"technique_id=T1574.010,technique_name=Services File Permissions Weakness", , ,NT AUTHORITY\\SYSTEM,"[""Lateral Tool Transfer""]","[""T1570""]","[""Lateral Movement""]", ,C:\\Windows\\Temp\\C1EEE9F1-DA6F-40E6-A2F1-83C1E18FFDF6\\MsMpLics.dll,37:13.8, , , , , , , , , , , , , , , , , , , , , , , , , , , , , , , , , , , , , , , , , , , , , , , , , , , , , , , , , , , , , , , , , , , , , , , , , , , , , , , , , , , , , , , , , , , , , , , , , , , , , , , , , , , , , , , , , , , , , , , , , , , , , 
wazuh-alerts-4.x-2024.12.10,EfRRspMBtNh2X6vnUN-R,1,1,192.168.117.136,window-agent3,3,Maryam, , , ,11,0x8000000000000000,{5770385f-c22a-43e0-bf4c-06f5698ffbd9},4,Microsoft-Windows-Sysmon/Operational,0,"""File created:
RuleName: technique_id=T1574.010,technique_name=Services File Permissions Weakness
UtcTime: 2024-12-10 17:37:13.947
ProcessGuid: {15959494-7c49-6758-5f01-000000000300}
ProcessId: 9192
Image: C:\WINDOWS\SoftwareDistribution\Download\Install\UpdatePlatform.amd64fre.exe
TargetFilename: C:\Windows\Temp\C1EEE9F1-DA6F-40E6-A2F1-83C1E18FFDF6\x86\MpAsDesc.dll
CreationUtcTime: 2024-12-10 17:37:13.947
User: NT AUTHORITY\SYSTEM""",2,2024-12-10T17:37:13.9507052Z,7633,3880,DESKTOP-QGB4EQH,11,2624,INFORMATION,Microsoft-Windows-Sysmon,23,FALSE,6,Executable dropped in Windows root folder,"[""sysmon"",""sysmon_eid11_detections"",""windows""]",92217,windows_eventchannel,log,"Dec 10, 2024 @ 17:37:14.604",EventChannel,1733852234,"Dec 10, 2024 @ 17:37:14.604", , , , , , ,C:\\WINDOWS\\SoftwareDistribution\\Download\\Install\\UpdatePlatform.amd64fre.exe, , , , , , ,{15959494-7c49-6758-5f01-000000000300},9192,37:13.9, ,"technique_id=T1574.010,technique_name=Services File Permissions Weakness", , ,NT AUTHORITY\\SYSTEM,"[""Lateral Tool Transfer""]","[""T1570""]","[""Lateral Movement""]", ,C:\\Windows\\Temp\\C1EEE9F1-DA6F-40E6-A2F1-83C1E18FFDF6\\x86\\MpAsDesc.dll,37:13.9, , , , , , , , , , , , , , , , , , , , , , , , , , , , , , , , , , , , , , , , , , , , , , , , , , , , , , , , , , , , , , , , , , , , , , , , , , , , , , , , , , , , , , , , , , , , , , , , , , , , , , , , , , , , , , , , , , , , , , , , , , , , , 
wazuh-alerts-4.x-2024.12.10,E_RRspMBtNh2X6vnUN-R,1,1,192.168.117.136,window-agent3,3,Maryam, , , ,11,0x8000000000000000,{5770385f-c22a-43e0-bf4c-06f5698ffbd9},4,Microsoft-Windows-Sysmon/Operational,0,"""File created:
RuleName: technique_id=T1574.010,technique_name=Services File Permissions Weakness
UtcTime: 2024-12-10 17:37:13.963
ProcessGuid: {15959494-7c49-6758-5f01-000000000300}
ProcessId: 9192
Image: C:\WINDOWS\SoftwareDistribution\Download\Install\UpdatePlatform.amd64fre.exe
TargetFilename: C:\Windows\Temp\C1EEE9F1-DA6F-40E6-A2F1-83C1E18FFDF6\x86\MpDetours.dll
CreationUtcTime: 2024-12-10 17:37:13.963
User: NT AUTHORITY\SYSTEM""",2,2024-12-10T17:37:13.9785451Z,7635,3880,DESKTOP-QGB4EQH,11,2624,INFORMATION,Microsoft-Windows-Sysmon,25,FALSE,6,Executable dropped in Windows root folder,"[""sysmon"",""sysmon_eid11_detections"",""windows""]",92217,windows_eventchannel,log,"Dec 10, 2024 @ 17:37:14.636",EventChannel,1733852234,"Dec 10, 2024 @ 17:37:14.636", , , , , , ,C:\\WINDOWS\\SoftwareDistribution\\Download\\Install\\UpdatePlatform.amd64fre.exe, , , , , , ,{15959494-7c49-6758-5f01-000000000300},9192,37:14.0, ,"technique_id=T1574.010,technique_name=Services File Permissions Weakness", , ,NT AUTHORITY\\SYSTEM,"[""Lateral Tool Transfer""]","[""T1570""]","[""Lateral Movement""]", ,C:\\Windows\\Temp\\C1EEE9F1-DA6F-40E6-A2F1-83C1E18FFDF6\\x86\\MpDetours.dll,37:14.0, , , , , , , , , , , , , , , , , , , , , , , , , , , , , , , , , , , , , , , , , , , , , , , , , , , , , , , , , , , , , , , , , , , , , , , , , , , , , , , , , , , , , , , , , , , , , , , , , , , , , , , , , , , , , , , , , , , , , , , , , , , , , 
wazuh-alerts-4.x-2024.12.10,FPRRspMBtNh2X6vnUN-R,1,1,192.168.117.136,window-agent3,3,Maryam, , , ,11,0x8000000000000000,{5770385f-c22a-43e0-bf4c-06f5698ffbd9},4,Microsoft-Windows-Sysmon/Operational,0,"""File created:
RuleName: technique_id=T1574.010,technique_name=Services File Permissions Weakness
UtcTime: 2024-12-10 17:37:13.978
ProcessGuid: {15959494-7c49-6758-5f01-000000000300}
ProcessId: 9192
Image: C:\WINDOWS\SoftwareDistribution\Download\Install\UpdatePlatform.amd64fre.exe
TargetFilename: C:\Windows\Temp\C1EEE9F1-DA6F-40E6-A2F1-83C1E18FFDF6\x86\MpDetoursCopyAccelerator.dll
CreationUtcTime: 2024-12-10 17:37:13.978
User: NT AUTHORITY\SYSTEM""",2,2024-12-10T17:37:13.9894967Z,7636,3880,DESKTOP-QGB4EQH,11,2624,INFORMATION,Microsoft-Windows-Sysmon,26,FALSE,6,Executable dropped in Windows root folder,"[""sysmon"",""sysmon_eid11_detections"",""windows""]",92217,windows_eventchannel,log,"Dec 10, 2024 @ 17:37:14.651",EventChannel,1733852234,"Dec 10, 2024 @ 17:37:14.651", , , , , , ,C:\\WINDOWS\\SoftwareDistribution\\Download\\Install\\UpdatePlatform.amd64fre.exe, , , , , , ,{15959494-7c49-6758-5f01-000000000300},9192,37:14.0, ,"technique_id=T1574.010,technique_name=Services File Permissions Weakness", , ,NT AUTHORITY\\SYSTEM,"[""Lateral Tool Transfer""]","[""T1570""]","[""Lateral Movement""]", ,C:\\Windows\\Temp\\C1EEE9F1-DA6F-40E6-A2F1-83C1E18FFDF6\\x86\\MpDetoursCopyAccelerator.dll,37:14.0, , , , , , , , , , , , , , , , , , , , , , , , , , , , , , , , , , , , , , , , , , , , , , , , , , , , , , , , , , , , , , , , , , , , , , , , , , , , , , , , , , , , , , , , , , , , , , , , , , , , , , , , , , , , , , , , , , , , , , , , , , , , , 
wazuh-alerts-4.x-2024.12.10,FfRRspMBtNh2X6vnUN-R,1,1,192.168.117.136,window-agent3,3,Maryam, , , ,11,0x8000000000000000,{5770385f-c22a-43e0-bf4c-06f5698ffbd9},4,Microsoft-Windows-Sysmon/Operational,0,"""File created:
RuleName: technique_id=T1574.010,technique_name=Services File Permissions Weakness
UtcTime: 2024-12-10 17:37:13.994
ProcessGuid: {15959494-7c49-6758-5f01-000000000300}
ProcessId: 9192
Image: C:\WINDOWS\SoftwareDistribution\Download\Install\UpdatePlatform.amd64fre.exe
TargetFilename: C:\Windows\Temp\C1EEE9F1-DA6F-40E6-A2F1-83C1E18FFDF6\x86\MpOAV.dll
CreationUtcTime: 2024-12-10 17:37:13.994
User: NT AUTHORITY\SYSTEM""",2,2024-12-10T17:37:13.9950727Z,7637,3880,DESKTOP-QGB4EQH,11,2624,INFORMATION,Microsoft-Windows-Sysmon,27,FALSE,6,Executable dropped in Windows root folder,"[""sysmon"",""sysmon_eid11_detections"",""windows""]",92217,windows_eventchannel,log,"Dec 10, 2024 @ 17:37:14.667",EventChannel,1733852234,"Dec 10, 2024 @ 17:37:14.667", , , , , , ,C:\\WINDOWS\\SoftwareDistribution\\Download\\Install\\UpdatePlatform.amd64fre.exe, , , , , , ,{15959494-7c49-6758-5f01-000000000300},9192,37:14.0, ,"technique_id=T1574.010,technique_name=Services File Permissions Weakness", , ,NT AUTHORITY\\SYSTEM,"[""Lateral Tool Transfer""]","[""T1570""]","[""Lateral Movement""]", ,C:\\Windows\\Temp\\C1EEE9F1-DA6F-40E6-A2F1-83C1E18FFDF6\\x86\\MpOAV.dll,37:14.0, , , , , , , , , , , , , , , , , , , , , , , , , , , , , , , , , , , , , , , , , , , , , , , , , , , , , , , , , , , , , , , , , , , , , , , , , , , , , , , , , , , , , , , , , , , , , , , , , , , , , , , , , , , , , , , , , , , , , , , , , , , , , 
wazuh-alerts-4.x-2024.12.10,FvRRspMBtNh2X6vnUN-R,1,1,192.168.117.136,window-agent3,3,Maryam, , , ,11,0x8000000000000000,{5770385f-c22a-43e0-bf4c-06f5698ffbd9},4,Microsoft-Windows-Sysmon/Operational,0,"""File created:
RuleName: technique_id=T1574.010,technique_name=Services File Permissions Weakness
UtcTime: 2024-12-10 17:37:13.994
ProcessGuid: {15959494-7c49-6758-5f01-000000000300}
ProcessId: 9192
Image: C:\WINDOWS\SoftwareDistribution\Download\Install\UpdatePlatform.amd64fre.exe
TargetFilename: C:\Windows\Temp\C1EEE9F1-DA6F-40E6-A2F1-83C1E18FFDF6\x86\MsMpLics.dll
CreationUtcTime: 2024-12-10 17:37:13.994
User: NT AUTHORITY\SYSTEM""",2,2024-12-10T17:37:14.0043835Z,7638,3880,DESKTOP-QGB4EQH,11,2624,INFORMATION,Microsoft-Windows-Sysmon,28,FALSE,6,Executable dropped in Windows root folder,"[""sysmon"",""sysmon_eid11_detections"",""windows""]",92217,windows_eventchannel,log,"Dec 10, 2024 @ 17:37:14.682",EventChannel,1733852234,"Dec 10, 2024 @ 17:37:14.682", , , , , , ,C:\\WINDOWS\\SoftwareDistribution\\Download\\Install\\UpdatePlatform.amd64fre.exe, , , , , , ,{15959494-7c49-6758-5f01-000000000300},9192,37:14.0, ,"technique_id=T1574.010,technique_name=Services File Permissions Weakness", , ,NT AUTHORITY\\SYSTEM,"[""Lateral Tool Transfer""]","[""T1570""]","[""Lateral Movement""]", ,C:\\Windows\\Temp\\C1EEE9F1-DA6F-40E6-A2F1-83C1E18FFDF6\\x86\\MsMpLics.dll,37:14.0, , , , , , , , , , , , , , , , , , , , , , , , , , , , , , , , , , , , , , , , , , , , , , , , , , , , , , , , , , , , , , , , , , , , , , , , , , , , , , , , , , , , , , , , , , , , , , , , , , , , , , , , , , , , , , , , , , , , , , , , , , , , , 
wazuh-alerts-4.x-2024.12.10,HvRRspMBtNh2X6vnUN-S,1,1,192.168.117.136,window-agent3,3,Maryam, , , ,11,0x8000000000000000,{5770385f-c22a-43e0-bf4c-06f5698ffbd9},4,Microsoft-Windows-Sysmon/Operational,0,"""File created:
RuleName: -
UtcTime: 2024-12-10 17:37:14.103
ProcessGuid: {15959494-7c49-6758-5f01-000000000300}
ProcessId: 9192
Image: C:\WINDOWS\SoftwareDistribution\Download\Install\UpdatePlatform.amd64fre.exe
TargetFilename: C:\Windows\Temp\C1EEE9F1-DA6F-40E6-A2F1-83C1E18FFDF6\MpDlpService.exe
CreationUtcTime: 2024-12-10 17:37:14.103
User: NT AUTHORITY\SYSTEM""",2,2024-12-10T17:37:14.1182296Z,7652,3880,DESKTOP-QGB4EQH,11,2624,INFORMATION,Microsoft-Windows-Sysmon,36,FALSE,6,Executable dropped in Windows root folder,"[""sysmon"",""sysmon_eid11_detections"",""windows""]",92217,windows_eventchannel,log,"Dec 10, 2024 @ 17:37:14.901",EventChannel,1733852234,"Dec 10, 2024 @ 17:37:14.901", , , , , , ,C:\\WINDOWS\\SoftwareDistribution\\Download\\Install\\UpdatePlatform.amd64fre.exe, , , , , , ,{15959494-7c49-6758-5f01-000000000300},9192,37:14.1, , , , ,NT AUTHORITY\\SYSTEM,"[""Lateral Tool Transfer""]","[""T1570""]","[""Lateral Movement""]", ,C:\\Windows\\Temp\\C1EEE9F1-DA6F-40E6-A2F1-83C1E18FFDF6\\MpDlpService.exe,37:14.1, , , , , , , , , , , , , , , , , , , , , , , , , , , , , , , , , , , , , , , , , , , , , , , , , , , , , , , , , , , , , , , , , , , , , , , , , , , , , , , , , , , , , , , , , , , , , , , , , , , , , , , , , , , , , , , , , , , , , , , , , , , , , 
wazuh-alerts-4.x-2024.12.10,J_RRspMBtNh2X6vnUN-S,1,1,192.168.117.136,window-agent3,3,Maryam, , , ,11,0x8000000000000000,{5770385f-c22a-43e0-bf4c-06f5698ffbd9},4,Microsoft-Windows-Sysmon/Operational,0,"""File created:
RuleName: technique_id=T1574.010,technique_name=Services File Permissions Weakness
UtcTime: 2024-12-10 17:37:14.275
ProcessGuid: {15959494-7c49-6758-5f01-000000000300}
ProcessId: 9192
Image: C:\WINDOWS\SoftwareDistribution\Download\Install\UpdatePlatform.amd64fre.exe
TargetFilename: C:\Windows\Temp\C1EEE9F1-DA6F-40E6-A2F1-83C1E18FFDF6\com.microsoft.defender.be.firefox.json
CreationUtcTime: 2024-12-10 17:37:14.275
User: NT AUTHORITY\SYSTEM""",2,2024-12-10T17:37:14.2835517Z,7669,3880,DESKTOP-QGB4EQH,11,2624,INFORMATION,Microsoft-Windows-Sysmon,27,FALSE,6,Scripting file created under Windows Temp or User folder,"[""sysmon"",""sysmon_eid11_detections"",""windows""]",92200,windows_eventchannel,log,"Dec 10, 2024 @ 17:37:15.167",EventChannel,1733852235,"Dec 10, 2024 @ 17:37:15.167", , , , , , ,C:\\WINDOWS\\SoftwareDistribution\\Download\\Install\\UpdatePlatform.amd64fre.exe, , , , , , ,{15959494-7c49-6758-5f01-000000000300},9192,37:14.3, ,"technique_id=T1574.010,technique_name=Services File Permissions Weakness", , ,NT AUTHORITY\\SYSTEM,"[""Command and Scripting Interpreter"",""Ingress Tool Transfer""]","[""T1059"",""T1105""]","[""Execution"",""Command and Control""]", ,C:\\Windows\\Temp\\C1EEE9F1-DA6F-40E6-A2F1-83C1E18FFDF6\\com.microsoft.defender.be.firefox.json,37:14.3, , , , , , , , , , , , , , , , , , , , , , , , , , , , , , , , , , , , , , , , , , , , , , , , , , , , , , , , , , , , , , , , , , , , , , , , , , , , , , , , , , , , , , , , , , , , , , , , , , , , , , , , , , , , , , , , , , , , , , , , , , , , , 
wazuh-alerts-4.x-2024.12.10,KPRRspMBtNh2X6vnUN-S,1,1,192.168.117.136,window-agent3,3,Maryam, , , ,11,0x8000000000000000,{5770385f-c22a-43e0-bf4c-06f5698ffbd9},4,Microsoft-Windows-Sysmon/Operational,0,"""File created:
RuleName: technique_id=T1574.010,technique_name=Services File Permissions Weakness
UtcTime: 2024-12-10 17:37:15.197
ProcessGuid: {15959494-7c49-6758-5f01-000000000300}
ProcessId: 9192
Image: C:\WINDOWS\SoftwareDistribution\Download\Install\UpdatePlatform.amd64fre.exe
TargetFilename: C:\Windows\Temp\C1EEE9F1-DA6F-40E6-A2F1-83C1E18FFDF6\Powershell\MSFT_MpPerformanceReport.Format.ps1xml
CreationUtcTime: 2024-12-10 17:37:15.197
User: NT AUTHORITY\SYSTEM""",2,2024-12-10T17:37:15.2027250Z,7922,3880,DESKTOP-QGB4EQH,11,2624,INFORMATION,Microsoft-Windows-Sysmon,28,FALSE,6,Scripting file created under Windows Temp or User folder,"[""sysmon"",""sysmon_eid11_detections"",""windows""]",92200,windows_eventchannel,log,"Dec 10, 2024 @ 17:37:19.448",EventChannel,1733852239,"Dec 10, 2024 @ 17:37:19.448", , , , , , ,C:\\WINDOWS\\SoftwareDistribution\\Download\\Install\\UpdatePlatform.amd64fre.exe, , , , , , ,{15959494-7c49-6758-5f01-000000000300},9192,37:15.2, ,"technique_id=T1574.010,technique_name=Services File Permissions Weakness", , ,NT AUTHORITY\\SYSTEM,"[""Command and Scripting Interpreter"",""Ingress Tool Transfer""]","[""T1059"",""T1105""]","[""Execution"",""Command and Control""]", ,C:\\Windows\\Temp\\C1EEE9F1-DA6F-40E6-A2F1-83C1E18FFDF6\\Powershell\\MSFT_MpPerformanceReport.Format.ps1xml,37:15.2, , , , , , , , , , , , , , , , , , , , , , , , , , , , , , , , , , , , , , , , , , , , , , , , , , , , , , , , , , , , , , , , , , , , , , , , , , , , , , , , , , , , , , , , , , , , , , , , , , , , , , , , , , , , , , , , , , , , , , , , , , , , , 
