wazuh-alerts-4.x-2024.12.10,ocfjsJMBnOFSf1lyUERn,1,1,192.168.117.136,window-agent3,3,Maryam, , , ,11,0x8000000000000000,{5770385F-C22A-43E0-BF4C-06F5698FFBD9},4,Microsoft-Windows-Sysmon/Operational,0,"""File created:
RuleName: technique_id=T1574.010,technique_name=Services File Permissions Weakness
UtcTime: 2024-12-10 14:05:03.481
ProcessGuid: {15959494-4A8E-6758-016F-000000001E00}
ProcessId: 17688
Image: C:\Windows\system32\wuauclt.exe
TargetFilename: C:\Windows\SoftwareDistribution\Download\7588f06b0017936893382a55fe90af5c\Metadata\ReserveManager.dll
CreationUtcTime: 2024-11-07 16:57:20.000
User: NT AUTHORITY\SYSTEM""",2,2024-12-10T14:05:03.483266500Z,320656,3168,DESKTOP-QGB4EQH,11,2352,INFORMATION,Microsoft-Windows-Sysmon,7,FALSE,6,Executable dropped in Windows root folder,"[""sysmon"",""sysmon_eid11_detections"",""windows""]",92217,windows_eventchannel,log,"Dec 10, 2024 @ 14:05:05.313",EventChannel,1733839505,"Dec 10, 2024 @ 14:05:05.313", , , , , , ,C:\\Windows\\system32\\wuauclt.exe, , , , , , ,{15959494-4A8E-6758-016F-000000001E00},17688,05:03.5, ,"technique_id=T1574.010,technique_name=Services File Permissions Weakness", , ,NT AUTHORITY\\SYSTEM,"[""Lateral Tool Transfer""]","[""T1570""]","[""Lateral Movement""]", ,C:\\Windows\\SoftwareDistribution\\Download\\7588f06b0017936893382a55fe90af5c\\Metadata\\ReserveManager.dll,57:20.0, , , , , , , , , , , , , , , , , , , , , , , , , , , , , , , , , , , , , , , , , , , , , , , , , , , , , , , , , , , , , , , , , , , , , , , , , , , , , , , , , , , , , , , , , , , , , , , , , , , , , , , , , , , , , , , , , , , , , , , , , , , , , 
wazuh-alerts-4.x-2024.12.10,qcfpsJMBnOFSf1lyU0SR,1,1,192.168.117.136,window-agent3,3,Maryam, , , ,7040,0x8080000000000000,{555908d1-a6d7-4695-8e1e-26931d2012f4},4,System,0,"""The start type of the Distributed Transaction Coordinator service was changed from auto start to demand start.""",0,2024-12-10T14:11:31.044585300Z,4718,9608,DESKTOP-QGB4EQH,0,648,INFORMATION,Service Control Manager,2,FALSE,3,Service startup type was changed,"[""windows"",""windows_system"",""policy_changed""]",61104,windows_eventchannel,log,"Dec 10, 2024 @ 14:11:32.595",EventChannel,1733839892,"Dec 10, 2024 @ 14:11:32.595", , ,Service Control Manager,"[""IV_35.7.d""]", , , , , , , , , , , , , , , , , , , , ,Distributed Transaction Coordinator, , ,demand start,MSDTC,auto start,"[""10.6""]","[""164.312.b""]","[""CC6.1"",""CC6.8"",""CC7.2"",""CC7.3""]","[""AU.6""]",This does not appear to be logged on Windows 2000, , , , , , , , , , , , , , , , , , , , , , , , , , , , , , , , , , , , , , , , , , , , , , , , , , , , , , , , , , , , , , , , , , , , , , , , , , , , , , , , , , , , , , , , , , , , , , , , , , , , , , , , , , , , , , , , , , , , , 
wazuh-alerts-4.x-2024.12.10,q8fpsJMBnOFSf1lymUTd,1,1,192.168.117.129,agent1,4,Maryam,128,02000000C0A87502000000000000000000000000000000000000000000000000000000000000000000000000000000000000000000000000000000000000000000000000000000000000000000000000000000000000000000000000000000000000000000000000000000000000000000000000000000000000000000000000,wpad,1014,0x4000000010000000,{1C95126E-7EEA-49A9-A3FE-A378B03DDB4D},3,System,0,"""Name resolution for the name wpad timed out after none of the configured DNS servers responded.""",0,2024-12-10T14:11:54.676617600Z,3261,2540,DESKTOP-B37GATP,1014,1432,WARNING,Microsoft-Windows-DNS-Client,6,FALSE,5,Name resolution for the name wpad timed out,"[""windows"",""windows_system""]",61109,windows_eventchannel,log,"Dec 10, 2024 @ 14:11:55.884",EventChannel,1733839915,"Dec 10, 2024 @ 14:11:55.884", , , , , , , , , , , , , , , , , , , , , , , , , , , , , , , , , , , , , , , , , , , , , , , , , , , , , , , , , , , , , , , , , , , , , , , , , , , , , , , , , , , , , , , , , , , , , , , , , , , , , , , , , , , , , , , , , , , , , , , , , , , , , , , , , , , , , , , , , , , , , , , , , , , , , , , , 
wazuh-alerts-4.x-2024.12.10,uMfxsJMBnOFSf1lyaUTq,1,1,192.168.117.129,agent1,4,Maryam,128,02000000C0A87502000000000000000000000000000000000000000000000000000000000000000000000000000000000000000000000000000000000000000000000000000000000000000000000000000000000000000000000000000000000000000000000000000000000000000000000000000000000000000000000000,wpad,1014,0x4000000010000000,{1C95126E-7EEA-49A9-A3FE-A378B03DDB4D},3,System,0,"""Name resolution for the name wpad timed out after none of the configured DNS servers responded.""",0,2024-12-10T14:20:24.238333600Z,3264,12684,DESKTOP-B37GATP,1014,1432,WARNING,Microsoft-Windows-DNS-Client,7,FALSE,5,Name resolution for the name wpad timed out,"[""windows"",""windows_system""]",61109,windows_eventchannel,log,"Dec 10, 2024 @ 14:20:25.447",EventChannel,1733840425,"Dec 10, 2024 @ 14:20:25.447", , , , , , , , , , , , , , , , , , , , , , , , , , , , , , , , , , , , , , , , , , , , , , , , , , , , , , , , , , , , , , , , , , , , , , , , , , , , , , , , , , , , , , , , , , , , , , , , , , , , , , , , , , , , , , , , , , , , , , , , , , , , , , , , , , , , , , , , , , , , , , , , , , , , , , , , 
wazuh-alerts-4.x-2024.12.10,vsfxsJMBnOFSf1ly_kRV,1,1,192.168.117.129,agent1,4,Maryam, , , ,16384,0x80000000000000,{E23B33B0-C8C9-472C-A5F9-F2BDFEA0F156},4,Application,0,"""Successfully scheduled Software Protection service for re-start at 2024-12-11T14:20:01Z. Reason: RulesEngine.""",0,2024-12-10T14:21:01.925167300Z,6354,0,DESKTOP-B37GATP,0,0,INFORMATION,Microsoft-Windows-Security-SPP,3,FALSE,3,Software protection service scheduled successfully.,"[""windows"",""windows_application""]",60642,windows_eventchannel,log,"Dec 10, 2024 @ 14:21:02.128",EventChannel,1733840462,"Dec 10, 2024 @ 14:21:02.128","2024-12-11T14:20:01Z, RulesEngine", ,Software Protection Platform Service, , , , , , , , , , , , , , , , , , , , , , , , , , , , , , , , , , , , , , , , , , , , , , , , , , , , , , , , , , , , , , , , , , , , , , , , , , , , , , , , , , , , , , , , , , , , , , , , , , , , , , , , , , , , , , , , , , , , , , , , , , , , , , , , , , , , , , , , , , , , , , , , , , , , , 
wazuh-alerts-4.x-2024.12.10,zcf5sJMBnOFSf1ly4UT4,1,1,192.168.117.129,agent1,4,Maryam,128,02000000C0A87502000000000000000000000000000000000000000000000000000000000000000000000000000000000000000000000000000000000000000000000000000000000000000000000000000000000000000000000000000000000000000000000000000000000000000000000000000000000000000000000000,wpad,1014,0x4000000010000000,{1C95126E-7EEA-49A9-A3FE-A378B03DDB4D},3,System,0,"""Name resolution for the name wpad timed out after none of the configured DNS servers responded.""",0,2024-12-10T14:29:29.425827200Z,3276,12684,DESKTOP-B37GATP,1014,1432,WARNING,Microsoft-Windows-DNS-Client,12,FALSE,5,Name resolution for the name wpad timed out,"[""windows"",""windows_system""]",61109,windows_eventchannel,log,"Dec 10, 2024 @ 14:29:39.818",EventChannel,1733840979,"Dec 10, 2024 @ 14:29:39.818", , , , , , , , , , , , , , , , , , , , , , , , , , , , , , , , , , , , , , , , , , , , , , , , , , , , , , , , , , , , , , , , , , , , , , , , , , , , , , , , , , , , , , , , , , , , , , , , , , , , , , , , , , , , , , , , , , , , , , , , , , , , , , , , , , , , , , , , , , , , , , , , , , , , , , , , 
wazuh-alerts-4.x-2024.12.10,0Mf5sJMBnOFSf1ly4UT4,1,1,192.168.117.129,agent1,4,Maryam, , , ,8200,0x80000000000000,{E23B33B0-C8C9-472C-A5F9-F2BDFEA0F156},2,Application,0,"""License acquisition failure details. 
hr=0x80072EE7""",0,2024-12-10T14:29:40.284980200Z,6373,0,DESKTOP-B37GATP,0,0,ERROR,Microsoft-Windows-Security-SPP,10,FALSE,9,Windows application error event.,"[""windows"",""windows_application"",""system_error""]",60602,windows_eventchannel,log,"Dec 10, 2024 @ 14:29:40.487",EventChannel,1733840980,"Dec 10, 2024 @ 14:29:40.487","hr=0x80072EE7, 00010001(0x00000000, 17:59:01:331 - https://activation-v2.sls.microsoft.com/SLActivateProduct/SLActivateProduct.asmx?configextension=Retail)  00020001(0x00000000, 17:59:01:347)  00030001(0x00000000, 17:59:01:347 - https://activation-v2.sls.microsoft.com)  00030002(0x00000000, 17:59:01:347 - 0)  00040001(0x00000000, 17:59:01:347 - https://activation-v2.sls.microsoft.com)  00040002(0x00000000, 17:59:01:347 - 1, &lt;NULL&gt;, &lt;NULL&gt;, &lt;NULL&gt;)  00050002(0x80072F94, 17:59:01:347 - 0, 1)  00040006(0x00000001, 17:59:01:347 - 0, https://activation-v2.sls.microsoft.com, &lt;N/A&gt;, &lt;N/A&gt;)  00020005(0x00000000, 17:59:01:347 - 0)  00020008(0x80072EE7, 17:59:40:284 - SOAPAction: \""http://microsoft.com/SL/ProductActivationService/IssueToken\""  Content-Type: text/xml; charset=utf-8  , &lt;soap:Envelope xmlns:soap=\""http://schemas.xmlsoap.org/soap/envelope/\"" xmlns:xsi=\""http://www.w3.org/2001/XMLSchema-instance\"" xmlns:xsd=\""http://www.w3.org/2001/XMLSchema\"" xmlns:soapenc=\""http://schemas.xmlsoap.org/soap/encoding/\""&gt;&lt;soap:Body&gt;&lt;RequestSecurityToken xmlns=\""http://schemas.xmlsoap.org/ws/2004/04/security/trust\""&gt;&lt;TokenType&gt;ProductActivation&lt;/TokenType&gt;&lt;RequestType&gt;http://schemas.xmlsoap.org/ws/2004/04/security/trust/Issue&lt;/RequestType&gt;&lt;UseKey&gt;&lt;Values xmlns:q1=\""http://schemas.xmlsoap.org/ws/2004/04/security/trust\"" soapenc:arrayType=\""q1:TokenEntry[1]\""&gt;&lt;TokenEntry&gt;&lt;Name&gt;PublishLicense&lt;/Name&gt;&lt;Value&gt;QjI8d3CfHVV7pWAqZg3FBQXJqA20esRGZWf5Kr0N601Eg1uo3H0vaJy0LgOLeVOtSNVIw8563grkCpCcOuQWVnV8P+GotxqNt23qp1gnvaygKWWXHbJ+DKkTNVul7LvpWcCBvrwETiRU+OALVQuAVBbxUpqR1eevUhkcBMhkZMNW4FpCVFdlUYWzccxpsUSIHphuXB8ARjVmvX7riBSpSQUSS2bmKEVen8gpwVVxeb/iFXsAIioPjOUeU2+CrtqZw3hmMCiGk9XBRpt1ukCSLXvXmD4BUkbI0559FhF6OMENwZ3GLbQhNreOXuIEl7q2CYsA4mkdclwj45c7SjerPARZpkm0IIMHV8ZD3cTWCZkhekmMjv2Ba1VDJtosG9rZ3EiMx8OiQREEGQyy8syTBO5AxGoIerlQssILnGammp5QiY8PAoxQhrAUZyai2tgMa/mthiBvOgVgEoxf/D0BmSkdwPrtmlYh+hHK036td4UocFJDv5wytRvEVv4IZv+JndsryG/pKnTW4uZ3OrecLJ+9QITvcRS20fpYubdG6X6E0bVdM8bToEzxM8BCPuChGTw/Gm3fmC7t7CXMgRXNnobgkGtjyz+vtab/BtZ9nElp7+dytE2dE3X64yg208e4a7tULZSaAB06TG3dFATlne50Re18/Ll0LVkxobaDzj3qVdkJbrwlJkkkUcEpu4YQ5U2lrgmGB3b1ssbqNABrax883DzgWRalYn18T/8Hfh7aMV3wzNbixtpV/5EK+2Hir3dnDtGfJQYfz0mnoDiR7ZHGu3ICeZXVbz5iiAzSi/Lt9ErR3E1OpKO28L5gnwd2zKv6c3qvjS+mjSq/GWl9Lqxrk+L9TIQ9QJ4N7bkZ1tU/KWqfJqmMhdpyd1c8wmuGWvcBMctyFb/5YrmyX8PtHpwFr2QSrIgbRP25tjLRaA6Iv6YEi30cQc7imI0cb+QO4vEnCWI1kFE3rXnPznOYSo7Pi2yRompMYdHRmuIWyCwTF22kasLqgwyYSGErycA4ArQ52RBuR3b0ajLLdLGFb+GRX0/UcTxGH0Qiakom6f1sMmvF4IXt+gypEEsaRLaooKsYyXlHvwNR3FuI9BFdW/9EMFd1anAakHqCvuFfBpHuHBZ28PLe+0og4JzHVJxbC7YJkF0LVm2wh3OUMG6uqtKPS4QGxhrxw57A5zjLYhvNEN0NZpvccsuYwhAhZ/EzFnljmu+tLEy81i6Ms4ltxv9w8L/xJoVZvZCEhQ2LwCVIpVRlobh+syf4Luy3PPh9qZHAXzpyfVpnLXdMEvUqu/2NikMNPqP9MdM/bUvBgWu/ha+Yvo/hFRco+awAt0UK3+cJs3GNN9lG5Q1Gmf7U+vAuJyEd1YC6UsEzNs9KnIeKy9of9ilhyZtWO6H6D8JFL8Ne165OLoyRjbDcXXpOcfLh/wksOSxiKKhsr+agXxq38II4sje+diqeUpvAX8PSDB0j3ZIZIk6Ahu+8o9mxcL24itNb+ZPrGH6EzE+qLSohgX+4U9cIuzDr++YvskMfSKEZgT4cK6c4DSiZkBaufg6fGHJ+5cwPkCmIkzL3BkNji909pvh1ED2lxIodJh8wBfrbSjbJSkTkMCK7mnRByzO1Q7ULhISRw3r0jn5M3RarHbinQbq2/oa7gVAxkz2CKuFey7KNKSFl2xR0Bzyc+TlskSLqBY1lxi4wizsb0dPv6nf7CUxgDe9ZurcXtFfOEzuqoR7LrwemyVjUgWyoaKpkQtPFMQZYjLaEY+fOwTWxsSn9QQNjRettDE5trWsr31FmrOaADRfJrkhEhiSlG8SDMbNVr3zTzD5cGCRxuvoZAE4eJIwvj5nrxPx41u5n3kFsZPr9IkoCdx03STYrwF2Oe+9KLYWXEU2GM4JonUuqdJsladOpmjj/iDPd/f0lfabNDUXqMhM2YHk5dbcbutn57Bkhl9nFO7UH3Simfkz9YsqTJLcYVgqHshuZMQol6rWTJ2pxRNc1s5vVfT4B6qvuoVSsXZt439TpTs4lqhEh89yIT4TCQxHMMw50JTqmUF4T/5QbwtovdzDiNdzbztgrIifN68GXzY5vhJ2IfAJQTBf12DI/aCuQGmiYO44cY1iYq5kpETkRJglovnjcnB4CrRGnUsH+tcY6cRfzY57PmTmdVMxNrVTE4ZA//GXCaGae08/YA2pjX4VUsx5J1QzdKluIARFkn/uDVeKHF7q/YG3bIimnNbq3a+KkXEN3nvJE5vXbcyu3gxPIDIJ2+7PBJw53wYwBiOeB3gEHcfL9VpcMc6lg+jc3F2S8wQuT8sxa9VhiHT5l/S+aKDXHNEcrC8tr193hGKfye2wG6g6vQ/5CzrdR0Xmf79xmKYdt/xKhgacQAbd5yZ1eaD15bUaIJAs4IxwYMDNNC6NZAn6nJJr1I68LQQMW1fiKv6IJRjRHG4QKYRUsMIquXPB/TuyxKiQSqJHoXEN8yiarAZmkBlu1zoKVkXNPm8vpPdfKS0zxdn6dypBVPZchxjWrhkrSB0kM8tG+4/jDnvbNiX3QN8s/CeGUY+3889C9Yv+dfxOcx2U/wwnI0VmrOGP8Zl8kdEEFV473xj6TLdU9Npseg3ezeJsUEORL4DpeDtJ2xqnDRodGCGGKcxj5X7aC4A+rH3z4KRr5n+rIWLZXQwl5MRrp+y6jGgYRWFhjRQfqBL+M/ZvLpqnuMLWqmG2JfoMnA7JmQyZllCZmGF3Jdj6ig63Ihhr2jnKoTrjIDb/GXUx1mVVqn/p3LUKcy3U3dSZo1J7chJL8qO5G+L+oJ1qvurZw7mfX7AljUplM4XtfWOkPx5yR9DGq/Fyf+3RabQumQPy8ToZJQH4i1tUisiy+7FVgdqFM1KRFuPIFvQPTMIDsBvHMs9xcTzSAtK1nmTyu9L15+fBW4ysSgkBO3jOOar/9Ubt0UNS35vxkZWC7u9w8UFGv9fbfKi/LYX01k7yL3SYQFC+Foz1/+9qd4hsmVgvo+XZBObLRlUdJUIJ5LIc051t5SbqxiPTl+yY2AtmCGVxXfsInJ8Sbm5y1Xg4LAORqC+dIjbYZ5oZFclrP7C2TK7+UO6YWPy8jQbEqAlnSNSUw8yIfFL//LbyJWokXVia7VE37MhJU8V7SXXshwfnF9oPWRuq62tHkjxWLiU48DcwM3s0Rays1+CtLwi/5ffltYqBm8ki0ZinUmYuFgzkwDu25g8fvhI4Do7CTL8cZbg5EkpR7+OqIIP4XykZDXpPdkB2x8OpCK+sksOk5+IB6Bu6tIzYiqQqN7leJPU2bG7jvL1zsaZnMycbWYkCR8FebPEhg05Lye6sfs998wdk9NTgjOt6rcFCkwCxIv/073zEhzgZacLst3+y2Adnlo42RgHkK+upltbtcD42lntCa6bTu7BAOANR1VaUOoIqAEFJYdNUu8dyUqJ8mXJZXMFQlLTTVBSVs1aN5MRG1kNCgVf5xAxXiV1JL8I/32JaV4sLnVpehuocUgTFFvVK/Y5csZAtY9Y5ZdZq+x2NN5vrkj94Iiekwb3XSCtjx7xXhilWRH8r2GZ91hbWK99US2iB4kN5XGq3ITVnmCYtky59g4dx0sEY9pe1vPIeWDLqrlpuna/bQLnvLD4YbuPNs5kjzNaGgW6ulzPdZJs6N5nhL7FCoFQvKIm/IEmLFyXFj87whrP+19fNjeMPorN0ZnaIyS8Gvg9YVwhthNe6VcKI4Gi9adTMigG06Jb5YydFRAPW+MpTa6x3eH6edfANXk0HTRV4uldWSShRkuRORwqyC/DNjnCA05L+CLM5LOrERMXEjZ+okrd9s5O46l2tcilhcyV4YBqDPpQ3CnwBkV2PDbTnizuy3gS/qqYL/Z+K+CsJpC3bDHfAZ5gItL6Al2SLFnzVh3gCA9vYS9V/ZWKYNXLA+2lp2PtnarEuyygfwbUjyOg+Sik1UM+dib6HBM7fMsQFldt4zACcpPWuqA0jshTs+XwdD81GRdBb2ttLmEaYqf7NnCqy4G7+sg7BKzAyBZPcv/tfYT8QjbRvWuvbvbs7H0mdgBLr29Vro3E1Ql/L7M97z7NjPlsTFaLZVf8+PCqn9W/7nSNNLtVjieJUbcYCW/SYuTI6X1bbdiygkmbTSxrOSLmc7qe8Cs7qmirMS5cBciDv4OZnNWrl8zMgovxc2Bv2yMKbfvaF2v9gabTCtOj047ddOgbYfgtHYaPSqJihwpapUGklaTBnHVtZBxll4NovlLSfv4ohm7lnL55t1YYprFdGi55VkBBJ3bMQjwxiEolISRtjAC9RJGL0aL1FRLhx6Nmuk1sH7t/jrJ6OTiafPup5Pt36ZvBbpYaStlItORxXnV3/O0K13mXwE7Jt3mMV/n9FFWh9mhzm0cErYWLUR/WHpK0w3uz6XA78/a/zWu8TkMJS+tDiQkhP/GR8QVlF08JmyHSpdtBT3MrOvV4JHUPvzCkhQPsjYLgRfA1qqaulxU/1w2eGYe/Jt8mmkwpWjs4vly04Vc1ima6WGn48uWZYed3wxZkalO/4O1OwJPxiWV0aoBoNvlRV48kaflHL5mLX+Rpfx5GHgwFl5GETg3wqyJppKIATowLYbh7Gi0YeCk9Z3qt0ilcCo2Yz9k47/HYSQRYTmWDebiDF6lOHimcNGFfyKRZhYcQMwaAYeu06jRm967BQs2NRZc4JI9/8nLYuiDthmd1SrgibiFHJIzlkarXYXosC7vimFeYM6mXjI4MrkifGaKxGMuVoFNX1zfocSs7yR5Y9VkAuX7PcSmnpRTt2OMGmNXIgBWBAU6pxlUV4L7VbQ88fvhn4FswK71w4yKGgNYqjWez4Ih+/ANFQw/8N+3cKy110LDhMFjUNZOYbZvvjPrK6yDPANKWKFinVeouOhW+Dr22UgDIm78zSAZI6Br5N9GevBiol3Gc7COdbXU/JJ0V6dpnVCCjIwGvW7dGnOToHwdpRXt5u4a2qSUoeq1lefm9VJLubB36fwSyRS7TINl3qCu6r/JHn8v99EUrXrcejdMV5d1yMURpV4DB8HCFT/eq6h+woLwJu23uhMa7JIDSl5Cg9uj7LeGGZqo2Ep6Yyafv8LwDHnhnfdAwYn+EKqH15Fu3a4/LzqL8qMuZOwwNKxspA8kgMTge8nBnwg7fgHZjs330jyfCtvAXYM4/wTbWP57Vg9Tzi57zLGd7YbB/Q7+LTo7oAXL8CH4fLPuZezsuWtJIZyiXfKGR3qAjX5DFStQZoUc9fcyBg7wr0CETO2d8ob+c+bmPFZgQCWo2rYSZwhvKz6iz83vpAUMsyrOKgRcDd0steL7Ezqwsa3hwD0Hut7xmKtCgHsdPjY5kMggFlkdqwWpp4RPJogjHk8TdvJet3pDS/1OOqXPoQsLDZTMva2BlUK6AVQA2Uena6PjRAuoBsF2cybybXtksloG7LBPz6aX8LA11lPzMVKamxjTyZ/PeknU9BSyfIp/ze8apaiiQ+LD+nakX0p2NnTBlTepeqsKBvWboDof3J25UCpCiYhBHP1CnjlzXqsJVmb2ifXI6yjDZ0TwCn5pBbWRd5c92ZDOoN2F9LLmPmf6IkDoYzjI9CCV6t5opINA4WPMMoXv+azJgvmqnsnErjh+MQY/e/qMzT5ROI8y3KHUwE6OYY2sXjrCoY/R5fzOywgR4lPvk005y4qc7W0Dodfc+ijGG5fG/X5nC+KJbGDqFEw+wIbG6JBkipFu2mHv/H3aa8RANNaA1prqNfDanc7904aUJh3c+grlrBRE1aV0upZ1abQijZYkzu//aP5BLXuJqnLHMGfFamwOSS3UTYEuDbxeRohawN6L9MG1ZO3/dznBhXJuHIl10Ej2j2w+1cpMNjHKTkO4kNEdnpMWStyGW8pL+VQ+wCtYasTowBYXEhpSQJM4nJFty2eAwYN6gF4jZLzVQIp8CagNrfVYxzjwqFd6p7u+cNH/H54MFnGyoUC2U6CQKZDhljKx11vsUDF0aN2i4UaA6IkCZr+DVP/Tf6Ytue3icXLFkJYqwIHmRquSyFComVC1E+Qsx88UoAkHSidziGs0aKGYoO2pmmJVqFLicqg5sSquiJP5+oj4Uu4UGg35FJbQaxpC6YW02n4ACw1XBy9J9dTJzs5NUZSlAWb18wvAH3FkYYpbCGaM5r5Mol6fuSrEoiHKpfT8I6UBipr8mN0WsloGJj/rfp7TYu4VgYQfnIcHDECa1ATF1QSpV+52eXofwqNZddGW+qtZQcZCD6Q0KJAXY4vM27f7TjUJ6JACeEZn+36ef6dqLLsB2askh9SWU/57aDw89aK7ikH3mVj7eHZuUrLg5MD4bTHBkyECj9x4IrSF5FKXlBaT8UShB8wgaFzYxMtgCf0njOOvKgLMz/kft6Eal8lMNKVciR0unKRZqMUEgs1B82Ke8DBgCz58Oes5tqDKhySviiXZd1OMKI2M24mWc+GMvJjzXohe+jdNSpSGoni/lQzEgjlcohwn4ufHCBlKlrrg26RutOBMjGrWeOIJIbisZXZen/ZC09hbMAqaLDvOdGWDsiEo/VjH42INp/Iie+ry8YTAn8cxPBPm7bJbUrWuHR9pRLJ9kf6LTKiBFW5f25645LN+CzWDxX5M+tEjJqal2DBtEtZ8ts9QJJTGJB6kQiT+CCQzkuCWbiMYMt9I/jJg3QodU2ygMsaOhJVSx7q1IHwXFrCAIhs0B3jhyMC/JbGy+tUcyHoC3YzIC+e+B5qrovEOc4Y86q854cdNgNZw3JqzfrFyLI8UqF8DNjxGwtsFROcJY9/PGl51p2DJYX68DaDvpAuVGqLneQz7LTfSrKzhrEk9KMHfM84lXdI1wwm7CpKNddSClSTbnQUxtwQYiKYSQfG+DWUEhIeprs5tNSytbZhOqRG6ElWKrLAyCCI89rdvARYGgiamjQnl1/o+pQUOp19Z3iW/wsCEtFz/4rnJ0AFC3+IkieSK+Db/zOdqjvhw61Q6k7/SjF9A/fJv0Ai5wYjqTdLz4DSkfiYNKlg6CXABm2HlU+YPtDO8nmqyqkAsBJ5IMKwusUIzETAanK1xhVEeLnJitTHZq5GVHwv2Klq05EXxCeCVXH0Nn37UFkDgRK7phMJaMsACOP2dKEnEzdiHzUXeYz2eXKd7ZrDQ6KNhBlmFCoPsg3cZ42KwC0/ynjYCcPcMsA3ueVs4pHmwfBkD+k+VyN2gt/hENGgm0gBhNS7saUvW104lTa+GWihfpG8Q/FZICetEN89n4x0H7T1PF+bSlcQ/RWD1Scrg24mgdbtL/PWWVB2LtFBkoMkqkgx73xkbhPJrtYWnAV51/SBB1KCQVP8dEHGE2y41wnrdOLGAporZ3RQw/yKy0GMM40wS/ATNzfXXFYzCLRAdZkbQpptq+2oICGOVyADGkCYNok67LC25VphfaojSgj0lv6LvAWVE3uHku4RdDdsGsIMGINWD7ABpATNU33ud2XIGuBFzSSWrNLhgalMc/V+Ki3X0gGQj6EUMtQU4RdthDVhX/Uoa4ujjjwUjyx9+Dr2aUYepfveEo01+kD1QBemLdjVDgYKcr9C2t8SQOCRHeMGHo7MWDKLYmNkRaVKoRs8PkYPnUyeTCFjmSJ4qjcRecOJIFlo6CM44X7q2vp/hcY83srvRUZucUgOub40R7hcQXMMwqRipoRdqeJqHllt9nWFnLye0ejx/BvEVFM/yiGmzi7jycZS7lVUqt7q0Dujx/reAmZMWh7rx1ykZaCNYhGJ9dm9cMimoM0+SasEDectewYlEJM83hThcqsnhQH29mTVM/4vG2zLOnhATfYdFNZnkp2dMT4Lm4HEU1GdjBmreW2M3oGXt3pNXnHZ4YvORGKZA4YzeYxY4WpYfxevErEhP6oZ68MksA8QtBWj8nnpk5AMYIc3jt1cJ9fliJxK1IUEUPZwAD3kBKhkr7me8fECoHKLhEWEt8dH1xpq9Jx6KyaBKJArnCvq3p9D4ANsZcUPifTvwZ/bfhbSUQ2FyTC4t8dDKPwA4d9VWWAfEV+e8wDujOZrNWgfB7AnwbjNUwg27c0K4UD0rK/OyRJevljoG7Ei3nwL6nzk2jxPQF4PdgdQ8DKjLj7Yz45KKQwQL7pRS39Uf5wNIL6OvDAFwSvnSy1uirWIZn3bfB3ZVNOs5/DedBoa8jtJ8nnDxhROcxMYKPXjDhwOy9yhD1mF64Ai7mgmqIWrcg84f/aT+IZy4CyxUMGihz0Jl3xXMJRNttrKLyW4bJndxMhrBF1/hNP5DK65VB3Z59rGVn109Wa6ICm3b/OM1k/JhMUVP3LesW8RfHHepe0qAZCEgeCx6X0LjbdcaUNaZMTe/SIQF3CSHaDfRL4JzOdgsTdEYFfsxPpW1wcZmRhrSx8v/BzlZmyfH6OIrJgC+yk7UhLL3zkOqeQOPGEklngHb2DL3jJ+HCwQkfhkSyVEZDI6tcfHT1JskgTxI/qTB6cL2Jv5L5a02Rk21rCQdMUIEuV4ZYDAL0N3jcTsAhQvsp+WlFksKUWYMGiskvEXnDA4FV2loXhJQ/0b/GhsZl5YvUbm8LBB77uJZbevAMqJlbhMIYMJ7mPQHEU9qm0VOpc7U0HSSFTc4uj4xufc4owImEnN6BatXohjkZWxl6Q1PqRPj0WtZLYz7dH6urZdIFbGbLu3R5W8hTMjvhFKy11ny2mIdJLGE8EOVUmsua9LifeXYPecV1Z5OP132Rz4exVjC2IBJc/Mid5AVlnfNZZGbg6rE5nrT4xR4XH6hafXW7YTLOwhlKi8hjnURLiwdshh/w2yOYbtq/oayefK/EiNb6Ai0wMwuu6bJLuc9ii05oP7gpgp1WzZeWJrAYrwND6OdFOKsJIZCw7mTXVpswyhpWtxl1/7r2ApzAuK7ov+xusu2pRsQdL+kHuNxrqE8EHSfP1fG5s/7jcnXdEkO9rdxQ1zpuGejrUFpbRPAcJ4Q+XFBv0l8Hm5Mh4seDwNteSUJnaLSzVsQA60tUalkYCKxv9mIe2+Czi2KSz4jB4+D2VqVkIRoklTRYAqct9hsq+Lu6tunbl28xNSlBrbLLGnTap2ioy+fesKPWCJ38R6r3KafcFjMZMlOYphiTlJ0Bq1zUCkATFFeFi9eemJrh9ijn6NLmpIj7yeLZsIV/oTAfFj3dY64fmVkax8RfBOCxMGPBISfKq7D+eiJjmEEZ/XNMec09UIv7C+yB1E2Hk2Un08vTr5bJdCsrFqqgyV1HEOokV/1NqIPWHS7Z7UrKhuuhs4347gvNf4NIe5vGxpYUw0JF7zncVzRgbfVQgaPNwMWgtgcJ1bq7GLgQNAnNPFn0x0FCCYcuol5Sup6g9zAJqojA9hfm6z82ZfQPn6MKrIk0b+BiRvmQ1u6jpghnukJaHjdX0M3wVITAj2MhPlEKoMc/iJcwZvEOVyv4k9NwN30Lxtgpb87h34YE94dgnVz/rDypLtnLQ/BlhT08qli3PUU8t6ohFwChICKkV2bKPXkn4GKcpBWMhIUTqe6fQdm6OeA9mXubK84NyF8urYAWLj+lO1KHeY1wlQCRYVHx0HbvCFtW9VDi7wayMyyghfKg9wgI56lN9/Wjyvbg7FiVcP8Kuy8SUFZkVSg+qFhlim0kiKWAbrPvU/16rURC8/L0zwRihNk37CnnuUy/FY7ZAV8ZVvzn69KNIA8VGKZl8UJuWglTV9IigdNHFRP5b8m7LBJorFq7kjGDhE/Aq31iNab97RpYqtBxoQnc/tUPhNF3Wb2NP9s7TAO6OTZjh4SdhjdIh5ZU9CTMyjiEMyAD9sKms8BM3TktMcFCNLtAcXYjlKE5bGWiKbXXG8QohePv2sc0R5mK33LZRWLD7oh9ywNUlbcR0UhrCewE2pOU7pcRQmaO+gVyFRFVUmHHqINHlgBxDhdbXP+uY0elXeKwAf1b/EhFX9zSb1ZvpdjyaKNuOJhjJCp9hBs/pbJEHllY6MiilFaiZlv92QmebegY2tQcVUX1zmbamrMb89dqTfsjTXRkNwuB6CIt+oplSkOi0F3RHnrVmqtLOujMw3A6LdPCIvS2AO/i7qLcq+Hq7sIn4JL31oHAm2n0sbuM58yP/bilF9Hkb1JpnjivaopUuzNKSBGwiadv3akkPBSvmrw+sRS+IyQz3oAJx7TBD0O5aW0tHxSuLMPXj3TlHHNcbNVdEIIgn2AZOVwZI9JIXI6UneNAKuk5GxYemsiwoSLXaTdz/BfZGrcbt3TY957xOz/4rX2XuTwnByM32DcuTI2x+aXNLLtOlXoSt5H/LVYJIITem2ghNKB3ytdO7tCRUzcJH4uboquscJSob67Kpu36Yet/GQbe/h5VjaAIkn/EaYsFqGBcCcb4eVPprMiCLNH41q3bWa2CHqes8wMdqN0SYrjqVOik4QkNyuLPLi1hYqXv02kuH9HwJoPK0J9MuyaCQnTxTOf+N/9zDEidKaC10nEc3Lkvss7a+CxlFesMS8t+qd63ANcAOZ7CO7PUTaAoINvFvASwnZmSR6XaUHTcCu8uGS3cy4d1kXupE8HeCEUJT2J+UYmPmLteDs4csA9X27mJVj47rRyFmlpOuAfq1B67S/23smcMi6iijzRSozzqlVl8FeVVjKOg1MPoaNeubzTtIw8/97dGdvGTs4JiIYEa8V51pcQl/ChMJ/g61dgMJzHXpe0/eeb3/RFhWrq4+n2Y8IztUsXpnBKSZ1t4ozqne8ouy/FRC6mf1IlUu+oxNvS/ezyqUA6AZ9LAzzBjRYy0VB1pAyV52075I5vr/tOHBZ2c8n7X1bJA+Jx6b/Jm4u8DLOfp3eAHBxgyES6Q/TvP8QlYguEOSheMI7aLGHs57iVx7hQnMkqSlWCYlp4XdPfKQPBwElBuRyfwnYy7nccmGhHyZrPDG1pI3DsS2Pgxik1lHMlAPm0cO4lMpQ1OVuQ956dwBU6jyW7z0oTY7cgYTDXsxfkzRgtJqVV7PxB59IEaeH/uCBOaBdnVcnjXfwcy0Fmbc5MYBXmUc3CGscUSNtrEPwPfmgle+pC3s+mnMWnTsGLLeDFF1YgYUpyDxUJaP4Winp5Htj8Yr8D615W0pT0gWAg2V3CKlx+Mf0uJlxzRg90k6/VeOFOGM25aBPlj2sdCCjPK41N5MMVZgSkpJBikMoR9VYEtVX4IgJAPq6pmQ6GldJmwylVRRo0E7YaQOx5VhoezTb/WuFWHGDx0jsSZOssHsoA9RtWdSZ1wjn1IctwJErWD4JDAUqZY8cxG2TowTdUcutGX5dzQTnYMG/49Fgs9w/4JO402w7PmLudSMIwsMxrj82CjeiL1uHagShFT76VNC19XLl30Xim2iOLfwu6zYTil4JYRhTNMvAQsB89e4DSwTLRM3uf7aaWAKAJ3nLt7bXyLaB1pTNurVKOUBJFtVLjTj3IPw1YTigaZtkHHPHiHkCcNmoACEA9xqdf5L3m5PpmXfXIIc8/7G9UyNKzDJbxp3UTR2GxWZgWQVG64LHavX4TAayoZfPYDgivifHk9zzmhycrxoM80U4gVCuBB6rAvQXuxv0c0AXlgY/Im3TcMflqnOl4Yz2wbDm6wXGm6PvtlmKS8x4mDdBWENboMbHLR+2JQ9r5SjQacAgFMHmPy2OXU01Ogd3jg4H1XlRGNrbMRUHbcD+TGZFiI08xVu9AG4B9VN4kFAHRInd22YsdM6lErdp9DGQpKQJWFMznu4W4qTTF+oik0NUx+GH238ULhD2pM7cjs1s3uUiGGD97iCot1T+N5W4oGGXHY8ZwqwYAsD60pXP0wKCuvF+U/h0GPHXEcXFd6Q2l6UTLpGkACCuyXJhAfc0aIC0r22q+2e6vm+SKlB4jmQvm/Wfuv2pokGDHIqfvIHSe48unPIvnDmKgTB+QHE8uRIyqJztbhS0I6BGfJj1Tr397TeuJqwvXslrwJFH3HSIy9t3tLMF/5g90hRY64QyK2rgLETAfC5sWZ05aN5Qe8bohoCglqsLQFopEqp7jr9aoMyc1Q2XiBDACBlxDSFtLeIB3o4TUEp9Cws3C0K3uhjzBp5uBxVHkRtNTuUhB3yIJ1uBcJEOTcveHKs4QMYsB6YwKdlwY8xEday5FY2Ew+VX8VuqqOFRclnFmlKKEyazEo3Hwx1HU7USyme30v2TTOUHW1mIHVcw4CbnEUvvav3eqXKjkQKKTXvsf5H/pG7QnS+nRvErx0np2/cSUz8KK+qtNjiMTx4cRkGyuUKmW7mEs73gM9Djr5Hi25kQLCSx3bJSnqHSf6COiGQsHUxUTW0PGgtVLUFGTzPU6ZXhDrC0z9dmW2EG1Qk7oyll3LFyyqAcBEs/WbHmXskN+Bf0jvoHpi9WQoCvDdukipwS8bzHdRy896yUudEIG5g1MwVrbybS5ofc/DMxPVTbTYQiOXb+6NhMxe06XE1joOZFRtF8JH5LM2i74vP5yk9s3Md9oYbN9iYUWBirjiHs5Vwp0MXm5mBNysE4fuX4jYJsrttmrkvb7EinarHmfTj9ijYw5mvJia9TmTR9vomOqFWKd9v+z0U9sBcVZPU6R6Xrt7pG4bU0Dh4ZTELnYZlqkX5jH94Vj4/2DuQthM9oy6OSpsJmbqhOLuLgP22QrgryKuUSIDNcvSX1EEv4PKE9nautzkW3lglyfWnq7Z4GRTmWOLTqbQf2ho0HKl5BL2vtBNkdPsaxP0+nZJ8vG1P8UBVVxGFEDM2TIPJJ49sPOVPsvFMnUTZdeHOWVusD4J1Bo0M46rFDhFGIh5d9qHCJrly1G21k0W4aE3VkE3dF1gkfRo2NfmPVqNgg06FkTvUboxzoiFFrLiibkVWX/FQCD08kuP1alfW8DCGsbnrMG0rDMYq15xjxs25R67k/KTlkEo8KdvKFWnJaoE1TqiK4BOS3b2Zao0+BFdWjSjg8lfmZEFfbXFIKt4GTYE7os/mf0s+BaG4SkDfSROe6iwoTgrswFbyQyaOsEfmVP+tx45z++xDSQlM1x8HUnnvaRwQttonzwCzXhbKCJnTztfOwGUG8P6ESsLJPFbV4S+l88xzQjiAaR1e87a7q7tTZBJ/f9ibVtjw6MRD+ds9S+bL4ccnfpEL99M2/CaUfym21Df1ohzZsmGCOEwp0dScW7sAwmNrV0r47Ea8C3WVyG8DwD1rWf2H2kQTJZbwdTp8iQTLz/I6lR5uFdXb/06DCQvGIVUbmrNAk5DwpFNsCc0XNM1NxR5+qkE+Tiy47txEARvbdnF2qqRjIvyo1piTQymTkzjvSdSTIMJDaTx5Yw3IUS2AcQcdpKsU/7OXMjQZUjg3Mfm2qx/wp3YWGPBEvar3HVDYabbedtI0DyZlPpVlHXG9UdfS51csgCmJuwf4j/XOMIWcOm0GWsAwj2xaR7Iev3bFCNJXyCB7ScbQxhoZM6+Pj5UwB1onRHHbiXs/8G+2A+Mp9D3uh31dXYAuO8nCe+oAjEIntazu200YCOZ06cm7O/Qu8aL46XLhLXRAW58yiBx4CC09/xwGzHqlDT65+OW45xrL/UX6pt6ZfbZ9Zsz3Ej+B88ic4SKtB8L2sDQyYNd7bwErbYoBNrtgoBLs4RIhiddxLZKi9we9MwXASl0xwn1PzrIuzR/axshywl60P+QaFakyddgLcjRKWL/IXnIkbGydjmq6LygAe119erOFEEbnIWLIVSpGsp1y2pcT2z8rW+PI8oGudeR5yl6B3GTpLkOGRnh+ge2Vpa3rsbLoEqdPwWJeo/+oNoOZGNfvlO7qpcq8hqv+IR//pWkbimgZG1l2FmipCQFKWSNj2X9Bkla26ryX08O50rUU9p3szcHPbuV+OvMPRVtnK7WqXztl2J5AGR4E3YU+GADkLj7UirQXcgZ7NBUW7lkjE2rl3pqaFhFB3HDRuzDguAIoaw/QXNYYtx/Vhh2V16Q0B0HvgKQffyCKDnCx3rrpfIdpN4BkRsDWPsEputruhX+G79hMMYg4Ti2C2bih6PxlL1oD/Wg2ks28zCDPVqStEzOIx8QUeRwmT28aAXh+JL+XTxoYmrllTqzycpG7ibBQpKgVPESGgf45W5ksvOx4MRSH0zhV5aiDPtpnAJXI/Dh8O6TRYF7y5ouEO2ZajOFD9CXvUvzHuSjkX0rDec7tR67A6h27MrJw63O5zoMKDnAPZe0U6Q8P7M+UhwrCfUGg4H8Dl1zu6RUdTZUvOR1n/leFVfoaXq3V13JT2oLjPbWa1XF5F15GyjvyK5PK9GkoF6v91UIJTjn8nLCts8mz48V1soFpTzW8rYb/FjOlU7Kawud3m1mFCwdu5SoHFFqVCmxAcCbnsPALOYlRbY5WIB9j57q9HMT7/3qn9wcqf4r094EvXYrWfTTkeVhKWMCSscC9Pf+TPjQeUwi0YOIQNQodgpiFS6muIgOieTsNDFbno03Lx5R9h/TxNPHoREhp6p2V/klpQhAJ7v/nY7yZyggL33QTn6o7f5rBOVzE3LnpRFqbPTqYB6rBf&lt;/Value&gt;&lt;/TokenEntry&gt;&lt;/Values&gt;&lt;/UseKey&gt;&lt;Claims&gt;&lt;Values xmlns:q1=\""http://schemas.xmlsoap.org/ws/2004/04/security/trust\"" soapenc:arrayType=\""q1:TokenEntry[17]\""&gt;&lt;TokenEntry&gt;&lt;Name&gt;SessionKey&lt;/Name&gt;&lt;Value&gt;LHKg9jIAXAxPRdKIVQ4Uc91NRnunqfu8HRtJMUqHTFPC9s/kWD1shmO3F52DvuokyuYaaPFwIKRB10bnofzvjD8MVfdHs/NRoERECSN70ivFH9VXke0Khx5rZu9LJTZymZYl6RqqxiG5mcV+TGhHRrIRjTLfH939gm6YifHmt53UhPiEr0Utwmuy4gBtfJQFvMSjIbzj5Ou3thHDaiKc4k1t+QuN2CUfVjqOquRPKXDnv+kXuNZek0o0eT8SN5s+DrUhL5kE2X1jY1AxdOnwGdxl6lqTkegso9AhZVQTScXLDUSWKqwOpxGP3ZM1EVcMfKxNYvIqWHt4nbVhc/ci8g==&lt;/Value&gt;&lt;/TokenEntry&gt;&lt;TokenEntry&gt;&lt;Name&gt;BindingType&lt;/Name&gt;&lt;Value&gt;PqOOL+fsNI7hYTbzANDVNbjQBQ2XqBHaWGVsVDeY62M=&lt;/Value&gt;&lt;/TokenEntry&gt;&lt;TokenEntry&gt;&lt;Name&gt;Binding&lt;/Name&gt;&lt;Value&gt;R95dxDZN8dvE7jYFm8x2qz8mtmoXfl78u2Hv7sS5G2o2dIFf8s/6PeKl/B3hZo50fXkvjX3b66+ASac5TQ3YjzW+gaOGEzHp6JoJt0/21ys=&lt;/Value&gt;&lt;/TokenEntry&gt;&lt;TokenEntry&gt;&lt;Name&gt;ProductKey&lt;/Name&gt;&lt;Value&gt;ZPEXHcF5T3Hs0JNrANqekPVkYsNhDZo6EGKYc2jhnAs=&lt;/Value&gt;&lt;/TokenEntry&gt;&lt;TokenEntry&gt;&lt;Name&gt;ProductKeyType&lt;/Name&gt;&lt;Value&gt;PqOOL+fsNI7hYTbzANDVNZawd6JtML8+JLaEOOXD4ng=&lt;/Value&gt;&lt;/TokenEntry&gt;&lt;TokenEntry&gt;&lt;Name&gt;ProductKeyActConfigId&lt;/Name&gt;&lt;Value&gt;aXwVrgN3yIWSUeftyEk7VTPESLp1UM0AQtM/RqsDF/WC3igMAXHrHXcZzr9ELR0PlMTTYGhOqFV99M5X01pHeGGTK97vwScxlGVTnPWOBoY=&lt;/Value&gt;&lt;/TokenEntry&gt;&lt;TokenEntry&gt;&lt;Name&gt;SppSvcVersion&lt;/Name&gt;&lt;Value&gt;lfpfu8xKBMcNEBaooo+t1A==&lt;/Value&gt;&lt;/TokenEntry&gt;&lt;TokenEntry&gt;&lt;Name&gt;otherInfoPublic.licenseCategory&lt;/Name&gt;&lt;Value&gt;aBY7gCJ7Jw7lv/BkzVc7BiE4xgX2NYPjSX/Akt8Ch4w=&lt;/Value&gt;&lt;/TokenEntry&gt;&lt;TokenEntry&gt;&lt;Name&gt;otherInfoPrivate.licenseCategory&lt;/Name&gt;&lt;Value&gt;aBY7gCJ7Jw7lv/BkzVc7BtJNKt5yOwGGSnvNUX+KLNA=&lt;/Value&gt;&lt;/TokenEntry&gt;&lt;TokenEntry&gt;&lt;Name&gt;otherInfoPublic.sysprepAction&lt;/Name&gt;&lt;Value&gt;/CroQBa6xv4hXtwLI4IRFw==&lt;/Value&gt;&lt;/TokenEntry&gt;&lt;TokenEntry&gt;&lt;Name&gt;otherInfoPrivate.sysprepAction&lt;/Name&gt;&lt;Value&gt;/CroQBa6xv4hXtwLI4IRFw==&lt;/Value&gt;&lt;/TokenEntry&gt;&lt;TokenEntry&gt;&lt;Name&gt;ClientInformation&lt;/Name&gt;&lt;Value&gt;WguWCC24kEnrmGXbvfWHo07tBsWt92lqqERxUxziu9PxB3L+xzJmWxEiTVwtMM4H2FBEqpWFDavdq5d6dVoI9Q==&lt;/Value&gt;&lt;/TokenEntry&gt;&lt;TokenEntry&gt;&lt;Name&gt;ReferralInformation&lt;/Name&gt;&lt;Value&gt;RnyGAST2thZ5InJLJ+VJo1+a1YMwajcCqzV4xgbaJNWngF4idb1ewBu45QtmFX/6dvcUBDQPXcLJcjgKkZFJgQ==&lt;/Value&gt;&lt;/TokenEntry&gt;&lt;TokenEntry&gt;&lt;Name&gt;ClientSystemTime&lt;/Name&gt;&lt;Value&gt;sx51MrjQ5knxp+UmO5JQe+MpYeb7YH/7Dfnl9CLS/FE=&lt;/Value&gt;&lt;/TokenEntry&gt;&lt;TokenEntry&gt;&lt;Name&gt;ClientSystemTimeUtc&lt;/Name&gt;&lt;Value&gt;sx51MrjQ5knxp+UmO5JQe+MpYeb7YH/7Dfnl9CLS/FE=&lt;/Value&gt;&lt;/TokenEntry&gt;&lt;TokenEntry&gt;&lt;Name&gt;otherInfoPublic.secureStoreId&lt;/Name&gt;&lt;Value&gt;Wvykd/5o3a43kQGbB8zuDRd5NpId+yWSaQOzXlF/Paz9MpoQGtV+l8zGyJa8rjuu&lt;/Value&gt;&lt;/TokenEntry&gt;&lt;TokenEntry&gt;&lt;Name&gt;otherInfoPrivate.secureStoreId&lt;/Name&gt;&lt;Value&gt;Wvykd/5o3a43kQGbB8zuDRd5NpId+yWSaQOzXlF/Paz9MpoQGtV+l8zGyJa8rjuu&lt;/Value&gt;&lt;/TokenEntry&gt;&lt;/Values&gt;&lt;/Claims&gt;&lt;/RequestSecurityToken&gt;&lt;/soap:Body&gt;&lt;/soap:Envelope&gt;)  00010002(0x80072EE7, 17:59:40:284 - &lt;NULL&gt;)  00010003(0x80072EE7, 17:59:40:284)", ,Software Protection Platform Service,"[""IV_35.7.d""]","[""4.3""]", , , , , , , , , , , , , , , , , , , , , , , , , , , , , , , , , , , , , , , , , , , , , , , , , , , , , , , , , , , , , , , , , , , , , , , , , , , , , , , , , , , , , , , , , , , , , , , , , , , , , , , , , , , , , , , , , , , , , , , , , , , , , , , , , , , , , , , , , , , , , , , , , , , 
wazuh-alerts-4.x-2024.12.10,'-sf8sJMBnOFSf1lyJEQw,1,1,192.168.117.136,window-agent3,3,Maryam, , , ,1,0x8000000000000000,{5770385f-c22a-43e0-bf4c-06f5698ffbd9},4,Microsoft-Windows-Sysmon/Operational,0,"""Process Create:
RuleName: technique_id=T1018,technique_name=Remote System Discovery
UtcTime: 2024-12-10 14:32:10.925
ProcessGuid: {15959494-50ea-6758-6600-000000000200}
ProcessId: 500
Image: C:\Windows\SysWOW64\net1.exe
FileVersion: 10.0.19041.3636 (WinBuild.160101.0800)
Description: Net Command
Product: Microsoft® Windows® Operating System
Company: Microsoft Corporation
OriginalFileName: net1.exe
CommandLine: C:\WINDOWS\system32\net1 accounts
CurrentDirectory: C:\Program Files (x86)\ossec-agent\
User: NT AUTHORITY\SYSTEM
LogonGuid: {15959494-50d3-6758-e703-000000000000}
LogonId: 0x3E7
TerminalSessionId: 0
IntegrityLevel: System
Hashes: SHA1=3E46EB17BB05B8785C0B6A64587886EE95FACF66,MD5=4A26539015F4FDB3AC3C5EB14336C7A7,SHA256=B25CF32B7BB76D5A5121919C63E6AE77262347F4AD7B29EE3C43CBAA61F43957,IMPHASH=D45C7E138CFAD11059C95018C99B7C96
ParentProcessGuid: {15959494-50ea-6758-6400-000000000200}
ParentProcessId: 2968
ParentImage: C:\Windows\SysWOW64\net.exe
ParentCommandLine: net.exe accounts
ParentUser: NT AUTHORITY\SYSTEM""",5,2024-12-10T14:32:10.9255891Z,309,3480,DESKTOP-QGB4EQH,1,2452,INFORMATION,Microsoft-Windows-Sysmon,12,FALSE,3,Discovery activity executed,"[""sysmon"",""sysmon_eid1_detections"",""windows""]",92031,windows_eventchannel,log,"Dec 10, 2024 @ 14:32:11.957",EventChannel,1733841131,"Dec 10, 2024 @ 14:32:11.957", , , , , ,net1.exe,C:\\Windows\\SysWOW64\\net1.exe,Microsoft® Windows® Operating System, , ,Net Command, , ,{15959494-50ea-6758-6600-000000000200},500,32:10.9,"SHA1=3E46EB17BB05B8785C0B6A64587886EE95FACF66,MD5=4A26539015F4FDB3AC3C5EB14336C7A7,SHA256=B25CF32B7BB76D5A5121919C63E6AE77262347F4AD7B29EE3C43CBAA61F43957,IMPHASH=D45C7E138CFAD11059C95018C99B7C96","technique_id=T1018,technique_name=Remote System Discovery",Microsoft Corporation,10.0.19041.3636 (WinBuild.160101.0800),NT AUTHORITY\\SYSTEM,"[""Account Discovery""]","[""T1087""]","[""Discovery""]", , , , , , , , , , , ,{15959494-50ea-6758-6400-000000000200},{15959494-50d3-6758-e703-000000000000},net.exe accounts,0x3e7,2968,C:\\Program Files (x86)\\ossec-agent\\,C:\\Windows\\SysWOW64\\net.exe,C:\\WINDOWS\\system32\\net1 accounts,System,0,NT AUTHORITY\\SYSTEM, , , , , , , , , , , , , , , , , , , , , , , , , , , , , , , , , , , , , , , , , , , , , , , , , , , , , , , , , , , , , , , , , , , , , , , , , , , , , , , , , , , , , , , , , , , , , , , , , , , , , , , , , , 
wazuh-alerts-4.x-2024.12.10,_sf8sJMBnOFSf1lyJEQw,1,1,192.168.117.136,window-agent3,3,Maryam, , , ,1,0x8000000000000000,{5770385f-c22a-43e0-bf4c-06f5698ffbd9},4,Microsoft-Windows-Sysmon/Operational,0,"""Process Create:
RuleName: technique_id=T1018,technique_name=Remote System Discovery
UtcTime: 2024-12-10 14:32:11.047
ProcessGuid: {15959494-50eb-6758-6c00-000000000200}
ProcessId: 2500
Image: C:\Windows\SysWOW64\net1.exe
FileVersion: 10.0.19041.3636 (WinBuild.160101.0800)
Description: Net Command
Product: Microsoft® Windows® Operating System
Company: Microsoft Corporation
OriginalFileName: net1.exe
CommandLine: C:\WINDOWS\system32\net1 accounts
CurrentDirectory: C:\Program Files (x86)\ossec-agent\
User: NT AUTHORITY\SYSTEM
LogonGuid: {15959494-50d3-6758-e703-000000000000}
LogonId: 0x3E7
TerminalSessionId: 0
IntegrityLevel: System
Hashes: SHA1=3E46EB17BB05B8785C0B6A64587886EE95FACF66,MD5=4A26539015F4FDB3AC3C5EB14336C7A7,SHA256=B25CF32B7BB76D5A5121919C63E6AE77262347F4AD7B29EE3C43CBAA61F43957,IMPHASH=D45C7E138CFAD11059C95018C99B7C96
ParentProcessGuid: {15959494-50eb-6758-6a00-000000000200}
ParentProcessId: 4068
ParentImage: C:\Windows\SysWOW64\net.exe
ParentCommandLine: net.exe accounts
ParentUser: NT AUTHORITY\SYSTEM""",5,2024-12-10T14:32:11.0477717Z,313,3480,DESKTOP-QGB4EQH,1,2452,INFORMATION,Microsoft-Windows-Sysmon,16,FALSE,3,Discovery activity executed,"[""sysmon"",""sysmon_eid1_detections"",""windows""]",92031,windows_eventchannel,log,"Dec 10, 2024 @ 14:32:12.020",EventChannel,1733841132,"Dec 10, 2024 @ 14:32:12.020", , , , , ,net1.exe,C:\\Windows\\SysWOW64\\net1.exe,Microsoft® Windows® Operating System, , ,Net Command, , ,{15959494-50eb-6758-6c00-000000000200},2500,32:11.0,"SHA1=3E46EB17BB05B8785C0B6A64587886EE95FACF66,MD5=4A26539015F4FDB3AC3C5EB14336C7A7,SHA256=B25CF32B7BB76D5A5121919C63E6AE77262347F4AD7B29EE3C43CBAA61F43957,IMPHASH=D45C7E138CFAD11059C95018C99B7C96","technique_id=T1018,technique_name=Remote System Discovery",Microsoft Corporation,10.0.19041.3636 (WinBuild.160101.0800),NT AUTHORITY\\SYSTEM,"[""Account Discovery""]","[""T1087""]","[""Discovery""]", , , , , , , , , , , ,{15959494-50eb-6758-6a00-000000000200},{15959494-50d3-6758-e703-000000000000},net.exe accounts,0x3e7,4068,C:\\Program Files (x86)\\ossec-agent\\,C:\\Windows\\SysWOW64\\net.exe,C:\\WINDOWS\\system32\\net1 accounts,System,0,NT AUTHORITY\\SYSTEM, , , , , , , , , , , , , , , , , , , , , , , , , , , , , , , , , , , , , , , , , , , , , , , , , , , , , , , , , , , , , , , , , , , , , , , , , , , , , , , , , , , , , , , , , , , , , , , , , , , , , , , , , , 
wazuh-alerts-4.x-2024.12.10,Acf8sJMBnOFSf1lyJEUw,1,1,192.168.117.136,window-agent3,3,Maryam, , , ,1,0x8000000000000000,{5770385f-c22a-43e0-bf4c-06f5698ffbd9},4,Microsoft-Windows-Sysmon/Operational,0,"""Process Create:
RuleName: technique_id=T1087.001,technique_name=Local Account
UtcTime: 2024-12-10 14:32:11.121
ProcessGuid: {15959494-50eb-6758-7000-000000000200}
ProcessId: 1368
Image: C:\Windows\SysWOW64\net.exe
FileVersion: 10.0.19041.1 (WinBuild.160101.0800)
Description: Net Command
Product: Microsoft® Windows® Operating System
Company: Microsoft Corporation
OriginalFileName: net.exe
CommandLine: net user administrator
CurrentDirectory: C:\Program Files (x86)\ossec-agent\
User: NT AUTHORITY\SYSTEM
LogonGuid: {15959494-50d3-6758-e703-000000000000}
LogonId: 0x3E7
TerminalSessionId: 0
IntegrityLevel: System
Hashes: SHA1=A5BADC2DD4DBAA8ED5F0A3646F7248BF060A2F13,MD5=31890A7DE89936F922D44D677F681A7F,SHA256=7C4C7725E266F12ABA8C50FD1598D4001201BCA0E7ACA901508307E365AFFF42,IMPHASH=AC592B83B5CAEB41A6F6DF7DB53F9076
ParentProcessGuid: {15959494-50d9-6758-3400-000000000200}
ParentProcessId: 2556
ParentImage: C:\Program Files (x86)\ossec-agent\wazuh-agent.exe
ParentCommandLine: ""C:\Program Files (x86)\ossec-agent\wazuh-agent.exe""
ParentUser: NT AUTHORITY\SYSTEM""",5,2024-12-10T14:32:11.1218238Z,316,3480,DESKTOP-QGB4EQH,1,2452,INFORMATION,Microsoft-Windows-Sysmon,3,FALSE,3,A net.exe account discovery command was initiated,"[""sysmon"",""sysmon_eid1_detections"",""windows""]",92039,windows_eventchannel,log,"Dec 10, 2024 @ 14:32:12.067",EventChannel,1733841132,"Dec 10, 2024 @ 14:32:12.067", , , , , ,net.exe,C:\\Windows\\SysWOW64\\net.exe,Microsoft® Windows® Operating System, , ,Net Command, , ,{15959494-50eb-6758-7000-000000000200},1368,32:11.1,"SHA1=A5BADC2DD4DBAA8ED5F0A3646F7248BF060A2F13,MD5=31890A7DE89936F922D44D677F681A7F,SHA256=7C4C7725E266F12ABA8C50FD1598D4001201BCA0E7ACA901508307E365AFFF42,IMPHASH=AC592B83B5CAEB41A6F6DF7DB53F9076","technique_id=T1087.001,technique_name=Local Account",Microsoft Corporation,10.0.19041.1 (WinBuild.160101.0800),NT AUTHORITY\\SYSTEM,"[""Account Discovery""]","[""T1087""]","[""Discovery""]", , , , , , , , , , , ,{15959494-50d9-6758-3400-000000000200},{15959494-50d3-6758-e703-000000000000},"\""C:\\Program Files (x86)\\ossec-agent\\wazuh-agent.exe\""",0x3e7,2556,C:\\Program Files (x86)\\ossec-agent\\,C:\\Program Files (x86)\\ossec-agent\\wazuh-agent.exe,net user administrator,System,0,NT AUTHORITY\\SYSTEM, , , , , , , , , , , , , , , , , , , , , , , , , , , , , , , , , , , , , , , , , , , , , , , , , , , , , , , , , , , , , , , , , , , , , , , , , , , , , , , , , , , , , , , , , , , , , , , , , , , , , , , , , , 
wazuh-alerts-4.x-2024.12.10,BMf8sJMBnOFSf1lyJEUw,1,1,192.168.117.136,window-agent3,3,Maryam, , , ,1,0x8000000000000000,{5770385f-c22a-43e0-bf4c-06f5698ffbd9},4,Microsoft-Windows-Sysmon/Operational,0,"""Process Create:
RuleName: technique_id=T1018,technique_name=Remote System Discovery
UtcTime: 2024-12-10 14:32:11.227
ProcessGuid: {15959494-50eb-6758-7500-000000000200}
ProcessId: 3724
Image: C:\Windows\SysWOW64\net1.exe
FileVersion: 10.0.19041.3636 (WinBuild.160101.0800)
Description: Net Command
Product: Microsoft® Windows® Operating System
Company: Microsoft Corporation
OriginalFileName: net1.exe
CommandLine: C:\WINDOWS\system32\net1 user guest
CurrentDirectory: C:\Program Files (x86)\ossec-agent\
User: NT AUTHORITY\SYSTEM
LogonGuid: {15959494-50d3-6758-e703-000000000000}
LogonId: 0x3E7
TerminalSessionId: 0
IntegrityLevel: System
Hashes: SHA1=3E46EB17BB05B8785C0B6A64587886EE95FACF66,MD5=4A26539015F4FDB3AC3C5EB14336C7A7,SHA256=B25CF32B7BB76D5A5121919C63E6AE77262347F4AD7B29EE3C43CBAA61F43957,IMPHASH=D45C7E138CFAD11059C95018C99B7C96
ParentProcessGuid: {15959494-50eb-6758-7300-000000000200}
ParentProcessId: 3188
ParentImage: C:\Windows\SysWOW64\net.exe
ParentCommandLine: net user guest
ParentUser: NT AUTHORITY\SYSTEM""",5,2024-12-10T14:32:11.2278219Z,319,3480,DESKTOP-QGB4EQH,1,2452,INFORMATION,Microsoft-Windows-Sysmon,6,FALSE,3,A net.exe account discovery command was initiated,"[""sysmon"",""sysmon_eid1_detections"",""windows""]",92039,windows_eventchannel,log,"Dec 10, 2024 @ 14:32:12.113",EventChannel,1733841132,"Dec 10, 2024 @ 14:32:12.113", , , , , ,net1.exe,C:\\Windows\\SysWOW64\\net1.exe,Microsoft® Windows® Operating System, , ,Net Command, , ,{15959494-50eb-6758-7500-000000000200},3724,32:11.2,"SHA1=3E46EB17BB05B8785C0B6A64587886EE95FACF66,MD5=4A26539015F4FDB3AC3C5EB14336C7A7,SHA256=B25CF32B7BB76D5A5121919C63E6AE77262347F4AD7B29EE3C43CBAA61F43957,IMPHASH=D45C7E138CFAD11059C95018C99B7C96","technique_id=T1018,technique_name=Remote System Discovery",Microsoft Corporation,10.0.19041.3636 (WinBuild.160101.0800),NT AUTHORITY\\SYSTEM,"[""Account Discovery""]","[""T1087""]","[""Discovery""]", , , , , , , , , , , ,{15959494-50eb-6758-7300-000000000200},{15959494-50d3-6758-e703-000000000000},net user guest,0x3e7,3188,C:\\Program Files (x86)\\ossec-agent\\,C:\\Windows\\SysWOW64\\net.exe,C:\\WINDOWS\\system32\\net1 user guest,System,0,NT AUTHORITY\\SYSTEM, , , , , , , , , , , , , , , , , , , , , , , , , , , , , , , , , , , , , , , , , , , , , , , , , , , , , , , , , , , , , , , , , , , , , , , , , , , , , , , , , , , , , , , , , , , , , , , , , , , , , , , , , , 
wazuh-alerts-4.x-2024.12.10,Bcf8sJMBnOFSf1lyJEUw,1,1,192.168.117.136,window-agent3,3,Maryam, , , ,1,0x8000000000000000,{5770385f-c22a-43e0-bf4c-06f5698ffbd9},4,Microsoft-Windows-Sysmon/Operational,0,"""Process Create:
RuleName: technique_id=T1087.001,technique_name=Local Account
UtcTime: 2024-12-10 14:32:11.244
ProcessGuid: {15959494-50eb-6758-7600-000000000200}
ProcessId: 3416
Image: C:\Windows\SysWOW64\net.exe
FileVersion: 10.0.19041.1 (WinBuild.160101.0800)
Description: Net Command
Product: Microsoft® Windows® Operating System
Company: Microsoft Corporation
OriginalFileName: net.exe
CommandLine: net user administrator
CurrentDirectory: C:\Program Files (x86)\ossec-agent\
User: NT AUTHORITY\SYSTEM
LogonGuid: {15959494-50d3-6758-e703-000000000000}
LogonId: 0x3E7
TerminalSessionId: 0
IntegrityLevel: System
Hashes: SHA1=A5BADC2DD4DBAA8ED5F0A3646F7248BF060A2F13,MD5=31890A7DE89936F922D44D677F681A7F,SHA256=7C4C7725E266F12ABA8C50FD1598D4001201BCA0E7ACA901508307E365AFFF42,IMPHASH=AC592B83B5CAEB41A6F6DF7DB53F9076
ParentProcessGuid: {15959494-50d9-6758-3400-000000000200}
ParentProcessId: 2556
ParentImage: C:\Program Files (x86)\ossec-agent\wazuh-agent.exe
ParentCommandLine: ""C:\Program Files (x86)\ossec-agent\wazuh-agent.exe""
ParentUser: NT AUTHORITY\SYSTEM""",5,2024-12-10T14:32:11.2450159Z,320,3480,DESKTOP-QGB4EQH,1,2452,INFORMATION,Microsoft-Windows-Sysmon,7,FALSE,3,A net.exe account discovery command was initiated,"[""sysmon"",""sysmon_eid1_detections"",""windows""]",92039,windows_eventchannel,log,"Dec 10, 2024 @ 14:32:12.129",EventChannel,1733841132,"Dec 10, 2024 @ 14:32:12.129", , , , , ,net.exe,C:\\Windows\\SysWOW64\\net.exe,Microsoft® Windows® Operating System, , ,Net Command, , ,{15959494-50eb-6758-7600-000000000200},3416,32:11.2,"SHA1=A5BADC2DD4DBAA8ED5F0A3646F7248BF060A2F13,MD5=31890A7DE89936F922D44D677F681A7F,SHA256=7C4C7725E266F12ABA8C50FD1598D4001201BCA0E7ACA901508307E365AFFF42,IMPHASH=AC592B83B5CAEB41A6F6DF7DB53F9076","technique_id=T1087.001,technique_name=Local Account",Microsoft Corporation,10.0.19041.1 (WinBuild.160101.0800),NT AUTHORITY\\SYSTEM,"[""Account Discovery""]","[""T1087""]","[""Discovery""]", , , , , , , , , , , ,{15959494-50d9-6758-3400-000000000200},{15959494-50d3-6758-e703-000000000000},"\""C:\\Program Files (x86)\\ossec-agent\\wazuh-agent.exe\""",0x3e7,2556,C:\\Program Files (x86)\\ossec-agent\\,C:\\Program Files (x86)\\ossec-agent\\wazuh-agent.exe,net user administrator,System,0,NT AUTHORITY\\SYSTEM, , , , , , , , , , , , , , , , , , , , , , , , , , , , , , , , , , , , , , , , , , , , , , , , , , , , , , , , , , , , , , , , , , , , , , , , , , , , , , , , , , , , , , , , , , , , , , , , , , , , , , , , , , 
wazuh-alerts-4.x-2024.12.10,Bsf8sJMBnOFSf1lyJEUw,1,1,192.168.117.136,window-agent3,3,Maryam, , , ,1,0x8000000000000000,{5770385f-c22a-43e0-bf4c-06f5698ffbd9},4,Microsoft-Windows-Sysmon/Operational,0,"""Process Create:
RuleName: technique_id=T1018,technique_name=Remote System Discovery
UtcTime: 2024-12-10 14:32:11.290
ProcessGuid: {15959494-50eb-6758-7800-000000000200}
ProcessId: 3556
Image: C:\Windows\SysWOW64\net1.exe
FileVersion: 10.0.19041.3636 (WinBuild.160101.0800)
Description: Net Command
Product: Microsoft® Windows® Operating System
Company: Microsoft Corporation
OriginalFileName: net1.exe
CommandLine: C:\WINDOWS\system32\net1 user administrator
CurrentDirectory: C:\Program Files (x86)\ossec-agent\
User: NT AUTHORITY\SYSTEM
LogonGuid: {15959494-50d3-6758-e703-000000000000}
LogonId: 0x3E7
TerminalSessionId: 0
IntegrityLevel: System
Hashes: SHA1=3E46EB17BB05B8785C0B6A64587886EE95FACF66,MD5=4A26539015F4FDB3AC3C5EB14336C7A7,SHA256=B25CF32B7BB76D5A5121919C63E6AE77262347F4AD7B29EE3C43CBAA61F43957,IMPHASH=D45C7E138CFAD11059C95018C99B7C96
ParentProcessGuid: {15959494-50eb-6758-7600-000000000200}
ParentProcessId: 3416
ParentImage: C:\Windows\SysWOW64\net.exe
ParentCommandLine: net user administrator
ParentUser: NT AUTHORITY\SYSTEM""",5,2024-12-10T14:32:11.2910171Z,321,3480,DESKTOP-QGB4EQH,1,2452,INFORMATION,Microsoft-Windows-Sysmon,8,FALSE,3,A net.exe account discovery command was initiated,"[""sysmon"",""sysmon_eid1_detections"",""windows""]",92039,windows_eventchannel,log,"Dec 10, 2024 @ 14:32:12.144",EventChannel,1733841132,"Dec 10, 2024 @ 14:32:12.144", , , , , ,net1.exe,C:\\Windows\\SysWOW64\\net1.exe,Microsoft® Windows® Operating System, , ,Net Command, , ,{15959494-50eb-6758-7800-000000000200},3556,32:11.3,"SHA1=3E46EB17BB05B8785C0B6A64587886EE95FACF66,MD5=4A26539015F4FDB3AC3C5EB14336C7A7,SHA256=B25CF32B7BB76D5A5121919C63E6AE77262347F4AD7B29EE3C43CBAA61F43957,IMPHASH=D45C7E138CFAD11059C95018C99B7C96","technique_id=T1018,technique_name=Remote System Discovery",Microsoft Corporation,10.0.19041.3636 (WinBuild.160101.0800),NT AUTHORITY\\SYSTEM,"[""Account Discovery""]","[""T1087""]","[""Discovery""]", , , , , , , , , , , ,{15959494-50eb-6758-7600-000000000200},{15959494-50d3-6758-e703-000000000000},net user administrator,0x3e7,3416,C:\\Program Files (x86)\\ossec-agent\\,C:\\Windows\\SysWOW64\\net.exe,C:\\WINDOWS\\system32\\net1 user administrator,System,0,NT AUTHORITY\\SYSTEM, , , , , , , , , , , , , , , , , , , , , , , , , , , , , , , , , , , , , , , , , , , , , , , , , , , , , , , , , , , , , , , , , , , , , , , , , , , , , , , , , , , , , , , , , , , , , , , , , , , , , , , , , , 
wazuh-alerts-4.x-2024.12.10,Csf8sJMBnOFSf1lyJEUw,1,1,192.168.117.136,window-agent3,3,Maryam, , , ,1,0x8000000000000000,{5770385f-c22a-43e0-bf4c-06f5698ffbd9},4,Microsoft-Windows-Sysmon/Operational,0,"""Process Create:
RuleName: technique_id=T1018,technique_name=Remote System Discovery
UtcTime: 2024-12-10 14:32:11.410
ProcessGuid: {15959494-50eb-6758-7e00-000000000200}
ProcessId: 3412
Image: C:\Windows\SysWOW64\net1.exe
FileVersion: 10.0.19041.3636 (WinBuild.160101.0800)
Description: Net Command
Product: Microsoft® Windows® Operating System
Company: Microsoft Corporation
OriginalFileName: net1.exe
CommandLine: C:\WINDOWS\system32\net1 accounts
CurrentDirectory: C:\Program Files (x86)\ossec-agent\
User: NT AUTHORITY\SYSTEM
LogonGuid: {15959494-50d3-6758-e703-000000000000}
LogonId: 0x3E7
TerminalSessionId: 0
IntegrityLevel: System
Hashes: SHA1=3E46EB17BB05B8785C0B6A64587886EE95FACF66,MD5=4A26539015F4FDB3AC3C5EB14336C7A7,SHA256=B25CF32B7BB76D5A5121919C63E6AE77262347F4AD7B29EE3C43CBAA61F43957,IMPHASH=D45C7E138CFAD11059C95018C99B7C96
ParentProcessGuid: {15959494-50eb-6758-7c00-000000000200}
ParentProcessId: 3232
ParentImage: C:\Windows\SysWOW64\net.exe
ParentCommandLine: net.exe accounts
ParentUser: NT AUTHORITY\SYSTEM""",5,2024-12-10T14:32:11.4113533Z,325,3480,DESKTOP-QGB4EQH,1,2452,INFORMATION,Microsoft-Windows-Sysmon,18,FALSE,3,Discovery activity executed,"[""sysmon"",""sysmon_eid1_detections"",""windows""]",92031,windows_eventchannel,log,"Dec 10, 2024 @ 14:32:12.207",EventChannel,1733841132,"Dec 10, 2024 @ 14:32:12.207", , , , , ,net1.exe,C:\\Windows\\SysWOW64\\net1.exe,Microsoft® Windows® Operating System, , ,Net Command, , ,{15959494-50eb-6758-7e00-000000000200},3412,32:11.4,"SHA1=3E46EB17BB05B8785C0B6A64587886EE95FACF66,MD5=4A26539015F4FDB3AC3C5EB14336C7A7,SHA256=B25CF32B7BB76D5A5121919C63E6AE77262347F4AD7B29EE3C43CBAA61F43957,IMPHASH=D45C7E138CFAD11059C95018C99B7C96","technique_id=T1018,technique_name=Remote System Discovery",Microsoft Corporation,10.0.19041.3636 (WinBuild.160101.0800),NT AUTHORITY\\SYSTEM,"[""Account Discovery""]","[""T1087""]","[""Discovery""]", , , , , , , , , , , ,{15959494-50eb-6758-7c00-000000000200},{15959494-50d3-6758-e703-000000000000},net.exe accounts,0x3e7,3232,C:\\Program Files (x86)\\ossec-agent\\,C:\\Windows\\SysWOW64\\net.exe,C:\\WINDOWS\\system32\\net1 accounts,System,0,NT AUTHORITY\\SYSTEM, , , , , , , , , , , , , , , , , , , , , , , , , , , , , , , , , , , , , , , , , , , , , , , , , , , , , , , , , , , , , , , , , , , , , , , , , , , , , , , , , , , , , , , , , , , , , , , , , , , , , , , , , , 
wazuh-alerts-4.x-2024.12.10,6cf8sJMBnOFSf1lyAUQC,1,1,192.168.117.136,window-agent3,3,Maryam, , , ,7,0x8000000000000000,{5770385f-c22a-43e0-bf4c-06f5698ffbd9},4,Microsoft-Windows-Sysmon/Operational,0,"""Image loaded:
RuleName: technique_id=T1053,technique_name=Scheduled Task
UtcTime: 2024-12-10 14:31:57.761
ProcessGuid: {15959494-50d9-6758-2d00-000000000200}
ProcessId: 2352
Image: C:\Windows\System32\svchost.exe
ImageLoaded: C:\Windows\System32\taskschd.dll
FileVersion: 10.0.19041.3636 (WinBuild.160101.0800)
Description: Task Scheduler COM API
Product: Microsoft® Windows® Operating System
Company: Microsoft Corporation
OriginalFileName: taskschd.dll
Hashes: SHA1=633C92F5A5000CDE3235C7FDC306B2B04C501C48,MD5=84F942C1A4BD60C94EBEC6643E0216C9,SHA256=BBE733452E6CE871D5D2064948847AAB2A71F7FEDA2C962BA4002F64E2D198F2,IMPHASH=B7A4477FA36E2E5287EE76AC4AFCB05B
Signed: true
Signature: Microsoft Windows
SignatureStatus: Valid
User: NT AUTHORITY\SYSTEM""",3,2024-12-10T14:31:59.7497685Z,242,3484,DESKTOP-QGB4EQH,7,2452,INFORMATION,Microsoft-Windows-Sysmon,1,FALSE,4,Process loaded taskschd.dll module. May be used to create delayed malware execution,"[""sysmon"",""sysmon_eid7_detections"",""windows""]",92154,windows_eventchannel,log,"Dec 10, 2024 @ 14:32:02.285",EventChannel,1733841122,"Dec 10, 2024 @ 14:32:02.285", , , , , ,taskschd.dll,C:\\Windows\\System32\\svchost.exe,Microsoft® Windows® Operating System,Microsoft Windows,C:\\Windows\\System32\\taskschd.dll,Task Scheduler COM API,TRUE,Valid,{15959494-50d9-6758-2d00-000000000200},2352,31:57.8,"SHA1=633C92F5A5000CDE3235C7FDC306B2B04C501C48,MD5=84F942C1A4BD60C94EBEC6643E0216C9,SHA256=BBE733452E6CE871D5D2064948847AAB2A71F7FEDA2C962BA4002F64E2D198F2,IMPHASH=B7A4477FA36E2E5287EE76AC4AFCB05B","technique_id=T1053,technique_name=Scheduled Task",Microsoft Corporation,10.0.19041.3636 (WinBuild.160101.0800),NT AUTHORITY\\SYSTEM,"[""Scheduled Task""]","[""T1053.005""]","[""Execution"",""Persistence"",""Privilege Escalation""]", , , , , , , , , , , , , , , , , , , , , , , , , , , , , , , , , , , , , , , , , , , , , , , , , , , , , , , , , , , , , , , , , , , , , , , , , , , , , , , , , , , , , , , , , , , , , , , , , , , , , , , , , , , , , , , , , , , , , , , , , , , , , , , , 
