wazuh-alerts-4.x-2024.12.10,uMf-sJMBnOFSf1ly-kXs,1,1,192.168.117.136,window-agent3,3,Maryam, , , ,4624,0x8020000000000000,{54849625-5478-4994-a5ba-3e3b0328c30d},0,Security,0,"""An account was successfully logged on.

Subject:
	Security ID:		S-1-5-18
	Account Name:		DESKTOP-QGB4EQH$
	Account Domain:		WORKGROUP
	Logon ID:		0x3E7

Logon Information:
	Logon Type:		5
	Restricted Admin Mode:	-
	Virtual Account:		No
	Elevated Token:		Yes

Impersonation Level:		Impersonation

New Logon:
	Security ID:		S-1-5-18
	Account Name:		SYSTEM
	Account Domain:		NT AUTHORITY
	Logon ID:		0x3E7
	Linked Logon ID:		0x0
	Network Account Name:	-
	Network Account Domain:	-
	Logon GUID:		{00000000-0000-0000-0000-000000000000}

Process Information:
	Process ID:		0x284
	Process Name:		C:\Windows\System32\services.exe

Network Information:
	Workstation Name:	-
	Source Network Address:	-
	Source Port:		-

Detailed Authentication Information:
	Logon Process:		Advapi  
	Authentication Package:	Negotiate
	Transited Services:	-
	Package Name (NTLM only):	-
	Key Length:		0

This event is generated when a logon session is created. It is generated on the computer that was accessed.

The subject fields indicate the account on the local system which requested the logon. This is most commonly a service such as the Server service, or a local process such as Winlogon.exe or Services.exe.

The logon type field indicates the kind of logon that occurred. The most common types are 2 (interactive) and 3 (network).

The New Logon fields indicate the account for whom the new logon was created, i.e. the account that was logged on.

The network fields indicate where a remote logon request originated. Workstation name is not always available and may be left blank in some cases.

The impersonation level field indicates the extent to which a process in the logon session can impersonate.

The authentication information fields provide detailed information about this specific logon request.
	- Logon GUID is a unique identifier that can be used to correlate this event with a KDC event.
	- Transited services indicate which intermediate services have participated in this logon request.
	- Package name indicates which sub-protocol was used among the NTLM protocols.
	- Key length indicates the length of the generated session key. This will be 0 if no session key was requested.""",2,2024-12-10T14:35:16.8599922Z,265,816,DESKTOP-QGB4EQH,12544,672,AUDIT_SUCCESS,Microsoft-Windows-Security-Auditing,15,FALSE,3,Windows logon success.,"[""windows"",""windows_security"",""authentication_success""]",60106,windows_eventchannel,log,"Dec 10, 2024 @ 14:35:17.961",EventChannel,1733841317,"Dec 10, 2024 @ 14:35:17.961", , , ,"[""IV_32.2""]","[""7.1"",""7.2""]", , , , , , , , , ,0x284, , , , , , ,"[""Valid Accounts""]","[""T1078""]","[""Defense Evasion"",""Persistence"",""Privilege Escalation"",""Initial Access""]", , , , , , ,"[""10.2.5""]","[""164.312.b""]","[""CC6.8"",""CC7.2"",""CC7.3""]","[""AC.7"",""AU.14""]", , ,{00000000-0000-0000-0000-000000000000}, , , , , , , , , ,0x3e7,WORKGROUP,0x0,%%1833,Negotiate,0x3e7,Advapi,SYSTEM,0,%%1842,S-1-5-18,C:\\Windows\\System32\\services.exe,NT AUTHORITY,S-1-5-18,%%1843,5,DESKTOP-QGB4EQH$, , , , , , , , , , , , , , , , , , , , , , , , , , , , , , , , , , , , , , , , , , , , , , , , , , , , , , , , , , , , , , , , , , , , , , , , , , , , , , , , , , , , , , , , , 
wazuh-alerts-4.x-2024.12.10,qcf-sJMBnOFSf1ly00Xa,1,1,192.168.117.136,window-agent3,3,Maryam, , , ,7,0x8000000000000000,{5770385f-c22a-43e0-bf4c-06f5698ffbd9},4,Microsoft-Windows-Sysmon/Operational,0,"""Image loaded:
RuleName: technique_id=T1053,technique_name=Scheduled Task
UtcTime: 2024-12-10 14:35:02.589
ProcessGuid: {15959494-518d-6758-0d01-000000000200}
ProcessId: 3652
Image: C:\Windows\explorer.exe
ImageLoaded: C:\Windows\System32\taskschd.dll
FileVersion: 10.0.19041.3636 (WinBuild.160101.0800)
Description: Task Scheduler COM API
Product: Microsoft® Windows® Operating System
Company: Microsoft Corporation
OriginalFileName: taskschd.dll
Hashes: SHA1=633C92F5A5000CDE3235C7FDC306B2B04C501C48,MD5=84F942C1A4BD60C94EBEC6643E0216C9,SHA256=BBE733452E6CE871D5D2064948847AAB2A71F7FEDA2C962BA4002F64E2D198F2,IMPHASH=B7A4477FA36E2E5287EE76AC4AFCB05B
Signed: true
Signature: Microsoft Windows
SignatureStatus: Valid
User: DESKTOP-QGB4EQH\mari""",3,2024-12-10T14:35:02.5948252Z,3010,3480,DESKTOP-QGB4EQH,7,2452,INFORMATION,Microsoft-Windows-Sysmon,20,FALSE,4,Process loaded taskschd.dll module. May be used to create delayed malware execution,"[""sysmon"",""sysmon_eid7_detections"",""windows""]",92154,windows_eventchannel,log,"Dec 10, 2024 @ 14:35:07.767",EventChannel,1733841307,"Dec 10, 2024 @ 14:35:07.767", , , , , ,taskschd.dll,C:\\Windows\\explorer.exe,Microsoft® Windows® Operating System,Microsoft Windows,C:\\Windows\\System32\\taskschd.dll,Task Scheduler COM API,TRUE,Valid,{15959494-518d-6758-0d01-000000000200},3652,35:02.6,"SHA1=633C92F5A5000CDE3235C7FDC306B2B04C501C48,MD5=84F942C1A4BD60C94EBEC6643E0216C9,SHA256=BBE733452E6CE871D5D2064948847AAB2A71F7FEDA2C962BA4002F64E2D198F2,IMPHASH=B7A4477FA36E2E5287EE76AC4AFCB05B","technique_id=T1053,technique_name=Scheduled Task",Microsoft Corporation,10.0.19041.3636 (WinBuild.160101.0800),DESKTOP-QGB4EQH\\mari,"[""Scheduled Task""]","[""T1053.005""]","[""Execution"",""Persistence"",""Privilege Escalation""]", , , , , , , , , , , , , , , , , , , , , , , , , , , , , , , , , , , , , , , , , , , , , , , , , , , , , , , , , , , , , , , , , , , , , , , , , , , , , , , , , , , , , , , , , , , , , , , , , , , , , , , , , , , , , , , , , , , , , , , , , , , , , , , , 
wazuh-alerts-4.x-2024.12.10,qsf-sJMBnOFSf1ly00Xa,1,1,192.168.117.136,window-agent3,3,Maryam, , , ,13,0x8000000000000000,{5770385f-c22a-43e0-bf4c-06f5698ffbd9},4,Microsoft-Windows-Sysmon/Operational,0,"""Registry value set:
RuleName: -
EventType: SetValue
UtcTime: 2024-12-10 14:35:03.605
ProcessGuid: {15959494-50d9-6758-2900-000000000200}
ProcessId: 2140
Image: C:\WINDOWS\system32\svchost.exe
TargetObject: HKLM\System\CurrentControlSet\Services\mpssvc\Parameters\AppCs\AppCs\S-1-15-2-283421221-3183566570-1718213290-751554359-3541592344-2312209569-3374928651S-1-5-21-2469675487-2142651230-3143768571-1001
Details: v2.30|AppPkgId=S-1-15-2-283421221-3183566570-1718213290-751554359-3541592344-2312209569-3374928651|LUOwn=S-1-5-21-2469675487-2142651230-3143768571-1001|C=S-1-15-3-1|C=S-1-15-3-3|C=S-1-15-3-4|C=S-1-15-3-283421221-3183566570-1718213290-751554359-3541592344-2312209569-3374928651|B=C:\WINDOWS\system32\wwahost.exe|M=microsoftwindows.client.cbs_cw5n1h2txyewy|Name=@{MicrosoftWindows.Client.CBS_1000.19060.1000.0_x64__cw5n1h2txyewy?ms-resource://MicrosoftWindows.Client.CBS/Resources/ProductPkgDisplayName}|Desc=@{MicrosoftWindows.Client.CBS_1000.19060.1000.0_x64__cw5n1h2txyewy?ms-resource://MicrosoftWindows.Client.CBS/Resources/ProductPkgDisplayName}|D=C:\Windows\SystemApps\MicrosoftWindows.Client.CBS_cw5n1h2txyewy\|PFN=MicrosoftWindows.Client.CBS_1000.19060.1000.0_x64__cw5n1h2txyewy|
User: NT AUTHORITY\LOCAL SERVICE""",2,2024-12-10T14:35:03.6164070Z,3049,3480,DESKTOP-QGB4EQH,13,2452,INFORMATION,Microsoft-Windows-Sysmon,26,FALSE,3,Evidence of new service creation found in registry under $(win.eventdata.targetObject) binary is: $(win.eventdata.details),"[""sysmon"",""sysmon_eid13_detections"",""windows""]",92307,windows_eventchannel,log,"Dec 10, 2024 @ 14:35:08.629",EventChannel,1733841308,"Dec 10, 2024 @ 14:35:08.629", , , , , , ,C:\\WINDOWS\\system32\\svchost.exe, , , , , , ,{15959494-50d9-6758-2900-000000000200},2140,35:03.6, , , , ,NT AUTHORITY\\LOCAL SERVICE,"[""Windows Service""]","[""T1543.003""]","[""Persistence"",""Privilege Escalation""]", , , , , , , , , , , , , , , , , , , , , , , , , , , , , , , , , , , , , , , , , , , , , , , , , , , , , , , , , , , , , , , , , , , , ,HKLM\\System\\CurrentControlSet\\Services\\mpssvc\\Parameters\\AppCs\\AppCs\\S-1-15-2-283421221-3183566570-1718213290-751554359-3541592344-2312209569-3374928651S-1-5-21-2469675487-2142651230-3143768571-1001,v2.30|AppPkgId=S-1-15-2-283421221-3183566570-1718213290-751554359-3541592344-2312209569-3374928651|LUOwn=S-1-5-21-2469675487-2142651230-3143768571-1001|C=S-1-15-3-1|C=S-1-15-3-3|C=S-1-15-3-4|C=S-1-15-3-283421221-3183566570-1718213290-751554359-3541592344-2312209569-3374928651|B=C:\\WINDOWS\\system32\\wwahost.exe|M=microsoftwindows.client.cbs_cw5n1h2txyewy|Name=@{MicrosoftWindows.Client.CBS_1000.19060.1000.0_x64__cw5n1h2txyewy?ms-resource://MicrosoftWindows.Client.CBS/Resources/ProductPkgDisplayName}|Desc=@{MicrosoftWindows.Client.CBS_1000.19060.1000.0_x64__cw5n1h2txyewy?ms-resource://MicrosoftWindows.Client.CBS/Resources/ProductPkgDisplayName}|D=C:\\Windows\\SystemApps\\MicrosoftWindows.Client.CBS_cw5n1h2txyewy\\|PFN=MicrosoftWindows.Client.CBS_1000.19060.1000.0_x64__cw5n1h2txyewy|,SetValue, , , , , , , , , , , , , , , , , , , , , , , , , , , , , , , , , , , , , , , , , , , , , , , , , , , , , , , , , 
wazuh-alerts-4.x-2024.12.10,rcf-sJMBnOFSf1ly10XC,1,1,192.168.117.136,window-agent3,3,Maryam, , , ,11,0x8000000000000000,{5770385f-c22a-43e0-bf4c-06f5698ffbd9},4,Microsoft-Windows-Sysmon/Operational,0,"""File created:
RuleName: technique_id=T1187,technique_name=Forced Authentication
UtcTime: 2024-12-10 14:35:04.855
ProcessGuid: {15959494-50d9-6758-2800-000000000200}
ProcessId: 2096
Image: C:\WINDOWS\System32\spoolsv.exe
TargetFilename: C:\Windows\ServiceProfiles\LocalService\AppData\Roaming\Microsoft\Windows\SendTo\Fax Recipient.lnk
CreationUtcTime: 2024-12-10 14:30:18.502
User: NT AUTHORITY\SYSTEM""",2,2024-12-10T14:35:04.8573624Z,3117,3480,DESKTOP-QGB4EQH,11,2452,INFORMATION,Microsoft-Windows-Sysmon,17,FALSE,6,Executable dropped in Windows root folder,"[""sysmon"",""sysmon_eid11_detections"",""windows""]",92217,windows_eventchannel,log,"Dec 10, 2024 @ 14:35:10.089",EventChannel,1733841310,"Dec 10, 2024 @ 14:35:10.089", , , , , , ,C:\\WINDOWS\\System32\\spoolsv.exe, , , , , , ,{15959494-50d9-6758-2800-000000000200},2096,35:04.9, ,"technique_id=T1187,technique_name=Forced Authentication", , ,NT AUTHORITY\\SYSTEM,"[""Lateral Tool Transfer""]","[""T1570""]","[""Lateral Movement""]", ,C:\\Windows\\ServiceProfiles\\LocalService\\AppData\\Roaming\\Microsoft\\Windows\\SendTo\\Fax Recipient.lnk,30:18.5, , , , , , , , , , , , , , , , , , , , , , , , , , , , , , , , , , , , , , , , , , , , , , , , , , , , , , , , , , , , , , , , , , , , , , , , , , , , , , , , , , , , , , , , , , , , , , , , , , , , , , , , , , , , , , , , , , , , , , , , , , , , , 
wazuh-alerts-4.x-2024.12.10,rsf-sJMBnOFSf1ly10XC,1,1,192.168.117.136,window-agent3,3,Maryam, , , ,11,0x8000000000000000,{5770385f-c22a-43e0-bf4c-06f5698ffbd9},4,Microsoft-Windows-Sysmon/Operational,0,"""File created:
RuleName: technique_id=T1187,technique_name=Forced Authentication
UtcTime: 2024-12-10 14:35:04.855
ProcessGuid: {15959494-50d9-6758-2800-000000000200}
ProcessId: 2096
Image: C:\WINDOWS\System32\spoolsv.exe
TargetFilename: C:\Windows\ServiceProfiles\NetworkService\AppData\Roaming\Microsoft\Windows\SendTo\Fax Recipient.lnk
CreationUtcTime: 2024-12-10 14:30:17.548
User: NT AUTHORITY\SYSTEM""",2,2024-12-10T14:35:04.8683632Z,3121,3480,DESKTOP-QGB4EQH,11,2452,INFORMATION,Microsoft-Windows-Sysmon,18,FALSE,6,Executable dropped in Windows root folder,"[""sysmon"",""sysmon_eid11_detections"",""windows""]",92217,windows_eventchannel,log,"Dec 10, 2024 @ 14:35:10.160",EventChannel,1733841310,"Dec 10, 2024 @ 14:35:10.160", , , , , , ,C:\\WINDOWS\\System32\\spoolsv.exe, , , , , , ,{15959494-50d9-6758-2800-000000000200},2096,35:04.9, ,"technique_id=T1187,technique_name=Forced Authentication", , ,NT AUTHORITY\\SYSTEM,"[""Lateral Tool Transfer""]","[""T1570""]","[""Lateral Movement""]", ,C:\\Windows\\ServiceProfiles\\NetworkService\\AppData\\Roaming\\Microsoft\\Windows\\SendTo\\Fax Recipient.lnk,30:17.5, , , , , , , , , , , , , , , , , , , , , , , , , , , , , , , , , , , , , , , , , , , , , , , , , , , , , , , , , , , , , , , , , , , , , , , , , , , , , , , , , , , , , , , , , , , , , , , , , , , , , , , , , , , , , , , , , , , , , , , , , , , , , 
wazuh-alerts-4.x-2024.12.10,sMf-sJMBnOFSf1ly10XC,1,1,192.168.117.136,window-agent3,3,Maryam, , , ,11,0x8000000000000000,{5770385f-c22a-43e0-bf4c-06f5698ffbd9},4,Microsoft-Windows-Sysmon/Operational,0,"""File created:
RuleName: technique_id=T1187,technique_name=Forced Authentication
UtcTime: 2024-12-10 14:35:04.948
ProcessGuid: {15959494-5198-6758-1b01-000000000200}
ProcessId: 5468
Image: C:\Program Files\Google\Chrome\Application\131.0.6778.109\Installer\chrmstp.exe
TargetFilename: C:\Users\mari\AppData\Roaming\Microsoft\Internet Explorer\Quick Launch\Google Chrome.lnk
CreationUtcTime: 2024-11-25 20:32:40.869
User: DESKTOP-QGB4EQH\mari""",2,2024-12-10T14:35:04.9544645Z,3123,3480,DESKTOP-QGB4EQH,11,2452,INFORMATION,Microsoft-Windows-Sysmon,6,FALSE,6,Scripting file created under Windows Temp or User folder,"[""sysmon"",""sysmon_eid11_detections"",""windows""]",92200,windows_eventchannel,log,"Dec 10, 2024 @ 14:35:10.191",EventChannel,1733841310,"Dec 10, 2024 @ 14:35:10.191", , , , , , ,C:\\Program Files\\Google\\Chrome\\Application\\131.0.6778.109\\Installer\\chrmstp.exe, , , , , , ,{15959494-5198-6758-1b01-000000000200},5468,35:04.9, ,"technique_id=T1187,technique_name=Forced Authentication", , ,DESKTOP-QGB4EQH\\mari,"[""Command and Scripting Interpreter"",""Ingress Tool Transfer""]","[""T1059"",""T1105""]","[""Execution"",""Command and Control""]", ,C:\\Users\\mari\\AppData\\Roaming\\Microsoft\\Internet Explorer\\Quick Launch\\Google Chrome.lnk,32:40.9, , , , , , , , , , , , , , , , , , , , , , , , , , , , , , , , , , , , , , , , , , , , , , , , , , , , , , , , , , , , , , , , , , , , , , , , , , , , , , , , , , , , , , , , , , , , , , , , , , , , , , , , , , , , , , , , , , , , , , , , , , , , , 
wazuh-alerts-4.x-2024.12.10,scf-sJMBnOFSf1ly20Wq,1,1,192.168.117.136,window-agent3,3,Maryam, , , ,11,0x8000000000000000,{5770385f-c22a-43e0-bf4c-06f5698ffbd9},4,Microsoft-Windows-Sysmon/Operational,0,"""File created:
RuleName: technique_id=T1187,technique_name=Forced Authentication
UtcTime: 2024-12-10 14:35:05.198
ProcessGuid: {15959494-5199-6758-1d01-000000000200}
ProcessId: 5552
Image: C:\Program Files (x86)\Microsoft\Edge\Application\92.0.902.67\Installer\setup.exe
TargetFilename: C:\Users\mari\AppData\Roaming\Microsoft\Internet Explorer\Quick Launch\Microsoft Edge.lnk
CreationUtcTime: 2024-12-10 14:35:05.198
User: DESKTOP-QGB4EQH\mari""",2,2024-12-10T14:35:05.2159664Z,3126,3480,DESKTOP-QGB4EQH,11,2452,INFORMATION,Microsoft-Windows-Sysmon,7,FALSE,6,Scripting file created under Windows Temp or User folder,"[""sysmon"",""sysmon_eid11_detections"",""windows""]",92200,windows_eventchannel,log,"Dec 10, 2024 @ 14:35:10.426",EventChannel,1733841310,"Dec 10, 2024 @ 14:35:10.426", , , , , , ,C:\\Program Files (x86)\\Microsoft\\Edge\\Application\\92.0.902.67\\Installer\\setup.exe, , , , , , ,{15959494-5199-6758-1d01-000000000200},5552,35:05.2, ,"technique_id=T1187,technique_name=Forced Authentication", , ,DESKTOP-QGB4EQH\\mari,"[""Command and Scripting Interpreter"",""Ingress Tool Transfer""]","[""T1059"",""T1105""]","[""Execution"",""Command and Control""]", ,C:\\Users\\mari\\AppData\\Roaming\\Microsoft\\Internet Explorer\\Quick Launch\\Microsoft Edge.lnk,35:05.2, , , , , , , , , , , , , , , , , , , , , , , , , , , , , , , , , , , , , , , , , , , , , , , , , , , , , , , , , , , , , , , , , , , , , , , , , , , , , , , , , , , , , , , , , , , , , , , , , , , , , , , , , , , , , , , , , , , , , , , , , , , , , 
wazuh-alerts-4.x-2024.12.10,esf-sJMBnOFSf1lypEX2,1,1,192.168.117.136,window-agent3,3,Maryam, , , ,13,0x8000000000000000,{5770385f-c22a-43e0-bf4c-06f5698ffbd9},4,Microsoft-Windows-Sysmon/Operational,0,"""Registry value set:
RuleName: -
EventType: SetValue
UtcTime: 2024-12-10 14:34:49.542
ProcessGuid: {15959494-50d3-6758-0a00-000000000200}
ProcessId: 644
Image: C:\WINDOWS\system32\services.exe
TargetObject: HKLM\System\CurrentControlSet\Services\BluetoothUserService_37f290\ImagePath
Details: C:\WINDOWS\system32\svchost.exe -k BthAppGroup -p
User: NT AUTHORITY\SYSTEM""",2,2024-12-10T14:34:54.0545731Z,2553,3480,DESKTOP-QGB4EQH,13,2452,INFORMATION,Microsoft-Windows-Sysmon,7,FALSE,3,Evidence of new service creation found in registry under HKLM\\System\\CurrentControlSet\\Services\\BluetoothUserService_37f290\\ImagePath binary is: C:\\WINDOWS\\system32\\svchost.exe -k BthAppGroup -p,"[""sysmon"",""sysmon_eid13_detections"",""windows""]",92307,windows_eventchannel,log,"Dec 10, 2024 @ 14:34:56.838",EventChannel,1733841296,"Dec 10, 2024 @ 14:34:56.838", , , , , , ,C:\\WINDOWS\\system32\\services.exe, , , , , , ,{15959494-50d3-6758-0a00-000000000200},644,34:49.5, , , , ,NT AUTHORITY\\SYSTEM,"[""Windows Service""]","[""T1543.003""]","[""Persistence"",""Privilege Escalation""]", , , , , , , , , , , , , , , , , , , , , , , , , , , , , , , , , , , , , , , , , , , , , , , , , , , , , , , , , , , , , , , , , , , , ,HKLM\\System\\CurrentControlSet\\Services\\BluetoothUserService_37f290\\ImagePath,C:\\WINDOWS\\system32\\svchost.exe -k BthAppGroup -p,SetValue, , , , , , , , , , , , , , , , , , , , , , , , , , , , , , , , , , , , , , , , , , , , , , , , , , , , , , , , , 
wazuh-alerts-4.x-2024.12.10,e8f-sJMBnOFSf1lypEX2,1,1,192.168.117.136,window-agent3,3,Maryam, , , ,13,0x8000000000000000,{5770385f-c22a-43e0-bf4c-06f5698ffbd9},4,Microsoft-Windows-Sysmon/Operational,0,"""Registry value set:
RuleName: -
EventType: SetValue
UtcTime: 2024-12-10 14:34:49.542
ProcessGuid: {15959494-50d3-6758-0a00-000000000200}
ProcessId: 644
Image: C:\WINDOWS\system32\services.exe
TargetObject: HKLM\System\CurrentControlSet\Services\CaptureService_37f290\ImagePath
Details: C:\WINDOWS\system32\svchost.exe -k LocalService -p
User: NT AUTHORITY\SYSTEM""",2,2024-12-10T14:34:54.0567210Z,2584,3480,DESKTOP-QGB4EQH,13,2452,INFORMATION,Microsoft-Windows-Sysmon,8,FALSE,3,Evidence of new service creation found in registry under HKLM\\System\\CurrentControlSet\\Services\\CaptureService_37f290\\ImagePath binary is: C:\\WINDOWS\\system32\\svchost.exe -k LocalService -p,"[""sysmon"",""sysmon_eid13_detections"",""windows""]",92307,windows_eventchannel,log,"Dec 10, 2024 @ 14:34:57.316",EventChannel,1733841297,"Dec 10, 2024 @ 14:34:57.316", , , , , , ,C:\\WINDOWS\\system32\\services.exe, , , , , , ,{15959494-50d3-6758-0a00-000000000200},644,34:49.5, , , , ,NT AUTHORITY\\SYSTEM,"[""Windows Service""]","[""T1543.003""]","[""Persistence"",""Privilege Escalation""]", , , , , , , , , , , , , , , , , , , , , , , , , , , , , , , , , , , , , , , , , , , , , , , , , , , , , , , , , , , , , , , , , , , , ,HKLM\\System\\CurrentControlSet\\Services\\CaptureService_37f290\\ImagePath,C:\\WINDOWS\\system32\\svchost.exe -k LocalService -p,SetValue, , , , , , , , , , , , , , , , , , , , , , , , , , , , , , , , , , , , , , , , , , , , , , , , , , , , , , , , , 
wazuh-alerts-4.x-2024.12.10,f8f-sJMBnOFSf1lyqEXe,1,1,192.168.117.136,window-agent3,3,Maryam, , , ,13,0x8000000000000000,{5770385f-c22a-43e0-bf4c-06f5698ffbd9},4,Microsoft-Windows-Sysmon/Operational,0,"""Registry value set:
RuleName: -
EventType: SetValue
UtcTime: 2024-12-10 14:34:49.542
ProcessGuid: {15959494-50d3-6758-0a00-000000000200}
ProcessId: 644
Image: C:\WINDOWS\system32\services.exe
TargetObject: HKLM\System\CurrentControlSet\Services\CredentialEnrollmentManagerUserSvc_37f290\ImagePath
Details: C:\WINDOWS\system32\CredentialEnrollmentManager.exe
User: NT AUTHORITY\SYSTEM""",2,2024-12-10T14:34:54.0600580Z,2616,3480,DESKTOP-QGB4EQH,13,2452,INFORMATION,Microsoft-Windows-Sysmon,12,FALSE,3,Evidence of new service creation found in registry under HKLM\\System\\CurrentControlSet\\Services\\CredentialEnrollmentManagerUserSvc_37f290\\ImagePath binary is: C:\\WINDOWS\\system32\\CredentialEnrollmentManager.exe,"[""sysmon"",""sysmon_eid13_detections"",""windows""]",92307,windows_eventchannel,log,"Dec 10, 2024 @ 14:34:57.835",EventChannel,1733841297,"Dec 10, 2024 @ 14:34:57.835", , , , , , ,C:\\WINDOWS\\system32\\services.exe, , , , , , ,{15959494-50d3-6758-0a00-000000000200},644,34:49.5, , , , ,NT AUTHORITY\\SYSTEM,"[""Windows Service""]","[""T1543.003""]","[""Persistence"",""Privilege Escalation""]", , , , , , , , , , , , , , , , , , , , , , , , , , , , , , , , , , , , , , , , , , , , , , , , , , , , , , , , , , , , , , , , , , , , ,HKLM\\System\\CurrentControlSet\\Services\\CredentialEnrollmentManagerUserSvc_37f290\\ImagePath,C:\\WINDOWS\\system32\\CredentialEnrollmentManager.exe,SetValue, , , , , , , , , , , , , , , , , , , , , , , , , , , , , , , , , , , , , , , , , , , , , , , , , , , , , , , , , 
wazuh-alerts-4.x-2024.12.10,gcf-sJMBnOFSf1lyqEXe,1,1,192.168.117.136,window-agent3,3,Maryam, , , ,13,0x8000000000000000,{5770385f-c22a-43e0-bf4c-06f5698ffbd9},4,Microsoft-Windows-Sysmon/Operational,0,"""Registry value set:
RuleName: -
EventType: SetValue
UtcTime: 2024-12-10 14:34:49.542
ProcessGuid: {15959494-50d3-6758-0a00-000000000200}
ProcessId: 644
Image: C:\WINDOWS\system32\services.exe
TargetObject: HKLM\System\CurrentControlSet\Services\DeviceAssociationBrokerSvc_37f290\ImagePath
Details: C:\WINDOWS\system32\svchost.exe -k DevicesFlow -p
User: NT AUTHORITY\SYSTEM""",2,2024-12-10T14:34:54.0609267Z,2624,3480,DESKTOP-QGB4EQH,13,2452,INFORMATION,Microsoft-Windows-Sysmon,14,FALSE,3,Evidence of new service creation found in registry under HKLM\\System\\CurrentControlSet\\Services\\DeviceAssociationBrokerSvc_37f290\\ImagePath binary is: C:\\WINDOWS\\system32\\svchost.exe -k DevicesFlow -p,"[""sysmon"",""sysmon_eid13_detections"",""windows""]",92307,windows_eventchannel,log,"Dec 10, 2024 @ 14:34:57.956",EventChannel,1733841297,"Dec 10, 2024 @ 14:34:57.956", , , , , , ,C:\\WINDOWS\\system32\\services.exe, , , , , , ,{15959494-50d3-6758-0a00-000000000200},644,34:49.5, , , , ,NT AUTHORITY\\SYSTEM,"[""Windows Service""]","[""T1543.003""]","[""Persistence"",""Privilege Escalation""]", , , , , , , , , , , , , , , , , , , , , , , , , , , , , , , , , , , , , , , , , , , , , , , , , , , , , , , , , , , , , , , , , , , , ,HKLM\\System\\CurrentControlSet\\Services\\DeviceAssociationBrokerSvc_37f290\\ImagePath,C:\\WINDOWS\\system32\\svchost.exe -k DevicesFlow -p,SetValue, , , , , , , , , , , , , , , , , , , , , , , , , , , , , , , , , , , , , , , , , , , , , , , , , , , , , , , , , 
wazuh-alerts-4.x-2024.12.10,gsf-sJMBnOFSf1lyqEXe,1,1,192.168.117.136,window-agent3,3,Maryam, , , ,13,0x8000000000000000,{5770385f-c22a-43e0-bf4c-06f5698ffbd9},4,Microsoft-Windows-Sysmon/Operational,0,"""Registry value set:
RuleName: -
EventType: SetValue
UtcTime: 2024-12-10 14:34:49.542
ProcessGuid: {15959494-50d3-6758-0a00-000000000200}
ProcessId: 644
Image: C:\WINDOWS\system32\services.exe
TargetObject: HKLM\System\CurrentControlSet\Services\DevicePickerUserSvc_37f290\ImagePath
Details: C:\WINDOWS\system32\svchost.exe -k DevicesFlow
User: NT AUTHORITY\SYSTEM""",2,2024-12-10T14:34:54.0618680Z,2632,3480,DESKTOP-QGB4EQH,13,2452,INFORMATION,Microsoft-Windows-Sysmon,15,FALSE,3,Evidence of new service creation found in registry under HKLM\\System\\CurrentControlSet\\Services\\DevicePickerUserSvc_37f290\\ImagePath binary is: C:\\WINDOWS\\system32\\svchost.exe -k DevicesFlow,"[""sysmon"",""sysmon_eid13_detections"",""windows""]",92307,windows_eventchannel,log,"Dec 10, 2024 @ 14:34:58.093",EventChannel,1733841298,"Dec 10, 2024 @ 14:34:58.093", , , , , , ,C:\\WINDOWS\\system32\\services.exe, , , , , , ,{15959494-50d3-6758-0a00-000000000200},644,34:49.5, , , , ,NT AUTHORITY\\SYSTEM,"[""Windows Service""]","[""T1543.003""]","[""Persistence"",""Privilege Escalation""]", , , , , , , , , , , , , , , , , , , , , , , , , , , , , , , , , , , , , , , , , , , , , , , , , , , , , , , , , , , , , , , , , , , , ,HKLM\\System\\CurrentControlSet\\Services\\DevicePickerUserSvc_37f290\\ImagePath,C:\\WINDOWS\\system32\\svchost.exe -k DevicesFlow,SetValue, , , , , , , , , , , , , , , , , , , , , , , , , , , , , , , , , , , , , , , , , , , , , , , , , , , , , , , , , 
wazuh-alerts-4.x-2024.12.10,g8f-sJMBnOFSf1lyrEXG,1,1,192.168.117.136,window-agent3,3,Maryam, , , ,13,0x8000000000000000,{5770385f-c22a-43e0-bf4c-06f5698ffbd9},4,Microsoft-Windows-Sysmon/Operational,0,"""Registry value set:
RuleName: -
EventType: SetValue
UtcTime: 2024-12-10 14:34:49.542
ProcessGuid: {15959494-50d3-6758-0a00-000000000200}
ProcessId: 644
Image: C:\WINDOWS\system32\services.exe
TargetObject: HKLM\System\CurrentControlSet\Services\DevicesFlowUserSvc_37f290\ImagePath
Details: C:\WINDOWS\system32\svchost.exe -k DevicesFlow
User: NT AUTHORITY\SYSTEM""",2,2024-12-10T14:34:54.0627165Z,2640,3480,DESKTOP-QGB4EQH,13,2452,INFORMATION,Microsoft-Windows-Sysmon,16,FALSE,3,Evidence of new service creation found in registry under HKLM\\System\\CurrentControlSet\\Services\\DevicesFlowUserSvc_37f290\\ImagePath binary is: C:\\WINDOWS\\system32\\svchost.exe -k DevicesFlow,"[""sysmon"",""sysmon_eid13_detections"",""windows""]",92307,windows_eventchannel,log,"Dec 10, 2024 @ 14:34:58.310",EventChannel,1733841298,"Dec 10, 2024 @ 14:34:58.310", , , , , , ,C:\\WINDOWS\\system32\\services.exe, , , , , , ,{15959494-50d3-6758-0a00-000000000200},644,34:49.5, , , , ,NT AUTHORITY\\SYSTEM,"[""Windows Service""]","[""T1543.003""]","[""Persistence"",""Privilege Escalation""]", , , , , , , , , , , , , , , , , , , , , , , , , , , , , , , , , , , , , , , , , , , , , , , , , , , , , , , , , , , , , , , , , , , , ,HKLM\\System\\CurrentControlSet\\Services\\DevicesFlowUserSvc_37f290\\ImagePath,C:\\WINDOWS\\system32\\svchost.exe -k DevicesFlow,SetValue, , , , , , , , , , , , , , , , , , , , , , , , , , , , , , , , , , , , , , , , , , , , , , , , , , , , , , , , , 
wazuh-alerts-4.x-2024.12.10,i8f-sJMBnOFSf1lytEWY,1,1,192.168.117.136,window-agent3,3,Maryam, , , ,13,0x8000000000000000,{5770385f-c22a-43e0-bf4c-06f5698ffbd9},4,Microsoft-Windows-Sysmon/Operational,0,"""Registry value set:
RuleName: -
EventType: SetValue
UtcTime: 2024-12-10 14:34:49.589
ProcessGuid: {15959494-50d3-6758-0a00-000000000200}
ProcessId: 644
Image: C:\WINDOWS\system32\services.exe
TargetObject: HKLM\System\CurrentControlSet\Services\UnistoreSvc_37f290\ImagePath
Details: C:\WINDOWS\System32\svchost.exe -k UnistackSvcGroup
User: NT AUTHORITY\SYSTEM""",2,2024-12-10T14:34:54.0686134Z,2698,3480,DESKTOP-QGB4EQH,13,2452,INFORMATION,Microsoft-Windows-Sysmon,22,FALSE,3,Evidence of new service creation found in registry under HKLM\\System\\CurrentControlSet\\Services\\UnistoreSvc_37f290\\ImagePath binary is: C:\\WINDOWS\\System32\\svchost.exe -k UnistackSvcGroup,"[""sysmon"",""sysmon_eid13_detections"",""windows""]",92307,windows_eventchannel,log,"Dec 10, 2024 @ 14:35:00.474",EventChannel,1733841300,"Dec 10, 2024 @ 14:35:00.474", , , , , , ,C:\\WINDOWS\\system32\\services.exe, , , , , , ,{15959494-50d3-6758-0a00-000000000200},644,34:49.6, , , , ,NT AUTHORITY\\SYSTEM,"[""Windows Service""]","[""T1543.003""]","[""Persistence"",""Privilege Escalation""]", , , , , , , , , , , , , , , , , , , , , , , , , , , , , , , , , , , , , , , , , , , , , , , , , , , , , , , , , , , , , , , , , , , , ,HKLM\\System\\CurrentControlSet\\Services\\UnistoreSvc_37f290\\ImagePath,C:\\WINDOWS\\System32\\svchost.exe -k UnistackSvcGroup,SetValue, , , , , , , , , , , , , , , , , , , , , , , , , , , , , , , , , , , , , , , , , , , , , , , , , , , , , , , , , 
wazuh-alerts-4.x-2024.12.10,jMf-sJMBnOFSf1lytEWY,1,1,192.168.117.136,window-agent3,3,Maryam, , , ,13,0x8000000000000000,{5770385f-c22a-43e0-bf4c-06f5698ffbd9},4,Microsoft-Windows-Sysmon/Operational,0,"""Registry value set:
RuleName: -
EventType: SetValue
UtcTime: 2024-12-10 14:34:49.589
ProcessGuid: {15959494-50d3-6758-0a00-000000000200}
ProcessId: 644
Image: C:\WINDOWS\system32\services.exe
TargetObject: HKLM\System\CurrentControlSet\Services\UserDataSvc_37f290\ImagePath
Details: C:\WINDOWS\system32\svchost.exe -k UnistackSvcGroup
User: NT AUTHORITY\SYSTEM""",2,2024-12-10T14:34:54.0691094Z,2706,3480,DESKTOP-QGB4EQH,13,2452,INFORMATION,Microsoft-Windows-Sysmon,23,FALSE,3,Evidence of new service creation found in registry under HKLM\\System\\CurrentControlSet\\Services\\UserDataSvc_37f290\\ImagePath binary is: C:\\WINDOWS\\system32\\svchost.exe -k UnistackSvcGroup,"[""sysmon"",""sysmon_eid13_detections"",""windows""]",92307,windows_eventchannel,log,"Dec 10, 2024 @ 14:35:00.786",EventChannel,1733841300,"Dec 10, 2024 @ 14:35:00.786", , , , , , ,C:\\WINDOWS\\system32\\services.exe, , , , , , ,{15959494-50d3-6758-0a00-000000000200},644,34:49.6, , , , ,NT AUTHORITY\\SYSTEM,"[""Windows Service""]","[""T1543.003""]","[""Persistence"",""Privilege Escalation""]", , , , , , , , , , , , , , , , , , , , , , , , , , , , , , , , , , , , , , , , , , , , , , , , , , , , , , , , , , , , , , , , , , , , ,HKLM\\System\\CurrentControlSet\\Services\\UserDataSvc_37f290\\ImagePath,C:\\WINDOWS\\system32\\svchost.exe -k UnistackSvcGroup,SetValue, , , , , , , , , , , , , , , , , , , , , , , , , , , , , , , , , , , , , , , , , , , , , , , , , , , , , , , , , 
wazuh-alerts-4.x-2024.12.10,j8f-sJMBnOFSf1lytEWY,1,1,192.168.117.136,window-agent3,3,Maryam, , , ,11,0x8000000000000000,{5770385f-c22a-43e0-bf4c-06f5698ffbd9},4,Microsoft-Windows-Sysmon/Operational,0,"""File created:
RuleName: -
UtcTime: 2024-12-10 14:34:50.401
ProcessGuid: {15959494-5189-6758-0701-000000000200}
ProcessId: 4808
Image: C:\WINDOWS\system32\rundll32.exe
TargetFilename: C:\Windows\System32\vccorlib140.dll
CreationUtcTime: 2023-05-10 03:31:20.000
User: NT AUTHORITY\SYSTEM""",2,2024-12-10T14:34:54.1398208Z,2732,3480,DESKTOP-QGB4EQH,11,2452,INFORMATION,Microsoft-Windows-Sysmon,2,TRUE,14,Suspicious executable file creation by rundll32: C:\\Windows\\System32\\vccorlib140.dll,"[""sysmon"",""sysmon_eid11_detections"",""windows""]",92211,windows_eventchannel,log,"Dec 10, 2024 @ 14:35:01.280",EventChannel,1733841301,"Dec 10, 2024 @ 14:35:01.280", , , , , , ,C:\\WINDOWS\\system32\\rundll32.exe, , , , , , ,{15959494-5189-6758-0701-000000000200},4808,34:50.4, , , , ,NT AUTHORITY\\SYSTEM,"[""Ingress Tool Transfer""]","[""T1105""]","[""Command and Control""]", ,C:\\Windows\\System32\\vccorlib140.dll,31:20.0, , , , , , , , , , , , , , , , , , , , , , , , , , , , , , , , , , , , , , , , , , , , , , , , , , , , , , , , , , , , , , , , , , , , , , , , , , , , , , , , , , , , , , , , , , , , , , , , , , , , , , , , , , , , , , , , , , , , , , , , , , , , , 
wazuh-alerts-4.x-2024.12.10,kMf-sJMBnOFSf1lytEWY,1,1,192.168.117.136,window-agent3,3,Maryam, , , ,11,0x8000000000000000,{5770385f-c22a-43e0-bf4c-06f5698ffbd9},4,Microsoft-Windows-Sysmon/Operational,0,"""File created:
RuleName: -
UtcTime: 2024-12-10 14:34:50.526
ProcessGuid: {15959494-5189-6758-0701-000000000200}
ProcessId: 4808
Image: C:\WINDOWS\system32\rundll32.exe
TargetFilename: C:\Windows\System32\vcomp140.dll
CreationUtcTime: 2023-05-10 03:31:22.000
User: NT AUTHORITY\SYSTEM""",2,2024-12-10T14:34:54.1420685Z,2735,3480,DESKTOP-QGB4EQH,11,2452,INFORMATION,Microsoft-Windows-Sysmon,3,TRUE,14,Suspicious executable file creation by rundll32: C:\\Windows\\System32\\vcomp140.dll,"[""sysmon"",""sysmon_eid11_detections"",""windows""]",92211,windows_eventchannel,log,"Dec 10, 2024 @ 14:35:01.341",EventChannel,1733841301,"Dec 10, 2024 @ 14:35:01.341", , , , , , ,C:\\WINDOWS\\system32\\rundll32.exe, , , , , , ,{15959494-5189-6758-0701-000000000200},4808,34:50.5, , , , ,NT AUTHORITY\\SYSTEM,"[""Ingress Tool Transfer""]","[""T1105""]","[""Command and Control""]", ,C:\\Windows\\System32\\vcomp140.dll,31:22.0, , , , , , , , , , , , , , , , , , , , , , , , , , , , , , , , , , , , , , , , , , , , , , , , , , , , , , , , , , , , , , , , , , , , , , , , , , , , , , , , , , , , , , , , , , , , , , , , , , , , , , , , , , , , , , , , , , , , , , , , , , , , , 
wazuh-alerts-4.x-2024.12.10,ksf-sJMBnOFSf1lytEWY,1,1,192.168.117.136,window-agent3,3,Maryam, , , ,11,0x8000000000000000,{5770385f-c22a-43e0-bf4c-06f5698ffbd9},4,Microsoft-Windows-Sysmon/Operational,0,"""File created:
RuleName: -
UtcTime: 2024-12-10 14:34:50.683
ProcessGuid: {15959494-5189-6758-0701-000000000200}
ProcessId: 4808
Image: C:\WINDOWS\system32\rundll32.exe
TargetFilename: C:\Windows\SysWOW64\vcamp140.dll
CreationUtcTime: 2023-05-10 03:32:14.000
User: NT AUTHORITY\SYSTEM""",2,2024-12-10T14:34:54.1489967Z,2739,3480,DESKTOP-QGB4EQH,11,2452,INFORMATION,Microsoft-Windows-Sysmon,5,TRUE,14,Suspicious executable file creation by rundll32: C:\\Windows\\SysWOW64\\vcamp140.dll,"[""sysmon"",""sysmon_eid11_detections"",""windows""]",92211,windows_eventchannel,log,"Dec 10, 2024 @ 14:35:01.398",EventChannel,1733841301,"Dec 10, 2024 @ 14:35:01.398", , , , , , ,C:\\WINDOWS\\system32\\rundll32.exe, , , , , , ,{15959494-5189-6758-0701-000000000200},4808,34:50.7, , , , ,NT AUTHORITY\\SYSTEM,"[""Ingress Tool Transfer""]","[""T1105""]","[""Command and Control""]", ,C:\\Windows\\SysWOW64\\vcamp140.dll,32:14.0, , , , , , , , , , , , , , , , , , , , , , , , , , , , , , , , , , , , , , , , , , , , , , , , , , , , , , , , , , , , , , , , , , , , , , , , , , , , , , , , , , , , , , , , , , , , , , , , , , , , , , , , , , , , , , , , , , , , , , , , , , , , , 
wazuh-alerts-4.x-2024.12.10,k8f-sJMBnOFSf1lytEWY,1,1,192.168.117.136,window-agent3,3,Maryam, , , ,11,0x8000000000000000,{5770385f-c22a-43e0-bf4c-06f5698ffbd9},4,Microsoft-Windows-Sysmon/Operational,0,"""File created:
RuleName: -
UtcTime: 2024-12-10 14:34:50.745
ProcessGuid: {15959494-5189-6758-0701-000000000200}
ProcessId: 4808
Image: C:\WINDOWS\system32\rundll32.exe
TargetFilename: C:\Windows\SysWOW64\vccorlib140.dll
CreationUtcTime: 2023-05-10 03:32:14.000
User: NT AUTHORITY\SYSTEM""",2,2024-12-10T14:34:54.1502750Z,2741,3480,DESKTOP-QGB4EQH,11,2452,INFORMATION,Microsoft-Windows-Sysmon,6,TRUE,14,Suspicious executable file creation by rundll32: C:\\Windows\\SysWOW64\\vccorlib140.dll,"[""sysmon"",""sysmon_eid11_detections"",""windows""]",92211,windows_eventchannel,log,"Dec 10, 2024 @ 14:35:01.429",EventChannel,1733841301,"Dec 10, 2024 @ 14:35:01.429", , , , , , ,C:\\WINDOWS\\system32\\rundll32.exe, , , , , , ,{15959494-5189-6758-0701-000000000200},4808,34:50.7, , , , ,NT AUTHORITY\\SYSTEM,"[""Ingress Tool Transfer""]","[""T1105""]","[""Command and Control""]", ,C:\\Windows\\SysWOW64\\vccorlib140.dll,32:14.0, , , , , , , , , , , , , , , , , , , , , , , , , , , , , , , , , , , , , , , , , , , , , , , , , , , , , , , , , , , , , , , , , , , , , , , , , , , , , , , , , , , , , , , , , , , , , , , , , , , , , , , , , , , , , , , , , , , , , , , , , , , , , 
wazuh-alerts-4.x-2024.12.10,ucf_sJMBnOFSf1lyNUWG,1,1,192.168.117.136,window-agent3,3,Maryam, , , ,7,0x8000000000000000,{5770385f-c22a-43e0-bf4c-06f5698ffbd9},4,Microsoft-Windows-Sysmon/Operational,0,"""Image loaded:
RuleName: technique_id=T1053,technique_name=Scheduled Task
UtcTime: 2024-12-10 14:35:26.417
ProcessGuid: {15959494-5179-6758-f300-000000000200}
ProcessId: 1300
Image: C:\Windows\System32\svchost.exe
ImageLoaded: C:\Windows\System32\taskschd.dll
FileVersion: 10.0.19041.3636 (WinBuild.160101.0800)
Description: Task Scheduler COM API
Product: Microsoft® Windows® Operating System
Company: Microsoft Corporation
OriginalFileName: taskschd.dll
Hashes: SHA1=633C92F5A5000CDE3235C7FDC306B2B04C501C48,MD5=84F942C1A4BD60C94EBEC6643E0216C9,SHA256=BBE733452E6CE871D5D2064948847AAB2A71F7FEDA2C962BA4002F64E2D198F2,IMPHASH=B7A4477FA36E2E5287EE76AC4AFCB05B
Signed: true
Signature: Microsoft Windows
SignatureStatus: Valid
User: NT AUTHORITY\SYSTEM""",3,2024-12-10T14:35:26.4214622Z,3430,3480,DESKTOP-QGB4EQH,7,2452,INFORMATION,Microsoft-Windows-Sysmon,23,FALSE,4,Process loaded taskschd.dll module. May be used to create delayed malware execution,"[""sysmon"",""sysmon_eid7_detections"",""windows""]",92154,windows_eventchannel,log,"Dec 10, 2024 @ 14:35:26.785",EventChannel,1733841326,"Dec 10, 2024 @ 14:35:26.785", , , , , ,taskschd.dll,C:\\Windows\\System32\\svchost.exe,Microsoft® Windows® Operating System,Microsoft Windows,C:\\Windows\\System32\\taskschd.dll,Task Scheduler COM API,TRUE,Valid,{15959494-5179-6758-f300-000000000200},1300,35:26.4,"SHA1=633C92F5A5000CDE3235C7FDC306B2B04C501C48,MD5=84F942C1A4BD60C94EBEC6643E0216C9,SHA256=BBE733452E6CE871D5D2064948847AAB2A71F7FEDA2C962BA4002F64E2D198F2,IMPHASH=B7A4477FA36E2E5287EE76AC4AFCB05B","technique_id=T1053,technique_name=Scheduled Task",Microsoft Corporation,10.0.19041.3636 (WinBuild.160101.0800),NT AUTHORITY\\SYSTEM,"[""Scheduled Task""]","[""T1053.005""]","[""Execution"",""Persistence"",""Privilege Escalation""]", , , , , , , , , , , , , , , , , , , , , , , , , , , , , , , , , , , , , , , , , , , , , , , , , , , , , , , , , , , , , , , , , , , , , , , , , , , , , , , , , , , , , , , , , , , , , , , , , , , , , , , , , , , , , , , , , , , , , , , , , , , , , , , , 
wazuh-alerts-4.x-2024.12.10,W8f-sJMBnOFSf1lydkUQ,1,1,192.168.117.136,window-agent3,3,Maryam, , , ,11,0x8000000000000000,{5770385f-c22a-43e0-bf4c-06f5698ffbd9},4,Microsoft-Windows-Sysmon/Operational,0,"""File created:
RuleName: technique_id=T1574.010,technique_name=Services File Permissions Weakness
UtcTime: 2024-12-10 14:34:30.448
ProcessGuid: {15959494-50d7-6758-1800-000000000200}
ProcessId: 1216
Image: C:\$WINDOWS.~BT\Sources\SetupPlatform.exe
TargetFilename: C:\Windows\Panther\Rollback\EFI\Microsoft\Boot\kd_02_1137.dll
CreationUtcTime: 2024-12-10 14:34:30.448
User: NT AUTHORITY\SYSTEM""",2,2024-12-10T14:34:30.4585690Z,2116,3480,DESKTOP-QGB4EQH,11,2452,INFORMATION,Microsoft-Windows-Sysmon,6,FALSE,6,Executable dropped in Windows root folder,"[""sysmon"",""sysmon_eid11_detections"",""windows""]",92217,windows_eventchannel,log,"Dec 10, 2024 @ 14:34:43.738",EventChannel,1733841283,"Dec 10, 2024 @ 14:34:43.738", , , , , , ,C:\\$WINDOWS.~BT\\Sources\\SetupPlatform.exe, , , , , , ,{15959494-50d7-6758-1800-000000000200},1216,34:30.4, ,"technique_id=T1574.010,technique_name=Services File Permissions Weakness", , ,NT AUTHORITY\\SYSTEM,"[""Lateral Tool Transfer""]","[""T1570""]","[""Lateral Movement""]", ,C:\\Windows\\Panther\\Rollback\\EFI\\Microsoft\\Boot\\kd_02_1137.dll,34:30.4, , , , , , , , , , , , , , , , , , , , , , , , , , , , , , , , , , , , , , , , , , , , , , , , , , , , , , , , , , , , , , , , , , , , , , , , , , , , , , , , , , , , , , , , , , , , , , , , , , , , , , , , , , , , , , , , , , , , , , , , , , , , , 
wazuh-alerts-4.x-2024.12.10,Xcf-sJMBnOFSf1lydkUQ,1,1,192.168.117.136,window-agent3,3,Maryam, , , ,11,0x8000000000000000,{5770385f-c22a-43e0-bf4c-06f5698ffbd9},4,Microsoft-Windows-Sysmon/Operational,0,"""File created:
RuleName: technique_id=T1574.010,technique_name=Services File Permissions Weakness
UtcTime: 2024-12-10 14:34:30.448
ProcessGuid: {15959494-50d7-6758-1800-000000000200}
ProcessId: 1216
Image: C:\$WINDOWS.~BT\Sources\SetupPlatform.exe
TargetFilename: C:\Windows\Panther\Rollback\EFI\Microsoft\Boot\kd_02_14e4.dll
CreationUtcTime: 2024-12-10 14:34:30.448
User: NT AUTHORITY\SYSTEM""",2,2024-12-10T14:34:30.4622182Z,2118,3480,DESKTOP-QGB4EQH,11,2452,INFORMATION,Microsoft-Windows-Sysmon,8,FALSE,6,Executable dropped in Windows root folder,"[""sysmon"",""sysmon_eid11_detections"",""windows""]",92217,windows_eventchannel,log,"Dec 10, 2024 @ 14:34:43.777",EventChannel,1733841283,"Dec 10, 2024 @ 14:34:43.777", , , , , , ,C:\\$WINDOWS.~BT\\Sources\\SetupPlatform.exe, , , , , , ,{15959494-50d7-6758-1800-000000000200},1216,34:30.4, ,"technique_id=T1574.010,technique_name=Services File Permissions Weakness", , ,NT AUTHORITY\\SYSTEM,"[""Lateral Tool Transfer""]","[""T1570""]","[""Lateral Movement""]", ,C:\\Windows\\Panther\\Rollback\\EFI\\Microsoft\\Boot\\kd_02_14e4.dll,34:30.4, , , , , , , , , , , , , , , , , , , , , , , , , , , , , , , , , , , , , , , , , , , , , , , , , , , , , , , , , , , , , , , , , , , , , , , , , , , , , , , , , , , , , , , , , , , , , , , , , , , , , , , , , , , , , , , , , , , , , , , , , , , , , 
wazuh-alerts-4.x-2024.12.10,Xsf-sJMBnOFSf1lydkUQ,1,1,192.168.117.136,window-agent3,3,Maryam, , , ,11,0x8000000000000000,{5770385f-c22a-43e0-bf4c-06f5698ffbd9},4,Microsoft-Windows-Sysmon/Operational,0,"""File created:
RuleName: technique_id=T1574.010,technique_name=Services File Permissions Weakness
UtcTime: 2024-12-10 14:34:30.465
ProcessGuid: {15959494-50d7-6758-1800-000000000200}
ProcessId: 1216
Image: C:\$WINDOWS.~BT\Sources\SetupPlatform.exe
TargetFilename: C:\Windows\Panther\Rollback\EFI\Microsoft\Boot\kd_02_15b3.dll
CreationUtcTime: 2024-12-10 14:34:30.465
User: NT AUTHORITY\SYSTEM""",2,2024-12-10T14:34:30.4705666Z,2120,3480,DESKTOP-QGB4EQH,11,2452,INFORMATION,Microsoft-Windows-Sysmon,9,FALSE,6,Executable dropped in Windows root folder,"[""sysmon"",""sysmon_eid11_detections"",""windows""]",92217,windows_eventchannel,log,"Dec 10, 2024 @ 14:34:43.824",EventChannel,1733841283,"Dec 10, 2024 @ 14:34:43.824", , , , , , ,C:\\$WINDOWS.~BT\\Sources\\SetupPlatform.exe, , , , , , ,{15959494-50d7-6758-1800-000000000200},1216,34:30.5, ,"technique_id=T1574.010,technique_name=Services File Permissions Weakness", , ,NT AUTHORITY\\SYSTEM,"[""Lateral Tool Transfer""]","[""T1570""]","[""Lateral Movement""]", ,C:\\Windows\\Panther\\Rollback\\EFI\\Microsoft\\Boot\\kd_02_15b3.dll,34:30.5, , , , , , , , , , , , , , , , , , , , , , , , , , , , , , , , , , , , , , , , , , , , , , , , , , , , , , , , , , , , , , , , , , , , , , , , , , , , , , , , , , , , , , , , , , , , , , , , , , , , , , , , , , , , , , , , , , , , , , , , , , , , , 
wazuh-alerts-4.x-2024.12.10,X8f-sJMBnOFSf1lydkUQ,1,1,192.168.117.136,window-agent3,3,Maryam, , , ,11,0x8000000000000000,{5770385f-c22a-43e0-bf4c-06f5698ffbd9},4,Microsoft-Windows-Sysmon/Operational,0,"""File created:
RuleName: technique_id=T1574.010,technique_name=Services File Permissions Weakness
UtcTime: 2024-12-10 14:34:30.465
ProcessGuid: {15959494-50d7-6758-1800-000000000200}
ProcessId: 1216
Image: C:\$WINDOWS.~BT\Sources\SetupPlatform.exe
TargetFilename: C:\Windows\Panther\Rollback\EFI\Microsoft\Boot\kd_02_1969.dll
CreationUtcTime: 2024-12-10 14:34:30.465
User: NT AUTHORITY\SYSTEM""",2,2024-12-10T14:34:30.4756970Z,2123,3480,DESKTOP-QGB4EQH,11,2452,INFORMATION,Microsoft-Windows-Sysmon,10,FALSE,6,Executable dropped in Windows root folder,"[""sysmon"",""sysmon_eid11_detections"",""windows""]",92217,windows_eventchannel,log,"Dec 10, 2024 @ 14:34:43.893",EventChannel,1733841283,"Dec 10, 2024 @ 14:34:43.893", , , , , , ,C:\\$WINDOWS.~BT\\Sources\\SetupPlatform.exe, , , , , , ,{15959494-50d7-6758-1800-000000000200},1216,34:30.5, ,"technique_id=T1574.010,technique_name=Services File Permissions Weakness", , ,NT AUTHORITY\\SYSTEM,"[""Lateral Tool Transfer""]","[""T1570""]","[""Lateral Movement""]", ,C:\\Windows\\Panther\\Rollback\\EFI\\Microsoft\\Boot\\kd_02_1969.dll,34:30.5, , , , , , , , , , , , , , , , , , , , , , , , , , , , , , , , , , , , , , , , , , , , , , , , , , , , , , , , , , , , , , , , , , , , , , , , , , , , , , , , , , , , , , , , , , , , , , , , , , , , , , , , , , , , , , , , , , , , , , , , , , , , , 
wazuh-alerts-4.x-2024.12.10,Y8f-sJMBnOFSf1lydkUQ,1,1,192.168.117.136,window-agent3,3,Maryam, , , ,11,0x8000000000000000,{5770385f-c22a-43e0-bf4c-06f5698ffbd9},4,Microsoft-Windows-Sysmon/Operational,0,"""File created:
RuleName: technique_id=T1574.010,technique_name=Services File Permissions Weakness
UtcTime: 2024-12-10 14:34:30.479
ProcessGuid: {15959494-50d7-6758-1800-000000000200}
ProcessId: 1216
Image: C:\$WINDOWS.~BT\Sources\SetupPlatform.exe
TargetFilename: C:\Windows\Panther\Rollback\EFI\Microsoft\Boot\kd_07_1415.dll
CreationUtcTime: 2024-12-10 14:34:30.479
User: NT AUTHORITY\SYSTEM""",2,2024-12-10T14:34:30.4952982Z,2130,3480,DESKTOP-QGB4EQH,11,2452,INFORMATION,Microsoft-Windows-Sysmon,14,FALSE,6,Executable dropped in Windows root folder,"[""sysmon"",""sysmon_eid11_detections"",""windows""]",92217,windows_eventchannel,log,"Dec 10, 2024 @ 14:34:44.019",EventChannel,1733841284,"Dec 10, 2024 @ 14:34:44.019", , , , , , ,C:\\$WINDOWS.~BT\\Sources\\SetupPlatform.exe, , , , , , ,{15959494-50d7-6758-1800-000000000200},1216,34:30.5, ,"technique_id=T1574.010,technique_name=Services File Permissions Weakness", , ,NT AUTHORITY\\SYSTEM,"[""Lateral Tool Transfer""]","[""T1570""]","[""Lateral Movement""]", ,C:\\Windows\\Panther\\Rollback\\EFI\\Microsoft\\Boot\\kd_07_1415.dll,34:30.5, , , , , , , , , , , , , , , , , , , , , , , , , , , , , , , , , , , , , , , , , , , , , , , , , , , , , , , , , , , , , , , , , , , , , , , , , , , , , , , , , , , , , , , , , , , , , , , , , , , , , , , , , , , , , , , , , , , , , , , , , , , , , 
wazuh-alerts-4.x-2024.12.10,VMf-sJMBnOFSf1lyQ0VE,1,1,192.168.117.136,window-agent3,3,Maryam, , , ,13,0x8000000000000000,{5770385f-c22a-43e0-bf4c-06f5698ffbd9},4,Microsoft-Windows-Sysmon/Operational,0,"""Registry value set:
RuleName: -
EventType: SetValue
UtcTime: 2024-12-10 14:34:28.026
ProcessGuid: {15959494-50d9-6758-2900-000000000200}
ProcessId: 2140
Image: C:\WINDOWS\system32\svchost.exe
TargetObject: HKLM\System\CurrentControlSet\Services\SharedAccess\Parameters\FirewallPolicy\RestrictedServices\Configurable\System\08f42929-33a9-431c-a6f6-2ef1fd5959d3
Details: v2.30|Action=Block|Active=TRUE|Dir=In|App=%%ProgramFiles%%\Windows Defender\MsMpEng.exe|Svc=WinDefend|Name=Inbound service restriction rule for WinDefend|Desc=Block all inbound traffic to service WinDefend|
User: NT AUTHORITY\LOCAL SERVICE""",2,2024-12-10T14:34:28.0332865Z,1696,3480,DESKTOP-QGB4EQH,13,2452,INFORMATION,Microsoft-Windows-Sysmon,2,FALSE,3,Evidence of new service creation found in registry under HKLM\\System\\CurrentControlSet\\Services\\SharedAccess\\Parameters\\FirewallPolicy\\RestrictedServices\\Configurable\\System\\08f42929-33a9-431c-a6f6-2ef1fd5959d3 binary is: v2.30|Action=Block|Active=TRUE|Dir=In|App=%%ProgramFiles%%\\Windows Defender\\MsMpEng.exe|Svc=WinDefend|Name=Inbound service restriction rule for WinDefend|Desc=Block all inbound traffic to service WinDefend|,"[""sysmon"",""sysmon_eid13_detections"",""windows""]",92307,windows_eventchannel,log,"Dec 10, 2024 @ 14:34:32.752",EventChannel,1733841272,"Dec 10, 2024 @ 14:34:32.752", , , , , , ,C:\\WINDOWS\\system32\\svchost.exe, , , , , , ,{15959494-50d9-6758-2900-000000000200},2140,34:28.0, , , , ,NT AUTHORITY\\LOCAL SERVICE,"[""Windows Service""]","[""T1543.003""]","[""Persistence"",""Privilege Escalation""]", , , , , , , , , , , , , , , , , , , , , , , , , , , , , , , , , , , , , , , , , , , , , , , , , , , , , , , , , , , , , , , , , , , , ,HKLM\\System\\CurrentControlSet\\Services\\SharedAccess\\Parameters\\FirewallPolicy\\RestrictedServices\\Configurable\\System\\08f42929-33a9-431c-a6f6-2ef1fd5959d3,v2.30|Action=Block|Active=TRUE|Dir=In|App=%%ProgramFiles%%\\Windows Defender\\MsMpEng.exe|Svc=WinDefend|Name=Inbound service restriction rule for WinDefend|Desc=Block all inbound traffic to service WinDefend|,SetValue, , , , , , , , , , , , , , , , , , , , , , , , , , , , , , , , , , , , , , , , , , , , , , , , , , , , , , , , , 
