wazuh-alerts-4.x-2024.12.10,9PRRspMBtNh2X6vnUN40,1,1,192.168.117.136,window-agent3,3,Maryam, , , ,11,0x8000000000000000,{5770385f-c22a-43e0-bf4c-06f5698ffbd9},4,Microsoft-Windows-Sysmon/Operational,0,"""File created:
RuleName: technique_id=T1574.010,technique_name=Services File Permissions Weakness
UtcTime: 2024-12-10 17:36:41.259
ProcessGuid: {15959494-7b00-6758-1200-000000000300}
ProcessId: 64
Image: C:\WINDOWS\system32\svchost.exe
TargetFilename: C:\Windows\SoftwareDistribution\Download\574ea5e93a93625d3c1b7092246bf566\Metadata\UAOneSettings.dll
CreationUtcTime: 2023-09-13 20:31:58.000
User: NT AUTHORITY\SYSTEM""",2,2024-12-10T17:36:41.2722775Z,7562,3880,DESKTOP-QGB4EQH,11,2624,INFORMATION,Microsoft-Windows-Sysmon,9,FALSE,6,Possible DLL search order hijack by C:\\Windows\\SoftwareDistribution\\Download\\574ea5e93a93625d3c1b7092246bf566\\Metadata\\UAOneSettings.dll created in Windows root folder,"[""sysmon"",""sysmon_eid11_detections"",""windows""]",92219,windows_eventchannel,log,"Dec 10, 2024 @ 17:36:41.917",EventChannel,1733852201,"Dec 10, 2024 @ 17:36:41.917", , , , , , ,C:\\WINDOWS\\system32\\svchost.exe, , , , , , ,{15959494-7b00-6758-1200-000000000300},64,36:41.3, ,"technique_id=T1574.010,technique_name=Services File Permissions Weakness", , ,NT AUTHORITY\\SYSTEM,"[""DLL Search Order Hijacking"",""DLL Side-Loading""]","[""T1574.001"",""T1574.002""]","[""Persistence"",""Privilege Escalation"",""Defense Evasion""]", ,C:\\Windows\\SoftwareDistribution\\Download\\574ea5e93a93625d3c1b7092246bf566\\Metadata\\UAOneSettings.dll,31:58.0, , , , , , , , , , , , , , , , , , , , , , , , , , , , , , , , , , , , , , , , , , , , , , , , , , , , , , , , , , , , , , , , , , , , , , , , , , , , , , , , , , , , , , , , , , , , , , , , , , , , , , , , , , , , , , , , , , , , , , , , , , , , , 
wazuh-alerts-4.x-2024.12.10,9fRRspMBtNh2X6vnUN40,1,1,192.168.117.136,window-agent3,3,Maryam, , , ,11,0x8000000000000000,{5770385f-c22a-43e0-bf4c-06f5698ffbd9},4,Microsoft-Windows-Sysmon/Operational,0,"""File created:
RuleName: technique_id=T1574.010,technique_name=Services File Permissions Weakness
UtcTime: 2024-12-10 17:36:41.259
ProcessGuid: {15959494-7b00-6758-1200-000000000300}
ProcessId: 64
Image: C:\WINDOWS\system32\svchost.exe
TargetFilename: C:\Windows\SoftwareDistribution\Download\574ea5e93a93625d3c1b7092246bf566\Metadata\Mitigation.dll
CreationUtcTime: 2023-09-14 00:16:28.000
User: NT AUTHORITY\SYSTEM""",2,2024-12-10T17:36:41.2671200Z,7561,3880,DESKTOP-QGB4EQH,11,2624,INFORMATION,Microsoft-Windows-Sysmon,10,FALSE,6,Possible DLL search order hijack by C:\\Windows\\SoftwareDistribution\\Download\\574ea5e93a93625d3c1b7092246bf566\\Metadata\\Mitigation.dll created in Windows root folder,"[""sysmon"",""sysmon_eid11_detections"",""windows""]",92219,windows_eventchannel,log,"Dec 10, 2024 @ 17:36:41.917",EventChannel,1733852201,"Dec 10, 2024 @ 17:36:41.917", , , , , , ,C:\\WINDOWS\\system32\\svchost.exe, , , , , , ,{15959494-7b00-6758-1200-000000000300},64,36:41.3, ,"technique_id=T1574.010,technique_name=Services File Permissions Weakness", , ,NT AUTHORITY\\SYSTEM,"[""DLL Search Order Hijacking"",""DLL Side-Loading""]","[""T1574.001"",""T1574.002""]","[""Persistence"",""Privilege Escalation"",""Defense Evasion""]", ,C:\\Windows\\SoftwareDistribution\\Download\\574ea5e93a93625d3c1b7092246bf566\\Metadata\\Mitigation.dll,16:28.0, , , , , , , , , , , , , , , , , , , , , , , , , , , , , , , , , , , , , , , , , , , , , , , , , , , , , , , , , , , , , , , , , , , , , , , , , , , , , , , , , , , , , , , , , , , , , , , , , , , , , , , , , , , , , , , , , , , , , , , , , , , , , 
wazuh-alerts-4.x-2024.12.10,9vRRspMBtNh2X6vnUN40,1,1,192.168.117.136,window-agent3,3,Maryam, , , ,11,0x8000000000000000,{5770385f-c22a-43e0-bf4c-06f5698ffbd9},4,Microsoft-Windows-Sysmon/Operational,0,"""File created:
RuleName: technique_id=T1574.010,technique_name=Services File Permissions Weakness
UtcTime: 2024-12-10 17:36:43.322
ProcessGuid: {15959494-7b00-6758-1200-000000000300}
ProcessId: 64
Image: C:\WINDOWS\system32\svchost.exe
TargetFilename: C:\Windows\SoftwareDistribution\Download\574ea5e93a93625d3c1b7092246bf566\Metadata\UpdateAgent.dll
CreationUtcTime: 2023-09-13 20:17:30.000
User: NT AUTHORITY\SYSTEM""",2,2024-12-10T17:36:43.3306069Z,7569,3880,DESKTOP-QGB4EQH,11,2624,INFORMATION,Microsoft-Windows-Sysmon,11,FALSE,6,Possible DLL search order hijack by C:\\Windows\\SoftwareDistribution\\Download\\574ea5e93a93625d3c1b7092246bf566\\Metadata\\UpdateAgent.dll created in Windows root folder,"[""sysmon"",""sysmon_eid11_detections"",""windows""]",92219,windows_eventchannel,log,"Dec 10, 2024 @ 17:36:43.776",EventChannel,1733852203,"Dec 10, 2024 @ 17:36:43.776", , , , , , ,C:\\WINDOWS\\system32\\svchost.exe, , , , , , ,{15959494-7b00-6758-1200-000000000300},64,36:43.3, ,"technique_id=T1574.010,technique_name=Services File Permissions Weakness", , ,NT AUTHORITY\\SYSTEM,"[""DLL Search Order Hijacking"",""DLL Side-Loading""]","[""T1574.001"",""T1574.002""]","[""Persistence"",""Privilege Escalation"",""Defense Evasion""]", ,C:\\Windows\\SoftwareDistribution\\Download\\574ea5e93a93625d3c1b7092246bf566\\Metadata\\UpdateAgent.dll,17:30.0, , , , , , , , , , , , , , , , , , , , , , , , , , , , , , , , , , , , , , , , , , , , , , , , , , , , , , , , , , , , , , , , , , , , , , , , , , , , , , , , , , , , , , , , , , , , , , , , , , , , , , , , , , , , , , , , , , , , , , , , , , , , , 
wazuh-alerts-4.x-2024.12.10,9_RRspMBtNh2X6vnUN40,1,1,192.168.117.136,window-agent3,3,Maryam, , , ,11,0x8000000000000000,{5770385f-c22a-43e0-bf4c-06f5698ffbd9},4,Microsoft-Windows-Sysmon/Operational,0,"""File created:
RuleName: technique_id=T1574.010,technique_name=Services File Permissions Weakness
UtcTime: 2024-12-10 17:36:43.368
ProcessGuid: {15959494-7b00-6758-1200-000000000300}
ProcessId: 64
Image: C:\WINDOWS\system32\svchost.exe
TargetFilename: C:\Windows\SoftwareDistribution\Download\574ea5e93a93625d3c1b7092246bf566\Metadata\ExeUpdateAgent.dll
CreationUtcTime: 2023-09-13 20:32:12.000
User: NT AUTHORITY\SYSTEM""",2,2024-12-10T17:36:43.3702704Z,7570,3880,DESKTOP-QGB4EQH,11,2624,INFORMATION,Microsoft-Windows-Sysmon,12,FALSE,6,Possible DLL search order hijack by C:\\Windows\\SoftwareDistribution\\Download\\574ea5e93a93625d3c1b7092246bf566\\Metadata\\ExeUpdateAgent.dll created in Windows root folder,"[""sysmon"",""sysmon_eid11_detections"",""windows""]",92219,windows_eventchannel,log,"Dec 10, 2024 @ 17:36:43.807",EventChannel,1733852203,"Dec 10, 2024 @ 17:36:43.807", , , , , , ,C:\\WINDOWS\\system32\\svchost.exe, , , , , , ,{15959494-7b00-6758-1200-000000000300},64,36:43.4, ,"technique_id=T1574.010,technique_name=Services File Permissions Weakness", , ,NT AUTHORITY\\SYSTEM,"[""DLL Search Order Hijacking"",""DLL Side-Loading""]","[""T1574.001"",""T1574.002""]","[""Persistence"",""Privilege Escalation"",""Defense Evasion""]", ,C:\\Windows\\SoftwareDistribution\\Download\\574ea5e93a93625d3c1b7092246bf566\\Metadata\\ExeUpdateAgent.dll,32:12.0, , , , , , , , , , , , , , , , , , , , , , , , , , , , , , , , , , , , , , , , , , , , , , , , , , , , , , , , , , , , , , , , , , , , , , , , , , , , , , , , , , , , , , , , , , , , , , , , , , , , , , , , , , , , , , , , , , , , , , , , , , , , , 
wazuh-alerts-4.x-2024.12.10,'-fRRspMBtNh2X6vnUN41,1,1,192.168.117.136,window-agent3,3,Maryam, , , ,11,0x8000000000000000,{5770385f-c22a-43e0-bf4c-06f5698ffbd9},4,Microsoft-Windows-Sysmon/Operational,0,"""File created:
RuleName: technique_id=T1574.010,technique_name=Services File Permissions Weakness
UtcTime: 2024-12-10 17:36:43.384
ProcessGuid: {15959494-7b00-6758-1200-000000000300}
ProcessId: 64
Image: C:\WINDOWS\system32\svchost.exe
TargetFilename: C:\Windows\SoftwareDistribution\Download\574ea5e93a93625d3c1b7092246bf566\Metadata\Mitigation.dll
CreationUtcTime: 2023-09-14 00:16:28.000
User: NT AUTHORITY\SYSTEM""",2,2024-12-10T17:36:43.3938004Z,7572,3880,DESKTOP-QGB4EQH,11,2624,INFORMATION,Microsoft-Windows-Sysmon,14,FALSE,6,Possible DLL search order hijack by C:\\Windows\\SoftwareDistribution\\Download\\574ea5e93a93625d3c1b7092246bf566\\Metadata\\Mitigation.dll created in Windows root folder,"[""sysmon"",""sysmon_eid11_detections"",""windows""]",92219,windows_eventchannel,log,"Dec 10, 2024 @ 17:36:43.839",EventChannel,1733852203,"Dec 10, 2024 @ 17:36:43.839", , , , , , ,C:\\WINDOWS\\system32\\svchost.exe, , , , , , ,{15959494-7b00-6758-1200-000000000300},64,36:43.4, ,"technique_id=T1574.010,technique_name=Services File Permissions Weakness", , ,NT AUTHORITY\\SYSTEM,"[""DLL Search Order Hijacking"",""DLL Side-Loading""]","[""T1574.001"",""T1574.002""]","[""Persistence"",""Privilege Escalation"",""Defense Evasion""]", ,C:\\Windows\\SoftwareDistribution\\Download\\574ea5e93a93625d3c1b7092246bf566\\Metadata\\Mitigation.dll,16:28.0, , , , , , , , , , , , , , , , , , , , , , , , , , , , , , , , , , , , , , , , , , , , , , , , , , , , , , , , , , , , , , , , , , , , , , , , , , , , , , , , , , , , , , , , , , , , , , , , , , , , , , , , , , , , , , , , , , , , , , , , , , , , , 
wazuh-alerts-4.x-2024.12.10,_PRRspMBtNh2X6vnUN41,1,1,192.168.117.136,window-agent3,3,Maryam, , , ,11,0x8000000000000000,{5770385f-c22a-43e0-bf4c-06f5698ffbd9},4,Microsoft-Windows-Sysmon/Operational,0,"""File created:
RuleName: -
UtcTime: 2024-12-10 17:37:13.150
ProcessGuid: {15959494-7b00-6758-1200-000000000300}
ProcessId: 64
Image: C:\WINDOWS\system32\svchost.exe
TargetFilename: C:\Windows\SoftwareDistribution\Download\Install\UpdatePlatform.amd64fre.exe
CreationUtcTime: 2024-12-10 17:37:13.150
User: NT AUTHORITY\SYSTEM""",2,2024-12-10T17:37:13.1620823Z,7597,3880,DESKTOP-QGB4EQH,11,2624,INFORMATION,Microsoft-Windows-Sysmon,3,FALSE,6,Executable dropped in Windows root folder,"[""sysmon"",""sysmon_eid11_detections"",""windows""]",92217,windows_eventchannel,log,"Dec 10, 2024 @ 17:37:13.292",EventChannel,1733852233,"Dec 10, 2024 @ 17:37:13.292", , , , , , ,C:\\WINDOWS\\system32\\svchost.exe, , , , , , ,{15959494-7b00-6758-1200-000000000300},64,37:13.1, , , , ,NT AUTHORITY\\SYSTEM,"[""Lateral Tool Transfer""]","[""T1570""]","[""Lateral Movement""]", ,C:\\Windows\\SoftwareDistribution\\Download\\Install\\UpdatePlatform.amd64fre.exe,37:13.1, , , , , , , , , , , , , , , , , , , , , , , , , , , , , , , , , , , , , , , , , , , , , , , , , , , , , , , , , , , , , , , , , , , , , , , , , , , , , , , , , , , , , , , , , , , , , , , , , , , , , , , , , , , , , , , , , , , , , , , , , , , , , 
wazuh-alerts-4.x-2024.12.10,__RRspMBtNh2X6vnUN6R,1,1,192.168.117.136,window-agent3,3,Maryam, , , ,11,0x8000000000000000,{5770385f-c22a-43e0-bf4c-06f5698ffbd9},4,Microsoft-Windows-Sysmon/Operational,0,"""File created:
RuleName: technique_id=T1574.010,technique_name=Services File Permissions Weakness
UtcTime: 2024-12-10 17:37:13.541
ProcessGuid: {15959494-7c49-6758-5f01-000000000300}
ProcessId: 9192
Image: C:\WINDOWS\SoftwareDistribution\Download\Install\UpdatePlatform.amd64fre.exe
TargetFilename: C:\Windows\Temp\C1EEE9F1-DA6F-40E6-A2F1-83C1E18FFDF6\MpAsDesc.dll
CreationUtcTime: 2024-12-10 17:37:13.541
User: NT AUTHORITY\SYSTEM""",2,2024-12-10T17:37:13.5526211Z,7614,3880,DESKTOP-QGB4EQH,11,2624,INFORMATION,Microsoft-Windows-Sysmon,5,FALSE,6,Executable dropped in Windows root folder,"[""sysmon"",""sysmon_eid11_detections"",""windows""]",92217,windows_eventchannel,log,"Dec 10, 2024 @ 17:37:14.307",EventChannel,1733852234,"Dec 10, 2024 @ 17:37:14.307", , , , , , ,C:\\WINDOWS\\SoftwareDistribution\\Download\\Install\\UpdatePlatform.amd64fre.exe, , , , , , ,{15959494-7c49-6758-5f01-000000000300},9192,37:13.5, ,"technique_id=T1574.010,technique_name=Services File Permissions Weakness", , ,NT AUTHORITY\\SYSTEM,"[""Lateral Tool Transfer""]","[""T1570""]","[""Lateral Movement""]", ,C:\\Windows\\Temp\\C1EEE9F1-DA6F-40E6-A2F1-83C1E18FFDF6\\MpAsDesc.dll,37:13.5, , , , , , , , , , , , , , , , , , , , , , , , , , , , , , , , , , , , , , , , , , , , , , , , , , , , , , , , , , , , , , , , , , , , , , , , , , , , , , , , , , , , , , , , , , , , , , , , , , , , , , , , , , , , , , , , , , , , , , , , , , , , , 
wazuh-alerts-4.x-2024.12.10,BfRRspMBtNh2X6vnUN-R,1,1,192.168.117.136,window-agent3,3,Maryam, , , ,11,0x8000000000000000,{5770385f-c22a-43e0-bf4c-06f5698ffbd9},4,Microsoft-Windows-Sysmon/Operational,0,"""File created:
RuleName: technique_id=T1574.010,technique_name=Services File Permissions Weakness
UtcTime: 2024-12-10 17:37:13.634
ProcessGuid: {15959494-7c49-6758-5f01-000000000300}
ProcessId: 9192
Image: C:\WINDOWS\SoftwareDistribution\Download\Install\UpdatePlatform.amd64fre.exe
TargetFilename: C:\Windows\Temp\C1EEE9F1-DA6F-40E6-A2F1-83C1E18FFDF6\MpDlp.dll
CreationUtcTime: 2024-12-10 17:37:13.634
User: NT AUTHORITY\SYSTEM""",2,2024-12-10T17:37:13.6354044Z,7620,3880,DESKTOP-QGB4EQH,11,2624,INFORMATION,Microsoft-Windows-Sysmon,11,FALSE,6,Executable dropped in Windows root folder,"[""sysmon"",""sysmon_eid11_detections"",""windows""]",92217,windows_eventchannel,log,"Dec 10, 2024 @ 17:37:14.401",EventChannel,1733852234,"Dec 10, 2024 @ 17:37:14.401", , , , , , ,C:\\WINDOWS\\SoftwareDistribution\\Download\\Install\\UpdatePlatform.amd64fre.exe, , , , , , ,{15959494-7c49-6758-5f01-000000000300},9192,37:13.6, ,"technique_id=T1574.010,technique_name=Services File Permissions Weakness", , ,NT AUTHORITY\\SYSTEM,"[""Lateral Tool Transfer""]","[""T1570""]","[""Lateral Movement""]", ,C:\\Windows\\Temp\\C1EEE9F1-DA6F-40E6-A2F1-83C1E18FFDF6\\MpDlp.dll,37:13.6, , , , , , , , , , , , , , , , , , , , , , , , , , , , , , , , , , , , , , , , , , , , , , , , , , , , , , , , , , , , , , , , , , , , , , , , , , , , , , , , , , , , , , , , , , , , , , , , , , , , , , , , , , , , , , , , , , , , , , , , , , , , , 
wazuh-alerts-4.x-2024.12.10,BvRRspMBtNh2X6vnUN-R,1,1,192.168.117.136,window-agent3,3,Maryam, , , ,11,0x8000000000000000,{5770385f-c22a-43e0-bf4c-06f5698ffbd9},4,Microsoft-Windows-Sysmon/Operational,0,"""File created:
RuleName: technique_id=T1574.010,technique_name=Services File Permissions Weakness
UtcTime: 2024-12-10 17:37:13.666
ProcessGuid: {15959494-7c49-6758-5f01-000000000300}
ProcessId: 9192
Image: C:\WINDOWS\SoftwareDistribution\Download\Install\UpdatePlatform.amd64fre.exe
TargetFilename: C:\Windows\Temp\C1EEE9F1-DA6F-40E6-A2F1-83C1E18FFDF6\MpEvMsg.dll
CreationUtcTime: 2024-12-10 17:37:13.666
User: NT AUTHORITY\SYSTEM""",2,2024-12-10T17:37:13.6742034Z,7621,3880,DESKTOP-QGB4EQH,11,2624,INFORMATION,Microsoft-Windows-Sysmon,12,FALSE,6,Executable dropped in Windows root folder,"[""sysmon"",""sysmon_eid11_detections"",""windows""]",92217,windows_eventchannel,log,"Dec 10, 2024 @ 17:37:14.417",EventChannel,1733852234,"Dec 10, 2024 @ 17:37:14.417", , , , , , ,C:\\WINDOWS\\SoftwareDistribution\\Download\\Install\\UpdatePlatform.amd64fre.exe, , , , , , ,{15959494-7c49-6758-5f01-000000000300},9192,37:13.7, ,"technique_id=T1574.010,technique_name=Services File Permissions Weakness", , ,NT AUTHORITY\\SYSTEM,"[""Lateral Tool Transfer""]","[""T1570""]","[""Lateral Movement""]", ,C:\\Windows\\Temp\\C1EEE9F1-DA6F-40E6-A2F1-83C1E18FFDF6\\MpEvMsg.dll,37:13.7, , , , , , , , , , , , , , , , , , , , , , , , , , , , , , , , , , , , , , , , , , , , , , , , , , , , , , , , , , , , , , , , , , , , , , , , , , , , , , , , , , , , , , , , , , , , , , , , , , , , , , , , , , , , , , , , , , , , , , , , , , , , , 
wazuh-alerts-4.x-2024.12.10,B_RRspMBtNh2X6vnUN-R,1,1,192.168.117.136,window-agent3,3,Maryam, , , ,11,0x8000000000000000,{5770385f-c22a-43e0-bf4c-06f5698ffbd9},4,Microsoft-Windows-Sysmon/Operational,0,"""File created:
RuleName: technique_id=T1574.010,technique_name=Services File Permissions Weakness
UtcTime: 2024-12-10 17:37:13.666
ProcessGuid: {15959494-7c49-6758-5f01-000000000300}
ProcessId: 9192
Image: C:\WINDOWS\SoftwareDistribution\Download\Install\UpdatePlatform.amd64fre.exe
TargetFilename: C:\Windows\Temp\C1EEE9F1-DA6F-40E6-A2F1-83C1E18FFDF6\MpOAV.dll
CreationUtcTime: 2024-12-10 17:37:13.666
User: NT AUTHORITY\SYSTEM""",2,2024-12-10T17:37:13.6814531Z,7622,3880,DESKTOP-QGB4EQH,11,2624,INFORMATION,Microsoft-Windows-Sysmon,13,FALSE,6,Executable dropped in Windows root folder,"[""sysmon"",""sysmon_eid11_detections"",""windows""]",92217,windows_eventchannel,log,"Dec 10, 2024 @ 17:37:14.448",EventChannel,1733852234,"Dec 10, 2024 @ 17:37:14.448", , , , , , ,C:\\WINDOWS\\SoftwareDistribution\\Download\\Install\\UpdatePlatform.amd64fre.exe, , , , , , ,{15959494-7c49-6758-5f01-000000000300},9192,37:13.7, ,"technique_id=T1574.010,technique_name=Services File Permissions Weakness", , ,NT AUTHORITY\\SYSTEM,"[""Lateral Tool Transfer""]","[""T1570""]","[""Lateral Movement""]", ,C:\\Windows\\Temp\\C1EEE9F1-DA6F-40E6-A2F1-83C1E18FFDF6\\MpOAV.dll,37:13.7, , , , , , , , , , , , , , , , , , , , , , , , , , , , , , , , , , , , , , , , , , , , , , , , , , , , , , , , , , , , , , , , , , , , , , , , , , , , , , , , , , , , , , , , , , , , , , , , , , , , , , , , , , , , , , , , , , , , , , , , , , , , , 
wazuh-alerts-4.x-2024.12.10,D_RRspMBtNh2X6vnUN-R,1,1,192.168.117.136,window-agent3,3,Maryam, , , ,11,0x8000000000000000,{5770385f-c22a-43e0-bf4c-06f5698ffbd9},4,Microsoft-Windows-Sysmon/Operational,0,"""File created:
RuleName: technique_id=T1574.010,technique_name=Services File Permissions Weakness
UtcTime: 2024-12-10 17:37:13.900
ProcessGuid: {15959494-7c49-6758-5f01-000000000300}
ProcessId: 9192
Image: C:\WINDOWS\SoftwareDistribution\Download\Install\UpdatePlatform.amd64fre.exe
TargetFilename: C:\Windows\Temp\C1EEE9F1-DA6F-40E6-A2F1-83C1E18FFDF6\ProtectionManagement.dll
CreationUtcTime: 2024-12-10 17:37:13.900
User: NT AUTHORITY\SYSTEM""",2,2024-12-10T17:37:13.9091783Z,7630,3880,DESKTOP-QGB4EQH,11,2624,INFORMATION,Microsoft-Windows-Sysmon,21,FALSE,6,Executable dropped in Windows root folder,"[""sysmon"",""sysmon_eid11_detections"",""windows""]",92217,windows_eventchannel,log,"Dec 10, 2024 @ 17:37:14.573",EventChannel,1733852234,"Dec 10, 2024 @ 17:37:14.573", , , , , , ,C:\\WINDOWS\\SoftwareDistribution\\Download\\Install\\UpdatePlatform.amd64fre.exe, , , , , , ,{15959494-7c49-6758-5f01-000000000300},9192,37:13.9, ,"technique_id=T1574.010,technique_name=Services File Permissions Weakness", , ,NT AUTHORITY\\SYSTEM,"[""Lateral Tool Transfer""]","[""T1570""]","[""Lateral Movement""]", ,C:\\Windows\\Temp\\C1EEE9F1-DA6F-40E6-A2F1-83C1E18FFDF6\\ProtectionManagement.dll,37:13.9, , , , , , , , , , , , , , , , , , , , , , , , , , , , , , , , , , , , , , , , , , , , , , , , , , , , , , , , , , , , , , , , , , , , , , , , , , , , , , , , , , , , , , , , , , , , , , , , , , , , , , , , , , , , , , , , , , , , , , , , , , , , , 
wazuh-alerts-4.x-2024.12.10,F_RRspMBtNh2X6vnUN-S,1,1,192.168.117.136,window-agent3,3,Maryam, , , ,11,0x8000000000000000,{5770385f-c22a-43e0-bf4c-06f5698ffbd9},4,Microsoft-Windows-Sysmon/Operational,0,"""File created:
RuleName: technique_id=T1574.010,technique_name=Services File Permissions Weakness
UtcTime: 2024-12-10 17:37:13.994
ProcessGuid: {15959494-7c49-6758-5f01-000000000300}
ProcessId: 9192
Image: C:\WINDOWS\SoftwareDistribution\Download\Install\UpdatePlatform.amd64fre.exe
TargetFilename: C:\Windows\Temp\C1EEE9F1-DA6F-40E6-A2F1-83C1E18FFDF6\x86\endpointdlp.dll
CreationUtcTime: 2024-12-10 17:37:13.994
User: NT AUTHORITY\SYSTEM""",2,2024-12-10T17:37:14.0089247Z,7639,3880,DESKTOP-QGB4EQH,11,2624,INFORMATION,Microsoft-Windows-Sysmon,29,FALSE,6,Executable dropped in Windows root folder,"[""sysmon"",""sysmon_eid11_detections"",""windows""]",92217,windows_eventchannel,log,"Dec 10, 2024 @ 17:37:14.698",EventChannel,1733852234,"Dec 10, 2024 @ 17:37:14.698", , , , , , ,C:\\WINDOWS\\SoftwareDistribution\\Download\\Install\\UpdatePlatform.amd64fre.exe, , , , , , ,{15959494-7c49-6758-5f01-000000000300},9192,37:14.0, ,"technique_id=T1574.010,technique_name=Services File Permissions Weakness", , ,NT AUTHORITY\\SYSTEM,"[""Lateral Tool Transfer""]","[""T1570""]","[""Lateral Movement""]", ,C:\\Windows\\Temp\\C1EEE9F1-DA6F-40E6-A2F1-83C1E18FFDF6\\x86\\endpointdlp.dll,37:14.0, , , , , , , , , , , , , , , , , , , , , , , , , , , , , , , , , , , , , , , , , , , , , , , , , , , , , , , , , , , , , , , , , , , , , , , , , , , , , , , , , , , , , , , , , , , , , , , , , , , , , , , , , , , , , , , , , , , , , , , , , , , , , 
wazuh-alerts-4.x-2024.12.10,GPRRspMBtNh2X6vnUN-S,1,1,192.168.117.136,window-agent3,3,Maryam, , , ,11,0x8000000000000000,{5770385f-c22a-43e0-bf4c-06f5698ffbd9},4,Microsoft-Windows-Sysmon/Operational,0,"""File created:
RuleName: -
UtcTime: 2024-12-10 17:37:14.025
ProcessGuid: {15959494-7c49-6758-5f01-000000000300}
ProcessId: 9192
Image: C:\WINDOWS\SoftwareDistribution\Download\Install\UpdatePlatform.amd64fre.exe
TargetFilename: C:\Windows\Temp\C1EEE9F1-DA6F-40E6-A2F1-83C1E18FFDF6\ConfigSecurityPolicy.exe
CreationUtcTime: 2024-12-10 17:37:14.025
User: NT AUTHORITY\SYSTEM""",2,2024-12-10T17:37:14.0291693Z,7640,3880,DESKTOP-QGB4EQH,11,2624,INFORMATION,Microsoft-Windows-Sysmon,30,FALSE,6,Executable dropped in Windows root folder,"[""sysmon"",""sysmon_eid11_detections"",""windows""]",92217,windows_eventchannel,log,"Dec 10, 2024 @ 17:37:14.732",EventChannel,1733852234,"Dec 10, 2024 @ 17:37:14.732", , , , , , ,C:\\WINDOWS\\SoftwareDistribution\\Download\\Install\\UpdatePlatform.amd64fre.exe, , , , , , ,{15959494-7c49-6758-5f01-000000000300},9192,37:14.0, , , , ,NT AUTHORITY\\SYSTEM,"[""Lateral Tool Transfer""]","[""T1570""]","[""Lateral Movement""]", ,C:\\Windows\\Temp\\C1EEE9F1-DA6F-40E6-A2F1-83C1E18FFDF6\\ConfigSecurityPolicy.exe,37:14.0, , , , , , , , , , , , , , , , , , , , , , , , , , , , , , , , , , , , , , , , , , , , , , , , , , , , , , , , , , , , , , , , , , , , , , , , , , , , , , , , , , , , , , , , , , , , , , , , , , , , , , , , , , , , , , , , , , , , , , , , , , , , , 
wazuh-alerts-4.x-2024.12.10,GvRRspMBtNh2X6vnUN-S,1,1,192.168.117.136,window-agent3,3,Maryam, , , ,11,0x8000000000000000,{5770385f-c22a-43e0-bf4c-06f5698ffbd9},4,Microsoft-Windows-Sysmon/Operational,0,"""File created:
RuleName: -
UtcTime: 2024-12-10 17:37:14.041
ProcessGuid: {15959494-7c49-6758-5f01-000000000300}
ProcessId: 9192
Image: C:\WINDOWS\SoftwareDistribution\Download\Install\UpdatePlatform.amd64fre.exe
TargetFilename: C:\Windows\Temp\C1EEE9F1-DA6F-40E6-A2F1-83C1E18FFDF6\MpCmdRun.exe
CreationUtcTime: 2024-12-10 17:37:14.041
User: NT AUTHORITY\SYSTEM""",2,2024-12-10T17:37:14.0468098Z,7644,3880,DESKTOP-QGB4EQH,11,2624,INFORMATION,Microsoft-Windows-Sysmon,32,FALSE,6,Executable dropped in Windows root folder,"[""sysmon"",""sysmon_eid11_detections"",""windows""]",92217,windows_eventchannel,log,"Dec 10, 2024 @ 17:37:14.776",EventChannel,1733852234,"Dec 10, 2024 @ 17:37:14.776", , , , , , ,C:\\WINDOWS\\SoftwareDistribution\\Download\\Install\\UpdatePlatform.amd64fre.exe, , , , , , ,{15959494-7c49-6758-5f01-000000000300},9192,37:14.0, , , , ,NT AUTHORITY\\SYSTEM,"[""Lateral Tool Transfer""]","[""T1570""]","[""Lateral Movement""]", ,C:\\Windows\\Temp\\C1EEE9F1-DA6F-40E6-A2F1-83C1E18FFDF6\\MpCmdRun.exe,37:14.0, , , , , , , , , , , , , , , , , , , , , , , , , , , , , , , , , , , , , , , , , , , , , , , , , , , , , , , , , , , , , , , , , , , , , , , , , , , , , , , , , , , , , , , , , , , , , , , , , , , , , , , , , , , , , , , , , , , , , , , , , , , , , 
wazuh-alerts-4.x-2024.12.10,HPRRspMBtNh2X6vnUN-S,1,1,192.168.117.136,window-agent3,3,Maryam, , , ,11,0x8000000000000000,{5770385f-c22a-43e0-bf4c-06f5698ffbd9},4,Microsoft-Windows-Sysmon/Operational,0,"""File created:
RuleName: -
UtcTime: 2024-12-10 17:37:14.072
ProcessGuid: {15959494-7c49-6758-5f01-000000000300}
ProcessId: 9192
Image: C:\WINDOWS\SoftwareDistribution\Download\Install\UpdatePlatform.amd64fre.exe
TargetFilename: C:\Windows\Temp\C1EEE9F1-DA6F-40E6-A2F1-83C1E18FFDF6\MpDefenderCoreService.exe
CreationUtcTime: 2024-12-10 17:37:14.072
User: NT AUTHORITY\SYSTEM""",2,2024-12-10T17:37:14.0823568Z,7648,3880,DESKTOP-QGB4EQH,11,2624,INFORMATION,Microsoft-Windows-Sysmon,34,FALSE,6,Executable dropped in Windows root folder,"[""sysmon"",""sysmon_eid11_detections"",""windows""]",92217,windows_eventchannel,log,"Dec 10, 2024 @ 17:37:14.838",EventChannel,1733852234,"Dec 10, 2024 @ 17:37:14.838", , , , , , ,C:\\WINDOWS\\SoftwareDistribution\\Download\\Install\\UpdatePlatform.amd64fre.exe, , , , , , ,{15959494-7c49-6758-5f01-000000000300},9192,37:14.1, , , , ,NT AUTHORITY\\SYSTEM,"[""Lateral Tool Transfer""]","[""T1570""]","[""Lateral Movement""]", ,C:\\Windows\\Temp\\C1EEE9F1-DA6F-40E6-A2F1-83C1E18FFDF6\\MpDefenderCoreService.exe,37:14.1, , , , , , , , , , , , , , , , , , , , , , , , , , , , , , , , , , , , , , , , , , , , , , , , , , , , , , , , , , , , , , , , , , , , , , , , , , , , , , , , , , , , , , , , , , , , , , , , , , , , , , , , , , , , , , , , , , , , , , , , , , , , , 
wazuh-alerts-4.x-2024.12.10,HfRRspMBtNh2X6vnUN-S,1,1,192.168.117.136,window-agent3,3,Maryam, , , ,11,0x8000000000000000,{5770385f-c22a-43e0-bf4c-06f5698ffbd9},4,Microsoft-Windows-Sysmon/Operational,0,"""File created:
RuleName: -
UtcTime: 2024-12-10 17:37:14.103
ProcessGuid: {15959494-7c49-6758-5f01-000000000300}
ProcessId: 9192
Image: C:\WINDOWS\SoftwareDistribution\Download\Install\UpdatePlatform.amd64fre.exe
TargetFilename: C:\Windows\Temp\C1EEE9F1-DA6F-40E6-A2F1-83C1E18FFDF6\MpDlpCmd.exe
CreationUtcTime: 2024-12-10 17:37:14.103
User: NT AUTHORITY\SYSTEM""",2,2024-12-10T17:37:14.1070910Z,7650,3880,DESKTOP-QGB4EQH,11,2624,INFORMATION,Microsoft-Windows-Sysmon,35,FALSE,6,Executable dropped in Windows root folder,"[""sysmon"",""sysmon_eid11_detections"",""windows""]",92217,windows_eventchannel,log,"Dec 10, 2024 @ 17:37:14.870",EventChannel,1733852234,"Dec 10, 2024 @ 17:37:14.870", , , , , , ,C:\\WINDOWS\\SoftwareDistribution\\Download\\Install\\UpdatePlatform.amd64fre.exe, , , , , , ,{15959494-7c49-6758-5f01-000000000300},9192,37:14.1, , , , ,NT AUTHORITY\\SYSTEM,"[""Lateral Tool Transfer""]","[""T1570""]","[""Lateral Movement""]", ,C:\\Windows\\Temp\\C1EEE9F1-DA6F-40E6-A2F1-83C1E18FFDF6\\MpDlpCmd.exe,37:14.1, , , , , , , , , , , , , , , , , , , , , , , , , , , , , , , , , , , , , , , , , , , , , , , , , , , , , , , , , , , , , , , , , , , , , , , , , , , , , , , , , , , , , , , , , , , , , , , , , , , , , , , , , , , , , , , , , , , , , , , , , , , , , 
wazuh-alerts-4.x-2024.12.10,H_RRspMBtNh2X6vnUN-S,1,1,192.168.117.136,window-agent3,3,Maryam, , , ,11,0x8000000000000000,{5770385f-c22a-43e0-bf4c-06f5698ffbd9},4,Microsoft-Windows-Sysmon/Operational,0,"""File created:
RuleName: -
UtcTime: 2024-12-10 17:37:14.118
ProcessGuid: {15959494-7c49-6758-5f01-000000000300}
ProcessId: 9192
Image: C:\WINDOWS\SoftwareDistribution\Download\Install\UpdatePlatform.amd64fre.exe
TargetFilename: C:\Windows\Temp\C1EEE9F1-DA6F-40E6-A2F1-83C1E18FFDF6\MpRecovery.exe
CreationUtcTime: 2024-12-10 17:37:14.118
User: NT AUTHORITY\SYSTEM""",2,2024-12-10T17:37:14.1326572Z,7654,3880,DESKTOP-QGB4EQH,11,2624,INFORMATION,Microsoft-Windows-Sysmon,37,FALSE,6,Executable dropped in Windows root folder,"[""sysmon"",""sysmon_eid11_detections"",""windows""]",92217,windows_eventchannel,log,"Dec 10, 2024 @ 17:37:14.932",EventChannel,1733852234,"Dec 10, 2024 @ 17:37:14.932", , , , , , ,C:\\WINDOWS\\SoftwareDistribution\\Download\\Install\\UpdatePlatform.amd64fre.exe, , , , , , ,{15959494-7c49-6758-5f01-000000000300},9192,37:14.1, , , , ,NT AUTHORITY\\SYSTEM,"[""Lateral Tool Transfer""]","[""T1570""]","[""Lateral Movement""]", ,C:\\Windows\\Temp\\C1EEE9F1-DA6F-40E6-A2F1-83C1E18FFDF6\\MpRecovery.exe,37:14.1, , , , , , , , , , , , , , , , , , , , , , , , , , , , , , , , , , , , , , , , , , , , , , , , , , , , , , , , , , , , , , , , , , , , , , , , , , , , , , , , , , , , , , , , , , , , , , , , , , , , , , , , , , , , , , , , , , , , , , , , , , , , , 
wazuh-alerts-4.x-2024.12.10,IPRRspMBtNh2X6vnUN-S,1,1,192.168.117.136,window-agent3,3,Maryam, , , ,11,0x8000000000000000,{5770385f-c22a-43e0-bf4c-06f5698ffbd9},4,Microsoft-Windows-Sysmon/Operational,0,"""File created:
RuleName: -
UtcTime: 2024-12-10 17:37:14.134
ProcessGuid: {15959494-7c49-6758-5f01-000000000300}
ProcessId: 9192
Image: C:\WINDOWS\SoftwareDistribution\Download\Install\UpdatePlatform.amd64fre.exe
TargetFilename: C:\Windows\Temp\C1EEE9F1-DA6F-40E6-A2F1-83C1E18FFDF6\MpSigStub.exe
CreationUtcTime: 2024-12-10 17:37:14.134
User: NT AUTHORITY\SYSTEM""",2,2024-12-10T17:37:14.1411629Z,7656,3880,DESKTOP-QGB4EQH,11,2624,INFORMATION,Microsoft-Windows-Sysmon,38,FALSE,6,Executable dropped in Windows root folder,"[""sysmon"",""sysmon_eid11_detections"",""windows""]",92217,windows_eventchannel,log,"Dec 10, 2024 @ 17:37:14.964",EventChannel,1733852234,"Dec 10, 2024 @ 17:37:14.964", , , , , , ,C:\\WINDOWS\\SoftwareDistribution\\Download\\Install\\UpdatePlatform.amd64fre.exe, , , , , , ,{15959494-7c49-6758-5f01-000000000300},9192,37:14.1, , , , ,NT AUTHORITY\\SYSTEM,"[""Lateral Tool Transfer""]","[""T1570""]","[""Lateral Movement""]", ,C:\\Windows\\Temp\\C1EEE9F1-DA6F-40E6-A2F1-83C1E18FFDF6\\MpSigStub.exe,37:14.1, , , , , , , , , , , , , , , , , , , , , , , , , , , , , , , , , , , , , , , , , , , , , , , , , , , , , , , , , , , , , , , , , , , , , , , , , , , , , , , , , , , , , , , , , , , , , , , , , , , , , , , , , , , , , , , , , , , , , , , , , , , , , 
wazuh-alerts-4.x-2024.12.10,IfRRspMBtNh2X6vnUN-S,1,1,192.168.117.136,window-agent3,3,Maryam, , , ,11,0x8000000000000000,{5770385f-c22a-43e0-bf4c-06f5698ffbd9},4,Microsoft-Windows-Sysmon/Operational,0,"""File created:
RuleName: -
UtcTime: 2024-12-10 17:37:14.150
ProcessGuid: {15959494-7c49-6758-5f01-000000000300}
ProcessId: 9192
Image: C:\WINDOWS\SoftwareDistribution\Download\Install\UpdatePlatform.amd64fre.exe
TargetFilename: C:\Windows\Temp\C1EEE9F1-DA6F-40E6-A2F1-83C1E18FFDF6\MsMpEng.exe
CreationUtcTime: 2024-12-10 17:37:14.150
User: NT AUTHORITY\SYSTEM""",2,2024-12-10T17:37:14.1586260Z,7658,3880,DESKTOP-QGB4EQH,11,2624,INFORMATION,Microsoft-Windows-Sysmon,39,FALSE,6,Executable dropped in Windows root folder,"[""sysmon"",""sysmon_eid11_detections"",""windows""]",92217,windows_eventchannel,log,"Dec 10, 2024 @ 17:37:14.995",EventChannel,1733852234,"Dec 10, 2024 @ 17:37:14.995", , , , , , ,C:\\WINDOWS\\SoftwareDistribution\\Download\\Install\\UpdatePlatform.amd64fre.exe, , , , , , ,{15959494-7c49-6758-5f01-000000000300},9192,37:14.1, , , , ,NT AUTHORITY\\SYSTEM,"[""Lateral Tool Transfer""]","[""T1570""]","[""Lateral Movement""]", ,C:\\Windows\\Temp\\C1EEE9F1-DA6F-40E6-A2F1-83C1E18FFDF6\\MsMpEng.exe,37:14.1, , , , , , , , , , , , , , , , , , , , , , , , , , , , , , , , , , , , , , , , , , , , , , , , , , , , , , , , , , , , , , , , , , , , , , , , , , , , , , , , , , , , , , , , , , , , , , , , , , , , , , , , , , , , , , , , , , , , , , , , , , , , , 
wazuh-alerts-4.x-2024.12.10,IvRRspMBtNh2X6vnUN-S,1,1,192.168.117.136,window-agent3,3,Maryam, , , ,11,0x8000000000000000,{5770385f-c22a-43e0-bf4c-06f5698ffbd9},4,Microsoft-Windows-Sysmon/Operational,0,"""File created:
RuleName: -
UtcTime: 2024-12-10 17:37:14.150
ProcessGuid: {15959494-7c49-6758-5f01-000000000300}
ProcessId: 9192
Image: C:\WINDOWS\SoftwareDistribution\Download\Install\UpdatePlatform.amd64fre.exe
TargetFilename: C:\Windows\Temp\C1EEE9F1-DA6F-40E6-A2F1-83C1E18FFDF6\NisSrv.exe
CreationUtcTime: 2024-12-10 17:37:14.150
User: NT AUTHORITY\SYSTEM""",2,2024-12-10T17:37:14.1648236Z,7660,3880,DESKTOP-QGB4EQH,11,2624,INFORMATION,Microsoft-Windows-Sysmon,40,FALSE,6,Executable dropped in Windows root folder,"[""sysmon"",""sysmon_eid11_detections"",""windows""]",92217,windows_eventchannel,log,"Dec 10, 2024 @ 17:37:15.027",EventChannel,1733852235,"Dec 10, 2024 @ 17:37:15.027", , , , , , ,C:\\WINDOWS\\SoftwareDistribution\\Download\\Install\\UpdatePlatform.amd64fre.exe, , , , , , ,{15959494-7c49-6758-5f01-000000000300},9192,37:14.1, , , , ,NT AUTHORITY\\SYSTEM,"[""Lateral Tool Transfer""]","[""T1570""]","[""Lateral Movement""]", ,C:\\Windows\\Temp\\C1EEE9F1-DA6F-40E6-A2F1-83C1E18FFDF6\\NisSrv.exe,37:14.1, , , , , , , , , , , , , , , , , , , , , , , , , , , , , , , , , , , , , , , , , , , , , , , , , , , , , , , , , , , , , , , , , , , , , , , , , , , , , , , , , , , , , , , , , , , , , , , , , , , , , , , , , , , , , , , , , , , , , , , , , , , , , 
wazuh-alerts-4.x-2024.12.10,JPRRspMBtNh2X6vnUN-S,1,1,192.168.117.136,window-agent3,3,Maryam, , , ,11,0x8000000000000000,{5770385f-c22a-43e0-bf4c-06f5698ffbd9},4,Microsoft-Windows-Sysmon/Operational,0,"""File created:
RuleName: -
UtcTime: 2024-12-10 17:37:14.228
ProcessGuid: {15959494-7c49-6758-5f01-000000000300}
ProcessId: 9192
Image: C:\WINDOWS\SoftwareDistribution\Download\Install\UpdatePlatform.amd64fre.exe
TargetFilename: C:\Windows\Temp\C1EEE9F1-DA6F-40E6-A2F1-83C1E18FFDF6\x86\MpCmdRun.exe
CreationUtcTime: 2024-12-10 17:37:14.228
User: NT AUTHORITY\SYSTEM""",2,2024-12-10T17:37:14.2355141Z,7664,3880,DESKTOP-QGB4EQH,11,2624,INFORMATION,Microsoft-Windows-Sysmon,42,FALSE,6,Executable dropped in Windows root folder,"[""sysmon"",""sysmon_eid11_detections"",""windows""]",92217,windows_eventchannel,log,"Dec 10, 2024 @ 17:37:15.089",EventChannel,1733852235,"Dec 10, 2024 @ 17:37:15.089", , , , , , ,C:\\WINDOWS\\SoftwareDistribution\\Download\\Install\\UpdatePlatform.amd64fre.exe, , , , , , ,{15959494-7c49-6758-5f01-000000000300},9192,37:14.2, , , , ,NT AUTHORITY\\SYSTEM,"[""Lateral Tool Transfer""]","[""T1570""]","[""Lateral Movement""]", ,C:\\Windows\\Temp\\C1EEE9F1-DA6F-40E6-A2F1-83C1E18FFDF6\\x86\\MpCmdRun.exe,37:14.2, , , , , , , , , , , , , , , , , , , , , , , , , , , , , , , , , , , , , , , , , , , , , , , , , , , , , , , , , , , , , , , , , , , , , , , , , , , , , , , , , , , , , , , , , , , , , , , , , , , , , , , , , , , , , , , , , , , , , , , , , , , , , 
wazuh-alerts-4.x-2024.12.10,JvRRspMBtNh2X6vnUN-S,1,1,192.168.117.136,window-agent3,3,Maryam, , , ,11,0x8000000000000000,{5770385f-c22a-43e0-bf4c-06f5698ffbd9},4,Microsoft-Windows-Sysmon/Operational,0,"""File created:
RuleName: technique_id=T1574.010,technique_name=Services File Permissions Weakness
UtcTime: 2024-12-10 17:37:14.260
ProcessGuid: {15959494-7c49-6758-5f01-000000000300}
ProcessId: 9192
Image: C:\WINDOWS\SoftwareDistribution\Download\Install\UpdatePlatform.amd64fre.exe
TargetFilename: C:\Windows\Temp\C1EEE9F1-DA6F-40E6-A2F1-83C1E18FFDF6\com.microsoft.defender.be.chrome.json
CreationUtcTime: 2024-12-10 17:37:14.260
User: NT AUTHORITY\SYSTEM""",2,2024-12-10T17:37:14.2728903Z,7668,3880,DESKTOP-QGB4EQH,11,2624,INFORMATION,Microsoft-Windows-Sysmon,26,FALSE,6,Scripting file created under Windows Temp or User folder,"[""sysmon"",""sysmon_eid11_detections"",""windows""]",92200,windows_eventchannel,log,"Dec 10, 2024 @ 17:37:15.154",EventChannel,1733852235,"Dec 10, 2024 @ 17:37:15.154", , , , , , ,C:\\WINDOWS\\SoftwareDistribution\\Download\\Install\\UpdatePlatform.amd64fre.exe, , , , , , ,{15959494-7c49-6758-5f01-000000000300},9192,37:14.3, ,"technique_id=T1574.010,technique_name=Services File Permissions Weakness", , ,NT AUTHORITY\\SYSTEM,"[""Command and Scripting Interpreter"",""Ingress Tool Transfer""]","[""T1059"",""T1105""]","[""Execution"",""Command and Control""]", ,C:\\Windows\\Temp\\C1EEE9F1-DA6F-40E6-A2F1-83C1E18FFDF6\\com.microsoft.defender.be.chrome.json,37:14.3, , , , , , , , , , , , , , , , , , , , , , , , , , , , , , , , , , , , , , , , , , , , , , , , , , , , , , , , , , , , , , , , , , , , , , , , , , , , , , , , , , , , , , , , , , , , , , , , , , , , , , , , , , , , , , , , , , , , , , , , , , , , , 
wazuh-alerts-4.x-2024.12.10,KfRRspMBtNh2X6vnUN-S,1,1,192.168.117.136,window-agent3,3,Maryam, , , ,7,0x8000000000000000,{5770385f-c22a-43e0-bf4c-06f5698ffbd9},4,Microsoft-Windows-Sysmon/Operational,0,"""Image loaded:
RuleName: technique_id=T1574.002,technique_name=DLL Side-Loading
UtcTime: 2024-12-10 17:37:16.057
ProcessGuid: {15959494-7b03-6758-3500-000000000300}
ProcessId: 2724
Image: C:\Program Files\Windows Defender\MsMpEng.exe
ImageLoaded: C:\Windows\Temp\C1EEE9F1-DA6F-40E6-A2F1-83C1E18FFDF6\MpUpdate.dll
FileVersion: 4.18.24090.11 (26d75470953920f90fd0438874501e9d9a31e621)
Description: Platform update helper
Product: Microsoft® Windows® Operating System
Company: Microsoft Corporation
OriginalFileName: mpupdate.dll
Hashes: SHA1=908BFA21B8DA454050FD013BC9042AB67BF8F1A8,MD5=5417EB6767B3C75A46595FE7E03D265C,SHA256=A286D5F8F9271563E6D02D7DF69142646CB768AB2D795CF3E90C3DCC2C6A3D57,IMPHASH=A2542EA7CC2522AEF19497D6202F7A6A
Signed: true
Signature: Microsoft Windows
SignatureStatus: Valid
User: NT AUTHORITY\SYSTEM""",3,2024-12-10T17:37:16.0636104Z,7939,3884,DESKTOP-QGB4EQH,7,2624,INFORMATION,Microsoft-Windows-Sysmon,1,FALSE,6,An executable - C:\\Program Files\\Windows Defender\\MsMpEng.exe - loaded C:\\Windows\\Temp\\C1EEE9F1-DA6F-40E6-A2F1-83C1E18FFDF6\\MpUpdate.dll from the Temp directory.,"[""sysmon"",""sysmon_eid7_detections"",""windows""]",92157,windows_eventchannel,log,"Dec 10, 2024 @ 17:37:19.870",EventChannel,1733852239,"Dec 10, 2024 @ 17:37:19.870", , , , , ,mpupdate.dll,C:\\Program Files\\Windows Defender\\MsMpEng.exe,Microsoft® Windows® Operating System,Microsoft Windows,C:\\Windows\\Temp\\C1EEE9F1-DA6F-40E6-A2F1-83C1E18FFDF6\\MpUpdate.dll,Platform update helper,TRUE,Valid,{15959494-7b03-6758-3500-000000000300},2724,37:16.1,"SHA1=908BFA21B8DA454050FD013BC9042AB67BF8F1A8,MD5=5417EB6767B3C75A46595FE7E03D265C,SHA256=A286D5F8F9271563E6D02D7DF69142646CB768AB2D795CF3E90C3DCC2C6A3D57,IMPHASH=A2542EA7CC2522AEF19497D6202F7A6A","technique_id=T1574.002,technique_name=DLL Side-Loading",Microsoft Corporation,4.18.24090.11 (26d75470953920f90fd0438874501e9d9a31e621),NT AUTHORITY\\SYSTEM,"[""Application Shimming""]","[""T1546.011""]","[""Privilege Escalation"",""Persistence""]", , , , , , , , , , , , , , , , , , , , , , , , , , , , , , , , , , , , , , , , , , , , , , , , , , , , , , , , , , , , , , , , , , , , , , , , , , , , , , , , , , , , , , , , , , , , , , , , , , , , , , , , , , , , , , , , , , , , , , , , , , , , , , , , 
wazuh-alerts-4.x-2024.12.10,LvRRspMBtNh2X6vnUN-S,1,1,192.168.117.136,window-agent3,3,Maryam, , , ,13,0x8000000000000000,{5770385f-c22a-43e0-bf4c-06f5698ffbd9},4,Microsoft-Windows-Sysmon/Operational,0,"""Registry value set:
RuleName: -
EventType: SetValue
UtcTime: 2024-12-10 17:37:35.077
ProcessGuid: {15959494-7b02-6758-2600-000000000300}
ProcessId: 2224
Image: C:\WINDOWS\system32\svchost.exe
TargetObject: HKLM\System\CurrentControlSet\Services\SharedAccess\Parameters\FirewallPolicy\RestrictedServices\Configurable\System\bf934f90-4565-418d-b6fb-16525d45a9a0
Details: v2.30|Action=Block|Active=TRUE|Dir=Out|App=%%ProgramData%%\Microsoft\Windows Defender\platform\4.18.24090.11-0\MsMpEng.exe|Svc=WinDefend|Name=Outbound service restriction rule for WinDefend|Desc=Block all outbound traffic from service WinDefend|
User: NT AUTHORITY\LOCAL SERVICE""",2,2024-12-10T17:37:35.0847325Z,8042,3880,DESKTOP-QGB4EQH,13,2624,INFORMATION,Microsoft-Windows-Sysmon,3,FALSE,3,Evidence of new service creation found in registry under HKLM\\System\\CurrentControlSet\\Services\\SharedAccess\\Parameters\\FirewallPolicy\\RestrictedServices\\Configurable\\System\\bf934f90-4565-418d-b6fb-16525d45a9a0 binary is: v2.30|Action=Block|Active=TRUE|Dir=Out|App=%%ProgramData%%\\Microsoft\\Windows Defender\\platform\\4.18.24090.11-0\\MsMpEng.exe|Svc=WinDefend|Name=Outbound service restriction rule for WinDefend|Desc=Block all outbound traffic from service WinDefend|,"[""sysmon"",""sysmon_eid13_detections"",""windows""]",92307,windows_eventchannel,log,"Dec 10, 2024 @ 17:37:35.401",EventChannel,1733852255,"Dec 10, 2024 @ 17:37:35.401", , , , , , ,C:\\WINDOWS\\system32\\svchost.exe, , , , , , ,{15959494-7b02-6758-2600-000000000300},2224,37:35.1, , , , ,NT AUTHORITY\\LOCAL SERVICE,"[""Windows Service""]","[""T1543.003""]","[""Persistence"",""Privilege Escalation""]", , , , , , , , , , , , , , , , , , , , , , , , , , , , , , , , , , , , , , , , , , , , , , , , , , , , , , , , , , , , , , , , , , , , ,HKLM\\System\\CurrentControlSet\\Services\\SharedAccess\\Parameters\\FirewallPolicy\\RestrictedServices\\Configurable\\System\\bf934f90-4565-418d-b6fb-16525d45a9a0,v2.30|Action=Block|Active=TRUE|Dir=Out|App=%%ProgramData%%\\Microsoft\\Windows Defender\\platform\\4.18.24090.11-0\\MsMpEng.exe|Svc=WinDefend|Name=Outbound service restriction rule for WinDefend|Desc=Block all outbound traffic from service WinDefend|,SetValue, , , , , , , , , , , , , , , , , , , , , , , , , , , , , , , , , , , , , , , , , , , , , , , , , , , , , , , , , 
wazuh-alerts-4.x-2024.12.10,MPRRspMBtNh2X6vnUN-S,1,1,192.168.117.136,window-agent3,3,Maryam, , , ,13,0x8000000000000000,{5770385f-c22a-43e0-bf4c-06f5698ffbd9},4,Microsoft-Windows-Sysmon/Operational,0,"""Registry value set:
RuleName: -
EventType: SetValue
UtcTime: 2024-12-10 17:37:35.119
ProcessGuid: {15959494-7aff-6758-0b00-000000000300}
ProcessId: 692
Image: C:\WINDOWS\system32\services.exe
TargetObject: HKLM\System\CurrentControlSet\Services\WinDefend\ImagePath
Details: ""C:\ProgramData\Microsoft\Windows Defender\platform\4.18.24090.11-0\MsMpEng.exe""
User: NT AUTHORITY\SYSTEM""",2,2024-12-10T17:37:35.1214315Z,8048,3880,DESKTOP-QGB4EQH,13,2624,INFORMATION,Microsoft-Windows-Sysmon,5,FALSE,3,"Evidence of new service creation found in registry under HKLM\\System\\CurrentControlSet\\Services\\WinDefend\\ImagePath binary is: \""C:\\ProgramData\\Microsoft\\Windows Defender\\platform\\4.18.24090.11-0\\MsMpEng.exe\""","[""sysmon"",""sysmon_eid13_detections"",""windows""]",92307,windows_eventchannel,log,"Dec 10, 2024 @ 17:37:35.509",EventChannel,1733852255,"Dec 10, 2024 @ 17:37:35.509", , , , , , ,C:\\WINDOWS\\system32\\services.exe, , , , , , ,{15959494-7aff-6758-0b00-000000000300},692,37:35.1, , , , ,NT AUTHORITY\\SYSTEM,"[""Windows Service""]","[""T1543.003""]","[""Persistence"",""Privilege Escalation""]", , , , , , , , , , , , , , , , , , , , , , , , , , , , , , , , , , , , , , , , , , , , , , , , , , , , , , , , , , , , , , , , , , , , ,HKLM\\System\\CurrentControlSet\\Services\\WinDefend\\ImagePath,"\""C:\\ProgramData\\Microsoft\\Windows Defender\\platform\\4.18.24090.11-0\\MsMpEng.exe\""",SetValue, , , , , , , , , , , , , , , , , , , , , , , , , , , , , , , , , , , , , , , , , , , , , , , , , , , , , , , , , 
wazuh-alerts-4.x-2024.12.10,M_RRspMBtNh2X6vnUN_x,1,1,192.168.117.136,window-agent3,3,Maryam, , , ,4624,0x8020000000000000,{54849625-5478-4994-a5ba-3e3b0328c30d},0,Security,0,"""An account was successfully logged on.

Subject:
	Security ID:		S-1-5-18
	Account Name:		DESKTOP-QGB4EQH$
	Account Domain:		WORKGROUP
	Logon ID:		0x3E7

Logon Information:
	Logon Type:		5
	Restricted Admin Mode:	-
	Virtual Account:		No
	Elevated Token:		Yes

Impersonation Level:		Impersonation

New Logon:
	Security ID:		S-1-5-18
	Account Name:		SYSTEM
	Account Domain:		NT AUTHORITY
	Logon ID:		0x3E7
	Linked Logon ID:		0x0
	Network Account Name:	-
	Network Account Domain:	-
	Logon GUID:		{00000000-0000-0000-0000-000000000000}

Process Information:
	Process ID:		0x2b4
	Process Name:		C:\Windows\System32\services.exe

Network Information:
	Workstation Name:	-
	Source Network Address:	-
	Source Port:		-

Detailed Authentication Information:
	Logon Process:		Advapi  
	Authentication Package:	Negotiate
	Transited Services:	-
	Package Name (NTLM only):	-
	Key Length:		0

This event is generated when a logon session is created. It is generated on the computer that was accessed.

The subject fields indicate the account on the local system which requested the logon. This is most commonly a service such as the Server service, or a local process such as Winlogon.exe or Services.exe.

The logon type field indicates the kind of logon that occurred. The most common types are 2 (interactive) and 3 (network).

The New Logon fields indicate the account for whom the new logon was created, i.e. the account that was logged on.

The network fields indicate where a remote logon request originated. Workstation name is not always available and may be left blank in some cases.

The impersonation level field indicates the extent to which a process in the logon session can impersonate.

The authentication information fields provide detailed information about this specific logon request.
	- Logon GUID is a unique identifier that can be used to correlate this event with a KDC event.
	- Transited services indicate which intermediate services have participated in this logon request.
	- Package name indicates which sub-protocol was used among the NTLM protocols.
	- Key length indicates the length of the generated session key. This will be 0 if no session key was requested.""",2,2024-12-10T17:37:45.3837297Z,986,1720,DESKTOP-QGB4EQH,12544,716,AUDIT_SUCCESS,Microsoft-Windows-Security-Auditing,8,FALSE,3,Windows logon success.,"[""windows"",""windows_security"",""authentication_success""]",60106,windows_eventchannel,log,"Dec 10, 2024 @ 17:37:46.323",EventChannel,1733852266,"Dec 10, 2024 @ 17:37:46.323", , , ,"[""IV_32.2""]","[""7.1"",""7.2""]", , , , , , , , , ,0x2b4, , , , , , ,"[""Valid Accounts""]","[""T1078""]","[""Defense Evasion"",""Persistence"",""Privilege Escalation"",""Initial Access""]", , , , , , ,"[""10.2.5""]","[""164.312.b""]","[""CC6.8"",""CC7.2"",""CC7.3""]","[""AC.7"",""AU.14""]", , ,{00000000-0000-0000-0000-000000000000}, , , , , , , , , ,0x3e7,WORKGROUP,0x0,%%1833,Negotiate,0x3e7,Advapi,SYSTEM,0,%%1842,S-1-5-18,C:\\Windows\\System32\\services.exe,NT AUTHORITY,S-1-5-18,%%1843,5,DESKTOP-QGB4EQH$, , , , , , , , , , , , , , , , , , , , , , , , , , , , , , , , , , , , , , , , , , , , , , , , , , , , , , , , , , , , , , , , , , , , , , , , , , , , , , , , , , , , , , , , , 
wazuh-alerts-4.x-2024.12.10,NPRRspMBtNh2X6vnUN_x,1,1,192.168.117.136,window-agent3,3,Maryam, , , ,13,0x8000000000000000,{5770385f-c22a-43e0-bf4c-06f5698ffbd9},4,Microsoft-Windows-Sysmon/Operational,0,"""Registry value set:
RuleName: -
EventType: SetValue
UtcTime: 2024-12-10 17:37:45.369
ProcessGuid: {15959494-7aff-6758-0b00-000000000300}
ProcessId: 692
Image: C:\WINDOWS\system32\services.exe
TargetObject: HKLM\System\CurrentControlSet\Services\MDCoreSvc\ImagePath
Details: ""C:\ProgramData\Microsoft\Windows Defender\platform\4.18.24090.11-0\MpDefenderCoreService.exe""
User: NT AUTHORITY\SYSTEM""",2,2024-12-10T17:37:45.3731765Z,8123,3880,DESKTOP-QGB4EQH,13,2624,INFORMATION,Microsoft-Windows-Sysmon,6,FALSE,3,"Evidence of new service creation found in registry under HKLM\\System\\CurrentControlSet\\Services\\MDCoreSvc\\ImagePath binary is: \""C:\\ProgramData\\Microsoft\\Windows Defender\\platform\\4.18.24090.11-0\\MpDefenderCoreService.exe\""","[""sysmon"",""sysmon_eid13_detections"",""windows""]",92307,windows_eventchannel,log,"Dec 10, 2024 @ 17:37:46.495",EventChannel,1733852266,"Dec 10, 2024 @ 17:37:46.495", , , , , , ,C:\\WINDOWS\\system32\\services.exe, , , , , , ,{15959494-7aff-6758-0b00-000000000300},692,37:45.4, , , , ,NT AUTHORITY\\SYSTEM,"[""Windows Service""]","[""T1543.003""]","[""Persistence"",""Privilege Escalation""]", , , , , , , , , , , , , , , , , , , , , , , , , , , , , , , , , , , , , , , , , , , , , , , , , , , , , , , , , , , , , , , , , , , , ,HKLM\\System\\CurrentControlSet\\Services\\MDCoreSvc\\ImagePath,"\""C:\\ProgramData\\Microsoft\\Windows Defender\\platform\\4.18.24090.11-0\\MpDefenderCoreService.exe\""",SetValue, , , , , , , , , , , , , , , , , , , , , , , , , , , , , , , , , , , , , , , , , , , , , , , , , , , , , , , , , 
wazuh-alerts-4.x-2024.12.10,PPRRspMBtNh2X6vnUN_x,1,1,192.168.117.136,window-agent3,3,Maryam, , , ,11,0x8000000000000000,{5770385f-c22a-43e0-bf4c-06f5698ffbd9},4,Microsoft-Windows-Sysmon/Operational,0,"""File created:
RuleName: technique_id=T1059.001,technique_name=PowerShell
UtcTime: 2024-12-10 17:38:33.850
ProcessGuid: {15959494-7c99-6758-b401-000000000300}
ProcessId: 7872
Image: C:\WINDOWS\System32\WindowsPowerShell\v1.0\powershell.exe
TargetFilename: C:\Users\mari\AppData\Local\Temp\__PSScriptPolicyTest_sug4gmnb.gbc.ps1
CreationUtcTime: 2024-12-10 17:38:33.850
User: DESKTOP-QGB4EQH\mari""",2,2024-12-10T17:38:33.8716118Z,8281,3880,DESKTOP-QGB4EQH,11,2624,INFORMATION,Microsoft-Windows-Sysmon,2,TRUE,15,Executable file dropped in folder commonly used by malware,"[""sysmon"",""sysmon_eid11_detections"",""windows""]",92213,windows_eventchannel,log,"Dec 10, 2024 @ 17:38:34.438",EventChannel,1733852314,"Dec 10, 2024 @ 17:38:34.438", , , , , , ,C:\\WINDOWS\\System32\\WindowsPowerShell\\v1.0\\powershell.exe, , , , , , ,{15959494-7c99-6758-b401-000000000300},7872,38:33.8, ,"technique_id=T1059.001,technique_name=PowerShell", , ,DESKTOP-QGB4EQH\\mari,"[""Ingress Tool Transfer""]","[""T1105""]","[""Command and Control""]", ,C:\\Users\\mari\\AppData\\Local\\Temp\\__PSScriptPolicyTest_sug4gmnb.gbc.ps1,38:33.8, , , , , , , , , , , , , , , , , , , , , , , , , , , , , , , , , , , , , , , , , , , , , , , , , , , , , , , , , , , , , , , , , , , , , , , , , , , , , , , , , , , , , , , , , , , , , , , , , , , , , , , , , , , , , , , , , , , , , , , , , , , , , 
