wazuh-alerts-4.x-2024.12.10,b8f-sJMBnOFSf1lyn0Uc,1,1,192.168.117.136,window-agent3,3,Maryam, , , ,4624,0x8020000000000000,{54849625-5478-4994-a5ba-3e3b0328c30d},0,Security,0,"""An account was successfully logged on.

Subject:
	Security ID:		S-1-5-18
	Account Name:		DESKTOP-QGB4EQH$
	Account Domain:		WORKGROUP
	Logon ID:		0x3E7

Logon Information:
	Logon Type:		5
	Restricted Admin Mode:	-
	Virtual Account:		No
	Elevated Token:		Yes

Impersonation Level:		Impersonation

New Logon:
	Security ID:		S-1-5-18
	Account Name:		SYSTEM
	Account Domain:		NT AUTHORITY
	Logon ID:		0x3E7
	Linked Logon ID:		0x0
	Network Account Name:	-
	Network Account Domain:	-
	Logon GUID:		{00000000-0000-0000-0000-000000000000}

Process Information:
	Process ID:		0x284
	Process Name:		C:\Windows\System32\services.exe

Network Information:
	Workstation Name:	-
	Source Network Address:	-
	Source Port:		-

Detailed Authentication Information:
	Logon Process:		Advapi  
	Authentication Package:	Negotiate
	Transited Services:	-
	Package Name (NTLM only):	-
	Key Length:		0

This event is generated when a logon session is created. It is generated on the computer that was accessed.

The subject fields indicate the account on the local system which requested the logon. This is most commonly a service such as the Server service, or a local process such as Winlogon.exe or Services.exe.

The logon type field indicates the kind of logon that occurred. The most common types are 2 (interactive) and 3 (network).

The New Logon fields indicate the account for whom the new logon was created, i.e. the account that was logged on.

The network fields indicate where a remote logon request originated. Workstation name is not always available and may be left blank in some cases.

The impersonation level field indicates the extent to which a process in the logon session can impersonate.

The authentication information fields provide detailed information about this specific logon request.
	- Logon GUID is a unique identifier that can be used to correlate this event with a KDC event.
	- Transited services indicate which intermediate services have participated in this logon request.
	- Package name indicates which sub-protocol was used among the NTLM protocols.
	- Key length indicates the length of the generated session key. This will be 0 if no session key was requested.""",2,2024-12-10T14:34:46.5069629Z,230,708,DESKTOP-QGB4EQH,12544,672,AUDIT_SUCCESS,Microsoft-Windows-Security-Auditing,14,FALSE,3,Windows logon success.,"[""windows"",""windows_security"",""authentication_success""]",60106,windows_eventchannel,log,"Dec 10, 2024 @ 14:34:54.585",EventChannel,1733841294,"Dec 10, 2024 @ 14:34:54.585", , , ,"[""IV_32.2""]","[""7.1"",""7.2""]", , , , , , , , , ,0x284, , , , , , ,"[""Valid Accounts""]","[""T1078""]","[""Defense Evasion"",""Persistence"",""Privilege Escalation"",""Initial Access""]", , , , , , ,"[""10.2.5""]","[""164.312.b""]","[""CC6.8"",""CC7.2"",""CC7.3""]","[""AC.7"",""AU.14""]", , ,{00000000-0000-0000-0000-000000000000}, , , , , , , , , ,0x3e7,WORKGROUP,0x0,%%1833,Negotiate,0x3e7,Advapi,SYSTEM,0,%%1842,S-1-5-18,C:\\Windows\\System32\\services.exe,NT AUTHORITY,S-1-5-18,%%1843,5,DESKTOP-QGB4EQH$, , , , , , , , , , , , , , , , , , , , , , , , , , , , , , , , , , , , , , , , , , , , , , , , , , , , , , , , , , , , , , , , , , , , , , , , , , , , , , , , , , , , , , , , , 
wazuh-alerts-4.x-2024.12.10,c8f-sJMBnOFSf1lyn0Uc,1,1,192.168.117.136,window-agent3,3,Maryam, , , ,4624,0x8020000000000000,{54849625-5478-4994-a5ba-3e3b0328c30d},0,Security,0,"""An account was successfully logged on.

Subject:
	Security ID:		S-1-5-18
	Account Name:		DESKTOP-QGB4EQH$
	Account Domain:		WORKGROUP
	Logon ID:		0x3E7

Logon Information:
	Logon Type:		2
	Restricted Admin Mode:	-
	Virtual Account:		No
	Elevated Token:		Yes

Impersonation Level:		Impersonation

New Logon:
	Security ID:		S-1-5-21-2469675487-2142651230-3143768571-1001
	Account Name:		mari
	Account Domain:		DESKTOP-QGB4EQH
	Logon ID:		0x379030
	Linked Logon ID:		0x3793D6
	Network Account Name:	-
	Network Account Domain:	-
	Logon GUID:		{00000000-0000-0000-0000-000000000000}

Process Information:
	Process ID:		0x36c
	Process Name:		C:\Windows\System32\svchost.exe

Network Information:
	Workstation Name:	DESKTOP-QGB4EQH
	Source Network Address:	127.0.0.1
	Source Port:		0

Detailed Authentication Information:
	Logon Process:		User32 
	Authentication Package:	Negotiate
	Transited Services:	-
	Package Name (NTLM only):	-
	Key Length:		0

This event is generated when a logon session is created. It is generated on the computer that was accessed.

The subject fields indicate the account on the local system which requested the logon. This is most commonly a service such as the Server service, or a local process such as Winlogon.exe or Services.exe.

The logon type field indicates the kind of logon that occurred. The most common types are 2 (interactive) and 3 (network).

The New Logon fields indicate the account for whom the new logon was created, i.e. the account that was logged on.

The network fields indicate where a remote logon request originated. Workstation name is not always available and may be left blank in some cases.

The impersonation level field indicates the extent to which a process in the logon session can impersonate.

The authentication information fields provide detailed information about this specific logon request.
	- Logon GUID is a unique identifier that can be used to correlate this event with a KDC event.
	- Transited services indicate which intermediate services have participated in this logon request.
	- Package name indicates which sub-protocol was used among the NTLM protocols.
	- Key length indicates the length of the generated session key. This will be 0 if no session key was requested.""",2,2024-12-10T14:34:48.5934007Z,233,784,DESKTOP-QGB4EQH,12544,672,AUDIT_SUCCESS,Microsoft-Windows-Security-Auditing,1,FALSE,3,Windows workstation logon success.,"[""windows"",""windows_security"",""authentication_success""]",60118,windows_eventchannel,log,"Dec 10, 2024 @ 14:34:54.872",EventChannel,1733841294,"Dec 10, 2024 @ 14:34:54.872", , , ,"[""IV_32.2""]","[""7.1"",""7.2""]", , , , , , , , , ,0x36c, , , , , , ,"[""Valid Accounts""]","[""T1078""]","[""Defense Evasion"",""Persistence"",""Privilege Escalation"",""Initial Access""]", , , , , , ,"[""10.2.5""]","[""164.312.b""]","[""CC6.8"",""CC7.2"",""CC7.3""]","[""AC.7"",""AU.14""]", , ,{00000000-0000-0000-0000-000000000000}, , , , , , , , , ,0x3e7,WORKGROUP,0x3793d6,%%1833,Negotiate,0x379030,User32,mari,0,%%1842,S-1-5-18,C:\\Windows\\System32\\svchost.exe,DESKTOP-QGB4EQH,S-1-5-21-2469675487-2142651230-3143768571-1001,%%1843,2,DESKTOP-QGB4EQH$, , , , , , , , , , , , , , , , , , , , , , , , , , ,127.0.0.1,DESKTOP-QGB4EQH,0, , , , , , , , , , , , , , , , , , , , , , , , , , , , , , , , , , , , , , , , , , , , , , , , , , , , , , , , , , , , 
wazuh-alerts-4.x-2024.12.10,aMf-sJMBnOFSf1lyjUWB,1,1,192.168.117.136,window-agent3,3,Maryam, , , ,4624,0x8020000000000000,{54849625-5478-4994-a5ba-3e3b0328c30d},0,Security,0,"""An account was successfully logged on.

Subject:
	Security ID:		S-1-5-18
	Account Name:		DESKTOP-QGB4EQH$
	Account Domain:		WORKGROUP
	Logon ID:		0x3E7

Logon Information:
	Logon Type:		5
	Restricted Admin Mode:	-
	Virtual Account:		No
	Elevated Token:		Yes

Impersonation Level:		Impersonation

New Logon:
	Security ID:		S-1-5-18
	Account Name:		SYSTEM
	Account Domain:		NT AUTHORITY
	Logon ID:		0x3E7
	Linked Logon ID:		0x0
	Network Account Name:	-
	Network Account Domain:	-
	Logon GUID:		{00000000-0000-0000-0000-000000000000}

Process Information:
	Process ID:		0x284
	Process Name:		C:\Windows\System32\services.exe

Network Information:
	Workstation Name:	-
	Source Network Address:	-
	Source Port:		-

Detailed Authentication Information:
	Logon Process:		Advapi  
	Authentication Package:	Negotiate
	Transited Services:	-
	Package Name (NTLM only):	-
	Key Length:		0

This event is generated when a logon session is created. It is generated on the computer that was accessed.

The subject fields indicate the account on the local system which requested the logon. This is most commonly a service such as the Server service, or a local process such as Winlogon.exe or Services.exe.

The logon type field indicates the kind of logon that occurred. The most common types are 2 (interactive) and 3 (network).

The New Logon fields indicate the account for whom the new logon was created, i.e. the account that was logged on.

The network fields indicate where a remote logon request originated. Workstation name is not always available and may be left blank in some cases.

The impersonation level field indicates the extent to which a process in the logon session can impersonate.

The authentication information fields provide detailed information about this specific logon request.
	- Logon GUID is a unique identifier that can be used to correlate this event with a KDC event.
	- Transited services indicate which intermediate services have participated in this logon request.
	- Package name indicates which sub-protocol was used among the NTLM protocols.
	- Key length indicates the length of the generated session key. This will be 0 if no session key was requested.""",2,2024-12-10T14:34:33.2187526Z,223,784,DESKTOP-QGB4EQH,12544,672,AUDIT_SUCCESS,Microsoft-Windows-Security-Auditing,11,FALSE,3,Windows logon success.,"[""windows"",""windows_security"",""authentication_success""]",60106,windows_eventchannel,log,"Dec 10, 2024 @ 14:34:50.680",EventChannel,1733841290,"Dec 10, 2024 @ 14:34:50.680", , , ,"[""IV_32.2""]","[""7.1"",""7.2""]", , , , , , , , , ,0x284, , , , , , ,"[""Valid Accounts""]","[""T1078""]","[""Defense Evasion"",""Persistence"",""Privilege Escalation"",""Initial Access""]", , , , , , ,"[""10.2.5""]","[""164.312.b""]","[""CC6.8"",""CC7.2"",""CC7.3""]","[""AC.7"",""AU.14""]", , ,{00000000-0000-0000-0000-000000000000}, , , , , , , , , ,0x3e7,WORKGROUP,0x0,%%1833,Negotiate,0x3e7,Advapi,SYSTEM,0,%%1842,S-1-5-18,C:\\Windows\\System32\\services.exe,NT AUTHORITY,S-1-5-18,%%1843,5,DESKTOP-QGB4EQH$, , , , , , , , , , , , , , , , , , , , , , , , , , , , , , , , , , , , , , , , , , , , , , , , , , , , , , , , , , , , , , , , , , , , , , , , , , , , , , , , , , , , , , , , , 
wazuh-alerts-4.x-2024.12.10,nMf-sJMBnOFSf1lyuEWA,1,1,192.168.117.136,window-agent3,3,Maryam, , , ,11,0x8000000000000000,{5770385f-c22a-43e0-bf4c-06f5698ffbd9},4,Microsoft-Windows-Sysmon/Operational,0,"""File created:
RuleName: technique_id=T1574.010,technique_name=Services File Permissions Weakness
UtcTime: 2024-12-10 14:34:57.558
ProcessGuid: {15959494-50d9-6758-2800-000000000200}
ProcessId: 2096
Image: C:\WINDOWS\System32\spoolsv.exe
TargetFilename: C:\Windows\System32\spool\drivers\x64\3\New\FXSRES.DLL
CreationUtcTime: 2024-12-10 14:34:57.558
User: NT AUTHORITY\SYSTEM""",2,2024-12-10T14:34:57.5658936Z,2772,3480,DESKTOP-QGB4EQH,11,2452,INFORMATION,Microsoft-Windows-Sysmon,20,TRUE,12,"DLL file created by printer spool service, possible malware binary drop from PrintNightmare exploit","[""sysmon"",""sysmon_eid11_detections"",""windows""]",92206,windows_eventchannel,log,"Dec 10, 2024 @ 14:35:02.475",EventChannel,1733841302,"Dec 10, 2024 @ 14:35:02.475", , , , , , ,C:\\WINDOWS\\System32\\spoolsv.exe, , , , , , ,{15959494-50d9-6758-2800-000000000200},2096,34:57.6, ,"technique_id=T1574.010,technique_name=Services File Permissions Weakness", , ,NT AUTHORITY\\SYSTEM,"[""Services File Permissions Weakness""]","[""T1574.010""]","[""Persistence"",""Privilege Escalation"",""Defense Evasion""]", ,C:\\Windows\\System32\\spool\\drivers\\x64\\3\\New\\FXSRES.DLL,34:57.6, , , , , , , , , , , , , , , , , , , , , , , , , , , , , , , , , , , , , , , , , , , , , , , , , , , , , , , , , , , , , , , , , , , , , , , , , , , , , , , , , , , , , , , , , , , , , , , , , , , , , , , , , , , , , , , , , , , , , , , , , , , , , 
wazuh-alerts-4.x-2024.12.10,n8f-sJMBnOFSf1lyvEVo,1,1,192.168.117.136,window-agent3,3,Maryam, , , ,7,0x8000000000000000,{5770385f-c22a-43e0-bf4c-06f5698ffbd9},4,Microsoft-Windows-Sysmon/Operational,0,"""Image loaded:
RuleName: technique_id=T1210,technique_name=Exploitation of Remote Services
UtcTime: 2024-12-10 14:34:57.667
ProcessGuid: {15959494-50d9-6758-2800-000000000200}
ProcessId: 2096
Image: C:\Windows\System32\spoolsv.exe
ImageLoaded: C:\Windows\System32\spool\drivers\x64\3\FXSWZRD.DLL
FileVersion: 10.0.19041.5072 (WinBuild.160101.0800)
Description: Microsoft  Fax Wizard UI
Product: Microsoft® Windows® Operating System
Company: Microsoft Corporation
OriginalFileName: FXSWZRD.DLL
Hashes: SHA1=3EECD0C2E77148E72C0D38F01AC0C67833FDD2F2,MD5=CC1EAF6008F89B903FCEDB39EDE74758,SHA256=2ABCA26B36799EF6BD028CF798947ADCAADDA74AC47039BC39478BFD79C19FB6,IMPHASH=0A121BFB9EAD341A249466F6427BBF6A
Signed: true
Signature: Microsoft Windows
SignatureStatus: Valid
User: NT AUTHORITY\SYSTEM""",3,2024-12-10T14:34:57.6899343Z,2805,3484,DESKTOP-QGB4EQH,7,2452,INFORMATION,Microsoft-Windows-Sysmon,5,FALSE,6,Printer spooler service loaded a dll file. Possible PrintNightmare exploit: CVE-2021-34527,"[""sysmon"",""sysmon_eid7_detections"",""windows""]",92152,windows_eventchannel,log,"Dec 10, 2024 @ 14:35:03.334",EventChannel,1733841303,"Dec 10, 2024 @ 14:35:03.334", , , , , ,FXSWZRD.DLL,C:\\Windows\\System32\\spoolsv.exe,Microsoft® Windows® Operating System,Microsoft Windows,C:\\Windows\\System32\\spool\\drivers\\x64\\3\\FXSWZRD.DLL,Microsoft  Fax Wizard UI,TRUE,Valid,{15959494-50d9-6758-2800-000000000200},2096,34:57.7,"SHA1=3EECD0C2E77148E72C0D38F01AC0C67833FDD2F2,MD5=CC1EAF6008F89B903FCEDB39EDE74758,SHA256=2ABCA26B36799EF6BD028CF798947ADCAADDA74AC47039BC39478BFD79C19FB6,IMPHASH=0A121BFB9EAD341A249466F6427BBF6A","technique_id=T1210,technique_name=Exploitation of Remote Services",Microsoft Corporation,10.0.19041.5072 (WinBuild.160101.0800),NT AUTHORITY\\SYSTEM,"[""Exploitation of Remote Services""]","[""T1210""]","[""Lateral Movement""]", , , , , , , , , , , , , , , , , , , , , , , , , , , , , , , , , , , , , , , , , , , , , , , , , , , , , , , , , , , , , , , , , , , , , , , , , , , , , , , , , , , , , , , , , , , , , , , , , , , , , , , , , , , , , , , , , , , , , , , , , , , , , , , , 
wazuh-alerts-4.x-2024.12.10,o8f-sJMBnOFSf1lywEVQ,1,1,192.168.117.136,window-agent3,3,Maryam, , , ,7,0x8000000000000000,{5770385f-c22a-43e0-bf4c-06f5698ffbd9},4,Microsoft-Windows-Sysmon/Operational,0,"""Image loaded:
RuleName: technique_id=T1210,technique_name=Exploitation of Remote Services
UtcTime: 2024-12-10 14:34:57.792
ProcessGuid: {15959494-50d9-6758-2800-000000000200}
ProcessId: 2096
Image: C:\Windows\System32\spoolsv.exe
ImageLoaded: C:\Windows\System32\spool\drivers\x64\3\FXSAPI.DLL
FileVersion: 10.0.19041.5072 (WinBuild.160101.0800)
Description: Microsoft  Fax API Support DLL
Product: Microsoft® Windows® Operating System
Company: Microsoft Corporation
OriginalFileName: FXSAPI.DLL
Hashes: SHA1=44B6D046A6C3D750E84FBF72324B4386F0FEE145,MD5=D0D836C01440F772FA0F4F5434A437CB,SHA256=F2F727CD943B453C43AA5DF0655486164FEED943745FC5EB95A58416A8CC9D93,IMPHASH=FC2047902B69C671E6C3DCAEFE9AD3AB
Signed: true
Signature: Microsoft Windows
SignatureStatus: Valid
User: NT AUTHORITY\SYSTEM""",3,2024-12-10T14:34:57.8334314Z,2818,3484,DESKTOP-QGB4EQH,7,2452,INFORMATION,Microsoft-Windows-Sysmon,9,FALSE,6,Printer spooler service loaded a dll file. Possible PrintNightmare exploit: CVE-2021-34527,"[""sysmon"",""sysmon_eid7_detections"",""windows""]",92152,windows_eventchannel,log,"Dec 10, 2024 @ 14:35:03.631",EventChannel,1733841303,"Dec 10, 2024 @ 14:35:03.631", , , , , ,FXSAPI.DLL,C:\\Windows\\System32\\spoolsv.exe,Microsoft® Windows® Operating System,Microsoft Windows,C:\\Windows\\System32\\spool\\drivers\\x64\\3\\FXSAPI.DLL,Microsoft  Fax API Support DLL,TRUE,Valid,{15959494-50d9-6758-2800-000000000200},2096,34:57.8,"SHA1=44B6D046A6C3D750E84FBF72324B4386F0FEE145,MD5=D0D836C01440F772FA0F4F5434A437CB,SHA256=F2F727CD943B453C43AA5DF0655486164FEED943745FC5EB95A58416A8CC9D93,IMPHASH=FC2047902B69C671E6C3DCAEFE9AD3AB","technique_id=T1210,technique_name=Exploitation of Remote Services",Microsoft Corporation,10.0.19041.5072 (WinBuild.160101.0800),NT AUTHORITY\\SYSTEM,"[""Exploitation of Remote Services""]","[""T1210""]","[""Lateral Movement""]", , , , , , , , , , , , , , , , , , , , , , , , , , , , , , , , , , , , , , , , , , , , , , , , , , , , , , , , , , , , , , , , , , , , , , , , , , , , , , , , , , , , , , , , , , , , , , , , , , , , , , , , , , , , , , , , , , , , , , , , , , , , , , , , 
wazuh-alerts-4.x-2024.12.10,ecf-sJMBnOFSf1lypEX2,1,1,192.168.117.136,window-agent3,3,Maryam, , , ,13,0x8000000000000000,{5770385f-c22a-43e0-bf4c-06f5698ffbd9},4,Microsoft-Windows-Sysmon/Operational,0,"""Registry value set:
RuleName: -
EventType: SetValue
UtcTime: 2024-12-10 14:34:49.542
ProcessGuid: {15959494-50d3-6758-0a00-000000000200}
ProcessId: 644
Image: C:\WINDOWS\system32\services.exe
TargetObject: HKLM\System\CurrentControlSet\Services\BcastDVRUserService_37f290\ImagePath
Details: C:\WINDOWS\system32\svchost.exe -k BcastDVRUserService
User: NT AUTHORITY\SYSTEM""",2,2024-12-10T14:34:54.0539091Z,2545,3480,DESKTOP-QGB4EQH,13,2452,INFORMATION,Microsoft-Windows-Sysmon,6,FALSE,3,Evidence of new service creation found in registry under HKLM\\System\\CurrentControlSet\\Services\\BcastDVRUserService_37f290\\ImagePath binary is: C:\\WINDOWS\\system32\\svchost.exe -k BcastDVRUserService,"[""sysmon"",""sysmon_eid13_detections"",""windows""]",92307,windows_eventchannel,log,"Dec 10, 2024 @ 14:34:56.691",EventChannel,1733841296,"Dec 10, 2024 @ 14:34:56.691", , , , , , ,C:\\WINDOWS\\system32\\services.exe, , , , , , ,{15959494-50d3-6758-0a00-000000000200},644,34:49.5, , , , ,NT AUTHORITY\\SYSTEM,"[""Windows Service""]","[""T1543.003""]","[""Persistence"",""Privilege Escalation""]", , , , , , , , , , , , , , , , , , , , , , , , , , , , , , , , , , , , , , , , , , , , , , , , , , , , , , , , , , , , , , , , , , , , ,HKLM\\System\\CurrentControlSet\\Services\\BcastDVRUserService_37f290\\ImagePath,C:\\WINDOWS\\system32\\svchost.exe -k BcastDVRUserService,SetValue, , , , , , , , , , , , , , , , , , , , , , , , , , , , , , , , , , , , , , , , , , , , , , , , , , , , , , , , , 
wazuh-alerts-4.x-2024.12.10,fMf-sJMBnOFSf1lypEX2,1,1,192.168.117.136,window-agent3,3,Maryam, , , ,13,0x8000000000000000,{5770385f-c22a-43e0-bf4c-06f5698ffbd9},4,Microsoft-Windows-Sysmon/Operational,0,"""Registry value set:
RuleName: -
EventType: SetValue
UtcTime: 2024-12-10 14:34:49.542
ProcessGuid: {15959494-50d3-6758-0a00-000000000200}
ProcessId: 644
Image: C:\WINDOWS\system32\services.exe
TargetObject: HKLM\System\CurrentControlSet\Services\cbdhsvc_37f290\ImagePath
Details: C:\WINDOWS\system32\svchost.exe -k ClipboardSvcGroup -p
User: NT AUTHORITY\SYSTEM""",2,2024-12-10T14:34:54.0583655Z,2592,3480,DESKTOP-QGB4EQH,13,2452,INFORMATION,Microsoft-Windows-Sysmon,9,FALSE,3,Evidence of new service creation found in registry under HKLM\\System\\CurrentControlSet\\Services\\cbdhsvc_37f290\\ImagePath binary is: C:\\WINDOWS\\system32\\svchost.exe -k ClipboardSvcGroup -p,"[""sysmon"",""sysmon_eid13_detections"",""windows""]",92307,windows_eventchannel,log,"Dec 10, 2024 @ 14:34:57.441",EventChannel,1733841297,"Dec 10, 2024 @ 14:34:57.441", , , , , , ,C:\\WINDOWS\\system32\\services.exe, , , , , , ,{15959494-50d3-6758-0a00-000000000200},644,34:49.5, , , , ,NT AUTHORITY\\SYSTEM,"[""Windows Service""]","[""T1543.003""]","[""Persistence"",""Privilege Escalation""]", , , , , , , , , , , , , , , , , , , , , , , , , , , , , , , , , , , , , , , , , , , , , , , , , , , , , , , , , , , , , , , , , , , , ,HKLM\\System\\CurrentControlSet\\Services\\cbdhsvc_37f290\\ImagePath,C:\\WINDOWS\\system32\\svchost.exe -k ClipboardSvcGroup -p,SetValue, , , , , , , , , , , , , , , , , , , , , , , , , , , , , , , , , , , , , , , , , , , , , , , , , , , , , , , , , 
wazuh-alerts-4.x-2024.12.10,fsf-sJMBnOFSf1lyqEXe,1,1,192.168.117.136,window-agent3,3,Maryam, , , ,13,0x8000000000000000,{5770385f-c22a-43e0-bf4c-06f5698ffbd9},4,Microsoft-Windows-Sysmon/Operational,0,"""Registry value set:
RuleName: -
EventType: SetValue
UtcTime: 2024-12-10 14:34:49.542
ProcessGuid: {15959494-50d3-6758-0a00-000000000200}
ProcessId: 644
Image: C:\WINDOWS\system32\services.exe
TargetObject: HKLM\System\CurrentControlSet\Services\ConsentUxUserSvc_37f290\ImagePath
Details: C:\WINDOWS\system32\svchost.exe -k DevicesFlow
User: NT AUTHORITY\SYSTEM""",2,2024-12-10T14:34:54.0592397Z,2608,3480,DESKTOP-QGB4EQH,13,2452,INFORMATION,Microsoft-Windows-Sysmon,11,FALSE,3,Evidence of new service creation found in registry under HKLM\\System\\CurrentControlSet\\Services\\ConsentUxUserSvc_37f290\\ImagePath binary is: C:\\WINDOWS\\system32\\svchost.exe -k DevicesFlow,"[""sysmon"",""sysmon_eid13_detections"",""windows""]",92307,windows_eventchannel,log,"Dec 10, 2024 @ 14:34:57.690",EventChannel,1733841297,"Dec 10, 2024 @ 14:34:57.690", , , , , , ,C:\\WINDOWS\\system32\\services.exe, , , , , , ,{15959494-50d3-6758-0a00-000000000200},644,34:49.5, , , , ,NT AUTHORITY\\SYSTEM,"[""Windows Service""]","[""T1543.003""]","[""Persistence"",""Privilege Escalation""]", , , , , , , , , , , , , , , , , , , , , , , , , , , , , , , , , , , , , , , , , , , , , , , , , , , , , , , , , , , , , , , , , , , , ,HKLM\\System\\CurrentControlSet\\Services\\ConsentUxUserSvc_37f290\\ImagePath,C:\\WINDOWS\\system32\\svchost.exe -k DevicesFlow,SetValue, , , , , , , , , , , , , , , , , , , , , , , , , , , , , , , , , , , , , , , , , , , , , , , , , , , , , , , , , 
wazuh-alerts-4.x-2024.12.10,hMf-sJMBnOFSf1lyrEXG,1,1,192.168.117.136,window-agent3,3,Maryam, , , ,13,0x8000000000000000,{5770385f-c22a-43e0-bf4c-06f5698ffbd9},4,Microsoft-Windows-Sysmon/Operational,0,"""Registry value set:
RuleName: -
EventType: SetValue
UtcTime: 2024-12-10 14:34:49.542
ProcessGuid: {15959494-50d3-6758-0a00-000000000200}
ProcessId: 644
Image: C:\WINDOWS\system32\services.exe
TargetObject: HKLM\System\CurrentControlSet\Services\MessagingService_37f290\ImagePath
Details: C:\WINDOWS\system32\svchost.exe -k UnistackSvcGroup
User: NT AUTHORITY\SYSTEM""",2,2024-12-10T14:34:54.0632559Z,2648,3480,DESKTOP-QGB4EQH,13,2452,INFORMATION,Microsoft-Windows-Sysmon,17,FALSE,3,Evidence of new service creation found in registry under HKLM\\System\\CurrentControlSet\\Services\\MessagingService_37f290\\ImagePath binary is: C:\\WINDOWS\\system32\\svchost.exe -k UnistackSvcGroup,"[""sysmon"",""sysmon_eid13_detections"",""windows""]",92307,windows_eventchannel,log,"Dec 10, 2024 @ 14:34:58.835",EventChannel,1733841298,"Dec 10, 2024 @ 14:34:58.835", , , , , , ,C:\\WINDOWS\\system32\\services.exe, , , , , , ,{15959494-50d3-6758-0a00-000000000200},644,34:49.5, , , , ,NT AUTHORITY\\SYSTEM,"[""Windows Service""]","[""T1543.003""]","[""Persistence"",""Privilege Escalation""]", , , , , , , , , , , , , , , , , , , , , , , , , , , , , , , , , , , , , , , , , , , , , , , , , , , , , , , , , , , , , , , , , , , , ,HKLM\\System\\CurrentControlSet\\Services\\MessagingService_37f290\\ImagePath,C:\\WINDOWS\\system32\\svchost.exe -k UnistackSvcGroup,SetValue, , , , , , , , , , , , , , , , , , , , , , , , , , , , , , , , , , , , , , , , , , , , , , , , , , , , , , , , , 
wazuh-alerts-4.x-2024.12.10,h8f-sJMBnOFSf1lysEWu,1,1,192.168.117.136,window-agent3,3,Maryam, , , ,13,0x8000000000000000,{5770385f-c22a-43e0-bf4c-06f5698ffbd9},4,Microsoft-Windows-Sysmon/Operational,0,"""Registry value set:
RuleName: -
EventType: SetValue
UtcTime: 2024-12-10 14:34:49.558
ProcessGuid: {15959494-50d3-6758-0a00-000000000200}
ProcessId: 644
Image: C:\WINDOWS\system32\services.exe
TargetObject: HKLM\System\CurrentControlSet\Services\OneSyncSvc_37f290\ImagePath
Details: C:\WINDOWS\system32\svchost.exe -k UnistackSvcGroup
User: NT AUTHORITY\SYSTEM""",2,2024-12-10T14:34:54.0641290Z,2661,3480,DESKTOP-QGB4EQH,13,2452,INFORMATION,Microsoft-Windows-Sysmon,18,FALSE,3,Evidence of new service creation found in registry under HKLM\\System\\CurrentControlSet\\Services\\OneSyncSvc_37f290\\ImagePath binary is: C:\\WINDOWS\\system32\\svchost.exe -k UnistackSvcGroup,"[""sysmon"",""sysmon_eid13_detections"",""windows""]",92307,windows_eventchannel,log,"Dec 10, 2024 @ 14:34:59.138",EventChannel,1733841299,"Dec 10, 2024 @ 14:34:59.138", , , , , , ,C:\\WINDOWS\\system32\\services.exe, , , , , , ,{15959494-50d3-6758-0a00-000000000200},644,34:49.6, , , , ,NT AUTHORITY\\SYSTEM,"[""Windows Service""]","[""T1543.003""]","[""Persistence"",""Privilege Escalation""]", , , , , , , , , , , , , , , , , , , , , , , , , , , , , , , , , , , , , , , , , , , , , , , , , , , , , , , , , , , , , , , , , , , , ,HKLM\\System\\CurrentControlSet\\Services\\OneSyncSvc_37f290\\ImagePath,C:\\WINDOWS\\system32\\svchost.exe -k UnistackSvcGroup,SetValue, , , , , , , , , , , , , , , , , , , , , , , , , , , , , , , , , , , , , , , , , , , , , , , , , , , , , , , , , 
wazuh-alerts-4.x-2024.12.10,isf-sJMBnOFSf1lytEWY,1,1,192.168.117.136,window-agent3,3,Maryam, , , ,13,0x8000000000000000,{5770385f-c22a-43e0-bf4c-06f5698ffbd9},4,Microsoft-Windows-Sysmon/Operational,0,"""Registry value set:
RuleName: -
EventType: SetValue
UtcTime: 2024-12-10 14:34:49.589
ProcessGuid: {15959494-50d3-6758-0a00-000000000200}
ProcessId: 644
Image: C:\WINDOWS\system32\services.exe
TargetObject: HKLM\System\CurrentControlSet\Services\UdkUserSvc_37f290\ImagePath
Details: C:\WINDOWS\system32\svchost.exe -k UdkSvcGroup
User: NT AUTHORITY\SYSTEM""",2,2024-12-10T14:34:54.0681478Z,2690,3480,DESKTOP-QGB4EQH,13,2452,INFORMATION,Microsoft-Windows-Sysmon,21,FALSE,3,Evidence of new service creation found in registry under HKLM\\System\\CurrentControlSet\\Services\\UdkUserSvc_37f290\\ImagePath binary is: C:\\WINDOWS\\system32\\svchost.exe -k UdkSvcGroup,"[""sysmon"",""sysmon_eid13_detections"",""windows""]",92307,windows_eventchannel,log,"Dec 10, 2024 @ 14:35:00.186",EventChannel,1733841300,"Dec 10, 2024 @ 14:35:00.186", , , , , , ,C:\\WINDOWS\\system32\\services.exe, , , , , , ,{15959494-50d3-6758-0a00-000000000200},644,34:49.6, , , , ,NT AUTHORITY\\SYSTEM,"[""Windows Service""]","[""T1543.003""]","[""Persistence"",""Privilege Escalation""]", , , , , , , , , , , , , , , , , , , , , , , , , , , , , , , , , , , , , , , , , , , , , , , , , , , , , , , , , , , , , , , , , , , , ,HKLM\\System\\CurrentControlSet\\Services\\UdkUserSvc_37f290\\ImagePath,C:\\WINDOWS\\system32\\svchost.exe -k UdkSvcGroup,SetValue, , , , , , , , , , , , , , , , , , , , , , , , , , , , , , , , , , , , , , , , , , , , , , , , , , , , , , , , , 
wazuh-alerts-4.x-2024.12.10,jcf-sJMBnOFSf1lytEWY,1,1,192.168.117.136,window-agent3,3,Maryam, , , ,13,0x8000000000000000,{5770385f-c22a-43e0-bf4c-06f5698ffbd9},4,Microsoft-Windows-Sysmon/Operational,0,"""Registry value set:
RuleName: -
EventType: SetValue
UtcTime: 2024-12-10 14:34:49.589
ProcessGuid: {15959494-50d3-6758-0a00-000000000200}
ProcessId: 644
Image: C:\WINDOWS\system32\services.exe
TargetObject: HKLM\System\CurrentControlSet\Services\WpnUserService_37f290\ImagePath
Details: C:\WINDOWS\system32\svchost.exe -k UnistackSvcGroup
User: NT AUTHORITY\SYSTEM""",2,2024-12-10T14:34:54.0695869Z,2714,3480,DESKTOP-QGB4EQH,13,2452,INFORMATION,Microsoft-Windows-Sysmon,24,FALSE,3,Evidence of new service creation found in registry under HKLM\\System\\CurrentControlSet\\Services\\WpnUserService_37f290\\ImagePath binary is: C:\\WINDOWS\\system32\\svchost.exe -k UnistackSvcGroup,"[""sysmon"",""sysmon_eid13_detections"",""windows""]",92307,windows_eventchannel,log,"Dec 10, 2024 @ 14:35:00.914",EventChannel,1733841300,"Dec 10, 2024 @ 14:35:00.914", , , , , , ,C:\\WINDOWS\\system32\\services.exe, , , , , , ,{15959494-50d3-6758-0a00-000000000200},644,34:49.6, , , , ,NT AUTHORITY\\SYSTEM,"[""Windows Service""]","[""T1543.003""]","[""Persistence"",""Privilege Escalation""]", , , , , , , , , , , , , , , , , , , , , , , , , , , , , , , , , , , , , , , , , , , , , , , , , , , , , , , , , , , , , , , , , , , , ,HKLM\\System\\CurrentControlSet\\Services\\WpnUserService_37f290\\ImagePath,C:\\WINDOWS\\system32\\svchost.exe -k UnistackSvcGroup,SetValue, , , , , , , , , , , , , , , , , , , , , , , , , , , , , , , , , , , , , , , , , , , , , , , , , , , , , , , , , 
wazuh-alerts-4.x-2024.12.10,kcf-sJMBnOFSf1lytEWY,1,1,192.168.117.136,window-agent3,3,Maryam, , , ,11,0x8000000000000000,{5770385f-c22a-43e0-bf4c-06f5698ffbd9},4,Microsoft-Windows-Sysmon/Operational,0,"""File created:
RuleName: -
UtcTime: 2024-12-10 14:34:50.636
ProcessGuid: {15959494-5189-6758-0701-000000000200}
ProcessId: 4808
Image: C:\WINDOWS\system32\rundll32.exe
TargetFilename: C:\Windows\SysWOW64\msvcp140.dll
CreationUtcTime: 2023-05-10 03:32:12.000
User: NT AUTHORITY\SYSTEM""",2,2024-12-10T14:34:54.1483700Z,2737,3480,DESKTOP-QGB4EQH,11,2452,INFORMATION,Microsoft-Windows-Sysmon,4,TRUE,14,Suspicious executable file creation by rundll32: C:\\Windows\\SysWOW64\\msvcp140.dll,"[""sysmon"",""sysmon_eid11_detections"",""windows""]",92211,windows_eventchannel,log,"Dec 10, 2024 @ 14:35:01.369",EventChannel,1733841301,"Dec 10, 2024 @ 14:35:01.369", , , , , , ,C:\\WINDOWS\\system32\\rundll32.exe, , , , , , ,{15959494-5189-6758-0701-000000000200},4808,34:50.6, , , , ,NT AUTHORITY\\SYSTEM,"[""Ingress Tool Transfer""]","[""T1105""]","[""Command and Control""]", ,C:\\Windows\\SysWOW64\\msvcp140.dll,32:12.0, , , , , , , , , , , , , , , , , , , , , , , , , , , , , , , , , , , , , , , , , , , , , , , , , , , , , , , , , , , , , , , , , , , , , , , , , , , , , , , , , , , , , , , , , , , , , , , , , , , , , , , , , , , , , , , , , , , , , , , , , , , , , 
wazuh-alerts-4.x-2024.12.10,q8f-sJMBnOFSf1ly10XC,1,1,192.168.117.136,window-agent3,3,Maryam, , , ,11,0x8000000000000000,{5770385f-c22a-43e0-bf4c-06f5698ffbd9},4,Microsoft-Windows-Sysmon/Operational,0,"""File created:
RuleName: -
UtcTime: 2024-12-10 14:35:04.276
ProcessGuid: {15959494-518d-6758-0d01-000000000200}
ProcessId: 3652
Image: C:\WINDOWS\Explorer.EXE
TargetFilename: C:\Users\mari\Links\Desktop.lnk
CreationUtcTime: 2024-11-25 20:00:20.892
User: DESKTOP-QGB4EQH\mari""",2,2024-12-10T14:35:04.2818538Z,3061,3480,DESKTOP-QGB4EQH,11,2452,INFORMATION,Microsoft-Windows-Sysmon,3,FALSE,6,Scripting file created under Windows Temp or User folder,"[""sysmon"",""sysmon_eid11_detections"",""windows""]",92200,windows_eventchannel,log,"Dec 10, 2024 @ 14:35:09.048",EventChannel,1733841309,"Dec 10, 2024 @ 14:35:09.048", , , , , , ,C:\\WINDOWS\\Explorer.EXE, , , , , , ,{15959494-518d-6758-0d01-000000000200},3652,35:04.3, , , , ,DESKTOP-QGB4EQH\\mari,"[""Command and Scripting Interpreter"",""Ingress Tool Transfer""]","[""T1059"",""T1105""]","[""Execution"",""Command and Control""]", ,C:\\Users\\mari\\Links\\Desktop.lnk,00:20.9, , , , , , , , , , , , , , , , , , , , , , , , , , , , , , , , , , , , , , , , , , , , , , , , , , , , , , , , , , , , , , , , , , , , , , , , , , , , , , , , , , , , , , , , , , , , , , , , , , , , , , , , , , , , , , , , , , , , , , , , , , , , , 
wazuh-alerts-4.x-2024.12.10,r8f-sJMBnOFSf1ly10XC,1,1,192.168.117.136,window-agent3,3,Maryam, , , ,11,0x8000000000000000,{5770385f-c22a-43e0-bf4c-06f5698ffbd9},4,Microsoft-Windows-Sysmon/Operational,0,"""File created:
RuleName: technique_id=T1187,technique_name=Forced Authentication
UtcTime: 2024-12-10 14:35:04.855
ProcessGuid: {15959494-50d9-6758-2800-000000000200}
ProcessId: 2096
Image: C:\WINDOWS\System32\spoolsv.exe
TargetFilename: C:\Users\mari\AppData\Roaming\Microsoft\Windows\SendTo\Fax Recipient.lnk
CreationUtcTime: 2024-12-10 14:30:55.273
User: NT AUTHORITY\SYSTEM""",2,2024-12-10T14:35:04.8707153Z,3122,3480,DESKTOP-QGB4EQH,11,2452,INFORMATION,Microsoft-Windows-Sysmon,5,FALSE,6,Scripting file created under Windows Temp or User folder,"[""sysmon"",""sysmon_eid11_detections"",""windows""]",92200,windows_eventchannel,log,"Dec 10, 2024 @ 14:35:10.178",EventChannel,1733841310,"Dec 10, 2024 @ 14:35:10.178", , , , , , ,C:\\WINDOWS\\System32\\spoolsv.exe, , , , , , ,{15959494-50d9-6758-2800-000000000200},2096,35:04.9, ,"technique_id=T1187,technique_name=Forced Authentication", , ,NT AUTHORITY\\SYSTEM,"[""Command and Scripting Interpreter"",""Ingress Tool Transfer""]","[""T1059"",""T1105""]","[""Execution"",""Command and Control""]", ,C:\\Users\\mari\\AppData\\Roaming\\Microsoft\\Windows\\SendTo\\Fax Recipient.lnk,30:55.3, , , , , , , , , , , , , , , , , , , , , , , , , , , , , , , , , , , , , , , , , , , , , , , , , , , , , , , , , , , , , , , , , , , , , , , , , , , , , , , , , , , , , , , , , , , , , , , , , , , , , , , , , , , , , , , , , , , , , , , , , , , , , 
wazuh-alerts-4.x-2024.12.10,ssf-sJMBnOFSf1ly20Wq,1,1,192.168.117.136,window-agent3,3,Maryam, , , ,7040,0x8080000000000000,{555908d1-a6d7-4695-8e1e-26931d2012f4},4,System,0,"""The start type of the Delivery Optimization service was changed from demand start to auto start.""",0,2024-12-10T14:35:06.6204678Z,281,1280,DESKTOP-QGB4EQH,0,644,INFORMATION,Service Control Manager,8,FALSE,3,Service startup type was changed,"[""windows"",""windows_system"",""policy_changed""]",61104,windows_eventchannel,log,"Dec 10, 2024 @ 14:35:10.740",EventChannel,1733841310,"Dec 10, 2024 @ 14:35:10.740", , ,Service Control Manager,"[""IV_35.7.d""]", , , , , , , , , , , , , , , , , , , , ,Delivery Optimization, , ,auto start,DoSvc,demand start,"[""10.6""]","[""164.312.b""]","[""CC6.1"",""CC6.8"",""CC7.2"",""CC7.3""]","[""AU.6""]",This does not appear to be logged on Windows 2000, , , , , , , , , , , , , , , , , , , , , , , , , , , , , , , , , , , , , , , , , , , , , , , , , , , , , , , , , , , , , , , , , , , , , , , , , , , , , , , , , , , , , , , , , , , , , , , , , , , , , , , , , , , , , , , , , , , , , 
wazuh-alerts-4.x-2024.12.10,usf_sJMBnOFSf1lyQUU_,1,1,192.168.117.136,window-agent3,3,Maryam, , , ,11,0x8000000000000000,{5770385f-c22a-43e0-bf4c-06f5698ffbd9},4,Microsoft-Windows-Sysmon/Operational,0,"""File created:
RuleName: technique_id=T1059.007,technique_name=JavaScript
UtcTime: 2024-12-10 14:35:35.464
ProcessGuid: {15959494-51af-6758-3e01-000000000200}
ProcessId: 6628
Image: C:\Windows\SystemApps\Microsoft.Windows.Search_cw5n1h2txyewy\SearchApp.exe
TargetFilename: C:\Users\mari\AppData\Local\Packages\Microsoft.Windows.Search_cw5n1h2txyewy\AC\INetCache\C4W3GX6O\6hU_LneafI_NFLeDvM367ebFaKQ[1].js
CreationUtcTime: 2024-12-10 14:35:35.464
User: DESKTOP-QGB4EQH\mari""",2,2024-12-10T14:35:35.4691256Z,3445,3480,DESKTOP-QGB4EQH,11,2452,INFORMATION,Microsoft-Windows-Sysmon,8,FALSE,6,Scripting file created under Windows Temp or User folder,"[""sysmon"",""sysmon_eid11_detections"",""windows""]",92200,windows_eventchannel,log,"Dec 10, 2024 @ 14:35:36.520",EventChannel,1733841336,"Dec 10, 2024 @ 14:35:36.520", , , , , , ,C:\\Windows\\SystemApps\\Microsoft.Windows.Search_cw5n1h2txyewy\\SearchApp.exe, , , , , , ,{15959494-51af-6758-3e01-000000000200},6628,35:35.5, ,"technique_id=T1059.007,technique_name=JavaScript", , ,DESKTOP-QGB4EQH\\mari,"[""Command and Scripting Interpreter"",""Ingress Tool Transfer""]","[""T1059"",""T1105""]","[""Execution"",""Command and Control""]", ,C:\\Users\\mari\\AppData\\Local\\Packages\\Microsoft.Windows.Search_cw5n1h2txyewy\\AC\\INetCache\\C4W3GX6O\\6hU_LneafI_NFLeDvM367ebFaKQ[1].js,35:35.5, , , , , , , , , , , , , , , , , , , , , , , , , , , , , , , , , , , , , , , , , , , , , , , , , , , , , , , , , , , , , , , , , , , , , , , , , , , , , , , , , , , , , , , , , , , , , , , , , , , , , , , , , , , , , , , , , , , , , , , , , , , , , 
wazuh-alerts-4.x-2024.12.10,vsf_sJMBnOFSf1lyUEXh,1,1,192.168.117.136,window-agent3,3,Maryam, , , ,11,0x8000000000000000,{5770385f-c22a-43e0-bf4c-06f5698ffbd9},4,Microsoft-Windows-Sysmon/Operational,0,"""File created:
RuleName: technique_id=T1574.010,technique_name=Services File Permissions Weakness
UtcTime: 2024-12-10 14:35:39.776
ProcessGuid: {15959494-51ba-6758-4501-000000000200}
ProcessId: 5496
Image: C:\WINDOWS\system32\calc.exe
TargetFilename: C:\Windows\System32\config\systemprofile\AppData\Local\Microsoft\Windows\INetCache
CreationUtcTime: 2024-12-10 14:35:39.776
User: NT AUTHORITY\SYSTEM""",2,2024-12-10T14:35:39.7798274Z,3457,3480,DESKTOP-QGB4EQH,11,2452,INFORMATION,Microsoft-Windows-Sysmon,1,FALSE,3,An executable C:\\WINDOWS\\system32\\calc.exe created a file in a Windows folder,"[""sysmon"",""sysmon_eid11_detections"",""windows""]",92222,windows_eventchannel,log,"Dec 10, 2024 @ 14:35:40.849",EventChannel,1733841340,"Dec 10, 2024 @ 14:35:40.849", , , , , , ,C:\\WINDOWS\\system32\\calc.exe, , , , , , ,{15959494-51ba-6758-4501-000000000200},5496,35:39.8, ,"technique_id=T1574.010,technique_name=Services File Permissions Weakness", , ,NT AUTHORITY\\SYSTEM,"[""Masquerading""]","[""T1036""]","[""Defense Evasion""]", ,C:\\Windows\\System32\\config\\systemprofile\\AppData\\Local\\Microsoft\\Windows\\INetCache,35:39.8, , , , , , , , , , , , , , , , , , , , , , , , , , , , , , , , , , , , , , , , , , , , , , , , , , , , , , , , , , , , , , , , , , , , , , , , , , , , , , , , , , , , , , , , , , , , , , , , , , , , , , , , , , , , , , , , , , , , , , , , , , , , , 
wazuh-alerts-4.x-2024.12.10,wMf_sJMBnOFSf1lyUEXh,1,1,192.168.117.136,window-agent3,3,Maryam, , , ,11,0x8000000000000000,{5770385f-c22a-43e0-bf4c-06f5698ffbd9},4,Microsoft-Windows-Sysmon/Operational,0,"""File created:
RuleName: technique_id=T1574.010,technique_name=Services File Permissions Weakness
UtcTime: 2024-12-10 14:35:39.776
ProcessGuid: {15959494-51ba-6758-4501-000000000200}
ProcessId: 5496
Image: C:\WINDOWS\system32\calc.exe
TargetFilename: C:\Windows\System32\config\systemprofile\AppData\Local\Microsoft\Windows\INetCache\Content.IE5
CreationUtcTime: 2024-12-10 14:35:39.776
User: NT AUTHORITY\SYSTEM""",2,2024-12-10T14:35:39.7807706Z,3459,3480,DESKTOP-QGB4EQH,11,2452,INFORMATION,Microsoft-Windows-Sysmon,3,FALSE,3,An executable C:\\WINDOWS\\system32\\calc.exe created a file in a Windows folder,"[""sysmon"",""sysmon_eid11_detections"",""windows""]",92222,windows_eventchannel,log,"Dec 10, 2024 @ 14:35:40.878",EventChannel,1733841340,"Dec 10, 2024 @ 14:35:40.878", , , , , , ,C:\\WINDOWS\\system32\\calc.exe, , , , , , ,{15959494-51ba-6758-4501-000000000200},5496,35:39.8, ,"technique_id=T1574.010,technique_name=Services File Permissions Weakness", , ,NT AUTHORITY\\SYSTEM,"[""Masquerading""]","[""T1036""]","[""Defense Evasion""]", ,C:\\Windows\\System32\\config\\systemprofile\\AppData\\Local\\Microsoft\\Windows\\INetCache\\Content.IE5,35:39.8, , , , , , , , , , , , , , , , , , , , , , , , , , , , , , , , , , , , , , , , , , , , , , , , , , , , , , , , , , , , , , , , , , , , , , , , , , , , , , , , , , , , , , , , , , , , , , , , , , , , , , , , , , , , , , , , , , , , , , , , , , , , , 
wazuh-alerts-4.x-2024.12.10,wcf_sJMBnOFSf1lyUEXh,1,1,192.168.117.136,window-agent3,3,Maryam, , , ,11,0x8000000000000000,{5770385f-c22a-43e0-bf4c-06f5698ffbd9},4,Microsoft-Windows-Sysmon/Operational,0,"""File created:
RuleName: technique_id=T1574.010,technique_name=Services File Permissions Weakness
UtcTime: 2024-12-10 14:35:39.776
ProcessGuid: {15959494-51ba-6758-4501-000000000200}
ProcessId: 5496
Image: C:\WINDOWS\system32\calc.exe
TargetFilename: C:\Windows\System32\config\systemprofile\AppData\Local\Microsoft\Windows\INetCookies
CreationUtcTime: 2024-12-10 14:35:39.776
User: NT AUTHORITY\SYSTEM""",2,2024-12-10T14:35:39.7818161Z,3460,3480,DESKTOP-QGB4EQH,11,2452,INFORMATION,Microsoft-Windows-Sysmon,4,FALSE,3,An executable C:\\WINDOWS\\system32\\calc.exe created a file in a Windows folder,"[""sysmon"",""sysmon_eid11_detections"",""windows""]",92222,windows_eventchannel,log,"Dec 10, 2024 @ 14:35:40.909",EventChannel,1733841340,"Dec 10, 2024 @ 14:35:40.909", , , , , , ,C:\\WINDOWS\\system32\\calc.exe, , , , , , ,{15959494-51ba-6758-4501-000000000200},5496,35:39.8, ,"technique_id=T1574.010,technique_name=Services File Permissions Weakness", , ,NT AUTHORITY\\SYSTEM,"[""Masquerading""]","[""T1036""]","[""Defense Evasion""]", ,C:\\Windows\\System32\\config\\systemprofile\\AppData\\Local\\Microsoft\\Windows\\INetCookies,35:39.8, , , , , , , , , , , , , , , , , , , , , , , , , , , , , , , , , , , , , , , , , , , , , , , , , , , , , , , , , , , , , , , , , , , , , , , , , , , , , , , , , , , , , , , , , , , , , , , , , , , , , , , , , , , , , , , , , , , , , , , , , , , , , 
wazuh-alerts-4.x-2024.12.10,wsf_sJMBnOFSf1lyUEXh,1,1,192.168.117.136,window-agent3,3,Maryam, , , ,11,0x8000000000000000,{5770385f-c22a-43e0-bf4c-06f5698ffbd9},4,Microsoft-Windows-Sysmon/Operational,0,"""File created:
RuleName: technique_id=T1574.010,technique_name=Services File Permissions Weakness
UtcTime: 2024-12-10 14:35:39.776
ProcessGuid: {15959494-51ba-6758-4501-000000000200}
ProcessId: 5496
Image: C:\WINDOWS\system32\calc.exe
TargetFilename: C:\Windows\System32\config\systemprofile\AppData\Local\Microsoft\Windows\History
CreationUtcTime: 2024-12-10 14:35:39.776
User: NT AUTHORITY\SYSTEM""",2,2024-12-10T14:35:39.7839988Z,3461,3480,DESKTOP-QGB4EQH,11,2452,INFORMATION,Microsoft-Windows-Sysmon,5,FALSE,3,An executable C:\\WINDOWS\\system32\\calc.exe created a file in a Windows folder,"[""sysmon"",""sysmon_eid11_detections"",""windows""]",92222,windows_eventchannel,log,"Dec 10, 2024 @ 14:35:40.910",EventChannel,1733841340,"Dec 10, 2024 @ 14:35:40.910", , , , , , ,C:\\WINDOWS\\system32\\calc.exe, , , , , , ,{15959494-51ba-6758-4501-000000000200},5496,35:39.8, ,"technique_id=T1574.010,technique_name=Services File Permissions Weakness", , ,NT AUTHORITY\\SYSTEM,"[""Masquerading""]","[""T1036""]","[""Defense Evasion""]", ,C:\\Windows\\System32\\config\\systemprofile\\AppData\\Local\\Microsoft\\Windows\\History,35:39.8, , , , , , , , , , , , , , , , , , , , , , , , , , , , , , , , , , , , , , , , , , , , , , , , , , , , , , , , , , , , , , , , , , , , , , , , , , , , , , , , , , , , , , , , , , , , , , , , , , , , , , , , , , , , , , , , , , , , , , , , , , , , , 
wazuh-alerts-4.x-2024.12.10,WMf-sJMBnOFSf1lyWkW1,1,1,192.168.117.136,window-agent3,3,Maryam, , , ,7,0x8000000000000000,{5770385f-c22a-43e0-bf4c-06f5698ffbd9},4,Microsoft-Windows-Sysmon/Operational,0,"""Image loaded:
RuleName: technique_id=T1053,technique_name=Scheduled Task
UtcTime: 2024-12-10 14:34:28.886
ProcessGuid: {15959494-50d8-6758-2100-000000000200}
ProcessId: 1712
Image: C:\Windows\System32\svchost.exe
ImageLoaded: C:\Windows\System32\taskschd.dll
FileVersion: 10.0.19041.3636 (WinBuild.160101.0800)
Description: Task Scheduler COM API
Product: Microsoft® Windows® Operating System
Company: Microsoft Corporation
OriginalFileName: taskschd.dll
Hashes: SHA1=633C92F5A5000CDE3235C7FDC306B2B04C501C48,MD5=84F942C1A4BD60C94EBEC6643E0216C9,SHA256=BBE733452E6CE871D5D2064948847AAB2A71F7FEDA2C962BA4002F64E2D198F2,IMPHASH=B7A4477FA36E2E5287EE76AC4AFCB05B
Signed: true
Signature: Microsoft Windows
SignatureStatus: Valid
User: NT AUTHORITY\NETWORK SERVICE""",3,2024-12-10T14:34:28.9011055Z,1845,3480,DESKTOP-QGB4EQH,7,2452,INFORMATION,Microsoft-Windows-Sysmon,14,FALSE,4,Process loaded taskschd.dll module. May be used to create delayed malware execution,"[""sysmon"",""sysmon_eid7_detections"",""windows""]",92154,windows_eventchannel,log,"Dec 10, 2024 @ 14:34:37.601",EventChannel,1733841277,"Dec 10, 2024 @ 14:34:37.601", , , , , ,taskschd.dll,C:\\Windows\\System32\\svchost.exe,Microsoft® Windows® Operating System,Microsoft Windows,C:\\Windows\\System32\\taskschd.dll,Task Scheduler COM API,TRUE,Valid,{15959494-50d8-6758-2100-000000000200},1712,34:28.9,"SHA1=633C92F5A5000CDE3235C7FDC306B2B04C501C48,MD5=84F942C1A4BD60C94EBEC6643E0216C9,SHA256=BBE733452E6CE871D5D2064948847AAB2A71F7FEDA2C962BA4002F64E2D198F2,IMPHASH=B7A4477FA36E2E5287EE76AC4AFCB05B","technique_id=T1053,technique_name=Scheduled Task",Microsoft Corporation,10.0.19041.3636 (WinBuild.160101.0800),NT AUTHORITY\\NETWORK SERVICE,"[""Scheduled Task""]","[""T1053.005""]","[""Execution"",""Persistence"",""Privilege Escalation""]", , , , , , , , , , , , , , , , , , , , , , , , , , , , , , , , , , , , , , , , , , , , , , , , , , , , , , , , , , , , , , , , , , , , , , , , , , , , , , , , , , , , , , , , , , , , , , , , , , , , , , , , , , , , , , , , , , , , , , , , , , , , , , , , 
wazuh-alerts-4.x-2024.12.10,s8f-sJMBnOFSf1ly30WS,1,1,192.168.117.136,window-agent3,3,Maryam, , , ,7,0x8000000000000000,{5770385f-c22a-43e0-bf4c-06f5698ffbd9},4,Microsoft-Windows-Sysmon/Operational,0,"""Image loaded:
RuleName: technique_id=T1053,technique_name=Scheduled Task
UtcTime: 2024-12-10 14:35:07.135
ProcessGuid: {15959494-50d3-6758-1200-000000000200}
ProcessId: 472
Image: C:\Windows\System32\sppsvc.exe
ImageLoaded: C:\Windows\System32\taskschd.dll
FileVersion: 10.0.19041.3636 (WinBuild.160101.0800)
Description: Task Scheduler COM API
Product: Microsoft® Windows® Operating System
Company: Microsoft Corporation
OriginalFileName: taskschd.dll
Hashes: SHA1=633C92F5A5000CDE3235C7FDC306B2B04C501C48,MD5=84F942C1A4BD60C94EBEC6643E0216C9,SHA256=BBE733452E6CE871D5D2064948847AAB2A71F7FEDA2C962BA4002F64E2D198F2,IMPHASH=B7A4477FA36E2E5287EE76AC4AFCB05B
Signed: true
Signature: Microsoft Windows
SignatureStatus: Valid
User: NT AUTHORITY\NETWORK SERVICE""",3,2024-12-10T14:35:07.1523751Z,3139,3484,DESKTOP-QGB4EQH,7,2452,INFORMATION,Microsoft-Windows-Sysmon,21,FALSE,4,Process loaded taskschd.dll module. May be used to create delayed malware execution,"[""sysmon"",""sysmon_eid7_detections"",""windows""]",92154,windows_eventchannel,log,"Dec 10, 2024 @ 14:35:11.020",EventChannel,1733841311,"Dec 10, 2024 @ 14:35:11.020", , , , , ,taskschd.dll,C:\\Windows\\System32\\sppsvc.exe,Microsoft® Windows® Operating System,Microsoft Windows,C:\\Windows\\System32\\taskschd.dll,Task Scheduler COM API,TRUE,Valid,{15959494-50d3-6758-1200-000000000200},472,35:07.1,"SHA1=633C92F5A5000CDE3235C7FDC306B2B04C501C48,MD5=84F942C1A4BD60C94EBEC6643E0216C9,SHA256=BBE733452E6CE871D5D2064948847AAB2A71F7FEDA2C962BA4002F64E2D198F2,IMPHASH=B7A4477FA36E2E5287EE76AC4AFCB05B","technique_id=T1053,technique_name=Scheduled Task",Microsoft Corporation,10.0.19041.3636 (WinBuild.160101.0800),NT AUTHORITY\\NETWORK SERVICE,"[""Scheduled Task""]","[""T1053.005""]","[""Execution"",""Persistence"",""Privilege Escalation""]", , , , , , , , , , , , , , , , , , , , , , , , , , , , , , , , , , , , , , , , , , , , , , , , , , , , , , , , , , , , , , , , , , , , , , , , , , , , , , , , , , , , , , , , , , , , , , , , , , , , , , , , , , , , , , , , , , , , , , , , , , , , , , , , 
wazuh-alerts-4.x-2024.12.10,Wcf-sJMBnOFSf1lydkUQ,1,1,192.168.117.136,window-agent3,3,Maryam, , , ,11,0x8000000000000000,{5770385f-c22a-43e0-bf4c-06f5698ffbd9},4,Microsoft-Windows-Sysmon/Operational,0,"""File created:
RuleName: technique_id=T1574.010,technique_name=Services File Permissions Weakness
UtcTime: 2024-12-10 14:34:30.433
ProcessGuid: {15959494-50d7-6758-1800-000000000200}
ProcessId: 1216
Image: C:\$WINDOWS.~BT\Sources\SetupPlatform.exe
TargetFilename: C:\Windows\Panther\Rollback\EFI\Microsoft\Boot\kdstub.dll
CreationUtcTime: 2024-12-10 14:34:30.433
User: NT AUTHORITY\SYSTEM""",2,2024-12-10T14:34:30.4434933Z,2111,3480,DESKTOP-QGB4EQH,11,2452,INFORMATION,Microsoft-Windows-Sysmon,4,FALSE,6,Executable dropped in Windows root folder,"[""sysmon"",""sysmon_eid11_detections"",""windows""]",92217,windows_eventchannel,log,"Dec 10, 2024 @ 14:34:43.614",EventChannel,1733841283,"Dec 10, 2024 @ 14:34:43.614", , , , , , ,C:\\$WINDOWS.~BT\\Sources\\SetupPlatform.exe, , , , , , ,{15959494-50d7-6758-1800-000000000200},1216,34:30.4, ,"technique_id=T1574.010,technique_name=Services File Permissions Weakness", , ,NT AUTHORITY\\SYSTEM,"[""Lateral Tool Transfer""]","[""T1570""]","[""Lateral Movement""]", ,C:\\Windows\\Panther\\Rollback\\EFI\\Microsoft\\Boot\\kdstub.dll,34:30.4, , , , , , , , , , , , , , , , , , , , , , , , , , , , , , , , , , , , , , , , , , , , , , , , , , , , , , , , , , , , , , , , , , , , , , , , , , , , , , , , , , , , , , , , , , , , , , , , , , , , , , , , , , , , , , , , , , , , , , , , , , , , , 
