wazuh-alerts-4.x-2024.12.10,CscJsZMBnOFSf1lyMEZt,1,1,192.168.117.136,window-agent3,3,Maryam, , , ,11,0x8000000000000000,{5770385f-c22a-43e0-bf4c-06f5698ffbd9},4,Microsoft-Windows-Sysmon/Operational,0,"""File created:
RuleName: technique_id=T1574.010,technique_name=Services File Permissions Weakness
UtcTime: 2024-12-10 14:46:25.694
ProcessGuid: {15959494-5440-6758-f301-000000000200}
ProcessId: 8012
Image: C:\Windows\Microsoft.NET\Framework64\v4.0.30319\mscorsvw.exe
TargetFilename: C:\Windows\assembly\NativeImages_v4.0.30319_64\Temp\1f4c-0\Microsoft.GroupPolicy.Reporting.dll
CreationUtcTime: 2024-12-10 14:46:25.694
User: NT AUTHORITY\SYSTEM""",2,2024-12-10T14:46:25.7021244Z,4164,3480,DESKTOP-QGB4EQH,11,2452,INFORMATION,Microsoft-Windows-Sysmon,36,FALSE,6,Executable dropped in Windows root folder,"[""sysmon"",""sysmon_eid11_detections"",""windows""]",92217,windows_eventchannel,log,"Dec 10, 2024 @ 14:46:26.750",EventChannel,1733841986,"Dec 10, 2024 @ 14:46:26.750", , , , , , ,C:\\Windows\\Microsoft.NET\\Framework64\\v4.0.30319\\mscorsvw.exe, , , , , , ,{15959494-5440-6758-f301-000000000200},8012,46:25.7, ,"technique_id=T1574.010,technique_name=Services File Permissions Weakness", , ,NT AUTHORITY\\SYSTEM,"[""Lateral Tool Transfer""]","[""T1570""]","[""Lateral Movement""]", ,C:\\Windows\\assembly\\NativeImages_v4.0.30319_64\\Temp\\1f4c-0\\Microsoft.GroupPolicy.Reporting.dll,46:25.7, , , , , , , , , , , , , , , , , , , , , , , , , , , , , , , , , , , , , , , , , , , , , , , , , , , , , , , , , , , , , , , , , , , , , , , , , , , , , , , , , , , , , , , , , , , , , , , , , , , , , , , , , , , , , , , , , , , , , , , , , , , , , 
wazuh-alerts-4.x-2024.12.10,CccJsZMBnOFSf1lyJEa3,1,1,192.168.117.136,window-agent3,3,Maryam, , , ,11,0x8000000000000000,{5770385f-c22a-43e0-bf4c-06f5698ffbd9},4,Microsoft-Windows-Sysmon/Operational,0,"""File created:
RuleName: technique_id=T1574.010,technique_name=Services File Permissions Weakness
UtcTime: 2024-12-10 14:46:24.163
ProcessGuid: {15959494-5440-6758-f101-000000000200}
ProcessId: 4808
Image: C:\Windows\Microsoft.NET\Framework64\v4.0.30319\mscorsvw.exe
TargetFilename: C:\Windows\assembly\NativeImages_v4.0.30319_64\Temp\12c8-0\Microsoft.GroupPolicy.Interop.dll
CreationUtcTime: 2024-12-10 14:46:24.163
User: NT AUTHORITY\SYSTEM""",2,2024-12-10T14:46:24.1754718Z,4159,3480,DESKTOP-QGB4EQH,11,2452,INFORMATION,Microsoft-Windows-Sysmon,35,FALSE,6,Executable dropped in Windows root folder,"[""sysmon"",""sysmon_eid11_detections"",""windows""]",92217,windows_eventchannel,log,"Dec 10, 2024 @ 14:46:24.999",EventChannel,1733841984,"Dec 10, 2024 @ 14:46:24.999", , , , , , ,C:\\Windows\\Microsoft.NET\\Framework64\\v4.0.30319\\mscorsvw.exe, , , , , , ,{15959494-5440-6758-f101-000000000200},4808,46:24.2, ,"technique_id=T1574.010,technique_name=Services File Permissions Weakness", , ,NT AUTHORITY\\SYSTEM,"[""Lateral Tool Transfer""]","[""T1570""]","[""Lateral Movement""]", ,C:\\Windows\\assembly\\NativeImages_v4.0.30319_64\\Temp\\12c8-0\\Microsoft.GroupPolicy.Interop.dll,46:24.2, , , , , , , , , , , , , , , , , , , , , , , , , , , , , , , , , , , , , , , , , , , , , , , , , , , , , , , , , , , , , , , , , , , , , , , , , , , , , , , , , , , , , , , , , , , , , , , , , , , , , , , , , , , , , , , , , , , , , , , , , , , , , 
wazuh-alerts-4.x-2024.12.10,BMcIsZMBnOFSf1ly9UbT,1,1,192.168.117.136,window-agent3,3,Maryam, , , ,11,0x8000000000000000,{5770385f-c22a-43e0-bf4c-06f5698ffbd9},4,Microsoft-Windows-Sysmon/Operational,0,"""File created:
RuleName: technique_id=T1574.010,technique_name=Services File Permissions Weakness
UtcTime: 2024-12-10 14:46:11.413
ProcessGuid: {15959494-542c-6758-e301-000000000200}
ProcessId: 8340
Image: C:\Windows\Microsoft.NET\Framework64\v4.0.30319\mscorsvw.exe
TargetFilename: C:\Windows\assembly\NativeImages_v2.0.50727_64\Temp\ZAP2FCB.tmp\System.Windows.Forms.dll
CreationUtcTime: 2024-12-10 14:46:11.413
User: NT AUTHORITY\SYSTEM""",2,2024-12-10T14:46:11.4242518Z,4115,3480,DESKTOP-QGB4EQH,11,2452,INFORMATION,Microsoft-Windows-Sysmon,30,FALSE,6,Executable dropped in Windows root folder,"[""sysmon"",""sysmon_eid11_detections"",""windows""]",92217,windows_eventchannel,log,"Dec 10, 2024 @ 14:46:12.454",EventChannel,1733841972,"Dec 10, 2024 @ 14:46:12.454", , , , , , ,C:\\Windows\\Microsoft.NET\\Framework64\\v4.0.30319\\mscorsvw.exe, , , , , , ,{15959494-542c-6758-e301-000000000200},8340,46:11.4, ,"technique_id=T1574.010,technique_name=Services File Permissions Weakness", , ,NT AUTHORITY\\SYSTEM,"[""Lateral Tool Transfer""]","[""T1570""]","[""Lateral Movement""]", ,C:\\Windows\\assembly\\NativeImages_v2.0.50727_64\\Temp\\ZAP2FCB.tmp\\System.Windows.Forms.dll,46:11.4, , , , , , , , , , , , , , , , , , , , , , , , , , , , , , , , , , , , , , , , , , , , , , , , , , , , , , , , , , , , , , , , , , , , , , , , , , , , , , , , , , , , , , , , , , , , , , , , , , , , , , , , , , , , , , , , , , , , , , , , , , , , , 
wazuh-alerts-4.x-2024.12.10,LccMsZMBnOFSf1lyNUb7,1,1,192.168.117.136,window-agent3,3,Maryam, , , ,7,0x8000000000000000,{5770385f-c22a-43e0-bf4c-06f5698ffbd9},4,Microsoft-Windows-Sysmon/Operational,0,"""Image loaded:
RuleName: technique_id=T1053,technique_name=Scheduled Task
UtcTime: 2024-12-10 14:49:42.658
ProcessGuid: {15959494-50d3-6758-1400-000000000200}
ProcessId: 876
Image: C:\Windows\System32\svchost.exe
ImageLoaded: C:\Windows\System32\taskschd.dll
FileVersion: 10.0.19041.3636 (WinBuild.160101.0800)
Description: Task Scheduler COM API
Product: Microsoft® Windows® Operating System
Company: Microsoft Corporation
OriginalFileName: taskschd.dll
Hashes: SHA1=633C92F5A5000CDE3235C7FDC306B2B04C501C48,MD5=84F942C1A4BD60C94EBEC6643E0216C9,SHA256=BBE733452E6CE871D5D2064948847AAB2A71F7FEDA2C962BA4002F64E2D198F2,IMPHASH=B7A4477FA36E2E5287EE76AC4AFCB05B
Signed: true
Signature: Microsoft Windows
SignatureStatus: Valid
User: NT AUTHORITY\SYSTEM""",3,2024-12-10T14:49:42.6674624Z,4739,3480,DESKTOP-QGB4EQH,7,2452,INFORMATION,Microsoft-Windows-Sysmon,47,FALSE,4,Process loaded taskschd.dll module. May be used to create delayed malware execution,"[""sysmon"",""sysmon_eid7_detections"",""windows""]",92154,windows_eventchannel,log,"Dec 10, 2024 @ 14:49:43.699",EventChannel,1733842183,"Dec 10, 2024 @ 14:49:43.699", , , , , ,taskschd.dll,C:\\Windows\\System32\\svchost.exe,Microsoft® Windows® Operating System,Microsoft Windows,C:\\Windows\\System32\\taskschd.dll,Task Scheduler COM API,TRUE,Valid,{15959494-50d3-6758-1400-000000000200},876,49:42.7,"SHA1=633C92F5A5000CDE3235C7FDC306B2B04C501C48,MD5=84F942C1A4BD60C94EBEC6643E0216C9,SHA256=BBE733452E6CE871D5D2064948847AAB2A71F7FEDA2C962BA4002F64E2D198F2,IMPHASH=B7A4477FA36E2E5287EE76AC4AFCB05B","technique_id=T1053,technique_name=Scheduled Task",Microsoft Corporation,10.0.19041.3636 (WinBuild.160101.0800),NT AUTHORITY\\SYSTEM,"[""Scheduled Task""]","[""T1053.005""]","[""Execution"",""Persistence"",""Privilege Escalation""]", , , , , , , , , , , , , , , , , , , , , , , , , , , , , , , , , , , , , , , , , , , , , , , , , , , , , , , , , , , , , , , , , , , , , , , , , , , , , , , , , , , , , , , , , , , , , , , , , , , , , , , , , , , , , , , , , , , , , , , , , , , , , , , , 
wazuh-alerts-4.x-2024.12.10,MMcMsZMBnOFSf1lyNUb7,1,1,192.168.117.136,window-agent3,3,Maryam, , , ,4624,0x8020000000000000,{54849625-5478-4994-a5ba-3e3b0328c30d},0,Security,0,"""An account was successfully logged on.

Subject:
	Security ID:		S-1-5-18
	Account Name:		DESKTOP-QGB4EQH$
	Account Domain:		WORKGROUP
	Logon ID:		0x3E7

Logon Information:
	Logon Type:		5
	Restricted Admin Mode:	-
	Virtual Account:		No
	Elevated Token:		Yes

Impersonation Level:		Impersonation

New Logon:
	Security ID:		S-1-5-18
	Account Name:		SYSTEM
	Account Domain:		NT AUTHORITY
	Logon ID:		0x3E7
	Linked Logon ID:		0x0
	Network Account Name:	-
	Network Account Domain:	-
	Logon GUID:		{00000000-0000-0000-0000-000000000000}

Process Information:
	Process ID:		0x284
	Process Name:		C:\Windows\System32\services.exe

Network Information:
	Workstation Name:	-
	Source Network Address:	-
	Source Port:		-

Detailed Authentication Information:
	Logon Process:		Advapi  
	Authentication Package:	Negotiate
	Transited Services:	-
	Package Name (NTLM only):	-
	Key Length:		0

This event is generated when a logon session is created. It is generated on the computer that was accessed.

The subject fields indicate the account on the local system which requested the logon. This is most commonly a service such as the Server service, or a local process such as Winlogon.exe or Services.exe.

The logon type field indicates the kind of logon that occurred. The most common types are 2 (interactive) and 3 (network).

The New Logon fields indicate the account for whom the new logon was created, i.e. the account that was logged on.

The network fields indicate where a remote logon request originated. Workstation name is not always available and may be left blank in some cases.

The impersonation level field indicates the extent to which a process in the logon session can impersonate.

The authentication information fields provide detailed information about this specific logon request.
	- Logon GUID is a unique identifier that can be used to correlate this event with a KDC event.
	- Transited services indicate which intermediate services have participated in this logon request.
	- Package name indicates which sub-protocol was used among the NTLM protocols.
	- Key length indicates the length of the generated session key. This will be 0 if no session key was requested.""",2,2024-12-10T14:49:43.2303069Z,463,816,DESKTOP-QGB4EQH,12544,672,AUDIT_SUCCESS,Microsoft-Windows-Security-Auditing,27,FALSE,3,Windows logon success.,"[""windows"",""windows_security"",""authentication_success""]",60106,windows_eventchannel,log,"Dec 10, 2024 @ 14:49:44.275",EventChannel,1733842184,"Dec 10, 2024 @ 14:49:44.275", , , ,"[""IV_32.2""]","[""7.1"",""7.2""]", , , , , , , , , ,0x284, , , , , , ,"[""Valid Accounts""]","[""T1078""]","[""Defense Evasion"",""Persistence"",""Privilege Escalation"",""Initial Access""]", , , , , , ,"[""10.2.5""]","[""164.312.b""]","[""CC6.8"",""CC7.2"",""CC7.3""]","[""AC.7"",""AU.14""]", , ,{00000000-0000-0000-0000-000000000000}, , , , , , , , , ,0x3e7,WORKGROUP,0x0,%%1833,Negotiate,0x3e7,Advapi,SYSTEM,0,%%1842,S-1-5-18,C:\\Windows\\System32\\services.exe,NT AUTHORITY,S-1-5-18,%%1843,5,DESKTOP-QGB4EQH$, , , , , , , , , , , , , , , , , , , , , , , , , , , , , , , , , , , , , , , , , , , , , , , , , , , , , , , , , , , , , , , , , , , , , , , , , , , , , , , , , , , , , , , , , 
wazuh-alerts-4.x-2024.12.10,LMcLsZMBnOFSf1ly-0Zi,1,1,192.168.117.136,window-agent3,3,Maryam, , , ,4624,0x8020000000000000,{54849625-5478-4994-a5ba-3e3b0328c30d},0,Security,0,"""An account was successfully logged on.

Subject:
	Security ID:		S-1-5-18
	Account Name:		DESKTOP-QGB4EQH$
	Account Domain:		WORKGROUP
	Logon ID:		0x3E7

Logon Information:
	Logon Type:		5
	Restricted Admin Mode:	-
	Virtual Account:		No
	Elevated Token:		Yes

Impersonation Level:		Impersonation

New Logon:
	Security ID:		S-1-5-18
	Account Name:		SYSTEM
	Account Domain:		NT AUTHORITY
	Logon ID:		0x3E7
	Linked Logon ID:		0x0
	Network Account Name:	-
	Network Account Domain:	-
	Logon GUID:		{00000000-0000-0000-0000-000000000000}

Process Information:
	Process ID:		0x284
	Process Name:		C:\Windows\System32\services.exe

Network Information:
	Workstation Name:	-
	Source Network Address:	-
	Source Port:		-

Detailed Authentication Information:
	Logon Process:		Advapi  
	Authentication Package:	Negotiate
	Transited Services:	-
	Package Name (NTLM only):	-
	Key Length:		0

This event is generated when a logon session is created. It is generated on the computer that was accessed.

The subject fields indicate the account on the local system which requested the logon. This is most commonly a service such as the Server service, or a local process such as Winlogon.exe or Services.exe.

The logon type field indicates the kind of logon that occurred. The most common types are 2 (interactive) and 3 (network).

The New Logon fields indicate the account for whom the new logon was created, i.e. the account that was logged on.

The network fields indicate where a remote logon request originated. Workstation name is not always available and may be left blank in some cases.

The impersonation level field indicates the extent to which a process in the logon session can impersonate.

The authentication information fields provide detailed information about this specific logon request.
	- Logon GUID is a unique identifier that can be used to correlate this event with a KDC event.
	- Transited services indicate which intermediate services have participated in this logon request.
	- Package name indicates which sub-protocol was used among the NTLM protocols.
	- Key length indicates the length of the generated session key. This will be 0 if no session key was requested.""",2,2024-12-10T14:49:29.5014755Z,461,816,DESKTOP-QGB4EQH,12544,672,AUDIT_SUCCESS,Microsoft-Windows-Security-Auditing,26,FALSE,3,Windows logon success.,"[""windows"",""windows_security"",""authentication_success""]",60106,windows_eventchannel,log,"Dec 10, 2024 @ 14:49:30.557",EventChannel,1733842170,"Dec 10, 2024 @ 14:49:30.557", , , ,"[""IV_32.2""]","[""7.1"",""7.2""]", , , , , , , , , ,0x284, , , , , , ,"[""Valid Accounts""]","[""T1078""]","[""Defense Evasion"",""Persistence"",""Privilege Escalation"",""Initial Access""]", , , , , , ,"[""10.2.5""]","[""164.312.b""]","[""CC6.8"",""CC7.2"",""CC7.3""]","[""AC.7"",""AU.14""]", , ,{00000000-0000-0000-0000-000000000000}, , , , , , , , , ,0x3e7,WORKGROUP,0x0,%%1833,Negotiate,0x3e7,Advapi,SYSTEM,0,%%1842,S-1-5-18,C:\\Windows\\System32\\services.exe,NT AUTHORITY,S-1-5-18,%%1843,5,DESKTOP-QGB4EQH$, , , , , , , , , , , , , , , , , , , , , , , , , , , , , , , , , , , , , , , , , , , , , , , , , , , , , , , , , , , , , , , , , , , , , , , , , , , , , , , , , , , , , , , , , 
wazuh-alerts-4.x-2024.12.10,OMcOsZMBnOFSf1lyIkY9,1,1,192.168.117.136,window-agent3,3,Maryam, , , ,13,0x8000000000000000,{5770385f-c22a-43e0-bf4c-06f5698ffbd9},4,Microsoft-Windows-Sysmon/Operational,0,"""Registry value set:
RuleName: -
EventType: SetValue
UtcTime: 2024-12-10 14:51:46.845
ProcessGuid: {15959494-50d9-6758-2900-000000000200}
ProcessId: 2140
Image: C:\WINDOWS\system32\svchost.exe
TargetObject: HKLM\System\CurrentControlSet\Services\mpssvc\Parameters\AppCs\AppCs\S-1-15-2-567501097-281763132-502764112-1855211022-3143306454-2372101908-561929011S-1-5-21-2469675487-2142651230-3143768571-1001
Details: v2.30|AppPkgId=S-1-15-2-567501097-281763132-502764112-1855211022-3143306454-2372101908-561929011|LUOwn=S-1-5-21-2469675487-2142651230-3143768571-1001|C=S-1-15-3-1|C=S-1-15-3-567501097-281763132-502764112-1855211022-3143306454-2372101908-561929011|B=C:\WINDOWS\system32\wwahost.exe|M=microsoft.wallet_8wekyb3d8bbwe|Name=Microsoft Pay|Desc=Microsoft Pay|D=C:\Program Files\WindowsApps\Microsoft.Wallet_2.4.18324.0_x64__8wekyb3d8bbwe\|PFN=Microsoft.Wallet_2.4.18324.0_x64__8wekyb3d8bbwe|
User: NT AUTHORITY\LOCAL SERVICE""",2,2024-12-10T14:51:46.8575813Z,5198,3480,DESKTOP-QGB4EQH,13,2452,INFORMATION,Microsoft-Windows-Sysmon,27,FALSE,3,Evidence of new service creation found in registry under HKLM\\System\\CurrentControlSet\\Services\\mpssvc\\Parameters\\AppCs\\AppCs\\S-1-15-2-567501097-281763132-502764112-1855211022-3143306454-2372101908-561929011S-1-5-21-2469675487-2142651230-3143768571-1001 binary is: v2.30|AppPkgId=S-1-15-2-567501097-281763132-502764112-1855211022-3143306454-2372101908-561929011|LUOwn=S-1-5-21-2469675487-2142651230-3143768571-1001|C=S-1-15-3-1|C=S-1-15-3-567501097-281763132-502764112-1855211022-3143306454-2372101908-561929011|B=C:\\WINDOWS\\system32\\wwahost.exe|M=microsoft.wallet_8wekyb3d8bbwe|Name=Microsoft Pay|Desc=Microsoft Pay|D=C:\\Program Files\\WindowsApps\\Microsoft.Wallet_2.4.18324.0_x64__8wekyb3d8bbwe\\|PFN=Microsoft.Wallet_2.4.18324.0_x64__8wekyb3d8bbwe|,"[""sysmon"",""sysmon_eid13_detections"",""windows""]",92307,windows_eventchannel,log,"Dec 10, 2024 @ 14:51:47.837",EventChannel,1733842307,"Dec 10, 2024 @ 14:51:47.837", , , , , , ,C:\\WINDOWS\\system32\\svchost.exe, , , , , , ,{15959494-50d9-6758-2900-000000000200},2140,51:46.8, , , , ,NT AUTHORITY\\LOCAL SERVICE,"[""Windows Service""]","[""T1543.003""]","[""Persistence"",""Privilege Escalation""]", , , , , , , , , , , , , , , , , , , , , , , , , , , , , , , , , , , , , , , , , , , , , , , , , , , , , , , , , , , , , , , , , , , , ,HKLM\\System\\CurrentControlSet\\Services\\mpssvc\\Parameters\\AppCs\\AppCs\\S-1-15-2-567501097-281763132-502764112-1855211022-3143306454-2372101908-561929011S-1-5-21-2469675487-2142651230-3143768571-1001,v2.30|AppPkgId=S-1-15-2-567501097-281763132-502764112-1855211022-3143306454-2372101908-561929011|LUOwn=S-1-5-21-2469675487-2142651230-3143768571-1001|C=S-1-15-3-1|C=S-1-15-3-567501097-281763132-502764112-1855211022-3143306454-2372101908-561929011|B=C:\\WINDOWS\\system32\\wwahost.exe|M=microsoft.wallet_8wekyb3d8bbwe|Name=Microsoft Pay|Desc=Microsoft Pay|D=C:\\Program Files\\WindowsApps\\Microsoft.Wallet_2.4.18324.0_x64__8wekyb3d8bbwe\\|PFN=Microsoft.Wallet_2.4.18324.0_x64__8wekyb3d8bbwe|,SetValue, , , , , , , , , , , , , , , , , , , , , , , , , , , , , , , , , , , , , , , , , , , , , , , , , , , , , , , , , 
wazuh-alerts-4.x-2024.12.10,JccKsZMBnOFSf1lyE0YL,1,1,192.168.117.136,window-agent3,3,Maryam, , , ,7,0x8000000000000000,{5770385f-c22a-43e0-bf4c-06f5698ffbd9},4,Microsoft-Windows-Sysmon/Operational,0,"""Image loaded:
RuleName: technique_id=T1053,technique_name=Scheduled Task
UtcTime: 2024-12-10 14:47:19.495
ProcessGuid: {15959494-5477-6758-cd02-000000000200}
ProcessId: 7372
Image: C:\Windows\System32\svchost.exe
ImageLoaded: C:\Windows\System32\taskschd.dll
FileVersion: 10.0.19041.3636 (WinBuild.160101.0800)
Description: Task Scheduler COM API
Product: Microsoft® Windows® Operating System
Company: Microsoft Corporation
OriginalFileName: taskschd.dll
Hashes: SHA1=633C92F5A5000CDE3235C7FDC306B2B04C501C48,MD5=84F942C1A4BD60C94EBEC6643E0216C9,SHA256=BBE733452E6CE871D5D2064948847AAB2A71F7FEDA2C962BA4002F64E2D198F2,IMPHASH=B7A4477FA36E2E5287EE76AC4AFCB05B
Signed: true
Signature: Microsoft Windows
SignatureStatus: Valid
User: NT AUTHORITY\SYSTEM""",3,2024-12-10T14:47:19.5029907Z,4709,3480,DESKTOP-QGB4EQH,7,2452,INFORMATION,Microsoft-Windows-Sysmon,44,FALSE,4,Process loaded taskschd.dll module. May be used to create delayed malware execution,"[""sysmon"",""sysmon_eid7_detections"",""windows""]",92154,windows_eventchannel,log,"Dec 10, 2024 @ 14:47:20.825",EventChannel,1733842040,"Dec 10, 2024 @ 14:47:20.825", , , , , ,taskschd.dll,C:\\Windows\\System32\\svchost.exe,Microsoft® Windows® Operating System,Microsoft Windows,C:\\Windows\\System32\\taskschd.dll,Task Scheduler COM API,TRUE,Valid,{15959494-5477-6758-cd02-000000000200},7372,47:19.5,"SHA1=633C92F5A5000CDE3235C7FDC306B2B04C501C48,MD5=84F942C1A4BD60C94EBEC6643E0216C9,SHA256=BBE733452E6CE871D5D2064948847AAB2A71F7FEDA2C962BA4002F64E2D198F2,IMPHASH=B7A4477FA36E2E5287EE76AC4AFCB05B","technique_id=T1053,technique_name=Scheduled Task",Microsoft Corporation,10.0.19041.3636 (WinBuild.160101.0800),NT AUTHORITY\\SYSTEM,"[""Scheduled Task""]","[""T1053.005""]","[""Execution"",""Persistence"",""Privilege Escalation""]", , , , , , , , , , , , , , , , , , , , , , , , , , , , , , , , , , , , , , , , , , , , , , , , , , , , , , , , , , , , , , , , , , , , , , , , , , , , , , , , , , , , , , , , , , , , , , , , , , , , , , , , , , , , , , , , , , , , , , , , , , , , , , , , 
wazuh-alerts-4.x-2024.12.10,KccKsZMBnOFSf1ly6Ubn,1,1,192.168.117.136,window-agent3,3,Maryam, , , ,1001,0x80000000000000, ,4,Application,0,"""Fault bucket , type 0
Event Name: MoAppCrash
Response: Not available
Cab Id: 0

Problem signature:
P1: Microsoft.Messaging_4.1901.10241.1000_x64__8wekyb3d8bbwe
P2: praid:x27e26f40ye031y48a6yb130yd1f20388991ax
P3: 10.0.19041.3636
P4: e9186526
P5: MessagingNativeCore.dll
P6: 4.1901.1901.24001
P7: 5c4a52fc
P8: c0000005
P9: 000000000000d2d8
P10: 

Attached files:
\\?\C:\Users\mari\AppData\Local\Packages\Microsoft.Messaging_8wekyb3d8bbwe\LocalCache\MessagingBackgroundTaskLog.etl
\\?\C:\ProgramData\Microsoft\Windows\WER\Temp\WER779.tmp.mdmp
\\?\C:\ProgramData\Microsoft\Windows\WER\Temp\WER855.tmp.WERInternalMetadata.xml
\\?\C:\ProgramData\Microsoft\Windows\WER\Temp\WER8A4.tmp.xml
\\?\C:\ProgramData\Microsoft\Windows\WER\Temp\WER900.tmp.csv
\\?\C:\ProgramData\Microsoft\Windows\WER\Temp\WER930.tmp.txt
\\?\C:\Users\mari\AppData\Local\Temp\WER86EE.tmp.appcompat.txt
\\?\C:\ProgramData\Microsoft\Windows\WER\ReportQueue\AppCrash_Microsoft.Messag_efd5c317f7fe692981376df3057cfcecbaca39_8e3cbe50_cab_cea6a409-a25a-4b54-b284-f366f58214d0\memory.hdmp

These files may be available here:
\\?\C:\ProgramData\Microsoft\Windows\WER\ReportQueue\AppCrash_Microsoft.Messag_efd5c317f7fe692981376df3057cfcecbaca39_8e3cbe50_cab_cea6a409-a25a-4b54-b284-f366f58214d0

Analysis symbol: 
Rechecking for solution: 0
Report Id: 72108876-fb30-429b-8a64-06e3f409607b
Report Status: 100
Hashed bucket: 
Cab Guid: 0""",0,2024-12-10T14:48:12.6578391Z,197,0,DESKTOP-QGB4EQH,0,0,INFORMATION,Windows Error Reporting,12,FALSE,4,Summary event of the report's signatures.,"[""windows"",""windows_application""]",60608,windows_eventchannel,log,"Dec 10, 2024 @ 14:48:12.707",EventChannel,1733842092,"Dec 10, 2024 @ 14:48:12.707","0, MoAppCrash, Not available, 0, Microsoft.Messaging_4.1901.10241.1000_x64__8wekyb3d8bbwe, praid:x27e26f40ye031y48a6yb130yd1f20388991ax, 10.0.19041.3636, e9186526, MessagingNativeCore.dll, 4.1901.1901.24001, 5c4a52fc, c0000005, 000000000000d2d8,   \\\\?\\C:\\Users\\mari\\AppData\\Local\\Packages\\Microsoft.Messaging_8wekyb3d8bbwe\\LocalCache\\MessagingBackgroundTaskLog.etl  \\\\?\\C:\\ProgramData\\Microsoft\\Windows\\WER\\Temp\\WER779.tmp.mdmp  \\\\?\\C:\\ProgramData\\Microsoft\\Windows\\WER\\Temp\\WER855.tmp.WERInternalMetadata.xml  \\\\?\\C:\\ProgramData\\Microsoft\\Windows\\WER\\Temp\\WER8A4.tmp.xml  \\\\?\\C:\\ProgramData\\Microsoft\\Windows\\WER\\Temp\\WER900.tmp.csv  \\\\?\\C:\\ProgramData\\Microsoft\\Windows\\WER\\Temp\\WER930.tmp.txt  \\\\?\\C:\\Users\\mari\\AppData\\Local\\Temp\\WER86EE.tmp.appcompat.txt  \\\\?\\C:\\ProgramData\\Microsoft\\Windows\\WER\\ReportQueue\\AppCrash_Microsoft.Messag_efd5c317f7fe692981376df3057cfcecbaca39_8e3cbe50_cab_cea6a409-a25a-4b54-b284-f366f58214d0\\memory.hdmp, \\\\?\\C:\\ProgramData\\Microsoft\\Windows\\WER\\ReportQueue\\AppCrash_Microsoft.Messag_efd5c317f7fe692981376df3057cfcecbaca39_8e3cbe50_cab_cea6a409-a25a-4b54-b284-f366f58214d0, 0, 72108876-fb30-429b-8a64-06e3f409607b, 100, 0", , , , , , , , , , , , , , , , , , , , , , , , , , , , , , , , , , , , , , , , , , , , , , , , , , , , , , , , , , , , , , , , , , , , , , , , , , , , , , , , , , , , , , , , , , , , , , , , , , , , , , , , , , , , , , , , , , , , , , , , , , , , , , , , , , , , , , , , , , , , , , , , , , , , , , , 
wazuh-alerts-4.x-2024.12.10,GscJsZMBnOFSf1lyuUYw,1,1,192.168.117.136,window-agent3,3,Maryam, , , ,11,0x8000000000000000,{5770385f-c22a-43e0-bf4c-06f5698ffbd9},4,Microsoft-Windows-Sysmon/Operational,0,"""File created:
RuleName: technique_id=T1574.010,technique_name=Services File Permissions Weakness
UtcTime: 2024-12-10 14:46:58.897
ProcessGuid: {15959494-5462-6758-3a02-000000000200}
ProcessId: 8764
Image: C:\Windows\Microsoft.NET\Framework\v4.0.30319\mscorsvw.exe
TargetFilename: C:\Windows\assembly\NativeImages_v2.0.50727_32\Temp\ZAP367.tmp\System.Management.dll
CreationUtcTime: 2024-12-10 14:46:58.897
User: NT AUTHORITY\SYSTEM""",2,2024-12-10T14:46:58.9001258Z,4305,3480,DESKTOP-QGB4EQH,11,2452,INFORMATION,Microsoft-Windows-Sysmon,50,FALSE,6,Executable dropped in Windows root folder,"[""sysmon"",""sysmon_eid11_detections"",""windows""]",92217,windows_eventchannel,log,"Dec 10, 2024 @ 14:46:59.468",EventChannel,1733842019,"Dec 10, 2024 @ 14:46:59.468", , , , , , ,C:\\Windows\\Microsoft.NET\\Framework\\v4.0.30319\\mscorsvw.exe, , , , , , ,{15959494-5462-6758-3a02-000000000200},8764,46:58.9, ,"technique_id=T1574.010,technique_name=Services File Permissions Weakness", , ,NT AUTHORITY\\SYSTEM,"[""Lateral Tool Transfer""]","[""T1570""]","[""Lateral Movement""]", ,C:\\Windows\\assembly\\NativeImages_v2.0.50727_32\\Temp\\ZAP367.tmp\\System.Management.dll,46:58.9, , , , , , , , , , , , , , , , , , , , , , , , , , , , , , , , , , , , , , , , , , , , , , , , , , , , , , , , , , , , , , , , , , , , , , , , , , , , , , , , , , , , , , , , , , , , , , , , , , , , , , , , , , , , , , , , , , , , , , , , , , , , , 
wazuh-alerts-4.x-2024.12.10,HMcJsZMBnOFSf1lyuUYw,1,1,192.168.117.136,window-agent3,3,Maryam, , , ,11,0x8000000000000000,{5770385f-c22a-43e0-bf4c-06f5698ffbd9},4,Microsoft-Windows-Sysmon/Operational,0,"""File created:
RuleName: technique_id=T1574.010,technique_name=Services File Permissions Weakness
UtcTime: 2024-12-10 14:47:01.288
ProcessGuid: {15959494-5464-6758-3e02-000000000200}
ProcessId: 2712
Image: C:\Windows\Microsoft.NET\Framework\v4.0.30319\mscorsvw.exe
TargetFilename: C:\Windows\assembly\NativeImages_v2.0.50727_32\Temp\ZAPC50.tmp\System.Drawing.dll
CreationUtcTime: 2024-12-10 14:47:01.288
User: NT AUTHORITY\SYSTEM""",2,2024-12-10T14:47:01.3027312Z,4325,3480,DESKTOP-QGB4EQH,11,2452,INFORMATION,Microsoft-Windows-Sysmon,52,FALSE,6,Executable dropped in Windows root folder,"[""sysmon"",""sysmon_eid11_detections"",""windows""]",92217,windows_eventchannel,log,"Dec 10, 2024 @ 14:47:01.749",EventChannel,1733842021,"Dec 10, 2024 @ 14:47:01.749", , , , , , ,C:\\Windows\\Microsoft.NET\\Framework\\v4.0.30319\\mscorsvw.exe, , , , , , ,{15959494-5464-6758-3e02-000000000200},2712,47:01.3, ,"technique_id=T1574.010,technique_name=Services File Permissions Weakness", , ,NT AUTHORITY\\SYSTEM,"[""Lateral Tool Transfer""]","[""T1570""]","[""Lateral Movement""]", ,C:\\Windows\\assembly\\NativeImages_v2.0.50727_32\\Temp\\ZAPC50.tmp\\System.Drawing.dll,47:01.3, , , , , , , , , , , , , , , , , , , , , , , , , , , , , , , , , , , , , , , , , , , , , , , , , , , , , , , , , , , , , , , , , , , , , , , , , , , , , , , , , , , , , , , , , , , , , , , , , , , , , , , , , , , , , , , , , , , , , , , , , , , , , 
wazuh-alerts-4.x-2024.12.10,EscJsZMBnOFSf1lya0YJ,1,1,192.168.117.136,window-agent3,3,Maryam, , , ,11,0x8000000000000000,{5770385f-c22a-43e0-bf4c-06f5698ffbd9},4,Microsoft-Windows-Sysmon/Operational,0,"""File created:
RuleName: technique_id=T1574.010,technique_name=Services File Permissions Weakness
UtcTime: 2024-12-10 14:46:40.882
ProcessGuid: {15959494-544f-6758-2902-000000000200}
ProcessId: 8676
Image: C:\Windows\Microsoft.NET\Framework\v4.0.30319\mscorsvw.exe
TargetFilename: C:\Windows\assembly\NativeImages_v2.0.50727_32\Temp\ZAPB7C7.tmp\System.dll
CreationUtcTime: 2024-12-10 14:46:40.882
User: NT AUTHORITY\SYSTEM""",2,2024-12-10T14:46:40.8897713Z,4238,3480,DESKTOP-QGB4EQH,11,2452,INFORMATION,Microsoft-Windows-Sysmon,44,FALSE,6,Executable dropped in Windows root folder,"[""sysmon"",""sysmon_eid11_detections"",""windows""]",92217,windows_eventchannel,log,"Dec 10, 2024 @ 14:46:41.923",EventChannel,1733842001,"Dec 10, 2024 @ 14:46:41.923", , , , , , ,C:\\Windows\\Microsoft.NET\\Framework\\v4.0.30319\\mscorsvw.exe, , , , , , ,{15959494-544f-6758-2902-000000000200},8676,46:40.9, ,"technique_id=T1574.010,technique_name=Services File Permissions Weakness", , ,NT AUTHORITY\\SYSTEM,"[""Lateral Tool Transfer""]","[""T1570""]","[""Lateral Movement""]", ,C:\\Windows\\assembly\\NativeImages_v2.0.50727_32\\Temp\\ZAPB7C7.tmp\\System.dll,46:40.9, , , , , , , , , , , , , , , , , , , , , , , , , , , , , , , , , , , , , , , , , , , , , , , , , , , , , , , , , , , , , , , , , , , , , , , , , , , , , , , , , , , , , , , , , , , , , , , , , , , , , , , , , , , , , , , , , , , , , , , , , , , , , 
wazuh-alerts-4.x-2024.12.10,FMcJsZMBnOFSf1lyekaq,1,1,192.168.117.136,window-agent3,3,Maryam, , , ,11,0x8000000000000000,{5770385f-c22a-43e0-bf4c-06f5698ffbd9},4,Microsoft-Windows-Sysmon/Operational,0,"""File created:
RuleName: technique_id=T1574.010,technique_name=Services File Permissions Weakness
UtcTime: 2024-12-10 14:46:45.569
ProcessGuid: {15959494-5452-6758-2b02-000000000200}
ProcessId: 7796
Image: C:\Windows\Microsoft.NET\Framework\v4.0.30319\mscorsvw.exe
TargetFilename: C:\Windows\assembly\NativeImages_v2.0.50727_32\Temp\ZAPC2E3.tmp\PresentationCore.dll
CreationUtcTime: 2024-12-10 14:46:45.569
User: NT AUTHORITY\SYSTEM""",2,2024-12-10T14:46:45.5768395Z,4258,3480,DESKTOP-QGB4EQH,11,2452,INFORMATION,Microsoft-Windows-Sysmon,46,FALSE,6,Executable dropped in Windows root folder,"[""sysmon"",""sysmon_eid11_detections"",""windows""]",92217,windows_eventchannel,log,"Dec 10, 2024 @ 14:46:46.625",EventChannel,1733842006,"Dec 10, 2024 @ 14:46:46.625", , , , , , ,C:\\Windows\\Microsoft.NET\\Framework\\v4.0.30319\\mscorsvw.exe, , , , , , ,{15959494-5452-6758-2b02-000000000200},7796,46:45.6, ,"technique_id=T1574.010,technique_name=Services File Permissions Weakness", , ,NT AUTHORITY\\SYSTEM,"[""Lateral Tool Transfer""]","[""T1570""]","[""Lateral Movement""]", ,C:\\Windows\\assembly\\NativeImages_v2.0.50727_32\\Temp\\ZAPC2E3.tmp\\PresentationCore.dll,46:45.6, , , , , , , , , , , , , , , , , , , , , , , , , , , , , , , , , , , , , , , , , , , , , , , , , , , , , , , , , , , , , , , , , , , , , , , , , , , , , , , , , , , , , , , , , , , , , , , , , , , , , , , , , , , , , , , , , , , , , , , , , , , , , 
