wazuh-alerts-4.x-2024.12.10,dPRRspMBtNh2X6vnUd9L,1,1,192.168.117.136,window-agent3,3,Maryam, , , ,11,0x8000000000000000,{5770385f-c22a-43e0-bf4c-06f5698ffbd9},4,Microsoft-Windows-Sysmon/Operational,0,"""File created:
RuleName: technique_id=T1059.007,technique_name=JavaScript
UtcTime: 2024-12-10 17:41:07.150
ProcessGuid: {15959494-7d2b-6758-0702-000000000300}
ProcessId: 6836
Image: C:\Windows\SystemApps\Microsoft.Windows.Search_cw5n1h2txyewy\SearchApp.exe
TargetFilename: C:\Users\mari\AppData\Local\Packages\Microsoft.Windows.Search_cw5n1h2txyewy\AC\INetCache\C4W3GX6O\libs_svg-react_dist_SvgList_js.c68e8b9c0f267dc55338[1].js
CreationUtcTime: 2024-12-10 17:41:07.150
User: DESKTOP-QGB4EQH\mari""",2,2024-12-10T17:41:07.1573537Z,8508,3880,DESKTOP-QGB4EQH,11,2624,INFORMATION,Microsoft-Windows-Sysmon,51,FALSE,6,Scripting file created under Windows Temp or User folder,"[""sysmon"",""sysmon_eid11_detections"",""windows""]",92200,windows_eventchannel,log,"Dec 10, 2024 @ 17:41:07.417",EventChannel,1733852467,"Dec 10, 2024 @ 17:41:07.417", , , , , , ,C:\\Windows\\SystemApps\\Microsoft.Windows.Search_cw5n1h2txyewy\\SearchApp.exe, , , , , , ,{15959494-7d2b-6758-0702-000000000300},6836,41:07.1, ,"technique_id=T1059.007,technique_name=JavaScript", , ,DESKTOP-QGB4EQH\\mari,"[""Command and Scripting Interpreter"",""Ingress Tool Transfer""]","[""T1059"",""T1105""]","[""Execution"",""Command and Control""]", ,C:\\Users\\mari\\AppData\\Local\\Packages\\Microsoft.Windows.Search_cw5n1h2txyewy\\AC\\INetCache\\C4W3GX6O\\libs_svg-react_dist_SvgList_js.c68e8b9c0f267dc55338[1].js,41:07.1, , , , , , , , , , , , , , , , , , , , , , , , , , , , , , , , , , , , , , , , , , , , , , , , , , , , , , , , , , , , , , , , , , , , , , , , , , , , , , , , , , , , , , , , , , , , , , , , , , , , , , , , , , , , , , , , , , , , , , , , , , , , , 
wazuh-alerts-4.x-2024.12.10,e_RRspMBtNh2X6vnUd9L,1,1,192.168.117.136,window-agent3,3,Maryam, , , ,11,0x8000000000000000,{5770385f-c22a-43e0-bf4c-06f5698ffbd9},4,Microsoft-Windows-Sysmon/Operational,0,"""File created:
RuleName: technique_id=T1059.007,technique_name=JavaScript
UtcTime: 2024-12-10 17:41:07.572
ProcessGuid: {15959494-7d2b-6758-0702-000000000300}
ProcessId: 6836
Image: C:\Windows\SystemApps\Microsoft.Windows.Search_cw5n1h2txyewy\SearchApp.exe
TargetFilename: C:\Users\mari\AppData\Local\Packages\Microsoft.Windows.Search_cw5n1h2txyewy\AC\INetCache\6IYNEI2H\libs_sapphire-feed-bridge_dist_bridge_Https_js-libs_social-data-service_dist_service_SocialSe-0b63dd.bc1dc11f03b1baf10b5a[1].js
CreationUtcTime: 2024-12-10 17:41:07.572
User: DESKTOP-QGB4EQH\mari""",2,2024-12-10T17:41:07.5826134Z,8514,3880,DESKTOP-QGB4EQH,11,2624,INFORMATION,Microsoft-Windows-Sysmon,58,FALSE,6,Scripting file created under Windows Temp or User folder,"[""sysmon"",""sysmon_eid11_detections"",""windows""]",92200,windows_eventchannel,log,"Dec 10, 2024 @ 17:41:07.511",EventChannel,1733852467,"Dec 10, 2024 @ 17:41:07.511", , , , , , ,C:\\Windows\\SystemApps\\Microsoft.Windows.Search_cw5n1h2txyewy\\SearchApp.exe, , , , , , ,{15959494-7d2b-6758-0702-000000000300},6836,41:07.6, ,"technique_id=T1059.007,technique_name=JavaScript", , ,DESKTOP-QGB4EQH\\mari,"[""Command and Scripting Interpreter"",""Ingress Tool Transfer""]","[""T1059"",""T1105""]","[""Execution"",""Command and Control""]", ,C:\\Users\\mari\\AppData\\Local\\Packages\\Microsoft.Windows.Search_cw5n1h2txyewy\\AC\\INetCache\\6IYNEI2H\\libs_sapphire-feed-bridge_dist_bridge_Https_js-libs_social-data-service_dist_service_SocialSe-0b63dd.bc1dc11f03b1baf10b5a[1].js,41:07.6, , , , , , , , , , , , , , , , , , , , , , , , , , , , , , , , , , , , , , , , , , , , , , , , , , , , , , , , , , , , , , , , , , , , , , , , , , , , , , , , , , , , , , , , , , , , , , , , , , , , , , , , , , , , , , , , , , , , , , , , , , , , , 
wazuh-alerts-4.x-2024.12.10,fPRRspMBtNh2X6vnUd9L,1,1,192.168.117.136,window-agent3,3,Maryam, , , ,11,0x8000000000000000,{5770385f-c22a-43e0-bf4c-06f5698ffbd9},4,Microsoft-Windows-Sysmon/Operational,0,"""File created:
RuleName: technique_id=T1059.007,technique_name=JavaScript
UtcTime: 2024-12-10 17:41:07.650
ProcessGuid: {15959494-7d2b-6758-0702-000000000300}
ProcessId: 6836
Image: C:\Windows\SystemApps\Microsoft.Windows.Search_cw5n1h2txyewy\SearchApp.exe
TargetFilename: C:\Users\mari\AppData\Local\Packages\Microsoft.Windows.Search_cw5n1h2txyewy\AC\INetCache\6IYNEI2H\content-preview.5fb37f9b84e950c8cfd2[1].js
CreationUtcTime: 2024-12-10 17:41:07.650
User: DESKTOP-QGB4EQH\mari""",2,2024-12-10T17:41:07.6560664Z,8515,3880,DESKTOP-QGB4EQH,11,2624,INFORMATION,Microsoft-Windows-Sysmon,59,FALSE,6,Scripting file created under Windows Temp or User folder,"[""sysmon"",""sysmon_eid11_detections"",""windows""]",92200,windows_eventchannel,log,"Dec 10, 2024 @ 17:41:08.425",EventChannel,1733852468,"Dec 10, 2024 @ 17:41:08.425", , , , , , ,C:\\Windows\\SystemApps\\Microsoft.Windows.Search_cw5n1h2txyewy\\SearchApp.exe, , , , , , ,{15959494-7d2b-6758-0702-000000000300},6836,41:07.6, ,"technique_id=T1059.007,technique_name=JavaScript", , ,DESKTOP-QGB4EQH\\mari,"[""Command and Scripting Interpreter"",""Ingress Tool Transfer""]","[""T1059"",""T1105""]","[""Execution"",""Command and Control""]", ,C:\\Users\\mari\\AppData\\Local\\Packages\\Microsoft.Windows.Search_cw5n1h2txyewy\\AC\\INetCache\\6IYNEI2H\\content-preview.5fb37f9b84e950c8cfd2[1].js,41:07.6, , , , , , , , , , , , , , , , , , , , , , , , , , , , , , , , , , , , , , , , , , , , , , , , , , , , , , , , , , , , , , , , , , , , , , , , , , , , , , , , , , , , , , , , , , , , , , , , , , , , , , , , , , , , , , , , , , , , , , , , , , , , , 
wazuh-alerts-4.x-2024.12.10,fvRRspMBtNh2X6vnUd9L,1,1,192.168.117.136,window-agent3,3,Maryam, , , ,11,0x8000000000000000,{5770385f-c22a-43e0-bf4c-06f5698ffbd9},4,Microsoft-Windows-Sysmon/Operational,0,"""File created:
RuleName: technique_id=T1059.007,technique_name=JavaScript
UtcTime: 2024-12-10 17:41:07.780
ProcessGuid: {15959494-7d2b-6758-0702-000000000300}
ProcessId: 6836
Image: C:\Windows\SystemApps\Microsoft.Windows.Search_cw5n1h2txyewy\SearchApp.exe
TargetFilename: C:\Users\mari\AppData\Local\Packages\Microsoft.Windows.Search_cw5n1h2txyewy\AC\INetCache\9F2F9MHX\experiences_windows-shell-content-preview_dist_WindowsShellContentPreview_constants_js-experi-3c43a7.b6d28d485e02104f607a[1].js
CreationUtcTime: 2024-12-10 17:41:07.780
User: DESKTOP-QGB4EQH\mari""",2,2024-12-10T17:41:07.7806711Z,8517,3880,DESKTOP-QGB4EQH,11,2624,INFORMATION,Microsoft-Windows-Sysmon,61,FALSE,6,Scripting file created under Windows Temp or User folder,"[""sysmon"",""sysmon_eid11_detections"",""windows""]",92200,windows_eventchannel,log,"Dec 10, 2024 @ 17:41:08.433",EventChannel,1733852468,"Dec 10, 2024 @ 17:41:08.433", , , , , , ,C:\\Windows\\SystemApps\\Microsoft.Windows.Search_cw5n1h2txyewy\\SearchApp.exe, , , , , , ,{15959494-7d2b-6758-0702-000000000300},6836,41:07.8, ,"technique_id=T1059.007,technique_name=JavaScript", , ,DESKTOP-QGB4EQH\\mari,"[""Command and Scripting Interpreter"",""Ingress Tool Transfer""]","[""T1059"",""T1105""]","[""Execution"",""Command and Control""]", ,C:\\Users\\mari\\AppData\\Local\\Packages\\Microsoft.Windows.Search_cw5n1h2txyewy\\AC\\INetCache\\9F2F9MHX\\experiences_windows-shell-content-preview_dist_WindowsShellContentPreview_constants_js-experi-3c43a7.b6d28d485e02104f607a[1].js,41:07.8, , , , , , , , , , , , , , , , , , , , , , , , , , , , , , , , , , , , , , , , , , , , , , , , , , , , , , , , , , , , , , , , , , , , , , , , , , , , , , , , , , , , , , , , , , , , , , , , , , , , , , , , , , , , , , , , , , , , , , , , , , , , , 
wazuh-alerts-4.x-2024.12.10,gPRRspMBtNh2X6vnUd9L,1,1,192.168.117.136,window-agent3,3,Maryam, , , ,11,0x8000000000000000,{5770385f-c22a-43e0-bf4c-06f5698ffbd9},4,Microsoft-Windows-Sysmon/Operational,0,"""File created:
RuleName: technique_id=T1059.007,technique_name=JavaScript
UtcTime: 2024-12-10 17:41:07.834
ProcessGuid: {15959494-7d2b-6758-0702-000000000300}
ProcessId: 6836
Image: C:\Windows\SystemApps\Microsoft.Windows.Search_cw5n1h2txyewy\SearchApp.exe
TargetFilename: C:\Users\mari\AppData\Local\Packages\Microsoft.Windows.Search_cw5n1h2txyewy\AC\INetCache\C4W3GX6O\my-brief-river-card.ef969a73e7893febe5d8[1].js
CreationUtcTime: 2024-12-10 17:41:07.834
User: DESKTOP-QGB4EQH\mari""",2,2024-12-10T17:41:07.8356963Z,8519,3880,DESKTOP-QGB4EQH,11,2624,INFORMATION,Microsoft-Windows-Sysmon,63,FALSE,6,Scripting file created under Windows Temp or User folder,"[""sysmon"",""sysmon_eid11_detections"",""windows""]",92200,windows_eventchannel,log,"Dec 10, 2024 @ 17:41:08.464",EventChannel,1733852468,"Dec 10, 2024 @ 17:41:08.464", , , , , , ,C:\\Windows\\SystemApps\\Microsoft.Windows.Search_cw5n1h2txyewy\\SearchApp.exe, , , , , , ,{15959494-7d2b-6758-0702-000000000300},6836,41:07.8, ,"technique_id=T1059.007,technique_name=JavaScript", , ,DESKTOP-QGB4EQH\\mari,"[""Command and Scripting Interpreter"",""Ingress Tool Transfer""]","[""T1059"",""T1105""]","[""Execution"",""Command and Control""]", ,C:\\Users\\mari\\AppData\\Local\\Packages\\Microsoft.Windows.Search_cw5n1h2txyewy\\AC\\INetCache\\C4W3GX6O\\my-brief-river-card.ef969a73e7893febe5d8[1].js,41:07.8, , , , , , , , , , , , , , , , , , , , , , , , , , , , , , , , , , , , , , , , , , , , , , , , , , , , , , , , , , , , , , , , , , , , , , , , , , , , , , , , , , , , , , , , , , , , , , , , , , , , , , , , , , , , , , , , , , , , , , , , , , , , , 
wazuh-alerts-4.x-2024.12.10,g_RRspMBtNh2X6vnUd9L,1,1,192.168.117.136,window-agent3,3,Maryam, , , ,11,0x8000000000000000,{5770385f-c22a-43e0-bf4c-06f5698ffbd9},4,Microsoft-Windows-Sysmon/Operational,0,"""File created:
RuleName: technique_id=T1059.007,technique_name=JavaScript
UtcTime: 2024-12-10 17:41:08.072
ProcessGuid: {15959494-7d2b-6758-0702-000000000300}
ProcessId: 6836
Image: C:\Windows\SystemApps\Microsoft.Windows.Search_cw5n1h2txyewy\SearchApp.exe
TargetFilename: C:\Users\mari\AppData\Local\Packages\Microsoft.Windows.Search_cw5n1h2txyewy\AC\INetCache\76M51ZML\weather-info-card.7e2b92738f281811be81[2].js
CreationUtcTime: 2024-12-10 17:41:08.072
User: DESKTOP-QGB4EQH\mari""",2,2024-12-10T17:41:08.0876127Z,8522,3880,DESKTOP-QGB4EQH,11,2624,INFORMATION,Microsoft-Windows-Sysmon,66,FALSE,6,Scripting file created under Windows Temp or User folder,"[""sysmon"",""sysmon_eid11_detections"",""windows""]",92200,windows_eventchannel,log,"Dec 10, 2024 @ 17:41:08.511",EventChannel,1733852468,"Dec 10, 2024 @ 17:41:08.511", , , , , , ,C:\\Windows\\SystemApps\\Microsoft.Windows.Search_cw5n1h2txyewy\\SearchApp.exe, , , , , , ,{15959494-7d2b-6758-0702-000000000300},6836,41:08.1, ,"technique_id=T1059.007,technique_name=JavaScript", , ,DESKTOP-QGB4EQH\\mari,"[""Command and Scripting Interpreter"",""Ingress Tool Transfer""]","[""T1059"",""T1105""]","[""Execution"",""Command and Control""]", ,C:\\Users\\mari\\AppData\\Local\\Packages\\Microsoft.Windows.Search_cw5n1h2txyewy\\AC\\INetCache\\76M51ZML\\weather-info-card.7e2b92738f281811be81[2].js,41:08.1, , , , , , , , , , , , , , , , , , , , , , , , , , , , , , , , , , , , , , , , , , , , , , , , , , , , , , , , , , , , , , , , , , , , , , , , , , , , , , , , , , , , , , , , , , , , , , , , , , , , , , , , , , , , , , , , , , , , , , , , , , , , , 
wazuh-alerts-4.x-2024.12.10,hPRRspMBtNh2X6vnUd9L,1,1,192.168.117.136,window-agent3,3,Maryam, , , ,11,0x8000000000000000,{5770385f-c22a-43e0-bf4c-06f5698ffbd9},4,Microsoft-Windows-Sysmon/Operational,0,"""File created:
RuleName: technique_id=T1059.007,technique_name=JavaScript
UtcTime: 2024-12-10 17:41:08.166
ProcessGuid: {15959494-7d2b-6758-0702-000000000300}
ProcessId: 6836
Image: C:\Windows\SystemApps\Microsoft.Windows.Search_cw5n1h2txyewy\SearchApp.exe
TargetFilename: C:\Users\mari\AppData\Local\Packages\Microsoft.Windows.Search_cw5n1h2txyewy\AC\INetCache\9F2F9MHX\sports-common.d8cc7950341ae9220228[1].js
CreationUtcTime: 2024-12-10 17:41:08.166
User: DESKTOP-QGB4EQH\mari""",2,2024-12-10T17:41:08.1688308Z,8523,3880,DESKTOP-QGB4EQH,11,2624,INFORMATION,Microsoft-Windows-Sysmon,67,FALSE,6,Scripting file created under Windows Temp or User folder,"[""sysmon"",""sysmon_eid11_detections"",""windows""]",92200,windows_eventchannel,log,"Dec 10, 2024 @ 17:41:08.526",EventChannel,1733852468,"Dec 10, 2024 @ 17:41:08.526", , , , , , ,C:\\Windows\\SystemApps\\Microsoft.Windows.Search_cw5n1h2txyewy\\SearchApp.exe, , , , , , ,{15959494-7d2b-6758-0702-000000000300},6836,41:08.2, ,"technique_id=T1059.007,technique_name=JavaScript", , ,DESKTOP-QGB4EQH\\mari,"[""Command and Scripting Interpreter"",""Ingress Tool Transfer""]","[""T1059"",""T1105""]","[""Execution"",""Command and Control""]", ,C:\\Users\\mari\\AppData\\Local\\Packages\\Microsoft.Windows.Search_cw5n1h2txyewy\\AC\\INetCache\\9F2F9MHX\\sports-common.d8cc7950341ae9220228[1].js,41:08.2, , , , , , , , , , , , , , , , , , , , , , , , , , , , , , , , , , , , , , , , , , , , , , , , , , , , , , , , , , , , , , , , , , , , , , , , , , , , , , , , , , , , , , , , , , , , , , , , , , , , , , , , , , , , , , , , , , , , , , , , , , , , , 
wazuh-alerts-4.x-2024.12.10,h_RRspMBtNh2X6vnUd9L,1,1,192.168.117.136,window-agent3,3,Maryam, , , ,11,0x8000000000000000,{5770385f-c22a-43e0-bf4c-06f5698ffbd9},4,Microsoft-Windows-Sysmon/Operational,0,"""File created:
RuleName: technique_id=T1059.007,technique_name=JavaScript
UtcTime: 2024-12-10 17:41:08.385
ProcessGuid: {15959494-7d2b-6758-0702-000000000300}
ProcessId: 6836
Image: C:\Windows\SystemApps\Microsoft.Windows.Search_cw5n1h2txyewy\SearchApp.exe
TargetFilename: C:\Users\mari\AppData\Local\Packages\Microsoft.Windows.Search_cw5n1h2txyewy\AC\INetCache\6IYNEI2H\esports-casual-games-card.8a030bb2ba3662446cb0[1].js
CreationUtcTime: 2024-12-10 17:41:08.385
User: DESKTOP-QGB4EQH\mari""",2,2024-12-10T17:41:08.3870438Z,8526,3880,DESKTOP-QGB4EQH,11,2624,INFORMATION,Microsoft-Windows-Sysmon,70,FALSE,6,Scripting file created under Windows Temp or User folder,"[""sysmon"",""sysmon_eid11_detections"",""windows""]",92200,windows_eventchannel,log,"Dec 10, 2024 @ 17:41:08.573",EventChannel,1733852468,"Dec 10, 2024 @ 17:41:08.573", , , , , , ,C:\\Windows\\SystemApps\\Microsoft.Windows.Search_cw5n1h2txyewy\\SearchApp.exe, , , , , , ,{15959494-7d2b-6758-0702-000000000300},6836,41:08.4, ,"technique_id=T1059.007,technique_name=JavaScript", , ,DESKTOP-QGB4EQH\\mari,"[""Command and Scripting Interpreter"",""Ingress Tool Transfer""]","[""T1059"",""T1105""]","[""Execution"",""Command and Control""]", ,C:\\Users\\mari\\AppData\\Local\\Packages\\Microsoft.Windows.Search_cw5n1h2txyewy\\AC\\INetCache\\6IYNEI2H\\esports-casual-games-card.8a030bb2ba3662446cb0[1].js,41:08.4, , , , , , , , , , , , , , , , , , , , , , , , , , , , , , , , , , , , , , , , , , , , , , , , , , , , , , , , , , , , , , , , , , , , , , , , , , , , , , , , , , , , , , , , , , , , , , , , , , , , , , , , , , , , , , , , , , , , , , , , , , , , , 
wazuh-alerts-4.x-2024.12.10,iPRRspMBtNh2X6vnUd9L,1,1,192.168.117.136,window-agent3,3,Maryam, , , ,11,0x8000000000000000,{5770385f-c22a-43e0-bf4c-06f5698ffbd9},4,Microsoft-Windows-Sysmon/Operational,0,"""File created:
RuleName: technique_id=T1059.007,technique_name=JavaScript
UtcTime: 2024-12-10 17:41:08.603
ProcessGuid: {15959494-7d2b-6758-0702-000000000300}
ProcessId: 6836
Image: C:\Windows\SystemApps\Microsoft.Windows.Search_cw5n1h2txyewy\SearchApp.exe
TargetFilename: C:\Users\mari\AppData\Local\Packages\Microsoft.Windows.Search_cw5n1h2txyewy\AC\INetCache\6IYNEI2H\experiences_windows-shell-pulse_dist_index_js.c7206b208fb154788a16[1].js
CreationUtcTime: 2024-12-10 17:41:08.603
User: DESKTOP-QGB4EQH\mari""",2,2024-12-10T17:41:08.6074150Z,8527,3880,DESKTOP-QGB4EQH,11,2624,INFORMATION,Microsoft-Windows-Sysmon,71,FALSE,6,Scripting file created under Windows Temp or User folder,"[""sysmon"",""sysmon_eid11_detections"",""windows""]",92200,windows_eventchannel,log,"Dec 10, 2024 @ 17:41:08.589",EventChannel,1733852468,"Dec 10, 2024 @ 17:41:08.589", , , , , , ,C:\\Windows\\SystemApps\\Microsoft.Windows.Search_cw5n1h2txyewy\\SearchApp.exe, , , , , , ,{15959494-7d2b-6758-0702-000000000300},6836,41:08.6, ,"technique_id=T1059.007,technique_name=JavaScript", , ,DESKTOP-QGB4EQH\\mari,"[""Command and Scripting Interpreter"",""Ingress Tool Transfer""]","[""T1059"",""T1105""]","[""Execution"",""Command and Control""]", ,C:\\Users\\mari\\AppData\\Local\\Packages\\Microsoft.Windows.Search_cw5n1h2txyewy\\AC\\INetCache\\6IYNEI2H\\experiences_windows-shell-pulse_dist_index_js.c7206b208fb154788a16[1].js,41:08.6, , , , , , , , , , , , , , , , , , , , , , , , , , , , , , , , , , , , , , , , , , , , , , , , , , , , , , , , , , , , , , , , , , , , , , , , , , , , , , , , , , , , , , , , , , , , , , , , , , , , , , , , , , , , , , , , , , , , , , , , , , , , , 
wazuh-alerts-4.x-2024.12.10,jPRRspMBtNh2X6vnUd9L,1,1,192.168.117.136,window-agent3,3,Maryam, , , ,11,0x8000000000000000,{5770385f-c22a-43e0-bf4c-06f5698ffbd9},4,Microsoft-Windows-Sysmon/Operational,0,"""File created:
RuleName: technique_id=T1059.007,technique_name=JavaScript
UtcTime: 2024-12-10 17:41:08.978
ProcessGuid: {15959494-7d2b-6758-0702-000000000300}
ProcessId: 6836
Image: C:\Windows\SystemApps\Microsoft.Windows.Search_cw5n1h2txyewy\SearchApp.exe
TargetFilename: C:\Users\mari\AppData\Local\Packages\Microsoft.Windows.Search_cw5n1h2txyewy\AC\INetCache\9F2F9MHX\components_weather-mini-map_dist_WeatherMiniMap_js-experiences_weather-info-card_dist_forecas-95a364.a58aef031c32b7d16b1a[1].js
CreationUtcTime: 2024-12-10 17:41:08.978
User: DESKTOP-QGB4EQH\mari""",2,2024-12-10T17:41:08.9806740Z,8531,3880,DESKTOP-QGB4EQH,11,2624,INFORMATION,Microsoft-Windows-Sysmon,75,FALSE,6,Scripting file created under Windows Temp or User folder,"[""sysmon"",""sysmon_eid11_detections"",""windows""]",92200,windows_eventchannel,log,"Dec 10, 2024 @ 17:41:09.526",EventChannel,1733852469,"Dec 10, 2024 @ 17:41:09.526", , , , , , ,C:\\Windows\\SystemApps\\Microsoft.Windows.Search_cw5n1h2txyewy\\SearchApp.exe, , , , , , ,{15959494-7d2b-6758-0702-000000000300},6836,41:09.0, ,"technique_id=T1059.007,technique_name=JavaScript", , ,DESKTOP-QGB4EQH\\mari,"[""Command and Scripting Interpreter"",""Ingress Tool Transfer""]","[""T1059"",""T1105""]","[""Execution"",""Command and Control""]", ,C:\\Users\\mari\\AppData\\Local\\Packages\\Microsoft.Windows.Search_cw5n1h2txyewy\\AC\\INetCache\\9F2F9MHX\\components_weather-mini-map_dist_WeatherMiniMap_js-experiences_weather-info-card_dist_forecas-95a364.a58aef031c32b7d16b1a[1].js,41:09.0, , , , , , , , , , , , , , , , , , , , , , , , , , , , , , , , , , , , , , , , , , , , , , , , , , , , , , , , , , , , , , , , , , , , , , , , , , , , , , , , , , , , , , , , , , , , , , , , , , , , , , , , , , , , , , , , , , , , , , , , , , , , , 
wazuh-alerts-4.x-2024.12.10,kPRRspMBtNh2X6vnUd9L,1,1,192.168.117.136,window-agent3,3,Maryam, , , ,11,0x8000000000000000,{5770385f-c22a-43e0-bf4c-06f5698ffbd9},4,Microsoft-Windows-Sysmon/Operational,0,"""File created:
RuleName: technique_id=T1059.007,technique_name=JavaScript
UtcTime: 2024-12-10 17:41:09.759
ProcessGuid: {15959494-7d2b-6758-0702-000000000300}
ProcessId: 6836
Image: C:\Windows\SystemApps\Microsoft.Windows.Search_cw5n1h2txyewy\SearchApp.exe
TargetFilename: C:\Users\mari\AppData\Local\Packages\Microsoft.Windows.Search_cw5n1h2txyewy\AC\INetCache\C4W3GX6O\svg-cn.b7a12fc40c5a87dd348a[1].js
CreationUtcTime: 2024-12-10 17:41:09.759
User: DESKTOP-QGB4EQH\mari""",2,2024-12-10T17:41:09.7645873Z,8535,3880,DESKTOP-QGB4EQH,11,2624,INFORMATION,Microsoft-Windows-Sysmon,79,FALSE,6,Scripting file created under Windows Temp or User folder,"[""sysmon"",""sysmon_eid11_detections"",""windows""]",92200,windows_eventchannel,log,"Dec 10, 2024 @ 17:41:10.514",EventChannel,1733852470,"Dec 10, 2024 @ 17:41:10.514", , , , , , ,C:\\Windows\\SystemApps\\Microsoft.Windows.Search_cw5n1h2txyewy\\SearchApp.exe, , , , , , ,{15959494-7d2b-6758-0702-000000000300},6836,41:09.8, ,"technique_id=T1059.007,technique_name=JavaScript", , ,DESKTOP-QGB4EQH\\mari,"[""Command and Scripting Interpreter"",""Ingress Tool Transfer""]","[""T1059"",""T1105""]","[""Execution"",""Command and Control""]", ,C:\\Users\\mari\\AppData\\Local\\Packages\\Microsoft.Windows.Search_cw5n1h2txyewy\\AC\\INetCache\\C4W3GX6O\\svg-cn.b7a12fc40c5a87dd348a[1].js,41:09.8, , , , , , , , , , , , , , , , , , , , , , , , , , , , , , , , , , , , , , , , , , , , , , , , , , , , , , , , , , , , , , , , , , , , , , , , , , , , , , , , , , , , , , , , , , , , , , , , , , , , , , , , , , , , , , , , , , , , , , , , , , , , , 
wazuh-alerts-4.x-2024.12.10,nfRRspMBtNh2X6vnUd-Q,1,1,192.168.117.136,window-agent3,3,Maryam, , , ,11,0x8000000000000000,{5770385f-c22a-43e0-bf4c-06f5698ffbd9},4,Microsoft-Windows-Sysmon/Operational,0,"""File created:
RuleName: technique_id=T1059.007,technique_name=JavaScript
UtcTime: 2024-12-10 17:41:15.159
ProcessGuid: {15959494-7d2b-6758-0702-000000000300}
ProcessId: 6836
Image: C:\Windows\SystemApps\Microsoft.Windows.Search_cw5n1h2txyewy\SearchApp.exe
TargetFilename: C:\Users\mari\AppData\Local\Packages\Microsoft.Windows.Search_cw5n1h2txyewy\AC\INetCache\C4W3GX6O\money_single-quote-page-date-filter.aa1aafbfe33013a42ac0[1].js
CreationUtcTime: 2024-12-10 17:41:15.159
User: DESKTOP-QGB4EQH\mari""",2,2024-12-10T17:41:15.1640302Z,8547,3880,DESKTOP-QGB4EQH,11,2624,INFORMATION,Microsoft-Windows-Sysmon,92,FALSE,6,Scripting file created under Windows Temp or User folder,"[""sysmon"",""sysmon_eid11_detections"",""windows""]",92200,windows_eventchannel,log,"Dec 10, 2024 @ 17:41:15.921",EventChannel,1733852475,"Dec 10, 2024 @ 17:41:15.921", , , , , , ,C:\\Windows\\SystemApps\\Microsoft.Windows.Search_cw5n1h2txyewy\\SearchApp.exe, , , , , , ,{15959494-7d2b-6758-0702-000000000300},6836,41:15.2, ,"technique_id=T1059.007,technique_name=JavaScript", , ,DESKTOP-QGB4EQH\\mari,"[""Command and Scripting Interpreter"",""Ingress Tool Transfer""]","[""T1059"",""T1105""]","[""Execution"",""Command and Control""]", ,C:\\Users\\mari\\AppData\\Local\\Packages\\Microsoft.Windows.Search_cw5n1h2txyewy\\AC\\INetCache\\C4W3GX6O\\money_single-quote-page-date-filter.aa1aafbfe33013a42ac0[1].js,41:15.2, , , , , , , , , , , , , , , , , , , , , , , , , , , , , , , , , , , , , , , , , , , , , , , , , , , , , , , , , , , , , , , , , , , , , , , , , , , , , , , , , , , , , , , , , , , , , , , , , , , , , , , , , , , , , , , , , , , , , , , , , , , , , 
wazuh-alerts-4.x-2024.12.10,nvRRspMBtNh2X6vnUd-Q,1,1,192.168.117.136,window-agent3,3,Maryam, , , ,11,0x8000000000000000,{5770385f-c22a-43e0-bf4c-06f5698ffbd9},4,Microsoft-Windows-Sysmon/Operational,0,"""File created:
RuleName: technique_id=T1059.007,technique_name=JavaScript
UtcTime: 2024-12-10 17:41:15.163
ProcessGuid: {15959494-7d2b-6758-0702-000000000300}
ProcessId: 6836
Image: C:\Windows\SystemApps\Microsoft.Windows.Search_cw5n1h2txyewy\SearchApp.exe
TargetFilename: C:\Users\mari\AppData\Local\Packages\Microsoft.Windows.Search_cw5n1h2txyewy\AC\INetCache\C4W3GX6O\money_single-quote-page.5662d8c80a630dc457f3[1].js
CreationUtcTime: 2024-12-10 17:41:15.163
User: DESKTOP-QGB4EQH\mari""",2,2024-12-10T17:41:15.1640764Z,8549,3880,DESKTOP-QGB4EQH,11,2624,INFORMATION,Microsoft-Windows-Sysmon,93,FALSE,6,Scripting file created under Windows Temp or User folder,"[""sysmon"",""sysmon_eid11_detections"",""windows""]",92200,windows_eventchannel,log,"Dec 10, 2024 @ 17:41:15.931",EventChannel,1733852475,"Dec 10, 2024 @ 17:41:15.931", , , , , , ,C:\\Windows\\SystemApps\\Microsoft.Windows.Search_cw5n1h2txyewy\\SearchApp.exe, , , , , , ,{15959494-7d2b-6758-0702-000000000300},6836,41:15.2, ,"technique_id=T1059.007,technique_name=JavaScript", , ,DESKTOP-QGB4EQH\\mari,"[""Command and Scripting Interpreter"",""Ingress Tool Transfer""]","[""T1059"",""T1105""]","[""Execution"",""Command and Control""]", ,C:\\Users\\mari\\AppData\\Local\\Packages\\Microsoft.Windows.Search_cw5n1h2txyewy\\AC\\INetCache\\C4W3GX6O\\money_single-quote-page.5662d8c80a630dc457f3[1].js,41:15.2, , , , , , , , , , , , , , , , , , , , , , , , , , , , , , , , , , , , , , , , , , , , , , , , , , , , , , , , , , , , , , , , , , , , , , , , , , , , , , , , , , , , , , , , , , , , , , , , , , , , , , , , , , , , , , , , , , , , , , , , , , , , , 
wazuh-alerts-4.x-2024.12.10,n_RRspMBtNh2X6vnUd-Q,1,1,192.168.117.136,window-agent3,3,Maryam, , , ,11,0x8000000000000000,{5770385f-c22a-43e0-bf4c-06f5698ffbd9},4,Microsoft-Windows-Sysmon/Operational,0,"""File created:
RuleName: technique_id=T1059.007,technique_name=JavaScript
UtcTime: 2024-12-10 17:41:15.680
ProcessGuid: {15959494-7d2b-6758-0702-000000000300}
ProcessId: 6836
Image: C:\Windows\SystemApps\Microsoft.Windows.Search_cw5n1h2txyewy\SearchApp.exe
TargetFilename: C:\Users\mari\AppData\Local\Packages\Microsoft.Windows.Search_cw5n1h2txyewy\AC\INetCache\9F2F9MHX\money_finance-service-library.fc7d1939a8092c25d6e0[1].js
CreationUtcTime: 2024-12-10 17:41:15.680
User: DESKTOP-QGB4EQH\mari""",2,2024-12-10T17:41:15.7050862Z,8551,3880,DESKTOP-QGB4EQH,11,2624,INFORMATION,Microsoft-Windows-Sysmon,94,FALSE,6,Scripting file created under Windows Temp or User folder,"[""sysmon"",""sysmon_eid11_detections"",""windows""]",92200,windows_eventchannel,log,"Dec 10, 2024 @ 17:41:15.963",EventChannel,1733852475,"Dec 10, 2024 @ 17:41:15.963", , , , , , ,C:\\Windows\\SystemApps\\Microsoft.Windows.Search_cw5n1h2txyewy\\SearchApp.exe, , , , , , ,{15959494-7d2b-6758-0702-000000000300},6836,41:15.7, ,"technique_id=T1059.007,technique_name=JavaScript", , ,DESKTOP-QGB4EQH\\mari,"[""Command and Scripting Interpreter"",""Ingress Tool Transfer""]","[""T1059"",""T1105""]","[""Execution"",""Command and Control""]", ,C:\\Users\\mari\\AppData\\Local\\Packages\\Microsoft.Windows.Search_cw5n1h2txyewy\\AC\\INetCache\\9F2F9MHX\\money_finance-service-library.fc7d1939a8092c25d6e0[1].js,41:15.7, , , , , , , , , , , , , , , , , , , , , , , , , , , , , , , , , , , , , , , , , , , , , , , , , , , , , , , , , , , , , , , , , , , , , , , , , , , , , , , , , , , , , , , , , , , , , , , , , , , , , , , , , , , , , , , , , , , , , , , , , , , , , 
wazuh-alerts-4.x-2024.12.10,ofRRspMBtNh2X6vnUd-Q,1,1,192.168.117.136,window-agent3,3,Maryam, , , ,11,0x8000000000000000,{5770385f-c22a-43e0-bf4c-06f5698ffbd9},4,Microsoft-Windows-Sysmon/Operational,0,"""File created:
RuleName: technique_id=T1059.007,technique_name=JavaScript
UtcTime: 2024-12-10 17:41:15.680
ProcessGuid: {15959494-7d2b-6758-0702-000000000300}
ProcessId: 6836
Image: C:\Windows\SystemApps\Microsoft.Windows.Search_cw5n1h2txyewy\SearchApp.exe
TargetFilename: C:\Users\mari\AppData\Local\Packages\Microsoft.Windows.Search_cw5n1h2txyewy\AC\INetCache\9F2F9MHX\libs_finance-service-library_dist_FinanceServices_js.6b06533da50979619244[1].js
CreationUtcTime: 2024-12-10 17:41:15.680
User: DESKTOP-QGB4EQH\mari""",2,2024-12-10T17:41:15.7051213Z,8552,3880,DESKTOP-QGB4EQH,11,2624,INFORMATION,Microsoft-Windows-Sysmon,96,FALSE,6,Scripting file created under Windows Temp or User folder,"[""sysmon"",""sysmon_eid11_detections"",""windows""]",92200,windows_eventchannel,log,"Dec 10, 2024 @ 17:41:15.995",EventChannel,1733852475,"Dec 10, 2024 @ 17:41:15.995", , , , , , ,C:\\Windows\\SystemApps\\Microsoft.Windows.Search_cw5n1h2txyewy\\SearchApp.exe, , , , , , ,{15959494-7d2b-6758-0702-000000000300},6836,41:15.7, ,"technique_id=T1059.007,technique_name=JavaScript", , ,DESKTOP-QGB4EQH\\mari,"[""Command and Scripting Interpreter"",""Ingress Tool Transfer""]","[""T1059"",""T1105""]","[""Execution"",""Command and Control""]", ,C:\\Users\\mari\\AppData\\Local\\Packages\\Microsoft.Windows.Search_cw5n1h2txyewy\\AC\\INetCache\\9F2F9MHX\\libs_finance-service-library_dist_FinanceServices_js.6b06533da50979619244[1].js,41:15.7, , , , , , , , , , , , , , , , , , , , , , , , , , , , , , , , , , , , , , , , , , , , , , , , , , , , , , , , , , , , , , , , , , , , , , , , , , , , , , , , , , , , , , , , , , , , , , , , , , , , , , , , , , , , , , , , , , , , , , , , , , , , , 
wazuh-alerts-4.x-2024.12.10,ovRRspMBtNh2X6vnUd-Q,1,1,192.168.117.136,window-agent3,3,Maryam, , , ,11,0x8000000000000000,{5770385f-c22a-43e0-bf4c-06f5698ffbd9},4,Microsoft-Windows-Sysmon/Operational,0,"""File created:
RuleName: technique_id=T1059.007,technique_name=JavaScript
UtcTime: 2024-12-10 17:41:15.684
ProcessGuid: {15959494-7d2b-6758-0702-000000000300}
ProcessId: 6836
Image: C:\Windows\SystemApps\Microsoft.Windows.Search_cw5n1h2txyewy\SearchApp.exe
TargetFilename: C:\Users\mari\AppData\Local\Packages\Microsoft.Windows.Search_cw5n1h2txyewy\AC\INetCache\9F2F9MHX\finance-service-library.7b247755d2d7601dcb85[1].js
CreationUtcTime: 2024-12-10 17:41:15.684
User: DESKTOP-QGB4EQH\mari""",2,2024-12-10T17:41:15.7052048Z,8553,3880,DESKTOP-QGB4EQH,11,2624,INFORMATION,Microsoft-Windows-Sysmon,97,FALSE,6,Scripting file created under Windows Temp or User folder,"[""sysmon"",""sysmon_eid11_detections"",""windows""]",92200,windows_eventchannel,log,"Dec 10, 2024 @ 17:41:15.995",EventChannel,1733852475,"Dec 10, 2024 @ 17:41:15.995", , , , , , ,C:\\Windows\\SystemApps\\Microsoft.Windows.Search_cw5n1h2txyewy\\SearchApp.exe, , , , , , ,{15959494-7d2b-6758-0702-000000000300},6836,41:15.7, ,"technique_id=T1059.007,technique_name=JavaScript", , ,DESKTOP-QGB4EQH\\mari,"[""Command and Scripting Interpreter"",""Ingress Tool Transfer""]","[""T1059"",""T1105""]","[""Execution"",""Command and Control""]", ,C:\\Users\\mari\\AppData\\Local\\Packages\\Microsoft.Windows.Search_cw5n1h2txyewy\\AC\\INetCache\\9F2F9MHX\\finance-service-library.7b247755d2d7601dcb85[1].js,41:15.7, , , , , , , , , , , , , , , , , , , , , , , , , , , , , , , , , , , , , , , , , , , , , , , , , , , , , , , , , , , , , , , , , , , , , , , , , , , , , , , , , , , , , , , , , , , , , , , , , , , , , , , , , , , , , , , , , , , , , , , , , , , , , 
wazuh-alerts-4.x-2024.12.10,o_RRspMBtNh2X6vnUd-Q,1,1,192.168.117.136,window-agent3,3,Maryam, , , ,11,0x8000000000000000,{5770385f-c22a-43e0-bf4c-06f5698ffbd9},4,Microsoft-Windows-Sysmon/Operational,0,"""File created:
RuleName: technique_id=T1059.007,technique_name=JavaScript
UtcTime: 2024-12-10 17:41:15.688
ProcessGuid: {15959494-7d2b-6758-0702-000000000300}
ProcessId: 6836
Image: C:\Windows\SystemApps\Microsoft.Windows.Search_cw5n1h2txyewy\SearchApp.exe
TargetFilename: C:\Users\mari\AppData\Local\Packages\Microsoft.Windows.Search_cw5n1h2txyewy\AC\INetCache\9F2F9MHX\libs_experiences-base_dist_utilities_StringExtensions_js-libs_finance-service-library_dist_co-59ae8f.bd3ad5420f5d16e3a629[1].js
CreationUtcTime: 2024-12-10 17:41:15.688
User: DESKTOP-QGB4EQH\mari""",2,2024-12-10T17:41:15.7052522Z,8555,3880,DESKTOP-QGB4EQH,11,2624,INFORMATION,Microsoft-Windows-Sysmon,98,FALSE,6,Scripting file created under Windows Temp or User folder,"[""sysmon"",""sysmon_eid11_detections"",""windows""]",92200,windows_eventchannel,log,"Dec 10, 2024 @ 17:41:16.028",EventChannel,1733852476,"Dec 10, 2024 @ 17:41:16.028", , , , , , ,C:\\Windows\\SystemApps\\Microsoft.Windows.Search_cw5n1h2txyewy\\SearchApp.exe, , , , , , ,{15959494-7d2b-6758-0702-000000000300},6836,41:15.7, ,"technique_id=T1059.007,technique_name=JavaScript", , ,DESKTOP-QGB4EQH\\mari,"[""Command and Scripting Interpreter"",""Ingress Tool Transfer""]","[""T1059"",""T1105""]","[""Execution"",""Command and Control""]", ,C:\\Users\\mari\\AppData\\Local\\Packages\\Microsoft.Windows.Search_cw5n1h2txyewy\\AC\\INetCache\\9F2F9MHX\\libs_experiences-base_dist_utilities_StringExtensions_js-libs_finance-service-library_dist_co-59ae8f.bd3ad5420f5d16e3a629[1].js,41:15.7, , , , , , , , , , , , , , , , , , , , , , , , , , , , , , , , , , , , , , , , , , , , , , , , , , , , , , , , , , , , , , , , , , , , , , , , , , , , , , , , , , , , , , , , , , , , , , , , , , , , , , , , , , , , , , , , , , , , , , , , , , , , , 
wazuh-alerts-4.x-2024.12.10,pPRRspMBtNh2X6vnUd-Q,1,1,192.168.117.136,window-agent3,3,Maryam, , , ,11,0x8000000000000000,{5770385f-c22a-43e0-bf4c-06f5698ffbd9},4,Microsoft-Windows-Sysmon/Operational,0,"""File created:
RuleName: technique_id=T1059.007,technique_name=JavaScript
UtcTime: 2024-12-10 17:41:15.688
ProcessGuid: {15959494-7d2b-6758-0702-000000000300}
ProcessId: 6836
Image: C:\Windows\SystemApps\Microsoft.Windows.Search_cw5n1h2txyewy\SearchApp.exe
TargetFilename: C:\Users\mari\AppData\Local\Packages\Microsoft.Windows.Search_cw5n1h2txyewy\AC\INetCache\9F2F9MHX\money_flash-news-page.956436c7fcd5b6f52e29[1].js
CreationUtcTime: 2024-12-10 17:41:15.688
User: DESKTOP-QGB4EQH\mari""",2,2024-12-10T17:41:15.7052253Z,8554,3880,DESKTOP-QGB4EQH,11,2624,INFORMATION,Microsoft-Windows-Sysmon,99,FALSE,6,Scripting file created under Windows Temp or User folder,"[""sysmon"",""sysmon_eid11_detections"",""windows""]",92200,windows_eventchannel,log,"Dec 10, 2024 @ 17:41:16.028",EventChannel,1733852476,"Dec 10, 2024 @ 17:41:16.028", , , , , , ,C:\\Windows\\SystemApps\\Microsoft.Windows.Search_cw5n1h2txyewy\\SearchApp.exe, , , , , , ,{15959494-7d2b-6758-0702-000000000300},6836,41:15.7, ,"technique_id=T1059.007,technique_name=JavaScript", , ,DESKTOP-QGB4EQH\\mari,"[""Command and Scripting Interpreter"",""Ingress Tool Transfer""]","[""T1059"",""T1105""]","[""Execution"",""Command and Control""]", ,C:\\Users\\mari\\AppData\\Local\\Packages\\Microsoft.Windows.Search_cw5n1h2txyewy\\AC\\INetCache\\9F2F9MHX\\money_flash-news-page.956436c7fcd5b6f52e29[1].js,41:15.7, , , , , , , , , , , , , , , , , , , , , , , , , , , , , , , , , , , , , , , , , , , , , , , , , , , , , , , , , , , , , , , , , , , , , , , , , , , , , , , , , , , , , , , , , , , , , , , , , , , , , , , , , , , , , , , , , , , , , , , , , , , , , 
wazuh-alerts-4.x-2024.12.10,pvRRspMBtNh2X6vnUd-Q,1,1,192.168.117.136,window-agent3,3,Maryam, , , ,11,0x8000000000000000,{5770385f-c22a-43e0-bf4c-06f5698ffbd9},4,Microsoft-Windows-Sysmon/Operational,0,"""File created:
RuleName: technique_id=T1059.007,technique_name=JavaScript
UtcTime: 2024-12-10 17:41:15.688
ProcessGuid: {15959494-7d2b-6758-0702-000000000300}
ProcessId: 6836
Image: C:\Windows\SystemApps\Microsoft.Windows.Search_cw5n1h2txyewy\SearchApp.exe
TargetFilename: C:\Users\mari\AppData\Local\Packages\Microsoft.Windows.Search_cw5n1h2txyewy\AC\INetCache\9F2F9MHX\money_crypto-md5.dbc08c0bbfc8f7cc2d49[1].js
CreationUtcTime: 2024-12-10 17:41:15.688
User: DESKTOP-QGB4EQH\mari""",2,2024-12-10T17:41:15.7052939Z,8557,3880,DESKTOP-QGB4EQH,11,2624,INFORMATION,Microsoft-Windows-Sysmon,101,FALSE,6,Scripting file created under Windows Temp or User folder,"[""sysmon"",""sysmon_eid11_detections"",""windows""]",92200,windows_eventchannel,log,"Dec 10, 2024 @ 17:41:16.059",EventChannel,1733852476,"Dec 10, 2024 @ 17:41:16.059", , , , , , ,C:\\Windows\\SystemApps\\Microsoft.Windows.Search_cw5n1h2txyewy\\SearchApp.exe, , , , , , ,{15959494-7d2b-6758-0702-000000000300},6836,41:15.7, ,"technique_id=T1059.007,technique_name=JavaScript", , ,DESKTOP-QGB4EQH\\mari,"[""Command and Scripting Interpreter"",""Ingress Tool Transfer""]","[""T1059"",""T1105""]","[""Execution"",""Command and Control""]", ,C:\\Users\\mari\\AppData\\Local\\Packages\\Microsoft.Windows.Search_cw5n1h2txyewy\\AC\\INetCache\\9F2F9MHX\\money_crypto-md5.dbc08c0bbfc8f7cc2d49[1].js,41:15.7, , , , , , , , , , , , , , , , , , , , , , , , , , , , , , , , , , , , , , , , , , , , , , , , , , , , , , , , , , , , , , , , , , , , , , , , , , , , , , , , , , , , , , , , , , , , , , , , , , , , , , , , , , , , , , , , , , , , , , , , , , , , , 
wazuh-alerts-4.x-2024.12.10,qfRRspMBtNh2X6vnUd-R,1,1,192.168.117.136,window-agent3,3,Maryam, , , ,11,0x8000000000000000,{5770385f-c22a-43e0-bf4c-06f5698ffbd9},4,Microsoft-Windows-Sysmon/Operational,0,"""File created:
RuleName: technique_id=T1059.007,technique_name=JavaScript
UtcTime: 2024-12-10 17:41:15.696
ProcessGuid: {15959494-7d2b-6758-0702-000000000300}
ProcessId: 6836
Image: C:\Windows\SystemApps\Microsoft.Windows.Search_cw5n1h2txyewy\SearchApp.exe
TargetFilename: C:\Users\mari\AppData\Local\Packages\Microsoft.Windows.Search_cw5n1h2txyewy\AC\INetCache\9F2F9MHX\money_crypto-insights-page.91a6cde22b0f18a94698[1].js
CreationUtcTime: 2024-12-10 17:41:15.692
User: DESKTOP-QGB4EQH\mari""",2,2024-12-10T17:41:15.7053570Z,8560,3880,DESKTOP-QGB4EQH,11,2624,INFORMATION,Microsoft-Windows-Sysmon,105,FALSE,6,Scripting file created under Windows Temp or User folder,"[""sysmon"",""sysmon_eid11_detections"",""windows""]",92200,windows_eventchannel,log,"Dec 10, 2024 @ 17:41:16.123",EventChannel,1733852476,"Dec 10, 2024 @ 17:41:16.123", , , , , , ,C:\\Windows\\SystemApps\\Microsoft.Windows.Search_cw5n1h2txyewy\\SearchApp.exe, , , , , , ,{15959494-7d2b-6758-0702-000000000300},6836,41:15.7, ,"technique_id=T1059.007,technique_name=JavaScript", , ,DESKTOP-QGB4EQH\\mari,"[""Command and Scripting Interpreter"",""Ingress Tool Transfer""]","[""T1059"",""T1105""]","[""Execution"",""Command and Control""]", ,C:\\Users\\mari\\AppData\\Local\\Packages\\Microsoft.Windows.Search_cw5n1h2txyewy\\AC\\INetCache\\9F2F9MHX\\money_crypto-insights-page.91a6cde22b0f18a94698[1].js,41:15.7, , , , , , , , , , , , , , , , , , , , , , , , , , , , , , , , , , , , , , , , , , , , , , , , , , , , , , , , , , , , , , , , , , , , , , , , , , , , , , , , , , , , , , , , , , , , , , , , , , , , , , , , , , , , , , , , , , , , , , , , , , , , , 
wazuh-alerts-4.x-2024.12.10,qvRRspMBtNh2X6vnUd-R,1,1,192.168.117.136,window-agent3,3,Maryam, , , ,11,0x8000000000000000,{5770385f-c22a-43e0-bf4c-06f5698ffbd9},4,Microsoft-Windows-Sysmon/Operational,0,"""File created:
RuleName: technique_id=T1059.007,technique_name=JavaScript
UtcTime: 2024-12-10 17:41:15.696
ProcessGuid: {15959494-7d2b-6758-0702-000000000300}
ProcessId: 6836
Image: C:\Windows\SystemApps\Microsoft.Windows.Search_cw5n1h2txyewy\SearchApp.exe
TargetFilename: C:\Users\mari\AppData\Local\Packages\Microsoft.Windows.Search_cw5n1h2txyewy\AC\INetCache\9F2F9MHX\libs_experiences-constants_dist_KeyMetricTags_js-libs_experiences-constants_dist_service_OneS-a0754a.eae184ca2a229c2b073f[1].js
CreationUtcTime: 2024-12-10 17:41:15.692
User: DESKTOP-QGB4EQH\mari""",2,2024-12-10T17:41:15.7053833Z,8561,3880,DESKTOP-QGB4EQH,11,2624,INFORMATION,Microsoft-Windows-Sysmon,104,FALSE,6,Scripting file created under Windows Temp or User folder,"[""sysmon"",""sysmon_eid11_detections"",""windows""]",92200,windows_eventchannel,log,"Dec 10, 2024 @ 17:41:16.123",EventChannel,1733852476,"Dec 10, 2024 @ 17:41:16.123", , , , , , ,C:\\Windows\\SystemApps\\Microsoft.Windows.Search_cw5n1h2txyewy\\SearchApp.exe, , , , , , ,{15959494-7d2b-6758-0702-000000000300},6836,41:15.7, ,"technique_id=T1059.007,technique_name=JavaScript", , ,DESKTOP-QGB4EQH\\mari,"[""Command and Scripting Interpreter"",""Ingress Tool Transfer""]","[""T1059"",""T1105""]","[""Execution"",""Command and Control""]", ,C:\\Users\\mari\\AppData\\Local\\Packages\\Microsoft.Windows.Search_cw5n1h2txyewy\\AC\\INetCache\\9F2F9MHX\\libs_experiences-constants_dist_KeyMetricTags_js-libs_experiences-constants_dist_service_OneS-a0754a.eae184ca2a229c2b073f[1].js,41:15.7, , , , , , , , , , , , , , , , , , , , , , , , , , , , , , , , , , , , , , , , , , , , , , , , , , , , , , , , , , , , , , , , , , , , , , , , , , , , , , , , , , , , , , , , , , , , , , , , , , , , , , , , , , , , , , , , , , , , , , , , , , , , , 
wazuh-alerts-4.x-2024.12.10,rPRRspMBtNh2X6vnUd-R,1,1,192.168.117.136,window-agent3,3,Maryam, , , ,11,0x8000000000000000,{5770385f-c22a-43e0-bf4c-06f5698ffbd9},4,Microsoft-Windows-Sysmon/Operational,0,"""File created:
RuleName: technique_id=T1059.007,technique_name=JavaScript
UtcTime: 2024-12-10 17:41:15.696
ProcessGuid: {15959494-7d2b-6758-0702-000000000300}
ProcessId: 6836
Image: C:\Windows\SystemApps\Microsoft.Windows.Search_cw5n1h2txyewy\SearchApp.exe
TargetFilename: C:\Users\mari\AppData\Local\Packages\Microsoft.Windows.Search_cw5n1h2txyewy\AC\INetCache\9F2F9MHX\money_chart-props-helper.f9239625611c9524dbae[1].js
CreationUtcTime: 2024-12-10 17:41:15.692
User: DESKTOP-QGB4EQH\mari""",2,2024-12-10T17:41:15.7054579Z,8562,3880,DESKTOP-QGB4EQH,11,2624,INFORMATION,Microsoft-Windows-Sysmon,107,FALSE,6,Scripting file created under Windows Temp or User folder,"[""sysmon"",""sysmon_eid11_detections"",""windows""]",92200,windows_eventchannel,log,"Dec 10, 2024 @ 17:41:16.156",EventChannel,1733852476,"Dec 10, 2024 @ 17:41:16.156", , , , , , ,C:\\Windows\\SystemApps\\Microsoft.Windows.Search_cw5n1h2txyewy\\SearchApp.exe, , , , , , ,{15959494-7d2b-6758-0702-000000000300},6836,41:15.7, ,"technique_id=T1059.007,technique_name=JavaScript", , ,DESKTOP-QGB4EQH\\mari,"[""Command and Scripting Interpreter"",""Ingress Tool Transfer""]","[""T1059"",""T1105""]","[""Execution"",""Command and Control""]", ,C:\\Users\\mari\\AppData\\Local\\Packages\\Microsoft.Windows.Search_cw5n1h2txyewy\\AC\\INetCache\\9F2F9MHX\\money_chart-props-helper.f9239625611c9524dbae[1].js,41:15.7, , , , , , , , , , , , , , , , , , , , , , , , , , , , , , , , , , , , , , , , , , , , , , , , , , , , , , , , , , , , , , , , , , , , , , , , , , , , , , , , , , , , , , , , , , , , , , , , , , , , , , , , , , , , , , , , , , , , , , , , , , , , , 
wazuh-alerts-4.x-2024.12.10,rfRRspMBtNh2X6vnUd-R,1,1,192.168.117.136,window-agent3,3,Maryam, , , ,11,0x8000000000000000,{5770385f-c22a-43e0-bf4c-06f5698ffbd9},4,Microsoft-Windows-Sysmon/Operational,0,"""File created:
RuleName: technique_id=T1059.007,technique_name=JavaScript
UtcTime: 2024-12-10 17:41:15.696
ProcessGuid: {15959494-7d2b-6758-0702-000000000300}
ProcessId: 6836
Image: C:\Windows\SystemApps\Microsoft.Windows.Search_cw5n1h2txyewy\SearchApp.exe
TargetFilename: C:\Users\mari\AppData\Local\Packages\Microsoft.Windows.Search_cw5n1h2txyewy\AC\INetCache\9F2F9MHX\social-bar-v2.7aa39ce384a74c5b6b28[1].js
CreationUtcTime: 2024-12-10 17:41:15.696
User: DESKTOP-QGB4EQH\mari""",2,2024-12-10T17:41:15.7055743Z,8565,3880,DESKTOP-QGB4EQH,11,2624,INFORMATION,Microsoft-Windows-Sysmon,108,FALSE,6,Scripting file created under Windows Temp or User folder,"[""sysmon"",""sysmon_eid11_detections"",""windows""]",92200,windows_eventchannel,log,"Dec 10, 2024 @ 17:41:16.188",EventChannel,1733852476,"Dec 10, 2024 @ 17:41:16.188", , , , , , ,C:\\Windows\\SystemApps\\Microsoft.Windows.Search_cw5n1h2txyewy\\SearchApp.exe, , , , , , ,{15959494-7d2b-6758-0702-000000000300},6836,41:15.7, ,"technique_id=T1059.007,technique_name=JavaScript", , ,DESKTOP-QGB4EQH\\mari,"[""Command and Scripting Interpreter"",""Ingress Tool Transfer""]","[""T1059"",""T1105""]","[""Execution"",""Command and Control""]", ,C:\\Users\\mari\\AppData\\Local\\Packages\\Microsoft.Windows.Search_cw5n1h2txyewy\\AC\\INetCache\\9F2F9MHX\\social-bar-v2.7aa39ce384a74c5b6b28[1].js,41:15.7, , , , , , , , , , , , , , , , , , , , , , , , , , , , , , , , , , , , , , , , , , , , , , , , , , , , , , , , , , , , , , , , , , , , , , , , , , , , , , , , , , , , , , , , , , , , , , , , , , , , , , , , , , , , , , , , , , , , , , , , , , , , , 
wazuh-alerts-4.x-2024.12.10,r_RRspMBtNh2X6vnUd-R,1,1,192.168.117.136,window-agent3,3,Maryam, , , ,11,0x8000000000000000,{5770385f-c22a-43e0-bf4c-06f5698ffbd9},4,Microsoft-Windows-Sysmon/Operational,0,"""File created:
RuleName: technique_id=T1059.007,technique_name=JavaScript
UtcTime: 2024-12-10 17:41:15.704
ProcessGuid: {15959494-7d2b-6758-0702-000000000300}
ProcessId: 6836
Image: C:\Windows\SystemApps\Microsoft.Windows.Search_cw5n1h2txyewy\SearchApp.exe
TargetFilename: C:\Users\mari\AppData\Local\Packages\Microsoft.Windows.Search_cw5n1h2txyewy\AC\INetCache\9F2F9MHX\experiences_weather-info-card_dist_DeferredComponentProps_js.1b717bee8d0b81771fef[1].js
CreationUtcTime: 2024-12-10 17:41:15.704
User: DESKTOP-QGB4EQH\mari""",2,2024-12-10T17:41:15.7137876Z,8567,3880,DESKTOP-QGB4EQH,11,2624,INFORMATION,Microsoft-Windows-Sysmon,110,FALSE,6,Scripting file created under Windows Temp or User folder,"[""sysmon"",""sysmon_eid11_detections"",""windows""]",92200,windows_eventchannel,log,"Dec 10, 2024 @ 17:41:16.220",EventChannel,1733852476,"Dec 10, 2024 @ 17:41:16.220", , , , , , ,C:\\Windows\\SystemApps\\Microsoft.Windows.Search_cw5n1h2txyewy\\SearchApp.exe, , , , , , ,{15959494-7d2b-6758-0702-000000000300},6836,41:15.7, ,"technique_id=T1059.007,technique_name=JavaScript", , ,DESKTOP-QGB4EQH\\mari,"[""Command and Scripting Interpreter"",""Ingress Tool Transfer""]","[""T1059"",""T1105""]","[""Execution"",""Command and Control""]", ,C:\\Users\\mari\\AppData\\Local\\Packages\\Microsoft.Windows.Search_cw5n1h2txyewy\\AC\\INetCache\\9F2F9MHX\\experiences_weather-info-card_dist_DeferredComponentProps_js.1b717bee8d0b81771fef[1].js,41:15.7, , , , , , , , , , , , , , , , , , , , , , , , , , , , , , , , , , , , , , , , , , , , , , , , , , , , , , , , , , , , , , , , , , , , , , , , , , , , , , , , , , , , , , , , , , , , , , , , , , , , , , , , , , , , , , , , , , , , , , , , , , , , , 
wazuh-alerts-4.x-2024.12.10,svRRspMBtNh2X6vnUd-R,1,1,192.168.117.136,window-agent3,3,Maryam, , , ,11,0x8000000000000000,{5770385f-c22a-43e0-bf4c-06f5698ffbd9},4,Microsoft-Windows-Sysmon/Operational,0,"""File created:
RuleName: technique_id=T1059.007,technique_name=JavaScript
UtcTime: 2024-12-10 17:41:16.068
ProcessGuid: {15959494-7d2b-6758-0702-000000000300}
ProcessId: 6836
Image: C:\Windows\SystemApps\Microsoft.Windows.Search_cw5n1h2txyewy\SearchApp.exe
TargetFilename: C:\Users\mari\AppData\Local\Packages\Microsoft.Windows.Search_cw5n1h2txyewy\AC\INetCache\6IYNEI2H\sports_drop-down-box.4e4a81f28dc7d589afdf[1].js
CreationUtcTime: 2024-12-10 17:41:16.068
User: DESKTOP-QGB4EQH\mari""",2,2024-12-10T17:41:16.0740626Z,8569,3880,DESKTOP-QGB4EQH,11,2624,INFORMATION,Microsoft-Windows-Sysmon,112,FALSE,6,Scripting file created under Windows Temp or User folder,"[""sysmon"",""sysmon_eid11_detections"",""windows""]",92200,windows_eventchannel,log,"Dec 10, 2024 @ 17:41:16.251",EventChannel,1733852476,"Dec 10, 2024 @ 17:41:16.251", , , , , , ,C:\\Windows\\SystemApps\\Microsoft.Windows.Search_cw5n1h2txyewy\\SearchApp.exe, , , , , , ,{15959494-7d2b-6758-0702-000000000300},6836,41:16.1, ,"technique_id=T1059.007,technique_name=JavaScript", , ,DESKTOP-QGB4EQH\\mari,"[""Command and Scripting Interpreter"",""Ingress Tool Transfer""]","[""T1059"",""T1105""]","[""Execution"",""Command and Control""]", ,C:\\Users\\mari\\AppData\\Local\\Packages\\Microsoft.Windows.Search_cw5n1h2txyewy\\AC\\INetCache\\6IYNEI2H\\sports_drop-down-box.4e4a81f28dc7d589afdf[1].js,41:16.1, , , , , , , , , , , , , , , , , , , , , , , , , , , , , , , , , , , , , , , , , , , , , , , , , , , , , , , , , , , , , , , , , , , , , , , , , , , , , , , , , , , , , , , , , , , , , , , , , , , , , , , , , , , , , , , , , , , , , , , , , , , , , 
wazuh-alerts-4.x-2024.12.10,uPRRspMBtNh2X6vnUd-R,1,1,192.168.117.136,window-agent3,3,Maryam, , , ,11,0x8000000000000000,{5770385f-c22a-43e0-bf4c-06f5698ffbd9},4,Microsoft-Windows-Sysmon/Operational,0,"""File created:
RuleName: technique_id=T1059.007,technique_name=JavaScript
UtcTime: 2024-12-10 17:41:16.284
ProcessGuid: {15959494-7d2b-6758-0702-000000000300}
ProcessId: 6836
Image: C:\Windows\SystemApps\Microsoft.Windows.Search_cw5n1h2txyewy\SearchApp.exe
TargetFilename: C:\Users\mari\AppData\Local\Packages\Microsoft.Windows.Search_cw5n1h2txyewy\AC\INetCache\C4W3GX6O\svg-fz.60c62839aaef1cd3a4c5[1].js
CreationUtcTime: 2024-12-10 17:41:16.284
User: DESKTOP-QGB4EQH\mari""",2,2024-12-10T17:41:16.2850082Z,8575,3880,DESKTOP-QGB4EQH,11,2624,INFORMATION,Microsoft-Windows-Sysmon,119,FALSE,6,Scripting file created under Windows Temp or User folder,"[""sysmon"",""sysmon_eid11_detections"",""windows""]",92200,windows_eventchannel,log,"Dec 10, 2024 @ 17:41:17.041",EventChannel,1733852477,"Dec 10, 2024 @ 17:41:17.041", , , , , , ,C:\\Windows\\SystemApps\\Microsoft.Windows.Search_cw5n1h2txyewy\\SearchApp.exe, , , , , , ,{15959494-7d2b-6758-0702-000000000300},6836,41:16.3, ,"technique_id=T1059.007,technique_name=JavaScript", , ,DESKTOP-QGB4EQH\\mari,"[""Command and Scripting Interpreter"",""Ingress Tool Transfer""]","[""T1059"",""T1105""]","[""Execution"",""Command and Control""]", ,C:\\Users\\mari\\AppData\\Local\\Packages\\Microsoft.Windows.Search_cw5n1h2txyewy\\AC\\INetCache\\C4W3GX6O\\svg-fz.60c62839aaef1cd3a4c5[1].js,41:16.3, , , , , , , , , , , , , , , , , , , , , , , , , , , , , , , , , , , , , , , , , , , , , , , , , , , , , , , , , , , , , , , , , , , , , , , , , , , , , , , , , , , , , , , , , , , , , , , , , , , , , , , , , , , , , , , , , , , , , , , , , , , , , 
