wazuh-alerts-4.x-2024.12.10,Zsf-sJMBnOFSf1lyhUWw,1,1,192.168.117.136,window-agent3,3,Maryam, , , ,1016,0x80000000000000,{E23B33B0-C8C9-472C-A5F9-F2BDFEA0F156},4,Application,0,"""Proof of Purchase installed successfully. 
ACID=4de7cb65-cdf1-4de9-8ae8-e3cce27b9f2c
PKeyId=3c40a285-2469-ae8d-e740-6be881cd3eb6""",0,2024-12-10T14:34:32.8392063Z,121,0,DESKTOP-QGB4EQH,0,0,INFORMATION,Microsoft-Windows-Security-SPP,1,FALSE,3,Proof of purchase installed successfully.,"[""windows"",""windows_application""]",60644,windows_eventchannel,log,"Dec 10, 2024 @ 14:34:49.485",EventChannel,1733841289,"Dec 10, 2024 @ 14:34:49.485","4de7cb65-cdf1-4de9-8ae8-e3cce27b9f2c, 3c40a285-2469-ae8d-e740-6be881cd3eb6", ,Software Protection Platform Service, , , , , , , , , , , , , , , , , , , , , , , , , , , , , , , , , , , , , , , , , , , , , , , , , , , , , , , , , , , , , , , , , , , , , , , , , , , , , , , , , , , , , , , , , , , , , , , , , , , , , , , , , , , , , , , , , , , , , , , , , , , , , , , , , , , , , , , , , , , , , , , , , , , , , 
wazuh-alerts-4.x-2024.12.10,Ucf-sJMBnOFSf1lyM0Wh,1,1,192.168.117.136,window-agent3,3,Maryam, , , ,1003,0x80000000000000,{CA4E628D-8567-4896-AB6B-835B221F373F},4,Application,0,"""The Windows Search Service started.
""",0,2024-12-10T14:34:27.6988942Z,119,0,DESKTOP-QGB4EQH,1,0,INFORMATION,Microsoft-Windows-Search,1,FALSE,3,The Windows search service started.,"[""windows"",""windows_application""]",60668,windows_eventchannel,log,"Dec 10, 2024 @ 14:34:27.751",EventChannel,1733841267,"Dec 10, 2024 @ 14:34:27.751", , ,Windows Search Service, , , , , , , , , , , , , , , , , , , , , , , , , , , , , , , , , , , , , , , , , , , , , , , , , , , , , , , , , , , , , , , , , , , , , , , , , , , , , , , , , , , , , , , , , , , , , , , , , , , , , , , , , , , , , , , , , , , , , , , , , , , , , , , , , , , , , , , , , , , , , , , , , , , , , 
wazuh-alerts-4.x-2024.12.10,xMf_sJMBnOFSf1lycEUi,1,1,192.168.117.136,window-agent3,3,Maryam, , , ,7,0x8000000000000000,{5770385f-c22a-43e0-bf4c-06f5698ffbd9},4,Microsoft-Windows-Sysmon/Operational,0,"""Image loaded:
RuleName: technique_id=T1053,technique_name=Scheduled Task
UtcTime: 2024-12-10 14:35:46.526
ProcessGuid: {15959494-5183-6758-fa00-000000000200}
ProcessId: 4252
Image: C:\Windows\System32\DeviceCensus.exe
ImageLoaded: C:\Windows\System32\taskschd.dll
FileVersion: 10.0.19041.3636 (WinBuild.160101.0800)
Description: Task Scheduler COM API
Product: Microsoft® Windows® Operating System
Company: Microsoft Corporation
OriginalFileName: taskschd.dll
Hashes: SHA1=633C92F5A5000CDE3235C7FDC306B2B04C501C48,MD5=84F942C1A4BD60C94EBEC6643E0216C9,SHA256=BBE733452E6CE871D5D2064948847AAB2A71F7FEDA2C962BA4002F64E2D198F2,IMPHASH=B7A4477FA36E2E5287EE76AC4AFCB05B
Signed: true
Signature: Microsoft Windows
SignatureStatus: Valid
User: NT AUTHORITY\SYSTEM""",3,2024-12-10T14:35:46.5371299Z,3481,3480,DESKTOP-QGB4EQH,7,2452,INFORMATION,Microsoft-Windows-Sysmon,26,FALSE,4,Process loaded taskschd.dll module. May be used to create delayed malware execution,"[""sysmon"",""sysmon_eid7_detections"",""windows""]",92154,windows_eventchannel,log,"Dec 10, 2024 @ 14:35:47.569",EventChannel,1733841347,"Dec 10, 2024 @ 14:35:47.569", , , , , ,taskschd.dll,C:\\Windows\\System32\\DeviceCensus.exe,Microsoft® Windows® Operating System,Microsoft Windows,C:\\Windows\\System32\\taskschd.dll,Task Scheduler COM API,TRUE,Valid,{15959494-5183-6758-fa00-000000000200},4252,35:46.5,"SHA1=633C92F5A5000CDE3235C7FDC306B2B04C501C48,MD5=84F942C1A4BD60C94EBEC6643E0216C9,SHA256=BBE733452E6CE871D5D2064948847AAB2A71F7FEDA2C962BA4002F64E2D198F2,IMPHASH=B7A4477FA36E2E5287EE76AC4AFCB05B","technique_id=T1053,technique_name=Scheduled Task",Microsoft Corporation,10.0.19041.3636 (WinBuild.160101.0800),NT AUTHORITY\\SYSTEM,"[""Scheduled Task""]","[""T1053.005""]","[""Execution"",""Persistence"",""Privilege Escalation""]", , , , , , , , , , , , , , , , , , , , , , , , , , , , , , , , , , , , , , , , , , , , , , , , , , , , , , , , , , , , , , , , , , , , , , , , , , , , , , , , , , , , , , , , , , , , , , , , , , , , , , , , , , , , , , , , , , , , , , , , , , , , , , , , 
wazuh-alerts-4.x-2024.12.10,xcf_sJMBnOFSf1lycEUi,1,1,192.168.117.136,window-agent3,3,Maryam, , , ,7,0x8000000000000000,{5770385f-c22a-43e0-bf4c-06f5698ffbd9},4,Microsoft-Windows-Sysmon/Operational,0,"""Image loaded:
RuleName: technique_id=T1053,technique_name=Scheduled Task
UtcTime: 2024-12-10 14:35:47.261
ProcessGuid: {15959494-51b1-6758-4001-000000000200}
ProcessId: 6948
Image: C:\Windows\System32\MoUsoCoreWorker.exe
ImageLoaded: C:\Windows\System32\taskschd.dll
FileVersion: 10.0.19041.3636 (WinBuild.160101.0800)
Description: Task Scheduler COM API
Product: Microsoft® Windows® Operating System
Company: Microsoft Corporation
OriginalFileName: taskschd.dll
Hashes: SHA1=633C92F5A5000CDE3235C7FDC306B2B04C501C48,MD5=84F942C1A4BD60C94EBEC6643E0216C9,SHA256=BBE733452E6CE871D5D2064948847AAB2A71F7FEDA2C962BA4002F64E2D198F2,IMPHASH=B7A4477FA36E2E5287EE76AC4AFCB05B
Signed: true
Signature: Microsoft Windows
SignatureStatus: Valid
User: NT AUTHORITY\SYSTEM""",3,2024-12-10T14:35:47.2679023Z,3483,3480,DESKTOP-QGB4EQH,7,2452,INFORMATION,Microsoft-Windows-Sysmon,27,FALSE,4,Process loaded taskschd.dll module. May be used to create delayed malware execution,"[""sysmon"",""sysmon_eid7_detections"",""windows""]",92154,windows_eventchannel,log,"Dec 10, 2024 @ 14:35:47.581",EventChannel,1733841347,"Dec 10, 2024 @ 14:35:47.581", , , , , ,taskschd.dll,C:\\Windows\\System32\\MoUsoCoreWorker.exe,Microsoft® Windows® Operating System,Microsoft Windows,C:\\Windows\\System32\\taskschd.dll,Task Scheduler COM API,TRUE,Valid,{15959494-51b1-6758-4001-000000000200},6948,35:47.3,"SHA1=633C92F5A5000CDE3235C7FDC306B2B04C501C48,MD5=84F942C1A4BD60C94EBEC6643E0216C9,SHA256=BBE733452E6CE871D5D2064948847AAB2A71F7FEDA2C962BA4002F64E2D198F2,IMPHASH=B7A4477FA36E2E5287EE76AC4AFCB05B","technique_id=T1053,technique_name=Scheduled Task",Microsoft Corporation,10.0.19041.3636 (WinBuild.160101.0800),NT AUTHORITY\\SYSTEM,"[""Scheduled Task""]","[""T1053.005""]","[""Execution"",""Persistence"",""Privilege Escalation""]", , , , , , , , , , , , , , , , , , , , , , , , , , , , , , , , , , , , , , , , , , , , , , , , , , , , , , , , , , , , , , , , , , , , , , , , , , , , , , , , , , , , , , , , , , , , , , , , , , , , , , , , , , , , , , , , , , , , , , , , , , , , , , , , 
wazuh-alerts-4.x-2024.12.10,xsf_sJMBnOFSf1lycEUi,1,1,192.168.117.136,window-agent3,3,Maryam, , , ,7,0x8000000000000000,{5770385f-c22a-43e0-bf4c-06f5698ffbd9},4,Microsoft-Windows-Sysmon/Operational,0,"""Image loaded:
RuleName: technique_id=T1053,technique_name=Scheduled Task
UtcTime: 2024-12-10 14:35:47.417
ProcessGuid: {15959494-51c3-6758-4f01-000000000200}
ProcessId: 7300
Image: C:\Windows\System32\svchost.exe
ImageLoaded: C:\Windows\System32\taskschd.dll
FileVersion: 10.0.19041.3636 (WinBuild.160101.0800)
Description: Task Scheduler COM API
Product: Microsoft® Windows® Operating System
Company: Microsoft Corporation
OriginalFileName: taskschd.dll
Hashes: SHA1=633C92F5A5000CDE3235C7FDC306B2B04C501C48,MD5=84F942C1A4BD60C94EBEC6643E0216C9,SHA256=BBE733452E6CE871D5D2064948847AAB2A71F7FEDA2C962BA4002F64E2D198F2,IMPHASH=B7A4477FA36E2E5287EE76AC4AFCB05B
Signed: true
Signature: Microsoft Windows
SignatureStatus: Valid
User: NT AUTHORITY\SYSTEM""",3,2024-12-10T14:35:47.4263308Z,3492,3480,DESKTOP-QGB4EQH,7,2452,INFORMATION,Microsoft-Windows-Sysmon,28,FALSE,4,Process loaded taskschd.dll module. May be used to create delayed malware execution,"[""sysmon"",""sysmon_eid7_detections"",""windows""]",92154,windows_eventchannel,log,"Dec 10, 2024 @ 14:35:47.722",EventChannel,1733841347,"Dec 10, 2024 @ 14:35:47.722", , , , , ,taskschd.dll,C:\\Windows\\System32\\svchost.exe,Microsoft® Windows® Operating System,Microsoft Windows,C:\\Windows\\System32\\taskschd.dll,Task Scheduler COM API,TRUE,Valid,{15959494-51c3-6758-4f01-000000000200},7300,35:47.4,"SHA1=633C92F5A5000CDE3235C7FDC306B2B04C501C48,MD5=84F942C1A4BD60C94EBEC6643E0216C9,SHA256=BBE733452E6CE871D5D2064948847AAB2A71F7FEDA2C962BA4002F64E2D198F2,IMPHASH=B7A4477FA36E2E5287EE76AC4AFCB05B","technique_id=T1053,technique_name=Scheduled Task",Microsoft Corporation,10.0.19041.3636 (WinBuild.160101.0800),NT AUTHORITY\\SYSTEM,"[""Scheduled Task""]","[""T1053.005""]","[""Execution"",""Persistence"",""Privilege Escalation""]", , , , , , , , , , , , , , , , , , , , , , , , , , , , , , , , , , , , , , , , , , , , , , , , , , , , , , , , , , , , , , , , , , , , , , , , , , , , , , , , , , , , , , , , , , , , , , , , , , , , , , , , , , , , , , , , , , , , , , , , , , , , , , , , 
wazuh-alerts-4.x-2024.12.10,2McBsZMBnOFSf1lyBkVw,1,1,192.168.117.136,window-agent3,3,Maryam, , , ,16384,0x80000000000000,{E23B33B0-C8C9-472C-A5F9-F2BDFEA0F156},4,Application,0,"""Successfully scheduled Software Protection service for re-start at 2024-12-11T14:36:24Z. Reason: RulesEngine.""",0,2024-12-10T14:37:24.9644985Z,184,0,DESKTOP-QGB4EQH,0,0,INFORMATION,Microsoft-Windows-Security-SPP,3,FALSE,3,Software protection service scheduled successfully.,"[""windows"",""windows_application""]",60642,windows_eventchannel,log,"Dec 10, 2024 @ 14:37:25.014",EventChannel,1733841445,"Dec 10, 2024 @ 14:37:25.014","2024-12-11T14:36:24Z, RulesEngine", ,Software Protection Platform Service, , , , , , , , , , , , , , , , , , , , , , , , , , , , , , , , , , , , , , , , , , , , , , , , , , , , , , , , , , , , , , , , , , , , , , , , , , , , , , , , , , , , , , , , , , , , , , , , , , , , , , , , , , , , , , , , , , , , , , , , , , , , , , , , , , , , , , , , , , , , , , , , , , , , , 
wazuh-alerts-4.x-2024.12.10,2ccBsZMBnOFSf1lyBkVw,1,1,192.168.117.136,window-agent3,3,Maryam, , , ,7,0x8000000000000000,{5770385f-c22a-43e0-bf4c-06f5698ffbd9},4,Microsoft-Windows-Sysmon/Operational,0,"""Image loaded:
RuleName: technique_id=T1053,technique_name=Scheduled Task
UtcTime: 2024-12-10 14:37:24.933
ProcessGuid: {15959494-5205-6758-7901-000000000200}
ProcessId: 2612
Image: C:\Windows\System32\sppsvc.exe
ImageLoaded: C:\Windows\System32\taskschd.dll
FileVersion: 10.0.19041.3636 (WinBuild.160101.0800)
Description: Task Scheduler COM API
Product: Microsoft® Windows® Operating System
Company: Microsoft Corporation
OriginalFileName: taskschd.dll
Hashes: SHA1=633C92F5A5000CDE3235C7FDC306B2B04C501C48,MD5=84F942C1A4BD60C94EBEC6643E0216C9,SHA256=BBE733452E6CE871D5D2064948847AAB2A71F7FEDA2C962BA4002F64E2D198F2,IMPHASH=B7A4477FA36E2E5287EE76AC4AFCB05B
Signed: true
Signature: Microsoft Windows
SignatureStatus: Valid
User: NT AUTHORITY\NETWORK SERVICE""",3,2024-12-10T14:37:24.9391155Z,3838,3480,DESKTOP-QGB4EQH,7,2452,INFORMATION,Microsoft-Windows-Sysmon,34,FALSE,4,Process loaded taskschd.dll module. May be used to create delayed malware execution,"[""sysmon"",""sysmon_eid7_detections"",""windows""]",92154,windows_eventchannel,log,"Dec 10, 2024 @ 14:37:25.991",EventChannel,1733841445,"Dec 10, 2024 @ 14:37:25.991", , , , , ,taskschd.dll,C:\\Windows\\System32\\sppsvc.exe,Microsoft® Windows® Operating System,Microsoft Windows,C:\\Windows\\System32\\taskschd.dll,Task Scheduler COM API,TRUE,Valid,{15959494-5205-6758-7901-000000000200},2612,37:24.9,"SHA1=633C92F5A5000CDE3235C7FDC306B2B04C501C48,MD5=84F942C1A4BD60C94EBEC6643E0216C9,SHA256=BBE733452E6CE871D5D2064948847AAB2A71F7FEDA2C962BA4002F64E2D198F2,IMPHASH=B7A4477FA36E2E5287EE76AC4AFCB05B","technique_id=T1053,technique_name=Scheduled Task",Microsoft Corporation,10.0.19041.3636 (WinBuild.160101.0800),NT AUTHORITY\\NETWORK SERVICE,"[""Scheduled Task""]","[""T1053.005""]","[""Execution"",""Persistence"",""Privilege Escalation""]", , , , , , , , , , , , , , , , , , , , , , , , , , , , , , , , , , , , , , , , , , , , , , , , , , , , , , , , , , , , , , , , , , , , , , , , , , , , , , , , , , , , , , , , , , , , , , , , , , , , , , , , , , , , , , , , , , , , , , , , , , , , , , , , 
wazuh-alerts-4.x-2024.12.10,28cBsZMBnOFSf1lyBkVw,1,1,192.168.117.136,window-agent3,3,Maryam, , , ,7,0x8000000000000000,{5770385f-c22a-43e0-bf4c-06f5698ffbd9},4,Microsoft-Windows-Sysmon/Operational,0,"""Image loaded:
RuleName: technique_id=T1053,technique_name=Scheduled Task
UtcTime: 2024-12-10 14:37:28.870
ProcessGuid: {15959494-5228-6758-a001-000000000200}
ProcessId: 6424
Image: C:\Windows\System32\svchost.exe
ImageLoaded: C:\Windows\System32\taskschd.dll
FileVersion: 10.0.19041.3636 (WinBuild.160101.0800)
Description: Task Scheduler COM API
Product: Microsoft® Windows® Operating System
Company: Microsoft Corporation
OriginalFileName: taskschd.dll
Hashes: SHA1=633C92F5A5000CDE3235C7FDC306B2B04C501C48,MD5=84F942C1A4BD60C94EBEC6643E0216C9,SHA256=BBE733452E6CE871D5D2064948847AAB2A71F7FEDA2C962BA4002F64E2D198F2,IMPHASH=B7A4477FA36E2E5287EE76AC4AFCB05B
Signed: true
Signature: Microsoft Windows
SignatureStatus: Valid
User: NT AUTHORITY\SYSTEM""",3,2024-12-10T14:37:28.8811381Z,3849,3480,DESKTOP-QGB4EQH,7,2452,INFORMATION,Microsoft-Windows-Sysmon,36,FALSE,4,Process loaded taskschd.dll module. May be used to create delayed malware execution,"[""sysmon"",""sysmon_eid7_detections"",""windows""]",92154,windows_eventchannel,log,"Dec 10, 2024 @ 14:37:29.690",EventChannel,1733841449,"Dec 10, 2024 @ 14:37:29.690", , , , , ,taskschd.dll,C:\\Windows\\System32\\svchost.exe,Microsoft® Windows® Operating System,Microsoft Windows,C:\\Windows\\System32\\taskschd.dll,Task Scheduler COM API,TRUE,Valid,{15959494-5228-6758-a001-000000000200},6424,37:28.9,"SHA1=633C92F5A5000CDE3235C7FDC306B2B04C501C48,MD5=84F942C1A4BD60C94EBEC6643E0216C9,SHA256=BBE733452E6CE871D5D2064948847AAB2A71F7FEDA2C962BA4002F64E2D198F2,IMPHASH=B7A4477FA36E2E5287EE76AC4AFCB05B","technique_id=T1053,technique_name=Scheduled Task",Microsoft Corporation,10.0.19041.3636 (WinBuild.160101.0800),NT AUTHORITY\\SYSTEM,"[""Scheduled Task""]","[""T1053.005""]","[""Execution"",""Persistence"",""Privilege Escalation""]", , , , , , , , , , , , , , , , , , , , , , , , , , , , , , , , , , , , , , , , , , , , , , , , , , , , , , , , , , , , , , , , , , , , , , , , , , , , , , , , , , , , , , , , , , , , , , , , , , , , , , , , , , , , , , , , , , , , , , , , , , , , , , , , 
wazuh-alerts-4.x-2024.12.10,08cAsZMBnOFSf1lypEXE,1,1,192.168.117.136,window-agent3,3,Maryam, , , ,7,0x8000000000000000,{5770385f-c22a-43e0-bf4c-06f5698ffbd9},4,Microsoft-Windows-Sysmon/Operational,0,"""Image loaded:
RuleName: technique_id=T1053,technique_name=Scheduled Task
UtcTime: 2024-12-10 14:37:03.745
ProcessGuid: {15959494-520d-6758-8a01-000000000200}
ProcessId: 8348
Image: C:\Users\mari\AppData\Local\Microsoft\OneDrive\OneDrive.exe
ImageLoaded: C:\Windows\System32\taskschd.dll
FileVersion: 10.0.19041.3636 (WinBuild.160101.0800)
Description: Task Scheduler COM API
Product: Microsoft® Windows® Operating System
Company: Microsoft Corporation
OriginalFileName: taskschd.dll
Hashes: SHA1=633C92F5A5000CDE3235C7FDC306B2B04C501C48,MD5=84F942C1A4BD60C94EBEC6643E0216C9,SHA256=BBE733452E6CE871D5D2064948847AAB2A71F7FEDA2C962BA4002F64E2D198F2,IMPHASH=B7A4477FA36E2E5287EE76AC4AFCB05B
Signed: true
Signature: Microsoft Windows
SignatureStatus: Valid
User: DESKTOP-QGB4EQH\mari""",3,2024-12-10T14:37:03.7604567Z,3793,3480,DESKTOP-QGB4EQH,7,2452,INFORMATION,Microsoft-Windows-Sysmon,31,FALSE,4,Process loaded taskschd.dll module. May be used to create delayed malware execution,"[""sysmon"",""sysmon_eid7_detections"",""windows""]",92154,windows_eventchannel,log,"Dec 10, 2024 @ 14:37:04.035",EventChannel,1733841424,"Dec 10, 2024 @ 14:37:04.035", , , , , ,taskschd.dll,C:\\Users\\mari\\AppData\\Local\\Microsoft\\OneDrive\\OneDrive.exe,Microsoft® Windows® Operating System,Microsoft Windows,C:\\Windows\\System32\\taskschd.dll,Task Scheduler COM API,TRUE,Valid,{15959494-520d-6758-8a01-000000000200},8348,37:03.7,"SHA1=633C92F5A5000CDE3235C7FDC306B2B04C501C48,MD5=84F942C1A4BD60C94EBEC6643E0216C9,SHA256=BBE733452E6CE871D5D2064948847AAB2A71F7FEDA2C962BA4002F64E2D198F2,IMPHASH=B7A4477FA36E2E5287EE76AC4AFCB05B","technique_id=T1053,technique_name=Scheduled Task",Microsoft Corporation,10.0.19041.3636 (WinBuild.160101.0800),DESKTOP-QGB4EQH\\mari,"[""Scheduled Task""]","[""T1053.005""]","[""Execution"",""Persistence"",""Privilege Escalation""]", , , , , , , , , , , , , , , , , , , , , , , , , , , , , , , , , , , , , , , , , , , , , , , , , , , , , , , , , , , , , , , , , , , , , , , , , , , , , , , , , , , , , , , , , , , , , , , , , , , , , , , , , , , , , , , , , , , , , , , , , , , , , , , , 
wazuh-alerts-4.x-2024.12.10,u8f_sJMBnOFSf1lyRUUo,1,1,192.168.117.136,window-agent3,3,Maryam, , , ,7,0x8000000000000000,{5770385f-c22a-43e0-bf4c-06f5698ffbd9},4,Microsoft-Windows-Sysmon/Operational,0,"""Image loaded:
RuleName: technique_id=T1053,technique_name=Scheduled Task
UtcTime: 2024-12-10 14:35:37.792
ProcessGuid: {15959494-51a8-6758-3201-000000000200}
ProcessId: 5996
Image: C:\Windows\System32\EM.exe
ImageLoaded: C:\Windows\System32\taskschd.dll
FileVersion: 10.0.19041.3636 (WinBuild.160101.0800)
Description: Task Scheduler COM API
Product: Microsoft® Windows® Operating System
Company: Microsoft Corporation
OriginalFileName: taskschd.dll
Hashes: SHA1=633C92F5A5000CDE3235C7FDC306B2B04C501C48,MD5=84F942C1A4BD60C94EBEC6643E0216C9,SHA256=BBE733452E6CE871D5D2064948847AAB2A71F7FEDA2C962BA4002F64E2D198F2,IMPHASH=B7A4477FA36E2E5287EE76AC4AFCB05B
Signed: true
Signature: Microsoft Windows
SignatureStatus: Valid
User: NT AUTHORITY\SYSTEM""",3,2024-12-10T14:35:37.8070476Z,3448,3484,DESKTOP-QGB4EQH,7,2452,INFORMATION,Microsoft-Windows-Sysmon,24,FALSE,4,Process loaded taskschd.dll module. May be used to create delayed malware execution,"[""sysmon"",""sysmon_eid7_detections"",""windows""]",92154,windows_eventchannel,log,"Dec 10, 2024 @ 14:35:38.128",EventChannel,1733841338,"Dec 10, 2024 @ 14:35:38.128", , , , , ,taskschd.dll,C:\\Windows\\System32\\EM.exe,Microsoft® Windows® Operating System,Microsoft Windows,C:\\Windows\\System32\\taskschd.dll,Task Scheduler COM API,TRUE,Valid,{15959494-51a8-6758-3201-000000000200},5996,35:37.8,"SHA1=633C92F5A5000CDE3235C7FDC306B2B04C501C48,MD5=84F942C1A4BD60C94EBEC6643E0216C9,SHA256=BBE733452E6CE871D5D2064948847AAB2A71F7FEDA2C962BA4002F64E2D198F2,IMPHASH=B7A4477FA36E2E5287EE76AC4AFCB05B","technique_id=T1053,technique_name=Scheduled Task",Microsoft Corporation,10.0.19041.3636 (WinBuild.160101.0800),NT AUTHORITY\\SYSTEM,"[""Scheduled Task""]","[""T1053.005""]","[""Execution"",""Persistence"",""Privilege Escalation""]", , , , , , , , , , , , , , , , , , , , , , , , , , , , , , , , , , , , , , , , , , , , , , , , , , , , , , , , , , , , , , , , , , , , , , , , , , , , , , , , , , , , , , , , , , , , , , , , , , , , , , , , , , , , , , , , , , , , , , , , , , , , , , , , 
wazuh-alerts-4.x-2024.12.10,5ccDsZMBnOFSf1lyi0UE,1,1,192.168.117.136,window-agent3,3,Maryam, , , ,1001,0x80000000000000, ,4,Application,0,"""Fault bucket , type 0
Event Name: MoAppCrash
Response: Not available
Cab Id: 0

Problem signature:
P1: Microsoft.Messaging_4.1901.10241.1000_x64__8wekyb3d8bbwe
P2: praid:x27e26f40ye031y48a6yb130yd1f20388991ax
P3: 10.0.19041.3636
P4: e9186526
P5: MessagingNativeCore.dll
P6: 4.1901.1901.24001
P7: 5c4a52fc
P8: c0000005
P9: 000000000000d2d8
P10: 

Attached files:
\\?\C:\Users\mari\AppData\Local\Packages\Microsoft.Messaging_8wekyb3d8bbwe\LocalCache\MessagingBackgroundTaskLog.etl
\\?\C:\ProgramData\Microsoft\Windows\WER\Temp\WER779.tmp.mdmp
\\?\C:\ProgramData\Microsoft\Windows\WER\Temp\WER855.tmp.WERInternalMetadata.xml
\\?\C:\ProgramData\Microsoft\Windows\WER\Temp\WER8A4.tmp.xml
\\?\C:\ProgramData\Microsoft\Windows\WER\Temp\WER900.tmp.csv
\\?\C:\ProgramData\Microsoft\Windows\WER\Temp\WER930.tmp.txt
\\?\C:\Users\mari\AppData\Local\Temp\WER86EE.tmp.appcompat.txt
\\?\C:\ProgramData\Microsoft\Windows\WER\ReportQueue\AppCrash_Microsoft.Messag_efd5c317f7fe692981376df3057cfcecbaca39_8e3cbe50_cab_cea6a409-a25a-4b54-b284-f366f58214d0\memory.hdmp

These files may be available here:
\\?\C:\ProgramData\Microsoft\Windows\WER\ReportQueue\AppCrash_Microsoft.Messag_efd5c317f7fe692981376df3057cfcecbaca39_8e3cbe50_cab_cea6a409-a25a-4b54-b284-f366f58214d0

Analysis symbol: 
Rechecking for solution: 0
Report Id: 72108876-fb30-429b-8a64-06e3f409607b
Report Status: 100
Hashed bucket: 
Cab Guid: 0""",0,2024-12-10T14:40:17.5227443Z,191,0,DESKTOP-QGB4EQH,0,0,INFORMATION,Windows Error Reporting,9,FALSE,4,Summary event of the report's signatures.,"[""windows"",""windows_application""]",60608,windows_eventchannel,log,"Dec 10, 2024 @ 14:40:17.567",EventChannel,1733841617,"Dec 10, 2024 @ 14:40:17.567","0, MoAppCrash, Not available, 0, Microsoft.Messaging_4.1901.10241.1000_x64__8wekyb3d8bbwe, praid:x27e26f40ye031y48a6yb130yd1f20388991ax, 10.0.19041.3636, e9186526, MessagingNativeCore.dll, 4.1901.1901.24001, 5c4a52fc, c0000005, 000000000000d2d8,   \\\\?\\C:\\Users\\mari\\AppData\\Local\\Packages\\Microsoft.Messaging_8wekyb3d8bbwe\\LocalCache\\MessagingBackgroundTaskLog.etl  \\\\?\\C:\\ProgramData\\Microsoft\\Windows\\WER\\Temp\\WER779.tmp.mdmp  \\\\?\\C:\\ProgramData\\Microsoft\\Windows\\WER\\Temp\\WER855.tmp.WERInternalMetadata.xml  \\\\?\\C:\\ProgramData\\Microsoft\\Windows\\WER\\Temp\\WER8A4.tmp.xml  \\\\?\\C:\\ProgramData\\Microsoft\\Windows\\WER\\Temp\\WER900.tmp.csv  \\\\?\\C:\\ProgramData\\Microsoft\\Windows\\WER\\Temp\\WER930.tmp.txt  \\\\?\\C:\\Users\\mari\\AppData\\Local\\Temp\\WER86EE.tmp.appcompat.txt  \\\\?\\C:\\ProgramData\\Microsoft\\Windows\\WER\\ReportQueue\\AppCrash_Microsoft.Messag_efd5c317f7fe692981376df3057cfcecbaca39_8e3cbe50_cab_cea6a409-a25a-4b54-b284-f366f58214d0\\memory.hdmp, \\\\?\\C:\\ProgramData\\Microsoft\\Windows\\WER\\ReportQueue\\AppCrash_Microsoft.Messag_efd5c317f7fe692981376df3057cfcecbaca39_8e3cbe50_cab_cea6a409-a25a-4b54-b284-f366f58214d0, 0, 72108876-fb30-429b-8a64-06e3f409607b, 100, 0", , , , , , , , , , , , , , , , , , , , , , , , , , , , , , , , , , , , , , , , , , , , , , , , , , , , , , , , , , , , , , , , , , , , , , , , , , , , , , , , , , , , , , , , , , , , , , , , , , , , , , , , , , , , , , , , , , , , , , , , , , , , , , , , , , , , , , , , , , , , , , , , , , , , , , , 
wazuh-alerts-4.x-2024.12.10,6McHsZMBnOFSf1lyrUW1,1,1,192.168.117.136,window-agent3,3,Maryam, , , ,11,0x8000000000000000,{5770385f-c22a-43e0-bf4c-06f5698ffbd9},4,Microsoft-Windows-Sysmon/Operational,0,"""File created:
RuleName: technique_id=T1059.007,technique_name=JavaScript
UtcTime: 2024-12-10 14:44:44.538
ProcessGuid: {15959494-51a8-6758-3401-000000000200}
ProcessId: 5828
Image: C:\Windows\SystemApps\Microsoft.Windows.Search_cw5n1h2txyewy\SearchApp.exe
TargetFilename: C:\Users\mari\AppData\Local\Packages\Microsoft.Windows.Search_cw5n1h2txyewy\AC\INetCache\9F2F9MHX\vendors.7204152feee825630c62[1].js
CreationUtcTime: 2024-12-10 14:44:44.538
User: DESKTOP-QGB4EQH\mari""",2,2024-12-10T14:44:44.5528761Z,3925,3480,DESKTOP-QGB4EQH,11,2452,INFORMATION,Microsoft-Windows-Sysmon,10,FALSE,6,Scripting file created under Windows Temp or User folder,"[""sysmon"",""sysmon_eid11_detections"",""windows""]",92200,windows_eventchannel,log,"Dec 10, 2024 @ 14:44:45.579",EventChannel,1733841885,"Dec 10, 2024 @ 14:44:45.579", , , , , , ,C:\\Windows\\SystemApps\\Microsoft.Windows.Search_cw5n1h2txyewy\\SearchApp.exe, , , , , , ,{15959494-51a8-6758-3401-000000000200},5828,44:44.5, ,"technique_id=T1059.007,technique_name=JavaScript", , ,DESKTOP-QGB4EQH\\mari,"[""Command and Scripting Interpreter"",""Ingress Tool Transfer""]","[""T1059"",""T1105""]","[""Execution"",""Command and Control""]", ,C:\\Users\\mari\\AppData\\Local\\Packages\\Microsoft.Windows.Search_cw5n1h2txyewy\\AC\\INetCache\\9F2F9MHX\\vendors.7204152feee825630c62[1].js,44:44.5, , , , , , , , , , , , , , , , , , , , , , , , , , , , , , , , , , , , , , , , , , , , , , , , , , , , , , , , , , , , , , , , , , , , , , , , , , , , , , , , , , , , , , , , , , , , , , , , , , , , , , , , , , , , , , , , , , , , , , , , , , , , , 
wazuh-alerts-4.x-2024.12.10,6ccHsZMBnOFSf1lyrUW1,1,1,192.168.117.136,window-agent3,3,Maryam, , , ,11,0x8000000000000000,{5770385f-c22a-43e0-bf4c-06f5698ffbd9},4,Microsoft-Windows-Sysmon/Operational,0,"""File created:
RuleName: technique_id=T1059.007,technique_name=JavaScript
UtcTime: 2024-12-10 14:44:46.663
ProcessGuid: {15959494-51a8-6758-3401-000000000200}
ProcessId: 5828
Image: C:\Windows\SystemApps\Microsoft.Windows.Search_cw5n1h2txyewy\SearchApp.exe
TargetFilename: C:\Users\mari\AppData\Local\Packages\Microsoft.Windows.Search_cw5n1h2txyewy\AC\INetCache\6IYNEI2H\common.e88fd2bdccf79cf138e5[1].js
CreationUtcTime: 2024-12-10 14:44:46.663
User: DESKTOP-QGB4EQH\mari""",2,2024-12-10T14:44:46.6655807Z,3926,3480,DESKTOP-QGB4EQH,11,2452,INFORMATION,Microsoft-Windows-Sysmon,11,FALSE,6,Scripting file created under Windows Temp or User folder,"[""sysmon"",""sysmon_eid11_detections"",""windows""]",92200,windows_eventchannel,log,"Dec 10, 2024 @ 14:44:47.720",EventChannel,1733841887,"Dec 10, 2024 @ 14:44:47.720", , , , , , ,C:\\Windows\\SystemApps\\Microsoft.Windows.Search_cw5n1h2txyewy\\SearchApp.exe, , , , , , ,{15959494-51a8-6758-3401-000000000200},5828,44:46.7, ,"technique_id=T1059.007,technique_name=JavaScript", , ,DESKTOP-QGB4EQH\\mari,"[""Command and Scripting Interpreter"",""Ingress Tool Transfer""]","[""T1059"",""T1105""]","[""Execution"",""Command and Control""]", ,C:\\Users\\mari\\AppData\\Local\\Packages\\Microsoft.Windows.Search_cw5n1h2txyewy\\AC\\INetCache\\6IYNEI2H\\common.e88fd2bdccf79cf138e5[1].js,44:46.7, , , , , , , , , , , , , , , , , , , , , , , , , , , , , , , , , , , , , , , , , , , , , , , , , , , , , , , , , , , , , , , , , , , , , , , , , , , , , , , , , , , , , , , , , , , , , , , , , , , , , , , , , , , , , , , , , , , , , , , , , , , , , 
wazuh-alerts-4.x-2024.12.10,3scBsZMBnOFSf1lyokWz,1,1,192.168.117.136,window-agent3,3,Maryam, , , ,1001,0x80000000000000, ,4,Application,0,"""Fault bucket , type 0
Event Name: WinSetupDiag02
Response: Not available
Cab Id: 0

Problem signature:
P1: 6
P2: 4
P3: 9
P4: 0
P5: 0x0
P6: 0x0
P7: 17134
P8: rs4_release
P9: 19041
P10: vb_release

Attached files:
\\?\C:\Windows\Panther\SetupAct.log
\\?\C:\Windows\Panther\diagerr.xml
\\?\C:\Windows\inf\setupapi.setup.log
\\?\C:\Windows\inf\setupapi.offline.log
\\?\C:\ProgramData\Microsoft\Windows\WER\Temp\WERB490.tmp.WERInternalMetadata.xml
\\?\C:\ProgramData\Microsoft\Windows\WER\Temp\WERB4FF.tmp.xml
\\?\C:\ProgramData\Microsoft\Windows\WER\Temp\WERB617.tmp.csv
\\?\C:\ProgramData\Microsoft\Windows\WER\Temp\WERB6A5.tmp.txt

These files may be available here:
\\?\C:\ProgramData\Microsoft\Windows\WER\ReportQueue\NonCritical_6_e8bac0f030fc75db5b976c646adca3518956289e_00000000_cab_5f940e30-2bfd-441f-b23c-3b081a033ec1

Analysis symbol: 
Rechecking for solution: 0
Report Id: 5f940e30-2bfd-441f-b23c-3b081a033ec1
Report Status: 100
Hashed bucket: 
Cab Guid: 0""",0,2024-12-10T14:38:05.3239048Z,186,0,DESKTOP-QGB4EQH,0,0,INFORMATION,Windows Error Reporting,4,FALSE,4,Summary event of the report's signatures.,"[""windows"",""windows_application""]",60608,windows_eventchannel,log,"Dec 10, 2024 @ 14:38:05.370",EventChannel,1733841485,"Dec 10, 2024 @ 14:38:05.370","0, WinSetupDiag02, Not available, 0, 6, 4, 9, 0, 0x0, 0x0, 17134, rs4_release, 19041, vb_release,   \\\\?\\C:\\Windows\\Panther\\SetupAct.log  \\\\?\\C:\\Windows\\Panther\\diagerr.xml  \\\\?\\C:\\Windows\\inf\\setupapi.setup.log  \\\\?\\C:\\Windows\\inf\\setupapi.offline.log  \\\\?\\C:\\ProgramData\\Microsoft\\Windows\\WER\\Temp\\WERB490.tmp.WERInternalMetadata.xml  \\\\?\\C:\\ProgramData\\Microsoft\\Windows\\WER\\Temp\\WERB4FF.tmp.xml  \\\\?\\C:\\ProgramData\\Microsoft\\Windows\\WER\\Temp\\WERB617.tmp.csv  \\\\?\\C:\\ProgramData\\Microsoft\\Windows\\WER\\Temp\\WERB6A5.tmp.txt, \\\\?\\C:\\ProgramData\\Microsoft\\Windows\\WER\\ReportQueue\\NonCritical_6_e8bac0f030fc75db5b976c646adca3518956289e_00000000_cab_5f940e30-2bfd-441f-b23c-3b081a033ec1, 0, 5f940e30-2bfd-441f-b23c-3b081a033ec1, 100, 0", , , , , , , , , , , , , , , , , , , , , , , , , , , , , , , , , , , , , , , , , , , , , , , , , , , , , , , , , , , , , , , , , , , , , , , , , , , , , , , , , , , , , , , , , , , , , , , , , , , , , , , , , , , , , , , , , , , , , , , , , , , , , , , , , , , , , , , , , , , , , , , , , , , , , , , 
wazuh-alerts-4.x-2024.12.10,4scDsZMBnOFSf1lyAkVK,1,1,192.168.117.136,window-agent3,3,Maryam, , , ,1001,0x80000000000000, ,4,Application,0,"""Fault bucket , type 0
Event Name: WinSetupDiag02
Response: Not available
Cab Id: 0

Problem signature:
P1: 6
P2: 4
P3: 9
P4: 0
P5: 0x0
P6: 0x0
P7: 17134
P8: rs4_release
P9: 19041
P10: vb_release

Attached files:
\\?\C:\Windows\Panther\SetupAct.log
\\?\C:\Windows\Panther\diagerr.xml
\\?\C:\Windows\inf\setupapi.setup.log
\\?\C:\Windows\inf\setupapi.offline.log
\\?\C:\ProgramData\Microsoft\Windows\WER\Temp\WERB490.tmp.WERInternalMetadata.xml
\\?\C:\ProgramData\Microsoft\Windows\WER\Temp\WERB4FF.tmp.xml
\\?\C:\ProgramData\Microsoft\Windows\WER\Temp\WERB617.tmp.csv
\\?\C:\ProgramData\Microsoft\Windows\WER\Temp\WERB6A5.tmp.txt

These files may be available here:
\\?\C:\ProgramData\Microsoft\Windows\WER\ReportQueue\NonCritical_6_e8bac0f030fc75db5b976c646adca3518956289e_00000000_cab_5f940e30-2bfd-441f-b23c-3b081a033ec1

Analysis symbol: 
Rechecking for solution: 0
Report Id: 5f940e30-2bfd-441f-b23c-3b081a033ec1
Report Status: 100
Hashed bucket: 
Cab Guid: 0""",0,2024-12-10T14:39:37.3981013Z,190,0,DESKTOP-QGB4EQH,0,0,INFORMATION,Windows Error Reporting,8,FALSE,4,Summary event of the report's signatures.,"[""windows"",""windows_application""]",60608,windows_eventchannel,log,"Dec 10, 2024 @ 14:39:37.450",EventChannel,1733841577,"Dec 10, 2024 @ 14:39:37.450","0, WinSetupDiag02, Not available, 0, 6, 4, 9, 0, 0x0, 0x0, 17134, rs4_release, 19041, vb_release,   \\\\?\\C:\\Windows\\Panther\\SetupAct.log  \\\\?\\C:\\Windows\\Panther\\diagerr.xml  \\\\?\\C:\\Windows\\inf\\setupapi.setup.log  \\\\?\\C:\\Windows\\inf\\setupapi.offline.log  \\\\?\\C:\\ProgramData\\Microsoft\\Windows\\WER\\Temp\\WERB490.tmp.WERInternalMetadata.xml  \\\\?\\C:\\ProgramData\\Microsoft\\Windows\\WER\\Temp\\WERB4FF.tmp.xml  \\\\?\\C:\\ProgramData\\Microsoft\\Windows\\WER\\Temp\\WERB617.tmp.csv  \\\\?\\C:\\ProgramData\\Microsoft\\Windows\\WER\\Temp\\WERB6A5.tmp.txt, \\\\?\\C:\\ProgramData\\Microsoft\\Windows\\WER\\ReportQueue\\NonCritical_6_e8bac0f030fc75db5b976c646adca3518956289e_00000000_cab_5f940e30-2bfd-441f-b23c-3b081a033ec1, 0, 5f940e30-2bfd-441f-b23c-3b081a033ec1, 100, 0", , , , , , , , , , , , , , , , , , , , , , , , , , , , , , , , , , , , , , , , , , , , , , , , , , , , , , , , , , , , , , , , , , , , , , , , , , , , , , , , , , , , , , , , , , , , , , , , , , , , , , , , , , , , , , , , , , , , , , , , , , , , , , , , , , , , , , , , , , , , , , , , , , , , , , , 
wazuh-alerts-4.x-2024.12.10,z8cAsZMBnOFSf1lyfUWy,1,1,192.168.117.136,window-agent3,3,Maryam, , , ,8198,0x80000000000000,{E23B33B0-C8C9-472C-A5F9-F2BDFEA0F156},2,Application,0,"""License Activation (slui.exe) failed with the following error code:
hr=0x80004005
Command-line arguments:
RuleId=31e71c49-8da7-4a2f-ad92-45d98a1c79ba;Action=AutoActivate;AppId=55c92734-d682-4d71-983e-d6ec3f16059f;SkuId=4de7cb65-cdf1-4de9-8ae8-e3cce27b9f2c;NotificationInterval=1440;Trigger=UserLogon;SessionId=1""",0,2024-12-10T14:36:54.9329319Z,181,0,DESKTOP-QGB4EQH,0,0,ERROR,Microsoft-Windows-Security-SPP,3,FALSE,5,License activation (slui.exe) failed.,"[""windows"",""windows_application""]",60646,windows_eventchannel,log,"Dec 10, 2024 @ 14:36:55.016",EventChannel,1733841415,"Dec 10, 2024 @ 14:36:55.016","hr=0x80004005, RuleId=31e71c49-8da7-4a2f-ad92-45d98a1c79ba;Action=AutoActivate;AppId=55c92734-d682-4d71-983e-d6ec3f16059f;SkuId=4de7cb65-cdf1-4de9-8ae8-e3cce27b9f2c;NotificationInterval=1440;Trigger=UserLogon;SessionId=1", ,Software Protection Platform Service, , , , , , , , , , , , , , , , , , , , , , , , , , , , , , , , , , , , , , , , , , , , , , , , , , , , , , , , , , , , , , , , , , , , , , , , , , , , , , , , , , , , , , , , , , , , , , , , , , , , , , , , , , , , , , , , , , , , , , , , , , , , , , , , , , , , , , , , , , , , , , , , , , , , , 
wazuh-alerts-4.x-2024.12.10,9scIsZMBnOFSf1lyIkXe,1,1,192.168.117.136,window-agent3,3,Maryam, , , ,7,0x8000000000000000,{5770385f-c22a-43e0-bf4c-06f5698ffbd9},4,Microsoft-Windows-Sysmon/Operational,0,"""Image loaded:
RuleName: technique_id=T1053,technique_name=Scheduled Task
UtcTime: 2024-12-10 14:45:13.585
ProcessGuid: {15959494-53f5-6758-bf01-000000000200}
ProcessId: 9036
Image: C:\Windows\System32\provtool.exe
ImageLoaded: C:\Windows\System32\taskschd.dll
FileVersion: 10.0.19041.3636 (WinBuild.160101.0800)
Description: Task Scheduler COM API
Product: Microsoft® Windows® Operating System
Company: Microsoft Corporation
OriginalFileName: taskschd.dll
Hashes: SHA1=633C92F5A5000CDE3235C7FDC306B2B04C501C48,MD5=84F942C1A4BD60C94EBEC6643E0216C9,SHA256=BBE733452E6CE871D5D2064948847AAB2A71F7FEDA2C962BA4002F64E2D198F2,IMPHASH=B7A4477FA36E2E5287EE76AC4AFCB05B
Signed: true
Signature: Microsoft Windows
SignatureStatus: Valid
User: NT AUTHORITY\SYSTEM""",3,2024-12-10T14:45:13.5978576Z,3994,3480,DESKTOP-QGB4EQH,7,2452,INFORMATION,Microsoft-Windows-Sysmon,39,FALSE,4,Process loaded taskschd.dll module. May be used to create delayed malware execution,"[""sysmon"",""sysmon_eid7_detections"",""windows""]",92154,windows_eventchannel,log,"Dec 10, 2024 @ 14:45:14.641",EventChannel,1733841914,"Dec 10, 2024 @ 14:45:14.641", , , , , ,taskschd.dll,C:\\Windows\\System32\\provtool.exe,Microsoft® Windows® Operating System,Microsoft Windows,C:\\Windows\\System32\\taskschd.dll,Task Scheduler COM API,TRUE,Valid,{15959494-53f5-6758-bf01-000000000200},9036,45:13.6,"SHA1=633C92F5A5000CDE3235C7FDC306B2B04C501C48,MD5=84F942C1A4BD60C94EBEC6643E0216C9,SHA256=BBE733452E6CE871D5D2064948847AAB2A71F7FEDA2C962BA4002F64E2D198F2,IMPHASH=B7A4477FA36E2E5287EE76AC4AFCB05B","technique_id=T1053,technique_name=Scheduled Task",Microsoft Corporation,10.0.19041.3636 (WinBuild.160101.0800),NT AUTHORITY\\SYSTEM,"[""Scheduled Task""]","[""T1053.005""]","[""Execution"",""Persistence"",""Privilege Escalation""]", , , , , , , , , , , , , , , , , , , , , , , , , , , , , , , , , , , , , , , , , , , , , , , , , , , , , , , , , , , , , , , , , , , , , , , , , , , , , , , , , , , , , , , , , , , , , , , , , , , , , , , , , , , , , , , , , , , , , , , , , , , , , , , , 
wazuh-alerts-4.x-2024.12.10,AMcIsZMBnOFSf1ly2kZ-,1,1,192.168.117.136,window-agent3,3,Maryam, , , ,11,0x8000000000000000,{5770385f-c22a-43e0-bf4c-06f5698ffbd9},4,Microsoft-Windows-Sysmon/Operational,0,"""File created:
RuleName: technique_id=T1574.010,technique_name=Services File Permissions Weakness
UtcTime: 2024-12-10 14:45:58.335
ProcessGuid: {15959494-5426-6758-db01-000000000200}
ProcessId: 3812
Image: C:\Windows\Microsoft.NET\Framework64\v4.0.30319\mscorsvw.exe
TargetFilename: C:\Windows\assembly\NativeImages_v2.0.50727_64\Temp\ZAP16F3.tmp\PresentationFramework.Aero.dll
CreationUtcTime: 2024-12-10 14:45:58.335
User: NT AUTHORITY\SYSTEM""",2,2024-12-10T14:45:58.3466857Z,4076,3480,DESKTOP-QGB4EQH,11,2452,INFORMATION,Microsoft-Windows-Sysmon,26,FALSE,6,Executable dropped in Windows root folder,"[""sysmon"",""sysmon_eid11_detections"",""windows""]",92217,windows_eventchannel,log,"Dec 10, 2024 @ 14:45:58.608",EventChannel,1733841958,"Dec 10, 2024 @ 14:45:58.608", , , , , , ,C:\\Windows\\Microsoft.NET\\Framework64\\v4.0.30319\\mscorsvw.exe, , , , , , ,{15959494-5426-6758-db01-000000000200},3812,45:58.3, ,"technique_id=T1574.010,technique_name=Services File Permissions Weakness", , ,NT AUTHORITY\\SYSTEM,"[""Lateral Tool Transfer""]","[""T1570""]","[""Lateral Movement""]", ,C:\\Windows\\assembly\\NativeImages_v2.0.50727_64\\Temp\\ZAP16F3.tmp\\PresentationFramework.Aero.dll,45:58.3, , , , , , , , , , , , , , , , , , , , , , , , , , , , , , , , , , , , , , , , , , , , , , , , , , , , , , , , , , , , , , , , , , , , , , , , , , , , , , , , , , , , , , , , , , , , , , , , , , , , , , , , , , , , , , , , , , , , , , , , , , , , , 
wazuh-alerts-4.x-2024.12.10,AscIsZMBnOFSf1ly2kZ-,1,1,192.168.117.136,window-agent3,3,Maryam, , , ,11,0x8000000000000000,{5770385f-c22a-43e0-bf4c-06f5698ffbd9},4,Microsoft-Windows-Sysmon/Operational,0,"""File created:
RuleName: technique_id=T1574.010,technique_name=Services File Permissions Weakness
UtcTime: 2024-12-10 14:46:03.194
ProcessGuid: {15959494-5427-6758-e001-000000000200}
ProcessId: 9036
Image: C:\Windows\Microsoft.NET\Framework64\v4.0.30319\mscorsvw.exe
TargetFilename: C:\Windows\assembly\NativeImages_v2.0.50727_64\Temp\ZAP1C04.tmp\System.Data.dll
CreationUtcTime: 2024-12-10 14:46:03.194
User: NT AUTHORITY\SYSTEM""",2,2024-12-10T14:46:03.2103561Z,4095,3480,DESKTOP-QGB4EQH,11,2452,INFORMATION,Microsoft-Windows-Sysmon,28,FALSE,6,Executable dropped in Windows root folder,"[""sysmon"",""sysmon_eid11_detections"",""windows""]",92217,windows_eventchannel,log,"Dec 10, 2024 @ 14:46:04.251",EventChannel,1733841964,"Dec 10, 2024 @ 14:46:04.251", , , , , , ,C:\\Windows\\Microsoft.NET\\Framework64\\v4.0.30319\\mscorsvw.exe, , , , , , ,{15959494-5427-6758-e001-000000000200},9036,46:03.2, ,"technique_id=T1574.010,technique_name=Services File Permissions Weakness", , ,NT AUTHORITY\\SYSTEM,"[""Lateral Tool Transfer""]","[""T1570""]","[""Lateral Movement""]", ,C:\\Windows\\assembly\\NativeImages_v2.0.50727_64\\Temp\\ZAP1C04.tmp\\System.Data.dll,46:03.2, , , , , , , , , , , , , , , , , , , , , , , , , , , , , , , , , , , , , , , , , , , , , , , , , , , , , , , , , , , , , , , , , , , , , , , , , , , , , , , , , , , , , , , , , , , , , , , , , , , , , , , , , , , , , , , , , , , , , , , , , , , , , 
wazuh-alerts-4.x-2024.12.10,'-McIsZMBnOFSf1lySUXr,1,1,192.168.117.136,window-agent3,3,Maryam, , , ,11,0x8000000000000000,{5770385f-c22a-43e0-bf4c-06f5698ffbd9},4,Microsoft-Windows-Sysmon/Operational,0,"""File created:
RuleName: technique_id=T1574.010,technique_name=Services File Permissions Weakness
UtcTime: 2024-12-10 14:45:24.757
ProcessGuid: {15959494-5400-6758-cf01-000000000200}
ProcessId: 2588
Image: C:\Windows\Microsoft.NET\Framework64\v4.0.30319\mscorsvw.exe
TargetFilename: C:\Windows\assembly\NativeImages_v2.0.50727_64\Temp\ZAP836E.tmp\System.dll
CreationUtcTime: 2024-12-10 14:45:24.757
User: NT AUTHORITY\SYSTEM""",2,2024-12-10T14:45:24.7691359Z,4013,3480,DESKTOP-QGB4EQH,11,2452,INFORMATION,Microsoft-Windows-Sysmon,20,FALSE,6,Executable dropped in Windows root folder,"[""sysmon"",""sysmon_eid11_detections"",""windows""]",92217,windows_eventchannel,log,"Dec 10, 2024 @ 14:45:25.801",EventChannel,1733841925,"Dec 10, 2024 @ 14:45:25.801", , , , , , ,C:\\Windows\\Microsoft.NET\\Framework64\\v4.0.30319\\mscorsvw.exe, , , , , , ,{15959494-5400-6758-cf01-000000000200},2588,45:24.8, ,"technique_id=T1574.010,technique_name=Services File Permissions Weakness", , ,NT AUTHORITY\\SYSTEM,"[""Lateral Tool Transfer""]","[""T1570""]","[""Lateral Movement""]", ,C:\\Windows\\assembly\\NativeImages_v2.0.50727_64\\Temp\\ZAP836E.tmp\\System.dll,45:24.8, , , , , , , , , , , , , , , , , , , , , , , , , , , , , , , , , , , , , , , , , , , , , , , , , , , , , , , , , , , , , , , , , , , , , , , , , , , , , , , , , , , , , , , , , , , , , , , , , , , , , , , , , , , , , , , , , , , , , , , , , , , , , 
wazuh-alerts-4.x-2024.12.10,'-ccIsZMBnOFSf1lyTUXT,1,1,192.168.117.136,window-agent3,3,Maryam, , , ,11,0x8000000000000000,{5770385f-c22a-43e0-bf4c-06f5698ffbd9},4,Microsoft-Windows-Sysmon/Operational,0,"""File created:
RuleName: technique_id=T1574.010,technique_name=Services File Permissions Weakness
UtcTime: 2024-12-10 14:45:28.632
ProcessGuid: {15959494-5405-6758-d001-000000000200}
ProcessId: 6216
Image: C:\Windows\Microsoft.NET\Framework64\v4.0.30319\mscorsvw.exe
TargetFilename: C:\Windows\assembly\NativeImages_v2.0.50727_64\Temp\ZAP9688.tmp\System.Xml.dll
CreationUtcTime: 2024-12-10 14:45:28.632
User: NT AUTHORITY\SYSTEM""",2,2024-12-10T14:45:28.6447512Z,4023,3480,DESKTOP-QGB4EQH,11,2452,INFORMATION,Microsoft-Windows-Sysmon,21,FALSE,6,Executable dropped in Windows root folder,"[""sysmon"",""sysmon_eid11_detections"",""windows""]",92217,windows_eventchannel,log,"Dec 10, 2024 @ 14:45:29.687",EventChannel,1733841929,"Dec 10, 2024 @ 14:45:29.687", , , , , , ,C:\\Windows\\Microsoft.NET\\Framework64\\v4.0.30319\\mscorsvw.exe, , , , , , ,{15959494-5405-6758-d001-000000000200},6216,45:28.6, ,"technique_id=T1574.010,technique_name=Services File Permissions Weakness", , ,NT AUTHORITY\\SYSTEM,"[""Lateral Tool Transfer""]","[""T1570""]","[""Lateral Movement""]", ,C:\\Windows\\assembly\\NativeImages_v2.0.50727_64\\Temp\\ZAP9688.tmp\\System.Xml.dll,45:28.6, , , , , , , , , , , , , , , , , , , , , , , , , , , , , , , , , , , , , , , , , , , , , , , , , , , , , , , , , , , , , , , , , , , , , , , , , , , , , , , , , , , , , , , , , , , , , , , , , , , , , , , , , , , , , , , , , , , , , , , , , , , , , 
wazuh-alerts-4.x-2024.12.10,EMcJsZMBnOFSf1lyX0ZR,1,1,192.168.117.136,window-agent3,3,Maryam, , , ,11,0x8000000000000000,{5770385f-c22a-43e0-bf4c-06f5698ffbd9},4,Microsoft-Windows-Sysmon/Operational,0,"""File created:
RuleName: technique_id=T1574.010,technique_name=Services File Permissions Weakness
UtcTime: 2024-12-10 14:46:37.319
ProcessGuid: {15959494-544b-6758-2602-000000000200}
ProcessId: 8512
Image: C:\Windows\Microsoft.NET\Framework\v4.0.30319\mscorsvw.exe
TargetFilename: C:\Windows\assembly\NativeImages_v2.0.50727_32\Temp\ZAPA9FC.tmp\System.dll
CreationUtcTime: 2024-12-10 14:46:37.319
User: NT AUTHORITY\SYSTEM""",2,2024-12-10T14:46:37.3231585Z,4218,3480,DESKTOP-QGB4EQH,11,2452,INFORMATION,Microsoft-Windows-Sysmon,42,FALSE,6,Executable dropped in Windows root folder,"[""sysmon"",""sysmon_eid11_detections"",""windows""]",92217,windows_eventchannel,log,"Dec 10, 2024 @ 14:46:38.359",EventChannel,1733841998,"Dec 10, 2024 @ 14:46:38.359", , , , , , ,C:\\Windows\\Microsoft.NET\\Framework\\v4.0.30319\\mscorsvw.exe, , , , , , ,{15959494-544b-6758-2602-000000000200},8512,46:37.3, ,"technique_id=T1574.010,technique_name=Services File Permissions Weakness", , ,NT AUTHORITY\\SYSTEM,"[""Lateral Tool Transfer""]","[""T1570""]","[""Lateral Movement""]", ,C:\\Windows\\assembly\\NativeImages_v2.0.50727_32\\Temp\\ZAPA9FC.tmp\\System.dll,46:37.3, , , , , , , , , , , , , , , , , , , , , , , , , , , , , , , , , , , , , , , , , , , , , , , , , , , , , , , , , , , , , , , , , , , , , , , , , , , , , , , , , , , , , , , , , , , , , , , , , , , , , , , , , , , , , , , , , , , , , , , , , , , , , 
wazuh-alerts-4.x-2024.12.10,EccJsZMBnOFSf1lyX0ZR,1,1,192.168.117.136,window-agent3,3,Maryam, , , ,11,0x8000000000000000,{5770385f-c22a-43e0-bf4c-06f5698ffbd9},4,Microsoft-Windows-Sysmon/Operational,0,"""File created:
RuleName: technique_id=T1574.010,technique_name=Services File Permissions Weakness
UtcTime: 2024-12-10 14:46:38.741
ProcessGuid: {15959494-544d-6758-2702-000000000200}
ProcessId: 5848
Image: C:\Windows\Microsoft.NET\Framework\v4.0.30319\mscorsvw.exe
TargetFilename: C:\Windows\assembly\NativeImages_v2.0.50727_32\Temp\ZAPB0E2.tmp\System.Xml.dll
CreationUtcTime: 2024-12-10 14:46:38.741
User: NT AUTHORITY\SYSTEM""",2,2024-12-10T14:46:38.7555004Z,4228,3480,DESKTOP-QGB4EQH,11,2452,INFORMATION,Microsoft-Windows-Sysmon,43,FALSE,6,Executable dropped in Windows root folder,"[""sysmon"",""sysmon_eid11_detections"",""windows""]",92217,windows_eventchannel,log,"Dec 10, 2024 @ 14:46:39.782",EventChannel,1733841999,"Dec 10, 2024 @ 14:46:39.782", , , , , , ,C:\\Windows\\Microsoft.NET\\Framework\\v4.0.30319\\mscorsvw.exe, , , , , , ,{15959494-544d-6758-2702-000000000200},5848,46:38.7, ,"technique_id=T1574.010,technique_name=Services File Permissions Weakness", , ,NT AUTHORITY\\SYSTEM,"[""Lateral Tool Transfer""]","[""T1570""]","[""Lateral Movement""]", ,C:\\Windows\\assembly\\NativeImages_v2.0.50727_32\\Temp\\ZAPB0E2.tmp\\System.Xml.dll,46:38.7, , , , , , , , , , , , , , , , , , , , , , , , , , , , , , , , , , , , , , , , , , , , , , , , , , , , , , , , , , , , , , , , , , , , , , , , , , , , , , , , , , , , , , , , , , , , , , , , , , , , , , , , , , , , , , , , , , , , , , , , , , , , , 
wazuh-alerts-4.x-2024.12.10,DccJsZMBnOFSf1lyR0bf,1,1,192.168.117.136,window-agent3,3,Maryam, , , ,11,0x8000000000000000,{5770385f-c22a-43e0-bf4c-06f5698ffbd9},4,Microsoft-Windows-Sysmon/Operational,0,"""File created:
RuleName: technique_id=T1574.010,technique_name=Services File Permissions Weakness
UtcTime: 2024-12-10 14:46:31.226
ProcessGuid: {15959494-5445-6758-1202-000000000200}
ProcessId: 6484
Image: C:\Windows\Microsoft.NET\Framework64\v4.0.30319\mscorsvw.exe
TargetFilename: C:\Windows\assembly\NativeImages_v4.0.30319_64\Temp\1954-0\MIGUIControls.dll
CreationUtcTime: 2024-12-10 14:46:31.226
User: NT AUTHORITY\SYSTEM""",2,2024-12-10T14:46:31.2315049Z,4180,3480,DESKTOP-QGB4EQH,11,2452,INFORMATION,Microsoft-Windows-Sysmon,39,FALSE,6,Executable dropped in Windows root folder,"[""sysmon"",""sysmon_eid11_detections"",""windows""]",92217,windows_eventchannel,log,"Dec 10, 2024 @ 14:46:32.283",EventChannel,1733841992,"Dec 10, 2024 @ 14:46:32.283", , , , , , ,C:\\Windows\\Microsoft.NET\\Framework64\\v4.0.30319\\mscorsvw.exe, , , , , , ,{15959494-5445-6758-1202-000000000200},6484,46:31.2, ,"technique_id=T1574.010,technique_name=Services File Permissions Weakness", , ,NT AUTHORITY\\SYSTEM,"[""Lateral Tool Transfer""]","[""T1570""]","[""Lateral Movement""]", ,C:\\Windows\\assembly\\NativeImages_v4.0.30319_64\\Temp\\1954-0\\MIGUIControls.dll,46:31.2, , , , , , , , , , , , , , , , , , , , , , , , , , , , , , , , , , , , , , , , , , , , , , , , , , , , , , , , , , , , , , , , , , , , , , , , , , , , , , , , , , , , , , , , , , , , , , , , , , , , , , , , , , , , , , , , , , , , , , , , , , , , , 
wazuh-alerts-4.x-2024.12.10,DscJsZMBnOFSf1lyR0bf,1,1,192.168.117.136,window-agent3,3,Maryam, , , ,11,0x8000000000000000,{5770385f-c22a-43e0-bf4c-06f5698ffbd9},4,Microsoft-Windows-Sysmon/Operational,0,"""File created:
RuleName: technique_id=T1574.010,technique_name=Services File Permissions Weakness
UtcTime: 2024-12-10 14:46:31.538
ProcessGuid: {15959494-5447-6758-1402-000000000200}
ProcessId: 4992
Image: C:\Windows\Microsoft.NET\Framework64\v4.0.30319\mscorsvw.exe
TargetFilename: C:\Windows\assembly\NativeImages_v4.0.30319_64\Temp\1380-0\napcrypt.dll
CreationUtcTime: 2024-12-10 14:46:31.538
User: NT AUTHORITY\SYSTEM""",2,2024-12-10T14:46:31.5422602Z,4185,3480,DESKTOP-QGB4EQH,11,2452,INFORMATION,Microsoft-Windows-Sysmon,40,FALSE,6,Executable dropped in Windows root folder,"[""sysmon"",""sysmon_eid11_detections"",""windows""]",92217,windows_eventchannel,log,"Dec 10, 2024 @ 14:46:32.343",EventChannel,1733841992,"Dec 10, 2024 @ 14:46:32.343", , , , , , ,C:\\Windows\\Microsoft.NET\\Framework64\\v4.0.30319\\mscorsvw.exe, , , , , , ,{15959494-5447-6758-1402-000000000200},4992,46:31.5, ,"technique_id=T1574.010,technique_name=Services File Permissions Weakness", , ,NT AUTHORITY\\SYSTEM,"[""Lateral Tool Transfer""]","[""T1570""]","[""Lateral Movement""]", ,C:\\Windows\\assembly\\NativeImages_v4.0.30319_64\\Temp\\1380-0\\napcrypt.dll,46:31.5, , , , , , , , , , , , , , , , , , , , , , , , , , , , , , , , , , , , , , , , , , , , , , , , , , , , , , , , , , , , , , , , , , , , , , , , , , , , , , , , , , , , , , , , , , , , , , , , , , , , , , , , , , , , , , , , , , , , , , , , , , , , , 
wazuh-alerts-4.x-2024.12.10,8ccHsZMBnOFSf1ly6EVA,1,1,192.168.117.136,window-agent3,3,Maryam, , , ,11,0x8000000000000000,{5770385f-c22a-43e0-bf4c-06f5698ffbd9},4,Microsoft-Windows-Sysmon/Operational,0,"""File created:
RuleName: technique_id=T1059.007,technique_name=JavaScript
UtcTime: 2024-12-10 14:44:59.929
ProcessGuid: {15959494-51a8-6758-3401-000000000200}
ProcessId: 5828
Image: C:\Windows\SystemApps\Microsoft.Windows.Search_cw5n1h2txyewy\SearchApp.exe
TargetFilename: C:\Users\mari\AppData\Local\Packages\Microsoft.Windows.Search_cw5n1h2txyewy\AC\INetCache\76M51ZML\experience.873d7fcb18bda4c390ee[1].js
CreationUtcTime: 2024-12-10 14:44:59.929
User: DESKTOP-QGB4EQH\mari""",2,2024-12-10T14:44:59.9296460Z,3931,3480,DESKTOP-QGB4EQH,11,2452,INFORMATION,Microsoft-Windows-Sysmon,13,FALSE,6,Scripting file created under Windows Temp or User folder,"[""sysmon"",""sysmon_eid11_detections"",""windows""]",92200,windows_eventchannel,log,"Dec 10, 2024 @ 14:45:00.987",EventChannel,1733841900,"Dec 10, 2024 @ 14:45:00.987", , , , , , ,C:\\Windows\\SystemApps\\Microsoft.Windows.Search_cw5n1h2txyewy\\SearchApp.exe, , , , , , ,{15959494-51a8-6758-3401-000000000200},5828,44:59.9, ,"technique_id=T1059.007,technique_name=JavaScript", , ,DESKTOP-QGB4EQH\\mari,"[""Command and Scripting Interpreter"",""Ingress Tool Transfer""]","[""T1059"",""T1105""]","[""Execution"",""Command and Control""]", ,C:\\Users\\mari\\AppData\\Local\\Packages\\Microsoft.Windows.Search_cw5n1h2txyewy\\AC\\INetCache\\76M51ZML\\experience.873d7fcb18bda4c390ee[1].js,44:59.9, , , , , , , , , , , , , , , , , , , , , , , , , , , , , , , , , , , , , , , , , , , , , , , , , , , , , , , , , , , , , , , , , , , , , , , , , , , , , , , , , , , , , , , , , , , , , , , , , , , , , , , , , , , , , , , , , , , , , , , , , , , , , 
