wazuh-alerts-4.x-2024.12.10,sPRRspMBtNh2X6vnT97G,1,1,192.168.117.136,window-agent3,3,Maryam, , , ,11,0x8000000000000000,{5770385f-c22a-43e0-bf4c-06f5698ffbd9},4,Microsoft-Windows-Sysmon/Operational,0,"""File created:
RuleName: technique_id=T1059.007,technique_name=JavaScript
UtcTime: 2024-12-10 17:34:42.993
ProcessGuid: {15959494-7b83-6758-7900-000000000300}
ProcessId: 7100
Image: C:\Windows\SystemApps\Microsoft.Windows.Search_cw5n1h2txyewy\SearchApp.exe
TargetFilename: C:\Users\mari\AppData\Local\Packages\Microsoft.Windows.Search_cw5n1h2txyewy\AC\AppCache\BBKLM6WH\2\h0_ymK9wPEJMicnVALPw5taHcNA.br[1].js
CreationUtcTime: 2024-12-10 17:34:42.993
User: DESKTOP-QGB4EQH\mari""",2,2024-12-10T17:34:43.0003733Z,7255,3880,DESKTOP-QGB4EQH,11,2624,INFORMATION,Microsoft-Windows-Sysmon,7,FALSE,6,Scripting file created under Windows Temp or User folder,"[""sysmon"",""sysmon_eid11_detections"",""windows""]",92200,windows_eventchannel,log,"Dec 10, 2024 @ 17:34:43.760",EventChannel,1733852083,"Dec 10, 2024 @ 17:34:43.760", , , , , , ,C:\\Windows\\SystemApps\\Microsoft.Windows.Search_cw5n1h2txyewy\\SearchApp.exe, , , , , , ,{15959494-7b83-6758-7900-000000000300},7100,34:43.0, ,"technique_id=T1059.007,technique_name=JavaScript", , ,DESKTOP-QGB4EQH\\mari,"[""Command and Scripting Interpreter"",""Ingress Tool Transfer""]","[""T1059"",""T1105""]","[""Execution"",""Command and Control""]", ,C:\\Users\\mari\\AppData\\Local\\Packages\\Microsoft.Windows.Search_cw5n1h2txyewy\\AC\\AppCache\\BBKLM6WH\\2\\h0_ymK9wPEJMicnVALPw5taHcNA.br[1].js,34:43.0, , , , , , , , , , , , , , , , , , , , , , , , , , , , , , , , , , , , , , , , , , , , , , , , , , , , , , , , , , , , , , , , , , , , , , , , , , , , , , , , , , , , , , , , , , , , , , , , , , , , , , , , , , , , , , , , , , , , , , , , , , , , , 
wazuh-alerts-4.x-2024.12.10,tPRRspMBtNh2X6vnT97G,1,1,192.168.117.136,window-agent3,3,Maryam, , , ,1,0x8000000000000000,{5770385f-c22a-43e0-bf4c-06f5698ffbd9},4,Microsoft-Windows-Sysmon/Operational,0,"""Process Create:
RuleName: technique_id=T1018,technique_name=Remote System Discovery
UtcTime: 2024-12-10 17:34:43.968
ProcessGuid: {15959494-7bb3-6758-be00-000000000300}
ProcessId: 9208
Image: C:\Windows\SysWOW64\net1.exe
FileVersion: 10.0.19041.3636 (WinBuild.160101.0800)
Description: Net Command
Product: Microsoft® Windows® Operating System
Company: Microsoft Corporation
OriginalFileName: net1.exe
CommandLine: C:\WINDOWS\system32\net1 accounts
CurrentDirectory: C:\Program Files (x86)\ossec-agent\
User: NT AUTHORITY\SYSTEM
LogonGuid: {15959494-7aff-6758-e703-000000000000}
LogonId: 0x3E7
TerminalSessionId: 0
IntegrityLevel: System
Hashes: SHA1=3E46EB17BB05B8785C0B6A64587886EE95FACF66,MD5=4A26539015F4FDB3AC3C5EB14336C7A7,SHA256=B25CF32B7BB76D5A5121919C63E6AE77262347F4AD7B29EE3C43CBAA61F43957,IMPHASH=D45C7E138CFAD11059C95018C99B7C96
ParentProcessGuid: {15959494-7bb2-6758-bc00-000000000300}
ParentProcessId: 9152
ParentImage: C:\Windows\SysWOW64\net.exe
ParentCommandLine: net.exe accounts
ParentUser: NT AUTHORITY\SYSTEM""",5,2024-12-10T17:34:43.9728845Z,7259,3880,DESKTOP-QGB4EQH,1,2624,INFORMATION,Microsoft-Windows-Sysmon,6,FALSE,3,Discovery activity executed,"[""sysmon"",""sysmon_eid1_detections"",""windows""]",92031,windows_eventchannel,log,"Dec 10, 2024 @ 17:34:43.807",EventChannel,1733852083,"Dec 10, 2024 @ 17:34:43.807", , , , , ,net1.exe,C:\\Windows\\SysWOW64\\net1.exe,Microsoft® Windows® Operating System, , ,Net Command, , ,{15959494-7bb3-6758-be00-000000000300},9208,34:44.0,"SHA1=3E46EB17BB05B8785C0B6A64587886EE95FACF66,MD5=4A26539015F4FDB3AC3C5EB14336C7A7,SHA256=B25CF32B7BB76D5A5121919C63E6AE77262347F4AD7B29EE3C43CBAA61F43957,IMPHASH=D45C7E138CFAD11059C95018C99B7C96","technique_id=T1018,technique_name=Remote System Discovery",Microsoft Corporation,10.0.19041.3636 (WinBuild.160101.0800),NT AUTHORITY\\SYSTEM,"[""Account Discovery""]","[""T1087""]","[""Discovery""]", , , , , , , , , , , ,{15959494-7bb2-6758-bc00-000000000300},{15959494-7aff-6758-e703-000000000000},net.exe accounts,0x3e7,9152,C:\\Program Files (x86)\\ossec-agent\\,C:\\Windows\\SysWOW64\\net.exe,C:\\WINDOWS\\system32\\net1 accounts,System,0,NT AUTHORITY\\SYSTEM, , , , , , , , , , , , , , , , , , , , , , , , , , , , , , , , , , , , , , , , , , , , , , , , , , , , , , , , , , , , , , , , , , , , , , , , , , , , , , , , , , , , , , , , , , , , , , , , , , , , , , , , , , 
wazuh-alerts-4.x-2024.12.10,tfRRspMBtNh2X6vnT97G,1,1,192.168.117.136,window-agent3,3,Maryam, , , ,1,0x8000000000000000,{5770385f-c22a-43e0-bf4c-06f5698ffbd9},4,Microsoft-Windows-Sysmon/Operational,0,"""Process Create:
RuleName: technique_id=T1018,technique_name=Remote System Discovery
UtcTime: 2024-12-10 17:34:44.221
ProcessGuid: {15959494-7bb4-6758-bf00-000000000300}
ProcessId: 1392
Image: C:\Windows\SysWOW64\net.exe
FileVersion: 10.0.19041.1 (WinBuild.160101.0800)
Description: Net Command
Product: Microsoft® Windows® Operating System
Company: Microsoft Corporation
OriginalFileName: net.exe
CommandLine: net.exe accounts
CurrentDirectory: C:\Program Files (x86)\ossec-agent\
User: NT AUTHORITY\SYSTEM
LogonGuid: {15959494-7aff-6758-e703-000000000000}
LogonId: 0x3E7
TerminalSessionId: 0
IntegrityLevel: System
Hashes: SHA1=A5BADC2DD4DBAA8ED5F0A3646F7248BF060A2F13,MD5=31890A7DE89936F922D44D677F681A7F,SHA256=7C4C7725E266F12ABA8C50FD1598D4001201BCA0E7ACA901508307E365AFFF42,IMPHASH=AC592B83B5CAEB41A6F6DF7DB53F9076
ParentProcessGuid: {15959494-7b03-6758-3400-000000000300}
ParentProcessId: 2704
ParentImage: C:\Program Files (x86)\ossec-agent\wazuh-agent.exe
ParentCommandLine: ""C:\Program Files (x86)\ossec-agent\wazuh-agent.exe""
ParentUser: NT AUTHORITY\SYSTEM""",5,2024-12-10T17:34:44.2233470Z,7260,3880,DESKTOP-QGB4EQH,1,2624,INFORMATION,Microsoft-Windows-Sysmon,7,FALSE,3,Discovery activity executed,"[""sysmon"",""sysmon_eid1_detections"",""windows""]",92031,windows_eventchannel,log,"Dec 10, 2024 @ 17:34:44.981",EventChannel,1733852084,"Dec 10, 2024 @ 17:34:44.981", , , , , ,net.exe,C:\\Windows\\SysWOW64\\net.exe,Microsoft® Windows® Operating System, , ,Net Command, , ,{15959494-7bb4-6758-bf00-000000000300},1392,34:44.2,"SHA1=A5BADC2DD4DBAA8ED5F0A3646F7248BF060A2F13,MD5=31890A7DE89936F922D44D677F681A7F,SHA256=7C4C7725E266F12ABA8C50FD1598D4001201BCA0E7ACA901508307E365AFFF42,IMPHASH=AC592B83B5CAEB41A6F6DF7DB53F9076","technique_id=T1018,technique_name=Remote System Discovery",Microsoft Corporation,10.0.19041.1 (WinBuild.160101.0800),NT AUTHORITY\\SYSTEM,"[""Account Discovery""]","[""T1087""]","[""Discovery""]", , , , , , , , , , , ,{15959494-7b03-6758-3400-000000000300},{15959494-7aff-6758-e703-000000000000},"\""C:\\Program Files (x86)\\ossec-agent\\wazuh-agent.exe\""",0x3e7,2704,C:\\Program Files (x86)\\ossec-agent\\,C:\\Program Files (x86)\\ossec-agent\\wazuh-agent.exe,net.exe accounts,System,0,NT AUTHORITY\\SYSTEM, , , , , , , , , , , , , , , , , , , , , , , , , , , , , , , , , , , , , , , , , , , , , , , , , , , , , , , , , , , , , , , , , , , , , , , , , , , , , , , , , , , , , , , , , , , , , , , , , , , , , , , , , , 
wazuh-alerts-4.x-2024.12.10,t_RRspMBtNh2X6vnT97G,1,1,192.168.117.136,window-agent3,3,Maryam, , , ,1,0x8000000000000000,{5770385f-c22a-43e0-bf4c-06f5698ffbd9},4,Microsoft-Windows-Sysmon/Operational,0,"""Process Create:
RuleName: technique_id=T1018,technique_name=Remote System Discovery
UtcTime: 2024-12-10 17:34:45.687
ProcessGuid: {15959494-7bb5-6758-c300-000000000300}
ProcessId: 3872
Image: C:\Windows\SysWOW64\net1.exe
FileVersion: 10.0.19041.3636 (WinBuild.160101.0800)
Description: Net Command
Product: Microsoft® Windows® Operating System
Company: Microsoft Corporation
OriginalFileName: net1.exe
CommandLine: C:\WINDOWS\system32\net1 accounts
CurrentDirectory: C:\Program Files (x86)\ossec-agent\
User: NT AUTHORITY\SYSTEM
LogonGuid: {15959494-7aff-6758-e703-000000000000}
LogonId: 0x3E7
TerminalSessionId: 0
IntegrityLevel: System
Hashes: SHA1=3E46EB17BB05B8785C0B6A64587886EE95FACF66,MD5=4A26539015F4FDB3AC3C5EB14336C7A7,SHA256=B25CF32B7BB76D5A5121919C63E6AE77262347F4AD7B29EE3C43CBAA61F43957,IMPHASH=D45C7E138CFAD11059C95018C99B7C96
ParentProcessGuid: {15959494-7bb4-6758-bf00-000000000300}
ParentProcessId: 1392
ParentImage: C:\Windows\SysWOW64\net.exe
ParentCommandLine: net.exe accounts
ParentUser: NT AUTHORITY\SYSTEM""",5,2024-12-10T17:34:45.7855786Z,7262,3880,DESKTOP-QGB4EQH,1,2624,INFORMATION,Microsoft-Windows-Sysmon,8,FALSE,3,Discovery activity executed,"[""sysmon"",""sysmon_eid1_detections"",""windows""]",92031,windows_eventchannel,log,"Dec 10, 2024 @ 17:34:46.372",EventChannel,1733852086,"Dec 10, 2024 @ 17:34:46.372", , , , , ,net1.exe,C:\\Windows\\SysWOW64\\net1.exe,Microsoft® Windows® Operating System, , ,Net Command, , ,{15959494-7bb5-6758-c300-000000000300},3872,34:45.7,"SHA1=3E46EB17BB05B8785C0B6A64587886EE95FACF66,MD5=4A26539015F4FDB3AC3C5EB14336C7A7,SHA256=B25CF32B7BB76D5A5121919C63E6AE77262347F4AD7B29EE3C43CBAA61F43957,IMPHASH=D45C7E138CFAD11059C95018C99B7C96","technique_id=T1018,technique_name=Remote System Discovery",Microsoft Corporation,10.0.19041.3636 (WinBuild.160101.0800),NT AUTHORITY\\SYSTEM,"[""Account Discovery""]","[""T1087""]","[""Discovery""]", , , , , , , , , , , ,{15959494-7bb4-6758-bf00-000000000300},{15959494-7aff-6758-e703-000000000000},net.exe accounts,0x3e7,1392,C:\\Program Files (x86)\\ossec-agent\\,C:\\Windows\\SysWOW64\\net.exe,C:\\WINDOWS\\system32\\net1 accounts,System,0,NT AUTHORITY\\SYSTEM, , , , , , , , , , , , , , , , , , , , , , , , , , , , , , , , , , , , , , , , , , , , , , , , , , , , , , , , , , , , , , , , , , , , , , , , , , , , , , , , , , , , , , , , , , , , , , , , , , , , , , , , , , 
wazuh-alerts-4.x-2024.12.10,ufRRspMBtNh2X6vnT97G,1,1,192.168.117.136,window-agent3,3,Maryam, , , ,1,0x8000000000000000,{5770385f-c22a-43e0-bf4c-06f5698ffbd9},4,Microsoft-Windows-Sysmon/Operational,0,"""Process Create:
RuleName: technique_id=T1018,technique_name=Remote System Discovery
UtcTime: 2024-12-10 17:34:45.917
ProcessGuid: {15959494-7bb5-6758-c400-000000000300}
ProcessId: 8404
Image: C:\Windows\SysWOW64\net.exe
FileVersion: 10.0.19041.1 (WinBuild.160101.0800)
Description: Net Command
Product: Microsoft® Windows® Operating System
Company: Microsoft Corporation
OriginalFileName: net.exe
CommandLine: net.exe accounts
CurrentDirectory: C:\Program Files (x86)\ossec-agent\
User: NT AUTHORITY\SYSTEM
LogonGuid: {15959494-7aff-6758-e703-000000000000}
LogonId: 0x3E7
TerminalSessionId: 0
IntegrityLevel: System
Hashes: SHA1=A5BADC2DD4DBAA8ED5F0A3646F7248BF060A2F13,MD5=31890A7DE89936F922D44D677F681A7F,SHA256=7C4C7725E266F12ABA8C50FD1598D4001201BCA0E7ACA901508307E365AFFF42,IMPHASH=AC592B83B5CAEB41A6F6DF7DB53F9076
ParentProcessGuid: {15959494-7b03-6758-3400-000000000300}
ParentProcessId: 2704
ParentImage: C:\Program Files (x86)\ossec-agent\wazuh-agent.exe
ParentCommandLine: ""C:\Program Files (x86)\ossec-agent\wazuh-agent.exe""
ParentUser: NT AUTHORITY\SYSTEM""",5,2024-12-10T17:34:45.9191002Z,7263,3880,DESKTOP-QGB4EQH,1,2624,INFORMATION,Microsoft-Windows-Sysmon,9,FALSE,3,Discovery activity executed,"[""sysmon"",""sysmon_eid1_detections"",""windows""]",92031,windows_eventchannel,log,"Dec 10, 2024 @ 17:34:46.400",EventChannel,1733852086,"Dec 10, 2024 @ 17:34:46.400", , , , , ,net.exe,C:\\Windows\\SysWOW64\\net.exe,Microsoft® Windows® Operating System, , ,Net Command, , ,{15959494-7bb5-6758-c400-000000000300},8404,34:45.9,"SHA1=A5BADC2DD4DBAA8ED5F0A3646F7248BF060A2F13,MD5=31890A7DE89936F922D44D677F681A7F,SHA256=7C4C7725E266F12ABA8C50FD1598D4001201BCA0E7ACA901508307E365AFFF42,IMPHASH=AC592B83B5CAEB41A6F6DF7DB53F9076","technique_id=T1018,technique_name=Remote System Discovery",Microsoft Corporation,10.0.19041.1 (WinBuild.160101.0800),NT AUTHORITY\\SYSTEM,"[""Account Discovery""]","[""T1087""]","[""Discovery""]", , , , , , , , , , , ,{15959494-7b03-6758-3400-000000000300},{15959494-7aff-6758-e703-000000000000},"\""C:\\Program Files (x86)\\ossec-agent\\wazuh-agent.exe\""",0x3e7,2704,C:\\Program Files (x86)\\ossec-agent\\,C:\\Program Files (x86)\\ossec-agent\\wazuh-agent.exe,net.exe accounts,System,0,NT AUTHORITY\\SYSTEM, , , , , , , , , , , , , , , , , , , , , , , , , , , , , , , , , , , , , , , , , , , , , , , , , , , , , , , , , , , , , , , , , , , , , , , , , , , , , , , , , , , , , , , , , , , , , , , , , , , , , , , , , , 
wazuh-alerts-4.x-2024.12.10,vPRRspMBtNh2X6vnT97G,1,1,192.168.117.136,window-agent3,3,Maryam, , , ,1,0x8000000000000000,{5770385f-c22a-43e0-bf4c-06f5698ffbd9},4,Microsoft-Windows-Sysmon/Operational,0,"""Process Create:
RuleName: technique_id=T1018,technique_name=Remote System Discovery
UtcTime: 2024-12-10 17:34:46.251
ProcessGuid: {15959494-7bb6-6758-c800-000000000300}
ProcessId: 6856
Image: C:\Windows\SysWOW64\net1.exe
FileVersion: 10.0.19041.3636 (WinBuild.160101.0800)
Description: Net Command
Product: Microsoft® Windows® Operating System
Company: Microsoft Corporation
OriginalFileName: net1.exe
CommandLine: C:\WINDOWS\system32\net1 accounts
CurrentDirectory: C:\Program Files (x86)\ossec-agent\
User: NT AUTHORITY\SYSTEM
LogonGuid: {15959494-7aff-6758-e703-000000000000}
LogonId: 0x3E7
TerminalSessionId: 0
IntegrityLevel: System
Hashes: SHA1=3E46EB17BB05B8785C0B6A64587886EE95FACF66,MD5=4A26539015F4FDB3AC3C5EB14336C7A7,SHA256=B25CF32B7BB76D5A5121919C63E6AE77262347F4AD7B29EE3C43CBAA61F43957,IMPHASH=D45C7E138CFAD11059C95018C99B7C96
ParentProcessGuid: {15959494-7bb5-6758-c400-000000000300}
ParentProcessId: 8404
ParentImage: C:\Windows\SysWOW64\net.exe
ParentCommandLine: net.exe accounts
ParentUser: NT AUTHORITY\SYSTEM""",5,2024-12-10T17:34:46.2534586Z,7266,3880,DESKTOP-QGB4EQH,1,2624,INFORMATION,Microsoft-Windows-Sysmon,10,FALSE,3,Discovery activity executed,"[""sysmon"",""sysmon_eid1_detections"",""windows""]",92031,windows_eventchannel,log,"Dec 10, 2024 @ 17:34:46.432",EventChannel,1733852086,"Dec 10, 2024 @ 17:34:46.432", , , , , ,net1.exe,C:\\Windows\\SysWOW64\\net1.exe,Microsoft® Windows® Operating System, , ,Net Command, , ,{15959494-7bb6-6758-c800-000000000300},6856,34:46.3,"SHA1=3E46EB17BB05B8785C0B6A64587886EE95FACF66,MD5=4A26539015F4FDB3AC3C5EB14336C7A7,SHA256=B25CF32B7BB76D5A5121919C63E6AE77262347F4AD7B29EE3C43CBAA61F43957,IMPHASH=D45C7E138CFAD11059C95018C99B7C96","technique_id=T1018,technique_name=Remote System Discovery",Microsoft Corporation,10.0.19041.3636 (WinBuild.160101.0800),NT AUTHORITY\\SYSTEM,"[""Account Discovery""]","[""T1087""]","[""Discovery""]", , , , , , , , , , , ,{15959494-7bb5-6758-c400-000000000300},{15959494-7aff-6758-e703-000000000000},net.exe accounts,0x3e7,8404,C:\\Program Files (x86)\\ossec-agent\\,C:\\Windows\\SysWOW64\\net.exe,C:\\WINDOWS\\system32\\net1 accounts,System,0,NT AUTHORITY\\SYSTEM, , , , , , , , , , , , , , , , , , , , , , , , , , , , , , , , , , , , , , , , , , , , , , , , , , , , , , , , , , , , , , , , , , , , , , , , , , , , , , , , , , , , , , , , , , , , , , , , , , , , , , , , , , 
wazuh-alerts-4.x-2024.12.10,vfRRspMBtNh2X6vnT97G,1,1,192.168.117.136,window-agent3,3,Maryam, , , ,11,0x8000000000000000,{5770385f-c22a-43e0-bf4c-06f5698ffbd9},4,Microsoft-Windows-Sysmon/Operational,0,"""File created:
RuleName: technique_id=T1059.007,technique_name=JavaScript
UtcTime: 2024-12-10 17:34:46.415
ProcessGuid: {15959494-7b83-6758-7900-000000000300}
ProcessId: 7100
Image: C:\Windows\SystemApps\Microsoft.Windows.Search_cw5n1h2txyewy\SearchApp.exe
TargetFilename: C:\Users\mari\AppData\Local\Packages\Microsoft.Windows.Search_cw5n1h2txyewy\AC\AppCache\BBKLM6WH\2\p6wm2WLb8ijauB9Ev6BJn8A1qO0.br[1].js
CreationUtcTime: 2024-12-10 17:34:46.415
User: DESKTOP-QGB4EQH\mari""",2,2024-12-10T17:34:46.4268119Z,7268,3880,DESKTOP-QGB4EQH,11,2624,INFORMATION,Microsoft-Windows-Sysmon,14,FALSE,6,Scripting file created under Windows Temp or User folder,"[""sysmon"",""sysmon_eid11_detections"",""windows""]",92200,windows_eventchannel,log,"Dec 10, 2024 @ 17:34:46.468",EventChannel,1733852086,"Dec 10, 2024 @ 17:34:46.468", , , , , , ,C:\\Windows\\SystemApps\\Microsoft.Windows.Search_cw5n1h2txyewy\\SearchApp.exe, , , , , , ,{15959494-7b83-6758-7900-000000000300},7100,34:46.4, ,"technique_id=T1059.007,technique_name=JavaScript", , ,DESKTOP-QGB4EQH\\mari,"[""Command and Scripting Interpreter"",""Ingress Tool Transfer""]","[""T1059"",""T1105""]","[""Execution"",""Command and Control""]", ,C:\\Users\\mari\\AppData\\Local\\Packages\\Microsoft.Windows.Search_cw5n1h2txyewy\\AC\\AppCache\\BBKLM6WH\\2\\p6wm2WLb8ijauB9Ev6BJn8A1qO0.br[1].js,34:46.4, , , , , , , , , , , , , , , , , , , , , , , , , , , , , , , , , , , , , , , , , , , , , , , , , , , , , , , , , , , , , , , , , , , , , , , , , , , , , , , , , , , , , , , , , , , , , , , , , , , , , , , , , , , , , , , , , , , , , , , , , , , , , 
wazuh-alerts-4.x-2024.12.10,v_RRspMBtNh2X6vnT97G,1,1,192.168.117.136,window-agent3,3,Maryam, , , ,1,0x8000000000000000,{5770385f-c22a-43e0-bf4c-06f5698ffbd9},4,Microsoft-Windows-Sysmon/Operational,0,"""Process Create:
RuleName: technique_id=T1018,technique_name=Remote System Discovery
UtcTime: 2024-12-10 17:34:46.563
ProcessGuid: {15959494-7bb6-6758-cb00-000000000300}
ProcessId: 8540
Image: C:\Windows\SysWOW64\net1.exe
FileVersion: 10.0.19041.3636 (WinBuild.160101.0800)
Description: Net Command
Product: Microsoft® Windows® Operating System
Company: Microsoft Corporation
OriginalFileName: net1.exe
CommandLine: C:\WINDOWS\system32\net1 accounts
CurrentDirectory: C:\Program Files (x86)\ossec-agent\
User: NT AUTHORITY\SYSTEM
LogonGuid: {15959494-7aff-6758-e703-000000000000}
LogonId: 0x3E7
TerminalSessionId: 0
IntegrityLevel: System
Hashes: SHA1=3E46EB17BB05B8785C0B6A64587886EE95FACF66,MD5=4A26539015F4FDB3AC3C5EB14336C7A7,SHA256=B25CF32B7BB76D5A5121919C63E6AE77262347F4AD7B29EE3C43CBAA61F43957,IMPHASH=D45C7E138CFAD11059C95018C99B7C96
ParentProcessGuid: {15959494-7bb6-6758-c900-000000000300}
ParentProcessId: 8176
ParentImage: C:\Windows\SysWOW64\net.exe
ParentCommandLine: net.exe accounts
ParentUser: NT AUTHORITY\SYSTEM""",5,2024-12-10T17:34:46.5669690Z,7269,3880,DESKTOP-QGB4EQH,1,2624,INFORMATION,Microsoft-Windows-Sysmon,12,FALSE,3,Discovery activity executed,"[""sysmon"",""sysmon_eid1_detections"",""windows""]",92031,windows_eventchannel,log,"Dec 10, 2024 @ 17:34:46.494",EventChannel,1733852086,"Dec 10, 2024 @ 17:34:46.494", , , , , ,net1.exe,C:\\Windows\\SysWOW64\\net1.exe,Microsoft® Windows® Operating System, , ,Net Command, , ,{15959494-7bb6-6758-cb00-000000000300},8540,34:46.6,"SHA1=3E46EB17BB05B8785C0B6A64587886EE95FACF66,MD5=4A26539015F4FDB3AC3C5EB14336C7A7,SHA256=B25CF32B7BB76D5A5121919C63E6AE77262347F4AD7B29EE3C43CBAA61F43957,IMPHASH=D45C7E138CFAD11059C95018C99B7C96","technique_id=T1018,technique_name=Remote System Discovery",Microsoft Corporation,10.0.19041.3636 (WinBuild.160101.0800),NT AUTHORITY\\SYSTEM,"[""Account Discovery""]","[""T1087""]","[""Discovery""]", , , , , , , , , , , ,{15959494-7bb6-6758-c900-000000000300},{15959494-7aff-6758-e703-000000000000},net.exe accounts,0x3e7,8176,C:\\Program Files (x86)\\ossec-agent\\,C:\\Windows\\SysWOW64\\net.exe,C:\\WINDOWS\\system32\\net1 accounts,System,0,NT AUTHORITY\\SYSTEM, , , , , , , , , , , , , , , , , , , , , , , , , , , , , , , , , , , , , , , , , , , , , , , , , , , , , , , , , , , , , , , , , , , , , , , , , , , , , , , , , , , , , , , , , , , , , , , , , , , , , , , , , , 
wazuh-alerts-4.x-2024.12.10,w_RRspMBtNh2X6vnT97G,1,1,192.168.117.136,window-agent3,3,Maryam, , , ,11,0x8000000000000000,{5770385f-c22a-43e0-bf4c-06f5698ffbd9},4,Microsoft-Windows-Sysmon/Operational,0,"""File created:
RuleName: technique_id=T1059.007,technique_name=JavaScript
UtcTime: 2024-12-10 17:34:46.915
ProcessGuid: {15959494-7b83-6758-7900-000000000300}
ProcessId: 7100
Image: C:\Windows\SystemApps\Microsoft.Windows.Search_cw5n1h2txyewy\SearchApp.exe
TargetFilename: C:\Users\mari\AppData\Local\Packages\Microsoft.Windows.Search_cw5n1h2txyewy\AC\AppCache\BBKLM6WH\2\q11NvYzJks_3Zy5BRKPM9baeQ7M.br[1].js
CreationUtcTime: 2024-12-10 17:34:46.915
User: DESKTOP-QGB4EQH\mari""",2,2024-12-10T17:34:46.9208615Z,7274,3880,DESKTOP-QGB4EQH,11,2624,INFORMATION,Microsoft-Windows-Sysmon,15,FALSE,6,Scripting file created under Windows Temp or User folder,"[""sysmon"",""sysmon_eid11_detections"",""windows""]",92200,windows_eventchannel,log,"Dec 10, 2024 @ 17:34:47.400",EventChannel,1733852087,"Dec 10, 2024 @ 17:34:47.400", , , , , , ,C:\\Windows\\SystemApps\\Microsoft.Windows.Search_cw5n1h2txyewy\\SearchApp.exe, , , , , , ,{15959494-7b83-6758-7900-000000000300},7100,34:46.9, ,"technique_id=T1059.007,technique_name=JavaScript", , ,DESKTOP-QGB4EQH\\mari,"[""Command and Scripting Interpreter"",""Ingress Tool Transfer""]","[""T1059"",""T1105""]","[""Execution"",""Command and Control""]", ,C:\\Users\\mari\\AppData\\Local\\Packages\\Microsoft.Windows.Search_cw5n1h2txyewy\\AC\\AppCache\\BBKLM6WH\\2\\q11NvYzJks_3Zy5BRKPM9baeQ7M.br[1].js,34:46.9, , , , , , , , , , , , , , , , , , , , , , , , , , , , , , , , , , , , , , , , , , , , , , , , , , , , , , , , , , , , , , , , , , , , , , , , , , , , , , , , , , , , , , , , , , , , , , , , , , , , , , , , , , , , , , , , , , , , , , , , , , , , , 
wazuh-alerts-4.x-2024.12.10,xvRRspMBtNh2X6vnT97G,1,1,192.168.117.136,window-agent3,3,Maryam, , , ,1,0x8000000000000000,{5770385f-c22a-43e0-bf4c-06f5698ffbd9},4,Microsoft-Windows-Sysmon/Operational,0,"""Process Create:
RuleName: technique_id=T1087.001,technique_name=Local Account
UtcTime: 2024-12-10 17:34:46.938
ProcessGuid: {15959494-7bb6-6758-d200-000000000300}
ProcessId: 8720
Image: C:\Windows\SysWOW64\net.exe
FileVersion: 10.0.19041.1 (WinBuild.160101.0800)
Description: Net Command
Product: Microsoft® Windows® Operating System
Company: Microsoft Corporation
OriginalFileName: net.exe
CommandLine: net user administrator
CurrentDirectory: C:\Program Files (x86)\ossec-agent\
User: NT AUTHORITY\SYSTEM
LogonGuid: {15959494-7aff-6758-e703-000000000000}
LogonId: 0x3E7
TerminalSessionId: 0
IntegrityLevel: System
Hashes: SHA1=A5BADC2DD4DBAA8ED5F0A3646F7248BF060A2F13,MD5=31890A7DE89936F922D44D677F681A7F,SHA256=7C4C7725E266F12ABA8C50FD1598D4001201BCA0E7ACA901508307E365AFFF42,IMPHASH=AC592B83B5CAEB41A6F6DF7DB53F9076
ParentProcessGuid: {15959494-7b03-6758-3400-000000000300}
ParentProcessId: 2704
ParentImage: C:\Program Files (x86)\ossec-agent\wazuh-agent.exe
ParentCommandLine: ""C:\Program Files (x86)\ossec-agent\wazuh-agent.exe""
ParentUser: NT AUTHORITY\SYSTEM""",5,2024-12-10T17:34:46.9416426Z,7275,3880,DESKTOP-QGB4EQH,1,2624,INFORMATION,Microsoft-Windows-Sysmon,1,FALSE,3,A net.exe account discovery command was initiated,"[""sysmon"",""sysmon_eid1_detections"",""windows""]",92039,windows_eventchannel,log,"Dec 10, 2024 @ 17:34:47.431",EventChannel,1733852087,"Dec 10, 2024 @ 17:34:47.431", , , , , ,net.exe,C:\\Windows\\SysWOW64\\net.exe,Microsoft® Windows® Operating System, , ,Net Command, , ,{15959494-7bb6-6758-d200-000000000300},8720,34:46.9,"SHA1=A5BADC2DD4DBAA8ED5F0A3646F7248BF060A2F13,MD5=31890A7DE89936F922D44D677F681A7F,SHA256=7C4C7725E266F12ABA8C50FD1598D4001201BCA0E7ACA901508307E365AFFF42,IMPHASH=AC592B83B5CAEB41A6F6DF7DB53F9076","technique_id=T1087.001,technique_name=Local Account",Microsoft Corporation,10.0.19041.1 (WinBuild.160101.0800),NT AUTHORITY\\SYSTEM,"[""Account Discovery""]","[""T1087""]","[""Discovery""]", , , , , , , , , , , ,{15959494-7b03-6758-3400-000000000300},{15959494-7aff-6758-e703-000000000000},"\""C:\\Program Files (x86)\\ossec-agent\\wazuh-agent.exe\""",0x3e7,2704,C:\\Program Files (x86)\\ossec-agent\\,C:\\Program Files (x86)\\ossec-agent\\wazuh-agent.exe,net user administrator,System,0,NT AUTHORITY\\SYSTEM, , , , , , , , , , , , , , , , , , , , , , , , , , , , , , , , , , , , , , , , , , , , , , , , , , , , , , , , , , , , , , , , , , , , , , , , , , , , , , , , , , , , , , , , , , , , , , , , , , , , , , , , , , 
wazuh-alerts-4.x-2024.12.10,yvRRspMBtNh2X6vnT97G,1,1,192.168.117.136,window-agent3,3,Maryam, , , ,1,0x8000000000000000,{5770385f-c22a-43e0-bf4c-06f5698ffbd9},4,Microsoft-Windows-Sysmon/Operational,0,"""Process Create:
RuleName: technique_id=T1018,technique_name=Remote System Discovery
UtcTime: 2024-12-10 17:34:47.393
ProcessGuid: {15959494-7bb7-6758-d700-000000000300}
ProcessId: 7972
Image: C:\Windows\SysWOW64\net1.exe
FileVersion: 10.0.19041.3636 (WinBuild.160101.0800)
Description: Net Command
Product: Microsoft® Windows® Operating System
Company: Microsoft Corporation
OriginalFileName: net1.exe
CommandLine: C:\WINDOWS\system32\net1 user administrator
CurrentDirectory: C:\Program Files (x86)\ossec-agent\
User: NT AUTHORITY\SYSTEM
LogonGuid: {15959494-7aff-6758-e703-000000000000}
LogonId: 0x3E7
TerminalSessionId: 0
IntegrityLevel: System
Hashes: SHA1=3E46EB17BB05B8785C0B6A64587886EE95FACF66,MD5=4A26539015F4FDB3AC3C5EB14336C7A7,SHA256=B25CF32B7BB76D5A5121919C63E6AE77262347F4AD7B29EE3C43CBAA61F43957,IMPHASH=D45C7E138CFAD11059C95018C99B7C96
ParentProcessGuid: {15959494-7bb7-6758-d500-000000000300}
ParentProcessId: 6824
ParentImage: C:\Windows\SysWOW64\net.exe
ParentCommandLine: net user administrator
ParentUser: NT AUTHORITY\SYSTEM""",5,2024-12-10T17:34:47.3989832Z,7279,3880,DESKTOP-QGB4EQH,1,2624,INFORMATION,Microsoft-Windows-Sysmon,4,FALSE,3,A net.exe account discovery command was initiated,"[""sysmon"",""sysmon_eid1_detections"",""windows""]",92039,windows_eventchannel,log,"Dec 10, 2024 @ 17:34:47.494",EventChannel,1733852087,"Dec 10, 2024 @ 17:34:47.494", , , , , ,net1.exe,C:\\Windows\\SysWOW64\\net1.exe,Microsoft® Windows® Operating System, , ,Net Command, , ,{15959494-7bb7-6758-d700-000000000300},7972,34:47.4,"SHA1=3E46EB17BB05B8785C0B6A64587886EE95FACF66,MD5=4A26539015F4FDB3AC3C5EB14336C7A7,SHA256=B25CF32B7BB76D5A5121919C63E6AE77262347F4AD7B29EE3C43CBAA61F43957,IMPHASH=D45C7E138CFAD11059C95018C99B7C96","technique_id=T1018,technique_name=Remote System Discovery",Microsoft Corporation,10.0.19041.3636 (WinBuild.160101.0800),NT AUTHORITY\\SYSTEM,"[""Account Discovery""]","[""T1087""]","[""Discovery""]", , , , , , , , , , , ,{15959494-7bb7-6758-d500-000000000300},{15959494-7aff-6758-e703-000000000000},net user administrator,0x3e7,6824,C:\\Program Files (x86)\\ossec-agent\\,C:\\Windows\\SysWOW64\\net.exe,C:\\WINDOWS\\system32\\net1 user administrator,System,0,NT AUTHORITY\\SYSTEM, , , , , , , , , , , , , , , , , , , , , , , , , , , , , , , , , , , , , , , , , , , , , , , , , , , , , , , , , , , , , , , , , , , , , , , , , , , , , , , , , , , , , , , , , , , , , , , , , , , , , , , , , , 
wazuh-alerts-4.x-2024.12.10,z_RRspMBtNh2X6vnUN40,1,1,192.168.117.136,window-agent3,3,Maryam, , , ,1,0x8000000000000000,{5770385f-c22a-43e0-bf4c-06f5698ffbd9},4,Microsoft-Windows-Sysmon/Operational,0,"""Process Create:
RuleName: technique_id=T1087.001,technique_name=Local Account
UtcTime: 2024-12-10 17:34:47.725
ProcessGuid: {15959494-7bb7-6758-de00-000000000300}
ProcessId: 3380
Image: C:\Windows\SysWOW64\net.exe
FileVersion: 10.0.19041.1 (WinBuild.160101.0800)
Description: Net Command
Product: Microsoft® Windows® Operating System
Company: Microsoft Corporation
OriginalFileName: net.exe
CommandLine: net user guest
CurrentDirectory: C:\Program Files (x86)\ossec-agent\
User: NT AUTHORITY\SYSTEM
LogonGuid: {15959494-7aff-6758-e703-000000000000}
LogonId: 0x3E7
TerminalSessionId: 0
IntegrityLevel: System
Hashes: SHA1=A5BADC2DD4DBAA8ED5F0A3646F7248BF060A2F13,MD5=31890A7DE89936F922D44D677F681A7F,SHA256=7C4C7725E266F12ABA8C50FD1598D4001201BCA0E7ACA901508307E365AFFF42,IMPHASH=AC592B83B5CAEB41A6F6DF7DB53F9076
ParentProcessGuid: {15959494-7b03-6758-3400-000000000300}
ParentProcessId: 2704
ParentImage: C:\Program Files (x86)\ossec-agent\wazuh-agent.exe
ParentCommandLine: ""C:\Program Files (x86)\ossec-agent\wazuh-agent.exe""
ParentUser: NT AUTHORITY\SYSTEM""",5,2024-12-10T17:34:47.7281123Z,7285,3880,DESKTOP-QGB4EQH,1,2624,INFORMATION,Microsoft-Windows-Sysmon,9,FALSE,3,A net.exe account discovery command was initiated,"[""sysmon"",""sysmon_eid1_detections"",""windows""]",92039,windows_eventchannel,log,"Dec 10, 2024 @ 17:34:48.433",EventChannel,1733852088,"Dec 10, 2024 @ 17:34:48.433", , , , , ,net.exe,C:\\Windows\\SysWOW64\\net.exe,Microsoft® Windows® Operating System, , ,Net Command, , ,{15959494-7bb7-6758-de00-000000000300},3380,34:47.7,"SHA1=A5BADC2DD4DBAA8ED5F0A3646F7248BF060A2F13,MD5=31890A7DE89936F922D44D677F681A7F,SHA256=7C4C7725E266F12ABA8C50FD1598D4001201BCA0E7ACA901508307E365AFFF42,IMPHASH=AC592B83B5CAEB41A6F6DF7DB53F9076","technique_id=T1087.001,technique_name=Local Account",Microsoft Corporation,10.0.19041.1 (WinBuild.160101.0800),NT AUTHORITY\\SYSTEM,"[""Account Discovery""]","[""T1087""]","[""Discovery""]", , , , , , , , , , , ,{15959494-7b03-6758-3400-000000000300},{15959494-7aff-6758-e703-000000000000},"\""C:\\Program Files (x86)\\ossec-agent\\wazuh-agent.exe\""",0x3e7,2704,C:\\Program Files (x86)\\ossec-agent\\,C:\\Program Files (x86)\\ossec-agent\\wazuh-agent.exe,net user guest,System,0,NT AUTHORITY\\SYSTEM, , , , , , , , , , , , , , , , , , , , , , , , , , , , , , , , , , , , , , , , , , , , , , , , , , , , , , , , , , , , , , , , , , , , , , , , , , , , , , , , , , , , , , , , , , , , , , , , , , , , , , , , , , 
wazuh-alerts-4.x-2024.12.10,0PRRspMBtNh2X6vnUN40,1,1,192.168.117.136,window-agent3,3,Maryam, , , ,1,0x8000000000000000,{5770385f-c22a-43e0-bf4c-06f5698ffbd9},4,Microsoft-Windows-Sysmon/Operational,0,"""Process Create:
RuleName: technique_id=T1018,technique_name=Remote System Discovery
UtcTime: 2024-12-10 17:34:47.785
ProcessGuid: {15959494-7bb7-6758-e000-000000000300}
ProcessId: 1008
Image: C:\Windows\SysWOW64\net1.exe
FileVersion: 10.0.19041.3636 (WinBuild.160101.0800)
Description: Net Command
Product: Microsoft® Windows® Operating System
Company: Microsoft Corporation
OriginalFileName: net1.exe
CommandLine: C:\WINDOWS\system32\net1 user guest
CurrentDirectory: C:\Program Files (x86)\ossec-agent\
User: NT AUTHORITY\SYSTEM
LogonGuid: {15959494-7aff-6758-e703-000000000000}
LogonId: 0x3E7
TerminalSessionId: 0
IntegrityLevel: System
Hashes: SHA1=3E46EB17BB05B8785C0B6A64587886EE95FACF66,MD5=4A26539015F4FDB3AC3C5EB14336C7A7,SHA256=B25CF32B7BB76D5A5121919C63E6AE77262347F4AD7B29EE3C43CBAA61F43957,IMPHASH=D45C7E138CFAD11059C95018C99B7C96
ParentProcessGuid: {15959494-7bb7-6758-de00-000000000300}
ParentProcessId: 3380
ParentImage: C:\Windows\SysWOW64\net.exe
ParentCommandLine: net user guest
ParentUser: NT AUTHORITY\SYSTEM""",5,2024-12-10T17:34:47.7887014Z,7286,3880,DESKTOP-QGB4EQH,1,2624,INFORMATION,Microsoft-Windows-Sysmon,10,FALSE,3,A net.exe account discovery command was initiated,"[""sysmon"",""sysmon_eid1_detections"",""windows""]",92039,windows_eventchannel,log,"Dec 10, 2024 @ 17:34:48.463",EventChannel,1733852088,"Dec 10, 2024 @ 17:34:48.463", , , , , ,net1.exe,C:\\Windows\\SysWOW64\\net1.exe,Microsoft® Windows® Operating System, , ,Net Command, , ,{15959494-7bb7-6758-e000-000000000300},1008,34:47.8,"SHA1=3E46EB17BB05B8785C0B6A64587886EE95FACF66,MD5=4A26539015F4FDB3AC3C5EB14336C7A7,SHA256=B25CF32B7BB76D5A5121919C63E6AE77262347F4AD7B29EE3C43CBAA61F43957,IMPHASH=D45C7E138CFAD11059C95018C99B7C96","technique_id=T1018,technique_name=Remote System Discovery",Microsoft Corporation,10.0.19041.3636 (WinBuild.160101.0800),NT AUTHORITY\\SYSTEM,"[""Account Discovery""]","[""T1087""]","[""Discovery""]", , , , , , , , , , , ,{15959494-7bb7-6758-de00-000000000300},{15959494-7aff-6758-e703-000000000000},net user guest,0x3e7,3380,C:\\Program Files (x86)\\ossec-agent\\,C:\\Windows\\SysWOW64\\net.exe,C:\\WINDOWS\\system32\\net1 user guest,System,0,NT AUTHORITY\\SYSTEM, , , , , , , , , , , , , , , , , , , , , , , , , , , , , , , , , , , , , , , , , , , , , , , , , , , , , , , , , , , , , , , , , , , , , , , , , , , , , , , , , , , , , , , , , , , , , , , , , , , , , , , , , , 
wazuh-alerts-4.x-2024.12.10,0vRRspMBtNh2X6vnUN40,1,1,192.168.117.136,window-agent3,3,Maryam, , , ,11,0x8000000000000000,{5770385f-c22a-43e0-bf4c-06f5698ffbd9},4,Microsoft-Windows-Sysmon/Operational,0,"""File created:
RuleName: technique_id=T1059.007,technique_name=JavaScript
UtcTime: 2024-12-10 17:34:47.883
ProcessGuid: {15959494-7b83-6758-7900-000000000300}
ProcessId: 7100
Image: C:\Windows\SystemApps\Microsoft.Windows.Search_cw5n1h2txyewy\SearchApp.exe
TargetFilename: C:\Users\mari\AppData\Local\Packages\Microsoft.Windows.Search_cw5n1h2txyewy\AC\AppCache\BBKLM6WH\2\taji7ldS4ejDYQEzKbbzWXxUR7k.br[1].js
CreationUtcTime: 2024-12-10 17:34:47.883
User: DESKTOP-QGB4EQH\mari""",2,2024-12-10T17:34:47.8926081Z,7288,3880,DESKTOP-QGB4EQH,11,2624,INFORMATION,Microsoft-Windows-Sysmon,18,FALSE,6,Scripting file created under Windows Temp or User folder,"[""sysmon"",""sysmon_eid11_detections"",""windows""]",92200,windows_eventchannel,log,"Dec 10, 2024 @ 17:34:48.509",EventChannel,1733852088,"Dec 10, 2024 @ 17:34:48.509", , , , , , ,C:\\Windows\\SystemApps\\Microsoft.Windows.Search_cw5n1h2txyewy\\SearchApp.exe, , , , , , ,{15959494-7b83-6758-7900-000000000300},7100,34:47.9, ,"technique_id=T1059.007,technique_name=JavaScript", , ,DESKTOP-QGB4EQH\\mari,"[""Command and Scripting Interpreter"",""Ingress Tool Transfer""]","[""T1059"",""T1105""]","[""Execution"",""Command and Control""]", ,C:\\Users\\mari\\AppData\\Local\\Packages\\Microsoft.Windows.Search_cw5n1h2txyewy\\AC\\AppCache\\BBKLM6WH\\2\\taji7ldS4ejDYQEzKbbzWXxUR7k.br[1].js,34:47.9, , , , , , , , , , , , , , , , , , , , , , , , , , , , , , , , , , , , , , , , , , , , , , , , , , , , , , , , , , , , , , , , , , , , , , , , , , , , , , , , , , , , , , , , , , , , , , , , , , , , , , , , , , , , , , , , , , , , , , , , , , , , , 
wazuh-alerts-4.x-2024.12.10,1PRRspMBtNh2X6vnUN40,1,1,192.168.117.136,window-agent3,3,Maryam, , , ,11,0x8000000000000000,{5770385f-c22a-43e0-bf4c-06f5698ffbd9},4,Microsoft-Windows-Sysmon/Operational,0,"""File created:
RuleName: technique_id=T1059.007,technique_name=JavaScript
UtcTime: 2024-12-10 17:34:48.118
ProcessGuid: {15959494-7b83-6758-7900-000000000300}
ProcessId: 7100
Image: C:\Windows\SystemApps\Microsoft.Windows.Search_cw5n1h2txyewy\SearchApp.exe
TargetFilename: C:\Users\mari\AppData\Local\Packages\Microsoft.Windows.Search_cw5n1h2txyewy\AC\AppCache\BBKLM6WH\2\v86e0X_ci1X8eYRZtuX_JUnLuFw.br[1].js
CreationUtcTime: 2024-12-10 17:34:48.118
User: DESKTOP-QGB4EQH\mari""",2,2024-12-10T17:34:48.1204975Z,7291,3880,DESKTOP-QGB4EQH,11,2624,INFORMATION,Microsoft-Windows-Sysmon,19,FALSE,6,Scripting file created under Windows Temp or User folder,"[""sysmon"",""sysmon_eid11_detections"",""windows""]",92200,windows_eventchannel,log,"Dec 10, 2024 @ 17:34:48.540",EventChannel,1733852088,"Dec 10, 2024 @ 17:34:48.540", , , , , , ,C:\\Windows\\SystemApps\\Microsoft.Windows.Search_cw5n1h2txyewy\\SearchApp.exe, , , , , , ,{15959494-7b83-6758-7900-000000000300},7100,34:48.1, ,"technique_id=T1059.007,technique_name=JavaScript", , ,DESKTOP-QGB4EQH\\mari,"[""Command and Scripting Interpreter"",""Ingress Tool Transfer""]","[""T1059"",""T1105""]","[""Execution"",""Command and Control""]", ,C:\\Users\\mari\\AppData\\Local\\Packages\\Microsoft.Windows.Search_cw5n1h2txyewy\\AC\\AppCache\\BBKLM6WH\\2\\v86e0X_ci1X8eYRZtuX_JUnLuFw.br[1].js,34:48.1, , , , , , , , , , , , , , , , , , , , , , , , , , , , , , , , , , , , , , , , , , , , , , , , , , , , , , , , , , , , , , , , , , , , , , , , , , , , , , , , , , , , , , , , , , , , , , , , , , , , , , , , , , , , , , , , , , , , , , , , , , , , , 
wazuh-alerts-4.x-2024.12.10,1fRRspMBtNh2X6vnUN40,1,1,192.168.117.136,window-agent3,3,Maryam, , , ,11,0x8000000000000000,{5770385f-c22a-43e0-bf4c-06f5698ffbd9},4,Microsoft-Windows-Sysmon/Operational,0,"""File created:
RuleName: technique_id=T1059.001,technique_name=PowerShell
UtcTime: 2024-12-10 17:34:51.258
ProcessGuid: {15959494-7bb8-6758-e800-000000000300}
ProcessId: 7444
Image: C:\WINDOWS\SysWOW64\WindowsPowerShell\v1.0\powershell.exe
TargetFilename: C:\Windows\Temp\__PSScriptPolicyTest_hrvbrmu4.2v3.ps1
CreationUtcTime: 2024-12-10 17:34:51.258
User: NT AUTHORITY\SYSTEM""",2,2024-12-10T17:34:51.2662843Z,7304,3880,DESKTOP-QGB4EQH,11,2624,INFORMATION,Microsoft-Windows-Sysmon,1,FALSE,9,C:\\WINDOWS\\SysWOW64\\WindowsPowerShell\\v1.0\\powershell.exe created a new scripting file under Windows Temp or User data folder,"[""sysmon"",""sysmon_eid11_detections"",""windows""]",92201,windows_eventchannel,log,"Dec 10, 2024 @ 17:34:52.026",EventChannel,1733852092,"Dec 10, 2024 @ 17:34:52.026", , , , , , ,C:\\WINDOWS\\SysWOW64\\WindowsPowerShell\\v1.0\\powershell.exe, , , , , , ,{15959494-7bb8-6758-e800-000000000300},7444,34:51.3, ,"technique_id=T1059.001,technique_name=PowerShell", , ,NT AUTHORITY\\SYSTEM,"[""Ingress Tool Transfer"",""Command and Scripting Interpreter""]","[""T1105"",""T1059""]","[""Command and Control"",""Execution""]", ,C:\\Windows\\Temp\\__PSScriptPolicyTest_hrvbrmu4.2v3.ps1,34:51.3, , , , , , , , , , , , , , , , , , , , , , , , , , , , , , , , , , , , , , , , , , , , , , , , , , , , , , , , , , , , , , , , , , , , , , , , , , , , , , , , , , , , , , , , , , , , , , , , , , , , , , , , , , , , , , , , , , , , , , , , , , , , , 
wazuh-alerts-4.x-2024.12.10,1vRRspMBtNh2X6vnUN40,1,1,192.168.117.129,agent1,4,Maryam, , , ,8224,0x80000000000000, ,4,Application, ,"""The VSS service is shutting down due to idle timeout. """, ,2024-12-10T17:34:56.304462000Z,6553, ,DESKTOP-B37GATP,0, ,INFORMATION,VSS,1,FALSE,5,The VSS service is shutting down due to idle timeout.,"[""windows"",""windows_application""]",60702,windows_eventchannel,log,"Dec 10, 2024 @ 17:34:56.123",EventChannel,1733852096,"Dec 10, 2024 @ 17:34:56.123", ,2D20436F64653A2020434F525356434330303030303735392D2043616C6C3A2020434F525356434330303030303734312D205049443A202030303030323235362D205449443A202030303030333038382D20434D443A2020433A5C57696E646F77735C73797374656D33325C76737376632E6578652020202D20557365723A204E616D653A204E5420415554484F524954595C53595354454D2C205349443A532D312D352D313820, , , , , , , , , , , , , , , , , , , , , , , , , , , , , , , , , , , , , , , , , , , , , , , , , , , , , , , , , , , , , , , , , , , , , , , , , , , , , , , , , , , , , , , , , , , , , , , , , , , , , , , , , , , , , , , , , , , , , , , , , , , , , , , , , , , , , , , , , , , , , , , , , , , , , , 
wazuh-alerts-4.x-2024.12.10,1_RRspMBtNh2X6vnUN40,1,1,192.168.117.136,window-agent3,3,Maryam, , , ,4624,0x8020000000000000,{54849625-5478-4994-a5ba-3e3b0328c30d},0,Security,0,"""An account was successfully logged on.

Subject:
	Security ID:		S-1-5-18
	Account Name:		DESKTOP-QGB4EQH$
	Account Domain:		WORKGROUP
	Logon ID:		0x3E7

Logon Information:
	Logon Type:		5
	Restricted Admin Mode:	-
	Virtual Account:		No
	Elevated Token:		Yes

Impersonation Level:		Impersonation

New Logon:
	Security ID:		S-1-5-18
	Account Name:		SYSTEM
	Account Domain:		NT AUTHORITY
	Logon ID:		0x3E7
	Linked Logon ID:		0x0
	Network Account Name:	-
	Network Account Domain:	-
	Logon GUID:		{00000000-0000-0000-0000-000000000000}

Process Information:
	Process ID:		0x2b4
	Process Name:		C:\Windows\System32\services.exe

Network Information:
	Workstation Name:	-
	Source Network Address:	-
	Source Port:		-

Detailed Authentication Information:
	Logon Process:		Advapi  
	Authentication Package:	Negotiate
	Transited Services:	-
	Package Name (NTLM only):	-
	Key Length:		0

This event is generated when a logon session is created. It is generated on the computer that was accessed.

The subject fields indicate the account on the local system which requested the logon. This is most commonly a service such as the Server service, or a local process such as Winlogon.exe or Services.exe.

The logon type field indicates the kind of logon that occurred. The most common types are 2 (interactive) and 3 (network).

The New Logon fields indicate the account for whom the new logon was created, i.e. the account that was logged on.

The network fields indicate where a remote logon request originated. Workstation name is not always available and may be left blank in some cases.

The impersonation level field indicates the extent to which a process in the logon session can impersonate.

The authentication information fields provide detailed information about this specific logon request.
	- Logon GUID is a unique identifier that can be used to correlate this event with a KDC event.
	- Transited services indicate which intermediate services have participated in this logon request.
	- Package name indicates which sub-protocol was used among the NTLM protocols.
	- Key length indicates the length of the generated session key. This will be 0 if no session key was requested.""",2,2024-12-10T17:34:58.8703915Z,976,764,DESKTOP-QGB4EQH,12544,716,AUDIT_SUCCESS,Microsoft-Windows-Security-Auditing,3,FALSE,3,Windows logon success.,"[""windows"",""windows_security"",""authentication_success""]",60106,windows_eventchannel,log,"Dec 10, 2024 @ 17:34:59.625",EventChannel,1733852099,"Dec 10, 2024 @ 17:34:59.625", , , ,"[""IV_32.2""]","[""7.1"",""7.2""]", , , , , , , , , ,0x2b4, , , , , , ,"[""Valid Accounts""]","[""T1078""]","[""Defense Evasion"",""Persistence"",""Privilege Escalation"",""Initial Access""]", , , , , , ,"[""10.2.5""]","[""164.312.b""]","[""CC6.8"",""CC7.2"",""CC7.3""]","[""AC.7"",""AU.14""]", , ,{00000000-0000-0000-0000-000000000000}, , , , , , , , , ,0x3e7,WORKGROUP,0x0,%%1833,Negotiate,0x3e7,Advapi,SYSTEM,0,%%1842,S-1-5-18,C:\\Windows\\System32\\services.exe,NT AUTHORITY,S-1-5-18,%%1843,5,DESKTOP-QGB4EQH$, , , , , , , , , , , , , , , , , , , , , , , , , , , , , , , , , , , , , , , , , , , , , , , , , , , , , , , , , , , , , , , , , , , , , , , , , , , , , , , , , , , , , , , , , 
wazuh-alerts-4.x-2024.12.10,2vRRspMBtNh2X6vnUN40,1,1,192.168.117.136,window-agent3,3,Maryam, , , ,11,0x8000000000000000,{5770385f-c22a-43e0-bf4c-06f5698ffbd9},4,Microsoft-Windows-Sysmon/Operational,0,"""File created:
RuleName: technique_id=T1059.007,technique_name=JavaScript
UtcTime: 2024-12-10 17:35:07.297
ProcessGuid: {15959494-7b83-6758-7900-000000000300}
ProcessId: 7100
Image: C:\Windows\SystemApps\Microsoft.Windows.Search_cw5n1h2txyewy\SearchApp.exe
TargetFilename: C:\Users\mari\AppData\Local\Packages\Microsoft.Windows.Search_cw5n1h2txyewy\AC\AppCache\BBKLM6WH\2\z5qu_Ix0f2SPTwAhMVmKf00603M.br[1].js
CreationUtcTime: 2024-12-10 17:35:07.297
User: DESKTOP-QGB4EQH\mari""",2,2024-12-10T17:35:07.3071358Z,7328,3880,DESKTOP-QGB4EQH,11,2624,INFORMATION,Microsoft-Windows-Sysmon,21,FALSE,6,Scripting file created under Windows Temp or User folder,"[""sysmon"",""sysmon_eid11_detections"",""windows""]",92200,windows_eventchannel,log,"Dec 10, 2024 @ 17:35:07.658",EventChannel,1733852107,"Dec 10, 2024 @ 17:35:07.658", , , , , , ,C:\\Windows\\SystemApps\\Microsoft.Windows.Search_cw5n1h2txyewy\\SearchApp.exe, , , , , , ,{15959494-7b83-6758-7900-000000000300},7100,35:07.3, ,"technique_id=T1059.007,technique_name=JavaScript", , ,DESKTOP-QGB4EQH\\mari,"[""Command and Scripting Interpreter"",""Ingress Tool Transfer""]","[""T1059"",""T1105""]","[""Execution"",""Command and Control""]", ,C:\\Users\\mari\\AppData\\Local\\Packages\\Microsoft.Windows.Search_cw5n1h2txyewy\\AC\\AppCache\\BBKLM6WH\\2\\z5qu_Ix0f2SPTwAhMVmKf00603M.br[1].js,35:07.3, , , , , , , , , , , , , , , , , , , , , , , , , , , , , , , , , , , , , , , , , , , , , , , , , , , , , , , , , , , , , , , , , , , , , , , , , , , , , , , , , , , , , , , , , , , , , , , , , , , , , , , , , , , , , , , , , , , , , , , , , , , , , 
wazuh-alerts-4.x-2024.12.10,3fRRspMBtNh2X6vnUN40,1,1,192.168.117.136,window-agent3,3,Maryam, , , ,11,0x8000000000000000,{5770385f-c22a-43e0-bf4c-06f5698ffbd9},4,Microsoft-Windows-Sysmon/Operational,0,"""File created:
RuleName: technique_id=T1059.001,technique_name=PowerShell
UtcTime: 2024-12-10 17:35:11.344
ProcessGuid: {15959494-7bce-6758-2a01-000000000300}
ProcessId: 8628
Image: C:\Windows\System32\WindowsPowerShell\v1.0\powershell.exe
TargetFilename: C:\Users\mari\AppData\Local\Temp\__PSScriptPolicyTest_irfhnwqo.2mw.ps1
CreationUtcTime: 2024-12-10 17:35:11.344
User: DESKTOP-QGB4EQH\mari""",2,2024-12-10T17:35:11.3465274Z,7345,3880,DESKTOP-QGB4EQH,11,2624,INFORMATION,Microsoft-Windows-Sysmon,1,TRUE,15,Executable file dropped in folder commonly used by malware,"[""sysmon"",""sysmon_eid11_detections"",""windows""]",92213,windows_eventchannel,log,"Dec 10, 2024 @ 17:35:12.131",EventChannel,1733852112,"Dec 10, 2024 @ 17:35:12.131", , , , , , ,C:\\Windows\\System32\\WindowsPowerShell\\v1.0\\powershell.exe, , , , , , ,{15959494-7bce-6758-2a01-000000000300},8628,35:11.3, ,"technique_id=T1059.001,technique_name=PowerShell", , ,DESKTOP-QGB4EQH\\mari,"[""Ingress Tool Transfer""]","[""T1105""]","[""Command and Control""]", ,C:\\Users\\mari\\AppData\\Local\\Temp\\__PSScriptPolicyTest_irfhnwqo.2mw.ps1,35:11.3, , , , , , , , , , , , , , , , , , , , , , , , , , , , , , , , , , , , , , , , , , , , , , , , , , , , , , , , , , , , , , , , , , , , , , , , , , , , , , , , , , , , , , , , , , , , , , , , , , , , , , , , , , , , , , , , , , , , , , , , , , , , , 
wazuh-alerts-4.x-2024.12.10,3vRRspMBtNh2X6vnUN40,1,1,192.168.117.136,window-agent3,3,Maryam, , , ,11,0x8000000000000000,{5770385f-c22a-43e0-bf4c-06f5698ffbd9},4,Microsoft-Windows-Sysmon/Operational,0,"""File created:
RuleName: technique_id=T1059.007,technique_name=JavaScript
UtcTime: 2024-12-10 17:35:12.141
ProcessGuid: {15959494-7b83-6758-7900-000000000300}
ProcessId: 7100
Image: C:\Windows\SystemApps\Microsoft.Windows.Search_cw5n1h2txyewy\SearchApp.exe
TargetFilename: C:\Users\mari\AppData\Local\Packages\Microsoft.Windows.Search_cw5n1h2txyewy\AC\AppCache\BBKLM6WH\2\M1U6hvTHTIDh71d8HI4YSQ-Tku0.br[1].js
CreationUtcTime: 2024-12-10 17:35:12.141
User: DESKTOP-QGB4EQH\mari""",2,2024-12-10T17:35:12.1432261Z,7348,3880,DESKTOP-QGB4EQH,11,2624,INFORMATION,Microsoft-Windows-Sysmon,23,FALSE,6,Scripting file created under Windows Temp or User folder,"[""sysmon"",""sysmon_eid11_detections"",""windows""]",92200,windows_eventchannel,log,"Dec 10, 2024 @ 17:35:12.190",EventChannel,1733852112,"Dec 10, 2024 @ 17:35:12.190", , , , , , ,C:\\Windows\\SystemApps\\Microsoft.Windows.Search_cw5n1h2txyewy\\SearchApp.exe, , , , , , ,{15959494-7b83-6758-7900-000000000300},7100,35:12.1, ,"technique_id=T1059.007,technique_name=JavaScript", , ,DESKTOP-QGB4EQH\\mari,"[""Command and Scripting Interpreter"",""Ingress Tool Transfer""]","[""T1059"",""T1105""]","[""Execution"",""Command and Control""]", ,C:\\Users\\mari\\AppData\\Local\\Packages\\Microsoft.Windows.Search_cw5n1h2txyewy\\AC\\AppCache\\BBKLM6WH\\2\\M1U6hvTHTIDh71d8HI4YSQ-Tku0.br[1].js,35:12.1, , , , , , , , , , , , , , , , , , , , , , , , , , , , , , , , , , , , , , , , , , , , , , , , , , , , , , , , , , , , , , , , , , , , , , , , , , , , , , , , , , , , , , , , , , , , , , , , , , , , , , , , , , , , , , , , , , , , , , , , , , , , , 
wazuh-alerts-4.x-2024.12.10,4vRRspMBtNh2X6vnUN40,1,1,192.168.117.129,agent1,4,Maryam, , , ,16384,0x80000000000000,{E23B33B0-C8C9-472C-A5F9-F2BDFEA0F156},4,Application,0,"""Successfully scheduled Software Protection service for re-start at 2024-12-11T17:31:25Z. Reason: RulesEngine.""",0,2024-12-10T17:35:25.851613700Z,6554,0,DESKTOP-B37GATP,0,0,INFORMATION,Microsoft-Windows-Security-SPP,1,FALSE,3,Software protection service scheduled successfully.,"[""windows"",""windows_application""]",60642,windows_eventchannel,log,"Dec 10, 2024 @ 17:35:25.658",EventChannel,1733852125,"Dec 10, 2024 @ 17:35:25.658","2024-12-11T17:31:25Z, RulesEngine", ,Software Protection Platform Service, , , , , , , , , , , , , , , , , , , , , , , , , , , , , , , , , , , , , , , , , , , , , , , , , , , , , , , , , , , , , , , , , , , , , , , , , , , , , , , , , , , , , , , , , , , , , , , , , , , , , , , , , , , , , , , , , , , , , , , , , , , , , , , , , , , , , , , , , , , , , , , , , , , , , 
wazuh-alerts-4.x-2024.12.10,5vRRspMBtNh2X6vnUN40,1,1,192.168.117.136,window-agent3,3,Maryam, , , ,7,0x8000000000000000,{5770385f-c22a-43e0-bf4c-06f5698ffbd9},4,Microsoft-Windows-Sysmon/Operational,0,"""Image loaded:
RuleName: technique_id=T1053,technique_name=Scheduled Task
UtcTime: 2024-12-10 17:35:54.344
ProcessGuid: {15959494-7bfa-6758-4b01-000000000300}
ProcessId: 8700
Image: C:\Windows\System32\svchost.exe
ImageLoaded: C:\Windows\System32\taskschd.dll
FileVersion: 10.0.19041.3636 (WinBuild.160101.0800)
Description: Task Scheduler COM API
Product: Microsoft® Windows® Operating System
Company: Microsoft Corporation
OriginalFileName: taskschd.dll
Hashes: SHA1=633C92F5A5000CDE3235C7FDC306B2B04C501C48,MD5=84F942C1A4BD60C94EBEC6643E0216C9,SHA256=BBE733452E6CE871D5D2064948847AAB2A71F7FEDA2C962BA4002F64E2D198F2,IMPHASH=B7A4477FA36E2E5287EE76AC4AFCB05B
Signed: true
Signature: Microsoft Windows
SignatureStatus: Valid
User: NT AUTHORITY\SYSTEM""",3,2024-12-10T17:35:54.3585698Z,7449,3880,DESKTOP-QGB4EQH,7,2624,INFORMATION,Microsoft-Windows-Sysmon,5,FALSE,4,Process loaded taskschd.dll module. May be used to create delayed malware execution,"[""sysmon"",""sysmon_eid7_detections"",""windows""]",92154,windows_eventchannel,log,"Dec 10, 2024 @ 17:35:54.799",EventChannel,1733852154,"Dec 10, 2024 @ 17:35:54.799", , , , , ,taskschd.dll,C:\\Windows\\System32\\svchost.exe,Microsoft® Windows® Operating System,Microsoft Windows,C:\\Windows\\System32\\taskschd.dll,Task Scheduler COM API,TRUE,Valid,{15959494-7bfa-6758-4b01-000000000300},8700,35:54.3,"SHA1=633C92F5A5000CDE3235C7FDC306B2B04C501C48,MD5=84F942C1A4BD60C94EBEC6643E0216C9,SHA256=BBE733452E6CE871D5D2064948847AAB2A71F7FEDA2C962BA4002F64E2D198F2,IMPHASH=B7A4477FA36E2E5287EE76AC4AFCB05B","technique_id=T1053,technique_name=Scheduled Task",Microsoft Corporation,10.0.19041.3636 (WinBuild.160101.0800),NT AUTHORITY\\SYSTEM,"[""Scheduled Task""]","[""T1053.005""]","[""Execution"",""Persistence"",""Privilege Escalation""]", , , , , , , , , , , , , , , , , , , , , , , , , , , , , , , , , , , , , , , , , , , , , , , , , , , , , , , , , , , , , , , , , , , , , , , , , , , , , , , , , , , , , , , , , , , , , , , , , , , , , , , , , , , , , , , , , , , , , , , , , , , , , , , , 
