wazuh-alerts-4.x-2024.12.10,Rcf9sJMBnOFSf1ly2UXE,1,1,192.168.117.136,window-agent3,3,Maryam, , , ,7,0x8000000000000000,{5770385f-c22a-43e0-bf4c-06f5698ffbd9},4,Microsoft-Windows-Sysmon/Operational,0,"""Image loaded:
RuleName: technique_id=T1053,technique_name=Scheduled Task
UtcTime: 2024-12-10 14:33:56.276
ProcessGuid: {15959494-5153-6758-ce00-000000000200}
ProcessId: 548
Image: C:\Program Files (x86)\Microsoft\EdgeUpdate\MicrosoftEdgeUpdate.exe
ImageLoaded: C:\Windows\SysWOW64\taskschd.dll
FileVersion: 10.0.19041.3636 (WinBuild.160101.0800)
Description: Task Scheduler COM API
Product: Microsoft® Windows® Operating System
Company: Microsoft Corporation
OriginalFileName: taskschd.dll
Hashes: SHA1=C94CEC3A6F102EF38EB1D913D61A03B2100983FE,MD5=FF11E73B7D8A3A0822E95DD68DA10B13,SHA256=0F15534DC00A65E980CAA2E11F5D5251518D528F2F28165E9881B598BF64BDD1,IMPHASH=59BF7D0FAD0B5B7F706EA9250167BD5B
Signed: true
Signature: Microsoft Windows
SignatureStatus: Valid
User: NT AUTHORITY\SYSTEM""",3,2024-12-10T14:33:56.3390051Z,1006,3484,DESKTOP-QGB4EQH,7,2452,INFORMATION,Microsoft-Windows-Sysmon,5,FALSE,4,Process loaded taskschd.dll module. May be used to create delayed malware execution,"[""sysmon"",""sysmon_eid7_detections"",""windows""]",92154,windows_eventchannel,log,"Dec 10, 2024 @ 14:33:57.458",EventChannel,1733841237,"Dec 10, 2024 @ 14:33:57.458", , , , , ,taskschd.dll,C:\\Program Files (x86)\\Microsoft\\EdgeUpdate\\MicrosoftEdgeUpdate.exe,Microsoft® Windows® Operating System,Microsoft Windows,C:\\Windows\\SysWOW64\\taskschd.dll,Task Scheduler COM API,TRUE,Valid,{15959494-5153-6758-ce00-000000000200},548,33:56.3,"SHA1=C94CEC3A6F102EF38EB1D913D61A03B2100983FE,MD5=FF11E73B7D8A3A0822E95DD68DA10B13,SHA256=0F15534DC00A65E980CAA2E11F5D5251518D528F2F28165E9881B598BF64BDD1,IMPHASH=59BF7D0FAD0B5B7F706EA9250167BD5B","technique_id=T1053,technique_name=Scheduled Task",Microsoft Corporation,10.0.19041.3636 (WinBuild.160101.0800),NT AUTHORITY\\SYSTEM,"[""Scheduled Task""]","[""T1053.005""]","[""Execution"",""Persistence"",""Privilege Escalation""]", , , , , , , , , , , , , , , , , , , , , , , , , , , , , , , , , , , , , , , , , , , , , , , , , , , , , , , , , , , , , , , , , , , , , , , , , , , , , , , , , , , , , , , , , , , , , , , , , , , , , , , , , , , , , , , , , , , , , , , , , , , , , , , , 
wazuh-alerts-4.x-2024.12.10,Dsf8sJMBnOFSf1lyT0Um,1,1,192.168.117.136,window-agent3,3,Maryam, , , ,4104,0x80000000000000,{155CB334-3D7F-4ff1-B107-DF8AFC3C0363},2,Application,0,"""Failed trying to get the state of the cluster node: .The error code returned: 0x8007085A""",0,2024-12-10T14:32:20.2456431Z,103,0,DESKTOP-QGB4EQH,14,0,ERROR,Microsoft-Windows-MSDTC Client 2,4,FALSE,9,Windows application error event.,"[""windows"",""windows_application"",""system_error""]",60602,windows_eventchannel,log,"Dec 10, 2024 @ 14:32:20.319",EventChannel,1733841140,"Dec 10, 2024 @ 14:32:20.319", , ,MSDTC Client 2,"[""IV_35.7.d""]","[""4.3""]", , , , , , , , , , , , , , , , , , , , , , , , ,0x8007085A, , , , , , , , , , , , , , , , , , , , , , , , , , , , , , , , , , , , , , , , , , , , , , , , , , , , , , , , , , , , , , , , , , , , , , , , , , , , , , , , , , , , , , , , , , , , , , , , , , , , , , , , , , , , , , , , , , , , , , , , , , 
wazuh-alerts-4.x-2024.12.10,EMf8sJMBnOFSf1lyT0Um,1,1,192.168.117.136,window-agent3,3,Maryam, , , ,1008,0x8000000000000000,{13b197bd-7cee-4b4e-8dd0-59314ce374ce},3,Application,0,"""The Open procedure for service ""MSDTC"" in DLL ""C:\WINDOWS\system32\msdtcuiu.DLL"" failed with error code The Workstation service has not been started.. Performance data for this service will not be available.""",1,2024-12-10T14:32:20.2690210Z,104,3804,DESKTOP-QGB4EQH,0,3760,WARNING,Microsoft-Windows-Perflib,1,FALSE,5,The open procedure for service remote access failed.,"[""windows"",""windows_application""]",61060,windows_eventchannel,log,"Dec 10, 2024 @ 14:32:21.206",EventChannel,1733841141,"Dec 10, 2024 @ 14:32:21.206", , , , , , , , , , , , , , , , , , , , , , , , , , , , , , , , , , , , , , , , , , , , , , , , , , , , , , , , , , , , , , , , , , , , , , , , , , , , , , , , , ,C:\\WINDOWS\\system32\\msdtcuiu.DLL,2147944538,MSDTC, , , , , , , , , , , , , , , , , , , , , , , , , , , , , , , , , , , , , , , , , , , , , , , , , , , , , , , , , , , , , , , , , , , , 
wazuh-alerts-4.x-2024.12.10,Ecf8sJMBnOFSf1lyT0Um,1,1,192.168.117.136,window-agent3,3,Maryam, , , ,2002,0x8000000000000000,{cab2b8a5-49b9-4eec-b1b0-fac21da05a3b},2,Application,0,"""Unable to open the Redirector service performance object. The first four bytes (DWORD) of the Data section contains the status code.""",1,2024-12-10T14:32:20.2963765Z,105,3804,DESKTOP-QGB4EQH,0,3760,ERROR,Microsoft-Windows-PerfNet,5,FALSE,9,Windows application error event.,"[""windows"",""windows_application"",""system_error""]",60602,windows_eventchannel,log,"Dec 10, 2024 @ 14:32:21.238",EventChannel,1733841141,"Dec 10, 2024 @ 14:32:21.238", , , ,"[""IV_35.7.d""]","[""4.3""]", , , , , , , , , , , , , , , , , , , , , , , , , , , , , , , , , , , , , , , , , , , , , , , , , , , , , , , , , , , ,3221225524, , , , , , , , , , , , , , , , , , , , , , , , , , , , , , , , , , , , , , , , , , , , , , , , , , , , , , , , , , , , , , , , , , , , , , , , , , , , , , , , , , , , , , , 
wazuh-alerts-4.x-2024.12.10,HMf8sJMBnOFSf1lyVkX1,1,1,192.168.117.136,window-agent3,3,Maryam, , , ,7045,0x8080000000000000,{555908d1-a6d7-4695-8e1e-26931d2012f4},4,System,0,"""A service was installed in the system.

Service Name:  Printer Extensions and Notifications
Service File Name:  %SystemRoot%\system32\svchost.exe -k print
Service Type:  user mode service
Service Start Type:  demand start
Service Account:  LocalSystem""",0,2024-12-10T14:32:24.5114427Z,164,808,DESKTOP-QGB4EQH,0,644,INFORMATION,Service Control Manager,1,FALSE,5,New Windows Service Created,"[""windows"",""windows_system""]",61138,windows_eventchannel,log,"Dec 10, 2024 @ 14:32:26.238",EventChannel,1733841146,"Dec 10, 2024 @ 14:32:26.238", , ,Service Control Manager, , , , , , , , , , , , , , , , , , ,"[""Windows Service""]","[""T1543.003""]","[""Persistence"",""Privilege Escalation""]", , , , , , , , , , , , , , , , , , , , , , , , , , , , , , , , , , , , , , , , , , , , , , , , , , , , , , , , , , , , ,user mode service,LocalSystem,%SystemRoot%\\system32\\svchost.exe -k print,demand start,Printer Extensions and Notifications, , , , , , , , , , , , , , , , , , , , , , , , , , , , , , , , , , , , , , , , , , , , , , , , , , , , , , , , , , , , , , , 
wazuh-alerts-4.x-2024.12.10,Dcf8sJMBnOFSf1lyM0XK,1,1,192.168.117.136,window-agent3,3,Maryam, , , ,7040,0x8080000000000000,{555908d1-a6d7-4695-8e1e-26931d2012f4},4,System,0,"""The start type of the Background Intelligent Transfer Service service was changed from demand start to auto start.""",0,2024-12-10T14:32:15.5580829Z,163,808,DESKTOP-QGB4EQH,0,644,INFORMATION,Service Control Manager,3,FALSE,3,Service startup type was changed,"[""windows"",""windows_system"",""policy_changed""]",61104,windows_eventchannel,log,"Dec 10, 2024 @ 14:32:16.615",EventChannel,1733841136,"Dec 10, 2024 @ 14:32:16.615", , ,Service Control Manager,"[""IV_35.7.d""]", , , , , , , , , , , , , , , , , , , , ,Background Intelligent Transfer Service, , ,auto start,BITS,demand start,"[""10.6""]","[""164.312.b""]","[""CC6.1"",""CC6.8"",""CC7.2"",""CC7.3""]","[""AU.6""]",This does not appear to be logged on Windows 2000, , , , , , , , , , , , , , , , , , , , , , , , , , , , , , , , , , , , , , , , , , , , , , , , , , , , , , , , , , , , , , , , , , , , , , , , , , , , , , , , , , , , , , , , , , , , , , , , , , , , , , , , , , , , , , , , , , , , , 
wazuh-alerts-4.x-2024.12.10,Nsf8sJMBnOFSf1lyhUXc,1,1,192.168.117.129,agent1,4,Maryam, , , ,1014,0x80000000000000,{E23B33B0-C8C9-472C-A5F9-F2BDFEA0F156},2,Application,0,"""Acquisition of End User License failed. hr=0x80072EFE
Sku Id=4de7cb65-cdf1-4de9-8ae8-e3cce27b9f2c""",0,2024-12-10T14:32:36.035020700Z,6393,0,DESKTOP-B37GATP,0,0,ERROR,Microsoft-Windows-Security-SPP,7,FALSE,9,Windows application error event.,"[""windows"",""windows_application"",""system_error""]",60602,windows_eventchannel,log,"Dec 10, 2024 @ 14:32:36.280",EventChannel,1733841156,"Dec 10, 2024 @ 14:32:36.280","hr=0x80072EFE, 4de7cb65-cdf1-4de9-8ae8-e3cce27b9f2c", ,Software Protection Platform Service,"[""IV_35.7.d""]","[""4.3""]", , , , , , , , , , , , , , , , , , , , , , , , , , , , , , , , , , , , , , , , , , , , , , , , , , , , , , , , , , , , , , , , , , , , , , , , , , , , , , , , , , , , , , , , , , , , , , , , , , , , , , , , , , , , , , , , , , , , , , , , , , , , , , , , , , , , , , , , , , , , , , , , , , , 
wazuh-alerts-4.x-2024.12.10,Ocf8sJMBnOFSf1lykUWU,1,1,192.168.117.136,window-agent3,3,Maryam, , , ,4104,0x80000000000000,{155CB334-3D7F-4ff1-B107-DF8AFC3C0363},2,Application,0,"""Failed trying to get the state of the cluster node: .The error code returned: 0x8007085A""",0,2024-12-10T14:32:40.5735204Z,107,0,DESKTOP-QGB4EQH,14,0,ERROR,Microsoft-Windows-MSDTC Client 2,8,FALSE,9,Windows application error event.,"[""windows"",""windows_application"",""system_error""]",60602,windows_eventchannel,log,"Dec 10, 2024 @ 14:32:40.650",EventChannel,1733841160,"Dec 10, 2024 @ 14:32:40.650", , ,MSDTC Client 2,"[""IV_35.7.d""]","[""4.3""]", , , , , , , , , , , , , , , , , , , , , , , , ,0x8007085A, , , , , , , , , , , , , , , , , , , , , , , , , , , , , , , , , , , , , , , , , , , , , , , , , , , , , , , , , , , , , , , , , , , , , , , , , , , , , , , , , , , , , , , , , , , , , , , , , , , , , , , , , , , , , , , , , , , , , , , , , , 
wazuh-alerts-4.x-2024.12.10,O8f8sJMBnOFSf1lykUWU,1,1,192.168.117.136,window-agent3,3,Maryam, , , ,4104,0x80000000000000,{155CB334-3D7F-4ff1-B107-DF8AFC3C0363},2,Application,0,"""Failed trying to get the state of the cluster node: .The error code returned: 0x8007085A""",0,2024-12-10T14:32:40.7300243Z,111,0,DESKTOP-QGB4EQH,14,0,ERROR,Microsoft-Windows-MSDTC Client 2,10,FALSE,9,Windows application error event.,"[""windows"",""windows_application"",""system_error""]",60602,windows_eventchannel,log,"Dec 10, 2024 @ 14:32:40.782",EventChannel,1733841160,"Dec 10, 2024 @ 14:32:40.782", , ,MSDTC Client 2,"[""IV_35.7.d""]","[""4.3""]", , , , , , , , , , , , , , , , , , , , , , , , ,0x8007085A, , , , , , , , , , , , , , , , , , , , , , , , , , , , , , , , , , , , , , , , , , , , , , , , , , , , , , , , , , , , , , , , , , , , , , , , , , , , , , , , , , , , , , , , , , , , , , , , , , , , , , , , , , , , , , , , , , , , , , , , , , 
wazuh-alerts-4.x-2024.12.10,RMf9sJMBnOFSf1lyAkXj,1,1,192.168.117.129,agent1,4,Maryam, , , ,16384,0x80000000000000,{E23B33B0-C8C9-472C-A5F9-F2BDFEA0F156},4,Application,0,"""Successfully scheduled Software Protection service for re-start at 2024-12-11T14:29:06Z. Reason: RulesEngine.""",0,2024-12-10T14:33:06.316276300Z,6397,0,DESKTOP-B37GATP,0,0,INFORMATION,Microsoft-Windows-Security-SPP,1,FALSE,3,Software protection service scheduled successfully.,"[""windows"",""windows_application""]",60642,windows_eventchannel,log,"Dec 10, 2024 @ 14:33:06.508",EventChannel,1733841186,"Dec 10, 2024 @ 14:33:06.508","2024-12-11T14:29:06Z, RulesEngine", ,Software Protection Platform Service, , , , , , , , , , , , , , , , , , , , , , , , , , , , , , , , , , , , , , , , , , , , , , , , , , , , , , , , , , , , , , , , , , , , , , , , , , , , , , , , , , , , , , , , , , , , , , , , , , , , , , , , , , , , , , , , , , , , , , , , , , , , , , , , , , , , , , , , , , , , , , , , , , , , , 
wazuh-alerts-4.x-2024.12.10,acf-sJMBnOFSf1lylUVS,1,1,192.168.117.136,window-agent3,3,Maryam, , , ,4624,0x8020000000000000,{54849625-5478-4994-a5ba-3e3b0328c30d},0,Security,0,"""An account was successfully logged on.

Subject:
	Security ID:		S-1-5-18
	Account Name:		DESKTOP-QGB4EQH$
	Account Domain:		WORKGROUP
	Logon ID:		0x3E7

Logon Information:
	Logon Type:		5
	Restricted Admin Mode:	-
	Virtual Account:		No
	Elevated Token:		Yes

Impersonation Level:		Impersonation

New Logon:
	Security ID:		S-1-5-18
	Account Name:		SYSTEM
	Account Domain:		NT AUTHORITY
	Logon ID:		0x3E7
	Linked Logon ID:		0x0
	Network Account Name:	-
	Network Account Domain:	-
	Logon GUID:		{00000000-0000-0000-0000-000000000000}

Process Information:
	Process ID:		0x284
	Process Name:		C:\Windows\System32\services.exe

Network Information:
	Workstation Name:	-
	Source Network Address:	-
	Source Port:		-

Detailed Authentication Information:
	Logon Process:		Advapi  
	Authentication Package:	Negotiate
	Transited Services:	-
	Package Name (NTLM only):	-
	Key Length:		0

This event is generated when a logon session is created. It is generated on the computer that was accessed.

The subject fields indicate the account on the local system which requested the logon. This is most commonly a service such as the Server service, or a local process such as Winlogon.exe or Services.exe.

The logon type field indicates the kind of logon that occurred. The most common types are 2 (interactive) and 3 (network).

The New Logon fields indicate the account for whom the new logon was created, i.e. the account that was logged on.

The network fields indicate where a remote logon request originated. Workstation name is not always available and may be left blank in some cases.

The impersonation level field indicates the extent to which a process in the logon session can impersonate.

The authentication information fields provide detailed information about this specific logon request.
	- Logon GUID is a unique identifier that can be used to correlate this event with a KDC event.
	- Transited services indicate which intermediate services have participated in this logon request.
	- Package name indicates which sub-protocol was used among the NTLM protocols.
	- Key length indicates the length of the generated session key. This will be 0 if no session key was requested.""",2,2024-12-10T14:34:37.7374810Z,226,784,DESKTOP-QGB4EQH,12544,672,AUDIT_SUCCESS,Microsoft-Windows-Security-Auditing,12,FALSE,3,Windows logon success.,"[""windows"",""windows_security"",""authentication_success""]",60106,windows_eventchannel,log,"Dec 10, 2024 @ 14:34:52.429",EventChannel,1733841292,"Dec 10, 2024 @ 14:34:52.429", , , ,"[""IV_32.2""]","[""7.1"",""7.2""]", , , , , , , , , ,0x284, , , , , , ,"[""Valid Accounts""]","[""T1078""]","[""Defense Evasion"",""Persistence"",""Privilege Escalation"",""Initial Access""]", , , , , , ,"[""10.2.5""]","[""164.312.b""]","[""CC6.8"",""CC7.2"",""CC7.3""]","[""AC.7"",""AU.14""]", , ,{00000000-0000-0000-0000-000000000000}, , , , , , , , , ,0x3e7,WORKGROUP,0x0,%%1833,Negotiate,0x3e7,Advapi,SYSTEM,0,%%1842,S-1-5-18,C:\\Windows\\System32\\services.exe,NT AUTHORITY,S-1-5-18,%%1843,5,DESKTOP-QGB4EQH$, , , , , , , , , , , , , , , , , , , , , , , , , , , , , , , , , , , , , , , , , , , , , , , , , , , , , , , , , , , , , , , , , , , , , , , , , , , , , , , , , , , , , , , , , 
wazuh-alerts-4.x-2024.12.10,a8f-sJMBnOFSf1lylUVS,1,1,192.168.117.136,window-agent3,3,Maryam, , , ,7,0x8000000000000000,{5770385f-c22a-43e0-bf4c-06f5698ffbd9},4,Microsoft-Windows-Sysmon/Operational,0,"""Image loaded:
RuleName: technique_id=T1053,technique_name=Scheduled Task
UtcTime: 2024-12-10 14:34:42.339
ProcessGuid: {15959494-517c-6758-f400-000000000200}
ProcessId: 1340
Image: C:\$WINDOWS.~BT\Sources\SetupPlatform.exe
ImageLoaded: C:\Windows\System32\taskschd.dll
FileVersion: 10.0.19041.3636 (WinBuild.160101.0800)
Description: Task Scheduler COM API
Product: Microsoft® Windows® Operating System
Company: Microsoft Corporation
OriginalFileName: taskschd.dll
Hashes: SHA1=633C92F5A5000CDE3235C7FDC306B2B04C501C48,MD5=84F942C1A4BD60C94EBEC6643E0216C9,SHA256=BBE733452E6CE871D5D2064948847AAB2A71F7FEDA2C962BA4002F64E2D198F2,IMPHASH=B7A4477FA36E2E5287EE76AC4AFCB05B
Signed: true
Signature: Microsoft Windows
SignatureStatus: Valid
User: NT AUTHORITY\SYSTEM""",3,2024-12-10T14:34:42.3580391Z,2491,3484,DESKTOP-QGB4EQH,7,2452,INFORMATION,Microsoft-Windows-Sysmon,15,FALSE,4,Process loaded taskschd.dll module. May be used to create delayed malware execution,"[""sysmon"",""sysmon_eid7_detections"",""windows""]",92154,windows_eventchannel,log,"Dec 10, 2024 @ 14:34:53.300",EventChannel,1733841293,"Dec 10, 2024 @ 14:34:53.300", , , , , ,taskschd.dll,C:\\$WINDOWS.~BT\\Sources\\SetupPlatform.exe,Microsoft® Windows® Operating System,Microsoft Windows,C:\\Windows\\System32\\taskschd.dll,Task Scheduler COM API,TRUE,Valid,{15959494-517c-6758-f400-000000000200},1340,34:42.3,"SHA1=633C92F5A5000CDE3235C7FDC306B2B04C501C48,MD5=84F942C1A4BD60C94EBEC6643E0216C9,SHA256=BBE733452E6CE871D5D2064948847AAB2A71F7FEDA2C962BA4002F64E2D198F2,IMPHASH=B7A4477FA36E2E5287EE76AC4AFCB05B","technique_id=T1053,technique_name=Scheduled Task",Microsoft Corporation,10.0.19041.3636 (WinBuild.160101.0800),NT AUTHORITY\\SYSTEM,"[""Scheduled Task""]","[""T1053.005""]","[""Execution"",""Persistence"",""Privilege Escalation""]", , , , , , , , , , , , , , , , , , , , , , , , , , , , , , , , , , , , , , , , , , , , , , , , , , , , , , , , , , , , , , , , , , , , , , , , , , , , , , , , , , , , , , , , , , , , , , , , , , , , , , , , , , , , , , , , , , , , , , , , , , , , , , , , 
wazuh-alerts-4.x-2024.12.10,bMf-sJMBnOFSf1lylUVS,1,1,192.168.117.136,window-agent3,3,Maryam, , , ,7,0x8000000000000000,{5770385f-c22a-43e0-bf4c-06f5698ffbd9},4,Microsoft-Windows-Sysmon/Operational,0,"""Image loaded:
RuleName: technique_id=T1053,technique_name=Scheduled Task
UtcTime: 2024-12-10 14:34:42.417
ProcessGuid: {15959494-517c-6758-f400-000000000200}
ProcessId: 1340
Image: C:\$WINDOWS.~BT\Sources\SetupPlatform.exe
ImageLoaded: C:\Windows\System32\taskschd.dll
FileVersion: 10.0.19041.3636 (WinBuild.160101.0800)
Description: Task Scheduler COM API
Product: Microsoft® Windows® Operating System
Company: Microsoft Corporation
OriginalFileName: taskschd.dll
Hashes: SHA1=633C92F5A5000CDE3235C7FDC306B2B04C501C48,MD5=84F942C1A4BD60C94EBEC6643E0216C9,SHA256=BBE733452E6CE871D5D2064948847AAB2A71F7FEDA2C962BA4002F64E2D198F2,IMPHASH=B7A4477FA36E2E5287EE76AC4AFCB05B
Signed: true
Signature: Microsoft Windows
SignatureStatus: Valid
User: NT AUTHORITY\SYSTEM""",3,2024-12-10T14:34:42.4323150Z,2493,3480,DESKTOP-QGB4EQH,7,2452,INFORMATION,Microsoft-Windows-Sysmon,16,FALSE,4,Process loaded taskschd.dll module. May be used to create delayed malware execution,"[""sysmon"",""sysmon_eid7_detections"",""windows""]",92154,windows_eventchannel,log,"Dec 10, 2024 @ 14:34:53.332",EventChannel,1733841293,"Dec 10, 2024 @ 14:34:53.332", , , , , ,taskschd.dll,C:\\$WINDOWS.~BT\\Sources\\SetupPlatform.exe,Microsoft® Windows® Operating System,Microsoft Windows,C:\\Windows\\System32\\taskschd.dll,Task Scheduler COM API,TRUE,Valid,{15959494-517c-6758-f400-000000000200},1340,34:42.4,"SHA1=633C92F5A5000CDE3235C7FDC306B2B04C501C48,MD5=84F942C1A4BD60C94EBEC6643E0216C9,SHA256=BBE733452E6CE871D5D2064948847AAB2A71F7FEDA2C962BA4002F64E2D198F2,IMPHASH=B7A4477FA36E2E5287EE76AC4AFCB05B","technique_id=T1053,technique_name=Scheduled Task",Microsoft Corporation,10.0.19041.3636 (WinBuild.160101.0800),NT AUTHORITY\\SYSTEM,"[""Scheduled Task""]","[""T1053.005""]","[""Execution"",""Persistence"",""Privilege Escalation""]", , , , , , , , , , , , , , , , , , , , , , , , , , , , , , , , , , , , , , , , , , , , , , , , , , , , , , , , , , , , , , , , , , , , , , , , , , , , , , , , , , , , , , , , , , , , , , , , , , , , , , , , , , , , , , , , , , , , , , , , , , , , , , , , 
wazuh-alerts-4.x-2024.12.10,bcf-sJMBnOFSf1lymUU7,1,1,192.168.117.136,window-agent3,3,Maryam, , , ,4624,0x8020000000000000,{54849625-5478-4994-a5ba-3e3b0328c30d},0,Security,0,"""An account was successfully logged on.

Subject:
	Security ID:		S-1-5-18
	Account Name:		DESKTOP-QGB4EQH$
	Account Domain:		WORKGROUP
	Logon ID:		0x3E7

Logon Information:
	Logon Type:		5
	Restricted Admin Mode:	-
	Virtual Account:		No
	Elevated Token:		Yes

Impersonation Level:		Impersonation

New Logon:
	Security ID:		S-1-5-18
	Account Name:		SYSTEM
	Account Domain:		NT AUTHORITY
	Logon ID:		0x3E7
	Linked Logon ID:		0x0
	Network Account Name:	-
	Network Account Domain:	-
	Logon GUID:		{00000000-0000-0000-0000-000000000000}

Process Information:
	Process ID:		0x284
	Process Name:		C:\Windows\System32\services.exe

Network Information:
	Workstation Name:	-
	Source Network Address:	-
	Source Port:		-

Detailed Authentication Information:
	Logon Process:		Advapi  
	Authentication Package:	Negotiate
	Transited Services:	-
	Package Name (NTLM only):	-
	Key Length:		0

This event is generated when a logon session is created. It is generated on the computer that was accessed.

The subject fields indicate the account on the local system which requested the logon. This is most commonly a service such as the Server service, or a local process such as Winlogon.exe or Services.exe.

The logon type field indicates the kind of logon that occurred. The most common types are 2 (interactive) and 3 (network).

The New Logon fields indicate the account for whom the new logon was created, i.e. the account that was logged on.

The network fields indicate where a remote logon request originated. Workstation name is not always available and may be left blank in some cases.

The impersonation level field indicates the extent to which a process in the logon session can impersonate.

The authentication information fields provide detailed information about this specific logon request.
	- Logon GUID is a unique identifier that can be used to correlate this event with a KDC event.
	- Transited services indicate which intermediate services have participated in this logon request.
	- Package name indicates which sub-protocol was used among the NTLM protocols.
	- Key length indicates the length of the generated session key. This will be 0 if no session key was requested.""",2,2024-12-10T14:34:42.1961525Z,228,708,DESKTOP-QGB4EQH,12544,672,AUDIT_SUCCESS,Microsoft-Windows-Security-Auditing,13,FALSE,3,Windows logon success.,"[""windows"",""windows_security"",""authentication_success""]",60106,windows_eventchannel,log,"Dec 10, 2024 @ 14:34:53.665",EventChannel,1733841293,"Dec 10, 2024 @ 14:34:53.665", , , ,"[""IV_32.2""]","[""7.1"",""7.2""]", , , , , , , , , ,0x284, , , , , , ,"[""Valid Accounts""]","[""T1078""]","[""Defense Evasion"",""Persistence"",""Privilege Escalation"",""Initial Access""]", , , , , , ,"[""10.2.5""]","[""164.312.b""]","[""CC6.8"",""CC7.2"",""CC7.3""]","[""AC.7"",""AU.14""]", , ,{00000000-0000-0000-0000-000000000000}, , , , , , , , , ,0x3e7,WORKGROUP,0x0,%%1833,Negotiate,0x3e7,Advapi,SYSTEM,0,%%1842,S-1-5-18,C:\\Windows\\System32\\services.exe,NT AUTHORITY,S-1-5-18,%%1843,5,DESKTOP-QGB4EQH$, , , , , , , , , , , , , , , , , , , , , , , , , , , , , , , , , , , , , , , , , , , , , , , , , , , , , , , , , , , , , , , , , , , , , , , , , , , , , , , , , , , , , , , , , 
wazuh-alerts-4.x-2024.12.10,ccf-sJMBnOFSf1lyn0Uc,1,1,192.168.117.136,window-agent3,3,Maryam, , , ,7040,0x8080000000000000,{555908d1-a6d7-4695-8e1e-26931d2012f4},4,System,0,"""The start type of the Windows Modules Installer service was changed from auto start to demand start.""",0,2024-12-10T14:34:48.2612534Z,272,808,DESKTOP-QGB4EQH,0,644,INFORMATION,Service Control Manager,7,FALSE,3,Service startup type was changed,"[""windows"",""windows_system"",""policy_changed""]",61104,windows_eventchannel,log,"Dec 10, 2024 @ 14:34:54.789",EventChannel,1733841294,"Dec 10, 2024 @ 14:34:54.789", , ,Service Control Manager,"[""IV_35.7.d""]", , , , , , , , , , , , , , , , , , , , ,Windows Modules Installer, , ,demand start,TrustedInstaller,auto start,"[""10.6""]","[""164.312.b""]","[""CC6.1"",""CC6.8"",""CC7.2"",""CC7.3""]","[""AU.6""]",This does not appear to be logged on Windows 2000, , , , , , , , , , , , , , , , , , , , , , , , , , , , , , , , , , , , , , , , , , , , , , , , , , , , , , , , , , , , , , , , , , , , , , , , , , , , , , , , , , , , , , , , , , , , , , , , , , , , , , , , , , , , , , , , , , , , , 
wazuh-alerts-4.x-2024.12.10,dMf-sJMBnOFSf1lyn0Uc,1,1,192.168.117.136,window-agent3,3,Maryam, , , ,4624,0x8020000000000000,{54849625-5478-4994-a5ba-3e3b0328c30d},0,Security,0,"""An account was successfully logged on.

Subject:
	Security ID:		S-1-5-18
	Account Name:		DESKTOP-QGB4EQH$
	Account Domain:		WORKGROUP
	Logon ID:		0x3E7

Logon Information:
	Logon Type:		2
	Restricted Admin Mode:	-
	Virtual Account:		No
	Elevated Token:		No

Impersonation Level:		Impersonation

New Logon:
	Security ID:		S-1-5-21-2469675487-2142651230-3143768571-1001
	Account Name:		mari
	Account Domain:		DESKTOP-QGB4EQH
	Logon ID:		0x3793D6
	Linked Logon ID:		0x379030
	Network Account Name:	-
	Network Account Domain:	-
	Logon GUID:		{00000000-0000-0000-0000-000000000000}

Process Information:
	Process ID:		0x36c
	Process Name:		C:\Windows\System32\svchost.exe

Network Information:
	Workstation Name:	DESKTOP-QGB4EQH
	Source Network Address:	127.0.0.1
	Source Port:		0

Detailed Authentication Information:
	Logon Process:		User32 
	Authentication Package:	Negotiate
	Transited Services:	-
	Package Name (NTLM only):	-
	Key Length:		0

This event is generated when a logon session is created. It is generated on the computer that was accessed.

The subject fields indicate the account on the local system which requested the logon. This is most commonly a service such as the Server service, or a local process such as Winlogon.exe or Services.exe.

The logon type field indicates the kind of logon that occurred. The most common types are 2 (interactive) and 3 (network).

The New Logon fields indicate the account for whom the new logon was created, i.e. the account that was logged on.

The network fields indicate where a remote logon request originated. Workstation name is not always available and may be left blank in some cases.

The impersonation level field indicates the extent to which a process in the logon session can impersonate.

The authentication information fields provide detailed information about this specific logon request.
	- Logon GUID is a unique identifier that can be used to correlate this event with a KDC event.
	- Transited services indicate which intermediate services have participated in this logon request.
	- Package name indicates which sub-protocol was used among the NTLM protocols.
	- Key length indicates the length of the generated session key. This will be 0 if no session key was requested.""",2,2024-12-10T14:34:48.5934564Z,234,784,DESKTOP-QGB4EQH,12544,672,AUDIT_SUCCESS,Microsoft-Windows-Security-Auditing,2,FALSE,3,Windows workstation logon success.,"[""windows"",""windows_security"",""authentication_success""]",60118,windows_eventchannel,log,"Dec 10, 2024 @ 14:34:54.882",EventChannel,1733841294,"Dec 10, 2024 @ 14:34:54.882", , , ,"[""IV_32.2""]","[""7.1"",""7.2""]", , , , , , , , , ,0x36c, , , , , , ,"[""Valid Accounts""]","[""T1078""]","[""Defense Evasion"",""Persistence"",""Privilege Escalation"",""Initial Access""]", , , , , , ,"[""10.2.5""]","[""164.312.b""]","[""CC6.8"",""CC7.2"",""CC7.3""]","[""AC.7"",""AU.14""]", , ,{00000000-0000-0000-0000-000000000000}, , , , , , , , , ,0x3e7,WORKGROUP,0x379030,%%1833,Negotiate,0x3793d6,User32,mari,0,%%1843,S-1-5-18,C:\\Windows\\System32\\svchost.exe,DESKTOP-QGB4EQH,S-1-5-21-2469675487-2142651230-3143768571-1001,%%1843,2,DESKTOP-QGB4EQH$, , , , , , , , , , , , , , , , , , , , , , , , , , ,127.0.0.1,DESKTOP-QGB4EQH,0, , , , , , , , , , , , , , , , , , , , , , , , , , , , , , , , , , , , , , , , , , , , , , , , , , , , , , , , , , , , 
wazuh-alerts-4.x-2024.12.10,mMf-sJMBnOFSf1lyuEWA,1,1,192.168.117.136,window-agent3,3,Maryam, , , ,11,0x8000000000000000,{5770385f-c22a-43e0-bf4c-06f5698ffbd9},4,Microsoft-Windows-Sysmon/Operational,0,"""File created:
RuleName: technique_id=T1574.010,technique_name=Services File Permissions Weakness
UtcTime: 2024-12-10 14:34:56.433
ProcessGuid: {15959494-50d9-6758-2800-000000000200}
ProcessId: 2096
Image: C:\WINDOWS\System32\spoolsv.exe
TargetFilename: C:\Windows\System32\spool\drivers\x64\3\New\FXSUI.DLL
CreationUtcTime: 2024-12-10 14:34:56.433
User: NT AUTHORITY\SYSTEM""",2,2024-12-10T14:34:56.4506726Z,2768,3480,DESKTOP-QGB4EQH,11,2452,INFORMATION,Microsoft-Windows-Sysmon,16,TRUE,12,"DLL file created by printer spool service, possible malware binary drop from PrintNightmare exploit","[""sysmon"",""sysmon_eid11_detections"",""windows""]",92206,windows_eventchannel,log,"Dec 10, 2024 @ 14:35:02.147",EventChannel,1733841302,"Dec 10, 2024 @ 14:35:02.147", , , , , , ,C:\\WINDOWS\\System32\\spoolsv.exe, , , , , , ,{15959494-50d9-6758-2800-000000000200},2096,34:56.4, ,"technique_id=T1574.010,technique_name=Services File Permissions Weakness", , ,NT AUTHORITY\\SYSTEM,"[""Services File Permissions Weakness""]","[""T1574.010""]","[""Persistence"",""Privilege Escalation"",""Defense Evasion""]", ,C:\\Windows\\System32\\spool\\drivers\\x64\\3\\New\\FXSUI.DLL,34:56.4, , , , , , , , , , , , , , , , , , , , , , , , , , , , , , , , , , , , , , , , , , , , , , , , , , , , , , , , , , , , , , , , , , , , , , , , , , , , , , , , , , , , , , , , , , , , , , , , , , , , , , , , , , , , , , , , , , , , , , , , , , , , , 
wazuh-alerts-4.x-2024.12.10,m8f-sJMBnOFSf1lyuEWA,1,1,192.168.117.136,window-agent3,3,Maryam, , , ,11,0x8000000000000000,{5770385f-c22a-43e0-bf4c-06f5698ffbd9},4,Microsoft-Windows-Sysmon/Operational,0,"""File created:
RuleName: technique_id=T1574.010,technique_name=Services File Permissions Weakness
UtcTime: 2024-12-10 14:34:57.292
ProcessGuid: {15959494-50d9-6758-2800-000000000200}
ProcessId: 2096
Image: C:\WINDOWS\System32\spoolsv.exe
TargetFilename: C:\Windows\System32\spool\drivers\x64\3\New\FXSTIFF.DLL
CreationUtcTime: 2024-12-10 14:34:57.292
User: NT AUTHORITY\SYSTEM""",2,2024-12-10T14:34:57.3062862Z,2771,3480,DESKTOP-QGB4EQH,11,2452,INFORMATION,Microsoft-Windows-Sysmon,19,TRUE,12,"DLL file created by printer spool service, possible malware binary drop from PrintNightmare exploit","[""sysmon"",""sysmon_eid11_detections"",""windows""]",92206,windows_eventchannel,log,"Dec 10, 2024 @ 14:35:02.475",EventChannel,1733841302,"Dec 10, 2024 @ 14:35:02.475", , , , , , ,C:\\WINDOWS\\System32\\spoolsv.exe, , , , , , ,{15959494-50d9-6758-2800-000000000200},2096,34:57.3, ,"technique_id=T1574.010,technique_name=Services File Permissions Weakness", , ,NT AUTHORITY\\SYSTEM,"[""Services File Permissions Weakness""]","[""T1574.010""]","[""Persistence"",""Privilege Escalation"",""Defense Evasion""]", ,C:\\Windows\\System32\\spool\\drivers\\x64\\3\\New\\FXSTIFF.DLL,34:57.3, , , , , , , , , , , , , , , , , , , , , , , , , , , , , , , , , , , , , , , , , , , , , , , , , , , , , , , , , , , , , , , , , , , , , , , , , , , , , , , , , , , , , , , , , , , , , , , , , , , , , , , , , , , , , , , , , , , , , , , , , , , , , 
wazuh-alerts-4.x-2024.12.10,ncf-sJMBnOFSf1lyvEVo,1,1,192.168.117.136,window-agent3,3,Maryam, , , ,11,0x8000000000000000,{5770385f-c22a-43e0-bf4c-06f5698ffbd9},4,Microsoft-Windows-Sysmon/Operational,0,"""File created:
RuleName: technique_id=T1574.010,technique_name=Services File Permissions Weakness
UtcTime: 2024-12-10 14:34:57.620
ProcessGuid: {15959494-50d9-6758-2800-000000000200}
ProcessId: 2096
Image: C:\WINDOWS\System32\spoolsv.exe
TargetFilename: C:\Windows\System32\spool\drivers\x64\3\New\FXSAPI.DLL
CreationUtcTime: 2024-12-10 14:34:57.620
User: NT AUTHORITY\SYSTEM""",2,2024-12-10T14:34:57.6260620Z,2773,3480,DESKTOP-QGB4EQH,11,2452,INFORMATION,Microsoft-Windows-Sysmon,21,TRUE,12,"DLL file created by printer spool service, possible malware binary drop from PrintNightmare exploit","[""sysmon"",""sysmon_eid11_detections"",""windows""]",92206,windows_eventchannel,log,"Dec 10, 2024 @ 14:35:02.515",EventChannel,1733841302,"Dec 10, 2024 @ 14:35:02.515", , , , , , ,C:\\WINDOWS\\System32\\spoolsv.exe, , , , , , ,{15959494-50d9-6758-2800-000000000200},2096,34:57.6, ,"technique_id=T1574.010,technique_name=Services File Permissions Weakness", , ,NT AUTHORITY\\SYSTEM,"[""Services File Permissions Weakness""]","[""T1574.010""]","[""Persistence"",""Privilege Escalation"",""Defense Evasion""]", ,C:\\Windows\\System32\\spool\\drivers\\x64\\3\\New\\FXSAPI.DLL,34:57.6, , , , , , , , , , , , , , , , , , , , , , , , , , , , , , , , , , , , , , , , , , , , , , , , , , , , , , , , , , , , , , , , , , , , , , , , , , , , , , , , , , , , , , , , , , , , , , , , , , , , , , , , , , , , , , , , , , , , , , , , , , , , , 
wazuh-alerts-4.x-2024.12.10,nsf-sJMBnOFSf1lyvEVo,1,1,192.168.117.136,window-agent3,3,Maryam, , , ,7,0x8000000000000000,{5770385f-c22a-43e0-bf4c-06f5698ffbd9},4,Microsoft-Windows-Sysmon/Operational,0,"""Image loaded:
RuleName: technique_id=T1210,technique_name=Exploitation of Remote Services
UtcTime: 2024-12-10 14:34:57.652
ProcessGuid: {15959494-50d9-6758-2800-000000000200}
ProcessId: 2096
Image: C:\Windows\System32\spoolsv.exe
ImageLoaded: C:\Windows\System32\spool\drivers\x64\3\FXSUI.DLL
FileVersion: 10.0.19041.5072 (WinBuild.160101.0800)
Description: Microsoft  Fax Printer Driver UI
Product: Microsoft® Windows® Operating System
Company: Microsoft Corporation
OriginalFileName: FXSUI.DLL
Hashes: SHA1=934E2530D2C9E77C291B5F73FE02678FF12F97EE,MD5=4AEB705EB11DA2178D737C939781D6EC,SHA256=DE3B310E92AABDB8982576E4A024E8DD6852D3F8DC0FC6E4ECEE9573A48FF386,IMPHASH=DD07F952315ADD9B8323101FE8432775
Signed: true
Signature: Microsoft Windows
SignatureStatus: Valid
User: NT AUTHORITY\SYSTEM""",3,2024-12-10T14:34:57.6824243Z,2804,3484,DESKTOP-QGB4EQH,7,2452,INFORMATION,Microsoft-Windows-Sysmon,4,FALSE,6,Printer spooler service loaded a dll file. Possible PrintNightmare exploit: CVE-2021-34527,"[""sysmon"",""sysmon_eid7_detections"",""windows""]",92152,windows_eventchannel,log,"Dec 10, 2024 @ 14:35:03.320",EventChannel,1733841303,"Dec 10, 2024 @ 14:35:03.320", , , , , ,FXSUI.DLL,C:\\Windows\\System32\\spoolsv.exe,Microsoft® Windows® Operating System,Microsoft Windows,C:\\Windows\\System32\\spool\\drivers\\x64\\3\\FXSUI.DLL,Microsoft  Fax Printer Driver UI,TRUE,Valid,{15959494-50d9-6758-2800-000000000200},2096,34:57.7,"SHA1=934E2530D2C9E77C291B5F73FE02678FF12F97EE,MD5=4AEB705EB11DA2178D737C939781D6EC,SHA256=DE3B310E92AABDB8982576E4A024E8DD6852D3F8DC0FC6E4ECEE9573A48FF386,IMPHASH=DD07F952315ADD9B8323101FE8432775","technique_id=T1210,technique_name=Exploitation of Remote Services",Microsoft Corporation,10.0.19041.5072 (WinBuild.160101.0800),NT AUTHORITY\\SYSTEM,"[""Exploitation of Remote Services""]","[""T1210""]","[""Lateral Movement""]", , , , , , , , , , , , , , , , , , , , , , , , , , , , , , , , , , , , , , , , , , , , , , , , , , , , , , , , , , , , , , , , , , , , , , , , , , , , , , , , , , , , , , , , , , , , , , , , , , , , , , , , , , , , , , , , , , , , , , , , , , , , , , , , 
wazuh-alerts-4.x-2024.12.10,pcf-sJMBnOFSf1lywEVQ,1,1,192.168.117.136,window-agent3,3,Maryam, , , ,11,0x8000000000000000,{5770385f-c22a-43e0-bf4c-06f5698ffbd9},4,Microsoft-Windows-Sysmon/Operational,0,"""File created:
RuleName: technique_id=T1187,technique_name=Forced Authentication
UtcTime: 2024-12-10 14:34:59.448
ProcessGuid: {15959494-5193-6758-1201-000000000200}
ProcessId: 464
Image: C:\Windows\System32\ie4uinit.exe
TargetFilename: C:\Users\mari\AppData\Roaming\Microsoft\Windows\Start Menu\Programs\Accessories\Internet Explorer.lnk
CreationUtcTime: 2024-12-10 14:34:59.448
User: DESKTOP-QGB4EQH\mari""",2,2024-12-10T14:34:59.6362380Z,2829,3480,DESKTOP-QGB4EQH,11,2452,INFORMATION,Microsoft-Windows-Sysmon,1,FALSE,6,Scripting file created under Windows Temp or User folder,"[""sysmon"",""sysmon_eid11_detections"",""windows""]",92200,windows_eventchannel,log,"Dec 10, 2024 @ 14:35:04.042",EventChannel,1733841304,"Dec 10, 2024 @ 14:35:04.042", , , , , , ,C:\\Windows\\System32\\ie4uinit.exe, , , , , , ,{15959494-5193-6758-1201-000000000200},464,34:59.4, ,"technique_id=T1187,technique_name=Forced Authentication", , ,DESKTOP-QGB4EQH\\mari,"[""Command and Scripting Interpreter"",""Ingress Tool Transfer""]","[""T1059"",""T1105""]","[""Execution"",""Command and Control""]", ,C:\\Users\\mari\\AppData\\Roaming\\Microsoft\\Windows\\Start Menu\\Programs\\Accessories\\Internet Explorer.lnk,34:59.4, , , , , , , , , , , , , , , , , , , , , , , , , , , , , , , , , , , , , , , , , , , , , , , , , , , , , , , , , , , , , , , , , , , , , , , , , , , , , , , , , , , , , , , , , , , , , , , , , , , , , , , , , , , , , , , , , , , , , , , , , , , , , 
wazuh-alerts-4.x-2024.12.10,psf-sJMBnOFSf1lyxEU4,1,1,192.168.117.136,window-agent3,3,Maryam, , , ,7,0x8000000000000000,{5770385f-c22a-43e0-bf4c-06f5698ffbd9},4,Microsoft-Windows-Sysmon/Operational,0,"""Image loaded:
RuleName: technique_id=T1053,technique_name=Scheduled Task
UtcTime: 2024-12-10 14:35:00.042
ProcessGuid: {15959494-5193-6758-1301-000000000200}
ProcessId: 2288
Image: C:\Windows\System32\ie4uinit.exe
ImageLoaded: C:\Windows\System32\taskschd.dll
FileVersion: 10.0.19041.3636 (WinBuild.160101.0800)
Description: Task Scheduler COM API
Product: Microsoft® Windows® Operating System
Company: Microsoft Corporation
OriginalFileName: taskschd.dll
Hashes: SHA1=633C92F5A5000CDE3235C7FDC306B2B04C501C48,MD5=84F942C1A4BD60C94EBEC6643E0216C9,SHA256=BBE733452E6CE871D5D2064948847AAB2A71F7FEDA2C962BA4002F64E2D198F2,IMPHASH=B7A4477FA36E2E5287EE76AC4AFCB05B
Signed: true
Signature: Microsoft Windows
SignatureStatus: Valid
User: DESKTOP-QGB4EQH\mari""",3,2024-12-10T14:35:00.0502774Z,2854,3480,DESKTOP-QGB4EQH,7,2452,INFORMATION,Microsoft-Windows-Sysmon,19,FALSE,4,Process loaded taskschd.dll module. May be used to create delayed malware execution,"[""sysmon"",""sysmon_eid7_detections"",""windows""]",92154,windows_eventchannel,log,"Dec 10, 2024 @ 14:35:04.662",EventChannel,1733841304,"Dec 10, 2024 @ 14:35:04.662", , , , , ,taskschd.dll,C:\\Windows\\System32\\ie4uinit.exe,Microsoft® Windows® Operating System,Microsoft Windows,C:\\Windows\\System32\\taskschd.dll,Task Scheduler COM API,TRUE,Valid,{15959494-5193-6758-1301-000000000200},2288,35:00.0,"SHA1=633C92F5A5000CDE3235C7FDC306B2B04C501C48,MD5=84F942C1A4BD60C94EBEC6643E0216C9,SHA256=BBE733452E6CE871D5D2064948847AAB2A71F7FEDA2C962BA4002F64E2D198F2,IMPHASH=B7A4477FA36E2E5287EE76AC4AFCB05B","technique_id=T1053,technique_name=Scheduled Task",Microsoft Corporation,10.0.19041.3636 (WinBuild.160101.0800),DESKTOP-QGB4EQH\\mari,"[""Scheduled Task""]","[""T1053.005""]","[""Execution"",""Persistence"",""Privilege Escalation""]", , , , , , , , , , , , , , , , , , , , , , , , , , , , , , , , , , , , , , , , , , , , , , , , , , , , , , , , , , , , , , , , , , , , , , , , , , , , , , , , , , , , , , , , , , , , , , , , , , , , , , , , , , , , , , , , , , , , , , , , , , , , , , , , 
wazuh-alerts-4.x-2024.12.10,p8f-sJMBnOFSf1lyxEU4,1,1,192.168.117.136,window-agent3,3,Maryam, , , ,13,0x8000000000000000,{5770385f-c22a-43e0-bf4c-06f5698ffbd9},4,Microsoft-Windows-Sysmon/Operational,0,"""Registry value set:
RuleName: -
EventType: SetValue
UtcTime: 2024-12-10 14:35:00.198
ProcessGuid: {15959494-50d9-6758-2900-000000000200}
ProcessId: 2140
Image: C:\WINDOWS\system32\svchost.exe
TargetObject: HKLM\System\CurrentControlSet\Services\mpssvc\Parameters\AppCs\AppCs\S-1-15-2-2434737943-167758768-3180539153-984336765-1107280622-3591121930-2677285773S-1-5-21-2469675487-2142651230-3143768571-1001
Details: v2.30|AppPkgId=S-1-15-2-2434737943-167758768-3180539153-984336765-1107280622-3591121930-2677285773|LUOwn=S-1-5-21-2469675487-2142651230-3143768571-1001|C=S-1-15-3-1|C=S-1-15-3-3|C=S-1-15-3-8|C=S-1-15-3-9|C=S-1-15-3-2434737943-167758768-3180539153-984336765-1107280622-3591121930-2677285773|B=C:\WINDOWS\system32\wwahost.exe|M=Microsoft.Windows.CloudExperienceHost_cw5n1h2txyewy|Name=@{Microsoft.Windows.CloudExperienceHost_10.0.19041.4239_neutral_neutral_cw5n1h2txyewy?ms-resource://Microsoft.Windows.CloudExperienceHost/resources/appDescription}|Desc=@{Microsoft.Windows.CloudExperienceHost_10.0.19041.4239_neutral_neutral_cw5n1h2txyewy?ms-resource://Microsoft.Windows.CloudExperienceHost/resources/appDescription}|D=C:\Windows\SystemApps\Microsoft.Windows.CloudExperienceHost_cw5n1h2txyewy\|PFN=Microsoft.Windows.CloudExperienceHost_10.0.19041.4239_neutral_neutral_cw5n1h2txyewy|
User: NT AUTHORITY\LOCAL SERVICE""",2,2024-12-10T14:35:00.2321645Z,2891,3480,DESKTOP-QGB4EQH,13,2452,INFORMATION,Microsoft-Windows-Sysmon,25,FALSE,3,Evidence of new service creation found in registry under $(win.eventdata.targetObject) binary is: $(win.eventdata.details),"[""sysmon"",""sysmon_eid13_detections"",""windows""]",92307,windows_eventchannel,log,"Dec 10, 2024 @ 14:35:05.238",EventChannel,1733841305,"Dec 10, 2024 @ 14:35:05.238", , , , , , ,C:\\WINDOWS\\system32\\svchost.exe, , , , , , ,{15959494-50d9-6758-2900-000000000200},2140,35:00.2, , , , ,NT AUTHORITY\\LOCAL SERVICE,"[""Windows Service""]","[""T1543.003""]","[""Persistence"",""Privilege Escalation""]", , , , , , , , , , , , , , , , , , , , , , , , , , , , , , , , , , , , , , , , , , , , , , , , , , , , , , , , , , , , , , , , , , , , ,HKLM\\System\\CurrentControlSet\\Services\\mpssvc\\Parameters\\AppCs\\AppCs\\S-1-15-2-2434737943-167758768-3180539153-984336765-1107280622-3591121930-2677285773S-1-5-21-2469675487-2142651230-3143768571-1001,v2.30|AppPkgId=S-1-15-2-2434737943-167758768-3180539153-984336765-1107280622-3591121930-2677285773|LUOwn=S-1-5-21-2469675487-2142651230-3143768571-1001|C=S-1-15-3-1|C=S-1-15-3-3|C=S-1-15-3-8|C=S-1-15-3-9|C=S-1-15-3-2434737943-167758768-3180539153-984336765-1107280622-3591121930-2677285773|B=C:\\WINDOWS\\system32\\wwahost.exe|M=Microsoft.Windows.CloudExperienceHost_cw5n1h2txyewy|Name=@{Microsoft.Windows.CloudExperienceHost_10.0.19041.4239_neutral_neutral_cw5n1h2txyewy?ms-resource://Microsoft.Windows.CloudExperienceHost/resources/appDescription}|Desc=@{Microsoft.Windows.CloudExperienceHost_10.0.19041.4239_neutral_neutral_cw5n1h2txyewy?ms-resource://Microsoft.Windows.CloudExperienceHost/resources/appDescription}|D=C:\\Windows\\SystemApps\\Microsoft.Windows.CloudExperienceHost_cw5n1h2txyewy\\|PFN=Microsoft.Windows.CloudExperienceHost_10.0.19041.4239_neutral_neutral_cw5n1h2txyewy|,SetValue, , , , , , , , , , , , , , , , , , , , , , , , , , , , , , , , , , , , , , , , , , , , , , , , , , , , , , , , , 
wazuh-alerts-4.x-2024.12.10,qMf-sJMBnOFSf1lyyEUg,1,1,192.168.117.136,window-agent3,3,Maryam, , , ,11,0x8000000000000000,{5770385f-c22a-43e0-bf4c-06f5698ffbd9},4,Microsoft-Windows-Sysmon/Operational,0,"""File created:
RuleName: technique_id=T1187,technique_name=Forced Authentication
UtcTime: 2024-12-10 14:35:00.480
ProcessGuid: {15959494-518d-6758-0d01-000000000200}
ProcessId: 3652
Image: C:\WINDOWS\Explorer.EXE
TargetFilename: C:\Users\mari\AppData\Roaming\Microsoft\Internet Explorer\Quick Launch\User Pinned\TaskBar\Microsoft Edge.lnk
CreationUtcTime: 2024-12-10 14:35:00.480
User: DESKTOP-QGB4EQH\mari""",2,2024-12-10T14:35:00.5236825Z,2898,3480,DESKTOP-QGB4EQH,11,2452,INFORMATION,Microsoft-Windows-Sysmon,2,FALSE,6,Scripting file created under Windows Temp or User folder,"[""sysmon"",""sysmon_eid11_detections"",""windows""]",92200,windows_eventchannel,log,"Dec 10, 2024 @ 14:35:05.347",EventChannel,1733841305,"Dec 10, 2024 @ 14:35:05.347", , , , , , ,C:\\WINDOWS\\Explorer.EXE, , , , , , ,{15959494-518d-6758-0d01-000000000200},3652,35:00.5, ,"technique_id=T1187,technique_name=Forced Authentication", , ,DESKTOP-QGB4EQH\\mari,"[""Command and Scripting Interpreter"",""Ingress Tool Transfer""]","[""T1059"",""T1105""]","[""Execution"",""Command and Control""]", ,C:\\Users\\mari\\AppData\\Roaming\\Microsoft\\Internet Explorer\\Quick Launch\\User Pinned\\TaskBar\\Microsoft Edge.lnk,35:00.5, , , , , , , , , , , , , , , , , , , , , , , , , , , , , , , , , , , , , , , , , , , , , , , , , , , , , , , , , , , , , , , , , , , , , , , , , , , , , , , , , , , , , , , , , , , , , , , , , , , , , , , , , , , , , , , , , , , , , , , , , , , , , 
wazuh-alerts-4.x-2024.12.10,tMf-sJMBnOFSf1ly-kXs,1,1,192.168.117.136,window-agent3,3,Maryam, , , ,1008,0x80000000000000,{CA4E628D-8567-4896-AB6B-835B221F373F},3,Application,0,"""The Windows Search Service is starting up and attempting to remove the old search index {Reason: Index Version Upgrade}. 
""",0,2024-12-10T14:35:13.2299906Z,157,0,DESKTOP-QGB4EQH,1,0,WARNING,Microsoft-Windows-Search,1,FALSE,5,The Windows Search Service attempted to remove the old search index.,"[""windows"",""windows_application""]",60672,windows_eventchannel,log,"Dec 10, 2024 @ 14:35:15.240",EventChannel,1733841315,"Dec 10, 2024 @ 14:35:15.240", , ,Windows Search Service, , , , , , , , , , , , , , , , , , , , , , , , , , , , , , , , , , , , , , , , , , , , , , , , , , , , , , , , , , , , , , , , , , , , , , , , , , , , , , , , , , , , , , , , , , , , ,Index Version Upgrade, , , , , , , , , , , , , , , , , , , , , , , , , , , , , , , , , , , , , , , , , , , , , , , , , , , , , , , , 
wazuh-alerts-4.x-2024.12.10,tsf-sJMBnOFSf1ly-kXs,1,1,192.168.117.136,window-agent3,3,Maryam, , , ,102,0x80000000000000, ,4,Application,0,"""SearchIndexer (3700,P,98) Windows: The database engine (10.00.19045.0000) is starting a new instance (0).""",0,2024-12-10T14:35:14.0270904Z,160,0,DESKTOP-QGB4EQH,1,0,INFORMATION,ESENT,1,FALSE,3,The database engine is starting a new instance.,"[""windows"",""windows_application""]",60805,windows_eventchannel,log,"Dec 10, 2024 @ 14:35:15.722",EventChannel,1733841315,"Dec 10, 2024 @ 14:35:15.722","SearchIndexer, 3700,P,98, Windows:, 0, 10, 00, 19045, 0000", , , , , , , , , , , , , , , , , , , , , , , , , , , , , , , , , , , , , , , , , , , , , , , , , , , , , , , , , , , , , , , , , , , , , , , , , , , , , , , , , , , , , , , , , , , , , , , , , , , , , , , , , , , , , , , , , , , , , , , , , , , , , , , , , , , , , , , , , , , , , , , , , , , , , , , 
wazuh-alerts-4.x-2024.12.10,t8f-sJMBnOFSf1ly-kXs,1,1,192.168.117.136,window-agent3,3,Maryam, , , ,7,0x8000000000000000,{5770385f-c22a-43e0-bf4c-06f5698ffbd9},4,Microsoft-Windows-Sysmon/Operational,0,"""Image loaded:
RuleName: technique_id=T1053,technique_name=Scheduled Task
UtcTime: 2024-12-10 14:35:15.136
ProcessGuid: {15959494-5182-6758-f900-000000000200}
ProcessId: 4200
Image: C:\Windows\System32\svchost.exe
ImageLoaded: C:\Windows\System32\taskschd.dll
FileVersion: 10.0.19041.3636 (WinBuild.160101.0800)
Description: Task Scheduler COM API
Product: Microsoft® Windows® Operating System
Company: Microsoft Corporation
OriginalFileName: taskschd.dll
Hashes: SHA1=633C92F5A5000CDE3235C7FDC306B2B04C501C48,MD5=84F942C1A4BD60C94EBEC6643E0216C9,SHA256=BBE733452E6CE871D5D2064948847AAB2A71F7FEDA2C962BA4002F64E2D198F2,IMPHASH=B7A4477FA36E2E5287EE76AC4AFCB05B
Signed: true
Signature: Microsoft Windows
SignatureStatus: Valid
User: NT AUTHORITY\SYSTEM""",3,2024-12-10T14:35:15.1471108Z,3332,3480,DESKTOP-QGB4EQH,7,2452,INFORMATION,Microsoft-Windows-Sysmon,22,FALSE,4,Process loaded taskschd.dll module. May be used to create delayed malware execution,"[""sysmon"",""sysmon_eid7_detections"",""windows""]",92154,windows_eventchannel,log,"Dec 10, 2024 @ 14:35:16.207",EventChannel,1733841316,"Dec 10, 2024 @ 14:35:16.207", , , , , ,taskschd.dll,C:\\Windows\\System32\\svchost.exe,Microsoft® Windows® Operating System,Microsoft Windows,C:\\Windows\\System32\\taskschd.dll,Task Scheduler COM API,TRUE,Valid,{15959494-5182-6758-f900-000000000200},4200,35:15.1,"SHA1=633C92F5A5000CDE3235C7FDC306B2B04C501C48,MD5=84F942C1A4BD60C94EBEC6643E0216C9,SHA256=BBE733452E6CE871D5D2064948847AAB2A71F7FEDA2C962BA4002F64E2D198F2,IMPHASH=B7A4477FA36E2E5287EE76AC4AFCB05B","technique_id=T1053,technique_name=Scheduled Task",Microsoft Corporation,10.0.19041.3636 (WinBuild.160101.0800),NT AUTHORITY\\SYSTEM,"[""Scheduled Task""]","[""T1053.005""]","[""Execution"",""Persistence"",""Privilege Escalation""]", , , , , , , , , , , , , , , , , , , , , , , , , , , , , , , , , , , , , , , , , , , , , , , , , , , , , , , , , , , , , , , , , , , , , , , , , , , , , , , , , , , , , , , , , , , , , , , , , , , , , , , , , , , , , , , , , , , , , , , , , , , , , , , , 
