wazuh-alerts-4.x-2024.12.10,Ycf-sJMBnOFSf1lydkUQ,1,1,192.168.117.136,window-agent3,3,Maryam, , , ,11,0x8000000000000000,{5770385f-c22a-43e0-bf4c-06f5698ffbd9},4,Microsoft-Windows-Sysmon/Operational,0,"""File created:
RuleName: technique_id=T1574.010,technique_name=Services File Permissions Weakness
UtcTime: 2024-12-10 14:34:30.479
ProcessGuid: {15959494-50d7-6758-1800-000000000200}
ProcessId: 1216
Image: C:\$WINDOWS.~BT\Sources\SetupPlatform.exe
TargetFilename: C:\Windows\Panther\Rollback\EFI\Microsoft\Boot\kd_02_1af4.dll
CreationUtcTime: 2024-12-10 14:34:30.479
User: NT AUTHORITY\SYSTEM""",2,2024-12-10T14:34:30.4866309Z,2126,3480,DESKTOP-QGB4EQH,11,2452,INFORMATION,Microsoft-Windows-Sysmon,12,FALSE,6,Executable dropped in Windows root folder,"[""sysmon"",""sysmon_eid11_detections"",""windows""]",92217,windows_eventchannel,log,"Dec 10, 2024 @ 14:34:43.956",EventChannel,1733841283,"Dec 10, 2024 @ 14:34:43.956", , , , , , ,C:\\$WINDOWS.~BT\\Sources\\SetupPlatform.exe, , , , , , ,{15959494-50d7-6758-1800-000000000200},1216,34:30.5, ,"technique_id=T1574.010,technique_name=Services File Permissions Weakness", , ,NT AUTHORITY\\SYSTEM,"[""Lateral Tool Transfer""]","[""T1570""]","[""Lateral Movement""]", ,C:\\Windows\\Panther\\Rollback\\EFI\\Microsoft\\Boot\\kd_02_1af4.dll,34:30.5, , , , , , , , , , , , , , , , , , , , , , , , , , , , , , , , , , , , , , , , , , , , , , , , , , , , , , , , , , , , , , , , , , , , , , , , , , , , , , , , , , , , , , , , , , , , , , , , , , , , , , , , , , , , , , , , , , , , , , , , , , , , , 
wazuh-alerts-4.x-2024.12.10,x8f_sJMBnOFSf1lycEUi,1,1,192.168.117.136,window-agent3,3,Maryam, , , ,4624,0x8020000000000000,{54849625-5478-4994-a5ba-3e3b0328c30d},0,Security,0,"""An account was successfully logged on.

Subject:
	Security ID:		S-1-5-18
	Account Name:		DESKTOP-QGB4EQH$
	Account Domain:		WORKGROUP
	Logon ID:		0x3E7

Logon Information:
	Logon Type:		5
	Restricted Admin Mode:	-
	Virtual Account:		No
	Elevated Token:		Yes

Impersonation Level:		Impersonation

New Logon:
	Security ID:		S-1-5-18
	Account Name:		SYSTEM
	Account Domain:		NT AUTHORITY
	Logon ID:		0x3E7
	Linked Logon ID:		0x0
	Network Account Name:	-
	Network Account Domain:	-
	Logon GUID:		{00000000-0000-0000-0000-000000000000}

Process Information:
	Process ID:		0x284
	Process Name:		C:\Windows\System32\services.exe

Network Information:
	Workstation Name:	-
	Source Network Address:	-
	Source Port:		-

Detailed Authentication Information:
	Logon Process:		Advapi  
	Authentication Package:	Negotiate
	Transited Services:	-
	Package Name (NTLM only):	-
	Key Length:		0

This event is generated when a logon session is created. It is generated on the computer that was accessed.

The subject fields indicate the account on the local system which requested the logon. This is most commonly a service such as the Server service, or a local process such as Winlogon.exe or Services.exe.

The logon type field indicates the kind of logon that occurred. The most common types are 2 (interactive) and 3 (network).

The New Logon fields indicate the account for whom the new logon was created, i.e. the account that was logged on.

The network fields indicate where a remote logon request originated. Workstation name is not always available and may be left blank in some cases.

The impersonation level field indicates the extent to which a process in the logon session can impersonate.

The authentication information fields provide detailed information about this specific logon request.
	- Logon GUID is a unique identifier that can be used to correlate this event with a KDC event.
	- Transited services indicate which intermediate services have participated in this logon request.
	- Package name indicates which sub-protocol was used among the NTLM protocols.
	- Key length indicates the length of the generated session key. This will be 0 if no session key was requested.""",2,2024-12-10T14:35:47.3333888Z,285,708,DESKTOP-QGB4EQH,12544,672,AUDIT_SUCCESS,Microsoft-Windows-Security-Auditing,17,FALSE,3,Windows logon success.,"[""windows"",""windows_security"",""authentication_success""]",60106,windows_eventchannel,log,"Dec 10, 2024 @ 14:35:48.410",EventChannel,1733841348,"Dec 10, 2024 @ 14:35:48.410", , , ,"[""IV_32.2""]","[""7.1"",""7.2""]", , , , , , , , , ,0x284, , , , , , ,"[""Valid Accounts""]","[""T1078""]","[""Defense Evasion"",""Persistence"",""Privilege Escalation"",""Initial Access""]", , , , , , ,"[""10.2.5""]","[""164.312.b""]","[""CC6.8"",""CC7.2"",""CC7.3""]","[""AC.7"",""AU.14""]", , ,{00000000-0000-0000-0000-000000000000}, , , , , , , , , ,0x3e7,WORKGROUP,0x0,%%1833,Negotiate,0x3e7,Advapi,SYSTEM,0,%%1842,S-1-5-18,C:\\Windows\\System32\\services.exe,NT AUTHORITY,S-1-5-18,%%1843,5,DESKTOP-QGB4EQH$, , , , , , , , , , , , , , , , , , , , , , , , , , , , , , , , , , , , , , , , , , , , , , , , , , , , , , , , , , , , , , , , , , , , , , , , , , , , , , , , , , , , , , , , , 
wazuh-alerts-4.x-2024.12.10,1scAsZMBnOFSf1lysEV9,1,1,192.168.117.136,window-agent3,3,Maryam, , , ,4624,0x8020000000000000,{54849625-5478-4994-a5ba-3e3b0328c30d},0,Security,0,"""An account was successfully logged on.

Subject:
	Security ID:		S-1-5-18
	Account Name:		DESKTOP-QGB4EQH$
	Account Domain:		WORKGROUP
	Logon ID:		0x3E7

Logon Information:
	Logon Type:		5
	Restricted Admin Mode:	-
	Virtual Account:		No
	Elevated Token:		Yes

Impersonation Level:		Impersonation

New Logon:
	Security ID:		S-1-5-18
	Account Name:		SYSTEM
	Account Domain:		NT AUTHORITY
	Logon ID:		0x3E7
	Linked Logon ID:		0x0
	Network Account Name:	-
	Network Account Domain:	-
	Logon GUID:		{00000000-0000-0000-0000-000000000000}

Process Information:
	Process ID:		0x284
	Process Name:		C:\Windows\System32\services.exe

Network Information:
	Workstation Name:	-
	Source Network Address:	-
	Source Port:		-

Detailed Authentication Information:
	Logon Process:		Advapi  
	Authentication Package:	Negotiate
	Transited Services:	-
	Package Name (NTLM only):	-
	Key Length:		0

This event is generated when a logon session is created. It is generated on the computer that was accessed.

The subject fields indicate the account on the local system which requested the logon. This is most commonly a service such as the Server service, or a local process such as Winlogon.exe or Services.exe.

The logon type field indicates the kind of logon that occurred. The most common types are 2 (interactive) and 3 (network).

The New Logon fields indicate the account for whom the new logon was created, i.e. the account that was logged on.

The network fields indicate where a remote logon request originated. Workstation name is not always available and may be left blank in some cases.

The impersonation level field indicates the extent to which a process in the logon session can impersonate.

The authentication information fields provide detailed information about this specific logon request.
	- Logon GUID is a unique identifier that can be used to correlate this event with a KDC event.
	- Transited services indicate which intermediate services have participated in this logon request.
	- Package name indicates which sub-protocol was used among the NTLM protocols.
	- Key length indicates the length of the generated session key. This will be 0 if no session key was requested.""",2,2024-12-10T14:37:09.3933429Z,321,784,DESKTOP-QGB4EQH,12544,672,AUDIT_SUCCESS,Microsoft-Windows-Security-Auditing,18,FALSE,3,Windows logon success.,"[""windows"",""windows_security"",""authentication_success""]",60106,windows_eventchannel,log,"Dec 10, 2024 @ 14:37:10.020",EventChannel,1733841430,"Dec 10, 2024 @ 14:37:10.020", , , ,"[""IV_32.2""]","[""7.1"",""7.2""]", , , , , , , , , ,0x284, , , , , , ,"[""Valid Accounts""]","[""T1078""]","[""Defense Evasion"",""Persistence"",""Privilege Escalation"",""Initial Access""]", , , , , , ,"[""10.2.5""]","[""164.312.b""]","[""CC6.8"",""CC7.2"",""CC7.3""]","[""AC.7"",""AU.14""]", , ,{00000000-0000-0000-0000-000000000000}, , , , , , , , , ,0x3e7,WORKGROUP,0x0,%%1833,Negotiate,0x3e7,Advapi,SYSTEM,0,%%1842,S-1-5-18,C:\\Windows\\System32\\services.exe,NT AUTHORITY,S-1-5-18,%%1843,5,DESKTOP-QGB4EQH$, , , , , , , , , , , , , , , , , , , , , , , , , , , , , , , , , , , , , , , , , , , , , , , , , , , , , , , , , , , , , , , , , , , , , , , , , , , , , , , , , , , , , , , , , 
wazuh-alerts-4.x-2024.12.10,0McAsZMBnOFSf1lyfUWy,1,1,192.168.117.136,window-agent3,3,Maryam, , , ,7,0x8000000000000000,{5770385f-c22a-43e0-bf4c-06f5698ffbd9},4,Microsoft-Windows-Sysmon/Operational,0,"""Image loaded:
RuleName: technique_id=T1053,technique_name=Scheduled Task
UtcTime: 2024-12-10 14:36:54.667
ProcessGuid: {15959494-51ff-6758-6501-000000000200}
ProcessId: 4604
Image: C:\Windows\System32\ClipRenew.exe
ImageLoaded: C:\Windows\System32\taskschd.dll
FileVersion: 10.0.19041.3636 (WinBuild.160101.0800)
Description: Task Scheduler COM API
Product: Microsoft® Windows® Operating System
Company: Microsoft Corporation
OriginalFileName: taskschd.dll
Hashes: SHA1=633C92F5A5000CDE3235C7FDC306B2B04C501C48,MD5=84F942C1A4BD60C94EBEC6643E0216C9,SHA256=BBE733452E6CE871D5D2064948847AAB2A71F7FEDA2C962BA4002F64E2D198F2,IMPHASH=B7A4477FA36E2E5287EE76AC4AFCB05B
Signed: true
Signature: Microsoft Windows
SignatureStatus: Valid
User: NT AUTHORITY\SYSTEM""",3,2024-12-10T14:36:54.6757918Z,3671,3484,DESKTOP-QGB4EQH,7,2452,INFORMATION,Microsoft-Windows-Sysmon,30,FALSE,4,Process loaded taskschd.dll module. May be used to create delayed malware execution,"[""sysmon"",""sysmon_eid7_detections"",""windows""]",92154,windows_eventchannel,log,"Dec 10, 2024 @ 14:36:55.599",EventChannel,1733841415,"Dec 10, 2024 @ 14:36:55.599", , , , , ,taskschd.dll,C:\\Windows\\System32\\ClipRenew.exe,Microsoft® Windows® Operating System,Microsoft Windows,C:\\Windows\\System32\\taskschd.dll,Task Scheduler COM API,TRUE,Valid,{15959494-51ff-6758-6501-000000000200},4604,36:54.7,"SHA1=633C92F5A5000CDE3235C7FDC306B2B04C501C48,MD5=84F942C1A4BD60C94EBEC6643E0216C9,SHA256=BBE733452E6CE871D5D2064948847AAB2A71F7FEDA2C962BA4002F64E2D198F2,IMPHASH=B7A4477FA36E2E5287EE76AC4AFCB05B","technique_id=T1053,technique_name=Scheduled Task",Microsoft Corporation,10.0.19041.3636 (WinBuild.160101.0800),NT AUTHORITY\\SYSTEM,"[""Scheduled Task""]","[""T1053.005""]","[""Execution"",""Persistence"",""Privilege Escalation""]", , , , , , , , , , , , , , , , , , , , , , , , , , , , , , , , , , , , , , , , , , , , , , , , , , , , , , , , , , , , , , , , , , , , , , , , , , , , , , , , , , , , , , , , , , , , , , , , , , , , , , , , , , , , , , , , , , , , , , , , , , , , , , , , 
wazuh-alerts-4.x-2024.12.10,0scAsZMBnOFSf1lyiUVs,1,1,192.168.117.136,window-agent3,3,Maryam, , , ,7040,0x8080000000000000,{555908d1-a6d7-4695-8e1e-26931d2012f4},4,System,0,"""The start type of the Microsoft Passport Container service was changed from disabled to demand start.""",0,2024-12-10T14:36:58.2457039Z,290,4668,DESKTOP-QGB4EQH,0,644,INFORMATION,Service Control Manager,10,FALSE,3,Service startup type was changed,"[""windows"",""windows_system"",""policy_changed""]",61104,windows_eventchannel,log,"Dec 10, 2024 @ 14:36:59.360",EventChannel,1733841419,"Dec 10, 2024 @ 14:36:59.360", , ,Service Control Manager,"[""IV_35.7.d""]", , , , , , , , , , , , , , , , , , , , ,Microsoft Passport Container, , ,demand start,NgcCtnrSvc,disabled,"[""10.6""]","[""164.312.b""]","[""CC6.1"",""CC6.8"",""CC7.2"",""CC7.3""]","[""AU.6""]",This does not appear to be logged on Windows 2000, , , , , , , , , , , , , , , , , , , , , , , , , , , , , , , , , , , , , , , , , , , , , , , , , , , , , , , , , , , , , , , , , , , , , , , , , , , , , , , , , , , , , , , , , , , , , , , , , , , , , , , , , , , , , , , , , , , , , 
wazuh-alerts-4.x-2024.12.10,zscAsZMBnOFSf1lyYkVe,1,1,192.168.117.136,window-agent3,3,Maryam, , , ,7,0x8000000000000000,{5770385f-c22a-43e0-bf4c-06f5698ffbd9},4,Microsoft-Windows-Sysmon/Operational,0,"""Image loaded:
RuleName: technique_id=T1053,technique_name=Scheduled Task
UtcTime: 2024-12-10 14:36:48.995
ProcessGuid: {15959494-51ff-6758-6401-000000000200}
ProcessId: 3688
Image: C:\Users\mari\AppData\Local\Microsoft\EdgeUpdate\MicrosoftEdgeUpdate.exe
ImageLoaded: C:\Windows\SysWOW64\taskschd.dll
FileVersion: 10.0.19041.3636 (WinBuild.160101.0800)
Description: Task Scheduler COM API
Product: Microsoft® Windows® Operating System
Company: Microsoft Corporation
OriginalFileName: taskschd.dll
Hashes: SHA1=C94CEC3A6F102EF38EB1D913D61A03B2100983FE,MD5=FF11E73B7D8A3A0822E95DD68DA10B13,SHA256=0F15534DC00A65E980CAA2E11F5D5251518D528F2F28165E9881B598BF64BDD1,IMPHASH=59BF7D0FAD0B5B7F706EA9250167BD5B
Signed: true
Signature: Microsoft Windows
SignatureStatus: Valid
User: DESKTOP-QGB4EQH\mari""",3,2024-12-10T14:36:49.2027415Z,3638,3484,DESKTOP-QGB4EQH,7,2452,INFORMATION,Microsoft-Windows-Sysmon,29,FALSE,4,Process loaded taskschd.dll module. May be used to create delayed malware execution,"[""sysmon"",""sysmon_eid7_detections"",""windows""]",92154,windows_eventchannel,log,"Dec 10, 2024 @ 14:36:50.473",EventChannel,1733841410,"Dec 10, 2024 @ 14:36:50.473", , , , , ,taskschd.dll,C:\\Users\\mari\\AppData\\Local\\Microsoft\\EdgeUpdate\\MicrosoftEdgeUpdate.exe,Microsoft® Windows® Operating System,Microsoft Windows,C:\\Windows\\SysWOW64\\taskschd.dll,Task Scheduler COM API,TRUE,Valid,{15959494-51ff-6758-6401-000000000200},3688,36:49.0,"SHA1=C94CEC3A6F102EF38EB1D913D61A03B2100983FE,MD5=FF11E73B7D8A3A0822E95DD68DA10B13,SHA256=0F15534DC00A65E980CAA2E11F5D5251518D528F2F28165E9881B598BF64BDD1,IMPHASH=59BF7D0FAD0B5B7F706EA9250167BD5B","technique_id=T1053,technique_name=Scheduled Task",Microsoft Corporation,10.0.19041.3636 (WinBuild.160101.0800),DESKTOP-QGB4EQH\\mari,"[""Scheduled Task""]","[""T1053.005""]","[""Execution"",""Persistence"",""Privilege Escalation""]", , , , , , , , , , , , , , , , , , , , , , , , , , , , , , , , , , , , , , , , , , , , , , , , , , , , , , , , , , , , , , , , , , , , , , , , , , , , , , , , , , , , , , , , , , , , , , , , , , , , , , , , , , , , , , , , , , , , , , , , , , , , , , , , 
wazuh-alerts-4.x-2024.12.10,2scBsZMBnOFSf1lyBkVw,1,1,192.168.117.136,window-agent3,3,Maryam, , , ,7,0x8000000000000000,{5770385f-c22a-43e0-bf4c-06f5698ffbd9},4,Microsoft-Windows-Sysmon/Operational,0,"""Image loaded:
RuleName: technique_id=T1053,technique_name=Scheduled Task
UtcTime: 2024-12-10 14:37:28.776
ProcessGuid: {15959494-5228-6758-9e01-000000000200}
ProcessId: 6496
Image: C:\Users\mari\AppData\Local\Microsoft\EdgeUpdate\MicrosoftEdgeUpdate.exe
ImageLoaded: C:\Windows\SysWOW64\taskschd.dll
FileVersion: 10.0.19041.3636 (WinBuild.160101.0800)
Description: Task Scheduler COM API
Product: Microsoft® Windows® Operating System
Company: Microsoft Corporation
OriginalFileName: taskschd.dll
Hashes: SHA1=C94CEC3A6F102EF38EB1D913D61A03B2100983FE,MD5=FF11E73B7D8A3A0822E95DD68DA10B13,SHA256=0F15534DC00A65E980CAA2E11F5D5251518D528F2F28165E9881B598BF64BDD1,IMPHASH=59BF7D0FAD0B5B7F706EA9250167BD5B
Signed: true
Signature: Microsoft Windows
SignatureStatus: Valid
User: DESKTOP-QGB4EQH\mari""",3,2024-12-10T14:37:28.7881784Z,3844,3480,DESKTOP-QGB4EQH,7,2452,INFORMATION,Microsoft-Windows-Sysmon,35,FALSE,4,Process loaded taskschd.dll module. May be used to create delayed malware execution,"[""sysmon"",""sysmon_eid7_detections"",""windows""]",92154,windows_eventchannel,log,"Dec 10, 2024 @ 14:37:29.596",EventChannel,1733841449,"Dec 10, 2024 @ 14:37:29.596", , , , , ,taskschd.dll,C:\\Users\\mari\\AppData\\Local\\Microsoft\\EdgeUpdate\\MicrosoftEdgeUpdate.exe,Microsoft® Windows® Operating System,Microsoft Windows,C:\\Windows\\SysWOW64\\taskschd.dll,Task Scheduler COM API,TRUE,Valid,{15959494-5228-6758-9e01-000000000200},6496,37:28.8,"SHA1=C94CEC3A6F102EF38EB1D913D61A03B2100983FE,MD5=FF11E73B7D8A3A0822E95DD68DA10B13,SHA256=0F15534DC00A65E980CAA2E11F5D5251518D528F2F28165E9881B598BF64BDD1,IMPHASH=59BF7D0FAD0B5B7F706EA9250167BD5B","technique_id=T1053,technique_name=Scheduled Task",Microsoft Corporation,10.0.19041.3636 (WinBuild.160101.0800),DESKTOP-QGB4EQH\\mari,"[""Scheduled Task""]","[""T1053.005""]","[""Execution"",""Persistence"",""Privilege Escalation""]", , , , , , , , , , , , , , , , , , , , , , , , , , , , , , , , , , , , , , , , , , , , , , , , , , , , , , , , , , , , , , , , , , , , , , , , , , , , , , , , , , , , , , , , , , , , , , , , , , , , , , , , , , , , , , , , , , , , , , , , , , , , , , , , 
wazuh-alerts-4.x-2024.12.10,w8f_sJMBnOFSf1lyVEXI,1,1,192.168.117.136,window-agent3,3,Maryam, , , ,11,0x8000000000000000,{5770385f-c22a-43e0-bf4c-06f5698ffbd9},4,Microsoft-Windows-Sysmon/Operational,0,"""File created:
RuleName: technique_id=T1574.010,technique_name=Services File Permissions Weakness
UtcTime: 2024-12-10 14:35:39.776
ProcessGuid: {15959494-51ba-6758-4501-000000000200}
ProcessId: 5496
Image: C:\WINDOWS\system32\calc.exe
TargetFilename: C:\Windows\System32\config\systemprofile\AppData\Local\Microsoft\Windows\History\History.IE5
CreationUtcTime: 2024-12-10 14:35:39.776
User: NT AUTHORITY\SYSTEM""",2,2024-12-10T14:35:39.7844566Z,3462,3480,DESKTOP-QGB4EQH,11,2452,INFORMATION,Microsoft-Windows-Sysmon,6,FALSE,3,An executable C:\\WINDOWS\\system32\\calc.exe created a file in a Windows folder,"[""sysmon"",""sysmon_eid11_detections"",""windows""]",92222,windows_eventchannel,log,"Dec 10, 2024 @ 14:35:40.941",EventChannel,1733841340,"Dec 10, 2024 @ 14:35:40.941", , , , , , ,C:\\WINDOWS\\system32\\calc.exe, , , , , , ,{15959494-51ba-6758-4501-000000000200},5496,35:39.8, ,"technique_id=T1574.010,technique_name=Services File Permissions Weakness", , ,NT AUTHORITY\\SYSTEM,"[""Masquerading""]","[""T1036""]","[""Defense Evasion""]", ,C:\\Windows\\System32\\config\\systemprofile\\AppData\\Local\\Microsoft\\Windows\\History\\History.IE5,35:39.8, , , , , , , , , , , , , , , , , , , , , , , , , , , , , , , , , , , , , , , , , , , , , , , , , , , , , , , , , , , , , , , , , , , , , , , , , , , , , , , , , , , , , , , , , , , , , , , , , , , , , , , , , , , , , , , , , , , , , , , , , , , , , 
wazuh-alerts-4.x-2024.12.10,ycf_sJMBnOFSf1ly7UUm,1,1,192.168.117.136,window-agent3,3,Maryam, , , ,8198,0x80000000000000,{E23B33B0-C8C9-472C-A5F9-F2BDFEA0F156},2,Application,0,"""License Activation (slui.exe) failed with the following error code:
hr=0x80004005
Command-line arguments:
RuleId=31e71c49-8da7-4a2f-ad92-45d98a1c79ba;Action=AutoActivate;AppId=55c92734-d682-4d71-983e-d6ec3f16059f;SkuId=4de7cb65-cdf1-4de9-8ae8-e3cce27b9f2c;NotificationInterval=1440;Trigger=TimerEvent""",0,2024-12-10T14:36:17.9643652Z,176,0,DESKTOP-QGB4EQH,0,0,ERROR,Microsoft-Windows-Security-SPP,2,FALSE,5,License activation (slui.exe) failed.,"[""windows"",""windows_application""]",60646,windows_eventchannel,log,"Dec 10, 2024 @ 14:36:18.090",EventChannel,1733841378,"Dec 10, 2024 @ 14:36:18.090","hr=0x80004005, RuleId=31e71c49-8da7-4a2f-ad92-45d98a1c79ba;Action=AutoActivate;AppId=55c92734-d682-4d71-983e-d6ec3f16059f;SkuId=4de7cb65-cdf1-4de9-8ae8-e3cce27b9f2c;NotificationInterval=1440;Trigger=TimerEvent", ,Software Protection Platform Service, , , , , , , , , , , , , , , , , , , , , , , , , , , , , , , , , , , , , , , , , , , , , , , , , , , , , , , , , , , , , , , , , , , , , , , , , , , , , , , , , , , , , , , , , , , , , , , , , , , , , , , , , , , , , , , , , , , , , , , , , , , , , , , , , , , , , , , , , , , , , , , , , , , , , 
wazuh-alerts-4.x-2024.12.10,yscAsZMBnOFSf1lyJ0W_,1,1,192.168.117.136,window-agent3,3,Maryam, , , ,1796,0x8000000000000000,{7d5387b0-cbe0-11da-a94d-0800200c9a66},2,System,0,"""The Secure Boot update failed to update a Secure Boot variable with error Secure Boot is not enabled on this machine.. For more information, please see https://go.microsoft.com/fwlink/?linkid=2169931""",0,2024-12-10T14:36:30.8945290Z,286,8100,DESKTOP-QGB4EQH,0,8080,ERROR,Microsoft-Windows-TPM-WMI,2,FALSE,5,Windows System error event,"[""windows"",""windows_system"",""system_error""]",61102,windows_eventchannel,log,"Dec 10, 2024 @ 14:36:31.931",EventChannel,1733841391,"Dec 10, 2024 @ 14:36:31.931", , , ,"[""IV_35.7.d""]","[""4.3""]", , , , , , , , , , , , , , , , , , , , , , , , , , , , , , , , , , , , , , , , , , , , , , , , , , , , , , , , , , , , , , , , , , , , , , , , , , , , , , , , , , , , , , , , , , , , , , , , , , , , , , , , , , , , , , , , , , , , , , , , , , , , , , , , , , , , ,-2147020471, , , , , , , , , , , , , , 
wazuh-alerts-4.x-2024.12.10,9McIsZMBnOFSf1lyIkXe,1,1,192.168.117.136,window-agent3,3,Maryam, , , ,4624,0x8020000000000000,{54849625-5478-4994-a5ba-3e3b0328c30d},0,Security,0,"""An account was successfully logged on.

Subject:
	Security ID:		S-1-5-18
	Account Name:		DESKTOP-QGB4EQH$
	Account Domain:		WORKGROUP
	Logon ID:		0x3E7

Logon Information:
	Logon Type:		5
	Restricted Admin Mode:	-
	Virtual Account:		No
	Elevated Token:		Yes

Impersonation Level:		Impersonation

New Logon:
	Security ID:		S-1-5-18
	Account Name:		SYSTEM
	Account Domain:		NT AUTHORITY
	Logon ID:		0x3E7
	Linked Logon ID:		0x0
	Network Account Name:	-
	Network Account Domain:	-
	Logon GUID:		{00000000-0000-0000-0000-000000000000}

Process Information:
	Process ID:		0x284
	Process Name:		C:\Windows\System32\services.exe

Network Information:
	Workstation Name:	-
	Source Network Address:	-
	Source Port:		-

Detailed Authentication Information:
	Logon Process:		Advapi  
	Authentication Package:	Negotiate
	Transited Services:	-
	Package Name (NTLM only):	-
	Key Length:		0

This event is generated when a logon session is created. It is generated on the computer that was accessed.

The subject fields indicate the account on the local system which requested the logon. This is most commonly a service such as the Server service, or a local process such as Winlogon.exe or Services.exe.

The logon type field indicates the kind of logon that occurred. The most common types are 2 (interactive) and 3 (network).

The New Logon fields indicate the account for whom the new logon was created, i.e. the account that was logged on.

The network fields indicate where a remote logon request originated. Workstation name is not always available and may be left blank in some cases.

The impersonation level field indicates the extent to which a process in the logon session can impersonate.

The authentication information fields provide detailed information about this specific logon request.
	- Logon GUID is a unique identifier that can be used to correlate this event with a KDC event.
	- Transited services indicate which intermediate services have participated in this logon request.
	- Package name indicates which sub-protocol was used among the NTLM protocols.
	- Key length indicates the length of the generated session key. This will be 0 if no session key was requested.""",2,2024-12-10T14:45:11.9752823Z,399,708,DESKTOP-QGB4EQH,12544,672,AUDIT_SUCCESS,Microsoft-Windows-Security-Auditing,20,FALSE,3,Windows logon success.,"[""windows"",""windows_security"",""authentication_success""]",60106,windows_eventchannel,log,"Dec 10, 2024 @ 14:45:13.015",EventChannel,1733841913,"Dec 10, 2024 @ 14:45:13.015", , , ,"[""IV_32.2""]","[""7.1"",""7.2""]", , , , , , , , , ,0x284, , , , , , ,"[""Valid Accounts""]","[""T1078""]","[""Defense Evasion"",""Persistence"",""Privilege Escalation"",""Initial Access""]", , , , , , ,"[""10.2.5""]","[""164.312.b""]","[""CC6.8"",""CC7.2"",""CC7.3""]","[""AC.7"",""AU.14""]", , ,{00000000-0000-0000-0000-000000000000}, , , , , , , , , ,0x3e7,WORKGROUP,0x0,%%1833,Negotiate,0x3e7,Advapi,SYSTEM,0,%%1842,S-1-5-18,C:\\Windows\\System32\\services.exe,NT AUTHORITY,S-1-5-18,%%1843,5,DESKTOP-QGB4EQH$, , , , , , , , , , , , , , , , , , , , , , , , , , , , , , , , , , , , , , , , , , , , , , , , , , , , , , , , , , , , , , , , , , , , , , , , , , , , , , , , , , , , , , , , , 
wazuh-alerts-4.x-2024.12.10,9ccIsZMBnOFSf1lyIkXe,1,1,192.168.117.136,window-agent3,3,Maryam, , , ,4624,0x8020000000000000,{54849625-5478-4994-a5ba-3e3b0328c30d},0,Security,0,"""An account was successfully logged on.

Subject:
	Security ID:		S-1-5-18
	Account Name:		DESKTOP-QGB4EQH$
	Account Domain:		WORKGROUP
	Logon ID:		0x3E7

Logon Information:
	Logon Type:		5
	Restricted Admin Mode:	-
	Virtual Account:		No
	Elevated Token:		Yes

Impersonation Level:		Impersonation

New Logon:
	Security ID:		S-1-5-18
	Account Name:		SYSTEM
	Account Domain:		NT AUTHORITY
	Logon ID:		0x3E7
	Linked Logon ID:		0x0
	Network Account Name:	-
	Network Account Domain:	-
	Logon GUID:		{00000000-0000-0000-0000-000000000000}

Process Information:
	Process ID:		0x284
	Process Name:		C:\Windows\System32\services.exe

Network Information:
	Workstation Name:	-
	Source Network Address:	-
	Source Port:		-

Detailed Authentication Information:
	Logon Process:		Advapi  
	Authentication Package:	Negotiate
	Transited Services:	-
	Package Name (NTLM only):	-
	Key Length:		0

This event is generated when a logon session is created. It is generated on the computer that was accessed.

The subject fields indicate the account on the local system which requested the logon. This is most commonly a service such as the Server service, or a local process such as Winlogon.exe or Services.exe.

The logon type field indicates the kind of logon that occurred. The most common types are 2 (interactive) and 3 (network).

The New Logon fields indicate the account for whom the new logon was created, i.e. the account that was logged on.

The network fields indicate where a remote logon request originated. Workstation name is not always available and may be left blank in some cases.

The impersonation level field indicates the extent to which a process in the logon session can impersonate.

The authentication information fields provide detailed information about this specific logon request.
	- Logon GUID is a unique identifier that can be used to correlate this event with a KDC event.
	- Transited services indicate which intermediate services have participated in this logon request.
	- Package name indicates which sub-protocol was used among the NTLM protocols.
	- Key length indicates the length of the generated session key. This will be 0 if no session key was requested.""",2,2024-12-10T14:45:12.5558981Z,401,708,DESKTOP-QGB4EQH,12544,672,AUDIT_SUCCESS,Microsoft-Windows-Security-Auditing,21,FALSE,3,Windows logon success.,"[""windows"",""windows_security"",""authentication_success""]",60106,windows_eventchannel,log,"Dec 10, 2024 @ 14:45:13.015",EventChannel,1733841913,"Dec 10, 2024 @ 14:45:13.015", , , ,"[""IV_32.2""]","[""7.1"",""7.2""]", , , , , , , , , ,0x284, , , , , , ,"[""Valid Accounts""]","[""T1078""]","[""Defense Evasion"",""Persistence"",""Privilege Escalation"",""Initial Access""]", , , , , , ,"[""10.2.5""]","[""164.312.b""]","[""CC6.8"",""CC7.2"",""CC7.3""]","[""AC.7"",""AU.14""]", , ,{00000000-0000-0000-0000-000000000000}, , , , , , , , , ,0x3e7,WORKGROUP,0x0,%%1833,Negotiate,0x3e7,Advapi,SYSTEM,0,%%1842,S-1-5-18,C:\\Windows\\System32\\services.exe,NT AUTHORITY,S-1-5-18,%%1843,5,DESKTOP-QGB4EQH$, , , , , , , , , , , , , , , , , , , , , , , , , , , , , , , , , , , , , , , , , , , , , , , , , , , , , , , , , , , , , , , , , , , , , , , , , , , , , , , , , , , , , , , , , 
wazuh-alerts-4.x-2024.12.10,98cIsZMBnOFSf1lyLkWS,1,1,192.168.117.136,window-agent3,3,Maryam, , , ,11,0x8000000000000000,{5770385f-c22a-43e0-bf4c-06f5698ffbd9},4,Microsoft-Windows-Sysmon/Operational,0,"""File created:
RuleName: technique_id=T1574.010,technique_name=Services File Permissions Weakness
UtcTime: 2024-12-10 14:45:19.898
ProcessGuid: {15959494-53f9-6758-ce01-000000000200}
ProcessId: 4436
Image: C:\Windows\Microsoft.NET\Framework64\v4.0.30319\mscorsvw.exe
TargetFilename: C:\Windows\assembly\NativeImages_v2.0.50727_64\Temp\ZAP692F.tmp\mscorlib.dll
CreationUtcTime: 2024-12-10 14:45:19.898
User: NT AUTHORITY\SYSTEM""",2,2024-12-10T14:45:19.8996334Z,4002,3480,DESKTOP-QGB4EQH,11,2452,INFORMATION,Microsoft-Windows-Sysmon,19,FALSE,6,Executable dropped in Windows root folder,"[""sysmon"",""sysmon_eid11_detections"",""windows""]",92217,windows_eventchannel,log,"Dec 10, 2024 @ 14:45:20.954",EventChannel,1733841920,"Dec 10, 2024 @ 14:45:20.954", , , , , , ,C:\\Windows\\Microsoft.NET\\Framework64\\v4.0.30319\\mscorsvw.exe, , , , , , ,{15959494-53f9-6758-ce01-000000000200},4436,45:19.9, ,"technique_id=T1574.010,technique_name=Services File Permissions Weakness", , ,NT AUTHORITY\\SYSTEM,"[""Lateral Tool Transfer""]","[""T1570""]","[""Lateral Movement""]", ,C:\\Windows\\assembly\\NativeImages_v2.0.50727_64\\Temp\\ZAP692F.tmp\\mscorlib.dll,45:19.9, , , , , , , , , , , , , , , , , , , , , , , , , , , , , , , , , , , , , , , , , , , , , , , , , , , , , , , , , , , , , , , , , , , , , , , , , , , , , , , , , , , , , , , , , , , , , , , , , , , , , , , , , , , , , , , , , , , , , , , , , , , , , 
wazuh-alerts-4.x-2024.12.10,_ccIsZMBnOFSf1lyhEWI,1,1,192.168.117.136,window-agent3,3,Maryam, , , ,4624,0x8020000000000000,{54849625-5478-4994-a5ba-3e3b0328c30d},0,Security,0,"""An account was successfully logged on.

Subject:
	Security ID:		S-1-5-18
	Account Name:		DESKTOP-QGB4EQH$
	Account Domain:		WORKGROUP
	Logon ID:		0x3E7

Logon Information:
	Logon Type:		5
	Restricted Admin Mode:	-
	Virtual Account:		No
	Elevated Token:		Yes

Impersonation Level:		Impersonation

New Logon:
	Security ID:		S-1-5-18
	Account Name:		SYSTEM
	Account Domain:		NT AUTHORITY
	Logon ID:		0x3E7
	Linked Logon ID:		0x0
	Network Account Name:	-
	Network Account Domain:	-
	Logon GUID:		{00000000-0000-0000-0000-000000000000}

Process Information:
	Process ID:		0x284
	Process Name:		C:\Windows\System32\services.exe

Network Information:
	Workstation Name:	-
	Source Network Address:	-
	Source Port:		-

Detailed Authentication Information:
	Logon Process:		Advapi  
	Authentication Package:	Negotiate
	Transited Services:	-
	Package Name (NTLM only):	-
	Key Length:		0

This event is generated when a logon session is created. It is generated on the computer that was accessed.

The subject fields indicate the account on the local system which requested the logon. This is most commonly a service such as the Server service, or a local process such as Winlogon.exe or Services.exe.

The logon type field indicates the kind of logon that occurred. The most common types are 2 (interactive) and 3 (network).

The New Logon fields indicate the account for whom the new logon was created, i.e. the account that was logged on.

The network fields indicate where a remote logon request originated. Workstation name is not always available and may be left blank in some cases.

The impersonation level field indicates the extent to which a process in the logon session can impersonate.

The authentication information fields provide detailed information about this specific logon request.
	- Logon GUID is a unique identifier that can be used to correlate this event with a KDC event.
	- Transited services indicate which intermediate services have participated in this logon request.
	- Package name indicates which sub-protocol was used among the NTLM protocols.
	- Key length indicates the length of the generated session key. This will be 0 if no session key was requested.""",2,2024-12-10T14:45:42.6192274Z,405,708,DESKTOP-QGB4EQH,12544,672,AUDIT_SUCCESS,Microsoft-Windows-Security-Auditing,22,FALSE,3,Windows logon success.,"[""windows"",""windows_security"",""authentication_success""]",60106,windows_eventchannel,log,"Dec 10, 2024 @ 14:45:43.674",EventChannel,1733841943,"Dec 10, 2024 @ 14:45:43.674", , , ,"[""IV_32.2""]","[""7.1"",""7.2""]", , , , , , , , , ,0x284, , , , , , ,"[""Valid Accounts""]","[""T1078""]","[""Defense Evasion"",""Persistence"",""Privilege Escalation"",""Initial Access""]", , , , , , ,"[""10.2.5""]","[""164.312.b""]","[""CC6.8"",""CC7.2"",""CC7.3""]","[""AC.7"",""AU.14""]", , ,{00000000-0000-0000-0000-000000000000}, , , , , , , , , ,0x3e7,WORKGROUP,0x0,%%1833,Negotiate,0x3e7,Advapi,SYSTEM,0,%%1842,S-1-5-18,C:\\Windows\\System32\\services.exe,NT AUTHORITY,S-1-5-18,%%1843,5,DESKTOP-QGB4EQH$, , , , , , , , , , , , , , , , , , , , , , , , , , , , , , , , , , , , , , , , , , , , , , , , , , , , , , , , , , , , , , , , , , , , , , , , , , , , , , , , , , , , , , , , , 
wazuh-alerts-4.x-2024.12.10,_McIsZMBnOFSf1lyeEXO,1,1,192.168.117.136,window-agent3,3,Maryam, , , ,7,0x8000000000000000,{5770385f-c22a-43e0-bf4c-06f5698ffbd9},4,Microsoft-Windows-Sysmon/Operational,0,"""Image loaded:
RuleName: technique_id=T1053,technique_name=Scheduled Task
UtcTime: 2024-12-10 14:45:39.538
ProcessGuid: {15959494-5413-6758-d601-000000000200}
ProcessId: 8580
Image: C:\Windows\System32\taskhostw.exe
ImageLoaded: C:\Windows\System32\taskschd.dll
FileVersion: 10.0.19041.3636 (WinBuild.160101.0800)
Description: Task Scheduler COM API
Product: Microsoft® Windows® Operating System
Company: Microsoft Corporation
OriginalFileName: taskschd.dll
Hashes: SHA1=633C92F5A5000CDE3235C7FDC306B2B04C501C48,MD5=84F942C1A4BD60C94EBEC6643E0216C9,SHA256=BBE733452E6CE871D5D2064948847AAB2A71F7FEDA2C962BA4002F64E2D198F2,IMPHASH=B7A4477FA36E2E5287EE76AC4AFCB05B
Signed: true
Signature: Microsoft Windows
SignatureStatus: Valid
User: NT AUTHORITY\SYSTEM""",3,2024-12-10T14:45:39.5473112Z,4053,3480,DESKTOP-QGB4EQH,7,2452,INFORMATION,Microsoft-Windows-Sysmon,40,FALSE,4,Process loaded taskschd.dll module. May be used to create delayed malware execution,"[""sysmon"",""sysmon_eid7_detections"",""windows""]",92154,windows_eventchannel,log,"Dec 10, 2024 @ 14:45:40.595",EventChannel,1733841940,"Dec 10, 2024 @ 14:45:40.595", , , , , ,taskschd.dll,C:\\Windows\\System32\\taskhostw.exe,Microsoft® Windows® Operating System,Microsoft Windows,C:\\Windows\\System32\\taskschd.dll,Task Scheduler COM API,TRUE,Valid,{15959494-5413-6758-d601-000000000200},8580,45:39.5,"SHA1=633C92F5A5000CDE3235C7FDC306B2B04C501C48,MD5=84F942C1A4BD60C94EBEC6643E0216C9,SHA256=BBE733452E6CE871D5D2064948847AAB2A71F7FEDA2C962BA4002F64E2D198F2,IMPHASH=B7A4477FA36E2E5287EE76AC4AFCB05B","technique_id=T1053,technique_name=Scheduled Task",Microsoft Corporation,10.0.19041.3636 (WinBuild.160101.0800),NT AUTHORITY\\SYSTEM,"[""Scheduled Task""]","[""T1053.005""]","[""Execution"",""Persistence"",""Privilege Escalation""]", , , , , , , , , , , , , , , , , , , , , , , , , , , , , , , , , , , , , , , , , , , , , , , , , , , , , , , , , , , , , , , , , , , , , , , , , , , , , , , , , , , , , , , , , , , , , , , , , , , , , , , , , , , , , , , , , , , , , , , , , , , , , , , , 
wazuh-alerts-4.x-2024.12.10,4ccCsZMBnOFSf1lyoEWg,1,1,192.168.117.136,window-agent3,3,Maryam, , , ,1001,0x80000000000000, ,4,Application,0,"""Fault bucket , type 0
Event Name: MoAppCrash
Response: Not available
Cab Id: 0

Problem signature:
P1: Microsoft.Messaging_4.1901.10241.1000_x64__8wekyb3d8bbwe
P2: praid:x27e26f40ye031y48a6yb130yd1f20388991ax
P3: 10.0.19041.3636
P4: e9186526
P5: MessagingNativeCore.dll
P6: 4.1901.1901.24001
P7: 5c4a52fc
P8: c0000005
P9: 000000000000d2d8
P10: 

Attached files:
\\?\C:\Users\mari\AppData\Local\Packages\Microsoft.Messaging_8wekyb3d8bbwe\LocalCache\MessagingBackgroundTaskLog.etl
\\?\C:\ProgramData\Microsoft\Windows\WER\Temp\WER779.tmp.mdmp
\\?\C:\ProgramData\Microsoft\Windows\WER\Temp\WER855.tmp.WERInternalMetadata.xml
\\?\C:\ProgramData\Microsoft\Windows\WER\Temp\WER8A4.tmp.xml
\\?\C:\ProgramData\Microsoft\Windows\WER\Temp\WER900.tmp.csv
\\?\C:\ProgramData\Microsoft\Windows\WER\Temp\WER930.tmp.txt
\\?\C:\Users\mari\AppData\Local\Temp\WER86EE.tmp.appcompat.txt
\\?\C:\ProgramData\Microsoft\Windows\WER\ReportQueue\AppCrash_Microsoft.Messag_efd5c317f7fe692981376df3057cfcecbaca39_8e3cbe50_cab_cea6a409-a25a-4b54-b284-f366f58214d0\memory.hdmp

These files may be available here:
\\?\C:\ProgramData\Microsoft\Windows\WER\ReportQueue\AppCrash_Microsoft.Messag_efd5c317f7fe692981376df3057cfcecbaca39_8e3cbe50_cab_cea6a409-a25a-4b54-b284-f366f58214d0

Analysis symbol: 
Rechecking for solution: 0
Report Id: 72108876-fb30-429b-8a64-06e3f409607b
Report Status: 100
Hashed bucket: 
Cab Guid: 0""",0,2024-12-10T14:39:13.4137050Z,189,0,DESKTOP-QGB4EQH,0,0,INFORMATION,Windows Error Reporting,7,FALSE,4,Summary event of the report's signatures.,"[""windows"",""windows_application""]",60608,windows_eventchannel,log,"Dec 10, 2024 @ 14:39:13.457",EventChannel,1733841553,"Dec 10, 2024 @ 14:39:13.457","0, MoAppCrash, Not available, 0, Microsoft.Messaging_4.1901.10241.1000_x64__8wekyb3d8bbwe, praid:x27e26f40ye031y48a6yb130yd1f20388991ax, 10.0.19041.3636, e9186526, MessagingNativeCore.dll, 4.1901.1901.24001, 5c4a52fc, c0000005, 000000000000d2d8,   \\\\?\\C:\\Users\\mari\\AppData\\Local\\Packages\\Microsoft.Messaging_8wekyb3d8bbwe\\LocalCache\\MessagingBackgroundTaskLog.etl  \\\\?\\C:\\ProgramData\\Microsoft\\Windows\\WER\\Temp\\WER779.tmp.mdmp  \\\\?\\C:\\ProgramData\\Microsoft\\Windows\\WER\\Temp\\WER855.tmp.WERInternalMetadata.xml  \\\\?\\C:\\ProgramData\\Microsoft\\Windows\\WER\\Temp\\WER8A4.tmp.xml  \\\\?\\C:\\ProgramData\\Microsoft\\Windows\\WER\\Temp\\WER900.tmp.csv  \\\\?\\C:\\ProgramData\\Microsoft\\Windows\\WER\\Temp\\WER930.tmp.txt  \\\\?\\C:\\Users\\mari\\AppData\\Local\\Temp\\WER86EE.tmp.appcompat.txt  \\\\?\\C:\\ProgramData\\Microsoft\\Windows\\WER\\ReportQueue\\AppCrash_Microsoft.Messag_efd5c317f7fe692981376df3057cfcecbaca39_8e3cbe50_cab_cea6a409-a25a-4b54-b284-f366f58214d0\\memory.hdmp, \\\\?\\C:\\ProgramData\\Microsoft\\Windows\\WER\\ReportQueue\\AppCrash_Microsoft.Messag_efd5c317f7fe692981376df3057cfcecbaca39_8e3cbe50_cab_cea6a409-a25a-4b54-b284-f366f58214d0, 0, 72108876-fb30-429b-8a64-06e3f409607b, 100, 0", , , , , , , , , , , , , , , , , , , , , , , , , , , , , , , , , , , , , , , , , , , , , , , , , , , , , , , , , , , , , , , , , , , , , , , , , , , , , , , , , , , , , , , , , , , , , , , , , , , , , , , , , , , , , , , , , , , , , , , , , , , , , , , , , , , , , , , , , , , , , , , , , , , , , , , 
wazuh-alerts-4.x-2024.12.10,_8cIsZMBnOFSf1ly2kV-,1,1,192.168.117.136,window-agent3,3,Maryam, , , ,11,0x8000000000000000,{5770385f-c22a-43e0-bf4c-06f5698ffbd9},4,Microsoft-Windows-Sysmon/Operational,0,"""File created:
RuleName: technique_id=T1574.010,technique_name=Services File Permissions Weakness
UtcTime: 2024-12-10 14:45:57.413
ProcessGuid: {15959494-541a-6758-d801-000000000200}
ProcessId: 8052
Image: C:\Windows\Microsoft.NET\Framework64\v4.0.30319\mscorsvw.exe
TargetFilename: C:\Windows\assembly\NativeImages_v2.0.50727_64\Temp\ZAPEA36.tmp\PresentationFramework.dll
CreationUtcTime: 2024-12-10 14:45:57.413
User: NT AUTHORITY\SYSTEM""",2,2024-12-10T14:45:57.4286361Z,4066,3480,DESKTOP-QGB4EQH,11,2452,INFORMATION,Microsoft-Windows-Sysmon,25,FALSE,6,Executable dropped in Windows root folder,"[""sysmon"",""sysmon_eid11_detections"",""windows""]",92217,windows_eventchannel,log,"Dec 10, 2024 @ 14:45:58.454",EventChannel,1733841958,"Dec 10, 2024 @ 14:45:58.454", , , , , , ,C:\\Windows\\Microsoft.NET\\Framework64\\v4.0.30319\\mscorsvw.exe, , , , , , ,{15959494-541a-6758-d801-000000000200},8052,45:57.4, ,"technique_id=T1574.010,technique_name=Services File Permissions Weakness", , ,NT AUTHORITY\\SYSTEM,"[""Lateral Tool Transfer""]","[""T1570""]","[""Lateral Movement""]", ,C:\\Windows\\assembly\\NativeImages_v2.0.50727_64\\Temp\\ZAPEA36.tmp\\PresentationFramework.dll,45:57.4, , , , , , , , , , , , , , , , , , , , , , , , , , , , , , , , , , , , , , , , , , , , , , , , , , , , , , , , , , , , , , , , , , , , , , , , , , , , , , , , , , , , , , , , , , , , , , , , , , , , , , , , , , , , , , , , , , , , , , , , , , , , , 
wazuh-alerts-4.x-2024.12.10,A8cIsZMBnOFSf1ly2kZ-,1,1,192.168.117.136,window-agent3,3,Maryam, , , ,11,0x8000000000000000,{5770385f-c22a-43e0-bf4c-06f5698ffbd9},4,Microsoft-Windows-Sysmon/Operational,0,"""File created:
RuleName: technique_id=T1574.010,technique_name=Services File Permissions Weakness
UtcTime: 2024-12-10 14:46:04.398
ProcessGuid: {15959494-542b-6758-e201-000000000200}
ProcessId: 7252
Image: C:\Windows\Microsoft.NET\Framework64\v4.0.30319\mscorsvw.exe
TargetFilename: C:\Windows\assembly\NativeImages_v2.0.50727_64\Temp\ZAP2BD3.tmp\System.Drawing.dll
CreationUtcTime: 2024-12-10 14:46:04.398
User: NT AUTHORITY\SYSTEM""",2,2024-12-10T14:46:04.4061733Z,4105,3480,DESKTOP-QGB4EQH,11,2452,INFORMATION,Microsoft-Windows-Sysmon,29,FALSE,6,Executable dropped in Windows root folder,"[""sysmon"",""sysmon_eid11_detections"",""windows""]",92217,windows_eventchannel,log,"Dec 10, 2024 @ 14:46:05.439",EventChannel,1733841965,"Dec 10, 2024 @ 14:46:05.439", , , , , , ,C:\\Windows\\Microsoft.NET\\Framework64\\v4.0.30319\\mscorsvw.exe, , , , , , ,{15959494-542b-6758-e201-000000000200},7252,46:04.4, ,"technique_id=T1574.010,technique_name=Services File Permissions Weakness", , ,NT AUTHORITY\\SYSTEM,"[""Lateral Tool Transfer""]","[""T1570""]","[""Lateral Movement""]", ,C:\\Windows\\assembly\\NativeImages_v2.0.50727_64\\Temp\\ZAP2BD3.tmp\\System.Drawing.dll,46:04.4, , , , , , , , , , , , , , , , , , , , , , , , , , , , , , , , , , , , , , , , , , , , , , , , , , , , , , , , , , , , , , , , , , , , , , , , , , , , , , , , , , , , , , , , , , , , , , , , , , , , , , , , , , , , , , , , , , , , , , , , , , , , , 
wazuh-alerts-4.x-2024.12.10,6scHsZMBnOFSf1lyrUW1,1,1,192.168.117.136,window-agent3,3,Maryam, , , ,11,0x8000000000000000,{5770385f-c22a-43e0-bf4c-06f5698ffbd9},4,Microsoft-Windows-Sysmon/Operational,0,"""File created:
RuleName: technique_id=T1059.007,technique_name=JavaScript
UtcTime: 2024-12-10 14:44:47.116
ProcessGuid: {15959494-51a8-6758-3401-000000000200}
ProcessId: 5828
Image: C:\Windows\SystemApps\Microsoft.Windows.Search_cw5n1h2txyewy\SearchApp.exe
TargetFilename: C:\Users\mari\AppData\Local\Packages\Microsoft.Windows.Search_cw5n1h2txyewy\AC\INetCache\6IYNEI2H\microsoft.87cc95e85b8f06ac1018[1].js
CreationUtcTime: 2024-12-10 14:44:47.116
User: DESKTOP-QGB4EQH\mari""",2,2024-12-10T14:44:47.1267750Z,3927,3480,DESKTOP-QGB4EQH,11,2452,INFORMATION,Microsoft-Windows-Sysmon,12,FALSE,6,Scripting file created under Windows Temp or User folder,"[""sysmon"",""sysmon_eid11_detections"",""windows""]",92200,windows_eventchannel,log,"Dec 10, 2024 @ 14:44:47.760",EventChannel,1733841887,"Dec 10, 2024 @ 14:44:47.760", , , , , , ,C:\\Windows\\SystemApps\\Microsoft.Windows.Search_cw5n1h2txyewy\\SearchApp.exe, , , , , , ,{15959494-51a8-6758-3401-000000000200},5828,44:47.1, ,"technique_id=T1059.007,technique_name=JavaScript", , ,DESKTOP-QGB4EQH\\mari,"[""Command and Scripting Interpreter"",""Ingress Tool Transfer""]","[""T1059"",""T1105""]","[""Execution"",""Command and Control""]", ,C:\\Users\\mari\\AppData\\Local\\Packages\\Microsoft.Windows.Search_cw5n1h2txyewy\\AC\\INetCache\\6IYNEI2H\\microsoft.87cc95e85b8f06ac1018[1].js,44:47.1, , , , , , , , , , , , , , , , , , , , , , , , , , , , , , , , , , , , , , , , , , , , , , , , , , , , , , , , , , , , , , , , , , , , , , , , , , , , , , , , , , , , , , , , , , , , , , , , , , , , , , , , , , , , , , , , , , , , , , , , , , , , , 
wazuh-alerts-4.x-2024.12.10,CMcJsZMBnOFSf1lyJEa3,1,1,192.168.117.136,window-agent3,3,Maryam, , , ,11,0x8000000000000000,{5770385f-c22a-43e0-bf4c-06f5698ffbd9},4,Microsoft-Windows-Sysmon/Operational,0,"""File created:
RuleName: technique_id=T1574.010,technique_name=Services File Permissions Weakness
UtcTime: 2024-12-10 14:46:23.897
ProcessGuid: {15959494-543f-6758-ef01-000000000200}
ProcessId: 2112
Image: C:\Windows\Microsoft.NET\Framework64\v4.0.30319\mscorsvw.exe
TargetFilename: C:\Windows\assembly\NativeImages_v4.0.30319_64\Temp\840-0\Microsoft.GroupPolicy.AdmTmplEditor.dll
CreationUtcTime: 2024-12-10 14:46:23.897
User: NT AUTHORITY\SYSTEM""",2,2024-12-10T14:46:23.9013699Z,4154,3480,DESKTOP-QGB4EQH,11,2452,INFORMATION,Microsoft-Windows-Sysmon,34,FALSE,6,Executable dropped in Windows root folder,"[""sysmon"",""sysmon_eid11_detections"",""windows""]",92217,windows_eventchannel,log,"Dec 10, 2024 @ 14:46:24.939",EventChannel,1733841984,"Dec 10, 2024 @ 14:46:24.939", , , , , , ,C:\\Windows\\Microsoft.NET\\Framework64\\v4.0.30319\\mscorsvw.exe, , , , , , ,{15959494-543f-6758-ef01-000000000200},2112,46:23.9, ,"technique_id=T1574.010,technique_name=Services File Permissions Weakness", , ,NT AUTHORITY\\SYSTEM,"[""Lateral Tool Transfer""]","[""T1570""]","[""Lateral Movement""]", ,C:\\Windows\\assembly\\NativeImages_v4.0.30319_64\\Temp\\840-0\\Microsoft.GroupPolicy.AdmTmplEditor.dll,46:23.9, , , , , , , , , , , , , , , , , , , , , , , , , , , , , , , , , , , , , , , , , , , , , , , , , , , , , , , , , , , , , , , , , , , , , , , , , , , , , , , , , , , , , , , , , , , , , , , , , , , , , , , , , , , , , , , , , , , , , , , , , , , , , 
