wazuh-alerts-4.x-2024.12.10,NMddsZMBnOFSf1lyLEfN,1,1,192.168.117.136,window-agent3,3,Maryam, , , ,4624,0x8020000000000000,{54849625-5478-4994-a5ba-3e3b0328c30d},0,Security,0,"""An account was successfully logged on.

Subject:
	Security ID:		S-1-5-18
	Account Name:		DESKTOP-QGB4EQH$
	Account Domain:		WORKGROUP
	Logon ID:		0x3E7

Logon Information:
	Logon Type:		2
	Restricted Admin Mode:	-
	Virtual Account:		No
	Elevated Token:		Yes

Impersonation Level:		Impersonation

New Logon:
	Security ID:		S-1-5-21-2469675487-2142651230-3143768571-1001
	Account Name:		mari
	Account Domain:		DESKTOP-QGB4EQH
	Logon ID:		0xCDB992
	Linked Logon ID:		0xCDB9C7
	Network Account Name:	-
	Network Account Domain:	-
	Logon GUID:		{00000000-0000-0000-0000-000000000000}

Process Information:
	Process ID:		0x36c
	Process Name:		C:\Windows\System32\svchost.exe

Network Information:
	Workstation Name:	DESKTOP-QGB4EQH
	Source Network Address:	127.0.0.1
	Source Port:		0

Detailed Authentication Information:
	Logon Process:		User32 
	Authentication Package:	Negotiate
	Transited Services:	-
	Package Name (NTLM only):	-
	Key Length:		0

This event is generated when a logon session is created. It is generated on the computer that was accessed.

The subject fields indicate the account on the local system which requested the logon. This is most commonly a service such as the Server service, or a local process such as Winlogon.exe or Services.exe.

The logon type field indicates the kind of logon that occurred. The most common types are 2 (interactive) and 3 (network).

The New Logon fields indicate the account for whom the new logon was created, i.e. the account that was logged on.

The network fields indicate where a remote logon request originated. Workstation name is not always available and may be left blank in some cases.

The impersonation level field indicates the extent to which a process in the logon session can impersonate.

The authentication information fields provide detailed information about this specific logon request.
	- Logon GUID is a unique identifier that can be used to correlate this event with a KDC event.
	- Transited services indicate which intermediate services have participated in this logon request.
	- Package name indicates which sub-protocol was used among the NTLM protocols.
	- Key length indicates the length of the generated session key. This will be 0 if no session key was requested.""",2,2024-12-10T16:18:10.4364315Z,790,5760,DESKTOP-QGB4EQH,12544,672,AUDIT_SUCCESS,Microsoft-Windows-Security-Auditing,1,FALSE,3,Windows workstation logon success.,"[""windows"",""windows_security"",""authentication_success""]",60118,windows_eventchannel,log,"Dec 10, 2024 @ 16:18:11.629",EventChannel,1733847491,"Dec 10, 2024 @ 16:18:11.629", , , ,"[""IV_32.2""]","[""7.1"",""7.2""]", , , , , , , , , ,0x36c, , , , , , ,"[""Valid Accounts""]","[""T1078""]","[""Defense Evasion"",""Persistence"",""Privilege Escalation"",""Initial Access""]", , , , , , ,"[""10.2.5""]","[""164.312.b""]","[""CC6.8"",""CC7.2"",""CC7.3""]","[""AC.7"",""AU.14""]", , ,{00000000-0000-0000-0000-000000000000}, , , , , , , , , ,0x3e7,WORKGROUP,0xcdb9c7,%%1833,Negotiate,0xcdb992,User32,mari,0,%%1842,S-1-5-18,C:\\Windows\\System32\\svchost.exe,DESKTOP-QGB4EQH,S-1-5-21-2469675487-2142651230-3143768571-1001,%%1843,2,DESKTOP-QGB4EQH$, , , , , , , , , , , , , , , , , , , , , , , , , , ,127.0.0.1,DESKTOP-QGB4EQH,0, , , , , , , , , , , , , , , , , , , , , , , , , , , , , , , , , , , , , , , , , , , , , , , , , , , , , , , , , , , , 
wazuh-alerts-4.x-2024.12.10,NcddsZMBnOFSf1lyLEfN,1,1,192.168.117.136,window-agent3,3,Maryam, , , ,4624,0x8020000000000000,{54849625-5478-4994-a5ba-3e3b0328c30d},0,Security,0,"""An account was successfully logged on.

Subject:
	Security ID:		S-1-5-18
	Account Name:		DESKTOP-QGB4EQH$
	Account Domain:		WORKGROUP
	Logon ID:		0x3E7

Logon Information:
	Logon Type:		2
	Restricted Admin Mode:	-
	Virtual Account:		No
	Elevated Token:		No

Impersonation Level:		Impersonation

New Logon:
	Security ID:		S-1-5-21-2469675487-2142651230-3143768571-1001
	Account Name:		mari
	Account Domain:		DESKTOP-QGB4EQH
	Logon ID:		0xCDB9C7
	Linked Logon ID:		0xCDB992
	Network Account Name:	-
	Network Account Domain:	-
	Logon GUID:		{00000000-0000-0000-0000-000000000000}

Process Information:
	Process ID:		0x36c
	Process Name:		C:\Windows\System32\svchost.exe

Network Information:
	Workstation Name:	DESKTOP-QGB4EQH
	Source Network Address:	127.0.0.1
	Source Port:		0

Detailed Authentication Information:
	Logon Process:		User32 
	Authentication Package:	Negotiate
	Transited Services:	-
	Package Name (NTLM only):	-
	Key Length:		0

This event is generated when a logon session is created. It is generated on the computer that was accessed.

The subject fields indicate the account on the local system which requested the logon. This is most commonly a service such as the Server service, or a local process such as Winlogon.exe or Services.exe.

The logon type field indicates the kind of logon that occurred. The most common types are 2 (interactive) and 3 (network).

The New Logon fields indicate the account for whom the new logon was created, i.e. the account that was logged on.

The network fields indicate where a remote logon request originated. Workstation name is not always available and may be left blank in some cases.

The impersonation level field indicates the extent to which a process in the logon session can impersonate.

The authentication information fields provide detailed information about this specific logon request.
	- Logon GUID is a unique identifier that can be used to correlate this event with a KDC event.
	- Transited services indicate which intermediate services have participated in this logon request.
	- Package name indicates which sub-protocol was used among the NTLM protocols.
	- Key length indicates the length of the generated session key. This will be 0 if no session key was requested.""",2,2024-12-10T16:18:10.4364716Z,791,5760,DESKTOP-QGB4EQH,12544,672,AUDIT_SUCCESS,Microsoft-Windows-Security-Auditing,2,FALSE,3,Windows workstation logon success.,"[""windows"",""windows_security"",""authentication_success""]",60118,windows_eventchannel,log,"Dec 10, 2024 @ 16:18:11.648",EventChannel,1733847491,"Dec 10, 2024 @ 16:18:11.648", , , ,"[""IV_32.2""]","[""7.1"",""7.2""]", , , , , , , , , ,0x36c, , , , , , ,"[""Valid Accounts""]","[""T1078""]","[""Defense Evasion"",""Persistence"",""Privilege Escalation"",""Initial Access""]", , , , , , ,"[""10.2.5""]","[""164.312.b""]","[""CC6.8"",""CC7.2"",""CC7.3""]","[""AC.7"",""AU.14""]", , ,{00000000-0000-0000-0000-000000000000}, , , , , , , , , ,0x3e7,WORKGROUP,0xcdb992,%%1833,Negotiate,0xcdb9c7,User32,mari,0,%%1843,S-1-5-18,C:\\Windows\\System32\\svchost.exe,DESKTOP-QGB4EQH,S-1-5-21-2469675487-2142651230-3143768571-1001,%%1843,2,DESKTOP-QGB4EQH$, , , , , , , , , , , , , , , , , , , , , , , , , , ,127.0.0.1,DESKTOP-QGB4EQH,0, , , , , , , , , , , , , , , , , , , , , , , , , , , , , , , , , , , , , , , , , , , , , , , , , , , , , , , , , , , , 
wazuh-alerts-4.x-2024.12.10,PMddsZMBnOFSf1lySEcl,1,1,192.168.117.136,window-agent3,3,Maryam, , , ,4624,0x8020000000000000,{54849625-5478-4994-a5ba-3e3b0328c30d},0,Security,0,"""An account was successfully logged on.

Subject:
	Security ID:		S-1-5-18
	Account Name:		DESKTOP-QGB4EQH$
	Account Domain:		WORKGROUP
	Logon ID:		0x3E7

Logon Information:
	Logon Type:		5
	Restricted Admin Mode:	-
	Virtual Account:		No
	Elevated Token:		Yes

Impersonation Level:		Impersonation

New Logon:
	Security ID:		S-1-5-18
	Account Name:		SYSTEM
	Account Domain:		NT AUTHORITY
	Logon ID:		0x3E7
	Linked Logon ID:		0x0
	Network Account Name:	-
	Network Account Domain:	-
	Logon GUID:		{00000000-0000-0000-0000-000000000000}

Process Information:
	Process ID:		0x284
	Process Name:		C:\Windows\System32\services.exe

Network Information:
	Workstation Name:	-
	Source Network Address:	-
	Source Port:		-

Detailed Authentication Information:
	Logon Process:		Advapi  
	Authentication Package:	Negotiate
	Transited Services:	-
	Package Name (NTLM only):	-
	Key Length:		0

This event is generated when a logon session is created. It is generated on the computer that was accessed.

The subject fields indicate the account on the local system which requested the logon. This is most commonly a service such as the Server service, or a local process such as Winlogon.exe or Services.exe.

The logon type field indicates the kind of logon that occurred. The most common types are 2 (interactive) and 3 (network).

The New Logon fields indicate the account for whom the new logon was created, i.e. the account that was logged on.

The network fields indicate where a remote logon request originated. Workstation name is not always available and may be left blank in some cases.

The impersonation level field indicates the extent to which a process in the logon session can impersonate.

The authentication information fields provide detailed information about this specific logon request.
	- Logon GUID is a unique identifier that can be used to correlate this event with a KDC event.
	- Transited services indicate which intermediate services have participated in this logon request.
	- Package name indicates which sub-protocol was used among the NTLM protocols.
	- Key length indicates the length of the generated session key. This will be 0 if no session key was requested.""",2,2024-12-10T16:18:18.4459726Z,805,5760,DESKTOP-QGB4EQH,12544,672,AUDIT_SUCCESS,Microsoft-Windows-Security-Auditing,9,FALSE,3,Windows logon success.,"[""windows"",""windows_security"",""authentication_success""]",60106,windows_eventchannel,log,"Dec 10, 2024 @ 16:18:18.950",EventChannel,1733847498,"Dec 10, 2024 @ 16:18:18.950", , , ,"[""IV_32.2""]","[""7.1"",""7.2""]", , , , , , , , , ,0x284, , , , , , ,"[""Valid Accounts""]","[""T1078""]","[""Defense Evasion"",""Persistence"",""Privilege Escalation"",""Initial Access""]", , , , , , ,"[""10.2.5""]","[""164.312.b""]","[""CC6.8"",""CC7.2"",""CC7.3""]","[""AC.7"",""AU.14""]", , ,{00000000-0000-0000-0000-000000000000}, , , , , , , , , ,0x3e7,WORKGROUP,0x0,%%1833,Negotiate,0x3e7,Advapi,SYSTEM,0,%%1842,S-1-5-18,C:\\Windows\\System32\\services.exe,NT AUTHORITY,S-1-5-18,%%1843,5,DESKTOP-QGB4EQH$, , , , , , , , , , , , , , , , , , , , , , , , , , , , , , , , , , , , , , , , , , , , , , , , , , , , , , , , , , , , , , , , , , , , , , , , , , , , , , , , , , , , , , , , , 
wazuh-alerts-4.x-2024.12.10,PcddsZMBnOFSf1lySEcl,1,1,192.168.117.136,window-agent3,3,Maryam, , , ,4624,0x8020000000000000,{54849625-5478-4994-a5ba-3e3b0328c30d},0,Security,0,"""An account was successfully logged on.

Subject:
	Security ID:		S-1-5-18
	Account Name:		DESKTOP-QGB4EQH$
	Account Domain:		WORKGROUP
	Logon ID:		0x3E7

Logon Information:
	Logon Type:		5
	Restricted Admin Mode:	-
	Virtual Account:		No
	Elevated Token:		Yes

Impersonation Level:		Impersonation

New Logon:
	Security ID:		S-1-5-18
	Account Name:		SYSTEM
	Account Domain:		NT AUTHORITY
	Logon ID:		0x3E7
	Linked Logon ID:		0x0
	Network Account Name:	-
	Network Account Domain:	-
	Logon GUID:		{00000000-0000-0000-0000-000000000000}

Process Information:
	Process ID:		0x284
	Process Name:		C:\Windows\System32\services.exe

Network Information:
	Workstation Name:	-
	Source Network Address:	-
	Source Port:		-

Detailed Authentication Information:
	Logon Process:		Advapi  
	Authentication Package:	Negotiate
	Transited Services:	-
	Package Name (NTLM only):	-
	Key Length:		0

This event is generated when a logon session is created. It is generated on the computer that was accessed.

The subject fields indicate the account on the local system which requested the logon. This is most commonly a service such as the Server service, or a local process such as Winlogon.exe or Services.exe.

The logon type field indicates the kind of logon that occurred. The most common types are 2 (interactive) and 3 (network).

The New Logon fields indicate the account for whom the new logon was created, i.e. the account that was logged on.

The network fields indicate where a remote logon request originated. Workstation name is not always available and may be left blank in some cases.

The impersonation level field indicates the extent to which a process in the logon session can impersonate.

The authentication information fields provide detailed information about this specific logon request.
	- Logon GUID is a unique identifier that can be used to correlate this event with a KDC event.
	- Transited services indicate which intermediate services have participated in this logon request.
	- Package name indicates which sub-protocol was used among the NTLM protocols.
	- Key length indicates the length of the generated session key. This will be 0 if no session key was requested.""",2,2024-12-10T16:18:18.6964905Z,809,5760,DESKTOP-QGB4EQH,12544,672,AUDIT_SUCCESS,Microsoft-Windows-Security-Auditing,10,FALSE,3,Windows logon success.,"[""windows"",""windows_security"",""authentication_success""]",60106,windows_eventchannel,log,"Dec 10, 2024 @ 16:18:18.988",EventChannel,1733847498,"Dec 10, 2024 @ 16:18:18.988", , , ,"[""IV_32.2""]","[""7.1"",""7.2""]", , , , , , , , , ,0x284, , , , , , ,"[""Valid Accounts""]","[""T1078""]","[""Defense Evasion"",""Persistence"",""Privilege Escalation"",""Initial Access""]", , , , , , ,"[""10.2.5""]","[""164.312.b""]","[""CC6.8"",""CC7.2"",""CC7.3""]","[""AC.7"",""AU.14""]", , ,{00000000-0000-0000-0000-000000000000}, , , , , , , , , ,0x3e7,WORKGROUP,0x0,%%1833,Negotiate,0x3e7,Advapi,SYSTEM,0,%%1842,S-1-5-18,C:\\Windows\\System32\\services.exe,NT AUTHORITY,S-1-5-18,%%1843,5,DESKTOP-QGB4EQH$, , , , , , , , , , , , , , , , , , , , , , , , , , , , , , , , , , , , , , , , , , , , , , , , , , , , , , , , , , , , , , , , , , , , , , , , , , , , , , , , , , , , , , , , , 
wazuh-alerts-4.x-2024.12.10,P8ddsZMBnOFSf1lygke_,1,1,192.168.117.136,window-agent3,3,Maryam, , , ,11,0x8000000000000000,{5770385f-c22a-43e0-bf4c-06f5698ffbd9},4,Microsoft-Windows-Sysmon/Operational,0,"""File created:
RuleName: technique_id=T1059.001,technique_name=PowerShell
UtcTime: 2024-12-10 16:18:30.903
ProcessGuid: {15959494-69d4-6758-c903-000000000200}
ProcessId: 9796
Image: C:\Windows\System32\WindowsPowerShell\v1.0\powershell.exe
TargetFilename: C:\Users\mari\AppData\Local\Temp\__PSScriptPolicyTest_nwnweqqy.k00.ps1
CreationUtcTime: 2024-12-10 16:18:30.903
User: DESKTOP-QGB4EQH\mari""",2,2024-12-10T16:18:30.9197631Z,6093,3480,DESKTOP-QGB4EQH,11,2452,INFORMATION,Microsoft-Windows-Sysmon,1,TRUE,15,Executable file dropped in folder commonly used by malware,"[""sysmon"",""sysmon_eid11_detections"",""windows""]",92213,windows_eventchannel,log,"Dec 10, 2024 @ 16:18:32.005",EventChannel,1733847512,"Dec 10, 2024 @ 16:18:32.005", , , , , , ,C:\\Windows\\System32\\WindowsPowerShell\\v1.0\\powershell.exe, , , , , , ,{15959494-69d4-6758-c903-000000000200},9796,18:30.9, ,"technique_id=T1059.001,technique_name=PowerShell", , ,DESKTOP-QGB4EQH\\mari,"[""Ingress Tool Transfer""]","[""T1105""]","[""Command and Control""]", ,C:\\Users\\mari\\AppData\\Local\\Temp\\__PSScriptPolicyTest_nwnweqqy.k00.ps1,18:30.9, , , , , , , , , , , , , , , , , , , , , , , , , , , , , , , , , , , , , , , , , , , , , , , , , , , , , , , , , , , , , , , , , , , , , , , , , , , , , , , , , , , , , , , , , , , , , , , , , , , , , , , , , , , , , , , , , , , , , , , , , , , , , 
wazuh-alerts-4.x-2024.12.10,R8desZMBnOFSf1lyMkeP,1,1,192.168.117.136,window-agent3,3,Maryam, , , ,7,0x8000000000000000,{5770385f-c22a-43e0-bf4c-06f5698ffbd9},4,Microsoft-Windows-Sysmon/Operational,0,"""Image loaded:
RuleName: technique_id=T1053,technique_name=Scheduled Task
UtcTime: 2024-12-10 16:19:14.884
ProcessGuid: {15959494-69d0-6758-c503-000000000200}
ProcessId: 9316
Image: C:\Windows\System32\sppsvc.exe
ImageLoaded: C:\Windows\System32\taskschd.dll
FileVersion: 10.0.19041.3636 (WinBuild.160101.0800)
Description: Task Scheduler COM API
Product: Microsoft® Windows® Operating System
Company: Microsoft Corporation
OriginalFileName: taskschd.dll
Hashes: SHA1=633C92F5A5000CDE3235C7FDC306B2B04C501C48,MD5=84F942C1A4BD60C94EBEC6643E0216C9,SHA256=BBE733452E6CE871D5D2064948847AAB2A71F7FEDA2C962BA4002F64E2D198F2,IMPHASH=B7A4477FA36E2E5287EE76AC4AFCB05B
Signed: true
Signature: Microsoft Windows
SignatureStatus: Valid
User: NT AUTHORITY\NETWORK SERVICE""",3,2024-12-10T16:19:14.9002392Z,6198,3484,DESKTOP-QGB4EQH,7,2452,INFORMATION,Microsoft-Windows-Sysmon,10,FALSE,4,Process loaded taskschd.dll module. May be used to create delayed malware execution,"[""sysmon"",""sysmon_eid7_detections"",""windows""]",92154,windows_eventchannel,log,"Dec 10, 2024 @ 16:19:15.940",EventChannel,1733847555,"Dec 10, 2024 @ 16:19:15.940", , , , , ,taskschd.dll,C:\\Windows\\System32\\sppsvc.exe,Microsoft® Windows® Operating System,Microsoft Windows,C:\\Windows\\System32\\taskschd.dll,Task Scheduler COM API,TRUE,Valid,{15959494-69d0-6758-c503-000000000200},9316,19:14.9,"SHA1=633C92F5A5000CDE3235C7FDC306B2B04C501C48,MD5=84F942C1A4BD60C94EBEC6643E0216C9,SHA256=BBE733452E6CE871D5D2064948847AAB2A71F7FEDA2C962BA4002F64E2D198F2,IMPHASH=B7A4477FA36E2E5287EE76AC4AFCB05B","technique_id=T1053,technique_name=Scheduled Task",Microsoft Corporation,10.0.19041.3636 (WinBuild.160101.0800),NT AUTHORITY\\NETWORK SERVICE,"[""Scheduled Task""]","[""T1053.005""]","[""Execution"",""Persistence"",""Privilege Escalation""]", , , , , , , , , , , , , , , , , , , , , , , , , , , , , , , , , , , , , , , , , , , , , , , , , , , , , , , , , , , , , , , , , , , , , , , , , , , , , , , , , , , , , , , , , , , , , , , , , , , , , , , , , , , , , , , , , , , , , , , , , , , , , , , , 
wazuh-alerts-4.x-2024.12.10,S8desZMBnOFSf1ly7kcS,1,1,192.168.117.136,window-agent3,3,Maryam, , , ,11,0x8000000000000000,{5770385f-c22a-43e0-bf4c-06f5698ffbd9},4,Microsoft-Windows-Sysmon/Operational,0,"""File created:
RuleName: -
UtcTime: 2024-12-10 16:20:05.611
ProcessGuid: {15959494-69d4-6758-c903-000000000200}
ProcessId: 9796
Image: C:\Windows\System32\WindowsPowerShell\v1.0\powershell.exe
TargetFilename: C:\Users\Public\splunkd.exe
CreationUtcTime: 2024-12-10 16:20:05.611
User: DESKTOP-QGB4EQH\mari""",2,2024-12-10T16:20:05.6244845Z,6267,3480,DESKTOP-QGB4EQH,11,2452,INFORMATION,Microsoft-Windows-Sysmon,2,TRUE,12,Executable file dropped in Users\Public folder,"[""sysmon"",""sysmon_eid11_detections"",""windows""]",92207,windows_eventchannel,log,"Dec 10, 2024 @ 16:20:06.653",EventChannel,1733847606,"Dec 10, 2024 @ 16:20:06.653", , , , , , ,C:\\Windows\\System32\\WindowsPowerShell\\v1.0\\powershell.exe, , , , , , ,{15959494-69d4-6758-c903-000000000200},9796,20:05.6, , , , ,DESKTOP-QGB4EQH\\mari,"[""Ingress Tool Transfer""]","[""T1105""]","[""Command and Control""]", ,C:\\Users\\Public\\splunkd.exe,20:05.6, , , , , , , , , , , , , , , , , , , , , , , , , , , , , , , , , , , , , , , , , , , , , , , , , , , , , , , , , , , , , , , , , , , , , , , , , , , , , , , , , , , , , , , , , , , , , , , , , , , , , , , , , , , , , , , , , , , , , , , , , , , , , 
wazuh-alerts-4.x-2024.12.10,TMdesZMBnOFSf1ly8Uf9,1,1,192.168.117.136,window-agent3,3,Maryam, , , ,11,0x8000000000000000,{5770385f-c22a-43e0-bf4c-06f5698ffbd9},4,Microsoft-Windows-Sysmon/Operational,0,"""File created:
RuleName: technique_id=T1059.001,technique_name=PowerShell
UtcTime: 2024-12-10 16:20:07.605
ProcessGuid: {15959494-6a36-6758-f103-000000000200}
ProcessId: 9828
Image: C:\WINDOWS\System32\WindowsPowerShell\v1.0\powershell.exe
TargetFilename: C:\Users\mari\AppData\Local\Temp\__PSScriptPolicyTest_dmw2qx02.gps.ps1
CreationUtcTime: 2024-12-10 16:20:07.605
User: DESKTOP-QGB4EQH\mari""",2,2024-12-10T16:20:07.6208370Z,6284,3480,DESKTOP-QGB4EQH,11,2452,INFORMATION,Microsoft-Windows-Sysmon,2,TRUE,15,Executable file dropped in folder commonly used by malware,"[""sysmon"",""sysmon_eid11_detections"",""windows""]",92213,windows_eventchannel,log,"Dec 10, 2024 @ 16:20:08.207",EventChannel,1733847608,"Dec 10, 2024 @ 16:20:08.207", , , , , , ,C:\\WINDOWS\\System32\\WindowsPowerShell\\v1.0\\powershell.exe, , , , , , ,{15959494-6a36-6758-f103-000000000200},9828,20:07.6, ,"technique_id=T1059.001,technique_name=PowerShell", , ,DESKTOP-QGB4EQH\\mari,"[""Ingress Tool Transfer""]","[""T1105""]","[""Command and Control""]", ,C:\\Users\\mari\\AppData\\Local\\Temp\\__PSScriptPolicyTest_dmw2qx02.gps.ps1,20:07.6, , , , , , , , , , , , , , , , , , , , , , , , , , , , , , , , , , , , , , , , , , , , , , , , , , , , , , , , , , , , , , , , , , , , , , , , , , , , , , , , , , , , , , , , , , , , , , , , , , , , , , , , , , , , , , , , , , , , , , , , , , , , , 
wazuh-alerts-4.x-2024.12.10,TcdesZMBnOFSf1ly_Uez,1,1,192.168.117.129,agent1,4,Maryam, , , ,1000,0x80000000000000, ,2,Application, ,"""Faulting application name: Calculator.exe, version: 10.2103.8.0, time stamp: 0x6062256a
Faulting module name: Microsoft.UI.Xaml.dll, version: 2.4.2007.9001, time stamp: 0x5f074a5f
Exception code: 0xc0000005
Fault offset: 0x000000000006129d
Faulting process id: 0x3d58
Faulting application start time: 0x01db4b1f61f3ffd9
Faulting application path: C:\Program Files\WindowsApps\Microsoft.WindowsCalculator_10.2103.8.0_x64__8wekyb3d8bbwe\Calculator.exe
Faulting module path: C:\Program Files\WindowsApps\Microsoft.UI.Xaml.2.4_2.42007.9001.0_x64__8wekyb3d8bbwe\Microsoft.UI.Xaml.dll
Report Id: 6f7d9bfb-89f7-4733-955d-b897539ead7b
Faulting package full name: Microsoft.WindowsCalculator_10.2103.8.0_x64__8wekyb3d8bbwe
Faulting package-relative application ID: App""", ,2024-12-10T16:20:11.475073100Z,6501, ,DESKTOP-B37GATP,100, ,ERROR,Application Error,10,FALSE,9,Windows application error event.,"[""windows"",""windows_application"",""system_error""]",60602,windows_eventchannel,log,"Dec 10, 2024 @ 16:20:11.680",EventChannel,1733847611,"Dec 10, 2024 @ 16:20:11.680","Calculator.exe, 10.2103.8.0, 6062256a, Microsoft.UI.Xaml.dll, 2.4.2007.9001, 5f074a5f, c0000005, 000000000006129d, 3d58, 01db4b1f61f3ffd9, C:\\Program Files\\WindowsApps\\Microsoft.WindowsCalculator_10.2103.8.0_x64__8wekyb3d8bbwe\\Calculator.exe, C:\\Program Files\\WindowsApps\\Microsoft.UI.Xaml.2.4_2.42007.9001.0_x64__8wekyb3d8bbwe\\Microsoft.UI.Xaml.dll, 6f7d9bfb-89f7-4733-955d-b897539ead7b, Microsoft.WindowsCalculator_10.2103.8.0_x64__8wekyb3d8bbwe, App", , ,"[""IV_35.7.d""]","[""4.3""]", , , , , , , , , , , , , , , , , , , , , , , , , , , , , , , , , , , , , , , , , , , , , , , , , , , , , , , , , , , , , , , , , , , , , , , , , , , , , , , , , , , , , , , , , , , , , , , , , , , , , , , , , , , , , , , , , , , , , , , , , , , , , , , , , , , , , , , , , , , , , , , , , , , 
wazuh-alerts-4.x-2024.12.10,UsdgsZMBnOFSf1lyC0dD,1,1,192.168.117.136,window-agent3,3,Maryam, , , ,8224,0x80000000000000, ,4,Application,0,"""The VSS service is shutting down due to idle timeout. """,0,2024-12-10T16:21:18.9404041Z,310,0,DESKTOP-QGB4EQH,0,0,INFORMATION,VSS,1,FALSE,5,The VSS service is shutting down due to idle timeout.,"[""windows"",""windows_application""]",60702,windows_eventchannel,log,"Dec 10, 2024 @ 16:21:18.991",EventChannel,1733847678,"Dec 10, 2024 @ 16:21:18.991", ,2D20436F64653A2020434F525356434330303030303737342D2043616C6C3A2020434F525356434330303030303735362D205049443A202030303030373332342D205449443A202030303030363834302D20434D443A2020433A5C57494E444F57535C73797374656D33325C76737376632E6578652020202D20557365723A204E616D653A204E5420415554484F524954595C53595354454D2C205349443A532D312D352D313820, , , , , , , , , , , , , , , , , , , , , , , , , , , , , , , , , , , , , , , , , , , , , , , , , , , , , , , , , , , , , , , , , , , , , , , , , , , , , , , , , , , , , , , , , , , , , , , , , , , , , , , , , , , , , , , , , , , , , , , , , , , , , , , , , , , , , , , , , , , , , , , , , , , , , , 
wazuh-alerts-4.x-2024.12.10,VcdgsZMBnOFSf1lyfEeP,1,1,192.168.117.136,window-agent3,3,Maryam, , , ,11,0x8000000000000000,{5770385f-c22a-43e0-bf4c-06f5698ffbd9},4,Microsoft-Windows-Sysmon/Operational,0,"""File created:
RuleName: technique_id=T1059.001,technique_name=PowerShell
UtcTime: 2024-12-10 16:21:47.007
ProcessGuid: {15959494-6a9a-6758-0004-000000000200}
ProcessId: 10216
Image: C:\WINDOWS\System32\WindowsPowerShell\v1.0\powershell.exe
TargetFilename: C:\Users\mari\AppData\Local\Temp\__PSScriptPolicyTest_g2tbwz03.yly.ps1
CreationUtcTime: 2024-12-10 16:21:47.007
User: DESKTOP-QGB4EQH\mari""",2,2024-12-10T16:21:47.0209091Z,6373,3480,DESKTOP-QGB4EQH,11,2452,INFORMATION,Microsoft-Windows-Sysmon,3,TRUE,15,Executable file dropped in folder commonly used by malware,"[""sysmon"",""sysmon_eid11_detections"",""windows""]",92213,windows_eventchannel,log,"Dec 10, 2024 @ 16:21:48.099",EventChannel,1733847708,"Dec 10, 2024 @ 16:21:48.099", , , , , , ,C:\\WINDOWS\\System32\\WindowsPowerShell\\v1.0\\powershell.exe, , , , , , ,{15959494-6a9a-6758-0004-000000000200},10216,21:47.0, ,"technique_id=T1059.001,technique_name=PowerShell", , ,DESKTOP-QGB4EQH\\mari,"[""Ingress Tool Transfer""]","[""T1105""]","[""Command and Control""]", ,C:\\Users\\mari\\AppData\\Local\\Temp\\__PSScriptPolicyTest_g2tbwz03.yly.ps1,21:47.0, , , , , , , , , , , , , , , , , , , , , , , , , , , , , , , , , , , , , , , , , , , , , , , , , , , , , , , , , , , , , , , , , , , , , , , , , , , , , , , , , , , , , , , , , , , , , , , , , , , , , , , , , , , , , , , , , , , , , , , , , , , , , 
wazuh-alerts-4.x-2024.12.10,WcdhsZMBnOFSf1lyU0ds,1,1,192.168.117.136,window-agent3,3,Maryam, , , ,1,0x8000000000000000,{5770385f-c22a-43e0-bf4c-06f5698ffbd9},4,Microsoft-Windows-Sysmon/Operational,0,"""Process Create:
RuleName: technique_id=T1105,technique_name=Ingress Tool Transfer
UtcTime: 2024-12-10 16:22:36.575
ProcessGuid: {15959494-6acc-6758-1004-000000000200}
ProcessId: 9564
Image: C:\Windows\System32\curl.exe
FileVersion: 8.9.1
Description: The curl executable
Product: The curl executable
Company: curl, https://curl.se/
OriginalFileName: curl.exe
CommandLine: C:\Windows\System32\Curl.exe  -s -A ""Opera/8.81 (Windows NT 6.0; U; en)"" -m3 www.google.com  
CurrentDirectory: C:\Users\mari\
User: DESKTOP-QGB4EQH\mari
LogonGuid: {15959494-5188-6758-d693-370000000000}
LogonId: 0x3793D6
TerminalSessionId: 1
IntegrityLevel: Medium
Hashes: SHA1=FA8E9959DDF23A8FE1226B3BA48CF6D683C561A8,MD5=6DF52ACFBF5F48630841F469D6691FB5,SHA256=8B39C07EC671DAFB125BDC0E5FD4D51BC4A7D73E505C63C95F976698BBBD5699,IMPHASH=5AB6BFAF3A98F68848DE5330AE012619
ParentProcessGuid: {15959494-6aca-6758-0d04-000000000200}
ParentProcessId: 6892
ParentImage: C:\Windows\System32\cmd.exe
ParentCommandLine: cmd.exe /C C:\Windows\System32\Curl.exe -s -A ""HttpBrowser/1.0"" -m3 www.google.com >nul 2>&1 && C:\Windows\System32\Curl.exe -s -A ""Wget/1.9+cvs-stable (Red Hat modified)"" -m3 www.google.com >nul 2>&1 && C:\Windows\System32\Curl.exe -s -A ""Opera/8.81 (Windows NT 6.0; U; en)"" -m3 www.google.com >nul 2>&1 && C:\Windows\System32\Curl.exe -s -A ""*<|>*"" -m3 www.google.com >nul 2>&1
ParentUser: DESKTOP-QGB4EQH\mari""",5,2024-12-10T16:22:36.5764923Z,6413,3480,DESKTOP-QGB4EQH,1,2452,INFORMATION,Microsoft-Windows-Sysmon,3,FALSE,3,Suspicious Windows cmd shell execution,"[""sysmon"",""sysmon_eid1_detections"",""windows""]",92032,windows_eventchannel,log,"Dec 10, 2024 @ 16:22:36.983",EventChannel,1733847756,"Dec 10, 2024 @ 16:22:36.983", , , , , ,curl.exe,C:\\Windows\\System32\\curl.exe,The curl executable, , ,The curl executable, , ,{15959494-6acc-6758-1004-000000000200},9564,22:36.6,"SHA1=FA8E9959DDF23A8FE1226B3BA48CF6D683C561A8,MD5=6DF52ACFBF5F48630841F469D6691FB5,SHA256=8B39C07EC671DAFB125BDC0E5FD4D51BC4A7D73E505C63C95F976698BBBD5699,IMPHASH=5AB6BFAF3A98F68848DE5330AE012619","technique_id=T1105,technique_name=Ingress Tool Transfer","curl, https://curl.se/",8.9.1,DESKTOP-QGB4EQH\\mari,"[""Account Discovery"",""Windows Command Shell""]","[""T1087"",""T1059.003""]","[""Discovery"",""Execution""]", , , , , , , , , , , ,{15959494-6aca-6758-0d04-000000000200},{15959494-5188-6758-d693-370000000000},"cmd.exe /C C:\\Windows\\System32\\Curl.exe -s -A \""HttpBrowser/1.0\"" -m3 www.google.com &gt;nul 2&gt;&amp;1 &amp;&amp; C:\\Windows\\System32\\Curl.exe -s -A \""Wget/1.9+cvs-stable (Red Hat modified)\"" -m3 www.google.com &gt;nul 2&gt;&amp;1 &amp;&amp; C:\\Windows\\System32\\Curl.exe -s -A \""Opera/8.81 (Windows NT 6.0; U; en)\"" -m3 www.google.com &gt;nul 2&gt;&amp;1 &amp;&amp; C:\\Windows\\System32\\Curl.exe -s -A \""*&lt;|&gt;*\"" -m3 www.google.com &gt;nul 2&gt;&amp;1",0x3793d6,6892,C:\\Users\\mari\\,C:\\Windows\\System32\\cmd.exe,"C:\\Windows\\System32\\Curl.exe  -s -A \""Opera/8.81 (Windows NT 6.0; U; en)\"" -m3 www.google.com",Medium,1,DESKTOP-QGB4EQH\\mari, , , , , , , , , , , , , , , , , , , , , , , , , , , , , , , , , , , , , , , , , , , , , , , , , , , , , , , , , , , , , , , , , , , , , , , , , , , , , , , , , , , , , , , , , , , , , , , , , , , , , , , , , , 
wazuh-alerts-4.x-2024.12.10,XsdisZMBnOFSf1lyKkdN,1,1,192.168.117.136,window-agent3,3,Maryam, , , ,1,0x8000000000000000,{5770385f-c22a-43e0-bf4c-06f5698ffbd9},4,Microsoft-Windows-Sysmon/Operational,0,"""Process Create:
RuleName: technique_id=T1087,technique_name=Account Discovery
UtcTime: 2024-12-10 16:23:36.424
ProcessGuid: {15959494-6b08-6758-1504-000000000200}
ProcessId: 7272
Image: C:\Windows\System32\cmdkey.exe
FileVersion: 10.0.19041.1 (WinBuild.160101.0800)
Description: Credential Manager Command Line Utility
Product: Microsoft® Windows® Operating System
Company: Microsoft Corporation
OriginalFileName: cmdkey.exe
CommandLine: cmdkey.exe  /list 
CurrentDirectory: C:\Users\mari\
User: DESKTOP-QGB4EQH\mari
LogonGuid: {15959494-5188-6758-d693-370000000000}
LogonId: 0x3793D6
TerminalSessionId: 1
IntegrityLevel: Medium
Hashes: SHA1=B0DE4D5F0E178002E02C66DAF064DFD3FF1DBDE6,MD5=F9C20642B4CFCE4517F4F26B6305607C,SHA256=14BCC1901C5CCA8E91A6400050308752916AC861BDD52CF3A44DC7EF46830282,IMPHASH=03AD7A1AF78BF7A500FB199CABE4C34A
ParentProcessGuid: {15959494-6b08-6758-1204-000000000200}
ParentProcessId: 9700
ParentImage: C:\Windows\System32\cmd.exe
ParentCommandLine: cmd.exe /C net user && dir c:\Users\ && cmdkey.exe /list && net localgroup ""Users"" && net localgroup
ParentUser: DESKTOP-QGB4EQH\mari""",5,2024-12-10T16:23:36.4254911Z,6425,3480,DESKTOP-QGB4EQH,1,2452,INFORMATION,Microsoft-Windows-Sysmon,5,FALSE,3,Suspicious Windows cmd shell execution,"[""sysmon"",""sysmon_eid1_detections"",""windows""]",92032,windows_eventchannel,log,"Dec 10, 2024 @ 16:23:37.477",EventChannel,1733847817,"Dec 10, 2024 @ 16:23:37.477", , , , , ,cmdkey.exe,C:\\Windows\\System32\\cmdkey.exe,Microsoft® Windows® Operating System, , ,Credential Manager Command Line Utility, , ,{15959494-6b08-6758-1504-000000000200},7272,23:36.4,"SHA1=B0DE4D5F0E178002E02C66DAF064DFD3FF1DBDE6,MD5=F9C20642B4CFCE4517F4F26B6305607C,SHA256=14BCC1901C5CCA8E91A6400050308752916AC861BDD52CF3A44DC7EF46830282,IMPHASH=03AD7A1AF78BF7A500FB199CABE4C34A","technique_id=T1087,technique_name=Account Discovery",Microsoft Corporation,10.0.19041.1 (WinBuild.160101.0800),DESKTOP-QGB4EQH\\mari,"[""Account Discovery"",""Windows Command Shell""]","[""T1087"",""T1059.003""]","[""Discovery"",""Execution""]", , , , , , , , , , , ,{15959494-6b08-6758-1204-000000000200},{15959494-5188-6758-d693-370000000000},"cmd.exe /C net user &amp;&amp; dir c:\\Users\\ &amp;&amp; cmdkey.exe /list &amp;&amp; net localgroup \""Users\"" &amp;&amp; net localgroup",0x3793d6,9700,C:\\Users\\mari\\,C:\\Windows\\System32\\cmd.exe,cmdkey.exe  /list,Medium,1,DESKTOP-QGB4EQH\\mari, , , , , , , , , , , , , , , , , , , , , , , , , , , , , , , , , , , , , , , , , , , , , , , , , , , , , , , , , , , , , , , , , , , , , , , , , , , , , , , , , , , , , , , , , , , , , , , , , , , , , , , , , , 
wazuh-alerts-4.x-2024.12.10,X8disZMBnOFSf1lyKkdN,1,1,192.168.117.136,window-agent3,3,Maryam, , , ,1,0x8000000000000000,{5770385f-c22a-43e0-bf4c-06f5698ffbd9},4,Microsoft-Windows-Sysmon/Operational,0,"""Process Create:
RuleName: technique_id=T1018,technique_name=Remote System Discovery
UtcTime: 2024-12-10 16:23:36.443
ProcessGuid: {15959494-6b08-6758-1704-000000000200}
ProcessId: 4140
Image: C:\Windows\System32\net1.exe
FileVersion: 10.0.19041.3636 (WinBuild.160101.0800)
Description: Net Command
Product: Microsoft® Windows® Operating System
Company: Microsoft Corporation
OriginalFileName: net1.exe
CommandLine: C:\WINDOWS\system32\net1  localgroup ""Users"" 
CurrentDirectory: C:\Users\mari\
User: DESKTOP-QGB4EQH\mari
LogonGuid: {15959494-5188-6758-d693-370000000000}
LogonId: 0x3793D6
TerminalSessionId: 1
IntegrityLevel: Medium
Hashes: SHA1=886622877AFB2F110ABFAAB79C107119A7E569AB,MD5=78E53D5AE8839C58FA40BEA32B775999,SHA256=E62071AA18768DD88ACAF97FA7B1F2FEC9FCCE89736C1EE9A800699328D196EA,IMPHASH=537AEF5B177E3302247DAB07A052B2D8
ParentProcessGuid: {15959494-6b08-6758-1604-000000000200}
ParentProcessId: 6320
ParentImage: C:\Windows\System32\net.exe
ParentCommandLine: net  localgroup ""Users"" 
ParentUser: DESKTOP-QGB4EQH\mari""",5,2024-12-10T16:23:36.4438455Z,6427,3480,DESKTOP-QGB4EQH,1,2452,INFORMATION,Microsoft-Windows-Sysmon,2,FALSE,3,Discovery activity executed,"[""sysmon"",""sysmon_eid1_detections"",""windows""]",92031,windows_eventchannel,log,"Dec 10, 2024 @ 16:23:37.508",EventChannel,1733847817,"Dec 10, 2024 @ 16:23:37.508", , , , , ,net1.exe,C:\\Windows\\System32\\net1.exe,Microsoft® Windows® Operating System, , ,Net Command, , ,{15959494-6b08-6758-1704-000000000200},4140,23:36.4,"SHA1=886622877AFB2F110ABFAAB79C107119A7E569AB,MD5=78E53D5AE8839C58FA40BEA32B775999,SHA256=E62071AA18768DD88ACAF97FA7B1F2FEC9FCCE89736C1EE9A800699328D196EA,IMPHASH=537AEF5B177E3302247DAB07A052B2D8","technique_id=T1018,technique_name=Remote System Discovery",Microsoft Corporation,10.0.19041.3636 (WinBuild.160101.0800),DESKTOP-QGB4EQH\\mari,"[""Account Discovery""]","[""T1087""]","[""Discovery""]", , , , , , , , , , , ,{15959494-6b08-6758-1604-000000000200},{15959494-5188-6758-d693-370000000000},"net  localgroup \""Users\""",0x3793d6,6320,C:\\Users\\mari\\,C:\\Windows\\System32\\net.exe,"C:\\WINDOWS\\system32\\net1  localgroup \""Users\""",Medium,1,DESKTOP-QGB4EQH\\mari, , , , , , , , , , , , , , , , , , , , , , , , , , , , , , , , , , , , , , , , , , , , , , , , , , , , , , , , , , , , , , , , , , , , , , , , , , , , , , , , , , , , , , , , , , , , , , , , , , , , , , , , , , 
wazuh-alerts-4.x-2024.12.10,YMdisZMBnOFSf1lyKkdN,1,1,192.168.117.136,window-agent3,3,Maryam, , , ,1,0x8000000000000000,{5770385f-c22a-43e0-bf4c-06f5698ffbd9},4,Microsoft-Windows-Sysmon/Operational,0,"""Process Create:
RuleName: technique_id=T1018,technique_name=Remote System Discovery
UtcTime: 2024-12-10 16:23:36.435
ProcessGuid: {15959494-6b08-6758-1604-000000000200}
ProcessId: 6320
Image: C:\Windows\System32\net.exe
FileVersion: 10.0.19041.1 (WinBuild.160101.0800)
Description: Net Command
Product: Microsoft® Windows® Operating System
Company: Microsoft Corporation
OriginalFileName: net.exe
CommandLine: net  localgroup ""Users"" 
CurrentDirectory: C:\Users\mari\
User: DESKTOP-QGB4EQH\mari
LogonGuid: {15959494-5188-6758-d693-370000000000}
LogonId: 0x3793D6
TerminalSessionId: 1
IntegrityLevel: Medium
Hashes: SHA1=88B101598CC6726B7A57D02B1FA95BE1B272A821,MD5=0BD94A338EEA5A4E1F2830AE326E6D19,SHA256=9F376759BCBCD705F726460FC4A7E2B07F310F52BAA73CAAAAA124FDDBDF993E,IMPHASH=57F0C47AE2A1A2C06C8B987372AB0B07
ParentProcessGuid: {15959494-6b08-6758-1204-000000000200}
ParentProcessId: 9700
ParentImage: C:\Windows\System32\cmd.exe
ParentCommandLine: cmd.exe /C net user && dir c:\Users\ && cmdkey.exe /list && net localgroup ""Users"" && net localgroup
ParentUser: DESKTOP-QGB4EQH\mari""",5,2024-12-10T16:23:36.4365587Z,6426,3480,DESKTOP-QGB4EQH,1,2452,INFORMATION,Microsoft-Windows-Sysmon,2,FALSE,3,A C:\\Windows\\System32\\net.exe binary was started by a Windows cmd shell,"[""sysmon"",""sysmon_eid1_detections"",""windows""]",92036,windows_eventchannel,log,"Dec 10, 2024 @ 16:23:37.508",EventChannel,1733847817,"Dec 10, 2024 @ 16:23:37.508", , , , , ,net.exe,C:\\Windows\\System32\\net.exe,Microsoft® Windows® Operating System, , ,Net Command, , ,{15959494-6b08-6758-1604-000000000200},6320,23:36.4,"SHA1=88B101598CC6726B7A57D02B1FA95BE1B272A821,MD5=0BD94A338EEA5A4E1F2830AE326E6D19,SHA256=9F376759BCBCD705F726460FC4A7E2B07F310F52BAA73CAAAAA124FDDBDF993E,IMPHASH=57F0C47AE2A1A2C06C8B987372AB0B07","technique_id=T1018,technique_name=Remote System Discovery",Microsoft Corporation,10.0.19041.1 (WinBuild.160101.0800),DESKTOP-QGB4EQH\\mari,"[""Windows Command Shell"",""DLL Search Order Hijacking""]","[""T1059.003"",""T1574.001""]","[""Execution"",""Persistence"",""Privilege Escalation"",""Defense Evasion""]", , , , , , , , , , , ,{15959494-6b08-6758-1204-000000000200},{15959494-5188-6758-d693-370000000000},"cmd.exe /C net user &amp;&amp; dir c:\\Users\\ &amp;&amp; cmdkey.exe /list &amp;&amp; net localgroup \""Users\"" &amp;&amp; net localgroup",0x3793d6,9700,C:\\Users\\mari\\,C:\\Windows\\System32\\cmd.exe,"net  localgroup \""Users\""",Medium,1,DESKTOP-QGB4EQH\\mari, , , , , , , , , , , , , , , , , , , , , , , , , , , , , , , , , , , , , , , , , , , , , , , , , , , , , , , , , , , , , , , , , , , , , , , , , , , , , , , , , , , , , , , , , , , , , , , , , , , , , , , , , , 
wazuh-alerts-4.x-2024.12.10,GsdRsZMBnOFSf1lyUkdU,1,1,192.168.117.136,window-agent3,3,Maryam, , , ,4624,0x8020000000000000,{54849625-5478-4994-a5ba-3e3b0328c30d},0,Security,0,"""An account was successfully logged on.

Subject:
	Security ID:		S-1-5-18
	Account Name:		DESKTOP-QGB4EQH$
	Account Domain:		WORKGROUP
	Logon ID:		0x3E7

Logon Information:
	Logon Type:		5
	Restricted Admin Mode:	-
	Virtual Account:		No
	Elevated Token:		Yes

Impersonation Level:		Impersonation

New Logon:
	Security ID:		S-1-5-18
	Account Name:		SYSTEM
	Account Domain:		NT AUTHORITY
	Logon ID:		0x3E7
	Linked Logon ID:		0x0
	Network Account Name:	-
	Network Account Domain:	-
	Logon GUID:		{00000000-0000-0000-0000-000000000000}

Process Information:
	Process ID:		0x284
	Process Name:		C:\Windows\System32\services.exe

Network Information:
	Workstation Name:	-
	Source Network Address:	-
	Source Port:		-

Detailed Authentication Information:
	Logon Process:		Advapi  
	Authentication Package:	Negotiate
	Transited Services:	-
	Package Name (NTLM only):	-
	Key Length:		0

This event is generated when a logon session is created. It is generated on the computer that was accessed.

The subject fields indicate the account on the local system which requested the logon. This is most commonly a service such as the Server service, or a local process such as Winlogon.exe or Services.exe.

The logon type field indicates the kind of logon that occurred. The most common types are 2 (interactive) and 3 (network).

The New Logon fields indicate the account for whom the new logon was created, i.e. the account that was logged on.

The network fields indicate where a remote logon request originated. Workstation name is not always available and may be left blank in some cases.

The impersonation level field indicates the extent to which a process in the logon session can impersonate.

The authentication information fields provide detailed information about this specific logon request.
	- Logon GUID is a unique identifier that can be used to correlate this event with a KDC event.
	- Transited services indicate which intermediate services have participated in this logon request.
	- Package name indicates which sub-protocol was used among the NTLM protocols.
	- Key length indicates the length of the generated session key. This will be 0 if no session key was requested.""",2,2024-12-10T16:05:05.7544150Z,770,5760,DESKTOP-QGB4EQH,12544,672,AUDIT_SUCCESS,Microsoft-Windows-Security-Auditing,4,FALSE,3,Windows logon success.,"[""windows"",""windows_security"",""authentication_success""]",60106,windows_eventchannel,log,"Dec 10, 2024 @ 16:05:06.789",EventChannel,1733846706,"Dec 10, 2024 @ 16:05:06.789", , , ,"[""IV_32.2""]","[""7.1"",""7.2""]", , , , , , , , , ,0x284, , , , , , ,"[""Valid Accounts""]","[""T1078""]","[""Defense Evasion"",""Persistence"",""Privilege Escalation"",""Initial Access""]", , , , , , ,"[""10.2.5""]","[""164.312.b""]","[""CC6.8"",""CC7.2"",""CC7.3""]","[""AC.7"",""AU.14""]", , ,{00000000-0000-0000-0000-000000000000}, , , , , , , , , ,0x3e7,WORKGROUP,0x0,%%1833,Negotiate,0x3e7,Advapi,SYSTEM,0,%%1842,S-1-5-18,C:\\Windows\\System32\\services.exe,NT AUTHORITY,S-1-5-18,%%1843,5,DESKTOP-QGB4EQH$, , , , , , , , , , , , , , , , , , , , , , , , , , , , , , , , , , , , , , , , , , , , , , , , , , , , , , , , , , , , , , , , , , , , , , , , , , , , , , , , , , , , , , , , , 
wazuh-alerts-4.x-2024.12.10,HMdRsZMBnOFSf1lyUkdU,1,1,192.168.117.136,window-agent3,3,Maryam, , , ,8198,0x80000000000000,{E23B33B0-C8C9-472C-A5F9-F2BDFEA0F156},2,Application,0,"""License Activation (slui.exe) failed with the following error code:
hr=0x80004005
Command-line arguments:
RuleId=31e71c49-8da7-4a2f-ad92-45d98a1c79ba;Action=AutoActivate;AppId=55c92734-d682-4d71-983e-d6ec3f16059f;SkuId=4de7cb65-cdf1-4de9-8ae8-e3cce27b9f2c;NotificationInterval=1440;Trigger=NetworkAvailable""",0,2024-12-10T16:05:08.0886977Z,272,0,DESKTOP-QGB4EQH,0,0,ERROR,Microsoft-Windows-Security-SPP,3,FALSE,5,License activation (slui.exe) failed.,"[""windows"",""windows_application""]",60646,windows_eventchannel,log,"Dec 10, 2024 @ 16:05:08.137",EventChannel,1733846708,"Dec 10, 2024 @ 16:05:08.137","hr=0x80004005, RuleId=31e71c49-8da7-4a2f-ad92-45d98a1c79ba;Action=AutoActivate;AppId=55c92734-d682-4d71-983e-d6ec3f16059f;SkuId=4de7cb65-cdf1-4de9-8ae8-e3cce27b9f2c;NotificationInterval=1440;Trigger=NetworkAvailable", ,Software Protection Platform Service, , , , , , , , , , , , , , , , , , , , , , , , , , , , , , , , , , , , , , , , , , , , , , , , , , , , , , , , , , , , , , , , , , , , , , , , , , , , , , , , , , , , , , , , , , , , , , , , , , , , , , , , , , , , , , , , , , , , , , , , , , , , , , , , , , , , , , , , , , , , , , , , , , , , , 
wazuh-alerts-4.x-2024.12.10,IsdRsZMBnOFSf1lyUkdU,1,1,192.168.117.129,agent1,4,Maryam, , , ,1014,0x80000000000000,{E23B33B0-C8C9-472C-A5F9-F2BDFEA0F156},2,Application,0,"""Acquisition of End User License failed. hr=0xC004C003
Sku Id=4de7cb65-cdf1-4de9-8ae8-e3cce27b9f2c""",0,2024-12-10T16:05:12.315916900Z,6496,0,DESKTOP-B37GATP,0,0,ERROR,Microsoft-Windows-Security-SPP,8,FALSE,9,Windows application error event.,"[""windows"",""windows_application"",""system_error""]",60602,windows_eventchannel,log,"Dec 10, 2024 @ 16:05:12.524",EventChannel,1733846712,"Dec 10, 2024 @ 16:05:12.524","hr=0xC004C003, 4de7cb65-cdf1-4de9-8ae8-e3cce27b9f2c", ,Software Protection Platform Service,"[""IV_35.7.d""]","[""4.3""]", , , , , , , , , , , , , , , , , , , , , , , , , , , , , , , , , , , , , , , , , , , , , , , , , , , , , , , , , , , , , , , , , , , , , , , , , , , , , , , , , , , , , , , , , , , , , , , , , , , , , , , , , , , , , , , , , , , , , , , , , , , , , , , , , , , , , , , , , , , , , , , , , , , 
wazuh-alerts-4.x-2024.12.10,I8dRsZMBnOFSf1lyUkdU,1,1,192.168.117.129,agent1,4,Maryam, , , ,8198,0x80000000000000,{E23B33B0-C8C9-472C-A5F9-F2BDFEA0F156},2,Application,0,"""License Activation (slui.exe) failed with the following error code:
hr=0xC004C003
Command-line arguments:
RuleId=31e71c49-8da7-4a2f-ad92-45d98a1c79ba;Action=AutoActivate;AppId=55c92734-d682-4d71-983e-d6ec3f16059f;SkuId=4de7cb65-cdf1-4de9-8ae8-e3cce27b9f2c;NotificationInterval=1440;Trigger=NetworkAvailable""",0,2024-12-10T16:05:12.519152900Z,6499,0,DESKTOP-B37GATP,0,0,ERROR,Microsoft-Windows-Security-SPP,4,FALSE,5,License activation (slui.exe) failed.,"[""windows"",""windows_application""]",60646,windows_eventchannel,log,"Dec 10, 2024 @ 16:05:12.724",EventChannel,1733846712,"Dec 10, 2024 @ 16:05:12.724","hr=0xC004C003, RuleId=31e71c49-8da7-4a2f-ad92-45d98a1c79ba;Action=AutoActivate;AppId=55c92734-d682-4d71-983e-d6ec3f16059f;SkuId=4de7cb65-cdf1-4de9-8ae8-e3cce27b9f2c;NotificationInterval=1440;Trigger=NetworkAvailable", ,Software Protection Platform Service, , , , , , , , , , , , , , , , , , , , , , , , , , , , , , , , , , , , , , , , , , , , , , , , , , , , , , , , , , , , , , , , , , , , , , , , , , , , , , , , , , , , , , , , , , , , , , , , , , , , , , , , , , , , , , , , , , , , , , , , , , , , , , , , , , , , , , , , , , , , , , , , , , , , , 
wazuh-alerts-4.x-2024.12.10,JMdRsZMBnOFSf1lyUkdU,1,1,192.168.117.129,agent1,4,Maryam,128,02000000C0A87502000000000000000000000000000000000000000000000000000000000000000000000000000000000000000000000000000000000000000000000000000000000000000000000000000000000000000000000000000000000000000000000000000000000000000000000000000000000000000000000000,wpad,1014,0x4000000010000000,{1C95126E-7EEA-49A9-A3FE-A378B03DDB4D},3,System,0,"""Name resolution for the name wpad timed out after none of the configured DNS servers responded.""",0,2024-12-10T16:05:12.395333600Z,3338,17372,DESKTOP-B37GATP,1014,1432,WARNING,Microsoft-Windows-DNS-Client,6,FALSE,5,Name resolution for the name wpad timed out,"[""windows"",""windows_system""]",61109,windows_eventchannel,log,"Dec 10, 2024 @ 16:05:13.602",EventChannel,1733846713,"Dec 10, 2024 @ 16:05:13.602", , , , , , , , , , , , , , , , , , , , , , , , , , , , , , , , , , , , , , , , , , , , , , , , , , , , , , , , , , , , , , , , , , , , , , , , , , , , , , , , , , , , , , , , , , , , , , , , , , , , , , , , , , , , , , , , , , , , , , , , , , , , , , , , , , , , , , , , , , , , , , , , , , , , , , , , 
wazuh-alerts-4.x-2024.12.10,J8dRsZMBnOFSf1ly2kc-,1,1,192.168.117.136,window-agent3,3,Maryam, , , ,16384,0x80000000000000,{E23B33B0-C8C9-472C-A5F9-F2BDFEA0F156},4,Application,0,"""Successfully scheduled Software Protection service for re-start at 2024-12-11T16:04:44Z. Reason: RulesEngine.""",0,2024-12-10T16:05:44.3227470Z,273,0,DESKTOP-QGB4EQH,0,0,INFORMATION,Microsoft-Windows-Security-SPP,5,FALSE,3,Software protection service scheduled successfully.,"[""windows"",""windows_application""]",60642,windows_eventchannel,log,"Dec 10, 2024 @ 16:05:44.371",EventChannel,1733846744,"Dec 10, 2024 @ 16:05:44.371","2024-12-11T16:04:44Z, RulesEngine", ,Software Protection Platform Service, , , , , , , , , , , , , , , , , , , , , , , , , , , , , , , , , , , , , , , , , , , , , , , , , , , , , , , , , , , , , , , , , , , , , , , , , , , , , , , , , , , , , , , , , , , , , , , , , , , , , , , , , , , , , , , , , , , , , , , , , , , , , , , , , , , , , , , , , , , , , , , , , , , , , 
wazuh-alerts-4.x-2024.12.10,KMdRsZMBnOFSf1ly2kc-,1,1,192.168.117.136,window-agent3,3,Maryam, , , ,7,0x8000000000000000,{5770385f-c22a-43e0-bf4c-06f5698ffbd9},4,Microsoft-Windows-Sysmon/Operational,0,"""Image loaded:
RuleName: technique_id=T1053,technique_name=Scheduled Task
UtcTime: 2024-12-10 16:05:44.307
ProcessGuid: {15959494-66b2-6758-9603-000000000200}
ProcessId: 2168
Image: C:\Windows\System32\sppsvc.exe
ImageLoaded: C:\Windows\System32\taskschd.dll
FileVersion: 10.0.19041.3636 (WinBuild.160101.0800)
Description: Task Scheduler COM API
Product: Microsoft® Windows® Operating System
Company: Microsoft Corporation
OriginalFileName: taskschd.dll
Hashes: SHA1=633C92F5A5000CDE3235C7FDC306B2B04C501C48,MD5=84F942C1A4BD60C94EBEC6643E0216C9,SHA256=BBE733452E6CE871D5D2064948847AAB2A71F7FEDA2C962BA4002F64E2D198F2,IMPHASH=B7A4477FA36E2E5287EE76AC4AFCB05B
Signed: true
Signature: Microsoft Windows
SignatureStatus: Valid
User: NT AUTHORITY\NETWORK SERVICE""",3,2024-12-10T16:05:44.3130329Z,6001,3480,DESKTOP-QGB4EQH,7,2452,INFORMATION,Microsoft-Windows-Sysmon,9,FALSE,4,Process loaded taskschd.dll module. May be used to create delayed malware execution,"[""sysmon"",""sysmon_eid7_detections"",""windows""]",92154,windows_eventchannel,log,"Dec 10, 2024 @ 16:05:45.364",EventChannel,1733846745,"Dec 10, 2024 @ 16:05:45.364", , , , , ,taskschd.dll,C:\\Windows\\System32\\sppsvc.exe,Microsoft® Windows® Operating System,Microsoft Windows,C:\\Windows\\System32\\taskschd.dll,Task Scheduler COM API,TRUE,Valid,{15959494-66b2-6758-9603-000000000200},2168,05:44.3,"SHA1=633C92F5A5000CDE3235C7FDC306B2B04C501C48,MD5=84F942C1A4BD60C94EBEC6643E0216C9,SHA256=BBE733452E6CE871D5D2064948847AAB2A71F7FEDA2C962BA4002F64E2D198F2,IMPHASH=B7A4477FA36E2E5287EE76AC4AFCB05B","technique_id=T1053,technique_name=Scheduled Task",Microsoft Corporation,10.0.19041.3636 (WinBuild.160101.0800),NT AUTHORITY\\NETWORK SERVICE,"[""Scheduled Task""]","[""T1053.005""]","[""Execution"",""Persistence"",""Privilege Escalation""]", , , , , , , , , , , , , , , , , , , , , , , , , , , , , , , , , , , , , , , , , , , , , , , , , , , , , , , , , , , , , , , , , , , , , , , , , , , , , , , , , , , , , , , , , , , , , , , , , , , , , , , , , , , , , , , , , , , , , , , , , , , , , , , , 
