wazuh-alerts-4.x-2024.12.10,LPRRspMBtNh2X6vnUN-S,1,1,192.168.117.136,window-agent3,3,Maryam, , , ,4624,0x8020000000000000,{54849625-5478-4994-a5ba-3e3b0328c30d},0,Security,0,"""An account was successfully logged on.

Subject:
	Security ID:		S-1-5-18
	Account Name:		DESKTOP-QGB4EQH$
	Account Domain:		WORKGROUP
	Logon ID:		0x3E7

Logon Information:
	Logon Type:		5
	Restricted Admin Mode:	-
	Virtual Account:		No
	Elevated Token:		Yes

Impersonation Level:		Impersonation

New Logon:
	Security ID:		S-1-5-18
	Account Name:		SYSTEM
	Account Domain:		NT AUTHORITY
	Logon ID:		0x3E7
	Linked Logon ID:		0x0
	Network Account Name:	-
	Network Account Domain:	-
	Logon GUID:		{00000000-0000-0000-0000-000000000000}

Process Information:
	Process ID:		0x2b4
	Process Name:		C:\Windows\System32\services.exe

Network Information:
	Workstation Name:	-
	Source Network Address:	-
	Source Port:		-

Detailed Authentication Information:
	Logon Process:		Advapi  
	Authentication Package:	Negotiate
	Transited Services:	-
	Package Name (NTLM only):	-
	Key Length:		0

This event is generated when a logon session is created. It is generated on the computer that was accessed.

The subject fields indicate the account on the local system which requested the logon. This is most commonly a service such as the Server service, or a local process such as Winlogon.exe or Services.exe.

The logon type field indicates the kind of logon that occurred. The most common types are 2 (interactive) and 3 (network).

The New Logon fields indicate the account for whom the new logon was created, i.e. the account that was logged on.

The network fields indicate where a remote logon request originated. Workstation name is not always available and may be left blank in some cases.

The impersonation level field indicates the extent to which a process in the logon session can impersonate.

The authentication information fields provide detailed information about this specific logon request.
	- Logon GUID is a unique identifier that can be used to correlate this event with a KDC event.
	- Transited services indicate which intermediate services have participated in this logon request.
	- Package name indicates which sub-protocol was used among the NTLM protocols.
	- Key length indicates the length of the generated session key. This will be 0 if no session key was requested.""",2,2024-12-10T17:37:31.2453788Z,982,764,DESKTOP-QGB4EQH,12544,716,AUDIT_SUCCESS,Microsoft-Windows-Security-Auditing,6,FALSE,3,Windows logon success.,"[""windows"",""windows_security"",""authentication_success""]",60106,windows_eventchannel,log,"Dec 10, 2024 @ 17:37:32.214",EventChannel,1733852252,"Dec 10, 2024 @ 17:37:32.214", , , ,"[""IV_32.2""]","[""7.1"",""7.2""]", , , , , , , , , ,0x2b4, , , , , , ,"[""Valid Accounts""]","[""T1078""]","[""Defense Evasion"",""Persistence"",""Privilege Escalation"",""Initial Access""]", , , , , , ,"[""10.2.5""]","[""164.312.b""]","[""CC6.8"",""CC7.2"",""CC7.3""]","[""AC.7"",""AU.14""]", , ,{00000000-0000-0000-0000-000000000000}, , , , , , , , , ,0x3e7,WORKGROUP,0x0,%%1833,Negotiate,0x3e7,Advapi,SYSTEM,0,%%1842,S-1-5-18,C:\\Windows\\System32\\services.exe,NT AUTHORITY,S-1-5-18,%%1843,5,DESKTOP-QGB4EQH$, , , , , , , , , , , , , , , , , , , , , , , , , , , , , , , , , , , , , , , , , , , , , , , , , , , , , , , , , , , , , , , , , , , , , , , , , , , , , , , , , , , , , , , , , 
wazuh-alerts-4.x-2024.12.10,L_RRspMBtNh2X6vnUN-S,1,1,192.168.117.136,window-agent3,3,Maryam, , , ,13,0x8000000000000000,{5770385f-c22a-43e0-bf4c-06f5698ffbd9},4,Microsoft-Windows-Sysmon/Operational,0,"""Registry value set:
RuleName: -
EventType: SetValue
UtcTime: 2024-12-10 17:37:35.087
ProcessGuid: {15959494-7b02-6758-2600-000000000300}
ProcessId: 2224
Image: C:\WINDOWS\system32\svchost.exe
TargetObject: HKLM\System\CurrentControlSet\Services\SharedAccess\Parameters\FirewallPolicy\RestrictedServices\Configurable\System\{7FDEA3D2-E6A9-459E-A9D0-B946DE3FB25F}
Details: v2.30|Action=Allow|Active=TRUE|Dir=Out|Protocol=6|App=%%ProgramData%%\Microsoft\Windows Defender\platform\4.18.24090.11-0\MsMpEng.exe|Svc=WinDefend|Name=WinDefend Outbound for TCP|
User: NT AUTHORITY\LOCAL SERVICE""",2,2024-12-10T17:37:35.1025147Z,8046,3880,DESKTOP-QGB4EQH,13,2624,INFORMATION,Microsoft-Windows-Sysmon,4,FALSE,3,Evidence of new service creation found in registry under HKLM\\System\\CurrentControlSet\\Services\\SharedAccess\\Parameters\\FirewallPolicy\\RestrictedServices\\Configurable\\System\\{7FDEA3D2-E6A9-459E-A9D0-B946DE3FB25F} binary is: v2.30|Action=Allow|Active=TRUE|Dir=Out|Protocol=6|App=%%ProgramData%%\\Microsoft\\Windows Defender\\platform\\4.18.24090.11-0\\MsMpEng.exe|Svc=WinDefend|Name=WinDefend Outbound for TCP|,"[""sysmon"",""sysmon_eid13_detections"",""windows""]",92307,windows_eventchannel,log,"Dec 10, 2024 @ 17:37:35.463",EventChannel,1733852255,"Dec 10, 2024 @ 17:37:35.463", , , , , , ,C:\\WINDOWS\\system32\\svchost.exe, , , , , , ,{15959494-7b02-6758-2600-000000000300},2224,37:35.1, , , , ,NT AUTHORITY\\LOCAL SERVICE,"[""Windows Service""]","[""T1543.003""]","[""Persistence"",""Privilege Escalation""]", , , , , , , , , , , , , , , , , , , , , , , , , , , , , , , , , , , , , , , , , , , , , , , , , , , , , , , , , , , , , , , , , , , , ,HKLM\\System\\CurrentControlSet\\Services\\SharedAccess\\Parameters\\FirewallPolicy\\RestrictedServices\\Configurable\\System\\{7FDEA3D2-E6A9-459E-A9D0-B946DE3FB25F},v2.30|Action=Allow|Active=TRUE|Dir=Out|Protocol=6|App=%%ProgramData%%\\Microsoft\\Windows Defender\\platform\\4.18.24090.11-0\\MsMpEng.exe|Svc=WinDefend|Name=WinDefend Outbound for TCP|,SetValue, , , , , , , , , , , , , , , , , , , , , , , , , , , , , , , , , , , , , , , , , , , , , , , , , , , , , , , , , 
wazuh-alerts-4.x-2024.12.10,MvRRspMBtNh2X6vnUN_x,1,1,192.168.117.136,window-agent3,3,Maryam, , , ,7045,0x8080000000000000,{555908d1-a6d7-4695-8e1e-26931d2012f4},4,System,0,"""A service was installed in the system.

Service Name:  Microsoft Defender Core Service
Service File Name:  ""C:\ProgramData\Microsoft\Windows Defender\platform\4.18.24090.11-0\MpDefenderCoreService.exe""
Service Type:  user mode service
Service Start Type:  auto start
Service Account:  LocalSystem""",0,2024-12-10T17:37:45.3691972Z,475,8336,DESKTOP-QGB4EQH,0,692,INFORMATION,Service Control Manager,1,FALSE,5,New Windows Service Created,"[""windows"",""windows_system""]",61138,windows_eventchannel,log,"Dec 10, 2024 @ 17:37:46.260",EventChannel,1733852266,"Dec 10, 2024 @ 17:37:46.260", , ,Service Control Manager, , , , , , , , , , , , , , , , , , ,"[""Windows Service""]","[""T1543.003""]","[""Persistence"",""Privilege Escalation""]", , , , , , , , , , , , , , , , , , , , , , , , , , , , , , , , , , , , , , , , , , , , , , , , , , , , , , , , , , , , ,user mode service,LocalSystem,"\""C:\\ProgramData\\Microsoft\\Windows Defender\\platform\\4.18.24090.11-0\\MpDefenderCoreService.exe\""",auto start,Microsoft Defender Core Service, , , , , , , , , , , , , , , , , , , , , , , , , , , , , , , , , , , , , , , , , , , , , , , , , , , , , , , , , , , , , , , 
wazuh-alerts-4.x-2024.12.10,OPRRspMBtNh2X6vnUN_x,1,1,192.168.117.136,window-agent3,3,Maryam, , , ,11,0x8000000000000000,{5770385f-c22a-43e0-bf4c-06f5698ffbd9},4,Microsoft-Windows-Sysmon/Operational,0,"""File created:
RuleName: -
UtcTime: 2024-12-10 17:38:08.447
ProcessGuid: {15959494-7bce-6758-2a01-000000000300}
ProcessId: 8628
Image: C:\Windows\System32\WindowsPowerShell\v1.0\powershell.exe
TargetFilename: C:\Users\Public\splunkd.exe
CreationUtcTime: 2024-12-10 17:38:08.447
User: DESKTOP-QGB4EQH\mari""",2,2024-12-10T17:38:08.4525667Z,8229,3880,DESKTOP-QGB4EQH,11,2624,INFORMATION,Microsoft-Windows-Sysmon,1,TRUE,12,Executable file dropped in Users\Public folder,"[""sysmon"",""sysmon_eid11_detections"",""windows""]",92207,windows_eventchannel,log,"Dec 10, 2024 @ 17:38:08.761",EventChannel,1733852288,"Dec 10, 2024 @ 17:38:08.761", , , , , , ,C:\\Windows\\System32\\WindowsPowerShell\\v1.0\\powershell.exe, , , , , , ,{15959494-7bce-6758-2a01-000000000300},8628,38:08.4, , , , ,DESKTOP-QGB4EQH\\mari,"[""Ingress Tool Transfer""]","[""T1105""]","[""Command and Control""]", ,C:\\Users\\Public\\splunkd.exe,38:08.4, , , , , , , , , , , , , , , , , , , , , , , , , , , , , , , , , , , , , , , , , , , , , , , , , , , , , , , , , , , , , , , , , , , , , , , , , , , , , , , , , , , , , , , , , , , , , , , , , , , , , , , , , , , , , , , , , , , , , , , , , , , , , 
wazuh-alerts-4.x-2024.12.10,QfRRspMBtNh2X6vnUN_x,1,1,192.168.117.136,window-agent3,3,Maryam, , , ,1,0x8000000000000000,{5770385f-c22a-43e0-bf4c-06f5698ffbd9},4,Microsoft-Windows-Sysmon/Operational,0,"""Process Create:
RuleName: technique_id=T1018,technique_name=Remote System Discovery
UtcTime: 2024-12-10 17:39:13.120
ProcessGuid: {15959494-7cc1-6758-ca01-000000000300}
ProcessId: 4704
Image: C:\Windows\System32\net1.exe
FileVersion: 10.0.19041.3636 (WinBuild.160101.0800)
Description: Net Command
Product: Microsoft® Windows® Operating System
Company: Microsoft Corporation
OriginalFileName: net1.exe
CommandLine: C:\WINDOWS\system32\net1  user 
CurrentDirectory: C:\Users\mari\
User: DESKTOP-QGB4EQH\mari
LogonGuid: {15959494-7b75-6758-ddac-0e0000000000}
LogonId: 0xEACDD
TerminalSessionId: 1
IntegrityLevel: Medium
Hashes: SHA1=886622877AFB2F110ABFAAB79C107119A7E569AB,MD5=78E53D5AE8839C58FA40BEA32B775999,SHA256=E62071AA18768DD88ACAF97FA7B1F2FEC9FCCE89736C1EE9A800699328D196EA,IMPHASH=537AEF5B177E3302247DAB07A052B2D8
ParentProcessGuid: {15959494-7cc1-6758-c901-000000000300}
ParentProcessId: 7768
ParentImage: C:\Windows\System32\net.exe
ParentCommandLine: net  user 
ParentUser: DESKTOP-QGB4EQH\mari""",5,2024-12-10T17:39:13.1230957Z,8339,3880,DESKTOP-QGB4EQH,1,2624,INFORMATION,Microsoft-Windows-Sysmon,19,FALSE,3,Discovery activity executed,"[""sysmon"",""sysmon_eid1_detections"",""windows""]",92031,windows_eventchannel,log,"Dec 10, 2024 @ 17:39:13.800",EventChannel,1733852353,"Dec 10, 2024 @ 17:39:13.800", , , , , ,net1.exe,C:\\Windows\\System32\\net1.exe,Microsoft® Windows® Operating System, , ,Net Command, , ,{15959494-7cc1-6758-ca01-000000000300},4704,39:13.1,"SHA1=886622877AFB2F110ABFAAB79C107119A7E569AB,MD5=78E53D5AE8839C58FA40BEA32B775999,SHA256=E62071AA18768DD88ACAF97FA7B1F2FEC9FCCE89736C1EE9A800699328D196EA,IMPHASH=537AEF5B177E3302247DAB07A052B2D8","technique_id=T1018,technique_name=Remote System Discovery",Microsoft Corporation,10.0.19041.3636 (WinBuild.160101.0800),DESKTOP-QGB4EQH\\mari,"[""Account Discovery""]","[""T1087""]","[""Discovery""]", , , , , , , , , , , ,{15959494-7cc1-6758-c901-000000000300},{15959494-7b75-6758-ddac-0e0000000000},net  user,0xeacdd,7768,C:\\Users\\mari\\,C:\\Windows\\System32\\net.exe,C:\\WINDOWS\\system32\\net1  user,Medium,1,DESKTOP-QGB4EQH\\mari, , , , , , , , , , , , , , , , , , , , , , , , , , , , , , , , , , , , , , , , , , , , , , , , , , , , , , , , , , , , , , , , , , , , , , , , , , , , , , , , , , , , , , , , , , , , , , , , , , , , , , , , , , 
wazuh-alerts-4.x-2024.12.10,QvRRspMBtNh2X6vnUN_x,1,1,192.168.117.136,window-agent3,3,Maryam, , , ,1,0x8000000000000000,{5770385f-c22a-43e0-bf4c-06f5698ffbd9},4,Microsoft-Windows-Sysmon/Operational,0,"""Process Create:
RuleName: technique_id=T1087,technique_name=Account Discovery
UtcTime: 2024-12-10 17:39:13.160
ProcessGuid: {15959494-7cc1-6758-cb01-000000000300}
ProcessId: 5592
Image: C:\Windows\System32\cmdkey.exe
FileVersion: 10.0.19041.1 (WinBuild.160101.0800)
Description: Credential Manager Command Line Utility
Product: Microsoft® Windows® Operating System
Company: Microsoft Corporation
OriginalFileName: cmdkey.exe
CommandLine: cmdkey.exe  /list 
CurrentDirectory: C:\Users\mari\
User: DESKTOP-QGB4EQH\mari
LogonGuid: {15959494-7b75-6758-ddac-0e0000000000}
LogonId: 0xEACDD
TerminalSessionId: 1
IntegrityLevel: Medium
Hashes: SHA1=B0DE4D5F0E178002E02C66DAF064DFD3FF1DBDE6,MD5=F9C20642B4CFCE4517F4F26B6305607C,SHA256=14BCC1901C5CCA8E91A6400050308752916AC861BDD52CF3A44DC7EF46830282,IMPHASH=03AD7A1AF78BF7A500FB199CABE4C34A
ParentProcessGuid: {15959494-7cc0-6758-c801-000000000300}
ParentProcessId: 7912
ParentImage: C:\Windows\System32\cmd.exe
ParentCommandLine: cmd.exe /C net user && dir c:\Users\ && cmdkey.exe /list && net localgroup ""Users"" && net localgroup
ParentUser: DESKTOP-QGB4EQH\mari""",5,2024-12-10T17:39:13.1615877Z,8340,3880,DESKTOP-QGB4EQH,1,2624,INFORMATION,Microsoft-Windows-Sysmon,1,FALSE,3,Suspicious Windows cmd shell execution,"[""sysmon"",""sysmon_eid1_detections"",""windows""]",92032,windows_eventchannel,log,"Dec 10, 2024 @ 17:39:13.815",EventChannel,1733852353,"Dec 10, 2024 @ 17:39:13.815", , , , , ,cmdkey.exe,C:\\Windows\\System32\\cmdkey.exe,Microsoft® Windows® Operating System, , ,Credential Manager Command Line Utility, , ,{15959494-7cc1-6758-cb01-000000000300},5592,39:13.2,"SHA1=B0DE4D5F0E178002E02C66DAF064DFD3FF1DBDE6,MD5=F9C20642B4CFCE4517F4F26B6305607C,SHA256=14BCC1901C5CCA8E91A6400050308752916AC861BDD52CF3A44DC7EF46830282,IMPHASH=03AD7A1AF78BF7A500FB199CABE4C34A","technique_id=T1087,technique_name=Account Discovery",Microsoft Corporation,10.0.19041.1 (WinBuild.160101.0800),DESKTOP-QGB4EQH\\mari,"[""Account Discovery"",""Windows Command Shell""]","[""T1087"",""T1059.003""]","[""Discovery"",""Execution""]", , , , , , , , , , , ,{15959494-7cc0-6758-c801-000000000300},{15959494-7b75-6758-ddac-0e0000000000},"cmd.exe /C net user &amp;&amp; dir c:\\Users\\ &amp;&amp; cmdkey.exe /list &amp;&amp; net localgroup \""Users\"" &amp;&amp; net localgroup",0xeacdd,7912,C:\\Users\\mari\\,C:\\Windows\\System32\\cmd.exe,cmdkey.exe  /list,Medium,1,DESKTOP-QGB4EQH\\mari, , , , , , , , , , , , , , , , , , , , , , , , , , , , , , , , , , , , , , , , , , , , , , , , , , , , , , , , , , , , , , , , , , , , , , , , , , , , , , , , , , , , , , , , , , , , , , , , , , , , , , , , , , 
wazuh-alerts-4.x-2024.12.10,RPRRspMBtNh2X6vnUN_x,1,1,192.168.117.136,window-agent3,3,Maryam, , , ,1,0x8000000000000000,{5770385f-c22a-43e0-bf4c-06f5698ffbd9},4,Microsoft-Windows-Sysmon/Operational,0,"""Process Create:
RuleName: technique_id=T1018,technique_name=Remote System Discovery
UtcTime: 2024-12-10 17:39:13.185
ProcessGuid: {15959494-7cc1-6758-cd01-000000000300}
ProcessId: 3788
Image: C:\Windows\System32\net1.exe
FileVersion: 10.0.19041.3636 (WinBuild.160101.0800)
Description: Net Command
Product: Microsoft® Windows® Operating System
Company: Microsoft Corporation
OriginalFileName: net1.exe
CommandLine: C:\WINDOWS\system32\net1  localgroup ""Users"" 
CurrentDirectory: C:\Users\mari\
User: DESKTOP-QGB4EQH\mari
LogonGuid: {15959494-7b75-6758-ddac-0e0000000000}
LogonId: 0xEACDD
TerminalSessionId: 1
IntegrityLevel: Medium
Hashes: SHA1=886622877AFB2F110ABFAAB79C107119A7E569AB,MD5=78E53D5AE8839C58FA40BEA32B775999,SHA256=E62071AA18768DD88ACAF97FA7B1F2FEC9FCCE89736C1EE9A800699328D196EA,IMPHASH=537AEF5B177E3302247DAB07A052B2D8
ParentProcessGuid: {15959494-7cc1-6758-cc01-000000000300}
ParentProcessId: 7184
ParentImage: C:\Windows\System32\net.exe
ParentCommandLine: net  localgroup ""Users"" 
ParentUser: DESKTOP-QGB4EQH\mari""",5,2024-12-10T17:39:13.1864246Z,8342,3880,DESKTOP-QGB4EQH,1,2624,INFORMATION,Microsoft-Windows-Sysmon,20,FALSE,3,Discovery activity executed,"[""sysmon"",""sysmon_eid1_detections"",""windows""]",92031,windows_eventchannel,log,"Dec 10, 2024 @ 17:39:13.846",EventChannel,1733852353,"Dec 10, 2024 @ 17:39:13.846", , , , , ,net1.exe,C:\\Windows\\System32\\net1.exe,Microsoft® Windows® Operating System, , ,Net Command, , ,{15959494-7cc1-6758-cd01-000000000300},3788,39:13.2,"SHA1=886622877AFB2F110ABFAAB79C107119A7E569AB,MD5=78E53D5AE8839C58FA40BEA32B775999,SHA256=E62071AA18768DD88ACAF97FA7B1F2FEC9FCCE89736C1EE9A800699328D196EA,IMPHASH=537AEF5B177E3302247DAB07A052B2D8","technique_id=T1018,technique_name=Remote System Discovery",Microsoft Corporation,10.0.19041.3636 (WinBuild.160101.0800),DESKTOP-QGB4EQH\\mari,"[""Account Discovery""]","[""T1087""]","[""Discovery""]", , , , , , , , , , , ,{15959494-7cc1-6758-cc01-000000000300},{15959494-7b75-6758-ddac-0e0000000000},"net  localgroup \""Users\""",0xeacdd,7184,C:\\Users\\mari\\,C:\\Windows\\System32\\net.exe,"C:\\WINDOWS\\system32\\net1  localgroup \""Users\""",Medium,1,DESKTOP-QGB4EQH\\mari, , , , , , , , , , , , , , , , , , , , , , , , , , , , , , , , , , , , , , , , , , , , , , , , , , , , , , , , , , , , , , , , , , , , , , , , , , , , , , , , , , , , , , , , , , , , , , , , , , , , , , , , , , 
wazuh-alerts-4.x-2024.12.10,SPRRspMBtNh2X6vnUN_x,1,1,192.168.117.136,window-agent3,3,Maryam, , , ,1,0x8000000000000000,{5770385f-c22a-43e0-bf4c-06f5698ffbd9},4,Microsoft-Windows-Sysmon/Operational,0,"""Process Create:
RuleName: technique_id=T1018,technique_name=Remote System Discovery
UtcTime: 2024-12-10 17:39:21.013
ProcessGuid: {15959494-7cc9-6758-d101-000000000300}
ProcessId: 8252
Image: C:\Windows\System32\net.exe
FileVersion: 10.0.19041.1 (WinBuild.160101.0800)
Description: Net Command
Product: Microsoft® Windows® Operating System
Company: Microsoft Corporation
OriginalFileName: net.exe
CommandLine: net  user 
CurrentDirectory: C:\Users\mari\
User: DESKTOP-QGB4EQH\mari
LogonGuid: {15959494-7b75-6758-ddac-0e0000000000}
LogonId: 0xEACDD
TerminalSessionId: 1
IntegrityLevel: Medium
Hashes: SHA1=88B101598CC6726B7A57D02B1FA95BE1B272A821,MD5=0BD94A338EEA5A4E1F2830AE326E6D19,SHA256=9F376759BCBCD705F726460FC4A7E2B07F310F52BAA73CAAAAA124FDDBDF993E,IMPHASH=57F0C47AE2A1A2C06C8B987372AB0B07
ParentProcessGuid: {15959494-7cc9-6758-d001-000000000300}
ParentProcessId: 6788
ParentImage: C:\Windows\System32\cmd.exe
ParentCommandLine: cmd.exe /C net user && dir c:\Users\ && cmdkey.exe /list && net localgroup ""Users"" && net localgroup
ParentUser: DESKTOP-QGB4EQH\mari""",5,2024-12-10T17:39:21.0142069Z,8349,3880,DESKTOP-QGB4EQH,1,2624,INFORMATION,Microsoft-Windows-Sysmon,4,FALSE,3,A C:\\Windows\\System32\\net.exe binary was started by a Windows cmd shell,"[""sysmon"",""sysmon_eid1_detections"",""windows""]",92036,windows_eventchannel,log,"Dec 10, 2024 @ 17:39:21.790",EventChannel,1733852361,"Dec 10, 2024 @ 17:39:21.790", , , , , ,net.exe,C:\\Windows\\System32\\net.exe,Microsoft® Windows® Operating System, , ,Net Command, , ,{15959494-7cc9-6758-d101-000000000300},8252,39:21.0,"SHA1=88B101598CC6726B7A57D02B1FA95BE1B272A821,MD5=0BD94A338EEA5A4E1F2830AE326E6D19,SHA256=9F376759BCBCD705F726460FC4A7E2B07F310F52BAA73CAAAAA124FDDBDF993E,IMPHASH=57F0C47AE2A1A2C06C8B987372AB0B07","technique_id=T1018,technique_name=Remote System Discovery",Microsoft Corporation,10.0.19041.1 (WinBuild.160101.0800),DESKTOP-QGB4EQH\\mari,"[""Windows Command Shell"",""DLL Search Order Hijacking""]","[""T1059.003"",""T1574.001""]","[""Execution"",""Persistence"",""Privilege Escalation"",""Defense Evasion""]", , , , , , , , , , , ,{15959494-7cc9-6758-d001-000000000300},{15959494-7b75-6758-ddac-0e0000000000},"cmd.exe /C net user &amp;&amp; dir c:\\Users\\ &amp;&amp; cmdkey.exe /list &amp;&amp; net localgroup \""Users\"" &amp;&amp; net localgroup",0xeacdd,6788,C:\\Users\\mari\\,C:\\Windows\\System32\\cmd.exe,net  user,Medium,1,DESKTOP-QGB4EQH\\mari, , , , , , , , , , , , , , , , , , , , , , , , , , , , , , , , , , , , , , , , , , , , , , , , , , , , , , , , , , , , , , , , , , , , , , , , , , , , , , , , , , , , , , , , , , , , , , , , , , , , , , , , , , 
wazuh-alerts-4.x-2024.12.10,SfRRspMBtNh2X6vnUN_x,1,1,192.168.117.136,window-agent3,3,Maryam, , , ,1,0x8000000000000000,{5770385f-c22a-43e0-bf4c-06f5698ffbd9},4,Microsoft-Windows-Sysmon/Operational,0,"""Process Create:
RuleName: technique_id=T1018,technique_name=Remote System Discovery
UtcTime: 2024-12-10 17:39:21.020
ProcessGuid: {15959494-7cc9-6758-d201-000000000300}
ProcessId: 7072
Image: C:\Windows\System32\net1.exe
FileVersion: 10.0.19041.3636 (WinBuild.160101.0800)
Description: Net Command
Product: Microsoft® Windows® Operating System
Company: Microsoft Corporation
OriginalFileName: net1.exe
CommandLine: C:\WINDOWS\system32\net1  user 
CurrentDirectory: C:\Users\mari\
User: DESKTOP-QGB4EQH\mari
LogonGuid: {15959494-7b75-6758-ddac-0e0000000000}
LogonId: 0xEACDD
TerminalSessionId: 1
IntegrityLevel: Medium
Hashes: SHA1=886622877AFB2F110ABFAAB79C107119A7E569AB,MD5=78E53D5AE8839C58FA40BEA32B775999,SHA256=E62071AA18768DD88ACAF97FA7B1F2FEC9FCCE89736C1EE9A800699328D196EA,IMPHASH=537AEF5B177E3302247DAB07A052B2D8
ParentProcessGuid: {15959494-7cc9-6758-d101-000000000300}
ParentProcessId: 8252
ParentImage: C:\Windows\System32\net.exe
ParentCommandLine: net  user 
ParentUser: DESKTOP-QGB4EQH\mari""",5,2024-12-10T17:39:21.0219242Z,8350,3880,DESKTOP-QGB4EQH,1,2624,INFORMATION,Microsoft-Windows-Sysmon,22,FALSE,3,Discovery activity executed,"[""sysmon"",""sysmon_eid1_detections"",""windows""]",92031,windows_eventchannel,log,"Dec 10, 2024 @ 17:39:21.821",EventChannel,1733852361,"Dec 10, 2024 @ 17:39:21.821", , , , , ,net1.exe,C:\\Windows\\System32\\net1.exe,Microsoft® Windows® Operating System, , ,Net Command, , ,{15959494-7cc9-6758-d201-000000000300},7072,39:21.0,"SHA1=886622877AFB2F110ABFAAB79C107119A7E569AB,MD5=78E53D5AE8839C58FA40BEA32B775999,SHA256=E62071AA18768DD88ACAF97FA7B1F2FEC9FCCE89736C1EE9A800699328D196EA,IMPHASH=537AEF5B177E3302247DAB07A052B2D8","technique_id=T1018,technique_name=Remote System Discovery",Microsoft Corporation,10.0.19041.3636 (WinBuild.160101.0800),DESKTOP-QGB4EQH\\mari,"[""Account Discovery""]","[""T1087""]","[""Discovery""]", , , , , , , , , , , ,{15959494-7cc9-6758-d101-000000000300},{15959494-7b75-6758-ddac-0e0000000000},net  user,0xeacdd,8252,C:\\Users\\mari\\,C:\\Windows\\System32\\net.exe,C:\\WINDOWS\\system32\\net1  user,Medium,1,DESKTOP-QGB4EQH\\mari, , , , , , , , , , , , , , , , , , , , , , , , , , , , , , , , , , , , , , , , , , , , , , , , , , , , , , , , , , , , , , , , , , , , , , , , , , , , , , , , , , , , , , , , , , , , , , , , , , , , , , , , , , 
wazuh-alerts-4.x-2024.12.10,TPRRspMBtNh2X6vnUN_x,1,1,192.168.117.136,window-agent3,3,Maryam, , , ,1,0x8000000000000000,{5770385f-c22a-43e0-bf4c-06f5698ffbd9},4,Microsoft-Windows-Sysmon/Operational,0,"""Process Create:
RuleName: technique_id=T1018,technique_name=Remote System Discovery
UtcTime: 2024-12-10 17:39:21.044
ProcessGuid: {15959494-7cc9-6758-d401-000000000300}
ProcessId: 812
Image: C:\Windows\System32\net.exe
FileVersion: 10.0.19041.1 (WinBuild.160101.0800)
Description: Net Command
Product: Microsoft® Windows® Operating System
Company: Microsoft Corporation
OriginalFileName: net.exe
CommandLine: net  localgroup ""Users"" 
CurrentDirectory: C:\Users\mari\
User: DESKTOP-QGB4EQH\mari
LogonGuid: {15959494-7b75-6758-ddac-0e0000000000}
LogonId: 0xEACDD
TerminalSessionId: 1
IntegrityLevel: Medium
Hashes: SHA1=88B101598CC6726B7A57D02B1FA95BE1B272A821,MD5=0BD94A338EEA5A4E1F2830AE326E6D19,SHA256=9F376759BCBCD705F726460FC4A7E2B07F310F52BAA73CAAAAA124FDDBDF993E,IMPHASH=57F0C47AE2A1A2C06C8B987372AB0B07
ParentProcessGuid: {15959494-7cc9-6758-d001-000000000300}
ParentProcessId: 6788
ParentImage: C:\Windows\System32\cmd.exe
ParentCommandLine: cmd.exe /C net user && dir c:\Users\ && cmdkey.exe /list && net localgroup ""Users"" && net localgroup
ParentUser: DESKTOP-QGB4EQH\mari""",5,2024-12-10T17:39:21.0447134Z,8352,3880,DESKTOP-QGB4EQH,1,2624,INFORMATION,Microsoft-Windows-Sysmon,5,FALSE,3,A C:\\Windows\\System32\\net.exe binary was started by a Windows cmd shell,"[""sysmon"",""sysmon_eid1_detections"",""windows""]",92036,windows_eventchannel,log,"Dec 10, 2024 @ 17:39:21.851",EventChannel,1733852361,"Dec 10, 2024 @ 17:39:21.851", , , , , ,net.exe,C:\\Windows\\System32\\net.exe,Microsoft® Windows® Operating System, , ,Net Command, , ,{15959494-7cc9-6758-d401-000000000300},812,39:21.0,"SHA1=88B101598CC6726B7A57D02B1FA95BE1B272A821,MD5=0BD94A338EEA5A4E1F2830AE326E6D19,SHA256=9F376759BCBCD705F726460FC4A7E2B07F310F52BAA73CAAAAA124FDDBDF993E,IMPHASH=57F0C47AE2A1A2C06C8B987372AB0B07","technique_id=T1018,technique_name=Remote System Discovery",Microsoft Corporation,10.0.19041.1 (WinBuild.160101.0800),DESKTOP-QGB4EQH\\mari,"[""Windows Command Shell"",""DLL Search Order Hijacking""]","[""T1059.003"",""T1574.001""]","[""Execution"",""Persistence"",""Privilege Escalation"",""Defense Evasion""]", , , , , , , , , , , ,{15959494-7cc9-6758-d001-000000000300},{15959494-7b75-6758-ddac-0e0000000000},"cmd.exe /C net user &amp;&amp; dir c:\\Users\\ &amp;&amp; cmdkey.exe /list &amp;&amp; net localgroup \""Users\"" &amp;&amp; net localgroup",0xeacdd,6788,C:\\Users\\mari\\,C:\\Windows\\System32\\cmd.exe,"net  localgroup \""Users\""",Medium,1,DESKTOP-QGB4EQH\\mari, , , , , , , , , , , , , , , , , , , , , , , , , , , , , , , , , , , , , , , , , , , , , , , , , , , , , , , , , , , , , , , , , , , , , , , , , , , , , , , , , , , , , , , , , , , , , , , , , , , , , , , , , , 
wazuh-alerts-4.x-2024.12.10,TfRRspMBtNh2X6vnUN_x,1,1,192.168.117.136,window-agent3,3,Maryam, , , ,1,0x8000000000000000,{5770385f-c22a-43e0-bf4c-06f5698ffbd9},4,Microsoft-Windows-Sysmon/Operational,0,"""Process Create:
RuleName: technique_id=T1018,technique_name=Remote System Discovery
UtcTime: 2024-12-10 17:39:21.070
ProcessGuid: {15959494-7cc9-6758-d701-000000000300}
ProcessId: 592
Image: C:\Windows\System32\net1.exe
FileVersion: 10.0.19041.3636 (WinBuild.160101.0800)
Description: Net Command
Product: Microsoft® Windows® Operating System
Company: Microsoft Corporation
OriginalFileName: net1.exe
CommandLine: C:\WINDOWS\system32\net1  localgroup
CurrentDirectory: C:\Users\mari\
User: DESKTOP-QGB4EQH\mari
LogonGuid: {15959494-7b75-6758-ddac-0e0000000000}
LogonId: 0xEACDD
TerminalSessionId: 1
IntegrityLevel: Medium
Hashes: SHA1=886622877AFB2F110ABFAAB79C107119A7E569AB,MD5=78E53D5AE8839C58FA40BEA32B775999,SHA256=E62071AA18768DD88ACAF97FA7B1F2FEC9FCCE89736C1EE9A800699328D196EA,IMPHASH=537AEF5B177E3302247DAB07A052B2D8
ParentProcessGuid: {15959494-7cc9-6758-d601-000000000300}
ParentProcessId: 8544
ParentImage: C:\Windows\System32\net.exe
ParentCommandLine: net  localgroup
ParentUser: DESKTOP-QGB4EQH\mari""",5,2024-12-10T17:39:21.0717063Z,8355,3880,DESKTOP-QGB4EQH,1,2624,INFORMATION,Microsoft-Windows-Sysmon,24,FALSE,3,Discovery activity executed,"[""sysmon"",""sysmon_eid1_detections"",""windows""]",92031,windows_eventchannel,log,"Dec 10, 2024 @ 17:39:21.887",EventChannel,1733852361,"Dec 10, 2024 @ 17:39:21.887", , , , , ,net1.exe,C:\\Windows\\System32\\net1.exe,Microsoft® Windows® Operating System, , ,Net Command, , ,{15959494-7cc9-6758-d701-000000000300},592,39:21.1,"SHA1=886622877AFB2F110ABFAAB79C107119A7E569AB,MD5=78E53D5AE8839C58FA40BEA32B775999,SHA256=E62071AA18768DD88ACAF97FA7B1F2FEC9FCCE89736C1EE9A800699328D196EA,IMPHASH=537AEF5B177E3302247DAB07A052B2D8","technique_id=T1018,technique_name=Remote System Discovery",Microsoft Corporation,10.0.19041.3636 (WinBuild.160101.0800),DESKTOP-QGB4EQH\\mari,"[""Account Discovery""]","[""T1087""]","[""Discovery""]", , , , , , , , , , , ,{15959494-7cc9-6758-d601-000000000300},{15959494-7b75-6758-ddac-0e0000000000},net  localgroup,0xeacdd,8544,C:\\Users\\mari\\,C:\\Windows\\System32\\net.exe,C:\\WINDOWS\\system32\\net1  localgroup,Medium,1,DESKTOP-QGB4EQH\\mari, , , , , , , , , , , , , , , , , , , , , , , , , , , , , , , , , , , , , , , , , , , , , , , , , , , , , , , , , , , , , , , , , , , , , , , , , , , , , , , , , , , , , , , , , , , , , , , , , , , , , , , , , , 
wazuh-alerts-4.x-2024.12.10,W_RRspMBtNh2X6vnUN_x,1,1,192.168.117.136,window-agent3,3,Maryam, , , ,11,0x8000000000000000,{5770385f-c22a-43e0-bf4c-06f5698ffbd9},4,Microsoft-Windows-Sysmon/Operational,0,"""File created:
RuleName: technique_id=T1059.001,technique_name=PowerShell
UtcTime: 2024-12-10 17:40:49.594
ProcessGuid: {15959494-7d21-6758-f301-000000000300}
ProcessId: 1280
Image: C:\WINDOWS\System32\WindowsPowerShell\v1.0\powershell.exe
TargetFilename: C:\Users\mari\AppData\Local\Temp\__PSScriptPolicyTest_vcwxidge.ux5.ps1
CreationUtcTime: 2024-12-10 17:40:49.594
User: DESKTOP-QGB4EQH\mari""",2,2024-12-10T17:40:49.6018781Z,8438,3880,DESKTOP-QGB4EQH,11,2624,INFORMATION,Microsoft-Windows-Sysmon,5,TRUE,15,Executable file dropped in folder commonly used by malware,"[""sysmon"",""sysmon_eid11_detections"",""windows""]",92213,windows_eventchannel,log,"Dec 10, 2024 @ 17:40:50.095",EventChannel,1733852450,"Dec 10, 2024 @ 17:40:50.095", , , , , , ,C:\\WINDOWS\\System32\\WindowsPowerShell\\v1.0\\powershell.exe, , , , , , ,{15959494-7d21-6758-f301-000000000300},1280,40:49.6, ,"technique_id=T1059.001,technique_name=PowerShell", , ,DESKTOP-QGB4EQH\\mari,"[""Ingress Tool Transfer""]","[""T1105""]","[""Command and Control""]", ,C:\\Users\\mari\\AppData\\Local\\Temp\\__PSScriptPolicyTest_vcwxidge.ux5.ps1,40:49.6, , , , , , , , , , , , , , , , , , , , , , , , , , , , , , , , , , , , , , , , , , , , , , , , , , , , , , , , , , , , , , , , , , , , , , , , , , , , , , , , , , , , , , , , , , , , , , , , , , , , , , , , , , , , , , , , , , , , , , , , , , , , , 
wazuh-alerts-4.x-2024.12.10,XvRRspMBtNh2X6vnUN_x,1,1,192.168.117.136,window-agent3,3,Maryam, , , ,1,0x8000000000000000,{5770385f-c22a-43e0-bf4c-06f5698ffbd9},4,Microsoft-Windows-Sysmon/Operational,0,"""Process Create:
RuleName: technique_id=T1059.003,technique_name=Windows Command Shell
UtcTime: 2024-12-10 17:40:54.219
ProcessGuid: {15959494-7d26-6758-0102-000000000300}
ProcessId: 8664
Image: C:\Windows\System32\cmd.exe
FileVersion: 10.0.19041.4355 (WinBuild.160101.0800)
Description: Windows Command Processor
Product: Microsoft® Windows® Operating System
Company: Microsoft Corporation
OriginalFileName: Cmd.Exe
CommandLine: cmd  /r cmd
CurrentDirectory: C:\Users\mari\
User: DESKTOP-QGB4EQH\mari
LogonGuid: {15959494-7b75-6758-ddac-0e0000000000}
LogonId: 0xEACDD
TerminalSessionId: 1
IntegrityLevel: Medium
Hashes: SHA1=DF79C86FDD11B9CCB89148458E509F879C72566C,MD5=2B40C98ED0F7A1D3B091A3E8353132DC,SHA256=BADF4752413CB0CBDC03FB95820CA167F0CDC63B597CCDB5EF43111180E088B0,IMPHASH=272245E2988E1E430500B852C4FB5E18
ParentProcessGuid: {15959494-7d25-6758-0002-000000000300}
ParentProcessId: 7844
ParentImage: C:\Windows\System32\cmd.exe
ParentCommandLine: cmd.exe /C cmd /r cmd<""07a87d_t1059.003_cmd.cmd""
ParentUser: DESKTOP-QGB4EQH\mari""",5,2024-12-10T17:40:54.2627104Z,8474,3880,DESKTOP-QGB4EQH,1,2624,INFORMATION,Microsoft-Windows-Sysmon,3,FALSE,3,Suspicious Windows cmd shell execution,"[""sysmon"",""sysmon_eid1_detections"",""windows""]",92032,windows_eventchannel,log,"Dec 10, 2024 @ 17:40:54.601",EventChannel,1733852454,"Dec 10, 2024 @ 17:40:54.601", , , , , ,Cmd.Exe,C:\\Windows\\System32\\cmd.exe,Microsoft® Windows® Operating System, , ,Windows Command Processor, , ,{15959494-7d26-6758-0102-000000000300},8664,40:54.2,"SHA1=DF79C86FDD11B9CCB89148458E509F879C72566C,MD5=2B40C98ED0F7A1D3B091A3E8353132DC,SHA256=BADF4752413CB0CBDC03FB95820CA167F0CDC63B597CCDB5EF43111180E088B0,IMPHASH=272245E2988E1E430500B852C4FB5E18","technique_id=T1059.003,technique_name=Windows Command Shell",Microsoft Corporation,10.0.19041.4355 (WinBuild.160101.0800),DESKTOP-QGB4EQH\\mari,"[""Account Discovery"",""Windows Command Shell""]","[""T1087"",""T1059.003""]","[""Discovery"",""Execution""]", , , , , , , , , , , ,{15959494-7d25-6758-0002-000000000300},{15959494-7b75-6758-ddac-0e0000000000},"cmd.exe /C cmd /r cmd&lt;\""07a87d_t1059.003_cmd.cmd\""",0xeacdd,7844,C:\\Users\\mari\\,C:\\Windows\\System32\\cmd.exe,cmd  /r cmd,Medium,1,DESKTOP-QGB4EQH\\mari, , , , , , , , , , , , , , , , , , , , , , , , , , , , , , , , , , , , , , , , , , , , , , , , , , , , , , , , , , , , , , , , , , , , , , , , , , , , , , , , , , , , , , , , , , , , , , , , , , , , , , , , , , 
wazuh-alerts-4.x-2024.12.10,X_RRspMBtNh2X6vnUN_x,1,1,192.168.117.136,window-agent3,3,Maryam, , , ,11,0x8000000000000000,{5770385f-c22a-43e0-bf4c-06f5698ffbd9},4,Microsoft-Windows-Sysmon/Operational,0,"""File created:
RuleName: technique_id=T1059.007,technique_name=JavaScript
UtcTime: 2024-12-10 17:41:03.603
ProcessGuid: {15959494-7d2b-6758-0702-000000000300}
ProcessId: 6836
Image: C:\Windows\SystemApps\Microsoft.Windows.Search_cw5n1h2txyewy\SearchApp.exe
TargetFilename: C:\Users\mari\AppData\Local\Packages\Microsoft.Windows.Search_cw5n1h2txyewy\AC\INetCache\6IYNEI2H\microsoft.87cc95e85b8f06ac1018[1].js
CreationUtcTime: 2024-12-10 17:41:03.603
User: DESKTOP-QGB4EQH\mari""",2,2024-12-10T17:41:03.6076757Z,8486,3880,DESKTOP-QGB4EQH,11,2624,INFORMATION,Microsoft-Windows-Sysmon,30,FALSE,6,Scripting file created under Windows Temp or User folder,"[""sysmon"",""sysmon_eid11_detections"",""windows""]",92200,windows_eventchannel,log,"Dec 10, 2024 @ 17:41:04.358",EventChannel,1733852464,"Dec 10, 2024 @ 17:41:04.358", , , , , , ,C:\\Windows\\SystemApps\\Microsoft.Windows.Search_cw5n1h2txyewy\\SearchApp.exe, , , , , , ,{15959494-7d2b-6758-0702-000000000300},6836,41:03.6, ,"technique_id=T1059.007,technique_name=JavaScript", , ,DESKTOP-QGB4EQH\\mari,"[""Command and Scripting Interpreter"",""Ingress Tool Transfer""]","[""T1059"",""T1105""]","[""Execution"",""Command and Control""]", ,C:\\Users\\mari\\AppData\\Local\\Packages\\Microsoft.Windows.Search_cw5n1h2txyewy\\AC\\INetCache\\6IYNEI2H\\microsoft.87cc95e85b8f06ac1018[1].js,41:03.6, , , , , , , , , , , , , , , , , , , , , , , , , , , , , , , , , , , , , , , , , , , , , , , , , , , , , , , , , , , , , , , , , , , , , , , , , , , , , , , , , , , , , , , , , , , , , , , , , , , , , , , , , , , , , , , , , , , , , , , , , , , , , 
wazuh-alerts-4.x-2024.12.10,YvRRspMBtNh2X6vnUN_x,1,1,192.168.117.136,window-agent3,3,Maryam, , , ,11,0x8000000000000000,{5770385f-c22a-43e0-bf4c-06f5698ffbd9},4,Microsoft-Windows-Sysmon/Operational,0,"""File created:
RuleName: technique_id=T1059.007,technique_name=JavaScript
UtcTime: 2024-12-10 17:41:05.666
ProcessGuid: {15959494-7d2b-6758-0702-000000000300}
ProcessId: 6836
Image: C:\Windows\SystemApps\Microsoft.Windows.Search_cw5n1h2txyewy\SearchApp.exe
TargetFilename: C:\Users\mari\AppData\Local\Packages\Microsoft.Windows.Search_cw5n1h2txyewy\AC\INetCache\6IYNEI2H\publishers-service-client-common.f4d3ae63d1bd620271ab[1].js
CreationUtcTime: 2024-12-10 17:41:05.666
User: DESKTOP-QGB4EQH\mari""",2,2024-12-10T17:41:05.6731997Z,8489,3880,DESKTOP-QGB4EQH,11,2624,INFORMATION,Microsoft-Windows-Sysmon,33,FALSE,6,Scripting file created under Windows Temp or User folder,"[""sysmon"",""sysmon_eid11_detections"",""windows""]",92200,windows_eventchannel,log,"Dec 10, 2024 @ 17:41:06.245",EventChannel,1733852466,"Dec 10, 2024 @ 17:41:06.245", , , , , , ,C:\\Windows\\SystemApps\\Microsoft.Windows.Search_cw5n1h2txyewy\\SearchApp.exe, , , , , , ,{15959494-7d2b-6758-0702-000000000300},6836,41:05.7, ,"technique_id=T1059.007,technique_name=JavaScript", , ,DESKTOP-QGB4EQH\\mari,"[""Command and Scripting Interpreter"",""Ingress Tool Transfer""]","[""T1059"",""T1105""]","[""Execution"",""Command and Control""]", ,C:\\Users\\mari\\AppData\\Local\\Packages\\Microsoft.Windows.Search_cw5n1h2txyewy\\AC\\INetCache\\6IYNEI2H\\publishers-service-client-common.f4d3ae63d1bd620271ab[1].js,41:05.7, , , , , , , , , , , , , , , , , , , , , , , , , , , , , , , , , , , , , , , , , , , , , , , , , , , , , , , , , , , , , , , , , , , , , , , , , , , , , , , , , , , , , , , , , , , , , , , , , , , , , , , , , , , , , , , , , , , , , , , , , , , , , 
wazuh-alerts-4.x-2024.12.10,Y_RRspMBtNh2X6vnUd9L,1,1,192.168.117.136,window-agent3,3,Maryam, , , ,11,0x8000000000000000,{5770385f-c22a-43e0-bf4c-06f5698ffbd9},4,Microsoft-Windows-Sysmon/Operational,0,"""File created:
RuleName: technique_id=T1059.007,technique_name=JavaScript
UtcTime: 2024-12-10 17:41:05.666
ProcessGuid: {15959494-7d2b-6758-0702-000000000300}
ProcessId: 6836
Image: C:\Windows\SystemApps\Microsoft.Windows.Search_cw5n1h2txyewy\SearchApp.exe
TargetFilename: C:\Users\mari\AppData\Local\Packages\Microsoft.Windows.Search_cw5n1h2txyewy\AC\INetCache\6IYNEI2H\windows-shell-actions.f6da0c356d36ac5f0f39[1].js
CreationUtcTime: 2024-12-10 17:41:05.666
User: DESKTOP-QGB4EQH\mari""",2,2024-12-10T17:41:05.6741797Z,8490,3880,DESKTOP-QGB4EQH,11,2624,INFORMATION,Microsoft-Windows-Sysmon,34,FALSE,6,Scripting file created under Windows Temp or User folder,"[""sysmon"",""sysmon_eid11_detections"",""windows""]",92200,windows_eventchannel,log,"Dec 10, 2024 @ 17:41:06.261",EventChannel,1733852466,"Dec 10, 2024 @ 17:41:06.261", , , , , , ,C:\\Windows\\SystemApps\\Microsoft.Windows.Search_cw5n1h2txyewy\\SearchApp.exe, , , , , , ,{15959494-7d2b-6758-0702-000000000300},6836,41:05.7, ,"technique_id=T1059.007,technique_name=JavaScript", , ,DESKTOP-QGB4EQH\\mari,"[""Command and Scripting Interpreter"",""Ingress Tool Transfer""]","[""T1059"",""T1105""]","[""Execution"",""Command and Control""]", ,C:\\Users\\mari\\AppData\\Local\\Packages\\Microsoft.Windows.Search_cw5n1h2txyewy\\AC\\INetCache\\6IYNEI2H\\windows-shell-actions.f6da0c356d36ac5f0f39[1].js,41:05.7, , , , , , , , , , , , , , , , , , , , , , , , , , , , , , , , , , , , , , , , , , , , , , , , , , , , , , , , , , , , , , , , , , , , , , , , , , , , , , , , , , , , , , , , , , , , , , , , , , , , , , , , , , , , , , , , , , , , , , , , , , , , , 
wazuh-alerts-4.x-2024.12.10,ZPRRspMBtNh2X6vnUd9L,1,1,192.168.117.136,window-agent3,3,Maryam, , , ,11,0x8000000000000000,{5770385f-c22a-43e0-bf4c-06f5698ffbd9},4,Microsoft-Windows-Sysmon/Operational,0,"""File created:
RuleName: technique_id=T1059.007,technique_name=JavaScript
UtcTime: 2024-12-10 17:41:05.666
ProcessGuid: {15959494-7d2b-6758-0702-000000000300}
ProcessId: 6836
Image: C:\Windows\SystemApps\Microsoft.Windows.Search_cw5n1h2txyewy\SearchApp.exe
TargetFilename: C:\Users\mari\AppData\Local\Packages\Microsoft.Windows.Search_cw5n1h2txyewy\AC\INetCache\6IYNEI2H\card-action-dist.18216aa755a90f9f31ef[1].js
CreationUtcTime: 2024-12-10 17:41:05.666
User: DESKTOP-QGB4EQH\mari""",2,2024-12-10T17:41:05.6742085Z,8491,3880,DESKTOP-QGB4EQH,11,2624,INFORMATION,Microsoft-Windows-Sysmon,35,FALSE,6,Scripting file created under Windows Temp or User folder,"[""sysmon"",""sysmon_eid11_detections"",""windows""]",92200,windows_eventchannel,log,"Dec 10, 2024 @ 17:41:06.277",EventChannel,1733852466,"Dec 10, 2024 @ 17:41:06.277", , , , , , ,C:\\Windows\\SystemApps\\Microsoft.Windows.Search_cw5n1h2txyewy\\SearchApp.exe, , , , , , ,{15959494-7d2b-6758-0702-000000000300},6836,41:05.7, ,"technique_id=T1059.007,technique_name=JavaScript", , ,DESKTOP-QGB4EQH\\mari,"[""Command and Scripting Interpreter"",""Ingress Tool Transfer""]","[""T1059"",""T1105""]","[""Execution"",""Command and Control""]", ,C:\\Users\\mari\\AppData\\Local\\Packages\\Microsoft.Windows.Search_cw5n1h2txyewy\\AC\\INetCache\\6IYNEI2H\\card-action-dist.18216aa755a90f9f31ef[1].js,41:05.7, , , , , , , , , , , , , , , , , , , , , , , , , , , , , , , , , , , , , , , , , , , , , , , , , , , , , , , , , , , , , , , , , , , , , , , , , , , , , , , , , , , , , , , , , , , , , , , , , , , , , , , , , , , , , , , , , , , , , , , , , , , , , 
wazuh-alerts-4.x-2024.12.10,ZvRRspMBtNh2X6vnUd9L,1,1,192.168.117.136,window-agent3,3,Maryam, , , ,11,0x8000000000000000,{5770385f-c22a-43e0-bf4c-06f5698ffbd9},4,Microsoft-Windows-Sysmon/Operational,0,"""File created:
RuleName: technique_id=T1059.007,technique_name=JavaScript
UtcTime: 2024-12-10 17:41:05.807
ProcessGuid: {15959494-7d2b-6758-0702-000000000300}
ProcessId: 6836
Image: C:\Windows\SystemApps\Microsoft.Windows.Search_cw5n1h2txyewy\SearchApp.exe
TargetFilename: C:\Users\mari\AppData\Local\Packages\Microsoft.Windows.Search_cw5n1h2txyewy\AC\INetCache\76M51ZML\libs_sapphire-feed-bridge_dist_bridge_Https_js-libs_social-data-service_dist_service_SocialSe-0b63dd.bc1dc11f03b1baf10b5a[1].js
CreationUtcTime: 2024-12-10 17:41:05.807
User: DESKTOP-QGB4EQH\mari""",2,2024-12-10T17:41:05.8107515Z,8493,3880,DESKTOP-QGB4EQH,11,2624,INFORMATION,Microsoft-Windows-Sysmon,37,FALSE,6,Scripting file created under Windows Temp or User folder,"[""sysmon"",""sysmon_eid11_detections"",""windows""]",92200,windows_eventchannel,log,"Dec 10, 2024 @ 17:41:06.307",EventChannel,1733852466,"Dec 10, 2024 @ 17:41:06.307", , , , , , ,C:\\Windows\\SystemApps\\Microsoft.Windows.Search_cw5n1h2txyewy\\SearchApp.exe, , , , , , ,{15959494-7d2b-6758-0702-000000000300},6836,41:05.8, ,"technique_id=T1059.007,technique_name=JavaScript", , ,DESKTOP-QGB4EQH\\mari,"[""Command and Scripting Interpreter"",""Ingress Tool Transfer""]","[""T1059"",""T1105""]","[""Execution"",""Command and Control""]", ,C:\\Users\\mari\\AppData\\Local\\Packages\\Microsoft.Windows.Search_cw5n1h2txyewy\\AC\\INetCache\\76M51ZML\\libs_sapphire-feed-bridge_dist_bridge_Https_js-libs_social-data-service_dist_service_SocialSe-0b63dd.bc1dc11f03b1baf10b5a[1].js,41:05.8, , , , , , , , , , , , , , , , , , , , , , , , , , , , , , , , , , , , , , , , , , , , , , , , , , , , , , , , , , , , , , , , , , , , , , , , , , , , , , , , , , , , , , , , , , , , , , , , , , , , , , , , , , , , , , , , , , , , , , , , , , , , , 
wazuh-alerts-4.x-2024.12.10,aPRRspMBtNh2X6vnUd9L,1,1,192.168.117.136,window-agent3,3,Maryam, , , ,11,0x8000000000000000,{5770385f-c22a-43e0-bf4c-06f5698ffbd9},4,Microsoft-Windows-Sysmon/Operational,0,"""File created:
RuleName: technique_id=T1059.007,technique_name=JavaScript
UtcTime: 2024-12-10 17:41:06.025
ProcessGuid: {15959494-7d2b-6758-0702-000000000300}
ProcessId: 6836
Image: C:\Windows\SystemApps\Microsoft.Windows.Search_cw5n1h2txyewy\SearchApp.exe
TargetFilename: C:\Users\mari\AppData\Local\Packages\Microsoft.Windows.Search_cw5n1h2txyewy\AC\INetCache\C4W3GX6O\card-context-menu.2d399227de85f834d265[1].js
CreationUtcTime: 2024-12-10 17:41:06.025
User: DESKTOP-QGB4EQH\mari""",2,2024-12-10T17:41:06.0389522Z,8495,3880,DESKTOP-QGB4EQH,11,2624,INFORMATION,Microsoft-Windows-Sysmon,39,FALSE,6,Scripting file created under Windows Temp or User folder,"[""sysmon"",""sysmon_eid11_detections"",""windows""]",92200,windows_eventchannel,log,"Dec 10, 2024 @ 17:41:06.339",EventChannel,1733852466,"Dec 10, 2024 @ 17:41:06.339", , , , , , ,C:\\Windows\\SystemApps\\Microsoft.Windows.Search_cw5n1h2txyewy\\SearchApp.exe, , , , , , ,{15959494-7d2b-6758-0702-000000000300},6836,41:06.0, ,"technique_id=T1059.007,technique_name=JavaScript", , ,DESKTOP-QGB4EQH\\mari,"[""Command and Scripting Interpreter"",""Ingress Tool Transfer""]","[""T1059"",""T1105""]","[""Execution"",""Command and Control""]", ,C:\\Users\\mari\\AppData\\Local\\Packages\\Microsoft.Windows.Search_cw5n1h2txyewy\\AC\\INetCache\\C4W3GX6O\\card-context-menu.2d399227de85f834d265[1].js,41:06.0, , , , , , , , , , , , , , , , , , , , , , , , , , , , , , , , , , , , , , , , , , , , , , , , , , , , , , , , , , , , , , , , , , , , , , , , , , , , , , , , , , , , , , , , , , , , , , , , , , , , , , , , , , , , , , , , , , , , , , , , , , , , , 
wazuh-alerts-4.x-2024.12.10,a_RRspMBtNh2X6vnUd9L,1,1,192.168.117.136,window-agent3,3,Maryam, , , ,11,0x8000000000000000,{5770385f-c22a-43e0-bf4c-06f5698ffbd9},4,Microsoft-Windows-Sysmon/Operational,0,"""File created:
RuleName: technique_id=T1059.007,technique_name=JavaScript
UtcTime: 2024-12-10 17:41:06.025
ProcessGuid: {15959494-7d2b-6758-0702-000000000300}
ProcessId: 6836
Image: C:\Windows\SystemApps\Microsoft.Windows.Search_cw5n1h2txyewy\SearchApp.exe
TargetFilename: C:\Users\mari\AppData\Local\Packages\Microsoft.Windows.Search_cw5n1h2txyewy\AC\INetCache\C4W3GX6O\common-utils.677ce9974f352303d279[1].js
CreationUtcTime: 2024-12-10 17:41:06.025
User: DESKTOP-QGB4EQH\mari""",2,2024-12-10T17:41:06.0430200Z,8498,3880,DESKTOP-QGB4EQH,11,2624,INFORMATION,Microsoft-Windows-Sysmon,42,FALSE,6,Scripting file created under Windows Temp or User folder,"[""sysmon"",""sysmon_eid11_detections"",""windows""]",92200,windows_eventchannel,log,"Dec 10, 2024 @ 17:41:06.385",EventChannel,1733852466,"Dec 10, 2024 @ 17:41:06.385", , , , , , ,C:\\Windows\\SystemApps\\Microsoft.Windows.Search_cw5n1h2txyewy\\SearchApp.exe, , , , , , ,{15959494-7d2b-6758-0702-000000000300},6836,41:06.0, ,"technique_id=T1059.007,technique_name=JavaScript", , ,DESKTOP-QGB4EQH\\mari,"[""Command and Scripting Interpreter"",""Ingress Tool Transfer""]","[""T1059"",""T1105""]","[""Execution"",""Command and Control""]", ,C:\\Users\\mari\\AppData\\Local\\Packages\\Microsoft.Windows.Search_cw5n1h2txyewy\\AC\\INetCache\\C4W3GX6O\\common-utils.677ce9974f352303d279[1].js,41:06.0, , , , , , , , , , , , , , , , , , , , , , , , , , , , , , , , , , , , , , , , , , , , , , , , , , , , , , , , , , , , , , , , , , , , , , , , , , , , , , , , , , , , , , , , , , , , , , , , , , , , , , , , , , , , , , , , , , , , , , , , , , , , , 
wazuh-alerts-4.x-2024.12.10,bfRRspMBtNh2X6vnUd9L,1,1,192.168.117.136,window-agent3,3,Maryam, , , ,11,0x8000000000000000,{5770385f-c22a-43e0-bf4c-06f5698ffbd9},4,Microsoft-Windows-Sysmon/Operational,0,"""File created:
RuleName: technique_id=T1059.007,technique_name=JavaScript
UtcTime: 2024-12-10 17:41:06.213
ProcessGuid: {15959494-7d2b-6758-0702-000000000300}
ProcessId: 6836
Image: C:\Windows\SystemApps\Microsoft.Windows.Search_cw5n1h2txyewy\SearchApp.exe
TargetFilename: C:\Users\mari\AppData\Local\Packages\Microsoft.Windows.Search_cw5n1h2txyewy\AC\INetCache\9F2F9MHX\my-brief-river-card.ef969a73e7893febe5d8[1].js
CreationUtcTime: 2024-12-10 17:41:06.213
User: DESKTOP-QGB4EQH\mari""",2,2024-12-10T17:41:06.2285051Z,8500,3880,DESKTOP-QGB4EQH,11,2624,INFORMATION,Microsoft-Windows-Sysmon,44,FALSE,6,Scripting file created under Windows Temp or User folder,"[""sysmon"",""sysmon_eid11_detections"",""windows""]",92200,windows_eventchannel,log,"Dec 10, 2024 @ 17:41:06.417",EventChannel,1733852466,"Dec 10, 2024 @ 17:41:06.417", , , , , , ,C:\\Windows\\SystemApps\\Microsoft.Windows.Search_cw5n1h2txyewy\\SearchApp.exe, , , , , , ,{15959494-7d2b-6758-0702-000000000300},6836,41:06.2, ,"technique_id=T1059.007,technique_name=JavaScript", , ,DESKTOP-QGB4EQH\\mari,"[""Command and Scripting Interpreter"",""Ingress Tool Transfer""]","[""T1059"",""T1105""]","[""Execution"",""Command and Control""]", ,C:\\Users\\mari\\AppData\\Local\\Packages\\Microsoft.Windows.Search_cw5n1h2txyewy\\AC\\INetCache\\9F2F9MHX\\my-brief-river-card.ef969a73e7893febe5d8[1].js,41:06.2, , , , , , , , , , , , , , , , , , , , , , , , , , , , , , , , , , , , , , , , , , , , , , , , , , , , , , , , , , , , , , , , , , , , , , , , , , , , , , , , , , , , , , , , , , , , , , , , , , , , , , , , , , , , , , , , , , , , , , , , , , , , , 
wazuh-alerts-4.x-2024.12.10,bvRRspMBtNh2X6vnUd9L,1,1,192.168.117.136,window-agent3,3,Maryam, , , ,11,0x8000000000000000,{5770385f-c22a-43e0-bf4c-06f5698ffbd9},4,Microsoft-Windows-Sysmon/Operational,0,"""File created:
RuleName: technique_id=T1059.007,technique_name=JavaScript
UtcTime: 2024-12-10 17:41:06.275
ProcessGuid: {15959494-7d2b-6758-0702-000000000300}
ProcessId: 6836
Image: C:\Windows\SystemApps\Microsoft.Windows.Search_cw5n1h2txyewy\SearchApp.exe
TargetFilename: C:\Users\mari\AppData\Local\Packages\Microsoft.Windows.Search_cw5n1h2txyewy\AC\INetCache\9F2F9MHX\location-service.8ab63ee9ba787c27405d[1].js
CreationUtcTime: 2024-12-10 17:41:06.275
User: DESKTOP-QGB4EQH\mari""",2,2024-12-10T17:41:06.2872873Z,8501,3880,DESKTOP-QGB4EQH,11,2624,INFORMATION,Microsoft-Windows-Sysmon,45,FALSE,6,Scripting file created under Windows Temp or User folder,"[""sysmon"",""sysmon_eid11_detections"",""windows""]",92200,windows_eventchannel,log,"Dec 10, 2024 @ 17:41:06.432",EventChannel,1733852466,"Dec 10, 2024 @ 17:41:06.432", , , , , , ,C:\\Windows\\SystemApps\\Microsoft.Windows.Search_cw5n1h2txyewy\\SearchApp.exe, , , , , , ,{15959494-7d2b-6758-0702-000000000300},6836,41:06.3, ,"technique_id=T1059.007,technique_name=JavaScript", , ,DESKTOP-QGB4EQH\\mari,"[""Command and Scripting Interpreter"",""Ingress Tool Transfer""]","[""T1059"",""T1105""]","[""Execution"",""Command and Control""]", ,C:\\Users\\mari\\AppData\\Local\\Packages\\Microsoft.Windows.Search_cw5n1h2txyewy\\AC\\INetCache\\9F2F9MHX\\location-service.8ab63ee9ba787c27405d[1].js,41:06.3, , , , , , , , , , , , , , , , , , , , , , , , , , , , , , , , , , , , , , , , , , , , , , , , , , , , , , , , , , , , , , , , , , , , , , , , , , , , , , , , , , , , , , , , , , , , , , , , , , , , , , , , , , , , , , , , , , , , , , , , , , , , , 
wazuh-alerts-4.x-2024.12.10,cvRRspMBtNh2X6vnUd9L,1,1,192.168.117.136,window-agent3,3,Maryam, , , ,11,0x8000000000000000,{5770385f-c22a-43e0-bf4c-06f5698ffbd9},4,Microsoft-Windows-Sysmon/Operational,0,"""File created:
RuleName: technique_id=T1059.007,technique_name=JavaScript
UtcTime: 2024-12-10 17:41:06.807
ProcessGuid: {15959494-7d2b-6758-0702-000000000300}
ProcessId: 6836
Image: C:\Windows\SystemApps\Microsoft.Windows.Search_cw5n1h2txyewy\SearchApp.exe
TargetFilename: C:\Users\mari\AppData\Local\Packages\Microsoft.Windows.Search_cw5n1h2txyewy\AC\INetCache\76M51ZML\lazy-icon.6775e6127dfb31f76685[1].js
CreationUtcTime: 2024-12-10 17:41:06.807
User: DESKTOP-QGB4EQH\mari""",2,2024-12-10T17:41:06.8101514Z,8504,3880,DESKTOP-QGB4EQH,11,2624,INFORMATION,Microsoft-Windows-Sysmon,49,FALSE,6,Scripting file created under Windows Temp or User folder,"[""sysmon"",""sysmon_eid11_detections"",""windows""]",92200,windows_eventchannel,log,"Dec 10, 2024 @ 17:41:07.370",EventChannel,1733852467,"Dec 10, 2024 @ 17:41:07.370", , , , , , ,C:\\Windows\\SystemApps\\Microsoft.Windows.Search_cw5n1h2txyewy\\SearchApp.exe, , , , , , ,{15959494-7d2b-6758-0702-000000000300},6836,41:06.8, ,"technique_id=T1059.007,technique_name=JavaScript", , ,DESKTOP-QGB4EQH\\mari,"[""Command and Scripting Interpreter"",""Ingress Tool Transfer""]","[""T1059"",""T1105""]","[""Execution"",""Command and Control""]", ,C:\\Users\\mari\\AppData\\Local\\Packages\\Microsoft.Windows.Search_cw5n1h2txyewy\\AC\\INetCache\\76M51ZML\\lazy-icon.6775e6127dfb31f76685[1].js,41:06.8, , , , , , , , , , , , , , , , , , , , , , , , , , , , , , , , , , , , , , , , , , , , , , , , , , , , , , , , , , , , , , , , , , , , , , , , , , , , , , , , , , , , , , , , , , , , , , , , , , , , , , , , , , , , , , , , , , , , , , , , , , , , , 
