wazuh-alerts-4.x-2024.12.10,K8f8sJMBnOFSf1lyakWE,1,1,192.168.117.136,window-agent3,3,Maryam, , , , , , , , , , , , , , , , , , , ,3,FALSE,3,CIS Microsoft Windows 10 Enterprise Benchmark v1.12.0: Ensure 'Windows Push Notifications System Service (WpnService)' is set to 'Disabled'.: Status changed from failed to passed,"[""sca""]",19010,sca,log,"Dec 10, 2024 @ 14:32:29.331",sca,1733841149,"Dec 10, 2024 @ 14:32:29.331", , , ,"[""IV_35.7.d""]", , , , , , , , , , , , , , , , , , , , , , , , , , ,"[""2.2""]", ,"[""CC7.1"",""CC7.2""]","[""CM.1""]", , , , , , , , , , , , , , , , , , , , , , , , , , , , , , , , ,1543402245,passed,"To establish the recommended configuration via GP, set the following UI path to: Disabled. Computer Configuration\Policies\Windows Settings\Security Settings\System Services\Windows Push Notifications System Service",failed,4.8,5.38,"This service runs in session 0 and hosts the notification platform and connection provider which handles the connection between the device and WNS server. The recommended state for this setting is: Disabled. Note: In the first two releases of Windows 10 (R1507 & R1511), the display name of this service was initially named Windows Push Notifications Service - but it was renamed to Windows Push Notifications System Service starting with Windows 10 R1607.",15611,Ensure 'Windows Push Notifications System Service (WpnService)' is set to 'Disabled'.,"Windows Push Notification Services (WNS) is a mechanism to receive 3rd-party notifications and updates from the cloud/Internet. In a high security environment, external systems, especially those hosted outside the organization, should be prevented from having an impact on the secure workstations.", ,check,CIS Microsoft Windows 10 Enterprise Benchmark v1.12.0,"[""4.8""]","[""5.38""]", , , , , , , , , , , , , , , , , , , , , , , , , , , , , , , , , , , , , , , , , , , , , , , ,"[""HKEY_LOCAL_MACHINE\\SYSTEM\\CurrentControlSet\\Services\\WpnService""]", , , , , , , , , , , , , , , , , , , , , , , 
wazuh-alerts-4.x-2024.12.10,Lsf8sJMBnOFSf1lyakWE,1,1,192.168.117.136,window-agent3,3,Maryam, , , , , , , , , , , , , , , , , , , ,6,FALSE,3,CIS Microsoft Windows 10 Enterprise Benchmark v1.12.0: Ensure 'Audit Logon' is set to 'Success and Failure'.: Status changed from failed to passed,"[""sca""]",19010,sca,log,"Dec 10, 2024 @ 14:32:30.175",sca,1733841150,"Dec 10, 2024 @ 14:32:30.175", , , ,"[""IV_35.7.d""]", , , , , , , , , , , , , , , , , , , , , , , , , , ,"[""2.2""]", ,"[""CC7.1"",""CC7.2""]","[""CM.1""]", , , , , , , , , , , , , , , , , , , , , , , , , , , , , , , , ,1543402245,passed,"To establish the recommended configuration via GP, set the following UI path to Success and Failure: Computer Configuration\Policies\Windows Settings\Security Settings\Advanced Audit Policy Configuration\Audit Policies\Logon/Logoff\Audit Logon",failed,8.5,17.5.4,"This subcategory reports when a user attempts to log on to the system. These events occur on the accessed computer. For interactive logons, the generation of these events occurs on the computer that is logged on to. If a network logon takes place to access a share, these events generate on the computer that hosts the accessed resource. If you configure this setting to No auditing, it is difficult or impossible to determine which user has accessed or attempted to access organization computers. Events for this subcategory include: - 4624: An account was successfully logged on. - 4625: An account failed to log on. - 4648: A logon was attempted using explicit credentials. - 4675: SIDs were filtered. The recommended state for this setting is: Success and Failure.",15654,Ensure 'Audit Logon' is set to 'Success and Failure'.,Auditing these events may be useful when investigating a security incident.,"[""auditpol.exe /get /subcategory:\""Logon\""""]",check,CIS Microsoft Windows 10 Enterprise Benchmark v1.12.0,"[""8.5""]","[""17.5.4""]", , , , , , , , , , , , , , , , , , , , , , , , , , , , , , , , , , , , , , , , , , , , , , , , , , , , , , , , , , , , , , , , , , , , , , , 
wazuh-alerts-4.x-2024.12.10,MMf8sJMBnOFSf1lyakWE,1,1,192.168.117.136,window-agent3,3,Maryam, , , , , , , , , , , , , , , , , , , ,8,FALSE,3,CIS Microsoft Windows 10 Enterprise Benchmark v1.12.0: Ensure 'Audit Audit Policy Change' is set to include 'Success'.: Status changed from failed to passed,"[""sca""]",19010,sca,log,"Dec 10, 2024 @ 14:32:30.284",sca,1733841150,"Dec 10, 2024 @ 14:32:30.284", , , ,"[""IV_35.7.d""]", , , , , , , , , , , , , , , , , , , , , , , , , , ,"[""2.2""]", ,"[""CC7.1"",""CC7.2""]","[""CM.1""]", , , , , , , , , , , , , , , , , , , , , , , , , , , , , , , , ,1543402245,passed,"To establish the recommended configuration via GP, set the following UI path to include Success: Computer Configuration\Policies\Windows Settings\Security Settings\Advanced Audit Policy Configuration\Audit Policies\Policy Change\Audit Audit Policy Change",failed,8.5,17.7.1,This subcategory reports changes in audit policy including SACL changes. Events for this subcategory include: - 4715: The audit policy (SACL) on an object was changed. - 4719: System audit policy was changed. - 4902: The Per-user audit policy table was created. - 4904: An attempt was made to register a security event source. - 4905: An attempt was made to unregister a security event source. - 4906: The CrashOnAuditFail value has changed. - 4907: Auditing settings on object were changed. - 4908: Special Groups Logon table modified. - 4912: Per User Audit Policy was changed. The recommended state for this setting is to include: Success.,15661,Ensure 'Audit Audit Policy Change' is set to include 'Success'.,Auditing these events may be useful when investigating a security incident.,"[""auditpol.exe /get /subcategory:\""Audit Policy Change\""""]",check,CIS Microsoft Windows 10 Enterprise Benchmark v1.12.0,"[""8.5""]","[""17.7.1""]", , , , , , , , , , , , , , , , , , , , , , , , , , , , , , , , , , , , , , , , , , , , , , , , , , , , , , , , , , , , , , , , , , , , , , , 
wazuh-alerts-4.x-2024.12.10,M8f8sJMBnOFSf1lyakWE,1,1,192.168.117.136,window-agent3,3,Maryam, , , , , , , , , , , , , , , , , , , ,11,FALSE,3,CIS Microsoft Windows 10 Enterprise Benchmark v1.12.0: Ensure 'Audit Security State Change' is set to include 'Success'.: Status changed from failed to passed,"[""sca""]",19010,sca,log,"Dec 10, 2024 @ 14:32:30.409",sca,1733841150,"Dec 10, 2024 @ 14:32:30.409", , , ,"[""IV_35.7.d""]", , , , , , , , , , , , , , , , , , , , , , , , , , ,"[""2.2""]", ,"[""CC7.1"",""CC7.2""]","[""CM.1""]", , , , , , , , , , , , , , , , , , , , , , , , , , , , , , , , ,1543402245,passed,"To establish the recommended configuration via GP, set the following UI path to include Success: Computer Configuration\Policies\Windows Settings\Security Settings\Advanced Audit Policy Configuration\Audit Policies\System\Audit Security State Change",failed,8.5,17.9.3,"This subcategory reports changes in security state of the system, such as when the security subsystem starts and stops. Events for this subcategory include: - 4608: Windows is starting up. - 4609: Windows is shutting down. - 4616: The system time was changed. - 4621: Administrator recovered system from CrashOnAuditFail. Users who are not administrators will now be allowed to log on. Some audit-able activity might not have been recorded. The recommended state for this setting is to include: Success.",15669,Ensure 'Audit Security State Change' is set to include 'Success'.,Auditing these events may be useful when investigating a security incident.,"[""auditpol.exe /get /subcategory:\""Security State Change\""""]",check,CIS Microsoft Windows 10 Enterprise Benchmark v1.12.0,"[""8.5""]","[""17.9.3""]", , , , , , , , , , , , , , , , , , , , , , , , , , , , , , , , , , , , , , , , , , , , , , , , , , , , , , , , , , , , , , , , , , , , , , , 
wazuh-alerts-4.x-2024.12.10,Pcf8sJMBnOFSf1lylUV_,1,1,192.168.117.136,window-agent3,3,Maryam, , , ,4104,0x80000000000000,{155CB334-3D7F-4ff1-B107-DF8AFC3C0363},2,Application,0,"""Failed trying to get the state of the cluster node: .The error code returned: 0x8007085A""",0,2024-12-10T14:32:41.2456740Z,113,0,DESKTOP-QGB4EQH,14,0,ERROR,Microsoft-Windows-MSDTC Client 2,11,FALSE,9,Windows application error event.,"[""windows"",""windows_application"",""system_error""]",60602,windows_eventchannel,log,"Dec 10, 2024 @ 14:32:41.910",EventChannel,1733841161,"Dec 10, 2024 @ 14:32:41.910", , ,MSDTC Client 2,"[""IV_35.7.d""]","[""4.3""]", , , , , , , , , , , , , , , , , , , , , , , , ,0x8007085A, , , , , , , , , , , , , , , , , , , , , , , , , , , , , , , , , , , , , , , , , , , , , , , , , , , , , , , , , , , , , , , , , , , , , , , , , , , , , , , , , , , , , , , , , , , , , , , , , , , , , , , , , , , , , , , , , , , , , , , , , , 
wazuh-alerts-4.x-2024.12.10,Psf8sJMBnOFSf1lylUV_,1,1,192.168.117.136,window-agent3,3,Maryam, , , ,4624,0x8020000000000000,{54849625-5478-4994-a5ba-3e3b0328c30d},0,Security,0,"""An account was successfully logged on.

Subject:
	Security ID:		S-1-5-18
	Account Name:		DESKTOP-QGB4EQH$
	Account Domain:		WORKGROUP
	Logon ID:		0x3E7

Logon Information:
	Logon Type:		5
	Restricted Admin Mode:	-
	Virtual Account:		No
	Elevated Token:		Yes

Impersonation Level:		Impersonation

New Logon:
	Security ID:		S-1-5-18
	Account Name:		SYSTEM
	Account Domain:		NT AUTHORITY
	Logon ID:		0x3E7
	Linked Logon ID:		0x0
	Network Account Name:	-
	Network Account Domain:	-
	Logon GUID:		{00000000-0000-0000-0000-000000000000}

Process Information:
	Process ID:		0x284
	Process Name:		C:\Windows\System32\services.exe

Network Information:
	Workstation Name:	-
	Source Network Address:	-
	Source Port:		-

Detailed Authentication Information:
	Logon Process:		Advapi  
	Authentication Package:	Negotiate
	Transited Services:	-
	Package Name (NTLM only):	-
	Key Length:		0

This event is generated when a logon session is created. It is generated on the computer that was accessed.

The subject fields indicate the account on the local system which requested the logon. This is most commonly a service such as the Server service, or a local process such as Winlogon.exe or Services.exe.

The logon type field indicates the kind of logon that occurred. The most common types are 2 (interactive) and 3 (network).

The New Logon fields indicate the account for whom the new logon was created, i.e. the account that was logged on.

The network fields indicate where a remote logon request originated. Workstation name is not always available and may be left blank in some cases.

The impersonation level field indicates the extent to which a process in the logon session can impersonate.

The authentication information fields provide detailed information about this specific logon request.
	- Logon GUID is a unique identifier that can be used to correlate this event with a KDC event.
	- Transited services indicate which intermediate services have participated in this logon request.
	- Package name indicates which sub-protocol was used among the NTLM protocols.
	- Key length indicates the length of the generated session key. This will be 0 if no session key was requested.""",2,2024-12-10T14:32:40.4450570Z,172,816,DESKTOP-QGB4EQH,12544,672,AUDIT_SUCCESS,Microsoft-Windows-Security-Auditing,2,FALSE,3,Windows logon success.,"[""windows"",""windows_security"",""authentication_success""]",60106,windows_eventchannel,log,"Dec 10, 2024 @ 14:32:41.973",EventChannel,1733841161,"Dec 10, 2024 @ 14:32:41.973", , , ,"[""IV_32.2""]","[""7.1"",""7.2""]", , , , , , , , , ,0x284, , , , , , ,"[""Valid Accounts""]","[""T1078""]","[""Defense Evasion"",""Persistence"",""Privilege Escalation"",""Initial Access""]", , , , , , ,"[""10.2.5""]","[""164.312.b""]","[""CC6.8"",""CC7.2"",""CC7.3""]","[""AC.7"",""AU.14""]", , ,{00000000-0000-0000-0000-000000000000}, , , , , , , , , ,0x3e7,WORKGROUP,0x0,%%1833,Negotiate,0x3e7,Advapi,SYSTEM,0,%%1842,S-1-5-18,C:\\Windows\\System32\\services.exe,NT AUTHORITY,S-1-5-18,%%1843,5,DESKTOP-QGB4EQH$, , , , , , , , , , , , , , , , , , , , , , , , , , , , , , , , , , , , , , , , , , , , , , , , , , , , , , , , , , , , , , , , , , , , , , , , , , , , , , , , , , , , , , , , , 
wazuh-alerts-4.x-2024.12.10,P8f8sJMBnOFSf1lymUVo,1,1,192.168.117.136,window-agent3,3,Maryam, , , ,4624,0x8020000000000000,{54849625-5478-4994-a5ba-3e3b0328c30d},0,Security,0,"""An account was successfully logged on.

Subject:
	Security ID:		S-1-5-18
	Account Name:		DESKTOP-QGB4EQH$
	Account Domain:		WORKGROUP
	Logon ID:		0x3E7

Logon Information:
	Logon Type:		5
	Restricted Admin Mode:	-
	Virtual Account:		No
	Elevated Token:		Yes

Impersonation Level:		Impersonation

New Logon:
	Security ID:		S-1-5-18
	Account Name:		SYSTEM
	Account Domain:		NT AUTHORITY
	Logon ID:		0x3E7
	Linked Logon ID:		0x0
	Network Account Name:	-
	Network Account Domain:	-
	Logon GUID:		{00000000-0000-0000-0000-000000000000}

Process Information:
	Process ID:		0x284
	Process Name:		C:\Windows\System32\services.exe

Network Information:
	Workstation Name:	-
	Source Network Address:	-
	Source Port:		-

Detailed Authentication Information:
	Logon Process:		Advapi  
	Authentication Package:	Negotiate
	Transited Services:	-
	Package Name (NTLM only):	-
	Key Length:		0

This event is generated when a logon session is created. It is generated on the computer that was accessed.

The subject fields indicate the account on the local system which requested the logon. This is most commonly a service such as the Server service, or a local process such as Winlogon.exe or Services.exe.

The logon type field indicates the kind of logon that occurred. The most common types are 2 (interactive) and 3 (network).

The New Logon fields indicate the account for whom the new logon was created, i.e. the account that was logged on.

The network fields indicate where a remote logon request originated. Workstation name is not always available and may be left blank in some cases.

The impersonation level field indicates the extent to which a process in the logon session can impersonate.

The authentication information fields provide detailed information about this specific logon request.
	- Logon GUID is a unique identifier that can be used to correlate this event with a KDC event.
	- Transited services indicate which intermediate services have participated in this logon request.
	- Package name indicates which sub-protocol was used among the NTLM protocols.
	- Key length indicates the length of the generated session key. This will be 0 if no session key was requested.""",2,2024-12-10T14:32:41.1570442Z,174,816,DESKTOP-QGB4EQH,12544,672,AUDIT_SUCCESS,Microsoft-Windows-Security-Auditing,3,FALSE,3,Windows logon success.,"[""windows"",""windows_security"",""authentication_success""]",60106,windows_eventchannel,log,"Dec 10, 2024 @ 14:32:42.003",EventChannel,1733841162,"Dec 10, 2024 @ 14:32:42.003", , , ,"[""IV_32.2""]","[""7.1"",""7.2""]", , , , , , , , , ,0x284, , , , , , ,"[""Valid Accounts""]","[""T1078""]","[""Defense Evasion"",""Persistence"",""Privilege Escalation"",""Initial Access""]", , , , , , ,"[""10.2.5""]","[""164.312.b""]","[""CC6.8"",""CC7.2"",""CC7.3""]","[""AC.7"",""AU.14""]", , ,{00000000-0000-0000-0000-000000000000}, , , , , , , , , ,0x3e7,WORKGROUP,0x0,%%1833,Negotiate,0x3e7,Advapi,SYSTEM,0,%%1842,S-1-5-18,C:\\Windows\\System32\\services.exe,NT AUTHORITY,S-1-5-18,%%1843,5,DESKTOP-QGB4EQH$, , , , , , , , , , , , , , , , , , , , , , , , , , , , , , , , , , , , , , , , , , , , , , , , , , , , , , , , , , , , , , , , , , , , , , , , , , , , , , , , , , , , , , , , , 
wazuh-alerts-4.x-2024.12.10,Qcf8sJMBnOFSf1lymUVo,1,1,192.168.117.136,window-agent3,3,Maryam, , , ,7040,0x8080000000000000,{555908d1-a6d7-4695-8e1e-26931d2012f4},4,System,0,"""The start type of the Distributed Transaction Coordinator service was changed from auto start to demand start.""",0,2024-12-10T14:32:41.4485595Z,167,804,DESKTOP-QGB4EQH,0,644,INFORMATION,Service Control Manager,5,FALSE,3,Service startup type was changed,"[""windows"",""windows_system"",""policy_changed""]",61104,windows_eventchannel,log,"Dec 10, 2024 @ 14:32:42.506",EventChannel,1733841162,"Dec 10, 2024 @ 14:32:42.506", , ,Service Control Manager,"[""IV_35.7.d""]", , , , , , , , , , , , , , , , , , , , ,Distributed Transaction Coordinator, , ,demand start,MSDTC,auto start,"[""10.6""]","[""164.312.b""]","[""CC6.1"",""CC6.8"",""CC7.2"",""CC7.3""]","[""AU.6""]",This does not appear to be logged on Windows 2000, , , , , , , , , , , , , , , , , , , , , , , , , , , , , , , , , , , , , , , , , , , , , , , , , , , , , , , , , , , , , , , , , , , , , , , , , , , , , , , , , , , , , , , , , , , , , , , , , , , , , , , , , , , , , , , , , , , , , 
wazuh-alerts-4.x-2024.12.10,Q8f8sJMBnOFSf1lyoUU5,1,1,192.168.117.136,window-agent3,3,Maryam, , , ,4624,0x8020000000000000,{54849625-5478-4994-a5ba-3e3b0328c30d},0,Security,0,"""An account was successfully logged on.

Subject:
	Security ID:		S-1-5-18
	Account Name:		DESKTOP-QGB4EQH$
	Account Domain:		WORKGROUP
	Logon ID:		0x3E7

Logon Information:
	Logon Type:		5
	Restricted Admin Mode:	-
	Virtual Account:		No
	Elevated Token:		Yes

Impersonation Level:		Impersonation

New Logon:
	Security ID:		S-1-5-18
	Account Name:		SYSTEM
	Account Domain:		NT AUTHORITY
	Logon ID:		0x3E7
	Linked Logon ID:		0x0
	Network Account Name:	-
	Network Account Domain:	-
	Logon GUID:		{00000000-0000-0000-0000-000000000000}

Process Information:
	Process ID:		0x284
	Process Name:		C:\Windows\System32\services.exe

Network Information:
	Workstation Name:	-
	Source Network Address:	-
	Source Port:		-

Detailed Authentication Information:
	Logon Process:		Advapi  
	Authentication Package:	Negotiate
	Transited Services:	-
	Package Name (NTLM only):	-
	Key Length:		0

This event is generated when a logon session is created. It is generated on the computer that was accessed.

The subject fields indicate the account on the local system which requested the logon. This is most commonly a service such as the Server service, or a local process such as Winlogon.exe or Services.exe.

The logon type field indicates the kind of logon that occurred. The most common types are 2 (interactive) and 3 (network).

The New Logon fields indicate the account for whom the new logon was created, i.e. the account that was logged on.

The network fields indicate where a remote logon request originated. Workstation name is not always available and may be left blank in some cases.

The impersonation level field indicates the extent to which a process in the logon session can impersonate.

The authentication information fields provide detailed information about this specific logon request.
	- Logon GUID is a unique identifier that can be used to correlate this event with a KDC event.
	- Transited services indicate which intermediate services have participated in this logon request.
	- Package name indicates which sub-protocol was used among the NTLM protocols.
	- Key length indicates the length of the generated session key. This will be 0 if no session key was requested.""",2,2024-12-10T14:32:42.7866913Z,176,816,DESKTOP-QGB4EQH,12544,672,AUDIT_SUCCESS,Microsoft-Windows-Security-Auditing,4,FALSE,3,Windows logon success.,"[""windows"",""windows_security"",""authentication_success""]",60106,windows_eventchannel,log,"Dec 10, 2024 @ 14:32:44.428",EventChannel,1733841164,"Dec 10, 2024 @ 14:32:44.428", , , ,"[""IV_32.2""]","[""7.1"",""7.2""]", , , , , , , , , ,0x284, , , , , , ,"[""Valid Accounts""]","[""T1078""]","[""Defense Evasion"",""Persistence"",""Privilege Escalation"",""Initial Access""]", , , , , , ,"[""10.2.5""]","[""164.312.b""]","[""CC6.8"",""CC7.2"",""CC7.3""]","[""AC.7"",""AU.14""]", , ,{00000000-0000-0000-0000-000000000000}, , , , , , , , , ,0x3e7,WORKGROUP,0x0,%%1833,Negotiate,0x3e7,Advapi,SYSTEM,0,%%1842,S-1-5-18,C:\\Windows\\System32\\services.exe,NT AUTHORITY,S-1-5-18,%%1843,5,DESKTOP-QGB4EQH$, , , , , , , , , , , , , , , , , , , , , , , , , , , , , , , , , , , , , , , , , , , , , , , , , , , , , , , , , , , , , , , , , , , , , , , , , , , , , , , , , , , , , , , , , 
wazuh-alerts-4.x-2024.12.10,_Mf8sJMBnOFSf1lyJEQw,1,1,192.168.117.136,window-agent3,3,Maryam, , , ,1,0x8000000000000000,{5770385f-c22a-43e0-bf4c-06f5698ffbd9},4,Microsoft-Windows-Sysmon/Operational,0,"""Process Create:
RuleName: technique_id=T1018,technique_name=Remote System Discovery
UtcTime: 2024-12-10 14:32:10.986
ProcessGuid: {15959494-50ea-6758-6900-000000000200}
ProcessId: 2360
Image: C:\Windows\SysWOW64\net1.exe
FileVersion: 10.0.19041.3636 (WinBuild.160101.0800)
Description: Net Command
Product: Microsoft® Windows® Operating System
Company: Microsoft Corporation
OriginalFileName: net1.exe
CommandLine: C:\WINDOWS\system32\net1 accounts
CurrentDirectory: C:\Program Files (x86)\ossec-agent\
User: NT AUTHORITY\SYSTEM
LogonGuid: {15959494-50d3-6758-e703-000000000000}
LogonId: 0x3E7
TerminalSessionId: 0
IntegrityLevel: System
Hashes: SHA1=3E46EB17BB05B8785C0B6A64587886EE95FACF66,MD5=4A26539015F4FDB3AC3C5EB14336C7A7,SHA256=B25CF32B7BB76D5A5121919C63E6AE77262347F4AD7B29EE3C43CBAA61F43957,IMPHASH=D45C7E138CFAD11059C95018C99B7C96
ParentProcessGuid: {15959494-50ea-6758-6700-000000000200}
ParentProcessId: 3992
ParentImage: C:\Windows\SysWOW64\net.exe
ParentCommandLine: net.exe accounts
ParentUser: NT AUTHORITY\SYSTEM""",5,2024-12-10T14:32:10.9870643Z,311,3480,DESKTOP-QGB4EQH,1,2452,INFORMATION,Microsoft-Windows-Sysmon,14,FALSE,3,Discovery activity executed,"[""sysmon"",""sysmon_eid1_detections"",""windows""]",92031,windows_eventchannel,log,"Dec 10, 2024 @ 14:32:11.988",EventChannel,1733841131,"Dec 10, 2024 @ 14:32:11.988", , , , , ,net1.exe,C:\\Windows\\SysWOW64\\net1.exe,Microsoft® Windows® Operating System, , ,Net Command, , ,{15959494-50ea-6758-6900-000000000200},2360,32:11.0,"SHA1=3E46EB17BB05B8785C0B6A64587886EE95FACF66,MD5=4A26539015F4FDB3AC3C5EB14336C7A7,SHA256=B25CF32B7BB76D5A5121919C63E6AE77262347F4AD7B29EE3C43CBAA61F43957,IMPHASH=D45C7E138CFAD11059C95018C99B7C96","technique_id=T1018,technique_name=Remote System Discovery",Microsoft Corporation,10.0.19041.3636 (WinBuild.160101.0800),NT AUTHORITY\\SYSTEM,"[""Account Discovery""]","[""T1087""]","[""Discovery""]", , , , , , , , , , , ,{15959494-50ea-6758-6700-000000000200},{15959494-50d3-6758-e703-000000000000},net.exe accounts,0x3e7,3992,C:\\Program Files (x86)\\ossec-agent\\,C:\\Windows\\SysWOW64\\net.exe,C:\\WINDOWS\\system32\\net1 accounts,System,0,NT AUTHORITY\\SYSTEM, , , , , , , , , , , , , , , , , , , , , , , , , , , , , , , , , , , , , , , , , , , , , , , , , , , , , , , , , , , , , , , , , , , , , , , , , , , , , , , , , , , , , , , , , , , , , , , , , , , , , , , , , , 
wazuh-alerts-4.x-2024.12.10,Ccf8sJMBnOFSf1lyJEUw,1,1,192.168.117.136,window-agent3,3,Maryam, , , ,1,0x8000000000000000,{5770385f-c22a-43e0-bf4c-06f5698ffbd9},4,Microsoft-Windows-Sysmon/Operational,0,"""Process Create:
RuleName: technique_id=T1018,technique_name=Remote System Discovery
UtcTime: 2024-12-10 14:32:11.368
ProcessGuid: {15959494-50eb-6758-7c00-000000000200}
ProcessId: 3232
Image: C:\Windows\SysWOW64\net.exe
FileVersion: 10.0.19041.1 (WinBuild.160101.0800)
Description: Net Command
Product: Microsoft® Windows® Operating System
Company: Microsoft Corporation
OriginalFileName: net.exe
CommandLine: net.exe accounts
CurrentDirectory: C:\Program Files (x86)\ossec-agent\
User: NT AUTHORITY\SYSTEM
LogonGuid: {15959494-50d3-6758-e703-000000000000}
LogonId: 0x3E7
TerminalSessionId: 0
IntegrityLevel: System
Hashes: SHA1=A5BADC2DD4DBAA8ED5F0A3646F7248BF060A2F13,MD5=31890A7DE89936F922D44D677F681A7F,SHA256=7C4C7725E266F12ABA8C50FD1598D4001201BCA0E7ACA901508307E365AFFF42,IMPHASH=AC592B83B5CAEB41A6F6DF7DB53F9076
ParentProcessGuid: {15959494-50d9-6758-3400-000000000200}
ParentProcessId: 2556
ParentImage: C:\Program Files (x86)\ossec-agent\wazuh-agent.exe
ParentCommandLine: ""C:\Program Files (x86)\ossec-agent\wazuh-agent.exe""
ParentUser: NT AUTHORITY\SYSTEM""",5,2024-12-10T14:32:11.3691791Z,324,3480,DESKTOP-QGB4EQH,1,2452,INFORMATION,Microsoft-Windows-Sysmon,17,FALSE,3,Discovery activity executed,"[""sysmon"",""sysmon_eid1_detections"",""windows""]",92031,windows_eventchannel,log,"Dec 10, 2024 @ 14:32:12.190",EventChannel,1733841132,"Dec 10, 2024 @ 14:32:12.190", , , , , ,net.exe,C:\\Windows\\SysWOW64\\net.exe,Microsoft® Windows® Operating System, , ,Net Command, , ,{15959494-50eb-6758-7c00-000000000200},3232,32:11.4,"SHA1=A5BADC2DD4DBAA8ED5F0A3646F7248BF060A2F13,MD5=31890A7DE89936F922D44D677F681A7F,SHA256=7C4C7725E266F12ABA8C50FD1598D4001201BCA0E7ACA901508307E365AFFF42,IMPHASH=AC592B83B5CAEB41A6F6DF7DB53F9076","technique_id=T1018,technique_name=Remote System Discovery",Microsoft Corporation,10.0.19041.1 (WinBuild.160101.0800),NT AUTHORITY\\SYSTEM,"[""Account Discovery""]","[""T1087""]","[""Discovery""]", , , , , , , , , , , ,{15959494-50d9-6758-3400-000000000200},{15959494-50d3-6758-e703-000000000000},"\""C:\\Program Files (x86)\\ossec-agent\\wazuh-agent.exe\""",0x3e7,2556,C:\\Program Files (x86)\\ossec-agent\\,C:\\Program Files (x86)\\ossec-agent\\wazuh-agent.exe,net.exe accounts,System,0,NT AUTHORITY\\SYSTEM, , , , , , , , , , , , , , , , , , , , , , , , , , , , , , , , , , , , , , , , , , , , , , , , , , , , , , , , , , , , , , , , , , , , , , , , , , , , , , , , , , , , , , , , , , , , , , , , , , , , , , , , , , 
wazuh-alerts-4.x-2024.12.10,C8f8sJMBnOFSf1lyKEUR,1,1,192.168.117.136,window-agent3,3,Maryam, , , ,11,0x8000000000000000,{5770385f-c22a-43e0-bf4c-06f5698ffbd9},4,Microsoft-Windows-Sysmon/Operational,0,"""File created:
RuleName: technique_id=T1059.001,technique_name=PowerShell
UtcTime: 2024-12-10 14:32:12.558
ProcessGuid: {15959494-50eb-6758-8300-000000000200}
ProcessId: 3012
Image: C:\WINDOWS\SysWOW64\WindowsPowerShell\v1.0\powershell.exe
TargetFilename: C:\Windows\Temp\__PSScriptPolicyTest_hwhumxc1.aqd.ps1
CreationUtcTime: 2024-12-10 14:32:12.558
User: NT AUTHORITY\SYSTEM""",2,2024-12-10T14:32:12.5634783Z,338,3480,DESKTOP-QGB4EQH,11,2452,INFORMATION,Microsoft-Windows-Sysmon,1,FALSE,9,C:\\WINDOWS\\SysWOW64\\WindowsPowerShell\\v1.0\\powershell.exe created a new scripting file under Windows Temp or User data folder,"[""sysmon"",""sysmon_eid11_detections"",""windows""]",92201,windows_eventchannel,log,"Dec 10, 2024 @ 14:32:13.050",EventChannel,1733841133,"Dec 10, 2024 @ 14:32:13.050", , , , , , ,C:\\WINDOWS\\SysWOW64\\WindowsPowerShell\\v1.0\\powershell.exe, , , , , , ,{15959494-50eb-6758-8300-000000000200},3012,32:12.6, ,"technique_id=T1059.001,technique_name=PowerShell", , ,NT AUTHORITY\\SYSTEM,"[""Ingress Tool Transfer"",""Command and Scripting Interpreter""]","[""T1105"",""T1059""]","[""Command and Control"",""Execution""]", ,C:\\Windows\\Temp\\__PSScriptPolicyTest_hwhumxc1.aqd.ps1,32:12.6, , , , , , , , , , , , , , , , , , , , , , , , , , , , , , , , , , , , , , , , , , , , , , , , , , , , , , , , , , , , , , , , , , , , , , , , , , , , , , , , , , , , , , , , , , , , , , , , , , , , , , , , , , , , , , , , , , , , , , , , , , , , , 
wazuh-alerts-4.x-2024.12.10,U8f-sJMBnOFSf1lyQ0VE,1,1,192.168.117.136,window-agent3,3,Maryam, , , ,4624,0x8020000000000000,{54849625-5478-4994-a5ba-3e3b0328c30d},0,Security,0,"""An account was successfully logged on.

Subject:
	Security ID:		S-1-5-18
	Account Name:		DESKTOP-QGB4EQH$
	Account Domain:		WORKGROUP
	Logon ID:		0x3E7

Logon Information:
	Logon Type:		5
	Restricted Admin Mode:	-
	Virtual Account:		No
	Elevated Token:		Yes

Impersonation Level:		Impersonation

New Logon:
	Security ID:		S-1-5-18
	Account Name:		SYSTEM
	Account Domain:		NT AUTHORITY
	Logon ID:		0x3E7
	Linked Logon ID:		0x0
	Network Account Name:	-
	Network Account Domain:	-
	Logon GUID:		{00000000-0000-0000-0000-000000000000}

Process Information:
	Process ID:		0x284
	Process Name:		C:\Windows\System32\services.exe

Network Information:
	Workstation Name:	-
	Source Network Address:	-
	Source Port:		-

Detailed Authentication Information:
	Logon Process:		Advapi  
	Authentication Package:	Negotiate
	Transited Services:	-
	Package Name (NTLM only):	-
	Key Length:		0

This event is generated when a logon session is created. It is generated on the computer that was accessed.

The subject fields indicate the account on the local system which requested the logon. This is most commonly a service such as the Server service, or a local process such as Winlogon.exe or Services.exe.

The logon type field indicates the kind of logon that occurred. The most common types are 2 (interactive) and 3 (network).

The New Logon fields indicate the account for whom the new logon was created, i.e. the account that was logged on.

The network fields indicate where a remote logon request originated. Workstation name is not always available and may be left blank in some cases.

The impersonation level field indicates the extent to which a process in the logon session can impersonate.

The authentication information fields provide detailed information about this specific logon request.
	- Logon GUID is a unique identifier that can be used to correlate this event with a KDC event.
	- Transited services indicate which intermediate services have participated in this logon request.
	- Package name indicates which sub-protocol was used among the NTLM protocols.
	- Key length indicates the length of the generated session key. This will be 0 if no session key was requested.""",2,2024-12-10T14:34:27.5928928Z,211,816,DESKTOP-QGB4EQH,12544,672,AUDIT_SUCCESS,Microsoft-Windows-Security-Auditing,9,FALSE,3,Windows logon success.,"[""windows"",""windows_security"",""authentication_success""]",60106,windows_eventchannel,log,"Dec 10, 2024 @ 14:34:31.477",EventChannel,1733841271,"Dec 10, 2024 @ 14:34:31.477", , , ,"[""IV_32.2""]","[""7.1"",""7.2""]", , , , , , , , , ,0x284, , , , , , ,"[""Valid Accounts""]","[""T1078""]","[""Defense Evasion"",""Persistence"",""Privilege Escalation"",""Initial Access""]", , , , , , ,"[""10.2.5""]","[""164.312.b""]","[""CC6.8"",""CC7.2"",""CC7.3""]","[""AC.7"",""AU.14""]", , ,{00000000-0000-0000-0000-000000000000}, , , , , , , , , ,0x3e7,WORKGROUP,0x0,%%1833,Negotiate,0x3e7,Advapi,SYSTEM,0,%%1842,S-1-5-18,C:\\Windows\\System32\\services.exe,NT AUTHORITY,S-1-5-18,%%1843,5,DESKTOP-QGB4EQH$, , , , , , , , , , , , , , , , , , , , , , , , , , , , , , , , , , , , , , , , , , , , , , , , , , , , , , , , , , , , , , , , , , , , , , , , , , , , , , , , , , , , , , , , , 
wazuh-alerts-4.x-2024.12.10,98f8sJMBnOFSf1lyGERy,1,1,192.168.117.136,window-agent3,3,Maryam, , , ,1,0x8000000000000000,{5770385f-c22a-43e0-bf4c-06f5698ffbd9},4,Microsoft-Windows-Sysmon/Operational,0,"""Process Create:
RuleName: technique_id=T1018,technique_name=Remote System Discovery
UtcTime: 2024-12-10 14:32:08.537
ProcessGuid: {15959494-50e8-6758-6000-000000000200}
ProcessId: 3608
Image: C:\Windows\SysWOW64\net.exe
FileVersion: 10.0.19041.1 (WinBuild.160101.0800)
Description: Net Command
Product: Microsoft® Windows® Operating System
Company: Microsoft Corporation
OriginalFileName: net.exe
CommandLine: net.exe accounts
CurrentDirectory: C:\Program Files (x86)\ossec-agent\
User: NT AUTHORITY\SYSTEM
LogonGuid: {15959494-50d3-6758-e703-000000000000}
LogonId: 0x3E7
TerminalSessionId: 0
IntegrityLevel: System
Hashes: SHA1=A5BADC2DD4DBAA8ED5F0A3646F7248BF060A2F13,MD5=31890A7DE89936F922D44D677F681A7F,SHA256=7C4C7725E266F12ABA8C50FD1598D4001201BCA0E7ACA901508307E365AFFF42,IMPHASH=AC592B83B5CAEB41A6F6DF7DB53F9076
ParentProcessGuid: {15959494-50d9-6758-3400-000000000200}
ParentProcessId: 2556
ParentImage: C:\Program Files (x86)\ossec-agent\wazuh-agent.exe
ParentCommandLine: ""C:\Program Files (x86)\ossec-agent\wazuh-agent.exe""
ParentUser: NT AUTHORITY\SYSTEM""",5,2024-12-10T14:32:08.5391108Z,300,3480,DESKTOP-QGB4EQH,1,2452,INFORMATION,Microsoft-Windows-Sysmon,9,FALSE,3,Discovery activity executed,"[""sysmon"",""sysmon_eid1_detections"",""windows""]",92031,windows_eventchannel,log,"Dec 10, 2024 @ 14:32:09.426",EventChannel,1733841129,"Dec 10, 2024 @ 14:32:09.426", , , , , ,net.exe,C:\\Windows\\SysWOW64\\net.exe,Microsoft® Windows® Operating System, , ,Net Command, , ,{15959494-50e8-6758-6000-000000000200},3608,32:08.5,"SHA1=A5BADC2DD4DBAA8ED5F0A3646F7248BF060A2F13,MD5=31890A7DE89936F922D44D677F681A7F,SHA256=7C4C7725E266F12ABA8C50FD1598D4001201BCA0E7ACA901508307E365AFFF42,IMPHASH=AC592B83B5CAEB41A6F6DF7DB53F9076","technique_id=T1018,technique_name=Remote System Discovery",Microsoft Corporation,10.0.19041.1 (WinBuild.160101.0800),NT AUTHORITY\\SYSTEM,"[""Account Discovery""]","[""T1087""]","[""Discovery""]", , , , , , , , , , , ,{15959494-50d9-6758-3400-000000000200},{15959494-50d3-6758-e703-000000000000},"\""C:\\Program Files (x86)\\ossec-agent\\wazuh-agent.exe\""",0x3e7,2556,C:\\Program Files (x86)\\ossec-agent\\,C:\\Program Files (x86)\\ossec-agent\\wazuh-agent.exe,net.exe accounts,System,0,NT AUTHORITY\\SYSTEM, , , , , , , , , , , , , , , , , , , , , , , , , , , , , , , , , , , , , , , , , , , , , , , , , , , , , , , , , , , , , , , , , , , , , , , , , , , , , , , , , , , , , , , , , , , , , , , , , , , , , , , , , , 
wazuh-alerts-4.x-2024.12.10,Scf-sJMBnOFSf1lyFEVf,1,1,192.168.117.136,window-agent3,3,Maryam, , , ,7,0x8000000000000000,{5770385f-c22a-43e0-bf4c-06f5698ffbd9},4,Microsoft-Windows-Sysmon/Operational,0,"""Image loaded:
RuleName: technique_id=T1053,technique_name=Scheduled Task
UtcTime: 2024-12-10 14:34:13.464
ProcessGuid: {15959494-5165-6758-d200-000000000200}
ProcessId: 2496
Image: C:\Windows\Microsoft.NET\Framework\v2.0.50727\ngen.exe
ImageLoaded: C:\Windows\SysWOW64\taskschd.dll
FileVersion: 10.0.19041.3636 (WinBuild.160101.0800)
Description: Task Scheduler COM API
Product: Microsoft® Windows® Operating System
Company: Microsoft Corporation
OriginalFileName: taskschd.dll
Hashes: SHA1=C94CEC3A6F102EF38EB1D913D61A03B2100983FE,MD5=FF11E73B7D8A3A0822E95DD68DA10B13,SHA256=0F15534DC00A65E980CAA2E11F5D5251518D528F2F28165E9881B598BF64BDD1,IMPHASH=59BF7D0FAD0B5B7F706EA9250167BD5B
Signed: true
Signature: Microsoft Windows
SignatureStatus: Valid
User: NT AUTHORITY\SYSTEM""",3,2024-12-10T14:34:13.4797154Z,1050,3480,DESKTOP-QGB4EQH,7,2452,INFORMATION,Microsoft-Windows-Sysmon,8,FALSE,4,Process loaded taskschd.dll module. May be used to create delayed malware execution,"[""sysmon"",""sysmon_eid7_detections"",""windows""]",92154,windows_eventchannel,log,"Dec 10, 2024 @ 14:34:14.441",EventChannel,1733841254,"Dec 10, 2024 @ 14:34:14.441", , , , , ,taskschd.dll,C:\\Windows\\Microsoft.NET\\Framework\\v2.0.50727\\ngen.exe,Microsoft® Windows® Operating System,Microsoft Windows,C:\\Windows\\SysWOW64\\taskschd.dll,Task Scheduler COM API,TRUE,Valid,{15959494-5165-6758-d200-000000000200},2496,34:13.5,"SHA1=C94CEC3A6F102EF38EB1D913D61A03B2100983FE,MD5=FF11E73B7D8A3A0822E95DD68DA10B13,SHA256=0F15534DC00A65E980CAA2E11F5D5251518D528F2F28165E9881B598BF64BDD1,IMPHASH=59BF7D0FAD0B5B7F706EA9250167BD5B","technique_id=T1053,technique_name=Scheduled Task",Microsoft Corporation,10.0.19041.3636 (WinBuild.160101.0800),NT AUTHORITY\\SYSTEM,"[""Scheduled Task""]","[""T1053.005""]","[""Execution"",""Persistence"",""Privilege Escalation""]", , , , , , , , , , , , , , , , , , , , , , , , , , , , , , , , , , , , , , , , , , , , , , , , , , , , , , , , , , , , , , , , , , , , , , , , , , , , , , , , , , , , , , , , , , , , , , , , , , , , , , , , , , , , , , , , , , , , , , , , , , , , , , , , 
wazuh-alerts-4.x-2024.12.10,TMf-sJMBnOFSf1lyFEVf,1,1,192.168.117.136,window-agent3,3,Maryam, , , ,7,0x8000000000000000,{5770385f-c22a-43e0-bf4c-06f5698ffbd9},4,Microsoft-Windows-Sysmon/Operational,0,"""Image loaded:
RuleName: technique_id=T1053,technique_name=Scheduled Task
UtcTime: 2024-12-10 14:34:13.808
ProcessGuid: {15959494-5165-6758-d800-000000000200}
ProcessId: 3348
Image: C:\Windows\Microsoft.NET\Framework64\v2.0.50727\ngen.exe
ImageLoaded: C:\Windows\System32\taskschd.dll
FileVersion: 10.0.19041.3636 (WinBuild.160101.0800)
Description: Task Scheduler COM API
Product: Microsoft® Windows® Operating System
Company: Microsoft Corporation
OriginalFileName: taskschd.dll
Hashes: SHA1=633C92F5A5000CDE3235C7FDC306B2B04C501C48,MD5=84F942C1A4BD60C94EBEC6643E0216C9,SHA256=BBE733452E6CE871D5D2064948847AAB2A71F7FEDA2C962BA4002F64E2D198F2,IMPHASH=B7A4477FA36E2E5287EE76AC4AFCB05B
Signed: true
Signature: Microsoft Windows
SignatureStatus: Valid
User: NT AUTHORITY\SYSTEM""",3,2024-12-10T14:34:13.8273142Z,1072,3480,DESKTOP-QGB4EQH,7,2452,INFORMATION,Microsoft-Windows-Sysmon,11,FALSE,4,Process loaded taskschd.dll module. May be used to create delayed malware execution,"[""sysmon"",""sysmon_eid7_detections"",""windows""]",92154,windows_eventchannel,log,"Dec 10, 2024 @ 14:34:14.785",EventChannel,1733841254,"Dec 10, 2024 @ 14:34:14.785", , , , , ,taskschd.dll,C:\\Windows\\Microsoft.NET\\Framework64\\v2.0.50727\\ngen.exe,Microsoft® Windows® Operating System,Microsoft Windows,C:\\Windows\\System32\\taskschd.dll,Task Scheduler COM API,TRUE,Valid,{15959494-5165-6758-d800-000000000200},3348,34:13.8,"SHA1=633C92F5A5000CDE3235C7FDC306B2B04C501C48,MD5=84F942C1A4BD60C94EBEC6643E0216C9,SHA256=BBE733452E6CE871D5D2064948847AAB2A71F7FEDA2C962BA4002F64E2D198F2,IMPHASH=B7A4477FA36E2E5287EE76AC4AFCB05B","technique_id=T1053,technique_name=Scheduled Task",Microsoft Corporation,10.0.19041.3636 (WinBuild.160101.0800),NT AUTHORITY\\SYSTEM,"[""Scheduled Task""]","[""T1053.005""]","[""Execution"",""Persistence"",""Privilege Escalation""]", , , , , , , , , , , , , , , , , , , , , , , , , , , , , , , , , , , , , , , , , , , , , , , , , , , , , , , , , , , , , , , , , , , , , , , , , , , , , , , , , , , , , , , , , , , , , , , , , , , , , , , , , , , , , , , , , , , , , , , , , , , , , , , , 
wazuh-alerts-4.x-2024.12.10,N8f8sJMBnOFSf1lyhUXc,1,1,192.168.117.129,agent1,4,Maryam, , , ,8198,0x80000000000000,{E23B33B0-C8C9-472C-A5F9-F2BDFEA0F156},2,Application,0,"""License Activation (slui.exe) failed with the following error code:
hr=0x80072EFE
Command-line arguments:
RuleId=31e71c49-8da7-4a2f-ad92-45d98a1c79ba;Action=AutoActivate;AppId=55c92734-d682-4d71-983e-d6ec3f16059f;SkuId=4de7cb65-cdf1-4de9-8ae8-e3cce27b9f2c;NotificationInterval=1440;Trigger=NetworkAvailable""",0,2024-12-10T14:32:36.300184600Z,6396,0,DESKTOP-B37GATP,0,0,ERROR,Microsoft-Windows-Security-SPP,1,FALSE,5,License activation (slui.exe) failed.,"[""windows"",""windows_application""]",60646,windows_eventchannel,log,"Dec 10, 2024 @ 14:32:36.496",EventChannel,1733841156,"Dec 10, 2024 @ 14:32:36.496","hr=0x80072EFE, RuleId=31e71c49-8da7-4a2f-ad92-45d98a1c79ba;Action=AutoActivate;AppId=55c92734-d682-4d71-983e-d6ec3f16059f;SkuId=4de7cb65-cdf1-4de9-8ae8-e3cce27b9f2c;NotificationInterval=1440;Trigger=NetworkAvailable", ,Software Protection Platform Service, , , , , , , , , , , , , , , , , , , , , , , , , , , , , , , , , , , , , , , , , , , , , , , , , , , , , , , , , , , , , , , , , , , , , , , , , , , , , , , , , , , , , , , , , , , , , , , , , , , , , , , , , , , , , , , , , , , , , , , , , , , , , , , , , , , , , , , , , , , , , , , , , , , , , 
wazuh-alerts-4.x-2024.12.10,OMf8sJMBnOFSf1lyhUXc,1,1,192.168.117.136,window-agent3,3,Maryam, , , , , , , , , , , , , , , , , , , ,1,FALSE,7,SCA summary: CIS Microsoft Windows 10 Enterprise Benchmark v1.12.0: Score less than 50% (33),"[""sca""]",19004,sca,log,"Dec 10, 2024 @ 14:32:37.847",sca,1733841157,"Dec 10, 2024 @ 14:32:37.847", , , ,"[""IV_35.7.d""]", , , , , , , , , , , , , , , , , , , , , , , , , , ,"[""2.2""]", ,"[""CC7.1"",""CC7.2""]","[""CM.1""]", , , , , , , , , , , , , , , , , , , , , , , , , , , , , , , , ,1543402245, , , , , , , , , , ,summary,CIS Microsoft Windows 10 Enterprise Benchmark v1.12.0, , , , , , , , , , , , , , , , , , , , , , , , , , , , , , , , , , , , , , , , , , , , , , , , , , ,33,394,cis_win10_enterprise.yml,cis_win10_enterprise,4,This document provides prescriptive guidance for establishing a secure configuration posture for Microsoft Windows 10 Enterprise.,131,259, , , , , , , , , , , , , , , 
wazuh-alerts-4.x-2024.12.10,Osf8sJMBnOFSf1lykUWU,1,1,192.168.117.136,window-agent3,3,Maryam, , , ,4104,0x80000000000000,{5D9E0020-3761-4f36-90C8-38CE6511BD12},2,Application,0,"""Failed trying to get the state of the cluster node: .The error code returned: 0x8007085A""",0,2024-12-10T14:32:40.6677009Z,109,0,DESKTOP-QGB4EQH,14,0,ERROR,Microsoft-Windows-MSDTC 2,9,FALSE,9,Windows application error event.,"[""windows"",""windows_application"",""system_error""]",60602,windows_eventchannel,log,"Dec 10, 2024 @ 14:32:40.728",EventChannel,1733841160,"Dec 10, 2024 @ 14:32:40.728", , ,MSDTC 2,"[""IV_35.7.d""]","[""4.3""]", , , , , , , , , , , , , , , , , , , , , , , , ,0x8007085A, , , , , , , , , , , , , , , , , , , , , , , , , , , , , , , , , , , , , , , , , , , , , , , , , , , , , , , , , , , , , , , , , , , , , , , , , , , , , , , , , , , , , , , , , , , , , , , , , , , , , , , , , , , , , , , , , , , , , , , , , , 
wazuh-alerts-4.x-2024.12.10,DMf8sJMBnOFSf1lyM0XK,1,1,192.168.117.136,window-agent3,3,Maryam, , , ,11,0x8000000000000000,{5770385f-c22a-43e0-bf4c-06f5698ffbd9},4,Microsoft-Windows-Sysmon/Operational,0,"""File created:
RuleName: technique_id=T1574.010,technique_name=Services File Permissions Weakness
UtcTime: 2024-12-10 14:32:16.089
ProcessGuid: {15959494-50eb-6758-8300-000000000200}
ProcessId: 3012
Image: C:\WINDOWS\SysWOW64\WindowsPowerShell\v1.0\powershell.exe
TargetFilename: C:\Windows\SysWOW64\config\systemprofile\AppData\Local\Microsoft\CLR_v4.0_32\UsageLogs\powershell.exe.log
CreationUtcTime: 2024-12-10 14:32:16.089
User: NT AUTHORITY\SYSTEM""",2,2024-12-10T14:32:16.1036220Z,375,3480,DESKTOP-QGB4EQH,11,2452,INFORMATION,Microsoft-Windows-Sysmon,1,FALSE,9,Powershell process created executable file in AppData temp folder,"[""sysmon"",""sysmon_eid11_detections"",""windows""]",92204,windows_eventchannel,log,"Dec 10, 2024 @ 14:32:16.550",EventChannel,1733841136,"Dec 10, 2024 @ 14:32:16.550", , , , , , ,C:\\WINDOWS\\SysWOW64\\WindowsPowerShell\\v1.0\\powershell.exe, , , , , , ,{15959494-50eb-6758-8300-000000000200},3012,32:16.1, ,"technique_id=T1574.010,technique_name=Services File Permissions Weakness", , ,NT AUTHORITY\\SYSTEM,"[""Ingress Tool Transfer""]","[""T1105""]","[""Command and Control""]", ,C:\\Windows\\SysWOW64\\config\\systemprofile\\AppData\\Local\\Microsoft\\CLR_v4.0_32\\UsageLogs\\powershell.exe.log,32:16.1, , , , , , , , , , , , , , , , , , , , , , , , , , , , , , , , , , , , , , , , , , , , , , , , , , , , , , , , , , , , , , , , , , , , , , , , , , , , , , , , , , , , , , , , , , , , , , , , , , , , , , , , , , , , , , , , , , , , , , , , , , , , , 
wazuh-alerts-4.x-2024.12.10,bsf-sJMBnOFSf1lymUU7,1,1,192.168.117.136,window-agent3,3,Maryam, , , ,1,0x8000000000000000,{5770385f-c22a-43e0-bf4c-06f5698ffbd9},4,Microsoft-Windows-Sysmon/Operational,0,"""Process Create:
RuleName: technique_id=T1059.003,technique_name=Windows Command Shell
UtcTime: 2024-12-10 14:34:43.420
ProcessGuid: {15959494-5183-6758-fd00-000000000200}
ProcessId: 4288
Image: C:\Windows\System32\cmd.exe
FileVersion: 10.0.19041.4355 (WinBuild.160101.0800)
Description: Windows Command Processor
Product: Microsoft® Windows® Operating System
Company: Microsoft Corporation
OriginalFileName: Cmd.Exe
CommandLine: ""cmd.exe"" /c calc.exe
CurrentDirectory: C:\WINDOWS\system32\
User: NT AUTHORITY\SYSTEM
LogonGuid: {15959494-50d3-6758-e703-000000000000}
LogonId: 0x3E7
TerminalSessionId: 0
IntegrityLevel: System
Hashes: SHA1=DF79C86FDD11B9CCB89148458E509F879C72566C,MD5=2B40C98ED0F7A1D3B091A3E8353132DC,SHA256=BADF4752413CB0CBDC03FB95820CA167F0CDC63B597CCDB5EF43111180E088B0,IMPHASH=272245E2988E1E430500B852C4FB5E18
ParentProcessGuid: {15959494-50d3-6758-1400-000000000200}
ParentProcessId: 876
ParentImage: C:\Windows\System32\svchost.exe
ParentCommandLine: C:\WINDOWS\System32\svchost.exe -k netsvcs -p
ParentUser: NT AUTHORITY\SYSTEM""",5,2024-12-10T14:34:43.4541737Z,2498,3480,DESKTOP-QGB4EQH,1,2452,INFORMATION,Microsoft-Windows-Sysmon,1,FALSE,4,Windows command prompt started by an abnormal process,"[""sysmon"",""sysmon_eid1_detections"",""windows""]",92052,windows_eventchannel,log,"Dec 10, 2024 @ 14:34:53.803",EventChannel,1733841293,"Dec 10, 2024 @ 14:34:53.803", , , , , ,Cmd.Exe,C:\\Windows\\System32\\cmd.exe,Microsoft® Windows® Operating System, , ,Windows Command Processor, , ,{15959494-5183-6758-fd00-000000000200},4288,34:43.4,"SHA1=DF79C86FDD11B9CCB89148458E509F879C72566C,MD5=2B40C98ED0F7A1D3B091A3E8353132DC,SHA256=BADF4752413CB0CBDC03FB95820CA167F0CDC63B597CCDB5EF43111180E088B0,IMPHASH=272245E2988E1E430500B852C4FB5E18","technique_id=T1059.003,technique_name=Windows Command Shell",Microsoft Corporation,10.0.19041.4355 (WinBuild.160101.0800),NT AUTHORITY\\SYSTEM,"[""Windows Command Shell""]","[""T1059.003""]","[""Execution""]", , , , , , , , , , , ,{15959494-50d3-6758-1400-000000000200},{15959494-50d3-6758-e703-000000000000},C:\\WINDOWS\\System32\\svchost.exe -k netsvcs -p,0x3e7,876,C:\\WINDOWS\\system32\\,C:\\Windows\\System32\\svchost.exe,"\""cmd.exe\"" /c calc.exe",System,0,NT AUTHORITY\\SYSTEM, , , , , , , , , , , , , , , , , , , , , , , , , , , , , , , , , , , , , , , , , , , , , , , , , , , , , , , , , , , , , , , , , , , , , , , , , , , , , , , , , , , , , , , , , , , , , , , , , , , , , , , , , , 
