wazuh-alerts-4.x-2024.12.10,svRRspMBtNh2X6vnT97G,1,1,192.168.117.136,window-agent3,3,Maryam, , , ,11,0x8000000000000000,{5770385f-c22a-43e0-bf4c-06f5698ffbd9},4,Microsoft-Windows-Sysmon/Operational,0,"""File created:
RuleName: technique_id=T1059.007,technique_name=JavaScript
UtcTime: 2024-12-10 17:34:43.399
ProcessGuid: {15959494-7b83-6758-7900-000000000300}
ProcessId: 7100
Image: C:\Windows\SystemApps\Microsoft.Windows.Search_cw5n1h2txyewy\SearchApp.exe
TargetFilename: C:\Users\mari\AppData\Local\Packages\Microsoft.Windows.Search_cw5n1h2txyewy\AC\AppCache\BBKLM6WH\2\ikpPfkLjP14eKCzM16ksiFVp92Y.br[1].js
CreationUtcTime: 2024-12-10 17:34:43.399
User: DESKTOP-QGB4EQH\mari""",2,2024-12-10T17:34:43.4058518Z,7257,3880,DESKTOP-QGB4EQH,11,2624,INFORMATION,Microsoft-Windows-Sysmon,9,FALSE,6,Scripting file created under Windows Temp or User folder,"[""sysmon"",""sysmon_eid11_detections"",""windows""]",92200,windows_eventchannel,log,"Dec 10, 2024 @ 17:34:43.775",EventChannel,1733852083,"Dec 10, 2024 @ 17:34:43.775", , , , , , ,C:\\Windows\\SystemApps\\Microsoft.Windows.Search_cw5n1h2txyewy\\SearchApp.exe, , , , , , ,{15959494-7b83-6758-7900-000000000300},7100,34:43.4, ,"technique_id=T1059.007,technique_name=JavaScript", , ,DESKTOP-QGB4EQH\\mari,"[""Command and Scripting Interpreter"",""Ingress Tool Transfer""]","[""T1059"",""T1105""]","[""Execution"",""Command and Control""]", ,C:\\Users\\mari\\AppData\\Local\\Packages\\Microsoft.Windows.Search_cw5n1h2txyewy\\AC\\AppCache\\BBKLM6WH\\2\\ikpPfkLjP14eKCzM16ksiFVp92Y.br[1].js,34:43.4, , , , , , , , , , , , , , , , , , , , , , , , , , , , , , , , , , , , , , , , , , , , , , , , , , , , , , , , , , , , , , , , , , , , , , , , , , , , , , , , , , , , , , , , , , , , , , , , , , , , , , , , , , , , , , , , , , , , , , , , , , , , , 
wazuh-alerts-4.x-2024.12.10,s_RRspMBtNh2X6vnT97G,1,1,192.168.117.136,window-agent3,3,Maryam, , , ,11,0x8000000000000000,{5770385f-c22a-43e0-bf4c-06f5698ffbd9},4,Microsoft-Windows-Sysmon/Operational,0,"""File created:
RuleName: technique_id=T1059.007,technique_name=JavaScript
UtcTime: 2024-12-10 17:34:43.680
ProcessGuid: {15959494-7b83-6758-7900-000000000300}
ProcessId: 7100
Image: C:\Windows\SystemApps\Microsoft.Windows.Search_cw5n1h2txyewy\SearchApp.exe
TargetFilename: C:\Users\mari\AppData\Local\Packages\Microsoft.Windows.Search_cw5n1h2txyewy\AC\AppCache\BBKLM6WH\2\l3Zn3RU5QKCOW4eBoPq41PFyT7c.br[1].js
CreationUtcTime: 2024-12-10 17:34:43.680
User: DESKTOP-QGB4EQH\mari""",2,2024-12-10T17:34:43.6909909Z,7258,3880,DESKTOP-QGB4EQH,11,2624,INFORMATION,Microsoft-Windows-Sysmon,10,FALSE,6,Scripting file created under Windows Temp or User folder,"[""sysmon"",""sysmon_eid11_detections"",""windows""]",92200,windows_eventchannel,log,"Dec 10, 2024 @ 17:34:43.807",EventChannel,1733852083,"Dec 10, 2024 @ 17:34:43.807", , , , , , ,C:\\Windows\\SystemApps\\Microsoft.Windows.Search_cw5n1h2txyewy\\SearchApp.exe, , , , , , ,{15959494-7b83-6758-7900-000000000300},7100,34:43.7, ,"technique_id=T1059.007,technique_name=JavaScript", , ,DESKTOP-QGB4EQH\\mari,"[""Command and Scripting Interpreter"",""Ingress Tool Transfer""]","[""T1059"",""T1105""]","[""Execution"",""Command and Control""]", ,C:\\Users\\mari\\AppData\\Local\\Packages\\Microsoft.Windows.Search_cw5n1h2txyewy\\AC\\AppCache\\BBKLM6WH\\2\\l3Zn3RU5QKCOW4eBoPq41PFyT7c.br[1].js,34:43.7, , , , , , , , , , , , , , , , , , , , , , , , , , , , , , , , , , , , , , , , , , , , , , , , , , , , , , , , , , , , , , , , , , , , , , , , , , , , , , , , , , , , , , , , , , , , , , , , , , , , , , , , , , , , , , , , , , , , , , , , , , , , , 
wazuh-alerts-4.x-2024.12.10,tvRRspMBtNh2X6vnT97G,1,1,192.168.117.136,window-agent3,3,Maryam, , , ,4624,0x8020000000000000,{54849625-5478-4994-a5ba-3e3b0328c30d},0,Security,0,"""An account was successfully logged on.

Subject:
	Security ID:		S-1-5-18
	Account Name:		DESKTOP-QGB4EQH$
	Account Domain:		WORKGROUP
	Logon ID:		0x3E7

Logon Information:
	Logon Type:		5
	Restricted Admin Mode:	-
	Virtual Account:		No
	Elevated Token:		Yes

Impersonation Level:		Impersonation

New Logon:
	Security ID:		S-1-5-18
	Account Name:		SYSTEM
	Account Domain:		NT AUTHORITY
	Logon ID:		0x3E7
	Linked Logon ID:		0x0
	Network Account Name:	-
	Network Account Domain:	-
	Logon GUID:		{00000000-0000-0000-0000-000000000000}

Process Information:
	Process ID:		0x2b4
	Process Name:		C:\Windows\System32\services.exe

Network Information:
	Workstation Name:	-
	Source Network Address:	-
	Source Port:		-

Detailed Authentication Information:
	Logon Process:		Advapi  
	Authentication Package:	Negotiate
	Transited Services:	-
	Package Name (NTLM only):	-
	Key Length:		0

This event is generated when a logon session is created. It is generated on the computer that was accessed.

The subject fields indicate the account on the local system which requested the logon. This is most commonly a service such as the Server service, or a local process such as Winlogon.exe or Services.exe.

The logon type field indicates the kind of logon that occurred. The most common types are 2 (interactive) and 3 (network).

The New Logon fields indicate the account for whom the new logon was created, i.e. the account that was logged on.

The network fields indicate where a remote logon request originated. Workstation name is not always available and may be left blank in some cases.

The impersonation level field indicates the extent to which a process in the logon session can impersonate.

The authentication information fields provide detailed information about this specific logon request.
	- Logon GUID is a unique identifier that can be used to correlate this event with a KDC event.
	- Transited services indicate which intermediate services have participated in this logon request.
	- Package name indicates which sub-protocol was used among the NTLM protocols.
	- Key length indicates the length of the generated session key. This will be 0 if no session key was requested.""",2,2024-12-10T17:34:45.0773075Z,962,768,DESKTOP-QGB4EQH,12544,716,AUDIT_SUCCESS,Microsoft-Windows-Security-Auditing,2,FALSE,3,Windows logon success.,"[""windows"",""windows_security"",""authentication_success""]",60106,windows_eventchannel,log,"Dec 10, 2024 @ 17:34:45.845",EventChannel,1733852085,"Dec 10, 2024 @ 17:34:45.845", , , ,"[""IV_32.2""]","[""7.1"",""7.2""]", , , , , , , , , ,0x2b4, , , , , , ,"[""Valid Accounts""]","[""T1078""]","[""Defense Evasion"",""Persistence"",""Privilege Escalation"",""Initial Access""]", , , , , , ,"[""10.2.5""]","[""164.312.b""]","[""CC6.8"",""CC7.2"",""CC7.3""]","[""AC.7"",""AU.14""]", , ,{00000000-0000-0000-0000-000000000000}, , , , , , , , , ,0x3e7,WORKGROUP,0x0,%%1833,Negotiate,0x3e7,Advapi,SYSTEM,0,%%1842,S-1-5-18,C:\\Windows\\System32\\services.exe,NT AUTHORITY,S-1-5-18,%%1843,5,DESKTOP-QGB4EQH$, , , , , , , , , , , , , , , , , , , , , , , , , , , , , , , , , , , , , , , , , , , , , , , , , , , , , , , , , , , , , , , , , , , , , , , , , , , , , , , , , , , , , , , , , 
wazuh-alerts-4.x-2024.12.10,uPRRspMBtNh2X6vnT97G,1,1,192.168.117.136,window-agent3,3,Maryam, , , ,11,0x8000000000000000,{5770385f-c22a-43e0-bf4c-06f5698ffbd9},4,Microsoft-Windows-Sysmon/Operational,0,"""File created:
RuleName: technique_id=T1059.007,technique_name=JavaScript
UtcTime: 2024-12-10 17:34:45.602
ProcessGuid: {15959494-7b83-6758-7900-000000000300}
ProcessId: 7100
Image: C:\Windows\SystemApps\Microsoft.Windows.Search_cw5n1h2txyewy\SearchApp.exe
TargetFilename: C:\Users\mari\AppData\Local\Packages\Microsoft.Windows.Search_cw5n1h2txyewy\AC\AppCache\BBKLM6WH\2\m-lQLSxjXM9gX5KMd_xjJ2nkZOM.br[1].js
CreationUtcTime: 2024-12-10 17:34:45.602
User: DESKTOP-QGB4EQH\mari""",2,2024-12-10T17:34:45.6132767Z,7261,3880,DESKTOP-QGB4EQH,11,2624,INFORMATION,Microsoft-Windows-Sysmon,11,FALSE,6,Scripting file created under Windows Temp or User folder,"[""sysmon"",""sysmon_eid11_detections"",""windows""]",92200,windows_eventchannel,log,"Dec 10, 2024 @ 17:34:46.372",EventChannel,1733852086,"Dec 10, 2024 @ 17:34:46.372", , , , , , ,C:\\Windows\\SystemApps\\Microsoft.Windows.Search_cw5n1h2txyewy\\SearchApp.exe, , , , , , ,{15959494-7b83-6758-7900-000000000300},7100,34:45.6, ,"technique_id=T1059.007,technique_name=JavaScript", , ,DESKTOP-QGB4EQH\\mari,"[""Command and Scripting Interpreter"",""Ingress Tool Transfer""]","[""T1059"",""T1105""]","[""Execution"",""Command and Control""]", ,C:\\Users\\mari\\AppData\\Local\\Packages\\Microsoft.Windows.Search_cw5n1h2txyewy\\AC\\AppCache\\BBKLM6WH\\2\\m-lQLSxjXM9gX5KMd_xjJ2nkZOM.br[1].js,34:45.6, , , , , , , , , , , , , , , , , , , , , , , , , , , , , , , , , , , , , , , , , , , , , , , , , , , , , , , , , , , , , , , , , , , , , , , , , , , , , , , , , , , , , , , , , , , , , , , , , , , , , , , , , , , , , , , , , , , , , , , , , , , , , 
wazuh-alerts-4.x-2024.12.10,vvRRspMBtNh2X6vnT97G,1,1,192.168.117.136,window-agent3,3,Maryam, , , ,1,0x8000000000000000,{5770385f-c22a-43e0-bf4c-06f5698ffbd9},4,Microsoft-Windows-Sysmon/Operational,0,"""Process Create:
RuleName: technique_id=T1018,technique_name=Remote System Discovery
UtcTime: 2024-12-10 17:34:46.278
ProcessGuid: {15959494-7bb6-6758-c900-000000000300}
ProcessId: 8176
Image: C:\Windows\SysWOW64\net.exe
FileVersion: 10.0.19041.1 (WinBuild.160101.0800)
Description: Net Command
Product: Microsoft® Windows® Operating System
Company: Microsoft Corporation
OriginalFileName: net.exe
CommandLine: net.exe accounts
CurrentDirectory: C:\Program Files (x86)\ossec-agent\
User: NT AUTHORITY\SYSTEM
LogonGuid: {15959494-7aff-6758-e703-000000000000}
LogonId: 0x3E7
TerminalSessionId: 0
IntegrityLevel: System
Hashes: SHA1=A5BADC2DD4DBAA8ED5F0A3646F7248BF060A2F13,MD5=31890A7DE89936F922D44D677F681A7F,SHA256=7C4C7725E266F12ABA8C50FD1598D4001201BCA0E7ACA901508307E365AFFF42,IMPHASH=AC592B83B5CAEB41A6F6DF7DB53F9076
ParentProcessGuid: {15959494-7b03-6758-3400-000000000300}
ParentProcessId: 2704
ParentImage: C:\Program Files (x86)\ossec-agent\wazuh-agent.exe
ParentCommandLine: ""C:\Program Files (x86)\ossec-agent\wazuh-agent.exe""
ParentUser: NT AUTHORITY\SYSTEM""",5,2024-12-10T17:34:46.2803340Z,7267,3880,DESKTOP-QGB4EQH,1,2624,INFORMATION,Microsoft-Windows-Sysmon,11,FALSE,3,Discovery activity executed,"[""sysmon"",""sysmon_eid1_detections"",""windows""]",92031,windows_eventchannel,log,"Dec 10, 2024 @ 17:34:46.468",EventChannel,1733852086,"Dec 10, 2024 @ 17:34:46.468", , , , , ,net.exe,C:\\Windows\\SysWOW64\\net.exe,Microsoft® Windows® Operating System, , ,Net Command, , ,{15959494-7bb6-6758-c900-000000000300},8176,34:46.3,"SHA1=A5BADC2DD4DBAA8ED5F0A3646F7248BF060A2F13,MD5=31890A7DE89936F922D44D677F681A7F,SHA256=7C4C7725E266F12ABA8C50FD1598D4001201BCA0E7ACA901508307E365AFFF42,IMPHASH=AC592B83B5CAEB41A6F6DF7DB53F9076","technique_id=T1018,technique_name=Remote System Discovery",Microsoft Corporation,10.0.19041.1 (WinBuild.160101.0800),NT AUTHORITY\\SYSTEM,"[""Account Discovery""]","[""T1087""]","[""Discovery""]", , , , , , , , , , , ,{15959494-7b03-6758-3400-000000000300},{15959494-7aff-6758-e703-000000000000},"\""C:\\Program Files (x86)\\ossec-agent\\wazuh-agent.exe\""",0x3e7,2704,C:\\Program Files (x86)\\ossec-agent\\,C:\\Program Files (x86)\\ossec-agent\\wazuh-agent.exe,net.exe accounts,System,0,NT AUTHORITY\\SYSTEM, , , , , , , , , , , , , , , , , , , , , , , , , , , , , , , , , , , , , , , , , , , , , , , , , , , , , , , , , , , , , , , , , , , , , , , , , , , , , , , , , , , , , , , , , , , , , , , , , , , , , , , , , , 
wazuh-alerts-4.x-2024.12.10,wPRRspMBtNh2X6vnT97G,1,1,192.168.117.136,window-agent3,3,Maryam, , , ,1,0x8000000000000000,{5770385f-c22a-43e0-bf4c-06f5698ffbd9},4,Microsoft-Windows-Sysmon/Operational,0,"""Process Create:
RuleName: technique_id=T1018,technique_name=Remote System Discovery
UtcTime: 2024-12-10 17:34:46.606
ProcessGuid: {15959494-7bb6-6758-cc00-000000000300}
ProcessId: 8516
Image: C:\Windows\SysWOW64\net.exe
FileVersion: 10.0.19041.1 (WinBuild.160101.0800)
Description: Net Command
Product: Microsoft® Windows® Operating System
Company: Microsoft Corporation
OriginalFileName: net.exe
CommandLine: net.exe accounts
CurrentDirectory: C:\Program Files (x86)\ossec-agent\
User: NT AUTHORITY\SYSTEM
LogonGuid: {15959494-7aff-6758-e703-000000000000}
LogonId: 0x3E7
TerminalSessionId: 0
IntegrityLevel: System
Hashes: SHA1=A5BADC2DD4DBAA8ED5F0A3646F7248BF060A2F13,MD5=31890A7DE89936F922D44D677F681A7F,SHA256=7C4C7725E266F12ABA8C50FD1598D4001201BCA0E7ACA901508307E365AFFF42,IMPHASH=AC592B83B5CAEB41A6F6DF7DB53F9076
ParentProcessGuid: {15959494-7b03-6758-3400-000000000300}
ParentProcessId: 2704
ParentImage: C:\Program Files (x86)\ossec-agent\wazuh-agent.exe
ParentCommandLine: ""C:\Program Files (x86)\ossec-agent\wazuh-agent.exe""
ParentUser: NT AUTHORITY\SYSTEM""",5,2024-12-10T17:34:46.6095933Z,7270,3880,DESKTOP-QGB4EQH,1,2624,INFORMATION,Microsoft-Windows-Sysmon,13,FALSE,3,Discovery activity executed,"[""sysmon"",""sysmon_eid1_detections"",""windows""]",92031,windows_eventchannel,log,"Dec 10, 2024 @ 17:34:47.355",EventChannel,1733852087,"Dec 10, 2024 @ 17:34:47.355", , , , , ,net.exe,C:\\Windows\\SysWOW64\\net.exe,Microsoft® Windows® Operating System, , ,Net Command, , ,{15959494-7bb6-6758-cc00-000000000300},8516,34:46.6,"SHA1=A5BADC2DD4DBAA8ED5F0A3646F7248BF060A2F13,MD5=31890A7DE89936F922D44D677F681A7F,SHA256=7C4C7725E266F12ABA8C50FD1598D4001201BCA0E7ACA901508307E365AFFF42,IMPHASH=AC592B83B5CAEB41A6F6DF7DB53F9076","technique_id=T1018,technique_name=Remote System Discovery",Microsoft Corporation,10.0.19041.1 (WinBuild.160101.0800),NT AUTHORITY\\SYSTEM,"[""Account Discovery""]","[""T1087""]","[""Discovery""]", , , , , , , , , , , ,{15959494-7b03-6758-3400-000000000300},{15959494-7aff-6758-e703-000000000000},"\""C:\\Program Files (x86)\\ossec-agent\\wazuh-agent.exe\""",0x3e7,2704,C:\\Program Files (x86)\\ossec-agent\\,C:\\Program Files (x86)\\ossec-agent\\wazuh-agent.exe,net.exe accounts,System,0,NT AUTHORITY\\SYSTEM, , , , , , , , , , , , , , , , , , , , , , , , , , , , , , , , , , , , , , , , , , , , , , , , , , , , , , , , , , , , , , , , , , , , , , , , , , , , , , , , , , , , , , , , , , , , , , , , , , , , , , , , , , 
wazuh-alerts-4.x-2024.12.10,wvRRspMBtNh2X6vnT97G,1,1,192.168.117.136,window-agent3,3,Maryam, , , ,1,0x8000000000000000,{5770385f-c22a-43e0-bf4c-06f5698ffbd9},4,Microsoft-Windows-Sysmon/Operational,0,"""Process Create:
RuleName: technique_id=T1018,technique_name=Remote System Discovery
UtcTime: 2024-12-10 17:34:46.700
ProcessGuid: {15959494-7bb6-6758-ce00-000000000300}
ProcessId: 8340
Image: C:\Windows\SysWOW64\net1.exe
FileVersion: 10.0.19041.3636 (WinBuild.160101.0800)
Description: Net Command
Product: Microsoft® Windows® Operating System
Company: Microsoft Corporation
OriginalFileName: net1.exe
CommandLine: C:\WINDOWS\system32\net1 accounts
CurrentDirectory: C:\Program Files (x86)\ossec-agent\
User: NT AUTHORITY\SYSTEM
LogonGuid: {15959494-7aff-6758-e703-000000000000}
LogonId: 0x3E7
TerminalSessionId: 0
IntegrityLevel: System
Hashes: SHA1=3E46EB17BB05B8785C0B6A64587886EE95FACF66,MD5=4A26539015F4FDB3AC3C5EB14336C7A7,SHA256=B25CF32B7BB76D5A5121919C63E6AE77262347F4AD7B29EE3C43CBAA61F43957,IMPHASH=D45C7E138CFAD11059C95018C99B7C96
ParentProcessGuid: {15959494-7bb6-6758-cc00-000000000300}
ParentProcessId: 8516
ParentImage: C:\Windows\SysWOW64\net.exe
ParentCommandLine: net.exe accounts
ParentUser: NT AUTHORITY\SYSTEM""",5,2024-12-10T17:34:46.7058183Z,7271,3880,DESKTOP-QGB4EQH,1,2624,INFORMATION,Microsoft-Windows-Sysmon,15,FALSE,3,Discovery activity executed,"[""sysmon"",""sysmon_eid1_detections"",""windows""]",92031,windows_eventchannel,log,"Dec 10, 2024 @ 17:34:47.369",EventChannel,1733852087,"Dec 10, 2024 @ 17:34:47.369", , , , , ,net1.exe,C:\\Windows\\SysWOW64\\net1.exe,Microsoft® Windows® Operating System, , ,Net Command, , ,{15959494-7bb6-6758-ce00-000000000300},8340,34:46.7,"SHA1=3E46EB17BB05B8785C0B6A64587886EE95FACF66,MD5=4A26539015F4FDB3AC3C5EB14336C7A7,SHA256=B25CF32B7BB76D5A5121919C63E6AE77262347F4AD7B29EE3C43CBAA61F43957,IMPHASH=D45C7E138CFAD11059C95018C99B7C96","technique_id=T1018,technique_name=Remote System Discovery",Microsoft Corporation,10.0.19041.3636 (WinBuild.160101.0800),NT AUTHORITY\\SYSTEM,"[""Account Discovery""]","[""T1087""]","[""Discovery""]", , , , , , , , , , , ,{15959494-7bb6-6758-cc00-000000000300},{15959494-7aff-6758-e703-000000000000},net.exe accounts,0x3e7,8516,C:\\Program Files (x86)\\ossec-agent\\,C:\\Windows\\SysWOW64\\net.exe,C:\\WINDOWS\\system32\\net1 accounts,System,0,NT AUTHORITY\\SYSTEM, , , , , , , , , , , , , , , , , , , , , , , , , , , , , , , , , , , , , , , , , , , , , , , , , , , , , , , , , , , , , , , , , , , , , , , , , , , , , , , , , , , , , , , , , , , , , , , , , , , , , , , , , , 
wazuh-alerts-4.x-2024.12.10,xPRRspMBtNh2X6vnT97G,1,1,192.168.117.136,window-agent3,3,Maryam, , , ,1,0x8000000000000000,{5770385f-c22a-43e0-bf4c-06f5698ffbd9},4,Microsoft-Windows-Sysmon/Operational,0,"""Process Create:
RuleName: technique_id=T1018,technique_name=Remote System Discovery
UtcTime: 2024-12-10 17:34:46.882
ProcessGuid: {15959494-7bb6-6758-d100-000000000300}
ProcessId: 5596
Image: C:\Windows\SysWOW64\net1.exe
FileVersion: 10.0.19041.3636 (WinBuild.160101.0800)
Description: Net Command
Product: Microsoft® Windows® Operating System
Company: Microsoft Corporation
OriginalFileName: net1.exe
CommandLine: C:\WINDOWS\system32\net1 accounts
CurrentDirectory: C:\Program Files (x86)\ossec-agent\
User: NT AUTHORITY\SYSTEM
LogonGuid: {15959494-7aff-6758-e703-000000000000}
LogonId: 0x3E7
TerminalSessionId: 0
IntegrityLevel: System
Hashes: SHA1=3E46EB17BB05B8785C0B6A64587886EE95FACF66,MD5=4A26539015F4FDB3AC3C5EB14336C7A7,SHA256=B25CF32B7BB76D5A5121919C63E6AE77262347F4AD7B29EE3C43CBAA61F43957,IMPHASH=D45C7E138CFAD11059C95018C99B7C96
ParentProcessGuid: {15959494-7bb6-6758-cf00-000000000300}
ParentProcessId: 5752
ParentImage: C:\Windows\SysWOW64\net.exe
ParentCommandLine: net.exe accounts
ParentUser: NT AUTHORITY\SYSTEM""",5,2024-12-10T17:34:46.8860618Z,7273,3880,DESKTOP-QGB4EQH,1,2624,INFORMATION,Microsoft-Windows-Sysmon,16,FALSE,3,Discovery activity executed,"[""sysmon"",""sysmon_eid1_detections"",""windows""]",92031,windows_eventchannel,log,"Dec 10, 2024 @ 17:34:47.400",EventChannel,1733852087,"Dec 10, 2024 @ 17:34:47.400", , , , , ,net1.exe,C:\\Windows\\SysWOW64\\net1.exe,Microsoft® Windows® Operating System, , ,Net Command, , ,{15959494-7bb6-6758-d100-000000000300},5596,34:46.9,"SHA1=3E46EB17BB05B8785C0B6A64587886EE95FACF66,MD5=4A26539015F4FDB3AC3C5EB14336C7A7,SHA256=B25CF32B7BB76D5A5121919C63E6AE77262347F4AD7B29EE3C43CBAA61F43957,IMPHASH=D45C7E138CFAD11059C95018C99B7C96","technique_id=T1018,technique_name=Remote System Discovery",Microsoft Corporation,10.0.19041.3636 (WinBuild.160101.0800),NT AUTHORITY\\SYSTEM,"[""Account Discovery""]","[""T1087""]","[""Discovery""]", , , , , , , , , , , ,{15959494-7bb6-6758-cf00-000000000300},{15959494-7aff-6758-e703-000000000000},net.exe accounts,0x3e7,5752,C:\\Program Files (x86)\\ossec-agent\\,C:\\Windows\\SysWOW64\\net.exe,C:\\WINDOWS\\system32\\net1 accounts,System,0,NT AUTHORITY\\SYSTEM, , , , , , , , , , , , , , , , , , , , , , , , , , , , , , , , , , , , , , , , , , , , , , , , , , , , , , , , , , , , , , , , , , , , , , , , , , , , , , , , , , , , , , , , , , , , , , , , , , , , , , , , , , 
wazuh-alerts-4.x-2024.12.10,xfRRspMBtNh2X6vnT97G,1,1,192.168.117.136,window-agent3,3,Maryam, , , ,11,0x8000000000000000,{5770385f-c22a-43e0-bf4c-06f5698ffbd9},4,Microsoft-Windows-Sysmon/Operational,0,"""File created:
RuleName: technique_id=T1059.007,technique_name=JavaScript
UtcTime: 2024-12-10 17:34:47.102
ProcessGuid: {15959494-7b83-6758-7900-000000000300}
ProcessId: 7100
Image: C:\Windows\SystemApps\Microsoft.Windows.Search_cw5n1h2txyewy\SearchApp.exe
TargetFilename: C:\Users\mari\AppData\Local\Packages\Microsoft.Windows.Search_cw5n1h2txyewy\AC\AppCache\BBKLM6WH\2\qdqeXxV0K-pUf7kHZCeiMawV6a0.br[1].js
CreationUtcTime: 2024-12-10 17:34:47.102
User: DESKTOP-QGB4EQH\mari""",2,2024-12-10T17:34:47.1074222Z,7276,3880,DESKTOP-QGB4EQH,11,2624,INFORMATION,Microsoft-Windows-Sysmon,16,FALSE,6,Scripting file created under Windows Temp or User folder,"[""sysmon"",""sysmon_eid11_detections"",""windows""]",92200,windows_eventchannel,log,"Dec 10, 2024 @ 17:34:47.431",EventChannel,1733852087,"Dec 10, 2024 @ 17:34:47.431", , , , , , ,C:\\Windows\\SystemApps\\Microsoft.Windows.Search_cw5n1h2txyewy\\SearchApp.exe, , , , , , ,{15959494-7b83-6758-7900-000000000300},7100,34:47.1, ,"technique_id=T1059.007,technique_name=JavaScript", , ,DESKTOP-QGB4EQH\\mari,"[""Command and Scripting Interpreter"",""Ingress Tool Transfer""]","[""T1059"",""T1105""]","[""Execution"",""Command and Control""]", ,C:\\Users\\mari\\AppData\\Local\\Packages\\Microsoft.Windows.Search_cw5n1h2txyewy\\AC\\AppCache\\BBKLM6WH\\2\\qdqeXxV0K-pUf7kHZCeiMawV6a0.br[1].js,34:47.1, , , , , , , , , , , , , , , , , , , , , , , , , , , , , , , , , , , , , , , , , , , , , , , , , , , , , , , , , , , , , , , , , , , , , , , , , , , , , , , , , , , , , , , , , , , , , , , , , , , , , , , , , , , , , , , , , , , , , , , , , , , , , 
wazuh-alerts-4.x-2024.12.10,yfRRspMBtNh2X6vnT97G,1,1,192.168.117.136,window-agent3,3,Maryam, , , ,11,0x8000000000000000,{5770385f-c22a-43e0-bf4c-06f5698ffbd9},4,Microsoft-Windows-Sysmon/Operational,0,"""File created:
RuleName: technique_id=T1059.007,technique_name=JavaScript
UtcTime: 2024-12-10 17:34:47.446
ProcessGuid: {15959494-7b83-6758-7900-000000000300}
ProcessId: 7100
Image: C:\Windows\SystemApps\Microsoft.Windows.Search_cw5n1h2txyewy\SearchApp.exe
TargetFilename: C:\Users\mari\AppData\Local\Packages\Microsoft.Windows.Search_cw5n1h2txyewy\AC\AppCache\BBKLM6WH\2\rUQ8SSsIzKcgb77SIOCfnAbpfB4.br[1].js
CreationUtcTime: 2024-12-10 17:34:47.446
User: DESKTOP-QGB4EQH\mari""",2,2024-12-10T17:34:47.4494100Z,7280,3880,DESKTOP-QGB4EQH,11,2624,INFORMATION,Microsoft-Windows-Sysmon,17,FALSE,6,Scripting file created under Windows Temp or User folder,"[""sysmon"",""sysmon_eid11_detections"",""windows""]",92200,windows_eventchannel,log,"Dec 10, 2024 @ 17:34:47.494",EventChannel,1733852087,"Dec 10, 2024 @ 17:34:47.494", , , , , , ,C:\\Windows\\SystemApps\\Microsoft.Windows.Search_cw5n1h2txyewy\\SearchApp.exe, , , , , , ,{15959494-7b83-6758-7900-000000000300},7100,34:47.4, ,"technique_id=T1059.007,technique_name=JavaScript", , ,DESKTOP-QGB4EQH\\mari,"[""Command and Scripting Interpreter"",""Ingress Tool Transfer""]","[""T1059"",""T1105""]","[""Execution"",""Command and Control""]", ,C:\\Users\\mari\\AppData\\Local\\Packages\\Microsoft.Windows.Search_cw5n1h2txyewy\\AC\\AppCache\\BBKLM6WH\\2\\rUQ8SSsIzKcgb77SIOCfnAbpfB4.br[1].js,34:47.4, , , , , , , , , , , , , , , , , , , , , , , , , , , , , , , , , , , , , , , , , , , , , , , , , , , , , , , , , , , , , , , , , , , , , , , , , , , , , , , , , , , , , , , , , , , , , , , , , , , , , , , , , , , , , , , , , , , , , , , , , , , , , 
wazuh-alerts-4.x-2024.12.10,zPRRspMBtNh2X6vnT97G,1,1,192.168.117.136,window-agent3,3,Maryam, , , ,1,0x8000000000000000,{5770385f-c22a-43e0-bf4c-06f5698ffbd9},4,Microsoft-Windows-Sysmon/Operational,0,"""Process Create:
RuleName: technique_id=T1018,technique_name=Remote System Discovery
UtcTime: 2024-12-10 17:34:47.544
ProcessGuid: {15959494-7bb7-6758-da00-000000000300}
ProcessId: 6036
Image: C:\Windows\SysWOW64\net1.exe
FileVersion: 10.0.19041.3636 (WinBuild.160101.0800)
Description: Net Command
Product: Microsoft® Windows® Operating System
Company: Microsoft Corporation
OriginalFileName: net1.exe
CommandLine: C:\WINDOWS\system32\net1 user guest
CurrentDirectory: C:\Program Files (x86)\ossec-agent\
User: NT AUTHORITY\SYSTEM
LogonGuid: {15959494-7aff-6758-e703-000000000000}
LogonId: 0x3E7
TerminalSessionId: 0
IntegrityLevel: System
Hashes: SHA1=3E46EB17BB05B8785C0B6A64587886EE95FACF66,MD5=4A26539015F4FDB3AC3C5EB14336C7A7,SHA256=B25CF32B7BB76D5A5121919C63E6AE77262347F4AD7B29EE3C43CBAA61F43957,IMPHASH=D45C7E138CFAD11059C95018C99B7C96
ParentProcessGuid: {15959494-7bb7-6758-d800-000000000300}
ParentProcessId: 6700
ParentImage: C:\Windows\SysWOW64\net.exe
ParentCommandLine: net user guest
ParentUser: NT AUTHORITY\SYSTEM""",5,2024-12-10T17:34:47.5477193Z,7282,3880,DESKTOP-QGB4EQH,1,2624,INFORMATION,Microsoft-Windows-Sysmon,6,FALSE,3,A net.exe account discovery command was initiated,"[""sysmon"",""sysmon_eid1_detections"",""windows""]",92039,windows_eventchannel,log,"Dec 10, 2024 @ 17:34:47.525",EventChannel,1733852087,"Dec 10, 2024 @ 17:34:47.525", , , , , ,net1.exe,C:\\Windows\\SysWOW64\\net1.exe,Microsoft® Windows® Operating System, , ,Net Command, , ,{15959494-7bb7-6758-da00-000000000300},6036,34:47.5,"SHA1=3E46EB17BB05B8785C0B6A64587886EE95FACF66,MD5=4A26539015F4FDB3AC3C5EB14336C7A7,SHA256=B25CF32B7BB76D5A5121919C63E6AE77262347F4AD7B29EE3C43CBAA61F43957,IMPHASH=D45C7E138CFAD11059C95018C99B7C96","technique_id=T1018,technique_name=Remote System Discovery",Microsoft Corporation,10.0.19041.3636 (WinBuild.160101.0800),NT AUTHORITY\\SYSTEM,"[""Account Discovery""]","[""T1087""]","[""Discovery""]", , , , , , , , , , , ,{15959494-7bb7-6758-d800-000000000300},{15959494-7aff-6758-e703-000000000000},net user guest,0x3e7,6700,C:\\Program Files (x86)\\ossec-agent\\,C:\\Windows\\SysWOW64\\net.exe,C:\\WINDOWS\\system32\\net1 user guest,System,0,NT AUTHORITY\\SYSTEM, , , , , , , , , , , , , , , , , , , , , , , , , , , , , , , , , , , , , , , , , , , , , , , , , , , , , , , , , , , , , , , , , , , , , , , , , , , , , , , , , , , , , , , , , , , , , , , , , , , , , , , , , , 
wazuh-alerts-4.x-2024.12.10,zvRRspMBtNh2X6vnUN40,1,1,192.168.117.136,window-agent3,3,Maryam, , , ,1,0x8000000000000000,{5770385f-c22a-43e0-bf4c-06f5698ffbd9},4,Microsoft-Windows-Sysmon/Operational,0,"""Process Create:
RuleName: technique_id=T1018,technique_name=Remote System Discovery
UtcTime: 2024-12-10 17:34:47.693
ProcessGuid: {15959494-7bb7-6758-dd00-000000000300}
ProcessId: 7624
Image: C:\Windows\SysWOW64\net1.exe
FileVersion: 10.0.19041.3636 (WinBuild.160101.0800)
Description: Net Command
Product: Microsoft® Windows® Operating System
Company: Microsoft Corporation
OriginalFileName: net1.exe
CommandLine: C:\WINDOWS\system32\net1 user administrator
CurrentDirectory: C:\Program Files (x86)\ossec-agent\
User: NT AUTHORITY\SYSTEM
LogonGuid: {15959494-7aff-6758-e703-000000000000}
LogonId: 0x3E7
TerminalSessionId: 0
IntegrityLevel: System
Hashes: SHA1=3E46EB17BB05B8785C0B6A64587886EE95FACF66,MD5=4A26539015F4FDB3AC3C5EB14336C7A7,SHA256=B25CF32B7BB76D5A5121919C63E6AE77262347F4AD7B29EE3C43CBAA61F43957,IMPHASH=D45C7E138CFAD11059C95018C99B7C96
ParentProcessGuid: {15959494-7bb7-6758-db00-000000000300}
ParentProcessId: 3200
ParentImage: C:\Windows\SysWOW64\net.exe
ParentCommandLine: net user administrator
ParentUser: NT AUTHORITY\SYSTEM""",5,2024-12-10T17:34:47.6964049Z,7284,3880,DESKTOP-QGB4EQH,1,2624,INFORMATION,Microsoft-Windows-Sysmon,8,FALSE,3,A net.exe account discovery command was initiated,"[""sysmon"",""sysmon_eid1_detections"",""windows""]",92039,windows_eventchannel,log,"Dec 10, 2024 @ 17:34:48.433",EventChannel,1733852088,"Dec 10, 2024 @ 17:34:48.433", , , , , ,net1.exe,C:\\Windows\\SysWOW64\\net1.exe,Microsoft® Windows® Operating System, , ,Net Command, , ,{15959494-7bb7-6758-dd00-000000000300},7624,34:47.7,"SHA1=3E46EB17BB05B8785C0B6A64587886EE95FACF66,MD5=4A26539015F4FDB3AC3C5EB14336C7A7,SHA256=B25CF32B7BB76D5A5121919C63E6AE77262347F4AD7B29EE3C43CBAA61F43957,IMPHASH=D45C7E138CFAD11059C95018C99B7C96","technique_id=T1018,technique_name=Remote System Discovery",Microsoft Corporation,10.0.19041.3636 (WinBuild.160101.0800),NT AUTHORITY\\SYSTEM,"[""Account Discovery""]","[""T1087""]","[""Discovery""]", , , , , , , , , , , ,{15959494-7bb7-6758-db00-000000000300},{15959494-7aff-6758-e703-000000000000},net user administrator,0x3e7,3200,C:\\Program Files (x86)\\ossec-agent\\,C:\\Windows\\SysWOW64\\net.exe,C:\\WINDOWS\\system32\\net1 user administrator,System,0,NT AUTHORITY\\SYSTEM, , , , , , , , , , , , , , , , , , , , , , , , , , , , , , , , , , , , , , , , , , , , , , , , , , , , , , , , , , , , , , , , , , , , , , , , , , , , , , , , , , , , , , , , , , , , , , , , , , , , , , , , , , 
wazuh-alerts-4.x-2024.12.10,0_RRspMBtNh2X6vnUN40,1,1,192.168.117.136,window-agent3,3,Maryam, , , ,1,0x8000000000000000,{5770385f-c22a-43e0-bf4c-06f5698ffbd9},4,Microsoft-Windows-Sysmon/Operational,0,"""Process Create:
RuleName: technique_id=T1018,technique_name=Remote System Discovery
UtcTime: 2024-12-10 17:34:47.995
ProcessGuid: {15959494-7bb7-6758-e300-000000000300}
ProcessId: 8908
Image: C:\Windows\SysWOW64\net1.exe
FileVersion: 10.0.19041.3636 (WinBuild.160101.0800)
Description: Net Command
Product: Microsoft® Windows® Operating System
Company: Microsoft Corporation
OriginalFileName: net1.exe
CommandLine: C:\WINDOWS\system32\net1 accounts
CurrentDirectory: C:\Program Files (x86)\ossec-agent\
User: NT AUTHORITY\SYSTEM
LogonGuid: {15959494-7aff-6758-e703-000000000000}
LogonId: 0x3E7
TerminalSessionId: 0
IntegrityLevel: System
Hashes: SHA1=3E46EB17BB05B8785C0B6A64587886EE95FACF66,MD5=4A26539015F4FDB3AC3C5EB14336C7A7,SHA256=B25CF32B7BB76D5A5121919C63E6AE77262347F4AD7B29EE3C43CBAA61F43957,IMPHASH=D45C7E138CFAD11059C95018C99B7C96
ParentProcessGuid: {15959494-7bb7-6758-e100-000000000300}
ParentProcessId: 8044
ParentImage: C:\Windows\SysWOW64\net.exe
ParentCommandLine: net.exe accounts
ParentUser: NT AUTHORITY\SYSTEM""",5,2024-12-10T17:34:47.9987711Z,7289,3880,DESKTOP-QGB4EQH,1,2624,INFORMATION,Microsoft-Windows-Sysmon,18,FALSE,3,Discovery activity executed,"[""sysmon"",""sysmon_eid1_detections"",""windows""]",92031,windows_eventchannel,log,"Dec 10, 2024 @ 17:34:48.509",EventChannel,1733852088,"Dec 10, 2024 @ 17:34:48.509", , , , , ,net1.exe,C:\\Windows\\SysWOW64\\net1.exe,Microsoft® Windows® Operating System, , ,Net Command, , ,{15959494-7bb7-6758-e300-000000000300},8908,34:48.0,"SHA1=3E46EB17BB05B8785C0B6A64587886EE95FACF66,MD5=4A26539015F4FDB3AC3C5EB14336C7A7,SHA256=B25CF32B7BB76D5A5121919C63E6AE77262347F4AD7B29EE3C43CBAA61F43957,IMPHASH=D45C7E138CFAD11059C95018C99B7C96","technique_id=T1018,technique_name=Remote System Discovery",Microsoft Corporation,10.0.19041.3636 (WinBuild.160101.0800),NT AUTHORITY\\SYSTEM,"[""Account Discovery""]","[""T1087""]","[""Discovery""]", , , , , , , , , , , ,{15959494-7bb7-6758-e100-000000000300},{15959494-7aff-6758-e703-000000000000},net.exe accounts,0x3e7,8044,C:\\Program Files (x86)\\ossec-agent\\,C:\\Windows\\SysWOW64\\net.exe,C:\\WINDOWS\\system32\\net1 accounts,System,0,NT AUTHORITY\\SYSTEM, , , , , , , , , , , , , , , , , , , , , , , , , , , , , , , , , , , , , , , , , , , , , , , , , , , , , , , , , , , , , , , , , , , , , , , , , , , , , , , , , , , , , , , , , , , , , , , , , , , , , , , , , , 
wazuh-alerts-4.x-2024.12.10,2PRRspMBtNh2X6vnUN40,1,1,192.168.117.136,window-agent3,3,Maryam, , , ,8224,0x80000000000000, ,4,Application,0,"""The VSS service is shutting down due to idle timeout. """,0,2024-12-10T17:35:01.8060595Z,359,0,DESKTOP-QGB4EQH,0,0,INFORMATION,VSS,2,FALSE,5,The VSS service is shutting down due to idle timeout.,"[""windows"",""windows_application""]",60702,windows_eventchannel,log,"Dec 10, 2024 @ 17:35:01.608",EventChannel,1733852101,"Dec 10, 2024 @ 17:35:01.608", ,2D20436F64653A2020434F525356434330303030303737342D2043616C6C3A2020434F525356434330303030303735362D205049443A202030303030343334342D205449443A202030303030343336302D20434D443A2020433A5C57494E444F57535C73797374656D33325C76737376632E6578652020202D20557365723A204E616D653A204E5420415554484F524954595C53595354454D2C205349443A532D312D352D313820, , , , , , , , , , , , , , , , , , , , , , , , , , , , , , , , , , , , , , , , , , , , , , , , , , , , , , , , , , , , , , , , , , , , , , , , , , , , , , , , , , , , , , , , , , , , , , , , , , , , , , , , , , , , , , , , , , , , , , , , , , , , , , , , , , , , , , , , , , , , , , , , , , , , , , 
wazuh-alerts-4.x-2024.12.10,2fRRspMBtNh2X6vnUN40,1,1,192.168.117.136,window-agent3,3,Maryam, , , ,11,0x8000000000000000,{5770385f-c22a-43e0-bf4c-06f5698ffbd9},4,Microsoft-Windows-Sysmon/Operational,0,"""File created:
RuleName: technique_id=T1059.007,technique_name=JavaScript
UtcTime: 2024-12-10 17:35:06.891
ProcessGuid: {15959494-7b83-6758-7900-000000000300}
ProcessId: 7100
Image: C:\Windows\SystemApps\Microsoft.Windows.Search_cw5n1h2txyewy\SearchApp.exe
TargetFilename: C:\Users\mari\AppData\Local\Packages\Microsoft.Windows.Search_cw5n1h2txyewy\AC\AppCache\BBKLM6WH\2\yIV-HVRu7AKShxdRFz0K9gvf2oU.br[1].js
CreationUtcTime: 2024-12-10 17:35:06.891
User: DESKTOP-QGB4EQH\mari""",2,2024-12-10T17:35:06.9048123Z,7327,3880,DESKTOP-QGB4EQH,11,2624,INFORMATION,Microsoft-Windows-Sysmon,20,FALSE,6,Scripting file created under Windows Temp or User folder,"[""sysmon"",""sysmon_eid11_detections"",""windows""]",92200,windows_eventchannel,log,"Dec 10, 2024 @ 17:35:07.643",EventChannel,1733852107,"Dec 10, 2024 @ 17:35:07.643", , , , , , ,C:\\Windows\\SystemApps\\Microsoft.Windows.Search_cw5n1h2txyewy\\SearchApp.exe, , , , , , ,{15959494-7b83-6758-7900-000000000300},7100,35:06.9, ,"technique_id=T1059.007,technique_name=JavaScript", , ,DESKTOP-QGB4EQH\\mari,"[""Command and Scripting Interpreter"",""Ingress Tool Transfer""]","[""T1059"",""T1105""]","[""Execution"",""Command and Control""]", ,C:\\Users\\mari\\AppData\\Local\\Packages\\Microsoft.Windows.Search_cw5n1h2txyewy\\AC\\AppCache\\BBKLM6WH\\2\\yIV-HVRu7AKShxdRFz0K9gvf2oU.br[1].js,35:06.9, , , , , , , , , , , , , , , , , , , , , , , , , , , , , , , , , , , , , , , , , , , , , , , , , , , , , , , , , , , , , , , , , , , , , , , , , , , , , , , , , , , , , , , , , , , , , , , , , , , , , , , , , , , , , , , , , , , , , , , , , , , , , 
wazuh-alerts-4.x-2024.12.10,2_RRspMBtNh2X6vnUN40,1,1,192.168.117.136,window-agent3,3,Maryam, , , ,7,0x8000000000000000,{5770385f-c22a-43e0-bf4c-06f5698ffbd9},4,Microsoft-Windows-Sysmon/Operational,0,"""Image loaded:
RuleName: technique_id=T1053,technique_name=Scheduled Task
UtcTime: 2024-12-10 17:35:09.079
ProcessGuid: {15959494-7bae-6758-b400-000000000300}
ProcessId: 8784
Image: C:\Windows\System32\taskhostw.exe
ImageLoaded: C:\Windows\System32\taskschd.dll
FileVersion: 10.0.19041.3636 (WinBuild.160101.0800)
Description: Task Scheduler COM API
Product: Microsoft® Windows® Operating System
Company: Microsoft Corporation
OriginalFileName: taskschd.dll
Hashes: SHA1=633C92F5A5000CDE3235C7FDC306B2B04C501C48,MD5=84F942C1A4BD60C94EBEC6643E0216C9,SHA256=BBE733452E6CE871D5D2064948847AAB2A71F7FEDA2C962BA4002F64E2D198F2,IMPHASH=B7A4477FA36E2E5287EE76AC4AFCB05B
Signed: true
Signature: Microsoft Windows
SignatureStatus: Valid
User: NT AUTHORITY\SYSTEM""",3,2024-12-10T17:35:09.0806510Z,7334,3880,DESKTOP-QGB4EQH,7,2624,INFORMATION,Microsoft-Windows-Sysmon,3,FALSE,4,Process loaded taskschd.dll module. May be used to create delayed malware execution,"[""sysmon"",""sysmon_eid7_detections"",""windows""]",92154,windows_eventchannel,log,"Dec 10, 2024 @ 17:35:09.839",EventChannel,1733852109,"Dec 10, 2024 @ 17:35:09.839", , , , , ,taskschd.dll,C:\\Windows\\System32\\taskhostw.exe,Microsoft® Windows® Operating System,Microsoft Windows,C:\\Windows\\System32\\taskschd.dll,Task Scheduler COM API,TRUE,Valid,{15959494-7bae-6758-b400-000000000300},8784,35:09.1,"SHA1=633C92F5A5000CDE3235C7FDC306B2B04C501C48,MD5=84F942C1A4BD60C94EBEC6643E0216C9,SHA256=BBE733452E6CE871D5D2064948847AAB2A71F7FEDA2C962BA4002F64E2D198F2,IMPHASH=B7A4477FA36E2E5287EE76AC4AFCB05B","technique_id=T1053,technique_name=Scheduled Task",Microsoft Corporation,10.0.19041.3636 (WinBuild.160101.0800),NT AUTHORITY\\SYSTEM,"[""Scheduled Task""]","[""T1053.005""]","[""Execution"",""Persistence"",""Privilege Escalation""]", , , , , , , , , , , , , , , , , , , , , , , , , , , , , , , , , , , , , , , , , , , , , , , , , , , , , , , , , , , , , , , , , , , , , , , , , , , , , , , , , , , , , , , , , , , , , , , , , , , , , , , , , , , , , , , , , , , , , , , , , , , , , , , , 
wazuh-alerts-4.x-2024.12.10,3PRRspMBtNh2X6vnUN40,1,1,192.168.117.136,window-agent3,3,Maryam, , , ,11,0x8000000000000000,{5770385f-c22a-43e0-bf4c-06f5698ffbd9},4,Microsoft-Windows-Sysmon/Operational,0,"""File created:
RuleName: technique_id=T1059.007,technique_name=JavaScript
UtcTime: 2024-12-10 17:35:10.969
ProcessGuid: {15959494-7b83-6758-7900-000000000300}
ProcessId: 7100
Image: C:\Windows\SystemApps\Microsoft.Windows.Search_cw5n1h2txyewy\SearchApp.exe
TargetFilename: C:\Users\mari\AppData\Local\Packages\Microsoft.Windows.Search_cw5n1h2txyewy\AC\AppCache\BBKLM6WH\2\aABLNT_FV45QjYQfnRHrBCAk4GU[1].js
CreationUtcTime: 2024-12-10 17:35:10.969
User: DESKTOP-QGB4EQH\mari""",2,2024-12-10T17:35:10.9845008Z,7343,3880,DESKTOP-QGB4EQH,11,2624,INFORMATION,Microsoft-Windows-Sysmon,22,FALSE,6,Scripting file created under Windows Temp or User folder,"[""sysmon"",""sysmon_eid11_detections"",""windows""]",92200,windows_eventchannel,log,"Dec 10, 2024 @ 17:35:11.017",EventChannel,1733852111,"Dec 10, 2024 @ 17:35:11.017", , , , , , ,C:\\Windows\\SystemApps\\Microsoft.Windows.Search_cw5n1h2txyewy\\SearchApp.exe, , , , , , ,{15959494-7b83-6758-7900-000000000300},7100,35:11.0, ,"technique_id=T1059.007,technique_name=JavaScript", , ,DESKTOP-QGB4EQH\\mari,"[""Command and Scripting Interpreter"",""Ingress Tool Transfer""]","[""T1059"",""T1105""]","[""Execution"",""Command and Control""]", ,C:\\Users\\mari\\AppData\\Local\\Packages\\Microsoft.Windows.Search_cw5n1h2txyewy\\AC\\AppCache\\BBKLM6WH\\2\\aABLNT_FV45QjYQfnRHrBCAk4GU[1].js,35:11.0, , , , , , , , , , , , , , , , , , , , , , , , , , , , , , , , , , , , , , , , , , , , , , , , , , , , , , , , , , , , , , , , , , , , , , , , , , , , , , , , , , , , , , , , , , , , , , , , , , , , , , , , , , , , , , , , , , , , , , , , , , , , , 
wazuh-alerts-4.x-2024.12.10,4PRRspMBtNh2X6vnUN40,1,1,192.168.117.136,window-agent3,3,Maryam, , , ,11,0x8000000000000000,{5770385f-c22a-43e0-bf4c-06f5698ffbd9},4,Microsoft-Windows-Sysmon/Operational,0,"""File created:
RuleName: technique_id=T1059.007,technique_name=JavaScript
UtcTime: 2024-12-10 17:35:12.938
ProcessGuid: {15959494-7b83-6758-7900-000000000300}
ProcessId: 7100
Image: C:\Windows\SystemApps\Microsoft.Windows.Search_cw5n1h2txyewy\SearchApp.exe
TargetFilename: C:\Users\mari\AppData\Local\Packages\Microsoft.Windows.Search_cw5n1h2txyewy\AC\INetCache\6IYNEI2H\4Q4lNTqWYVDCDc6_6zKUwah8gW8[1].js
CreationUtcTime: 2024-12-10 17:35:12.938
User: DESKTOP-QGB4EQH\mari""",2,2024-12-10T17:35:12.9539661Z,7350,3880,DESKTOP-QGB4EQH,11,2624,INFORMATION,Microsoft-Windows-Sysmon,25,FALSE,6,Scripting file created under Windows Temp or User folder,"[""sysmon"",""sysmon_eid11_detections"",""windows""]",92200,windows_eventchannel,log,"Dec 10, 2024 @ 17:35:13.596",EventChannel,1733852113,"Dec 10, 2024 @ 17:35:13.596", , , , , , ,C:\\Windows\\SystemApps\\Microsoft.Windows.Search_cw5n1h2txyewy\\SearchApp.exe, , , , , , ,{15959494-7b83-6758-7900-000000000300},7100,35:12.9, ,"technique_id=T1059.007,technique_name=JavaScript", , ,DESKTOP-QGB4EQH\\mari,"[""Command and Scripting Interpreter"",""Ingress Tool Transfer""]","[""T1059"",""T1105""]","[""Execution"",""Command and Control""]", ,C:\\Users\\mari\\AppData\\Local\\Packages\\Microsoft.Windows.Search_cw5n1h2txyewy\\AC\\INetCache\\6IYNEI2H\\4Q4lNTqWYVDCDc6_6zKUwah8gW8[1].js,35:12.9, , , , , , , , , , , , , , , , , , , , , , , , , , , , , , , , , , , , , , , , , , , , , , , , , , , , , , , , , , , , , , , , , , , , , , , , , , , , , , , , , , , , , , , , , , , , , , , , , , , , , , , , , , , , , , , , , , , , , , , , , , , , , 
wazuh-alerts-4.x-2024.12.10,4_RRspMBtNh2X6vnUN40,1,1,192.168.117.136,window-agent3,3,Maryam, , , , , , , , , , , , , , , , , , , ,1,FALSE,7,SCA summary: CIS Microsoft Windows 10 Enterprise Benchmark v1.12.0: Score less than 50% (33),"[""sca""]",19004,sca,log,"Dec 10, 2024 @ 17:35:32.736",sca,1733852132,"Dec 10, 2024 @ 17:35:32.736", , , ,"[""IV_35.7.d""]", , , , , , , , , , , , , , , , , , , , , , , , , , ,"[""2.2""]", ,"[""CC7.1"",""CC7.2""]","[""CM.1""]", , , , , , , , , , , , , , , , , , , , , , , , , , , , , , , , ,1353278647, , , , , , , , , , ,summary,CIS Microsoft Windows 10 Enterprise Benchmark v1.12.0, , , , , , , , , , , , , , , , , , , , , , , , , , , , , , , , , , , , , , , , , , , , , , , , , , ,33,394,cis_win10_enterprise.yml,cis_win10_enterprise,4,This document provides prescriptive guidance for establishing a secure configuration posture for Microsoft Windows 10 Enterprise.,130,260, , , , , , , , , , , , , , , 
wazuh-alerts-4.x-2024.12.10,5PRRspMBtNh2X6vnUN40,1,1,192.168.117.136,window-agent3,3,Maryam, , , ,16384,0x80000000000000,{E23B33B0-C8C9-472C-A5F9-F2BDFEA0F156},4,Application,0,"""Successfully scheduled Software Protection service for re-start at 2024-12-11T17:33:43Z. Reason: RulesEngine.""",0,2024-12-10T17:35:43.6727887Z,364,0,DESKTOP-QGB4EQH,0,0,INFORMATION,Microsoft-Windows-Security-SPP,2,FALSE,3,Software protection service scheduled successfully.,"[""windows"",""windows_application""]",60642,windows_eventchannel,log,"Dec 10, 2024 @ 17:35:43.438",EventChannel,1733852143,"Dec 10, 2024 @ 17:35:43.438","2024-12-11T17:33:43Z, RulesEngine", ,Software Protection Platform Service, , , , , , , , , , , , , , , , , , , , , , , , , , , , , , , , , , , , , , , , , , , , , , , , , , , , , , , , , , , , , , , , , , , , , , , , , , , , , , , , , , , , , , , , , , , , , , , , , , , , , , , , , , , , , , , , , , , , , , , , , , , , , , , , , , , , , , , , , , , , , , , , , , , , , 
wazuh-alerts-4.x-2024.12.10,6PRRspMBtNh2X6vnUN40,1,1,192.168.117.136,window-agent3,3,Maryam, , , ,11,0x8000000000000000,{5770385f-c22a-43e0-bf4c-06f5698ffbd9},4,Microsoft-Windows-Sysmon/Operational,0,"""File created:
RuleName: -
UtcTime: 2024-12-10 17:35:55.501
ProcessGuid: {15959494-7b00-6758-1200-000000000300}
ProcessId: 64
Image: C:\WINDOWS\system32\svchost.exe
TargetFilename: C:\Windows\SoftwareDistribution\Download\Install\AM_Delta_Patch_1.421.699.0.exe
CreationUtcTime: 2024-12-10 17:35:55.501
User: NT AUTHORITY\SYSTEM""",2,2024-12-10T17:35:55.5032687Z,7462,3880,DESKTOP-QGB4EQH,11,2624,INFORMATION,Microsoft-Windows-Sysmon,1,FALSE,6,Executable dropped in Windows root folder,"[""sysmon"",""sysmon_eid11_detections"",""windows""]",92217,windows_eventchannel,log,"Dec 10, 2024 @ 17:35:56.220",EventChannel,1733852156,"Dec 10, 2024 @ 17:35:56.220", , , , , , ,C:\\WINDOWS\\system32\\svchost.exe, , , , , , ,{15959494-7b00-6758-1200-000000000300},64,35:55.5, , , , ,NT AUTHORITY\\SYSTEM,"[""Lateral Tool Transfer""]","[""T1570""]","[""Lateral Movement""]", ,C:\\Windows\\SoftwareDistribution\\Download\\Install\\AM_Delta_Patch_1.421.699.0.exe,35:55.5, , , , , , , , , , , , , , , , , , , , , , , , , , , , , , , , , , , , , , , , , , , , , , , , , , , , , , , , , , , , , , , , , , , , , , , , , , , , , , , , , , , , , , , , , , , , , , , , , , , , , , , , , , , , , , , , , , , , , , , , , , , , , 
wazuh-alerts-4.x-2024.12.10,7PRRspMBtNh2X6vnUN40,1,1,192.168.117.136,window-agent3,3,Maryam, , , ,11,0x8000000000000000,{5770385f-c22a-43e0-bf4c-06f5698ffbd9},4,Microsoft-Windows-Sysmon/Operational,0,"""File created:
RuleName: technique_id=T1574.010,technique_name=Services File Permissions Weakness
UtcTime: 2024-12-10 17:36:31.400
ProcessGuid: {15959494-7b00-6758-1200-000000000300}
ProcessId: 64
Image: C:\WINDOWS\system32\svchost.exe
TargetFilename: C:\Windows\SoftwareDistribution\Download\574ea5e93a93625d3c1b7092246bf566\Metadata\ExeUpdateAgent.dll
CreationUtcTime: 2024-12-10 17:36:31.400
User: NT AUTHORITY\SYSTEM""",2,2024-12-10T17:36:31.4049378Z,7525,3880,DESKTOP-QGB4EQH,11,2624,INFORMATION,Microsoft-Windows-Sysmon,2,FALSE,6,Possible DLL search order hijack by C:\\Windows\\SoftwareDistribution\\Download\\574ea5e93a93625d3c1b7092246bf566\\Metadata\\ExeUpdateAgent.dll created in Windows root folder,"[""sysmon"",""sysmon_eid11_detections"",""windows""]",92219,windows_eventchannel,log,"Dec 10, 2024 @ 17:36:32.152",EventChannel,1733852192,"Dec 10, 2024 @ 17:36:32.152", , , , , , ,C:\\WINDOWS\\system32\\svchost.exe, , , , , , ,{15959494-7b00-6758-1200-000000000300},64,36:31.4, ,"technique_id=T1574.010,technique_name=Services File Permissions Weakness", , ,NT AUTHORITY\\SYSTEM,"[""DLL Search Order Hijacking"",""DLL Side-Loading""]","[""T1574.001"",""T1574.002""]","[""Persistence"",""Privilege Escalation"",""Defense Evasion""]", ,C:\\Windows\\SoftwareDistribution\\Download\\574ea5e93a93625d3c1b7092246bf566\\Metadata\\ExeUpdateAgent.dll,36:31.4, , , , , , , , , , , , , , , , , , , , , , , , , , , , , , , , , , , , , , , , , , , , , , , , , , , , , , , , , , , , , , , , , , , , , , , , , , , , , , , , , , , , , , , , , , , , , , , , , , , , , , , , , , , , , , , , , , , , , , , , , , , , , 
wazuh-alerts-4.x-2024.12.10,8PRRspMBtNh2X6vnUN40,1,1,192.168.117.136,window-agent3,3,Maryam, , , ,11,0x8000000000000000,{5770385f-c22a-43e0-bf4c-06f5698ffbd9},4,Microsoft-Windows-Sysmon/Operational,0,"""File created:
RuleName: -
UtcTime: 2024-12-10 17:36:37.603
ProcessGuid: {15959494-7b81-6758-7800-000000000300}
ProcessId: 6960
Image: C:\WINDOWS\System32\svchost.exe
TargetFilename: C:\Windows\SoftwareDistribution\Download\574ea5e93a93625d3c1b7092246bf566\unifiedinstaller.exe
CreationUtcTime: 2024-12-10 17:36:37.603
User: NT AUTHORITY\NETWORK SERVICE""",2,2024-12-10T17:36:37.6056805Z,7553,3880,DESKTOP-QGB4EQH,11,2624,INFORMATION,Microsoft-Windows-Sysmon,2,FALSE,6,Executable dropped in Windows root folder,"[""sysmon"",""sysmon_eid11_detections"",""windows""]",92217,windows_eventchannel,log,"Dec 10, 2024 @ 17:36:38.356",EventChannel,1733852198,"Dec 10, 2024 @ 17:36:38.356", , , , , , ,C:\\WINDOWS\\System32\\svchost.exe, , , , , , ,{15959494-7b81-6758-7800-000000000300},6960,36:37.6, , , , ,NT AUTHORITY\\NETWORK SERVICE,"[""Lateral Tool Transfer""]","[""T1570""]","[""Lateral Movement""]", ,C:\\Windows\\SoftwareDistribution\\Download\\574ea5e93a93625d3c1b7092246bf566\\unifiedinstaller.exe,36:37.6, , , , , , , , , , , , , , , , , , , , , , , , , , , , , , , , , , , , , , , , , , , , , , , , , , , , , , , , , , , , , , , , , , , , , , , , , , , , , , , , , , , , , , , , , , , , , , , , , , , , , , , , , , , , , , , , , , , , , , , , , , , , , 
wazuh-alerts-4.x-2024.12.10,8fRRspMBtNh2X6vnUN40,1,1,192.168.117.136,window-agent3,3,Maryam, , , ,11,0x8000000000000000,{5770385f-c22a-43e0-bf4c-06f5698ffbd9},4,Microsoft-Windows-Sysmon/Operational,0,"""File created:
RuleName: technique_id=T1574.010,technique_name=Services File Permissions Weakness
UtcTime: 2024-12-10 17:36:41.228
ProcessGuid: {15959494-7b00-6758-1200-000000000300}
ProcessId: 64
Image: C:\WINDOWS\system32\svchost.exe
TargetFilename: C:\Windows\SoftwareDistribution\Download\574ea5e93a93625d3c1b7092246bf566\Metadata\ExeUpdateAgent.dll
CreationUtcTime: 2023-09-13 20:32:12.000
User: NT AUTHORITY\SYSTEM""",2,2024-12-10T17:36:41.2394565Z,7559,3880,DESKTOP-QGB4EQH,11,2624,INFORMATION,Microsoft-Windows-Sysmon,6,FALSE,6,Possible DLL search order hijack by C:\\Windows\\SoftwareDistribution\\Download\\574ea5e93a93625d3c1b7092246bf566\\Metadata\\ExeUpdateAgent.dll created in Windows root folder,"[""sysmon"",""sysmon_eid11_detections"",""windows""]",92219,windows_eventchannel,log,"Dec 10, 2024 @ 17:36:41.870",EventChannel,1733852201,"Dec 10, 2024 @ 17:36:41.870", , , , , , ,C:\\WINDOWS\\system32\\svchost.exe, , , , , , ,{15959494-7b00-6758-1200-000000000300},64,36:41.2, ,"technique_id=T1574.010,technique_name=Services File Permissions Weakness", , ,NT AUTHORITY\\SYSTEM,"[""DLL Search Order Hijacking"",""DLL Side-Loading""]","[""T1574.001"",""T1574.002""]","[""Persistence"",""Privilege Escalation"",""Defense Evasion""]", ,C:\\Windows\\SoftwareDistribution\\Download\\574ea5e93a93625d3c1b7092246bf566\\Metadata\\ExeUpdateAgent.dll,32:12.0, , , , , , , , , , , , , , , , , , , , , , , , , , , , , , , , , , , , , , , , , , , , , , , , , , , , , , , , , , , , , , , , , , , , , , , , , , , , , , , , , , , , , , , , , , , , , , , , , , , , , , , , , , , , , , , , , , , , , , , , , , , , , 
wazuh-alerts-4.x-2024.12.10,8_RRspMBtNh2X6vnUN40,1,1,192.168.117.136,window-agent3,3,Maryam, , , ,11,0x8000000000000000,{5770385f-c22a-43e0-bf4c-06f5698ffbd9},4,Microsoft-Windows-Sysmon/Operational,0,"""File created:
RuleName: technique_id=T1574.010,technique_name=Services File Permissions Weakness
UtcTime: 2024-12-10 17:36:41.244
ProcessGuid: {15959494-7b00-6758-1200-000000000300}
ProcessId: 64
Image: C:\WINDOWS\system32\svchost.exe
TargetFilename: C:\Windows\SoftwareDistribution\Download\574ea5e93a93625d3c1b7092246bf566\Metadata\Dpx.dll
CreationUtcTime: 2023-09-13 20:17:40.000
User: NT AUTHORITY\SYSTEM""",2,2024-12-10T17:36:41.2545769Z,7560,3880,DESKTOP-QGB4EQH,11,2624,INFORMATION,Microsoft-Windows-Sysmon,8,FALSE,6,Possible DLL search order hijack by C:\\Windows\\SoftwareDistribution\\Download\\574ea5e93a93625d3c1b7092246bf566\\Metadata\\Dpx.dll created in Windows root folder,"[""sysmon"",""sysmon_eid11_detections"",""windows""]",92219,windows_eventchannel,log,"Dec 10, 2024 @ 17:36:41.885",EventChannel,1733852201,"Dec 10, 2024 @ 17:36:41.885", , , , , , ,C:\\WINDOWS\\system32\\svchost.exe, , , , , , ,{15959494-7b00-6758-1200-000000000300},64,36:41.2, ,"technique_id=T1574.010,technique_name=Services File Permissions Weakness", , ,NT AUTHORITY\\SYSTEM,"[""DLL Search Order Hijacking"",""DLL Side-Loading""]","[""T1574.001"",""T1574.002""]","[""Persistence"",""Privilege Escalation"",""Defense Evasion""]", ,C:\\Windows\\SoftwareDistribution\\Download\\574ea5e93a93625d3c1b7092246bf566\\Metadata\\Dpx.dll,17:40.0, , , , , , , , , , , , , , , , , , , , , , , , , , , , , , , , , , , , , , , , , , , , , , , , , , , , , , , , , , , , , , , , , , , , , , , , , , , , , , , , , , , , , , , , , , , , , , , , , , , , , , , , , , , , , , , , , , , , , , , , , , , , , 
