wazuh-alerts-4.x-2024.12.10,6sf8sJMBnOFSf1lyAUQC,1,1,192.168.117.136,window-agent3,3,Maryam, , , ,7,0x8000000000000000,{5770385f-c22a-43e0-bf4c-06f5698ffbd9},4,Microsoft-Windows-Sysmon/Operational,0,"""Image loaded:
RuleName: technique_id=T1053,technique_name=Scheduled Task
UtcTime: 2024-12-10 14:31:53.432
ProcessGuid: {15959494-50d3-6758-1500-000000000200}
ProcessId: 1040
Image: C:\Windows\System32\svchost.exe
ImageLoaded: C:\Windows\System32\taskschd.dll
FileVersion: 10.0.19041.3636 (WinBuild.160101.0800)
Description: Task Scheduler COM API
Product: Microsoft® Windows® Operating System
Company: Microsoft Corporation
OriginalFileName: taskschd.dll
Hashes: SHA1=633C92F5A5000CDE3235C7FDC306B2B04C501C48,MD5=84F942C1A4BD60C94EBEC6643E0216C9,SHA256=BBE733452E6CE871D5D2064948847AAB2A71F7FEDA2C962BA4002F64E2D198F2,IMPHASH=B7A4477FA36E2E5287EE76AC4AFCB05B
Signed: true
Signature: Microsoft Windows
SignatureStatus: Valid
User: NT AUTHORITY\LOCAL SERVICE""",3,2024-12-10T14:31:59.7498831Z,243,3484,DESKTOP-QGB4EQH,7,2452,INFORMATION,Microsoft-Windows-Sysmon,2,FALSE,4,Process loaded taskschd.dll module. May be used to create delayed malware execution,"[""sysmon"",""sysmon_eid7_detections"",""windows""]",92154,windows_eventchannel,log,"Dec 10, 2024 @ 14:32:02.304",EventChannel,1733841122,"Dec 10, 2024 @ 14:32:02.304", , , , , ,taskschd.dll,C:\\Windows\\System32\\svchost.exe,Microsoft® Windows® Operating System,Microsoft Windows,C:\\Windows\\System32\\taskschd.dll,Task Scheduler COM API,TRUE,Valid,{15959494-50d3-6758-1500-000000000200},1040,31:53.4,"SHA1=633C92F5A5000CDE3235C7FDC306B2B04C501C48,MD5=84F942C1A4BD60C94EBEC6643E0216C9,SHA256=BBE733452E6CE871D5D2064948847AAB2A71F7FEDA2C962BA4002F64E2D198F2,IMPHASH=B7A4477FA36E2E5287EE76AC4AFCB05B","technique_id=T1053,technique_name=Scheduled Task",Microsoft Corporation,10.0.19041.3636 (WinBuild.160101.0800),NT AUTHORITY\\LOCAL SERVICE,"[""Scheduled Task""]","[""T1053.005""]","[""Execution"",""Persistence"",""Privilege Escalation""]", , , , , , , , , , , , , , , , , , , , , , , , , , , , , , , , , , , , , , , , , , , , , , , , , , , , , , , , , , , , , , , , , , , , , , , , , , , , , , , , , , , , , , , , , , , , , , , , , , , , , , , , , , , , , , , , , , , , , , , , , , , , , , , , 
wazuh-alerts-4.x-2024.12.10,68f8sJMBnOFSf1lyAUQC,1,1,192.168.117.136,window-agent3,3,Maryam, , , ,7,0x8000000000000000,{5770385f-c22a-43e0-bf4c-06f5698ffbd9},4,Microsoft-Windows-Sysmon/Operational,0,"""Image loaded:
RuleName: technique_id=T1053,technique_name=Scheduled Task
UtcTime: 2024-12-10 14:31:52.433
ProcessGuid: {15959494-50d3-6758-1400-000000000200}
ProcessId: 876
Image: C:\Windows\System32\svchost.exe
ImageLoaded: C:\Windows\System32\taskschd.dll
FileVersion: 10.0.19041.3636 (WinBuild.160101.0800)
Description: Task Scheduler COM API
Product: Microsoft® Windows® Operating System
Company: Microsoft Corporation
OriginalFileName: taskschd.dll
Hashes: SHA1=633C92F5A5000CDE3235C7FDC306B2B04C501C48,MD5=84F942C1A4BD60C94EBEC6643E0216C9,SHA256=BBE733452E6CE871D5D2064948847AAB2A71F7FEDA2C962BA4002F64E2D198F2,IMPHASH=B7A4477FA36E2E5287EE76AC4AFCB05B
Signed: true
Signature: Microsoft Windows
SignatureStatus: Valid
User: NT AUTHORITY\SYSTEM""",3,2024-12-10T14:31:59.7499898Z,244,3484,DESKTOP-QGB4EQH,7,2452,INFORMATION,Microsoft-Windows-Sysmon,3,FALSE,4,Process loaded taskschd.dll module. May be used to create delayed malware execution,"[""sysmon"",""sysmon_eid7_detections"",""windows""]",92154,windows_eventchannel,log,"Dec 10, 2024 @ 14:32:02.320",EventChannel,1733841122,"Dec 10, 2024 @ 14:32:02.320", , , , , ,taskschd.dll,C:\\Windows\\System32\\svchost.exe,Microsoft® Windows® Operating System,Microsoft Windows,C:\\Windows\\System32\\taskschd.dll,Task Scheduler COM API,TRUE,Valid,{15959494-50d3-6758-1400-000000000200},876,31:52.4,"SHA1=633C92F5A5000CDE3235C7FDC306B2B04C501C48,MD5=84F942C1A4BD60C94EBEC6643E0216C9,SHA256=BBE733452E6CE871D5D2064948847AAB2A71F7FEDA2C962BA4002F64E2D198F2,IMPHASH=B7A4477FA36E2E5287EE76AC4AFCB05B","technique_id=T1053,technique_name=Scheduled Task",Microsoft Corporation,10.0.19041.3636 (WinBuild.160101.0800),NT AUTHORITY\\SYSTEM,"[""Scheduled Task""]","[""T1053.005""]","[""Execution"",""Persistence"",""Privilege Escalation""]", , , , , , , , , , , , , , , , , , , , , , , , , , , , , , , , , , , , , , , , , , , , , , , , , , , , , , , , , , , , , , , , , , , , , , , , , , , , , , , , , , , , , , , , , , , , , , , , , , , , , , , , , , , , , , , , , , , , , , , , , , , , , , , , 
wazuh-alerts-4.x-2024.12.10,8sf8sJMBnOFSf1lyBETn,1,1,192.168.117.136,window-agent3,3,Maryam, , , ,1,0x8000000000000000,{5770385f-c22a-43e0-bf4c-06f5698ffbd9},4,Microsoft-Windows-Sysmon/Operational,0,"""Process Create:
RuleName: technique_id=T1018,technique_name=Remote System Discovery
UtcTime: 2024-12-10 14:32:04.581
ProcessGuid: {15959494-50e4-6758-5300-000000000200}
ProcessId: 2928
Image: C:\Windows\SysWOW64\net1.exe
FileVersion: 10.0.19041.3636 (WinBuild.160101.0800)
Description: Net Command
Product: Microsoft® Windows® Operating System
Company: Microsoft Corporation
OriginalFileName: net1.exe
CommandLine: C:\WINDOWS\system32\net1 accounts
CurrentDirectory: C:\Program Files (x86)\ossec-agent\
User: NT AUTHORITY\SYSTEM
LogonGuid: {15959494-50d3-6758-e703-000000000000}
LogonId: 0x3E7
TerminalSessionId: 0
IntegrityLevel: System
Hashes: SHA1=3E46EB17BB05B8785C0B6A64587886EE95FACF66,MD5=4A26539015F4FDB3AC3C5EB14336C7A7,SHA256=B25CF32B7BB76D5A5121919C63E6AE77262347F4AD7B29EE3C43CBAA61F43957,IMPHASH=D45C7E138CFAD11059C95018C99B7C96
ParentProcessGuid: {15959494-50e3-6758-5100-000000000200}
ParentProcessId: 3684
ParentImage: C:\Windows\SysWOW64\net.exe
ParentCommandLine: net.exe accounts
ParentUser: NT AUTHORITY\SYSTEM""",5,2024-12-10T14:32:04.5822676Z,292,3480,DESKTOP-QGB4EQH,1,2452,INFORMATION,Microsoft-Windows-Sysmon,4,FALSE,3,Discovery activity executed,"[""sysmon"",""sysmon_eid1_detections"",""windows""]",92031,windows_eventchannel,log,"Dec 10, 2024 @ 14:32:05.614",EventChannel,1733841125,"Dec 10, 2024 @ 14:32:05.614", , , , , ,net1.exe,C:\\Windows\\SysWOW64\\net1.exe,Microsoft® Windows® Operating System, , ,Net Command, , ,{15959494-50e4-6758-5300-000000000200},2928,32:04.6,"SHA1=3E46EB17BB05B8785C0B6A64587886EE95FACF66,MD5=4A26539015F4FDB3AC3C5EB14336C7A7,SHA256=B25CF32B7BB76D5A5121919C63E6AE77262347F4AD7B29EE3C43CBAA61F43957,IMPHASH=D45C7E138CFAD11059C95018C99B7C96","technique_id=T1018,technique_name=Remote System Discovery",Microsoft Corporation,10.0.19041.3636 (WinBuild.160101.0800),NT AUTHORITY\\SYSTEM,"[""Account Discovery""]","[""T1087""]","[""Discovery""]", , , , , , , , , , , ,{15959494-50e3-6758-5100-000000000200},{15959494-50d3-6758-e703-000000000000},net.exe accounts,0x3e7,3684,C:\\Program Files (x86)\\ossec-agent\\,C:\\Windows\\SysWOW64\\net.exe,C:\\WINDOWS\\system32\\net1 accounts,System,0,NT AUTHORITY\\SYSTEM, , , , , , , , , , , , , , , , , , , , , , , , , , , , , , , , , , , , , , , , , , , , , , , , , , , , , , , , , , , , , , , , , , , , , , , , , , , , , , , , , , , , , , , , , , , , , , , , , , , , , , , , , , 
wazuh-alerts-4.x-2024.12.10,88f8sJMBnOFSf1lyCETU,1,1,192.168.117.136,window-agent3,3,Maryam, , , ,1,0x8000000000000000,{5770385f-c22a-43e0-bf4c-06f5698ffbd9},4,Microsoft-Windows-Sysmon/Operational,0,"""Process Create:
RuleName: technique_id=T1018,technique_name=Remote System Discovery
UtcTime: 2024-12-10 14:32:04.657
ProcessGuid: {15959494-50e4-6758-5400-000000000200}
ProcessId: 2924
Image: C:\Windows\SysWOW64\net.exe
FileVersion: 10.0.19041.1 (WinBuild.160101.0800)
Description: Net Command
Product: Microsoft® Windows® Operating System
Company: Microsoft Corporation
OriginalFileName: net.exe
CommandLine: net.exe accounts
CurrentDirectory: C:\Program Files (x86)\ossec-agent\
User: NT AUTHORITY\SYSTEM
LogonGuid: {15959494-50d3-6758-e703-000000000000}
LogonId: 0x3E7
TerminalSessionId: 0
IntegrityLevel: System
Hashes: SHA1=A5BADC2DD4DBAA8ED5F0A3646F7248BF060A2F13,MD5=31890A7DE89936F922D44D677F681A7F,SHA256=7C4C7725E266F12ABA8C50FD1598D4001201BCA0E7ACA901508307E365AFFF42,IMPHASH=AC592B83B5CAEB41A6F6DF7DB53F9076
ParentProcessGuid: {15959494-50d9-6758-3400-000000000200}
ParentProcessId: 2556
ParentImage: C:\Program Files (x86)\ossec-agent\wazuh-agent.exe
ParentCommandLine: ""C:\Program Files (x86)\ossec-agent\wazuh-agent.exe""
ParentUser: NT AUTHORITY\SYSTEM""",5,2024-12-10T14:32:04.6588831Z,293,3480,DESKTOP-QGB4EQH,1,2452,INFORMATION,Microsoft-Windows-Sysmon,5,FALSE,3,Discovery activity executed,"[""sysmon"",""sysmon_eid1_detections"",""windows""]",92031,windows_eventchannel,log,"Dec 10, 2024 @ 14:32:05.615",EventChannel,1733841125,"Dec 10, 2024 @ 14:32:05.615", , , , , ,net.exe,C:\\Windows\\SysWOW64\\net.exe,Microsoft® Windows® Operating System, , ,Net Command, , ,{15959494-50e4-6758-5400-000000000200},2924,32:04.7,"SHA1=A5BADC2DD4DBAA8ED5F0A3646F7248BF060A2F13,MD5=31890A7DE89936F922D44D677F681A7F,SHA256=7C4C7725E266F12ABA8C50FD1598D4001201BCA0E7ACA901508307E365AFFF42,IMPHASH=AC592B83B5CAEB41A6F6DF7DB53F9076","technique_id=T1018,technique_name=Remote System Discovery",Microsoft Corporation,10.0.19041.1 (WinBuild.160101.0800),NT AUTHORITY\\SYSTEM,"[""Account Discovery""]","[""T1087""]","[""Discovery""]", , , , , , , , , , , ,{15959494-50d9-6758-3400-000000000200},{15959494-50d3-6758-e703-000000000000},"\""C:\\Program Files (x86)\\ossec-agent\\wazuh-agent.exe\""",0x3e7,2556,C:\\Program Files (x86)\\ossec-agent\\,C:\\Program Files (x86)\\ossec-agent\\wazuh-agent.exe,net.exe accounts,System,0,NT AUTHORITY\\SYSTEM, , , , , , , , , , , , , , , , , , , , , , , , , , , , , , , , , , , , , , , , , , , , , , , , , , , , , , , , , , , , , , , , , , , , , , , , , , , , , , , , , , , , , , , , , , , , , , , , , , , , , , , , , , 
wazuh-alerts-4.x-2024.12.10,9sf8sJMBnOFSf1lyFESJ,1,1,192.168.117.136,window-agent3,3,Maryam, , , ,1,0x8000000000000000,{5770385f-c22a-43e0-bf4c-06f5698ffbd9},4,Microsoft-Windows-Sysmon/Operational,0,"""Process Create:
RuleName: technique_id=T1018,technique_name=Remote System Discovery
UtcTime: 2024-12-10 14:32:08.338
ProcessGuid: {15959494-50e8-6758-5f00-000000000200}
ProcessId: 2888
Image: C:\Windows\SysWOW64\net1.exe
FileVersion: 10.0.19041.3636 (WinBuild.160101.0800)
Description: Net Command
Product: Microsoft® Windows® Operating System
Company: Microsoft Corporation
OriginalFileName: net1.exe
CommandLine: C:\WINDOWS\system32\net1 accounts
CurrentDirectory: C:\Program Files (x86)\ossec-agent\
User: NT AUTHORITY\SYSTEM
LogonGuid: {15959494-50d3-6758-e703-000000000000}
LogonId: 0x3E7
TerminalSessionId: 0
IntegrityLevel: System
Hashes: SHA1=3E46EB17BB05B8785C0B6A64587886EE95FACF66,MD5=4A26539015F4FDB3AC3C5EB14336C7A7,SHA256=B25CF32B7BB76D5A5121919C63E6AE77262347F4AD7B29EE3C43CBAA61F43957,IMPHASH=D45C7E138CFAD11059C95018C99B7C96
ParentProcessGuid: {15959494-50e5-6758-5700-000000000200}
ParentProcessId: 3920
ParentImage: C:\Windows\SysWOW64\net.exe
ParentCommandLine: net.exe accounts
ParentUser: NT AUTHORITY\SYSTEM""",5,2024-12-10T14:32:08.3696963Z,299,3480,DESKTOP-QGB4EQH,1,2452,INFORMATION,Microsoft-Windows-Sysmon,8,FALSE,3,Discovery activity executed,"[""sysmon"",""sysmon_eid1_detections"",""windows""]",92031,windows_eventchannel,log,"Dec 10, 2024 @ 14:32:09.410",EventChannel,1733841129,"Dec 10, 2024 @ 14:32:09.410", , , , , ,net1.exe,C:\\Windows\\SysWOW64\\net1.exe,Microsoft® Windows® Operating System, , ,Net Command, , ,{15959494-50e8-6758-5f00-000000000200},2888,32:08.3,"SHA1=3E46EB17BB05B8785C0B6A64587886EE95FACF66,MD5=4A26539015F4FDB3AC3C5EB14336C7A7,SHA256=B25CF32B7BB76D5A5121919C63E6AE77262347F4AD7B29EE3C43CBAA61F43957,IMPHASH=D45C7E138CFAD11059C95018C99B7C96","technique_id=T1018,technique_name=Remote System Discovery",Microsoft Corporation,10.0.19041.3636 (WinBuild.160101.0800),NT AUTHORITY\\SYSTEM,"[""Account Discovery""]","[""T1087""]","[""Discovery""]", , , , , , , , , , , ,{15959494-50e5-6758-5700-000000000200},{15959494-50d3-6758-e703-000000000000},net.exe accounts,0x3e7,3920,C:\\Program Files (x86)\\ossec-agent\\,C:\\Windows\\SysWOW64\\net.exe,C:\\WINDOWS\\system32\\net1 accounts,System,0,NT AUTHORITY\\SYSTEM, , , , , , , , , , , , , , , , , , , , , , , , , , , , , , , , , , , , , , , , , , , , , , , , , , , , , , , , , , , , , , , , , , , , , , , , , , , , , , , , , , , , , , , , , , , , , , , , , , , , , , , , , , 
wazuh-alerts-4.x-2024.12.10,2sf6sJMBnOFSf1lyKERT,1,1,192.168.117.129,agent1,4,Maryam, , , ,1014,0x80000000000000,{E23B33B0-C8C9-472C-A5F9-F2BDFEA0F156},2,Application,0,"""Acquisition of End User License failed. hr=0x80072EE7
Sku Id=4de7cb65-cdf1-4de9-8ae8-e3cce27b9f2c""",0,2024-12-10T14:29:51.816040900Z,6376,0,DESKTOP-B37GATP,0,0,ERROR,Microsoft-Windows-Security-SPP,12,FALSE,9,Windows application error event.,"[""windows"",""windows_application"",""system_error""]",60602,windows_eventchannel,log,"Dec 10, 2024 @ 14:29:59.804",EventChannel,1733840999,"Dec 10, 2024 @ 14:29:59.804","hr=0x80072EE7, 4de7cb65-cdf1-4de9-8ae8-e3cce27b9f2c", ,Software Protection Platform Service,"[""IV_35.7.d""]","[""4.3""]", , , , , , , , , , , , , , , , , , , , , , , , , , , , , , , , , , , , , , , , , , , , , , , , , , , , , , , , , , , , , , , , , , , , , , , , , , , , , , , , , , , , , , , , , , , , , , , , , , , , , , , , , , , , , , , , , , , , , , , , , , , , , , , , , , , , , , , , , , , , , , , , , , , 
wazuh-alerts-4.x-2024.12.10,28f6sJMBnOFSf1lyKERT,1,1,192.168.117.129,agent1,4,Maryam, , , ,1014,0x80000000000000,{E23B33B0-C8C9-472C-A5F9-F2BDFEA0F156},2,Application,0,"""Acquisition of End User License failed. hr=0x80072EE7
Sku Id=4de7cb65-cdf1-4de9-8ae8-e3cce27b9f2c""",0,2024-12-10T14:29:51.972251300Z,6380,0,DESKTOP-B37GATP,0,0,ERROR,Microsoft-Windows-Security-SPP,13,FALSE,9,Windows application error event.,"[""windows"",""windows_application"",""system_error""]",60602,windows_eventchannel,log,"Dec 10, 2024 @ 14:29:59.806",EventChannel,1733840999,"Dec 10, 2024 @ 14:29:59.806","hr=0x80072EE7, 4de7cb65-cdf1-4de9-8ae8-e3cce27b9f2c", ,Software Protection Platform Service,"[""IV_35.7.d""]","[""4.3""]", , , , , , , , , , , , , , , , , , , , , , , , , , , , , , , , , , , , , , , , , , , , , , , , , , , , , , , , , , , , , , , , , , , , , , , , , , , , , , , , , , , , , , , , , , , , , , , , , , , , , , , , , , , , , , , , , , , , , , , , , , , , , , , , , , , , , , , , , , , , , , , , , , , 
wazuh-alerts-4.x-2024.12.10,3sf6sJMBnOFSf1lyKERT,1,1,192.168.117.129,agent1,4,Maryam, , , ,8198,0x80000000000000,{E23B33B0-C8C9-472C-A5F9-F2BDFEA0F156},2,Application,0,"""License Activation (slui.exe) failed with the following error code:
hr=0x80072EE7
Command-line arguments:
RuleId=31e71c49-8da7-4a2f-ad92-45d98a1c79ba;Action=AutoActivate;AppId=55c92734-d682-4d71-983e-d6ec3f16059f;SkuId=4de7cb65-cdf1-4de9-8ae8-e3cce27b9f2c;NotificationInterval=1440;Trigger=NetworkAvailable""",0,2024-12-10T14:29:52.503393900Z,6389,0,DESKTOP-B37GATP,0,0,ERROR,Microsoft-Windows-Security-SPP,6,FALSE,5,License activation (slui.exe) failed.,"[""windows"",""windows_application""]",60646,windows_eventchannel,log,"Dec 10, 2024 @ 14:29:59.808",EventChannel,1733840999,"Dec 10, 2024 @ 14:29:59.808","hr=0x80072EE7, RuleId=31e71c49-8da7-4a2f-ad92-45d98a1c79ba;Action=AutoActivate;AppId=55c92734-d682-4d71-983e-d6ec3f16059f;SkuId=4de7cb65-cdf1-4de9-8ae8-e3cce27b9f2c;NotificationInterval=1440;Trigger=NetworkAvailable", ,Software Protection Platform Service, , , , , , , , , , , , , , , , , , , , , , , , , , , , , , , , , , , , , , , , , , , , , , , , , , , , , , , , , , , , , , , , , , , , , , , , , , , , , , , , , , , , , , , , , , , , , , , , , , , , , , , , , , , , , , , , , , , , , , , , , , , , , , , , , , , , , , , , , , , , , , , , , , , , , 
wazuh-alerts-4.x-2024.12.10,38f6sJMBnOFSf1lyKERT,1,1,192.168.117.129,agent1,4,Maryam,128,02000000C0A87502000000000000000000000000000000000000000000000000000000000000000000000000000000000000000000000000000000000000000000000000000000000000000000000000000000000000000000000000000000000000000000000000000000000000000000000000000000000000000000000000,geover.prod.do.dsp.mp.microsoft.com,1014,0x4000000010000000,{1C95126E-7EEA-49A9-A3FE-A378B03DDB4D},3,System,0,"""Name resolution for the name geover.prod.do.dsp.mp.microsoft.com timed out after none of the configured DNS servers responded.""",0,2024-12-10T14:29:51.644792900Z,3285,7376,DESKTOP-B37GATP,1014,1432,WARNING,Microsoft-Windows-DNS-Client,15,FALSE,5,Name resolution for the name geover.prod.do.dsp.mp.microsoft.com timed out,"[""windows"",""windows_system""]",61109,windows_eventchannel,log,"Dec 10, 2024 @ 14:29:59.809",EventChannel,1733840999,"Dec 10, 2024 @ 14:29:59.809", , , , , , , , , , , , , , , , , , , , , , , , , , , , , , , , , , , , , , , , , , , , , , , , , , , , , , , , , , , , , , , , , , , , , , , , , , , , , , , , , , , , , , , , , , , , , , , , , , , , , , , , , , , , , , , , , , , , , , , , , , , , , , , , , , , , , , , , , , , , , , , , , , , , , , , , 
wazuh-alerts-4.x-2024.12.10,4Mf6sJMBnOFSf1lyKERT,1,1,192.168.117.129,agent1,4,Maryam, , , ,8198,0x80000000000000,{E23B33B0-C8C9-472C-A5F9-F2BDFEA0F156},2,Application,0,"""License Activation (slui.exe) failed with the following error code:
hr=0x80072EE7
Command-line arguments:
RuleId=31e71c49-8da7-4a2f-ad92-45d98a1c79ba;Action=AutoActivate;AppId=55c92734-d682-4d71-983e-d6ec3f16059f;SkuId=4de7cb65-cdf1-4de9-8ae8-e3cce27b9f2c;NotificationInterval=1440;Trigger=NetworkAvailable""",0,2024-12-10T14:29:52.237918200Z,6383,0,DESKTOP-B37GATP,0,0,ERROR,Microsoft-Windows-Security-SPP,7,FALSE,5,License activation (slui.exe) failed.,"[""windows"",""windows_application""]",60646,windows_eventchannel,log,"Dec 10, 2024 @ 14:29:59.806",EventChannel,1733840999,"Dec 10, 2024 @ 14:29:59.806","hr=0x80072EE7, RuleId=31e71c49-8da7-4a2f-ad92-45d98a1c79ba;Action=AutoActivate;AppId=55c92734-d682-4d71-983e-d6ec3f16059f;SkuId=4de7cb65-cdf1-4de9-8ae8-e3cce27b9f2c;NotificationInterval=1440;Trigger=NetworkAvailable", ,Software Protection Platform Service, , , , , , , , , , , , , , , , , , , , , , , , , , , , , , , , , , , , , , , , , , , , , , , , , , , , , , , , , , , , , , , , , , , , , , , , , , , , , , , , , , , , , , , , , , , , , , , , , , , , , , , , , , , , , , , , , , , , , , , , , , , , , , , , , , , , , , , , , , , , , , , , , , , , , 
wazuh-alerts-4.x-2024.12.10,48f6sJMBnOFSf1lyNEQH,1,1,192.168.117.129,agent1,4,Maryam,128,02000000C0A87502000000000000000000000000000000000000000000000000000000000000000000000000000000000000000000000000000000000000000000000000000000000000000000000000000000000000000000000000000000000000000000000000000000000000000000000000000000000000000000000000,wpad,1014,0x4000000010000000,{1C95126E-7EEA-49A9-A3FE-A378B03DDB4D},3,System,0,"""Name resolution for the name wpad timed out after none of the configured DNS servers responded.""",0,2024-12-10T14:30:03.284924100Z,3287,10388,DESKTOP-B37GATP,1014,1432,WARNING,Microsoft-Windows-DNS-Client,16,FALSE,5,Name resolution for the name wpad timed out,"[""windows"",""windows_system""]",61109,windows_eventchannel,log,"Dec 10, 2024 @ 14:30:04.476",EventChannel,1733841004,"Dec 10, 2024 @ 14:30:04.476", , , , , , , , , , , , , , , , , , , , , , , , , , , , , , , , , , , , , , , , , , , , , , , , , , , , , , , , , , , , , , , , , , , , , , , , , , , , , , , , , , , , , , , , , , , , , , , , , , , , , , , , , , , , , , , , , , , , , , , , , , , , , , , , , , , , , , , , , , , , , , , , , , , , , , , , 
wazuh-alerts-4.x-2024.12.10,0cf5sJMBnOFSf1ly7USs,1,1,192.168.117.129,agent1,4,Maryam,128,02000000C0A87502000000000000000000000000000000000000000000000000000000000000000000000000000000000000000000000000000000000000000000000000000000000000000000000000000000000000000000000000000000000000000000000000000000000000000000000000000000000000000000000000,activation-v2.sls.microsoft.com,1014,0x4000000010000000,{1C95126E-7EEA-49A9-A3FE-A378B03DDB4D},3,System,0,"""Name resolution for the name activation-v2.sls.microsoft.com timed out after none of the configured DNS servers responded.""",0,2024-12-10T14:29:40.285266900Z,3280,4380,DESKTOP-B37GATP,1014,1432,WARNING,Microsoft-Windows-DNS-Client,13,FALSE,5,Name resolution for the name activation-v2.sls.microsoft.com timed out,"[""windows"",""windows_system""]",61109,windows_eventchannel,log,"Dec 10, 2024 @ 14:29:46.212",EventChannel,1733840986,"Dec 10, 2024 @ 14:29:46.212", , , , , , , , , , , , , , , , , , , , , , , , , , , , , , , , , , , , , , , , , , , , , , , , , , , , , , , , , , , , , , , , , , , , , , , , , , , , , , , , , , , , , , , , , , , , , , , , , , , , , , , , , , , , , , , , , , , , , , , , , , , , , , , , , , , , , , , , , , , , , , , , , , , , , , , , 
wazuh-alerts-4.x-2024.12.10,v8f1sJMBnOFSf1lyRkRT,1,1,192.168.117.129,agent1,4,Maryam,128,02000000C0A87502000000000000000000000000000000000000000000000000000000000000000000000000000000000000000000000000000000000000000000000000000000000000000000000000000000000000000000000000000000000000000000000000000000000000000000000000000000000000000000000000,wpad,1014,0x4000000010000000,{1C95126E-7EEA-49A9-A3FE-A378B03DDB4D},3,System,0,"""Name resolution for the name wpad timed out after none of the configured DNS servers responded.""",0,2024-12-10T14:24:33.535185200Z,3267,4712,DESKTOP-B37GATP,1014,1432,WARNING,Microsoft-Windows-DNS-Client,8,FALSE,5,Name resolution for the name wpad timed out,"[""windows"",""windows_system""]",61109,windows_eventchannel,log,"Dec 10, 2024 @ 14:24:34.741",EventChannel,1733840674,"Dec 10, 2024 @ 14:24:34.741", , , , , , , , , , , , , , , , , , , , , , , , , , , , , , , , , , , , , , , , , , , , , , , , , , , , , , , , , , , , , , , , , , , , , , , , , , , , , , , , , , , , , , , , , , , , , , , , , , , , , , , , , , , , , , , , , , , , , , , , , , , , , , , , , , , , , , , , , , , , , , , , , , , , , , , , 
wazuh-alerts-4.x-2024.12.10,ysf2sJMBnOFSf1lyJETv,1,1,192.168.117.129,agent1,4,Maryam, , , ,16384,0x80000000000000,{E23B33B0-C8C9-472C-A5F9-F2BDFEA0F156},4,Application,0,"""Successfully scheduled Software Protection service for re-start at 2024-12-11T14:24:39Z. Reason: RulesEngine.""",0,2024-12-10T14:25:39.347392800Z,6366,0,DESKTOP-B37GATP,0,0,INFORMATION,Microsoft-Windows-Security-SPP,4,FALSE,3,Software protection service scheduled successfully.,"[""windows"",""windows_application""]",60642,windows_eventchannel,log,"Dec 10, 2024 @ 14:25:39.551",EventChannel,1733840739,"Dec 10, 2024 @ 14:25:39.551","2024-12-11T14:24:39Z, RulesEngine", ,Software Protection Platform Service, , , , , , , , , , , , , , , , , , , , , , , , , , , , , , , , , , , , , , , , , , , , , , , , , , , , , , , , , , , , , , , , , , , , , , , , , , , , , , , , , , , , , , , , , , , , , , , , , , , , , , , , , , , , , , , , , , , , , , , , , , , , , , , , , , , , , , , , , , , , , , , , , , , , , 
wazuh-alerts-4.x-2024.12.10,Tsf-sJMBnOFSf1lyIEUY,1,1,192.168.117.136,window-agent3,3,Maryam, , , ,4624,0x8020000000000000,{54849625-5478-4994-a5ba-3e3b0328c30d},0,Security,0,"""An account was successfully logged on.

Subject:
	Security ID:		S-1-5-18
	Account Name:		DESKTOP-QGB4EQH$
	Account Domain:		WORKGROUP
	Logon ID:		0x3E7

Logon Information:
	Logon Type:		5
	Restricted Admin Mode:	-
	Virtual Account:		No
	Elevated Token:		Yes

Impersonation Level:		Impersonation

New Logon:
	Security ID:		S-1-5-18
	Account Name:		SYSTEM
	Account Domain:		NT AUTHORITY
	Logon ID:		0x3E7
	Linked Logon ID:		0x0
	Network Account Name:	-
	Network Account Domain:	-
	Logon GUID:		{00000000-0000-0000-0000-000000000000}

Process Information:
	Process ID:		0x284
	Process Name:		C:\Windows\System32\services.exe

Network Information:
	Workstation Name:	-
	Source Network Address:	-
	Source Port:		-

Detailed Authentication Information:
	Logon Process:		Advapi  
	Authentication Package:	Negotiate
	Transited Services:	-
	Package Name (NTLM only):	-
	Key Length:		0

This event is generated when a logon session is created. It is generated on the computer that was accessed.

The subject fields indicate the account on the local system which requested the logon. This is most commonly a service such as the Server service, or a local process such as Winlogon.exe or Services.exe.

The logon type field indicates the kind of logon that occurred. The most common types are 2 (interactive) and 3 (network).

The New Logon fields indicate the account for whom the new logon was created, i.e. the account that was logged on.

The network fields indicate where a remote logon request originated. Workstation name is not always available and may be left blank in some cases.

The impersonation level field indicates the extent to which a process in the logon session can impersonate.

The authentication information fields provide detailed information about this specific logon request.
	- Logon GUID is a unique identifier that can be used to correlate this event with a KDC event.
	- Transited services indicate which intermediate services have participated in this logon request.
	- Package name indicates which sub-protocol was used among the NTLM protocols.
	- Key length indicates the length of the generated session key. This will be 0 if no session key was requested.""",2,2024-12-10T14:34:16.3885538Z,180,816,DESKTOP-QGB4EQH,12544,672,AUDIT_SUCCESS,Microsoft-Windows-Security-Auditing,6,FALSE,3,Windows logon success.,"[""windows"",""windows_security"",""authentication_success""]",60106,windows_eventchannel,log,"Dec 10, 2024 @ 14:34:22.019",EventChannel,1733841262,"Dec 10, 2024 @ 14:34:22.019", , , ,"[""IV_32.2""]","[""7.1"",""7.2""]", , , , , , , , , ,0x284, , , , , , ,"[""Valid Accounts""]","[""T1078""]","[""Defense Evasion"",""Persistence"",""Privilege Escalation"",""Initial Access""]", , , , , , ,"[""10.2.5""]","[""164.312.b""]","[""CC6.8"",""CC7.2"",""CC7.3""]","[""AC.7"",""AU.14""]", , ,{00000000-0000-0000-0000-000000000000}, , , , , , , , , ,0x3e7,WORKGROUP,0x0,%%1833,Negotiate,0x3e7,Advapi,SYSTEM,0,%%1842,S-1-5-18,C:\\Windows\\System32\\services.exe,NT AUTHORITY,S-1-5-18,%%1843,5,DESKTOP-QGB4EQH$, , , , , , , , , , , , , , , , , , , , , , , , , , , , , , , , , , , , , , , , , , , , , , , , , , , , , , , , , , , , , , , , , , , , , , , , , , , , , , , , , , , , , , , , , 
wazuh-alerts-4.x-2024.12.10,UMf-sJMBnOFSf1lyJ0Xo,1,1,192.168.117.136,window-agent3,3,Maryam, , , ,2002,0x8000000000000000,{cab2b8a5-49b9-4eec-b1b0-fac21da05a3b},2,Application,0,"""Unable to open the Redirector service performance object. The first four bytes (DWORD) of the Data section contains the status code.""",1,2024-12-10T14:34:23.0314527Z,118,3496,DESKTOP-QGB4EQH,0,3760,ERROR,Microsoft-Windows-PerfNet,1,FALSE,10,Multiple Windows error application events.,"[""windows"",""windows_application""]",61061,windows_eventchannel,log,"Dec 10, 2024 @ 14:34:24.551",EventChannel,1733841264,"Dec 10, 2024 @ 14:34:24.551", , , , , , , , , , , , , , , , , , , , , , , , , , , , , , , , , , , , , , , , , , , , , , , , , , , , , , , , , , , , , , , ,"{""win"":{""system"":{""providerName"":""Microsoft-Windows-MSDTC Client 2"",""providerGuid"":""{155CB334-3D7F-4ff1-B107-DF8AFC3C0363}"",""eventSourceName"":""MSDTC Client 2"",""eventID"":""4104"",""version"":""0"",""level"":""2"",""task"":""14"",""opcode"":""0"",""keywords"":""0x80000000000000"",""systemTime"":""2024-12-10T14:32:41.2456740Z"",""eventRecordID"":""113"",""processID"":""0"",""threadID"":""0"",""channel"":""Application"",""computer"":""DESKTOP-QGB4EQH"",""severityValue"":""ERROR"",""message"":""\""Failed trying to get the state of the cluster node: .The error code returned: 0x8007085A\""""},""eventdata"":{""param2"":""0x8007085A""}}}
{""win"":{""system"":{""providerName"":""Microsoft-Windows-MSDTC Client 2"",""providerGuid"":""{155CB334-3D7F-4ff1-B107-DF8AFC3C0363}"",""eventSourceName"":""MSDTC Client 2"",""eventID"":""4104"",""version"":""0"",""level"":""2"",""task"":""14"",""opcode"":""0"",""keywords"":""0x80000000000000"",""systemTime"":""2024-12-10T14:32:40.7300243Z"",""eventRecordID"":""111"",""processID"":""0"",""threadID"":""0"",""channel"":""Application"",""computer"":""DESKTOP-QGB4EQH"",""severityValue"":""ERROR"",""message"":""\""Failed trying to get the state of the cluster node: .The error code returned: 0x8007085A\""""},""eventdata"":{""param2"":""0x8007085A""}}}
{""win"":{""system"":{""providerName"":""Microsoft-Windows-MSDTC 2"",""providerGuid"":""{5D9E0020-3761-4f36-90C8-38CE6511BD12}"",""eventSourceName"":""MSDTC 2"",""eventID"":""4104"",""version"":""0"",""level"":""2"",""task"":""14"",""opcode"":""0"",""keywords"":""0x80000000000000"",""systemTime"":""2024-12-10T14:32:40.6677009Z"",""eventRecordID"":""109"",""processID"":""0"",""threadID"":""0"",""channel"":""Application"",""computer"":""DESKTOP-QGB4EQH"",""severityValue"":""ERROR"",""message"":""\""Failed trying to get the state of the cluster node: .The error code returned: 0x8007085A\""""},""eventdata"":{""param2"":""0x8007085A""}}}
{""win"":{""system"":{""providerName"":""Microsoft-Windows-MSDTC Client 2"",""providerGuid"":""{155CB334-3D7F-4ff1-B107-DF8AFC3C0363}"",""eventSourceName"":""MSDTC Client 2"",""eventID"":""4104"",""version"":""0"",""level"":""2"",""task"":""14"",""opcode"":""0"",""keywords"":""0x80000000000000"",""systemTime"":""2024-12-10T14:32:40.5735204Z"",""eventRecordID"":""107"",""processID"":""0"",""threadID"":""0"",""channel"":""Application"",""computer"":""DESKTOP-QGB4EQH"",""severityValue"":""ERROR"",""message"":""\""Failed trying to get the state of the cluster node: .The error code returned: 0x8007085A\""""},""eventdata"":{""param2"":""0x8007085A""}}}
{""win"":{""system"":{""providerName"":""Microsoft-Windows-PerfNet"",""providerGuid"":""{cab2b8a5-49b9-4eec-b1b0-fac21da05a3b}"",""eventID"":""2002"",""version"":""1"",""level"":""2"",""task"":""0"",""opcode"":""0"",""keywords"":""0x8000000000000000"",""systemTime"":""2024-12-10T14:32:20.2963765Z"",""eventRecordID"":""105"",""processID"":""3760"",""threadID"":""3804"",""channel"":""Application"",""computer"":""DESKTOP-QGB4EQH"",""severityValue"":""ERROR"",""message"":""\""Unable to open the Redirector service performance object. The first four bytes (DWORD) of the Data section contains the status code.\""""},""eventdata"":{""nTSTATUS"":""3221225524""}}}
{""win"":{""system"":{""providerName"":""Microsoft-Windows-MSDTC Client 2"",""providerGuid"":""{155CB334-3D7F-4ff1-B107-DF8AFC3C0363}"",""eventSourceName"":""MSDTC Client 2"",""eventID"":""4104"",""version"":""0"",""level"":""2"",""task"":""14"",""opcode"":""0"",""keywords"":""0x80000000000000"",""systemTime"":""2024-12-10T14:32:20.2456431Z"",""eventRecordID"":""103"",""processID"":""0"",""threadID"":""0"",""channel"":""Application"",""computer"":""DESKTOP-QGB4EQH"",""severityValue"":""ERROR"",""message"":""\""Failed trying to get the state of the cluster node: .The error code returned: 0x8007085A\""""},""eventdata"":{""param2"":""0x8007085A""}}}
{""win"":{""system"":{""providerName"":""Microsoft-Windows-WMI"",""providerGuid"":""{1edeee53-0afe-4609-b846-d8c0b2075b1f}"",""eventID"":""10"",""version"":""2"",""level"":""2"",""task"":""0"",""opcode"":""0"",""keywords"":""0x8000000000000000"",""systemTime"":""2024-12-10T14:31:55.6671554Z"",""eventRecordID"":""102"",""processID"":""876"",""threadID"":""3192"",""channel"":""Application"",""computer"":""DESKTOP-QGB4EQH"",""severityValue"":""ERROR"",""message"":""\""Event filter with query \""//./root/subscription\"" could not be reactivated in namespace \""SELECT * FROM __InstanceCreationEvent Within 3 Where TargetInstance Isa \""Win32_Process\"" And Targetinstance.Name = \""notepad.exe\"" \"" because of error 0x80041010. Events cannot be delivered through this filter until the problem is corrected.\""""},""data_0x8000003F"":{""query"":""//./root/subscription"",""namespace"":""SELECT * FROM __InstanceCreationEvent Within 3 Where TargetInstance Isa \\\""Win32_Process\\\"" And Targetinstance.Name = \\\""notepad.exe\\\"""",""error"":""0x80041010""}}}",3221225524,8, , , , , , , , , , , , , , , , , , , , , , , , , , , , , , , , , , , , , , , , , , , , , , , , , , , , , , , , , , , , , , , , , , , , , , , , , , , , , , , , , , , , , , 
wazuh-alerts-4.x-2024.12.10,Isf8sJMBnOFSf1lyWkXh,1,1,192.168.117.136,window-agent3,3,Maryam, , , ,11,0x8000000000000000,{5770385f-c22a-43e0-bf4c-06f5698ffbd9},4,Microsoft-Windows-Sysmon/Operational,0,"""File created:
RuleName: technique_id=T1574.010,technique_name=Services File Permissions Weakness
UtcTime: 2024-12-10 14:32:25.136
ProcessGuid: {15959494-50d9-6758-2800-000000000200}
ProcessId: 2096
Image: C:\WINDOWS\System32\spoolsv.exe
TargetFilename: C:\Windows\System32\spool\drivers\x64\3\New\PCLXL.DLL
CreationUtcTime: 2024-12-10 14:32:25.136
User: NT AUTHORITY\SYSTEM""",2,2024-12-10T14:32:25.1427516Z,565,3480,DESKTOP-QGB4EQH,11,2452,INFORMATION,Microsoft-Windows-Sysmon,8,TRUE,12,"DLL file created by printer spool service, possible malware binary drop from PrintNightmare exploit","[""sysmon"",""sysmon_eid11_detections"",""windows""]",92206,windows_eventchannel,log,"Dec 10, 2024 @ 14:32:26.988",EventChannel,1733841146,"Dec 10, 2024 @ 14:32:26.988", , , , , , ,C:\\WINDOWS\\System32\\spoolsv.exe, , , , , , ,{15959494-50d9-6758-2800-000000000200},2096,32:25.1, ,"technique_id=T1574.010,technique_name=Services File Permissions Weakness", , ,NT AUTHORITY\\SYSTEM,"[""Services File Permissions Weakness""]","[""T1574.010""]","[""Persistence"",""Privilege Escalation"",""Defense Evasion""]", ,C:\\Windows\\System32\\spool\\drivers\\x64\\3\\New\\PCLXL.DLL,32:25.1, , , , , , , , , , , , , , , , , , , , , , , , , , , , , , , , , , , , , , , , , , , , , , , , , , , , , , , , , , , , , , , , , , , , , , , , , , , , , , , , , , , , , , , , , , , , , , , , , , , , , , , , , , , , , , , , , , , , , , , , , , , , , 
wazuh-alerts-4.x-2024.12.10,JMf8sJMBnOFSf1lyWkXh,1,1,192.168.117.136,window-agent3,3,Maryam, , , ,11,0x8000000000000000,{5770385f-c22a-43e0-bf4c-06f5698ffbd9},4,Microsoft-Windows-Sysmon/Operational,0,"""File created:
RuleName: technique_id=T1574.010,technique_name=Services File Permissions Weakness
UtcTime: 2024-12-10 14:32:25.152
ProcessGuid: {15959494-50d9-6758-2800-000000000200}
ProcessId: 2096
Image: C:\WINDOWS\System32\spoolsv.exe
TargetFilename: C:\Windows\System32\spool\drivers\x64\3\New\PS5UI.DLL
CreationUtcTime: 2024-12-10 14:32:25.152
User: NT AUTHORITY\SYSTEM""",2,2024-12-10T14:32:25.1533343Z,569,3480,DESKTOP-QGB4EQH,11,2452,INFORMATION,Microsoft-Windows-Sysmon,10,TRUE,12,"DLL file created by printer spool service, possible malware binary drop from PrintNightmare exploit","[""sysmon"",""sysmon_eid11_detections"",""windows""]",92206,windows_eventchannel,log,"Dec 10, 2024 @ 14:32:27.034",EventChannel,1733841147,"Dec 10, 2024 @ 14:32:27.034", , , , , , ,C:\\WINDOWS\\System32\\spoolsv.exe, , , , , , ,{15959494-50d9-6758-2800-000000000200},2096,32:25.2, ,"technique_id=T1574.010,technique_name=Services File Permissions Weakness", , ,NT AUTHORITY\\SYSTEM,"[""Services File Permissions Weakness""]","[""T1574.010""]","[""Persistence"",""Privilege Escalation"",""Defense Evasion""]", ,C:\\Windows\\System32\\spool\\drivers\\x64\\3\\New\\PS5UI.DLL,32:25.2, , , , , , , , , , , , , , , , , , , , , , , , , , , , , , , , , , , , , , , , , , , , , , , , , , , , , , , , , , , , , , , , , , , , , , , , , , , , , , , , , , , , , , , , , , , , , , , , , , , , , , , , , , , , , , , , , , , , , , , , , , , , , 
wazuh-alerts-4.x-2024.12.10,J8f8sJMBnOFSf1lyWkXh,1,1,192.168.117.136,window-agent3,3,Maryam, , , ,11,0x8000000000000000,{5770385f-c22a-43e0-bf4c-06f5698ffbd9},4,Microsoft-Windows-Sysmon/Operational,0,"""File created:
RuleName: technique_id=T1574.010,technique_name=Services File Permissions Weakness
UtcTime: 2024-12-10 14:32:25.198
ProcessGuid: {15959494-50d9-6758-2800-000000000200}
ProcessId: 2096
Image: C:\WINDOWS\System32\spoolsv.exe
TargetFilename: C:\Windows\System32\spool\drivers\x64\3\New\UNIDRVUI.DLL
CreationUtcTime: 2024-12-10 14:32:25.198
User: NT AUTHORITY\SYSTEM""",2,2024-12-10T14:32:25.2034009Z,582,3480,DESKTOP-QGB4EQH,11,2452,INFORMATION,Microsoft-Windows-Sysmon,13,TRUE,12,"DLL file created by printer spool service, possible malware binary drop from PrintNightmare exploit","[""sysmon"",""sysmon_eid11_detections"",""windows""]",92206,windows_eventchannel,log,"Dec 10, 2024 @ 14:32:27.254",EventChannel,1733841147,"Dec 10, 2024 @ 14:32:27.254", , , , , , ,C:\\WINDOWS\\System32\\spoolsv.exe, , , , , , ,{15959494-50d9-6758-2800-000000000200},2096,32:25.2, ,"technique_id=T1574.010,technique_name=Services File Permissions Weakness", , ,NT AUTHORITY\\SYSTEM,"[""Services File Permissions Weakness""]","[""T1574.010""]","[""Persistence"",""Privilege Escalation"",""Defense Evasion""]", ,C:\\Windows\\System32\\spool\\drivers\\x64\\3\\New\\UNIDRVUI.DLL,32:25.2, , , , , , , , , , , , , , , , , , , , , , , , , , , , , , , , , , , , , , , , , , , , , , , , , , , , , , , , , , , , , , , , , , , , , , , , , , , , , , , , , , , , , , , , , , , , , , , , , , , , , , , , , , , , , , , , , , , , , , , , , , , , , 
wazuh-alerts-4.x-2024.12.10,L8f8sJMBnOFSf1lyakWE,1,1,192.168.117.136,window-agent3,3,Maryam, , , , , , , , , , , , , , , , , , , ,7,FALSE,3,CIS Microsoft Windows 10 Enterprise Benchmark v1.12.0: Ensure 'Audit Special Logon' is set to include 'Success'.: Status changed from failed to passed,"[""sca""]",19010,sca,log,"Dec 10, 2024 @ 14:32:30.206",sca,1733841150,"Dec 10, 2024 @ 14:32:30.206", , , ,"[""IV_35.7.d""]", , , , , , , , , , , , , , , , , , , , , , , , , , ,"[""2.2""]", ,"[""CC7.1"",""CC7.2""]","[""CM.1""]", , , , , , , , , , , , , , , , , , , , , , , , , , , , , , , , ,1543402245,passed,"To establish the recommended configuration via GP, set the following UI path to include Success: Computer Configuration\Policies\Windows Settings\Security Settings\Advanced Audit Policy Configuration\Audit Policies\Logon/Logoff\Audit Special Logon",failed,8.5,17.5.6,This subcategory reports when a special logon is used. A special logon is a logon that has administrator-equivalent privileges and can be used to elevate a process to a higher level. Events for this subcategory include: - 4964 : Special groups have been assigned to a new logon. The recommended state for this setting is to include: Success.,15656,Ensure 'Audit Special Logon' is set to include 'Success'.,Auditing these events may be useful when investigating a security incident.,"[""auditpol.exe /get /subcategory:\""Special Logon\""""]",check,CIS Microsoft Windows 10 Enterprise Benchmark v1.12.0,"[""8.5""]","[""17.5.6""]", , , , , , , , , , , , , , , , , , , , , , , , , , , , , , , , , , , , , , , , , , , , , , , , , , , , , , , , , , , , , , , , , , , , , , , 
wazuh-alerts-4.x-2024.12.10,Mcf8sJMBnOFSf1lyakWE,1,1,192.168.117.136,window-agent3,3,Maryam, , , , , , , , , , , , , , , , , , , ,9,FALSE,3,CIS Microsoft Windows 10 Enterprise Benchmark v1.12.0: Ensure 'Audit Authentication Policy Change' is set to include 'Success'.: Status changed from failed to passed,"[""sca""]",19010,sca,log,"Dec 10, 2024 @ 14:32:30.300",sca,1733841150,"Dec 10, 2024 @ 14:32:30.300", , , ,"[""IV_35.7.d""]", , , , , , , , , , , , , , , , , , , , , , , , , , ,"[""2.2""]", ,"[""CC7.1"",""CC7.2""]","[""CM.1""]", , , , , , , , , , , , , , , , , , , , , , , , , , , , , , , , ,1543402245,passed,"To establish the recommended configuration via GP, set the following UI path to include Success: Computer Configuration\Policies\Windows Settings\Security Settings\Advanced Audit Policy Configuration\Audit Policies\Policy Change\Audit Authentication Policy Change",failed,8.5,17.7.2,This subcategory reports changes in authentication policy. Events for this subcategory include - 4706: A new trust was created to a domain. - 4707: A trust to a domain was removed. - 4713: Kerberos policy was changed. - 4716: Trusted domain information was modified. - 4717: System security access was granted to an account. - 4718: System security access was removed from an account. - 4739: Domain Policy was changed. - 4864: A namespace collision was detected. - 4865: A trusted forest information entry was added. - 4866: A trusted forest information entry was removed.  - 4867: A trusted forest information entry was modified. The recommended state for this setting is to include: Success.,15662,Ensure 'Audit Authentication Policy Change' is set to include 'Success'.,Auditing these events may be useful when investigating a security incident.,"[""auditpol.exe /get /subcategory:\""Authentication Policy Change\""""]",check,CIS Microsoft Windows 10 Enterprise Benchmark v1.12.0,"[""8.5""]","[""17.7.2""]", , , , , , , , , , , , , , , , , , , , , , , , , , , , , , , , , , , , , , , , , , , , , , , , , , , , , , , , , , , , , , , , , , , , , , , 
wazuh-alerts-4.x-2024.12.10,Msf8sJMBnOFSf1lyakWE,1,1,192.168.117.136,window-agent3,3,Maryam, , , , , , , , , , , , , , , , , , , ,10,FALSE,3,CIS Microsoft Windows 10 Enterprise Benchmark v1.12.0: Ensure 'Audit Other System Events' is set to 'Success and Failure'.: Status changed from failed to passed,"[""sca""]",19010,sca,log,"Dec 10, 2024 @ 14:32:30.394",sca,1733841150,"Dec 10, 2024 @ 14:32:30.394", , , ,"[""IV_35.7.d""]", , , , , , , , , , , , , , , , , , , , , , , , , , ,"[""2.2""]", ,"[""CC7.1"",""CC7.2""]","[""CM.1""]", , , , , , , , , , , , , , , , , , , , , , , , , , , , , , , , ,1543402245,passed,"To establish the recommended configuration via GP, set the following UI path to Success and Failure: Computer Configuration\Policies\Windows Settings\Security Settings\Advanced Audit Policy Configuration\Audit Policies\System\Audit Other System Events",failed,8.5,17.9.2,This subcategory reports on other system events. Events for this subcategory include: - 5024 : The Windows Firewall Service has started successfully. - 5025 : The Windows Firewall Service has been stopped. - 5027 : The Windows Firewall Service was unable to retrieve the security policy from the local storage. The service will continue enforcing the current policy. - 5028 : The Windows Firewall Service was unable to parse the new security policy. The service will continue with currently enforced policy. - 5029: The Windows Firewall Service failed to initialize the driver. The service will continue to enforce the current policy. - 5030: The Windows Firewall Service failed to start. - 5032: Windows Firewall was unable to notify the user that it blocked an application from accepting incoming connections on the network. - 5033 : The Windows Firewall Driver has started successfully. - 5034 : The Windows Firewall Driver has been stopped. - 5035 : The Windows Firewall Driver failed to start. - 5037 : The Windows Firewall Driver detected critical runtime error. Terminating. - 5058: Key file operation. - 5059: Key migration operation. The recommended state for this setting is: Success and Failure.,15668,Ensure 'Audit Other System Events' is set to 'Success and Failure'.,Capturing these audit events may be useful for identifying when the Windows Firewall is not performing as expected.,"[""auditpol.exe /get /subcategory:\""Other System Events\""""]",check,CIS Microsoft Windows 10 Enterprise Benchmark v1.12.0,"[""8.5""]","[""17.9.2""]", , , , , , , , , , , , , , , , , , , , , , , , , , , , , , , , , , , , , , , , , , , , , , , , , , , , , , , , , , , , , , , , , , , , , , , 
wazuh-alerts-4.x-2024.12.10,SMf-sJMBnOFSf1lyFEVf,1,1,192.168.117.136,window-agent3,3,Maryam, , , ,7,0x8000000000000000,{5770385f-c22a-43e0-bf4c-06f5698ffbd9},4,Microsoft-Windows-Sysmon/Operational,0,"""Image loaded:
RuleName: technique_id=T1053,technique_name=Scheduled Task
UtcTime: 2024-12-10 14:34:13.292
ProcessGuid: {15959494-5106-6758-c300-000000000200}
ProcessId: 3916
Image: C:\$WINDOWS.~BT\Sources\mighost.exe
ImageLoaded: C:\Windows\System32\taskschd.dll
FileVersion: 10.0.19041.3636 (WinBuild.160101.0800)
Description: Task Scheduler COM API
Product: Microsoft® Windows® Operating System
Company: Microsoft Corporation
OriginalFileName: taskschd.dll
Hashes: SHA1=633C92F5A5000CDE3235C7FDC306B2B04C501C48,MD5=84F942C1A4BD60C94EBEC6643E0216C9,SHA256=BBE733452E6CE871D5D2064948847AAB2A71F7FEDA2C962BA4002F64E2D198F2,IMPHASH=B7A4477FA36E2E5287EE76AC4AFCB05B
Signed: true
Signature: Microsoft Windows
SignatureStatus: Valid
User: NT AUTHORITY\SYSTEM""",3,2024-12-10T14:34:13.3060644Z,1043,3480,DESKTOP-QGB4EQH,7,2452,INFORMATION,Microsoft-Windows-Sysmon,7,FALSE,4,Process loaded taskschd.dll module. May be used to create delayed malware execution,"[""sysmon"",""sysmon_eid7_detections"",""windows""]",92154,windows_eventchannel,log,"Dec 10, 2024 @ 14:34:14.350",EventChannel,1733841254,"Dec 10, 2024 @ 14:34:14.350", , , , , ,taskschd.dll,C:\\$WINDOWS.~BT\\Sources\\mighost.exe,Microsoft® Windows® Operating System,Microsoft Windows,C:\\Windows\\System32\\taskschd.dll,Task Scheduler COM API,TRUE,Valid,{15959494-5106-6758-c300-000000000200},3916,34:13.3,"SHA1=633C92F5A5000CDE3235C7FDC306B2B04C501C48,MD5=84F942C1A4BD60C94EBEC6643E0216C9,SHA256=BBE733452E6CE871D5D2064948847AAB2A71F7FEDA2C962BA4002F64E2D198F2,IMPHASH=B7A4477FA36E2E5287EE76AC4AFCB05B","technique_id=T1053,technique_name=Scheduled Task",Microsoft Corporation,10.0.19041.3636 (WinBuild.160101.0800),NT AUTHORITY\\SYSTEM,"[""Scheduled Task""]","[""T1053.005""]","[""Execution"",""Persistence"",""Privilege Escalation""]", , , , , , , , , , , , , , , , , , , , , , , , , , , , , , , , , , , , , , , , , , , , , , , , , , , , , , , , , , , , , , , , , , , , , , , , , , , , , , , , , , , , , , , , , , , , , , , , , , , , , , , , , , , , , , , , , , , , , , , , , , , , , , , , 
wazuh-alerts-4.x-2024.12.10,Ssf-sJMBnOFSf1lyFEVf,1,1,192.168.117.136,window-agent3,3,Maryam, , , ,7,0x8000000000000000,{5770385f-c22a-43e0-bf4c-06f5698ffbd9},4,Microsoft-Windows-Sysmon/Operational,0,"""Image loaded:
RuleName: technique_id=T1053,technique_name=Scheduled Task
UtcTime: 2024-12-10 14:34:13.589
ProcessGuid: {15959494-5165-6758-d400-000000000200}
ProcessId: 3048
Image: C:\Windows\Microsoft.NET\Framework64\v2.0.50727\ngen.exe
ImageLoaded: C:\Windows\System32\taskschd.dll
FileVersion: 10.0.19041.3636 (WinBuild.160101.0800)
Description: Task Scheduler COM API
Product: Microsoft® Windows® Operating System
Company: Microsoft Corporation
OriginalFileName: taskschd.dll
Hashes: SHA1=633C92F5A5000CDE3235C7FDC306B2B04C501C48,MD5=84F942C1A4BD60C94EBEC6643E0216C9,SHA256=BBE733452E6CE871D5D2064948847AAB2A71F7FEDA2C962BA4002F64E2D198F2,IMPHASH=B7A4477FA36E2E5287EE76AC4AFCB05B
Signed: true
Signature: Microsoft Windows
SignatureStatus: Valid
User: NT AUTHORITY\SYSTEM""",3,2024-12-10T14:34:13.6057273Z,1058,3480,DESKTOP-QGB4EQH,7,2452,INFORMATION,Microsoft-Windows-Sysmon,9,FALSE,4,Process loaded taskschd.dll module. May be used to create delayed malware execution,"[""sysmon"",""sysmon_eid7_detections"",""windows""]",92154,windows_eventchannel,log,"Dec 10, 2024 @ 14:34:14.565",EventChannel,1733841254,"Dec 10, 2024 @ 14:34:14.565", , , , , ,taskschd.dll,C:\\Windows\\Microsoft.NET\\Framework64\\v2.0.50727\\ngen.exe,Microsoft® Windows® Operating System,Microsoft Windows,C:\\Windows\\System32\\taskschd.dll,Task Scheduler COM API,TRUE,Valid,{15959494-5165-6758-d400-000000000200},3048,34:13.6,"SHA1=633C92F5A5000CDE3235C7FDC306B2B04C501C48,MD5=84F942C1A4BD60C94EBEC6643E0216C9,SHA256=BBE733452E6CE871D5D2064948847AAB2A71F7FEDA2C962BA4002F64E2D198F2,IMPHASH=B7A4477FA36E2E5287EE76AC4AFCB05B","technique_id=T1053,technique_name=Scheduled Task",Microsoft Corporation,10.0.19041.3636 (WinBuild.160101.0800),NT AUTHORITY\\SYSTEM,"[""Scheduled Task""]","[""T1053.005""]","[""Execution"",""Persistence"",""Privilege Escalation""]", , , , , , , , , , , , , , , , , , , , , , , , , , , , , , , , , , , , , , , , , , , , , , , , , , , , , , , , , , , , , , , , , , , , , , , , , , , , , , , , , , , , , , , , , , , , , , , , , , , , , , , , , , , , , , , , , , , , , , , , , , , , , , , , 
wazuh-alerts-4.x-2024.12.10,S8f-sJMBnOFSf1lyFEVf,1,1,192.168.117.136,window-agent3,3,Maryam, , , ,7,0x8000000000000000,{5770385f-c22a-43e0-bf4c-06f5698ffbd9},4,Microsoft-Windows-Sysmon/Operational,0,"""Image loaded:
RuleName: technique_id=T1053,technique_name=Scheduled Task
UtcTime: 2024-12-10 14:34:13.745
ProcessGuid: {15959494-5165-6758-d600-000000000200}
ProcessId: 4068
Image: C:\Windows\Microsoft.NET\Framework\v2.0.50727\ngen.exe
ImageLoaded: C:\Windows\SysWOW64\taskschd.dll
FileVersion: 10.0.19041.3636 (WinBuild.160101.0800)
Description: Task Scheduler COM API
Product: Microsoft® Windows® Operating System
Company: Microsoft Corporation
OriginalFileName: taskschd.dll
Hashes: SHA1=C94CEC3A6F102EF38EB1D913D61A03B2100983FE,MD5=FF11E73B7D8A3A0822E95DD68DA10B13,SHA256=0F15534DC00A65E980CAA2E11F5D5251518D528F2F28165E9881B598BF64BDD1,IMPHASH=59BF7D0FAD0B5B7F706EA9250167BD5B
Signed: true
Signature: Microsoft Windows
SignatureStatus: Valid
User: NT AUTHORITY\SYSTEM""",3,2024-12-10T14:34:13.7669849Z,1065,3480,DESKTOP-QGB4EQH,7,2452,INFORMATION,Microsoft-Windows-Sysmon,10,FALSE,4,Process loaded taskschd.dll module. May be used to create delayed malware execution,"[""sysmon"",""sysmon_eid7_detections"",""windows""]",92154,windows_eventchannel,log,"Dec 10, 2024 @ 14:34:14.691",EventChannel,1733841254,"Dec 10, 2024 @ 14:34:14.691", , , , , ,taskschd.dll,C:\\Windows\\Microsoft.NET\\Framework\\v2.0.50727\\ngen.exe,Microsoft® Windows® Operating System,Microsoft Windows,C:\\Windows\\SysWOW64\\taskschd.dll,Task Scheduler COM API,TRUE,Valid,{15959494-5165-6758-d600-000000000200},4068,34:13.7,"SHA1=C94CEC3A6F102EF38EB1D913D61A03B2100983FE,MD5=FF11E73B7D8A3A0822E95DD68DA10B13,SHA256=0F15534DC00A65E980CAA2E11F5D5251518D528F2F28165E9881B598BF64BDD1,IMPHASH=59BF7D0FAD0B5B7F706EA9250167BD5B","technique_id=T1053,technique_name=Scheduled Task",Microsoft Corporation,10.0.19041.3636 (WinBuild.160101.0800),NT AUTHORITY\\SYSTEM,"[""Scheduled Task""]","[""T1053.005""]","[""Execution"",""Persistence"",""Privilege Escalation""]", , , , , , , , , , , , , , , , , , , , , , , , , , , , , , , , , , , , , , , , , , , , , , , , , , , , , , , , , , , , , , , , , , , , , , , , , , , , , , , , , , , , , , , , , , , , , , , , , , , , , , , , , , , , , , , , , , , , , , , , , , , , , , , , 
