wazuh-alerts-4.x-2024.12.10,5sf7sJMBnOFSf1ly5USk,1,1,192.168.117.136,window-agent3,3,Maryam, , , , , , , , , , , , , , , , , , , ,1,FALSE,3,Wazuh agent started.,"[""ossec""]",503,ossec,log,"Dec 10, 2024 @ 14:31:55.506",wazuh-agent,1733841115,"Dec 10, 2024 @ 14:31:55.506", , , ,"[""IV_35.7.d""]","[""10.1""]", , , , , , , , , , , , , , , , , , , , , , , , , ,"[""10.6.1"",""10.2.6""]","[""164.312.b""]","[""CC7.2"",""CC7.3"",""CC6.8""]","[""AU.6"",""AU.14"",""AU.5""]", , , , , , , , , , , , , , , , , , , , , , , , , , , , , , , , , , , , , , , , , , , , , , , , , , , , , , , , , , , , , , , , , , , , , , , , , , , , ,ossec: Agent started: 'window-agent3->any'., , , , , , , , ,ossec, , , , ,window-agent3->any, , , , , , , , , , , , , , , , , , , , , , , , , , , 
wazuh-alerts-4.x-2024.12.10,58f7sJMBnOFSf1ly5USk,1,1,192.168.117.136,window-agent3,3,Maryam, , , ,10,0x8000000000000000,{1edeee53-0afe-4609-b846-d8c0b2075b1f},2,Application,0,"""Event filter with query ""//./root/subscription"" could not be reactivated in namespace ""SELECT * FROM __InstanceCreationEvent Within 3 Where TargetInstance Isa ""Win32_Process"" And Targetinstance.Name = ""notepad.exe"" "" because of error 0x80041010. Events cannot be delivered through this filter until the problem is corrected.""",2,2024-12-10T14:31:55.6671554Z,102,3192,DESKTOP-QGB4EQH,0,876,ERROR,Microsoft-Windows-WMI,3,FALSE,9,Windows application error event.,"[""windows"",""windows_application"",""system_error""]",60602,windows_eventchannel,log,"Dec 10, 2024 @ 14:31:56.479",EventChannel,1733841116,"Dec 10, 2024 @ 14:31:56.479", , , ,"[""IV_35.7.d""]","[""4.3""]", , , , , , , , , , , , , , , , , , , , , , , , , , , , , , , , , , , , , , , , , , , , , , , , , , , , , , , , , , , , , , , , , , , , , , , , , , , , , , , , , , , , , , , , , , , , , , , , , , , , , , , , , , , , , , , , , , , , , , , , ,//./root/subscription,"SELECT * FROM __InstanceCreationEvent Within 3 Where TargetInstance Isa \""Win32_Process\"" And Targetinstance.Name = \""notepad.exe\""",0x80041010, , , , , , , , , , , , , , , , , , , , , , , , 
wazuh-alerts-4.x-2024.12.10,xsf1sJMBnOFSf1lyw0RB,1,1,192.168.117.129,agent1,4,Maryam, , , ,1014,0x80000000000000,{E23B33B0-C8C9-472C-A5F9-F2BDFEA0F156},2,Application,0,"""Acquisition of End User License failed. hr=0x80072EE7
Sku Id=4de7cb65-cdf1-4de9-8ae8-e3cce27b9f2c""",0,2024-12-10T14:25:08.972441000Z,6360,0,DESKTOP-B37GATP,0,0,ERROR,Microsoft-Windows-Security-SPP,6,FALSE,9,Windows application error event.,"[""windows"",""windows_application"",""system_error""]",60602,windows_eventchannel,log,"Dec 10, 2024 @ 14:25:09.210",EventChannel,1733840709,"Dec 10, 2024 @ 14:25:09.210","hr=0x80072EE7, 4de7cb65-cdf1-4de9-8ae8-e3cce27b9f2c", ,Software Protection Platform Service,"[""IV_35.7.d""]","[""4.3""]", , , , , , , , , , , , , , , , , , , , , , , , , , , , , , , , , , , , , , , , , , , , , , , , , , , , , , , , , , , , , , , , , , , , , , , , , , , , , , , , , , , , , , , , , , , , , , , , , , , , , , , , , , , , , , , , , , , , , , , , , , , , , , , , , , , , , , , , , , , , , , , , , , , 
wazuh-alerts-4.x-2024.12.10,ycf1sJMBnOFSf1lyw0RB,1,1,192.168.117.129,agent1,4,Maryam, , , ,8198,0x80000000000000,{E23B33B0-C8C9-472C-A5F9-F2BDFEA0F156},2,Application,0,"""License Activation (slui.exe) failed with the following error code:
hr=0x80072EE7
Command-line arguments:
RuleId=31e71c49-8da7-4a2f-ad92-45d98a1c79ba;Action=AutoActivate;AppId=55c92734-d682-4d71-983e-d6ec3f16059f;SkuId=4de7cb65-cdf1-4de9-8ae8-e3cce27b9f2c;NotificationInterval=1440;Trigger=NetworkAvailable""",0,2024-12-10T14:25:09.347103900Z,6365,0,DESKTOP-B37GATP,0,0,ERROR,Microsoft-Windows-Security-SPP,3,FALSE,5,License activation (slui.exe) failed.,"[""windows"",""windows_application""]",60646,windows_eventchannel,log,"Dec 10, 2024 @ 14:25:09.539",EventChannel,1733840709,"Dec 10, 2024 @ 14:25:09.539","hr=0x80072EE7, RuleId=31e71c49-8da7-4a2f-ad92-45d98a1c79ba;Action=AutoActivate;AppId=55c92734-d682-4d71-983e-d6ec3f16059f;SkuId=4de7cb65-cdf1-4de9-8ae8-e3cce27b9f2c;NotificationInterval=1440;Trigger=NetworkAvailable", ,Software Protection Platform Service, , , , , , , , , , , , , , , , , , , , , , , , , , , , , , , , , , , , , , , , , , , , , , , , , , , , , , , , , , , , , , , , , , , , , , , , , , , , , , , , , , , , , , , , , , , , , , , , , , , , , , , , , , , , , , , , , , , , , , , , , , , , , , , , , , , , , , , , , , , , , , , , , , , , , 
wazuh-alerts-4.x-2024.12.10,xMf1sJMBnOFSf1lyiESg,1,1,192.168.117.129,agent1,4,Maryam, , , ,8198,0x80000000000000,{E23B33B0-C8C9-472C-A5F9-F2BDFEA0F156},2,Application,0,"""License Activation (slui.exe) failed with the following error code:
hr=0xC004E028
Command-line arguments:
RuleId=31e71c49-8da7-4a2f-ad92-45d98a1c79ba;Action=AutoActivate;AppId=55c92734-d682-4d71-983e-d6ec3f16059f;SkuId=4de7cb65-cdf1-4de9-8ae8-e3cce27b9f2c;NotificationInterval=1440;Trigger=NetworkAvailable""",0,2024-12-10T14:24:57.769256800Z,6358,0,DESKTOP-B37GATP,0,0,ERROR,Microsoft-Windows-Security-SPP,2,FALSE,5,License activation (slui.exe) failed.,"[""windows"",""windows_application""]",60646,windows_eventchannel,log,"Dec 10, 2024 @ 14:24:57.973",EventChannel,1733840697,"Dec 10, 2024 @ 14:24:57.973","hr=0xC004E028, RuleId=31e71c49-8da7-4a2f-ad92-45d98a1c79ba;Action=AutoActivate;AppId=55c92734-d682-4d71-983e-d6ec3f16059f;SkuId=4de7cb65-cdf1-4de9-8ae8-e3cce27b9f2c;NotificationInterval=1440;Trigger=NetworkAvailable", ,Software Protection Platform Service, , , , , , , , , , , , , , , , , , , , , , , , , , , , , , , , , , , , , , , , , , , , , , , , , , , , , , , , , , , , , , , , , , , , , , , , , , , , , , , , , , , , , , , , , , , , , , , , , , , , , , , , , , , , , , , , , , , , , , , , , , , , , , , , , , , , , , , , , , , , , , , , , , , , , 
wazuh-alerts-4.x-2024.12.10,zsf5sJMBnOFSf1ly4UT4,1,1,192.168.117.129,agent1,4,Maryam, , , ,8198,0x80000000000000,{E23B33B0-C8C9-472C-A5F9-F2BDFEA0F156},2,Application,0,"""License Activation (slui.exe) failed with the following error code:
hr=0xC004E028
Command-line arguments:
RuleId=31e71c49-8da7-4a2f-ad92-45d98a1c79ba;Action=AutoActivate;AppId=55c92734-d682-4d71-983e-d6ec3f16059f;SkuId=4de7cb65-cdf1-4de9-8ae8-e3cce27b9f2c;NotificationInterval=1440;Trigger=NetworkAvailable""",0,2024-12-10T14:29:35.519550400Z,6372,0,DESKTOP-B37GATP,0,0,ERROR,Microsoft-Windows-Security-SPP,4,FALSE,5,License activation (slui.exe) failed.,"[""windows"",""windows_application""]",60646,windows_eventchannel,log,"Dec 10, 2024 @ 14:29:39.819",EventChannel,1733840979,"Dec 10, 2024 @ 14:29:39.819","hr=0xC004E028, RuleId=31e71c49-8da7-4a2f-ad92-45d98a1c79ba;Action=AutoActivate;AppId=55c92734-d682-4d71-983e-d6ec3f16059f;SkuId=4de7cb65-cdf1-4de9-8ae8-e3cce27b9f2c;NotificationInterval=1440;Trigger=NetworkAvailable", ,Software Protection Platform Service, , , , , , , , , , , , , , , , , , , , , , , , , , , , , , , , , , , , , , , , , , , , , , , , , , , , , , , , , , , , , , , , , , , , , , , , , , , , , , , , , , , , , , , , , , , , , , , , , , , , , , , , , , , , , , , , , , , , , , , , , , , , , , , , , , , , , , , , , , , , , , , , , , , , , 
wazuh-alerts-4.x-2024.12.10,zMf5sJMBnOFSf1lyWURG,1,1,192.168.117.129,agent1,4,Maryam,128,02000000C0A87502000000000000000000000000000000000000000000000000000000000000000000000000000000000000000000000000000000000000000000000000000000000000000000000000000000000000000000000000000000000000000000000000000000000000000000000000000000000000000000000000,wpad,1014,0x4000000010000000,{1C95126E-7EEA-49A9-A3FE-A378B03DDB4D},3,System,0,"""Name resolution for the name wpad timed out after none of the configured DNS servers responded.""",0,2024-12-10T14:29:07.394737600Z,3274,1560,DESKTOP-B37GATP,1014,1432,WARNING,Microsoft-Windows-DNS-Client,11,FALSE,5,Name resolution for the name wpad timed out,"[""windows"",""windows_system""]",61109,windows_eventchannel,log,"Dec 10, 2024 @ 14:29:08.601",EventChannel,1733840948,"Dec 10, 2024 @ 14:29:08.601", , , , , , , , , , , , , , , , , , , , , , , , , , , , , , , , , , , , , , , , , , , , , , , , , , , , , , , , , , , , , , , , , , , , , , , , , , , , , , , , , , , , , , , , , , , , , , , , , , , , , , , , , , , , , , , , , , , , , , , , , , , , , , , , , , , , , , , , , , , , , , , , , , , , , , , , 
wazuh-alerts-4.x-2024.12.10,5cf7sJMBnOFSf1lyXET6,1,1,192.168.117.129,agent1,4,Maryam, , , ,1014,0x80000000000000,{E23B33B0-C8C9-472C-A5F9-F2BDFEA0F156},2,Application,0,"""Acquisition of End User License failed. hr=0x80072EE2
Sku Id=4de7cb65-cdf1-4de9-8ae8-e3cce27b9f2c""",0,2024-12-10T14:31:21.378508300Z,6391,0,DESKTOP-B37GATP,0,0,ERROR,Microsoft-Windows-Security-SPP,2,FALSE,9,Windows application error event.,"[""windows"",""windows_application"",""system_error""]",60602,windows_eventchannel,log,"Dec 10, 2024 @ 14:31:21.620",EventChannel,1733841081,"Dec 10, 2024 @ 14:31:21.620","hr=0x80072EE2, 4de7cb65-cdf1-4de9-8ae8-e3cce27b9f2c", ,Software Protection Platform Service,"[""IV_35.7.d""]","[""4.3""]", , , , , , , , , , , , , , , , , , , , , , , , , , , , , , , , , , , , , , , , , , , , , , , , , , , , , , , , , , , , , , , , , , , , , , , , , , , , , , , , , , , , , , , , , , , , , , , , , , , , , , , , , , , , , , , , , , , , , , , , , , , , , , , , , , , , , , , , , , , , , , , , , , , 
wazuh-alerts-4.x-2024.12.10,y8f2sJMBnOFSf1ly-0S9,1,1,192.168.117.129,agent1,4,Maryam, , , ,16384,0x80000000000000,{E23B33B0-C8C9-472C-A5F9-F2BDFEA0F156},4,Application,0,"""Successfully scheduled Software Protection service for re-start at 2024-12-11T14:24:30Z. Reason: RulesEngine.""",0,2024-12-10T14:26:30.285074900Z,6368,0,DESKTOP-B37GATP,0,0,INFORMATION,Microsoft-Windows-Security-SPP,5,FALSE,3,Software protection service scheduled successfully.,"[""windows"",""windows_application""]",60642,windows_eventchannel,log,"Dec 10, 2024 @ 14:26:30.490",EventChannel,1733840790,"Dec 10, 2024 @ 14:26:30.490","2024-12-11T14:24:30Z, RulesEngine", ,Software Protection Platform Service, , , , , , , , , , , , , , , , , , , , , , , , , , , , , , , , , , , , , , , , , , , , , , , , , , , , , , , , , , , , , , , , , , , , , , , , , , , , , , , , , , , , , , , , , , , , , , , , , , , , , , , , , , , , , , , , , , , , , , , , , , , , , , , , , , , , , , , , , , , , , , , , , , , , , 
wazuh-alerts-4.x-2024.12.10,Esf8sJMBnOFSf1lyT0Um,1,1,192.168.117.136,window-agent3,3,Maryam, , , ,11,0x8000000000000000,{5770385f-c22a-43e0-bf4c-06f5698ffbd9},4,Microsoft-Windows-Sysmon/Operational,0,"""File created:
RuleName: technique_id=T1574.010,technique_name=Services File Permissions Weakness
UtcTime: 2024-12-10 14:32:21.229
ProcessGuid: {15959494-50d9-6758-2800-000000000200}
ProcessId: 2096
Image: C:\WINDOWS\System32\spoolsv.exe
TargetFilename: C:\Windows\System32\spool\drivers\x64\3\New\mxdwdrv.dll
CreationUtcTime: 2024-12-10 14:32:21.229
User: NT AUTHORITY\SYSTEM""",2,2024-12-10T14:32:21.2396768Z,413,3480,DESKTOP-QGB4EQH,11,2452,INFORMATION,Microsoft-Windows-Sysmon,1,TRUE,12,"DLL file created by printer spool service, possible malware binary drop from PrintNightmare exploit","[""sysmon"",""sysmon_eid11_detections"",""windows""]",92206,windows_eventchannel,log,"Dec 10, 2024 @ 14:32:22.472",EventChannel,1733841142,"Dec 10, 2024 @ 14:32:22.472", , , , , , ,C:\\WINDOWS\\System32\\spoolsv.exe, , , , , , ,{15959494-50d9-6758-2800-000000000200},2096,32:21.2, ,"technique_id=T1574.010,technique_name=Services File Permissions Weakness", , ,NT AUTHORITY\\SYSTEM,"[""Services File Permissions Weakness""]","[""T1574.010""]","[""Persistence"",""Privilege Escalation"",""Defense Evasion""]", ,C:\\Windows\\System32\\spool\\drivers\\x64\\3\\New\\mxdwdrv.dll,32:21.2, , , , , , , , , , , , , , , , , , , , , , , , , , , , , , , , , , , , , , , , , , , , , , , , , , , , , , , , , , , , , , , , , , , , , , , , , , , , , , , , , , , , , , , , , , , , , , , , , , , , , , , , , , , , , , , , , , , , , , , , , , , , , 
wazuh-alerts-4.x-2024.12.10,Fsf8sJMBnOFSf1lyT0Um,1,1,192.168.117.136,window-agent3,3,Maryam, , , , , , , , , , , , , , , , , , , ,1,FALSE,3,CIS Microsoft Windows 10 Enterprise Benchmark v1.12.0: Ensure 'Accounts: Guest account status' is set to 'Disabled'.: Status changed from failed to passed,"[""sca""]",19010,sca,log,"Dec 10, 2024 @ 14:32:23.711",sca,1733841143,"Dec 10, 2024 @ 14:32:23.711", , , ,"[""IV_35.7.d""]", , , , , , , , , , , , , , , , , , , , , , , , , , ,"[""2.2""]", ,"[""CC7.1"",""CC7.2""]","[""CM.1""]", , , , , , , , , , , , , , , , , , , , , , , , , , , , , , , , ,1543402245,passed,"To establish the recommended configuration via GP, set the following UI path to Disabled: Computer Configuration\Policies\Windows Settings\Security Settings\Local Policies\Security Options\Accounts: Guest account status",failed,4.7,2.3.1.3,"This policy setting determines whether the Guest account is enabled or disabled. The Guest account allows unauthenticated network users to gain access to the system. The recommended state for this setting is: Disabled. Note: This setting will have no impact when applied to the Domain Controllers organizational unit via group policy because Domain Controllers have no local account database. It can be configured at the domain level via group policy, similar to account lockout and password policy settings.",15511,Ensure 'Accounts: Guest account status' is set to 'Disabled'.,"The default Guest account allows unauthenticated network users to log on as Guest with no password. These unauthorized users could access any resources that are accessible to the Guest account over the network. This capability means that any network shares with permissions that allow access to the Guest account, the Guests group, or the Everyone group will be accessible over the network, which could lead to the exposure or corruption of data.","[""net user guest""]",check,CIS Microsoft Windows 10 Enterprise Benchmark v1.12.0,"[""4.7""]","[""2.3.1.3""]", , , , , , , , , , , , , , , , , , , , , , , , , , , , , , , , , , , , , , , , , , , , , , , , , , , , , , , , , , , , , , , , , , , , , , , 
wazuh-alerts-4.x-2024.12.10,F8f8sJMBnOFSf1lyT0Um,1,1,192.168.117.136,window-agent3,3,Maryam, , , ,11,0x8000000000000000,{5770385f-c22a-43e0-bf4c-06f5698ffbd9},4,Microsoft-Windows-Sysmon/Operational,0,"""File created:
RuleName: technique_id=T1574.010,technique_name=Services File Permissions Weakness
UtcTime: 2024-12-10 14:32:22.995
ProcessGuid: {15959494-50d9-6758-2800-000000000200}
ProcessId: 2096
Image: C:\WINDOWS\System32\spoolsv.exe
TargetFilename: C:\Windows\System32\spool\drivers\W32X86\3\New\mxdwdrv.dll
CreationUtcTime: 2024-12-10 14:32:22.995
User: NT AUTHORITY\SYSTEM""",2,2024-12-10T14:32:23.0124810Z,467,3480,DESKTOP-QGB4EQH,11,2452,INFORMATION,Microsoft-Windows-Sysmon,3,TRUE,12,"DLL file created by printer spool service, possible malware binary drop from PrintNightmare exploit","[""sysmon"",""sysmon_eid11_detections"",""windows""]",92206,windows_eventchannel,log,"Dec 10, 2024 @ 14:32:23.832",EventChannel,1733841143,"Dec 10, 2024 @ 14:32:23.832", , , , , , ,C:\\WINDOWS\\System32\\spoolsv.exe, , , , , , ,{15959494-50d9-6758-2800-000000000200},2096,32:23.0, ,"technique_id=T1574.010,technique_name=Services File Permissions Weakness", , ,NT AUTHORITY\\SYSTEM,"[""Services File Permissions Weakness""]","[""T1574.010""]","[""Persistence"",""Privilege Escalation"",""Defense Evasion""]", ,C:\\Windows\\System32\\spool\\drivers\\W32X86\\3\\New\\mxdwdrv.dll,32:23.0, , , , , , , , , , , , , , , , , , , , , , , , , , , , , , , , , , , , , , , , , , , , , , , , , , , , , , , , , , , , , , , , , , , , , , , , , , , , , , , , , , , , , , , , , , , , , , , , , , , , , , , , , , , , , , , , , , , , , , , , , , , , , 
wazuh-alerts-4.x-2024.12.10,GMf8sJMBnOFSf1lyU0UL,1,1,192.168.117.136,window-agent3,3,Maryam, , , ,11,0x8000000000000000,{5770385f-c22a-43e0-bf4c-06f5698ffbd9},4,Microsoft-Windows-Sysmon/Operational,0,"""File created:
RuleName: technique_id=T1574.010,technique_name=Services File Permissions Weakness
UtcTime: 2024-12-10 14:32:23.277
ProcessGuid: {15959494-50d9-6758-2800-000000000200}
ProcessId: 2096
Image: C:\WINDOWS\System32\spoolsv.exe
TargetFilename: C:\Windows\System32\spool\drivers\W32X86\3\New\PrintConfig.dll
CreationUtcTime: 2024-12-10 14:32:23.277
User: NT AUTHORITY\SYSTEM""",2,2024-12-10T14:32:23.3186514Z,475,3480,DESKTOP-QGB4EQH,11,2452,INFORMATION,Microsoft-Windows-Sysmon,4,TRUE,12,"DLL file created by printer spool service, possible malware binary drop from PrintNightmare exploit","[""sysmon"",""sysmon_eid11_detections"",""windows""]",92206,windows_eventchannel,log,"Dec 10, 2024 @ 14:32:23.975",EventChannel,1733841143,"Dec 10, 2024 @ 14:32:23.975", , , , , , ,C:\\WINDOWS\\System32\\spoolsv.exe, , , , , , ,{15959494-50d9-6758-2800-000000000200},2096,32:23.3, ,"technique_id=T1574.010,technique_name=Services File Permissions Weakness", , ,NT AUTHORITY\\SYSTEM,"[""Services File Permissions Weakness""]","[""T1574.010""]","[""Persistence"",""Privilege Escalation"",""Defense Evasion""]", ,C:\\Windows\\System32\\spool\\drivers\\W32X86\\3\\New\\PrintConfig.dll,32:23.3, , , , , , , , , , , , , , , , , , , , , , , , , , , , , , , , , , , , , , , , , , , , , , , , , , , , , , , , , , , , , , , , , , , , , , , , , , , , , , , , , , , , , , , , , , , , , , , , , , , , , , , , , , , , , , , , , , , , , , , , , , , , , 
wazuh-alerts-4.x-2024.12.10,Gcf8sJMBnOFSf1lyVkX1,1,1,192.168.117.136,window-agent3,3,Maryam, , , ,13,0x8000000000000000,{5770385f-c22a-43e0-bf4c-06f5698ffbd9},4,Microsoft-Windows-Sysmon/Operational,0,"""Registry value set:
RuleName: -
EventType: SetValue
UtcTime: 2024-12-10 14:32:24.511
ProcessGuid: {15959494-50d3-6758-0a00-000000000200}
ProcessId: 644
Image: C:\WINDOWS\system32\services.exe
TargetObject: HKLM\System\CurrentControlSet\Services\PrintNotify\ImagePath
Details: %%SystemRoot%%\system32\svchost.exe -k print
User: NT AUTHORITY\SYSTEM""",2,2024-12-10T14:32:24.5284152Z,538,3480,DESKTOP-QGB4EQH,13,2452,INFORMATION,Microsoft-Windows-Sysmon,1,FALSE,3,Evidence of new service creation found in registry under HKLM\\System\\CurrentControlSet\\Services\\PrintNotify\\ImagePath binary is: %%SystemRoot%%\\system32\\svchost.exe -k print,"[""sysmon"",""sysmon_eid13_detections"",""windows""]",92307,windows_eventchannel,log,"Dec 10, 2024 @ 14:32:25.831",EventChannel,1733841145,"Dec 10, 2024 @ 14:32:25.831", , , , , , ,C:\\WINDOWS\\system32\\services.exe, , , , , , ,{15959494-50d3-6758-0a00-000000000200},644,32:24.5, , , , ,NT AUTHORITY\\SYSTEM,"[""Windows Service""]","[""T1543.003""]","[""Persistence"",""Privilege Escalation""]", , , , , , , , , , , , , , , , , , , , , , , , , , , , , , , , , , , , , , , , , , , , , , , , , , , , , , , , , , , , , , , , , , , , ,HKLM\\System\\CurrentControlSet\\Services\\PrintNotify\\ImagePath,%%SystemRoot%%\\system32\\svchost.exe -k print,SetValue, , , , , , , , , , , , , , , , , , , , , , , , , , , , , , , , , , , , , , , , , , , , , , , , , , , , , , , , , 
wazuh-alerts-4.x-2024.12.10,Gsf8sJMBnOFSf1lyVkX1,1,1,192.168.117.136,window-agent3,3,Maryam, , , ,11,0x8000000000000000,{5770385f-c22a-43e0-bf4c-06f5698ffbd9},4,Microsoft-Windows-Sysmon/Operational,0,"""File created:
RuleName: technique_id=T1574.010,technique_name=Services File Permissions Weakness
UtcTime: 2024-12-10 14:32:24.527
ProcessGuid: {15959494-50d9-6758-2800-000000000200}
ProcessId: 2096
Image: C:\WINDOWS\System32\spoolsv.exe
TargetFilename: C:\Windows\SysWOW64\PrintConfig.dll
CreationUtcTime: 2024-12-10 14:32:24.527
User: NT AUTHORITY\SYSTEM""",2,2024-12-10T14:32:24.5420371Z,545,3480,DESKTOP-QGB4EQH,11,2452,INFORMATION,Microsoft-Windows-Sysmon,1,FALSE,6,Executable dropped in Windows root folder,"[""sysmon"",""sysmon_eid11_detections"",""windows""]",92217,windows_eventchannel,log,"Dec 10, 2024 @ 14:32:25.941",EventChannel,1733841145,"Dec 10, 2024 @ 14:32:25.941", , , , , , ,C:\\WINDOWS\\System32\\spoolsv.exe, , , , , , ,{15959494-50d9-6758-2800-000000000200},2096,32:24.5, ,"technique_id=T1574.010,technique_name=Services File Permissions Weakness", , ,NT AUTHORITY\\SYSTEM,"[""Lateral Tool Transfer""]","[""T1570""]","[""Lateral Movement""]", ,C:\\Windows\\SysWOW64\\PrintConfig.dll,32:24.5, , , , , , , , , , , , , , , , , , , , , , , , , , , , , , , , , , , , , , , , , , , , , , , , , , , , , , , , , , , , , , , , , , , , , , , , , , , , , , , , , , , , , , , , , , , , , , , , , , , , , , , , , , , , , , , , , , , , , , , , , , , , , 
wazuh-alerts-4.x-2024.12.10,G8f8sJMBnOFSf1lyVkX1,1,1,192.168.117.136,window-agent3,3,Maryam, , , ,7030,0x8080000000000000,{555908d1-a6d7-4695-8e1e-26931d2012f4},2,System,0,"""The Printer Extensions and Notifications service is marked as an interactive service.  However, the system is configured to not allow interactive services.  This service may not function properly.""",0,2024-12-10T14:32:24.5114427Z,165,808,DESKTOP-QGB4EQH,0,644,ERROR,Service Control Manager,1,FALSE,5,Windows System error event,"[""windows"",""windows_system"",""system_error""]",61102,windows_eventchannel,log,"Dec 10, 2024 @ 14:32:26.238",EventChannel,1733841146,"Dec 10, 2024 @ 14:32:26.238", , ,Service Control Manager,"[""IV_35.7.d""]","[""4.3""]", , , , , , , , , , , , , , , , , , , ,Printer Extensions and Notifications, , , , , , , , , , , , , , , , , , , , , , , , , , , , , , , , , , , , , , , , , , , , , , , , , , , , , , , , , , , , , , , , , , , , , , , , , , , , , , , , , , , , , , , , , , , , , , , , , , , , , , , , , , , , , , , , , , , , , , , , , , , , , , , 
wazuh-alerts-4.x-2024.12.10,Hcf8sJMBnOFSf1lyVkX1,1,1,192.168.117.136,window-agent3,3,Maryam, , , , , , , , , , , , , , , , , , , ,2,FALSE,3,CIS Microsoft Windows 10 Enterprise Benchmark v1.12.0: Ensure 'Infrared monitor service (irmon)' is set to 'Disabled' or 'Not Installed'.: Status changed from failed to passed,"[""sca""]",19010,sca,log,"Dec 10, 2024 @ 14:32:26.706",sca,1733841146,"Dec 10, 2024 @ 14:32:26.706", , , ,"[""IV_35.7.d""]", , , , , , , , , , , , , , , , , , , , , , , , , , ,"[""2.2""]", ,"[""CC7.1"",""CC7.2""]","[""CM.1""]", , , , , , , , , , , , , , , , , , , , , , , , , , , , , , , , ,1543402245,passed,"To establish the recommended configuration via GP, set the following UI path to: Disabled or ensure the service is not installed. Computer Configuration\Policies\Windows Settings\Security Settings\System Services\Infrared monitor service",failed,4.8,5.7,Detects other Infrared devices that are in range and launches the file transfer application. The recommended state for this setting is: Disabled or Not Installed.,15580,Ensure 'Infrared monitor service (irmon)' is set to 'Disabled' or 'Not Installed'.,Infrared connections can potentially be a source of data compromise - especially via the automatic 'file transfer application' functionality. Enterprise-managed systems should utilize a more secure method of connection than infrared., ,check,CIS Microsoft Windows 10 Enterprise Benchmark v1.12.0,"[""4.8""]","[""5.7""]", , , , , , , , , , , , , , , , , , , , , , , , , , , , , , , , , , , , , , , , , , , , , , , ,"[""HKEY_LOCAL_MACHINE\\SYSTEM\\CurrentControlSet\\Services\\irmon""]", , , , , , , , , , , , , , , , , , , , , , , 
wazuh-alerts-4.x-2024.12.10,Hsf8sJMBnOFSf1lyVkX1,1,1,192.168.117.136,window-agent3,3,Maryam, , , ,11,0x8000000000000000,{5770385f-c22a-43e0-bf4c-06f5698ffbd9},4,Microsoft-Windows-Sysmon/Operational,0,"""File created:
RuleName: technique_id=T1574.010,technique_name=Services File Permissions Weakness
UtcTime: 2024-12-10 14:32:25.073
ProcessGuid: {15959494-50d9-6758-2800-000000000200}
ProcessId: 2096
Image: C:\WINDOWS\System32\spoolsv.exe
TargetFilename: C:\Windows\System32\spool\drivers\x64\3\New\PCL4RES.DLL
CreationUtcTime: 2024-12-10 14:32:25.073
User: NT AUTHORITY\SYSTEM""",2,2024-12-10T14:32:25.0815181Z,560,3480,DESKTOP-QGB4EQH,11,2452,INFORMATION,Microsoft-Windows-Sysmon,5,TRUE,12,"DLL file created by printer spool service, possible malware binary drop from PrintNightmare exploit","[""sysmon"",""sysmon_eid11_detections"",""windows""]",92206,windows_eventchannel,log,"Dec 10, 2024 @ 14:32:26.910",EventChannel,1733841146,"Dec 10, 2024 @ 14:32:26.910", , , , , , ,C:\\WINDOWS\\System32\\spoolsv.exe, , , , , , ,{15959494-50d9-6758-2800-000000000200},2096,32:25.1, ,"technique_id=T1574.010,technique_name=Services File Permissions Weakness", , ,NT AUTHORITY\\SYSTEM,"[""Services File Permissions Weakness""]","[""T1574.010""]","[""Persistence"",""Privilege Escalation"",""Defense Evasion""]", ,C:\\Windows\\System32\\spool\\drivers\\x64\\3\\New\\PCL4RES.DLL,32:25.1, , , , , , , , , , , , , , , , , , , , , , , , , , , , , , , , , , , , , , , , , , , , , , , , , , , , , , , , , , , , , , , , , , , , , , , , , , , , , , , , , , , , , , , , , , , , , , , , , , , , , , , , , , , , , , , , , , , , , , , , , , , , , 
wazuh-alerts-4.x-2024.12.10,IMf8sJMBnOFSf1lyVkX1,1,1,192.168.117.136,window-agent3,3,Maryam, , , ,11,0x8000000000000000,{5770385f-c22a-43e0-bf4c-06f5698ffbd9},4,Microsoft-Windows-Sysmon/Operational,0,"""File created:
RuleName: technique_id=T1574.010,technique_name=Services File Permissions Weakness
UtcTime: 2024-12-10 14:32:25.104
ProcessGuid: {15959494-50d9-6758-2800-000000000200}
ProcessId: 2096
Image: C:\WINDOWS\System32\spoolsv.exe
TargetFilename: C:\Windows\System32\spool\drivers\x64\3\New\PCL5ERES.DLL
CreationUtcTime: 2024-12-10 14:32:25.104
User: NT AUTHORITY\SYSTEM""",2,2024-12-10T14:32:25.1195782Z,563,3480,DESKTOP-QGB4EQH,11,2452,INFORMATION,Microsoft-Windows-Sysmon,6,TRUE,12,"DLL file created by printer spool service, possible malware binary drop from PrintNightmare exploit","[""sysmon"",""sysmon_eid11_detections"",""windows""]",92206,windows_eventchannel,log,"Dec 10, 2024 @ 14:32:26.942",EventChannel,1733841146,"Dec 10, 2024 @ 14:32:26.942", , , , , , ,C:\\WINDOWS\\System32\\spoolsv.exe, , , , , , ,{15959494-50d9-6758-2800-000000000200},2096,32:25.1, ,"technique_id=T1574.010,technique_name=Services File Permissions Weakness", , ,NT AUTHORITY\\SYSTEM,"[""Services File Permissions Weakness""]","[""T1574.010""]","[""Persistence"",""Privilege Escalation"",""Defense Evasion""]", ,C:\\Windows\\System32\\spool\\drivers\\x64\\3\\New\\PCL5ERES.DLL,32:25.1, , , , , , , , , , , , , , , , , , , , , , , , , , , , , , , , , , , , , , , , , , , , , , , , , , , , , , , , , , , , , , , , , , , , , , , , , , , , , , , , , , , , , , , , , , , , , , , , , , , , , , , , , , , , , , , , , , , , , , , , , , , , , 
wazuh-alerts-4.x-2024.12.10,Icf8sJMBnOFSf1lyWkXh,1,1,192.168.117.136,window-agent3,3,Maryam, , , ,11,0x8000000000000000,{5770385f-c22a-43e0-bf4c-06f5698ffbd9},4,Microsoft-Windows-Sysmon/Operational,0,"""File created:
RuleName: technique_id=T1574.010,technique_name=Services File Permissions Weakness
UtcTime: 2024-12-10 14:32:25.120
ProcessGuid: {15959494-50d9-6758-2800-000000000200}
ProcessId: 2096
Image: C:\WINDOWS\System32\spoolsv.exe
TargetFilename: C:\Windows\System32\spool\drivers\x64\3\New\PCL5URES.DLL
CreationUtcTime: 2024-12-10 14:32:25.120
User: NT AUTHORITY\SYSTEM""",2,2024-12-10T14:32:25.1311009Z,564,3480,DESKTOP-QGB4EQH,11,2452,INFORMATION,Microsoft-Windows-Sysmon,7,TRUE,12,"DLL file created by printer spool service, possible malware binary drop from PrintNightmare exploit","[""sysmon"",""sysmon_eid11_detections"",""windows""]",92206,windows_eventchannel,log,"Dec 10, 2024 @ 14:32:26.956",EventChannel,1733841146,"Dec 10, 2024 @ 14:32:26.956", , , , , , ,C:\\WINDOWS\\System32\\spoolsv.exe, , , , , , ,{15959494-50d9-6758-2800-000000000200},2096,32:25.1, ,"technique_id=T1574.010,technique_name=Services File Permissions Weakness", , ,NT AUTHORITY\\SYSTEM,"[""Services File Permissions Weakness""]","[""T1574.010""]","[""Persistence"",""Privilege Escalation"",""Defense Evasion""]", ,C:\\Windows\\System32\\spool\\drivers\\x64\\3\\New\\PCL5URES.DLL,32:25.1, , , , , , , , , , , , , , , , , , , , , , , , , , , , , , , , , , , , , , , , , , , , , , , , , , , , , , , , , , , , , , , , , , , , , , , , , , , , , , , , , , , , , , , , , , , , , , , , , , , , , , , , , , , , , , , , , , , , , , , , , , , , , 
wazuh-alerts-4.x-2024.12.10,Jsf8sJMBnOFSf1lyWkXh,1,1,192.168.117.136,window-agent3,3,Maryam, , , ,11,0x8000000000000000,{5770385f-c22a-43e0-bf4c-06f5698ffbd9},4,Microsoft-Windows-Sysmon/Operational,0,"""File created:
RuleName: technique_id=T1574.010,technique_name=Services File Permissions Weakness
UtcTime: 2024-12-10 14:32:25.183
ProcessGuid: {15959494-50d9-6758-2800-000000000200}
ProcessId: 2096
Image: C:\WINDOWS\System32\spoolsv.exe
TargetFilename: C:\Windows\System32\spool\drivers\x64\3\New\UNIDRV.DLL
CreationUtcTime: 2024-12-10 14:32:25.183
User: NT AUTHORITY\SYSTEM""",2,2024-12-10T14:32:25.1927743Z,580,3480,DESKTOP-QGB4EQH,11,2452,INFORMATION,Microsoft-Windows-Sysmon,12,TRUE,12,"DLL file created by printer spool service, possible malware binary drop from PrintNightmare exploit","[""sysmon"",""sysmon_eid11_detections"",""windows""]",92206,windows_eventchannel,log,"Dec 10, 2024 @ 14:32:27.206",EventChannel,1733841147,"Dec 10, 2024 @ 14:32:27.206", , , , , , ,C:\\WINDOWS\\System32\\spoolsv.exe, , , , , , ,{15959494-50d9-6758-2800-000000000200},2096,32:25.2, ,"technique_id=T1574.010,technique_name=Services File Permissions Weakness", , ,NT AUTHORITY\\SYSTEM,"[""Services File Permissions Weakness""]","[""T1574.010""]","[""Persistence"",""Privilege Escalation"",""Defense Evasion""]", ,C:\\Windows\\System32\\spool\\drivers\\x64\\3\\New\\UNIDRV.DLL,32:25.2, , , , , , , , , , , , , , , , , , , , , , , , , , , , , , , , , , , , , , , , , , , , , , , , , , , , , , , , , , , , , , , , , , , , , , , , , , , , , , , , , , , , , , , , , , , , , , , , , , , , , , , , , , , , , , , , , , , , , , , , , , , , , 
wazuh-alerts-4.x-2024.12.10,KMf8sJMBnOFSf1lyWkXh,1,1,192.168.117.136,window-agent3,3,Maryam, , , ,11,0x8000000000000000,{5770385f-c22a-43e0-bf4c-06f5698ffbd9},4,Microsoft-Windows-Sysmon/Operational,0,"""File created:
RuleName: technique_id=T1574.010,technique_name=Services File Permissions Weakness
UtcTime: 2024-12-10 14:32:25.214
ProcessGuid: {15959494-50d9-6758-2800-000000000200}
ProcessId: 2096
Image: C:\WINDOWS\System32\spoolsv.exe
TargetFilename: C:\Windows\System32\spool\drivers\x64\3\New\UNIRES.DLL
CreationUtcTime: 2024-12-10 14:32:25.214
User: NT AUTHORITY\SYSTEM""",2,2024-12-10T14:32:25.2159355Z,583,3480,DESKTOP-QGB4EQH,11,2452,INFORMATION,Microsoft-Windows-Sysmon,14,TRUE,12,"DLL file created by printer spool service, possible malware binary drop from PrintNightmare exploit","[""sysmon"",""sysmon_eid11_detections"",""windows""]",92206,windows_eventchannel,log,"Dec 10, 2024 @ 14:32:27.269",EventChannel,1733841147,"Dec 10, 2024 @ 14:32:27.269", , , , , , ,C:\\WINDOWS\\System32\\spoolsv.exe, , , , , , ,{15959494-50d9-6758-2800-000000000200},2096,32:25.2, ,"technique_id=T1574.010,technique_name=Services File Permissions Weakness", , ,NT AUTHORITY\\SYSTEM,"[""Services File Permissions Weakness""]","[""T1574.010""]","[""Persistence"",""Privilege Escalation"",""Defense Evasion""]", ,C:\\Windows\\System32\\spool\\drivers\\x64\\3\\New\\UNIRES.DLL,32:25.2, , , , , , , , , , , , , , , , , , , , , , , , , , , , , , , , , , , , , , , , , , , , , , , , , , , , , , , , , , , , , , , , , , , , , , , , , , , , , , , , , , , , , , , , , , , , , , , , , , , , , , , , , , , , , , , , , , , , , , , , , , , , , 
