wazuh-alerts-4.x-2024.12.22,8Epf7pMBNimV4ECvqoSW,1,1,192.168.117.139,window-agent3,3,Maryam, , ,1, ,0x8000000000000000,{5770385f-c22a-43e0-bf4c-06f5698ffbd9},4,Microsoft-Windows-Sysmon/Operational,0,"""Process Create:
RuleName: technique_id=T1018,technique_name=Remote System Discovery
UtcTime: 2024-12-22 12:37:44.825
ProcessGuid: {15959494-0818-6768-8e00-000000001300}
ProcessId: 5028
Image: C:\Windows\SysWOW64\net1.exe
FileVersion: 10.0.19041.3636 (WinBuild.160101.0800)
Description: Net Command
Product: Microsoft® Windows® Operating System
Company: Microsoft Corporation
OriginalFileName: net1.exe
CommandLine: C:\WINDOWS\system32\net1 user administrator
CurrentDirectory: C:\Program Files (x86)\ossec-agent\
User: NT AUTHORITY\SYSTEM
LogonGuid: {15959494-07e5-6768-e703-000000000000}
LogonId: 0x3E7
TerminalSessionId: 0
IntegrityLevel: System
Hashes: SHA1=3E46EB17BB05B8785C0B6A64587886EE95FACF66,MD5=4A26539015F4FDB3AC3C5EB14336C7A7,SHA256=B25CF32B7BB76D5A5121919C63E6AE77262347F4AD7B29EE3C43CBAA61F43957,IMPHASH=D45C7E138CFAD11059C95018C99B7C96
ParentProcessGuid: {15959494-0818-6768-8c00-000000001300}
ParentProcessId: 4468
ParentImage: C:\Windows\SysWOW64\net.exe
ParentCommandLine: net user administrator
ParentUser: NT AUTHORITY\SYSTEM""",5,2024-12-22T12:37:44.8437012Z,233248,4960,DESKTOP-QGB4EQH,1,2812,INFORMATION,Microsoft-Windows-Sysmon,4,FALSE,3,A net.exe account discovery command was initiated,"[""sysmon"",""sysmon_eid1_detections"",""windows""]",92039,windows_eventchannel,log,"Dec 22, 2024 @ 12:37:46.040",EventChannel,1734871066,"Dec 22, 2024 @ 12:37:46.040", , , , , , , , , ,{15959494-07e5-6768-e703-000000000000}, , , , ,5028, , , , , , , , , , , , ,"[""Account Discovery""]","[""T1087""]","[""Discovery""]", ,C:\\Windows\\SysWOW64\\net1.exe, ,{15959494-0818-6768-8e00-000000001300},37:44.8, , ,NT AUTHORITY\\SYSTEM,net1.exe,Microsoft® Windows® Operating System,{15959494-0818-6768-8c00-000000001300},Net Command,net user administrator,0x3e7,4468,C:\\Program Files (x86)\\ossec-agent\\,"SHA1=3E46EB17BB05B8785C0B6A64587886EE95FACF66,MD5=4A26539015F4FDB3AC3C5EB14336C7A7,SHA256=B25CF32B7BB76D5A5121919C63E6AE77262347F4AD7B29EE3C43CBAA61F43957,IMPHASH=D45C7E138CFAD11059C95018C99B7C96",C:\\Windows\\SysWOW64\\net.exe,"technique_id=T1018,technique_name=Remote System Discovery",Microsoft Corporation,C:\\WINDOWS\\system32\\net1 user administrator,System,10.0.19041.3636 (WinBuild.160101.0800),0,NT AUTHORITY\\SYSTEM, , , , , , , , , , , , , , , , , , , , , , , , , , , , , , , , , , , , , , , , , , , , , , , , , , , , , , , , , , , , , , , , , , , , , , , , , , , , , , , , , 
wazuh-alerts-4.x-2024.12.22,9Epf7pMBNimV4ECvroSN,1,1,192.168.117.139,window-agent3,3,Maryam, , ,1, ,0x8000000000000000,{5770385f-c22a-43e0-bf4c-06f5698ffbd9},4,Microsoft-Windows-Sysmon/Operational,0,"""Process Create:
RuleName: technique_id=T1018,technique_name=Remote System Discovery
UtcTime: 2024-12-22 12:37:45.122
ProcessGuid: {15959494-0819-6768-9400-000000001300}
ProcessId: 4824
Image: C:\Windows\SysWOW64\net1.exe
FileVersion: 10.0.19041.3636 (WinBuild.160101.0800)
Description: Net Command
Product: Microsoft® Windows® Operating System
Company: Microsoft Corporation
OriginalFileName: net1.exe
CommandLine: C:\WINDOWS\system32\net1 user administrator
CurrentDirectory: C:\Program Files (x86)\ossec-agent\
User: NT AUTHORITY\SYSTEM
LogonGuid: {15959494-07e5-6768-e703-000000000000}
LogonId: 0x3E7
TerminalSessionId: 0
IntegrityLevel: System
Hashes: SHA1=3E46EB17BB05B8785C0B6A64587886EE95FACF66,MD5=4A26539015F4FDB3AC3C5EB14336C7A7,SHA256=B25CF32B7BB76D5A5121919C63E6AE77262347F4AD7B29EE3C43CBAA61F43957,IMPHASH=D45C7E138CFAD11059C95018C99B7C96
ParentProcessGuid: {15959494-0818-6768-9200-000000001300}
ParentProcessId: 1080
ParentImage: C:\Windows\SysWOW64\net.exe
ParentCommandLine: net user administrator
ParentUser: NT AUTHORITY\SYSTEM""",5,2024-12-22T12:37:45.1293826Z,233252,4960,DESKTOP-QGB4EQH,1,2812,INFORMATION,Microsoft-Windows-Sysmon,8,FALSE,3,A net.exe account discovery command was initiated,"[""sysmon"",""sysmon_eid1_detections"",""windows""]",92039,windows_eventchannel,log,"Dec 22, 2024 @ 12:37:46.994",EventChannel,1734871066,"Dec 22, 2024 @ 12:37:46.994", , , , , , , , , ,{15959494-07e5-6768-e703-000000000000}, , , , ,4824, , , , , , , , , , , , ,"[""Account Discovery""]","[""T1087""]","[""Discovery""]", ,C:\\Windows\\SysWOW64\\net1.exe, ,{15959494-0819-6768-9400-000000001300},37:45.1, , ,NT AUTHORITY\\SYSTEM,net1.exe,Microsoft® Windows® Operating System,{15959494-0818-6768-9200-000000001300},Net Command,net user administrator,0x3e7,1080,C:\\Program Files (x86)\\ossec-agent\\,"SHA1=3E46EB17BB05B8785C0B6A64587886EE95FACF66,MD5=4A26539015F4FDB3AC3C5EB14336C7A7,SHA256=B25CF32B7BB76D5A5121919C63E6AE77262347F4AD7B29EE3C43CBAA61F43957,IMPHASH=D45C7E138CFAD11059C95018C99B7C96",C:\\Windows\\SysWOW64\\net.exe,"technique_id=T1018,technique_name=Remote System Discovery",Microsoft Corporation,C:\\WINDOWS\\system32\\net1 user administrator,System,10.0.19041.3636 (WinBuild.160101.0800),0,NT AUTHORITY\\SYSTEM, , , , , , , , , , , , , , , , , , , , , , , , , , , , , , , , , , , , , , , , , , , , , , , , , , , , , , , , , , , , , , , , , , , , , , , , , , , , , , , , , 
wazuh-alerts-4.x-2024.12.22,4Upf7pMBNimV4ECvl4QG,1,1,192.168.117.139,window-agent3,3,Maryam, , ,1, ,0x8000000000000000,{5770385f-c22a-43e0-bf4c-06f5698ffbd9},4,Microsoft-Windows-Sysmon/Operational,0,"""Process Create:
RuleName: technique_id=T1018,technique_name=Remote System Discovery
UtcTime: 2024-12-22 12:37:38.035
ProcessGuid: {15959494-0812-6768-7a00-000000001300}
ProcessId: 4476
Image: C:\Windows\SysWOW64\net.exe
FileVersion: 10.0.19041.1 (WinBuild.160101.0800)
Description: Net Command
Product: Microsoft® Windows® Operating System
Company: Microsoft Corporation
OriginalFileName: net.exe
CommandLine: net.exe accounts
CurrentDirectory: C:\Program Files (x86)\ossec-agent\
User: NT AUTHORITY\SYSTEM
LogonGuid: {15959494-07e5-6768-e703-000000000000}
LogonId: 0x3E7
TerminalSessionId: 0
IntegrityLevel: System
Hashes: SHA1=A5BADC2DD4DBAA8ED5F0A3646F7248BF060A2F13,MD5=31890A7DE89936F922D44D677F681A7F,SHA256=7C4C7725E266F12ABA8C50FD1598D4001201BCA0E7ACA901508307E365AFFF42,IMPHASH=AC592B83B5CAEB41A6F6DF7DB53F9076
ParentProcessGuid: {15959494-07ed-6768-3600-000000001300}
ParentProcessId: 2796
ParentImage: C:\Program Files (x86)\ossec-agent\wazuh-agent.exe
ParentCommandLine: ""C:\Program Files (x86)\ossec-agent\wazuh-agent.exe""
ParentUser: NT AUTHORITY\SYSTEM""",5,2024-12-22T12:37:38.0372735Z,233222,4960,DESKTOP-QGB4EQH,1,2812,INFORMATION,Microsoft-Windows-Sysmon,7,FALSE,3,Discovery activity executed,"[""sysmon"",""sysmon_eid1_detections"",""windows""]",92031,windows_eventchannel,log,"Dec 22, 2024 @ 12:37:39.431",EventChannel,1734871059,"Dec 22, 2024 @ 12:37:39.431", , , , , , , , , ,{15959494-07e5-6768-e703-000000000000}, , , , ,4476, , , , , , , , , , , , ,"[""Account Discovery""]","[""T1087""]","[""Discovery""]", ,C:\\Windows\\SysWOW64\\net.exe, ,{15959494-0812-6768-7a00-000000001300},37:38.0, , ,NT AUTHORITY\\SYSTEM,net.exe,Microsoft® Windows® Operating System,{15959494-07ed-6768-3600-000000001300},Net Command,"\""C:\\Program Files (x86)\\ossec-agent\\wazuh-agent.exe\""",0x3e7,2796,C:\\Program Files (x86)\\ossec-agent\\,"SHA1=A5BADC2DD4DBAA8ED5F0A3646F7248BF060A2F13,MD5=31890A7DE89936F922D44D677F681A7F,SHA256=7C4C7725E266F12ABA8C50FD1598D4001201BCA0E7ACA901508307E365AFFF42,IMPHASH=AC592B83B5CAEB41A6F6DF7DB53F9076",C:\\Program Files (x86)\\ossec-agent\\wazuh-agent.exe,"technique_id=T1018,technique_name=Remote System Discovery",Microsoft Corporation,net.exe accounts,System,10.0.19041.1 (WinBuild.160101.0800),0,NT AUTHORITY\\SYSTEM, , , , , , , , , , , , , , , , , , , , , , , , , , , , , , , , , , , , , , , , , , , , , , , , , , , , , , , , , , , , , , , , , , , , , , , , , , , , , , , , , 
wazuh-alerts-4.x-2024.12.22,40pf7pMBNimV4ECvl4QG,1,1,192.168.117.139,window-agent3,3,Maryam, , ,7, ,0x8000000000000000,{5770385f-c22a-43e0-bf4c-06f5698ffbd9},4,Microsoft-Windows-Sysmon/Operational,0,"""Image loaded:
RuleName: technique_id=T1053,technique_name=Scheduled Task
UtcTime: 2024-12-22 12:37:37.623
ProcessGuid: {15959494-07e6-6768-1700-000000001300}
ProcessId: 380
Image: C:\Windows\System32\svchost.exe
ImageLoaded: C:\Windows\System32\taskschd.dll
FileVersion: 10.0.19041.3636 (WinBuild.160101.0800)
Description: Task Scheduler COM API
Product: Microsoft® Windows® Operating System
Company: Microsoft Corporation
OriginalFileName: taskschd.dll
Hashes: SHA1=633C92F5A5000CDE3235C7FDC306B2B04C501C48,MD5=84F942C1A4BD60C94EBEC6643E0216C9,SHA256=BBE733452E6CE871D5D2064948847AAB2A71F7FEDA2C962BA4002F64E2D198F2,IMPHASH=B7A4477FA36E2E5287EE76AC4AFCB05B
Signed: true
Signature: Microsoft Windows
SignatureStatus: Valid
User: NT AUTHORITY\SYSTEM""",3,2024-12-22T12:37:39.2618940Z,233225,4964,DESKTOP-QGB4EQH,7,2812,INFORMATION,Microsoft-Windows-Sysmon,6,FALSE,4,Process loaded taskschd.dll module. May be used to create delayed malware execution,"[""sysmon"",""sysmon_eid7_detections"",""windows""]",92154,windows_eventchannel,log,"Dec 22, 2024 @ 12:37:40.622",EventChannel,1734871060,"Dec 22, 2024 @ 12:37:40.622", , , , , , , , , , , , , , ,380, , , , , , , , , , , , ,"[""Scheduled Task""]","[""T1053.005""]","[""Execution"",""Persistence"",""Privilege Escalation""]", ,C:\\Windows\\System32\\svchost.exe, ,{15959494-07e6-6768-1700-000000001300},37:37.6, , ,NT AUTHORITY\\SYSTEM,taskschd.dll,Microsoft® Windows® Operating System, ,Task Scheduler COM API, , , , ,"SHA1=633C92F5A5000CDE3235C7FDC306B2B04C501C48,MD5=84F942C1A4BD60C94EBEC6643E0216C9,SHA256=BBE733452E6CE871D5D2064948847AAB2A71F7FEDA2C962BA4002F64E2D198F2,IMPHASH=B7A4477FA36E2E5287EE76AC4AFCB05B", ,"technique_id=T1053,technique_name=Scheduled Task",Microsoft Corporation, , ,10.0.19041.3636 (WinBuild.160101.0800), , , ,Microsoft Windows,C:\\Windows\\System32\\taskschd.dll,TRUE,Valid, , , , , , , , , , , , , , , , , , , , , , , , , , , , , , , , , , , , , , , , , , , , , , , , , , , , , , , , , , , , , , , , , , , , , , , , , , , , 
wazuh-alerts-4.x-2024.12.22,50pf7pMBNimV4ECvpoSu,1,1,192.168.117.139,window-agent3,3,Maryam, , ,1, ,0x8000000000000000,{5770385f-c22a-43e0-bf4c-06f5698ffbd9},4,Microsoft-Windows-Sysmon/Operational,0,"""Process Create:
RuleName: technique_id=T1018,technique_name=Remote System Discovery
UtcTime: 2024-12-22 12:37:43.585
ProcessGuid: {15959494-0817-6768-8000-000000001300}
ProcessId: 4832
Image: C:\Windows\SysWOW64\net.exe
FileVersion: 10.0.19041.1 (WinBuild.160101.0800)
Description: Net Command
Product: Microsoft® Windows® Operating System
Company: Microsoft Corporation
OriginalFileName: net.exe
CommandLine: net.exe accounts
CurrentDirectory: C:\Program Files (x86)\ossec-agent\
User: NT AUTHORITY\SYSTEM
LogonGuid: {15959494-07e5-6768-e703-000000000000}
LogonId: 0x3E7
TerminalSessionId: 0
IntegrityLevel: System
Hashes: SHA1=A5BADC2DD4DBAA8ED5F0A3646F7248BF060A2F13,MD5=31890A7DE89936F922D44D677F681A7F,SHA256=7C4C7725E266F12ABA8C50FD1598D4001201BCA0E7ACA901508307E365AFFF42,IMPHASH=AC592B83B5CAEB41A6F6DF7DB53F9076
ParentProcessGuid: {15959494-07ed-6768-3600-000000001300}
ParentProcessId: 2796
ParentImage: C:\Program Files (x86)\ossec-agent\wazuh-agent.exe
ParentCommandLine: ""C:\Program Files (x86)\ossec-agent\wazuh-agent.exe""
ParentUser: NT AUTHORITY\SYSTEM""",5,2024-12-22T12:37:43.5873694Z,233238,4960,DESKTOP-QGB4EQH,1,2812,INFORMATION,Microsoft-Windows-Sysmon,11,FALSE,3,Discovery activity executed,"[""sysmon"",""sysmon_eid1_detections"",""windows""]",92031,windows_eventchannel,log,"Dec 22, 2024 @ 12:37:44.962",EventChannel,1734871064,"Dec 22, 2024 @ 12:37:44.962", , , , , , , , , ,{15959494-07e5-6768-e703-000000000000}, , , , ,4832, , , , , , , , , , , , ,"[""Account Discovery""]","[""T1087""]","[""Discovery""]", ,C:\\Windows\\SysWOW64\\net.exe, ,{15959494-0817-6768-8000-000000001300},37:43.6, , ,NT AUTHORITY\\SYSTEM,net.exe,Microsoft® Windows® Operating System,{15959494-07ed-6768-3600-000000001300},Net Command,"\""C:\\Program Files (x86)\\ossec-agent\\wazuh-agent.exe\""",0x3e7,2796,C:\\Program Files (x86)\\ossec-agent\\,"SHA1=A5BADC2DD4DBAA8ED5F0A3646F7248BF060A2F13,MD5=31890A7DE89936F922D44D677F681A7F,SHA256=7C4C7725E266F12ABA8C50FD1598D4001201BCA0E7ACA901508307E365AFFF42,IMPHASH=AC592B83B5CAEB41A6F6DF7DB53F9076",C:\\Program Files (x86)\\ossec-agent\\wazuh-agent.exe,"technique_id=T1018,technique_name=Remote System Discovery",Microsoft Corporation,net.exe accounts,System,10.0.19041.1 (WinBuild.160101.0800),0,NT AUTHORITY\\SYSTEM, , , , , , , , , , , , , , , , , , , , , , , , , , , , , , , , , , , , , , , , , , , , , , , , , , , , , , , , , , , , , , , , , , , , , , , , , , , , , , , , , 
wazuh-alerts-4.x-2024.12.22,yUpf7pMBNimV4ECvMYSe,1,1,192.168.117.139,window-agent3,3,Maryam,"SearchIndexer, 3936,P,98, Windows:, 0, 10, 00, 19045, 0000", ,102, ,0x80000000000000, ,4,Application,0,"""SearchIndexer (3936,P,98) Windows: The database engine (10.00.19045.0000) is starting a new instance (0).""",0,2024-12-22T12:37:11.7958080Z,7224,0,DESKTOP-QGB4EQH,1,0,INFORMATION,ESENT,1,FALSE,3,The database engine is starting a new instance.,"[""windows"",""windows_application""]",60805,windows_eventchannel,log,"Dec 22, 2024 @ 12:37:12.773",EventChannel,1734871032,"Dec 22, 2024 @ 12:37:12.773", , , , , , , , , , , , , , , , , , , , , , , , , , , , , , , , , , , , , , , , , , , , , , , , , , , , , , , , , , , , , , , , , , , , , , , , , , , , , , , , , , , , , , , , , , , , , , , , , , , , , , , , , , , , , , , , , , , , , , , , , , , , , , , , , , , , , , , , 
wazuh-alerts-4.x-2024.12.22,y0pf7pMBNimV4ECvMYSe,1,1,192.168.117.139,window-agent3,3,Maryam,"SearchIndexer, 3936,R,98, Windows:", ,300, ,0x80000000000000, ,4,Application,0,"""SearchIndexer (3936,R,98) Windows: The database engine is initiating recovery steps.""",0,2024-12-22T12:37:11.8581701Z,7226,0,DESKTOP-QGB4EQH,3,0,INFORMATION,ESENT,1,FALSE,3,The database engine is initiating recovery steps.,"[""windows"",""windows_application""]",60807,windows_eventchannel,log,"Dec 22, 2024 @ 12:37:12.832",EventChannel,1734871032,"Dec 22, 2024 @ 12:37:12.832", , , , , , , , , , , , , , , , , , , , , , , , , , , , , , , , , , , , , , , , , , , , , , , , , , , , , , , , , , , , , , , , , , , , , , , , , , , , , , , , , , , , , , , , , , , , , , , , , , , , , , , , , , , , , , , , , , , , , , , , , , , , , , , , , , , , , , , , 
wazuh-alerts-4.x-2024.12.22,zkpf7pMBNimV4ECvMYSe,1,1,192.168.117.139,window-agent3,3,Maryam,"SearchIndexer, 3936,U,98, Windows:", ,302, ,0x80000000000000, ,4,Application,0,"""SearchIndexer (3936,U,98) Windows: The database engine has successfully completed recovery steps.""",0,2024-12-22T12:37:12.1233462Z,7228,0,DESKTOP-QGB4EQH,3,0,INFORMATION,ESENT,1,FALSE,3,The database engine has completed recovery steps.,"[""windows"",""windows_application""]",60809,windows_eventchannel,log,"Dec 22, 2024 @ 12:37:13.004",EventChannel,1734871033,"Dec 22, 2024 @ 12:37:13.004", , , , , , , , , , , , , , , , , , , , , , , , , , , , , , , , , , , , , , , , , , , , , , , , , , , , , , , , , , , , , , , , , , , , , , , , , , , , , , , , , , , , , , , , , , , , , , , , , , , , , , , , , , , , , , , , , , , , , , , , , , , , , , , , , , , , , , , , 
wazuh-alerts-4.x-2024.12.22,z0pf7pMBNimV4ECvMYSe,1,1,192.168.117.139,window-agent3,3,Maryam,"SearchIndexer, 3936,D,50, Windows:, 1, C:\\ProgramData\\Microsoft\\Search\\Data\\Applications\\Windows\\Windows.edb, 0,  [1] 0.000003 +J(0) [2] 0.000639 +J(0) +M(C:0K, Fs:24, WS:32K # 0K, PF:32K # 0K, P:32K) [3] 0.004352 -0.000710 (5) WT +J(CM:0, PgRf:0, Rd:0/0, Dy:0/0, Lg:3480/2) +M(C:0K, Fs:14, WS:-764K # 0K, PF:-768K # 0K, P:-768K) [4] 0.000093 +J(0) [5] - [6] - [7] - [8] 0.001090 -0.000718 (2) CM +J(CM:2, PgRf:2, Rd:14/2, Dy:0/0, Lg:54/1) +M(C:0K, Fs:23, WS:92K # 0K, PF:556K # 0K, P:556K) [9] 0.015872 -0.000664 (5) CM -0.014937 (1) WT +J(CM:5, PgRf:23, Rd:0/5, Dy:0/0, Lg:0/0) +M(C:0K, Fs:63, WS:252K # 0K, PF:224K # 0K, P:224K) [10] 0.000592 -0.000475 (1) CM +J(CM:1, PgRf:40, Rd:0/1, Dy:0/0, Lg:0/0) +M(C:0K, Fs:9, WS:36K # 0K, PF:32K # 0K, P:32K) [11] 0.000017 +J(CM:0, PgRf:1, Rd:0/0, Dy:0/0, Lg:0/0) +M(C:0K, Fs:2, WS:8K # 0K, PF:0K # 0K, P:0K) [12] 0.000038 +J(CM:0, PgRf:42, Rd:0/0, Dy:0/0, Lg:0/0) +M(C:0K, Fs:3, WS:12K # 0K, PF:0K # 0K, P:0K) [13] 0.0 +J(0) [14] 0.0 +J(0) [15] 0.000004 +J(CM:0, PgRf:1, Rd:0/0, Dy:0/0, Lg:0/0)., 0 0, lgposAttach = 0000000D:00AE:0268, dbv = 1568.110.240", ,326, ,0x80000000000000, ,4,Application,0,"""SearchIndexer (3936,D,50) Windows: The database engine attached a database (1, C:\ProgramData\Microsoft\Search\Data\Applications\Windows\Windows.edb). (Time=0 seconds) 
 
Saved Cache: 0 0 
Additional Data: lgposAttach = 0000000D:00AE:0268,
dbv = 1568.110.240 
 
Internal Timing Sequence: 
[1] 0.000003 +J(0)
[2] 0.000639 +J(0) +M(C:0K, Fs:24, WS:32K # 0K, PF:32K # 0K, P:32K)
[3] 0.004352 -0.000710 (5) WT +J(CM:0, PgRf:0, Rd:0/0, Dy:0/0, Lg:3480/2) +M(C:0K, Fs:14, WS:-764K # 0K, PF:-768K # 0K, P:-768K)
[4] 0.000093 +J(0)
[5] -
[6] -
[7] -
[8] 0.001090 -0.000718 (2) CM +J(CM:2, PgRf:2, Rd:14/2, Dy:0/0, Lg:54/1) +M(C:0K, Fs:23, WS:92K # 0K, PF:556K # 0K, P:556K)
[9] 0.015872 -0.000664 (5) CM -0.014937 (1) WT +J(CM:5, PgRf:23, Rd:0/5, Dy:0/0, Lg:0/0) +M(C:0K, Fs:63, WS:252K # 0K, PF:224K # 0K, P:224K)
[10] 0.000592 -0.000475 (1) CM +J(CM:1, PgRf:40, Rd:0/1, Dy:0/0, Lg:0/0) +M(C:0K, Fs:9, WS:36K # 0K, PF:32K # 0K, P:32K)
[11] 0.000017 +J(CM:0, PgRf:1, Rd:0/0, Dy:0/0, Lg:0/0) +M(C:0K, Fs:2, WS:8K # 0K, PF:0K # 0K, P:0K)
[12] 0.000038 +J(CM:0, PgRf:42, Rd:0/0, Dy:0/0, Lg:0/0) +M(C:0K, Fs:3, WS:12K # 0K, PF:0K # 0K, P:0K)
[13] 0.0 +J(0)
[14] 0.0 +J(0)
[15] 0.000004 +J(CM:0, PgRf:1, Rd:0/0, Dy:0/0, Lg:0/0).""",0,2024-12-22T12:37:12.1547010Z,7230,0,DESKTOP-QGB4EQH,1,0,INFORMATION,ESENT,1,FALSE,3,The database engine attached a database.,"[""windows"",""windows_application""]",60798,windows_eventchannel,log,"Dec 22, 2024 @ 12:37:13.071",EventChannel,1734871033,"Dec 22, 2024 @ 12:37:13.071", , , , , , , , , , , , , , , , , , , , , , , , , , , , , , , , , , , , , , , , , , , , , , , , , , , , , , , , , , , , , , , , , , , , , , , , , , , , , , , , , , , , , , , , , , , , , , , , , , , , , , , , , , , , , , , , , , , , , , , , , , , , , , , , , , , , , , , , 
wazuh-alerts-4.x-2024.12.22,0Epf7pMBNimV4ECvMYSe,1,1,192.168.117.139,window-agent3,3,Maryam, , ,1003,Windows Search Service,0x80000000000000,{CA4E628D-8567-4896-AB6B-835B221F373F},4,Application,0,"""The Windows Search Service started.
""",0,2024-12-22T12:37:13.0142489Z,7232,0,DESKTOP-QGB4EQH,1,0,INFORMATION,Microsoft-Windows-Search,1,FALSE,3,The Windows search service started.,"[""windows"",""windows_application""]",60668,windows_eventchannel,log,"Dec 22, 2024 @ 12:37:14.046",EventChannel,1734871034,"Dec 22, 2024 @ 12:37:14.046", , , , , , , , , , , , , , , , , , , , , , , , , , , , , , , , , , , , , , , , , , , , , , , , , , , , , , , , , , , , , , , , , , , , , , , , , , , , , , , , , , , , , , , , , , , , , , , , , , , , , , , , , , , , , , , , , , , , , , , , , , , , , , , , , , , , , , , , 
wazuh-alerts-4.x-2024.12.22,qko97pMBNimV4ECvi4Si,1,1,192.168.117.129,agent1,4,Maryam, , ,7040,Service Control Manager,0x8080000000000000,{555908d1-a6d7-4695-8e1e-26931d2012f4},4,System,0,"""The start type of the Background Intelligent Transfer Service service was changed from demand start to auto start.""",0,2024-12-22T12:00:21.1398927Z,2341,796,DESKTOP-B37GATP,0,684,INFORMATION,Service Control Manager,3,FALSE,3,Service startup type was changed,"[""windows"",""windows_system"",""policy_changed""]",61104,windows_eventchannel,log,"Dec 22, 2024 @ 12:00:22.658",EventChannel,1734868822,"Dec 22, 2024 @ 12:00:22.658", , , , , , , , , , , , , , , , , , , , , , ,"[""164.312.b""]","[""10.6""]","[""CC6.1"",""CC6.8"",""CC7.2"",""CC7.3""]","[""AU.6""]","[""IV_35.7.d""]", , , , , , , , , , , , , , , , , , , , , , , , , , , , , , , , , , , , , , , , , , , , , , , , , , , , , , ,auto start,BITS,Background Intelligent Transfer Service,demand start,This does not appear to be logged on Windows 2000, , , , , , , , , , , , , , , , , , , , , , , , , , , , , , , , , , , , , , , , , , , , , , , , , , 
wazuh-alerts-4.x-2024.12.22,q0o97pMBNimV4ECvi4Si,1,1,192.168.117.129,agent1,4,Maryam, , ,1014, ,0x4000000010000000,{1c95126e-7eea-49a9-a3fe-a378b03ddb4d},3,System,0,"""Name resolution for the name wpad timed out after none of the configured DNS servers responded.""",0,2024-12-22T12:00:27.3924667Z,2342,2044,DESKTOP-B37GATP,1014,1792,WARNING,Microsoft-Windows-DNS-Client,2,FALSE,5,Name resolution for the name wpad timed out,"[""windows"",""windows_system""]",61109,windows_eventchannel,log,"Dec 22, 2024 @ 12:00:28.904",EventChannel,1734868828,"Dec 22, 2024 @ 12:00:28.904", , , , , , , , , , , , , , , , , , , , , , , , , , , , , , , , , , , , , , , , , , , , , , , , , , , , , , , , , , , , , , , , , , , , , , , , , , , , , , , , , , , , , , , , , , , , , , , , , , , , , , , , ,128,02000000C0A87502000000000000000000000000000000000000000000000000000000000000000000000000000000000000000000000000000000000000000000000000000000000000000000000000000000000000000000000000000000000000000000000000000000000000000000000000000000000000000000000000,wpad, , , , , , , , , , , , , , , , , , , , , , , , , , , , , 
wazuh-alerts-4.x-2024.12.22,_Upf7pMBNimV4ECv2YSN,1,1,192.168.117.139,window-agent3,3,Maryam,"0, BlueScreen, Not available, 0, ef, ffffa586720ca2c0, 0, 0, 0, 10_0_19045, 0_0, 256_1,   \\\\?\\C:\\WINDOWS\\Minidump\\122224-13781-01.dmp  \\\\?\\C:\\WINDOWS\\TEMP\\WER-69078-0.sysdata.xml  \\\\?\\C:\\WINDOWS\\MEMORY.DMP  \\\\?\\C:\\ProgramData\\Microsoft\\Windows\\WER\\Temp\\WER28D4.tmp.WERInternalMetadata.xml  \\\\?\\C:\\ProgramData\\Microsoft\\Windows\\WER\\Temp\\WER2904.tmp.xml  \\\\?\\C:\\ProgramData\\Microsoft\\Windows\\WER\\Temp\\WER2903.tmp.csv  \\\\?\\C:\\ProgramData\\Microsoft\\Windows\\WER\\Temp\\WER2913.tmp.txt, \\\\?\\C:\\ProgramData\\Microsoft\\Windows\\WER\\ReportQueue\\Kernel_ef_5df69abba483611f8cc1cfe386ad91cdbaf829c6_00000000_cab_f17332d7-f0c5-4020-baee-8191dc2003b0, 0, e49d3297-65cc-40f7-b6f7-83fd4175fd73, 4, 0", ,1001, ,0x80000000000000, ,4,Application,0,"""Fault bucket , type 0
Event Name: BlueScreen
Response: Not available
Cab Id: 0

Problem signature:
P1: ef
P2: ffffa586720ca2c0
P3: 0
P4: 0
P5: 0
P6: 10_0_19045
P7: 0_0
P8: 256_1
P9: 
P10: 

Attached files:
\\?\C:\WINDOWS\Minidump\122224-13781-01.dmp
\\?\C:\WINDOWS\TEMP\WER-69078-0.sysdata.xml
\\?\C:\WINDOWS\MEMORY.DMP
\\?\C:\ProgramData\Microsoft\Windows\WER\Temp\WER28D4.tmp.WERInternalMetadata.xml
\\?\C:\ProgramData\Microsoft\Windows\WER\Temp\WER2904.tmp.xml
\\?\C:\ProgramData\Microsoft\Windows\WER\Temp\WER2903.tmp.csv
\\?\C:\ProgramData\Microsoft\Windows\WER\Temp\WER2913.tmp.txt

These files may be available here:
\\?\C:\ProgramData\Microsoft\Windows\WER\ReportQueue\Kernel_ef_5df69abba483611f8cc1cfe386ad91cdbaf829c6_00000000_cab_f17332d7-f0c5-4020-baee-8191dc2003b0

Analysis symbol: 
Rechecking for solution: 0
Report Id: e49d3297-65cc-40f7-b6f7-83fd4175fd73
Report Status: 4
Hashed bucket: 
Cab Guid: 0""",0,2024-12-22T12:37:56.2800348Z,7245,0,DESKTOP-QGB4EQH,0,0,INFORMATION,Windows Error Reporting,3,FALSE,4,Summary event of the report's signatures.,"[""windows"",""windows_application""]",60608,windows_eventchannel,log,"Dec 22, 2024 @ 12:37:57.150",EventChannel,1734871077,"Dec 22, 2024 @ 12:37:57.150", , , , , , , , , , , , , , , , , , , , , , , , , , , , , , , , , , , , , , , , , , , , , , , , , , , , , , , , , , , , , , , , , , , , , , , , , , , , , , , , , , , , , , , , , , , , , , , , , , , , , , , , , , , , , , , , , , , , , , , , , , , , , , , , , , , , , , , , 
wazuh-alerts-4.x-2024.12.22,'-kpf7pMBNimV4ECvvoQx,1,1,192.168.117.139,window-agent3,3,Maryam, , ,1001,BugCheck,0x80000000000000,{ABCE23E7-DE45-4366-8631-84FA6C525952},2,System,0,"""The computer has rebooted from a bugcheck.  The bugcheck was: 0x000000ef (0xffffa586720ca2c0, 0x0000000000000000, 0x0000000000000000, 0x0000000000000000). A dump was saved in: C:\WINDOWS\MEMORY.DMP. Report Id: e49d3297-65cc-40f7-b6f7-83fd4175fd73.""",0,2024-12-22T12:37:49.1859872Z,3298,0,DESKTOP-QGB4EQH,0,0,ERROR,Microsoft-Windows-WER-SystemErrorReporting,1,FALSE,5,Windows System error event,"[""windows"",""windows_system"",""system_error""]",61102,windows_eventchannel,log,"Dec 22, 2024 @ 12:37:50.071",EventChannel,1734871070,"Dec 22, 2024 @ 12:37:50.071", , , , , , , , , , , , , , , , , , , , , , , , , , ,"[""IV_35.7.d""]", , , ,"[""4.3""]", , , , , , , , , , , , , , , , , , , , , , , , , , , , , , , , , , , , , , , , , , , , , , , , , , ,e49d3297-65cc-40f7-b6f7-83fd4175fd73, ,"0x000000ef (0xffffa586720ca2c0, 0x0000000000000000, 0x0000000000000000, 0x0000000000000000)",C:\\WINDOWS\\MEMORY.DMP, , , , , , , , , , , , , , , , , , , , , , , , , , , , , , , , , , , , , , , , , , , , , , , , , , , 
wazuh-alerts-4.x-2024.12.22,u0pR7pMBNimV4ECvT4Q-,1,1,192.168.117.129,agent1,4,Maryam, , ,1014, ,0x4000000010000000,{1c95126e-7eea-49a9-a3fe-a378b03ddb4d},3,System,0,"""Name resolution for the name wpad timed out after none of the configured DNS servers responded.""",0,2024-12-22T12:22:02.4256835Z,2345,4856,DESKTOP-B37GATP,1014,1792,WARNING,Microsoft-Windows-DNS-Client,3,FALSE,5,Name resolution for the name wpad timed out,"[""windows"",""windows_system""]",61109,windows_eventchannel,log,"Dec 22, 2024 @ 12:22:03.951",EventChannel,1734870123,"Dec 22, 2024 @ 12:22:03.951", , , , , , , , , , , , , , , , , , , , , , , , , , , , , , , , , , , , , , , , , , , , , , , , , , , , , , , , , , , , , , , , , , , , , , , , , , , , , , , , , , , , , , , , , , , , , , , , , , , , , , , , ,128,02000000C0A87502000000000000000000000000000000000000000000000000000000000000000000000000000000000000000000000000000000000000000000000000000000000000000000000000000000000000000000000000000000000000000000000000000000000000000000000000000000000000000000000000,wpad, , , , , , , , , , , , , , , , , , , , , , , , , , , , , 
wazuh-alerts-4.x-2024.12.22,xUpa7pMBNimV4ECvsYQW,1,1,192.168.117.129,agent1,4,Maryam, , ,1014, ,0x4000000010000000,{1c95126e-7eea-49a9-a3fe-a378b03ddb4d},3,System,0,"""Name resolution for the name wpad timed out after none of the configured DNS servers responded.""",0,2024-12-22T12:32:09.4543458Z,2346,3324,DESKTOP-B37GATP,1014,1792,WARNING,Microsoft-Windows-DNS-Client,1,FALSE,5,Name resolution for the name wpad timed out,"[""windows"",""windows_system""]",61109,windows_eventchannel,log,"Dec 22, 2024 @ 12:32:10.964",EventChannel,1734870730,"Dec 22, 2024 @ 12:32:10.964", , , , , , , , , , , , , , , , , , , , , , , , , , , , , , , , , , , , , , , , , , , , , , , , , , , , , , , , , , , , , , , , , , , , , , , , , , , , , , , , , , , , , , , , , , , , , , , , , , , , , , , , ,128,02000000C0A87502000000000000000000000000000000000000000000000000000000000000000000000000000000000000000000000000000000000000000000000000000000000000000000000000000000000000000000000000000000000000000000000000000000000000000000000000000000000000000000000000,wpad, , , , , , , , , , , , , , , , , , , , , , , , , , , , , 
wazuh-alerts-4.x-2024.12.22,K0pu7pMBNimV4ECvc4X_,1,1,192.168.117.139,window-agent3,3,Maryam, , ,4624, ,0x8020000000000000,{54849625-5478-4994-a5ba-3e3b0328c30d},0,Security,0,"""An account was successfully logged on.

Subject:
	Security ID:		S-1-5-18
	Account Name:		DESKTOP-QGB4EQH$
	Account Domain:		WORKGROUP
	Logon ID:		0x3E7

Logon Information:
	Logon Type:		2
	Restricted Admin Mode:	-
	Virtual Account:		No
	Elevated Token:		Yes

Impersonation Level:		Impersonation

New Logon:
	Security ID:		S-1-5-21-2469675487-2142651230-3143768571-1001
	Account Name:		mari
	Account Domain:		DESKTOP-QGB4EQH
	Logon ID:		0x1D2351
	Linked Logon ID:		0x1D2382
	Network Account Name:	-
	Network Account Domain:	-
	Logon GUID:		{00000000-0000-0000-0000-000000000000}

Process Information:
	Process ID:		0x1e8
	Process Name:		C:\Windows\System32\svchost.exe

Network Information:
	Workstation Name:	DESKTOP-QGB4EQH
	Source Network Address:	127.0.0.1
	Source Port:		0

Detailed Authentication Information:
	Logon Process:		User32 
	Authentication Package:	Negotiate
	Transited Services:	-
	Package Name (NTLM only):	-
	Key Length:		0

This event is generated when a logon session is created. It is generated on the computer that was accessed.

The subject fields indicate the account on the local system which requested the logon. This is most commonly a service such as the Server service, or a local process such as Winlogon.exe or Services.exe.

The logon type field indicates the kind of logon that occurred. The most common types are 2 (interactive) and 3 (network).

The New Logon fields indicate the account for whom the new logon was created, i.e. the account that was logged on.

The network fields indicate where a remote logon request originated. Workstation name is not always available and may be left blank in some cases.

The impersonation level field indicates the extent to which a process in the logon session can impersonate.

The authentication information fields provide detailed information about this specific logon request.
	- Logon GUID is a unique identifier that can be used to correlate this event with a KDC event.
	- Transited services indicate which intermediate services have participated in this logon request.
	- Package name indicates which sub-protocol was used among the NTLM protocols.
	- Key length indicates the length of the generated session key. This will be 0 if no session key was requested.""",2,2024-12-22T12:53:44.9244367Z,21857,704,DESKTOP-QGB4EQH,12544,632,AUDIT_SUCCESS,Microsoft-Windows-Security-Auditing,1,FALSE,3,Windows workstation logon success.,"[""windows"",""windows_security"",""authentication_success""]",60118,windows_eventchannel,log,"Dec 22, 2024 @ 12:53:46.874",EventChannel,1734872026,"Dec 22, 2024 @ 12:53:46.874",0x3e7,WORKGROUP,0x1d2382,%%1833,127.0.0.1,Negotiate,DESKTOP-QGB4EQH,0x1d2351,User32,{00000000-0000-0000-0000-000000000000},mari,0,%%1842,S-1-5-18,0x1e8,C:\\Windows\\System32\\svchost.exe,0,DESKTOP-QGB4EQH,S-1-5-21-2469675487-2142651230-3143768571-1001,%%1843,2,DESKTOP-QGB4EQH$,"[""164.312.b""]","[""10.2.5""]","[""CC6.8"",""CC7.2"",""CC7.3""]","[""AC.7"",""AU.14""]","[""IV_32.2""]","[""Valid Accounts""]","[""T1078""]","[""Defense Evasion"",""Persistence"",""Privilege Escalation"",""Initial Access""]","[""7.1"",""7.2""]", , , , , , , , , , , , , , , , , , , , , , , , , , , , , , , , , , , , , , , , , , , , , , , , , , , , , , , , , , , , , , , , , , , , , , , , , , , , , , , , , , , , , , , , , , , , , , , , , , , , , , , , , 
wazuh-alerts-4.x-2024.12.22,LEpu7pMBNimV4ECvc4X_,1,1,192.168.117.139,window-agent3,3,Maryam, , ,4624, ,0x8020000000000000,{54849625-5478-4994-a5ba-3e3b0328c30d},0,Security,0,"""An account was successfully logged on.

Subject:
	Security ID:		S-1-5-18
	Account Name:		DESKTOP-QGB4EQH$
	Account Domain:		WORKGROUP
	Logon ID:		0x3E7

Logon Information:
	Logon Type:		2
	Restricted Admin Mode:	-
	Virtual Account:		No
	Elevated Token:		No

Impersonation Level:		Impersonation

New Logon:
	Security ID:		S-1-5-21-2469675487-2142651230-3143768571-1001
	Account Name:		mari
	Account Domain:		DESKTOP-QGB4EQH
	Logon ID:		0x1D2382
	Linked Logon ID:		0x1D2351
	Network Account Name:	-
	Network Account Domain:	-
	Logon GUID:		{00000000-0000-0000-0000-000000000000}

Process Information:
	Process ID:		0x1e8
	Process Name:		C:\Windows\System32\svchost.exe

Network Information:
	Workstation Name:	DESKTOP-QGB4EQH
	Source Network Address:	127.0.0.1
	Source Port:		0

Detailed Authentication Information:
	Logon Process:		User32 
	Authentication Package:	Negotiate
	Transited Services:	-
	Package Name (NTLM only):	-
	Key Length:		0

This event is generated when a logon session is created. It is generated on the computer that was accessed.

The subject fields indicate the account on the local system which requested the logon. This is most commonly a service such as the Server service, or a local process such as Winlogon.exe or Services.exe.

The logon type field indicates the kind of logon that occurred. The most common types are 2 (interactive) and 3 (network).

The New Logon fields indicate the account for whom the new logon was created, i.e. the account that was logged on.

The network fields indicate where a remote logon request originated. Workstation name is not always available and may be left blank in some cases.

The impersonation level field indicates the extent to which a process in the logon session can impersonate.

The authentication information fields provide detailed information about this specific logon request.
	- Logon GUID is a unique identifier that can be used to correlate this event with a KDC event.
	- Transited services indicate which intermediate services have participated in this logon request.
	- Package name indicates which sub-protocol was used among the NTLM protocols.
	- Key length indicates the length of the generated session key. This will be 0 if no session key was requested.""",2,2024-12-22T12:53:44.9246655Z,21858,704,DESKTOP-QGB4EQH,12544,632,AUDIT_SUCCESS,Microsoft-Windows-Security-Auditing,2,FALSE,3,Windows workstation logon success.,"[""windows"",""windows_security"",""authentication_success""]",60118,windows_eventchannel,log,"Dec 22, 2024 @ 12:53:46.970",EventChannel,1734872026,"Dec 22, 2024 @ 12:53:46.970",0x3e7,WORKGROUP,0x1d2351,%%1833,127.0.0.1,Negotiate,DESKTOP-QGB4EQH,0x1d2382,User32,{00000000-0000-0000-0000-000000000000},mari,0,%%1843,S-1-5-18,0x1e8,C:\\Windows\\System32\\svchost.exe,0,DESKTOP-QGB4EQH,S-1-5-21-2469675487-2142651230-3143768571-1001,%%1843,2,DESKTOP-QGB4EQH$,"[""164.312.b""]","[""10.2.5""]","[""CC6.8"",""CC7.2"",""CC7.3""]","[""AC.7"",""AU.14""]","[""IV_32.2""]","[""Valid Accounts""]","[""T1078""]","[""Defense Evasion"",""Persistence"",""Privilege Escalation"",""Initial Access""]","[""7.1"",""7.2""]", , , , , , , , , , , , , , , , , , , , , , , , , , , , , , , , , , , , , , , , , , , , , , , , , , , , , , , , , , , , , , , , , , , , , , , , , , , , , , , , , , , , , , , , , , , , , , , , , , , , , , , , , 
wazuh-alerts-4.x-2024.12.22,MUpu7pMBNimV4ECvc4X_,1,1,192.168.117.139,window-agent3,3,Maryam, , ,13, ,0x8000000000000000,{5770385f-c22a-43e0-bf4c-06f5698ffbd9},4,Microsoft-Windows-Sysmon/Operational,0,"""Registry value set:
RuleName: -
EventType: SetValue
UtcTime: 2024-12-22 12:53:49.170
ProcessGuid: {15959494-07e4-6768-0a00-000000001300}
ProcessId: 600
Image: C:\WINDOWS\system32\services.exe
TargetObject: HKLM\System\CurrentControlSet\Services\CaptureService_1d904a\ImagePath
Details: C:\WINDOWS\system32\svchost.exe -k LocalService -p
User: NT AUTHORITY\SYSTEM""",2,2024-12-22T12:53:49.1849672Z,233484,4960,DESKTOP-QGB4EQH,13,2812,INFORMATION,Microsoft-Windows-Sysmon,4,FALSE,3,Evidence of new service creation found in registry under HKLM\\System\\CurrentControlSet\\Services\\CaptureService_1d904a\\ImagePath binary is: C:\\WINDOWS\\system32\\svchost.exe -k LocalService -p,"[""sysmon"",""sysmon_eid13_detections"",""windows""]",92307,windows_eventchannel,log,"Dec 22, 2024 @ 12:53:52.528",EventChannel,1734872032,"Dec 22, 2024 @ 12:53:52.528", , , , , , , , , , , , , , ,600, , , , , , , , , , , , ,"[""Windows Service""]","[""T1543.003""]","[""Persistence"",""Privilege Escalation""]", ,C:\\WINDOWS\\system32\\services.exe,HKLM\\System\\CurrentControlSet\\Services\\CaptureService_1d904a\\ImagePath,{15959494-07e4-6768-0a00-000000001300},53:49.2,C:\\WINDOWS\\system32\\svchost.exe -k LocalService -p,SetValue,NT AUTHORITY\\SYSTEM, , , , , , , , , , , , , , , , , , , , , , , , , , , , , , , , , , , , , , , , , , , , , , , , , , , , , , , , , , , , , , , , , , , , , , , , , , , , , , , , , , , , , , , , , , , , , , , , , , 
wazuh-alerts-4.x-2024.12.22,M0pu7pMBNimV4ECvc4X_,1,1,192.168.117.139,window-agent3,3,Maryam, , ,13, ,0x8000000000000000,{5770385f-c22a-43e0-bf4c-06f5698ffbd9},4,Microsoft-Windows-Sysmon/Operational,0,"""Registry value set:
RuleName: -
EventType: SetValue
UtcTime: 2024-12-22 12:53:49.185
ProcessGuid: {15959494-07e4-6768-0a00-000000001300}
ProcessId: 600
Image: C:\WINDOWS\system32\services.exe
TargetObject: HKLM\System\CurrentControlSet\Services\CDPUserSvc_1d904a\ImagePath
Details: C:\WINDOWS\system32\svchost.exe -k UnistackSvcGroup
User: NT AUTHORITY\SYSTEM""",2,2024-12-22T12:53:49.1912628Z,233500,4960,DESKTOP-QGB4EQH,13,2812,INFORMATION,Microsoft-Windows-Sysmon,6,FALSE,3,Evidence of new service creation found in registry under HKLM\\System\\CurrentControlSet\\Services\\CDPUserSvc_1d904a\\ImagePath binary is: C:\\WINDOWS\\system32\\svchost.exe -k UnistackSvcGroup,"[""sysmon"",""sysmon_eid13_detections"",""windows""]",92307,windows_eventchannel,log,"Dec 22, 2024 @ 12:53:53.073",EventChannel,1734872033,"Dec 22, 2024 @ 12:53:53.073", , , , , , , , , , , , , , ,600, , , , , , , , , , , , ,"[""Windows Service""]","[""T1543.003""]","[""Persistence"",""Privilege Escalation""]", ,C:\\WINDOWS\\system32\\services.exe,HKLM\\System\\CurrentControlSet\\Services\\CDPUserSvc_1d904a\\ImagePath,{15959494-07e4-6768-0a00-000000001300},53:49.2,C:\\WINDOWS\\system32\\svchost.exe -k UnistackSvcGroup,SetValue,NT AUTHORITY\\SYSTEM, , , , , , , , , , , , , , , , , , , , , , , , , , , , , , , , , , , , , , , , , , , , , , , , , , , , , , , , , , , , , , , , , , , , , , , , , , , , , , , , , , , , , , , , , , , , , , , , , , 
wazuh-alerts-4.x-2024.12.22,N0pu7pMBNimV4ECvc4X_,1,1,192.168.117.139,window-agent3,3,Maryam, , ,13, ,0x8000000000000000,{5770385f-c22a-43e0-bf4c-06f5698ffbd9},4,Microsoft-Windows-Sysmon/Operational,0,"""Registry value set:
RuleName: -
EventType: SetValue
UtcTime: 2024-12-22 12:53:49.185
ProcessGuid: {15959494-07e4-6768-0a00-000000001300}
ProcessId: 600
Image: C:\WINDOWS\system32\services.exe
TargetObject: HKLM\System\CurrentControlSet\Services\DeviceAssociationBrokerSvc_1d904a\ImagePath
Details: C:\WINDOWS\system32\svchost.exe -k DevicesFlow -p
User: NT AUTHORITY\SYSTEM""",2,2024-12-22T12:53:49.1999396Z,233524,4960,DESKTOP-QGB4EQH,13,2812,INFORMATION,Microsoft-Windows-Sysmon,10,FALSE,3,Evidence of new service creation found in registry under HKLM\\System\\CurrentControlSet\\Services\\DeviceAssociationBrokerSvc_1d904a\\ImagePath binary is: C:\\WINDOWS\\system32\\svchost.exe -k DevicesFlow -p,"[""sysmon"",""sysmon_eid13_detections"",""windows""]",92307,windows_eventchannel,log,"Dec 22, 2024 @ 12:53:53.919",EventChannel,1734872033,"Dec 22, 2024 @ 12:53:53.919", , , , , , , , , , , , , , ,600, , , , , , , , , , , , ,"[""Windows Service""]","[""T1543.003""]","[""Persistence"",""Privilege Escalation""]", ,C:\\WINDOWS\\system32\\services.exe,HKLM\\System\\CurrentControlSet\\Services\\DeviceAssociationBrokerSvc_1d904a\\ImagePath,{15959494-07e4-6768-0a00-000000001300},53:49.2,C:\\WINDOWS\\system32\\svchost.exe -k DevicesFlow -p,SetValue,NT AUTHORITY\\SYSTEM, , , , , , , , , , , , , , , , , , , , , , , , , , , , , , , , , , , , , , , , , , , , , , , , , , , , , , , , , , , , , , , , , , , , , , , , , , , , , , , , , , , , , , , , , , , , , , , , , , 
wazuh-alerts-4.x-2024.12.22,Okpu7pMBNimV4ECvd4Xa,1,1,192.168.117.139,window-agent3,3,Maryam, , ,13, ,0x8000000000000000,{5770385f-c22a-43e0-bf4c-06f5698ffbd9},4,Microsoft-Windows-Sysmon/Operational,0,"""Registry value set:
RuleName: -
EventType: SetValue
UtcTime: 2024-12-22 12:53:49.201
ProcessGuid: {15959494-07e4-6768-0a00-000000001300}
ProcessId: 600
Image: C:\WINDOWS\system32\services.exe
TargetObject: HKLM\System\CurrentControlSet\Services\MessagingService_1d904a\ImagePath
Details: C:\WINDOWS\system32\svchost.exe -k UnistackSvcGroup
User: NT AUTHORITY\SYSTEM""",2,2024-12-22T12:53:49.2076401Z,233548,4960,DESKTOP-QGB4EQH,13,2812,INFORMATION,Microsoft-Windows-Sysmon,13,FALSE,3,Evidence of new service creation found in registry under HKLM\\System\\CurrentControlSet\\Services\\MessagingService_1d904a\\ImagePath binary is: C:\\WINDOWS\\system32\\svchost.exe -k UnistackSvcGroup,"[""sysmon"",""sysmon_eid13_detections"",""windows""]",92307,windows_eventchannel,log,"Dec 22, 2024 @ 12:53:55.208",EventChannel,1734872035,"Dec 22, 2024 @ 12:53:55.208", , , , , , , , , , , , , , ,600, , , , , , , , , , , , ,"[""Windows Service""]","[""T1543.003""]","[""Persistence"",""Privilege Escalation""]", ,C:\\WINDOWS\\system32\\services.exe,HKLM\\System\\CurrentControlSet\\Services\\MessagingService_1d904a\\ImagePath,{15959494-07e4-6768-0a00-000000001300},53:49.2,C:\\WINDOWS\\system32\\svchost.exe -k UnistackSvcGroup,SetValue,NT AUTHORITY\\SYSTEM, , , , , , , , , , , , , , , , , , , , , , , , , , , , , , , , , , , , , , , , , , , , , , , , , , , , , , , , , , , , , , , , , , , , , , , , , , , , , , , , , , , , , , , , , , , , , , , , , , 
wazuh-alerts-4.x-2024.12.22,O0pu7pMBNimV4ECvd4Xa,1,1,192.168.117.139,window-agent3,3,Maryam, , ,13, ,0x8000000000000000,{5770385f-c22a-43e0-bf4c-06f5698ffbd9},4,Microsoft-Windows-Sysmon/Operational,0,"""Registry value set:
RuleName: -
EventType: SetValue
UtcTime: 2024-12-22 12:53:49.201
ProcessGuid: {15959494-07e4-6768-0a00-000000001300}
ProcessId: 600
Image: C:\WINDOWS\system32\services.exe
TargetObject: HKLM\System\CurrentControlSet\Services\OneSyncSvc_1d904a\ImagePath
Details: C:\WINDOWS\system32\svchost.exe -k UnistackSvcGroup
User: NT AUTHORITY\SYSTEM""",2,2024-12-22T12:53:49.2102838Z,233561,4960,DESKTOP-QGB4EQH,13,2812,INFORMATION,Microsoft-Windows-Sysmon,14,FALSE,3,Evidence of new service creation found in registry under HKLM\\System\\CurrentControlSet\\Services\\OneSyncSvc_1d904a\\ImagePath binary is: C:\\WINDOWS\\system32\\svchost.exe -k UnistackSvcGroup,"[""sysmon"",""sysmon_eid13_detections"",""windows""]",92307,windows_eventchannel,log,"Dec 22, 2024 @ 12:53:55.415",EventChannel,1734872035,"Dec 22, 2024 @ 12:53:55.415", , , , , , , , , , , , , , ,600, , , , , , , , , , , , ,"[""Windows Service""]","[""T1543.003""]","[""Persistence"",""Privilege Escalation""]", ,C:\\WINDOWS\\system32\\services.exe,HKLM\\System\\CurrentControlSet\\Services\\OneSyncSvc_1d904a\\ImagePath,{15959494-07e4-6768-0a00-000000001300},53:49.2,C:\\WINDOWS\\system32\\svchost.exe -k UnistackSvcGroup,SetValue,NT AUTHORITY\\SYSTEM, , , , , , , , , , , , , , , , , , , , , , , , , , , , , , , , , , , , , , , , , , , , , , , , , , , , , , , , , , , , , , , , , , , , , , , , , , , , , , , , , , , , , , , , , , , , , , , , , , 
wazuh-alerts-4.x-2024.12.22,PUpu7pMBNimV4ECvd4Xa,1,1,192.168.117.139,window-agent3,3,Maryam, , ,13, ,0x8000000000000000,{5770385f-c22a-43e0-bf4c-06f5698ffbd9},4,Microsoft-Windows-Sysmon/Operational,0,"""Registry value set:
RuleName: -
EventType: SetValue
UtcTime: 2024-12-22 12:53:49.201
ProcessGuid: {15959494-07e4-6768-0a00-000000001300}
ProcessId: 600
Image: C:\WINDOWS\system32\services.exe
TargetObject: HKLM\System\CurrentControlSet\Services\PrintWorkflowUserSvc_1d904a\ImagePath
Details: C:\WINDOWS\system32\svchost.exe -k PrintWorkflow
User: NT AUTHORITY\SYSTEM""",2,2024-12-22T12:53:49.2135677Z,233577,4960,DESKTOP-QGB4EQH,13,2812,INFORMATION,Microsoft-Windows-Sysmon,16,FALSE,3,Evidence of new service creation found in registry under HKLM\\System\\CurrentControlSet\\Services\\PrintWorkflowUserSvc_1d904a\\ImagePath binary is: C:\\WINDOWS\\system32\\svchost.exe -k PrintWorkflow,"[""sysmon"",""sysmon_eid13_detections"",""windows""]",92307,windows_eventchannel,log,"Dec 22, 2024 @ 12:53:55.795",EventChannel,1734872035,"Dec 22, 2024 @ 12:53:55.795", , , , , , , , , , , , , , ,600, , , , , , , , , , , , ,"[""Windows Service""]","[""T1543.003""]","[""Persistence"",""Privilege Escalation""]", ,C:\\WINDOWS\\system32\\services.exe,HKLM\\System\\CurrentControlSet\\Services\\PrintWorkflowUserSvc_1d904a\\ImagePath,{15959494-07e4-6768-0a00-000000001300},53:49.2,C:\\WINDOWS\\system32\\svchost.exe -k PrintWorkflow,SetValue,NT AUTHORITY\\SYSTEM, , , , , , , , , , , , , , , , , , , , , , , , , , , , , , , , , , , , , , , , , , , , , , , , , , , , , , , , , , , , , , , , , , , , , , , , , , , , , , , , , , , , , , , , , , , , , , , , , , 
wazuh-alerts-4.x-2024.12.22,SEpu7pMBNimV4ECvvoUq,1,1,192.168.117.139,window-agent3,3,Maryam, , ,4624, ,0x8020000000000000,{54849625-5478-4994-a5ba-3e3b0328c30d},0,Security,0,"""An account was successfully logged on.

Subject:
	Security ID:		S-1-5-18
	Account Name:		DESKTOP-QGB4EQH$
	Account Domain:		WORKGROUP
	Logon ID:		0x3E7

Logon Information:
	Logon Type:		5
	Restricted Admin Mode:	-
	Virtual Account:		No
	Elevated Token:		Yes

Impersonation Level:		Impersonation

New Logon:
	Security ID:		S-1-5-18
	Account Name:		SYSTEM
	Account Domain:		NT AUTHORITY
	Logon ID:		0x3E7
	Linked Logon ID:		0x0
	Network Account Name:	-
	Network Account Domain:	-
	Logon GUID:		{00000000-0000-0000-0000-000000000000}

Process Information:
	Process ID:		0x258
	Process Name:		C:\Windows\System32\services.exe

Network Information:
	Workstation Name:	-
	Source Network Address:	-
	Source Port:		-

Detailed Authentication Information:
	Logon Process:		Advapi  
	Authentication Package:	Negotiate
	Transited Services:	-
	Package Name (NTLM only):	-
	Key Length:		0

This event is generated when a logon session is created. It is generated on the computer that was accessed.

The subject fields indicate the account on the local system which requested the logon. This is most commonly a service such as the Server service, or a local process such as Winlogon.exe or Services.exe.

The logon type field indicates the kind of logon that occurred. The most common types are 2 (interactive) and 3 (network).

The New Logon fields indicate the account for whom the new logon was created, i.e. the account that was logged on.

The network fields indicate where a remote logon request originated. Workstation name is not always available and may be left blank in some cases.

The impersonation level field indicates the extent to which a process in the logon session can impersonate.

The authentication information fields provide detailed information about this specific logon request.
	- Logon GUID is a unique identifier that can be used to correlate this event with a KDC event.
	- Transited services indicate which intermediate services have participated in this logon request.
	- Package name indicates which sub-protocol was used among the NTLM protocols.
	- Key length indicates the length of the generated session key. This will be 0 if no session key was requested.""",2,2024-12-22T12:54:07.1278966Z,21868,756,DESKTOP-QGB4EQH,12544,632,AUDIT_SUCCESS,Microsoft-Windows-Security-Auditing,14,FALSE,3,Windows logon success.,"[""windows"",""windows_security"",""authentication_success""]",60106,windows_eventchannel,log,"Dec 22, 2024 @ 12:54:09.032",EventChannel,1734872049,"Dec 22, 2024 @ 12:54:09.032",0x3e7,WORKGROUP,0x0,%%1833, ,Negotiate, ,0x3e7,Advapi,{00000000-0000-0000-0000-000000000000},SYSTEM,0,%%1842,S-1-5-18,0x258,C:\\Windows\\System32\\services.exe, ,NT AUTHORITY,S-1-5-18,%%1843,5,DESKTOP-QGB4EQH$,"[""164.312.b""]","[""10.2.5""]","[""CC6.8"",""CC7.2"",""CC7.3""]","[""AC.7"",""AU.14""]","[""IV_32.2""]","[""Valid Accounts""]","[""T1078""]","[""Defense Evasion"",""Persistence"",""Privilege Escalation"",""Initial Access""]","[""7.1"",""7.2""]", , , , , , , , , , , , , , , , , , , , , , , , , , , , , , , , , , , , , , , , , , , , , , , , , , , , , , , , , , , , , , , , , , , , , , , , , , , , , , , , , , , , , , , , , , , , , , , , , , , , , , , , , 
wazuh-alerts-4.x-2024.12.22,SUpu7pMBNimV4ECvyYXl,1,1,192.168.117.139,window-agent3,3,Maryam, , ,7, ,0x8000000000000000,{5770385f-c22a-43e0-bf4c-06f5698ffbd9},4,Microsoft-Windows-Sysmon/Operational,0,"""Image loaded:
RuleName: technique_id=T1053,technique_name=Scheduled Task
UtcTime: 2024-12-22 12:54:13.795
ProcessGuid: {15959494-0bf3-6768-2701-000000001300}
ProcessId: 5976
Image: C:\Windows\System32\MoUsoCoreWorker.exe
ImageLoaded: C:\Windows\System32\taskschd.dll
FileVersion: 10.0.19041.3636 (WinBuild.160101.0800)
Description: Task Scheduler COM API
Product: Microsoft® Windows® Operating System
Company: Microsoft Corporation
OriginalFileName: taskschd.dll
Hashes: SHA1=633C92F5A5000CDE3235C7FDC306B2B04C501C48,MD5=84F942C1A4BD60C94EBEC6643E0216C9,SHA256=BBE733452E6CE871D5D2064948847AAB2A71F7FEDA2C962BA4002F64E2D198F2,IMPHASH=B7A4477FA36E2E5287EE76AC4AFCB05B
Signed: true
Signature: Microsoft Windows
SignatureStatus: Valid
User: NT AUTHORITY\SYSTEM""",3,2024-12-22T12:54:13.9081337Z,233651,4964,DESKTOP-QGB4EQH,7,2812,INFORMATION,Microsoft-Windows-Sysmon,26,FALSE,4,Process loaded taskschd.dll module. May be used to create delayed malware execution,"[""sysmon"",""sysmon_eid7_detections"",""windows""]",92154,windows_eventchannel,log,"Dec 22, 2024 @ 12:54:15.764",EventChannel,1734872055,"Dec 22, 2024 @ 12:54:15.764", , , , , , , , , , , , , , ,5976, , , , , , , , , , , , ,"[""Scheduled Task""]","[""T1053.005""]","[""Execution"",""Persistence"",""Privilege Escalation""]", ,C:\\Windows\\System32\\MoUsoCoreWorker.exe, ,{15959494-0bf3-6768-2701-000000001300},54:13.8, , ,NT AUTHORITY\\SYSTEM,taskschd.dll,Microsoft® Windows® Operating System, ,Task Scheduler COM API, , , , ,"SHA1=633C92F5A5000CDE3235C7FDC306B2B04C501C48,MD5=84F942C1A4BD60C94EBEC6643E0216C9,SHA256=BBE733452E6CE871D5D2064948847AAB2A71F7FEDA2C962BA4002F64E2D198F2,IMPHASH=B7A4477FA36E2E5287EE76AC4AFCB05B", ,"technique_id=T1053,technique_name=Scheduled Task",Microsoft Corporation, , ,10.0.19041.3636 (WinBuild.160101.0800), , , ,Microsoft Windows,C:\\Windows\\System32\\taskschd.dll,TRUE,Valid, , , , , , , , , , , , , , , , , , , , , , , , , , , , , , , , , , , , , , , , , , , , , , , , , , , , , , , , , , , , , , , , , , , , , , , , , , , , 
