wazuh-alerts-4.x-2024.12.22,KUr67ZMBNimV4ECva4Mk,1,1,192.168.117.139,window-agent3,3,Maryam,"1941275247350614467, 5, StoreAgentInstallFailure1, Not available, 0, Update;ScanForUpdatesForUser, 80073d02, 19045, 5247, Windows.Desktop, V,   \\\\?\\C:\\WINDOWS\\TEMP\\FailureReportMetadata_12194.txt  \\\\?\\C:\\ProgramData\\Microsoft\\Windows\\WER\\Temp\\WEREEE6.tmp.WERInternalMetadata.xml  \\\\?\\C:\\ProgramData\\Microsoft\\Windows\\WER\\Temp\\WEREF64.tmp.xml  \\\\?\\C:\\ProgramData\\Microsoft\\Windows\\WER\\Temp\\WEREFF0.tmp.csv  \\\\?\\C:\\ProgramData\\Microsoft\\Windows\\WER\\Temp\\WERF01F.tmp.txt, \\\\?\\C:\\ProgramData\\Microsoft\\Windows\\WER\\ReportArchive\\NonCritical_Update;ScanForUp_4d34664c423f895f19eeee86b1be3e254eb8c_00000000_4d9e7c76-6446-4ae9-b68e-f98430b6fd1f, 0, 4d9e7c76-6446-4ae9-b68e-f98430b6fd1f, 268435456, ee25fbb86fd70c731af0cb8d599789c3, 0", ,1001, ,0x80000000000000, ,4,Application,0,"""Fault bucket 1941275247350614467, type 5
Event Name: StoreAgentInstallFailure1
Response: Not available
Cab Id: 0

Problem signature:
P1: Update;ScanForUpdatesForUser
P2: 80073d02
P3: 19045
P4: 5247
P5: Windows.Desktop
P6: V
P7: 
P8: 
P9: 
P10: 

Attached files:
\\?\C:\WINDOWS\TEMP\FailureReportMetadata_12194.txt
\\?\C:\ProgramData\Microsoft\Windows\WER\Temp\WEREEE6.tmp.WERInternalMetadata.xml
\\?\C:\ProgramData\Microsoft\Windows\WER\Temp\WEREF64.tmp.xml
\\?\C:\ProgramData\Microsoft\Windows\WER\Temp\WEREFF0.tmp.csv
\\?\C:\ProgramData\Microsoft\Windows\WER\Temp\WERF01F.tmp.txt

These files may be available here:
\\?\C:\ProgramData\Microsoft\Windows\WER\ReportArchive\NonCritical_Update;ScanForUp_4d34664c423f895f19eeee86b1be3e254eb8c_00000000_4d9e7c76-6446-4ae9-b68e-f98430b6fd1f

Analysis symbol: 
Rechecking for solution: 0
Report Id: 4d9e7c76-6446-4ae9-b68e-f98430b6fd1f
Report Status: 268435456
Hashed bucket: ee25fbb86fd70c731af0cb8d599789c3
Cab Guid: 0""",0,2024-12-22T10:47:09.8777212Z,7178,0,DESKTOP-QGB4EQH,0,0,INFORMATION,Windows Error Reporting,2,FALSE,4,Summary event of the report's signatures.,"[""windows"",""windows_application""]",60608,windows_eventchannel,log,"Dec 22, 2024 @ 10:47:10.418",EventChannel,1734864430,"Dec 22, 2024 @ 10:47:10.418", , , , , , , , , , , , , , , , , , , , , , , , , , , , , , , , , , , , , , , , , , , , , , , , , , , , , , , , , , , , , , , , , , , , , , , , , , , , , , , , , , , , , , , , , , , , , , , , , , , , , , , , , , , , , , , , , , , , , , , , , , , , , , , , , , , , , , , , 
wazuh-alerts-4.x-2024.12.22,Jkr67ZMBNimV4ECvZ4N8,1,1,192.168.117.139,window-agent3,3,Maryam,"0, StoreAgentInstallFailure1, Not available, 0, Update;ScanForUpdatesForUser, 80073d02, 19045, 5247, Windows.Desktop, V,   \\\\?\\C:\\WINDOWS\\TEMP\\FailureReportMetadata_12194.txt  \\\\?\\C:\\ProgramData\\Microsoft\\Windows\\WER\\Temp\\WEREEE6.tmp.WERInternalMetadata.xml  \\\\?\\C:\\ProgramData\\Microsoft\\Windows\\WER\\Temp\\WEREF64.tmp.xml  \\\\?\\C:\\ProgramData\\Microsoft\\Windows\\WER\\Temp\\WEREFF0.tmp.csv  \\\\?\\C:\\ProgramData\\Microsoft\\Windows\\WER\\Temp\\WERF01F.tmp.txt, \\\\?\\C:\\ProgramData\\Microsoft\\Windows\\WER\\ReportQueue\\NonCritical_Update;ScanForUp_4d34664c423f895f19eeee86b1be3e254eb8c_00000000_cab_4d9e7c76-6446-4ae9-b68e-f98430b6fd1f, 0, 4d9e7c76-6446-4ae9-b68e-f98430b6fd1f, 4, 0", ,1001, ,0x80000000000000, ,4,Application,0,"""Fault bucket , type 0
Event Name: StoreAgentInstallFailure1
Response: Not available
Cab Id: 0

Problem signature:
P1: Update;ScanForUpdatesForUser
P2: 80073d02
P3: 19045
P4: 5247
P5: Windows.Desktop
P6: V
P7: 
P8: 
P9: 
P10: 

Attached files:
\\?\C:\WINDOWS\TEMP\FailureReportMetadata_12194.txt
\\?\C:\ProgramData\Microsoft\Windows\WER\Temp\WEREEE6.tmp.WERInternalMetadata.xml
\\?\C:\ProgramData\Microsoft\Windows\WER\Temp\WEREF64.tmp.xml
\\?\C:\ProgramData\Microsoft\Windows\WER\Temp\WEREFF0.tmp.csv
\\?\C:\ProgramData\Microsoft\Windows\WER\Temp\WERF01F.tmp.txt

These files may be available here:
\\?\C:\ProgramData\Microsoft\Windows\WER\ReportQueue\NonCritical_Update;ScanForUp_4d34664c423f895f19eeee86b1be3e254eb8c_00000000_cab_4d9e7c76-6446-4ae9-b68e-f98430b6fd1f

Analysis symbol: 
Rechecking for solution: 0
Report Id: 4d9e7c76-6446-4ae9-b68e-f98430b6fd1f
Report Status: 4
Hashed bucket: 
Cab Guid: 0""",0,2024-12-22T10:47:03.0962060Z,7177,0,DESKTOP-QGB4EQH,0,0,INFORMATION,Windows Error Reporting,1,FALSE,4,Summary event of the report's signatures.,"[""windows"",""windows_application""]",60608,windows_eventchannel,log,"Dec 22, 2024 @ 10:47:03.629",EventChannel,1734864423,"Dec 22, 2024 @ 10:47:03.629", , , , , , , , , , , , , , , , , , , , , , , , , , , , , , , , , , , , , , , , , , , , , , , , , , , , , , , , , , , , , , , , , , , , , , , , , , , , , , , , , , , , , , , , , , , , , , , , , , , , , , , , , , , , , , , , , , , , , , , , , , , , , , , , , , , , , , , , 
wazuh-alerts-4.x-2024.12.22,GUr17ZMBNimV4ECv8oOS,1,1,192.168.117.139,window-agent3,3,Maryam, , ,11, ,0x8000000000000000,{5770385f-c22a-43e0-bf4c-06f5698ffbd9},4,Microsoft-Windows-Sysmon/Operational,0,"""File created:
RuleName: -
UtcTime: 2024-12-22 10:42:13.542
ProcessGuid: {15959494-eb14-6767-3801-000000001200}
ProcessId: 2888
Image: C:\Windows\System32\WindowsPowerShell\v1.0\powershell.exe
TargetFilename: C:\Users\Public\splunkd.exe
CreationUtcTime: 2024-12-22 10:42:13.542
User: DESKTOP-QGB4EQH\mari""",2,2024-12-22T10:42:13.5435161Z,231043,4988,DESKTOP-QGB4EQH,11,2868,INFORMATION,Microsoft-Windows-Sysmon,2,TRUE,12,Executable file dropped in Users\Public folder,"[""sysmon"",""sysmon_eid11_detections"",""windows""]",92207,windows_eventchannel,log,"Dec 22, 2024 @ 10:42:14.759",EventChannel,1734864134,"Dec 22, 2024 @ 10:42:14.759", , , , , , , , , , , , , , ,2888, , , , , , , , , , , , ,"[""Ingress Tool Transfer""]","[""T1105""]","[""Command and Control""]", ,C:\\Windows\\System32\\WindowsPowerShell\\v1.0\\powershell.exe, ,{15959494-eb14-6767-3801-000000001200},42:13.5, , ,DESKTOP-QGB4EQH\\mari, , , , , , , , , , , , , , , , , , , , , , , , , , , , , , , , , , , , , , , , ,C:\\Users\\Public\\splunkd.exe,42:13.5, , , , , , , , , , , , , , , , , , , , , , , , , , , , , , , , , , , , , , , , , , , , , , , , , , , , , , , , 
wazuh-alerts-4.x-2024.12.22,Fkr17ZMBNimV4ECvt4Pe,1,1,192.168.117.139,window-agent3,3,Maryam,"2024-12-23T10:33:01Z, RulesEngine", ,16384,Software Protection Platform Service,0x80000000000000,{E23B33B0-C8C9-472C-A5F9-F2BDFEA0F156},4,Application,0,"""Successfully scheduled Software Protection service for re-start at 2024-12-23T10:33:01Z. Reason: RulesEngine.""",0,2024-12-22T10:42:01.7457945Z,7168,0,DESKTOP-QGB4EQH,0,0,INFORMATION,Microsoft-Windows-Security-SPP,4,FALSE,3,Software protection service scheduled successfully.,"[""windows"",""windows_application""]",60642,windows_eventchannel,log,"Dec 22, 2024 @ 10:42:02.288",EventChannel,1734864122,"Dec 22, 2024 @ 10:42:02.288", , , , , , , , , , , , , , , , , , , , , , , , , , , , , , , , , , , , , , , , , , , , , , , , , , , , , , , , , , , , , , , , , , , , , , , , , , , , , , , , , , , , , , , , , , , , , , , , , , , , , , , , , , , , , , , , , , , , , , , , , , , , , , , , , , , , , , , , 
wazuh-alerts-4.x-2024.12.22,Kkr67ZMBNimV4ECvzIPW,1,1,192.168.117.139,window-agent3,3,Maryam,"2024-12-23T10:32:31Z, RulesEngine", ,16384,Software Protection Platform Service,0x80000000000000,{E23B33B0-C8C9-472C-A5F9-F2BDFEA0F156},4,Application,0,"""Successfully scheduled Software Protection service for re-start at 2024-12-23T10:32:31Z. Reason: RulesEngine.""",0,2024-12-22T10:47:31.4212255Z,7179,0,DESKTOP-QGB4EQH,0,0,INFORMATION,Microsoft-Windows-Security-SPP,5,FALSE,3,Software protection service scheduled successfully.,"[""windows"",""windows_application""]",60642,windows_eventchannel,log,"Dec 22, 2024 @ 10:47:31.961",EventChannel,1734864451,"Dec 22, 2024 @ 10:47:31.961", , , , , , , , , , , , , , , , , , , , , , , , , , , , , , , , , , , , , , , , , , , , , , , , , , , , , , , , , , , , , , , , , , , , , , , , , , , , , , , , , , , , , , , , , , , , , , , , , , , , , , , , , , , , , , , , , , , , , , , , , , , , , , , , , , , , , , , , 
wazuh-alerts-4.x-2024.12.22,aEoK7pMBNimV4ECvD4MR,1,1,192.168.117.129,agent1,4,Maryam,"1675121912788836134, 5, BEX64, Not available, 0, dwm.exe, 10.0.19041.4355, 6564cf4e, KERNELBASE.dll, 10.0.19041.5198, d1eefc71, 00000000001338e2, c0000409, 0000000000000007,   \\\\?\\C:\\ProgramData\\Microsoft\\Windows\\WER\\Temp\\WER6943.tmp.mdmp  \\\\?\\C:\\ProgramData\\Microsoft\\Windows\\WER\\Temp\\WER6FCC.tmp.WERInternalMetadata.xml  \\\\?\\C:\\ProgramData\\Microsoft\\Windows\\WER\\Temp\\WER73E4.tmp.xml  \\\\?\\C:\\ProgramData\\Microsoft\\Windows\\WER\\Temp\\WER7407.tmp.csv  \\\\?\\C:\\ProgramData\\Microsoft\\Windows\\WER\\Temp\\WER7456.tmp.txt, \\\\?\\C:\\ProgramData\\Microsoft\\Windows\\WER\\ReportArchive\\AppCrash_dwm.exe_9ff9e422e3aa8cf306ec4ddd6bc84de8059947f_fed57774_ced9462c-b606-45c9-b988-e643c876a431, 0, 15df2093-9b0f-4512-af88-357e7e4493f6, 268435456, 26123011047e2378773f3a8127405f26, 0", ,1001, ,0x80000000000000, ,4,Application,0,"""Fault bucket 1675121912788836134, type 5
Event Name: BEX64
Response: Not available
Cab Id: 0

Problem signature:
P1: dwm.exe
P2: 10.0.19041.4355
P3: 6564cf4e
P4: KERNELBASE.dll
P5: 10.0.19041.5198
P6: d1eefc71
P7: 00000000001338e2
P8: c0000409
P9: 0000000000000007
P10: 

Attached files:
\\?\C:\ProgramData\Microsoft\Windows\WER\Temp\WER6943.tmp.mdmp
\\?\C:\ProgramData\Microsoft\Windows\WER\Temp\WER6FCC.tmp.WERInternalMetadata.xml
\\?\C:\ProgramData\Microsoft\Windows\WER\Temp\WER73E4.tmp.xml
\\?\C:\ProgramData\Microsoft\Windows\WER\Temp\WER7407.tmp.csv
\\?\C:\ProgramData\Microsoft\Windows\WER\Temp\WER7456.tmp.txt

These files may be available here:
\\?\C:\ProgramData\Microsoft\Windows\WER\ReportArchive\AppCrash_dwm.exe_9ff9e422e3aa8cf306ec4ddd6bc84de8059947f_fed57774_ced9462c-b606-45c9-b988-e643c876a431

Analysis symbol: 
Rechecking for solution: 0
Report Id: 15df2093-9b0f-4512-af88-357e7e4493f6
Report Status: 268435456
Hashed bucket: 26123011047e2378773f3a8127405f26
Cab Guid: 0""",0,2024-12-22T11:04:14.2891979Z,3853,0,DESKTOP-B37GATP,0,0,INFORMATION,Windows Error Reporting,6,FALSE,4,Summary event of the report's signatures.,"[""windows"",""windows_application""]",60608,windows_eventchannel,log,"Dec 22, 2024 @ 11:04:14.960",EventChannel,1734865454,"Dec 22, 2024 @ 11:04:14.960", , , , , , , , , , , , , , , , , , , , , , , , , , , , , , , , , , , , , , , , , , , , , , , , , , , , , , , , , , , , , , , , , , , , , , , , , , , , , , , , , , , , , , , , , , , , , , , , , , , , , , , , , , , , , , , , , , , , , , , , , , , , , , , , , , , , , , , , 
wazuh-alerts-4.x-2024.12.22,aUoK7pMBNimV4ECvGoPK,1,1,192.168.117.129,agent1,4,Maryam, , ,7040,Service Control Manager,0x8080000000000000,{555908d1-a6d7-4695-8e1e-26931d2012f4},4,System,0,"""The start type of the Touch Keyboard and Handwriting Panel Service service was changed from auto start to demand start.""",0,2024-12-22T11:04:15.2580115Z,2246,10280,DESKTOP-B37GATP,0,668,INFORMATION,Service Control Manager,9,FALSE,3,Service startup type was changed,"[""windows"",""windows_system"",""policy_changed""]",61104,windows_eventchannel,log,"Dec 22, 2024 @ 11:04:17.318",EventChannel,1734865457,"Dec 22, 2024 @ 11:04:17.318", , , , , , , , , , , , , , , , , , , , , , ,"[""164.312.b""]","[""10.6""]","[""CC6.1"",""CC6.8"",""CC7.2"",""CC7.3""]","[""AU.6""]","[""IV_35.7.d""]", , , , , , , , , , , , , , , , , , , , , , , , , , , , , , , , , , , , , , , , , , , , , , , , , , , , , , ,demand start,TabletInputService,Touch Keyboard and Handwriting Panel Service,auto start,This does not appear to be logged on Windows 2000, , , , , , , , , , , , , , , , , , , , , , , , , , , , , , , , , , , , , , , , , , , , , , , , , , 
wazuh-alerts-4.x-2024.12.22,akoK7pMBNimV4ECvGoPK,1,1,192.168.117.129,agent1,4,Maryam, , ,7040,Service Control Manager,0x8080000000000000,{555908d1-a6d7-4695-8e1e-26931d2012f4},4,System,0,"""The start type of the Touch Keyboard and Handwriting Panel Service service was changed from demand start to auto start.""",0,2024-12-22T11:04:15.9769372Z,2247,10280,DESKTOP-B37GATP,0,668,INFORMATION,Service Control Manager,10,FALSE,3,Service startup type was changed,"[""windows"",""windows_system"",""policy_changed""]",61104,windows_eventchannel,log,"Dec 22, 2024 @ 11:04:17.376",EventChannel,1734865457,"Dec 22, 2024 @ 11:04:17.376", , , , , , , , , , , , , , , , , , , , , , ,"[""164.312.b""]","[""10.6""]","[""CC6.1"",""CC6.8"",""CC7.2"",""CC7.3""]","[""AU.6""]","[""IV_35.7.d""]", , , , , , , , , , , , , , , , , , , , , , , , , , , , , , , , , , , , , , , , , , , , , , , , , , , , , , ,auto start,TabletInputService,Touch Keyboard and Handwriting Panel Service,demand start,This does not appear to be logged on Windows 2000, , , , , , , , , , , , , , , , , , , , , , , , , , , , , , , , , , , , , , , , , , , , , , , , , , 
wazuh-alerts-4.x-2024.12.22,a0oK7pMBNimV4ECvGoPK,1,1,192.168.117.129,agent1,4,Maryam, , ,4624, ,0x8020000000000000,{54849625-5478-4994-a5ba-3e3b0328c30d},0,Security,0,"""An account was successfully logged on.

Subject:
	Security ID:		S-1-5-18
	Account Name:		DESKTOP-B37GATP$
	Account Domain:		WORKGROUP
	Logon ID:		0x3E7

Logon Information:
	Logon Type:		2
	Restricted Admin Mode:	-
	Virtual Account:		Yes
	Elevated Token:		Yes

Impersonation Level:		Impersonation

New Logon:
	Security ID:		S-1-5-90-0-1
	Account Name:		DWM-1
	Account Domain:		Window Manager
	Logon ID:		0x1BC651A
	Linked Logon ID:		0x1BC6573
	Network Account Name:	-
	Network Account Domain:	-
	Logon GUID:		{00000000-0000-0000-0000-000000000000}

Process Information:
	Process ID:		0x28c
	Process Name:		C:\Windows\System32\winlogon.exe

Network Information:
	Workstation Name:	-
	Source Network Address:	-
	Source Port:		-

Detailed Authentication Information:
	Logon Process:		Advapi  
	Authentication Package:	Negotiate
	Transited Services:	-
	Package Name (NTLM only):	-
	Key Length:		0

This event is generated when a logon session is created. It is generated on the computer that was accessed.

The subject fields indicate the account on the local system which requested the logon. This is most commonly a service such as the Server service, or a local process such as Winlogon.exe or Services.exe.

The logon type field indicates the kind of logon that occurred. The most common types are 2 (interactive) and 3 (network).

The New Logon fields indicate the account for whom the new logon was created, i.e. the account that was logged on.

The network fields indicate where a remote logon request originated. Workstation name is not always available and may be left blank in some cases.

The impersonation level field indicates the extent to which a process in the logon session can impersonate.

The authentication information fields provide detailed information about this specific logon request.
	- Logon GUID is a unique identifier that can be used to correlate this event with a KDC event.
	- Transited services indicate which intermediate services have participated in this logon request.
	- Package name indicates which sub-protocol was used among the NTLM protocols.
	- Key length indicates the length of the generated session key. This will be 0 if no session key was requested.""",2,2024-12-22T11:04:16.1455757Z,10955,23076,DESKTOP-B37GATP,12544,712,AUDIT_SUCCESS,Microsoft-Windows-Security-Auditing,33,FALSE,3,Windows logon success.,"[""windows"",""windows_security"",""authentication_success""]",60106,windows_eventchannel,log,"Dec 22, 2024 @ 11:04:17.445",EventChannel,1734865457,"Dec 22, 2024 @ 11:04:17.445",0x3e7,WORKGROUP,0x1bc6573,%%1833, ,Negotiate, ,0x1bc651a,Advapi,{00000000-0000-0000-0000-000000000000},DWM-1,0,%%1842,S-1-5-18,0x28c,C:\\Windows\\System32\\winlogon.exe, ,Window Manager,S-1-5-90-0-1,%%1842,2,DESKTOP-B37GATP$,"[""164.312.b""]","[""10.2.5""]","[""CC6.8"",""CC7.2"",""CC7.3""]","[""AC.7"",""AU.14""]","[""IV_32.2""]","[""Valid Accounts""]","[""T1078""]","[""Defense Evasion"",""Persistence"",""Privilege Escalation"",""Initial Access""]","[""7.1"",""7.2""]", , , , , , , , , , , , , , , , , , , , , , , , , , , , , , , , , , , , , , , , , , , , , , , , , , , , , , , , , , , , , , , , , , , , , , , , , , , , , , , , , , , , , , , , , , , , , , , , , , , , , , , , , 
wazuh-alerts-4.x-2024.12.22,YEoJ7pMBNimV4ECv0IOL,1,1,192.168.117.129,agent1,4,Maryam, , ,4624, ,0x8020000000000000,{54849625-5478-4994-a5ba-3e3b0328c30d},0,Security,0,"""An account was successfully logged on.

Subject:
	Security ID:		S-1-5-18
	Account Name:		DESKTOP-B37GATP$
	Account Domain:		WORKGROUP
	Logon ID:		0x3E7

Logon Information:
	Logon Type:		2
	Restricted Admin Mode:	-
	Virtual Account:		Yes
	Elevated Token:		Yes

Impersonation Level:		Impersonation

New Logon:
	Security ID:		S-1-5-90-0-1
	Account Name:		DWM-1
	Account Domain:		Window Manager
	Logon ID:		0x1BB6E4F
	Linked Logon ID:		0x1BB6E64
	Network Account Name:	-
	Network Account Domain:	-
	Logon GUID:		{00000000-0000-0000-0000-000000000000}

Process Information:
	Process ID:		0x28c
	Process Name:		C:\Windows\System32\winlogon.exe

Network Information:
	Workstation Name:	-
	Source Network Address:	-
	Source Port:		-

Detailed Authentication Information:
	Logon Process:		Advapi  
	Authentication Package:	Negotiate
	Transited Services:	-
	Package Name (NTLM only):	-
	Key Length:		0

This event is generated when a logon session is created. It is generated on the computer that was accessed.

The subject fields indicate the account on the local system which requested the logon. This is most commonly a service such as the Server service, or a local process such as Winlogon.exe or Services.exe.

The logon type field indicates the kind of logon that occurred. The most common types are 2 (interactive) and 3 (network).

The New Logon fields indicate the account for whom the new logon was created, i.e. the account that was logged on.

The network fields indicate where a remote logon request originated. Workstation name is not always available and may be left blank in some cases.

The impersonation level field indicates the extent to which a process in the logon session can impersonate.

The authentication information fields provide detailed information about this specific logon request.
	- Logon GUID is a unique identifier that can be used to correlate this event with a KDC event.
	- Transited services indicate which intermediate services have participated in this logon request.
	- Package name indicates which sub-protocol was used among the NTLM protocols.
	- Key length indicates the length of the generated session key. This will be 0 if no session key was requested.""",2,2024-12-22T11:03:55.1476854Z,10940,13864,DESKTOP-B37GATP,12544,712,AUDIT_SUCCESS,Microsoft-Windows-Security-Auditing,31,FALSE,3,Windows logon success.,"[""windows"",""windows_security"",""authentication_success""]",60106,windows_eventchannel,log,"Dec 22, 2024 @ 11:03:57.850",EventChannel,1734865437,"Dec 22, 2024 @ 11:03:57.850",0x3e7,WORKGROUP,0x1bb6e64,%%1833, ,Negotiate, ,0x1bb6e4f,Advapi,{00000000-0000-0000-0000-000000000000},DWM-1,0,%%1842,S-1-5-18,0x28c,C:\\Windows\\System32\\winlogon.exe, ,Window Manager,S-1-5-90-0-1,%%1842,2,DESKTOP-B37GATP$,"[""164.312.b""]","[""10.2.5""]","[""CC6.8"",""CC7.2"",""CC7.3""]","[""AC.7"",""AU.14""]","[""IV_32.2""]","[""Valid Accounts""]","[""T1078""]","[""Defense Evasion"",""Persistence"",""Privilege Escalation"",""Initial Access""]","[""7.1"",""7.2""]", , , , , , , , , , , , , , , , , , , , , , , , , , , , , , , , , , , , , , , , , , , , , , , , , , , , , , , , , , , , , , , , , , , , , , , , , , , , , , , , , , , , , , , , , , , , , , , , , , , , , , , , , 
wazuh-alerts-4.x-2024.12.22,YUoJ7pMBNimV4ECv0IOL,1,1,192.168.117.129,agent1,4,Maryam, , ,4624, ,0x8020000000000000,{54849625-5478-4994-a5ba-3e3b0328c30d},0,Security,0,"""An account was successfully logged on.

Subject:
	Security ID:		S-1-5-18
	Account Name:		DESKTOP-B37GATP$
	Account Domain:		WORKGROUP
	Logon ID:		0x3E7

Logon Information:
	Logon Type:		2
	Restricted Admin Mode:	-
	Virtual Account:		Yes
	Elevated Token:		No

Impersonation Level:		Impersonation

New Logon:
	Security ID:		S-1-5-90-0-1
	Account Name:		DWM-1
	Account Domain:		Window Manager
	Logon ID:		0x1BB6E64
	Linked Logon ID:		0x1BB6E4F
	Network Account Name:	-
	Network Account Domain:	-
	Logon GUID:		{00000000-0000-0000-0000-000000000000}

Process Information:
	Process ID:		0x28c
	Process Name:		C:\Windows\System32\winlogon.exe

Network Information:
	Workstation Name:	-
	Source Network Address:	-
	Source Port:		-

Detailed Authentication Information:
	Logon Process:		Advapi  
	Authentication Package:	Negotiate
	Transited Services:	-
	Package Name (NTLM only):	-
	Key Length:		0

This event is generated when a logon session is created. It is generated on the computer that was accessed.

The subject fields indicate the account on the local system which requested the logon. This is most commonly a service such as the Server service, or a local process such as Winlogon.exe or Services.exe.

The logon type field indicates the kind of logon that occurred. The most common types are 2 (interactive) and 3 (network).

The New Logon fields indicate the account for whom the new logon was created, i.e. the account that was logged on.

The network fields indicate where a remote logon request originated. Workstation name is not always available and may be left blank in some cases.

The impersonation level field indicates the extent to which a process in the logon session can impersonate.

The authentication information fields provide detailed information about this specific logon request.
	- Logon GUID is a unique identifier that can be used to correlate this event with a KDC event.
	- Transited services indicate which intermediate services have participated in this logon request.
	- Package name indicates which sub-protocol was used among the NTLM protocols.
	- Key length indicates the length of the generated session key. This will be 0 if no session key was requested.""",2,2024-12-22T11:03:55.1481090Z,10941,13864,DESKTOP-B37GATP,12544,712,AUDIT_SUCCESS,Microsoft-Windows-Security-Auditing,32,FALSE,3,Windows logon success.,"[""windows"",""windows_security"",""authentication_success""]",60106,windows_eventchannel,log,"Dec 22, 2024 @ 11:03:57.894",EventChannel,1734865437,"Dec 22, 2024 @ 11:03:57.894",0x3e7,WORKGROUP,0x1bb6e4f,%%1833, ,Negotiate, ,0x1bb6e64,Advapi,{00000000-0000-0000-0000-000000000000},DWM-1,0,%%1843,S-1-5-18,0x28c,C:\\Windows\\System32\\winlogon.exe, ,Window Manager,S-1-5-90-0-1,%%1842,2,DESKTOP-B37GATP$,"[""164.312.b""]","[""10.2.5""]","[""CC6.8"",""CC7.2"",""CC7.3""]","[""AC.7"",""AU.14""]","[""IV_32.2""]","[""Valid Accounts""]","[""T1078""]","[""Defense Evasion"",""Persistence"",""Privilege Escalation"",""Initial Access""]","[""7.1"",""7.2""]", , , , , , , , , , , , , , , , , , , , , , , , , , , , , , , , , , , , , , , , , , , , , , , , , , , , , , , , , , , , , , , , , , , , , , , , , , , , , , , , , , , , , , , , , , , , , , , , , , , , , , , , , 
wazuh-alerts-4.x-2024.12.22,T0oI7pMBNimV4ECv3oM8,1,1,192.168.117.129,agent1,4,Maryam, , ,4624, ,0x8020000000000000,{54849625-5478-4994-a5ba-3e3b0328c30d},0,Security,0,"""An account was successfully logged on.

Subject:
	Security ID:		S-1-5-18
	Account Name:		DESKTOP-B37GATP$
	Account Domain:		WORKGROUP
	Logon ID:		0x3E7

Logon Information:
	Logon Type:		5
	Restricted Admin Mode:	-
	Virtual Account:		No
	Elevated Token:		Yes

Impersonation Level:		Impersonation

New Logon:
	Security ID:		S-1-5-18
	Account Name:		SYSTEM
	Account Domain:		NT AUTHORITY
	Logon ID:		0x3E7
	Linked Logon ID:		0x0
	Network Account Name:	-
	Network Account Domain:	-
	Logon GUID:		{00000000-0000-0000-0000-000000000000}

Process Information:
	Process ID:		0x29c
	Process Name:		C:\Windows\System32\services.exe

Network Information:
	Workstation Name:	-
	Source Network Address:	-
	Source Port:		-

Detailed Authentication Information:
	Logon Process:		Advapi  
	Authentication Package:	Negotiate
	Transited Services:	-
	Package Name (NTLM only):	-
	Key Length:		0

This event is generated when a logon session is created. It is generated on the computer that was accessed.

The subject fields indicate the account on the local system which requested the logon. This is most commonly a service such as the Server service, or a local process such as Winlogon.exe or Services.exe.

The logon type field indicates the kind of logon that occurred. The most common types are 2 (interactive) and 3 (network).

The New Logon fields indicate the account for whom the new logon was created, i.e. the account that was logged on.

The network fields indicate where a remote logon request originated. Workstation name is not always available and may be left blank in some cases.

The impersonation level field indicates the extent to which a process in the logon session can impersonate.

The authentication information fields provide detailed information about this specific logon request.
	- Logon GUID is a unique identifier that can be used to correlate this event with a KDC event.
	- Transited services indicate which intermediate services have participated in this logon request.
	- Package name indicates which sub-protocol was used among the NTLM protocols.
	- Key length indicates the length of the generated session key. This will be 0 if no session key was requested.""",2,2024-12-22T11:02:49.6746558Z,10909,792,DESKTOP-B37GATP,12544,712,AUDIT_SUCCESS,Microsoft-Windows-Security-Auditing,26,FALSE,3,Windows logon success.,"[""windows"",""windows_security"",""authentication_success""]",60106,windows_eventchannel,log,"Dec 22, 2024 @ 11:02:51.506",EventChannel,1734865371,"Dec 22, 2024 @ 11:02:51.506",0x3e7,WORKGROUP,0x0,%%1833, ,Negotiate, ,0x3e7,Advapi,{00000000-0000-0000-0000-000000000000},SYSTEM,0,%%1842,S-1-5-18,0x29c,C:\\Windows\\System32\\services.exe, ,NT AUTHORITY,S-1-5-18,%%1843,5,DESKTOP-B37GATP$,"[""164.312.b""]","[""10.2.5""]","[""CC6.8"",""CC7.2"",""CC7.3""]","[""AC.7"",""AU.14""]","[""IV_32.2""]","[""Valid Accounts""]","[""T1078""]","[""Defense Evasion"",""Persistence"",""Privilege Escalation"",""Initial Access""]","[""7.1"",""7.2""]", , , , , , , , , , , , , , , , , , , , , , , , , , , , , , , , , , , , , , , , , , , , , , , , , , , , , , , , , , , , , , , , , , , , , , , , , , , , , , , , , , , , , , , , , , , , , , , , , , , , , , , , , 
wazuh-alerts-4.x-2024.12.22,VUoJ7pMBNimV4ECvS4Ok,1,1,192.168.117.129,agent1,4,Maryam, , ,4624, ,0x8020000000000000,{54849625-5478-4994-a5ba-3e3b0328c30d},0,Security,0,"""An account was successfully logged on.

Subject:
	Security ID:		S-1-5-18
	Account Name:		DESKTOP-B37GATP$
	Account Domain:		WORKGROUP
	Logon ID:		0x3E7

Logon Information:
	Logon Type:		5
	Restricted Admin Mode:	-
	Virtual Account:		No
	Elevated Token:		Yes

Impersonation Level:		Impersonation

New Logon:
	Security ID:		S-1-5-18
	Account Name:		SYSTEM
	Account Domain:		NT AUTHORITY
	Logon ID:		0x3E7
	Linked Logon ID:		0x0
	Network Account Name:	-
	Network Account Domain:	-
	Logon GUID:		{00000000-0000-0000-0000-000000000000}

Process Information:
	Process ID:		0x29c
	Process Name:		C:\Windows\System32\services.exe

Network Information:
	Workstation Name:	-
	Source Network Address:	-
	Source Port:		-

Detailed Authentication Information:
	Logon Process:		Advapi  
	Authentication Package:	Negotiate
	Transited Services:	-
	Package Name (NTLM only):	-
	Key Length:		0

This event is generated when a logon session is created. It is generated on the computer that was accessed.

The subject fields indicate the account on the local system which requested the logon. This is most commonly a service such as the Server service, or a local process such as Winlogon.exe or Services.exe.

The logon type field indicates the kind of logon that occurred. The most common types are 2 (interactive) and 3 (network).

The New Logon fields indicate the account for whom the new logon was created, i.e. the account that was logged on.

The network fields indicate where a remote logon request originated. Workstation name is not always available and may be left blank in some cases.

The impersonation level field indicates the extent to which a process in the logon session can impersonate.

The authentication information fields provide detailed information about this specific logon request.
	- Logon GUID is a unique identifier that can be used to correlate this event with a KDC event.
	- Transited services indicate which intermediate services have participated in this logon request.
	- Package name indicates which sub-protocol was used among the NTLM protocols.
	- Key length indicates the length of the generated session key. This will be 0 if no session key was requested.""",2,2024-12-22T11:03:23.4326378Z,10913,792,DESKTOP-B37GATP,12544,712,AUDIT_SUCCESS,Microsoft-Windows-Security-Auditing,28,FALSE,3,Windows logon success.,"[""windows"",""windows_security"",""authentication_success""]",60106,windows_eventchannel,log,"Dec 22, 2024 @ 11:03:24.966",EventChannel,1734865404,"Dec 22, 2024 @ 11:03:24.966",0x3e7,WORKGROUP,0x0,%%1833, ,Negotiate, ,0x3e7,Advapi,{00000000-0000-0000-0000-000000000000},SYSTEM,0,%%1842,S-1-5-18,0x29c,C:\\Windows\\System32\\services.exe, ,NT AUTHORITY,S-1-5-18,%%1843,5,DESKTOP-B37GATP$,"[""164.312.b""]","[""10.2.5""]","[""CC6.8"",""CC7.2"",""CC7.3""]","[""AC.7"",""AU.14""]","[""IV_32.2""]","[""Valid Accounts""]","[""T1078""]","[""Defense Evasion"",""Persistence"",""Privilege Escalation"",""Initial Access""]","[""7.1"",""7.2""]", , , , , , , , , , , , , , , , , , , , , , , , , , , , , , , , , , , , , , , , , , , , , , , , , , , , , , , , , , , , , , , , , , , , , , , , , , , , , , , , , , , , , , , , , , , , , , , , , , , , , , , , , 
