wazuh-alerts-4.x-2024.12.22,OUq77ZMBNimV4ECvZYLY,1,1,192.168.117.129,agent1,4,Maryam,"svchost, 1092,D,50, DS_Token_DB:, 1, C:\\WINDOWS\\system32\\config\\systemprofile\\AppData\\Local\\DataSharing\\Storage\\DSTokenDB2.dat, 0,  [1] 0.000002 +J(0) [2] 0.000484 -0.000116 (1) WT +J(0) +M(C:0K, Fs:17, WS:4K # 0K, PF:4K # 0K, P:4K) [3] 0.002430 -0.000353 (6) WT +J(CM:0, PgRf:0, Rd:0/0, Dy:0/0, Lg:3480/2) +M(C:0K, Fs:8, WS:28K # 0K, PF:20K # 0K, P:20K) [4] 0.000238 +J(0) [5] - [6] - [7] - [8] 0.001692 -0.000196 (2) CM -0.000134 (2) WT +J(CM:2, PgRf:2, Rd:4/2, Dy:0/0, Lg:0/0) +M(C:8K, Fs:7, WS:28K # 0K, PF:8K # 0K, P:8K) [9] 0.001845 -0.000807 (5) CM -0.000593 (5) WT +J(CM:5, PgRf:23, Rd:0/5, Dy:0/0, Lg:0/0) +M(C:0K, Fs:24, WS:96K # 0K, PF:196K # 160K, P:196K) [10] 0.000576 -0.000500 (3) CM -0.000397 (3) WT +J(CM:3, PgRf:40, Rd:0/3, Dy:0/0, Lg:0/0) +M(C:0K, Fs:2, WS:8K # 0K, PF:64K # 64K, P:64K) [11] 0.000132 -0.000112 (1) CM -0.000078 (1) WT +J(CM:1, PgRf:1, Rd:0/1, Dy:0/0, Lg:0/0) +M(C:0K, Fs:2, WS:8K # 0K, PF:0K # 0K, P:0K) [12] 0.000113 -0.000074 (1) CM -0.000040 (1) WT +J(CM:1, PgRf:42, Rd:0/1, Dy:0/0, Lg:0/0) +M(C:0K, Fs:5, WS:20K # 0K, PF:0K # 0K, P:0K) [13] 0.0 +J(0) [14] 0.0 +J(0) [15] 0.000085 -0.000075 (1) CM -0.000038 (1) WT +J(CM:1, PgRf:1, Rd:0/1, Dy:0/0, Lg:0/0)., 1 0, lgposAttach = 00000002:0009:0268, dbv = 1568.20.0", ,326, ,0x80000000000000, ,4,Application,0,"""svchost (1092,D,50) DS_Token_DB: The database engine attached a database (1, C:\WINDOWS\system32\config\systemprofile\AppData\Local\DataSharing\Storage\DSTokenDB2.dat). (Time=0 seconds) 
 
Saved Cache: 1 0 
Additional Data: lgposAttach = 00000002:0009:0268,
dbv = 1568.20.0 
 
Internal Timing Sequence: 
[1] 0.000002 +J(0)
[2] 0.000484 -0.000116 (1) WT +J(0) +M(C:0K, Fs:17, WS:4K # 0K, PF:4K # 0K, P:4K)
[3] 0.002430 -0.000353 (6) WT +J(CM:0, PgRf:0, Rd:0/0, Dy:0/0, Lg:3480/2) +M(C:0K, Fs:8, WS:28K # 0K, PF:20K # 0K, P:20K)
[4] 0.000238 +J(0)
[5] -
[6] -
[7] -
[8] 0.001692 -0.000196 (2) CM -0.000134 (2) WT +J(CM:2, PgRf:2, Rd:4/2, Dy:0/0, Lg:0/0) +M(C:8K, Fs:7, WS:28K # 0K, PF:8K # 0K, P:8K)
[9] 0.001845 -0.000807 (5) CM -0.000593 (5) WT +J(CM:5, PgRf:23, Rd:0/5, Dy:0/0, Lg:0/0) +M(C:0K, Fs:24, WS:96K # 0K, PF:196K # 160K, P:196K)
[10] 0.000576 -0.000500 (3) CM -0.000397 (3) WT +J(CM:3, PgRf:40, Rd:0/3, Dy:0/0, Lg:0/0) +M(C:0K, Fs:2, WS:8K # 0K, PF:64K # 64K, P:64K)
[11] 0.000132 -0.000112 (1) CM -0.000078 (1) WT +J(CM:1, PgRf:1, Rd:0/1, Dy:0/0, Lg:0/0) +M(C:0K, Fs:2, WS:8K # 0K, PF:0K # 0K, P:0K)
[12] 0.000113 -0.000074 (1) CM -0.000040 (1) WT +J(CM:1, PgRf:42, Rd:0/1, Dy:0/0, Lg:0/0) +M(C:0K, Fs:5, WS:20K # 0K, PF:0K # 0K, P:0K)
[13] 0.0 +J(0)
[14] 0.0 +J(0)
[15] 0.000085 -0.000075 (1) CM -0.000038 (1) WT +J(CM:1, PgRf:1, Rd:0/1, Dy:0/0, Lg:0/0).""",0,2024-12-22T09:38:19.5358166Z,3799,0,DESKTOP-B37GATP,1,0,INFORMATION,ESENT,1,FALSE,3,The database engine attached a database.,"[""windows"",""windows_application""]",60798,windows_eventchannel,log,"Dec 22, 2024 @ 09:38:19.832",EventChannel,1734860299,"Dec 22, 2024 @ 09:38:19.832", , , , , , , , , , , , , , , , , , , , , , , , , , , , , , , , , , , , , , , , , , , , , , , , , , , , , , , , , , , , , , , , , , , , , , , , , , , , , , , , , , , , , , , , , , , , , , , , , , , , , , , , , , , , , , , , , , , , , , , , , , , , , , , , , , , , , , , , 
wazuh-alerts-4.x-2024.12.22,E0qy7ZMBNimV4ECvtoLy,1,1,192.168.117.139,window-agent3,3,Maryam,"1527955072969052999, 5, MoAppCrash, Not available, 2293795143141669020, Microsoft.WindowsCalculator_11.2411.1.0_x64__8wekyb3d8bbwe, praid:App, 11.2411.1.0, 674f3633, KERNELBASE.dll, 10.0.19041.5198, d1eefc71, 00000004, 000000000003b699,   \\\\?\\C:\\ProgramData\\Microsoft\\Windows\\WER\\Temp\\WER4651.tmp.mdmp  \\\\?\\C:\\ProgramData\\Microsoft\\Windows\\WER\\Temp\\WER4A0B.tmp.WERInternalMetadata.xml  \\\\?\\C:\\ProgramData\\Microsoft\\Windows\\WER\\Temp\\WER4B16.tmp.xml  \\\\?\\C:\\ProgramData\\Microsoft\\Windows\\WER\\Temp\\WER4B83.tmp.csv  \\\\?\\C:\\ProgramData\\Microsoft\\Windows\\WER\\Temp\\WER4C7E.tmp.txt  \\\\?\\C:\\Users\\mari\\AppData\\Local\\Temp\\WER549C.tmp.appcompat.txt  \\\\?\\C:\\Users\\mari\\AppData\\Local\\Temp\\WER552A.tmp.WERDataCollectionStatus.txt, \\\\?\\C:\\ProgramData\\Microsoft\\Windows\\WER\\ReportArchive\\AppCrash_Microsoft.Window_75d491ae4b2248b56f248636e8ccc067374dff66_e1282c48_cab_84d8fdc1-c482-4365-9d89-806d6d9a62da, 0, 0ebe7c6e-6496-4434-80af-4c6faf599a27, 268435464, 549875dabce91e68d534630b1d139347, e024bc70-c4d0-4ea1-bfd5-32879679b89c", ,1001, ,0x80000000000000, ,4,Application,0,"""Fault bucket 1527955072969052999, type 5
Event Name: MoAppCrash
Response: Not available
Cab Id: 2293795143141669020

Problem signature:
P1: Microsoft.WindowsCalculator_11.2411.1.0_x64__8wekyb3d8bbwe
P2: praid:App
P3: 11.2411.1.0
P4: 674f3633
P5: KERNELBASE.dll
P6: 10.0.19041.5198
P7: d1eefc71
P8: 00000004
P9: 000000000003b699
P10: 

Attached files:
\\?\C:\ProgramData\Microsoft\Windows\WER\Temp\WER4651.tmp.mdmp
\\?\C:\ProgramData\Microsoft\Windows\WER\Temp\WER4A0B.tmp.WERInternalMetadata.xml
\\?\C:\ProgramData\Microsoft\Windows\WER\Temp\WER4B16.tmp.xml
\\?\C:\ProgramData\Microsoft\Windows\WER\Temp\WER4B83.tmp.csv
\\?\C:\ProgramData\Microsoft\Windows\WER\Temp\WER4C7E.tmp.txt
\\?\C:\Users\mari\AppData\Local\Temp\WER549C.tmp.appcompat.txt
\\?\C:\Users\mari\AppData\Local\Temp\WER552A.tmp.WERDataCollectionStatus.txt

These files may be available here:
\\?\C:\ProgramData\Microsoft\Windows\WER\ReportArchive\AppCrash_Microsoft.Window_75d491ae4b2248b56f248636e8ccc067374dff66_e1282c48_cab_84d8fdc1-c482-4365-9d89-806d6d9a62da

Analysis symbol: 
Rechecking for solution: 0
Report Id: 0ebe7c6e-6496-4434-80af-4c6faf599a27
Report Status: 268435464
Hashed bucket: 549875dabce91e68d534630b1d139347
Cab Guid: e024bc70-c4d0-4ea1-bfd5-32879679b89c""",0,2024-12-22T09:28:50.6965001Z,7091,0,DESKTOP-QGB4EQH,0,0,INFORMATION,Windows Error Reporting,54,FALSE,4,Summary event of the report's signatures.,"[""windows"",""windows_application""]",60608,windows_eventchannel,log,"Dec 22, 2024 @ 09:28:50.255",EventChannel,1734859730,"Dec 22, 2024 @ 09:28:50.255", , , , , , , , , , , , , , , , , , , , , , , , , , , , , , , , , , , , , , , , , , , , , , , , , , , , , , , , , , , , , , , , , , , , , , , , , , , , , , , , , , , , , , , , , , , , , , , , , , , , , , , , , , , , , , , , , , , , , , , , , , , , , , , , , , , , , , , , 
wazuh-alerts-4.x-2024.12.22,Okq77ZMBNimV4ECvx4J9,1,1,192.168.117.129,agent1,4,Maryam, , ,4616, ,0x8020000000000000,{54849625-5478-4994-a5ba-3e3b0328c30d},0,Security,0,"""The system time was changed.

Subject:
	Security ID:		S-1-5-19
	Account Name:		LOCAL SERVICE
	Account Domain:		NT AUTHORITY
	Logon ID:		0x3E5

Process Information:
	Process ID:	0x369c
	Name:		C:\Windows\System32\svchost.exe

Previous Time:		‎2024‎-‎12‎-‎22T09:38:35.530539800Z
New Time:		‎2024‎-‎12‎-‎22T09:38:35.531889900Z

This event is generated when the system time is changed. It is normal for the Windows Time Service, which runs with System privilege, to change the system time on a regular basis. Other system time changes may be indicative of attempts to tamper with the computer.""",1,2024-12-22T09:38:35.5374129Z,10831,100,DESKTOP-B37GATP,12288,4,AUDIT_SUCCESS,Microsoft-Windows-Security-Auditing,1,FALSE,5,System time changed.,"[""windows"",""windows_security"",""time_changed""]",60132,windows_eventchannel,log,"Dec 22, 2024 @ 09:38:36.796",EventChannel,1734860316,"Dec 22, 2024 @ 09:38:36.796",0x3e5,NT AUTHORITY, , , , , , , , , , , ,S-1-5-19,0x369c,C:\\Windows\\System32\\svchost.exe, , , , , ,LOCAL SERVICE,"[""164.312.b""]","[""10.6.1""]","[""CC7.2"",""CC7.3""]","[""AU.6""]","[""IV_35.7.d""]", , , ,"[""1.3"",""4.13""]", , , , , , , , , , , , , , , , , , , , , , , , , , , , , , , , , , , , , , , , , , , , , , , , , , , , , , , , ,2024-12-22T09:38:35.5305398Z,2024-12-22T09:38:35.5318899Z, , , , , , , , , , , , , , , , , , , , , , , , , , , , , , , , , , , , , , , , , , , , , , , 
wazuh-alerts-4.x-2024.12.22,LUq57ZMBNimV4ECvgYJ5,1,1,192.168.117.129,agent1,4,Maryam, , ,7040,Service Control Manager,0x8080000000000000,{555908d1-a6d7-4695-8e1e-26931d2012f4},4,System,0,"""The start type of the Background Intelligent Transfer Service service was changed from auto start to demand start.""",0,2024-12-22T09:36:07.8795576Z,2183,3284,DESKTOP-B37GATP,0,668,INFORMATION,Service Control Manager,1,FALSE,3,Service startup type was changed,"[""windows"",""windows_system"",""policy_changed""]",61104,windows_eventchannel,log,"Dec 22, 2024 @ 09:36:09.128",EventChannel,1734860169,"Dec 22, 2024 @ 09:36:09.128", , , , , , , , , , , , , , , , , , , , , , ,"[""164.312.b""]","[""10.6""]","[""CC6.1"",""CC6.8"",""CC7.2"",""CC7.3""]","[""AU.6""]","[""IV_35.7.d""]", , , , , , , , , , , , , , , , , , , , , , , , , , , , , , , , , , , , , , , , , , , , , , , , , , , , , , ,demand start,BITS,Background Intelligent Transfer Service,auto start,This does not appear to be logged on Windows 2000, , , , , , , , , , , , , , , , , , , , , , , , , , , , , , , , , , , , , , , , , , , , , , , , , , 
wazuh-alerts-4.x-2024.12.22,J0q27ZMBNimV4ECviIJB,1,1,192.168.117.129,agent1,4,Maryam,"Calculator.exe, 10.2103.8.0, 49d0, 01db54543b30eb07, 4294967295, C:\\Program Files\\WindowsApps\\Microsoft.WindowsCalculator_10.2103.8.0_x64__8wekyb3d8bbwe\\Calculator.exe, 2f23c518-0223-4277-af26-1f8bad20dc3d, Microsoft.WindowsCalculator_10.2103.8.0_x64__8wekyb3d8bbwe, App, Cross-thread",430072006F00730073002D007400680072006500610064000000410063007400690076006100740069006F006E0000000000,1002, ,0x80000000000000, ,2,Application,0,"""The program Calculator.exe version 10.2103.8.0 stopped interacting with Windows and was closed. To see if more information about the problem is available, check the problem history in the Security and Maintenance control panel.
 Process ID: 49d0
 Start Time: 01db54543b30eb07
 Termination Time: 4294967295
 Application Path: C:\Program Files\WindowsApps\Microsoft.WindowsCalculator_10.2103.8.0_x64__8wekyb3d8bbwe\Calculator.exe
 Report Id: 2f23c518-0223-4277-af26-1f8bad20dc3d
 Faulting package full name: Microsoft.WindowsCalculator_10.2103.8.0_x64__8wekyb3d8bbwe
 Faulting package-relative application ID: App
 Hang type: Cross-thread
""",0,2024-12-22T09:32:54.4549197Z,3782,0,DESKTOP-B37GATP,101,0,ERROR,Application Hang,5,FALSE,9,Windows application error event.,"[""windows"",""windows_application"",""system_error""]",60602,windows_eventchannel,log,"Dec 22, 2024 @ 09:32:55.264",EventChannel,1734859975,"Dec 22, 2024 @ 09:32:55.264", , , , , , , , , , , , , , , , , , , , , , , , , , ,"[""IV_35.7.d""]", , , ,"[""4.3""]", , , , , , , , , , , , , , , , , , , , , , , , , , , , , , , , , , , , , , , , , , , , , , , , , , , , , , , , , , , , , , , , , , , , , , , , , , , , , , , , , , , , , , , , , , , , , , , , , , , , , , , , , 
wazuh-alerts-4.x-2024.12.22,F0qz7ZMBNimV4ECvboKN,1,1,192.168.117.139,window-agent3,3,Maryam,"0, MoAppCrash, Not available, 0, Microsoft.WindowsCalculator_11.2411.1.0_x64__8wekyb3d8bbwe, praid:App, 11.2411.1.0, 674f3633, KERNELBASE.dll, 10.0.19041.5198, d1eefc71, 00000004, 000000000003b699, \\\\?\\C:\\ProgramData\\Microsoft\\Windows\\WER\\ReportQueue\\AppCrash_Microsoft.Window_75d491ae4b2248b56f248636e8ccc067374dff66_e1282c48_67798f82-19b3-46f2-a347-d54091665104, 0, 6f4e5709-388e-4597-a993-6b073adc5aa0, 4196, 0", ,1001, ,0x80000000000000, ,4,Application,0,"""Fault bucket , type 0
Event Name: MoAppCrash
Response: Not available
Cab Id: 0

Problem signature:
P1: Microsoft.WindowsCalculator_11.2411.1.0_x64__8wekyb3d8bbwe
P2: praid:App
P3: 11.2411.1.0
P4: 674f3633
P5: KERNELBASE.dll
P6: 10.0.19041.5198
P7: d1eefc71
P8: 00000004
P9: 000000000003b699
P10: 

Attached files:

These files may be available here:
\\?\C:\ProgramData\Microsoft\Windows\WER\ReportQueue\AppCrash_Microsoft.Window_75d491ae4b2248b56f248636e8ccc067374dff66_e1282c48_67798f82-19b3-46f2-a347-d54091665104

Analysis symbol: 
Rechecking for solution: 0
Report Id: 6f4e5709-388e-4597-a993-6b073adc5aa0
Report Status: 4196
Hashed bucket: 
Cab Guid: 0""",0,2024-12-22T09:29:35.7208603Z,7093,0,DESKTOP-QGB4EQH,0,0,INFORMATION,Windows Error Reporting,56,FALSE,4,Summary event of the report's signatures.,"[""windows"",""windows_application""]",60608,windows_eventchannel,log,"Dec 22, 2024 @ 09:29:35.285",EventChannel,1734859775,"Dec 22, 2024 @ 09:29:35.285", , , , , , , , , , , , , , , , , , , , , , , , , , , , , , , , , , , , , , , , , , , , , , , , , , , , , , , , , , , , , , , , , , , , , , , , , , , , , , , , , , , , , , , , , , , , , , , , , , , , , , , , , , , , , , , , , , , , , , , , , , , , , , , , , , , , , , , , 
wazuh-alerts-4.x-2024.12.22,EEqx7ZMBNimV4ECvJIKV,1,1,192.168.117.139,window-agent3,3,Maryam,"calc.exe, 10.0.19041.1, 0340c410, KERNELBASE.dll, 10.0.19041.5198, d1eefc71, c06d007e, 000000000003b699, 5e48, 01db5453a77c6712, C:\\WINDOWS\\system32\\calc.exe, C:\\WINDOWS\\System32\\KERNELBASE.dll, 6fe675be-59d5-4292-9dfe-6205138efb65", ,1000, ,0x80000000000000, ,2,Application,0,"""Faulting application name: calc.exe, version: 10.0.19041.1, time stamp: 0x0340c410
Faulting module name: KERNELBASE.dll, version: 10.0.19041.5198, time stamp: 0xd1eefc71
Exception code: 0xc06d007e
Fault offset: 0x000000000003b699
Faulting process id: 0x5e48
Faulting application start time: 0x01db5453a77c6712
Faulting application path: C:\WINDOWS\system32\calc.exe
Faulting module path: C:\WINDOWS\System32\KERNELBASE.dll
Report Id: 6fe675be-59d5-4292-9dfe-6205138efb65
Faulting package full name: 
Faulting package-relative application ID: """,0,2024-12-22T09:27:04.3184631Z,7088,0,DESKTOP-QGB4EQH,100,0,ERROR,Application Error,50,FALSE,9,Windows application error event.,"[""windows"",""windows_application"",""system_error""]",60602,windows_eventchannel,log,"Dec 22, 2024 @ 09:27:03.860",EventChannel,1734859623,"Dec 22, 2024 @ 09:27:03.860", , , , , , , , , , , , , , , , , , , , , , , , , , ,"[""IV_35.7.d""]", , , ,"[""4.3""]", , , , , , , , , , , , , , , , , , , , , , , , , , , , , , , , , , , , , , , , , , , , , , , , , , , , , , , , , , , , , , , , , , , , , , , , , , , , , , , , , , , , , , , , , , , , , , , , , , , , , , , , , 
wazuh-alerts-4.x-2024.12.22,Kkq47ZMBNimV4ECvNYKA,1,1,192.168.117.129,agent1,4,Maryam,"2024-12-23T09:01:44Z, RulesEngine", ,16384,Software Protection Platform Service,0x80000000000000,{E23B33B0-C8C9-472C-A5F9-F2BDFEA0F156},4,Application,0,"""Successfully scheduled Software Protection service for re-start at 2024-12-23T09:01:44Z. Reason: RulesEngine.""",0,2024-12-22T09:34:44.1295685Z,3788,0,DESKTOP-B37GATP,0,0,INFORMATION,Microsoft-Windows-Security-SPP,1,FALSE,3,Software protection service scheduled successfully.,"[""windows"",""windows_application""]",60642,windows_eventchannel,log,"Dec 22, 2024 @ 09:34:44.371",EventChannel,1734860084,"Dec 22, 2024 @ 09:34:44.371", , , , , , , , , , , , , , , , , , , , , , , , , , , , , , , , , , , , , , , , , , , , , , , , , , , , , , , , , , , , , , , , , , , , , , , , , , , , , , , , , , , , , , , , , , , , , , , , , , , , , , , , , , , , , , , , , , , , , , , , , , , , , , , , , , , , , , , , 
wazuh-alerts-4.x-2024.12.22,4Eru7ZMBNimV4ECvBoLa,1,1,192.168.117.139,window-agent3,3,Maryam, , ,4624, ,0x8020000000000000,{54849625-5478-4994-a5ba-3e3b0328c30d},0,Security,0,"""An account was successfully logged on.

Subject:
	Security ID:		S-1-5-18
	Account Name:		DESKTOP-QGB4EQH$
	Account Domain:		WORKGROUP
	Logon ID:		0x3E7

Logon Information:
	Logon Type:		5
	Restricted Admin Mode:	-
	Virtual Account:		No
	Elevated Token:		Yes

Impersonation Level:		Impersonation

New Logon:
	Security ID:		S-1-5-18
	Account Name:		SYSTEM
	Account Domain:		NT AUTHORITY
	Logon ID:		0x3E7
	Linked Logon ID:		0x0
	Network Account Name:	-
	Network Account Domain:	-
	Logon GUID:		{00000000-0000-0000-0000-000000000000}

Process Information:
	Process ID:		0x28c
	Process Name:		C:\Windows\System32\services.exe

Network Information:
	Workstation Name:	-
	Source Network Address:	-
	Source Port:		-

Detailed Authentication Information:
	Logon Process:		Advapi  
	Authentication Package:	Negotiate
	Transited Services:	-
	Package Name (NTLM only):	-
	Key Length:		0

This event is generated when a logon session is created. It is generated on the computer that was accessed.

The subject fields indicate the account on the local system which requested the logon. This is most commonly a service such as the Server service, or a local process such as Winlogon.exe or Services.exe.

The logon type field indicates the kind of logon that occurred. The most common types are 2 (interactive) and 3 (network).

The New Logon fields indicate the account for whom the new logon was created, i.e. the account that was logged on.

The network fields indicate where a remote logon request originated. Workstation name is not always available and may be left blank in some cases.

The impersonation level field indicates the extent to which a process in the logon session can impersonate.

The authentication information fields provide detailed information about this specific logon request.
	- Logon GUID is a unique identifier that can be used to correlate this event with a KDC event.
	- Transited services indicate which intermediate services have participated in this logon request.
	- Package name indicates which sub-protocol was used among the NTLM protocols.
	- Key length indicates the length of the generated session key. This will be 0 if no session key was requested.""",2,2024-12-22T10:33:37.4210552Z,21577,716,DESKTOP-QGB4EQH,12544,672,AUDIT_SUCCESS,Microsoft-Windows-Security-Auditing,9,FALSE,3,Windows logon success.,"[""windows"",""windows_security"",""authentication_success""]",60106,windows_eventchannel,log,"Dec 22, 2024 @ 10:33:38.548",EventChannel,1734863618,"Dec 22, 2024 @ 10:33:38.548",0x3e7,WORKGROUP,0x0,%%1833, ,Negotiate, ,0x3e7,Advapi,{00000000-0000-0000-0000-000000000000},SYSTEM,0,%%1842,S-1-5-18,0x28c,C:\\Windows\\System32\\services.exe, ,NT AUTHORITY,S-1-5-18,%%1843,5,DESKTOP-QGB4EQH$,"[""164.312.b""]","[""10.2.5""]","[""CC6.8"",""CC7.2"",""CC7.3""]","[""AC.7"",""AU.14""]","[""IV_32.2""]","[""Valid Accounts""]","[""T1078""]","[""Defense Evasion"",""Persistence"",""Privilege Escalation"",""Initial Access""]","[""7.1"",""7.2""]", , , , , , , , , , , , , , , , , , , , , , , , , , , , , , , , , , , , , , , , , , , , , , , , , , , , , , , , , , , , , , , , , , , , , , , , , , , , , , , , , , , , , , , , , , , , , , , , , , , , , , , , , 
wazuh-alerts-4.x-2024.12.22,8krz7ZMBNimV4ECv04Lf,1,1,192.168.117.139,window-agent3,3,Maryam, , ,7, ,0x8000000000000000,{5770385f-c22a-43e0-bf4c-06f5698ffbd9},4,Microsoft-Windows-Sysmon/Operational,0,"""Image loaded:
RuleName: technique_id=T1053,technique_name=Scheduled Task
UtcTime: 2024-12-22 10:39:50.164
ProcessGuid: {15959494-ec75-6767-b601-000000001200}
ProcessId: 12016
Image: C:\Windows\System32\taskhostw.exe
ImageLoaded: C:\Windows\System32\taskschd.dll
FileVersion: 10.0.19041.3636 (WinBuild.160101.0800)
Description: Task Scheduler COM API
Product: Microsoft® Windows® Operating System
Company: Microsoft Corporation
OriginalFileName: taskschd.dll
Hashes: SHA1=633C92F5A5000CDE3235C7FDC306B2B04C501C48,MD5=84F942C1A4BD60C94EBEC6643E0216C9,SHA256=BBE733452E6CE871D5D2064948847AAB2A71F7FEDA2C962BA4002F64E2D198F2,IMPHASH=B7A4477FA36E2E5287EE76AC4AFCB05B
Signed: true
Signature: Microsoft Windows
SignatureStatus: Valid
User: NT AUTHORITY\SYSTEM""",3,2024-12-22T10:39:50.1666681Z,230617,4988,DESKTOP-QGB4EQH,7,2868,INFORMATION,Microsoft-Windows-Sysmon,17,FALSE,4,Process loaded taskschd.dll module. May be used to create delayed malware execution,"[""sysmon"",""sysmon_eid7_detections"",""windows""]",92154,windows_eventchannel,log,"Dec 22, 2024 @ 10:39:51.602",EventChannel,1734863991,"Dec 22, 2024 @ 10:39:51.602", , , , , , , , , , , , , , ,12016, , , , , , , , , , , , ,"[""Scheduled Task""]","[""T1053.005""]","[""Execution"",""Persistence"",""Privilege Escalation""]", ,C:\\Windows\\System32\\taskhostw.exe, ,{15959494-ec75-6767-b601-000000001200},39:50.2, , ,NT AUTHORITY\\SYSTEM,taskschd.dll,Microsoft® Windows® Operating System, ,Task Scheduler COM API, , , , ,"SHA1=633C92F5A5000CDE3235C7FDC306B2B04C501C48,MD5=84F942C1A4BD60C94EBEC6643E0216C9,SHA256=BBE733452E6CE871D5D2064948847AAB2A71F7FEDA2C962BA4002F64E2D198F2,IMPHASH=B7A4477FA36E2E5287EE76AC4AFCB05B", ,"technique_id=T1053,technique_name=Scheduled Task",Microsoft Corporation, , ,10.0.19041.3636 (WinBuild.160101.0800), , , ,Microsoft Windows,C:\\Windows\\System32\\taskschd.dll,TRUE,Valid, , , , , , , , , , , , , , , , , , , , , , , , , , , , , , , , , , , , , , , , , , , , , , , , , , , , , , , , , , , , , , , , , , , , , , , , , , , , 
wazuh-alerts-4.x-2024.12.22,9Urz7ZMBNimV4ECv04Lf,1,1,192.168.117.139,window-agent3,3,Maryam, , ,11, ,0x8000000000000000,{5770385f-c22a-43e0-bf4c-06f5698ffbd9},4,Microsoft-Windows-Sysmon/Operational,0,"""File created:
RuleName: technique_id=T1059.001,technique_name=PowerShell
UtcTime: 2024-12-22 10:39:52.148
ProcessGuid: {15959494-ec76-6767-ba01-000000001200}
ProcessId: 11396
Image: C:\WINDOWS\system32\taskhostw.exe
TargetFilename: C:\Windows\Temp\SDIAG_3bdefb45-ca7d-4b1b-91f0-523018b57c8d\RS_AdminDiagnosticHistory.ps1
CreationUtcTime: 2024-12-22 10:39:52.132
User: DESKTOP-QGB4EQH\mari""",2,2024-12-22T10:39:52.1524257Z,230633,4988,DESKTOP-QGB4EQH,11,2868,INFORMATION,Microsoft-Windows-Sysmon,2,FALSE,6,Scripting file created under Windows Temp or User folder,"[""sysmon"",""sysmon_eid11_detections"",""windows""]",92200,windows_eventchannel,log,"Dec 22, 2024 @ 10:39:52.790",EventChannel,1734863992,"Dec 22, 2024 @ 10:39:52.790", , , , , , , , , , , , , , ,11396, , , , , , , , , , , , ,"[""Command and Scripting Interpreter"",""Ingress Tool Transfer""]","[""T1059"",""T1105""]","[""Execution"",""Command and Control""]", ,C:\\WINDOWS\\system32\\taskhostw.exe, ,{15959494-ec76-6767-ba01-000000001200},39:52.1, , ,DESKTOP-QGB4EQH\\mari, , , , , , , , , , ,"technique_id=T1059.001,technique_name=PowerShell", , , , , , , , , , , , , , , , , , , , , , , , , , , , , ,C:\\Windows\\Temp\\SDIAG_3bdefb45-ca7d-4b1b-91f0-523018b57c8d\\RS_AdminDiagnosticHistory.ps1,39:52.1, , , , , , , , , , , , , , , , , , , , , , , , , , , , , , , , , , , , , , , , , , , , , , , , , , , , , , , , 
wazuh-alerts-4.x-2024.12.22,_krz7ZMBNimV4ECv04Lf,1,1,192.168.117.139,window-agent3,3,Maryam, , ,23, ,0x8000000000020000,{fc65ddd8-d6ef-4962-83d5-6e5cfe9ce148},2,System,0,"""The event logging service encountered an error (res=1500) while initializing logging resources for channel Microsoft-Windows-Diagnosis-Scripted/Admin.""",0,2024-12-22T10:39:52.7518498Z,3181,1728,DESKTOP-QGB4EQH,100,464,ERROR,Microsoft-Windows-Eventlog,1,FALSE,5,Windows Eventlog error event,"[""windows"",""windows_logs"",""system_error""]",63102,windows_eventchannel,log,"Dec 22, 2024 @ 10:39:54.393",EventChannel,1734863994,"Dec 22, 2024 @ 10:39:54.393", , , , , , , , , , , , , , , , , , , , , , , , , , ,"[""IV_35.7.d""]", , , ,"[""4.3""]", , , , , , , , , , , , , , , , , , , , , , , , , , , , , , , , , , , , , , , , , , , , , , , , , , , , , , , , , , ,1500,Microsoft-Windows-Diagnosis-Scripted/Admin, , , , , , , , , , , , , , , , , , , , , , , , , , , , , , , , , , , , , , , , , , , , , 
wazuh-alerts-4.x-2024.12.22,BUrz7ZMBNimV4ECv14PQ,1,1,192.168.117.139,window-agent3,3,Maryam,"svchost, 1068,U,98, DS_Token_DB:", ,302, ,0x80000000000000, ,4,Application,0,"""svchost (1068,U,98) DS_Token_DB: The database engine has successfully completed recovery steps.""",0,2024-12-22T10:39:59.4608703Z,7157,0,DESKTOP-QGB4EQH,3,0,INFORMATION,ESENT,1,FALSE,3,The database engine has completed recovery steps.,"[""windows"",""windows_application""]",60809,windows_eventchannel,log,"Dec 22, 2024 @ 10:39:59.919",EventChannel,1734863999,"Dec 22, 2024 @ 10:39:59.919", , , , , , , , , , , , , , , , , , , , , , , , , , , , , , , , , , , , , , , , , , , , , , , , , , , , , , , , , , , , , , , , , , , , , , , , , , , , , , , , , , , , , , , , , , , , , , , , , , , , , , , , , , , , , , , , , , , , , , , , , , , , , , , , , , , , , , , , 
wazuh-alerts-4.x-2024.12.22,5Uru7ZMBNimV4ECvYIK9,1,1,192.168.117.139,window-agent3,3,Maryam, , ,11, ,0x8000000000000000,{5770385f-c22a-43e0-bf4c-06f5698ffbd9},4,Microsoft-Windows-Sysmon/Operational,0,"""File created:
RuleName: technique_id=T1059.001,technique_name=PowerShell
UtcTime: 2024-12-22 10:33:58.961
ProcessGuid: {15959494-eb14-6767-3801-000000001200}
ProcessId: 2888
Image: C:\Windows\System32\WindowsPowerShell\v1.0\powershell.exe
TargetFilename: C:\Users\mari\AppData\Local\Temp\__PSScriptPolicyTest_5d4ddaia.x5u.ps1
CreationUtcTime: 2024-12-22 10:33:58.961
User: DESKTOP-QGB4EQH\mari""",2,2024-12-22T10:33:58.9950463Z,230217,4988,DESKTOP-QGB4EQH,11,2868,INFORMATION,Microsoft-Windows-Sysmon,1,TRUE,15,Executable file dropped in folder commonly used by malware,"[""sysmon"",""sysmon_eid11_detections"",""windows""]",92213,windows_eventchannel,log,"Dec 22, 2024 @ 10:34:00.433",EventChannel,1734863640,"Dec 22, 2024 @ 10:34:00.433", , , , , , , , , , , , , , ,2888, , , , , , , , , , , , ,"[""Ingress Tool Transfer""]","[""T1105""]","[""Command and Control""]", ,C:\\Windows\\System32\\WindowsPowerShell\\v1.0\\powershell.exe, ,{15959494-eb14-6767-3801-000000001200},33:59.0, , ,DESKTOP-QGB4EQH\\mari, , , , , , , , , , ,"technique_id=T1059.001,technique_name=PowerShell", , , , , , , , , , , , , , , , , , , , , , , , , , , , , ,C:\\Users\\mari\\AppData\\Local\\Temp\\__PSScriptPolicyTest_5d4ddaia.x5u.ps1,33:59.0, , , , , , , , , , , , , , , , , , , , , , , , , , , , , , , , , , , , , , , , , , , , , , , , , , , , , , , , 
wazuh-alerts-4.x-2024.12.22,5kru7ZMBNimV4ECvYIK9,1,1,192.168.117.139,window-agent3,3,Maryam, , ,7, ,0x8000000000000000,{5770385f-c22a-43e0-bf4c-06f5698ffbd9},4,Microsoft-Windows-Sysmon/Operational,0,"""Image loaded:
RuleName: technique_id=T1053,technique_name=Scheduled Task
UtcTime: 2024-12-22 10:33:59.180
ProcessGuid: {15959494-ead6-6767-ea00-000000001200}
ProcessId: 3152
Image: C:\Windows\System32\sppsvc.exe
ImageLoaded: C:\Windows\System32\taskschd.dll
FileVersion: 10.0.19041.3636 (WinBuild.160101.0800)
Description: Task Scheduler COM API
Product: Microsoft® Windows® Operating System
Company: Microsoft Corporation
OriginalFileName: taskschd.dll
Hashes: SHA1=633C92F5A5000CDE3235C7FDC306B2B04C501C48,MD5=84F942C1A4BD60C94EBEC6643E0216C9,SHA256=BBE733452E6CE871D5D2064948847AAB2A71F7FEDA2C962BA4002F64E2D198F2,IMPHASH=B7A4477FA36E2E5287EE76AC4AFCB05B
Signed: true
Signature: Microsoft Windows
SignatureStatus: Valid
User: NT AUTHORITY\NETWORK SERVICE""",3,2024-12-22T10:33:59.1888503Z,230219,4988,DESKTOP-QGB4EQH,7,2868,INFORMATION,Microsoft-Windows-Sysmon,12,FALSE,4,Process loaded taskschd.dll module. May be used to create delayed malware execution,"[""sysmon"",""sysmon_eid7_detections"",""windows""]",92154,windows_eventchannel,log,"Dec 22, 2024 @ 10:34:00.451",EventChannel,1734863640,"Dec 22, 2024 @ 10:34:00.451", , , , , , , , , , , , , , ,3152, , , , , , , , , , , , ,"[""Scheduled Task""]","[""T1053.005""]","[""Execution"",""Persistence"",""Privilege Escalation""]", ,C:\\Windows\\System32\\sppsvc.exe, ,{15959494-ead6-6767-ea00-000000001200},33:59.2, , ,NT AUTHORITY\\NETWORK SERVICE,taskschd.dll,Microsoft® Windows® Operating System, ,Task Scheduler COM API, , , , ,"SHA1=633C92F5A5000CDE3235C7FDC306B2B04C501C48,MD5=84F942C1A4BD60C94EBEC6643E0216C9,SHA256=BBE733452E6CE871D5D2064948847AAB2A71F7FEDA2C962BA4002F64E2D198F2,IMPHASH=B7A4477FA36E2E5287EE76AC4AFCB05B", ,"technique_id=T1053,technique_name=Scheduled Task",Microsoft Corporation, , ,10.0.19041.3636 (WinBuild.160101.0800), , , ,Microsoft Windows,C:\\Windows\\System32\\taskschd.dll,TRUE,Valid, , , , , , , , , , , , , , , , , , , , , , , , , , , , , , , , , , , , , , , , , , , , , , , , , , , , , , , , , , , , , , , , , , , , , , , , , , , , 
wazuh-alerts-4.x-2024.12.22,7Erx7ZMBNimV4ECvYoKW,1,1,192.168.117.139,window-agent3,3,Maryam, , ,7, ,0x8000000000000000,{5770385f-c22a-43e0-bf4c-06f5698ffbd9},4,Microsoft-Windows-Sysmon/Operational,0,"""Image loaded:
RuleName: technique_id=T1053,technique_name=Scheduled Task
UtcTime: 2024-12-22 10:37:10.995
ProcessGuid: {15959494-ebd6-6767-a001-000000001200}
ProcessId: 6688
Image: C:\Windows\System32\MoUsoCoreWorker.exe
ImageLoaded: C:\Windows\System32\taskschd.dll
FileVersion: 10.0.19041.3636 (WinBuild.160101.0800)
Description: Task Scheduler COM API
Product: Microsoft® Windows® Operating System
Company: Microsoft Corporation
OriginalFileName: taskschd.dll
Hashes: SHA1=633C92F5A5000CDE3235C7FDC306B2B04C501C48,MD5=84F942C1A4BD60C94EBEC6643E0216C9,SHA256=BBE733452E6CE871D5D2064948847AAB2A71F7FEDA2C962BA4002F64E2D198F2,IMPHASH=B7A4477FA36E2E5287EE76AC4AFCB05B
Signed: true
Signature: Microsoft Windows
SignatureStatus: Valid
User: NT AUTHORITY\SYSTEM""",3,2024-12-22T10:37:11.0078700Z,230470,4992,DESKTOP-QGB4EQH,7,2868,INFORMATION,Microsoft-Windows-Sysmon,13,FALSE,4,Process loaded taskschd.dll module. May be used to create delayed malware execution,"[""sysmon"",""sysmon_eid7_detections"",""windows""]",92154,windows_eventchannel,log,"Dec 22, 2024 @ 10:37:12.417",EventChannel,1734863832,"Dec 22, 2024 @ 10:37:12.417", , , , , , , , , , , , , , ,6688, , , , , , , , , , , , ,"[""Scheduled Task""]","[""T1053.005""]","[""Execution"",""Persistence"",""Privilege Escalation""]", ,C:\\Windows\\System32\\MoUsoCoreWorker.exe, ,{15959494-ebd6-6767-a001-000000001200},37:11.0, , ,NT AUTHORITY\\SYSTEM,taskschd.dll,Microsoft® Windows® Operating System, ,Task Scheduler COM API, , , , ,"SHA1=633C92F5A5000CDE3235C7FDC306B2B04C501C48,MD5=84F942C1A4BD60C94EBEC6643E0216C9,SHA256=BBE733452E6CE871D5D2064948847AAB2A71F7FEDA2C962BA4002F64E2D198F2,IMPHASH=B7A4477FA36E2E5287EE76AC4AFCB05B", ,"technique_id=T1053,technique_name=Scheduled Task",Microsoft Corporation, , ,10.0.19041.3636 (WinBuild.160101.0800), , , ,Microsoft Windows,C:\\Windows\\System32\\taskschd.dll,TRUE,Valid, , , , , , , , , , , , , , , , , , , , , , , , , , , , , , , , , , , , , , , , , , , , , , , , , , , , , , , , , , , , , , , , , , , , , , , , , , , , 
wazuh-alerts-4.x-2024.12.22,8Erz7ZMBNimV4ECvSoLq,1,1,192.168.117.139,window-agent3,3,Maryam, , ,7, ,0x8000000000000000,{5770385f-c22a-43e0-bf4c-06f5698ffbd9},4,Microsoft-Windows-Sysmon/Operational,0,"""Image loaded:
RuleName: technique_id=T1053,technique_name=Scheduled Task
UtcTime: 2024-12-22 10:39:19.724
ProcessGuid: {15959494-ec57-6767-aa01-000000001200}
ProcessId: 9272
Image: C:\Windows\System32\MoUsoCoreWorker.exe
ImageLoaded: C:\Windows\System32\taskschd.dll
FileVersion: 10.0.19041.3636 (WinBuild.160101.0800)
Description: Task Scheduler COM API
Product: Microsoft® Windows® Operating System
Company: Microsoft Corporation
OriginalFileName: taskschd.dll
Hashes: SHA1=633C92F5A5000CDE3235C7FDC306B2B04C501C48,MD5=84F942C1A4BD60C94EBEC6643E0216C9,SHA256=BBE733452E6CE871D5D2064948847AAB2A71F7FEDA2C962BA4002F64E2D198F2,IMPHASH=B7A4477FA36E2E5287EE76AC4AFCB05B
Signed: true
Signature: Microsoft Windows
SignatureStatus: Valid
User: NT AUTHORITY\SYSTEM""",3,2024-12-22T10:39:19.7327044Z,230573,4988,DESKTOP-QGB4EQH,7,2868,INFORMATION,Microsoft-Windows-Sysmon,16,FALSE,4,Process loaded taskschd.dll module. May be used to create delayed malware execution,"[""sysmon"",""sysmon_eid7_detections"",""windows""]",92154,windows_eventchannel,log,"Dec 22, 2024 @ 10:39:21.146",EventChannel,1734863961,"Dec 22, 2024 @ 10:39:21.146", , , , , , , , , , , , , , ,9272, , , , , , , , , , , , ,"[""Scheduled Task""]","[""T1053.005""]","[""Execution"",""Persistence"",""Privilege Escalation""]", ,C:\\Windows\\System32\\MoUsoCoreWorker.exe, ,{15959494-ec57-6767-aa01-000000001200},39:19.7, , ,NT AUTHORITY\\SYSTEM,taskschd.dll,Microsoft® Windows® Operating System, ,Task Scheduler COM API, , , , ,"SHA1=633C92F5A5000CDE3235C7FDC306B2B04C501C48,MD5=84F942C1A4BD60C94EBEC6643E0216C9,SHA256=BBE733452E6CE871D5D2064948847AAB2A71F7FEDA2C962BA4002F64E2D198F2,IMPHASH=B7A4477FA36E2E5287EE76AC4AFCB05B", ,"technique_id=T1053,technique_name=Scheduled Task",Microsoft Corporation, , ,10.0.19041.3636 (WinBuild.160101.0800), , , ,Microsoft Windows,C:\\Windows\\System32\\taskschd.dll,TRUE,Valid, , , , , , , , , , , , , , , , , , , , , , , , , , , , , , , , , , , , , , , , , , , , , , , , , , , , , , , , , , , , , , , , , , , , , , , , , , , , 
wazuh-alerts-4.x-2024.12.22,Dkr07ZMBNimV4ECvFYPX,1,1,192.168.117.139,window-agent3,3,Maryam, , ,4616, ,0x8020000000000000,{54849625-5478-4994-a5ba-3e3b0328c30d},0,Security,0,"""The system time was changed.

Subject:
	Security ID:		S-1-5-19
	Account Name:		LOCAL SERVICE
	Account Domain:		NT AUTHORITY
	Logon ID:		0x3E5

Process Information:
	Process ID:	0x3174
	Name:		C:\Windows\System32\svchost.exe

Previous Time:		‎2024‎-‎12‎-‎22T10:40:13.862818100Z
New Time:		‎2024‎-‎12‎-‎22T10:40:13.752244500Z

This event is generated when the system time is changed. It is normal for the Windows Time Service, which runs with System privilege, to change the system time on a regular basis. Other system time changes may be indicative of attempts to tamper with the computer.""",1,2024-12-22T10:40:13.7665142Z,21667,5252,DESKTOP-QGB4EQH,12288,4,AUDIT_SUCCESS,Microsoft-Windows-Security-Auditing,1,FALSE,5,System time changed.,"[""windows"",""windows_security"",""time_changed""]",60132,windows_eventchannel,log,"Dec 22, 2024 @ 10:40:15.321",EventChannel,1734864015,"Dec 22, 2024 @ 10:40:15.321",0x3e5,NT AUTHORITY, , , , , , , , , , , ,S-1-5-19,0x3174,C:\\Windows\\System32\\svchost.exe, , , , , ,LOCAL SERVICE,"[""164.312.b""]","[""10.6.1""]","[""CC7.2"",""CC7.3""]","[""AU.6""]","[""IV_35.7.d""]", , , ,"[""1.3"",""4.13""]", , , , , , , , , , , , , , , , , , , , , , , , , , , , , , , , , , , , , , , , , , , , , , , , , , , , , , , , ,2024-12-22T10:40:13.8628181Z,2024-12-22T10:40:13.7522445Z, , , , , , , , , , , , , , , , , , , , , , , , , , , , , , , , , , , , , , , , , , , , , , , 
wazuh-alerts-4.x-2024.12.22,6Urv7ZMBNimV4ECvK4Ls,1,1,192.168.117.139,window-agent3,3,Maryam, , ,11, ,0x8000000000000000,{5770385f-c22a-43e0-bf4c-06f5698ffbd9},4,Microsoft-Windows-Sysmon/Operational,0,"""File created:
RuleName: technique_id=T1059.001,technique_name=PowerShell
UtcTime: 2024-12-22 10:34:50.042
ProcessGuid: {15959494-eb49-6767-6701-000000001200}
ProcessId: 9168
Image: C:\WINDOWS\System32\WindowsPowerShell\v1.0\powershell.exe
TargetFilename: C:\Users\mari\AppData\Local\Temp\__PSScriptPolicyTest_5v0lcoup.niv.ps1
CreationUtcTime: 2024-12-22 10:34:50.042
User: DESKTOP-QGB4EQH\mari""",2,2024-12-22T10:34:50.0511878Z,230363,4988,DESKTOP-QGB4EQH,11,2868,INFORMATION,Microsoft-Windows-Sysmon,2,TRUE,15,Executable file dropped in folder commonly used by malware,"[""sysmon"",""sysmon_eid11_detections"",""windows""]",92213,windows_eventchannel,log,"Dec 22, 2024 @ 10:34:50.754",EventChannel,1734863690,"Dec 22, 2024 @ 10:34:50.754", , , , , , , , , , , , , , ,9168, , , , , , , , , , , , ,"[""Ingress Tool Transfer""]","[""T1105""]","[""Command and Control""]", ,C:\\WINDOWS\\System32\\WindowsPowerShell\\v1.0\\powershell.exe, ,{15959494-eb49-6767-6701-000000001200},34:50.0, , ,DESKTOP-QGB4EQH\\mari, , , , , , , , , , ,"technique_id=T1059.001,technique_name=PowerShell", , , , , , , , , , , , , , , , , , , , , , , , , , , , , ,C:\\Users\\mari\\AppData\\Local\\Temp\\__PSScriptPolicyTest_5v0lcoup.niv.ps1,34:50.0, , , , , , , , , , , , , , , , , , , , , , , , , , , , , , , , , , , , , , , , , , , , , , , , , , , , , , , , 
wazuh-alerts-4.x-2024.12.22,6Erv7ZMBNimV4ECvEIKM,1,1,192.168.117.139,window-agent3,3,Maryam, , ,11, ,0x8000000000000000,{5770385f-c22a-43e0-bf4c-06f5698ffbd9},4,Microsoft-Windows-Sysmon/Operational,0,"""File created:
RuleName: -
UtcTime: 2024-12-22 10:34:45.399
ProcessGuid: {15959494-eb14-6767-3801-000000001200}
ProcessId: 2888
Image: C:\Windows\System32\WindowsPowerShell\v1.0\powershell.exe
TargetFilename: C:\Users\Public\splunkd.exe
CreationUtcTime: 2024-12-16 06:41:03.222
User: DESKTOP-QGB4EQH\mari""",2,2024-12-22T10:34:45.4408995Z,230339,4988,DESKTOP-QGB4EQH,11,2868,INFORMATION,Microsoft-Windows-Sysmon,1,TRUE,12,Executable file dropped in Users\Public folder,"[""sysmon"",""sysmon_eid11_detections"",""windows""]",92207,windows_eventchannel,log,"Dec 22, 2024 @ 10:34:46.322",EventChannel,1734863686,"Dec 22, 2024 @ 10:34:46.322", , , , , , , , , , , , , , ,2888, , , , , , , , , , , , ,"[""Ingress Tool Transfer""]","[""T1105""]","[""Command and Control""]", ,C:\\Windows\\System32\\WindowsPowerShell\\v1.0\\powershell.exe, ,{15959494-eb14-6767-3801-000000001200},34:45.4, , ,DESKTOP-QGB4EQH\\mari, , , , , , , , , , , , , , , , , , , , , , , , , , , , , , , , , , , , , , , , ,C:\\Users\\Public\\splunkd.exe,41:03.2, , , , , , , , , , , , , , , , , , , , , , , , , , , , , , , , , , , , , , , , , , , , , , , , , , , , , , , , 
wazuh-alerts-4.x-2024.12.22,EUr07ZMBNimV4ECv3YMV,1,1,192.168.117.139,window-agent3,3,Maryam,"2024-12-23T10:33:03Z, RulesEngine", ,16384,Software Protection Platform Service,0x80000000000000,{E23B33B0-C8C9-472C-A5F9-F2BDFEA0F156},4,Application,0,"""Successfully scheduled Software Protection service for re-start at 2024-12-23T10:33:03Z. Reason: RulesEngine.""",0,2024-12-22T10:41:03.3745593Z,7164,0,DESKTOP-QGB4EQH,0,0,INFORMATION,Microsoft-Windows-Security-SPP,3,FALSE,3,Software protection service scheduled successfully.,"[""windows"",""windows_application""]",60642,windows_eventchannel,log,"Dec 22, 2024 @ 10:41:03.921",EventChannel,1734864063,"Dec 22, 2024 @ 10:41:03.921", , , , , , , , , , , , , , , , , , , , , , , , , , , , , , , , , , , , , , , , , , , , , , , , , , , , , , , , , , , , , , , , , , , , , , , , , , , , , , , , , , , , , , , , , , , , , , , , , , , , , , , , , , , , , , , , , , , , , , , , , , , , , , , , , , , , , , , , 
wazuh-alerts-4.x-2024.12.22,SkoH7pMBNimV4ECvioNY,1,1,192.168.117.129,agent1,4,Maryam, , ,4624, ,0x8020000000000000,{54849625-5478-4994-a5ba-3e3b0328c30d},0,Security,0,"""An account was successfully logged on.

Subject:
	Security ID:		S-1-5-18
	Account Name:		DESKTOP-B37GATP$
	Account Domain:		WORKGROUP
	Logon ID:		0x3E7

Logon Information:
	Logon Type:		5
	Restricted Admin Mode:	-
	Virtual Account:		No
	Elevated Token:		Yes

Impersonation Level:		Impersonation

New Logon:
	Security ID:		S-1-5-18
	Account Name:		SYSTEM
	Account Domain:		NT AUTHORITY
	Logon ID:		0x3E7
	Linked Logon ID:		0x0
	Network Account Name:	-
	Network Account Domain:	-
	Logon GUID:		{00000000-0000-0000-0000-000000000000}

Process Information:
	Process ID:		0x29c
	Process Name:		C:\Windows\System32\services.exe

Network Information:
	Workstation Name:	-
	Source Network Address:	-
	Source Port:		-

Detailed Authentication Information:
	Logon Process:		Advapi  
	Authentication Package:	Negotiate
	Transited Services:	-
	Package Name (NTLM only):	-
	Key Length:		0

This event is generated when a logon session is created. It is generated on the computer that was accessed.

The subject fields indicate the account on the local system which requested the logon. This is most commonly a service such as the Server service, or a local process such as Winlogon.exe or Services.exe.

The logon type field indicates the kind of logon that occurred. The most common types are 2 (interactive) and 3 (network).

The New Logon fields indicate the account for whom the new logon was created, i.e. the account that was logged on.

The network fields indicate where a remote logon request originated. Workstation name is not always available and may be left blank in some cases.

The impersonation level field indicates the extent to which a process in the logon session can impersonate.

The authentication information fields provide detailed information about this specific logon request.
	- Logon GUID is a unique identifier that can be used to correlate this event with a KDC event.
	- Transited services indicate which intermediate services have participated in this logon request.
	- Package name indicates which sub-protocol was used among the NTLM protocols.
	- Key length indicates the length of the generated session key. This will be 0 if no session key was requested.""",2,2024-12-22T11:01:25.5490110Z,10907,792,DESKTOP-B37GATP,12544,712,AUDIT_SUCCESS,Microsoft-Windows-Security-Auditing,24,FALSE,3,Windows logon success.,"[""windows"",""windows_security"",""authentication_success""]",60106,windows_eventchannel,log,"Dec 22, 2024 @ 11:01:26.976",EventChannel,1734865286,"Dec 22, 2024 @ 11:01:26.976",0x3e7,WORKGROUP,0x0,%%1833, ,Negotiate, ,0x3e7,Advapi,{00000000-0000-0000-0000-000000000000},SYSTEM,0,%%1842,S-1-5-18,0x29c,C:\\Windows\\System32\\services.exe, ,NT AUTHORITY,S-1-5-18,%%1843,5,DESKTOP-B37GATP$,"[""164.312.b""]","[""10.2.5""]","[""CC6.8"",""CC7.2"",""CC7.3""]","[""AC.7"",""AU.14""]","[""IV_32.2""]","[""Valid Accounts""]","[""T1078""]","[""Defense Evasion"",""Persistence"",""Privilege Escalation"",""Initial Access""]","[""7.1"",""7.2""]", , , , , , , , , , , , , , , , , , , , , , , , , , , , , , , , , , , , , , , , , , , , , , , , , , , , , , , , , , , , , , , , , , , , , , , , , , , , , , , , , , , , , , , , , , , , , , , , , , , , , , , , , 
wazuh-alerts-4.x-2024.12.22,G0r37ZMBNimV4ECvQoOf,1,1,192.168.117.139,window-agent3,3,Maryam, , ,7, ,0x8000000000000000,{5770385f-c22a-43e0-bf4c-06f5698ffbd9},4,Microsoft-Windows-Sysmon/Operational,0,"""Image loaded:
RuleName: technique_id=T1053,technique_name=Scheduled Task
UtcTime: 2024-12-22 10:43:41.297
ProcessGuid: {15959494-ed57-6767-3802-000000001200}
ProcessId: 12660
Image: C:\Windows\System32\taskhostw.exe
ImageLoaded: C:\Windows\System32\taskschd.dll
FileVersion: 10.0.19041.3636 (WinBuild.160101.0800)
Description: Task Scheduler COM API
Product: Microsoft® Windows® Operating System
Company: Microsoft Corporation
OriginalFileName: taskschd.dll
Hashes: SHA1=633C92F5A5000CDE3235C7FDC306B2B04C501C48,MD5=84F942C1A4BD60C94EBEC6643E0216C9,SHA256=BBE733452E6CE871D5D2064948847AAB2A71F7FEDA2C962BA4002F64E2D198F2,IMPHASH=B7A4477FA36E2E5287EE76AC4AFCB05B
Signed: true
Signature: Microsoft Windows
SignatureStatus: Valid
User: NT AUTHORITY\SYSTEM""",3,2024-12-22T10:43:41.3034172Z,231188,4988,DESKTOP-QGB4EQH,7,2868,INFORMATION,Microsoft-Windows-Sysmon,25,FALSE,4,Process loaded taskschd.dll module. May be used to create delayed malware execution,"[""sysmon"",""sysmon_eid7_detections"",""windows""]",92154,windows_eventchannel,log,"Dec 22, 2024 @ 10:43:42.871",EventChannel,1734864222,"Dec 22, 2024 @ 10:43:42.871", , , , , , , , , , , , , , ,12660, , , , , , , , , , , , ,"[""Scheduled Task""]","[""T1053.005""]","[""Execution"",""Persistence"",""Privilege Escalation""]", ,C:\\Windows\\System32\\taskhostw.exe, ,{15959494-ed57-6767-3802-000000001200},43:41.3, , ,NT AUTHORITY\\SYSTEM,taskschd.dll,Microsoft® Windows® Operating System, ,Task Scheduler COM API, , , , ,"SHA1=633C92F5A5000CDE3235C7FDC306B2B04C501C48,MD5=84F942C1A4BD60C94EBEC6643E0216C9,SHA256=BBE733452E6CE871D5D2064948847AAB2A71F7FEDA2C962BA4002F64E2D198F2,IMPHASH=B7A4477FA36E2E5287EE76AC4AFCB05B", ,"technique_id=T1053,technique_name=Scheduled Task",Microsoft Corporation, , ,10.0.19041.3636 (WinBuild.160101.0800), , , ,Microsoft Windows,C:\\Windows\\System32\\taskschd.dll,TRUE,Valid, , , , , , , , , , , , , , , , , , , , , , , , , , , , , , , , , , , , , , , , , , , , , , , , , , , , , , , , , , , , , , , , , , , , , , , , , , , , 
wazuh-alerts-4.x-2024.12.22,Hkr37ZMBNimV4ECvqIMQ,1,1,192.168.117.139,window-agent3,3,Maryam, , ,7, ,0x8000000000000000,{5770385f-c22a-43e0-bf4c-06f5698ffbd9},4,Microsoft-Windows-Sysmon/Operational,0,"""Image loaded:
RuleName: technique_id=T1053,technique_name=Scheduled Task
UtcTime: 2024-12-22 10:44:08.024
ProcessGuid: {15959494-ed77-6767-3b02-000000001200}
ProcessId: 13176
Image: C:\Windows\System32\taskhostw.exe
ImageLoaded: C:\Windows\System32\taskschd.dll
FileVersion: 10.0.19041.3636 (WinBuild.160101.0800)
Description: Task Scheduler COM API
Product: Microsoft® Windows® Operating System
Company: Microsoft Corporation
OriginalFileName: taskschd.dll
Hashes: SHA1=633C92F5A5000CDE3235C7FDC306B2B04C501C48,MD5=84F942C1A4BD60C94EBEC6643E0216C9,SHA256=BBE733452E6CE871D5D2064948847AAB2A71F7FEDA2C962BA4002F64E2D198F2,IMPHASH=B7A4477FA36E2E5287EE76AC4AFCB05B
Signed: true
Signature: Microsoft Windows
SignatureStatus: Valid
User: NT AUTHORITY\SYSTEM""",3,2024-12-22T10:44:08.0296691Z,231204,4988,DESKTOP-QGB4EQH,7,2868,INFORMATION,Microsoft-Windows-Sysmon,26,FALSE,4,Process loaded taskschd.dll module. May be used to create delayed malware execution,"[""sysmon"",""sysmon_eid7_detections"",""windows""]",92154,windows_eventchannel,log,"Dec 22, 2024 @ 10:44:09.130",EventChannel,1734864249,"Dec 22, 2024 @ 10:44:09.130", , , , , , , , , , , , , , ,13176, , , , , , , , , , , , ,"[""Scheduled Task""]","[""T1053.005""]","[""Execution"",""Persistence"",""Privilege Escalation""]", ,C:\\Windows\\System32\\taskhostw.exe, ,{15959494-ed77-6767-3b02-000000001200},44:08.0, , ,NT AUTHORITY\\SYSTEM,taskschd.dll,Microsoft® Windows® Operating System, ,Task Scheduler COM API, , , , ,"SHA1=633C92F5A5000CDE3235C7FDC306B2B04C501C48,MD5=84F942C1A4BD60C94EBEC6643E0216C9,SHA256=BBE733452E6CE871D5D2064948847AAB2A71F7FEDA2C962BA4002F64E2D198F2,IMPHASH=B7A4477FA36E2E5287EE76AC4AFCB05B", ,"technique_id=T1053,technique_name=Scheduled Task",Microsoft Corporation, , ,10.0.19041.3636 (WinBuild.160101.0800), , , ,Microsoft Windows,C:\\Windows\\System32\\taskschd.dll,TRUE,Valid, , , , , , , , , , , , , , , , , , , , , , , , , , , , , , , , , , , , , , , , , , , , , , , , , , , , , , , , , , , , , , , , , , , , , , , , , , , , 
wazuh-alerts-4.x-2024.12.22,QEoE7pMBNimV4ECvZYPi,1,1,192.168.117.139,window-agent3,3,Maryam, , ,7, ,0x8000000000000000,{5770385f-c22a-43e0-bf4c-06f5698ffbd9},4,Microsoft-Windows-Sysmon/Operational,0,"""Image loaded:
RuleName: technique_id=T1053,technique_name=Scheduled Task
UtcTime: 2024-12-22 10:57:58.899
ProcessGuid: {15959494-e9e2-6767-1200-000000001200}
ProcessId: 396
Image: C:\Windows\System32\svchost.exe
ImageLoaded: C:\Windows\System32\taskschd.dll
FileVersion: 10.0.19041.3636 (WinBuild.160101.0800)
Description: Task Scheduler COM API
Product: Microsoft® Windows® Operating System
Company: Microsoft Corporation
OriginalFileName: taskschd.dll
Hashes: SHA1=633C92F5A5000CDE3235C7FDC306B2B04C501C48,MD5=84F942C1A4BD60C94EBEC6643E0216C9,SHA256=BBE733452E6CE871D5D2064948847AAB2A71F7FEDA2C962BA4002F64E2D198F2,IMPHASH=B7A4477FA36E2E5287EE76AC4AFCB05B
Signed: true
Signature: Microsoft Windows
SignatureStatus: Valid
User: NT AUTHORITY\SYSTEM""",3,2024-12-22T10:57:58.9201103Z,231423,4988,DESKTOP-QGB4EQH,7,2868,INFORMATION,Microsoft-Windows-Sysmon,34,FALSE,4,Process loaded taskschd.dll module. May be used to create delayed malware execution,"[""sysmon"",""sysmon_eid7_detections"",""windows""]",92154,windows_eventchannel,log,"Dec 22, 2024 @ 10:58:00.464",EventChannel,1734865080,"Dec 22, 2024 @ 10:58:00.464", , , , , , , , , , , , , , ,396, , , , , , , , , , , , ,"[""Scheduled Task""]","[""T1053.005""]","[""Execution"",""Persistence"",""Privilege Escalation""]", ,C:\\Windows\\System32\\svchost.exe, ,{15959494-e9e2-6767-1200-000000001200},57:58.9, , ,NT AUTHORITY\\SYSTEM,taskschd.dll,Microsoft® Windows® Operating System, ,Task Scheduler COM API, , , , ,"SHA1=633C92F5A5000CDE3235C7FDC306B2B04C501C48,MD5=84F942C1A4BD60C94EBEC6643E0216C9,SHA256=BBE733452E6CE871D5D2064948847AAB2A71F7FEDA2C962BA4002F64E2D198F2,IMPHASH=B7A4477FA36E2E5287EE76AC4AFCB05B", ,"technique_id=T1053,technique_name=Scheduled Task",Microsoft Corporation, , ,10.0.19041.3636 (WinBuild.160101.0800), , , ,Microsoft Windows,C:\\Windows\\System32\\taskschd.dll,TRUE,Valid, , , , , , , , , , , , , , , , , , , , , , , , , , , , , , , , , , , , , , , , , , , , , , , , , , , , , , , , , , , , , , , , , , , , , , , , , , , , 
