wazuh-alerts-4.x-2024.12.22,AErz7ZMBNimV4ECv04Pf,1,1,192.168.117.139,window-agent3,3,Maryam, , ,4624, ,0x8020000000000000,{54849625-5478-4994-a5ba-3e3b0328c30d},0,Security,0,"""An account was successfully logged on.

Subject:
	Security ID:		S-1-5-18
	Account Name:		DESKTOP-QGB4EQH$
	Account Domain:		WORKGROUP
	Logon ID:		0x3E7

Logon Information:
	Logon Type:		5
	Restricted Admin Mode:	-
	Virtual Account:		No
	Elevated Token:		Yes

Impersonation Level:		Impersonation

New Logon:
	Security ID:		S-1-5-18
	Account Name:		SYSTEM
	Account Domain:		NT AUTHORITY
	Logon ID:		0x3E7
	Linked Logon ID:		0x0
	Network Account Name:	-
	Network Account Domain:	-
	Logon GUID:		{00000000-0000-0000-0000-000000000000}

Process Information:
	Process ID:		0x28c
	Process Name:		C:\Windows\System32\services.exe

Network Information:
	Workstation Name:	-
	Source Network Address:	-
	Source Port:		-

Detailed Authentication Information:
	Logon Process:		Advapi  
	Authentication Package:	Negotiate
	Transited Services:	-
	Package Name (NTLM only):	-
	Key Length:		0

This event is generated when a logon session is created. It is generated on the computer that was accessed.

The subject fields indicate the account on the local system which requested the logon. This is most commonly a service such as the Server service, or a local process such as Winlogon.exe or Services.exe.

The logon type field indicates the kind of logon that occurred. The most common types are 2 (interactive) and 3 (network).

The New Logon fields indicate the account for whom the new logon was created, i.e. the account that was logged on.

The network fields indicate where a remote logon request originated. Workstation name is not always available and may be left blank in some cases.

The impersonation level field indicates the extent to which a process in the logon session can impersonate.

The authentication information fields provide detailed information about this specific logon request.
	- Logon GUID is a unique identifier that can be used to correlate this event with a KDC event.
	- Transited services indicate which intermediate services have participated in this logon request.
	- Package name indicates which sub-protocol was used among the NTLM protocols.
	- Key length indicates the length of the generated session key. This will be 0 if no session key was requested.""",2,2024-12-22T10:39:56.1941770Z,21663,716,DESKTOP-QGB4EQH,12544,672,AUDIT_SUCCESS,Microsoft-Windows-Security-Auditing,14,FALSE,3,Windows logon success.,"[""windows"",""windows_security"",""authentication_success""]",60106,windows_eventchannel,log,"Dec 22, 2024 @ 10:39:57.639",EventChannel,1734863997,"Dec 22, 2024 @ 10:39:57.639",0x3e7,WORKGROUP,0x0,%%1833, ,Negotiate, ,0x3e7,Advapi,{00000000-0000-0000-0000-000000000000},SYSTEM,0,%%1842,S-1-5-18,0x28c,C:\\Windows\\System32\\services.exe, ,NT AUTHORITY,S-1-5-18,%%1843,5,DESKTOP-QGB4EQH$,"[""164.312.b""]","[""10.2.5""]","[""CC6.8"",""CC7.2"",""CC7.3""]","[""AC.7"",""AU.14""]","[""IV_32.2""]","[""Valid Accounts""]","[""T1078""]","[""Defense Evasion"",""Persistence"",""Privilege Escalation"",""Initial Access""]","[""7.1"",""7.2""]", , , , , , , , , , , , , , , , , , , , , , , , , , , , , , , , , , , , , , , , , , , , , , , , , , , , , , , , , , , , , , , , , , , , , , , , , , , , , , , , , , , , , , , , , , , , , , , , , , , , , , , , , 
wazuh-alerts-4.x-2024.12.22,AUrz7ZMBNimV4ECv14PQ,1,1,192.168.117.139,window-agent3,3,Maryam,"svchost, 1068,P,98, DS_Token_DB:, 0, 10, 00, 19045, 0000", ,102, ,0x80000000000000, ,4,Application,0,"""svchost (1068,P,98) DS_Token_DB: The database engine (10.00.19045.0000) is starting a new instance (0).""",0,2024-12-22T10:39:58.6012592Z,7154,0,DESKTOP-QGB4EQH,1,0,INFORMATION,ESENT,1,FALSE,3,The database engine is starting a new instance.,"[""windows"",""windows_application""]",60805,windows_eventchannel,log,"Dec 22, 2024 @ 10:39:59.048",EventChannel,1734863999,"Dec 22, 2024 @ 10:39:59.048", , , , , , , , , , , , , , , , , , , , , , , , , , , , , , , , , , , , , , , , , , , , , , , , , , , , , , , , , , , , , , , , , , , , , , , , , , , , , , , , , , , , , , , , , , , , , , , , , , , , , , , , , , , , , , , , , , , , , , , , , , , , , , , , , , , , , , , , 
wazuh-alerts-4.x-2024.12.22,BErz7ZMBNimV4ECv14PQ,1,1,192.168.117.139,window-agent3,3,Maryam,"svchost, 1068,R,98, DS_Token_DB:, C:\\WINDOWS\\system32\\config\\systemprofile\\AppData\\Local\\DataSharing\\Storage\\DSS.log,  [1] 0.048145 -0.031633 (9) WT +J(CM:0, PgRf:0, Rd:0/0, Dy:0/0, Lg:52718/147) +M(C:0K, Fs:113, WS:248K # 0K, PF:136K # 0K, P:136K)., Insert, 38", ,301, ,0x80000000000000, ,4,Application,0,"""svchost (1068,R,98) DS_Token_DB: The database engine has finished replaying logfile C:\WINDOWS\system32\config\systemprofile\AppData\Local\DataSharing\Storage\DSS.log. 
 
Processing Stats: 
[1] 0.048145 -0.031633 (9) WT +J(CM:0, PgRf:0, Rd:0/0, Dy:0/0, Lg:52718/147) +M(C:0K, Fs:113, WS:248K # 0K, PF:136K # 0K, P:136K). 
Log record of type 'Insert   ' was seen most frequently (38 times)""",0,2024-12-22T10:39:58.8672888Z,7156,0,DESKTOP-QGB4EQH,3,0,INFORMATION,ESENT,1,FALSE,3,The database engine is replaying log file C:\Winnt\system32\wins\j50.log.,"[""windows"",""windows_application""]",60808,windows_eventchannel,log,"Dec 22, 2024 @ 10:39:59.619",EventChannel,1734863999,"Dec 22, 2024 @ 10:39:59.619", , , , , , , , , , , , , , , , , , , , , , , , , , , , , , , , , , , , , , , , , , , , , , , , , , , , , , , , , , , , , , , , , , , , , , , , , , , , , , , , , , , , , , , , , , , , , , , , , , , , , , , , , , , , , , , , , , , , , , , , , , , , , , , , , , , , , , , , 
wazuh-alerts-4.x-2024.12.22,Bkrz7ZMBNimV4ECv14PQ,1,1,192.168.117.139,window-agent3,3,Maryam,"svchost, 1068,D,50, DS_Token_DB:, 1, C:\\WINDOWS\\system32\\config\\systemprofile\\AppData\\Local\\DataSharing\\Storage\\DSTokenDB2.dat, 0,  [1] 0.000004 +J(0) [2] 0.000632 -0.000312 (1) WT +J(0) +M(C:0K, Fs:17, WS:4K # 0K, PF:4K # 0K, P:4K) [3] 0.032121 -0.024808 (6) WT +J(CM:0, PgRf:0, Rd:0/0, Dy:0/0, Lg:3480/2) +M(C:0K, Fs:9, WS:32K # 0K, PF:28K # 0K, P:28K) [4] 0.000182 +J(0) [5] - [6] - [7] - [8] 0.006221 -0.001133 (2) CM -0.001669 (4) WT +J(CM:2, PgRf:2, Rd:4/2, Dy:0/0, Lg:54/1) +M(C:8K, Fs:5, WS:16K # 0K, PF:28K # 0K, P:28K) [9] 0.008073 -0.007290 (5) CM -0.006696 (5) WT +J(CM:5, PgRf:23, Rd:0/5, Dy:0/0, Lg:0/0) +M(C:0K, Fs:24, WS:96K # 0K, PF:196K # 0K, P:196K) [10] 0.002389 -0.002206 (3) CM -0.001917 (3) WT +J(CM:3, PgRf:40, Rd:0/3, Dy:0/0, Lg:0/0) +M(C:0K, Fs:2, WS:8K # 0K, PF:64K # 0K, P:64K) [11] 0.000680 -0.000640 (1) CM -0.000563 (1) WT +J(CM:1, PgRf:1, Rd:0/1, Dy:0/0, Lg:0/0) +M(C:0K, Fs:2, WS:8K # 0K, PF:0K # 0K, P:0K) [12] 0.000479 -0.000361 (1) CM -0.000259 (1) WT +J(CM:1, PgRf:42, Rd:0/1, Dy:0/0, Lg:0/0) +M(C:0K, Fs:5, WS:20K # 0K, PF:0K # 0K, P:0K) [13] 0.000001 +J(0) [14] 0.0 +J(0) [15] 0.000479 -0.000456 (1) CM -0.000328 (1) WT +J(CM:1, PgRf:1, Rd:0/1, Dy:0/0, Lg:0/0)., 1 0, lgposAttach = 00000004:0003:0268, dbv = 1568.110.240", ,326, ,0x80000000000000, ,4,Application,0,"""svchost (1068,D,50) DS_Token_DB: The database engine attached a database (1, C:\WINDOWS\system32\config\systemprofile\AppData\Local\DataSharing\Storage\DSTokenDB2.dat). (Time=0 seconds) 
 
Saved Cache: 1 0 
Additional Data: lgposAttach = 00000004:0003:0268,
dbv = 1568.110.240 
 
Internal Timing Sequence: 
[1] 0.000004 +J(0)
[2] 0.000632 -0.000312 (1) WT +J(0) +M(C:0K, Fs:17, WS:4K # 0K, PF:4K # 0K, P:4K)
[3] 0.032121 -0.024808 (6) WT +J(CM:0, PgRf:0, Rd:0/0, Dy:0/0, Lg:3480/2) +M(C:0K, Fs:9, WS:32K # 0K, PF:28K # 0K, P:28K)
[4] 0.000182 +J(0)
[5] -
[6] -
[7] -
[8] 0.006221 -0.001133 (2) CM -0.001669 (4) WT +J(CM:2, PgRf:2, Rd:4/2, Dy:0/0, Lg:54/1) +M(C:8K, Fs:5, WS:16K # 0K, PF:28K # 0K, P:28K)
[9] 0.008073 -0.007290 (5) CM -0.006696 (5) WT +J(CM:5, PgRf:23, Rd:0/5, Dy:0/0, Lg:0/0) +M(C:0K, Fs:24, WS:96K # 0K, PF:196K # 0K, P:196K)
[10] 0.002389 -0.002206 (3) CM -0.001917 (3) WT +J(CM:3, PgRf:40, Rd:0/3, Dy:0/0, Lg:0/0) +M(C:0K, Fs:2, WS:8K # 0K, PF:64K # 0K, P:64K)
[11] 0.000680 -0.000640 (1) CM -0.000563 (1) WT +J(CM:1, PgRf:1, Rd:0/1, Dy:0/0, Lg:0/0) +M(C:0K, Fs:2, WS:8K # 0K, PF:0K # 0K, P:0K)
[12] 0.000479 -0.000361 (1) CM -0.000259 (1) WT +J(CM:1, PgRf:42, Rd:0/1, Dy:0/0, Lg:0/0) +M(C:0K, Fs:5, WS:20K # 0K, PF:0K # 0K, P:0K)
[13] 0.000001 +J(0)
[14] 0.0 +J(0)
[15] 0.000479 -0.000456 (1) CM -0.000328 (1) WT +J(CM:1, PgRf:1, Rd:0/1, Dy:0/0, Lg:0/0).""",0,2024-12-22T10:39:59.5237425Z,7160,0,DESKTOP-QGB4EQH,1,0,INFORMATION,ESENT,1,FALSE,3,The database engine attached a database.,"[""windows"",""windows_application""]",60798,windows_eventchannel,log,"Dec 22, 2024 @ 10:39:59.990",EventChannel,1734863999,"Dec 22, 2024 @ 10:39:59.990", , , , , , , , , , , , , , , , , , , , , , , , , , , , , , , , , , , , , , , , , , , , , , , , , , , , , , , , , , , , , , , , , , , , , , , , , , , , , , , , , , , , , , , , , , , , , , , , , , , , , , , , , , , , , , , , , , , , , , , , , , , , , , , , , , , , , , , , 
wazuh-alerts-4.x-2024.12.22,2Urt7ZMBNimV4ECvoYJJ,1,1,192.168.117.139,window-agent3,3,Maryam, , ,4624, ,0x8020000000000000,{54849625-5478-4994-a5ba-3e3b0328c30d},0,Security,0,"""An account was successfully logged on.

Subject:
	Security ID:		S-1-5-18
	Account Name:		DESKTOP-QGB4EQH$
	Account Domain:		WORKGROUP
	Logon ID:		0x3E7

Logon Information:
	Logon Type:		5
	Restricted Admin Mode:	-
	Virtual Account:		No
	Elevated Token:		Yes

Impersonation Level:		Impersonation

New Logon:
	Security ID:		S-1-5-18
	Account Name:		SYSTEM
	Account Domain:		NT AUTHORITY
	Logon ID:		0x3E7
	Linked Logon ID:		0x0
	Network Account Name:	-
	Network Account Domain:	-
	Logon GUID:		{00000000-0000-0000-0000-000000000000}

Process Information:
	Process ID:		0x28c
	Process Name:		C:\Windows\System32\services.exe

Network Information:
	Workstation Name:	-
	Source Network Address:	-
	Source Port:		-

Detailed Authentication Information:
	Logon Process:		Advapi  
	Authentication Package:	Negotiate
	Transited Services:	-
	Package Name (NTLM only):	-
	Key Length:		0

This event is generated when a logon session is created. It is generated on the computer that was accessed.

The subject fields indicate the account on the local system which requested the logon. This is most commonly a service such as the Server service, or a local process such as Winlogon.exe or Services.exe.

The logon type field indicates the kind of logon that occurred. The most common types are 2 (interactive) and 3 (network).

The New Logon fields indicate the account for whom the new logon was created, i.e. the account that was logged on.

The network fields indicate where a remote logon request originated. Workstation name is not always available and may be left blank in some cases.

The impersonation level field indicates the extent to which a process in the logon session can impersonate.

The authentication information fields provide detailed information about this specific logon request.
	- Logon GUID is a unique identifier that can be used to correlate this event with a KDC event.
	- Transited services indicate which intermediate services have participated in this logon request.
	- Package name indicates which sub-protocol was used among the NTLM protocols.
	- Key length indicates the length of the generated session key. This will be 0 if no session key was requested.""",2,2024-12-22T10:33:10.7052260Z,21564,1056,DESKTOP-QGB4EQH,12544,672,AUDIT_SUCCESS,Microsoft-Windows-Security-Auditing,4,FALSE,3,Windows logon success.,"[""windows"",""windows_security"",""authentication_success""]",60106,windows_eventchannel,log,"Dec 22, 2024 @ 10:33:12.289",EventChannel,1734863592,"Dec 22, 2024 @ 10:33:12.289",0x3e7,WORKGROUP,0x0,%%1833, ,Negotiate, ,0x3e7,Advapi,{00000000-0000-0000-0000-000000000000},SYSTEM,0,%%1842,S-1-5-18,0x28c,C:\\Windows\\System32\\services.exe, ,NT AUTHORITY,S-1-5-18,%%1843,5,DESKTOP-QGB4EQH$,"[""164.312.b""]","[""10.2.5""]","[""CC6.8"",""CC7.2"",""CC7.3""]","[""AC.7"",""AU.14""]","[""IV_32.2""]","[""Valid Accounts""]","[""T1078""]","[""Defense Evasion"",""Persistence"",""Privilege Escalation"",""Initial Access""]","[""7.1"",""7.2""]", , , , , , , , , , , , , , , , , , , , , , , , , , , , , , , , , , , , , , , , , , , , , , , , , , , , , , , , , , , , , , , , , , , , , , , , , , , , , , , , , , , , , , , , , , , , , , , , , , , , , , , , , 
wazuh-alerts-4.x-2024.12.22,2krt7ZMBNimV4ECvoYJJ,1,1,192.168.117.139,window-agent3,3,Maryam, , ,4624, ,0x8020000000000000,{54849625-5478-4994-a5ba-3e3b0328c30d},0,Security,0,"""An account was successfully logged on.

Subject:
	Security ID:		S-1-5-18
	Account Name:		DESKTOP-QGB4EQH$
	Account Domain:		WORKGROUP
	Logon ID:		0x3E7

Logon Information:
	Logon Type:		5
	Restricted Admin Mode:	-
	Virtual Account:		No
	Elevated Token:		Yes

Impersonation Level:		Impersonation

New Logon:
	Security ID:		S-1-5-18
	Account Name:		SYSTEM
	Account Domain:		NT AUTHORITY
	Logon ID:		0x3E7
	Linked Logon ID:		0x0
	Network Account Name:	-
	Network Account Domain:	-
	Logon GUID:		{00000000-0000-0000-0000-000000000000}

Process Information:
	Process ID:		0x28c
	Process Name:		C:\Windows\System32\services.exe

Network Information:
	Workstation Name:	-
	Source Network Address:	-
	Source Port:		-

Detailed Authentication Information:
	Logon Process:		Advapi  
	Authentication Package:	Negotiate
	Transited Services:	-
	Package Name (NTLM only):	-
	Key Length:		0

This event is generated when a logon session is created. It is generated on the computer that was accessed.

The subject fields indicate the account on the local system which requested the logon. This is most commonly a service such as the Server service, or a local process such as Winlogon.exe or Services.exe.

The logon type field indicates the kind of logon that occurred. The most common types are 2 (interactive) and 3 (network).

The New Logon fields indicate the account for whom the new logon was created, i.e. the account that was logged on.

The network fields indicate where a remote logon request originated. Workstation name is not always available and may be left blank in some cases.

The impersonation level field indicates the extent to which a process in the logon session can impersonate.

The authentication information fields provide detailed information about this specific logon request.
	- Logon GUID is a unique identifier that can be used to correlate this event with a KDC event.
	- Transited services indicate which intermediate services have participated in this logon request.
	- Package name indicates which sub-protocol was used among the NTLM protocols.
	- Key length indicates the length of the generated session key. This will be 0 if no session key was requested.""",2,2024-12-22T10:33:11.1041945Z,21566,1056,DESKTOP-QGB4EQH,12544,672,AUDIT_SUCCESS,Microsoft-Windows-Security-Auditing,5,FALSE,3,Windows logon success.,"[""windows"",""windows_security"",""authentication_success""]",60106,windows_eventchannel,log,"Dec 22, 2024 @ 10:33:12.316",EventChannel,1734863592,"Dec 22, 2024 @ 10:33:12.316",0x3e7,WORKGROUP,0x0,%%1833, ,Negotiate, ,0x3e7,Advapi,{00000000-0000-0000-0000-000000000000},SYSTEM,0,%%1842,S-1-5-18,0x28c,C:\\Windows\\System32\\services.exe, ,NT AUTHORITY,S-1-5-18,%%1843,5,DESKTOP-QGB4EQH$,"[""164.312.b""]","[""10.2.5""]","[""CC6.8"",""CC7.2"",""CC7.3""]","[""AC.7"",""AU.14""]","[""IV_32.2""]","[""Valid Accounts""]","[""T1078""]","[""Defense Evasion"",""Persistence"",""Privilege Escalation"",""Initial Access""]","[""7.1"",""7.2""]", , , , , , , , , , , , , , , , , , , , , , , , , , , , , , , , , , , , , , , , , , , , , , , , , , , , , , , , , , , , , , , , , , , , , , , , , , , , , , , , , , , , , , , , , , , , , , , , , , , , , , , , , 
wazuh-alerts-4.x-2024.12.22,20rt7ZMBNimV4ECvpYIu,1,1,192.168.117.139,window-agent3,3,Maryam, , ,7, ,0x8000000000000000,{5770385f-c22a-43e0-bf4c-06f5698ffbd9},4,Microsoft-Windows-Sysmon/Operational,0,"""Image loaded:
RuleName: technique_id=T1053,technique_name=Scheduled Task
UtcTime: 2024-12-22 10:33:12.444
ProcessGuid: {15959494-eae7-6767-0601-000000001200}
ProcessId: 5688
Image: C:\Windows\System32\MoUsoCoreWorker.exe
ImageLoaded: C:\Windows\System32\taskschd.dll
FileVersion: 10.0.19041.3636 (WinBuild.160101.0800)
Description: Task Scheduler COM API
Product: Microsoft® Windows® Operating System
Company: Microsoft Corporation
OriginalFileName: taskschd.dll
Hashes: SHA1=633C92F5A5000CDE3235C7FDC306B2B04C501C48,MD5=84F942C1A4BD60C94EBEC6643E0216C9,SHA256=BBE733452E6CE871D5D2064948847AAB2A71F7FEDA2C962BA4002F64E2D198F2,IMPHASH=B7A4477FA36E2E5287EE76AC4AFCB05B
Signed: true
Signature: Microsoft Windows
SignatureStatus: Valid
User: NT AUTHORITY\SYSTEM""",3,2024-12-22T10:33:12.4542051Z,230033,4988,DESKTOP-QGB4EQH,7,2868,INFORMATION,Microsoft-Windows-Sysmon,8,FALSE,4,Process loaded taskschd.dll module. May be used to create delayed malware execution,"[""sysmon"",""sysmon_eid7_detections"",""windows""]",92154,windows_eventchannel,log,"Dec 22, 2024 @ 10:33:13.456",EventChannel,1734863593,"Dec 22, 2024 @ 10:33:13.456", , , , , , , , , , , , , , ,5688, , , , , , , , , , , , ,"[""Scheduled Task""]","[""T1053.005""]","[""Execution"",""Persistence"",""Privilege Escalation""]", ,C:\\Windows\\System32\\MoUsoCoreWorker.exe, ,{15959494-eae7-6767-0601-000000001200},33:12.4, , ,NT AUTHORITY\\SYSTEM,taskschd.dll,Microsoft® Windows® Operating System, ,Task Scheduler COM API, , , , ,"SHA1=633C92F5A5000CDE3235C7FDC306B2B04C501C48,MD5=84F942C1A4BD60C94EBEC6643E0216C9,SHA256=BBE733452E6CE871D5D2064948847AAB2A71F7FEDA2C962BA4002F64E2D198F2,IMPHASH=B7A4477FA36E2E5287EE76AC4AFCB05B", ,"technique_id=T1053,technique_name=Scheduled Task",Microsoft Corporation, , ,10.0.19041.3636 (WinBuild.160101.0800), , , ,Microsoft Windows,C:\\Windows\\System32\\taskschd.dll,TRUE,Valid, , , , , , , , , , , , , , , , , , , , , , , , , , , , , , , , , , , , , , , , , , , , , , , , , , , , , , , , , , , , , , , , , , , , , , , , , , , , 
wazuh-alerts-4.x-2024.12.22,3Ert7ZMBNimV4ECvpYIu,1,1,192.168.117.139,window-agent3,3,Maryam, , ,4624, ,0x8020000000000000,{54849625-5478-4994-a5ba-3e3b0328c30d},0,Security,0,"""An account was successfully logged on.

Subject:
	Security ID:		S-1-5-18
	Account Name:		DESKTOP-QGB4EQH$
	Account Domain:		WORKGROUP
	Logon ID:		0x3E7

Logon Information:
	Logon Type:		5
	Restricted Admin Mode:	-
	Virtual Account:		No
	Elevated Token:		Yes

Impersonation Level:		Impersonation

New Logon:
	Security ID:		S-1-5-18
	Account Name:		SYSTEM
	Account Domain:		NT AUTHORITY
	Logon ID:		0x3E7
	Linked Logon ID:		0x0
	Network Account Name:	-
	Network Account Domain:	-
	Logon GUID:		{00000000-0000-0000-0000-000000000000}

Process Information:
	Process ID:		0x28c
	Process Name:		C:\Windows\System32\services.exe

Network Information:
	Workstation Name:	-
	Source Network Address:	-
	Source Port:		-

Detailed Authentication Information:
	Logon Process:		Advapi  
	Authentication Package:	Negotiate
	Transited Services:	-
	Package Name (NTLM only):	-
	Key Length:		0

This event is generated when a logon session is created. It is generated on the computer that was accessed.

The subject fields indicate the account on the local system which requested the logon. This is most commonly a service such as the Server service, or a local process such as Winlogon.exe or Services.exe.

The logon type field indicates the kind of logon that occurred. The most common types are 2 (interactive) and 3 (network).

The New Logon fields indicate the account for whom the new logon was created, i.e. the account that was logged on.

The network fields indicate where a remote logon request originated. Workstation name is not always available and may be left blank in some cases.

The impersonation level field indicates the extent to which a process in the logon session can impersonate.

The authentication information fields provide detailed information about this specific logon request.
	- Logon GUID is a unique identifier that can be used to correlate this event with a KDC event.
	- Transited services indicate which intermediate services have participated in this logon request.
	- Package name indicates which sub-protocol was used among the NTLM protocols.
	- Key length indicates the length of the generated session key. This will be 0 if no session key was requested.""",2,2024-12-22T10:33:12.5222871Z,21568,1056,DESKTOP-QGB4EQH,12544,672,AUDIT_SUCCESS,Microsoft-Windows-Security-Auditing,6,FALSE,3,Windows logon success.,"[""windows"",""windows_security"",""authentication_success""]",60106,windows_eventchannel,log,"Dec 22, 2024 @ 10:33:14.076",EventChannel,1734863594,"Dec 22, 2024 @ 10:33:14.076",0x3e7,WORKGROUP,0x0,%%1833, ,Negotiate, ,0x3e7,Advapi,{00000000-0000-0000-0000-000000000000},SYSTEM,0,%%1842,S-1-5-18,0x28c,C:\\Windows\\System32\\services.exe, ,NT AUTHORITY,S-1-5-18,%%1843,5,DESKTOP-QGB4EQH$,"[""164.312.b""]","[""10.2.5""]","[""CC6.8"",""CC7.2"",""CC7.3""]","[""AC.7"",""AU.14""]","[""IV_32.2""]","[""Valid Accounts""]","[""T1078""]","[""Defense Evasion"",""Persistence"",""Privilege Escalation"",""Initial Access""]","[""7.1"",""7.2""]", , , , , , , , , , , , , , , , , , , , , , , , , , , , , , , , , , , , , , , , , , , , , , , , , , , , , , , , , , , , , , , , , , , , , , , , , , , , , , , , , , , , , , , , , , , , , , , , , , , , , , , , , 
wazuh-alerts-4.x-2024.12.22,3Urt7ZMBNimV4ECvrIL-,1,1,192.168.117.139,window-agent3,3,Maryam, , ,7, ,0x8000000000000000,{5770385f-c22a-43e0-bf4c-06f5698ffbd9},4,Microsoft-Windows-Sysmon/Operational,0,"""Image loaded:
RuleName: technique_id=T1053,technique_name=Scheduled Task
UtcTime: 2024-12-22 10:33:13.069
ProcessGuid: {15959494-eae8-6767-0801-000000001200}
ProcessId: 5792
Image: C:\Windows\System32\svchost.exe
ImageLoaded: C:\Windows\System32\taskschd.dll
FileVersion: 10.0.19041.3636 (WinBuild.160101.0800)
Description: Task Scheduler COM API
Product: Microsoft® Windows® Operating System
Company: Microsoft Corporation
OriginalFileName: taskschd.dll
Hashes: SHA1=633C92F5A5000CDE3235C7FDC306B2B04C501C48,MD5=84F942C1A4BD60C94EBEC6643E0216C9,SHA256=BBE733452E6CE871D5D2064948847AAB2A71F7FEDA2C962BA4002F64E2D198F2,IMPHASH=B7A4477FA36E2E5287EE76AC4AFCB05B
Signed: true
Signature: Microsoft Windows
SignatureStatus: Valid
User: NT AUTHORITY\SYSTEM""",3,2024-12-22T10:33:13.1213344Z,230038,4988,DESKTOP-QGB4EQH,7,2868,INFORMATION,Microsoft-Windows-Sysmon,9,FALSE,4,Process loaded taskschd.dll module. May be used to create delayed malware execution,"[""sysmon"",""sysmon_eid7_detections"",""windows""]",92154,windows_eventchannel,log,"Dec 22, 2024 @ 10:33:15.130",EventChannel,1734863595,"Dec 22, 2024 @ 10:33:15.130", , , , , , , , , , , , , , ,5792, , , , , , , , , , , , ,"[""Scheduled Task""]","[""T1053.005""]","[""Execution"",""Persistence"",""Privilege Escalation""]", ,C:\\Windows\\System32\\svchost.exe, ,{15959494-eae8-6767-0801-000000001200},33:13.1, , ,NT AUTHORITY\\SYSTEM,taskschd.dll,Microsoft® Windows® Operating System, ,Task Scheduler COM API, , , , ,"SHA1=633C92F5A5000CDE3235C7FDC306B2B04C501C48,MD5=84F942C1A4BD60C94EBEC6643E0216C9,SHA256=BBE733452E6CE871D5D2064948847AAB2A71F7FEDA2C962BA4002F64E2D198F2,IMPHASH=B7A4477FA36E2E5287EE76AC4AFCB05B", ,"technique_id=T1053,technique_name=Scheduled Task",Microsoft Corporation, , ,10.0.19041.3636 (WinBuild.160101.0800), , , ,Microsoft Windows,C:\\Windows\\System32\\taskschd.dll,TRUE,Valid, , , , , , , , , , , , , , , , , , , , , , , , , , , , , , , , , , , , , , , , , , , , , , , , , , , , , , , , , , , , , , , , , , , , , , , , , , , , 
wazuh-alerts-4.x-2024.12.22,7Urx7ZMBNimV4ECvYoKW,1,1,192.168.117.139,window-agent3,3,Maryam, , ,7, ,0x8000000000000000,{5770385f-c22a-43e0-bf4c-06f5698ffbd9},4,Microsoft-Windows-Sysmon/Operational,0,"""Image loaded:
RuleName: technique_id=T1053,technique_name=Scheduled Task
UtcTime: 2024-12-22 10:37:11.214
ProcessGuid: {15959494-ebd7-6767-a101-000000001200}
ProcessId: 11412
Image: C:\Windows\System32\svchost.exe
ImageLoaded: C:\Windows\System32\taskschd.dll
FileVersion: 10.0.19041.3636 (WinBuild.160101.0800)
Description: Task Scheduler COM API
Product: Microsoft® Windows® Operating System
Company: Microsoft Corporation
OriginalFileName: taskschd.dll
Hashes: SHA1=633C92F5A5000CDE3235C7FDC306B2B04C501C48,MD5=84F942C1A4BD60C94EBEC6643E0216C9,SHA256=BBE733452E6CE871D5D2064948847AAB2A71F7FEDA2C962BA4002F64E2D198F2,IMPHASH=B7A4477FA36E2E5287EE76AC4AFCB05B
Signed: true
Signature: Microsoft Windows
SignatureStatus: Valid
User: NT AUTHORITY\SYSTEM""",3,2024-12-22T10:37:11.2231560Z,230474,4988,DESKTOP-QGB4EQH,7,2868,INFORMATION,Microsoft-Windows-Sysmon,14,FALSE,4,Process loaded taskschd.dll module. May be used to create delayed malware execution,"[""sysmon"",""sysmon_eid7_detections"",""windows""]",92154,windows_eventchannel,log,"Dec 22, 2024 @ 10:37:12.475",EventChannel,1734863832,"Dec 22, 2024 @ 10:37:12.475", , , , , , , , , , , , , , ,11412, , , , , , , , , , , , ,"[""Scheduled Task""]","[""T1053.005""]","[""Execution"",""Persistence"",""Privilege Escalation""]", ,C:\\Windows\\System32\\svchost.exe, ,{15959494-ebd7-6767-a101-000000001200},37:11.2, , ,NT AUTHORITY\\SYSTEM,taskschd.dll,Microsoft® Windows® Operating System, ,Task Scheduler COM API, , , , ,"SHA1=633C92F5A5000CDE3235C7FDC306B2B04C501C48,MD5=84F942C1A4BD60C94EBEC6643E0216C9,SHA256=BBE733452E6CE871D5D2064948847AAB2A71F7FEDA2C962BA4002F64E2D198F2,IMPHASH=B7A4477FA36E2E5287EE76AC4AFCB05B", ,"technique_id=T1053,technique_name=Scheduled Task",Microsoft Corporation, , ,10.0.19041.3636 (WinBuild.160101.0800), , , ,Microsoft Windows,C:\\Windows\\System32\\taskschd.dll,TRUE,Valid, , , , , , , , , , , , , , , , , , , , , , , , , , , , , , , , , , , , , , , , , , , , , , , , , , , , , , , , , , , , , , , , , , , , , , , , , , , , 
wazuh-alerts-4.x-2024.12.22,7krx7ZMBNimV4ECvYoKW,1,1,192.168.117.139,window-agent3,3,Maryam, , ,4624, ,0x8020000000000000,{54849625-5478-4994-a5ba-3e3b0328c30d},0,Security,0,"""An account was successfully logged on.

Subject:
	Security ID:		S-1-5-18
	Account Name:		DESKTOP-QGB4EQH$
	Account Domain:		WORKGROUP
	Logon ID:		0x3E7

Logon Information:
	Logon Type:		5
	Restricted Admin Mode:	-
	Virtual Account:		No
	Elevated Token:		Yes

Impersonation Level:		Impersonation

New Logon:
	Security ID:		S-1-5-18
	Account Name:		SYSTEM
	Account Domain:		NT AUTHORITY
	Logon ID:		0x3E7
	Linked Logon ID:		0x0
	Network Account Name:	-
	Network Account Domain:	-
	Logon GUID:		{00000000-0000-0000-0000-000000000000}

Process Information:
	Process ID:		0x28c
	Process Name:		C:\Windows\System32\services.exe

Network Information:
	Workstation Name:	-
	Source Network Address:	-
	Source Port:		-

Detailed Authentication Information:
	Logon Process:		Advapi  
	Authentication Package:	Negotiate
	Transited Services:	-
	Package Name (NTLM only):	-
	Key Length:		0

This event is generated when a logon session is created. It is generated on the computer that was accessed.

The subject fields indicate the account on the local system which requested the logon. This is most commonly a service such as the Server service, or a local process such as Winlogon.exe or Services.exe.

The logon type field indicates the kind of logon that occurred. The most common types are 2 (interactive) and 3 (network).

The New Logon fields indicate the account for whom the new logon was created, i.e. the account that was logged on.

The network fields indicate where a remote logon request originated. Workstation name is not always available and may be left blank in some cases.

The impersonation level field indicates the extent to which a process in the logon session can impersonate.

The authentication information fields provide detailed information about this specific logon request.
	- Logon GUID is a unique identifier that can be used to correlate this event with a KDC event.
	- Transited services indicate which intermediate services have participated in this logon request.
	- Package name indicates which sub-protocol was used among the NTLM protocols.
	- Key length indicates the length of the generated session key. This will be 0 if no session key was requested.""",2,2024-12-22T10:37:11.0989023Z,21598,720,DESKTOP-QGB4EQH,12544,672,AUDIT_SUCCESS,Microsoft-Windows-Security-Auditing,11,FALSE,3,Windows logon success.,"[""windows"",""windows_security"",""authentication_success""]",60106,windows_eventchannel,log,"Dec 22, 2024 @ 10:37:12.586",EventChannel,1734863832,"Dec 22, 2024 @ 10:37:12.586",0x3e7,WORKGROUP,0x0,%%1833, ,Negotiate, ,0x3e7,Advapi,{00000000-0000-0000-0000-000000000000},SYSTEM,0,%%1842,S-1-5-18,0x28c,C:\\Windows\\System32\\services.exe, ,NT AUTHORITY,S-1-5-18,%%1843,5,DESKTOP-QGB4EQH$,"[""164.312.b""]","[""10.2.5""]","[""CC6.8"",""CC7.2"",""CC7.3""]","[""AC.7"",""AU.14""]","[""IV_32.2""]","[""Valid Accounts""]","[""T1078""]","[""Defense Evasion"",""Persistence"",""Privilege Escalation"",""Initial Access""]","[""7.1"",""7.2""]", , , , , , , , , , , , , , , , , , , , , , , , , , , , , , , , , , , , , , , , , , , , , , , , , , , , , , , , , , , , , , , , , , , , , , , , , , , , , , , , , , , , , , , , , , , , , , , , , , , , , , , , , 
wazuh-alerts-4.x-2024.12.22,vkrt7ZMBNimV4ECvf4JO,1,1,192.168.117.139,window-agent3,3,Maryam, , ,7, ,0x8000000000000000,{5770385f-c22a-43e0-bf4c-06f5698ffbd9},4,Microsoft-Windows-Sysmon/Operational,0,"""Image loaded:
RuleName: technique_id=T1053,technique_name=Scheduled Task
UtcTime: 2024-12-22 10:32:55.053
ProcessGuid: {15959494-e9e2-6767-1200-000000001200}
ProcessId: 396
Image: C:\Windows\System32\svchost.exe
ImageLoaded: C:\Windows\System32\taskschd.dll
FileVersion: 10.0.19041.3636 (WinBuild.160101.0800)
Description: Task Scheduler COM API
Product: Microsoft® Windows® Operating System
Company: Microsoft Corporation
OriginalFileName: taskschd.dll
Hashes: SHA1=633C92F5A5000CDE3235C7FDC306B2B04C501C48,MD5=84F942C1A4BD60C94EBEC6643E0216C9,SHA256=BBE733452E6CE871D5D2064948847AAB2A71F7FEDA2C962BA4002F64E2D198F2,IMPHASH=B7A4477FA36E2E5287EE76AC4AFCB05B
Signed: true
Signature: Microsoft Windows
SignatureStatus: Valid
User: NT AUTHORITY\SYSTEM""",3,2024-12-22T10:32:55.0760814Z,229803,4992,DESKTOP-QGB4EQH,7,2868,INFORMATION,Microsoft-Windows-Sysmon,5,FALSE,4,Process loaded taskschd.dll module. May be used to create delayed malware execution,"[""sysmon"",""sysmon_eid7_detections"",""windows""]",92154,windows_eventchannel,log,"Dec 22, 2024 @ 10:32:56.505",EventChannel,1734863576,"Dec 22, 2024 @ 10:32:56.505", , , , , , , , , , , , , , ,396, , , , , , , , , , , , ,"[""Scheduled Task""]","[""T1053.005""]","[""Execution"",""Persistence"",""Privilege Escalation""]", ,C:\\Windows\\System32\\svchost.exe, ,{15959494-e9e2-6767-1200-000000001200},32:55.1, , ,NT AUTHORITY\\SYSTEM,taskschd.dll,Microsoft® Windows® Operating System, ,Task Scheduler COM API, , , , ,"SHA1=633C92F5A5000CDE3235C7FDC306B2B04C501C48,MD5=84F942C1A4BD60C94EBEC6643E0216C9,SHA256=BBE733452E6CE871D5D2064948847AAB2A71F7FEDA2C962BA4002F64E2D198F2,IMPHASH=B7A4477FA36E2E5287EE76AC4AFCB05B", ,"technique_id=T1053,technique_name=Scheduled Task",Microsoft Corporation, , ,10.0.19041.3636 (WinBuild.160101.0800), , , ,Microsoft Windows,C:\\Windows\\System32\\taskschd.dll,TRUE,Valid, , , , , , , , , , , , , , , , , , , , , , , , , , , , , , , , , , , , , , , , , , , , , , , , , , , , , , , , , , , , , , , , , , , , , , , , , , , , 
wazuh-alerts-4.x-2024.12.22,w0rt7ZMBNimV4ECvf4JO,1,1,192.168.117.139,window-agent3,3,Maryam, , ,13, ,0x8000000000000000,{5770385f-c22a-43e0-bf4c-06f5698ffbd9},4,Microsoft-Windows-Sysmon/Operational,0,"""Registry value set:
RuleName: -
EventType: SetValue
UtcTime: 2024-12-22 10:32:57.006
ProcessGuid: {15959494-e9e0-6767-0b00-000000001200}
ProcessId: 652
Image: C:\WINDOWS\system32\services.exe
TargetObject: HKLM\System\CurrentControlSet\Services\CaptureService_17feb2\ImagePath
Details: C:\WINDOWS\system32\svchost.exe -k LocalService -p
User: NT AUTHORITY\SYSTEM""",2,2024-12-22T10:32:57.0177491Z,229869,4988,DESKTOP-QGB4EQH,13,2868,INFORMATION,Microsoft-Windows-Sysmon,4,FALSE,3,Evidence of new service creation found in registry under HKLM\\System\\CurrentControlSet\\Services\\CaptureService_17feb2\\ImagePath binary is: C:\\WINDOWS\\system32\\svchost.exe -k LocalService -p,"[""sysmon"",""sysmon_eid13_detections"",""windows""]",92307,windows_eventchannel,log,"Dec 22, 2024 @ 10:32:59.337",EventChannel,1734863579,"Dec 22, 2024 @ 10:32:59.337", , , , , , , , , , , , , , ,652, , , , , , , , , , , , ,"[""Windows Service""]","[""T1543.003""]","[""Persistence"",""Privilege Escalation""]", ,C:\\WINDOWS\\system32\\services.exe,HKLM\\System\\CurrentControlSet\\Services\\CaptureService_17feb2\\ImagePath,{15959494-e9e0-6767-0b00-000000001200},32:57.0,C:\\WINDOWS\\system32\\svchost.exe -k LocalService -p,SetValue,NT AUTHORITY\\SYSTEM, , , , , , , , , , , , , , , , , , , , , , , , , , , , , , , , , , , , , , , , , , , , , , , , , , , , , , , , , , , , , , , , , , , , , , , , , , , , , , , , , , , , , , , , , , , , , , , , , , 
wazuh-alerts-4.x-2024.12.22,xUrt7ZMBNimV4ECvf4JO,1,1,192.168.117.139,window-agent3,3,Maryam, , ,13, ,0x8000000000000000,{5770385f-c22a-43e0-bf4c-06f5698ffbd9},4,Microsoft-Windows-Sysmon/Operational,0,"""Registry value set:
RuleName: -
EventType: SetValue
UtcTime: 2024-12-22 10:32:57.006
ProcessGuid: {15959494-e9e0-6767-0b00-000000001200}
ProcessId: 652
Image: C:\WINDOWS\system32\services.exe
TargetObject: HKLM\System\CurrentControlSet\Services\CDPUserSvc_17feb2\ImagePath
Details: C:\WINDOWS\system32\svchost.exe -k UnistackSvcGroup
User: NT AUTHORITY\SYSTEM""",2,2024-12-22T10:32:57.0195018Z,229885,4988,DESKTOP-QGB4EQH,13,2868,INFORMATION,Microsoft-Windows-Sysmon,6,FALSE,3,Evidence of new service creation found in registry under HKLM\\System\\CurrentControlSet\\Services\\CDPUserSvc_17feb2\\ImagePath binary is: C:\\WINDOWS\\system32\\svchost.exe -k UnistackSvcGroup,"[""sysmon"",""sysmon_eid13_detections"",""windows""]",92307,windows_eventchannel,log,"Dec 22, 2024 @ 10:33:00.028",EventChannel,1734863580,"Dec 22, 2024 @ 10:33:00.028", , , , , , , , , , , , , , ,652, , , , , , , , , , , , ,"[""Windows Service""]","[""T1543.003""]","[""Persistence"",""Privilege Escalation""]", ,C:\\WINDOWS\\system32\\services.exe,HKLM\\System\\CurrentControlSet\\Services\\CDPUserSvc_17feb2\\ImagePath,{15959494-e9e0-6767-0b00-000000001200},32:57.0,C:\\WINDOWS\\system32\\svchost.exe -k UnistackSvcGroup,SetValue,NT AUTHORITY\\SYSTEM, , , , , , , , , , , , , , , , , , , , , , , , , , , , , , , , , , , , , , , , , , , , , , , , , , , , , , , , , , , , , , , , , , , , , , , , , , , , , , , , , , , , , , , , , , , , , , , , , , 
wazuh-alerts-4.x-2024.12.22,xkrt7ZMBNimV4ECvf4JO,1,1,192.168.117.139,window-agent3,3,Maryam, , ,13, ,0x8000000000000000,{5770385f-c22a-43e0-bf4c-06f5698ffbd9},4,Microsoft-Windows-Sysmon/Operational,0,"""Registry value set:
RuleName: -
EventType: SetValue
UtcTime: 2024-12-22 10:32:57.006
ProcessGuid: {15959494-e9e0-6767-0b00-000000001200}
ProcessId: 652
Image: C:\WINDOWS\system32\services.exe
TargetObject: HKLM\System\CurrentControlSet\Services\ConsentUxUserSvc_17feb2\ImagePath
Details: C:\WINDOWS\system32\svchost.exe -k DevicesFlow
User: NT AUTHORITY\SYSTEM""",2,2024-12-22T10:32:57.0429168Z,229893,4988,DESKTOP-QGB4EQH,13,2868,INFORMATION,Microsoft-Windows-Sysmon,7,FALSE,3,Evidence of new service creation found in registry under HKLM\\System\\CurrentControlSet\\Services\\ConsentUxUserSvc_17feb2\\ImagePath binary is: C:\\WINDOWS\\system32\\svchost.exe -k DevicesFlow,"[""sysmon"",""sysmon_eid13_detections"",""windows""]",92307,windows_eventchannel,log,"Dec 22, 2024 @ 10:33:00.436",EventChannel,1734863580,"Dec 22, 2024 @ 10:33:00.436", , , , , , , , , , , , , , ,652, , , , , , , , , , , , ,"[""Windows Service""]","[""T1543.003""]","[""Persistence"",""Privilege Escalation""]", ,C:\\WINDOWS\\system32\\services.exe,HKLM\\System\\CurrentControlSet\\Services\\ConsentUxUserSvc_17feb2\\ImagePath,{15959494-e9e0-6767-0b00-000000001200},32:57.0,C:\\WINDOWS\\system32\\svchost.exe -k DevicesFlow,SetValue,NT AUTHORITY\\SYSTEM, , , , , , , , , , , , , , , , , , , , , , , , , , , , , , , , , , , , , , , , , , , , , , , , , , , , , , , , , , , , , , , , , , , , , , , , , , , , , , , , , , , , , , , , , , , , , , , , , , 
wazuh-alerts-4.x-2024.12.22,yErt7ZMBNimV4ECvf4JO,1,1,192.168.117.139,window-agent3,3,Maryam, , ,13, ,0x8000000000000000,{5770385f-c22a-43e0-bf4c-06f5698ffbd9},4,Microsoft-Windows-Sysmon/Operational,0,"""Registry value set:
RuleName: -
EventType: SetValue
UtcTime: 2024-12-22 10:32:57.006
ProcessGuid: {15959494-e9e0-6767-0b00-000000001200}
ProcessId: 652
Image: C:\WINDOWS\system32\services.exe
TargetObject: HKLM\System\CurrentControlSet\Services\CredentialEnrollmentManagerUserSvc_17feb2\Description
Details: @%%SystemRoot%%\system32\CredentialEnrollmentManager.exe,-101
User: NT AUTHORITY\SYSTEM""",2,2024-12-22T10:32:57.0446282Z,229905,4988,DESKTOP-QGB4EQH,13,2868,INFORMATION,Microsoft-Windows-Sysmon,9,FALSE,3,"Evidence of new service creation found in registry under HKLM\\System\\CurrentControlSet\\Services\\CredentialEnrollmentManagerUserSvc_17feb2\\Description binary is: @%%SystemRoot%%\\system32\\CredentialEnrollmentManager.exe,-101","[""sysmon"",""sysmon_eid13_detections"",""windows""]",92307,windows_eventchannel,log,"Dec 22, 2024 @ 10:33:01.004",EventChannel,1734863581,"Dec 22, 2024 @ 10:33:01.004", , , , , , , , , , , , , , ,652, , , , , , , , , , , , ,"[""Windows Service""]","[""T1543.003""]","[""Persistence"",""Privilege Escalation""]", ,C:\\WINDOWS\\system32\\services.exe,HKLM\\System\\CurrentControlSet\\Services\\CredentialEnrollmentManagerUserSvc_17feb2\\Description,{15959494-e9e0-6767-0b00-000000001200},32:57.0,"@%%SystemRoot%%\\system32\\CredentialEnrollmentManager.exe,-101",SetValue,NT AUTHORITY\\SYSTEM, , , , , , , , , , , , , , , , , , , , , , , , , , , , , , , , , , , , , , , , , , , , , , , , , , , , , , , , , , , , , , , , , , , , , , , , , , , , , , , , , , , , , , , , , , , , , , , , , , 
wazuh-alerts-4.x-2024.12.22,y0rt7ZMBNimV4ECvf4JO,1,1,192.168.117.139,window-agent3,3,Maryam, , ,13, ,0x8000000000000000,{5770385f-c22a-43e0-bf4c-06f5698ffbd9},4,Microsoft-Windows-Sysmon/Operational,0,"""Registry value set:
RuleName: -
EventType: SetValue
UtcTime: 2024-12-22 10:32:57.022
ProcessGuid: {15959494-e9e0-6767-0b00-000000001200}
ProcessId: 652
Image: C:\WINDOWS\system32\services.exe
TargetObject: HKLM\System\CurrentControlSet\Services\DevicesFlowUserSvc_17feb2\ImagePath
Details: C:\WINDOWS\system32\svchost.exe -k DevicesFlow
User: NT AUTHORITY\SYSTEM""",2,2024-12-22T10:32:57.0486644Z,229925,4988,DESKTOP-QGB4EQH,13,2868,INFORMATION,Microsoft-Windows-Sysmon,12,FALSE,3,Evidence of new service creation found in registry under HKLM\\System\\CurrentControlSet\\Services\\DevicesFlowUserSvc_17feb2\\ImagePath binary is: C:\\WINDOWS\\system32\\svchost.exe -k DevicesFlow,"[""sysmon"",""sysmon_eid13_detections"",""windows""]",92307,windows_eventchannel,log,"Dec 22, 2024 @ 10:33:01.778",EventChannel,1734863581,"Dec 22, 2024 @ 10:33:01.778", , , , , , , , , , , , , , ,652, , , , , , , , , , , , ,"[""Windows Service""]","[""T1543.003""]","[""Persistence"",""Privilege Escalation""]", ,C:\\WINDOWS\\system32\\services.exe,HKLM\\System\\CurrentControlSet\\Services\\DevicesFlowUserSvc_17feb2\\ImagePath,{15959494-e9e0-6767-0b00-000000001200},32:57.0,C:\\WINDOWS\\system32\\svchost.exe -k DevicesFlow,SetValue,NT AUTHORITY\\SYSTEM, , , , , , , , , , , , , , , , , , , , , , , , , , , , , , , , , , , , , , , , , , , , , , , , , , , , , , , , , , , , , , , , , , , , , , , , , , , , , , , , , , , , , , , , , , , , , , , , , , 
wazuh-alerts-4.x-2024.12.22,zUrt7ZMBNimV4ECvf4JO,1,1,192.168.117.139,window-agent3,3,Maryam, , ,13, ,0x8000000000000000,{5770385f-c22a-43e0-bf4c-06f5698ffbd9},4,Microsoft-Windows-Sysmon/Operational,0,"""Registry value set:
RuleName: -
EventType: SetValue
UtcTime: 2024-12-22 10:32:57.022
ProcessGuid: {15959494-e9e0-6767-0b00-000000001200}
ProcessId: 652
Image: C:\WINDOWS\system32\services.exe
TargetObject: HKLM\System\CurrentControlSet\Services\OneSyncSvc_17feb2\ImagePath
Details: C:\WINDOWS\system32\svchost.exe -k UnistackSvcGroup
User: NT AUTHORITY\SYSTEM""",2,2024-12-22T10:32:57.0516781Z,229946,4988,DESKTOP-QGB4EQH,13,2868,INFORMATION,Microsoft-Windows-Sysmon,14,FALSE,3,Evidence of new service creation found in registry under HKLM\\System\\CurrentControlSet\\Services\\OneSyncSvc_17feb2\\ImagePath binary is: C:\\WINDOWS\\system32\\svchost.exe -k UnistackSvcGroup,"[""sysmon"",""sysmon_eid13_detections"",""windows""]",92307,windows_eventchannel,log,"Dec 22, 2024 @ 10:33:02.793",EventChannel,1734863582,"Dec 22, 2024 @ 10:33:02.793", , , , , , , , , , , , , , ,652, , , , , , , , , , , , ,"[""Windows Service""]","[""T1543.003""]","[""Persistence"",""Privilege Escalation""]", ,C:\\WINDOWS\\system32\\services.exe,HKLM\\System\\CurrentControlSet\\Services\\OneSyncSvc_17feb2\\ImagePath,{15959494-e9e0-6767-0b00-000000001200},32:57.0,C:\\WINDOWS\\system32\\svchost.exe -k UnistackSvcGroup,SetValue,NT AUTHORITY\\SYSTEM, , , , , , , , , , , , , , , , , , , , , , , , , , , , , , , , , , , , , , , , , , , , , , , , , , , , , , , , , , , , , , , , , , , , , , , , , , , , , , , , , , , , , , , , , , , , , , , , , , 
wazuh-alerts-4.x-2024.12.22,1Urt7ZMBNimV4ECvgoII,1,1,192.168.117.139,window-agent3,3,Maryam, , ,7, ,0x8000000000000000,{5770385f-c22a-43e0-bf4c-06f5698ffbd9},4,Microsoft-Windows-Sysmon/Operational,0,"""Image loaded:
RuleName: technique_id=T1053,technique_name=Scheduled Task
UtcTime: 2024-12-22 10:33:00.428
ProcessGuid: {15959494-ead9-6767-ee00-000000001200}
ProcessId: 1196
Image: C:\Program Files (x86)\Microsoft\EdgeUpdate\MicrosoftEdgeUpdate.exe
ImageLoaded: C:\Windows\SysWOW64\taskschd.dll
FileVersion: 10.0.19041.3636 (WinBuild.160101.0800)
Description: Task Scheduler COM API
Product: Microsoft® Windows® Operating System
Company: Microsoft Corporation
OriginalFileName: taskschd.dll
Hashes: SHA1=C94CEC3A6F102EF38EB1D913D61A03B2100983FE,MD5=FF11E73B7D8A3A0822E95DD68DA10B13,SHA256=0F15534DC00A65E980CAA2E11F5D5251518D528F2F28165E9881B598BF64BDD1,IMPHASH=59BF7D0FAD0B5B7F706EA9250167BD5B
Signed: true
Signature: Microsoft Windows
SignatureStatus: Valid
User: NT AUTHORITY\SYSTEM""",3,2024-12-22T10:33:00.4553413Z,230012,4988,DESKTOP-QGB4EQH,7,2868,INFORMATION,Microsoft-Windows-Sysmon,6,FALSE,4,Process loaded taskschd.dll module. May be used to create delayed malware execution,"[""sysmon"",""sysmon_eid7_detections"",""windows""]",92154,windows_eventchannel,log,"Dec 22, 2024 @ 10:33:04.490",EventChannel,1734863584,"Dec 22, 2024 @ 10:33:04.490", , , , , , , , , , , , , , ,1196, , , , , , , , , , , , ,"[""Scheduled Task""]","[""T1053.005""]","[""Execution"",""Persistence"",""Privilege Escalation""]", ,C:\\Program Files (x86)\\Microsoft\\EdgeUpdate\\MicrosoftEdgeUpdate.exe, ,{15959494-ead9-6767-ee00-000000001200},33:00.4, , ,NT AUTHORITY\\SYSTEM,taskschd.dll,Microsoft® Windows® Operating System, ,Task Scheduler COM API, , , , ,"SHA1=C94CEC3A6F102EF38EB1D913D61A03B2100983FE,MD5=FF11E73B7D8A3A0822E95DD68DA10B13,SHA256=0F15534DC00A65E980CAA2E11F5D5251518D528F2F28165E9881B598BF64BDD1,IMPHASH=59BF7D0FAD0B5B7F706EA9250167BD5B", ,"technique_id=T1053,technique_name=Scheduled Task",Microsoft Corporation, , ,10.0.19041.3636 (WinBuild.160101.0800), , , ,Microsoft Windows,C:\\Windows\\SysWOW64\\taskschd.dll,TRUE,Valid, , , , , , , , , , , , , , , , , , , , , , , , , , , , , , , , , , , , , , , , , , , , , , , , , , , , , , , , , , , , , , , , , , , , , , , , , , , , 
