wazuh-alerts-4.x-2024.12.22,U0pv7pMBNimV4ECvbYX_,1,1,192.168.117.139,window-agent3,3,Maryam,"2024-12-23T12:53:55Z, RulesEngine", ,16384,Software Protection Platform Service,0x80000000000000,{E23B33B0-C8C9-472C-A5F9-F2BDFEA0F156},4,Application,0,"""Successfully scheduled Software Protection service for re-start at 2024-12-23T12:53:55Z. Reason: RulesEngine.""",0,2024-12-22T12:54:55.1551007Z,7270,0,DESKTOP-QGB4EQH,0,0,INFORMATION,Microsoft-Windows-Security-SPP,6,FALSE,3,Software protection service scheduled successfully.,"[""windows"",""windows_application""]",60642,windows_eventchannel,log,"Dec 22, 2024 @ 12:54:56.090",EventChannel,1734872096,"Dec 22, 2024 @ 12:54:56.090", , , , , , , , , , , , , , , , , , , , , , , , , , , , , , , , , , , , , , , , , , , , , , , , , , , , , , , , , , , , , , , , , , , , , , , , , , , , , , , , , , , , , , , , , , , , , , , , , , , , , , , , , , , , , , , , , , , , , , , , , , , , , , , , , , , , , , , , 
wazuh-alerts-4.x-2024.12.22,ZEp07pMBNimV4ECv7IVx,1,1,192.168.117.139,window-agent3,3,Maryam, , ,7, ,0x8000000000000000,{5770385f-c22a-43e0-bf4c-06f5698ffbd9},4,Microsoft-Windows-Sysmon/Operational,0,"""Image loaded:
RuleName: technique_id=T1053,technique_name=Scheduled Task
UtcTime: 2024-12-22 13:00:55.874
ProcessGuid: {15959494-0d87-6768-c501-000000001300}
ProcessId: 10912
Image: C:\Windows\System32\MoUsoCoreWorker.exe
ImageLoaded: C:\Windows\System32\taskschd.dll
FileVersion: 10.0.19041.3636 (WinBuild.160101.0800)
Description: Task Scheduler COM API
Product: Microsoft® Windows® Operating System
Company: Microsoft Corporation
OriginalFileName: taskschd.dll
Hashes: SHA1=633C92F5A5000CDE3235C7FDC306B2B04C501C48,MD5=84F942C1A4BD60C94EBEC6643E0216C9,SHA256=BBE733452E6CE871D5D2064948847AAB2A71F7FEDA2C962BA4002F64E2D198F2,IMPHASH=B7A4477FA36E2E5287EE76AC4AFCB05B
Signed: true
Signature: Microsoft Windows
SignatureStatus: Valid
User: NT AUTHORITY\SYSTEM""",3,2024-12-22T13:00:55.8950990Z,234086,4964,DESKTOP-QGB4EQH,7,2812,INFORMATION,Microsoft-Windows-Sysmon,30,FALSE,4,Process loaded taskschd.dll module. May be used to create delayed malware execution,"[""sysmon"",""sysmon_eid7_detections"",""windows""]",92154,windows_eventchannel,log,"Dec 22, 2024 @ 13:00:57.777",EventChannel,1734872457,"Dec 22, 2024 @ 13:00:57.777", , , , , , , , , , , , , , ,10912, , , , , , , , , , , , ,"[""Scheduled Task""]","[""T1053.005""]","[""Execution"",""Persistence"",""Privilege Escalation""]", ,C:\\Windows\\System32\\MoUsoCoreWorker.exe, ,{15959494-0d87-6768-c501-000000001300},00:55.9, , ,NT AUTHORITY\\SYSTEM,taskschd.dll,Microsoft® Windows® Operating System, ,Task Scheduler COM API, , , , ,"SHA1=633C92F5A5000CDE3235C7FDC306B2B04C501C48,MD5=84F942C1A4BD60C94EBEC6643E0216C9,SHA256=BBE733452E6CE871D5D2064948847AAB2A71F7FEDA2C962BA4002F64E2D198F2,IMPHASH=B7A4477FA36E2E5287EE76AC4AFCB05B", ,"technique_id=T1053,technique_name=Scheduled Task",Microsoft Corporation, , ,10.0.19041.3636 (WinBuild.160101.0800), , , ,Microsoft Windows,C:\\Windows\\System32\\taskschd.dll,TRUE,Valid, , , , , , , , , , , , , , , , , , , , , , , , , , , , , , , , , , , , , , , , , , , , , , , , , , , , , , , , , , , , , , , , , , , , , , , , , , , , 
wazuh-alerts-4.x-2024.12.22,dEp-7pMBNimV4ECvGIVQ,1,1,192.168.117.139,window-agent3,3,Maryam, , ,7, ,0x8000000000000000,{5770385f-c22a-43e0-bf4c-06f5698ffbd9},4,Microsoft-Windows-Sysmon/Operational,0,"""Image loaded:
RuleName: technique_id=T1053,technique_name=Scheduled Task
UtcTime: 2024-12-22 13:10:56.874
ProcessGuid: {15959494-07e6-6768-1300-000000001300}
ProcessId: 488
Image: C:\Windows\System32\svchost.exe
ImageLoaded: C:\Windows\System32\taskschd.dll
FileVersion: 10.0.19041.3636 (WinBuild.160101.0800)
Description: Task Scheduler COM API
Product: Microsoft® Windows® Operating System
Company: Microsoft Corporation
OriginalFileName: taskschd.dll
Hashes: SHA1=633C92F5A5000CDE3235C7FDC306B2B04C501C48,MD5=84F942C1A4BD60C94EBEC6643E0216C9,SHA256=BBE733452E6CE871D5D2064948847AAB2A71F7FEDA2C962BA4002F64E2D198F2,IMPHASH=B7A4477FA36E2E5287EE76AC4AFCB05B
Signed: true
Signature: Microsoft Windows
SignatureStatus: Valid
User: NT AUTHORITY\SYSTEM""",3,2024-12-22T13:10:56.8779756Z,234140,4960,DESKTOP-QGB4EQH,7,2812,INFORMATION,Microsoft-Windows-Sysmon,35,FALSE,4,Process loaded taskschd.dll module. May be used to create delayed malware execution,"[""sysmon"",""sysmon_eid7_detections"",""windows""]",92154,windows_eventchannel,log,"Dec 22, 2024 @ 13:10:58.756",EventChannel,1734873058,"Dec 22, 2024 @ 13:10:58.756", , , , , , , , , , , , , , ,488, , , , , , , , , , , , ,"[""Scheduled Task""]","[""T1053.005""]","[""Execution"",""Persistence"",""Privilege Escalation""]", ,C:\\Windows\\System32\\svchost.exe, ,{15959494-07e6-6768-1300-000000001300},10:56.9, , ,NT AUTHORITY\\SYSTEM,taskschd.dll,Microsoft® Windows® Operating System, ,Task Scheduler COM API, , , , ,"SHA1=633C92F5A5000CDE3235C7FDC306B2B04C501C48,MD5=84F942C1A4BD60C94EBEC6643E0216C9,SHA256=BBE733452E6CE871D5D2064948847AAB2A71F7FEDA2C962BA4002F64E2D198F2,IMPHASH=B7A4477FA36E2E5287EE76AC4AFCB05B", ,"technique_id=T1053,technique_name=Scheduled Task",Microsoft Corporation, , ,10.0.19041.3636 (WinBuild.160101.0800), , , ,Microsoft Windows,C:\\Windows\\System32\\taskschd.dll,TRUE,Valid, , , , , , , , , , , , , , , , , , , , , , , , , , , , , , , , , , , , , , , , , , , , , , , , , , , , , , , , , , , , , , , , , , , , , , , , , , , , 
wazuh-alerts-4.x-2024.12.22,WEpw7pMBNimV4ECvMYVS,1,1,192.168.117.139,window-agent3,3,Maryam, , ,11, ,0x8000000000000000,{5770385f-c22a-43e0-bf4c-06f5698ffbd9},4,Microsoft-Windows-Sysmon/Operational,0,"""File created:
RuleName: -
UtcTime: 2024-12-22 12:55:43.012
ProcessGuid: {15959494-0c27-6768-5e01-000000001300}
ProcessId: 7704
Image: C:\Windows\System32\WindowsPowerShell\v1.0\powershell.exe
TargetFilename: C:\Users\Public\splunkd.exe
CreationUtcTime: 2024-12-22 12:55:43.012
User: DESKTOP-QGB4EQH\mari""",2,2024-12-22T12:55:43.0248189Z,233981,4960,DESKTOP-QGB4EQH,11,2812,INFORMATION,Microsoft-Windows-Sysmon,1,TRUE,12,Executable file dropped in Users\Public folder,"[""sysmon"",""sysmon_eid11_detections"",""windows""]",92207,windows_eventchannel,log,"Dec 22, 2024 @ 12:55:44.181",EventChannel,1734872144,"Dec 22, 2024 @ 12:55:44.181", , , , , , , , , , , , , , ,7704, , , , , , , , , , , , ,"[""Ingress Tool Transfer""]","[""T1105""]","[""Command and Control""]", ,C:\\Windows\\System32\\WindowsPowerShell\\v1.0\\powershell.exe, ,{15959494-0c27-6768-5e01-000000001300},55:43.0, , ,DESKTOP-QGB4EQH\\mari, , , , , , , , , , , , , , , , , , , , , , , , , , , , , , , , , , , , , , , , ,C:\\Users\\Public\\splunkd.exe,55:43.0, , , , , , , , , , , , , , , , , , , , , , , , , , , , , , , , , , , , , , , , , , , , , , , , , , , , , , , , 
wazuh-alerts-4.x-2024.12.22,r0qp7pMBNimV4ECvxYWT,1,1,192.168.117.129,agent1,4,Maryam, , ,4624, ,0x8020000000000000,{54849625-5478-4994-a5ba-3e3b0328c30d},0,Security,0,"""An account was successfully logged on.

Subject:
	Security ID:		S-1-5-18
	Account Name:		DESKTOP-B37GATP$
	Account Domain:		WORKGROUP
	Logon ID:		0x3E7

Logon Information:
	Logon Type:		5
	Restricted Admin Mode:	-
	Virtual Account:		No
	Elevated Token:		Yes

Impersonation Level:		Impersonation

New Logon:
	Security ID:		S-1-5-18
	Account Name:		SYSTEM
	Account Domain:		NT AUTHORITY
	Logon ID:		0x3E7
	Linked Logon ID:		0x0
	Network Account Name:	-
	Network Account Domain:	-
	Logon GUID:		{00000000-0000-0000-0000-000000000000}

Process Information:
	Process ID:		0x2ac
	Process Name:		C:\Windows\System32\services.exe

Network Information:
	Workstation Name:	-
	Source Network Address:	-
	Source Port:		-

Detailed Authentication Information:
	Logon Process:		Advapi  
	Authentication Package:	Negotiate
	Transited Services:	-
	Package Name (NTLM only):	-
	Key Length:		0

This event is generated when a logon session is created. It is generated on the computer that was accessed.

The subject fields indicate the account on the local system which requested the logon. This is most commonly a service such as the Server service, or a local process such as Winlogon.exe or Services.exe.

The logon type field indicates the kind of logon that occurred. The most common types are 2 (interactive) and 3 (network).

The New Logon fields indicate the account for whom the new logon was created, i.e. the account that was logged on.

The network fields indicate where a remote logon request originated. Workstation name is not always available and may be left blank in some cases.

The impersonation level field indicates the extent to which a process in the logon session can impersonate.

The authentication information fields provide detailed information about this specific logon request.
	- Logon GUID is a unique identifier that can be used to correlate this event with a KDC event.
	- Transited services indicate which intermediate services have participated in this logon request.
	- Package name indicates which sub-protocol was used among the NTLM protocols.
	- Key length indicates the length of the generated session key. This will be 0 if no session key was requested.""",2,2024-12-22T13:58:33.7495524Z,11302,5940,DESKTOP-B37GATP,12544,724,AUDIT_SUCCESS,Microsoft-Windows-Security-Auditing,5,FALSE,3,Windows logon success.,"[""windows"",""windows_security"",""authentication_success""]",60106,windows_eventchannel,log,"Dec 22, 2024 @ 13:58:35.258",EventChannel,1734875915,"Dec 22, 2024 @ 13:58:35.258",0x3e7,WORKGROUP,0x0,%%1833, ,Negotiate, ,0x3e7,Advapi,{00000000-0000-0000-0000-000000000000},SYSTEM,0,%%1842,S-1-5-18,0x2ac,C:\\Windows\\System32\\services.exe, ,NT AUTHORITY,S-1-5-18,%%1843,5,DESKTOP-B37GATP$,"[""164.312.b""]","[""10.2.5""]","[""CC6.8"",""CC7.2"",""CC7.3""]","[""AC.7"",""AU.14""]","[""IV_32.2""]","[""Valid Accounts""]","[""T1078""]","[""Defense Evasion"",""Persistence"",""Privilege Escalation"",""Initial Access""]","[""7.1"",""7.2""]", , , , , , , , , , , , , , , , , , , , , , , , , , , , , , , , , , , , , , , , , , , , , , , , , , , , , , , , , , , , , , , , , , , , , , , , , , , , , , , , , , , , , , , , , , , , , , , , , , , , , , , , , 
wazuh-alerts-4.x-2024.12.22,sEqp7pMBNimV4ECvxYWT,1,1,192.168.117.129,agent1,4,Maryam, , ,4624, ,0x8020000000000000,{54849625-5478-4994-a5ba-3e3b0328c30d},0,Security,0,"""An account was successfully logged on.

Subject:
	Security ID:		S-1-5-18
	Account Name:		DESKTOP-B37GATP$
	Account Domain:		WORKGROUP
	Logon ID:		0x3E7

Logon Information:
	Logon Type:		5
	Restricted Admin Mode:	-
	Virtual Account:		No
	Elevated Token:		Yes

Impersonation Level:		Impersonation

New Logon:
	Security ID:		S-1-5-18
	Account Name:		SYSTEM
	Account Domain:		NT AUTHORITY
	Logon ID:		0x3E7
	Linked Logon ID:		0x0
	Network Account Name:	-
	Network Account Domain:	-
	Logon GUID:		{00000000-0000-0000-0000-000000000000}

Process Information:
	Process ID:		0x2ac
	Process Name:		C:\Windows\System32\services.exe

Network Information:
	Workstation Name:	-
	Source Network Address:	-
	Source Port:		-

Detailed Authentication Information:
	Logon Process:		Advapi  
	Authentication Package:	Negotiate
	Transited Services:	-
	Package Name (NTLM only):	-
	Key Length:		0

This event is generated when a logon session is created. It is generated on the computer that was accessed.

The subject fields indicate the account on the local system which requested the logon. This is most commonly a service such as the Server service, or a local process such as Winlogon.exe or Services.exe.

The logon type field indicates the kind of logon that occurred. The most common types are 2 (interactive) and 3 (network).

The New Logon fields indicate the account for whom the new logon was created, i.e. the account that was logged on.

The network fields indicate where a remote logon request originated. Workstation name is not always available and may be left blank in some cases.

The impersonation level field indicates the extent to which a process in the logon session can impersonate.

The authentication information fields provide detailed information about this specific logon request.
	- Logon GUID is a unique identifier that can be used to correlate this event with a KDC event.
	- Transited services indicate which intermediate services have participated in this logon request.
	- Package name indicates which sub-protocol was used among the NTLM protocols.
	- Key length indicates the length of the generated session key. This will be 0 if no session key was requested.""",2,2024-12-22T13:58:33.8977238Z,11304,5940,DESKTOP-B37GATP,12544,724,AUDIT_SUCCESS,Microsoft-Windows-Security-Auditing,6,FALSE,3,Windows logon success.,"[""windows"",""windows_security"",""authentication_success""]",60106,windows_eventchannel,log,"Dec 22, 2024 @ 13:58:35.259",EventChannel,1734875915,"Dec 22, 2024 @ 13:58:35.259",0x3e7,WORKGROUP,0x0,%%1833, ,Negotiate, ,0x3e7,Advapi,{00000000-0000-0000-0000-000000000000},SYSTEM,0,%%1842,S-1-5-18,0x2ac,C:\\Windows\\System32\\services.exe, ,NT AUTHORITY,S-1-5-18,%%1843,5,DESKTOP-B37GATP$,"[""164.312.b""]","[""10.2.5""]","[""CC6.8"",""CC7.2"",""CC7.3""]","[""AC.7"",""AU.14""]","[""IV_32.2""]","[""Valid Accounts""]","[""T1078""]","[""Defense Evasion"",""Persistence"",""Privilege Escalation"",""Initial Access""]","[""7.1"",""7.2""]", , , , , , , , , , , , , , , , , , , , , , , , , , , , , , , , , , , , , , , , , , , , , , , , , , , , , , , , , , , , , , , , , , , , , , , , , , , , , , , , , , , , , , , , , , , , , , , , , , , , , , , , , 
wazuh-alerts-4.x-2024.12.22,k0qS7pMBNimV4ECvQYWE,1,1,192.168.117.129,agent1,4,Maryam, , ,1014, ,0x4000000010000000,{1c95126e-7eea-49a9-a3fe-a378b03ddb4d},3,System,0,"""Name resolution for the name wpad timed out after none of the configured DNS servers responded.""",0,2024-12-22T13:32:51.6764501Z,2351,12844,DESKTOP-B37GATP,1014,1792,WARNING,Microsoft-Windows-DNS-Client,1,FALSE,5,Name resolution for the name wpad timed out,"[""windows"",""windows_system""]",61109,windows_eventchannel,log,"Dec 22, 2024 @ 13:32:53.191",EventChannel,1734874373,"Dec 22, 2024 @ 13:32:53.191", , , , , , , , , , , , , , , , , , , , , , , , , , , , , , , , , , , , , , , , , , , , , , , , , , , , , , , , , , , , , , , , , , , , , , , , , , , , , , , , , , , , , , , , , , , , , , , , , , , , , , , , ,128,02000000C0A87502000000000000000000000000000000000000000000000000000000000000000000000000000000000000000000000000000000000000000000000000000000000000000000000000000000000000000000000000000000000000000000000000000000000000000000000000000000000000000000000000,wpad, , , , , , , , , , , , , , , , , , , , , , , , , , , , , 
wazuh-alerts-4.x-2024.12.22,lUqS7pMBNimV4ECvTYUm,1,1,192.168.117.129,agent1,4,Maryam, , ,4624, ,0x8020000000000000,{54849625-5478-4994-a5ba-3e3b0328c30d},0,Security,0,"""An account was successfully logged on.

Subject:
	Security ID:		S-1-5-18
	Account Name:		DESKTOP-B37GATP$
	Account Domain:		WORKGROUP
	Logon ID:		0x3E7

Logon Information:
	Logon Type:		5
	Restricted Admin Mode:	-
	Virtual Account:		No
	Elevated Token:		Yes

Impersonation Level:		Impersonation

New Logon:
	Security ID:		S-1-5-18
	Account Name:		SYSTEM
	Account Domain:		NT AUTHORITY
	Logon ID:		0x3E7
	Linked Logon ID:		0x0
	Network Account Name:	-
	Network Account Domain:	-
	Logon GUID:		{00000000-0000-0000-0000-000000000000}

Process Information:
	Process ID:		0x2ac
	Process Name:		C:\Windows\System32\services.exe

Network Information:
	Workstation Name:	-
	Source Network Address:	-
	Source Port:		-

Detailed Authentication Information:
	Logon Process:		Advapi  
	Authentication Package:	Negotiate
	Transited Services:	-
	Package Name (NTLM only):	-
	Key Length:		0

This event is generated when a logon session is created. It is generated on the computer that was accessed.

The subject fields indicate the account on the local system which requested the logon. This is most commonly a service such as the Server service, or a local process such as Winlogon.exe or Services.exe.

The logon type field indicates the kind of logon that occurred. The most common types are 2 (interactive) and 3 (network).

The New Logon fields indicate the account for whom the new logon was created, i.e. the account that was logged on.

The network fields indicate where a remote logon request originated. Workstation name is not always available and may be left blank in some cases.

The impersonation level field indicates the extent to which a process in the logon session can impersonate.

The authentication information fields provide detailed information about this specific logon request.
	- Logon GUID is a unique identifier that can be used to correlate this event with a KDC event.
	- Transited services indicate which intermediate services have participated in this logon request.
	- Package name indicates which sub-protocol was used among the NTLM protocols.
	- Key length indicates the length of the generated session key. This will be 0 if no session key was requested.""",2,2024-12-22T13:33:01.7167405Z,11298,844,DESKTOP-B37GATP,12544,724,AUDIT_SUCCESS,Microsoft-Windows-Security-Auditing,2,FALSE,3,Windows logon success.,"[""windows"",""windows_security"",""authentication_success""]",60106,windows_eventchannel,log,"Dec 22, 2024 @ 13:33:03.214",EventChannel,1734874383,"Dec 22, 2024 @ 13:33:03.214",0x3e7,WORKGROUP,0x0,%%1833, ,Negotiate, ,0x3e7,Advapi,{00000000-0000-0000-0000-000000000000},SYSTEM,0,%%1842,S-1-5-18,0x2ac,C:\\Windows\\System32\\services.exe, ,NT AUTHORITY,S-1-5-18,%%1843,5,DESKTOP-B37GATP$,"[""164.312.b""]","[""10.2.5""]","[""CC6.8"",""CC7.2"",""CC7.3""]","[""AC.7"",""AU.14""]","[""IV_32.2""]","[""Valid Accounts""]","[""T1078""]","[""Defense Evasion"",""Persistence"",""Privilege Escalation"",""Initial Access""]","[""7.1"",""7.2""]", , , , , , , , , , , , , , , , , , , , , , , , , , , , , , , , , , , , , , , , , , , , , , , , , , , , , , , , , , , , , , , , , , , , , , , , , , , , , , , , , , , , , , , , , , , , , , , , , , , , , , , , , 
wazuh-alerts-4.x-2024.12.22,hkqK7pMBNimV4ECvr4XA,1,1,192.168.117.139,window-agent3,3,Maryam, , ,10, ,0x8000000000000000,{5770385f-c22a-43e0-bf4c-06f5698ffbd9},4,Microsoft-Windows-Sysmon/Operational,0,"""Process accessed:
RuleName: technique_id=T1036,technique_name=Masquerading
UtcTime: 2024-12-22 13:24:38.345
SourceProcessGUID: {15959494-0c03-6768-4001-000000001300}
SourceProcessId: 6472
SourceThreadId: 8036
SourceImage: C:\Users\mari\AppData\Local\Microsoft\OneDrive\OneDrive.exe
TargetProcessGUID: {15959494-0be0-6768-1901-000000001300}
TargetProcessId: 4612
TargetImage: C:\WINDOWS\Explorer.EXE
GrantedAccess: 0x101411
CallTrace: C:\WINDOWS\SYSTEM32\ntdll.dll+9d9b4|C:\WINDOWS\System32\KERNELBASE.dll+338ae|C:\Users\mari\AppData\Local\Microsoft\OneDrive\24.226.1110.0004\FileSyncClient.dll+5f08c1|C:\Users\mari\AppData\Local\Microsoft\OneDrive\24.226.1110.0004\FileSyncClient.dll+8a6c6|C:\Users\mari\AppData\Local\Microsoft\OneDrive\24.226.1110.0004\FileSyncClient.dll+8a437|C:\Users\mari\AppData\Local\Microsoft\OneDrive\24.226.1110.0004\FileSyncClient.dll+8a326|C:\Users\mari\AppData\Local\Microsoft\OneDrive\24.226.1110.0004\FileSyncEvents.dll+edb1|C:\Users\mari\AppData\Local\Microsoft\OneDrive\24.226.1110.0004\FileSyncHost.DLL+d635|C:\Users\mari\AppData\Local\Microsoft\OneDrive\24.226.1110.0004\FileSyncHost.DLL+fe05|C:\WINDOWS\System32\ucrtbase.dll+21bb2|C:\WINDOWS\System32\KERNEL32.DLL+17374|C:\WINDOWS\SYSTEM32\ntdll.dll+4cc91
SourceUser: DESKTOP-QGB4EQH\mari
TargetUser: DESKTOP-QGB4EQH\mari""",3,2024-12-22T13:24:38.3602821Z,234169,4960,DESKTOP-QGB4EQH,10,2812,INFORMATION,Microsoft-Windows-Sysmon,2,TRUE,12,"Explorer process was accessed by C:\\Users\\mari\\AppData\\Local\\Microsoft\\OneDrive\\OneDrive.exe, possible process injection","[""sysmon"",""sysmon_eid10_detections"",""windows""]",92910,windows_eventchannel,log,"Dec 22, 2024 @ 13:24:39.263",EventChannel,1734873879,"Dec 22, 2024 @ 13:24:39.263", , , , , , , , , , , , , , , , , , , , , , , , , , , ,"[""Process Injection""]","[""T1055""]","[""Defense Evasion"",""Privilege Escalation""]", , , , ,24:38.3, , , , , , , , , , , , , ,"technique_id=T1036,technique_name=Masquerading", , , , , , , , , , , , , , , , , , , , , , , , , , , , , , , , , , , , , , , , , , , , ,0x101411,4612,DESKTOP-QGB4EQH\\mari,C:\\WINDOWS\\Explorer.EXE,{15959494-0c03-6768-4001-000000001300},C:\\WINDOWS\\SYSTEM32\\ntdll.dll+9d9b4|C:\\WINDOWS\\System32\\KERNELBASE.dll+338ae|C:\\Users\\mari\\AppData\\Local\\Microsoft\\OneDrive\\24.226.1110.0004\\FileSyncClient.dll+5f08c1|C:\\Users\\mari\\AppData\\Local\\Microsoft\\OneDrive\\24.226.1110.0004\\FileSyncClient.dll+8a6c6|C:\\Users\\mari\\AppData\\Local\\Microsoft\\OneDrive\\24.226.1110.0004\\FileSyncClient.dll+8a437|C:\\Users\\mari\\AppData\\Local\\Microsoft\\OneDrive\\24.226.1110.0004\\FileSyncClient.dll+8a326|C:\\Users\\mari\\AppData\\Local\\Microsoft\\OneDrive\\24.226.1110.0004\\FileSyncEvents.dll+edb1|C:\\Users\\mari\\AppData\\Local\\Microsoft\\OneDrive\\24.226.1110.0004\\FileSyncHost.DLL+d635|C:\\Users\\mari\\AppData\\Local\\Microsoft\\OneDrive\\24.226.1110.0004\\FileSyncHost.DLL+fe05|C:\\WINDOWS\\System32\\ucrtbase.dll+21bb2|C:\\WINDOWS\\System32\\KERNEL32.DLL+17374|C:\\WINDOWS\\SYSTEM32\\ntdll.dll+4cc91,8036,{15959494-0be0-6768-1901-000000001300},6472,C:\\Users\\mari\\AppData\\Local\\Microsoft\\OneDrive\\OneDrive.exe,DESKTOP-QGB4EQH\\mari, , , , , , , , , , , , , , , , , , , , , , , , , , , , , , , , 
wazuh-alerts-4.x-2024.12.22,q0qm7pMBNimV4ECvMYUZ,1,1,192.168.117.139,window-agent3,3,Maryam, , ,10, ,0x8000000000000000,{5770385f-c22a-43e0-bf4c-06f5698ffbd9},4,Microsoft-Windows-Sysmon/Operational,0,"""Process accessed:
RuleName: technique_id=T1036,technique_name=Masquerading
UtcTime: 2024-12-22 13:54:38.364
SourceProcessGUID: {15959494-0c03-6768-4001-000000001300}
SourceProcessId: 6472
SourceThreadId: 10196
SourceImage: C:\Users\mari\AppData\Local\Microsoft\OneDrive\OneDrive.exe
TargetProcessGUID: {15959494-0be0-6768-1901-000000001300}
TargetProcessId: 4612
TargetImage: C:\WINDOWS\Explorer.EXE
GrantedAccess: 0x101411
CallTrace: C:\WINDOWS\SYSTEM32\ntdll.dll+9d9b4|C:\WINDOWS\System32\KERNELBASE.dll+338ae|C:\Users\mari\AppData\Local\Microsoft\OneDrive\24.226.1110.0004\FileSyncClient.dll+5f08c1|C:\Users\mari\AppData\Local\Microsoft\OneDrive\24.226.1110.0004\FileSyncClient.dll+8a6c6|C:\Users\mari\AppData\Local\Microsoft\OneDrive\24.226.1110.0004\FileSyncClient.dll+8a437|C:\Users\mari\AppData\Local\Microsoft\OneDrive\24.226.1110.0004\FileSyncClient.dll+8a326|C:\Users\mari\AppData\Local\Microsoft\OneDrive\24.226.1110.0004\FileSyncEvents.dll+edb1|C:\Users\mari\AppData\Local\Microsoft\OneDrive\24.226.1110.0004\FileSyncHost.DLL+d635|C:\Users\mari\AppData\Local\Microsoft\OneDrive\24.226.1110.0004\FileSyncHost.DLL+fe05|C:\WINDOWS\System32\ucrtbase.dll+21bb2|C:\WINDOWS\System32\KERNEL32.DLL+17374|C:\WINDOWS\SYSTEM32\ntdll.dll+4cc91
SourceUser: DESKTOP-QGB4EQH\mari
TargetUser: DESKTOP-QGB4EQH\mari""",3,2024-12-22T13:54:38.3806266Z,234444,4960,DESKTOP-QGB4EQH,10,2812,INFORMATION,Microsoft-Windows-Sysmon,1,TRUE,12,"Explorer process was accessed by C:\\Users\\mari\\AppData\\Local\\Microsoft\\OneDrive\\OneDrive.exe, possible process injection","[""sysmon"",""sysmon_eid10_detections"",""windows""]",92910,windows_eventchannel,log,"Dec 22, 2024 @ 13:54:39.282",EventChannel,1734875679,"Dec 22, 2024 @ 13:54:39.282", , , , , , , , , , , , , , , , , , , , , , , , , , , ,"[""Process Injection""]","[""T1055""]","[""Defense Evasion"",""Privilege Escalation""]", , , , ,54:38.4, , , , , , , , , , , , , ,"technique_id=T1036,technique_name=Masquerading", , , , , , , , , , , , , , , , , , , , , , , , , , , , , , , , , , , , , , , , , , , , ,0x101411,4612,DESKTOP-QGB4EQH\\mari,C:\\WINDOWS\\Explorer.EXE,{15959494-0c03-6768-4001-000000001300},C:\\WINDOWS\\SYSTEM32\\ntdll.dll+9d9b4|C:\\WINDOWS\\System32\\KERNELBASE.dll+338ae|C:\\Users\\mari\\AppData\\Local\\Microsoft\\OneDrive\\24.226.1110.0004\\FileSyncClient.dll+5f08c1|C:\\Users\\mari\\AppData\\Local\\Microsoft\\OneDrive\\24.226.1110.0004\\FileSyncClient.dll+8a6c6|C:\\Users\\mari\\AppData\\Local\\Microsoft\\OneDrive\\24.226.1110.0004\\FileSyncClient.dll+8a437|C:\\Users\\mari\\AppData\\Local\\Microsoft\\OneDrive\\24.226.1110.0004\\FileSyncClient.dll+8a326|C:\\Users\\mari\\AppData\\Local\\Microsoft\\OneDrive\\24.226.1110.0004\\FileSyncEvents.dll+edb1|C:\\Users\\mari\\AppData\\Local\\Microsoft\\OneDrive\\24.226.1110.0004\\FileSyncHost.DLL+d635|C:\\Users\\mari\\AppData\\Local\\Microsoft\\OneDrive\\24.226.1110.0004\\FileSyncHost.DLL+fe05|C:\\WINDOWS\\System32\\ucrtbase.dll+21bb2|C:\\WINDOWS\\System32\\KERNEL32.DLL+17374|C:\\WINDOWS\\SYSTEM32\\ntdll.dll+4cc91,10196,{15959494-0be0-6768-1901-000000001300},6472,C:\\Users\\mari\\AppData\\Local\\Microsoft\\OneDrive\\OneDrive.exe,DESKTOP-QGB4EQH\\mari, , , , , , , , , , , , , , , , , , , , , , , , , , , , , , , , 
wazuh-alerts-4.x-2024.12.22,qUqj7pMBNimV4ECvNYWg,1,1,192.168.117.139,window-agent3,3,Maryam,"2024-12-23T12:53:20Z, RulesEngine", ,16384,Software Protection Platform Service,0x80000000000000,{E23B33B0-C8C9-472C-A5F9-F2BDFEA0F156},4,Application,0,"""Successfully scheduled Software Protection service for re-start at 2024-12-23T12:53:20Z. Reason: RulesEngine.""",0,2024-12-22T13:51:21.0461464Z,7279,0,DESKTOP-QGB4EQH,0,0,INFORMATION,Microsoft-Windows-Security-SPP,2,FALSE,3,Software protection service scheduled successfully.,"[""windows"",""windows_application""]",60642,windows_eventchannel,log,"Dec 22, 2024 @ 13:51:21.915",EventChannel,1734875481,"Dec 22, 2024 @ 13:51:21.915", , , , , , , , , , , , , , , , , , , , , , , , , , , , , , , , , , , , , , , , , , , , , , , , , , , , , , , , , , , , , , , , , , , , , , , , , , , , , , , , , , , , , , , , , , , , , , , , , , , , , , , , , , , , , , , , , , , , , , , , , , , , , , , , , , , , , , , , 
wazuh-alerts-4.x-2024.12.22,qkqj7pMBNimV4ECvNYWg,1,1,192.168.117.139,window-agent3,3,Maryam, , ,7, ,0x8000000000000000,{5770385f-c22a-43e0-bf4c-06f5698ffbd9},4,Microsoft-Windows-Sysmon/Operational,0,"""Image loaded:
RuleName: technique_id=T1053,technique_name=Scheduled Task
UtcTime: 2024-12-22 13:51:20.998
ProcessGuid: {15959494-1935-6768-0702-000000001300}
ProcessId: 10636
Image: C:\Windows\System32\sppsvc.exe
ImageLoaded: C:\Windows\System32\taskschd.dll
FileVersion: 10.0.19041.3636 (WinBuild.160101.0800)
Description: Task Scheduler COM API
Product: Microsoft® Windows® Operating System
Company: Microsoft Corporation
OriginalFileName: taskschd.dll
Hashes: SHA1=633C92F5A5000CDE3235C7FDC306B2B04C501C48,MD5=84F942C1A4BD60C94EBEC6643E0216C9,SHA256=BBE733452E6CE871D5D2064948847AAB2A71F7FEDA2C962BA4002F64E2D198F2,IMPHASH=B7A4477FA36E2E5287EE76AC4AFCB05B
Signed: true
Signature: Microsoft Windows
SignatureStatus: Valid
User: NT AUTHORITY\NETWORK SERVICE""",3,2024-12-22T13:51:21.0047968Z,234431,4960,DESKTOP-QGB4EQH,7,2812,INFORMATION,Microsoft-Windows-Sysmon,4,FALSE,4,Process loaded taskschd.dll module. May be used to create delayed malware execution,"[""sysmon"",""sysmon_eid7_detections"",""windows""]",92154,windows_eventchannel,log,"Dec 22, 2024 @ 13:51:22.862",EventChannel,1734875482,"Dec 22, 2024 @ 13:51:22.862", , , , , , , , , , , , , , ,10636, , , , , , , , , , , , ,"[""Scheduled Task""]","[""T1053.005""]","[""Execution"",""Persistence"",""Privilege Escalation""]", ,C:\\Windows\\System32\\sppsvc.exe, ,{15959494-1935-6768-0702-000000001300},51:21.0, , ,NT AUTHORITY\\NETWORK SERVICE,taskschd.dll,Microsoft® Windows® Operating System, ,Task Scheduler COM API, , , , ,"SHA1=633C92F5A5000CDE3235C7FDC306B2B04C501C48,MD5=84F942C1A4BD60C94EBEC6643E0216C9,SHA256=BBE733452E6CE871D5D2064948847AAB2A71F7FEDA2C962BA4002F64E2D198F2,IMPHASH=B7A4477FA36E2E5287EE76AC4AFCB05B", ,"technique_id=T1053,technique_name=Scheduled Task",Microsoft Corporation, , ,10.0.19041.3636 (WinBuild.160101.0800), , , ,Microsoft Windows,C:\\Windows\\System32\\taskschd.dll,TRUE,Valid, , , , , , , , , , , , , , , , , , , , , , , , , , , , , , , , , , , , , , , , , , , , , , , , , , , , , , , , , , , , , , , , , , , , , , , , , , , , 
wazuh-alerts-4.x-2024.12.22,fUqC7pMBNimV4ECvI4Wi,1,1,192.168.117.139,window-agent3,3,Maryam, , ,7, ,0x8000000000000000,{5770385f-c22a-43e0-bf4c-06f5698ffbd9},4,Microsoft-Windows-Sysmon/Operational,0,"""Image loaded:
RuleName: technique_id=T1053,technique_name=Scheduled Task
UtcTime: 2024-12-22 13:15:19.905
ProcessGuid: {15959494-10da-6768-db01-000000001300}
ProcessId: 6256
Image: C:\Windows\System32\taskhostw.exe
ImageLoaded: C:\Windows\System32\taskschd.dll
FileVersion: 10.0.19041.3636 (WinBuild.160101.0800)
Description: Task Scheduler COM API
Product: Microsoft® Windows® Operating System
Company: Microsoft Corporation
OriginalFileName: taskschd.dll
Hashes: SHA1=633C92F5A5000CDE3235C7FDC306B2B04C501C48,MD5=84F942C1A4BD60C94EBEC6643E0216C9,SHA256=BBE733452E6CE871D5D2064948847AAB2A71F7FEDA2C962BA4002F64E2D198F2,IMPHASH=B7A4477FA36E2E5287EE76AC4AFCB05B
Signed: true
Signature: Microsoft Windows
SignatureStatus: Valid
User: NT AUTHORITY\SYSTEM""",3,2024-12-22T13:15:19.9208306Z,234147,4960,DESKTOP-QGB4EQH,7,2812,INFORMATION,Microsoft-Windows-Sysmon,36,FALSE,4,Process loaded taskschd.dll module. May be used to create delayed malware execution,"[""sysmon"",""sysmon_eid7_detections"",""windows""]",92154,windows_eventchannel,log,"Dec 22, 2024 @ 13:15:21.782",EventChannel,1734873321,"Dec 22, 2024 @ 13:15:21.782", , , , , , , , , , , , , , ,6256, , , , , , , , , , , , ,"[""Scheduled Task""]","[""T1053.005""]","[""Execution"",""Persistence"",""Privilege Escalation""]", ,C:\\Windows\\System32\\taskhostw.exe, ,{15959494-10da-6768-db01-000000001300},15:19.9, , ,NT AUTHORITY\\SYSTEM,taskschd.dll,Microsoft® Windows® Operating System, ,Task Scheduler COM API, , , , ,"SHA1=633C92F5A5000CDE3235C7FDC306B2B04C501C48,MD5=84F942C1A4BD60C94EBEC6643E0216C9,SHA256=BBE733452E6CE871D5D2064948847AAB2A71F7FEDA2C962BA4002F64E2D198F2,IMPHASH=B7A4477FA36E2E5287EE76AC4AFCB05B", ,"technique_id=T1053,technique_name=Scheduled Task",Microsoft Corporation, , ,10.0.19041.3636 (WinBuild.160101.0800), , , ,Microsoft Windows,C:\\Windows\\System32\\taskschd.dll,TRUE,Valid, , , , , , , , , , , , , , , , , , , , , , , , , , , , , , , , , , , , , , , , , , , , , , , , , , , , , , , , , , , , , , , , , , , , , , , , , , , , 
wazuh-alerts-4.x-2024.12.22,qEqi7pMBNimV4ECvrIXk,1,1,192.168.117.139,window-agent3,3,Maryam, , ,7, ,0x8000000000000000,{5770385f-c22a-43e0-bf4c-06f5698ffbd9},4,Microsoft-Windows-Sysmon/Operational,0,"""Image loaded:
RuleName: technique_id=T1053,technique_name=Scheduled Task
UtcTime: 2024-12-22 13:50:51.186
ProcessGuid: {15959494-192f-6768-0302-000000001300}
ProcessId: 6260
Image: C:\Windows\System32\taskhostw.exe
ImageLoaded: C:\Windows\System32\taskschd.dll
FileVersion: 10.0.19041.3636 (WinBuild.160101.0800)
Description: Task Scheduler COM API
Product: Microsoft® Windows® Operating System
Company: Microsoft Corporation
OriginalFileName: taskschd.dll
Hashes: SHA1=633C92F5A5000CDE3235C7FDC306B2B04C501C48,MD5=84F942C1A4BD60C94EBEC6643E0216C9,SHA256=BBE733452E6CE871D5D2064948847AAB2A71F7FEDA2C962BA4002F64E2D198F2,IMPHASH=B7A4477FA36E2E5287EE76AC4AFCB05B
Signed: true
Signature: Microsoft Windows
SignatureStatus: Valid
User: NT AUTHORITY\SYSTEM""",3,2024-12-22T13:50:51.2586136Z,234430,4964,DESKTOP-QGB4EQH,7,2812,INFORMATION,Microsoft-Windows-Sysmon,3,FALSE,4,Process loaded taskschd.dll module. May be used to create delayed malware execution,"[""sysmon"",""sysmon_eid7_detections"",""windows""]",92154,windows_eventchannel,log,"Dec 22, 2024 @ 13:50:53.083",EventChannel,1734875453,"Dec 22, 2024 @ 13:50:53.083", , , , , , , , , , , , , , ,6260, , , , , , , , , , , , ,"[""Scheduled Task""]","[""T1053.005""]","[""Execution"",""Persistence"",""Privilege Escalation""]", ,C:\\Windows\\System32\\taskhostw.exe, ,{15959494-192f-6768-0302-000000001300},50:51.2, , ,NT AUTHORITY\\SYSTEM,taskschd.dll,Microsoft® Windows® Operating System, ,Task Scheduler COM API, , , , ,"SHA1=633C92F5A5000CDE3235C7FDC306B2B04C501C48,MD5=84F942C1A4BD60C94EBEC6643E0216C9,SHA256=BBE733452E6CE871D5D2064948847AAB2A71F7FEDA2C962BA4002F64E2D198F2,IMPHASH=B7A4477FA36E2E5287EE76AC4AFCB05B", ,"technique_id=T1053,technique_name=Scheduled Task",Microsoft Corporation, , ,10.0.19041.3636 (WinBuild.160101.0800), , , ,Microsoft Windows,C:\\Windows\\System32\\taskschd.dll,TRUE,Valid, , , , , , , , , , , , , , , , , , , , , , , , , , , , , , , , , , , , , , , , , , , , , , , , , , , , , , , , , , , , , , , , , , , , , , , , , , , , 
wazuh-alerts-4.x-2024.12.22,mUqU7pMBNimV4ECvSIX-,1,1,192.168.117.139,window-agent3,3,Maryam, , ,7, ,0x8000000000000000,{5770385f-c22a-43e0-bf4c-06f5698ffbd9},4,Microsoft-Windows-Sysmon/Operational,0,"""Image loaded:
RuleName: technique_id=T1053,technique_name=Scheduled Task
UtcTime: 2024-12-22 13:35:10.229
ProcessGuid: {15959494-07e6-6768-1300-000000001300}
ProcessId: 488
Image: C:\Windows\System32\svchost.exe
ImageLoaded: C:\Windows\System32\taskschd.dll
FileVersion: 10.0.19041.3636 (WinBuild.160101.0800)
Description: Task Scheduler COM API
Product: Microsoft® Windows® Operating System
Company: Microsoft Corporation
OriginalFileName: taskschd.dll
Hashes: SHA1=633C92F5A5000CDE3235C7FDC306B2B04C501C48,MD5=84F942C1A4BD60C94EBEC6643E0216C9,SHA256=BBE733452E6CE871D5D2064948847AAB2A71F7FEDA2C962BA4002F64E2D198F2,IMPHASH=B7A4477FA36E2E5287EE76AC4AFCB05B
Signed: true
Signature: Microsoft Windows
SignatureStatus: Valid
User: NT AUTHORITY\SYSTEM""",3,2024-12-22T13:35:10.2428978Z,234272,4960,DESKTOP-QGB4EQH,7,2812,INFORMATION,Microsoft-Windows-Sysmon,1,FALSE,4,Process loaded taskschd.dll module. May be used to create delayed malware execution,"[""sysmon"",""sysmon_eid7_detections"",""windows""]",92154,windows_eventchannel,log,"Dec 22, 2024 @ 13:35:12.121",EventChannel,1734874512,"Dec 22, 2024 @ 13:35:12.121", , , , , , , , , , , , , , ,488, , , , , , , , , , , , ,"[""Scheduled Task""]","[""T1053.005""]","[""Execution"",""Persistence"",""Privilege Escalation""]", ,C:\\Windows\\System32\\svchost.exe, ,{15959494-07e6-6768-1300-000000001300},35:10.2, , ,NT AUTHORITY\\SYSTEM,taskschd.dll,Microsoft® Windows® Operating System, ,Task Scheduler COM API, , , , ,"SHA1=633C92F5A5000CDE3235C7FDC306B2B04C501C48,MD5=84F942C1A4BD60C94EBEC6643E0216C9,SHA256=BBE733452E6CE871D5D2064948847AAB2A71F7FEDA2C962BA4002F64E2D198F2,IMPHASH=B7A4477FA36E2E5287EE76AC4AFCB05B", ,"technique_id=T1053,technique_name=Scheduled Task",Microsoft Corporation, , ,10.0.19041.3636 (WinBuild.160101.0800), , , ,Microsoft Windows,C:\\Windows\\System32\\taskschd.dll,TRUE,Valid, , , , , , , , , , , , , , , , , , , , , , , , , , , , , , , , , , , , , , , , , , , , , , , , , , , , , , , , , , , , , , , , , , , , , , , , , , , , 
