wazuh-alerts-4.x-2024.12.22,H0qb7ZMBNimV4ECvs4F6,1,1,192.168.117.139,window-agent3,3,Maryam, , ,7, ,0x8000000000000000,{5770385f-c22a-43e0-bf4c-06f5698ffbd9},4,Microsoft-Windows-Sysmon/Operational,0,"""Image loaded:
RuleName: technique_id=T1053,technique_name=Scheduled Task
UtcTime: 2024-12-22 09:03:42.152
ProcessGuid: {15959494-d5da-6767-3b01-000000001100}
ProcessId: 7104
Image: C:\Windows\System32\svchost.exe
ImageLoaded: C:\Windows\System32\taskschd.dll
FileVersion: 10.0.19041.3636 (WinBuild.160101.0800)
Description: Task Scheduler COM API
Product: Microsoft® Windows® Operating System
Company: Microsoft Corporation
OriginalFileName: taskschd.dll
Hashes: SHA1=633C92F5A5000CDE3235C7FDC306B2B04C501C48,MD5=84F942C1A4BD60C94EBEC6643E0216C9,SHA256=BBE733452E6CE871D5D2064948847AAB2A71F7FEDA2C962BA4002F64E2D198F2,IMPHASH=B7A4477FA36E2E5287EE76AC4AFCB05B
Signed: true
Signature: Microsoft Windows
SignatureStatus: Valid
User: NT AUTHORITY\SYSTEM""",3,2024-12-22T09:03:42.1691901Z,221744,4236,DESKTOP-QGB4EQH,7,2876,INFORMATION,Microsoft-Windows-Sysmon,19,FALSE,4,Process loaded taskschd.dll module. May be used to create delayed malware execution,"[""sysmon"",""sysmon_eid7_detections"",""windows""]",92154,windows_eventchannel,log,"Dec 22, 2024 @ 09:03:42.495",EventChannel,1734858223,"Dec 22, 2024 @ 09:03:42.495", , , , , , , , , , , , , , ,7104, , , , , , , , , , , , ,"[""Scheduled Task""]","[""T1053.005""]","[""Execution"",""Persistence"",""Privilege Escalation""]", ,C:\\Windows\\System32\\svchost.exe, ,{15959494-d5da-6767-3b01-000000001100},03:42.2, , ,NT AUTHORITY\\SYSTEM,taskschd.dll,Microsoft® Windows® Operating System, ,Task Scheduler COM API, , , , ,"SHA1=633C92F5A5000CDE3235C7FDC306B2B04C501C48,MD5=84F942C1A4BD60C94EBEC6643E0216C9,SHA256=BBE733452E6CE871D5D2064948847AAB2A71F7FEDA2C962BA4002F64E2D198F2,IMPHASH=B7A4477FA36E2E5287EE76AC4AFCB05B", ,"technique_id=T1053,technique_name=Scheduled Task",Microsoft Corporation, , ,10.0.19041.3636 (WinBuild.160101.0800), , , ,Microsoft Windows,C:\\Windows\\System32\\taskschd.dll,TRUE,Valid, , , , , , , , , , , , , , , , , , , , , , , , , , , , , , , , , , , , , , , , , , , , , , , , , , , , , , , , , , , , , , , , , , , , , , , , , , , , 
wazuh-alerts-4.x-2024.12.22,FEqb7ZMBNimV4ECvG4EP,1,1,192.168.117.139,window-agent3,3,Maryam, , ,7, ,0x8000000000000000,{5770385f-c22a-43e0-bf4c-06f5698ffbd9},4,Microsoft-Windows-Sysmon/Operational,0,"""Image loaded:
RuleName: technique_id=T1053,technique_name=Scheduled Task
UtcTime: 2024-12-22 09:03:02.464
ProcessGuid: {15959494-d5be-6767-0701-000000001100}
ProcessId: 5296
Image: C:\Windows\explorer.exe
ImageLoaded: C:\Windows\System32\taskschd.dll
FileVersion: 10.0.19041.3636 (WinBuild.160101.0800)
Description: Task Scheduler COM API
Product: Microsoft® Windows® Operating System
Company: Microsoft Corporation
OriginalFileName: taskschd.dll
Hashes: SHA1=633C92F5A5000CDE3235C7FDC306B2B04C501C48,MD5=84F942C1A4BD60C94EBEC6643E0216C9,SHA256=BBE733452E6CE871D5D2064948847AAB2A71F7FEDA2C962BA4002F64E2D198F2,IMPHASH=B7A4477FA36E2E5287EE76AC4AFCB05B
Signed: true
Signature: Microsoft Windows
SignatureStatus: Valid
User: DESKTOP-QGB4EQH\mari""",3,2024-12-22T09:03:02.4913158Z,221566,4248,DESKTOP-QGB4EQH,7,2876,INFORMATION,Microsoft-Windows-Sysmon,15,FALSE,4,Process loaded taskschd.dll module. May be used to create delayed malware execution,"[""sysmon"",""sysmon_eid7_detections"",""windows""]",92154,windows_eventchannel,log,"Dec 22, 2024 @ 09:03:02.815",EventChannel,1734858183,"Dec 22, 2024 @ 09:03:02.815", , , , , , , , , , , , , , ,5296, , , , , , , , , , , , ,"[""Scheduled Task""]","[""T1053.005""]","[""Execution"",""Persistence"",""Privilege Escalation""]", ,C:\\Windows\\explorer.exe, ,{15959494-d5be-6767-0701-000000001100},03:02.5, , ,DESKTOP-QGB4EQH\\mari,taskschd.dll,Microsoft® Windows® Operating System, ,Task Scheduler COM API, , , , ,"SHA1=633C92F5A5000CDE3235C7FDC306B2B04C501C48,MD5=84F942C1A4BD60C94EBEC6643E0216C9,SHA256=BBE733452E6CE871D5D2064948847AAB2A71F7FEDA2C962BA4002F64E2D198F2,IMPHASH=B7A4477FA36E2E5287EE76AC4AFCB05B", ,"technique_id=T1053,technique_name=Scheduled Task",Microsoft Corporation, , ,10.0.19041.3636 (WinBuild.160101.0800), , , ,Microsoft Windows,C:\\Windows\\System32\\taskschd.dll,TRUE,Valid, , , , , , , , , , , , , , , , , , , , , , , , , , , , , , , , , , , , , , , , , , , , , , , , , , , , , , , , , , , , , , , , , , , , , , , , , , , , 
wazuh-alerts-4.x-2024.12.22,50qa7ZMBNimV4ECvb4Ao,1,1,192.168.117.139,window-agent3,3,Maryam, , ,1796, ,0x8000000000000000,{7d5387b0-cbe0-11da-a94d-0800200c9a66},2,System,0,"""The Secure Boot update failed to update a Secure Boot variable with error Secure Boot is not enabled on this machine.. For more information, please see https://go.microsoft.com/fwlink/?linkid=2169931""",0,2024-12-22T09:02:19.4222396Z,3081,5776,DESKTOP-QGB4EQH,0,1680,ERROR,Microsoft-Windows-TPM-WMI,1,FALSE,5,Windows System error event,"[""windows"",""windows_system"",""system_error""]",61102,windows_eventchannel,log,"Dec 22, 2024 @ 09:02:19.957",EventChannel,1734858139,"Dec 22, 2024 @ 09:02:19.957", , , , , , , , , , , , , , , , , , , , , , , , , , ,"[""IV_35.7.d""]", , , ,"[""4.3""]", , , , , , , , , , , , , , , , , , , , , , , , , , , , , , , , , , , , , , , , ,-2147020471, , , , , , , , , , , , , , , , , , , , , , , , , , , , , , , , , , , , , , , , , , , , , , , , , , , , , , , , , , , , , , , , 
wazuh-alerts-4.x-2024.12.22,Gkqb7ZMBNimV4ECvmIEe,1,1,192.168.117.129,agent1,4,Maryam, ,2D20436F64653A2020434F525356434330303030303737342D2043616C6C3A2020434F525356434330303030303735362D205049443A202030303030333939362D205449443A202030303030343032382D20434D443A2020433A5C57494E444F57535C73797374656D33325C76737376632E6578652020202D20557365723A204E616D653A204E5420415554484F524954595C53595354454D2C205349443A532D312D352D313820,8224, ,0x80000000000000, ,4,Application,0,"""The VSS service is shutting down due to idle timeout. """,0,2024-12-22T09:03:34.4844996Z,3695,0,DESKTOP-B37GATP,0,0,INFORMATION,VSS,1,FALSE,5,The VSS service is shutting down due to idle timeout.,"[""windows"",""windows_application""]",60702,windows_eventchannel,log,"Dec 22, 2024 @ 09:03:34.816",EventChannel,1734858215,"Dec 22, 2024 @ 09:03:34.816", , , , , , , , , , , , , , , , , , , , , , , , , , , , , , , , , , , , , , , , , , , , , , , , , , , , , , , , , , , , , , , , , , , , , , , , , , , , , , , , , , , , , , , , , , , , , , , , , , , , , , , , , , , , , , , , , , , , , , , , , , , , , , , , , , , , , , , , 
wazuh-alerts-4.x-2024.12.22,aEqi7ZMBNimV4ECvxIFm,1,1,192.168.117.139,window-agent3,3,Maryam, , ,4624, ,0x8020000000000000,{54849625-5478-4994-a5ba-3e3b0328c30d},0,Security,0,"""An account was successfully logged on.

Subject:
	Security ID:		S-1-5-18
	Account Name:		DESKTOP-QGB4EQH$
	Account Domain:		WORKGROUP
	Logon ID:		0x3E7

Logon Information:
	Logon Type:		5
	Restricted Admin Mode:	-
	Virtual Account:		No
	Elevated Token:		Yes

Impersonation Level:		Impersonation

New Logon:
	Security ID:		S-1-5-18
	Account Name:		SYSTEM
	Account Domain:		NT AUTHORITY
	Logon ID:		0x3E7
	Linked Logon ID:		0x0
	Network Account Name:	-
	Network Account Domain:	-
	Logon GUID:		{00000000-0000-0000-0000-000000000000}

Process Information:
	Process ID:		0x294
	Process Name:		C:\Windows\System32\services.exe

Network Information:
	Workstation Name:	-
	Source Network Address:	-
	Source Port:		-

Detailed Authentication Information:
	Logon Process:		Advapi  
	Authentication Package:	Negotiate
	Transited Services:	-
	Package Name (NTLM only):	-
	Key Length:		0

This event is generated when a logon session is created. It is generated on the computer that was accessed.

The subject fields indicate the account on the local system which requested the logon. This is most commonly a service such as the Server service, or a local process such as Winlogon.exe or Services.exe.

The logon type field indicates the kind of logon that occurred. The most common types are 2 (interactive) and 3 (network).

The New Logon fields indicate the account for whom the new logon was created, i.e. the account that was logged on.

The network fields indicate where a remote logon request originated. Workstation name is not always available and may be left blank in some cases.

The impersonation level field indicates the extent to which a process in the logon session can impersonate.

The authentication information fields provide detailed information about this specific logon request.
	- Logon GUID is a unique identifier that can be used to correlate this event with a KDC event.
	- Transited services indicate which intermediate services have participated in this logon request.
	- Package name indicates which sub-protocol was used among the NTLM protocols.
	- Key length indicates the length of the generated session key. This will be 0 if no session key was requested.""",2,2024-12-22T09:11:22.5716605Z,21268,728,DESKTOP-QGB4EQH,12544,684,AUDIT_SUCCESS,Microsoft-Windows-Security-Auditing,28,FALSE,3,Windows logon success.,"[""windows"",""windows_security"",""authentication_success""]",60106,windows_eventchannel,log,"Dec 22, 2024 @ 09:11:23.121",EventChannel,1734858684,"Dec 22, 2024 @ 09:11:23.121",0x3e7,WORKGROUP,0x0,%%1833, ,Negotiate, ,0x3e7,Advapi,{00000000-0000-0000-0000-000000000000},SYSTEM,0,%%1842,S-1-5-18,0x294,C:\\Windows\\System32\\services.exe, ,NT AUTHORITY,S-1-5-18,%%1843,5,DESKTOP-QGB4EQH$,"[""164.312.b""]","[""10.2.5""]","[""CC6.8"",""CC7.2"",""CC7.3""]","[""AC.7"",""AU.14""]","[""IV_32.2""]","[""Valid Accounts""]","[""T1078""]","[""Defense Evasion"",""Persistence"",""Privilege Escalation"",""Initial Access""]","[""7.1"",""7.2""]", , , , , , , , , , , , , , , , , , , , , , , , , , , , , , , , , , , , , , , , , , , , , , , , , , , , , , , , , , , , , , , , , , , , , , , , , , , , , , , , , , , , , , , , , , , , , , , , , , , , , , , , , 
wazuh-alerts-4.x-2024.12.22,aUqi7ZMBNimV4ECvxIFm,1,1,192.168.117.139,window-agent3,3,Maryam, , ,4624, ,0x8020000000000000,{54849625-5478-4994-a5ba-3e3b0328c30d},0,Security,0,"""An account was successfully logged on.

Subject:
	Security ID:		S-1-5-18
	Account Name:		DESKTOP-QGB4EQH$
	Account Domain:		WORKGROUP
	Logon ID:		0x3E7

Logon Information:
	Logon Type:		5
	Restricted Admin Mode:	-
	Virtual Account:		No
	Elevated Token:		Yes

Impersonation Level:		Impersonation

New Logon:
	Security ID:		S-1-5-18
	Account Name:		SYSTEM
	Account Domain:		NT AUTHORITY
	Logon ID:		0x3E7
	Linked Logon ID:		0x0
	Network Account Name:	-
	Network Account Domain:	-
	Logon GUID:		{00000000-0000-0000-0000-000000000000}

Process Information:
	Process ID:		0x294
	Process Name:		C:\Windows\System32\services.exe

Network Information:
	Workstation Name:	-
	Source Network Address:	-
	Source Port:		-

Detailed Authentication Information:
	Logon Process:		Advapi  
	Authentication Package:	Negotiate
	Transited Services:	-
	Package Name (NTLM only):	-
	Key Length:		0

This event is generated when a logon session is created. It is generated on the computer that was accessed.

The subject fields indicate the account on the local system which requested the logon. This is most commonly a service such as the Server service, or a local process such as Winlogon.exe or Services.exe.

The logon type field indicates the kind of logon that occurred. The most common types are 2 (interactive) and 3 (network).

The New Logon fields indicate the account for whom the new logon was created, i.e. the account that was logged on.

The network fields indicate where a remote logon request originated. Workstation name is not always available and may be left blank in some cases.

The impersonation level field indicates the extent to which a process in the logon session can impersonate.

The authentication information fields provide detailed information about this specific logon request.
	- Logon GUID is a unique identifier that can be used to correlate this event with a KDC event.
	- Transited services indicate which intermediate services have participated in this logon request.
	- Package name indicates which sub-protocol was used among the NTLM protocols.
	- Key length indicates the length of the generated session key. This will be 0 if no session key was requested.""",2,2024-12-22T09:11:22.6217233Z,21270,728,DESKTOP-QGB4EQH,12544,684,AUDIT_SUCCESS,Microsoft-Windows-Security-Auditing,29,FALSE,3,Windows logon success.,"[""windows"",""windows_security"",""authentication_success""]",60106,windows_eventchannel,log,"Dec 22, 2024 @ 09:11:23.136",EventChannel,1734858684,"Dec 22, 2024 @ 09:11:23.136",0x3e7,WORKGROUP,0x0,%%1833, ,Negotiate, ,0x3e7,Advapi,{00000000-0000-0000-0000-000000000000},SYSTEM,0,%%1842,S-1-5-18,0x294,C:\\Windows\\System32\\services.exe, ,NT AUTHORITY,S-1-5-18,%%1843,5,DESKTOP-QGB4EQH$,"[""164.312.b""]","[""10.2.5""]","[""CC6.8"",""CC7.2"",""CC7.3""]","[""AC.7"",""AU.14""]","[""IV_32.2""]","[""Valid Accounts""]","[""T1078""]","[""Defense Evasion"",""Persistence"",""Privilege Escalation"",""Initial Access""]","[""7.1"",""7.2""]", , , , , , , , , , , , , , , , , , , , , , , , , , , , , , , , , , , , , , , , , , , , , , , , , , , , , , , , , , , , , , , , , , , , , , , , , , , , , , , , , , , , , , , , , , , , , , , , , , , , , , , , , 
wazuh-alerts-4.x-2024.12.22,akqi7ZMBNimV4ECvxIFm,1,1,192.168.117.139,window-agent3,3,Maryam, ,5.70065E+27,7009,Service Control Manager,0x8080000000000000,{555908d1-a6d7-4695-8e1e-26931d2012f4},2,System,0,"""A timeout was reached (30000 milliseconds) while waiting for the Windows Error Reporting Service service to connect.""",0,2024-12-22T09:11:22.4132107Z,3106,428,DESKTOP-QGB4EQH,0,660,ERROR,Service Control Manager,5,FALSE,5,Windows System error event,"[""windows"",""windows_system"",""system_error""]",61102,windows_eventchannel,log,"Dec 22, 2024 @ 09:11:23.180",EventChannel,1734858684,"Dec 22, 2024 @ 09:11:23.180", , , , , , , , , , , , , , , , , , , , , , , , , , ,"[""IV_35.7.d""]", , , ,"[""4.3""]", , , , , , , , , , , , , , , , , , , , , , , , , , , , , , , , , , , , , , , , , , , , , , , , , , , , ,30000,Windows Error Reporting Service, , , , , , , , , , , , , , , , , , , , , , , , , , , , , , , , , , , , , , , , , , , , , , , , , , , 
wazuh-alerts-4.x-2024.12.22,cEqi7ZMBNimV4ECvxIFm,1,1,192.168.117.139,window-agent3,3,Maryam, , ,4624, ,0x8020000000000000,{54849625-5478-4994-a5ba-3e3b0328c30d},0,Security,0,"""An account was successfully logged on.

Subject:
	Security ID:		S-1-5-18
	Account Name:		DESKTOP-QGB4EQH$
	Account Domain:		WORKGROUP
	Logon ID:		0x3E7

Logon Information:
	Logon Type:		5
	Restricted Admin Mode:	-
	Virtual Account:		No
	Elevated Token:		Yes

Impersonation Level:		Impersonation

New Logon:
	Security ID:		S-1-5-18
	Account Name:		SYSTEM
	Account Domain:		NT AUTHORITY
	Logon ID:		0x3E7
	Linked Logon ID:		0x0
	Network Account Name:	-
	Network Account Domain:	-
	Logon GUID:		{00000000-0000-0000-0000-000000000000}

Process Information:
	Process ID:		0x294
	Process Name:		C:\Windows\System32\services.exe

Network Information:
	Workstation Name:	-
	Source Network Address:	-
	Source Port:		-

Detailed Authentication Information:
	Logon Process:		Advapi  
	Authentication Package:	Negotiate
	Transited Services:	-
	Package Name (NTLM only):	-
	Key Length:		0

This event is generated when a logon session is created. It is generated on the computer that was accessed.

The subject fields indicate the account on the local system which requested the logon. This is most commonly a service such as the Server service, or a local process such as Winlogon.exe or Services.exe.

The logon type field indicates the kind of logon that occurred. The most common types are 2 (interactive) and 3 (network).

The New Logon fields indicate the account for whom the new logon was created, i.e. the account that was logged on.

The network fields indicate where a remote logon request originated. Workstation name is not always available and may be left blank in some cases.

The impersonation level field indicates the extent to which a process in the logon session can impersonate.

The authentication information fields provide detailed information about this specific logon request.
	- Logon GUID is a unique identifier that can be used to correlate this event with a KDC event.
	- Transited services indicate which intermediate services have participated in this logon request.
	- Package name indicates which sub-protocol was used among the NTLM protocols.
	- Key length indicates the length of the generated session key. This will be 0 if no session key was requested.""",2,2024-12-22T09:11:24.6757747Z,21280,728,DESKTOP-QGB4EQH,12544,684,AUDIT_SUCCESS,Microsoft-Windows-Security-Auditing,34,FALSE,3,Windows logon success.,"[""windows"",""windows_security"",""authentication_success""]",60106,windows_eventchannel,log,"Dec 22, 2024 @ 09:11:25.119",EventChannel,1734858686,"Dec 22, 2024 @ 09:11:25.119",0x3e7,WORKGROUP,0x0,%%1833, ,Negotiate, ,0x3e7,Advapi,{00000000-0000-0000-0000-000000000000},SYSTEM,0,%%1842,S-1-5-18,0x294,C:\\Windows\\System32\\services.exe, ,NT AUTHORITY,S-1-5-18,%%1843,5,DESKTOP-QGB4EQH$,"[""164.312.b""]","[""10.2.5""]","[""CC6.8"",""CC7.2"",""CC7.3""]","[""AC.7"",""AU.14""]","[""IV_32.2""]","[""Valid Accounts""]","[""T1078""]","[""Defense Evasion"",""Persistence"",""Privilege Escalation"",""Initial Access""]","[""7.1"",""7.2""]", , , , , , , , , , , , , , , , , , , , , , , , , , , , , , , , , , , , , , , , , , , , , , , , , , , , , , , , , , , , , , , , , , , , , , , , , , , , , , , , , , , , , , , , , , , , , , , , , , , , , , , , , 
wazuh-alerts-4.x-2024.12.22,gkqj7ZMBNimV4ECvpoHp,1,1,192.168.117.139,window-agent3,3,Maryam, , ,1, ,0x8000000000000000,{5770385f-c22a-43e0-bf4c-06f5698ffbd9},4,Microsoft-Windows-Sysmon/Operational,0,"""Process Create:
RuleName: technique_id=T1202,technique_name=Indirect Command Execution
UtcTime: 2024-12-22 09:12:23.158
ProcessGuid: {15959494-d7f7-6767-a002-000000001100}
ProcessId: 1308
Image: C:\Windows\System32\wscript.exe
FileVersion: 5.812.10240.16384
Description: Microsoft ® Windows Based Script Host
Product: Microsoft ® Windows Script Host
Company: Microsoft Corporation
OriginalFileName: wscript.exe
CommandLine: ""C:\WINDOWS\System32\WScript.exe"" ""C:\Users\mari\AtomicTest.vbs"" 
CurrentDirectory: C:\Users\mari\
User: DESKTOP-QGB4EQH\mari
LogonGuid: {15959494-d5b9-6767-ea38-2b0000000000}
LogonId: 0x2B38EA
TerminalSessionId: 1
IntegrityLevel: Medium
Hashes: SHA1=9480C0771BF9CC332698169BA6F843D430FF33F3,MD5=C2F2650ACD45C80406202FCE87AC0B97,SHA256=BD8666D30218095A7844E68E3517EE5DA37C79DA43B25EC03D6B1B5677C8231A,IMPHASH=80739DFC7AE67B73DE21BC0C6BDA99DB
ParentProcessGuid: {15959494-d7f6-6767-9d02-000000001100}
ParentProcessId: 14844
ParentImage: C:\Windows\System32\cmd.exe
ParentCommandLine: cmd.exe /C c:\windows\system32\cmd.exe /c cd /d %TEMP%\ & echo Set objShell = CreateObject(""WScript.Shell""):Set objExec = objShell.Exec(""whoami""):Set objExec = Nothing:Set objShell = Nothing > AtomicTest.vbs & AtomicTest.vbs
ParentUser: DESKTOP-QGB4EQH\mari""",5,2024-12-22T09:12:23.1665581Z,224203,4236,DESKTOP-QGB4EQH,1,2876,INFORMATION,Microsoft-Windows-Sysmon,1,FALSE,4,Command shell started script with /c modifier,"[""sysmon"",""sysmon_eid1_detections"",""windows""]",92005,windows_eventchannel,log,"Dec 22, 2024 @ 09:12:23.795",EventChannel,1734858743,"Dec 22, 2024 @ 09:12:23.795", , , , , , , , , ,{15959494-d5b9-6767-ea38-2b0000000000}, , , , ,1308, , , , , , , , , , , , ,"[""Command and Scripting Interpreter""]","[""T1059""]","[""Execution""]", ,C:\\Windows\\System32\\wscript.exe, ,{15959494-d7f7-6767-a002-000000001100},12:23.2, , ,DESKTOP-QGB4EQH\\mari,wscript.exe,Microsoft ® Windows Script Host,{15959494-d7f6-6767-9d02-000000001100},Microsoft ® Windows Based Script Host,"cmd.exe /C c:\\windows\\system32\\cmd.exe /c cd /d %TEMP%\\ &amp; echo Set objShell = CreateObject(\""WScript.Shell\""):Set objExec = objShell.Exec(\""whoami\""):Set objExec = Nothing:Set objShell = Nothing &gt; AtomicTest.vbs &amp; AtomicTest.vbs",0x2b38ea,14844,C:\\Users\\mari\\,"SHA1=9480C0771BF9CC332698169BA6F843D430FF33F3,MD5=C2F2650ACD45C80406202FCE87AC0B97,SHA256=BD8666D30218095A7844E68E3517EE5DA37C79DA43B25EC03D6B1B5677C8231A,IMPHASH=80739DFC7AE67B73DE21BC0C6BDA99DB",C:\\Windows\\System32\\cmd.exe,"technique_id=T1202,technique_name=Indirect Command Execution",Microsoft Corporation,"\""C:\\WINDOWS\\System32\\WScript.exe\"" \""C:\\Users\\mari\\AtomicTest.vbs\""",Medium,5.812.10240.16384,1,DESKTOP-QGB4EQH\\mari, , , , , , , , , , , , , , , , , , , , , , , , , , , , , , , , , , , , , , , , , , , , , , , , , , , , , , , , , , , , , , , , , , , , , , , , , , , , , , , , , 
wazuh-alerts-4.x-2024.12.22,hkqj7ZMBNimV4ECvuoF0,1,1,192.168.117.139,window-agent3,3,Maryam, , ,11, ,0x8000000000000000,{5770385f-c22a-43e0-bf4c-06f5698ffbd9},4,Microsoft-Windows-Sysmon/Operational,0,"""File created:
RuleName: technique_id=T1059.001,technique_name=PowerShell
UtcTime: 2024-12-22 09:12:27.368
ProcessGuid: {15959494-d7f8-6767-a502-000000001100}
ProcessId: 18276
Image: C:\Users\mari\AppData\Roaming\updater.exe
TargetFilename: C:\Users\mari\AppData\Local\Temp\__PSScriptPolicyTest_tanngu2h.kr0.ps1
CreationUtcTime: 2024-12-22 09:12:27.368
User: DESKTOP-QGB4EQH\mari""",2,2024-12-22T09:12:27.3731326Z,224232,4236,DESKTOP-QGB4EQH,11,2876,INFORMATION,Microsoft-Windows-Sysmon,17,TRUE,15,Executable file dropped in folder commonly used by malware,"[""sysmon"",""sysmon_eid11_detections"",""windows""]",92213,windows_eventchannel,log,"Dec 22, 2024 @ 09:12:27.824",EventChannel,1734858747,"Dec 22, 2024 @ 09:12:27.824", , , , , , , , , , , , , , ,18276, , , , , , , , , , , , ,"[""Ingress Tool Transfer""]","[""T1105""]","[""Command and Control""]", ,C:\\Users\\mari\\AppData\\Roaming\\updater.exe, ,{15959494-d7f8-6767-a502-000000001100},12:27.4, , ,DESKTOP-QGB4EQH\\mari, , , , , , , , , , ,"technique_id=T1059.001,technique_name=PowerShell", , , , , , , , , , , , , , , , , , , , , , , , , , , , , ,C:\\Users\\mari\\AppData\\Local\\Temp\\__PSScriptPolicyTest_tanngu2h.kr0.ps1,12:27.4, , , , , , , , , , , , , , , , , , , , , , , , , , , , , , , , , , , , , , , , , , , , , , , , , , , , , , , , 
wazuh-alerts-4.x-2024.12.22,h0qj7ZMBNimV4ECvuoF0,1,1,192.168.117.139,window-agent3,3,Maryam, , ,7, ,0x8000000000000000,{5770385f-c22a-43e0-bf4c-06f5698ffbd9},4,Microsoft-Windows-Sysmon/Operational,0,"""Image loaded:
RuleName: technique_id=T1059.001,technique_name=PowerShell
UtcTime: 2024-12-22 09:12:27.102
ProcessGuid: {15959494-d7f8-6767-a502-000000001100}
ProcessId: 18276
Image: C:\Users\mari\AppData\Roaming\updater.exe
ImageLoaded: C:\Windows\assembly\NativeImages_v4.0.30319_64\System.Manaa57fc8cc#\3c3c8f169f9145f800bb8ff46755d950\System.Management.Automation.ni.dll
FileVersion: 10.0.19041.5247
Description: System.Management.Automation
Product: Microsoft (R) Windows (R) Operating System
Company: Microsoft Corporation
OriginalFileName: System.Management.Automation.dll
Hashes: SHA1=752A5974566BC90B0836525687501A90A944C29A,MD5=268BEB51EB9AC2E80C77EE567CE4798E,SHA256=22F1833325F959633C29C2CDE2D2A6EA835DB23B67DBD743F98AFC5F19318C50,IMPHASH=00000000000000000000000000000000
Signed: false
Signature: -
SignatureStatus: Unavailable
User: DESKTOP-QGB4EQH\mari""",3,2024-12-22T09:12:27.5562777Z,224234,4248,DESKTOP-QGB4EQH,7,2876,INFORMATION,Microsoft-Windows-Sysmon,1,TRUE,12,Binary loaded PowerShell automation library - Possible unmanaged Powershell execution by suspicious process,"[""sysmon"",""sysmon_eid7_detections"",""windows""]",92151,windows_eventchannel,log,"Dec 22, 2024 @ 09:12:27.855",EventChannel,1734858747,"Dec 22, 2024 @ 09:12:27.855", , , , , , , , , , , , , , ,18276, , , , , , , , , , , , ,"[""PowerShell""]","[""T1059.001""]","[""Execution""]", ,C:\\Users\\mari\\AppData\\Roaming\\updater.exe, ,{15959494-d7f8-6767-a502-000000001100},12:27.1, , ,DESKTOP-QGB4EQH\\mari,System.Management.Automation.dll,Microsoft (R) Windows (R) Operating System, ,System.Management.Automation, , , , ,"SHA1=752A5974566BC90B0836525687501A90A944C29A,MD5=268BEB51EB9AC2E80C77EE567CE4798E,SHA256=22F1833325F959633C29C2CDE2D2A6EA835DB23B67DBD743F98AFC5F19318C50,IMPHASH=00000000000000000000000000000000", ,"technique_id=T1059.001,technique_name=PowerShell",Microsoft Corporation, , ,10.0.19041.5247, , , , ,C:\\Windows\\assembly\\NativeImages_v4.0.30319_64\\System.Manaa57fc8cc#\\3c3c8f169f9145f800bb8ff46755d950\\System.Management.Automation.ni.dll,FALSE,Unavailable, , , , , , , , , , , , , , , , , , , , , , , , , , , , , , , , , , , , , , , , , , , , , , , , , , , , , , , , , , , , , , , , , , , , , , , , , , , , 
wazuh-alerts-4.x-2024.12.22,ZEqi7ZMBNimV4ECvIIE8,1,1,192.168.117.139,window-agent3,3,Maryam, , ,7, ,0x8000000000000000,{5770385f-c22a-43e0-bf4c-06f5698ffbd9},4,Microsoft-Windows-Sysmon/Operational,0,"""Image loaded:
RuleName: technique_id=T1053,technique_name=Scheduled Task
UtcTime: 2024-12-22 09:10:40.230
ProcessGuid: {15959494-d524-6767-3900-000000001100}
ProcessId: 2868
Image: C:\ProgramData\Microsoft\Windows Defender\Platform\4.18.24090.11-0\MsMpEng.exe
ImageLoaded: C:\Windows\System32\taskschd.dll
FileVersion: 10.0.19041.3636 (WinBuild.160101.0800)
Description: Task Scheduler COM API
Product: Microsoft® Windows® Operating System
Company: Microsoft Corporation
OriginalFileName: taskschd.dll
Hashes: SHA1=633C92F5A5000CDE3235C7FDC306B2B04C501C48,MD5=84F942C1A4BD60C94EBEC6643E0216C9,SHA256=BBE733452E6CE871D5D2064948847AAB2A71F7FEDA2C962BA4002F64E2D198F2,IMPHASH=B7A4477FA36E2E5287EE76AC4AFCB05B
Signed: true
Signature: Microsoft Windows
SignatureStatus: Valid
User: NT AUTHORITY\SYSTEM""",3,2024-12-22T09:10:40.4826088Z,223792,4248,DESKTOP-QGB4EQH,7,2876,INFORMATION,Microsoft-Windows-Sysmon,27,FALSE,4,Process loaded taskschd.dll module. May be used to create delayed malware execution,"[""sysmon"",""sysmon_eid7_detections"",""windows""]",92154,windows_eventchannel,log,"Dec 22, 2024 @ 09:10:40.778",EventChannel,1734858641,"Dec 22, 2024 @ 09:10:40.778", , , , , , , , , , , , , , ,2868, , , , , , , , , , , , ,"[""Scheduled Task""]","[""T1053.005""]","[""Execution"",""Persistence"",""Privilege Escalation""]", ,C:\\ProgramData\\Microsoft\\Windows Defender\\Platform\\4.18.24090.11-0\\MsMpEng.exe, ,{15959494-d524-6767-3900-000000001100},10:40.2, , ,NT AUTHORITY\\SYSTEM,taskschd.dll,Microsoft® Windows® Operating System, ,Task Scheduler COM API, , , , ,"SHA1=633C92F5A5000CDE3235C7FDC306B2B04C501C48,MD5=84F942C1A4BD60C94EBEC6643E0216C9,SHA256=BBE733452E6CE871D5D2064948847AAB2A71F7FEDA2C962BA4002F64E2D198F2,IMPHASH=B7A4477FA36E2E5287EE76AC4AFCB05B", ,"technique_id=T1053,technique_name=Scheduled Task",Microsoft Corporation, , ,10.0.19041.3636 (WinBuild.160101.0800), , , ,Microsoft Windows,C:\\Windows\\System32\\taskschd.dll,TRUE,Valid, , , , , , , , , , , , , , , , , , , , , , , , , , , , , , , , , , , , , , , , , , , , , , , , , , , , , , , , , , , , , , , , , , , , , , , , , , , , 
wazuh-alerts-4.x-2024.12.22,WEqh7ZMBNimV4ECvKoEd,1,1,192.168.117.139,window-agent3,3,Maryam, , ,11, ,0x8000000000000000,{5770385f-c22a-43e0-bf4c-06f5698ffbd9},4,Microsoft-Windows-Sysmon/Operational,0,"""File created:
RuleName: technique_id=T1059.001,technique_name=PowerShell
UtcTime: 2024-12-22 09:09:36.962
ProcessGuid: {15959494-d74b-6767-3402-000000001100}
ProcessId: 15416
Image: C:\WINDOWS\System32\WindowsPowerShell\v1.0\powershell.exe
TargetFilename: C:\Users\mari\AppData\Local\Temp\__PSScriptPolicyTest_2usqy33f.bkw.ps1
CreationUtcTime: 2024-12-22 09:09:36.962
User: DESKTOP-QGB4EQH\mari""",2,2024-12-22T09:09:37.0247429Z,223711,4236,DESKTOP-QGB4EQH,11,2876,INFORMATION,Microsoft-Windows-Sysmon,13,TRUE,15,Executable file dropped in folder commonly used by malware,"[""sysmon"",""sysmon_eid11_detections"",""windows""]",92213,windows_eventchannel,log,"Dec 22, 2024 @ 09:09:38.651",EventChannel,1734858579,"Dec 22, 2024 @ 09:09:38.651", , , , , , , , , , , , , , ,15416, , , , , , , , , , , , ,"[""Ingress Tool Transfer""]","[""T1105""]","[""Command and Control""]", ,C:\\WINDOWS\\System32\\WindowsPowerShell\\v1.0\\powershell.exe, ,{15959494-d74b-6767-3402-000000001100},09:37.0, , ,DESKTOP-QGB4EQH\\mari, , , , , , , , , , ,"technique_id=T1059.001,technique_name=PowerShell", , , , , , , , , , , , , , , , , , , , , , , , , , , , , ,C:\\Users\\mari\\AppData\\Local\\Temp\\__PSScriptPolicyTest_2usqy33f.bkw.ps1,09:37.0, , , , , , , , , , , , , , , , , , , , , , , , , , , , , , , , , , , , , , , , , , , , , , , , , , , , , , , , 
wazuh-alerts-4.x-2024.12.22,WUqh7ZMBNimV4ECvKoEd,1,1,192.168.117.129,agent1,4,Maryam,"Calculator.exe, 10.2103.8.0, 6062256a, KERNELBASE.dll, 10.0.19041.5198, d1eefc71, c000027b, 00000000001338e2, 2c74, 01db545136ae1688, C:\\Program Files\\WindowsApps\\Microsoft.WindowsCalculator_10.2103.8.0_x64__8wekyb3d8bbwe\\Calculator.exe, C:\\WINDOWS\\System32\\KERNELBASE.dll, d50b484f-8ba0-432b-9dea-9b286c262b5a, Microsoft.WindowsCalculator_10.2103.8.0_x64__8wekyb3d8bbwe, App", ,1000, ,0x80000000000000, ,2,Application,0,"""Faulting application name: Calculator.exe, version: 10.2103.8.0, time stamp: 0x6062256a
Faulting module name: KERNELBASE.dll, version: 10.0.19041.5198, time stamp: 0xd1eefc71
Exception code: 0xc000027b
Fault offset: 0x00000000001338e2
Faulting process id: 0x2c74
Faulting application start time: 0x01db545136ae1688
Faulting application path: C:\Program Files\WindowsApps\Microsoft.WindowsCalculator_10.2103.8.0_x64__8wekyb3d8bbwe\Calculator.exe
Faulting module path: C:\WINDOWS\System32\KERNELBASE.dll
Report Id: d50b484f-8ba0-432b-9dea-9b286c262b5a
Faulting package full name: Microsoft.WindowsCalculator_10.2103.8.0_x64__8wekyb3d8bbwe
Faulting package-relative application ID: App""",0,2024-12-22T09:09:40.6156955Z,3714,0,DESKTOP-B37GATP,100,0,ERROR,Application Error,5,FALSE,9,Windows application error event.,"[""windows"",""windows_application"",""system_error""]",60602,windows_eventchannel,log,"Dec 22, 2024 @ 09:09:40.998",EventChannel,1734858581,"Dec 22, 2024 @ 09:09:40.998", , , , , , , , , , , , , , , , , , , , , , , , , , ,"[""IV_35.7.d""]", , , ,"[""4.3""]", , , , , , , , , , , , , , , , , , , , , , , , , , , , , , , , , , , , , , , , , , , , , , , , , , , , , , , , , , , , , , , , , , , , , , , , , , , , , , , , , , , , , , , , , , , , , , , , , , , , , , , , , 
wazuh-alerts-4.x-2024.12.22,c0qi7ZMBNimV4ECv_oH3,1,1,192.168.117.139,window-agent3,3,Maryam,"CalculatorApp.exe, 11.2411.1.0, 674f3633, KERNELBASE.dll, 10.0.19041.5198, d1eefc71, c000027b, 00000000001338e2, 4728, 01db54514387a522, C:\\Program Files\\WindowsApps\\Microsoft.WindowsCalculator_11.2411.1.0_x64__8wekyb3d8bbwe\\CalculatorApp.exe, C:\\WINDOWS\\System32\\KERNELBASE.dll, 954c33b8-c796-41bc-8381-a93d64cf4cc1, Microsoft.WindowsCalculator_11.2411.1.0_x64__8wekyb3d8bbwe, App", ,1000, ,0x80000000000000, ,2,Application,0,"""Faulting application name: CalculatorApp.exe, version: 11.2411.1.0, time stamp: 0x674f3633
Faulting module name: KERNELBASE.dll, version: 10.0.19041.5198, time stamp: 0xd1eefc71
Exception code: 0xc000027b
Fault offset: 0x00000000001338e2
Faulting process id: 0x4728
Faulting application start time: 0x01db54514387a522
Faulting application path: C:\Program Files\WindowsApps\Microsoft.WindowsCalculator_11.2411.1.0_x64__8wekyb3d8bbwe\CalculatorApp.exe
Faulting module path: C:\WINDOWS\System32\KERNELBASE.dll
Report Id: 954c33b8-c796-41bc-8381-a93d64cf4cc1
Faulting package full name: Microsoft.WindowsCalculator_11.2411.1.0_x64__8wekyb3d8bbwe
Faulting package-relative application ID: App""",0,2024-12-22T09:11:36.0991315Z,7016,0,DESKTOP-QGB4EQH,100,0,ERROR,Application Error,9,FALSE,9,Windows application error event.,"[""windows"",""windows_application"",""system_error""]",60602,windows_eventchannel,log,"Dec 22, 2024 @ 09:11:35.725",EventChannel,1734858696,"Dec 22, 2024 @ 09:11:35.725", , , , , , , , , , , , , , , , , , , , , , , , , , ,"[""IV_35.7.d""]", , , ,"[""4.3""]", , , , , , , , , , , , , , , , , , , , , , , , , , , , , , , , , , , , , , , , , , , , , , , , , , , , , , , , , , , , , , , , , , , , , , , , , , , , , , , , , , , , , , , , , , , , , , , , , , , , , , , , , 
wazuh-alerts-4.x-2024.12.22,dUqi7ZMBNimV4ECv_oH3,1,1,192.168.117.139,window-agent3,3,Maryam, , ,255, ,0x8000000000000000,{5770385f-c22a-43e0-bf4c-06f5698ffbd9},2,Microsoft-Windows-Sysmon/Operational,0,"""Error report:
UtcTime: 2024-12-22 09:11:38.375
ID: IMAGE_LOAD
Description: Failed to find process image name""",3,2024-12-22T09:11:38.3789732Z,223889,4236,DESKTOP-QGB4EQH,255,2876,ERROR,Microsoft-Windows-Sysmon,5,FALSE,5,Windows Sysmon error event,"[""windows"",""sysmon"",""system_error""]",61602,windows_eventchannel,log,"Dec 22, 2024 @ 09:11:38.929",EventChannel,1734858699,"Dec 22, 2024 @ 09:11:38.929", , , , , , , , , , , , , , , , , , , , , , , , , , ,"[""IV_35.7.d""]", , , ,"[""4.3""]", , , ,11:38.4, , , , , , ,Failed to find process image name, , , , , , , , , , , , , , , , , , , , , , , , , , , , , , , , , , , , , , , , , , , , ,IMAGE_LOAD, , , , , , , , , , , , , , , , , , , , , , , , , , , , , , , , , , , , , , , , , , , , , , , , , 
wazuh-alerts-4.x-2024.12.22,eEqi7ZMBNimV4ECv_oH3,1,1,192.168.117.139,window-agent3,3,Maryam,"0, POFContextAppCrash, Not available, 0, Microsoft.WindowsCalculator_11.2411.1.0_x64__8wekyb3d8bbwe, praid:App, 11.2411.1.0, 0x8007000e, 4a8662674fb81c92e449fa094482c2e1,   \\\\?\\C:\\Users\\mari\\AppData\\Local\\Packages\\microsoft.windowscalculator_8wekyb3d8bbwe\\AC\\GEH\\POF-18704.dmp, 0, 0aa21863-754c-4654-9ba1-3a75af8c056e, 262148, 0", ,1001, ,0x80000000000000, ,4,Application,0,"""Fault bucket , type 0
Event Name: POFContextAppCrash
Response: Not available
Cab Id: 0

Problem signature:
P1: Microsoft.WindowsCalculator_11.2411.1.0_x64__8wekyb3d8bbwe
P2: praid:App
P3: 11.2411.1.0
P4: 0x8007000e
P5: 4a8662674fb81c92e449fa094482c2e1
P6: 
P7: 
P8: 
P9: 
P10: 

Attached files:
\\?\C:\Users\mari\AppData\Local\Packages\microsoft.windowscalculator_8wekyb3d8bbwe\AC\GEH\POF-18704.dmp

These files may be available here:


Analysis symbol: 
Rechecking for solution: 0
Report Id: 0aa21863-754c-4654-9ba1-3a75af8c056e
Report Status: 262148
Hashed bucket: 
Cab Guid: 0""",0,2024-12-22T09:11:40.9424050Z,7021,0,DESKTOP-QGB4EQH,0,0,INFORMATION,Windows Error Reporting,7,FALSE,4,Summary event of the report's signatures.,"[""windows"",""windows_application""]",60608,windows_eventchannel,log,"Dec 22, 2024 @ 09:11:40.506",EventChannel,1734858701,"Dec 22, 2024 @ 09:11:40.506", , , , , , , , , , , , , , , , , , , , , , , , , , , , , , , , , , , , , , , , , , , , , , , , , , , , , , , , , , , , , , , , , , , , , , , , , , , , , , , , , , , , , , , , , , , , , , , , , , , , , , , , , , , , , , , , , , , , , , , , , , , , , , , , , , , , , , , , 
wazuh-alerts-4.x-2024.12.22,ekqj7ZMBNimV4ECvCoGl,1,1,192.168.117.139,window-agent3,3,Maryam,"1195012247611925325, 5, MoAppCrash, Not available, 0, Microsoft.WindowsCalculator_11.2411.1.0_x64__8wekyb3d8bbwe, praid:App, 11.2411.1.0, 674f3633, combase.dll, 10.0.19041.4717, e7bf5429, 8007000e, 000000000009c13a,   \\\\?\\C:\\ProgramData\\Microsoft\\Windows\\WER\\Temp\\WERB44B.tmp.mdmp  \\\\?\\C:\\ProgramData\\Microsoft\\Windows\\WER\\Temp\\WERB779.tmp.WERInternalMetadata.xml  \\\\?\\C:\\ProgramData\\Microsoft\\Windows\\WER\\Temp\\WERB7D7.tmp.xml  \\\\?\\C:\\ProgramData\\Microsoft\\Windows\\WER\\Temp\\WERB81C.tmp.csv  \\\\?\\C:\\ProgramData\\Microsoft\\Windows\\WER\\Temp\\WERB89A.tmp.txt, \\\\?\\C:\\ProgramData\\Microsoft\\Windows\\WER\\ReportArchive\\AppCrash_Microsoft.Window_c92b72d9242c79b367b85646fd852b2a03b76a2_e1282c48_0b76100e-ef71-452a-9f1d-dcda6a9045cc, 0, 6f075163-51c4-42cb-8f42-c773cfc6ba78, 2147487744, 7ae941e4de9465c19095894ec926634d, 0", ,1001, ,0x80000000000000, ,4,Application,0,"""Fault bucket 1195012247611925325, type 5
Event Name: MoAppCrash
Response: Not available
Cab Id: 0

Problem signature:
P1: Microsoft.WindowsCalculator_11.2411.1.0_x64__8wekyb3d8bbwe
P2: praid:App
P3: 11.2411.1.0
P4: 674f3633
P5: combase.dll
P6: 10.0.19041.4717
P7: e7bf5429
P8: 8007000e
P9: 000000000009c13a
P10: 

Attached files:
\\?\C:\ProgramData\Microsoft\Windows\WER\Temp\WERB44B.tmp.mdmp
\\?\C:\ProgramData\Microsoft\Windows\WER\Temp\WERB779.tmp.WERInternalMetadata.xml
\\?\C:\ProgramData\Microsoft\Windows\WER\Temp\WERB7D7.tmp.xml
\\?\C:\ProgramData\Microsoft\Windows\WER\Temp\WERB81C.tmp.csv
\\?\C:\ProgramData\Microsoft\Windows\WER\Temp\WERB89A.tmp.txt

These files may be available here:
\\?\C:\ProgramData\Microsoft\Windows\WER\ReportArchive\AppCrash_Microsoft.Window_c92b72d9242c79b367b85646fd852b2a03b76a2_e1282c48_0b76100e-ef71-452a-9f1d-dcda6a9045cc

Analysis symbol: 
Rechecking for solution: 0
Report Id: 6f075163-51c4-42cb-8f42-c773cfc6ba78
Report Status: 2147487744
Hashed bucket: 7ae941e4de9465c19095894ec926634d
Cab Guid: 0""",0,2024-12-22T09:11:43.5830970Z,7023,0,DESKTOP-QGB4EQH,0,0,INFORMATION,Windows Error Reporting,9,FALSE,4,Summary event of the report's signatures.,"[""windows"",""windows_application""]",60608,windows_eventchannel,log,"Dec 22, 2024 @ 09:11:43.119",EventChannel,1734858704,"Dec 22, 2024 @ 09:11:43.119", , , , , , , , , , , , , , , , , , , , , , , , , , , , , , , , , , , , , , , , , , , , , , , , , , , , , , , , , , , , , , , , , , , , , , , , , , , , , , , , , , , , , , , , , , , , , , , , , , , , , , , , , , , , , , , , , , , , , , , , , , , , , , , , , , , , , , , , 
wazuh-alerts-4.x-2024.12.22,YUqh7ZMBNimV4ECvyoFF,1,1,192.168.117.139,window-agent3,3,Maryam, , ,11, ,0x8000000000000000,{5770385f-c22a-43e0-bf4c-06f5698ffbd9},4,Microsoft-Windows-Sysmon/Operational,0,"""File created:
RuleName: technique_id=T1059.001,technique_name=PowerShell
UtcTime: 2024-12-22 09:10:17.638
ProcessGuid: {15959494-d74b-6767-3402-000000001100}
ProcessId: 15416
Image: C:\WINDOWS\System32\WindowsPowerShell\v1.0\powershell.exe
TargetFilename: C:\Users\mari\AppData\Local\Temp\__PSScriptPolicyTest_ncu5cnzv.1wt.ps1
CreationUtcTime: 2024-12-22 09:10:17.638
User: DESKTOP-QGB4EQH\mari""",2,2024-12-22T09:10:17.6507755Z,223786,4236,DESKTOP-QGB4EQH,11,2876,INFORMATION,Microsoft-Windows-Sysmon,14,TRUE,15,Executable file dropped in folder commonly used by malware,"[""sysmon"",""sysmon_eid11_detections"",""windows""]",92213,windows_eventchannel,log,"Dec 22, 2024 @ 09:10:18.586",EventChannel,1734858619,"Dec 22, 2024 @ 09:10:18.586", , , , , , , , , , , , , , ,15416, , , , , , , , , , , , ,"[""Ingress Tool Transfer""]","[""T1105""]","[""Command and Control""]", ,C:\\WINDOWS\\System32\\WindowsPowerShell\\v1.0\\powershell.exe, ,{15959494-d74b-6767-3402-000000001100},10:17.6, , ,DESKTOP-QGB4EQH\\mari, , , , , , , , , , ,"technique_id=T1059.001,technique_name=PowerShell", , , , , , , , , , , , , , , , , , , , , , , , , , , , , ,C:\\Users\\mari\\AppData\\Local\\Temp\\__PSScriptPolicyTest_ncu5cnzv.1wt.ps1,10:17.6, , , , , , , , , , , , , , , , , , , , , , , , , , , , , , , , , , , , , , , , , , , , , , , , , , , , , , , , 
wazuh-alerts-4.x-2024.12.22,fEqj7ZMBNimV4ECvbIFP,1,1,192.168.117.129,agent1,4,Maryam,"0, MoAppHangXProc, Not available, 0, Microsoft.WindowsCalculator_10.2103.8.0_x64__8wekyb3d8bbwe, praid:App, 10.2103.8.0, 6062256a, 09e1, 4194376, NO_PACKAGE, sihost.exe, 10.0.19041.4355,   \\\\?\\C:\\ProgramData\\Microsoft\\Windows\\WER\\Temp\\WERF4EF.tmp.WERInternalMetadata.xml  \\\\?\\C:\\ProgramData\\Microsoft\\Windows\\WER\\Temp\\WERF5AC.tmp.xml  \\\\?\\C:\\ProgramData\\Microsoft\\Windows\\WER\\Temp\\WERF5D1.tmp.csv  \\\\?\\C:\\ProgramData\\Microsoft\\Windows\\WER\\Temp\\WERF5F1.tmp.txt, \\\\?\\C:\\ProgramData\\Microsoft\\Windows\\WER\\ReportArchive\\AppHang_Microsoft.Window_d08abe7d84c6ecdb0c1dad832fe9b508b8525f9_45c74590_40ce416f-c9fe-431c-b9d1-7f3db93cd7bf, 0, f634ad56-8eb9-45b3-9358-9ac3ed1f2b79, 97, 0", ,1001, ,0x80000000000000, ,4,Application,0,"""Fault bucket , type 0
Event Name: MoAppHangXProc
Response: Not available
Cab Id: 0

Problem signature:
P1: Microsoft.WindowsCalculator_10.2103.8.0_x64__8wekyb3d8bbwe
P2: praid:App
P3: 10.2103.8.0
P4: 6062256a
P5: 09e1
P6: 4194376
P7: NO_PACKAGE
P8: sihost.exe
P9: 10.0.19041.4355
P10: 

Attached files:
\\?\C:\ProgramData\Microsoft\Windows\WER\Temp\WERF4EF.tmp.WERInternalMetadata.xml
\\?\C:\ProgramData\Microsoft\Windows\WER\Temp\WERF5AC.tmp.xml
\\?\C:\ProgramData\Microsoft\Windows\WER\Temp\WERF5D1.tmp.csv
\\?\C:\ProgramData\Microsoft\Windows\WER\Temp\WERF5F1.tmp.txt

These files may be available here:
\\?\C:\ProgramData\Microsoft\Windows\WER\ReportArchive\AppHang_Microsoft.Window_d08abe7d84c6ecdb0c1dad832fe9b508b8525f9_45c74590_40ce416f-c9fe-431c-b9d1-7f3db93cd7bf

Analysis symbol: 
Rechecking for solution: 0
Report Id: f634ad56-8eb9-45b3-9358-9ac3ed1f2b79
Report Status: 97
Hashed bucket: 
Cab Guid: 0""",0,2024-12-22T09:12:08.3195084Z,3724,0,DESKTOP-B37GATP,0,0,INFORMATION,Windows Error Reporting,11,FALSE,4,Summary event of the report's signatures.,"[""windows"",""windows_application""]",60608,windows_eventchannel,log,"Dec 22, 2024 @ 09:12:08.570",EventChannel,1734858729,"Dec 22, 2024 @ 09:12:08.570", , , , , , , , , , , , , , , , , , , , , , , , , , , , , , , , , , , , , , , , , , , , , , , , , , , , , , , , , , , , , , , , , , , , , , , , , , , , , , , , , , , , , , , , , , , , , , , , , , , , , , , , , , , , , , , , , , , , , , , , , , , , , , , , , , , , , , , , 
wazuh-alerts-4.x-2024.12.22,ykqm7ZMBNimV4ECv64EB,1,1,192.168.117.129,agent1,4,Maryam, , ,4624, ,0x8020000000000000,{54849625-5478-4994-a5ba-3e3b0328c30d},0,Security,0,"""An account was successfully logged on.

Subject:
	Security ID:		S-1-5-18
	Account Name:		DESKTOP-B37GATP$
	Account Domain:		WORKGROUP
	Logon ID:		0x3E7

Logon Information:
	Logon Type:		5
	Restricted Admin Mode:	-
	Virtual Account:		No
	Elevated Token:		Yes

Impersonation Level:		Impersonation

New Logon:
	Security ID:		S-1-5-18
	Account Name:		SYSTEM
	Account Domain:		NT AUTHORITY
	Logon ID:		0x3E7
	Linked Logon ID:		0x0
	Network Account Name:	-
	Network Account Domain:	-
	Logon GUID:		{00000000-0000-0000-0000-000000000000}

Process Information:
	Process ID:		0x29c
	Process Name:		C:\Windows\System32\services.exe

Network Information:
	Workstation Name:	-
	Source Network Address:	-
	Source Port:		-

Detailed Authentication Information:
	Logon Process:		Advapi  
	Authentication Package:	Negotiate
	Transited Services:	-
	Package Name (NTLM only):	-
	Key Length:		0

This event is generated when a logon session is created. It is generated on the computer that was accessed.

The subject fields indicate the account on the local system which requested the logon. This is most commonly a service such as the Server service, or a local process such as Winlogon.exe or Services.exe.

The logon type field indicates the kind of logon that occurred. The most common types are 2 (interactive) and 3 (network).

The New Logon fields indicate the account for whom the new logon was created, i.e. the account that was logged on.

The network fields indicate where a remote logon request originated. Workstation name is not always available and may be left blank in some cases.

The impersonation level field indicates the extent to which a process in the logon session can impersonate.

The authentication information fields provide detailed information about this specific logon request.
	- Logon GUID is a unique identifier that can be used to correlate this event with a KDC event.
	- Transited services indicate which intermediate services have participated in this logon request.
	- Package name indicates which sub-protocol was used among the NTLM protocols.
	- Key length indicates the length of the generated session key. This will be 0 if no session key was requested.""",2,2024-12-22T09:15:55.9981693Z,10719,792,DESKTOP-B37GATP,12544,712,AUDIT_SUCCESS,Microsoft-Windows-Security-Auditing,42,FALSE,3,Windows logon success.,"[""windows"",""windows_security"",""authentication_success""]",60106,windows_eventchannel,log,"Dec 22, 2024 @ 09:15:57.264",EventChannel,1734858957,"Dec 22, 2024 @ 09:15:57.264",0x3e7,WORKGROUP,0x0,%%1833, ,Negotiate, ,0x3e7,Advapi,{00000000-0000-0000-0000-000000000000},SYSTEM,0,%%1842,S-1-5-18,0x29c,C:\\Windows\\System32\\services.exe, ,NT AUTHORITY,S-1-5-18,%%1843,5,DESKTOP-B37GATP$,"[""164.312.b""]","[""10.2.5""]","[""CC6.8"",""CC7.2"",""CC7.3""]","[""AC.7"",""AU.14""]","[""IV_32.2""]","[""Valid Accounts""]","[""T1078""]","[""Defense Evasion"",""Persistence"",""Privilege Escalation"",""Initial Access""]","[""7.1"",""7.2""]", , , , , , , , , , , , , , , , , , , , , , , , , , , , , , , , , , , , , , , , , , , , , , , , , , , , , , , , , , , , , , , , , , , , , , , , , , , , , , , , , , , , , , , , , , , , , , , , , , , , , , , , , 
wazuh-alerts-4.x-2024.12.22,y0qm7ZMBNimV4ECv9oG5,1,1,192.168.117.139,window-agent3,3,Maryam, , ,11, ,0x8000000000000000,{5770385f-c22a-43e0-bf4c-06f5698ffbd9},4,Microsoft-Windows-Sysmon/Operational,0,"""File created:
RuleName: technique_id=T1059.001,technique_name=PowerShell
UtcTime: 2024-12-22 09:15:59.941
ProcessGuid: {15959494-d8cc-6767-5303-000000001100}
ProcessId: 22664
Image: C:\WINDOWS\System32\WindowsPowerShell\v1.0\powershell.exe
TargetFilename: C:\Users\mari\AppData\Local\Temp\__PSScriptPolicyTest_qolskcqg.q3v.ps1
CreationUtcTime: 2024-12-22 09:15:59.941
User: DESKTOP-QGB4EQH\mari""",2,2024-12-22T09:15:59.9590770Z,224687,4236,DESKTOP-QGB4EQH,11,2876,INFORMATION,Microsoft-Windows-Sysmon,21,TRUE,15,Executable file dropped in folder commonly used by malware,"[""sysmon"",""sysmon_eid11_detections"",""windows""]",92213,windows_eventchannel,log,"Dec 22, 2024 @ 09:15:59.786",EventChannel,1734858959,"Dec 22, 2024 @ 09:15:59.786", , , , , , , , , , , , , , ,22664, , , , , , , , , , , , ,"[""Ingress Tool Transfer""]","[""T1105""]","[""Command and Control""]", ,C:\\WINDOWS\\System32\\WindowsPowerShell\\v1.0\\powershell.exe, ,{15959494-d8cc-6767-5303-000000001100},15:59.9, , ,DESKTOP-QGB4EQH\\mari, , , , , , , , , , ,"technique_id=T1059.001,technique_name=PowerShell", , , , , , , , , , , , , , , , , , , , , , , , , , , , , ,C:\\Users\\mari\\AppData\\Local\\Temp\\__PSScriptPolicyTest_qolskcqg.q3v.ps1,15:59.9, , , , , , , , , , , , , , , , , , , , , , , , , , , , , , , , , , , , , , , , , , , , , , , , , , , , , , , , 
