wazuh-alerts-4.x-2024.12.22,S0pu7pMBNimV4ECvyYXl,1,1,192.168.117.139,window-agent3,3,Maryam, , ,7, ,0x8000000000000000,{5770385f-c22a-43e0-bf4c-06f5698ffbd9},4,Microsoft-Windows-Sysmon/Operational,0,"""Image loaded:
RuleName: technique_id=T1053,technique_name=Scheduled Task
UtcTime: 2024-12-22 12:54:14.889
ProcessGuid: {15959494-0bf5-6768-2a01-000000001300}
ProcessId: 6124
Image: C:\Windows\System32\svchost.exe
ImageLoaded: C:\Windows\System32\taskschd.dll
FileVersion: 10.0.19041.3636 (WinBuild.160101.0800)
Description: Task Scheduler COM API
Product: Microsoft® Windows® Operating System
Company: Microsoft Corporation
OriginalFileName: taskschd.dll
Hashes: SHA1=633C92F5A5000CDE3235C7FDC306B2B04C501C48,MD5=84F942C1A4BD60C94EBEC6643E0216C9,SHA256=BBE733452E6CE871D5D2064948847AAB2A71F7FEDA2C962BA4002F64E2D198F2,IMPHASH=B7A4477FA36E2E5287EE76AC4AFCB05B
Signed: true
Signature: Microsoft Windows
SignatureStatus: Valid
User: NT AUTHORITY\SYSTEM""",3,2024-12-22T12:54:14.9003298Z,233656,4960,DESKTOP-QGB4EQH,7,2812,INFORMATION,Microsoft-Windows-Sysmon,27,FALSE,4,Process loaded taskschd.dll module. May be used to create delayed malware execution,"[""sysmon"",""sysmon_eid7_detections"",""windows""]",92154,windows_eventchannel,log,"Dec 22, 2024 @ 12:54:16.898",EventChannel,1734872056,"Dec 22, 2024 @ 12:54:16.898", , , , , , , , , , , , , , ,6124, , , , , , , , , , , , ,"[""Scheduled Task""]","[""T1053.005""]","[""Execution"",""Persistence"",""Privilege Escalation""]", ,C:\\Windows\\System32\\svchost.exe, ,{15959494-0bf5-6768-2a01-000000001300},54:14.9, , ,NT AUTHORITY\\SYSTEM,taskschd.dll,Microsoft® Windows® Operating System, ,Task Scheduler COM API, , , , ,"SHA1=633C92F5A5000CDE3235C7FDC306B2B04C501C48,MD5=84F942C1A4BD60C94EBEC6643E0216C9,SHA256=BBE733452E6CE871D5D2064948847AAB2A71F7FEDA2C962BA4002F64E2D198F2,IMPHASH=B7A4477FA36E2E5287EE76AC4AFCB05B", ,"technique_id=T1053,technique_name=Scheduled Task",Microsoft Corporation, , ,10.0.19041.3636 (WinBuild.160101.0800), , , ,Microsoft Windows,C:\\Windows\\System32\\taskschd.dll,TRUE,Valid, , , , , , , , , , , , , , , , , , , , , , , , , , , , , , , , , , , , , , , , , , , , , , , , , , , , , , , , , , , , , , , , , , , , , , , , , , , , 
wazuh-alerts-4.x-2024.12.22,TEpu7pMBNimV4ECv1YWe,1,1,192.168.117.139,window-agent3,3,Maryam,"hr=0x80004005, RuleId=31e71c49-8da7-4a2f-ad92-45d98a1c79ba;Action=AutoActivate;AppId=55c92734-d682-4d71-983e-d6ec3f16059f;SkuId=4de7cb65-cdf1-4de9-8ae8-e3cce27b9f2c;NotificationInterval=1440;Trigger=UserLogon;SessionId=1", ,8198,Software Protection Platform Service,0x80000000000000,{E23B33B0-C8C9-472C-A5F9-F2BDFEA0F156},2,Application,0,"""License Activation (slui.exe) failed with the following error code:
hr=0x80004005
Command-line arguments:
RuleId=31e71c49-8da7-4a2f-ad92-45d98a1c79ba;Action=AutoActivate;AppId=55c92734-d682-4d71-983e-d6ec3f16059f;SkuId=4de7cb65-cdf1-4de9-8ae8-e3cce27b9f2c;NotificationInterval=1440;Trigger=UserLogon;SessionId=1""",0,2024-12-22T12:54:17.8271739Z,7266,0,DESKTOP-QGB4EQH,0,0,ERROR,Microsoft-Windows-Security-SPP,2,FALSE,5,License activation (slui.exe) failed.,"[""windows"",""windows_application""]",60646,windows_eventchannel,log,"Dec 22, 2024 @ 12:54:18.697",EventChannel,1734872058,"Dec 22, 2024 @ 12:54:18.697", , , , , , , , , , , , , , , , , , , , , , , , , , , , , , , , , , , , , , , , , , , , , , , , , , , , , , , , , , , , , , , , , , , , , , , , , , , , , , , , , , , , , , , , , , , , , , , , , , , , , , , , , , , , , , , , , , , , , , , , , , , , , , , , , , , , , , , , 
wazuh-alerts-4.x-2024.12.22,CEpg7pMBNimV4ECv9oXW,1,1,192.168.117.139,window-agent3,3,Maryam, , ,7, ,0x8000000000000000,{5770385f-c22a-43e0-bf4c-06f5698ffbd9},4,Microsoft-Windows-Sysmon/Operational,0,"""Image loaded:
RuleName: technique_id=T1053,technique_name=Scheduled Task
UtcTime: 2024-12-22 12:39:08.764
ProcessGuid: {15959494-086c-6768-e400-000000001300}
ProcessId: 2356
Image: C:\Windows\System32\MoUsoCoreWorker.exe
ImageLoaded: C:\Windows\System32\taskschd.dll
FileVersion: 10.0.19041.3636 (WinBuild.160101.0800)
Description: Task Scheduler COM API
Product: Microsoft® Windows® Operating System
Company: Microsoft Corporation
OriginalFileName: taskschd.dll
Hashes: SHA1=633C92F5A5000CDE3235C7FDC306B2B04C501C48,MD5=84F942C1A4BD60C94EBEC6643E0216C9,SHA256=BBE733452E6CE871D5D2064948847AAB2A71F7FEDA2C962BA4002F64E2D198F2,IMPHASH=B7A4477FA36E2E5287EE76AC4AFCB05B
Signed: true
Signature: Microsoft Windows
SignatureStatus: Valid
User: NT AUTHORITY\SYSTEM""",3,2024-12-22T12:39:08.7792519Z,233312,4960,DESKTOP-QGB4EQH,7,2812,INFORMATION,Microsoft-Windows-Sysmon,10,FALSE,4,Process loaded taskschd.dll module. May be used to create delayed malware execution,"[""sysmon"",""sysmon_eid7_detections"",""windows""]",92154,windows_eventchannel,log,"Dec 22, 2024 @ 12:39:10.353",EventChannel,1734871150,"Dec 22, 2024 @ 12:39:10.353", , , , , , , , , , , , , , ,2356, , , , , , , , , , , , ,"[""Scheduled Task""]","[""T1053.005""]","[""Execution"",""Persistence"",""Privilege Escalation""]", ,C:\\Windows\\System32\\MoUsoCoreWorker.exe, ,{15959494-086c-6768-e400-000000001300},39:08.8, , ,NT AUTHORITY\\SYSTEM,taskschd.dll,Microsoft® Windows® Operating System, ,Task Scheduler COM API, , , , ,"SHA1=633C92F5A5000CDE3235C7FDC306B2B04C501C48,MD5=84F942C1A4BD60C94EBEC6643E0216C9,SHA256=BBE733452E6CE871D5D2064948847AAB2A71F7FEDA2C962BA4002F64E2D198F2,IMPHASH=B7A4477FA36E2E5287EE76AC4AFCB05B", ,"technique_id=T1053,technique_name=Scheduled Task",Microsoft Corporation, , ,10.0.19041.3636 (WinBuild.160101.0800), , , ,Microsoft Windows,C:\\Windows\\System32\\taskschd.dll,TRUE,Valid, , , , , , , , , , , , , , , , , , , , , , , , , , , , , , , , , , , , , , , , , , , , , , , , , , , , , , , , , , , , , , , , , , , , , , , , , , , , 
wazuh-alerts-4.x-2024.12.22,CUpg7pMBNimV4ECv9oXX,1,1,192.168.117.139,window-agent3,3,Maryam, , ,7, ,0x8000000000000000,{5770385f-c22a-43e0-bf4c-06f5698ffbd9},4,Microsoft-Windows-Sysmon/Operational,0,"""Image loaded:
RuleName: technique_id=T1053,technique_name=Scheduled Task
UtcTime: 2024-12-22 12:39:08.936
ProcessGuid: {15959494-086c-6768-e500-000000001300}
ProcessId: 3608
Image: C:\Windows\System32\svchost.exe
ImageLoaded: C:\Windows\System32\taskschd.dll
FileVersion: 10.0.19041.3636 (WinBuild.160101.0800)
Description: Task Scheduler COM API
Product: Microsoft® Windows® Operating System
Company: Microsoft Corporation
OriginalFileName: taskschd.dll
Hashes: SHA1=633C92F5A5000CDE3235C7FDC306B2B04C501C48,MD5=84F942C1A4BD60C94EBEC6643E0216C9,SHA256=BBE733452E6CE871D5D2064948847AAB2A71F7FEDA2C962BA4002F64E2D198F2,IMPHASH=B7A4477FA36E2E5287EE76AC4AFCB05B
Signed: true
Signature: Microsoft Windows
SignatureStatus: Valid
User: NT AUTHORITY\SYSTEM""",3,2024-12-22T12:39:08.9389399Z,233316,4960,DESKTOP-QGB4EQH,7,2812,INFORMATION,Microsoft-Windows-Sysmon,11,FALSE,4,Process loaded taskschd.dll module. May be used to create delayed malware execution,"[""sysmon"",""sysmon_eid7_detections"",""windows""]",92154,windows_eventchannel,log,"Dec 22, 2024 @ 12:39:10.447",EventChannel,1734871150,"Dec 22, 2024 @ 12:39:10.447", , , , , , , , , , , , , , ,3608, , , , , , , , , , , , ,"[""Scheduled Task""]","[""T1053.005""]","[""Execution"",""Persistence"",""Privilege Escalation""]", ,C:\\Windows\\System32\\svchost.exe, ,{15959494-086c-6768-e500-000000001300},39:08.9, , ,NT AUTHORITY\\SYSTEM,taskschd.dll,Microsoft® Windows® Operating System, ,Task Scheduler COM API, , , , ,"SHA1=633C92F5A5000CDE3235C7FDC306B2B04C501C48,MD5=84F942C1A4BD60C94EBEC6643E0216C9,SHA256=BBE733452E6CE871D5D2064948847AAB2A71F7FEDA2C962BA4002F64E2D198F2,IMPHASH=B7A4477FA36E2E5287EE76AC4AFCB05B", ,"technique_id=T1053,technique_name=Scheduled Task",Microsoft Corporation, , ,10.0.19041.3636 (WinBuild.160101.0800), , , ,Microsoft Windows,C:\\Windows\\System32\\taskschd.dll,TRUE,Valid, , , , , , , , , , , , , , , , , , , , , , , , , , , , , , , , , , , , , , , , , , , , , , , , , , , , , , , , , , , , , , , , , , , , , , , , , , , , 
wazuh-alerts-4.x-2024.12.22,FUpj7pMBNimV4ECvHYWv,1,1,192.168.117.139,window-agent3,3,Maryam,"2024-12-23T12:36:30Z, RulesEngine", ,16384,Software Protection Platform Service,0x80000000000000,{E23B33B0-C8C9-472C-A5F9-F2BDFEA0F156},4,Application,0,"""Successfully scheduled Software Protection service for re-start at 2024-12-23T12:36:30Z. Reason: RulesEngine.""",0,2024-12-22T12:41:30.2801408Z,7259,0,DESKTOP-QGB4EQH,0,0,INFORMATION,Microsoft-Windows-Security-SPP,3,FALSE,3,Software protection service scheduled successfully.,"[""windows"",""windows_application""]",60642,windows_eventchannel,log,"Dec 22, 2024 @ 12:41:31.147",EventChannel,1734871291,"Dec 22, 2024 @ 12:41:31.147", , , , , , , , , , , , , , , , , , , , , , , , , , , , , , , , , , , , , , , , , , , , , , , , , , , , , , , , , , , , , , , , , , , , , , , , , , , , , , , , , , , , , , , , , , , , , , , , , , , , , , , , , , , , , , , , , , , , , , , , , , , , , , , , , , , , , , , , 
wazuh-alerts-4.x-2024.12.22,Fkpj7pMBNimV4ECvIYWb,1,1,192.168.117.139,window-agent3,3,Maryam, , ,7, ,0x8000000000000000,{5770385f-c22a-43e0-bf4c-06f5698ffbd9},4,Microsoft-Windows-Sysmon/Operational,0,"""Image loaded:
RuleName: technique_id=T1053,technique_name=Scheduled Task
UtcTime: 2024-12-22 12:41:30.248
ProcessGuid: {15959494-08d9-6768-f100-000000001300}
ProcessId: 1760
Image: C:\Windows\System32\sppsvc.exe
ImageLoaded: C:\Windows\System32\taskschd.dll
FileVersion: 10.0.19041.3636 (WinBuild.160101.0800)
Description: Task Scheduler COM API
Product: Microsoft® Windows® Operating System
Company: Microsoft Corporation
OriginalFileName: taskschd.dll
Hashes: SHA1=633C92F5A5000CDE3235C7FDC306B2B04C501C48,MD5=84F942C1A4BD60C94EBEC6643E0216C9,SHA256=BBE733452E6CE871D5D2064948847AAB2A71F7FEDA2C962BA4002F64E2D198F2,IMPHASH=B7A4477FA36E2E5287EE76AC4AFCB05B
Signed: true
Signature: Microsoft Windows
SignatureStatus: Valid
User: NT AUTHORITY\NETWORK SERVICE""",3,2024-12-22T12:41:30.2566446Z,233389,4960,DESKTOP-QGB4EQH,7,2812,INFORMATION,Microsoft-Windows-Sysmon,16,FALSE,4,Process loaded taskschd.dll module. May be used to create delayed malware execution,"[""sysmon"",""sysmon_eid7_detections"",""windows""]",92154,windows_eventchannel,log,"Dec 22, 2024 @ 12:41:32.108",EventChannel,1734871292,"Dec 22, 2024 @ 12:41:32.108", , , , , , , , , , , , , , ,1760, , , , , , , , , , , , ,"[""Scheduled Task""]","[""T1053.005""]","[""Execution"",""Persistence"",""Privilege Escalation""]", ,C:\\Windows\\System32\\sppsvc.exe, ,{15959494-08d9-6768-f100-000000001300},41:30.2, , ,NT AUTHORITY\\NETWORK SERVICE,taskschd.dll,Microsoft® Windows® Operating System, ,Task Scheduler COM API, , , , ,"SHA1=633C92F5A5000CDE3235C7FDC306B2B04C501C48,MD5=84F942C1A4BD60C94EBEC6643E0216C9,SHA256=BBE733452E6CE871D5D2064948847AAB2A71F7FEDA2C962BA4002F64E2D198F2,IMPHASH=B7A4477FA36E2E5287EE76AC4AFCB05B", ,"technique_id=T1053,technique_name=Scheduled Task",Microsoft Corporation, , ,10.0.19041.3636 (WinBuild.160101.0800), , , ,Microsoft Windows,C:\\Windows\\System32\\taskschd.dll,TRUE,Valid, , , , , , , , , , , , , , , , , , , , , , , , , , , , , , , , , , , , , , , , , , , , , , , , , , , , , , , , , , , , , , , , , , , , , , , , , , , , 
wazuh-alerts-4.x-2024.12.22,AEpf7pMBNimV4ECv9IXu,1,1,192.168.117.139,window-agent3,3,Maryam, , ,7, ,0x8000000000000000,{5770385f-c22a-43e0-bf4c-06f5698ffbd9},4,Microsoft-Windows-Sysmon/Operational,0,"""Image loaded:
RuleName: technique_id=T1053,technique_name=Scheduled Task
UtcTime: 2024-12-22 12:38:00.951
ProcessGuid: {15959494-0806-6768-6b00-000000001300}
ProcessId: 536
Image: C:\Windows\System32\sppsvc.exe
ImageLoaded: C:\Windows\System32\taskschd.dll
FileVersion: 10.0.19041.3636 (WinBuild.160101.0800)
Description: Task Scheduler COM API
Product: Microsoft® Windows® Operating System
Company: Microsoft Corporation
OriginalFileName: taskschd.dll
Hashes: SHA1=633C92F5A5000CDE3235C7FDC306B2B04C501C48,MD5=84F942C1A4BD60C94EBEC6643E0216C9,SHA256=BBE733452E6CE871D5D2064948847AAB2A71F7FEDA2C962BA4002F64E2D198F2,IMPHASH=B7A4477FA36E2E5287EE76AC4AFCB05B
Signed: true
Signature: Microsoft Windows
SignatureStatus: Valid
User: NT AUTHORITY\NETWORK SERVICE""",3,2024-12-22T12:38:00.9582527Z,233296,4960,DESKTOP-QGB4EQH,7,2812,INFORMATION,Microsoft-Windows-Sysmon,7,FALSE,4,Process loaded taskschd.dll module. May be used to create delayed malware execution,"[""sysmon"",""sysmon_eid7_detections"",""windows""]",92154,windows_eventchannel,log,"Dec 22, 2024 @ 12:38:02.447",EventChannel,1734871082,"Dec 22, 2024 @ 12:38:02.447", , , , , , , , , , , , , , ,536, , , , , , , , , , , , ,"[""Scheduled Task""]","[""T1053.005""]","[""Execution"",""Persistence"",""Privilege Escalation""]", ,C:\\Windows\\System32\\sppsvc.exe, ,{15959494-0806-6768-6b00-000000001300},38:01.0, , ,NT AUTHORITY\\NETWORK SERVICE,taskschd.dll,Microsoft® Windows® Operating System, ,Task Scheduler COM API, , , , ,"SHA1=633C92F5A5000CDE3235C7FDC306B2B04C501C48,MD5=84F942C1A4BD60C94EBEC6643E0216C9,SHA256=BBE733452E6CE871D5D2064948847AAB2A71F7FEDA2C962BA4002F64E2D198F2,IMPHASH=B7A4477FA36E2E5287EE76AC4AFCB05B", ,"technique_id=T1053,technique_name=Scheduled Task",Microsoft Corporation, , ,10.0.19041.3636 (WinBuild.160101.0800), , , ,Microsoft Windows,C:\\Windows\\System32\\taskschd.dll,TRUE,Valid, , , , , , , , , , , , , , , , , , , , , , , , , , , , , , , , , , , , , , , , , , , , , , , , , , , , , , , , , , , , , , , , , , , , , , , , , , , , 
wazuh-alerts-4.x-2024.12.22,IUpp7pMBNimV4ECvV4U3,1,1,192.168.117.139,window-agent3,3,Maryam, , ,7, ,0x8000000000000000,{5770385f-c22a-43e0-bf4c-06f5698ffbd9},4,Microsoft-Windows-Sysmon/Operational,0,"""Image loaded:
RuleName: technique_id=T1053,technique_name=Scheduled Task
UtcTime: 2024-12-22 12:48:13.467
ProcessGuid: {15959494-0a64-6768-0301-000000001300}
ProcessId: 4900
Image: C:\Windows\System32\sppsvc.exe
ImageLoaded: C:\Windows\System32\taskschd.dll
FileVersion: 10.0.19041.3636 (WinBuild.160101.0800)
Description: Task Scheduler COM API
Product: Microsoft® Windows® Operating System
Company: Microsoft Corporation
OriginalFileName: taskschd.dll
Hashes: SHA1=633C92F5A5000CDE3235C7FDC306B2B04C501C48,MD5=84F942C1A4BD60C94EBEC6643E0216C9,SHA256=BBE733452E6CE871D5D2064948847AAB2A71F7FEDA2C962BA4002F64E2D198F2,IMPHASH=B7A4477FA36E2E5287EE76AC4AFCB05B
Signed: true
Signature: Microsoft Windows
SignatureStatus: Valid
User: NT AUTHORITY\NETWORK SERVICE""",3,2024-12-22T12:48:13.4706698Z,233404,4960,DESKTOP-QGB4EQH,7,2812,INFORMATION,Microsoft-Windows-Sysmon,19,FALSE,4,Process loaded taskschd.dll module. May be used to create delayed malware execution,"[""sysmon"",""sysmon_eid7_detections"",""windows""]",92154,windows_eventchannel,log,"Dec 22, 2024 @ 12:48:15.341",EventChannel,1734871695,"Dec 22, 2024 @ 12:48:15.341", , , , , , , , , , , , , , ,4900, , , , , , , , , , , , ,"[""Scheduled Task""]","[""T1053.005""]","[""Execution"",""Persistence"",""Privilege Escalation""]", ,C:\\Windows\\System32\\sppsvc.exe, ,{15959494-0a64-6768-0301-000000001300},48:13.5, , ,NT AUTHORITY\\NETWORK SERVICE,taskschd.dll,Microsoft® Windows® Operating System, ,Task Scheduler COM API, , , , ,"SHA1=633C92F5A5000CDE3235C7FDC306B2B04C501C48,MD5=84F942C1A4BD60C94EBEC6643E0216C9,SHA256=BBE733452E6CE871D5D2064948847AAB2A71F7FEDA2C962BA4002F64E2D198F2,IMPHASH=B7A4477FA36E2E5287EE76AC4AFCB05B", ,"technique_id=T1053,technique_name=Scheduled Task",Microsoft Corporation, , ,10.0.19041.3636 (WinBuild.160101.0800), , , ,Microsoft Windows,C:\\Windows\\System32\\taskschd.dll,TRUE,Valid, , , , , , , , , , , , , , , , , , , , , , , , , , , , , , , , , , , , , , , , , , , , , , , , , , , , , , , , , , , , , , , , , , , , , , , , , , , , 
wazuh-alerts-4.x-2024.12.22,Bkpg7pMBNimV4ECv84UE,1,1,192.168.117.139,window-agent3,3,Maryam, , ,7, ,0x8000000000000000,{5770385f-c22a-43e0-bf4c-06f5698ffbd9},4,Microsoft-Windows-Sysmon/Operational,0,"""Image loaded:
RuleName: technique_id=T1053,technique_name=Scheduled Task
UtcTime: 2024-12-22 12:39:08.217
ProcessGuid: {15959494-07e6-6768-1300-000000001300}
ProcessId: 488
Image: C:\Windows\System32\svchost.exe
ImageLoaded: C:\Windows\System32\taskschd.dll
FileVersion: 10.0.19041.3636 (WinBuild.160101.0800)
Description: Task Scheduler COM API
Product: Microsoft® Windows® Operating System
Company: Microsoft Corporation
OriginalFileName: taskschd.dll
Hashes: SHA1=633C92F5A5000CDE3235C7FDC306B2B04C501C48,MD5=84F942C1A4BD60C94EBEC6643E0216C9,SHA256=BBE733452E6CE871D5D2064948847AAB2A71F7FEDA2C962BA4002F64E2D198F2,IMPHASH=B7A4477FA36E2E5287EE76AC4AFCB05B
Signed: true
Signature: Microsoft Windows
SignatureStatus: Valid
User: NT AUTHORITY\SYSTEM""",3,2024-12-22T12:39:08.2263392Z,233308,4960,DESKTOP-QGB4EQH,7,2812,INFORMATION,Microsoft-Windows-Sysmon,9,FALSE,4,Process loaded taskschd.dll module. May be used to create delayed malware execution,"[""sysmon"",""sysmon_eid7_detections"",""windows""]",92154,windows_eventchannel,log,"Dec 22, 2024 @ 12:39:09.244",EventChannel,1734871149,"Dec 22, 2024 @ 12:39:09.244", , , , , , , , , , , , , , ,488, , , , , , , , , , , , ,"[""Scheduled Task""]","[""T1053.005""]","[""Execution"",""Persistence"",""Privilege Escalation""]", ,C:\\Windows\\System32\\svchost.exe, ,{15959494-07e6-6768-1300-000000001300},39:08.2, , ,NT AUTHORITY\\SYSTEM,taskschd.dll,Microsoft® Windows® Operating System, ,Task Scheduler COM API, , , , ,"SHA1=633C92F5A5000CDE3235C7FDC306B2B04C501C48,MD5=84F942C1A4BD60C94EBEC6643E0216C9,SHA256=BBE733452E6CE871D5D2064948847AAB2A71F7FEDA2C962BA4002F64E2D198F2,IMPHASH=B7A4477FA36E2E5287EE76AC4AFCB05B", ,"technique_id=T1053,technique_name=Scheduled Task",Microsoft Corporation, , ,10.0.19041.3636 (WinBuild.160101.0800), , , ,Microsoft Windows,C:\\Windows\\System32\\taskschd.dll,TRUE,Valid, , , , , , , , , , , , , , , , , , , , , , , , , , , , , , , , , , , , , , , , , , , , , , , , , , , , , , , , , , , , , , , , , , , , , , , , , , , , 
wazuh-alerts-4.x-2024.12.22,Jkpt7pMBNimV4ECvO4Vq,1,1,192.168.117.129,agent1,4,Maryam, , ,1014, ,0x4000000010000000,{1c95126e-7eea-49a9-a3fe-a378b03ddb4d},3,System,0,"""Name resolution for the name wpad timed out after none of the configured DNS servers responded.""",0,2024-12-22T12:52:23.5520154Z,2347,4856,DESKTOP-B37GATP,1014,1792,WARNING,Microsoft-Windows-DNS-Client,2,FALSE,5,Name resolution for the name wpad timed out,"[""windows"",""windows_system""]",61109,windows_eventchannel,log,"Dec 22, 2024 @ 12:52:25.147",EventChannel,1734871945,"Dec 22, 2024 @ 12:52:25.147", , , , , , , , , , , , , , , , , , , , , , , , , , , , , , , , , , , , , , , , , , , , , , , , , , , , , , , , , , , , , , , , , , , , , , , , , , , , , , , , , , , , , , , , , , , , , , , , , , , , , , , , ,128,02000000C0A87502000000000000000000000000000000000000000000000000000000000000000000000000000000000000000000000000000000000000000000000000000000000000000000000000000000000000000000000000000000000000000000000000000000000000000000000000000000000000000000000000,wpad, , , , , , , , , , , , , , , , , , , , , , , , , , , , , 
wazuh-alerts-4.x-2024.12.22,Z0p27pMBNimV4ECvYIUC,1,1,192.168.117.139,window-agent3,3,Maryam, , ,4624, ,0x8020000000000000,{54849625-5478-4994-a5ba-3e3b0328c30d},0,Security,0,"""An account was successfully logged on.

Subject:
	Security ID:		S-1-5-18
	Account Name:		DESKTOP-QGB4EQH$
	Account Domain:		WORKGROUP
	Logon ID:		0x3E7

Logon Information:
	Logon Type:		5
	Restricted Admin Mode:	-
	Virtual Account:		No
	Elevated Token:		Yes

Impersonation Level:		Impersonation

New Logon:
	Security ID:		S-1-5-18
	Account Name:		SYSTEM
	Account Domain:		NT AUTHORITY
	Logon ID:		0x3E7
	Linked Logon ID:		0x0
	Network Account Name:	-
	Network Account Domain:	-
	Logon GUID:		{00000000-0000-0000-0000-000000000000}

Process Information:
	Process ID:		0x258
	Process Name:		C:\Windows\System32\services.exe

Network Information:
	Workstation Name:	-
	Source Network Address:	-
	Source Port:		-

Detailed Authentication Information:
	Logon Process:		Advapi  
	Authentication Package:	Negotiate
	Transited Services:	-
	Package Name (NTLM only):	-
	Key Length:		0

This event is generated when a logon session is created. It is generated on the computer that was accessed.

The subject fields indicate the account on the local system which requested the logon. This is most commonly a service such as the Server service, or a local process such as Winlogon.exe or Services.exe.

The logon type field indicates the kind of logon that occurred. The most common types are 2 (interactive) and 3 (network).

The New Logon fields indicate the account for whom the new logon was created, i.e. the account that was logged on.

The network fields indicate where a remote logon request originated. Workstation name is not always available and may be left blank in some cases.

The impersonation level field indicates the extent to which a process in the logon session can impersonate.

The authentication information fields provide detailed information about this specific logon request.
	- Logon GUID is a unique identifier that can be used to correlate this event with a KDC event.
	- Transited services indicate which intermediate services have participated in this logon request.
	- Package name indicates which sub-protocol was used among the NTLM protocols.
	- Key length indicates the length of the generated session key. This will be 0 if no session key was requested.""",2,2024-12-22T13:02:27.0139075Z,21902,764,DESKTOP-QGB4EQH,12544,632,AUDIT_SUCCESS,Microsoft-Windows-Security-Auditing,22,FALSE,3,Windows logon success.,"[""windows"",""windows_security"",""authentication_success""]",60106,windows_eventchannel,log,"Dec 22, 2024 @ 13:02:29.057",EventChannel,1734872549,"Dec 22, 2024 @ 13:02:29.057",0x3e7,WORKGROUP,0x0,%%1833, ,Negotiate, ,0x3e7,Advapi,{00000000-0000-0000-0000-000000000000},SYSTEM,0,%%1842,S-1-5-18,0x258,C:\\Windows\\System32\\services.exe, ,NT AUTHORITY,S-1-5-18,%%1843,5,DESKTOP-QGB4EQH$,"[""164.312.b""]","[""10.2.5""]","[""CC6.8"",""CC7.2"",""CC7.3""]","[""AC.7"",""AU.14""]","[""IV_32.2""]","[""Valid Accounts""]","[""T1078""]","[""Defense Evasion"",""Persistence"",""Privilege Escalation"",""Initial Access""]","[""7.1"",""7.2""]", , , , , , , , , , , , , , , , , , , , , , , , , , , , , , , , , , , , , , , , , , , , , , , , , , , , , , , , , , , , , , , , , , , , , , , , , , , , , , , , , , , , , , , , , , , , , , , , , , , , , , , , , 
wazuh-alerts-4.x-2024.12.22,WUpw7pMBNimV4ECvk4UA,1,1,192.168.117.129,agent1,4,Maryam, , ,4624, ,0x8020000000000000,{54849625-5478-4994-a5ba-3e3b0328c30d},0,Security,0,"""An account was successfully logged on.

Subject:
	Security ID:		S-1-5-18
	Account Name:		DESKTOP-B37GATP$
	Account Domain:		WORKGROUP
	Logon ID:		0x3E7

Logon Information:
	Logon Type:		5
	Restricted Admin Mode:	-
	Virtual Account:		No
	Elevated Token:		Yes

Impersonation Level:		Impersonation

New Logon:
	Security ID:		S-1-5-18
	Account Name:		SYSTEM
	Account Domain:		NT AUTHORITY
	Logon ID:		0x3E7
	Linked Logon ID:		0x0
	Network Account Name:	-
	Network Account Domain:	-
	Logon GUID:		{00000000-0000-0000-0000-000000000000}

Process Information:
	Process ID:		0x2ac
	Process Name:		C:\Windows\System32\services.exe

Network Information:
	Workstation Name:	-
	Source Network Address:	-
	Source Port:		-

Detailed Authentication Information:
	Logon Process:		Advapi  
	Authentication Package:	Negotiate
	Transited Services:	-
	Package Name (NTLM only):	-
	Key Length:		0

This event is generated when a logon session is created. It is generated on the computer that was accessed.

The subject fields indicate the account on the local system which requested the logon. This is most commonly a service such as the Server service, or a local process such as Winlogon.exe or Services.exe.

The logon type field indicates the kind of logon that occurred. The most common types are 2 (interactive) and 3 (network).

The New Logon fields indicate the account for whom the new logon was created, i.e. the account that was logged on.

The network fields indicate where a remote logon request originated. Workstation name is not always available and may be left blank in some cases.

The impersonation level field indicates the extent to which a process in the logon session can impersonate.

The authentication information fields provide detailed information about this specific logon request.
	- Logon GUID is a unique identifier that can be used to correlate this event with a KDC event.
	- Transited services indicate which intermediate services have participated in this logon request.
	- Package name indicates which sub-protocol was used among the NTLM protocols.
	- Key length indicates the length of the generated session key. This will be 0 if no session key was requested.""",2,2024-12-22T12:56:07.4780865Z,11276,780,DESKTOP-B37GATP,12544,724,AUDIT_SUCCESS,Microsoft-Windows-Security-Auditing,19,FALSE,3,Windows logon success.,"[""windows"",""windows_security"",""authentication_success""]",60106,windows_eventchannel,log,"Dec 22, 2024 @ 12:56:08.622",EventChannel,1734872168,"Dec 22, 2024 @ 12:56:08.622",0x3e7,WORKGROUP,0x0,%%1833, ,Negotiate, ,0x3e7,Advapi,{00000000-0000-0000-0000-000000000000},SYSTEM,0,%%1842,S-1-5-18,0x2ac,C:\\Windows\\System32\\services.exe, ,NT AUTHORITY,S-1-5-18,%%1843,5,DESKTOP-B37GATP$,"[""164.312.b""]","[""10.2.5""]","[""CC6.8"",""CC7.2"",""CC7.3""]","[""AC.7"",""AU.14""]","[""IV_32.2""]","[""Valid Accounts""]","[""T1078""]","[""Defense Evasion"",""Persistence"",""Privilege Escalation"",""Initial Access""]","[""7.1"",""7.2""]", , , , , , , , , , , , , , , , , , , , , , , , , , , , , , , , , , , , , , , , , , , , , , , , , , , , , , , , , , , , , , , , , , , , , , , , , , , , , , , , , , , , , , , , , , , , , , , , , , , , , , , , , 
wazuh-alerts-4.x-2024.12.22,b0p87pMBNimV4ECvS4XL,1,1,192.168.117.139,window-agent3,3,Maryam, , ,7, ,0x8000000000000000,{5770385f-c22a-43e0-bf4c-06f5698ffbd9},4,Microsoft-Windows-Sysmon/Operational,0,"""Image loaded:
RuleName: technique_id=T1053,technique_name=Scheduled Task
UtcTime: 2024-12-22 13:08:50.598
ProcessGuid: {15959494-0f62-6768-d801-000000001300}
ProcessId: 6312
Image: C:\Windows\System32\taskhostw.exe
ImageLoaded: C:\Windows\System32\taskschd.dll
FileVersion: 10.0.19041.3636 (WinBuild.160101.0800)
Description: Task Scheduler COM API
Product: Microsoft® Windows® Operating System
Company: Microsoft Corporation
OriginalFileName: taskschd.dll
Hashes: SHA1=633C92F5A5000CDE3235C7FDC306B2B04C501C48,MD5=84F942C1A4BD60C94EBEC6643E0216C9,SHA256=BBE733452E6CE871D5D2064948847AAB2A71F7FEDA2C962BA4002F64E2D198F2,IMPHASH=B7A4477FA36E2E5287EE76AC4AFCB05B
Signed: true
Signature: Microsoft Windows
SignatureStatus: Valid
User: NT AUTHORITY\SYSTEM""",3,2024-12-22T13:08:50.6099299Z,234135,4960,DESKTOP-QGB4EQH,7,2812,INFORMATION,Microsoft-Windows-Sysmon,34,FALSE,4,Process loaded taskschd.dll module. May be used to create delayed malware execution,"[""sysmon"",""sysmon_eid7_detections"",""windows""]",92154,windows_eventchannel,log,"Dec 22, 2024 @ 13:08:52.481",EventChannel,1734872932,"Dec 22, 2024 @ 13:08:52.481", , , , , , , , , , , , , , ,6312, , , , , , , , , , , , ,"[""Scheduled Task""]","[""T1053.005""]","[""Execution"",""Persistence"",""Privilege Escalation""]", ,C:\\Windows\\System32\\taskhostw.exe, ,{15959494-0f62-6768-d801-000000001300},08:50.6, , ,NT AUTHORITY\\SYSTEM,taskschd.dll,Microsoft® Windows® Operating System, ,Task Scheduler COM API, , , , ,"SHA1=633C92F5A5000CDE3235C7FDC306B2B04C501C48,MD5=84F942C1A4BD60C94EBEC6643E0216C9,SHA256=BBE733452E6CE871D5D2064948847AAB2A71F7FEDA2C962BA4002F64E2D198F2,IMPHASH=B7A4477FA36E2E5287EE76AC4AFCB05B", ,"technique_id=T1053,technique_name=Scheduled Task",Microsoft Corporation, , ,10.0.19041.3636 (WinBuild.160101.0800), , , ,Microsoft Windows,C:\\Windows\\System32\\taskschd.dll,TRUE,Valid, , , , , , , , , , , , , , , , , , , , , , , , , , , , , , , , , , , , , , , , , , , , , , , , , , , , , , , , , , , , , , , , , , , , , , , , , , , , 
wazuh-alerts-4.x-2024.12.22,cEp87pMBNimV4ECvS4XL,1,1,192.168.117.139,window-agent3,3,Maryam, , ,1014, ,0x4000000010000000,{1c95126e-7eea-49a9-a3fe-a378b03ddb4d},3,System,0,"""Name resolution for the name wpad timed out after none of the configured DNS servers responded.""",0,2024-12-22T13:08:57.0963252Z,3306,10968,DESKTOP-QGB4EQH,1014,1528,WARNING,Microsoft-Windows-DNS-Client,5,FALSE,5,Name resolution for the name wpad timed out,"[""windows"",""windows_system""]",61109,windows_eventchannel,log,"Dec 22, 2024 @ 13:08:58.992",EventChannel,1734872938,"Dec 22, 2024 @ 13:08:58.992", , , , , , , , , , , , , , , , , , , , , , , , , , , , , , , , , , , , , , , , , , , , , , , , , , , , , , , , , , , , , , , , , , , , , , , , , , , , , , , , , , , , , , , , , , , , , , , , , , , , , , , , ,128,02000000C0A87502000000000000000000000000000000000000000000000000000000000000000000000000000000000000000000000000000000000000000000000000000000000000000000000000000000000000000000000000000000000000000000000000000000000000000000000000000000000000000000000000,wpad, , , , , , , , , , , , , , , , , , , , , , , , , , , , , 
wazuh-alerts-4.x-2024.12.22,fkqC7pMBNimV4ECvrIVH,1,1,192.168.117.139,window-agent3,3,Maryam,"2024-12-23T12:53:49Z, RulesEngine", ,16384,Software Protection Platform Service,0x80000000000000,{E23B33B0-C8C9-472C-A5F9-F2BDFEA0F156},4,Application,0,"""Successfully scheduled Software Protection service for re-start at 2024-12-23T12:53:49Z. Reason: RulesEngine.""",0,2024-12-22T13:15:49.9330603Z,7277,0,DESKTOP-QGB4EQH,0,0,INFORMATION,Microsoft-Windows-Security-SPP,8,FALSE,3,Software protection service scheduled successfully.,"[""windows"",""windows_application""]",60642,windows_eventchannel,log,"Dec 22, 2024 @ 13:15:50.809",EventChannel,1734873350,"Dec 22, 2024 @ 13:15:50.809", , , , , , , , , , , , , , , , , , , , , , , , , , , , , , , , , , , , , , , , , , , , , , , , , , , , , , , , , , , , , , , , , , , , , , , , , , , , , , , , , , , , , , , , , , , , , , , , , , , , , , , , , , , , , , , , , , , , , , , , , , , , , , , , , , , , , , , , 
wazuh-alerts-4.x-2024.12.22,f0qC7pMBNimV4ECvrIVH,1,1,192.168.117.139,window-agent3,3,Maryam, , ,7, ,0x8000000000000000,{5770385f-c22a-43e0-bf4c-06f5698ffbd9},4,Microsoft-Windows-Sysmon/Operational,0,"""Image loaded:
RuleName: technique_id=T1053,technique_name=Scheduled Task
UtcTime: 2024-12-22 13:15:49.870
ProcessGuid: {15959494-10e1-6768-df01-000000001300}
ProcessId: 10836
Image: C:\Windows\System32\sppsvc.exe
ImageLoaded: C:\Windows\System32\taskschd.dll
FileVersion: 10.0.19041.3636 (WinBuild.160101.0800)
Description: Task Scheduler COM API
Product: Microsoft® Windows® Operating System
Company: Microsoft Corporation
OriginalFileName: taskschd.dll
Hashes: SHA1=633C92F5A5000CDE3235C7FDC306B2B04C501C48,MD5=84F942C1A4BD60C94EBEC6643E0216C9,SHA256=BBE733452E6CE871D5D2064948847AAB2A71F7FEDA2C962BA4002F64E2D198F2,IMPHASH=B7A4477FA36E2E5287EE76AC4AFCB05B
Signed: true
Signature: Microsoft Windows
SignatureStatus: Valid
User: NT AUTHORITY\NETWORK SERVICE""",3,2024-12-22T13:15:49.8803351Z,234149,4960,DESKTOP-QGB4EQH,7,2812,INFORMATION,Microsoft-Windows-Sysmon,37,FALSE,4,Process loaded taskschd.dll module. May be used to create delayed malware execution,"[""sysmon"",""sysmon_eid7_detections"",""windows""]",92154,windows_eventchannel,log,"Dec 22, 2024 @ 13:15:51.732",EventChannel,1734873351,"Dec 22, 2024 @ 13:15:51.732", , , , , , , , , , , , , , ,10836, , , , , , , , , , , , ,"[""Scheduled Task""]","[""T1053.005""]","[""Execution"",""Persistence"",""Privilege Escalation""]", ,C:\\Windows\\System32\\sppsvc.exe, ,{15959494-10e1-6768-df01-000000001300},15:49.9, , ,NT AUTHORITY\\NETWORK SERVICE,taskschd.dll,Microsoft® Windows® Operating System, ,Task Scheduler COM API, , , , ,"SHA1=633C92F5A5000CDE3235C7FDC306B2B04C501C48,MD5=84F942C1A4BD60C94EBEC6643E0216C9,SHA256=BBE733452E6CE871D5D2064948847AAB2A71F7FEDA2C962BA4002F64E2D198F2,IMPHASH=B7A4477FA36E2E5287EE76AC4AFCB05B", ,"technique_id=T1053,technique_name=Scheduled Task",Microsoft Corporation, , ,10.0.19041.3636 (WinBuild.160101.0800), , , ,Microsoft Windows,C:\\Windows\\System32\\taskschd.dll,TRUE,Valid, , , , , , , , , , , , , , , , , , , , , , , , , , , , , , , , , , , , , , , , , , , , , , , , , , , , , , , , , , , , , , , , , , , , , , , , , , , , 
wazuh-alerts-4.x-2024.12.22,ZUp07pMBNimV4ECv7IVx,1,1,192.168.117.139,window-agent3,3,Maryam, , ,7, ,0x8000000000000000,{5770385f-c22a-43e0-bf4c-06f5698ffbd9},4,Microsoft-Windows-Sysmon/Operational,0,"""Image loaded:
RuleName: technique_id=T1053,technique_name=Scheduled Task
UtcTime: 2024-12-22 13:00:56.139
ProcessGuid: {15959494-0d88-6768-c601-000000001300}
ProcessId: 12128
Image: C:\Windows\System32\svchost.exe
ImageLoaded: C:\Windows\System32\taskschd.dll
FileVersion: 10.0.19041.3636 (WinBuild.160101.0800)
Description: Task Scheduler COM API
Product: Microsoft® Windows® Operating System
Company: Microsoft Corporation
OriginalFileName: taskschd.dll
Hashes: SHA1=633C92F5A5000CDE3235C7FDC306B2B04C501C48,MD5=84F942C1A4BD60C94EBEC6643E0216C9,SHA256=BBE733452E6CE871D5D2064948847AAB2A71F7FEDA2C962BA4002F64E2D198F2,IMPHASH=B7A4477FA36E2E5287EE76AC4AFCB05B
Signed: true
Signature: Microsoft Windows
SignatureStatus: Valid
User: NT AUTHORITY\SYSTEM""",3,2024-12-22T13:00:56.1486563Z,234090,4960,DESKTOP-QGB4EQH,7,2812,INFORMATION,Microsoft-Windows-Sysmon,31,FALSE,4,Process loaded taskschd.dll module. May be used to create delayed malware execution,"[""sysmon"",""sysmon_eid7_detections"",""windows""]",92154,windows_eventchannel,log,"Dec 22, 2024 @ 13:00:57.827",EventChannel,1734872457,"Dec 22, 2024 @ 13:00:57.827", , , , , , , , , , , , , , ,12128, , , , , , , , , , , , ,"[""Scheduled Task""]","[""T1053.005""]","[""Execution"",""Persistence"",""Privilege Escalation""]", ,C:\\Windows\\System32\\svchost.exe, ,{15959494-0d88-6768-c601-000000001300},00:56.1, , ,NT AUTHORITY\\SYSTEM,taskschd.dll,Microsoft® Windows® Operating System, ,Task Scheduler COM API, , , , ,"SHA1=633C92F5A5000CDE3235C7FDC306B2B04C501C48,MD5=84F942C1A4BD60C94EBEC6643E0216C9,SHA256=BBE733452E6CE871D5D2064948847AAB2A71F7FEDA2C962BA4002F64E2D198F2,IMPHASH=B7A4477FA36E2E5287EE76AC4AFCB05B", ,"technique_id=T1053,technique_name=Scheduled Task",Microsoft Corporation, , ,10.0.19041.3636 (WinBuild.160101.0800), , , ,Microsoft Windows,C:\\Windows\\System32\\taskschd.dll,TRUE,Valid, , , , , , , , , , , , , , , , , , , , , , , , , , , , , , , , , , , , , , , , , , , , , , , , , , , , , , , , , , , , , , , , , , , , , , , , , , , , 
wazuh-alerts-4.x-2024.12.22,bEp47pMBNimV4ECvQIUc,1,1,192.168.117.139,window-agent3,3,Maryam, , ,7, ,0x8000000000000000,{5770385f-c22a-43e0-bf4c-06f5698ffbd9},4,Microsoft-Windows-Sysmon/Operational,0,"""Image loaded:
RuleName: technique_id=T1053,technique_name=Scheduled Task
UtcTime: 2024-12-22 13:04:29.112
ProcessGuid: {15959494-0e5b-6768-d501-000000001300}
ProcessId: 6296
Image: C:\Windows\System32\taskhostw.exe
ImageLoaded: C:\Windows\System32\taskschd.dll
FileVersion: 10.0.19041.3636 (WinBuild.160101.0800)
Description: Task Scheduler COM API
Product: Microsoft® Windows® Operating System
Company: Microsoft Corporation
OriginalFileName: taskschd.dll
Hashes: SHA1=633C92F5A5000CDE3235C7FDC306B2B04C501C48,MD5=84F942C1A4BD60C94EBEC6643E0216C9,SHA256=BBE733452E6CE871D5D2064948847AAB2A71F7FEDA2C962BA4002F64E2D198F2,IMPHASH=B7A4477FA36E2E5287EE76AC4AFCB05B
Signed: true
Signature: Microsoft Windows
SignatureStatus: Valid
User: NT AUTHORITY\SYSTEM""",3,2024-12-22T13:04:29.1241818Z,234129,4960,DESKTOP-QGB4EQH,7,2812,INFORMATION,Microsoft-Windows-Sysmon,33,FALSE,4,Process loaded taskschd.dll module. May be used to create delayed malware execution,"[""sysmon"",""sysmon_eid7_detections"",""windows""]",92154,windows_eventchannel,log,"Dec 22, 2024 @ 13:04:30.837",EventChannel,1734872670,"Dec 22, 2024 @ 13:04:30.837", , , , , , , , , , , , , , ,6296, , , , , , , , , , , , ,"[""Scheduled Task""]","[""T1053.005""]","[""Execution"",""Persistence"",""Privilege Escalation""]", ,C:\\Windows\\System32\\taskhostw.exe, ,{15959494-0e5b-6768-d501-000000001300},04:29.1, , ,NT AUTHORITY\\SYSTEM,taskschd.dll,Microsoft® Windows® Operating System, ,Task Scheduler COM API, , , , ,"SHA1=633C92F5A5000CDE3235C7FDC306B2B04C501C48,MD5=84F942C1A4BD60C94EBEC6643E0216C9,SHA256=BBE733452E6CE871D5D2064948847AAB2A71F7FEDA2C962BA4002F64E2D198F2,IMPHASH=B7A4477FA36E2E5287EE76AC4AFCB05B", ,"technique_id=T1053,technique_name=Scheduled Task",Microsoft Corporation, , ,10.0.19041.3636 (WinBuild.160101.0800), , , ,Microsoft Windows,C:\\Windows\\System32\\taskschd.dll,TRUE,Valid, , , , , , , , , , , , , , , , , , , , , , , , , , , , , , , , , , , , , , , , , , , , , , , , , , , , , , , , , , , , , , , , , , , , , , , , , , , , 
wazuh-alerts-4.x-2024.12.22,Vkpv7pMBNimV4ECvqIWY,1,1,192.168.117.139,window-agent3,3,Maryam, , ,11, ,0x8000000000000000,{5770385f-c22a-43e0-bf4c-06f5698ffbd9},4,Microsoft-Windows-Sysmon/Operational,0,"""File created:
RuleName: technique_id=T1059.001,technique_name=PowerShell
UtcTime: 2024-12-22 12:55:07.137
ProcessGuid: {15959494-0c27-6768-5e01-000000001300}
ProcessId: 7704
Image: C:\Windows\System32\WindowsPowerShell\v1.0\powershell.exe
TargetFilename: C:\Users\mari\AppData\Local\Temp\__PSScriptPolicyTest_a5stl3v5.4wv.ps1
CreationUtcTime: 2024-12-22 12:55:07.137
User: DESKTOP-QGB4EQH\mari""",2,2024-12-22T12:55:07.1840691Z,233863,4960,DESKTOP-QGB4EQH,11,2812,INFORMATION,Microsoft-Windows-Sysmon,1,TRUE,15,Executable file dropped in folder commonly used by malware,"[""sysmon"",""sysmon_eid11_detections"",""windows""]",92213,windows_eventchannel,log,"Dec 22, 2024 @ 12:55:09.051",EventChannel,1734872109,"Dec 22, 2024 @ 12:55:09.051", , , , , , , , , , , , , , ,7704, , , , , , , , , , , , ,"[""Ingress Tool Transfer""]","[""T1105""]","[""Command and Control""]", ,C:\\Windows\\System32\\WindowsPowerShell\\v1.0\\powershell.exe, ,{15959494-0c27-6768-5e01-000000001300},55:07.1, , ,DESKTOP-QGB4EQH\\mari, , , , , , , , , , ,"technique_id=T1059.001,technique_name=PowerShell", , , , , , , , , , , , , , , , , , , , , , , , , , , , , ,C:\\Users\\mari\\AppData\\Local\\Temp\\__PSScriptPolicyTest_a5stl3v5.4wv.ps1,55:07.1, , , , , , , , , , , , , , , , , , , , , , , , , , , , , , , , , , , , , , , , , , , , , , , , , , , , , , , , 
wazuh-alerts-4.x-2024.12.22,Y0p07pMBNimV4ECvFYWk,1,1,192.168.117.129,agent1,4,Maryam, , ,1014, ,0x4000000010000000,{1c95126e-7eea-49a9-a3fe-a378b03ddb4d},3,System,0,"""Name resolution for the name wpad timed out after none of the configured DNS servers responded.""",0,2024-12-22T13:00:00.6274920Z,2349,2044,DESKTOP-B37GATP,1014,1792,WARNING,Microsoft-Windows-DNS-Client,4,FALSE,5,Name resolution for the name wpad timed out,"[""windows"",""windows_system""]",61109,windows_eventchannel,log,"Dec 22, 2024 @ 13:00:02.383",EventChannel,1734872402,"Dec 22, 2024 @ 13:00:02.383", , , , , , , , , , , , , , , , , , , , , , , , , , , , , , , , , , , , , , , , , , , , , , , , , , , , , , , , , , , , , , , , , , , , , , , , , , , , , , , , , , , , , , , , , , , , , , , , , , , , , , , , ,128,02000000C0A87502000000000000000000000000000000000000000000000000000000000000000000000000000000000000000000000000000000000000000000000000000000000000000000000000000000000000000000000000000000000000000000000000000000000000000000000000000000000000000000000000,wpad, , , , , , , , , , , , , , , , , , , , , , , , , , , , , 
wazuh-alerts-4.x-2024.12.22,T0pv7pMBNimV4ECvGIUL,1,1,192.168.117.129,agent1,4,Maryam,"2024-12-23T11:58:32Z, RulesEngine", ,16384,Software Protection Platform Service,0x80000000000000,{E23B33B0-C8C9-472C-A5F9-F2BDFEA0F156},4,Application,0,"""Successfully scheduled Software Protection service for re-start at 2024-12-23T11:58:32Z. Reason: RulesEngine.""",0,2024-12-22T12:54:32.8744320Z,4091,0,DESKTOP-B37GATP,0,0,INFORMATION,Microsoft-Windows-Security-SPP,5,FALSE,3,Software protection service scheduled successfully.,"[""windows"",""windows_application""]",60642,windows_eventchannel,log,"Dec 22, 2024 @ 12:54:33.376",EventChannel,1734872073,"Dec 22, 2024 @ 12:54:33.376", , , , , , , , , , , , , , , , , , , , , , , , , , , , , , , , , , , , , , , , , , , , , , , , , , , , , , , , , , , , , , , , , , , , , , , , , , , , , , , , , , , , , , , , , , , , , , , , , , , , , , , , , , , , , , , , , , , , , , , , , , , , , , , , , , , , , , , , 
wazuh-alerts-4.x-2024.12.22,ikqL7pMBNimV4ECvFYVV,1,1,192.168.117.139,window-agent3,3,Maryam, , ,7, ,0x8000000000000000,{5770385f-c22a-43e0-bf4c-06f5698ffbd9},4,Microsoft-Windows-Sysmon/Operational,0,"""Image loaded:
RuleName: technique_id=T1053,technique_name=Scheduled Task
UtcTime: 2024-12-22 13:25:09.512
ProcessGuid: {15959494-1335-6768-ef01-000000001300}
ProcessId: 6000
Image: C:\Windows\System32\svchost.exe
ImageLoaded: C:\Windows\System32\taskschd.dll
FileVersion: 10.0.19041.3636 (WinBuild.160101.0800)
Description: Task Scheduler COM API
Product: Microsoft® Windows® Operating System
Company: Microsoft Corporation
OriginalFileName: taskschd.dll
Hashes: SHA1=633C92F5A5000CDE3235C7FDC306B2B04C501C48,MD5=84F942C1A4BD60C94EBEC6643E0216C9,SHA256=BBE733452E6CE871D5D2064948847AAB2A71F7FEDA2C962BA4002F64E2D198F2,IMPHASH=B7A4477FA36E2E5287EE76AC4AFCB05B
Signed: true
Signature: Microsoft Windows
SignatureStatus: Valid
User: NT AUTHORITY\SYSTEM""",3,2024-12-22T13:25:09.5187483Z,234253,4960,DESKTOP-QGB4EQH,7,2812,INFORMATION,Microsoft-Windows-Sysmon,39,FALSE,4,Process loaded taskschd.dll module. May be used to create delayed malware execution,"[""sysmon"",""sysmon_eid7_detections"",""windows""]",92154,windows_eventchannel,log,"Dec 22, 2024 @ 13:25:11.298",EventChannel,1734873911,"Dec 22, 2024 @ 13:25:11.298", , , , , , , , , , , , , , ,6000, , , , , , , , , , , , ,"[""Scheduled Task""]","[""T1053.005""]","[""Execution"",""Persistence"",""Privilege Escalation""]", ,C:\\Windows\\System32\\svchost.exe, ,{15959494-1335-6768-ef01-000000001300},25:09.5, , ,NT AUTHORITY\\SYSTEM,taskschd.dll,Microsoft® Windows® Operating System, ,Task Scheduler COM API, , , , ,"SHA1=633C92F5A5000CDE3235C7FDC306B2B04C501C48,MD5=84F942C1A4BD60C94EBEC6643E0216C9,SHA256=BBE733452E6CE871D5D2064948847AAB2A71F7FEDA2C962BA4002F64E2D198F2,IMPHASH=B7A4477FA36E2E5287EE76AC4AFCB05B", ,"technique_id=T1053,technique_name=Scheduled Task",Microsoft Corporation, , ,10.0.19041.3636 (WinBuild.160101.0800), , , ,Microsoft Windows,C:\\Windows\\System32\\taskschd.dll,TRUE,Valid, , , , , , , , , , , , , , , , , , , , , , , , , , , , , , , , , , , , , , , , , , , , , , , , , , , , , , , , , , , , , , , , , , , , , , , , , , , , 
