wazuh-alerts-4.x-2024.12.22,zkrt7ZMBNimV4ECvf4JP,1,1,192.168.117.139,window-agent3,3,Maryam, , ,13, ,0x8000000000000000,{5770385f-c22a-43e0-bf4c-06f5698ffbd9},4,Microsoft-Windows-Sysmon/Operational,0,"""Registry value set:
RuleName: -
EventType: SetValue
UtcTime: 2024-12-22 10:32:57.022
ProcessGuid: {15959494-e9e0-6767-0b00-000000001200}
ProcessId: 652
Image: C:\WINDOWS\system32\services.exe
TargetObject: HKLM\System\CurrentControlSet\Services\PimIndexMaintenanceSvc_17feb2\ImagePath
Details: C:\WINDOWS\system32\svchost.exe -k UnistackSvcGroup
User: NT AUTHORITY\SYSTEM""",2,2024-12-22T10:32:57.0523087Z,229954,4988,DESKTOP-QGB4EQH,13,2868,INFORMATION,Microsoft-Windows-Sysmon,15,FALSE,3,Evidence of new service creation found in registry under HKLM\\System\\CurrentControlSet\\Services\\PimIndexMaintenanceSvc_17feb2\\ImagePath binary is: C:\\WINDOWS\\system32\\svchost.exe -k UnistackSvcGroup,"[""sysmon"",""sysmon_eid13_detections"",""windows""]",92307,windows_eventchannel,log,"Dec 22, 2024 @ 10:33:02.928",EventChannel,1734863582,"Dec 22, 2024 @ 10:33:02.928", , , , , , , , , , , , , , ,652, , , , , , , , , , , , ,"[""Windows Service""]","[""T1543.003""]","[""Persistence"",""Privilege Escalation""]", ,C:\\WINDOWS\\system32\\services.exe,HKLM\\System\\CurrentControlSet\\Services\\PimIndexMaintenanceSvc_17feb2\\ImagePath,{15959494-e9e0-6767-0b00-000000001200},32:57.0,C:\\WINDOWS\\system32\\svchost.exe -k UnistackSvcGroup,SetValue,NT AUTHORITY\\SYSTEM, , , , , , , , , , , , , , , , , , , , , , , , , , , , , , , , , , , , , , , , , , , , , , , , , , , , , , , , , , , , , , , , , , , , , , , , , , , , , , , , , , , , , , , , , , , , , , , , , , 
wazuh-alerts-4.x-2024.12.22,z0rt7ZMBNimV4ECvf4JP,1,1,192.168.117.139,window-agent3,3,Maryam, , ,13, ,0x8000000000000000,{5770385f-c22a-43e0-bf4c-06f5698ffbd9},4,Microsoft-Windows-Sysmon/Operational,0,"""Registry value set:
RuleName: -
EventType: SetValue
UtcTime: 2024-12-22 10:32:57.022
ProcessGuid: {15959494-e9e0-6767-0b00-000000001200}
ProcessId: 652
Image: C:\WINDOWS\system32\services.exe
TargetObject: HKLM\System\CurrentControlSet\Services\PrintWorkflowUserSvc_17feb2\ImagePath
Details: C:\WINDOWS\system32\svchost.exe -k PrintWorkflow
User: NT AUTHORITY\SYSTEM""",2,2024-12-22T10:32:57.0529765Z,229962,4988,DESKTOP-QGB4EQH,13,2868,INFORMATION,Microsoft-Windows-Sysmon,16,FALSE,3,Evidence of new service creation found in registry under HKLM\\System\\CurrentControlSet\\Services\\PrintWorkflowUserSvc_17feb2\\ImagePath binary is: C:\\WINDOWS\\system32\\svchost.exe -k PrintWorkflow,"[""sysmon"",""sysmon_eid13_detections"",""windows""]",92307,windows_eventchannel,log,"Dec 22, 2024 @ 10:33:03.048",EventChannel,1734863583,"Dec 22, 2024 @ 10:33:03.048", , , , , , , , , , , , , , ,652, , , , , , , , , , , , ,"[""Windows Service""]","[""T1543.003""]","[""Persistence"",""Privilege Escalation""]", ,C:\\WINDOWS\\system32\\services.exe,HKLM\\System\\CurrentControlSet\\Services\\PrintWorkflowUserSvc_17feb2\\ImagePath,{15959494-e9e0-6767-0b00-000000001200},32:57.0,C:\\WINDOWS\\system32\\svchost.exe -k PrintWorkflow,SetValue,NT AUTHORITY\\SYSTEM, , , , , , , , , , , , , , , , , , , , , , , , , , , , , , , , , , , , , , , , , , , , , , , , , , , , , , , , , , , , , , , , , , , , , , , , , , , , , , , , , , , , , , , , , , , , , , , , , , 
wazuh-alerts-4.x-2024.12.22,0Urt7ZMBNimV4ECvf4JP,1,1,192.168.117.139,window-agent3,3,Maryam, , ,13, ,0x8000000000000000,{5770385f-c22a-43e0-bf4c-06f5698ffbd9},4,Microsoft-Windows-Sysmon/Operational,0,"""Registry value set:
RuleName: -
EventType: SetValue
UtcTime: 2024-12-22 10:32:57.022
ProcessGuid: {15959494-e9e0-6767-0b00-000000001200}
ProcessId: 652
Image: C:\WINDOWS\system32\services.exe
TargetObject: HKLM\System\CurrentControlSet\Services\UnistoreSvc_17feb2\ImagePath
Details: C:\WINDOWS\System32\svchost.exe -k UnistackSvcGroup
User: NT AUTHORITY\SYSTEM""",2,2024-12-22T10:32:57.0581711Z,229983,4988,DESKTOP-QGB4EQH,13,2868,INFORMATION,Microsoft-Windows-Sysmon,18,FALSE,3,Evidence of new service creation found in registry under HKLM\\System\\CurrentControlSet\\Services\\UnistoreSvc_17feb2\\ImagePath binary is: C:\\WINDOWS\\System32\\svchost.exe -k UnistackSvcGroup,"[""sysmon"",""sysmon_eid13_detections"",""windows""]",92307,windows_eventchannel,log,"Dec 22, 2024 @ 10:33:03.507",EventChannel,1734863583,"Dec 22, 2024 @ 10:33:03.507", , , , , , , , , , , , , , ,652, , , , , , , , , , , , ,"[""Windows Service""]","[""T1543.003""]","[""Persistence"",""Privilege Escalation""]", ,C:\\WINDOWS\\system32\\services.exe,HKLM\\System\\CurrentControlSet\\Services\\UnistoreSvc_17feb2\\ImagePath,{15959494-e9e0-6767-0b00-000000001200},32:57.0,C:\\WINDOWS\\System32\\svchost.exe -k UnistackSvcGroup,SetValue,NT AUTHORITY\\SYSTEM, , , , , , , , , , , , , , , , , , , , , , , , , , , , , , , , , , , , , , , , , , , , , , , , , , , , , , , , , , , , , , , , , , , , , , , , , , , , , , , , , , , , , , , , , , , , , , , , , , 
wazuh-alerts-4.x-2024.12.22,1krt7ZMBNimV4ECvhYLr,1,1,192.168.117.139,window-agent3,3,Maryam, , ,4624, ,0x8020000000000000,{54849625-5478-4994-a5ba-3e3b0328c30d},0,Security,0,"""An account was successfully logged on.

Subject:
	Security ID:		S-1-5-18
	Account Name:		DESKTOP-QGB4EQH$
	Account Domain:		WORKGROUP
	Logon ID:		0x3E7

Logon Information:
	Logon Type:		5
	Restricted Admin Mode:	-
	Virtual Account:		No
	Elevated Token:		Yes

Impersonation Level:		Impersonation

New Logon:
	Security ID:		S-1-5-18
	Account Name:		SYSTEM
	Account Domain:		NT AUTHORITY
	Logon ID:		0x3E7
	Linked Logon ID:		0x0
	Network Account Name:	-
	Network Account Domain:	-
	Logon GUID:		{00000000-0000-0000-0000-000000000000}

Process Information:
	Process ID:		0x28c
	Process Name:		C:\Windows\System32\services.exe

Network Information:
	Workstation Name:	-
	Source Network Address:	-
	Source Port:		-

Detailed Authentication Information:
	Logon Process:		Advapi  
	Authentication Package:	Negotiate
	Transited Services:	-
	Package Name (NTLM only):	-
	Key Length:		0

This event is generated when a logon session is created. It is generated on the computer that was accessed.

The subject fields indicate the account on the local system which requested the logon. This is most commonly a service such as the Server service, or a local process such as Winlogon.exe or Services.exe.

The logon type field indicates the kind of logon that occurred. The most common types are 2 (interactive) and 3 (network).

The New Logon fields indicate the account for whom the new logon was created, i.e. the account that was logged on.

The network fields indicate where a remote logon request originated. Workstation name is not always available and may be left blank in some cases.

The impersonation level field indicates the extent to which a process in the logon session can impersonate.

The authentication information fields provide detailed information about this specific logon request.
	- Logon GUID is a unique identifier that can be used to correlate this event with a KDC event.
	- Transited services indicate which intermediate services have participated in this logon request.
	- Package name indicates which sub-protocol was used among the NTLM protocols.
	- Key length indicates the length of the generated session key. This will be 0 if no session key was requested.""",2,2024-12-22T10:33:01.3295028Z,21562,720,DESKTOP-QGB4EQH,12544,672,AUDIT_SUCCESS,Microsoft-Windows-Security-Auditing,3,FALSE,3,Windows logon success.,"[""windows"",""windows_security"",""authentication_success""]",60106,windows_eventchannel,log,"Dec 22, 2024 @ 10:33:04.647",EventChannel,1734863584,"Dec 22, 2024 @ 10:33:04.647",0x3e7,WORKGROUP,0x0,%%1833, ,Negotiate, ,0x3e7,Advapi,{00000000-0000-0000-0000-000000000000},SYSTEM,0,%%1842,S-1-5-18,0x28c,C:\\Windows\\System32\\services.exe, ,NT AUTHORITY,S-1-5-18,%%1843,5,DESKTOP-QGB4EQH$,"[""164.312.b""]","[""10.2.5""]","[""CC6.8"",""CC7.2"",""CC7.3""]","[""AC.7"",""AU.14""]","[""IV_32.2""]","[""Valid Accounts""]","[""T1078""]","[""Defense Evasion"",""Persistence"",""Privilege Escalation"",""Initial Access""]","[""7.1"",""7.2""]", , , , , , , , , , , , , , , , , , , , , , , , , , , , , , , , , , , , , , , , , , , , , , , , , , , , , , , , , , , , , , , , , , , , , , , , , , , , , , , , , , , , , , , , , , , , , , , , , , , , , , , , , 
wazuh-alerts-4.x-2024.12.22,gErq7ZMBNimV4ECvNoIV,1,1,192.168.117.139,window-agent3,3,Maryam, , ,7, ,0x8000000000000000,{5770385f-c22a-43e0-bf4c-06f5698ffbd9},4,Microsoft-Windows-Sysmon/Operational,0,"""Image loaded:
RuleName: technique_id=T1053,technique_name=Scheduled Task
UtcTime: 2024-12-22 10:28:54.898
ProcessGuid: {15959494-e9e4-6767-1d00-000000001200}
ProcessId: 1524
Image: C:\Windows\System32\svchost.exe
ImageLoaded: C:\Windows\System32\taskschd.dll
FileVersion: 10.0.19041.3636 (WinBuild.160101.0800)
Description: Task Scheduler COM API
Product: Microsoft® Windows® Operating System
Company: Microsoft Corporation
OriginalFileName: taskschd.dll
Hashes: SHA1=633C92F5A5000CDE3235C7FDC306B2B04C501C48,MD5=84F942C1A4BD60C94EBEC6643E0216C9,SHA256=BBE733452E6CE871D5D2064948847AAB2A71F7FEDA2C962BA4002F64E2D198F2,IMPHASH=B7A4477FA36E2E5287EE76AC4AFCB05B
Signed: true
Signature: Microsoft Windows
SignatureStatus: Valid
User: NT AUTHORITY\NETWORK SERVICE""",3,2024-12-22T10:29:26.0715356Z,229509,4992,DESKTOP-QGB4EQH,7,2868,INFORMATION,Microsoft-Windows-Sysmon,2,FALSE,4,Process loaded taskschd.dll module. May be used to create delayed malware execution,"[""sysmon"",""sysmon_eid7_detections"",""windows""]",92154,windows_eventchannel,log,"Dec 22, 2024 @ 10:29:28.323",EventChannel,1734863368,"Dec 22, 2024 @ 10:29:28.323", , , , , , , , , , , , , , ,1524, , , , , , , , , , , , ,"[""Scheduled Task""]","[""T1053.005""]","[""Execution"",""Persistence"",""Privilege Escalation""]", ,C:\\Windows\\System32\\svchost.exe, ,{15959494-e9e4-6767-1d00-000000001200},28:54.9, , ,NT AUTHORITY\\NETWORK SERVICE,taskschd.dll,Microsoft® Windows® Operating System, ,Task Scheduler COM API, , , , ,"SHA1=633C92F5A5000CDE3235C7FDC306B2B04C501C48,MD5=84F942C1A4BD60C94EBEC6643E0216C9,SHA256=BBE733452E6CE871D5D2064948847AAB2A71F7FEDA2C962BA4002F64E2D198F2,IMPHASH=B7A4477FA36E2E5287EE76AC4AFCB05B", ,"technique_id=T1053,technique_name=Scheduled Task",Microsoft Corporation, , ,10.0.19041.3636 (WinBuild.160101.0800), , , ,Microsoft Windows,C:\\Windows\\System32\\taskschd.dll,TRUE,Valid, , , , , , , , , , , , , , , , , , , , , , , , , , , , , , , , , , , , , , , , , , , , , , , , , , , , , , , , , , , , , , , , , , , , , , , , , , , , 
wazuh-alerts-4.x-2024.12.22,gUrq7ZMBNimV4ECvNoIV,1,1,192.168.117.139,window-agent3,3,Maryam, , ,7, ,0x8000000000000000,{5770385f-c22a-43e0-bf4c-06f5698ffbd9},4,Microsoft-Windows-Sysmon/Operational,0,"""Image loaded:
RuleName: technique_id=T1053,technique_name=Scheduled Task
UtcTime: 2024-12-22 10:28:51.303
ProcessGuid: {15959494-e9e2-6767-1200-000000001200}
ProcessId: 396
Image: C:\Windows\System32\svchost.exe
ImageLoaded: C:\Windows\System32\taskschd.dll
FileVersion: 10.0.19041.3636 (WinBuild.160101.0800)
Description: Task Scheduler COM API
Product: Microsoft® Windows® Operating System
Company: Microsoft Corporation
OriginalFileName: taskschd.dll
Hashes: SHA1=633C92F5A5000CDE3235C7FDC306B2B04C501C48,MD5=84F942C1A4BD60C94EBEC6643E0216C9,SHA256=BBE733452E6CE871D5D2064948847AAB2A71F7FEDA2C962BA4002F64E2D198F2,IMPHASH=B7A4477FA36E2E5287EE76AC4AFCB05B
Signed: true
Signature: Microsoft Windows
SignatureStatus: Valid
User: NT AUTHORITY\SYSTEM""",3,2024-12-22T10:29:26.0717357Z,229510,4992,DESKTOP-QGB4EQH,7,2868,INFORMATION,Microsoft-Windows-Sysmon,3,FALSE,4,Process loaded taskschd.dll module. May be used to create delayed malware execution,"[""sysmon"",""sysmon_eid7_detections"",""windows""]",92154,windows_eventchannel,log,"Dec 22, 2024 @ 10:29:28.352",EventChannel,1734863368,"Dec 22, 2024 @ 10:29:28.352", , , , , , , , , , , , , , ,396, , , , , , , , , , , , ,"[""Scheduled Task""]","[""T1053.005""]","[""Execution"",""Persistence"",""Privilege Escalation""]", ,C:\\Windows\\System32\\svchost.exe, ,{15959494-e9e2-6767-1200-000000001200},28:51.3, , ,NT AUTHORITY\\SYSTEM,taskschd.dll,Microsoft® Windows® Operating System, ,Task Scheduler COM API, , , , ,"SHA1=633C92F5A5000CDE3235C7FDC306B2B04C501C48,MD5=84F942C1A4BD60C94EBEC6643E0216C9,SHA256=BBE733452E6CE871D5D2064948847AAB2A71F7FEDA2C962BA4002F64E2D198F2,IMPHASH=B7A4477FA36E2E5287EE76AC4AFCB05B", ,"technique_id=T1053,technique_name=Scheduled Task",Microsoft Corporation, , ,10.0.19041.3636 (WinBuild.160101.0800), , , ,Microsoft Windows,C:\\Windows\\System32\\taskschd.dll,TRUE,Valid, , , , , , , , , , , , , , , , , , , , , , , , , , , , , , , , , , , , , , , , , , , , , , , , , , , , , , , , , , , , , , , , , , , , , , , , , , , , 
wazuh-alerts-4.x-2024.12.22,gkrq7ZMBNimV4ECvOYL5,1,1,192.168.117.139,window-agent3,3,Maryam, , ,1, ,0x8000000000000000,{5770385f-c22a-43e0-bf4c-06f5698ffbd9},4,Microsoft-Windows-Sysmon/Operational,0,"""Process Create:
RuleName: technique_id=T1018,technique_name=Remote System Discovery
UtcTime: 2024-12-22 10:29:10.031
ProcessGuid: {15959494-e9f6-6767-4b00-000000001200}
ProcessId: 2604
Image: C:\Windows\SysWOW64\net.exe
FileVersion: 10.0.19041.1 (WinBuild.160101.0800)
Description: Net Command
Product: Microsoft® Windows® Operating System
Company: Microsoft Corporation
OriginalFileName: net.exe
CommandLine: net.exe accounts
CurrentDirectory: C:\Program Files (x86)\ossec-agent\
User: NT AUTHORITY\SYSTEM
LogonGuid: {15959494-e9e1-6767-e703-000000000000}
LogonId: 0x3E7
TerminalSessionId: 0
IntegrityLevel: System
Hashes: SHA1=A5BADC2DD4DBAA8ED5F0A3646F7248BF060A2F13,MD5=31890A7DE89936F922D44D677F681A7F,SHA256=7C4C7725E266F12ABA8C50FD1598D4001201BCA0E7ACA901508307E365AFFF42,IMPHASH=AC592B83B5CAEB41A6F6DF7DB53F9076
ParentProcessGuid: {15959494-e9ec-6767-3500-000000001200}
ParentProcessId: 2816
ParentImage: C:\Program Files (x86)\ossec-agent\wazuh-agent.exe
ParentCommandLine: ""C:\Program Files (x86)\ossec-agent\wazuh-agent.exe""
ParentUser: NT AUTHORITY\SYSTEM""",5,2024-12-22T10:29:27.0769611Z,229525,4988,DESKTOP-QGB4EQH,1,2868,INFORMATION,Microsoft-Windows-Sysmon,1,FALSE,3,Discovery activity executed,"[""sysmon"",""sysmon_eid1_detections"",""windows""]",92031,windows_eventchannel,log,"Dec 22, 2024 @ 10:29:28.940",EventChannel,1734863368,"Dec 22, 2024 @ 10:29:28.940", , , , , , , , , ,{15959494-e9e1-6767-e703-000000000000}, , , , ,2604, , , , , , , , , , , , ,"[""Account Discovery""]","[""T1087""]","[""Discovery""]", ,C:\\Windows\\SysWOW64\\net.exe, ,{15959494-e9f6-6767-4b00-000000001200},29:10.0, , ,NT AUTHORITY\\SYSTEM,net.exe,Microsoft® Windows® Operating System,{15959494-e9ec-6767-3500-000000001200},Net Command,"\""C:\\Program Files (x86)\\ossec-agent\\wazuh-agent.exe\""",0x3e7,2816,C:\\Program Files (x86)\\ossec-agent\\,"SHA1=A5BADC2DD4DBAA8ED5F0A3646F7248BF060A2F13,MD5=31890A7DE89936F922D44D677F681A7F,SHA256=7C4C7725E266F12ABA8C50FD1598D4001201BCA0E7ACA901508307E365AFFF42,IMPHASH=AC592B83B5CAEB41A6F6DF7DB53F9076",C:\\Program Files (x86)\\ossec-agent\\wazuh-agent.exe,"technique_id=T1018,technique_name=Remote System Discovery",Microsoft Corporation,net.exe accounts,System,10.0.19041.1 (WinBuild.160101.0800),0,NT AUTHORITY\\SYSTEM, , , , , , , , , , , , , , , , , , , , , , , , , , , , , , , , , , , , , , , , , , , , , , , , , , , , , , , , , , , , , , , , , , , , , , , , , , , , , , , , , 
wazuh-alerts-4.x-2024.12.22,ekrq7ZMBNimV4ECvA4JE,1,1,192.168.117.139,window-agent3,3,Maryam, , ,1003,Windows Search Service,0x80000000000000,{CA4E628D-8567-4896-AB6B-835B221F373F},4,Application,0,"""The Windows Search Service started.
""",0,2024-12-22T10:29:13.5070062Z,7118,0,DESKTOP-QGB4EQH,1,0,INFORMATION,Microsoft-Windows-Search,1,FALSE,3,The Windows search service started.,"[""windows"",""windows_application""]",60668,windows_eventchannel,log,"Dec 22, 2024 @ 10:29:13.997",EventChannel,1734863353,"Dec 22, 2024 @ 10:29:13.997", , , , , , , , , , , , , , , , , , , , , , , , , , , , , , , , , , , , , , , , , , , , , , , , , , , , , , , , , , , , , , , , , , , , , , , , , , , , , , , , , , , , , , , , , , , , , , , , , , , , , , , , , , , , , , , , , , , , , , , , , , , , , , , , , , , , , , , , 
wazuh-alerts-4.x-2024.12.22,fErq7ZMBNimV4ECvD4IK,1,1,192.168.117.139,window-agent3,3,Maryam, , ,4624, ,0x8020000000000000,{54849625-5478-4994-a5ba-3e3b0328c30d},0,Security,0,"""An account was successfully logged on.

Subject:
	Security ID:		S-1-5-18
	Account Name:		DESKTOP-QGB4EQH$
	Account Domain:		WORKGROUP
	Logon ID:		0x3E7

Logon Information:
	Logon Type:		5
	Restricted Admin Mode:	-
	Virtual Account:		No
	Elevated Token:		Yes

Impersonation Level:		Impersonation

New Logon:
	Security ID:		S-1-5-18
	Account Name:		SYSTEM
	Account Domain:		NT AUTHORITY
	Logon ID:		0x3E7
	Linked Logon ID:		0x0
	Network Account Name:	-
	Network Account Domain:	-
	Logon GUID:		{00000000-0000-0000-0000-000000000000}

Process Information:
	Process ID:		0x28c
	Process Name:		C:\Windows\System32\services.exe

Network Information:
	Workstation Name:	-
	Source Network Address:	-
	Source Port:		-

Detailed Authentication Information:
	Logon Process:		Advapi  
	Authentication Package:	Negotiate
	Transited Services:	-
	Package Name (NTLM only):	-
	Key Length:		0

This event is generated when a logon session is created. It is generated on the computer that was accessed.

The subject fields indicate the account on the local system which requested the logon. This is most commonly a service such as the Server service, or a local process such as Winlogon.exe or Services.exe.

The logon type field indicates the kind of logon that occurred. The most common types are 2 (interactive) and 3 (network).

The New Logon fields indicate the account for whom the new logon was created, i.e. the account that was logged on.

The network fields indicate where a remote logon request originated. Workstation name is not always available and may be left blank in some cases.

The impersonation level field indicates the extent to which a process in the logon session can impersonate.

The authentication information fields provide detailed information about this specific logon request.
	- Logon GUID is a unique identifier that can be used to correlate this event with a KDC event.
	- Transited services indicate which intermediate services have participated in this logon request.
	- Package name indicates which sub-protocol was used among the NTLM protocols.
	- Key length indicates the length of the generated session key. This will be 0 if no session key was requested.""",2,2024-12-22T10:29:15.3352342Z,21529,1056,DESKTOP-QGB4EQH,12544,672,AUDIT_SUCCESS,Microsoft-Windows-Security-Auditing,14,FALSE,3,Windows logon success.,"[""windows"",""windows_security"",""authentication_success""]",60106,windows_eventchannel,log,"Dec 22, 2024 @ 10:29:16.862",EventChannel,1734863356,"Dec 22, 2024 @ 10:29:16.862",0x3e7,WORKGROUP,0x0,%%1833, ,Negotiate, ,0x3e7,Advapi,{00000000-0000-0000-0000-000000000000},SYSTEM,0,%%1842,S-1-5-18,0x28c,C:\\Windows\\System32\\services.exe, ,NT AUTHORITY,S-1-5-18,%%1843,5,DESKTOP-QGB4EQH$,"[""164.312.b""]","[""10.2.5""]","[""CC6.8"",""CC7.2"",""CC7.3""]","[""AC.7"",""AU.14""]","[""IV_32.2""]","[""Valid Accounts""]","[""T1078""]","[""Defense Evasion"",""Persistence"",""Privilege Escalation"",""Initial Access""]","[""7.1"",""7.2""]", , , , , , , , , , , , , , , , , , , , , , , , , , , , , , , , , , , , , , , , , , , , , , , , , , , , , , , , , , , , , , , , , , , , , , , , , , , , , , , , , , , , , , , , , , , , , , , , , , , , , , , , , 
wazuh-alerts-4.x-2024.12.22,ckro7ZMBNimV4ECvfIKX,1,1,192.168.117.129,agent1,4,Maryam, , ,4624, ,0x8020000000000000,{54849625-5478-4994-a5ba-3e3b0328c30d},0,Security,0,"""An account was successfully logged on.

Subject:
	Security ID:		S-1-5-18
	Account Name:		DESKTOP-B37GATP$
	Account Domain:		WORKGROUP
	Logon ID:		0x3E7

Logon Information:
	Logon Type:		5
	Restricted Admin Mode:	-
	Virtual Account:		No
	Elevated Token:		Yes

Impersonation Level:		Impersonation

New Logon:
	Security ID:		S-1-5-18
	Account Name:		SYSTEM
	Account Domain:		NT AUTHORITY
	Logon ID:		0x3E7
	Linked Logon ID:		0x0
	Network Account Name:	-
	Network Account Domain:	-
	Logon GUID:		{00000000-0000-0000-0000-000000000000}

Process Information:
	Process ID:		0x29c
	Process Name:		C:\Windows\System32\services.exe

Network Information:
	Workstation Name:	-
	Source Network Address:	-
	Source Port:		-

Detailed Authentication Information:
	Logon Process:		Advapi  
	Authentication Package:	Negotiate
	Transited Services:	-
	Package Name (NTLM only):	-
	Key Length:		0

This event is generated when a logon session is created. It is generated on the computer that was accessed.

The subject fields indicate the account on the local system which requested the logon. This is most commonly a service such as the Server service, or a local process such as Winlogon.exe or Services.exe.

The logon type field indicates the kind of logon that occurred. The most common types are 2 (interactive) and 3 (network).

The New Logon fields indicate the account for whom the new logon was created, i.e. the account that was logged on.

The network fields indicate where a remote logon request originated. Workstation name is not always available and may be left blank in some cases.

The impersonation level field indicates the extent to which a process in the logon session can impersonate.

The authentication information fields provide detailed information about this specific logon request.
	- Logon GUID is a unique identifier that can be used to correlate this event with a KDC event.
	- Transited services indicate which intermediate services have participated in this logon request.
	- Package name indicates which sub-protocol was used among the NTLM protocols.
	- Key length indicates the length of the generated session key. This will be 0 if no session key was requested.""",2,2024-12-22T10:27:33.8351209Z,10890,796,DESKTOP-B37GATP,12544,712,AUDIT_SUCCESS,Microsoft-Windows-Security-Auditing,13,FALSE,3,Windows logon success.,"[""windows"",""windows_security"",""authentication_success""]",60106,windows_eventchannel,log,"Dec 22, 2024 @ 10:27:35.148",EventChannel,1734863255,"Dec 22, 2024 @ 10:27:35.148",0x3e7,WORKGROUP,0x0,%%1833, ,Negotiate, ,0x3e7,Advapi,{00000000-0000-0000-0000-000000000000},SYSTEM,0,%%1842,S-1-5-18,0x29c,C:\\Windows\\System32\\services.exe, ,NT AUTHORITY,S-1-5-18,%%1843,5,DESKTOP-B37GATP$,"[""164.312.b""]","[""10.2.5""]","[""CC6.8"",""CC7.2"",""CC7.3""]","[""AC.7"",""AU.14""]","[""IV_32.2""]","[""Valid Accounts""]","[""T1078""]","[""Defense Evasion"",""Persistence"",""Privilege Escalation"",""Initial Access""]","[""7.1"",""7.2""]", , , , , , , , , , , , , , , , , , , , , , , , , , , , , , , , , , , , , , , , , , , , , , , , , , , , , , , , , , , , , , , , , , , , , , , , , , , , , , , , , , , , , , , , , , , , , , , , , , , , , , , , , 
wazuh-alerts-4.x-2024.12.22,iErq7ZMBNimV4ECvaILk,1,1,192.168.117.139,window-agent3,3,Maryam, , ,7, ,0x8000000000000000,{5770385f-c22a-43e0-bf4c-06f5698ffbd9},4,Microsoft-Windows-Sysmon/Operational,0,"""Image loaded:
RuleName: technique_id=T1210,technique_name=Exploitation of Remote Services
UtcTime: 2024-12-22 10:29:33.069
ProcessGuid: {15959494-e9e6-6767-2500-000000001200}
ProcessId: 1144
Image: C:\Windows\System32\spoolsv.exe
ImageLoaded: C:\Windows\System32\spool\drivers\x64\3\PrintConfig.dll
FileVersion: 10.0.19041.5247 (WinBuild.160101.0800)
Description: PrintConfig User Interface
Product: Microsoft® Windows® Operating System
Company: Microsoft Corporation
OriginalFileName: PRINTCONFIG.DLL
Hashes: SHA1=22ADA40975F889296C7F11AE73505EB031EC5196,MD5=1CC8CB0DBB7399273F05B5F4E803E9CA,SHA256=EB0B39BE14282F04BC68F1DA5226589938EEB9BF2B970810EFBE8E8C999731AA,IMPHASH=EE1EF7FAE5890B9C9660FECEA3DC67CE
Signed: true
Signature: Microsoft Windows
SignatureStatus: Valid
User: NT AUTHORITY\SYSTEM""",3,2024-12-22T10:29:39.0481876Z,229639,4992,DESKTOP-QGB4EQH,7,2868,INFORMATION,Microsoft-Windows-Sysmon,1,FALSE,6,Printer spooler service loaded a dll file. Possible PrintNightmare exploit: CVE-2021-34527,"[""sysmon"",""sysmon_eid7_detections"",""windows""]",92152,windows_eventchannel,log,"Dec 22, 2024 @ 10:29:40.682",EventChannel,1734863380,"Dec 22, 2024 @ 10:29:40.682", , , , , , , , , , , , , , ,1144, , , , , , , , , , , , ,"[""Exploitation of Remote Services""]","[""T1210""]","[""Lateral Movement""]", ,C:\\Windows\\System32\\spoolsv.exe, ,{15959494-e9e6-6767-2500-000000001200},29:33.1, , ,NT AUTHORITY\\SYSTEM,PRINTCONFIG.DLL,Microsoft® Windows® Operating System, ,PrintConfig User Interface, , , , ,"SHA1=22ADA40975F889296C7F11AE73505EB031EC5196,MD5=1CC8CB0DBB7399273F05B5F4E803E9CA,SHA256=EB0B39BE14282F04BC68F1DA5226589938EEB9BF2B970810EFBE8E8C999731AA,IMPHASH=EE1EF7FAE5890B9C9660FECEA3DC67CE", ,"technique_id=T1210,technique_name=Exploitation of Remote Services",Microsoft Corporation, , ,10.0.19041.5247 (WinBuild.160101.0800), , , ,Microsoft Windows,C:\\Windows\\System32\\spool\\drivers\\x64\\3\\PrintConfig.dll,TRUE,Valid, , , , , , , , , , , , , , , , , , , , , , , , , , , , , , , , , , , , , , , , , , , , , , , , , , , , , , , , , , , , , , , , , , , , , , , , , , , , 
wazuh-alerts-4.x-2024.12.22,i0rq7ZMBNimV4ECvdIKe,1,1,192.168.117.139,window-agent3,3,Maryam,"1323672119757902768, 5, StoreAgentDownloadFailure1, Not available, 0, Update;ScanForUpdates, 8007000e, 19045, 5247, Windows.Desktop, V,   \\\\?\\C:\\WINDOWS\\TEMP\\FailureReportMetadata_26486.txt  \\\\?\\C:\\ProgramData\\Microsoft\\Windows\\WER\\Temp\\WERB30E.tmp.WERInternalMetadata.xml  \\\\?\\C:\\ProgramData\\Microsoft\\Windows\\WER\\Temp\\WERB35D.tmp.xml  \\\\?\\C:\\ProgramData\\Microsoft\\Windows\\WER\\Temp\\WERB37C.tmp.csv  \\\\?\\C:\\ProgramData\\Microsoft\\Windows\\WER\\Temp\\WERB3CB.tmp.txt, \\\\?\\C:\\ProgramData\\Microsoft\\Windows\\WER\\ReportArchive\\NonCritical_Update;ScanForUp_97b0ae6f9eea1174dc4dbdddac62de41f54b60_00000000_88bb625b-8fed-4835-bdf9-969f4fd27afb, 0, 88bb625b-8fed-4835-bdf9-969f4fd27afb, 268435456, 26338904004bea35025ea0c7a14213b0, 0", ,1001, ,0x80000000000000, ,4,Application,0,"""Fault bucket 1323672119757902768, type 5
Event Name: StoreAgentDownloadFailure1
Response: Not available
Cab Id: 0

Problem signature:
P1: Update;ScanForUpdates
P2: 8007000e
P3: 19045
P4: 5247
P5: Windows.Desktop
P6: V
P7: 
P8: 
P9: 
P10: 

Attached files:
\\?\C:\WINDOWS\TEMP\FailureReportMetadata_26486.txt
\\?\C:\ProgramData\Microsoft\Windows\WER\Temp\WERB30E.tmp.WERInternalMetadata.xml
\\?\C:\ProgramData\Microsoft\Windows\WER\Temp\WERB35D.tmp.xml
\\?\C:\ProgramData\Microsoft\Windows\WER\Temp\WERB37C.tmp.csv
\\?\C:\ProgramData\Microsoft\Windows\WER\Temp\WERB3CB.tmp.txt

These files may be available here:
\\?\C:\ProgramData\Microsoft\Windows\WER\ReportArchive\NonCritical_Update;ScanForUp_97b0ae6f9eea1174dc4dbdddac62de41f54b60_00000000_88bb625b-8fed-4835-bdf9-969f4fd27afb

Analysis symbol: 
Rechecking for solution: 0
Report Id: 88bb625b-8fed-4835-bdf9-969f4fd27afb
Report Status: 268435456
Hashed bucket: 26338904004bea35025ea0c7a14213b0
Cab Guid: 0""",0,2024-12-22T10:29:42.7723445Z,7124,0,DESKTOP-QGB4EQH,0,0,INFORMATION,Windows Error Reporting,5,FALSE,4,Summary event of the report's signatures.,"[""windows"",""windows_application""]",60608,windows_eventchannel,log,"Dec 22, 2024 @ 10:29:43.242",EventChannel,1734863383,"Dec 22, 2024 @ 10:29:43.242", , , , , , , , , , , , , , , , , , , , , , , , , , , , , , , , , , , , , , , , , , , , , , , , , , , , , , , , , , , , , , , , , , , , , , , , , , , , , , , , , , , , , , , , , , , , , , , , , , , , , , , , , , , , , , , , , , , , , , , , , , , , , , , , , , , , , , , , 
wazuh-alerts-4.x-2024.12.22,jErq7ZMBNimV4ECvgIJZ,1,1,192.168.117.139,window-agent3,3,Maryam, , ,1, ,0x8000000000000000,{5770385f-c22a-43e0-bf4c-06f5698ffbd9},4,Microsoft-Windows-Sysmon/Operational,0,"""Process Create:
RuleName: technique_id=T1018,technique_name=Remote System Discovery
UtcTime: 2024-12-22 10:29:45.010
ProcessGuid: {15959494-ea19-6767-7300-000000001200}
ProcessId: 1992
Image: C:\Windows\SysWOW64\net.exe
FileVersion: 10.0.19041.1 (WinBuild.160101.0800)
Description: Net Command
Product: Microsoft® Windows® Operating System
Company: Microsoft Corporation
OriginalFileName: net.exe
CommandLine: net.exe accounts
CurrentDirectory: C:\Program Files (x86)\ossec-agent\
User: NT AUTHORITY\SYSTEM
LogonGuid: {15959494-e9e1-6767-e703-000000000000}
LogonId: 0x3E7
TerminalSessionId: 0
IntegrityLevel: System
Hashes: SHA1=A5BADC2DD4DBAA8ED5F0A3646F7248BF060A2F13,MD5=31890A7DE89936F922D44D677F681A7F,SHA256=7C4C7725E266F12ABA8C50FD1598D4001201BCA0E7ACA901508307E365AFFF42,IMPHASH=AC592B83B5CAEB41A6F6DF7DB53F9076
ParentProcessGuid: {15959494-e9ec-6767-3500-000000001200}
ParentProcessId: 2816
ParentImage: C:\Program Files (x86)\ossec-agent\wazuh-agent.exe
ParentCommandLine: ""C:\Program Files (x86)\ossec-agent\wazuh-agent.exe""
ParentUser: NT AUTHORITY\SYSTEM""",5,2024-12-22T10:29:45.0175339Z,229647,4988,DESKTOP-QGB4EQH,1,2868,INFORMATION,Microsoft-Windows-Sysmon,5,FALSE,3,Discovery activity executed,"[""sysmon"",""sysmon_eid1_detections"",""windows""]",92031,windows_eventchannel,log,"Dec 22, 2024 @ 10:29:46.426",EventChannel,1734863386,"Dec 22, 2024 @ 10:29:46.426", , , , , , , , , ,{15959494-e9e1-6767-e703-000000000000}, , , , ,1992, , , , , , , , , , , , ,"[""Account Discovery""]","[""T1087""]","[""Discovery""]", ,C:\\Windows\\SysWOW64\\net.exe, ,{15959494-ea19-6767-7300-000000001200},29:45.0, , ,NT AUTHORITY\\SYSTEM,net.exe,Microsoft® Windows® Operating System,{15959494-e9ec-6767-3500-000000001200},Net Command,"\""C:\\Program Files (x86)\\ossec-agent\\wazuh-agent.exe\""",0x3e7,2816,C:\\Program Files (x86)\\ossec-agent\\,"SHA1=A5BADC2DD4DBAA8ED5F0A3646F7248BF060A2F13,MD5=31890A7DE89936F922D44D677F681A7F,SHA256=7C4C7725E266F12ABA8C50FD1598D4001201BCA0E7ACA901508307E365AFFF42,IMPHASH=AC592B83B5CAEB41A6F6DF7DB53F9076",C:\\Program Files (x86)\\ossec-agent\\wazuh-agent.exe,"technique_id=T1018,technique_name=Remote System Discovery",Microsoft Corporation,net.exe accounts,System,10.0.19041.1 (WinBuild.160101.0800),0,NT AUTHORITY\\SYSTEM, , , , , , , , , , , , , , , , , , , , , , , , , , , , , , , , , , , , , , , , , , , , , , , , , , , , , , , , , , , , , , , , , , , , , , , , , , , , , , , , , 
wazuh-alerts-4.x-2024.12.22,YkrV7ZMBNimV4ECvZYKY,1,1,192.168.117.129,agent1,4,Maryam, , ,7040,Service Control Manager,0x8080000000000000,{555908d1-a6d7-4695-8e1e-26931d2012f4},4,System,0,"""The start type of the Background Intelligent Transfer Service service was changed from auto start to demand start.""",0,2024-12-22T10:06:36.7324470Z,2236,3284,DESKTOP-B37GATP,0,668,INFORMATION,Service Control Manager,9,FALSE,3,Service startup type was changed,"[""windows"",""windows_system"",""policy_changed""]",61104,windows_eventchannel,log,"Dec 22, 2024 @ 10:06:37.971",EventChannel,1734861997,"Dec 22, 2024 @ 10:06:37.971", , , , , , , , , , , , , , , , , , , , , , ,"[""164.312.b""]","[""10.6""]","[""CC6.1"",""CC6.8"",""CC7.2"",""CC7.3""]","[""AU.6""]","[""IV_35.7.d""]", , , , , , , , , , , , , , , , , , , , , , , , , , , , , , , , , , , , , , , , , , , , , , , , , , , , , , ,demand start,BITS,Background Intelligent Transfer Service,auto start,This does not appear to be logged on Windows 2000, , , , , , , , , , , , , , , , , , , , , , , , , , , , , , , , , , , , , , , , , , , , , , , , , , 
wazuh-alerts-4.x-2024.12.22,dUrp7ZMBNimV4ECv84Ko,1,1,192.168.117.139,window-agent3,3,Maryam,"SearchIndexer, 4088,R,98, Windows:", ,300, ,0x80000000000000, ,4,Application,0,"""SearchIndexer (4088,R,98) Windows: The database engine is initiating recovery steps.""",0,2024-12-22T10:29:10.9285221Z,7109,0,DESKTOP-QGB4EQH,3,0,INFORMATION,ESENT,2,FALSE,3,The database engine is initiating recovery steps.,"[""windows"",""windows_application""]",60807,windows_eventchannel,log,"Dec 22, 2024 @ 10:29:11.465",EventChannel,1734863351,"Dec 22, 2024 @ 10:29:11.465", , , , , , , , , , , , , , , , , , , , , , , , , , , , , , , , , , , , , , , , , , , , , , , , , , , , , , , , , , , , , , , , , , , , , , , , , , , , , , , , , , , , , , , , , , , , , , , , , , , , , , , , , , , , , , , , , , , , , , , , , , , , , , , , , , , , , , , , 
wazuh-alerts-4.x-2024.12.22,UkoJ7pMBNimV4ECvJIOS,1,1,192.168.117.139,window-agent3,3,Maryam, , ,10, ,0x8000000000000000,{5770385f-c22a-43e0-bf4c-06f5698ffbd9},4,Microsoft-Windows-Sysmon/Operational,0,"""Process accessed:
RuleName: technique_id=T1055.001,technique_name=Dynamic-link Library Injection
UtcTime: 2024-12-22 11:03:12.681
SourceProcessGUID: {15959494-eb14-6767-3801-000000001200}
SourceProcessId: 2888
SourceThreadId: 8288
SourceImage: C:\Windows\System32\WindowsPowerShell\v1.0\powershell.exe
TargetProcessGUID: {15959494-eadc-6767-fa00-000000001200}
TargetProcessId: 4376
TargetImage: C:\WINDOWS\Explorer.EXE
GrantedAccess: 0x1410
CallTrace: C:\WINDOWS\SYSTEM32\ntdll.dll+9d9b4|C:\WINDOWS\System32\KERNELBASE.dll+338ae|C:\WINDOWS\assembly\NativeImages_v4.0.30319_64\System\760cb5c95e85b3ca290b5f9e74e19368\System.ni.dll+34f530|C:\WINDOWS\assembly\NativeImages_v4.0.30319_64\System\760cb5c95e85b3ca290b5f9e74e19368\System.ni.dll+2cd89e|C:\WINDOWS\assembly\NativeImages_v4.0.30319_64\System\760cb5c95e85b3ca290b5f9e74e19368\System.ni.dll+2cccdf|C:\WINDOWS\assembly\NativeImages_v4.0.30319_64\System\760cb5c95e85b3ca290b5f9e74e19368\System.ni.dll+29f995|C:\WINDOWS\assembly\NativeImages_v4.0.30319_64\System\760cb5c95e85b3ca290b5f9e74e19368\System.ni.dll+2b2bf4|UNKNOWN(00007FFBC39037C1)
SourceUser: DESKTOP-QGB4EQH\mari
TargetUser: DESKTOP-QGB4EQH\mari""",3,2024-12-22T11:03:12.6917938Z,231685,4988,DESKTOP-QGB4EQH,10,2868,INFORMATION,Microsoft-Windows-Sysmon,3,TRUE,12,"Explorer process was accessed by C:\\Windows\\System32\\WindowsPowerShell\\v1.0\\powershell.exe, possible process injection","[""sysmon"",""sysmon_eid10_detections"",""windows""]",92910,windows_eventchannel,log,"Dec 22, 2024 @ 11:03:14.057",EventChannel,1734865394,"Dec 22, 2024 @ 11:03:14.057", , , , , , , , , , , , , , , , , , , , , , , , , , , ,"[""Process Injection""]","[""T1055""]","[""Defense Evasion"",""Privilege Escalation""]", , , , ,03:12.7, , , , , , , , , , , , , ,"technique_id=T1055.001,technique_name=Dynamic-link Library Injection", , , , , , , , , , , , , , , , , , , , , , , , , , , , , , , , , , , , , , , , , , , , ,0x1410,4376,DESKTOP-QGB4EQH\\mari,C:\\WINDOWS\\Explorer.EXE,{15959494-eb14-6767-3801-000000001200},C:\\WINDOWS\\SYSTEM32\\ntdll.dll+9d9b4|C:\\WINDOWS\\System32\\KERNELBASE.dll+338ae|C:\\WINDOWS\\assembly\\NativeImages_v4.0.30319_64\\System\\760cb5c95e85b3ca290b5f9e74e19368\\System.ni.dll+34f530|C:\\WINDOWS\\assembly\\NativeImages_v4.0.30319_64\\System\\760cb5c95e85b3ca290b5f9e74e19368\\System.ni.dll+2cd89e|C:\\WINDOWS\\assembly\\NativeImages_v4.0.30319_64\\System\\760cb5c95e85b3ca290b5f9e74e19368\\System.ni.dll+2cccdf|C:\\WINDOWS\\assembly\\NativeImages_v4.0.30319_64\\System\\760cb5c95e85b3ca290b5f9e74e19368\\System.ni.dll+29f995|C:\\WINDOWS\\assembly\\NativeImages_v4.0.30319_64\\System\\760cb5c95e85b3ca290b5f9e74e19368\\System.ni.dll+2b2bf4|UNKNOWN(00007FFBC39037C1),8288,{15959494-eadc-6767-fa00-000000001200},2888,C:\\Windows\\System32\\WindowsPowerShell\\v1.0\\powershell.exe,DESKTOP-QGB4EQH\\mari, , , , , , , , , , , , , , , , , , , , , , , , , , , , , , , , 
wazuh-alerts-4.x-2024.12.22,U0oJ7pMBNimV4ECvLINj,1,1,192.168.117.139,window-agent3,3,Maryam, , ,1, ,0x8000000000000000,{5770385f-c22a-43e0-bf4c-06f5698ffbd9},4,Microsoft-Windows-Sysmon/Operational,0,"""Process Create:
RuleName: technique_id=T1127,technique_name=Trusted Developer Utilities Proxy Execution
UtcTime: 2024-12-22 11:03:14.367
ProcessGuid: {15959494-f1f2-6767-b502-000000001200}
ProcessId: 13464
Image: C:\Windows\Microsoft.NET\Framework64\v4.0.30319\csc.exe
FileVersion: 4.8.9232.0 built by: NET481REL1LAST_C
Description: Visual C# Command Line Compiler
Product: Microsoft® .NET Framework
Company: Microsoft Corporation
OriginalFileName: csc.exe
CommandLine: ""C:\Windows\Microsoft.NET\Framework64\v4.0.30319\csc.exe"" /noconfig /fullpaths @""C:\Users\mari\AppData\Local\Temp\vw513okw.cmdline""
CurrentDirectory: C:\Users\mari\
User: DESKTOP-QGB4EQH\mari
LogonGuid: {15959494-ead5-6767-c208-170000000000}
LogonId: 0x1708C2
TerminalSessionId: 1
IntegrityLevel: Medium
Hashes: SHA1=B9B34E794E751A7A7F2FF32F56F63C463642E09A,MD5=53803CB67327CC873A1C88604D54A1D4,SHA256=AAE1DB57F898CA8BDA18590C56F86CED6D0EAD80C22033B76FDFE9119706F116,IMPHASH=2E6A9097FBA347A254DAC72662FE1259
ParentProcessGuid: {15959494-f1da-6767-8802-000000001200}
ParentProcessId: 6832
ParentImage: C:\Windows\System32\WindowsPowerShell\v1.0\powershell.exe
ParentCommandLine: powershell.exe -ExecutionPolicy Bypass -C ""$RequiredModule = Get-Module -Name AtomicTestHarnesses -ListAvailable; if (-not $RequiredModule) {Install-Module -Name AtomicTestHarnesses -Scope CurrentUser -Force};  ;  Out-ATHPowerShellCommandLineParameter -CommandLineSwitchType Hyphen -CommandParamVariation C -UseEncodedArguments -EncodedArgumentsParamVariation EA -Execute -ErrorAction Stop""
ParentUser: DESKTOP-QGB4EQH\mari""",5,2024-12-22T11:03:14.5754119Z,231688,4988,DESKTOP-QGB4EQH,1,2868,INFORMATION,Microsoft-Windows-Sysmon,2,FALSE,6,"Powershell script compiling code using CSC.exe, possible malware drop","[""sysmon"",""sysmon_eid1_detections"",""windows""]",92006,windows_eventchannel,log,"Dec 22, 2024 @ 11:03:16.330",EventChannel,1734865396,"Dec 22, 2024 @ 11:03:16.330", , , , , , , , , ,{15959494-ead5-6767-c208-170000000000}, , , , ,13464, , , , , , , , , , , , ,"[""Compile After Delivery""]","[""T1027.004""]","[""Defense Evasion""]", ,C:\\Windows\\Microsoft.NET\\Framework64\\v4.0.30319\\csc.exe, ,{15959494-f1f2-6767-b502-000000001200},03:14.4, , ,DESKTOP-QGB4EQH\\mari,csc.exe,Microsoft® .NET Framework,{15959494-f1da-6767-8802-000000001200},Visual C# Command Line Compiler,"powershell.exe -ExecutionPolicy Bypass -C \""$RequiredModule = Get-Module -Name AtomicTestHarnesses -ListAvailable; if (-not $RequiredModule) {Install-Module -Name AtomicTestHarnesses -Scope CurrentUser -Force};  ;  Out-ATHPowerShellCommandLineParameter -CommandLineSwitchType Hyphen -CommandParamVariation C -UseEncodedArguments -EncodedArgumentsParamVariation EA -Execute -ErrorAction Stop\""",0x1708c2,6832,C:\\Users\\mari\\,"SHA1=B9B34E794E751A7A7F2FF32F56F63C463642E09A,MD5=53803CB67327CC873A1C88604D54A1D4,SHA256=AAE1DB57F898CA8BDA18590C56F86CED6D0EAD80C22033B76FDFE9119706F116,IMPHASH=2E6A9097FBA347A254DAC72662FE1259",C:\\Windows\\System32\\WindowsPowerShell\\v1.0\\powershell.exe,"technique_id=T1127,technique_name=Trusted Developer Utilities Proxy Execution",Microsoft Corporation,"\""C:\\Windows\\Microsoft.NET\\Framework64\\v4.0.30319\\csc.exe\"" /noconfig /fullpaths @\""C:\\Users\\mari\\AppData\\Local\\Temp\\vw513okw.cmdline\""",Medium,4.8.9232.0 built by: NET481REL1LAST_C,1,DESKTOP-QGB4EQH\\mari, , , , , , , , , , , , , , , , , , , , , , , , , , , , , , , , , , , , , , , , , , , , , , , , , , , , , , , , , , , , , , , , , , , , , , , , , , , , , , , , , 
wazuh-alerts-4.x-2024.12.22,NEr87ZMBNimV4ECvU4N8,1,1,192.168.117.139,window-agent3,3,Maryam, , ,7, ,0x8000000000000000,{5770385f-c22a-43e0-bf4c-06f5698ffbd9},4,Microsoft-Windows-Sysmon/Operational,0,"""Image loaded:
RuleName: technique_id=T1053,technique_name=Scheduled Task
UtcTime: 2024-12-22 10:49:12.354
ProcessGuid: {15959494-eea7-6767-4d02-000000001200}
ProcessId: 6124
Image: C:\Windows\System32\SrTasks.exe
ImageLoaded: C:\Windows\System32\taskschd.dll
FileVersion: 10.0.19041.3636 (WinBuild.160101.0800)
Description: Task Scheduler COM API
Product: Microsoft® Windows® Operating System
Company: Microsoft Corporation
OriginalFileName: taskschd.dll
Hashes: SHA1=633C92F5A5000CDE3235C7FDC306B2B04C501C48,MD5=84F942C1A4BD60C94EBEC6643E0216C9,SHA256=BBE733452E6CE871D5D2064948847AAB2A71F7FEDA2C962BA4002F64E2D198F2,IMPHASH=B7A4477FA36E2E5287EE76AC4AFCB05B
Signed: true
Signature: Microsoft Windows
SignatureStatus: Valid
User: NT AUTHORITY\SYSTEM""",3,2024-12-22T10:49:12.3760630Z,231370,4992,DESKTOP-QGB4EQH,7,2868,INFORMATION,Microsoft-Windows-Sysmon,30,FALSE,4,Process loaded taskschd.dll module. May be used to create delayed malware execution,"[""sysmon"",""sysmon_eid7_detections"",""windows""]",92154,windows_eventchannel,log,"Dec 22, 2024 @ 10:49:13.906",EventChannel,1734864553,"Dec 22, 2024 @ 10:49:13.906", , , , , , , , , , , , , , ,6124, , , , , , , , , , , , ,"[""Scheduled Task""]","[""T1053.005""]","[""Execution"",""Persistence"",""Privilege Escalation""]", ,C:\\Windows\\System32\\SrTasks.exe, ,{15959494-eea7-6767-4d02-000000001200},49:12.4, , ,NT AUTHORITY\\SYSTEM,taskschd.dll,Microsoft® Windows® Operating System, ,Task Scheduler COM API, , , , ,"SHA1=633C92F5A5000CDE3235C7FDC306B2B04C501C48,MD5=84F942C1A4BD60C94EBEC6643E0216C9,SHA256=BBE733452E6CE871D5D2064948847AAB2A71F7FEDA2C962BA4002F64E2D198F2,IMPHASH=B7A4477FA36E2E5287EE76AC4AFCB05B", ,"technique_id=T1053,technique_name=Scheduled Task",Microsoft Corporation, , ,10.0.19041.3636 (WinBuild.160101.0800), , , ,Microsoft Windows,C:\\Windows\\System32\\taskschd.dll,TRUE,Valid, , , , , , , , , , , , , , , , , , , , , , , , , , , , , , , , , , , , , , , , , , , , , , , , , , , , , , , , , , , , , , , , , , , , , , , , , , , , 
wazuh-alerts-4.x-2024.12.22,Nkr87ZMBNimV4ECvU4N8,1,1,192.168.117.139,window-agent3,3,Maryam, , ,4624, ,0x8020000000000000,{54849625-5478-4994-a5ba-3e3b0328c30d},0,Security,0,"""An account was successfully logged on.

Subject:
	Security ID:		S-1-5-18
	Account Name:		DESKTOP-QGB4EQH$
	Account Domain:		WORKGROUP
	Logon ID:		0x3E7

Logon Information:
	Logon Type:		5
	Restricted Admin Mode:	-
	Virtual Account:		No
	Elevated Token:		Yes

Impersonation Level:		Impersonation

New Logon:
	Security ID:		S-1-5-18
	Account Name:		SYSTEM
	Account Domain:		NT AUTHORITY
	Logon ID:		0x3E7
	Linked Logon ID:		0x0
	Network Account Name:	-
	Network Account Domain:	-
	Logon GUID:		{00000000-0000-0000-0000-000000000000}

Process Information:
	Process ID:		0x28c
	Process Name:		C:\Windows\System32\services.exe

Network Information:
	Workstation Name:	-
	Source Network Address:	-
	Source Port:		-

Detailed Authentication Information:
	Logon Process:		Advapi  
	Authentication Package:	Negotiate
	Transited Services:	-
	Package Name (NTLM only):	-
	Key Length:		0

This event is generated when a logon session is created. It is generated on the computer that was accessed.

The subject fields indicate the account on the local system which requested the logon. This is most commonly a service such as the Server service, or a local process such as Winlogon.exe or Services.exe.

The logon type field indicates the kind of logon that occurred. The most common types are 2 (interactive) and 3 (network).

The New Logon fields indicate the account for whom the new logon was created, i.e. the account that was logged on.

The network fields indicate where a remote logon request originated. Workstation name is not always available and may be left blank in some cases.

The impersonation level field indicates the extent to which a process in the logon session can impersonate.

The authentication information fields provide detailed information about this specific logon request.
	- Logon GUID is a unique identifier that can be used to correlate this event with a KDC event.
	- Transited services indicate which intermediate services have participated in this logon request.
	- Package name indicates which sub-protocol was used among the NTLM protocols.
	- Key length indicates the length of the generated session key. This will be 0 if no session key was requested.""",2,2024-12-22T10:49:12.7370881Z,21686,4388,DESKTOP-QGB4EQH,12544,672,AUDIT_SUCCESS,Microsoft-Windows-Security-Auditing,22,FALSE,3,Windows logon success.,"[""windows"",""windows_security"",""authentication_success""]",60106,windows_eventchannel,log,"Dec 22, 2024 @ 10:49:14.387",EventChannel,1734864554,"Dec 22, 2024 @ 10:49:14.387",0x3e7,WORKGROUP,0x0,%%1833, ,Negotiate, ,0x3e7,Advapi,{00000000-0000-0000-0000-000000000000},SYSTEM,0,%%1842,S-1-5-18,0x28c,C:\\Windows\\System32\\services.exe, ,NT AUTHORITY,S-1-5-18,%%1843,5,DESKTOP-QGB4EQH$,"[""164.312.b""]","[""10.2.5""]","[""CC6.8"",""CC7.2"",""CC7.3""]","[""AC.7"",""AU.14""]","[""IV_32.2""]","[""Valid Accounts""]","[""T1078""]","[""Defense Evasion"",""Persistence"",""Privilege Escalation"",""Initial Access""]","[""7.1"",""7.2""]", , , , , , , , , , , , , , , , , , , , , , , , , , , , , , , , , , , , , , , , , , , , , , , , , , , , , , , , , , , , , , , , , , , , , , , , , , , , , , , , , , , , , , , , , , , , , , , , , , , , , , , , , 
wazuh-alerts-4.x-2024.12.22,S0oH7pMBNimV4ECvxIPy,1,1,192.168.117.139,window-agent3,3,Maryam, , ,1, ,0x8000000000000000,{5770385f-c22a-43e0-bf4c-06f5698ffbd9},4,Microsoft-Windows-Sysmon/Operational,0,"""Process Create:
RuleName: technique_id=T1127,technique_name=Trusted Developer Utilities Proxy Execution
UtcTime: 2024-12-22 11:01:35.697
ProcessGuid: {15959494-f18f-6767-8202-000000001200}
ProcessId: 14092
Image: C:\Windows\Microsoft.NET\Framework64\v4.0.30319\csc.exe
FileVersion: 4.8.9232.0 built by: NET481REL1LAST_C
Description: Visual C# Command Line Compiler
Product: Microsoft® .NET Framework
Company: Microsoft Corporation
OriginalFileName: csc.exe
CommandLine: ""C:\Windows\Microsoft.NET\Framework64\v4.0.30319\csc.exe"" /noconfig /fullpaths @""C:\Users\mari\AppData\Local\Temp\a2t0ujg0.cmdline""
CurrentDirectory: C:\Users\mari\
User: DESKTOP-QGB4EQH\mari
LogonGuid: {15959494-ead5-6767-c208-170000000000}
LogonId: 0x1708C2
TerminalSessionId: 1
IntegrityLevel: Medium
Hashes: SHA1=B9B34E794E751A7A7F2FF32F56F63C463642E09A,MD5=53803CB67327CC873A1C88604D54A1D4,SHA256=AAE1DB57F898CA8BDA18590C56F86CED6D0EAD80C22033B76FDFE9119706F116,IMPHASH=2E6A9097FBA347A254DAC72662FE1259
ParentProcessGuid: {15959494-f16d-6767-5b02-000000001200}
ParentProcessId: 4300
ParentImage: C:\Windows\System32\WindowsPowerShell\v1.0\powershell.exe
ParentCommandLine: powershell.exe -ExecutionPolicy Bypass -C ""$RequiredModule = Get-Module -Name AtomicTestHarnesses -ListAvailable; if (-not $RequiredModule) {Install-Module -Name AtomicTestHarnesses -Scope CurrentUser -Force};  ;  Out-ATHPowerShellCommandLineParameter -CommandLineSwitchType Hyphen -CommandParamVariation C -Execute -ErrorAction Stop""
ParentUser: DESKTOP-QGB4EQH\mari""",5,2024-12-22T11:01:35.7743719Z,231504,4988,DESKTOP-QGB4EQH,1,2868,INFORMATION,Microsoft-Windows-Sysmon,1,FALSE,6,"Powershell script compiling code using CSC.exe, possible malware drop","[""sysmon"",""sysmon_eid1_detections"",""windows""]",92006,windows_eventchannel,log,"Dec 22, 2024 @ 11:01:38.383",EventChannel,1734865298,"Dec 22, 2024 @ 11:01:38.383", , , , , , , , , ,{15959494-ead5-6767-c208-170000000000}, , , , ,14092, , , , , , , , , , , , ,"[""Compile After Delivery""]","[""T1027.004""]","[""Defense Evasion""]", ,C:\\Windows\\Microsoft.NET\\Framework64\\v4.0.30319\\csc.exe, ,{15959494-f18f-6767-8202-000000001200},01:35.7, , ,DESKTOP-QGB4EQH\\mari,csc.exe,Microsoft® .NET Framework,{15959494-f16d-6767-5b02-000000001200},Visual C# Command Line Compiler,"powershell.exe -ExecutionPolicy Bypass -C \""$RequiredModule = Get-Module -Name AtomicTestHarnesses -ListAvailable; if (-not $RequiredModule) {Install-Module -Name AtomicTestHarnesses -Scope CurrentUser -Force};  ;  Out-ATHPowerShellCommandLineParameter -CommandLineSwitchType Hyphen -CommandParamVariation C -Execute -ErrorAction Stop\""",0x1708c2,4300,C:\\Users\\mari\\,"SHA1=B9B34E794E751A7A7F2FF32F56F63C463642E09A,MD5=53803CB67327CC873A1C88604D54A1D4,SHA256=AAE1DB57F898CA8BDA18590C56F86CED6D0EAD80C22033B76FDFE9119706F116,IMPHASH=2E6A9097FBA347A254DAC72662FE1259",C:\\Windows\\System32\\WindowsPowerShell\\v1.0\\powershell.exe,"technique_id=T1127,technique_name=Trusted Developer Utilities Proxy Execution",Microsoft Corporation,"\""C:\\Windows\\Microsoft.NET\\Framework64\\v4.0.30319\\csc.exe\"" /noconfig /fullpaths @\""C:\\Users\\mari\\AppData\\Local\\Temp\\a2t0ujg0.cmdline\""",Medium,4.8.9232.0 built by: NET481REL1LAST_C,1,DESKTOP-QGB4EQH\\mari, , , , , , , , , , , , , , , , , , , , , , , , , , , , , , , , , , , , , , , , , , , , , , , , , , , , , , , , , , , , , , , , , , , , , , , , , , , , , , , , , 
