wazuh-alerts-4.x-2024.12.22,ikrq7ZMBNimV4ECvaILk,1,1,192.168.117.139,window-agent3,3,Maryam, , ,7, ,0x8000000000000000,{5770385f-c22a-43e0-bf4c-06f5698ffbd9},4,Microsoft-Windows-Sysmon/Operational,0,"""Image loaded:
RuleName: technique_id=T1053,technique_name=Scheduled Task
UtcTime: 2024-12-22 10:29:34.756
ProcessGuid: {15959494-e9e3-6767-1600-000000001200}
ProcessId: 1068
Image: C:\Windows\System32\svchost.exe
ImageLoaded: C:\Windows\System32\taskschd.dll
FileVersion: 10.0.19041.3636 (WinBuild.160101.0800)
Description: Task Scheduler COM API
Product: Microsoft® Windows® Operating System
Company: Microsoft Corporation
OriginalFileName: taskschd.dll
Hashes: SHA1=633C92F5A5000CDE3235C7FDC306B2B04C501C48,MD5=84F942C1A4BD60C94EBEC6643E0216C9,SHA256=BBE733452E6CE871D5D2064948847AAB2A71F7FEDA2C962BA4002F64E2D198F2,IMPHASH=B7A4477FA36E2E5287EE76AC4AFCB05B
Signed: true
Signature: Microsoft Windows
SignatureStatus: Valid
User: NT AUTHORITY\SYSTEM""",3,2024-12-22T10:29:39.5065631Z,229642,4992,DESKTOP-QGB4EQH,7,2868,INFORMATION,Microsoft-Windows-Sysmon,6,FALSE,4,Process loaded taskschd.dll module. May be used to create delayed malware execution,"[""sysmon"",""sysmon_eid7_detections"",""windows""]",92154,windows_eventchannel,log,"Dec 22, 2024 @ 10:29:40.726",EventChannel,1734863380,"Dec 22, 2024 @ 10:29:40.726", , , , , , , , , , , , , , ,1068, , , , , , , , , , , , ,"[""Scheduled Task""]","[""T1053.005""]","[""Execution"",""Persistence"",""Privilege Escalation""]", ,C:\\Windows\\System32\\svchost.exe, ,{15959494-e9e3-6767-1600-000000001200},29:34.8, , ,NT AUTHORITY\\SYSTEM,taskschd.dll,Microsoft® Windows® Operating System, ,Task Scheduler COM API, , , , ,"SHA1=633C92F5A5000CDE3235C7FDC306B2B04C501C48,MD5=84F942C1A4BD60C94EBEC6643E0216C9,SHA256=BBE733452E6CE871D5D2064948847AAB2A71F7FEDA2C962BA4002F64E2D198F2,IMPHASH=B7A4477FA36E2E5287EE76AC4AFCB05B", ,"technique_id=T1053,technique_name=Scheduled Task",Microsoft Corporation, , ,10.0.19041.3636 (WinBuild.160101.0800), , , ,Microsoft Windows,C:\\Windows\\System32\\taskschd.dll,TRUE,Valid, , , , , , , , , , , , , , , , , , , , , , , , , , , , , , , , , , , , , , , , , , , , , , , , , , , , , , , , , , , , , , , , , , , , , , , , , , , , 
wazuh-alerts-4.x-2024.12.22,g0rq7ZMBNimV4ECvPYLk,1,1,192.168.117.139,window-agent3,3,Maryam, , ,7, ,0x8000000000000000,{5770385f-c22a-43e0-bf4c-06f5698ffbd9},4,Microsoft-Windows-Sysmon/Operational,0,"""Image loaded:
RuleName: technique_id=T1053,technique_name=Scheduled Task
UtcTime: 2024-12-22 10:29:17.632
ProcessGuid: {15959494-e9ea-6767-2c00-000000001200}
ProcessId: 2496
Image: C:\Windows\System32\svchost.exe
ImageLoaded: C:\Windows\System32\taskschd.dll
FileVersion: 10.0.19041.3636 (WinBuild.160101.0800)
Description: Task Scheduler COM API
Product: Microsoft® Windows® Operating System
Company: Microsoft Corporation
OriginalFileName: taskschd.dll
Hashes: SHA1=633C92F5A5000CDE3235C7FDC306B2B04C501C48,MD5=84F942C1A4BD60C94EBEC6643E0216C9,SHA256=BBE733452E6CE871D5D2064948847AAB2A71F7FEDA2C962BA4002F64E2D198F2,IMPHASH=B7A4477FA36E2E5287EE76AC4AFCB05B
Signed: true
Signature: Microsoft Windows
SignatureStatus: Valid
User: NT AUTHORITY\SYSTEM""",3,2024-12-22T10:29:27.4951400Z,229563,4988,DESKTOP-QGB4EQH,7,2868,INFORMATION,Microsoft-Windows-Sysmon,4,FALSE,4,Process loaded taskschd.dll module. May be used to create delayed malware execution,"[""sysmon"",""sysmon_eid7_detections"",""windows""]",92154,windows_eventchannel,log,"Dec 22, 2024 @ 10:29:29.832",EventChannel,1734863369,"Dec 22, 2024 @ 10:29:29.832", , , , , , , , , , , , , , ,2496, , , , , , , , , , , , ,"[""Scheduled Task""]","[""T1053.005""]","[""Execution"",""Persistence"",""Privilege Escalation""]", ,C:\\Windows\\System32\\svchost.exe, ,{15959494-e9ea-6767-2c00-000000001200},29:17.6, , ,NT AUTHORITY\\SYSTEM,taskschd.dll,Microsoft® Windows® Operating System, ,Task Scheduler COM API, , , , ,"SHA1=633C92F5A5000CDE3235C7FDC306B2B04C501C48,MD5=84F942C1A4BD60C94EBEC6643E0216C9,SHA256=BBE733452E6CE871D5D2064948847AAB2A71F7FEDA2C962BA4002F64E2D198F2,IMPHASH=B7A4477FA36E2E5287EE76AC4AFCB05B", ,"technique_id=T1053,technique_name=Scheduled Task",Microsoft Corporation, , ,10.0.19041.3636 (WinBuild.160101.0800), , , ,Microsoft Windows,C:\\Windows\\System32\\taskschd.dll,TRUE,Valid, , , , , , , , , , , , , , , , , , , , , , , , , , , , , , , , , , , , , , , , , , , , , , , , , , , , , , , , , , , , , , , , , , , , , , , , , , , , 
wazuh-alerts-4.x-2024.12.22,qErq7ZMBNimV4ECvp4Jz,1,1,192.168.117.139,window-agent3,3,Maryam, , ,11, ,0x8000000000000000,{5770385f-c22a-43e0-bf4c-06f5698ffbd9},4,Microsoft-Windows-Sysmon/Operational,0,"""File created:
RuleName: technique_id=T1059.001,technique_name=PowerShell
UtcTime: 2024-12-22 10:29:55.928
ProcessGuid: {15959494-ea21-6767-9b00-000000001200}
ProcessId: 4548
Image: C:\WINDOWS\SysWOW64\WindowsPowerShell\v1.0\powershell.exe
TargetFilename: C:\Windows\Temp\__PSScriptPolicyTest_henkj024.yxj.ps1
CreationUtcTime: 2024-12-22 10:29:55.928
User: NT AUTHORITY\SYSTEM""",2,2024-12-22T10:29:55.9421474Z,229703,4988,DESKTOP-QGB4EQH,11,2868,INFORMATION,Microsoft-Windows-Sysmon,1,FALSE,9,C:\\WINDOWS\\SysWOW64\\WindowsPowerShell\\v1.0\\powershell.exe created a new scripting file under Windows Temp or User data folder,"[""sysmon"",""sysmon_eid11_detections"",""windows""]",92201,windows_eventchannel,log,"Dec 22, 2024 @ 10:29:56.992",EventChannel,1734863396,"Dec 22, 2024 @ 10:29:56.992", , , , , , , , , , , , , , ,4548, , , , , , , , , , , , ,"[""Ingress Tool Transfer"",""Command and Scripting Interpreter""]","[""T1105"",""T1059""]","[""Command and Control"",""Execution""]", ,C:\\WINDOWS\\SysWOW64\\WindowsPowerShell\\v1.0\\powershell.exe, ,{15959494-ea21-6767-9b00-000000001200},29:55.9, , ,NT AUTHORITY\\SYSTEM, , , , , , , , , , ,"technique_id=T1059.001,technique_name=PowerShell", , , , , , , , , , , , , , , , , , , , , , , , , , , , , ,C:\\Windows\\Temp\\__PSScriptPolicyTest_henkj024.yxj.ps1,29:55.9, , , , , , , , , , , , , , , , , , , , , , , , , , , , , , , , , , , , , , , , , , , , , , , , , , , , , , , , 
wazuh-alerts-4.x-2024.12.22,2Ert7ZMBNimV4ECvoYJJ,1,1,192.168.117.139,window-agent3,3,Maryam,"hr=0x80004005, RuleId=31e71c49-8da7-4a2f-ad92-45d98a1c79ba;Action=AutoActivate;AppId=55c92734-d682-4d71-983e-d6ec3f16059f;SkuId=4de7cb65-cdf1-4de9-8ae8-e3cce27b9f2c;NotificationInterval=1440;Trigger=UserLogon;SessionId=1", ,8198,Software Protection Platform Service,0x80000000000000,{E23B33B0-C8C9-472C-A5F9-F2BDFEA0F156},2,Application,0,"""License Activation (slui.exe) failed with the following error code:
hr=0x80004005
Command-line arguments:
RuleId=31e71c49-8da7-4a2f-ad92-45d98a1c79ba;Action=AutoActivate;AppId=55c92734-d682-4d71-983e-d6ec3f16059f;SkuId=4de7cb65-cdf1-4de9-8ae8-e3cce27b9f2c;NotificationInterval=1440;Trigger=UserLogon;SessionId=1""",0,2024-12-22T10:33:11.4288133Z,7144,0,DESKTOP-QGB4EQH,0,0,ERROR,Microsoft-Windows-Security-SPP,1,FALSE,5,License activation (slui.exe) failed.,"[""windows"",""windows_application""]",60646,windows_eventchannel,log,"Dec 22, 2024 @ 10:33:12.091",EventChannel,1734863592,"Dec 22, 2024 @ 10:33:12.091", , , , , , , , , , , , , , , , , , , , , , , , , , , , , , , , , , , , , , , , , , , , , , , , , , , , , , , , , , , , , , , , , , , , , , , , , , , , , , , , , , , , , , , , , , , , , , , , , , , , , , , , , , , , , , , , , , , , , , , , , , , , , , , , , , , , , , , , 
wazuh-alerts-4.x-2024.12.22,uErs7ZMBNimV4ECvVYJY,1,1,192.168.117.139,window-agent3,3,Maryam,"2024-12-23T09:02:39Z, RulesEngine", ,16384,Software Protection Platform Service,0x80000000000000,{E23B33B0-C8C9-472C-A5F9-F2BDFEA0F156},4,Application,0,"""Successfully scheduled Software Protection service for re-start at 2024-12-23T09:02:39Z. Reason: RulesEngine.""",0,2024-12-22T10:31:39.9443577Z,7138,0,DESKTOP-QGB4EQH,0,0,INFORMATION,Microsoft-Windows-Security-SPP,1,FALSE,3,Software protection service scheduled successfully.,"[""windows"",""windows_application""]",60642,windows_eventchannel,log,"Dec 22, 2024 @ 10:31:40.380",EventChannel,1734863500,"Dec 22, 2024 @ 10:31:40.380", , , , , , , , , , , , , , , , , , , , , , , , , , , , , , , , , , , , , , , , , , , , , , , , , , , , , , , , , , , , , , , , , , , , , , , , , , , , , , , , , , , , , , , , , , , , , , , , , , , , , , , , , , , , , , , , , , , , , , , , , , , , , , , , , , , , , , , , 
wazuh-alerts-4.x-2024.12.22,lEoN7pMBNimV4ECvIINx,1,1,192.168.117.139,window-agent3,3,Maryam, , ,4624, ,0x8020000000000000,{54849625-5478-4994-a5ba-3e3b0328c30d},0,Security,0,"""An account was successfully logged on.

Subject:
	Security ID:		S-1-5-18
	Account Name:		DESKTOP-QGB4EQH$
	Account Domain:		WORKGROUP
	Logon ID:		0x3E7

Logon Information:
	Logon Type:		5
	Restricted Admin Mode:	-
	Virtual Account:		No
	Elevated Token:		Yes

Impersonation Level:		Impersonation

New Logon:
	Security ID:		S-1-5-18
	Account Name:		SYSTEM
	Account Domain:		NT AUTHORITY
	Logon ID:		0x3E7
	Linked Logon ID:		0x0
	Network Account Name:	-
	Network Account Domain:	-
	Logon GUID:		{00000000-0000-0000-0000-000000000000}

Process Information:
	Process ID:		0x28c
	Process Name:		C:\Windows\System32\services.exe

Network Information:
	Workstation Name:	-
	Source Network Address:	-
	Source Port:		-

Detailed Authentication Information:
	Logon Process:		Advapi  
	Authentication Package:	Negotiate
	Transited Services:	-
	Package Name (NTLM only):	-
	Key Length:		0

This event is generated when a logon session is created. It is generated on the computer that was accessed.

The subject fields indicate the account on the local system which requested the logon. This is most commonly a service such as the Server service, or a local process such as Winlogon.exe or Services.exe.

The logon type field indicates the kind of logon that occurred. The most common types are 2 (interactive) and 3 (network).

The New Logon fields indicate the account for whom the new logon was created, i.e. the account that was logged on.

The network fields indicate where a remote logon request originated. Workstation name is not always available and may be left blank in some cases.

The impersonation level field indicates the extent to which a process in the logon session can impersonate.

The authentication information fields provide detailed information about this specific logon request.
	- Logon GUID is a unique identifier that can be used to correlate this event with a KDC event.
	- Transited services indicate which intermediate services have participated in this logon request.
	- Package name indicates which sub-protocol was used among the NTLM protocols.
	- Key length indicates the length of the generated session key. This will be 0 if no session key was requested.""",2,2024-12-22T11:07:32.3841583Z,21698,708,DESKTOP-QGB4EQH,12544,672,AUDIT_SUCCESS,Microsoft-Windows-Security-Auditing,37,FALSE,3,Windows logon success.,"[""windows"",""windows_security"",""authentication_success""]",60106,windows_eventchannel,log,"Dec 22, 2024 @ 11:07:34.139",EventChannel,1734865654,"Dec 22, 2024 @ 11:07:34.139",0x3e7,WORKGROUP,0x0,%%1833, ,Negotiate, ,0x3e7,Advapi,{00000000-0000-0000-0000-000000000000},SYSTEM,0,%%1842,S-1-5-18,0x28c,C:\\Windows\\System32\\services.exe, ,NT AUTHORITY,S-1-5-18,%%1843,5,DESKTOP-QGB4EQH$,"[""164.312.b""]","[""10.2.5""]","[""CC6.8"",""CC7.2"",""CC7.3""]","[""AC.7"",""AU.14""]","[""IV_32.2""]","[""Valid Accounts""]","[""T1078""]","[""Defense Evasion"",""Persistence"",""Privilege Escalation"",""Initial Access""]","[""7.1"",""7.2""]", , , , , , , , , , , , , , , , , , , , , , , , , , , , , , , , , , , , , , , , , , , , , , , , , , , , , , , , , , , , , , , , , , , , , , , , , , , , , , , , , , , , , , , , , , , , , , , , , , , , , , , , , 
wazuh-alerts-4.x-2024.12.22,mkoN7pMBNimV4ECvIINx,1,1,192.168.117.139,window-agent3,3,Maryam, , ,4624, ,0x8020000000000000,{54849625-5478-4994-a5ba-3e3b0328c30d},0,Security,0,"""An account was successfully logged on.

Subject:
	Security ID:		S-1-5-18
	Account Name:		DESKTOP-QGB4EQH$
	Account Domain:		WORKGROUP
	Logon ID:		0x3E7

Logon Information:
	Logon Type:		5
	Restricted Admin Mode:	-
	Virtual Account:		No
	Elevated Token:		Yes

Impersonation Level:		Impersonation

New Logon:
	Security ID:		S-1-5-18
	Account Name:		SYSTEM
	Account Domain:		NT AUTHORITY
	Logon ID:		0x3E7
	Linked Logon ID:		0x0
	Network Account Name:	-
	Network Account Domain:	-
	Logon GUID:		{00000000-0000-0000-0000-000000000000}

Process Information:
	Process ID:		0x28c
	Process Name:		C:\Windows\System32\services.exe

Network Information:
	Workstation Name:	-
	Source Network Address:	-
	Source Port:		-

Detailed Authentication Information:
	Logon Process:		Advapi  
	Authentication Package:	Negotiate
	Transited Services:	-
	Package Name (NTLM only):	-
	Key Length:		0

This event is generated when a logon session is created. It is generated on the computer that was accessed.

The subject fields indicate the account on the local system which requested the logon. This is most commonly a service such as the Server service, or a local process such as Winlogon.exe or Services.exe.

The logon type field indicates the kind of logon that occurred. The most common types are 2 (interactive) and 3 (network).

The New Logon fields indicate the account for whom the new logon was created, i.e. the account that was logged on.

The network fields indicate where a remote logon request originated. Workstation name is not always available and may be left blank in some cases.

The impersonation level field indicates the extent to which a process in the logon session can impersonate.

The authentication information fields provide detailed information about this specific logon request.
	- Logon GUID is a unique identifier that can be used to correlate this event with a KDC event.
	- Transited services indicate which intermediate services have participated in this logon request.
	- Package name indicates which sub-protocol was used among the NTLM protocols.
	- Key length indicates the length of the generated session key. This will be 0 if no session key was requested.""",2,2024-12-22T11:07:32.8515151Z,21710,708,DESKTOP-QGB4EQH,12544,672,AUDIT_SUCCESS,Microsoft-Windows-Security-Auditing,43,FALSE,3,Windows logon success.,"[""windows"",""windows_security"",""authentication_success""]",60106,windows_eventchannel,log,"Dec 22, 2024 @ 11:07:34.465",EventChannel,1734865654,"Dec 22, 2024 @ 11:07:34.465",0x3e7,WORKGROUP,0x0,%%1833, ,Negotiate, ,0x3e7,Advapi,{00000000-0000-0000-0000-000000000000},SYSTEM,0,%%1842,S-1-5-18,0x28c,C:\\Windows\\System32\\services.exe, ,NT AUTHORITY,S-1-5-18,%%1843,5,DESKTOP-QGB4EQH$,"[""164.312.b""]","[""10.2.5""]","[""CC6.8"",""CC7.2"",""CC7.3""]","[""AC.7"",""AU.14""]","[""IV_32.2""]","[""Valid Accounts""]","[""T1078""]","[""Defense Evasion"",""Persistence"",""Privilege Escalation"",""Initial Access""]","[""7.1"",""7.2""]", , , , , , , , , , , , , , , , , , , , , , , , , , , , , , , , , , , , , , , , , , , , , , , , , , , , , , , , , , , , , , , , , , , , , , , , , , , , , , , , , , , , , , , , , , , , , , , , , , , , , , , , , 
wazuh-alerts-4.x-2024.12.22,nEoN7pMBNimV4ECvIINx,1,1, ,window-agent3,3,Maryam, , ,1, ,0x8000000000000000,{5770385f-c22a-43e0-bf4c-06f5698ffbd9},4,Microsoft-Windows-Sysmon/Operational,0,"""Process Create:
RuleName: technique_id=T1546.008,technique_name=Windows Error Reporting
UtcTime: 2024-12-22 11:07:34.711
ProcessGuid: {15959494-f2f6-6767-2903-000000001200}
ProcessId: 11672
Image: C:\Windows\System32\WerFault.exe
FileVersion: 10.0.19041.4355 (WinBuild.160101.0800)
Description: Windows Problem Reporting
Product: Microsoft® Windows® Operating System
Company: Microsoft Corporation
OriginalFileName: WerFault.exe
CommandLine: C:\WINDOWS\system32\WerFault.exe -pss -s 576 -p 1836 -ip 1836
CurrentDirectory: C:\WINDOWS\system32\
User: NT AUTHORITY\SYSTEM
LogonGuid: {15959494-e9e1-6767-e703-000000000000}
LogonId: 0x3E7
TerminalSessionId: 0
IntegrityLevel: System
Hashes: SHA1=74A37701F7D4C9D899A857546C3410D650A72EB3,MD5=26C84A467B489A0E60F3720AE5B064DC,SHA256=9A0064029CE405645241C3EABA297F6C8A554E2E899EE7E3DDFA5341B5768475,IMPHASH=35F27A7EB4CCE7D6739C09071336B429
ParentProcessGuid: {15959494-f2f4-6767-2403-000000001200}
ParentProcessId: 5932
ParentImage: C:\Windows\System32\svchost.exe
ParentCommandLine: C:\WINDOWS\System32\svchost.exe -k WerSvcGroup
ParentUser: NT AUTHORITY\SYSTEM""",5,2024-12-22T11:07:34.7123243Z,232100,4988,DESKTOP-QGB4EQH,1,2868,INFORMATION,Microsoft-Windows-Sysmon, ,FALSE,4, ,"[""stats""]",11,windows_eventchannel,log,"Dec 22, 2024 @ 11:07:36.052",EventChannel,1734865656,"Dec 22, 2024 @ 11:07:36.052", , , , , , , , , ,{15959494-e9e1-6767-e703-000000000000}, , , , ,11672, , , , , , , , , , , , , , , , ,C:\\Windows\\System32\\WerFault.exe, ,{15959494-f2f6-6767-2903-000000001200},07:34.7, , ,NT AUTHORITY\\SYSTEM,WerFault.exe,Microsoft® Windows® Operating System,{15959494-f2f4-6767-2403-000000001200},Windows Problem Reporting,C:\\WINDOWS\\System32\\svchost.exe -k WerSvcGroup,0x3e7,5932,C:\\WINDOWS\\system32\\,"SHA1=74A37701F7D4C9D899A857546C3410D650A72EB3,MD5=26C84A467B489A0E60F3720AE5B064DC,SHA256=9A0064029CE405645241C3EABA297F6C8A554E2E899EE7E3DDFA5341B5768475,IMPHASH=35F27A7EB4CCE7D6739C09071336B429",C:\\Windows\\System32\\svchost.exe,"technique_id=T1546.008,technique_name=Windows Error Reporting",Microsoft Corporation,C:\\WINDOWS\\system32\\WerFault.exe -pss -s 576 -p 1836 -ip 1836,System,10.0.19041.4355 (WinBuild.160101.0800),0,NT AUTHORITY\\SYSTEM, , , , , , , , , , , , , , , , , , , , , ,The average number of logs between 14:00 and 15:00 is 1428. We reached 3572., , , , , , , , , , , , , , , , , , , , , , , , , , , , , , , , , , , , , , , , , , , , , , , , , , , , , , , , , , , 
wazuh-alerts-4.x-2024.12.22,n0oN7pMBNimV4ECvIINx,1,1,192.168.117.139,window-agent3,3,Maryam,"svchost.exe_Audiosrv, 10.0.19041.4355, 9ce47784, ntdll.dll, 10.0.19041.5007, 688f8c4b, c0000005, 00000000000649e6, 72c, 01db545c4c62b305, C:\\WINDOWS\\System32\\svchost.exe, C:\\WINDOWS\\SYSTEM32\\ntdll.dll, cb58341d-8023-4dec-8bcb-f1246c752e56", ,1000, ,0x80000000000000, ,2,Application,0,"""Faulting application name: svchost.exe_Audiosrv, version: 10.0.19041.4355, time stamp: 0x9ce47784
Faulting module name: ntdll.dll, version: 10.0.19041.5007, time stamp: 0x688f8c4b
Exception code: 0xc0000005
Fault offset: 0x00000000000649e6
Faulting process id: 0x72c
Faulting application start time: 0x01db545c4c62b305
Faulting application path: C:\WINDOWS\System32\svchost.exe
Faulting module path: C:\WINDOWS\SYSTEM32\ntdll.dll
Report Id: cb58341d-8023-4dec-8bcb-f1246c752e56
Faulting package full name: 
Faulting package-relative application ID: """,0,2024-12-22T11:07:36.0105775Z,7203,0,DESKTOP-QGB4EQH,100,0,ERROR,Application Error,2,FALSE,10,Multiple Windows error application events.,"[""windows"",""windows_application""]",61061,windows_eventchannel,log,"Dec 22, 2024 @ 11:07:36.551",EventChannel,1734865656,"Dec 22, 2024 @ 11:07:36.551", , , , , , , , , , , , , , , , , , , , , , , , , , , , , , , , , , , , , , , , , , , , , , , , , , , , , , , , , , , , , , , , , , , , , , , , , , , ,"{""win"":{""system"":{""providerName"":""Application Error"",""eventID"":""1000"",""version"":""0"",""level"":""2"",""task"":""100"",""opcode"":""0"",""keywords"":""0x80000000000000"",""systemTime"":""2024-12-22T11:07:35.7133856Z"",""eventRecordID"":""7202"",""processID"":""0"",""threadID"":""0"",""channel"":""Application"",""computer"":""DESKTOP-QGB4EQH"",""severityValue"":""ERROR"",""message"":""\""Faulting application name: powershell.exe, version: 10.0.19041.3996, time stamp: 0xed60ad55\r\nFaulting module name: ntdll.dll, version: 10.0.19041.5007, time stamp: 0x688f8c4b\r\nException code: 0xc00000fd\r\nFault offset: 0x000000000002b27b\r\nFaulting process id: 0x3a74\r\nFaulting application start time: 0x01db5461a9e52f26\r\nFaulting application path: C:\\WINDOWS\\System32\\WindowsPowerShell\\v1.0\\powershell.exe\r\nFaulting module path: C:\\WINDOWS\\SYSTEM32\\ntdll.dll\r\nReport Id: 233073df-5fa8-470d-a38d-c0abfa0f61bb\r\nFaulting package full name: \r\nFaulting package-relative application ID: \""""},""eventdata"":{""data"":""powershell.exe, 10.0.19041.3996, ed60ad55, ntdll.dll, 10.0.19041.5007, 688f8c4b, c00000fd, 000000000002b27b, 3a74, 01db5461a9e52f26, C:\\\\WINDOWS\\\\System32\\\\WindowsPowerShell\\\\v1.0\\\\powershell.exe, C:\\\\WINDOWS\\\\SYSTEM32\\\\ntdll.dll, 233073df-5fa8-470d-a38d-c0abfa0f61bb""}}}
{""win"":{""system"":{""providerName"":""Application Error"",""eventID"":""1000"",""version"":""0"",""level"":""2"",""task"":""100"",""opcode"":""0"",""keywords"":""0x80000000000000"",""systemTime"":""2024-12-22T11:07:35.6996859Z"",""eventRecordID"":""7201"",""processID"":""0"",""threadID"":""0"",""channel"":""Application"",""computer"":""DESKTOP-QGB4EQH"",""severityValue"":""ERROR"",""message"":""\""Faulting application name: CalculatorApp.exe, version: 11.2411.1.0, time stamp: 0x674f3633\r\nFaulting module name: KERNELBASE.dll, version: 10.0.19041.5198, time stamp: 0xd1eefc71\r\nException code: 0xc000027b\r\nFault offset: 0x00000000001338e2\r\nFaulting process id: 0x3fa0\r\nFaulting application start time: 0x01db5461acf4a15d\r\nFaulting application path: C:\\Program Files\\WindowsApps\\Microsoft.WindowsCalculator_11.2411.1.0_x64__8wekyb3d8bbwe\\CalculatorApp.exe\r\nFaulting module path: C:\\WINDOWS\\System32\\KERNELBASE.dll\r\nReport Id: ce10a889-b499-4429-9184-96f59be62032\r\nFaulting package full name: Microsoft.WindowsCalculator_11.2411.1.0_x64__8wekyb3d8bbwe\r\nFaulting package-relative application ID: App\""""},""eventdata"":{""data"":""CalculatorApp.exe, 11.2411.1.0, 674f3633, KERNELBASE.dll, 10.0.19041.5198, d1eefc71, c000027b, 00000000001338e2, 3fa0, 01db5461acf4a15d, C:\\\\Program Files\\\\WindowsApps\\\\Microsoft.WindowsCalculator_11.2411.1.0_x64__8wekyb3d8bbwe\\\\CalculatorApp.exe, C:\\\\WINDOWS\\\\System32\\\\KERNELBASE.dll, ce10a889-b499-4429-9184-96f59be62032, Microsoft.WindowsCalculator_11.2411.1.0_x64__8wekyb3d8bbwe, App""}}}
{""win"":{""system"":{""providerName"":""Application Error"",""eventID"":""1000"",""version"":""0"",""level"":""2"",""task"":""100"",""opcode"":""0"",""keywords"":""0x80000000000000"",""systemTime"":""2024-12-22T11:07:34.9637012Z"",""eventRecordID"":""7200"",""processID"":""0"",""threadID"":""0"",""channel"":""Application"",""computer"":""DESKTOP-QGB4EQH"",""severityValue"":""ERROR"",""message"":""\""Faulting application name: ApplicationFrameHost.exe, version: 10.0.19041.4355, time stamp: 0x437b6846\r\nFaulting module name: ApplicationFrame.dll, version: 10.0.19041.4355, time stamp: 0x3e1e2120\r\nException code: 0xc0000005\r\nFault offset: 0x000000000000f812\r\nFaulting process id: 0x1b0c\r\nFaulting application start time: 0x01db545cef5177cd\r\nFaulting application path: C:\\WINDOWS\\system32\\ApplicationFrameHost.exe\r\nFaulting module path: C:\\WINDOWS\\System32\\ApplicationFrame.dll\r\nReport Id: a380102d-0fd6-4066-b760-00735a6e3afd\r\nFaulting package full name: \r\nFaulting package-relative application ID: \""""},""eventdata"":{""data"":""ApplicationFrameHost.exe, 10.0.19041.4355, 437b6846, ApplicationFrame.dll, 10.0.19041.4355, 3e1e2120, c0000005, 000000000000f812, 1b0c, 01db545cef5177cd, C:\\\\WINDOWS\\\\system32\\\\ApplicationFrameHost.exe, C:\\\\WINDOWS\\\\System32\\\\ApplicationFrame.dll, a380102d-0fd6-4066-b760-00735a6e3afd""}}}
{""win"":{""system"":{""providerName"":""Application Error"",""eventID"":""1000"",""version"":""0"",""level"":""2"",""task"":""100"",""opcode"":""0"",""keywords"":""0x80000000000000"",""systemTime"":""2024-12-22T11:05:17.1527648Z"",""eventRecordID"":""7189"",""processID"":""0"",""threadID"":""0"",""channel"":""Application"",""computer"":""DESKTOP-QGB4EQH"",""severityValue"":""ERROR"",""message"":""\""Faulting application name: CalculatorApp.exe, version: 11.2411.1.0, time stamp: 0x674f3633\r\nFaulting module name: KERNELBASE.dll, version: 10.0.19041.5198, time stamp: 0xd1eefc71\r\nException code: 0xc000027b\r\nFault offset: 0x00000000001338e2\r\nFaulting process id: 0x1128\r\nFaulting application start time: 0x01db54613e3ef801\r\nFaulting application path: C:\\Program Files\\WindowsApps\\Microsoft.WindowsCalculator_11.2411.1.0_x64__8wekyb3d8bbwe\\CalculatorApp.exe\r\nFaulting module path: C:\\WINDOWS\\System32\\KERNELBASE.dll\r\nReport Id: eef4af9a-f9c8-4e29-b25b-3daffbefd52a\r\nFaulting package full name: Microsoft.WindowsCalculator_11.2411.1.0_x64__8wekyb3d8bbwe\r\nFaulting package-relative application ID: App\""""},""eventdata"":{""data"":""CalculatorApp.exe, 11.2411.1.0, 674f3633, KERNELBASE.dll, 10.0.19041.5198, d1eefc71, c000027b, 00000000001338e2, 1128, 01db54613e3ef801, C:\\\\Program Files\\\\WindowsApps\\\\Microsoft.WindowsCalculator_11.2411.1.0_x64__8wekyb3d8bbwe\\\\CalculatorApp.exe, C:\\\\WINDOWS\\\\System32\\\\KERNELBASE.dll, eef4af9a-f9c8-4e29-b25b-3daffbefd52a, Microsoft.WindowsCalculator_11.2411.1.0_x64__8wekyb3d8bbwe, App""}}}
{""win"":{""system"":{""providerName"":""Application Error"",""eventID"":""1000"",""version"":""0"",""level"":""2"",""task"":""100"",""opcode"":""0"",""keywords"":""0x80000000000000"",""systemTime"":""2024-12-22T11:05:17.1372908Z"",""eventRecordID"":""7188"",""processID"":""0"",""threadID"":""0"",""channel"":""Application"",""computer"":""DESKTOP-QGB4EQH"",""severityValue"":""ERROR"",""message"":""\""Faulting application name: CalculatorApp.exe, version: 11.2411.1.0, time stamp: 0x674f3633\r\nFaulting module name: KERNELBASE.dll, version: 10.0.19041.5198, time stamp: 0xd1eefc71\r\nException code: 0xc000027b\r\nFault offset: 0x00000000001338e2\r\nFaulting process id: 0x1194\r\nFaulting application start time: 0x01db54613e24a8b1\r\nFaulting application path: C:\\Program Files\\WindowsApps\\Microsoft.WindowsCalculator_11.2411.1.0_x64__8wekyb3d8bbwe\\CalculatorApp.exe\r\nFaulting module path: C:\\WINDOWS\\System32\\KERNELBASE.dll\r\nReport Id: 5effb9a3-090d-4499-9d8f-412b6c5d361b\r\nFaulting package full name: Microsoft.WindowsCalculator_11.2411.1.0_x64__8wekyb3d8bbwe\r\nFaulting package-relative application ID: App\""""},""eventdata"":{""data"":""CalculatorApp.exe, 11.2411.1.0, 674f3633, KERNELBASE.dll, 10.0.19041.5198, d1eefc71, c000027b, 00000000001338e2, 1194, 01db54613e24a8b1, C:\\\\Program Files\\\\WindowsApps\\\\Microsoft.WindowsCalculator_11.2411.1.0_x64__8wekyb3d8bbwe\\\\CalculatorApp.exe, C:\\\\WINDOWS\\\\System32\\\\KERNELBASE.dll, 5effb9a3-090d-4499-9d8f-412b6c5d361b, Microsoft.WindowsCalculator_11.2411.1.0_x64__8wekyb3d8bbwe, App""}}}
{""win"":{""system"":{""providerName"":""Application Error"",""eventID"":""1000"",""version"":""0"",""level"":""2"",""task"":""100"",""opcode"":""0"",""keywords"":""0x80000000000000"",""systemTime"":""2024-12-22T11:05:16.8715697Z"",""eventRecordID"":""7187"",""processID"":""0"",""threadID"":""0"",""channel"":""Application"",""computer"":""DESKTOP-QGB4EQH"",""severityValue"":""ERROR"",""message"":""\""Faulting application name: CalculatorApp.exe, version: 11.2411.1.0, time stamp: 0x674f3633\r\nFaulting module name: KERNELBASE.dll, version: 10.0.19041.5198, time stamp: 0xd1eefc71\r\nException code: 0xc000027b\r\nFault offset: 0x00000000001338e2\r\nFaulting process id: 0x3090\r\nFaulting application start time: 0x01db54614058978e\r\nFaulting application path: C:\\Program Files\\WindowsApps\\Microsoft.WindowsCalculator_11.2411.1.0_x64__8wekyb3d8bbwe\\CalculatorApp.exe\r\nFaulting module path: C:\\WINDOWS\\System32\\KERNELBASE.dll\r\nReport Id: 1005038e-3237-4bfb-a6fc-1b0796a11d32\r\nFaulting package full name: Microsoft.WindowsCalculator_11.2411.1.0_x64__8wekyb3d8bbwe\r\nFaulting package-relative application ID: App\""""},""eventdata"":{""data"":""CalculatorApp.exe, 11.2411.1.0, 674f3633, KERNELBASE.dll, 10.0.19041.5198, d1eefc71, c000027b, 00000000001338e2, 3090, 01db54614058978e, C:\\\\Program Files\\\\WindowsApps\\\\Microsoft.WindowsCalculator_11.2411.1.0_x64__8wekyb3d8bbwe\\\\CalculatorApp.exe, C:\\\\WINDOWS\\\\System32\\\\KERNELBASE.dll, 1005038e-3237-4bfb-a6fc-1b0796a11d32, Microsoft.WindowsCalculator_11.2411.1.0_x64__8wekyb3d8bbwe, App""}}}
{""win"":{""system"":{""providerName"":""Application Error"",""eventID"":""1000"",""version"":""0"",""level"":""2"",""task"":""100"",""opcode"":""0"",""keywords"":""0x80000000000000"",""systemTime"":""2024-12-22T11:05:14.9494389Z"",""eventRecordID"":""7186"",""processID"":""0"",""threadID"":""0"",""channel"":""Application"",""computer"":""DESKTOP-QGB4EQH"",""severityValue"":""ERROR"",""message"":""\""Faulting application name: CalculatorApp.exe, version: 11.2411.1.0, time stamp: 0x674f3633\r\nFaulting module name: KERNELBASE.dll, version: 10.0.19041.5198, time stamp: 0xd1eefc71\r\nException code: 0xc000027b\r\nFault offset: 0x00000000001338e2\r\nFaulting process id: 0x314c\r\nFaulting application start time: 0x01db54613e2496d4\r\nFaulting application path: C:\\Program Files\\WindowsApps\\Microsoft.WindowsCalculator_11.2411.1.0_x64__8wekyb3d8bbwe\\CalculatorApp.exe\r\nFaulting module path: C:\\WINDOWS\\System32\\KERNELBASE.dll\r\nReport Id: f1dafb01-d2e5-482c-abac-573182886e4a\r\nFaulting package full name: Microsoft.WindowsCalculator_11.2411.1.0_x64__8wekyb3d8bbwe\r\nFaulting package-relative application ID: App\""""},""eventdata"":{""data"":""CalculatorApp.exe, 11.2411.1.0, 674f3633, KERNELBASE.dll, 10.0.19041.5198, d1eefc71, c000027b, 00000000001338e2, 314c, 01db54613e2496d4, C:\\\\Program Files\\\\WindowsApps\\\\Microsoft.WindowsCalculator_11.2411.1.0_x64__8wekyb3d8bbwe\\\\CalculatorApp.exe, C:\\\\WINDOWS\\\\System32\\\\KERNELBASE.dll, f1dafb01-d2e5-482c-abac-573182886e4a, Microsoft.WindowsCalculator_11.2411.1.0_x64__8wekyb3d8bbwe, App""}}}", , , , ,8, , , , , , , , , , , , , , , , , , , , , , , , , , , , , , , , , , , , , , , , , , , , , , , , , , , , , , , 
wazuh-alerts-4.x-2024.12.22,oUoN7pMBNimV4ECvJINM,1,1,192.168.117.139,window-agent3,3,Maryam, ,41007500640069006F007300720076000000,7031,Service Control Manager,0x8080000000000000,{555908d1-a6d7-4695-8e1e-26931d2012f4},2,System,0,"""The Windows Audio service terminated unexpectedly.  It has done this 1 time(s).  The following corrective action will be taken in 60000 milliseconds: Restart the service.""",0,2024-12-22T11:07:36.3696271Z,3223,3468,DESKTOP-QGB4EQH,0,652,ERROR,Service Control Manager,1,FALSE,5,Windows Audio terminated unexpectedly,"[""windows"",""windows_system""]",61107,windows_eventchannel,log,"Dec 22, 2024 @ 11:07:37.714",EventChannel,1734865657,"Dec 22, 2024 @ 11:07:37.714", , , , , , , , , , , , , , , , , , , , , , , , , , , , , , , , , , , , , , , , , , , , , , , , , , , , , , , , , , , , , , , , , , , , , , , , , , , , , , , , , ,60000,1,Windows Audio,1, , , , , , , , , , , , , , , , , , , , , , ,Restart the service, , , , , , , , , , , , , , , , , , , , , , , , , , , , 
wazuh-alerts-4.x-2024.12.22,pkoN7pMBNimV4ECv24Pq,1,1,192.168.117.139,window-agent3,3,Maryam, , ,11, ,0x8000000000000000,{5770385f-c22a-43e0-bf4c-06f5698ffbd9},4,Microsoft-Windows-Sysmon/Operational,0,"""File created:
RuleName: technique_id=T1059.001,technique_name=PowerShell
UtcTime: 2024-12-22 11:08:13.664
ProcessGuid: {15959494-f31c-6767-3303-000000001200}
ProcessId: 8120
Image: C:\WINDOWS\System32\WindowsPowerShell\v1.0\powershell.exe
TargetFilename: C:\Users\mari\AppData\Local\Temp\__PSScriptPolicyTest_l1rdhss2.det.ps1
CreationUtcTime: 2024-12-22 11:08:13.664
User: DESKTOP-QGB4EQH\mari""",2,2024-12-22T11:08:13.6768772Z,232241,4988,DESKTOP-QGB4EQH,11,2868,INFORMATION,Microsoft-Windows-Sysmon,14,TRUE,15,Executable file dropped in folder commonly used by malware,"[""sysmon"",""sysmon_eid11_detections"",""windows""]",92213,windows_eventchannel,log,"Dec 22, 2024 @ 11:08:14.444",EventChannel,1734865694,"Dec 22, 2024 @ 11:08:14.444", , , , , , , , , , , , , , ,8120, , , , , , , , , , , , ,"[""Ingress Tool Transfer""]","[""T1105""]","[""Command and Control""]", ,C:\\WINDOWS\\System32\\WindowsPowerShell\\v1.0\\powershell.exe, ,{15959494-f31c-6767-3303-000000001200},08:13.7, , ,DESKTOP-QGB4EQH\\mari, , , , , , , , , , ,"technique_id=T1059.001,technique_name=PowerShell", , , , , , , , , , , , , , , , , , , , , , , , , , , , , ,C:\\Users\\mari\\AppData\\Local\\Temp\\__PSScriptPolicyTest_l1rdhss2.det.ps1,08:13.7, , , , , , , , , , , , , , , , , , , , , , , , , , , , , , , , , , , , , , , , , , , , , , , , , , , , , , , , 
wazuh-alerts-4.x-2024.12.22,p0oN7pMBNimV4ECv24Pq,1,1,192.168.117.139,window-agent3,3,Maryam, , ,1, ,0x8000000000000000,{5770385f-c22a-43e0-bf4c-06f5698ffbd9},4,Microsoft-Windows-Sysmon/Operational,0,"""Process Create:
RuleName: technique_id=T1127,technique_name=Trusted Developer Utilities Proxy Execution
UtcTime: 2024-12-22 11:08:19.378
ProcessGuid: {15959494-f323-6767-5903-000000001200}
ProcessId: 13012
Image: C:\Windows\Microsoft.NET\Framework64\v4.0.30319\csc.exe
FileVersion: 4.8.9232.0 built by: NET481REL1LAST_C
Description: Visual C# Command Line Compiler
Product: Microsoft® .NET Framework
Company: Microsoft Corporation
OriginalFileName: csc.exe
CommandLine: ""C:\Windows\Microsoft.NET\Framework64\v4.0.30319\csc.exe"" /noconfig /fullpaths @""C:\Users\mari\AppData\Local\Temp\lx342zuz.cmdline""
CurrentDirectory: C:\Users\mari\
User: DESKTOP-QGB4EQH\mari
LogonGuid: {15959494-ead5-6767-c208-170000000000}
LogonId: 0x1708C2
TerminalSessionId: 1
IntegrityLevel: Medium
Hashes: SHA1=B9B34E794E751A7A7F2FF32F56F63C463642E09A,MD5=53803CB67327CC873A1C88604D54A1D4,SHA256=AAE1DB57F898CA8BDA18590C56F86CED6D0EAD80C22033B76FDFE9119706F116,IMPHASH=2E6A9097FBA347A254DAC72662FE1259
ParentProcessGuid: {15959494-f31c-6767-3303-000000001200}
ParentProcessId: 8120
ParentImage: C:\Windows\System32\WindowsPowerShell\v1.0\powershell.exe
ParentCommandLine: powershell.exe -ExecutionPolicy Bypass -C ""$RequiredModule = Get-Module -Name AtomicTestHarnesses -ListAvailable; if (-not $RequiredModule) {Install-Module -Name AtomicTestHarnesses -Scope CurrentUser -Force};  ;  Out-ATHPowerShellCommandLineParameter -CommandLineSwitchType Hyphen -CommandParamVariation C -UseEncodedArguments -EncodedArgumentsParamVariation EA -Execute -ErrorAction Stop""
ParentUser: DESKTOP-QGB4EQH\mari""",5,2024-12-22T11:08:19.3856603Z,232304,4988,DESKTOP-QGB4EQH,1,2868,INFORMATION,Microsoft-Windows-Sysmon,4,FALSE,6,"Powershell script compiling code using CSC.exe, possible malware drop","[""sysmon"",""sysmon_eid1_detections"",""windows""]",92006,windows_eventchannel,log,"Dec 22, 2024 @ 11:08:20.930",EventChannel,1734865700,"Dec 22, 2024 @ 11:08:20.930", , , , , , , , , ,{15959494-ead5-6767-c208-170000000000}, , , , ,13012, , , , , , , , , , , , ,"[""Compile After Delivery""]","[""T1027.004""]","[""Defense Evasion""]", ,C:\\Windows\\Microsoft.NET\\Framework64\\v4.0.30319\\csc.exe, ,{15959494-f323-6767-5903-000000001200},08:19.4, , ,DESKTOP-QGB4EQH\\mari,csc.exe,Microsoft® .NET Framework,{15959494-f31c-6767-3303-000000001200},Visual C# Command Line Compiler,"powershell.exe -ExecutionPolicy Bypass -C \""$RequiredModule = Get-Module -Name AtomicTestHarnesses -ListAvailable; if (-not $RequiredModule) {Install-Module -Name AtomicTestHarnesses -Scope CurrentUser -Force};  ;  Out-ATHPowerShellCommandLineParameter -CommandLineSwitchType Hyphen -CommandParamVariation C -UseEncodedArguments -EncodedArgumentsParamVariation EA -Execute -ErrorAction Stop\""",0x1708c2,8120,C:\\Users\\mari\\,"SHA1=B9B34E794E751A7A7F2FF32F56F63C463642E09A,MD5=53803CB67327CC873A1C88604D54A1D4,SHA256=AAE1DB57F898CA8BDA18590C56F86CED6D0EAD80C22033B76FDFE9119706F116,IMPHASH=2E6A9097FBA347A254DAC72662FE1259",C:\\Windows\\System32\\WindowsPowerShell\\v1.0\\powershell.exe,"technique_id=T1127,technique_name=Trusted Developer Utilities Proxy Execution",Microsoft Corporation,"\""C:\\Windows\\Microsoft.NET\\Framework64\\v4.0.30319\\csc.exe\"" /noconfig /fullpaths @\""C:\\Users\\mari\\AppData\\Local\\Temp\\lx342zuz.cmdline\""",Medium,4.8.9232.0 built by: NET481REL1LAST_C,1,DESKTOP-QGB4EQH\\mari, , , , , , , , , , , , , , , , , , , , , , , , , , , , , , , , , , , , , , , , , , , , , , , , , , , , , , , , , , , , , , , , , , , , , , , , , , , , , , , , , 
wazuh-alerts-4.x-2024.12.22,kUoM7pMBNimV4ECv-YOx,1,1,192.168.117.139,window-agent3,3,Maryam, , ,11, ,0x8000000000000000,{5770385f-c22a-43e0-bf4c-06f5698ffbd9},4,Microsoft-Windows-Sysmon/Operational,0,"""File created:
RuleName: technique_id=T1059.001,technique_name=PowerShell
UtcTime: 2024-12-22 11:07:19.460
ProcessGuid: {15959494-f2e5-6767-fd02-000000001200}
ProcessId: 14964
Image: C:\WINDOWS\System32\WindowsPowerShell\v1.0\powershell.exe
TargetFilename: C:\Users\mari\AppData\Local\Temp\__PSScriptPolicyTest_1bx3uj1e.igs.ps1
CreationUtcTime: 2024-12-22 11:07:19.460
User: DESKTOP-QGB4EQH\mari""",2,2024-12-22T11:07:19.4672913Z,232025,4988,DESKTOP-QGB4EQH,11,2868,INFORMATION,Microsoft-Windows-Sysmon,12,TRUE,15,Executable file dropped in folder commonly used by malware,"[""sysmon"",""sysmon_eid11_detections"",""windows""]",92213,windows_eventchannel,log,"Dec 22, 2024 @ 11:07:20.997",EventChannel,1734865640,"Dec 22, 2024 @ 11:07:20.997", , , , , , , , , , , , , , ,14964, , , , , , , , , , , , ,"[""Ingress Tool Transfer""]","[""T1105""]","[""Command and Control""]", ,C:\\WINDOWS\\System32\\WindowsPowerShell\\v1.0\\powershell.exe, ,{15959494-f2e5-6767-fd02-000000001200},07:19.5, , ,DESKTOP-QGB4EQH\\mari, , , , , , , , , , ,"technique_id=T1059.001,technique_name=PowerShell", , , , , , , , , , , , , , , , , , , , , , , , , , , , , ,C:\\Users\\mari\\AppData\\Local\\Temp\\__PSScriptPolicyTest_1bx3uj1e.igs.ps1,07:19.5, , , , , , , , , , , , , , , , , , , , , , , , , , , , , , , , , , , , , , , , , , , , , , , , , , , , , , , , 
wazuh-alerts-4.x-2024.12.22,kkoN7pMBNimV4ECvBYMp,1,1,192.168.117.139,window-agent3,3,Maryam, , ,1, ,0x8000000000000000,{5770385f-c22a-43e0-bf4c-06f5698ffbd9},4,Microsoft-Windows-Sysmon/Operational,0,"""Process Create:
RuleName: technique_id=T1127,technique_name=Trusted Developer Utilities Proxy Execution
UtcTime: 2024-12-22 11:07:26.438
ProcessGuid: {15959494-f2ee-6767-2203-000000001200}
ProcessId: 16188
Image: C:\Windows\Microsoft.NET\Framework64\v4.0.30319\csc.exe
FileVersion: 4.8.9232.0 built by: NET481REL1LAST_C
Description: Visual C# Command Line Compiler
Product: Microsoft® .NET Framework
Company: Microsoft Corporation
OriginalFileName: csc.exe
CommandLine: ""C:\Windows\Microsoft.NET\Framework64\v4.0.30319\csc.exe"" /noconfig /fullpaths @""C:\Users\mari\AppData\Local\Temp\raeob35z.cmdline""
CurrentDirectory: C:\Users\mari\
User: DESKTOP-QGB4EQH\mari
LogonGuid: {15959494-ead5-6767-c208-170000000000}
LogonId: 0x1708C2
TerminalSessionId: 1
IntegrityLevel: Medium
Hashes: SHA1=B9B34E794E751A7A7F2FF32F56F63C463642E09A,MD5=53803CB67327CC873A1C88604D54A1D4,SHA256=AAE1DB57F898CA8BDA18590C56F86CED6D0EAD80C22033B76FDFE9119706F116,IMPHASH=2E6A9097FBA347A254DAC72662FE1259
ParentProcessGuid: {15959494-f2e5-6767-fd02-000000001200}
ParentProcessId: 14964
ParentImage: C:\Windows\System32\WindowsPowerShell\v1.0\powershell.exe
ParentCommandLine: powershell.exe -ExecutionPolicy Bypass -C ""$RequiredModule = Get-Module -Name AtomicTestHarnesses -ListAvailable; if (-not $RequiredModule) {Install-Module -Name AtomicTestHarnesses -Scope CurrentUser -Force};  ;  Out-ATHPowerShellCommandLineParameter -CommandLineSwitchType Hyphen -CommandParamVariation C -Execute -ErrorAction Stop""
ParentUser: DESKTOP-QGB4EQH\mari""",5,2024-12-22T11:07:26.4882848Z,232086,4988,DESKTOP-QGB4EQH,1,2868,INFORMATION,Microsoft-Windows-Sysmon,3,FALSE,6,"Powershell script compiling code using CSC.exe, possible malware drop","[""sysmon"",""sysmon_eid1_detections"",""windows""]",92006,windows_eventchannel,log,"Dec 22, 2024 @ 11:07:27.939",EventChannel,1734865647,"Dec 22, 2024 @ 11:07:27.939", , , , , , , , , ,{15959494-ead5-6767-c208-170000000000}, , , , ,16188, , , , , , , , , , , , ,"[""Compile After Delivery""]","[""T1027.004""]","[""Defense Evasion""]", ,C:\\Windows\\Microsoft.NET\\Framework64\\v4.0.30319\\csc.exe, ,{15959494-f2ee-6767-2203-000000001200},07:26.4, , ,DESKTOP-QGB4EQH\\mari,csc.exe,Microsoft® .NET Framework,{15959494-f2e5-6767-fd02-000000001200},Visual C# Command Line Compiler,"powershell.exe -ExecutionPolicy Bypass -C \""$RequiredModule = Get-Module -Name AtomicTestHarnesses -ListAvailable; if (-not $RequiredModule) {Install-Module -Name AtomicTestHarnesses -Scope CurrentUser -Force};  ;  Out-ATHPowerShellCommandLineParameter -CommandLineSwitchType Hyphen -CommandParamVariation C -Execute -ErrorAction Stop\""",0x1708c2,14964,C:\\Users\\mari\\,"SHA1=B9B34E794E751A7A7F2FF32F56F63C463642E09A,MD5=53803CB67327CC873A1C88604D54A1D4,SHA256=AAE1DB57F898CA8BDA18590C56F86CED6D0EAD80C22033B76FDFE9119706F116,IMPHASH=2E6A9097FBA347A254DAC72662FE1259",C:\\Windows\\System32\\WindowsPowerShell\\v1.0\\powershell.exe,"technique_id=T1127,technique_name=Trusted Developer Utilities Proxy Execution",Microsoft Corporation,"\""C:\\Windows\\Microsoft.NET\\Framework64\\v4.0.30319\\csc.exe\"" /noconfig /fullpaths @\""C:\\Users\\mari\\AppData\\Local\\Temp\\raeob35z.cmdline\""",Medium,4.8.9232.0 built by: NET481REL1LAST_C,1,DESKTOP-QGB4EQH\\mari, , , , , , , , , , , , , , , , , , , , , , , , , , , , , , , , , , , , , , , , , , , , , , , , , , , , , , , , , , , , , , , , , , , , , , , , , , , , , , , , , 
wazuh-alerts-4.x-2024.12.22,sEoP7pMBNimV4ECv-oPr,1,1,192.168.117.139,window-agent3,3,Maryam, , ,1, ,0x8000000000000000,{5770385f-c22a-43e0-bf4c-06f5698ffbd9},4,Microsoft-Windows-Sysmon/Operational,0,"""Process Create:
RuleName: technique_id=T1059.001,technique_name=PowerShell
UtcTime: 2024-12-22 11:10:33.550
ProcessGuid: {15959494-f3a9-6767-8c03-000000001200}
ProcessId: 2516
Image: C:\Users\mari\AppData\Roaming\updater.exe
FileVersion: 10.0.19041.3996 (WinBuild.160101.0800)
Description: Windows PowerShell
Product: Microsoft® Windows® Operating System
Company: Microsoft Corporation
OriginalFileName: PowerShell.EXE
CommandLine: C:\Users\mari\AppData\Roaming\updater.exe  -Command exit
CurrentDirectory: C:\Users\mari\
User: DESKTOP-QGB4EQH\mari
LogonGuid: {15959494-ead5-6767-c208-170000000000}
LogonId: 0x1708C2
TerminalSessionId: 1
IntegrityLevel: Medium
Hashes: SHA1=801262E122DB6A2E758962896F260B55BBD0136A,MD5=2E5A8590CF6848968FC23DE3FA1E25F1,SHA256=9785001B0DCF755EDDB8AF294A373C0B87B2498660F724E76C4D53F9C217C7A3,IMPHASH=3D08F4848535206D772DE145804FF4B6
ParentProcessGuid: {15959494-f3a9-6767-8b03-000000001200}
ParentProcessId: 13044
ParentImage: C:\Windows\System32\cmd.exe
ParentCommandLine: cmd.exe /C copy %windir%\System32\windowspowershell\v1.0\powershell.exe %APPDATA%\updater.exe && copy %windir%\System32\amsi.dll %APPDATA%\amsi.dll && %APPDATA%\updater.exe -Command exit
ParentUser: DESKTOP-QGB4EQH\mari""",5,2024-12-22T11:10:33.5577055Z,232421,4988,DESKTOP-QGB4EQH,1,2868,INFORMATION,Microsoft-Windows-Sysmon,1,FALSE,3,Powershell was used to delete files or directories,"[""sysmon"",""sysmon_eid1_detections"",""windows""]",92021,windows_eventchannel,log,"Dec 22, 2024 @ 11:10:34.904",EventChannel,1734865834,"Dec 22, 2024 @ 11:10:34.904", , , , , , , , , ,{15959494-ead5-6767-c208-170000000000}, , , , ,2516, , , , , , , , , , , , ,"[""File Deletion""]","[""T1070.004""]","[""Defense Evasion""]", ,C:\\Users\\mari\\AppData\\Roaming\\updater.exe, ,{15959494-f3a9-6767-8c03-000000001200},10:33.5, , ,DESKTOP-QGB4EQH\\mari,PowerShell.EXE,Microsoft® Windows® Operating System,{15959494-f3a9-6767-8b03-000000001200},Windows PowerShell,cmd.exe /C copy %windir%\\System32\\windowspowershell\\v1.0\\powershell.exe %APPDATA%\\updater.exe &amp;&amp; copy %windir%\\System32\\amsi.dll %APPDATA%\\amsi.dll &amp;&amp; %APPDATA%\\updater.exe -Command exit,0x1708c2,13044,C:\\Users\\mari\\,"SHA1=801262E122DB6A2E758962896F260B55BBD0136A,MD5=2E5A8590CF6848968FC23DE3FA1E25F1,SHA256=9785001B0DCF755EDDB8AF294A373C0B87B2498660F724E76C4D53F9C217C7A3,IMPHASH=3D08F4848535206D772DE145804FF4B6",C:\\Windows\\System32\\cmd.exe,"technique_id=T1059.001,technique_name=PowerShell",Microsoft Corporation,C:\\Users\\mari\\AppData\\Roaming\\updater.exe  -Command exit,Medium,10.0.19041.3996 (WinBuild.160101.0800),1,DESKTOP-QGB4EQH\\mari, , , , , , , , , , , , , , , , , , , , , , , , , , , , , , , , , , , , , , , , , , , , , , , , , , , , , , , , , , , , , , , , , , , , , , , , , , , , , , , , , 
wazuh-alerts-4.x-2024.12.22,qkoP7pMBNimV4ECvIIMo,1,1,192.168.117.139,window-agent3,3,Maryam, , ,11, ,0x8000000000000000,{5770385f-c22a-43e0-bf4c-06f5698ffbd9},4,Microsoft-Windows-Sysmon/Operational,0,"""File created:
RuleName: technique_id=T1059.001,technique_name=PowerShell
UtcTime: 2024-12-22 11:09:38.243
ProcessGuid: {15959494-f223-6767-b902-000000001200}
ProcessId: 1736
Image: C:\Users\Public\splunkd.exe
TargetFilename: C:\Users\mari\Emulate-Administrator-Tasks.ps1
CreationUtcTime: 2024-12-22 11:09:38.243
User: DESKTOP-QGB4EQH\mari""",2,2024-12-22T11:09:38.2445524Z,232325,4988,DESKTOP-QGB4EQH,11,2868,INFORMATION,Microsoft-Windows-Sysmon,12,FALSE,6,Scripting file created under Windows Temp or User folder,"[""sysmon"",""sysmon_eid11_detections"",""windows""]",92200,windows_eventchannel,log,"Dec 22, 2024 @ 11:09:39.800",EventChannel,1734865779,"Dec 22, 2024 @ 11:09:39.800", , , , , , , , , , , , , , ,1736, , , , , , , , , , , , ,"[""Command and Scripting Interpreter"",""Ingress Tool Transfer""]","[""T1059"",""T1105""]","[""Execution"",""Command and Control""]", ,C:\\Users\\Public\\splunkd.exe, ,{15959494-f223-6767-b902-000000001200},09:38.2, , ,DESKTOP-QGB4EQH\\mari, , , , , , , , , , ,"technique_id=T1059.001,technique_name=PowerShell", , , , , , , , , , , , , , , , , , , , , , , , , , , , , ,C:\\Users\\mari\\Emulate-Administrator-Tasks.ps1,09:38.2, , , , , , , , , , , , , , , , , , , , , , , , , , , , , , , , , , , , , , , , , , , , , , , , , , , , , , , , 
