wazuh-alerts-4.x-2024.12.22,7Epf7pMBNimV4ECvqoSW,1,1,192.168.117.139,window-agent3,3,Maryam, , ,1, ,0x8000000000000000,{5770385f-c22a-43e0-bf4c-06f5698ffbd9},4,Microsoft-Windows-Sysmon/Operational,0,"""Process Create:
RuleName: technique_id=T1018,technique_name=Remote System Discovery
UtcTime: 2024-12-22 12:37:44.515
ProcessGuid: {15959494-0818-6768-8800-000000001300}
ProcessId: 1644
Image: C:\Windows\SysWOW64\net1.exe
FileVersion: 10.0.19041.3636 (WinBuild.160101.0800)
Description: Net Command
Product: Microsoft® Windows® Operating System
Company: Microsoft Corporation
OriginalFileName: net1.exe
CommandLine: C:\WINDOWS\system32\net1 accounts
CurrentDirectory: C:\Program Files (x86)\ossec-agent\
User: NT AUTHORITY\SYSTEM
LogonGuid: {15959494-07e5-6768-e703-000000000000}
LogonId: 0x3E7
TerminalSessionId: 0
IntegrityLevel: System
Hashes: SHA1=3E46EB17BB05B8785C0B6A64587886EE95FACF66,MD5=4A26539015F4FDB3AC3C5EB14336C7A7,SHA256=B25CF32B7BB76D5A5121919C63E6AE77262347F4AD7B29EE3C43CBAA61F43957,IMPHASH=D45C7E138CFAD11059C95018C99B7C96
ParentProcessGuid: {15959494-0818-6768-8600-000000001300}
ParentProcessId: 3888
ParentImage: C:\Windows\SysWOW64\net.exe
ParentCommandLine: net.exe accounts
ParentUser: NT AUTHORITY\SYSTEM""",5,2024-12-22T12:37:44.5212981Z,233244,4960,DESKTOP-QGB4EQH,1,2812,INFORMATION,Microsoft-Windows-Sysmon,16,FALSE,3,Discovery activity executed,"[""sysmon"",""sysmon_eid1_detections"",""windows""]",92031,windows_eventchannel,log,"Dec 22, 2024 @ 12:37:45.978",EventChannel,1734871065,"Dec 22, 2024 @ 12:37:45.978", , , , , , , , , ,{15959494-07e5-6768-e703-000000000000}, , , , ,1644, , , , , , , , , , , , ,"[""Account Discovery""]","[""T1087""]","[""Discovery""]", ,C:\\Windows\\SysWOW64\\net1.exe, ,{15959494-0818-6768-8800-000000001300},37:44.5, , ,NT AUTHORITY\\SYSTEM,net1.exe,Microsoft® Windows® Operating System,{15959494-0818-6768-8600-000000001300},Net Command,net.exe accounts,0x3e7,3888,C:\\Program Files (x86)\\ossec-agent\\,"SHA1=3E46EB17BB05B8785C0B6A64587886EE95FACF66,MD5=4A26539015F4FDB3AC3C5EB14336C7A7,SHA256=B25CF32B7BB76D5A5121919C63E6AE77262347F4AD7B29EE3C43CBAA61F43957,IMPHASH=D45C7E138CFAD11059C95018C99B7C96",C:\\Windows\\SysWOW64\\net.exe,"technique_id=T1018,technique_name=Remote System Discovery",Microsoft Corporation,C:\\WINDOWS\\system32\\net1 accounts,System,10.0.19041.3636 (WinBuild.160101.0800),0,NT AUTHORITY\\SYSTEM, , , , , , , , , , , , , , , , , , , , , , , , , , , , , , , , , , , , , , , , , , , , , , , , , , , , , , , , , , , , , , , , , , , , , , , , , , , , , , , , , 
wazuh-alerts-4.x-2024.12.22,8Upf7pMBNimV4ECvqoSW,1,1,192.168.117.139,window-agent3,3,Maryam, , ,1, ,0x8000000000000000,{5770385f-c22a-43e0-bf4c-06f5698ffbd9},4,Microsoft-Windows-Sysmon/Operational,0,"""Process Create:
RuleName: technique_id=T1087.001,technique_name=Local Account
UtcTime: 2024-12-22 12:37:44.872
ProcessGuid: {15959494-0818-6768-8f00-000000001300}
ProcessId: 2316
Image: C:\Windows\SysWOW64\net.exe
FileVersion: 10.0.19041.1 (WinBuild.160101.0800)
Description: Net Command
Product: Microsoft® Windows® Operating System
Company: Microsoft Corporation
OriginalFileName: net.exe
CommandLine: net user guest
CurrentDirectory: C:\Program Files (x86)\ossec-agent\
User: NT AUTHORITY\SYSTEM
LogonGuid: {15959494-07e5-6768-e703-000000000000}
LogonId: 0x3E7
TerminalSessionId: 0
IntegrityLevel: System
Hashes: SHA1=A5BADC2DD4DBAA8ED5F0A3646F7248BF060A2F13,MD5=31890A7DE89936F922D44D677F681A7F,SHA256=7C4C7725E266F12ABA8C50FD1598D4001201BCA0E7ACA901508307E365AFFF42,IMPHASH=AC592B83B5CAEB41A6F6DF7DB53F9076
ParentProcessGuid: {15959494-07ed-6768-3600-000000001300}
ParentProcessId: 2796
ParentImage: C:\Program Files (x86)\ossec-agent\wazuh-agent.exe
ParentCommandLine: ""C:\Program Files (x86)\ossec-agent\wazuh-agent.exe""
ParentUser: NT AUTHORITY\SYSTEM""",5,2024-12-22T12:37:44.8761538Z,233249,4960,DESKTOP-QGB4EQH,1,2812,INFORMATION,Microsoft-Windows-Sysmon,5,FALSE,3,A net.exe account discovery command was initiated,"[""sysmon"",""sysmon_eid1_detections"",""windows""]",92039,windows_eventchannel,log,"Dec 22, 2024 @ 12:37:46.056",EventChannel,1734871066,"Dec 22, 2024 @ 12:37:46.056", , , , , , , , , ,{15959494-07e5-6768-e703-000000000000}, , , , ,2316, , , , , , , , , , , , ,"[""Account Discovery""]","[""T1087""]","[""Discovery""]", ,C:\\Windows\\SysWOW64\\net.exe, ,{15959494-0818-6768-8f00-000000001300},37:44.9, , ,NT AUTHORITY\\SYSTEM,net.exe,Microsoft® Windows® Operating System,{15959494-07ed-6768-3600-000000001300},Net Command,"\""C:\\Program Files (x86)\\ossec-agent\\wazuh-agent.exe\""",0x3e7,2796,C:\\Program Files (x86)\\ossec-agent\\,"SHA1=A5BADC2DD4DBAA8ED5F0A3646F7248BF060A2F13,MD5=31890A7DE89936F922D44D677F681A7F,SHA256=7C4C7725E266F12ABA8C50FD1598D4001201BCA0E7ACA901508307E365AFFF42,IMPHASH=AC592B83B5CAEB41A6F6DF7DB53F9076",C:\\Program Files (x86)\\ossec-agent\\wazuh-agent.exe,"technique_id=T1087.001,technique_name=Local Account",Microsoft Corporation,net user guest,System,10.0.19041.1 (WinBuild.160101.0800),0,NT AUTHORITY\\SYSTEM, , , , , , , , , , , , , , , , , , , , , , , , , , , , , , , , , , , , , , , , , , , , , , , , , , , , , , , , , , , , , , , , , , , , , , , , , , , , , , , , , 
wazuh-alerts-4.x-2024.12.22,8kpf7pMBNimV4ECvroSN,1,1,192.168.117.139,window-agent3,3,Maryam, , ,1, ,0x8000000000000000,{5770385f-c22a-43e0-bf4c-06f5698ffbd9},4,Microsoft-Windows-Sysmon/Operational,0,"""Process Create:
RuleName: technique_id=T1018,technique_name=Remote System Discovery
UtcTime: 2024-12-22 12:37:44.968
ProcessGuid: {15959494-0818-6768-9100-000000001300}
ProcessId: 4908
Image: C:\Windows\SysWOW64\net1.exe
FileVersion: 10.0.19041.3636 (WinBuild.160101.0800)
Description: Net Command
Product: Microsoft® Windows® Operating System
Company: Microsoft Corporation
OriginalFileName: net1.exe
CommandLine: C:\WINDOWS\system32\net1 user guest
CurrentDirectory: C:\Program Files (x86)\ossec-agent\
User: NT AUTHORITY\SYSTEM
LogonGuid: {15959494-07e5-6768-e703-000000000000}
LogonId: 0x3E7
TerminalSessionId: 0
IntegrityLevel: System
Hashes: SHA1=3E46EB17BB05B8785C0B6A64587886EE95FACF66,MD5=4A26539015F4FDB3AC3C5EB14336C7A7,SHA256=B25CF32B7BB76D5A5121919C63E6AE77262347F4AD7B29EE3C43CBAA61F43957,IMPHASH=D45C7E138CFAD11059C95018C99B7C96
ParentProcessGuid: {15959494-0818-6768-8f00-000000001300}
ParentProcessId: 2316
ParentImage: C:\Windows\SysWOW64\net.exe
ParentCommandLine: net user guest
ParentUser: NT AUTHORITY\SYSTEM""",5,2024-12-22T12:37:44.9726195Z,233250,4960,DESKTOP-QGB4EQH,1,2812,INFORMATION,Microsoft-Windows-Sysmon,6,FALSE,3,A net.exe account discovery command was initiated,"[""sysmon"",""sysmon_eid1_detections"",""windows""]",92039,windows_eventchannel,log,"Dec 22, 2024 @ 12:37:46.071",EventChannel,1734871066,"Dec 22, 2024 @ 12:37:46.071", , , , , , , , , ,{15959494-07e5-6768-e703-000000000000}, , , , ,4908, , , , , , , , , , , , ,"[""Account Discovery""]","[""T1087""]","[""Discovery""]", ,C:\\Windows\\SysWOW64\\net1.exe, ,{15959494-0818-6768-9100-000000001300},37:45.0, , ,NT AUTHORITY\\SYSTEM,net1.exe,Microsoft® Windows® Operating System,{15959494-0818-6768-8f00-000000001300},Net Command,net user guest,0x3e7,2316,C:\\Program Files (x86)\\ossec-agent\\,"SHA1=3E46EB17BB05B8785C0B6A64587886EE95FACF66,MD5=4A26539015F4FDB3AC3C5EB14336C7A7,SHA256=B25CF32B7BB76D5A5121919C63E6AE77262347F4AD7B29EE3C43CBAA61F43957,IMPHASH=D45C7E138CFAD11059C95018C99B7C96",C:\\Windows\\SysWOW64\\net.exe,"technique_id=T1018,technique_name=Remote System Discovery",Microsoft Corporation,C:\\WINDOWS\\system32\\net1 user guest,System,10.0.19041.3636 (WinBuild.160101.0800),0,NT AUTHORITY\\SYSTEM, , , , , , , , , , , , , , , , , , , , , , , , , , , , , , , , , , , , , , , , , , , , , , , , , , , , , , , , , , , , , , , , , , , , , , , , , , , , , , , , , 
wazuh-alerts-4.x-2024.12.22,9Upf7pMBNimV4ECvroSN,1,1,192.168.117.139,window-agent3,3,Maryam, , ,1, ,0x8000000000000000,{5770385f-c22a-43e0-bf4c-06f5698ffbd9},4,Microsoft-Windows-Sysmon/Operational,0,"""Process Create:
RuleName: technique_id=T1087.001,technique_name=Local Account
UtcTime: 2024-12-22 12:37:45.156
ProcessGuid: {15959494-0819-6768-9500-000000001300}
ProcessId: 3168
Image: C:\Windows\SysWOW64\net.exe
FileVersion: 10.0.19041.1 (WinBuild.160101.0800)
Description: Net Command
Product: Microsoft® Windows® Operating System
Company: Microsoft Corporation
OriginalFileName: net.exe
CommandLine: net user guest
CurrentDirectory: C:\Program Files (x86)\ossec-agent\
User: NT AUTHORITY\SYSTEM
LogonGuid: {15959494-07e5-6768-e703-000000000000}
LogonId: 0x3E7
TerminalSessionId: 0
IntegrityLevel: System
Hashes: SHA1=A5BADC2DD4DBAA8ED5F0A3646F7248BF060A2F13,MD5=31890A7DE89936F922D44D677F681A7F,SHA256=7C4C7725E266F12ABA8C50FD1598D4001201BCA0E7ACA901508307E365AFFF42,IMPHASH=AC592B83B5CAEB41A6F6DF7DB53F9076
ParentProcessGuid: {15959494-07ed-6768-3600-000000001300}
ParentProcessId: 2796
ParentImage: C:\Program Files (x86)\ossec-agent\wazuh-agent.exe
ParentCommandLine: ""C:\Program Files (x86)\ossec-agent\wazuh-agent.exe""
ParentUser: NT AUTHORITY\SYSTEM""",5,2024-12-22T12:37:45.1598015Z,233253,4960,DESKTOP-QGB4EQH,1,2812,INFORMATION,Microsoft-Windows-Sysmon,9,FALSE,3,A net.exe account discovery command was initiated,"[""sysmon"",""sysmon_eid1_detections"",""windows""]",92039,windows_eventchannel,log,"Dec 22, 2024 @ 12:37:46.997",EventChannel,1734871066,"Dec 22, 2024 @ 12:37:46.997", , , , , , , , , ,{15959494-07e5-6768-e703-000000000000}, , , , ,3168, , , , , , , , , , , , ,"[""Account Discovery""]","[""T1087""]","[""Discovery""]", ,C:\\Windows\\SysWOW64\\net.exe, ,{15959494-0819-6768-9500-000000001300},37:45.2, , ,NT AUTHORITY\\SYSTEM,net.exe,Microsoft® Windows® Operating System,{15959494-07ed-6768-3600-000000001300},Net Command,"\""C:\\Program Files (x86)\\ossec-agent\\wazuh-agent.exe\""",0x3e7,2796,C:\\Program Files (x86)\\ossec-agent\\,"SHA1=A5BADC2DD4DBAA8ED5F0A3646F7248BF060A2F13,MD5=31890A7DE89936F922D44D677F681A7F,SHA256=7C4C7725E266F12ABA8C50FD1598D4001201BCA0E7ACA901508307E365AFFF42,IMPHASH=AC592B83B5CAEB41A6F6DF7DB53F9076",C:\\Program Files (x86)\\ossec-agent\\wazuh-agent.exe,"technique_id=T1087.001,technique_name=Local Account",Microsoft Corporation,net user guest,System,10.0.19041.1 (WinBuild.160101.0800),0,NT AUTHORITY\\SYSTEM, , , , , , , , , , , , , , , , , , , , , , , , , , , , , , , , , , , , , , , , , , , , , , , , , , , , , , , , , , , , , , , , , , , , , , , , , , , , , , , , , 
wazuh-alerts-4.x-2024.12.22,'-Epf7pMBNimV4ECvsoR3,1,1,192.168.117.139,window-agent3,3,Maryam, , ,1, ,0x8000000000000000,{5770385f-c22a-43e0-bf4c-06f5698ffbd9},4,Microsoft-Windows-Sysmon/Operational,0,"""Process Create:
RuleName: technique_id=T1018,technique_name=Remote System Discovery
UtcTime: 2024-12-22 12:37:45.408
ProcessGuid: {15959494-0819-6768-9a00-000000001300}
ProcessId: 1692
Image: C:\Windows\SysWOW64\net1.exe
FileVersion: 10.0.19041.3636 (WinBuild.160101.0800)
Description: Net Command
Product: Microsoft® Windows® Operating System
Company: Microsoft Corporation
OriginalFileName: net1.exe
CommandLine: C:\WINDOWS\system32\net1 accounts
CurrentDirectory: C:\Program Files (x86)\ossec-agent\
User: NT AUTHORITY\SYSTEM
LogonGuid: {15959494-07e5-6768-e703-000000000000}
LogonId: 0x3E7
TerminalSessionId: 0
IntegrityLevel: System
Hashes: SHA1=3E46EB17BB05B8785C0B6A64587886EE95FACF66,MD5=4A26539015F4FDB3AC3C5EB14336C7A7,SHA256=B25CF32B7BB76D5A5121919C63E6AE77262347F4AD7B29EE3C43CBAA61F43957,IMPHASH=D45C7E138CFAD11059C95018C99B7C96
ParentProcessGuid: {15959494-0819-6768-9800-000000001300}
ParentProcessId: 4816
ParentImage: C:\Windows\SysWOW64\net.exe
ParentCommandLine: net.exe accounts
ParentUser: NT AUTHORITY\SYSTEM""",5,2024-12-22T12:37:45.4129954Z,233256,4960,DESKTOP-QGB4EQH,1,2812,INFORMATION,Microsoft-Windows-Sysmon,18,FALSE,3,Discovery activity executed,"[""sysmon"",""sysmon_eid1_detections"",""windows""]",92031,windows_eventchannel,log,"Dec 22, 2024 @ 12:37:47.040",EventChannel,1734871067,"Dec 22, 2024 @ 12:37:47.040", , , , , , , , , ,{15959494-07e5-6768-e703-000000000000}, , , , ,1692, , , , , , , , , , , , ,"[""Account Discovery""]","[""T1087""]","[""Discovery""]", ,C:\\Windows\\SysWOW64\\net1.exe, ,{15959494-0819-6768-9a00-000000001300},37:45.4, , ,NT AUTHORITY\\SYSTEM,net1.exe,Microsoft® Windows® Operating System,{15959494-0819-6768-9800-000000001300},Net Command,net.exe accounts,0x3e7,4816,C:\\Program Files (x86)\\ossec-agent\\,"SHA1=3E46EB17BB05B8785C0B6A64587886EE95FACF66,MD5=4A26539015F4FDB3AC3C5EB14336C7A7,SHA256=B25CF32B7BB76D5A5121919C63E6AE77262347F4AD7B29EE3C43CBAA61F43957,IMPHASH=D45C7E138CFAD11059C95018C99B7C96",C:\\Windows\\SysWOW64\\net.exe,"technique_id=T1018,technique_name=Remote System Discovery",Microsoft Corporation,C:\\WINDOWS\\system32\\net1 accounts,System,10.0.19041.3636 (WinBuild.160101.0800),0,NT AUTHORITY\\SYSTEM, , , , , , , , , , , , , , , , , , , , , , , , , , , , , , , , , , , , , , , , , , , , , , , , , , , , , , , , , , , , , , , , , , , , , , , , , , , , , , , , , 
wazuh-alerts-4.x-2024.12.22,EEpi7pMBNimV4ECvvIUS,1,1,192.168.117.139,window-agent3,3,Maryam, , ,7, ,0x8000000000000000,{5770385f-c22a-43e0-bf4c-06f5698ffbd9},4,Microsoft-Windows-Sysmon/Operational,0,"""Image loaded:
RuleName: technique_id=T1053,technique_name=Scheduled Task
UtcTime: 2024-12-22 12:40:58.201
ProcessGuid: {15959494-08da-6768-f200-000000001300}
ProcessId: 1808
Image: C:\Windows\System32\MoUsoCoreWorker.exe
ImageLoaded: C:\Windows\System32\taskschd.dll
FileVersion: 10.0.19041.3636 (WinBuild.160101.0800)
Description: Task Scheduler COM API
Product: Microsoft® Windows® Operating System
Company: Microsoft Corporation
OriginalFileName: taskschd.dll
Hashes: SHA1=633C92F5A5000CDE3235C7FDC306B2B04C501C48,MD5=84F942C1A4BD60C94EBEC6643E0216C9,SHA256=BBE733452E6CE871D5D2064948847AAB2A71F7FEDA2C962BA4002F64E2D198F2,IMPHASH=B7A4477FA36E2E5287EE76AC4AFCB05B
Signed: true
Signature: Microsoft Windows
SignatureStatus: Valid
User: NT AUTHORITY\SYSTEM""",3,2024-12-22T12:40:58.2096242Z,233333,4960,DESKTOP-QGB4EQH,7,2812,INFORMATION,Microsoft-Windows-Sysmon,13,FALSE,4,Process loaded taskschd.dll module. May be used to create delayed malware execution,"[""sysmon"",""sysmon_eid7_detections"",""windows""]",92154,windows_eventchannel,log,"Dec 22, 2024 @ 12:41:00.060",EventChannel,1734871260,"Dec 22, 2024 @ 12:41:00.060", , , , , , , , , , , , , , ,1808, , , , , , , , , , , , ,"[""Scheduled Task""]","[""T1053.005""]","[""Execution"",""Persistence"",""Privilege Escalation""]", ,C:\\Windows\\System32\\MoUsoCoreWorker.exe, ,{15959494-08da-6768-f200-000000001300},40:58.2, , ,NT AUTHORITY\\SYSTEM,taskschd.dll,Microsoft® Windows® Operating System, ,Task Scheduler COM API, , , , ,"SHA1=633C92F5A5000CDE3235C7FDC306B2B04C501C48,MD5=84F942C1A4BD60C94EBEC6643E0216C9,SHA256=BBE733452E6CE871D5D2064948847AAB2A71F7FEDA2C962BA4002F64E2D198F2,IMPHASH=B7A4477FA36E2E5287EE76AC4AFCB05B", ,"technique_id=T1053,technique_name=Scheduled Task",Microsoft Corporation, , ,10.0.19041.3636 (WinBuild.160101.0800), , , ,Microsoft Windows,C:\\Windows\\System32\\taskschd.dll,TRUE,Valid, , , , , , , , , , , , , , , , , , , , , , , , , , , , , , , , , , , , , , , , , , , , , , , , , , , , , , , , , , , , , , , , , , , , , , , , , , , , 
wazuh-alerts-4.x-2024.12.22,EUpi7pMBNimV4ECvvIUS,1,1,192.168.117.139,window-agent3,3,Maryam, , ,7, ,0x8000000000000000,{5770385f-c22a-43e0-bf4c-06f5698ffbd9},4,Microsoft-Windows-Sysmon/Operational,0,"""Image loaded:
RuleName: technique_id=T1053,technique_name=Scheduled Task
UtcTime: 2024-12-22 12:40:58.295
ProcessGuid: {15959494-08da-6768-f300-000000001300}
ProcessId: 1356
Image: C:\Windows\System32\svchost.exe
ImageLoaded: C:\Windows\System32\taskschd.dll
FileVersion: 10.0.19041.3636 (WinBuild.160101.0800)
Description: Task Scheduler COM API
Product: Microsoft® Windows® Operating System
Company: Microsoft Corporation
OriginalFileName: taskschd.dll
Hashes: SHA1=633C92F5A5000CDE3235C7FDC306B2B04C501C48,MD5=84F942C1A4BD60C94EBEC6643E0216C9,SHA256=BBE733452E6CE871D5D2064948847AAB2A71F7FEDA2C962BA4002F64E2D198F2,IMPHASH=B7A4477FA36E2E5287EE76AC4AFCB05B
Signed: true
Signature: Microsoft Windows
SignatureStatus: Valid
User: NT AUTHORITY\SYSTEM""",3,2024-12-22T12:40:58.3054864Z,233337,4960,DESKTOP-QGB4EQH,7,2812,INFORMATION,Microsoft-Windows-Sysmon,14,FALSE,4,Process loaded taskschd.dll module. May be used to create delayed malware execution,"[""sysmon"",""sysmon_eid7_detections"",""windows""]",92154,windows_eventchannel,log,"Dec 22, 2024 @ 12:41:00.120",EventChannel,1734871260,"Dec 22, 2024 @ 12:41:00.120", , , , , , , , , , , , , , ,1356, , , , , , , , , , , , ,"[""Scheduled Task""]","[""T1053.005""]","[""Execution"",""Persistence"",""Privilege Escalation""]", ,C:\\Windows\\System32\\svchost.exe, ,{15959494-08da-6768-f300-000000001300},40:58.3, , ,NT AUTHORITY\\SYSTEM,taskschd.dll,Microsoft® Windows® Operating System, ,Task Scheduler COM API, , , , ,"SHA1=633C92F5A5000CDE3235C7FDC306B2B04C501C48,MD5=84F942C1A4BD60C94EBEC6643E0216C9,SHA256=BBE733452E6CE871D5D2064948847AAB2A71F7FEDA2C962BA4002F64E2D198F2,IMPHASH=B7A4477FA36E2E5287EE76AC4AFCB05B", ,"technique_id=T1053,technique_name=Scheduled Task",Microsoft Corporation, , ,10.0.19041.3636 (WinBuild.160101.0800), , , ,Microsoft Windows,C:\\Windows\\System32\\taskschd.dll,TRUE,Valid, , , , , , , , , , , , , , , , , , , , , , , , , , , , , , , , , , , , , , , , , , , , , , , , , , , , , , , , , , , , , , , , , , , , , , , , , , , , 
wazuh-alerts-4.x-2024.12.22,E0pi7pMBNimV4ECvvIUS,1,1,192.168.117.139,window-agent3,3,Maryam, , ,7, ,0x8000000000000000,{5770385f-c22a-43e0-bf4c-06f5698ffbd9},4,Microsoft-Windows-Sysmon/Operational,0,"""Image loaded:
RuleName: technique_id=T1053,technique_name=Scheduled Task
UtcTime: 2024-12-22 12:41:00.310
ProcessGuid: {15959494-08d8-6768-ee00-000000001300}
ProcessId: 2084
Image: C:\Windows\System32\taskhostw.exe
ImageLoaded: C:\Windows\System32\taskschd.dll
FileVersion: 10.0.19041.3636 (WinBuild.160101.0800)
Description: Task Scheduler COM API
Product: Microsoft® Windows® Operating System
Company: Microsoft Corporation
OriginalFileName: taskschd.dll
Hashes: SHA1=633C92F5A5000CDE3235C7FDC306B2B04C501C48,MD5=84F942C1A4BD60C94EBEC6643E0216C9,SHA256=BBE733452E6CE871D5D2064948847AAB2A71F7FEDA2C962BA4002F64E2D198F2,IMPHASH=B7A4477FA36E2E5287EE76AC4AFCB05B
Signed: true
Signature: Microsoft Windows
SignatureStatus: Valid
User: NT AUTHORITY\SYSTEM""",3,2024-12-22T12:41:00.3261565Z,233354,4960,DESKTOP-QGB4EQH,7,2812,INFORMATION,Microsoft-Windows-Sysmon,15,FALSE,4,Process loaded taskschd.dll module. May be used to create delayed malware execution,"[""sysmon"",""sysmon_eid7_detections"",""windows""]",92154,windows_eventchannel,log,"Dec 22, 2024 @ 12:41:02.173",EventChannel,1734871262,"Dec 22, 2024 @ 12:41:02.173", , , , , , , , , , , , , , ,2084, , , , , , , , , , , , ,"[""Scheduled Task""]","[""T1053.005""]","[""Execution"",""Persistence"",""Privilege Escalation""]", ,C:\\Windows\\System32\\taskhostw.exe, ,{15959494-08d8-6768-ee00-000000001300},41:00.3, , ,NT AUTHORITY\\SYSTEM,taskschd.dll,Microsoft® Windows® Operating System, ,Task Scheduler COM API, , , , ,"SHA1=633C92F5A5000CDE3235C7FDC306B2B04C501C48,MD5=84F942C1A4BD60C94EBEC6643E0216C9,SHA256=BBE733452E6CE871D5D2064948847AAB2A71F7FEDA2C962BA4002F64E2D198F2,IMPHASH=B7A4477FA36E2E5287EE76AC4AFCB05B", ,"technique_id=T1053,technique_name=Scheduled Task",Microsoft Corporation, , ,10.0.19041.3636 (WinBuild.160101.0800), , , ,Microsoft Windows,C:\\Windows\\System32\\taskschd.dll,TRUE,Valid, , , , , , , , , , , , , , , , , , , , , , , , , , , , , , , , , , , , , , , , , , , , , , , , , , , , , , , , , , , , , , , , , , , , , , , , , , , , 
wazuh-alerts-4.x-2024.12.22,FEpi7pMBNimV4ECvvIUS,1,1,192.168.117.139,window-agent3,3,Maryam, , ,1, ,0x8000000000000000,{5770385f-c22a-43e0-bf4c-06f5698ffbd9},4,Microsoft-Windows-Sysmon/Operational,0,"""Process Create:
RuleName: technique_id=T1059.003,technique_name=Windows Command Shell
UtcTime: 2024-12-22 12:41:01.709
ProcessGuid: {15959494-08dd-6768-f500-000000001300}
ProcessId: 648
Image: C:\Windows\System32\cmd.exe
FileVersion: 10.0.19041.4355 (WinBuild.160101.0800)
Description: Windows Command Processor
Product: Microsoft® Windows® Operating System
Company: Microsoft Corporation
OriginalFileName: Cmd.Exe
CommandLine: ""C:\WINDOWS\system32\cmd.EXE"" /c powershell.exe -ep bypass -file c:\T1036.004_NonExistingScript.ps1
CurrentDirectory: C:\WINDOWS\system32\
User: NT AUTHORITY\SYSTEM
LogonGuid: {15959494-07e5-6768-e703-000000000000}
LogonId: 0x3E7
TerminalSessionId: 0
IntegrityLevel: System
Hashes: SHA1=DF79C86FDD11B9CCB89148458E509F879C72566C,MD5=2B40C98ED0F7A1D3B091A3E8353132DC,SHA256=BADF4752413CB0CBDC03FB95820CA167F0CDC63B597CCDB5EF43111180E088B0,IMPHASH=272245E2988E1E430500B852C4FB5E18
ParentProcessGuid: {15959494-07e6-6768-1300-000000001300}
ParentProcessId: 488
ParentImage: C:\Windows\System32\svchost.exe
ParentCommandLine: C:\WINDOWS\system32\svchost.exe -k netsvcs -p
ParentUser: NT AUTHORITY\SYSTEM""",5,2024-12-22T12:41:01.7249321Z,233358,4960,DESKTOP-QGB4EQH,1,2812,INFORMATION,Microsoft-Windows-Sysmon,2,FALSE,4,Windows command prompt started by an abnormal process,"[""sysmon"",""sysmon_eid1_detections"",""windows""]",92052,windows_eventchannel,log,"Dec 22, 2024 @ 12:41:03.497",EventChannel,1734871263,"Dec 22, 2024 @ 12:41:03.497", , , , , , , , , ,{15959494-07e5-6768-e703-000000000000}, , , , ,648, , , , , , , , , , , , ,"[""Windows Command Shell""]","[""T1059.003""]","[""Execution""]", ,C:\\Windows\\System32\\cmd.exe, ,{15959494-08dd-6768-f500-000000001300},41:01.7, , ,NT AUTHORITY\\SYSTEM,Cmd.Exe,Microsoft® Windows® Operating System,{15959494-07e6-6768-1300-000000001300},Windows Command Processor,C:\\WINDOWS\\system32\\svchost.exe -k netsvcs -p,0x3e7,488,C:\\WINDOWS\\system32\\,"SHA1=DF79C86FDD11B9CCB89148458E509F879C72566C,MD5=2B40C98ED0F7A1D3B091A3E8353132DC,SHA256=BADF4752413CB0CBDC03FB95820CA167F0CDC63B597CCDB5EF43111180E088B0,IMPHASH=272245E2988E1E430500B852C4FB5E18",C:\\Windows\\System32\\svchost.exe,"technique_id=T1059.003,technique_name=Windows Command Shell",Microsoft Corporation,"\""C:\\WINDOWS\\system32\\cmd.EXE\"" /c powershell.exe -ep bypass -file c:\\T1036.004_NonExistingScript.ps1",System,10.0.19041.4355 (WinBuild.160101.0800),0,NT AUTHORITY\\SYSTEM, , , , , , , , , , , , , , , , , , , , , , , , , , , , , , , , , , , , , , , , , , , , , , , , , , , , , , , , , , , , , , , , , , , , , , , , , , , , , , , , , 
wazuh-alerts-4.x-2024.12.22,B0pg7pMBNimV4ECv84UE,1,1,192.168.117.139,window-agent3,3,Maryam, , ,4624, ,0x8020000000000000,{54849625-5478-4994-a5ba-3e3b0328c30d},0,Security,0,"""An account was successfully logged on.

Subject:
	Security ID:		S-1-5-18
	Account Name:		DESKTOP-QGB4EQH$
	Account Domain:		WORKGROUP
	Logon ID:		0x3E7

Logon Information:
	Logon Type:		5
	Restricted Admin Mode:	-
	Virtual Account:		No
	Elevated Token:		Yes

Impersonation Level:		Impersonation

New Logon:
	Security ID:		S-1-5-18
	Account Name:		SYSTEM
	Account Domain:		NT AUTHORITY
	Logon ID:		0x3E7
	Linked Logon ID:		0x0
	Network Account Name:	-
	Network Account Domain:	-
	Logon GUID:		{00000000-0000-0000-0000-000000000000}

Process Information:
	Process ID:		0x258
	Process Name:		C:\Windows\System32\services.exe

Network Information:
	Workstation Name:	-
	Source Network Address:	-
	Source Port:		-

Detailed Authentication Information:
	Logon Process:		Advapi  
	Authentication Package:	Negotiate
	Transited Services:	-
	Package Name (NTLM only):	-
	Key Length:		0

This event is generated when a logon session is created. It is generated on the computer that was accessed.

The subject fields indicate the account on the local system which requested the logon. This is most commonly a service such as the Server service, or a local process such as Winlogon.exe or Services.exe.

The logon type field indicates the kind of logon that occurred. The most common types are 2 (interactive) and 3 (network).

The New Logon fields indicate the account for whom the new logon was created, i.e. the account that was logged on.

The network fields indicate where a remote logon request originated. Workstation name is not always available and may be left blank in some cases.

The impersonation level field indicates the extent to which a process in the logon session can impersonate.

The authentication information fields provide detailed information about this specific logon request.
	- Logon GUID is a unique identifier that can be used to correlate this event with a KDC event.
	- Transited services indicate which intermediate services have participated in this logon request.
	- Package name indicates which sub-protocol was used among the NTLM protocols.
	- Key length indicates the length of the generated session key. This will be 0 if no session key was requested.""",2,2024-12-22T12:39:07.6244185Z,21846,704,DESKTOP-QGB4EQH,12544,632,AUDIT_SUCCESS,Microsoft-Windows-Security-Auditing,6,FALSE,3,Windows logon success.,"[""windows"",""windows_security"",""authentication_success""]",60106,windows_eventchannel,log,"Dec 22, 2024 @ 12:39:09.500",EventChannel,1734871149,"Dec 22, 2024 @ 12:39:09.500",0x3e7,WORKGROUP,0x0,%%1833, ,Negotiate, ,0x3e7,Advapi,{00000000-0000-0000-0000-000000000000},SYSTEM,0,%%1842,S-1-5-18,0x258,C:\\Windows\\System32\\services.exe, ,NT AUTHORITY,S-1-5-18,%%1843,5,DESKTOP-QGB4EQH$,"[""164.312.b""]","[""10.2.5""]","[""CC6.8"",""CC7.2"",""CC7.3""]","[""AC.7"",""AU.14""]","[""IV_32.2""]","[""Valid Accounts""]","[""T1078""]","[""Defense Evasion"",""Persistence"",""Privilege Escalation"",""Initial Access""]","[""7.1"",""7.2""]", , , , , , , , , , , , , , , , , , , , , , , , , , , , , , , , , , , , , , , , , , , , , , , , , , , , , , , , , , , , , , , , , , , , , , , , , , , , , , , , , , , , , , , , , , , , , , , , , , , , , , , , , 
wazuh-alerts-4.x-2024.12.22,DEph7pMBNimV4ECvg4WI,1,1,192.168.117.139,window-agent3,3,Maryam, , ,7, ,0x8000000000000000,{5770385f-c22a-43e0-bf4c-06f5698ffbd9},4,Microsoft-Windows-Sysmon/Operational,0,"""Image loaded:
RuleName: technique_id=T1053,technique_name=Scheduled Task
UtcTime: 2024-12-22 12:39:39.139
ProcessGuid: {15959494-086b-6768-e200-000000001300}
ProcessId: 1976
Image: C:\Windows\System32\sppsvc.exe
ImageLoaded: C:\Windows\System32\taskschd.dll
FileVersion: 10.0.19041.3636 (WinBuild.160101.0800)
Description: Task Scheduler COM API
Product: Microsoft® Windows® Operating System
Company: Microsoft Corporation
OriginalFileName: taskschd.dll
Hashes: SHA1=633C92F5A5000CDE3235C7FDC306B2B04C501C48,MD5=84F942C1A4BD60C94EBEC6643E0216C9,SHA256=BBE733452E6CE871D5D2064948847AAB2A71F7FEDA2C962BA4002F64E2D198F2,IMPHASH=B7A4477FA36E2E5287EE76AC4AFCB05B
Signed: true
Signature: Microsoft Windows
SignatureStatus: Valid
User: NT AUTHORITY\NETWORK SERVICE""",3,2024-12-22T12:39:39.1519420Z,233325,4960,DESKTOP-QGB4EQH,7,2812,INFORMATION,Microsoft-Windows-Sysmon,12,FALSE,4,Process loaded taskschd.dll module. May be used to create delayed malware execution,"[""sysmon"",""sysmon_eid7_detections"",""windows""]",92154,windows_eventchannel,log,"Dec 22, 2024 @ 12:39:40.999",EventChannel,1734871180,"Dec 22, 2024 @ 12:39:40.999", , , , , , , , , , , , , , ,1976, , , , , , , , , , , , ,"[""Scheduled Task""]","[""T1053.005""]","[""Execution"",""Persistence"",""Privilege Escalation""]", ,C:\\Windows\\System32\\sppsvc.exe, ,{15959494-086b-6768-e200-000000001300},39:39.1, , ,NT AUTHORITY\\NETWORK SERVICE,taskschd.dll,Microsoft® Windows® Operating System, ,Task Scheduler COM API, , , , ,"SHA1=633C92F5A5000CDE3235C7FDC306B2B04C501C48,MD5=84F942C1A4BD60C94EBEC6643E0216C9,SHA256=BBE733452E6CE871D5D2064948847AAB2A71F7FEDA2C962BA4002F64E2D198F2,IMPHASH=B7A4477FA36E2E5287EE76AC4AFCB05B", ,"technique_id=T1053,technique_name=Scheduled Task",Microsoft Corporation, , ,10.0.19041.3636 (WinBuild.160101.0800), , , ,Microsoft Windows,C:\\Windows\\System32\\taskschd.dll,TRUE,Valid, , , , , , , , , , , , , , , , , , , , , , , , , , , , , , , , , , , , , , , , , , , , , , , , , , , , , , , , , , , , , , , , , , , , , , , , , , , , 
wazuh-alerts-4.x-2024.12.22,'-Upf7pMBNimV4ECvvoQx,1,1,192.168.117.139,window-agent3,3,Maryam, , ,11, ,0x8000000000000000,{5770385f-c22a-43e0-bf4c-06f5698ffbd9},4,Microsoft-Windows-Sysmon/Operational,0,"""File created:
RuleName: technique_id=T1059.001,technique_name=PowerShell
UtcTime: 2024-12-22 12:37:48.170
ProcessGuid: {15959494-0819-6768-9f00-000000001300}
ProcessId: 2236
Image: C:\WINDOWS\SysWOW64\WindowsPowerShell\v1.0\powershell.exe
TargetFilename: C:\Windows\Temp\__PSScriptPolicyTest_esngconi.ouk.ps1
CreationUtcTime: 2024-12-22 12:37:48.139
User: NT AUTHORITY\SYSTEM""",2,2024-12-22T12:37:48.1758239Z,233270,4960,DESKTOP-QGB4EQH,11,2812,INFORMATION,Microsoft-Windows-Sysmon,1,FALSE,9,C:\\WINDOWS\\SysWOW64\\WindowsPowerShell\\v1.0\\powershell.exe created a new scripting file under Windows Temp or User data folder,"[""sysmon"",""sysmon_eid11_detections"",""windows""]",92201,windows_eventchannel,log,"Dec 22, 2024 @ 12:37:49.996",EventChannel,1734871069,"Dec 22, 2024 @ 12:37:49.996", , , , , , , , , , , , , , ,2236, , , , , , , , , , , , ,"[""Ingress Tool Transfer"",""Command and Scripting Interpreter""]","[""T1105"",""T1059""]","[""Command and Control"",""Execution""]", ,C:\\WINDOWS\\SysWOW64\\WindowsPowerShell\\v1.0\\powershell.exe, ,{15959494-0819-6768-9f00-000000001300},37:48.2, , ,NT AUTHORITY\\SYSTEM, , , , , , , , , , ,"technique_id=T1059.001,technique_name=PowerShell", , , , , , , , , , , , , , , , , , , , , , , , , , , , , ,C:\\Windows\\Temp\\__PSScriptPolicyTest_esngconi.ouk.ps1,37:48.1, , , , , , , , , , , , , , , , , , , , , , , , , , , , , , , , , , , , , , , , , , , , , , , , , , , , , , , , 
wazuh-alerts-4.x-2024.12.22,Akpg7pMBNimV4ECvSoX4,1,1,192.168.117.139,window-agent3,3,Maryam,"LKD_0x193_DxgkrnlLiveDump:80F_Status_0xC01E0100__dxgkrnl!DxgCreateLiveDumpWithWdLogs, 0, LiveKernelEvent, Not available, 8d33e4ea-83c5-40c5-b18c-d24e7ac23ebf, 193, 80f, ffffffffc01e0100, 0, 0, 10_0_19045, 0_0, 256_1,   \\\\?\\C:\\WINDOWS\\LiveKernelReports\\WATCHDOG\\WATCHDOG-20241216-2136.dmp  \\\\?\\C:\\WINDOWS\\TEMP\\WER-69078-0.sysdata.xml  \\\\?\\C:\\ProgramData\\Microsoft\\Windows\\WER\\Temp\\WER2836.tmp.WERInternalMetadata.xml  \\\\?\\C:\\ProgramData\\Microsoft\\Windows\\WER\\Temp\\WER2866.tmp.xml  \\\\?\\C:\\ProgramData\\Microsoft\\Windows\\WER\\Temp\\WER2865.tmp.csv  \\\\?\\C:\\ProgramData\\Microsoft\\Windows\\WER\\Temp\\WER2875.tmp.txt, \\\\?\\C:\\ProgramData\\Microsoft\\Windows\\WER\\ReportArchive\\Kernel_193_50cd98c0db148821e83785db7e76b391bf4334_00000000_cab_a1d77006-7cc5-4ff3-9cae-7c9516019008, 0, a1d77006-7cc5-4ff3-9cae-7c9516019008, 268435456, 0", ,1001, ,0x80000000000000, ,4,Application,0,"""Fault bucket LKD_0x193_DxgkrnlLiveDump:80F_Status_0xC01E0100__dxgkrnl!DxgCreateLiveDumpWithWdLogs, type 0
Event Name: LiveKernelEvent
Response: Not available
Cab Id: 8d33e4ea-83c5-40c5-b18c-d24e7ac23ebf

Problem signature:
P1: 193
P2: 80f
P3: ffffffffc01e0100
P4: 0
P5: 0
P6: 10_0_19045
P7: 0_0
P8: 256_1
P9: 
P10: 

Attached files:
\\?\C:\WINDOWS\LiveKernelReports\WATCHDOG\WATCHDOG-20241216-2136.dmp
\\?\C:\WINDOWS\TEMP\WER-69078-0.sysdata.xml
\\?\C:\ProgramData\Microsoft\Windows\WER\Temp\WER2836.tmp.WERInternalMetadata.xml
\\?\C:\ProgramData\Microsoft\Windows\WER\Temp\WER2866.tmp.xml
\\?\C:\ProgramData\Microsoft\Windows\WER\Temp\WER2865.tmp.csv
\\?\C:\ProgramData\Microsoft\Windows\WER\Temp\WER2875.tmp.txt

These files may be available here:
\\?\C:\ProgramData\Microsoft\Windows\WER\ReportArchive\Kernel_193_50cd98c0db148821e83785db7e76b391bf4334_00000000_cab_a1d77006-7cc5-4ff3-9cae-7c9516019008

Analysis symbol: 
Rechecking for solution: 0
Report Id: a1d77006-7cc5-4ff3-9cae-7c9516019008
Report Status: 268435456
Hashed bucket: 
Cab Guid: 0""",0,2024-12-22T12:38:25.2172149Z,7249,0,DESKTOP-QGB4EQH,0,0,INFORMATION,Windows Error Reporting,5,FALSE,4,Summary event of the report's signatures.,"[""windows"",""windows_application""]",60608,windows_eventchannel,log,"Dec 22, 2024 @ 12:38:26.082",EventChannel,1734871106,"Dec 22, 2024 @ 12:38:26.082", , , , , , , , , , , , , , , , , , , , , , , , , , , , , , , , , , , , , , , , , , , , , , , , , , , , , , , , , , , , , , , , , , , , , , , , , , , , , , , , , , , , , , , , , , , , , , , , , , , , , , , , , , , , , , , , , , , , , , , , , , , , , , , , , , , , , , , , 
wazuh-alerts-4.x-2024.12.22,'-0pf7pMBNimV4ECv2YSN,1,1,192.168.117.139,window-agent3,3,Maryam,"0, LiveKernelEvent, Not available, 0, 193, 80f, ffffffffc01e0100, 0, 0, 10_0_19045, 0_0, 256_1,   \\\\?\\C:\\WINDOWS\\LiveKernelReports\\WATCHDOG\\WATCHDOG-20241222-1246.dmp  \\\\?\\C:\\WINDOWS\\TEMP\\WER-69078-0.sysdata.xml  \\\\?\\C:\\ProgramData\\Microsoft\\Windows\\WER\\Temp\\WER270B.tmp.WERInternalMetadata.xml  \\\\?\\C:\\ProgramData\\Microsoft\\Windows\\WER\\Temp\\WER274A.tmp.xml  \\\\?\\C:\\ProgramData\\Microsoft\\Windows\\WER\\Temp\\WER27C6.tmp.csv  \\\\?\\C:\\ProgramData\\Microsoft\\Windows\\WER\\Temp\\WER27D7.tmp.txt, \\\\?\\C:\\ProgramData\\Microsoft\\Windows\\WER\\ReportQueue\\Kernel_193_50cd98c0db148821e83785db7e76b391bf4334_00000000_cab_378029d3-0e68-4d99-b729-32ca0d72aa51, 0, 378029d3-0e68-4d99-b729-32ca0d72aa51, 4, 0", ,1001, ,0x80000000000000, ,4,Application,0,"""Fault bucket , type 0
Event Name: LiveKernelEvent
Response: Not available
Cab Id: 0

Problem signature:
P1: 193
P2: 80f
P3: ffffffffc01e0100
P4: 0
P5: 0
P6: 10_0_19045
P7: 0_0
P8: 256_1
P9: 
P10: 

Attached files:
\\?\C:\WINDOWS\LiveKernelReports\WATCHDOG\WATCHDOG-20241222-1246.dmp
\\?\C:\WINDOWS\TEMP\WER-69078-0.sysdata.xml
\\?\C:\ProgramData\Microsoft\Windows\WER\Temp\WER270B.tmp.WERInternalMetadata.xml
\\?\C:\ProgramData\Microsoft\Windows\WER\Temp\WER274A.tmp.xml
\\?\C:\ProgramData\Microsoft\Windows\WER\Temp\WER27C6.tmp.csv
\\?\C:\ProgramData\Microsoft\Windows\WER\Temp\WER27D7.tmp.txt

These files may be available here:
\\?\C:\ProgramData\Microsoft\Windows\WER\ReportQueue\Kernel_193_50cd98c0db148821e83785db7e76b391bf4334_00000000_cab_378029d3-0e68-4d99-b729-32ca0d72aa51

Analysis symbol: 
Rechecking for solution: 0
Report Id: 378029d3-0e68-4d99-b729-32ca0d72aa51
Report Status: 4
Hashed bucket: 
Cab Guid: 0""",0,2024-12-22T12:37:55.9203109Z,7243,0,DESKTOP-QGB4EQH,0,0,INFORMATION,Windows Error Reporting,1,FALSE,4,Summary event of the report's signatures.,"[""windows"",""windows_application""]",60608,windows_eventchannel,log,"Dec 22, 2024 @ 12:37:56.824",EventChannel,1734871076,"Dec 22, 2024 @ 12:37:56.824", , , , , , , , , , , , , , , , , , , , , , , , , , , , , , , , , , , , , , , , , , , , , , , , , , , , , , , , , , , , , , , , , , , , , , , , , , , , , , , , , , , , , , , , , , , , , , , , , , , , , , , , , , , , , , , , , , , , , , , , , , , , , , , , , , , , , , , , 
wazuh-alerts-4.x-2024.12.22,_0pf7pMBNimV4ECv9ITu,1,1,192.168.117.139,window-agent3,3,Maryam,"2024-12-23T12:37:00Z, RulesEngine", ,16384,Software Protection Platform Service,0x80000000000000,{E23B33B0-C8C9-472C-A5F9-F2BDFEA0F156},4,Application,0,"""Successfully scheduled Software Protection service for re-start at 2024-12-23T12:37:00Z. Reason: RulesEngine.""",0,2024-12-22T12:38:00.9988283Z,7246,0,DESKTOP-QGB4EQH,0,0,INFORMATION,Microsoft-Windows-Security-SPP,1,FALSE,3,Software protection service scheduled successfully.,"[""windows"",""windows_application""]",60642,windows_eventchannel,log,"Dec 22, 2024 @ 12:38:01.862",EventChannel,1734871081,"Dec 22, 2024 @ 12:38:01.862", , , , , , , , , , , , , , , , , , , , , , , , , , , , , , , , , , , , , , , , , , , , , , , , , , , , , , , , , , , , , , , , , , , , , , , , , , , , , , , , , , , , , , , , , , , , , , , , , , , , , , , , , , , , , , , , , , , , , , , , , , , , , , , , , , , , , , , , 
wazuh-alerts-4.x-2024.12.22,D0pi7pMBNimV4ECvDIU5,1,1,192.168.117.139,window-agent3,3,Maryam, ,2D20436F64653A2020434F525356434330303030303737342D2043616C6C3A2020434F525356434330303030303735362D205049443A202030303030343337362D205449443A202030303030343339362D20434D443A2020433A5C57494E444F57535C73797374656D33325C76737376632E6578652020202D20557365723A204E616D653A204E5420415554484F524954595C53595354454D2C205349443A532D312D352D313820,8224, ,0x80000000000000, ,4,Application,0,"""The VSS service is shutting down due to idle timeout. """,0,2024-12-22T12:40:13.9049576Z,7257,0,DESKTOP-QGB4EQH,0,0,INFORMATION,VSS,1,FALSE,5,The VSS service is shutting down due to idle timeout.,"[""windows"",""windows_application""]",60702,windows_eventchannel,log,"Dec 22, 2024 @ 12:40:14.832",EventChannel,1734871214,"Dec 22, 2024 @ 12:40:14.832", , , , , , , , , , , , , , , , , , , , , , , , , , , , , , , , , , , , , , , , , , , , , , , , , , , , , , , , , , , , , , , , , , , , , , , , , , , , , , , , , , , , , , , , , , , , , , , , , , , , , , , , , , , , , , , , , , , , , , , , , , , , , , , , , , , , , , , , 
wazuh-alerts-4.x-2024.12.22,QEpu7pMBNimV4ECve4XG,1,1,192.168.117.139,window-agent3,3,Maryam, , ,13, ,0x8000000000000000,{5770385f-c22a-43e0-bf4c-06f5698ffbd9},4,Microsoft-Windows-Sysmon/Operational,0,"""Registry value set:
RuleName: -
EventType: SetValue
UtcTime: 2024-12-22 12:53:49.217
ProcessGuid: {15959494-07e4-6768-0a00-000000001300}
ProcessId: 600
Image: C:\WINDOWS\system32\services.exe
TargetObject: HKLM\System\CurrentControlSet\Services\UserDataSvc_1d904a\ImagePath
Details: C:\WINDOWS\system32\svchost.exe -k UnistackSvcGroup
User: NT AUTHORITY\SYSTEM""",2,2024-12-22T12:53:49.2219779Z,233606,4960,DESKTOP-QGB4EQH,13,2812,INFORMATION,Microsoft-Windows-Sysmon,19,FALSE,3,Evidence of new service creation found in registry under HKLM\\System\\CurrentControlSet\\Services\\UserDataSvc_1d904a\\ImagePath binary is: C:\\WINDOWS\\system32\\svchost.exe -k UnistackSvcGroup,"[""sysmon"",""sysmon_eid13_detections"",""windows""]",92307,windows_eventchannel,log,"Dec 22, 2024 @ 12:53:56.600",EventChannel,1734872036,"Dec 22, 2024 @ 12:53:56.600", , , , , , , , , , , , , , ,600, , , , , , , , , , , , ,"[""Windows Service""]","[""T1543.003""]","[""Persistence"",""Privilege Escalation""]", ,C:\\WINDOWS\\system32\\services.exe,HKLM\\System\\CurrentControlSet\\Services\\UserDataSvc_1d904a\\ImagePath,{15959494-07e4-6768-0a00-000000001300},53:49.2,C:\\WINDOWS\\system32\\svchost.exe -k UnistackSvcGroup,SetValue,NT AUTHORITY\\SYSTEM, , , , , , , , , , , , , , , , , , , , , , , , , , , , , , , , , , , , , , , , , , , , , , , , , , , , , , , , , , , , , , , , , , , , , , , , , , , , , , , , , , , , , , , , , , , , , , , , , , 
