{""win"":{""system"":{""providerName"":""Application Hang"",""eventID"":""1002"",""version"":""0"",""level"":""2"",""task"":""101"",""opcode"":""0"",""keywords"":""0x80000000000000"",""systemTime"":""2024-12-22T09:15:48.3840125Z"",""eventRecordID"":""7056"",""processID"":""0"",""threadID"":""0"",""channel"":""Application"",""computer"":""DESKTOP-QGB4EQH"",""severityValue"":""ERROR"",""message"":""\""The program CalculatorApp.exe version 11.2411.1.0 stopped interacting with Windows and was closed. To see if more information about the problem is available, check the problem history in the Security and Maintenance control panel.\r\n Process ID: 3960\r\n Start Time: 01db5451a2b707a7\r\n Termination Time: 4294967295\r\n Application Path: C:\\Program Files\\WindowsApps\\Microsoft.WindowsCalculator_11.2411.1.0_x64__8wekyb3d8bbwe\\CalculatorApp.exe\r\n Report Id: 518012b3-c279-4ceb-a9c0-ab06915aca9e\r\n Faulting package full name: Microsoft.WindowsCalculator_11.2411.1.0_x64__8wekyb3d8bbwe\r\n Faulting package-relative application ID: App\r\n Hang type: Quiesce\r\n\""""},""eventdata"":{""binary"":""510075006900650073006300650000000000"",""data"":""CalculatorApp.exe, 11.2411.1.0, 3960, 01db5451a2b707a7, 4294967295, C:\\\\Program Files\\\\WindowsApps\\\\Microsoft.WindowsCalculator_11.2411.1.0_x64__8wekyb3d8bbwe\\\\CalculatorApp.exe, 518012b3-c279-4ceb-a9c0-ab06915aca9e, Microsoft.WindowsCalculator_11.2411.1.0_x64__8wekyb3d8bbwe, App, Quiesce""}}}
{""win"":{""system"":{""providerName"":""Application Error"",""eventID"":""1000"",""version"":""0"",""level"":""2"",""task"":""100"",""opcode"":""0"",""keywords"":""0x80000000000000"",""systemTime"":""2024-12-22T09:14:58.9371539Z"",""eventRecordID"":""7052"",""processID"":""0"",""threadID"":""0"",""channel"":""Application"",""computer"":""DESKTOP-QGB4EQH"",""severityValue"":""ERROR"",""message"":""\""Faulting application name: explorer.exe, version: 10.0.19041.5247, time stamp: 0xc91815a0\r\nFaulting module name: KERNELBASE.dll, version: 10.0.19041.5198, time stamp: 0xd1eefc71\r\nException code: 0x80270233\r\nFault offset: 0x00000000001338e2\r\nFaulting process id: 0x3fd0\r\nFaulting application start time: 0x01db5451d3a34d63\r\nFaulting application path: C:\\WINDOWS\\explorer.exe\r\nFaulting module path: C:\\WINDOWS\\System32\\KERNELBASE.dll\r\nReport Id: 672682b9-1b56-416b-9f80-b35cf6a47624\r\nFaulting package full name: \r\nFaulting package-relative application ID: \""""},""eventdata"":{""data"":""explorer.exe, 10.0.19041.5247, c91815a0, KERNELBASE.dll, 10.0.19041.5198, d1eefc71, 80270233, 00000000001338e2, 3fd0, 01db5451d3a34d63, C:\\\\WINDOWS\\\\explorer.exe, C:\\\\WINDOWS\\\\System32\\\\KERNELBASE.dll, 672682b9-1b56-416b-9f80-b35cf6a47624""}}}
{""win"":{""system"":{""providerName"":""Application Error"",""eventID"":""1000"",""version"":""0"",""level"":""2"",""task"":""100"",""opcode"":""0"",""keywords"":""0x80000000000000"",""systemTime"":""2024-12-22T09:13:48.4962180Z"",""eventRecordID"":""7045"",""processID"":""0"",""threadID"":""0"",""channel"":""Application"",""computer"":""DESKTOP-QGB4EQH"",""severityValue"":""ERROR"",""message"":""\""Faulting application name: Explorer.EXE, version: 10.0.19041.5247, time stamp: 0xc91815a0\r\nFaulting module name: combase.dll, version: 10.0.19041.4717, time stamp: 0xe7bf5429\r\nException code: 0xc00000fd\r\nFault offset: 0x000000000002e082\r\nFaulting process id: 0x14b0\r\nFaulting application start time: 0x01db54504998a72f\r\nFaulting application path: C:\\WINDOWS\\Explorer.EXE\r\nFaulting module path: C:\\WINDOWS\\System32\\combase.dll\r\nReport Id: a7caf09e-486b-41c0-9844-1bf626cf5bf6\r\nFaulting package full name: \r\nFaulting package-relative application ID: \""""},""eventdata"":{""data"":""Explorer.EXE, 10.0.19041.5247, c91815a0, combase.dll, 10.0.19041.4717, e7bf5429, c00000fd, 000000000002e082, 14b0, 01db54504998a72f, C:\\\\WINDOWS\\\\Explorer.EXE, C:\\\\WINDOWS\\\\System32\\\\combase.dll, a7caf09e-486b-41c0-9844-1bf626cf5bf6""}}}
{""win"":{""system"":{""providerName"":""Application Error"",""eventID"":""1000"",""version"":""0"",""level"":""2"",""task"":""100"",""opcode"":""0"",""keywords"":""0x80000000000000"",""systemTime"":""2024-12-22T09:13:42.1409324Z"",""eventRecordID"":""7041"",""processID"":""0"",""threadID"":""0"",""channel"":""Application"",""computer"":""DESKTOP-QGB4EQH"",""severityValue"":""ERROR"",""message"":""\""Faulting application name: dwm.exe, version: 10.0.19041.4355, time stamp: 0x6564cf4e\r\nFaulting module name: KERNELBASE.dll, version: 10.0.19041.5198, time stamp: 0xd1eefc71\r\nException code: 0xc00001ad\r\nFault offset: 0x00000000001338e2\r\nFaulting process id: 0x52b0\r\nFaulting application start time: 0x01db5451bcdccaa7\r\nFaulting application path: C:\\WINDOWS\\system32\\dwm.exe\r\nFaulting module path: C:\\WINDOWS\\System32\\KERNELBASE.dll\r\nReport Id: 1df0ed76-7018-4fcd-a623-1e975bf6c59a\r\nFaulting package full name: \r\nFaulting package-relative application ID: \""""},""eventdata"":{""data"":""dwm.exe, 10.0.19041.4355, 6564cf4e, KERNELBASE.dll, 10.0.19041.5198, d1eefc71, c00001ad, 00000000001338e2, 52b0, 01db5451bcdccaa7, C:\\\\WINDOWS\\\\system32\\\\dwm.exe, C:\\\\WINDOWS\\\\System32\\\\KERNELBASE.dll, 1df0ed76-7018-4fcd-a623-1e975bf6c59a""}}}
{""win"":{""system"":{""providerName"":""Application Error"",""eventID"":""1000"",""version"":""0"",""level"":""2"",""task"":""100"",""opcode"":""0"",""keywords"":""0x80000000000000"",""systemTime"":""2024-12-22T09:13:38.9403768Z"",""eventRecordID"":""7040"",""processID"":""0"",""threadID"":""0"",""channel"":""Application"",""computer"":""DESKTOP-QGB4EQH"",""severityValue"":""ERROR"",""message"":""\""Faulting application name: CalculatorApp.exe, version: 11.2411.1.0, time stamp: 0x674f3633\r\nFaulting module name: KERNELBASE.dll, version: 10.0.19041.5198, time stamp: 0xd1eefc71\r\nException code: 0xc000027b\r\nFault offset: 0x00000000001338e2\r\nFaulting process id: 0x45c8\r\nFaulting application start time: 0x01db5451a1ee09a1\r\nFaulting application path: C:\\Program Files\\WindowsApps\\Microsoft.WindowsCalculator_11.2411.1.0_x64__8wekyb3d8bbwe\\CalculatorApp.exe\r\nFaulting module path: C:\\WINDOWS\\System32\\KERNELBASE.dll\r\nReport Id: d5fe4b65-7beb-402d-8416-ca5ba02afbdf\r\nFaulting package full name: Microsoft.WindowsCalculator_11.2411.1.0_x64__8wekyb3d8bbwe\r\nFaulting package-relative application ID: App\""""},""eventdata"":{""data"":""CalculatorApp.exe, 11.2411.1.0, 674f3633, KERNELBASE.dll, 10.0.19041.5198, d1eefc71, c000027b, 00000000001338e2, 45c8, 01db5451a1ee09a1, C:\\\\Program Files\\\\WindowsApps\\\\Microsoft.WindowsCalculator_11.2411.1.0_x64__8wekyb3d8bbwe\\\\CalculatorApp.exe, C:\\\\WINDOWS\\\\System32\\\\KERNELBASE.dll, d5fe4b65-7beb-402d-8416-ca5ba02afbdf, Microsoft.WindowsCalculator_11.2411.1.0_x64__8wekyb3d8bbwe, App""}}}
{""win"":{""system"":{""providerName"":""Application Error"",""eventID"":""1000"",""version"":""0"",""level"":""2"",""task"":""100"",""opcode"":""0"",""keywords"":""0x80000000000000"",""systemTime"":""2024-12-22T09:13:38.7999142Z"",""eventRecordID"":""7039"",""processID"":""0"",""threadID"":""0"",""channel"":""Application"",""computer"":""DESKTOP-QGB4EQH"",""severityValue"":""ERROR"",""message"":""\""Faulting application name: CalculatorApp.exe, version: 11.2411.1.0, time stamp: 0x674f3633\r\nFaulting module name: KERNELBASE.dll, version: 10.0.19041.5198, time stamp: 0xd1eefc71\r\nException code: 0xc000027b\r\nFault offset: 0x00000000001338e2\r\nFaulting process id: 0x3988\r\nFaulting application start time: 0x01db5451a19e90ec\r\nFaulting application path: C:\\Program Files\\WindowsApps\\Microsoft.WindowsCalculator_11.2411.1.0_x64__8wekyb3d8bbwe\\CalculatorApp.exe\r\nFaulting module path: C:\\WINDOWS\\System32\\KERNELBASE.dll\r\nReport Id: a9d2afc1-e156-4e89-8985-4003058ddf4f\r\nFaulting package full name: Microsoft.WindowsCalculator_11.2411.1.0_x64__8wekyb3d8bbwe\r\nFaulting package-relative application ID: App\""""},""eventdata"":{""data"":""CalculatorApp.exe, 11.2411.1.0, 674f3633, KERNELBASE.dll, 10.0.19041.5198, d1eefc71, c000027b, 00000000001338e2, 3988, 01db5451a19e90ec, C:\\\\Program Files\\\\WindowsApps\\\\Microsoft.WindowsCalculator_11.2411.1.0_x64__8wekyb3d8bbwe\\\\CalculatorApp.exe, C:\\\\WINDOWS\\\\System32\\\\KERNELBASE.dll, a9d2afc1-e156-4e89-8985-4003058ddf4f, Microsoft.WindowsCalculator_11.2411.1.0_x64__8wekyb3d8bbwe, App""}}}", , , , ,8, , , , , , , , , , , , , , , , , , , , , , , , , , , , , , , , , , , , , , , , , , , , , , , , , , , , , , , 
wazuh-alerts-4.x-2024.12.22,wkqm7ZMBNimV4ECvWoFx,1,1,192.168.117.139,window-agent3,3,Maryam, , ,4624, ,0x8020000000000000,{54849625-5478-4994-a5ba-3e3b0328c30d},0,Security,0,"""An account was successfully logged on.

Subject:
	Security ID:		S-1-5-18
	Account Name:		DESKTOP-QGB4EQH$
	Account Domain:		WORKGROUP
	Logon ID:		0x3E7

Logon Information:
	Logon Type:		5
	Restricted Admin Mode:	-
	Virtual Account:		No
	Elevated Token:		Yes

Impersonation Level:		Impersonation

New Logon:
	Security ID:		S-1-5-18
	Account Name:		SYSTEM
	Account Domain:		NT AUTHORITY
	Logon ID:		0x3E7
	Linked Logon ID:		0x0
	Network Account Name:	-
	Network Account Domain:	-
	Logon GUID:		{00000000-0000-0000-0000-000000000000}

Process Information:
	Process ID:		0x294
	Process Name:		C:\Windows\System32\services.exe

Network Information:
	Workstation Name:	-
	Source Network Address:	-
	Source Port:		-

Detailed Authentication Information:
	Logon Process:		Advapi  
	Authentication Package:	Negotiate
	Transited Services:	-
	Package Name (NTLM only):	-
	Key Length:		0

This event is generated when a logon session is created. It is generated on the computer that was accessed.

The subject fields indicate the account on the local system which requested the logon. This is most commonly a service such as the Server service, or a local process such as Winlogon.exe or Services.exe.

The logon type field indicates the kind of logon that occurred. The most common types are 2 (interactive) and 3 (network).

The New Logon fields indicate the account for whom the new logon was created, i.e. the account that was logged on.

The network fields indicate where a remote logon request originated. Workstation name is not always available and may be left blank in some cases.

The impersonation level field indicates the extent to which a process in the logon session can impersonate.

The authentication information fields provide detailed information about this specific logon request.
	- Logon GUID is a unique identifier that can be used to correlate this event with a KDC event.
	- Transited services indicate which intermediate services have participated in this logon request.
	- Package name indicates which sub-protocol was used among the NTLM protocols.
	- Key length indicates the length of the generated session key. This will be 0 if no session key was requested.""",2,2024-12-22T09:15:19.1309057Z,21371,716,DESKTOP-QGB4EQH,12544,684,AUDIT_SUCCESS,Microsoft-Windows-Security-Auditing,41,FALSE,3,Windows logon success.,"[""windows"",""windows_security"",""authentication_success""]",60106,windows_eventchannel,log,"Dec 22, 2024 @ 09:15:20.041",EventChannel,1734858920,"Dec 22, 2024 @ 09:15:20.041",0x3e7,WORKGROUP,0x0,%%1833, ,Negotiate, ,0x3e7,Advapi,{00000000-0000-0000-0000-000000000000},SYSTEM,0,%%1842,S-1-5-18,0x294,C:\\Windows\\System32\\services.exe, ,NT AUTHORITY,S-1-5-18,%%1843,5,DESKTOP-QGB4EQH$,"[""164.312.b""]","[""10.2.5""]","[""CC6.8"",""CC7.2"",""CC7.3""]","[""AC.7"",""AU.14""]","[""IV_32.2""]","[""Valid Accounts""]","[""T1078""]","[""Defense Evasion"",""Persistence"",""Privilege Escalation"",""Initial Access""]","[""7.1"",""7.2""]", , , , , , , , , , , , , , , , , , , , , , , , , , , , , , , , , , , , , , , , , , , , , , , , , , , , , , , , , , , , , , , , , , , , , , , , , , , , , , , , , , , , , , , , , , , , , , , , , , , , , , , , , 
wazuh-alerts-4.x-2024.12.22,1Eqo7ZMBNimV4ECvG4HZ,1,1,192.168.117.139,window-agent3,3,Maryam,"0, APPCRASH, Not available, 0, calc.exe, 10.0.19041.1, 0340c410, RPCRT4.dll, 10.0.19041.4957, 782a457b, c00000fd, 0000000000059692,   \\\\?\\C:\\ProgramData\\Microsoft\\Windows\\WER\\Temp\\WER8311.tmp.mdmp  \\\\?\\C:\\ProgramData\\Microsoft\\Windows\\WER\\Temp\\WER89E8.tmp.WERInternalMetadata.xml  \\\\?\\C:\\ProgramData\\Microsoft\\Windows\\WER\\Temp\\WER8E2F.tmp.xml  \\\\?\\C:\\ProgramData\\Microsoft\\Windows\\WER\\Temp\\WER90EF.tmp.csv  \\\\?\\C:\\ProgramData\\Microsoft\\Windows\\WER\\Temp\\WER9507.tmp.txt  \\\\?\\C:\\Users\\mari\\AppData\\Local\\Temp\\WER9506.tmp.appcompat.txt  \\\\?\\C:\\ProgramData\\Microsoft\\Windows\\WER\\ReportQueue\\AppCrash_calc.exe_5640fe9d7cf31fdecd83e6b342409dec292349f_08ad7d34_cab_44f02db6-569e-486a-a6f5-c239e3daa8e8\\memory.hdmp, \\\\?\\C:\\ProgramData\\Microsoft\\Windows\\WER\\ReportQueue\\AppCrash_calc.exe_5640fe9d7cf31fdecd83e6b342409dec292349f_08ad7d34_cab_44f02db6-569e-486a-a6f5-c239e3daa8e8, 0, 74e9df1b-1f36-4a43-9baf-f3136369e4b4, 4, 0", ,1001, ,0x80000000000000, ,4,Application,0,"""Fault bucket , type 0
Event Name: APPCRASH
Response: Not available
Cab Id: 0

Problem signature:
P1: calc.exe
P2: 10.0.19041.1
P3: 0340c410
P4: RPCRT4.dll
P5: 10.0.19041.4957
P6: 782a457b
P7: c00000fd
P8: 0000000000059692
P9: 
P10: 

Attached files:
\\?\C:\ProgramData\Microsoft\Windows\WER\Temp\WER8311.tmp.mdmp
\\?\C:\ProgramData\Microsoft\Windows\WER\Temp\WER89E8.tmp.WERInternalMetadata.xml
\\?\C:\ProgramData\Microsoft\Windows\WER\Temp\WER8E2F.tmp.xml
\\?\C:\ProgramData\Microsoft\Windows\WER\Temp\WER90EF.tmp.csv
\\?\C:\ProgramData\Microsoft\Windows\WER\Temp\WER9507.tmp.txt
\\?\C:\Users\mari\AppData\Local\Temp\WER9506.tmp.appcompat.txt
\\?\C:\ProgramData\Microsoft\Windows\WER\ReportQueue\AppCrash_calc.exe_5640fe9d7cf31fdecd83e6b342409dec292349f_08ad7d34_cab_44f02db6-569e-486a-a6f5-c239e3daa8e8\memory.hdmp

These files may be available here:
\\?\C:\ProgramData\Microsoft\Windows\WER\ReportQueue\AppCrash_calc.exe_5640fe9d7cf31fdecd83e6b342409dec292349f_08ad7d34_cab_44f02db6-569e-486a-a6f5-c239e3daa8e8

Analysis symbol: 
Rechecking for solution: 0
Report Id: 74e9df1b-1f36-4a43-9baf-f3136369e4b4
Report Status: 4
Hashed bucket: 
Cab Guid: 0""",0,2024-12-22T09:17:16.2586461Z,7063,0,DESKTOP-QGB4EQH,0,0,INFORMATION,Windows Error Reporting,29,FALSE,4,Summary event of the report's signatures.,"[""windows"",""windows_application""]",60608,windows_eventchannel,log,"Dec 22, 2024 @ 09:17:15.838",EventChannel,1734859035,"Dec 22, 2024 @ 09:17:15.838", , , , , , , , , , , , , , , , , , , , , , , , , , , , , , , , , , , , , , , , , , , , , , , , , , , , , , , , , , , , , , , , , , , , , , , , , , , , , , , , , , , , , , , , , , , , , , , , , , , , , , , , , , , , , , , , , , , , , , , , , , , , , , , , , , , , , , , , 
wazuh-alerts-4.x-2024.12.22,yEqm7ZMBNimV4ECv04GM,1,1,192.168.117.139,window-agent3,3,Maryam, , ,11, ,0x8000000000000000,{5770385f-c22a-43e0-bf4c-06f5698ffbd9},4,Microsoft-Windows-Sysmon/Operational,0,"""File created:
RuleName: technique_id=T1059.001,technique_name=PowerShell
UtcTime: 2024-12-22 09:15:52.414
ProcessGuid: {15959494-d8c5-6767-5103-000000001100}
ProcessId: 23000
Image: C:\WINDOWS\System32\WindowsPowerShell\v1.0\powershell.exe
TargetFilename: C:\Users\mari\AppData\Local\Temp\__PSScriptPolicyTest_ggx4cicz.vjv.ps1
CreationUtcTime: 2024-12-22 09:15:52.414
User: DESKTOP-QGB4EQH\mari""",2,2024-12-22T09:15:52.4402716Z,224659,4236,DESKTOP-QGB4EQH,11,2876,INFORMATION,Microsoft-Windows-Sysmon,20,TRUE,15,Executable file dropped in folder commonly used by malware,"[""sysmon"",""sysmon_eid11_detections"",""windows""]",92213,windows_eventchannel,log,"Dec 22, 2024 @ 09:15:52.395",EventChannel,1734858952,"Dec 22, 2024 @ 09:15:52.395", , , , , , , , , , , , , , ,23000, , , , , , , , , , , , ,"[""Ingress Tool Transfer""]","[""T1105""]","[""Command and Control""]", ,C:\\WINDOWS\\System32\\WindowsPowerShell\\v1.0\\powershell.exe, ,{15959494-d8c5-6767-5103-000000001100},15:52.4, , ,DESKTOP-QGB4EQH\\mari, , , , , , , , , , ,"technique_id=T1059.001,technique_name=PowerShell", , , , , , , , , , , , , , , , , , , , , , , , , , , , , ,C:\\Users\\mari\\AppData\\Local\\Temp\\__PSScriptPolicyTest_ggx4cicz.vjv.ps1,15:52.4, , , , , , , , , , , , , , , , , , , , , , , , , , , , , , , , , , , , , , , , , , , , , , , , , , , , , , , , 
wazuh-alerts-4.x-2024.12.22,vUqm7ZMBNimV4ECvFIEo,1,1,192.168.117.139,window-agent3,3,Maryam,"explorer.exe, 10.0.19041.5247, c91815a0, KERNELBASE.dll, 10.0.19041.5198, d1eefc71, 80270233, 00000000001338e2, 3fd0, 01db5451d3a34d63, C:\\WINDOWS\\explorer.exe, C:\\WINDOWS\\System32\\KERNELBASE.dll, 672682b9-1b56-416b-9f80-b35cf6a47624", ,1000, ,0x80000000000000, ,2,Application,0,"""Faulting application name: explorer.exe, version: 10.0.19041.5247, time stamp: 0xc91815a0
Faulting module name: KERNELBASE.dll, version: 10.0.19041.5198, time stamp: 0xd1eefc71
Exception code: 0x80270233
Fault offset: 0x00000000001338e2
Faulting process id: 0x3fd0
Faulting application start time: 0x01db5451d3a34d63
Faulting application path: C:\WINDOWS\explorer.exe
Faulting module path: C:\WINDOWS\System32\KERNELBASE.dll
Report Id: 672682b9-1b56-416b-9f80-b35cf6a47624
Faulting package full name: 
Faulting package-relative application ID: """,0,2024-12-22T09:14:58.9371539Z,7052,0,DESKTOP-QGB4EQH,100,0,ERROR,Application Error,21,FALSE,9,Windows application error event.,"[""windows"",""windows_application"",""system_error""]",60602,windows_eventchannel,log,"Dec 22, 2024 @ 09:14:58.643",EventChannel,1734858898,"Dec 22, 2024 @ 09:14:58.643", , , , , , , , , , , , , , , , , , , , , , , , , , ,"[""IV_35.7.d""]", , , ,"[""4.3""]", , , , , , , , , , , , , , , , , , , , , , , , , , , , , , , , , , , , , , , , , , , , , , , , , , , , , , , , , , , , , , , , , , , , , , , , , , , , , , , , , , , , , , , , , , , , , , , , , , , , , , , , , 
wazuh-alerts-4.x-2024.12.22,wUqm7ZMBNimV4ECvH4Hb,1,1,192.168.117.139,window-agent3,3,Maryam,explorer.exe, ,1002,Wlclntfy,0x80000000000000,{DBE9B383-7CF3-4331-91CC-A3CB16A3B538},4,Application,0,"""The shell stopped unexpectedly and explorer.exe was restarted.""",0,2024-12-22T09:15:04.8994202Z,7053,0,DESKTOP-QGB4EQH,0,0,INFORMATION,Microsoft-Windows-Winlogon,2,FALSE,5,The shell stopped unexpectedly.,"[""windows"",""windows_application""]",60778,windows_eventchannel,log,"Dec 22, 2024 @ 09:15:04.753",EventChannel,1734858904,"Dec 22, 2024 @ 09:15:04.753", , , , , , , , , , , , , , , , , , , , , , , , , , , ,"[""Service Stop""]","[""T1489""]","[""Impact""]", , , , , , , , , , , , , , , , , , , , , , , , , , , , , , , , , , , , , , , , , , , , , , , , , , , , , , , , , , , , , , , , , , , , , , , , , , , , , , , , , , , , , , , , , , , , , , , , , , , , , , , , , , 
wazuh-alerts-4.x-2024.12.22,skql7ZMBNimV4ECvKYG3,1,1,192.168.117.139,window-agent3,3,Maryam, , ,4634, ,0x8020000000000000,{54849625-5478-4994-a5ba-3e3b0328c30d},0,Security,0,"""An account was logged off.

Subject:
	Security ID:		S-1-5-90-0-1
	Account Name:		DWM-1
	Account Domain:		Window Manager
	Logon ID:		0x17529

Logon Type:			2

This event is generated when a logon session is destroyed. It may be positively correlated with a logon event using the Logon ID value. Logon IDs are only unique between reboots on the same computer.""",0,2024-12-22T09:14:00.9827951Z,21369,5936,DESKTOP-QGB4EQH,12545,684,AUDIT_SUCCESS,Microsoft-Windows-Security-Auditing,1,FALSE,3,Windows User Logoff.,"[""windows"",""windows_security""]",60137,windows_eventchannel,log,"Dec 22, 2024 @ 09:14:01.932",EventChannel,1734858841,"Dec 22, 2024 @ 09:14:01.932", , , , , , , ,0x17529, , ,DWM-1, , , , , , ,Window Manager,S-1-5-90-0-1, ,2, ,"[""164.312.b""]","[""10.2.5""]","[""CC6.8"",""CC7.2"",""CC7.3""]","[""AC.7"",""AU.14""]","[""IV_32.2""]", , , , , , , , , , , , , , , , , , , , , , , , , , , , , , , , , , , , , , , , , , , , , , , , , , , , , , , , , , , , , , , , , , , , , , , , , , , , , , , , , , , , , , , , , , , , , , , , , , , , , , , , , , , , , 
wazuh-alerts-4.x-2024.12.22,2Eqo7ZMBNimV4ECvgYFn,1,1,192.168.117.139,window-agent3,3,Maryam,"CalculatorApp.exe, 11.2411.1.0, 674f3633, KERNELBASE.dll, 10.0.19041.5198, d1eefc71, c000027b, 00000000001338e2, 5c2c, 01db5452577035ab, C:\\Program Files\\WindowsApps\\Microsoft.WindowsCalculator_11.2411.1.0_x64__8wekyb3d8bbwe\\CalculatorApp.exe, C:\\WINDOWS\\System32\\KERNELBASE.dll, 5e06c562-c485-4176-a191-a16b17ff0cb2, Microsoft.WindowsCalculator_11.2411.1.0_x64__8wekyb3d8bbwe, App", ,1000, ,0x80000000000000, ,2,Application,0,"""Faulting application name: CalculatorApp.exe, version: 11.2411.1.0, time stamp: 0x674f3633
Faulting module name: KERNELBASE.dll, version: 10.0.19041.5198, time stamp: 0xd1eefc71
Exception code: 0xc000027b
Fault offset: 0x00000000001338e2
Faulting process id: 0x5c2c
Faulting application start time: 0x01db5452577035ab
Faulting application path: C:\Program Files\WindowsApps\Microsoft.WindowsCalculator_11.2411.1.0_x64__8wekyb3d8bbwe\CalculatorApp.exe
Faulting module path: C:\WINDOWS\System32\KERNELBASE.dll
Report Id: 5e06c562-c485-4176-a191-a16b17ff0cb2
Faulting package full name: Microsoft.WindowsCalculator_11.2411.1.0_x64__8wekyb3d8bbwe
Faulting package-relative application ID: App""",0,2024-12-22T09:17:39.5855623Z,7067,0,DESKTOP-QGB4EQH,100,0,ERROR,Application Error,27,FALSE,9,Windows application error event.,"[""windows"",""windows_application"",""system_error""]",60602,windows_eventchannel,log,"Dec 22, 2024 @ 09:17:39.344",EventChannel,1734859059,"Dec 22, 2024 @ 09:17:39.344", , , , , , , , , , , , , , , , , , , , , , , , , , ,"[""IV_35.7.d""]", , , ,"[""4.3""]", , , , , , , , , , , , , , , , , , , , , , , , , , , , , , , , , , , , , , , , , , , , , , , , , , , , , , , , , , , , , , , , , , , , , , , , , , , , , , , , , , , , , , , , , , , , , , , , , , , , , , , , , 
wazuh-alerts-4.x-2024.12.22,tkql7ZMBNimV4ECv2YGE,1,1,192.168.117.129,agent1,4,Maryam,"2024-12-23T09:02:38Z, RulesEngine", ,16384,Software Protection Platform Service,0x80000000000000,{E23B33B0-C8C9-472C-A5F9-F2BDFEA0F156},4,Application,0,"""Successfully scheduled Software Protection service for re-start at 2024-12-23T09:02:38Z. Reason: RulesEngine.""",0,2024-12-22T09:14:39.9386042Z,3732,0,DESKTOP-B37GATP,0,0,INFORMATION,Microsoft-Windows-Security-SPP,14,FALSE,3,Software protection service scheduled successfully.,"[""windows"",""windows_application""]",60642,windows_eventchannel,log,"Dec 22, 2024 @ 09:14:41.185",EventChannel,1734858881,"Dec 22, 2024 @ 09:14:41.185", , , , , , , , , , , , , , , , , , , , , , , , , , , , , , , , , , , , , , , , , , , , , , , , , , , , , , , , , , , , , , , , , , , , , , , , , , , , , , , , , , , , , , , , , , , , , , , , , , , , , , , , , , , , , , , , , , , , , , , , , , , , , , , , , , , , , , , , 
wazuh-alerts-4.x-2024.12.22,kUrq7ZMBNimV4ECvkIID,1,1,192.168.117.139,window-agent3,3,Maryam, , ,1, ,0x8000000000000000,{5770385f-c22a-43e0-bf4c-06f5698ffbd9},4,Microsoft-Windows-Sysmon/Operational,0,"""Process Create:
RuleName: technique_id=T1018,technique_name=Remote System Discovery
UtcTime: 2024-12-22 10:29:49.422
ProcessGuid: {15959494-ea1d-6767-7800-000000001200}
ProcessId: 4040
Image: C:\Windows\SysWOW64\net1.exe
FileVersion: 10.0.19041.3636 (WinBuild.160101.0800)
Description: Net Command
Product: Microsoft® Windows® Operating System
Company: Microsoft Corporation
OriginalFileName: net1.exe
CommandLine: C:\WINDOWS\system32\net1 accounts
CurrentDirectory: C:\Program Files (x86)\ossec-agent\
User: NT AUTHORITY\SYSTEM
LogonGuid: {15959494-e9e1-6767-e703-000000000000}
LogonId: 0x3E7
TerminalSessionId: 0
IntegrityLevel: System
Hashes: SHA1=3E46EB17BB05B8785C0B6A64587886EE95FACF66,MD5=4A26539015F4FDB3AC3C5EB14336C7A7,SHA256=B25CF32B7BB76D5A5121919C63E6AE77262347F4AD7B29EE3C43CBAA61F43957,IMPHASH=D45C7E138CFAD11059C95018C99B7C96
ParentProcessGuid: {15959494-ea1c-6767-7600-000000001200}
ParentProcessId: 3932
ParentImage: C:\Windows\SysWOW64\net.exe
ParentCommandLine: net.exe accounts
ParentUser: NT AUTHORITY\SYSTEM""",5,2024-12-22T10:29:49.4262593Z,229667,4988,DESKTOP-QGB4EQH,1,2868,INFORMATION,Microsoft-Windows-Sysmon,8,FALSE,3,Discovery activity executed,"[""sysmon"",""sysmon_eid1_detections"",""windows""]",92031,windows_eventchannel,log,"Dec 22, 2024 @ 10:29:50.928",EventChannel,1734863390,"Dec 22, 2024 @ 10:29:50.928", , , , , , , , , ,{15959494-e9e1-6767-e703-000000000000}, , , , ,4040, , , , , , , , , , , , ,"[""Account Discovery""]","[""T1087""]","[""Discovery""]", ,C:\\Windows\\SysWOW64\\net1.exe, ,{15959494-ea1d-6767-7800-000000001200},29:49.4, , ,NT AUTHORITY\\SYSTEM,net1.exe,Microsoft® Windows® Operating System,{15959494-ea1c-6767-7600-000000001200},Net Command,net.exe accounts,0x3e7,3932,C:\\Program Files (x86)\\ossec-agent\\,"SHA1=3E46EB17BB05B8785C0B6A64587886EE95FACF66,MD5=4A26539015F4FDB3AC3C5EB14336C7A7,SHA256=B25CF32B7BB76D5A5121919C63E6AE77262347F4AD7B29EE3C43CBAA61F43957,IMPHASH=D45C7E138CFAD11059C95018C99B7C96",C:\\Windows\\SysWOW64\\net.exe,"technique_id=T1018,technique_name=Remote System Discovery",Microsoft Corporation,C:\\WINDOWS\\system32\\net1 accounts,System,10.0.19041.3636 (WinBuild.160101.0800),0,NT AUTHORITY\\SYSTEM, , , , , , , , , , , , , , , , , , , , , , , , , , , , , , , , , , , , , , , , , , , , , , , , , , , , , , , , , , , , , , , , , , , , , , , , , , , , , , , , , 
wazuh-alerts-4.x-2024.12.22,k0rq7ZMBNimV4ECvkIID,1,1,192.168.117.139,window-agent3,3,Maryam, , ,1, ,0x8000000000000000,{5770385f-c22a-43e0-bf4c-06f5698ffbd9},4,Microsoft-Windows-Sysmon/Operational,0,"""Process Create:
RuleName: technique_id=T1018,technique_name=Remote System Discovery
UtcTime: 2024-12-22 10:29:50.035
ProcessGuid: {15959494-ea1e-6767-7b00-000000001200}
ProcessId: 1028
Image: C:\Windows\SysWOW64\net1.exe
FileVersion: 10.0.19041.3636 (WinBuild.160101.0800)
Description: Net Command
Product: Microsoft® Windows® Operating System
Company: Microsoft Corporation
OriginalFileName: net1.exe
CommandLine: C:\WINDOWS\system32\net1 accounts
CurrentDirectory: C:\Program Files (x86)\ossec-agent\
User: NT AUTHORITY\SYSTEM
LogonGuid: {15959494-e9e1-6767-e703-000000000000}
LogonId: 0x3E7
TerminalSessionId: 0
IntegrityLevel: System
Hashes: SHA1=3E46EB17BB05B8785C0B6A64587886EE95FACF66,MD5=4A26539015F4FDB3AC3C5EB14336C7A7,SHA256=B25CF32B7BB76D5A5121919C63E6AE77262347F4AD7B29EE3C43CBAA61F43957,IMPHASH=D45C7E138CFAD11059C95018C99B7C96
ParentProcessGuid: {15959494-ea1d-6767-7900-000000001200}
ParentProcessId: 4760
ParentImage: C:\Windows\SysWOW64\net.exe
ParentCommandLine: net.exe accounts
ParentUser: NT AUTHORITY\SYSTEM""",5,2024-12-22T10:29:50.0518416Z,229670,4988,DESKTOP-QGB4EQH,1,2868,INFORMATION,Microsoft-Windows-Sysmon,10,FALSE,3,Discovery activity executed,"[""sysmon"",""sysmon_eid1_detections"",""windows""]",92031,windows_eventchannel,log,"Dec 22, 2024 @ 10:29:50.955",EventChannel,1734863390,"Dec 22, 2024 @ 10:29:50.955", , , , , , , , , ,{15959494-e9e1-6767-e703-000000000000}, , , , ,1028, , , , , , , , , , , , ,"[""Account Discovery""]","[""T1087""]","[""Discovery""]", ,C:\\Windows\\SysWOW64\\net1.exe, ,{15959494-ea1e-6767-7b00-000000001200},29:50.0, , ,NT AUTHORITY\\SYSTEM,net1.exe,Microsoft® Windows® Operating System,{15959494-ea1d-6767-7900-000000001200},Net Command,net.exe accounts,0x3e7,4760,C:\\Program Files (x86)\\ossec-agent\\,"SHA1=3E46EB17BB05B8785C0B6A64587886EE95FACF66,MD5=4A26539015F4FDB3AC3C5EB14336C7A7,SHA256=B25CF32B7BB76D5A5121919C63E6AE77262347F4AD7B29EE3C43CBAA61F43957,IMPHASH=D45C7E138CFAD11059C95018C99B7C96",C:\\Windows\\SysWOW64\\net.exe,"technique_id=T1018,technique_name=Remote System Discovery",Microsoft Corporation,C:\\WINDOWS\\system32\\net1 accounts,System,10.0.19041.3636 (WinBuild.160101.0800),0,NT AUTHORITY\\SYSTEM, , , , , , , , , , , , , , , , , , , , , , , , , , , , , , , , , , , , , , , , , , , , , , , , , , , , , , , , , , , , , , , , , , , , , , , , , , , , , , , , , 
wazuh-alerts-4.x-2024.12.22,mErq7ZMBNimV4ECvk4L0,1,1,192.168.117.139,window-agent3,3,Maryam, , ,1, ,0x8000000000000000,{5770385f-c22a-43e0-bf4c-06f5698ffbd9},4,Microsoft-Windows-Sysmon/Operational,0,"""Process Create:
RuleName: technique_id=T1018,technique_name=Remote System Discovery
UtcTime: 2024-12-22 10:29:51.009
ProcessGuid: {15959494-ea1f-6767-8100-000000001200}
ProcessId: 3412
Image: C:\Windows\SysWOW64\net1.exe
FileVersion: 10.0.19041.3636 (WinBuild.160101.0800)
Description: Net Command
Product: Microsoft® Windows® Operating System
Company: Microsoft Corporation
OriginalFileName: net1.exe
CommandLine: C:\WINDOWS\system32\net1 accounts
CurrentDirectory: C:\Program Files (x86)\ossec-agent\
User: NT AUTHORITY\SYSTEM
LogonGuid: {15959494-e9e1-6767-e703-000000000000}
LogonId: 0x3E7
TerminalSessionId: 0
IntegrityLevel: System
Hashes: SHA1=3E46EB17BB05B8785C0B6A64587886EE95FACF66,MD5=4A26539015F4FDB3AC3C5EB14336C7A7,SHA256=B25CF32B7BB76D5A5121919C63E6AE77262347F4AD7B29EE3C43CBAA61F43957,IMPHASH=D45C7E138CFAD11059C95018C99B7C96
ParentProcessGuid: {15959494-ea1e-6767-7f00-000000001200}
ParentProcessId: 3612
ParentImage: C:\Windows\SysWOW64\net.exe
ParentCommandLine: net.exe accounts
ParentUser: NT AUTHORITY\SYSTEM""",5,2024-12-22T10:29:51.0174686Z,229675,4988,DESKTOP-QGB4EQH,1,2868,INFORMATION,Microsoft-Windows-Sysmon,14,FALSE,3,Discovery activity executed,"[""sysmon"",""sysmon_eid1_detections"",""windows""]",92031,windows_eventchannel,log,"Dec 22, 2024 @ 10:29:52.048",EventChannel,1734863392,"Dec 22, 2024 @ 10:29:52.048", , , , , , , , , ,{15959494-e9e1-6767-e703-000000000000}, , , , ,3412, , , , , , , , , , , , ,"[""Account Discovery""]","[""T1087""]","[""Discovery""]", ,C:\\Windows\\SysWOW64\\net1.exe, ,{15959494-ea1f-6767-8100-000000001200},29:51.0, , ,NT AUTHORITY\\SYSTEM,net1.exe,Microsoft® Windows® Operating System,{15959494-ea1e-6767-7f00-000000001200},Net Command,net.exe accounts,0x3e7,3612,C:\\Program Files (x86)\\ossec-agent\\,"SHA1=3E46EB17BB05B8785C0B6A64587886EE95FACF66,MD5=4A26539015F4FDB3AC3C5EB14336C7A7,SHA256=B25CF32B7BB76D5A5121919C63E6AE77262347F4AD7B29EE3C43CBAA61F43957,IMPHASH=D45C7E138CFAD11059C95018C99B7C96",C:\\Windows\\SysWOW64\\net.exe,"technique_id=T1018,technique_name=Remote System Discovery",Microsoft Corporation,C:\\WINDOWS\\system32\\net1 accounts,System,10.0.19041.3636 (WinBuild.160101.0800),0,NT AUTHORITY\\SYSTEM, , , , , , , , , , , , , , , , , , , , , , , , , , , , , , , , , , , , , , , , , , , , , , , , , , , , , , , , , , , , , , , , , , , , , , , , , , , , , , , , , 
wazuh-alerts-4.x-2024.12.22,nErq7ZMBNimV4ECvl4Lk,1,1,192.168.117.139,window-agent3,3,Maryam,"1527955072969052999, 5, MoAppCrash, Not available, 0, Microsoft.WindowsCalculator_11.2411.1.0_x64__8wekyb3d8bbwe, praid:App, 11.2411.1.0, 674f3633, KERNELBASE.dll, 10.0.19041.5198, d1eefc71, 00000004, 000000000003b699,   \\\\?\\C:\\ProgramData\\Microsoft\\Windows\\WER\\Temp\\WER2F2A.tmp.WERInternalMetadata.xml, \\\\?\\C:\\ProgramData\\Microsoft\\Windows\\WER\\ReportArchive\\AppCrash_Microsoft.Window_75d491ae4b2248b56f248636e8ccc067374dff66_e1282c48_67798f82-19b3-46f2-a347-d54091665104, 0, 6f4e5709-388e-4597-a993-6b073adc5aa0, 268439648, 549875dabce91e68d534630b1d139347, 0", ,1001, ,0x80000000000000, ,4,Application,0,"""Fault bucket 1527955072969052999, type 5
Event Name: MoAppCrash
Response: Not available
Cab Id: 0

Problem signature:
P1: Microsoft.WindowsCalculator_11.2411.1.0_x64__8wekyb3d8bbwe
P2: praid:App
P3: 11.2411.1.0
P4: 674f3633
P5: KERNELBASE.dll
P6: 10.0.19041.5198
P7: d1eefc71
P8: 00000004
P9: 000000000003b699
P10: 

Attached files:
\\?\C:\ProgramData\Microsoft\Windows\WER\Temp\WER2F2A.tmp.WERInternalMetadata.xml

These files may be available here:
\\?\C:\ProgramData\Microsoft\Windows\WER\ReportArchive\AppCrash_Microsoft.Window_75d491ae4b2248b56f248636e8ccc067374dff66_e1282c48_67798f82-19b3-46f2-a347-d54091665104

Analysis symbol: 
Rechecking for solution: 0
Report Id: 6f4e5709-388e-4597-a993-6b073adc5aa0
Report Status: 268439648
Hashed bucket: 549875dabce91e68d534630b1d139347
Cab Guid: 0""",0,2024-12-22T10:29:52.6785100Z,7128,0,DESKTOP-QGB4EQH,0,0,INFORMATION,Windows Error Reporting,9,FALSE,4,Summary event of the report's signatures.,"[""windows"",""windows_application""]",60608,windows_eventchannel,log,"Dec 22, 2024 @ 10:29:53.102",EventChannel,1734863393,"Dec 22, 2024 @ 10:29:53.102", , , , , , , , , , , , , , , , , , , , , , , , , , , , , , , , , , , , , , , , , , , , , , , , , , , , , , , , , , , , , , , , , , , , , , , , , , , , , , , , , , , , , , , , , , , , , , , , , , , , , , , , , , , , , , , , , , , , , , , , , , , , , , , , , , , , , , , , 
wazuh-alerts-4.x-2024.12.22,oErq7ZMBNimV4ECvl4Lk,1,1,192.168.117.139,window-agent3,3,Maryam, , ,1, ,0x8000000000000000,{5770385f-c22a-43e0-bf4c-06f5698ffbd9},4,Microsoft-Windows-Sysmon/Operational,0,"""Process Create:
RuleName: technique_id=T1087.001,technique_name=Local Account
UtcTime: 2024-12-22 10:29:52.141
ProcessGuid: {15959494-ea20-6767-8b00-000000001200}
ProcessId: 2692
Image: C:\Windows\SysWOW64\net.exe
FileVersion: 10.0.19041.1 (WinBuild.160101.0800)
Description: Net Command
Product: Microsoft® Windows® Operating System
Company: Microsoft Corporation
OriginalFileName: net.exe
CommandLine: net user guest
CurrentDirectory: C:\Program Files (x86)\ossec-agent\
User: NT AUTHORITY\SYSTEM
LogonGuid: {15959494-e9e1-6767-e703-000000000000}
LogonId: 0x3E7
TerminalSessionId: 0
IntegrityLevel: System
Hashes: SHA1=A5BADC2DD4DBAA8ED5F0A3646F7248BF060A2F13,MD5=31890A7DE89936F922D44D677F681A7F,SHA256=7C4C7725E266F12ABA8C50FD1598D4001201BCA0E7ACA901508307E365AFFF42,IMPHASH=AC592B83B5CAEB41A6F6DF7DB53F9076
ParentProcessGuid: {15959494-e9ec-6767-3500-000000001200}
ParentProcessId: 2816
ParentImage: C:\Program Files (x86)\ossec-agent\wazuh-agent.exe
ParentCommandLine: ""C:\Program Files (x86)\ossec-agent\wazuh-agent.exe""
ParentUser: NT AUTHORITY\SYSTEM""",5,2024-12-22T10:29:52.1443111Z,229682,4988,DESKTOP-QGB4EQH,1,2868,INFORMATION,Microsoft-Windows-Sysmon,5,FALSE,3,A net.exe account discovery command was initiated,"[""sysmon"",""sysmon_eid1_detections"",""windows""]",92039,windows_eventchannel,log,"Dec 22, 2024 @ 10:29:53.235",EventChannel,1734863393,"Dec 22, 2024 @ 10:29:53.235", , , , , , , , , ,{15959494-e9e1-6767-e703-000000000000}, , , , ,2692, , , , , , , , , , , , ,"[""Account Discovery""]","[""T1087""]","[""Discovery""]", ,C:\\Windows\\SysWOW64\\net.exe, ,{15959494-ea20-6767-8b00-000000001200},29:52.1, , ,NT AUTHORITY\\SYSTEM,net.exe,Microsoft® Windows® Operating System,{15959494-e9ec-6767-3500-000000001200},Net Command,"\""C:\\Program Files (x86)\\ossec-agent\\wazuh-agent.exe\""",0x3e7,2816,C:\\Program Files (x86)\\ossec-agent\\,"SHA1=A5BADC2DD4DBAA8ED5F0A3646F7248BF060A2F13,MD5=31890A7DE89936F922D44D677F681A7F,SHA256=7C4C7725E266F12ABA8C50FD1598D4001201BCA0E7ACA901508307E365AFFF42,IMPHASH=AC592B83B5CAEB41A6F6DF7DB53F9076",C:\\Program Files (x86)\\ossec-agent\\wazuh-agent.exe,"technique_id=T1087.001,technique_name=Local Account",Microsoft Corporation,net user guest,System,10.0.19041.1 (WinBuild.160101.0800),0,NT AUTHORITY\\SYSTEM, , , , , , , , , , , , , , , , , , , , , , , , , , , , , , , , , , , , , , , , , , , , , , , , , , , , , , , , , , , , , , , , , , , , , , , , , , , , , , , , , 
wazuh-alerts-4.x-2024.12.22,okrq7ZMBNimV4ECvl4Lk,1,1,192.168.117.139,window-agent3,3,Maryam, , ,1, ,0x8000000000000000,{5770385f-c22a-43e0-bf4c-06f5698ffbd9},4,Microsoft-Windows-Sysmon/Operational,0,"""Process Create:
RuleName: technique_id=T1087.001,technique_name=Local Account
UtcTime: 2024-12-22 10:29:52.507
ProcessGuid: {15959494-ea20-6767-8e00-000000001200}
ProcessId: 3904
Image: C:\Windows\SysWOW64\net.exe
FileVersion: 10.0.19041.1 (WinBuild.160101.0800)
Description: Net Command
Product: Microsoft® Windows® Operating System
Company: Microsoft Corporation
OriginalFileName: net.exe
CommandLine: net user administrator
CurrentDirectory: C:\Program Files (x86)\ossec-agent\
User: NT AUTHORITY\SYSTEM
LogonGuid: {15959494-e9e1-6767-e703-000000000000}
LogonId: 0x3E7
TerminalSessionId: 0
IntegrityLevel: System
Hashes: SHA1=A5BADC2DD4DBAA8ED5F0A3646F7248BF060A2F13,MD5=31890A7DE89936F922D44D677F681A7F,SHA256=7C4C7725E266F12ABA8C50FD1598D4001201BCA0E7ACA901508307E365AFFF42,IMPHASH=AC592B83B5CAEB41A6F6DF7DB53F9076
ParentProcessGuid: {15959494-e9ec-6767-3500-000000001200}
ParentProcessId: 2816
ParentImage: C:\Program Files (x86)\ossec-agent\wazuh-agent.exe
ParentCommandLine: ""C:\Program Files (x86)\ossec-agent\wazuh-agent.exe""
ParentUser: NT AUTHORITY\SYSTEM""",5,2024-12-22T10:29:52.5099665Z,229684,4988,DESKTOP-QGB4EQH,1,2868,INFORMATION,Microsoft-Windows-Sysmon,7,FALSE,3,A net.exe account discovery command was initiated,"[""sysmon"",""sysmon_eid1_detections"",""windows""]",92039,windows_eventchannel,log,"Dec 22, 2024 @ 10:29:53.267",EventChannel,1734863393,"Dec 22, 2024 @ 10:29:53.267", , , , , , , , , ,{15959494-e9e1-6767-e703-000000000000}, , , , ,3904, , , , , , , , , , , , ,"[""Account Discovery""]","[""T1087""]","[""Discovery""]", ,C:\\Windows\\SysWOW64\\net.exe, ,{15959494-ea20-6767-8e00-000000001200},29:52.5, , ,NT AUTHORITY\\SYSTEM,net.exe,Microsoft® Windows® Operating System,{15959494-e9ec-6767-3500-000000001200},Net Command,"\""C:\\Program Files (x86)\\ossec-agent\\wazuh-agent.exe\""",0x3e7,2816,C:\\Program Files (x86)\\ossec-agent\\,"SHA1=A5BADC2DD4DBAA8ED5F0A3646F7248BF060A2F13,MD5=31890A7DE89936F922D44D677F681A7F,SHA256=7C4C7725E266F12ABA8C50FD1598D4001201BCA0E7ACA901508307E365AFFF42,IMPHASH=AC592B83B5CAEB41A6F6DF7DB53F9076",C:\\Program Files (x86)\\ossec-agent\\wazuh-agent.exe,"technique_id=T1087.001,technique_name=Local Account",Microsoft Corporation,net user administrator,System,10.0.19041.1 (WinBuild.160101.0800),0,NT AUTHORITY\\SYSTEM, , , , , , , , , , , , , , , , , , , , , , , , , , , , , , , , , , , , , , , , , , , , , , , , , , , , , , , , , , , , , , , , , , , , , , , , , , , , , , , , , 
wazuh-alerts-4.x-2024.12.22,o0rq7ZMBNimV4ECvl4Lk,1,1,192.168.117.139,window-agent3,3,Maryam, , ,1, ,0x8000000000000000,{5770385f-c22a-43e0-bf4c-06f5698ffbd9},4,Microsoft-Windows-Sysmon/Operational,0,"""Process Create:
RuleName: technique_id=T1018,technique_name=Remote System Discovery
UtcTime: 2024-12-22 10:29:52.851
ProcessGuid: {15959494-ea20-6767-9000-000000001200}
ProcessId: 2520
Image: C:\Windows\SysWOW64\net1.exe
FileVersion: 10.0.19041.3636 (WinBuild.160101.0800)
Description: Net Command
Product: Microsoft® Windows® Operating System
Company: Microsoft Corporation
OriginalFileName: net1.exe
CommandLine: C:\WINDOWS\system32\net1 user administrator
CurrentDirectory: C:\Program Files (x86)\ossec-agent\
User: NT AUTHORITY\SYSTEM
LogonGuid: {15959494-e9e1-6767-e703-000000000000}
LogonId: 0x3E7
TerminalSessionId: 0
IntegrityLevel: System
Hashes: SHA1=3E46EB17BB05B8785C0B6A64587886EE95FACF66,MD5=4A26539015F4FDB3AC3C5EB14336C7A7,SHA256=B25CF32B7BB76D5A5121919C63E6AE77262347F4AD7B29EE3C43CBAA61F43957,IMPHASH=D45C7E138CFAD11059C95018C99B7C96
ParentProcessGuid: {15959494-ea20-6767-8e00-000000001200}
ParentProcessId: 3904
ParentImage: C:\Windows\SysWOW64\net.exe
ParentCommandLine: net user administrator
ParentUser: NT AUTHORITY\SYSTEM""",5,2024-12-22T10:29:52.8596349Z,229685,4988,DESKTOP-QGB4EQH,1,2868,INFORMATION,Microsoft-Windows-Sysmon,8,FALSE,3,A net.exe account discovery command was initiated,"[""sysmon"",""sysmon_eid1_detections"",""windows""]",92039,windows_eventchannel,log,"Dec 22, 2024 @ 10:29:54.269",EventChannel,1734863394,"Dec 22, 2024 @ 10:29:54.269", , , , , , , , , ,{15959494-e9e1-6767-e703-000000000000}, , , , ,2520, , , , , , , , , , , , ,"[""Account Discovery""]","[""T1087""]","[""Discovery""]", ,C:\\Windows\\SysWOW64\\net1.exe, ,{15959494-ea20-6767-9000-000000001200},29:52.9, , ,NT AUTHORITY\\SYSTEM,net1.exe,Microsoft® Windows® Operating System,{15959494-ea20-6767-8e00-000000001200},Net Command,net user administrator,0x3e7,3904,C:\\Program Files (x86)\\ossec-agent\\,"SHA1=3E46EB17BB05B8785C0B6A64587886EE95FACF66,MD5=4A26539015F4FDB3AC3C5EB14336C7A7,SHA256=B25CF32B7BB76D5A5121919C63E6AE77262347F4AD7B29EE3C43CBAA61F43957,IMPHASH=D45C7E138CFAD11059C95018C99B7C96",C:\\Windows\\SysWOW64\\net.exe,"technique_id=T1018,technique_name=Remote System Discovery",Microsoft Corporation,C:\\WINDOWS\\system32\\net1 user administrator,System,10.0.19041.3636 (WinBuild.160101.0800),0,NT AUTHORITY\\SYSTEM, , , , , , , , , , , , , , , , , , , , , , , , , , , , , , , , , , , , , , , , , , , , , , , , , , , , , , , , , , , , , , , , , , , , , , , , , , , , , , , , , 
wazuh-alerts-4.x-2024.12.22,pUrq7ZMBNimV4ECvl4Lk,1,1,192.168.117.139,window-agent3,3,Maryam, , ,1, ,0x8000000000000000,{5770385f-c22a-43e0-bf4c-06f5698ffbd9},4,Microsoft-Windows-Sysmon/Operational,0,"""Process Create:
RuleName: technique_id=T1018,technique_name=Remote System Discovery
UtcTime: 2024-12-22 10:29:53.078
ProcessGuid: {15959494-ea21-6767-9300-000000001200}
ProcessId: 4228
Image: C:\Windows\SysWOW64\net1.exe
FileVersion: 10.0.19041.3636 (WinBuild.160101.0800)
Description: Net Command
Product: Microsoft® Windows® Operating System
Company: Microsoft Corporation
OriginalFileName: net1.exe
CommandLine: C:\WINDOWS\system32\net1 user guest
CurrentDirectory: C:\Program Files (x86)\ossec-agent\
User: NT AUTHORITY\SYSTEM
LogonGuid: {15959494-e9e1-6767-e703-000000000000}
LogonId: 0x3E7
TerminalSessionId: 0
IntegrityLevel: System
Hashes: SHA1=3E46EB17BB05B8785C0B6A64587886EE95FACF66,MD5=4A26539015F4FDB3AC3C5EB14336C7A7,SHA256=B25CF32B7BB76D5A5121919C63E6AE77262347F4AD7B29EE3C43CBAA61F43957,IMPHASH=D45C7E138CFAD11059C95018C99B7C96
ParentProcessGuid: {15959494-ea20-6767-9100-000000001200}
ParentProcessId: 3936
ParentImage: C:\Windows\SysWOW64\net.exe
ParentCommandLine: net user guest
ParentUser: NT AUTHORITY\SYSTEM""",5,2024-12-22T10:29:53.0866442Z,229687,4988,DESKTOP-QGB4EQH,1,2868,INFORMATION,Microsoft-Windows-Sysmon,10,FALSE,3,A net.exe account discovery command was initiated,"[""sysmon"",""sysmon_eid1_detections"",""windows""]",92039,windows_eventchannel,log,"Dec 22, 2024 @ 10:29:54.282",EventChannel,1734863394,"Dec 22, 2024 @ 10:29:54.282", , , , , , , , , ,{15959494-e9e1-6767-e703-000000000000}, , , , ,4228, , , , , , , , , , , , ,"[""Account Discovery""]","[""T1087""]","[""Discovery""]", ,C:\\Windows\\SysWOW64\\net1.exe, ,{15959494-ea21-6767-9300-000000001200},29:53.1, , ,NT AUTHORITY\\SYSTEM,net1.exe,Microsoft® Windows® Operating System,{15959494-ea20-6767-9100-000000001200},Net Command,net user guest,0x3e7,3936,C:\\Program Files (x86)\\ossec-agent\\,"SHA1=3E46EB17BB05B8785C0B6A64587886EE95FACF66,MD5=4A26539015F4FDB3AC3C5EB14336C7A7,SHA256=B25CF32B7BB76D5A5121919C63E6AE77262347F4AD7B29EE3C43CBAA61F43957,IMPHASH=D45C7E138CFAD11059C95018C99B7C96",C:\\Windows\\SysWOW64\\net.exe,"technique_id=T1018,technique_name=Remote System Discovery",Microsoft Corporation,C:\\WINDOWS\\system32\\net1 user guest,System,10.0.19041.3636 (WinBuild.160101.0800),0,NT AUTHORITY\\SYSTEM, , , , , , , , , , , , , , , , , , , , , , , , , , , , , , , , , , , , , , , , , , , , , , , , , , , , , , , , , , , , , , , , , , , , , , , , , , , , , , , , , 
wazuh-alerts-4.x-2024.12.22,v0rt7ZMBNimV4ECvf4JO,1,1,192.168.117.139,window-agent3,3,Maryam,SessionEnv,D9060000,6000,Wlclntfy,0x80000000000000,{DBE9B383-7CF3-4331-91CC-A3CB16A3B538},4,Application,0,"""The winlogon notification subscriber <SessionEnv> was unavailable to handle a notification event.""",0,2024-12-22T10:32:57.0381446Z,7142,0,DESKTOP-QGB4EQH,0,0,INFORMATION,Microsoft-Windows-Winlogon,1,FALSE,5,SessionEnv was unavailable to handle a notification event.,"[""windows"",""windows_application""]",60775,windows_eventchannel,log,"Dec 22, 2024 @ 10:32:57.479",EventChannel,1734863577,"Dec 22, 2024 @ 10:32:57.479", , , , , , , , , , , , , , , , , , , , , , , , , , , , , , , , , , , , , , , , , , , , , , , , , , , , , , , , , , , , , , , , , , , , , , , , , , , , , , , , , , , , , , , , , , , , , , , , , , , , , , , , , , , , , , , , , , , , , , , , , , , , , , , , , , , , , , , , 
wazuh-alerts-4.x-2024.12.22,wUrt7ZMBNimV4ECvf4JO,1,1,192.168.117.139,window-agent3,3,Maryam, , ,13, ,0x8000000000000000,{5770385f-c22a-43e0-bf4c-06f5698ffbd9},4,Microsoft-Windows-Sysmon/Operational,0,"""Registry value set:
RuleName: -
EventType: SetValue
UtcTime: 2024-12-22 10:32:56.991
ProcessGuid: {15959494-e9e0-6767-0b00-000000001200}
ProcessId: 652
Image: C:\WINDOWS\system32\services.exe
TargetObject: HKLM\System\CurrentControlSet\Services\BcastDVRUserService_17feb2\ImagePath
Details: C:\WINDOWS\system32\svchost.exe -k BcastDVRUserService
User: NT AUTHORITY\SYSTEM""",2,2024-12-22T10:32:57.0117189Z,229830,4988,DESKTOP-QGB4EQH,13,2868,INFORMATION,Microsoft-Windows-Sysmon,2,FALSE,3,Evidence of new service creation found in registry under HKLM\\System\\CurrentControlSet\\Services\\BcastDVRUserService_17feb2\\ImagePath binary is: C:\\WINDOWS\\system32\\svchost.exe -k BcastDVRUserService,"[""sysmon"",""sysmon_eid13_detections"",""windows""]",92307,windows_eventchannel,log,"Dec 22, 2024 @ 10:32:57.893",EventChannel,1734863577,"Dec 22, 2024 @ 10:32:57.893", , , , , , , , , , , , , , ,652, , , , , , , , , , , , ,"[""Windows Service""]","[""T1543.003""]","[""Persistence"",""Privilege Escalation""]", ,C:\\WINDOWS\\system32\\services.exe,HKLM\\System\\CurrentControlSet\\Services\\BcastDVRUserService_17feb2\\ImagePath,{15959494-e9e0-6767-0b00-000000001200},32:57.0,C:\\WINDOWS\\system32\\svchost.exe -k BcastDVRUserService,SetValue,NT AUTHORITY\\SYSTEM, , , , , , , , , , , , , , , , , , , , , , , , , , , , , , , , , , , , , , , , , , , , , , , , , , , , , , , , , , , , , , , , , , , , , , , , , , , , , , , , , , , , , , , , , , , , , , , , , , 
wazuh-alerts-4.x-2024.12.22,x0rt7ZMBNimV4ECvf4JO,1,1,192.168.117.139,window-agent3,3,Maryam, , ,13, ,0x8000000000000000,{5770385f-c22a-43e0-bf4c-06f5698ffbd9},4,Microsoft-Windows-Sysmon/Operational,0,"""Registry value set:
RuleName: -
EventType: SetValue
UtcTime: 2024-12-22 10:32:57.006
ProcessGuid: {15959494-e9e0-6767-0b00-000000001200}
ProcessId: 652
Image: C:\WINDOWS\system32\services.exe
TargetObject: HKLM\System\CurrentControlSet\Services\CredentialEnrollmentManagerUserSvc_17feb2\ImagePath
Details: C:\WINDOWS\system32\CredentialEnrollmentManager.exe
User: NT AUTHORITY\SYSTEM""",2,2024-12-22T10:32:57.0437687Z,229901,4988,DESKTOP-QGB4EQH,13,2868,INFORMATION,Microsoft-Windows-Sysmon,8,FALSE,3,Evidence of new service creation found in registry under HKLM\\System\\CurrentControlSet\\Services\\CredentialEnrollmentManagerUserSvc_17feb2\\ImagePath binary is: C:\\WINDOWS\\system32\\CredentialEnrollmentManager.exe,"[""sysmon"",""sysmon_eid13_detections"",""windows""]",92307,windows_eventchannel,log,"Dec 22, 2024 @ 10:33:00.817",EventChannel,1734863580,"Dec 22, 2024 @ 10:33:00.817", , , , , , , , , , , , , , ,652, , , , , , , , , , , , ,"[""Windows Service""]","[""T1543.003""]","[""Persistence"",""Privilege Escalation""]", ,C:\\WINDOWS\\system32\\services.exe,HKLM\\System\\CurrentControlSet\\Services\\CredentialEnrollmentManagerUserSvc_17feb2\\ImagePath,{15959494-e9e0-6767-0b00-000000001200},32:57.0,C:\\WINDOWS\\system32\\CredentialEnrollmentManager.exe,SetValue,NT AUTHORITY\\SYSTEM, , , , , , , , , , , , , , , , , , , , , , , , , , , , , , , , , , , , , , , , , , , , , , , , , , , , , , , , , , , , , , , , , , , , , , , , , , , , , , , , , , , , , , , , , , , , , , , , , , 
wazuh-alerts-4.x-2024.12.22,zErt7ZMBNimV4ECvf4JO,1,1,192.168.117.139,window-agent3,3,Maryam, , ,13, ,0x8000000000000000,{5770385f-c22a-43e0-bf4c-06f5698ffbd9},4,Microsoft-Windows-Sysmon/Operational,0,"""Registry value set:
RuleName: -
EventType: SetValue
UtcTime: 2024-12-22 10:32:57.022
ProcessGuid: {15959494-e9e0-6767-0b00-000000001200}
ProcessId: 652
Image: C:\WINDOWS\system32\services.exe
TargetObject: HKLM\System\CurrentControlSet\Services\MessagingService_17feb2\ImagePath
Details: C:\WINDOWS\system32\svchost.exe -k UnistackSvcGroup
User: NT AUTHORITY\SYSTEM""",2,2024-12-22T10:32:57.0501024Z,229933,4988,DESKTOP-QGB4EQH,13,2868,INFORMATION,Microsoft-Windows-Sysmon,13,FALSE,3,Evidence of new service creation found in registry under HKLM\\System\\CurrentControlSet\\Services\\MessagingService_17feb2\\ImagePath binary is: C:\\WINDOWS\\system32\\svchost.exe -k UnistackSvcGroup,"[""sysmon"",""sysmon_eid13_detections"",""windows""]",92307,windows_eventchannel,log,"Dec 22, 2024 @ 10:33:02.469",EventChannel,1734863582,"Dec 22, 2024 @ 10:33:02.469", , , , , , , , , , , , , , ,652, , , , , , , , , , , , ,"[""Windows Service""]","[""T1543.003""]","[""Persistence"",""Privilege Escalation""]", ,C:\\WINDOWS\\system32\\services.exe,HKLM\\System\\CurrentControlSet\\Services\\MessagingService_17feb2\\ImagePath,{15959494-e9e0-6767-0b00-000000001200},32:57.0,C:\\WINDOWS\\system32\\svchost.exe -k UnistackSvcGroup,SetValue,NT AUTHORITY\\SYSTEM, , , , , , , , , , , , , , , , , , , , , , , , , , , , , , , , , , , , , , , , , , , , , , , , , , , , , , , , , , , , , , , , , , , , , , , , , , , , , , , , , , , , , , , , , , , , , , , , , , 
