wazuh-alerts-4.x-2024.11.30,5_odfZMBRlc-D5DFYiI3,1,1,192.168.117.134,window-agent3,003,Maryam, ,7, ,0x8000000000000000,{5770385F-C22A-43E0-BF4C-06F5698FFBD9},4,Microsoft-Windows-Sysmon/Operational,0,"""Image loaded:
RuleName: technique_id=T1059.001,technique_name=PowerShell
UtcTime: 2024-11-30 12:48:15.615
ProcessGuid: {15959494-098F-674B-250A-000000000D00}
ProcessId: 6516
Image: C:\Windows\Microsoft.NET\Framework64\v4.0.30319\mscorsvw.exe
ImageLoaded: C:\Windows\assembly\NativeImages_v4.0.30319_64\System.Manaa57fc8cc#\169c03b1d2d364a7d44737b3854923ed\System.Management.Automation.ni.dll
FileVersion: 10.0.17134.165
Description: System.Management.Automation
Product: Microsoft (R) Windows (R) Operating System
Company: Microsoft Corporation
OriginalFileName: System.Management.Automation.dll
Hashes: SHA1=78CC714A81AA79D9F05710B74E9F95EE28079874,MD5=EFC0913CAAB3F89DD279B50B36752C74,SHA256=3214556EE0A387A3FE44E27DAF2F35FA5297CFF4830CAB4D1769197D622667FB,IMPHASH=00000000000000000000000000000000
Signed: false
Signature: -
SignatureStatus: Unavailable
User: NT AUTHORITY\SYSTEM""",3,2024-11-30T12:48:15.629184900Z,61985,1760,DESKTOP-QGB4EQH,7,2356,INFORMATION,Microsoft-Windows-Sysmon,161,true,12,Binary loaded PowerShell automation library - Possible unmanaged Powershell execution by suspicious process,"[""sysmon"",""sysmon_eid7_detections"",""windows""]",92151, , ,windows_eventchannel,log,"Nov 30, 2024 @ 12:48:16.298",EventChannel,1732970896.5287893,"Nov 30, 2024 @ 12:48:16.298", , , , , , , , , , , , ,6516, , , , , , , , , , ,"[""PowerShell""]","[""T1059.001""]","[""Execution""]", , , ,System.Management.Automation.dll,C:\\Windows\\Microsoft.NET\\Framework64\\v4.0.30319\\mscorsvw.exe,Microsoft (R) Windows (R) Operating System, ,C:\\Windows\\assembly\\NativeImages_v4.0.30319_64\\System.Manaa57fc8cc#\\169c03b1d2d364a7d44737b3854923ed\\System.Management.Automation.ni.dll,System.Management.Automation,false,Unavailable,{15959494-098F-674B-250A-000000000D00},2024-11-30 12:48:15.615,"SHA1=78CC714A81AA79D9F05710B74E9F95EE28079874,MD5=EFC0913CAAB3F89DD279B50B36752C74,SHA256=3214556EE0A387A3FE44E27DAF2F35FA5297CFF4830CAB4D1769197D622667FB,IMPHASH=00000000000000000000000000000000","technique_id=T1059.001,technique_name=PowerShell",Microsoft Corporation,10.0.17134.165,NT AUTHORITY\\SYSTEM, , , , , , , , , , , , , , , , , , , , , , , , , , , , , , , , , , , , , , , , , , , , , , , , , , , , , , , , , , , , , , , , , , , , , , , , , , , , , , , , , , , , , , , , , , , , , , , , , , , , , , , , , 
wazuh-alerts-4.x-2024.11.30,8fodfZMBRlc-D5DFaiII,1,1,192.168.117.134,window-agent3,003,Maryam, ,7, ,0x8000000000000000,{5770385F-C22A-43E0-BF4C-06F5698FFBD9},4,Microsoft-Windows-Sysmon/Operational,0,"""Image loaded:
RuleName: technique_id=T1059.001,technique_name=PowerShell
UtcTime: 2024-11-30 12:48:17.287
ProcessGuid: {15959494-0991-674B-2E0A-000000000D00}
ProcessId: 2528
Image: C:\Windows\Microsoft.NET\Framework64\v4.0.30319\mscorsvw.exe
ImageLoaded: C:\Windows\assembly\NativeImages_v4.0.30319_64\System.Manaa57fc8cc#\169c03b1d2d364a7d44737b3854923ed\System.Management.Automation.ni.dll
FileVersion: 10.0.17134.165
Description: System.Management.Automation
Product: Microsoft (R) Windows (R) Operating System
Company: Microsoft Corporation
OriginalFileName: System.Management.Automation.dll
Hashes: SHA1=78CC714A81AA79D9F05710B74E9F95EE28079874,MD5=EFC0913CAAB3F89DD279B50B36752C74,SHA256=3214556EE0A387A3FE44E27DAF2F35FA5297CFF4830CAB4D1769197D622667FB,IMPHASH=00000000000000000000000000000000
Signed: false
Signature: -
SignatureStatus: Unavailable
User: NT AUTHORITY\SYSTEM""",3,2024-11-30T12:48:17.289572300Z,62018,1760,DESKTOP-QGB4EQH,7,2356,INFORMATION,Microsoft-Windows-Sysmon,166,true,12,Binary loaded PowerShell automation library - Possible unmanaged Powershell execution by suspicious process,"[""sysmon"",""sysmon_eid7_detections"",""windows""]",92151, , ,windows_eventchannel,log,"Nov 30, 2024 @ 12:48:18.111",EventChannel,1732970898.5329680,"Nov 30, 2024 @ 12:48:18.111", , , , , , , , , , , , ,2528, , , , , , , , , , ,"[""PowerShell""]","[""T1059.001""]","[""Execution""]", , , ,System.Management.Automation.dll,C:\\Windows\\Microsoft.NET\\Framework64\\v4.0.30319\\mscorsvw.exe,Microsoft (R) Windows (R) Operating System, ,C:\\Windows\\assembly\\NativeImages_v4.0.30319_64\\System.Manaa57fc8cc#\\169c03b1d2d364a7d44737b3854923ed\\System.Management.Automation.ni.dll,System.Management.Automation,false,Unavailable,{15959494-0991-674B-2E0A-000000000D00},2024-11-30 12:48:17.287,"SHA1=78CC714A81AA79D9F05710B74E9F95EE28079874,MD5=EFC0913CAAB3F89DD279B50B36752C74,SHA256=3214556EE0A387A3FE44E27DAF2F35FA5297CFF4830CAB4D1769197D622667FB,IMPHASH=00000000000000000000000000000000","technique_id=T1059.001,technique_name=PowerShell",Microsoft Corporation,10.0.17134.165,NT AUTHORITY\\SYSTEM, , , , , , , , , , , , , , , , , , , , , , , , , , , , , , , , , , , , , , , , , , , , , , , , , , , , , , , , , , , , , , , , , , , , , , , , , , , , , , , , , , , , , , , , , , , , , , , , , , , , , , , , , 
wazuh-alerts-4.x-2024.11.30,8vodfZMBRlc-D5DFaiII,1,1,192.168.117.134,window-agent3,003,Maryam, ,7, ,0x8000000000000000,{5770385F-C22A-43E0-BF4C-06F5698FFBD9},4,Microsoft-Windows-Sysmon/Operational,0,"""Image loaded:
RuleName: technique_id=T1059.001,technique_name=PowerShell
UtcTime: 2024-11-30 12:48:17.459
ProcessGuid: {15959494-0991-674B-2F0A-000000000D00}
ProcessId: 6912
Image: C:\Windows\Microsoft.NET\Framework64\v4.0.30319\mscorsvw.exe
ImageLoaded: C:\Windows\assembly\NativeImages_v4.0.30319_64\System.Manaa57fc8cc#\169c03b1d2d364a7d44737b3854923ed\System.Management.Automation.ni.dll
FileVersion: 10.0.17134.165
Description: System.Management.Automation
Product: Microsoft (R) Windows (R) Operating System
Company: Microsoft Corporation
OriginalFileName: System.Management.Automation.dll
Hashes: SHA1=78CC714A81AA79D9F05710B74E9F95EE28079874,MD5=EFC0913CAAB3F89DD279B50B36752C74,SHA256=3214556EE0A387A3FE44E27DAF2F35FA5297CFF4830CAB4D1769197D622667FB,IMPHASH=00000000000000000000000000000000
Signed: false
Signature: -
SignatureStatus: Unavailable
User: NT AUTHORITY\SYSTEM""",3,2024-11-30T12:48:17.464132400Z,62020,1760,DESKTOP-QGB4EQH,7,2356,INFORMATION,Microsoft-Windows-Sysmon,167,true,12,Binary loaded PowerShell automation library - Possible unmanaged Powershell execution by suspicious process,"[""sysmon"",""sysmon_eid7_detections"",""windows""]",92151, , ,windows_eventchannel,log,"Nov 30, 2024 @ 12:48:18.143",EventChannel,1732970898.5334812,"Nov 30, 2024 @ 12:48:18.143", , , , , , , , , , , , ,6912, , , , , , , , , , ,"[""PowerShell""]","[""T1059.001""]","[""Execution""]", , , ,System.Management.Automation.dll,C:\\Windows\\Microsoft.NET\\Framework64\\v4.0.30319\\mscorsvw.exe,Microsoft (R) Windows (R) Operating System, ,C:\\Windows\\assembly\\NativeImages_v4.0.30319_64\\System.Manaa57fc8cc#\\169c03b1d2d364a7d44737b3854923ed\\System.Management.Automation.ni.dll,System.Management.Automation,false,Unavailable,{15959494-0991-674B-2F0A-000000000D00},2024-11-30 12:48:17.459,"SHA1=78CC714A81AA79D9F05710B74E9F95EE28079874,MD5=EFC0913CAAB3F89DD279B50B36752C74,SHA256=3214556EE0A387A3FE44E27DAF2F35FA5297CFF4830CAB4D1769197D622667FB,IMPHASH=00000000000000000000000000000000","technique_id=T1059.001,technique_name=PowerShell",Microsoft Corporation,10.0.17134.165,NT AUTHORITY\\SYSTEM, , , , , , , , , , , , , , , , , , , , , , , , , , , , , , , , , , , , , , , , , , , , , , , , , , , , , , , , , , , , , , , , , , , , , , , , , , , , , , , , , , , , , , , , , , , , , , , , , , , , , , , , , 
wazuh-alerts-4.x-2024.11.30,9PodfZMBRlc-D5DFbSLw,1,1,192.168.117.134,window-agent3,003,Maryam, ,7, ,0x8000000000000000,{5770385F-C22A-43E0-BF4C-06F5698FFBD9},4,Microsoft-Windows-Sysmon/Operational,0,"""Image loaded:
RuleName: technique_id=T1059.001,technique_name=PowerShell
UtcTime: 2024-11-30 12:48:18.803
ProcessGuid: {15959494-0992-674B-300A-000000000D00}
ProcessId: 1100
Image: C:\Windows\Microsoft.NET\Framework64\v4.0.30319\mscorsvw.exe
ImageLoaded: C:\Windows\assembly\NativeImages_v4.0.30319_64\System.Manaa57fc8cc#\169c03b1d2d364a7d44737b3854923ed\System.Management.Automation.ni.dll
FileVersion: 10.0.17134.165
Description: System.Management.Automation
Product: Microsoft (R) Windows (R) Operating System
Company: Microsoft Corporation
OriginalFileName: System.Management.Automation.dll
Hashes: SHA1=78CC714A81AA79D9F05710B74E9F95EE28079874,MD5=EFC0913CAAB3F89DD279B50B36752C74,SHA256=3214556EE0A387A3FE44E27DAF2F35FA5297CFF4830CAB4D1769197D622667FB,IMPHASH=00000000000000000000000000000000
Signed: false
Signature: -
SignatureStatus: Unavailable
User: NT AUTHORITY\SYSTEM""",3,2024-11-30T12:48:18.813535400Z,62025,1760,DESKTOP-QGB4EQH,7,2356,INFORMATION,Microsoft-Windows-Sysmon,168,true,12,Binary loaded PowerShell automation library - Possible unmanaged Powershell execution by suspicious process,"[""sysmon"",""sysmon_eid7_detections"",""windows""]",92151, , ,windows_eventchannel,log,"Nov 30, 2024 @ 12:48:19.677",EventChannel,1732970899.5343163,"Nov 30, 2024 @ 12:48:19.677", , , , , , , , , , , , ,1100, , , , , , , , , , ,"[""PowerShell""]","[""T1059.001""]","[""Execution""]", , , ,System.Management.Automation.dll,C:\\Windows\\Microsoft.NET\\Framework64\\v4.0.30319\\mscorsvw.exe,Microsoft (R) Windows (R) Operating System, ,C:\\Windows\\assembly\\NativeImages_v4.0.30319_64\\System.Manaa57fc8cc#\\169c03b1d2d364a7d44737b3854923ed\\System.Management.Automation.ni.dll,System.Management.Automation,false,Unavailable,{15959494-0992-674B-300A-000000000D00},2024-11-30 12:48:18.803,"SHA1=78CC714A81AA79D9F05710B74E9F95EE28079874,MD5=EFC0913CAAB3F89DD279B50B36752C74,SHA256=3214556EE0A387A3FE44E27DAF2F35FA5297CFF4830CAB4D1769197D622667FB,IMPHASH=00000000000000000000000000000000","technique_id=T1059.001,technique_name=PowerShell",Microsoft Corporation,10.0.17134.165,NT AUTHORITY\\SYSTEM, , , , , , , , , , , , , , , , , , , , , , , , , , , , , , , , , , , , , , , , , , , , , , , , , , , , , , , , , , , , , , , , , , , , , , , , , , , , , , , , , , , , , , , , , , , , , , , , , , , , , , , , , 
wazuh-alerts-4.x-2024.11.30,9fodfZMBRlc-D5DFbSLw,1,1,192.168.117.134,window-agent3,003,Maryam, ,11, ,0x8000000000000000,{5770385F-C22A-43E0-BF4C-06F5698FFBD9},4,Microsoft-Windows-Sysmon/Operational,0,"""File created:
RuleName: technique_id=T1574.010,technique_name=Services File Permissions Weakness
UtcTime: 2024-11-30 12:48:19.006
ProcessGuid: {15959494-0992-674B-310A-000000000D00}
ProcessId: 1588
Image: C:\Windows\Microsoft.NET\Framework64\v4.0.30319\mscorsvw.exe
TargetFilename: C:\Windows\assembly\NativeImages_v4.0.30319_64\Temp\634-0\Microsoft.WindowsAuthenticationProtocols.Commands.dll
CreationUtcTime: 2024-11-30 12:48:19.006
User: NT AUTHORITY\SYSTEM""",2,2024-11-30T12:48:19.007869900Z,62028,1760,DESKTOP-QGB4EQH,11,2356,INFORMATION,Microsoft-Windows-Sysmon,95,false,6,Executable dropped in Windows root folder,"[""sysmon"",""sysmon_eid11_detections"",""windows""]",92217, , ,windows_eventchannel,log,"Nov 30, 2024 @ 12:48:19.708",EventChannel,1732970899.5348295,"Nov 30, 2024 @ 12:48:19.708", , , , , , , , , , , , ,1588, , , , , , , , , , ,"[""Lateral Tool Transfer""]","[""T1570""]","[""Lateral Movement""]", , , , ,C:\\Windows\\Microsoft.NET\\Framework64\\v4.0.30319\\mscorsvw.exe, , , , , , ,{15959494-0992-674B-310A-000000000D00},2024-11-30 12:48:19.006, ,"technique_id=T1574.010,technique_name=Services File Permissions Weakness", , ,NT AUTHORITY\\SYSTEM, , , , , , , , , , , , , , , , , , , , , , , , , , , , , , , , , , , , ,C:\\Windows\\assembly\\NativeImages_v4.0.30319_64\\Temp\\634-0\\Microsoft.WindowsAuthenticationProtocols.Commands.dll,2024-11-30 12:48:19.006, , , , , , , , , , , , , , , , , , , , , , , , , , , , , , , , , , , , , , , , , , , , , , , , , , , , , , , , , , , , , , , , , , , 
wazuh-alerts-4.x-2024.11.30,9vodfZMBRlc-D5DFbSLw,1,1,192.168.117.134,window-agent3,003,Maryam, ,7, ,0x8000000000000000,{5770385F-C22A-43E0-BF4C-06F5698FFBD9},4,Microsoft-Windows-Sysmon/Operational,0,"""Image loaded:
RuleName: technique_id=T1059.001,technique_name=PowerShell
UtcTime: 2024-11-30 12:48:18.928
ProcessGuid: {15959494-0992-674B-310A-000000000D00}
ProcessId: 1588
Image: C:\Windows\Microsoft.NET\Framework64\v4.0.30319\mscorsvw.exe
ImageLoaded: C:\Windows\assembly\NativeImages_v4.0.30319_64\System.Manaa57fc8cc#\169c03b1d2d364a7d44737b3854923ed\System.Management.Automation.ni.dll
FileVersion: 10.0.17134.165
Description: System.Management.Automation
Product: Microsoft (R) Windows (R) Operating System
Company: Microsoft Corporation
OriginalFileName: System.Management.Automation.dll
Hashes: SHA1=78CC714A81AA79D9F05710B74E9F95EE28079874,MD5=EFC0913CAAB3F89DD279B50B36752C74,SHA256=3214556EE0A387A3FE44E27DAF2F35FA5297CFF4830CAB4D1769197D622667FB,IMPHASH=00000000000000000000000000000000
Signed: false
Signature: -
SignatureStatus: Unavailable
User: NT AUTHORITY\SYSTEM""",3,2024-11-30T12:48:18.937862200Z,62027,1760,DESKTOP-QGB4EQH,7,2356,INFORMATION,Microsoft-Windows-Sysmon,169,true,12,Binary loaded PowerShell automation library - Possible unmanaged Powershell execution by suspicious process,"[""sysmon"",""sysmon_eid7_detections"",""windows""]",92151, , ,windows_eventchannel,log,"Nov 30, 2024 @ 12:48:19.708",EventChannel,1732970899.5351550,"Nov 30, 2024 @ 12:48:19.708", , , , , , , , , , , , ,1588, , , , , , , , , , ,"[""PowerShell""]","[""T1059.001""]","[""Execution""]", , , ,System.Management.Automation.dll,C:\\Windows\\Microsoft.NET\\Framework64\\v4.0.30319\\mscorsvw.exe,Microsoft (R) Windows (R) Operating System, ,C:\\Windows\\assembly\\NativeImages_v4.0.30319_64\\System.Manaa57fc8cc#\\169c03b1d2d364a7d44737b3854923ed\\System.Management.Automation.ni.dll,System.Management.Automation,false,Unavailable,{15959494-0992-674B-310A-000000000D00},2024-11-30 12:48:18.928,"SHA1=78CC714A81AA79D9F05710B74E9F95EE28079874,MD5=EFC0913CAAB3F89DD279B50B36752C74,SHA256=3214556EE0A387A3FE44E27DAF2F35FA5297CFF4830CAB4D1769197D622667FB,IMPHASH=00000000000000000000000000000000","technique_id=T1059.001,technique_name=PowerShell",Microsoft Corporation,10.0.17134.165,NT AUTHORITY\\SYSTEM, , , , , , , , , , , , , , , , , , , , , , , , , , , , , , , , , , , , , , , , , , , , , , , , , , , , , , , , , , , , , , , , , , , , , , , , , , , , , , , , , , , , , , , , , , , , , , , , , , , , , , , , , 
wazuh-alerts-4.x-2024.11.30,9_odfZMBRlc-D5DFbSLw,1,1,192.168.117.134,window-agent3,003,Maryam, ,7, ,0x8000000000000000,{5770385F-C22A-43E0-BF4C-06F5698FFBD9},4,Microsoft-Windows-Sysmon/Operational,0,"""Image loaded:
RuleName: technique_id=T1059.001,technique_name=PowerShell
UtcTime: 2024-11-30 12:48:19.147
ProcessGuid: {15959494-0993-674B-320A-000000000D00}
ProcessId: 8024
Image: C:\Windows\Microsoft.NET\Framework64\v4.0.30319\mscorsvw.exe
ImageLoaded: C:\Windows\assembly\NativeImages_v4.0.30319_64\System.Manaa57fc8cc#\169c03b1d2d364a7d44737b3854923ed\System.Management.Automation.ni.dll
FileVersion: 10.0.17134.165
Description: System.Management.Automation
Product: Microsoft (R) Windows (R) Operating System
Company: Microsoft Corporation
OriginalFileName: System.Management.Automation.dll
Hashes: SHA1=78CC714A81AA79D9F05710B74E9F95EE28079874,MD5=EFC0913CAAB3F89DD279B50B36752C74,SHA256=3214556EE0A387A3FE44E27DAF2F35FA5297CFF4830CAB4D1769197D622667FB,IMPHASH=00000000000000000000000000000000
Signed: false
Signature: -
SignatureStatus: Unavailable
User: NT AUTHORITY\SYSTEM""",3,2024-11-30T12:48:19.152702800Z,62032,1760,DESKTOP-QGB4EQH,7,2356,INFORMATION,Microsoft-Windows-Sysmon,170,true,12,Binary loaded PowerShell automation library - Possible unmanaged Powershell execution by suspicious process,"[""sysmon"",""sysmon_eid7_detections"",""windows""]",92151, , ,windows_eventchannel,log,"Nov 30, 2024 @ 12:48:19.771",EventChannel,1732970899.5356682,"Nov 30, 2024 @ 12:48:19.771", , , , , , , , , , , , ,8024, , , , , , , , , , ,"[""PowerShell""]","[""T1059.001""]","[""Execution""]", , , ,System.Management.Automation.dll,C:\\Windows\\Microsoft.NET\\Framework64\\v4.0.30319\\mscorsvw.exe,Microsoft (R) Windows (R) Operating System, ,C:\\Windows\\assembly\\NativeImages_v4.0.30319_64\\System.Manaa57fc8cc#\\169c03b1d2d364a7d44737b3854923ed\\System.Management.Automation.ni.dll,System.Management.Automation,false,Unavailable,{15959494-0993-674B-320A-000000000D00},2024-11-30 12:48:19.147,"SHA1=78CC714A81AA79D9F05710B74E9F95EE28079874,MD5=EFC0913CAAB3F89DD279B50B36752C74,SHA256=3214556EE0A387A3FE44E27DAF2F35FA5297CFF4830CAB4D1769197D622667FB,IMPHASH=00000000000000000000000000000000","technique_id=T1059.001,technique_name=PowerShell",Microsoft Corporation,10.0.17134.165,NT AUTHORITY\\SYSTEM, , , , , , , , , , , , , , , , , , , , , , , , , , , , , , , , , , , , , , , , , , , , , , , , , , , , , , , , , , , , , , , , , , , , , , , , , , , , , , , , , , , , , , , , , , , , , , , , , , , , , , , , , 
wazuh-alerts-4.x-2024.11.30,'-PodfZMBRlc-D5DFbSLw,1,1,192.168.117.134,window-agent3,003,Maryam, ,7, ,0x8000000000000000,{5770385F-C22A-43E0-BF4C-06F5698FFBD9},4,Microsoft-Windows-Sysmon/Operational,0,"""Image loaded:
RuleName: technique_id=T1059.001,technique_name=PowerShell
UtcTime: 2024-11-30 12:48:19.225
ProcessGuid: {15959494-0993-674B-330A-000000000D00}
ProcessId: 5440
Image: C:\Windows\Microsoft.NET\Framework64\v4.0.30319\mscorsvw.exe
ImageLoaded: C:\Windows\assembly\NativeImages_v4.0.30319_64\System.Manaa57fc8cc#\169c03b1d2d364a7d44737b3854923ed\System.Management.Automation.ni.dll
FileVersion: 10.0.17134.165
Description: System.Management.Automation
Product: Microsoft (R) Windows (R) Operating System
Company: Microsoft Corporation
OriginalFileName: System.Management.Automation.dll
Hashes: SHA1=78CC714A81AA79D9F05710B74E9F95EE28079874,MD5=EFC0913CAAB3F89DD279B50B36752C74,SHA256=3214556EE0A387A3FE44E27DAF2F35FA5297CFF4830CAB4D1769197D622667FB,IMPHASH=00000000000000000000000000000000
Signed: false
Signature: -
SignatureStatus: Unavailable
User: NT AUTHORITY\SYSTEM""",3,2024-11-30T12:48:19.238265000Z,62034,1760,DESKTOP-QGB4EQH,7,2356,INFORMATION,Microsoft-Windows-Sysmon,171,true,12,Binary loaded PowerShell automation library - Possible unmanaged Powershell execution by suspicious process,"[""sysmon"",""sysmon_eid7_detections"",""windows""]",92151, , ,windows_eventchannel,log,"Nov 30, 2024 @ 12:48:19.801",EventChannel,1732970899.5361814,"Nov 30, 2024 @ 12:48:19.801", , , , , , , , , , , , ,5440, , , , , , , , , , ,"[""PowerShell""]","[""T1059.001""]","[""Execution""]", , , ,System.Management.Automation.dll,C:\\Windows\\Microsoft.NET\\Framework64\\v4.0.30319\\mscorsvw.exe,Microsoft (R) Windows (R) Operating System, ,C:\\Windows\\assembly\\NativeImages_v4.0.30319_64\\System.Manaa57fc8cc#\\169c03b1d2d364a7d44737b3854923ed\\System.Management.Automation.ni.dll,System.Management.Automation,false,Unavailable,{15959494-0993-674B-330A-000000000D00},2024-11-30 12:48:19.225,"SHA1=78CC714A81AA79D9F05710B74E9F95EE28079874,MD5=EFC0913CAAB3F89DD279B50B36752C74,SHA256=3214556EE0A387A3FE44E27DAF2F35FA5297CFF4830CAB4D1769197D622667FB,IMPHASH=00000000000000000000000000000000","technique_id=T1059.001,technique_name=PowerShell",Microsoft Corporation,10.0.17134.165,NT AUTHORITY\\SYSTEM, , , , , , , , , , , , , , , , , , , , , , , , , , , , , , , , , , , , , , , , , , , , , , , , , , , , , , , , , , , , , , , , , , , , , , , , , , , , , , , , , , , , , , , , , , , , , , , , , , , , , , , , , 
wazuh-alerts-4.x-2024.11.30,'-_odfZMBRlc-D5DFcSLX,1,1,192.168.117.134,window-agent3,003,Maryam, ,7, ,0x8000000000000000,{5770385F-C22A-43E0-BF4C-06F5698FFBD9},4,Microsoft-Windows-Sysmon/Operational,0,"""Image loaded:
RuleName: technique_id=T1059.001,technique_name=PowerShell
UtcTime: 2024-11-30 12:48:19.522
ProcessGuid: {15959494-0993-674B-350A-000000000D00}
ProcessId: 6440
Image: C:\Windows\Microsoft.NET\Framework64\v4.0.30319\mscorsvw.exe
ImageLoaded: C:\Windows\assembly\NativeImages_v4.0.30319_64\System.Manaa57fc8cc#\169c03b1d2d364a7d44737b3854923ed\System.Management.Automation.ni.dll
FileVersion: 10.0.17134.165
Description: System.Management.Automation
Product: Microsoft (R) Windows (R) Operating System
Company: Microsoft Corporation
OriginalFileName: System.Management.Automation.dll
Hashes: SHA1=78CC714A81AA79D9F05710B74E9F95EE28079874,MD5=EFC0913CAAB3F89DD279B50B36752C74,SHA256=3214556EE0A387A3FE44E27DAF2F35FA5297CFF4830CAB4D1769197D622667FB,IMPHASH=00000000000000000000000000000000
Signed: false
Signature: -
SignatureStatus: Unavailable
User: NT AUTHORITY\SYSTEM""",3,2024-11-30T12:48:19.523029500Z,62042,1760,DESKTOP-QGB4EQH,7,2356,INFORMATION,Microsoft-Windows-Sysmon,173,true,12,Binary loaded PowerShell automation library - Possible unmanaged Powershell execution by suspicious process,"[""sysmon"",""sysmon_eid7_detections"",""windows""]",92151, , ,windows_eventchannel,log,"Nov 30, 2024 @ 12:48:19.927",EventChannel,1732970899.5375269,"Nov 30, 2024 @ 12:48:19.927", , , , , , , , , , , , ,6440, , , , , , , , , , ,"[""PowerShell""]","[""T1059.001""]","[""Execution""]", , , ,System.Management.Automation.dll,C:\\Windows\\Microsoft.NET\\Framework64\\v4.0.30319\\mscorsvw.exe,Microsoft (R) Windows (R) Operating System, ,C:\\Windows\\assembly\\NativeImages_v4.0.30319_64\\System.Manaa57fc8cc#\\169c03b1d2d364a7d44737b3854923ed\\System.Management.Automation.ni.dll,System.Management.Automation,false,Unavailable,{15959494-0993-674B-350A-000000000D00},2024-11-30 12:48:19.522,"SHA1=78CC714A81AA79D9F05710B74E9F95EE28079874,MD5=EFC0913CAAB3F89DD279B50B36752C74,SHA256=3214556EE0A387A3FE44E27DAF2F35FA5297CFF4830CAB4D1769197D622667FB,IMPHASH=00000000000000000000000000000000","technique_id=T1059.001,technique_name=PowerShell",Microsoft Corporation,10.0.17134.165,NT AUTHORITY\\SYSTEM, , , , , , , , , , , , , , , , , , , , , , , , , , , , , , , , , , , , , , , , , , , , , , , , , , , , , , , , , , , , , , , , , , , , , , , , , , , , , , , , , , , , , , , , , , , , , , , , , , , , , , , , , 
wazuh-alerts-4.x-2024.11.30,_fodfZMBRlc-D5DFdSLI,1,1,192.168.117.134,window-agent3,003,Maryam, ,7, ,0x8000000000000000,{5770385F-C22A-43E0-BF4C-06F5698FFBD9},4,Microsoft-Windows-Sysmon/Operational,0,"""Image loaded:
RuleName: technique_id=T1059.001,technique_name=PowerShell
UtcTime: 2024-11-30 12:48:20.072
ProcessGuid: {15959494-0993-674B-360A-000000000D00}
ProcessId: 6420
Image: C:\Windows\Microsoft.NET\Framework64\v4.0.30319\mscorsvw.exe
ImageLoaded: C:\Windows\assembly\NativeImages_v4.0.30319_64\System.Manaa57fc8cc#\169c03b1d2d364a7d44737b3854923ed\System.Management.Automation.ni.dll
FileVersion: 10.0.17134.165
Description: System.Management.Automation
Product: Microsoft (R) Windows (R) Operating System
Company: Microsoft Corporation
OriginalFileName: System.Management.Automation.dll
Hashes: SHA1=78CC714A81AA79D9F05710B74E9F95EE28079874,MD5=EFC0913CAAB3F89DD279B50B36752C74,SHA256=3214556EE0A387A3FE44E27DAF2F35FA5297CFF4830CAB4D1769197D622667FB,IMPHASH=00000000000000000000000000000000
Signed: false
Signature: -
SignatureStatus: Unavailable
User: NT AUTHORITY\SYSTEM""",3,2024-11-30T12:48:20.077449100Z,62048,1760,DESKTOP-QGB4EQH,7,2356,INFORMATION,Microsoft-Windows-Sysmon,174,true,12,Binary loaded PowerShell automation library - Possible unmanaged Powershell execution by suspicious process,"[""sysmon"",""sysmon_eid7_detections"",""windows""]",92151, , ,windows_eventchannel,log,"Nov 30, 2024 @ 12:48:21.004",EventChannel,1732970901.5383568,"Nov 30, 2024 @ 12:48:21.004", , , , , , , , , , , , ,6420, , , , , , , , , , ,"[""PowerShell""]","[""T1059.001""]","[""Execution""]", , , ,System.Management.Automation.dll,C:\\Windows\\Microsoft.NET\\Framework64\\v4.0.30319\\mscorsvw.exe,Microsoft (R) Windows (R) Operating System, ,C:\\Windows\\assembly\\NativeImages_v4.0.30319_64\\System.Manaa57fc8cc#\\169c03b1d2d364a7d44737b3854923ed\\System.Management.Automation.ni.dll,System.Management.Automation,false,Unavailable,{15959494-0993-674B-360A-000000000D00},2024-11-30 12:48:20.072,"SHA1=78CC714A81AA79D9F05710B74E9F95EE28079874,MD5=EFC0913CAAB3F89DD279B50B36752C74,SHA256=3214556EE0A387A3FE44E27DAF2F35FA5297CFF4830CAB4D1769197D622667FB,IMPHASH=00000000000000000000000000000000","technique_id=T1059.001,technique_name=PowerShell",Microsoft Corporation,10.0.17134.165,NT AUTHORITY\\SYSTEM, , , , , , , , , , , , , , , , , , , , , , , , , , , , , , , , , , , , , , , , , , , , , , , , , , , , , , , , , , , , , , , , , , , , , , , , , , , , , , , , , , , , , , , , , , , , , , , , , , , , , , , , , 
wazuh-alerts-4.x-2024.11.30,xfodfZMBRlc-D5DFRiLa,1,1,192.168.117.134,window-agent3,003,Maryam, ,11, ,0x8000000000000000,{5770385F-C22A-43E0-BF4C-06F5698FFBD9},4,Microsoft-Windows-Sysmon/Operational,0,"""File created:
RuleName: technique_id=T1574.010,technique_name=Services File Permissions Weakness
UtcTime: 2024-11-30 12:48:08.584
ProcessGuid: {15959494-0986-674B-060A-000000000D00}
ProcessId: 2284
Image: C:\Windows\Microsoft.NET\Framework64\v4.0.30319\mscorsvw.exe
TargetFilename: C:\Windows\assembly\NativeImages_v4.0.30319_64\Temp\8ec-0\Microsoft.PowerShell.Utility.Activities.dll
CreationUtcTime: 2024-11-30 12:48:08.584
User: NT AUTHORITY\SYSTEM""",2,2024-11-30T12:48:08.595090100Z,61877,1760,DESKTOP-QGB4EQH,11,2356,INFORMATION,Microsoft-Windows-Sysmon,74,false,6,Executable dropped in Windows root folder,"[""sysmon"",""sysmon_eid11_detections"",""windows""]",92217, , ,windows_eventchannel,log,"Nov 30, 2024 @ 12:48:09.644",EventChannel,1732970889.5141432,"Nov 30, 2024 @ 12:48:09.644", , , , , , , , , , , , ,2284, , , , , , , , , , ,"[""Lateral Tool Transfer""]","[""T1570""]","[""Lateral Movement""]", , , , ,C:\\Windows\\Microsoft.NET\\Framework64\\v4.0.30319\\mscorsvw.exe, , , , , , ,{15959494-0986-674B-060A-000000000D00},2024-11-30 12:48:08.584, ,"technique_id=T1574.010,technique_name=Services File Permissions Weakness", , ,NT AUTHORITY\\SYSTEM, , , , , , , , , , , , , , , , , , , , , , , , , , , , , , , , , , , , ,C:\\Windows\\assembly\\NativeImages_v4.0.30319_64\\Temp\\8ec-0\\Microsoft.PowerShell.Utility.Activities.dll,2024-11-30 12:48:08.584, , , , , , , , , , , , , , , , , , , , , , , , , , , , , , , , , , , , , , , , , , , , , , , , , , , , , , , , , , , , , , , , , , , 
wazuh-alerts-4.x-2024.11.30,x_odfZMBRlc-D5DFRiLa,1,1,192.168.117.134,window-agent3,003,Maryam, ,7, ,0x8000000000000000,{5770385F-C22A-43E0-BF4C-06F5698FFBD9},4,Microsoft-Windows-Sysmon/Operational,0,"""Image loaded:
RuleName: technique_id=T1059.001,technique_name=PowerShell
UtcTime: 2024-11-30 12:48:09.006
ProcessGuid: {15959494-0988-674B-080A-000000000D00}
ProcessId: 5372
Image: C:\Windows\Microsoft.NET\Framework64\v4.0.30319\mscorsvw.exe
ImageLoaded: C:\Windows\assembly\NativeImages_v4.0.30319_64\System.Manaa57fc8cc#\169c03b1d2d364a7d44737b3854923ed\System.Management.Automation.ni.dll
FileVersion: 10.0.17134.165
Description: System.Management.Automation
Product: Microsoft (R) Windows (R) Operating System
Company: Microsoft Corporation
OriginalFileName: System.Management.Automation.dll
Hashes: SHA1=78CC714A81AA79D9F05710B74E9F95EE28079874,MD5=EFC0913CAAB3F89DD279B50B36752C74,SHA256=3214556EE0A387A3FE44E27DAF2F35FA5297CFF4830CAB4D1769197D622667FB,IMPHASH=00000000000000000000000000000000
Signed: false
Signature: -
SignatureStatus: Unavailable
User: NT AUTHORITY\SYSTEM""",3,2024-11-30T12:48:09.016635300Z,61883,1760,DESKTOP-QGB4EQH,7,2356,INFORMATION,Microsoft-Windows-Sysmon,143,true,12,Binary loaded PowerShell automation library - Possible unmanaged Powershell execution by suspicious process,"[""sysmon"",""sysmon_eid7_detections"",""windows""]",92151, , ,windows_eventchannel,log,"Nov 30, 2024 @ 12:48:09.747",EventChannel,1732970889.5149779,"Nov 30, 2024 @ 12:48:09.747", , , , , , , , , , , , ,5372, , , , , , , , , , ,"[""PowerShell""]","[""T1059.001""]","[""Execution""]", , , ,System.Management.Automation.dll,C:\\Windows\\Microsoft.NET\\Framework64\\v4.0.30319\\mscorsvw.exe,Microsoft (R) Windows (R) Operating System, ,C:\\Windows\\assembly\\NativeImages_v4.0.30319_64\\System.Manaa57fc8cc#\\169c03b1d2d364a7d44737b3854923ed\\System.Management.Automation.ni.dll,System.Management.Automation,false,Unavailable,{15959494-0988-674B-080A-000000000D00},2024-11-30 12:48:09.006,"SHA1=78CC714A81AA79D9F05710B74E9F95EE28079874,MD5=EFC0913CAAB3F89DD279B50B36752C74,SHA256=3214556EE0A387A3FE44E27DAF2F35FA5297CFF4830CAB4D1769197D622667FB,IMPHASH=00000000000000000000000000000000","technique_id=T1059.001,technique_name=PowerShell",Microsoft Corporation,10.0.17134.165,NT AUTHORITY\\SYSTEM, , , , , , , , , , , , , , , , , , , , , , , , , , , , , , , , , , , , , , , , , , , , , , , , , , , , , , , , , , , , , , , , , , , , , , , , , , , , , , , , , , , , , , , , , , , , , , , , , , , , , , , , , 
wazuh-alerts-4.x-2024.11.30,yPodfZMBRlc-D5DFTiKq,1,1,192.168.117.134,window-agent3,003,Maryam, ,11, ,0x8000000000000000,{5770385F-C22A-43E0-BF4C-06F5698FFBD9},4,Microsoft-Windows-Sysmon/Operational,0,"""File created:
RuleName: technique_id=T1574.010,technique_name=Services File Permissions Weakness
UtcTime: 2024-11-30 12:48:10.569
ProcessGuid: {15959494-0988-674B-080A-000000000D00}
ProcessId: 5372
Image: C:\Windows\Microsoft.NET\Framework64\v4.0.30319\mscorsvw.exe
TargetFilename: C:\Windows\assembly\NativeImages_v4.0.30319_64\Temp\14fc-0\Microsoft.PowerShell.Workflow.ServiceCore.dll
CreationUtcTime: 2024-11-30 12:48:10.569
User: NT AUTHORITY\SYSTEM""",2,2024-11-30T12:48:10.581708400Z,61884,1760,DESKTOP-QGB4EQH,11,2356,INFORMATION,Microsoft-Windows-Sysmon,75,false,6,Executable dropped in Windows root folder,"[""sysmon"",""sysmon_eid11_detections"",""windows""]",92217, , ,windows_eventchannel,log,"Nov 30, 2024 @ 12:48:11.628",EventChannel,1732970891.5154911,"Nov 30, 2024 @ 12:48:11.628", , , , , , , , , , , , ,5372, , , , , , , , , , ,"[""Lateral Tool Transfer""]","[""T1570""]","[""Lateral Movement""]", , , , ,C:\\Windows\\Microsoft.NET\\Framework64\\v4.0.30319\\mscorsvw.exe, , , , , , ,{15959494-0988-674B-080A-000000000D00},2024-11-30 12:48:10.569, ,"technique_id=T1574.010,technique_name=Services File Permissions Weakness", , ,NT AUTHORITY\\SYSTEM, , , , , , , , , , , , , , , , , , , , , , , , , , , , , , , , , , , , ,C:\\Windows\\assembly\\NativeImages_v4.0.30319_64\\Temp\\14fc-0\\Microsoft.PowerShell.Workflow.ServiceCore.dll,2024-11-30 12:48:10.569, , , , , , , , , , , , , , , , , , , , , , , , , , , , , , , , , , , , , , , , , , , , , , , , , , , , , , , , , , , , , , , , , , , 
wazuh-alerts-4.x-2024.11.30,yfodfZMBRlc-D5DFTiKq,1,1,192.168.117.134,window-agent3,003,Maryam, ,7, ,0x8000000000000000,{5770385F-C22A-43E0-BF4C-06F5698FFBD9},4,Microsoft-Windows-Sysmon/Operational,0,"""Image loaded:
RuleName: technique_id=T1059.001,technique_name=PowerShell
UtcTime: 2024-11-30 12:48:10.803
ProcessGuid: {15959494-098A-674B-090A-000000000D00}
ProcessId: 6780
Image: C:\Windows\Microsoft.NET\Framework64\v4.0.30319\mscorsvw.exe
ImageLoaded: C:\Windows\assembly\NativeImages_v4.0.30319_64\System.Manaa57fc8cc#\169c03b1d2d364a7d44737b3854923ed\System.Management.Automation.ni.dll
FileVersion: 10.0.17134.165
Description: System.Management.Automation
Product: Microsoft (R) Windows (R) Operating System
Company: Microsoft Corporation
OriginalFileName: System.Management.Automation.dll
Hashes: SHA1=78CC714A81AA79D9F05710B74E9F95EE28079874,MD5=EFC0913CAAB3F89DD279B50B36752C74,SHA256=3214556EE0A387A3FE44E27DAF2F35FA5297CFF4830CAB4D1769197D622667FB,IMPHASH=00000000000000000000000000000000
Signed: false
Signature: -
SignatureStatus: Unavailable
User: NT AUTHORITY\SYSTEM""",3,2024-11-30T12:48:10.812254500Z,61888,1760,DESKTOP-QGB4EQH,7,2356,INFORMATION,Microsoft-Windows-Sysmon,144,true,12,Binary loaded PowerShell automation library - Possible unmanaged Powershell execution by suspicious process,"[""sysmon"",""sysmon_eid7_detections"",""windows""]",92151, , ,windows_eventchannel,log,"Nov 30, 2024 @ 12:48:11.673",EventChannel,1732970891.5158138,"Nov 30, 2024 @ 12:48:11.673", , , , , , , , , , , , ,6780, , , , , , , , , , ,"[""PowerShell""]","[""T1059.001""]","[""Execution""]", , , ,System.Management.Automation.dll,C:\\Windows\\Microsoft.NET\\Framework64\\v4.0.30319\\mscorsvw.exe,Microsoft (R) Windows (R) Operating System, ,C:\\Windows\\assembly\\NativeImages_v4.0.30319_64\\System.Manaa57fc8cc#\\169c03b1d2d364a7d44737b3854923ed\\System.Management.Automation.ni.dll,System.Management.Automation,false,Unavailable,{15959494-098A-674B-090A-000000000D00},2024-11-30 12:48:10.803,"SHA1=78CC714A81AA79D9F05710B74E9F95EE28079874,MD5=EFC0913CAAB3F89DD279B50B36752C74,SHA256=3214556EE0A387A3FE44E27DAF2F35FA5297CFF4830CAB4D1769197D622667FB,IMPHASH=00000000000000000000000000000000","technique_id=T1059.001,technique_name=PowerShell",Microsoft Corporation,10.0.17134.165,NT AUTHORITY\\SYSTEM, , , , , , , , , , , , , , , , , , , , , , , , , , , , , , , , , , , , , , , , , , , , , , , , , , , , , , , , , , , , , , , , , , , , , , , , , , , , , , , , , , , , , , , , , , , , , , , , , , , , , , , , , 
wazuh-alerts-4.x-2024.11.30,y_odfZMBRlc-D5DFTiKq,1,1,192.168.117.134,window-agent3,003,Maryam, ,11, ,0x8000000000000000,{5770385F-C22A-43E0-BF4C-06F5698FFBD9},4,Microsoft-Windows-Sysmon/Operational,0,"""File created:
RuleName: technique_id=T1574.010,technique_name=Services File Permissions Weakness
UtcTime: 2024-11-30 12:48:11.038
ProcessGuid: {15959494-098A-674B-0A0A-000000000D00}
ProcessId: 5636
Image: C:\Windows\Microsoft.NET\Framework64\v4.0.30319\mscorsvw.exe
TargetFilename: C:\Windows\assembly\NativeImages_v4.0.30319_64\Temp\1604-0\Microsoft.ProcessMitigations.Commands.dll
CreationUtcTime: 2024-11-30 12:48:11.038
User: NT AUTHORITY\SYSTEM""",2,2024-11-30T12:48:11.049942700Z,61891,1760,DESKTOP-QGB4EQH,11,2356,INFORMATION,Microsoft-Windows-Sysmon,76,false,6,Executable dropped in Windows root folder,"[""sysmon"",""sysmon_eid11_detections"",""windows""]",92217, , ,windows_eventchannel,log,"Nov 30, 2024 @ 12:48:11.720",EventChannel,1732970891.5168402,"Nov 30, 2024 @ 12:48:11.720", , , , , , , , , , , , ,5636, , , , , , , , , , ,"[""Lateral Tool Transfer""]","[""T1570""]","[""Lateral Movement""]", , , , ,C:\\Windows\\Microsoft.NET\\Framework64\\v4.0.30319\\mscorsvw.exe, , , , , , ,{15959494-098A-674B-0A0A-000000000D00},2024-11-30 12:48:11.038, ,"technique_id=T1574.010,technique_name=Services File Permissions Weakness", , ,NT AUTHORITY\\SYSTEM, , , , , , , , , , , , , , , , , , , , , , , , , , , , , , , , , , , , ,C:\\Windows\\assembly\\NativeImages_v4.0.30319_64\\Temp\\1604-0\\Microsoft.ProcessMitigations.Commands.dll,2024-11-30 12:48:11.038, , , , , , , , , , , , , , , , , , , , , , , , , , , , , , , , , , , , , , , , , , , , , , , , , , , , , , , , , , , , , , , , , , , 
wazuh-alerts-4.x-2024.11.30,0PodfZMBRlc-D5DFUiKW,1,1,192.168.117.134,window-agent3,003,Maryam, ,7, ,0x8000000000000000,{5770385F-C22A-43E0-BF4C-06F5698FFBD9},4,Microsoft-Windows-Sysmon/Operational,0,"""Image loaded:
RuleName: technique_id=T1059.001,technique_name=PowerShell
UtcTime: 2024-11-30 12:48:11.585
ProcessGuid: {15959494-098B-674B-0E0A-000000000D00}
ProcessId: 7564
Image: C:\Windows\Microsoft.NET\Framework64\v4.0.30319\mscorsvw.exe
ImageLoaded: C:\Windows\assembly\NativeImages_v4.0.30319_64\System.Manaa57fc8cc#\169c03b1d2d364a7d44737b3854923ed\System.Management.Automation.ni.dll
FileVersion: 10.0.17134.165
Description: System.Management.Automation
Product: Microsoft (R) Windows (R) Operating System
Company: Microsoft Corporation
OriginalFileName: System.Management.Automation.dll
Hashes: SHA1=78CC714A81AA79D9F05710B74E9F95EE28079874,MD5=EFC0913CAAB3F89DD279B50B36752C74,SHA256=3214556EE0A387A3FE44E27DAF2F35FA5297CFF4830CAB4D1769197D622667FB,IMPHASH=00000000000000000000000000000000
Signed: false
Signature: -
SignatureStatus: Unavailable
User: NT AUTHORITY\SYSTEM""",3,2024-11-30T12:48:11.599390300Z,61904,1760,DESKTOP-QGB4EQH,7,2356,INFORMATION,Microsoft-Windows-Sysmon,149,true,12,Binary loaded PowerShell automation library - Possible unmanaged Powershell execution by suspicious process,"[""sysmon"",""sysmon_eid7_detections"",""windows""]",92151, , ,windows_eventchannel,log,"Nov 30, 2024 @ 12:48:12.662",EventChannel,1732970892.5190184,"Nov 30, 2024 @ 12:48:12.662", , , , , , , , , , , , ,7564, , , , , , , , , , ,"[""PowerShell""]","[""T1059.001""]","[""Execution""]", , , ,System.Management.Automation.dll,C:\\Windows\\Microsoft.NET\\Framework64\\v4.0.30319\\mscorsvw.exe,Microsoft (R) Windows (R) Operating System, ,C:\\Windows\\assembly\\NativeImages_v4.0.30319_64\\System.Manaa57fc8cc#\\169c03b1d2d364a7d44737b3854923ed\\System.Management.Automation.ni.dll,System.Management.Automation,false,Unavailable,{15959494-098B-674B-0E0A-000000000D00},2024-11-30 12:48:11.585,"SHA1=78CC714A81AA79D9F05710B74E9F95EE28079874,MD5=EFC0913CAAB3F89DD279B50B36752C74,SHA256=3214556EE0A387A3FE44E27DAF2F35FA5297CFF4830CAB4D1769197D622667FB,IMPHASH=00000000000000000000000000000000","technique_id=T1059.001,technique_name=PowerShell",Microsoft Corporation,10.0.17134.165,NT AUTHORITY\\SYSTEM, , , , , , , , , , , , , , , , , , , , , , , , , , , , , , , , , , , , , , , , , , , , , , , , , , , , , , , , , , , , , , , , , , , , , , , , , , , , , , , , , , , , , , , , , , , , , , , , , , , , , , , , , 
wazuh-alerts-4.x-2024.11.30,0fodfZMBRlc-D5DFUiKW,1,1,192.168.117.134,window-agent3,003,Maryam, ,11, ,0x8000000000000000,{5770385F-C22A-43E0-BF4C-06F5698FFBD9},4,Microsoft-Windows-Sysmon/Operational,0,"""File created:
RuleName: technique_id=T1574.010,technique_name=Services File Permissions Weakness
UtcTime: 2024-11-30 12:48:11.975
ProcessGuid: {15959494-098B-674B-0E0A-000000000D00}
ProcessId: 7564
Image: C:\Windows\Microsoft.NET\Framework64\v4.0.30319\mscorsvw.exe
TargetFilename: C:\Windows\assembly\NativeImages_v4.0.30319_64\Temp\1d8c-0\Microsoft.Security.ApplicationId.PolicyManagement.Cmdlets.dll
CreationUtcTime: 2024-11-30 12:48:11.975
User: NT AUTHORITY\SYSTEM""",2,2024-11-30T12:48:11.983656500Z,61905,1760,DESKTOP-QGB4EQH,11,2356,INFORMATION,Microsoft-Windows-Sysmon,78,false,6,Executable dropped in Windows root folder,"[""sysmon"",""sysmon_eid11_detections"",""windows""]",92217, , ,windows_eventchannel,log,"Nov 30, 2024 @ 12:48:12.674",EventChannel,1732970892.5195316,"Nov 30, 2024 @ 12:48:12.674", , , , , , , , , , , , ,7564, , , , , , , , , , ,"[""Lateral Tool Transfer""]","[""T1570""]","[""Lateral Movement""]", , , , ,C:\\Windows\\Microsoft.NET\\Framework64\\v4.0.30319\\mscorsvw.exe, , , , , , ,{15959494-098B-674B-0E0A-000000000D00},2024-11-30 12:48:11.975, ,"technique_id=T1574.010,technique_name=Services File Permissions Weakness", , ,NT AUTHORITY\\SYSTEM, , , , , , , , , , , , , , , , , , , , , , , , , , , , , , , , , , , , ,C:\\Windows\\assembly\\NativeImages_v4.0.30319_64\\Temp\\1d8c-0\\Microsoft.Security.ApplicationId.PolicyManagement.Cmdlets.dll,2024-11-30 12:48:11.975, , , , , , , , , , , , , , , , , , , , , , , , , , , , , , , , , , , , , , , , , , , , , , , , , , , , , , , , , , , , , , , , , , , 
wazuh-alerts-4.x-2024.11.30,tfodfZMBRlc-D5DFLyJn,1,1,192.168.117.134,window-agent3,003,Maryam, ,11, ,0x8000000000000000,{5770385F-C22A-43E0-BF4C-06F5698FFBD9},4,Microsoft-Windows-Sysmon/Operational,0,"""File created:
RuleName: technique_id=T1574.010,technique_name=Services File Permissions Weakness
UtcTime: 2024-11-30 12:48:02.412
ProcessGuid: {15959494-0981-674B-FB09-000000000D00}
ProcessId: 3220
Image: C:\Windows\Microsoft.NET\Framework64\v4.0.30319\mscorsvw.exe
TargetFilename: C:\Windows\assembly\NativeImages_v4.0.30319_64\Temp\c94-0\Microsoft.PowerShell.GraphicalHost.dll
CreationUtcTime: 2024-11-30 12:48:02.412
User: NT AUTHORITY\SYSTEM""",2,2024-11-30T12:48:02.415310500Z,61839,1760,DESKTOP-QGB4EQH,11,2356,INFORMATION,Microsoft-Windows-Sysmon,69,false,6,Executable dropped in Windows root folder,"[""sysmon"",""sysmon_eid11_detections"",""windows""]",92217, , ,windows_eventchannel,log,"Nov 30, 2024 @ 12:48:03.473",EventChannel,1732970883.5068953,"Nov 30, 2024 @ 12:48:03.473", , , , , , , , , , , , ,3220, , , , , , , , , , ,"[""Lateral Tool Transfer""]","[""T1570""]","[""Lateral Movement""]", , , , ,C:\\Windows\\Microsoft.NET\\Framework64\\v4.0.30319\\mscorsvw.exe, , , , , , ,{15959494-0981-674B-FB09-000000000D00},2024-11-30 12:48:02.412, ,"technique_id=T1574.010,technique_name=Services File Permissions Weakness", , ,NT AUTHORITY\\SYSTEM, , , , , , , , , , , , , , , , , , , , , , , , , , , , , , , , , , , , ,C:\\Windows\\assembly\\NativeImages_v4.0.30319_64\\Temp\\c94-0\\Microsoft.PowerShell.GraphicalHost.dll,2024-11-30 12:48:02.412, , , , , , , , , , , , , , , , , , , , , , , , , , , , , , , , , , , , , , , , , , , , , , , , , , , , , , , , , , , , , , , , , , , 
wazuh-alerts-4.x-2024.11.30,vPodfZMBRlc-D5DFNyI5,1,1,192.168.117.134,window-agent3,003,Maryam, ,7, ,0x8000000000000000,{5770385F-C22A-43E0-BF4C-06F5698FFBD9},4,Microsoft-Windows-Sysmon/Operational,0,"""Image loaded:
RuleName: technique_id=T1059.001,technique_name=PowerShell
UtcTime: 2024-11-30 12:48:04.710
ProcessGuid: {15959494-0984-674B-000A-000000000D00}
ProcessId: 4656
Image: C:\Windows\Microsoft.NET\Framework64\v4.0.30319\mscorsvw.exe
ImageLoaded: C:\Windows\assembly\NativeImages_v4.0.30319_64\System.Manaa57fc8cc#\169c03b1d2d364a7d44737b3854923ed\System.Management.Automation.ni.dll
FileVersion: 10.0.17134.165
Description: System.Management.Automation
Product: Microsoft (R) Windows (R) Operating System
Company: Microsoft Corporation
OriginalFileName: System.Management.Automation.dll
Hashes: SHA1=78CC714A81AA79D9F05710B74E9F95EE28079874,MD5=EFC0913CAAB3F89DD279B50B36752C74,SHA256=3214556EE0A387A3FE44E27DAF2F35FA5297CFF4830CAB4D1769197D622667FB,IMPHASH=00000000000000000000000000000000
Signed: false
Signature: -
SignatureStatus: Unavailable
User: NT AUTHORITY\SYSTEM""",3,2024-11-30T12:48:04.712982500Z,61858,1760,DESKTOP-QGB4EQH,7,2356,INFORMATION,Microsoft-Windows-Sysmon,135,true,12,Binary loaded PowerShell automation library - Possible unmanaged Powershell execution by suspicious process,"[""sysmon"",""sysmon_eid7_detections"",""windows""]",92151, , ,windows_eventchannel,log,"Nov 30, 2024 @ 12:48:05.626",EventChannel,1732970885.5099090,"Nov 30, 2024 @ 12:48:05.626", , , , , , , , , , , , ,4656, , , , , , , , , , ,"[""PowerShell""]","[""T1059.001""]","[""Execution""]", , , ,System.Management.Automation.dll,C:\\Windows\\Microsoft.NET\\Framework64\\v4.0.30319\\mscorsvw.exe,Microsoft (R) Windows (R) Operating System, ,C:\\Windows\\assembly\\NativeImages_v4.0.30319_64\\System.Manaa57fc8cc#\\169c03b1d2d364a7d44737b3854923ed\\System.Management.Automation.ni.dll,System.Management.Automation,false,Unavailable,{15959494-0984-674B-000A-000000000D00},2024-11-30 12:48:04.710,"SHA1=78CC714A81AA79D9F05710B74E9F95EE28079874,MD5=EFC0913CAAB3F89DD279B50B36752C74,SHA256=3214556EE0A387A3FE44E27DAF2F35FA5297CFF4830CAB4D1769197D622667FB,IMPHASH=00000000000000000000000000000000","technique_id=T1059.001,technique_name=PowerShell",Microsoft Corporation,10.0.17134.165,NT AUTHORITY\\SYSTEM, , , , , , , , , , , , , , , , , , , , , , , , , , , , , , , , , , , , , , , , , , , , , , , , , , , , , , , , , , , , , , , , , , , , , , , , , , , , , , , , , , , , , , , , , , , , , , , , , , , , , , , , , 
wazuh-alerts-4.x-2024.11.30,v_odfZMBRlc-D5DFOyIg,1,1,192.168.117.134,window-agent3,003,Maryam, ,7, ,0x8000000000000000,{5770385F-C22A-43E0-BF4C-06F5698FFBD9},4,Microsoft-Windows-Sysmon/Operational,0,"""Image loaded:
RuleName: technique_id=T1059.001,technique_name=PowerShell
UtcTime: 2024-11-30 12:48:05.412
ProcessGuid: {15959494-0985-674B-020A-000000000D00}
ProcessId: 5176
Image: C:\Windows\Microsoft.NET\Framework64\v4.0.30319\mscorsvw.exe
ImageLoaded: C:\Windows\assembly\NativeImages_v4.0.30319_64\System.Manaa57fc8cc#\169c03b1d2d364a7d44737b3854923ed\System.Management.Automation.ni.dll
FileVersion: 10.0.17134.165
Description: System.Management.Automation
Product: Microsoft (R) Windows (R) Operating System
Company: Microsoft Corporation
OriginalFileName: System.Management.Automation.dll
Hashes: SHA1=78CC714A81AA79D9F05710B74E9F95EE28079874,MD5=EFC0913CAAB3F89DD279B50B36752C74,SHA256=3214556EE0A387A3FE44E27DAF2F35FA5297CFF4830CAB4D1769197D622667FB,IMPHASH=00000000000000000000000000000000
Signed: false
Signature: -
SignatureStatus: Unavailable
User: NT AUTHORITY\SYSTEM""",3,2024-11-30T12:48:05.414587600Z,61865,1760,DESKTOP-QGB4EQH,7,2356,INFORMATION,Microsoft-Windows-Sysmon,137,true,12,Binary loaded PowerShell automation library - Possible unmanaged Powershell execution by suspicious process,"[""sysmon"",""sysmon_eid7_detections"",""windows""]",92151, , ,windows_eventchannel,log,"Nov 30, 2024 @ 12:48:05.735",EventChannel,1732970885.5112549,"Nov 30, 2024 @ 12:48:05.735", , , , , , , , , , , , ,5176, , , , , , , , , , ,"[""PowerShell""]","[""T1059.001""]","[""Execution""]", , , ,System.Management.Automation.dll,C:\\Windows\\Microsoft.NET\\Framework64\\v4.0.30319\\mscorsvw.exe,Microsoft (R) Windows (R) Operating System, ,C:\\Windows\\assembly\\NativeImages_v4.0.30319_64\\System.Manaa57fc8cc#\\169c03b1d2d364a7d44737b3854923ed\\System.Management.Automation.ni.dll,System.Management.Automation,false,Unavailable,{15959494-0985-674B-020A-000000000D00},2024-11-30 12:48:05.412,"SHA1=78CC714A81AA79D9F05710B74E9F95EE28079874,MD5=EFC0913CAAB3F89DD279B50B36752C74,SHA256=3214556EE0A387A3FE44E27DAF2F35FA5297CFF4830CAB4D1769197D622667FB,IMPHASH=00000000000000000000000000000000","technique_id=T1059.001,technique_name=PowerShell",Microsoft Corporation,10.0.17134.165,NT AUTHORITY\\SYSTEM, , , , , , , , , , , , , , , , , , , , , , , , , , , , , , , , , , , , , , , , , , , , , , , , , , , , , , , , , , , , , , , , , , , , , , , , , , , , , , , , , , , , , , , , , , , , , , , , , , , , , , , , , 
wazuh-alerts-4.x-2024.11.30,w_odfZMBRlc-D5DFPyIJ,1,1,192.168.117.134,window-agent3,003,Maryam, ,7, ,0x8000000000000000,{5770385F-C22A-43E0-BF4C-06F5698FFBD9},4,Microsoft-Windows-Sysmon/Operational,0,"""Image loaded:
RuleName: technique_id=T1059.001,technique_name=PowerShell
UtcTime: 2024-11-30 12:48:06.444
ProcessGuid: {15959494-0986-674B-050A-000000000D00}
ProcessId: 1216
Image: C:\Windows\Microsoft.NET\Framework64\v4.0.30319\mscorsvw.exe
ImageLoaded: C:\Windows\assembly\NativeImages_v4.0.30319_64\System.Manaa57fc8cc#\169c03b1d2d364a7d44737b3854923ed\System.Management.Automation.ni.dll
FileVersion: 10.0.17134.165
Description: System.Management.Automation
Product: Microsoft (R) Windows (R) Operating System
Company: Microsoft Corporation
OriginalFileName: System.Management.Automation.dll
Hashes: SHA1=78CC714A81AA79D9F05710B74E9F95EE28079874,MD5=EFC0913CAAB3F89DD279B50B36752C74,SHA256=3214556EE0A387A3FE44E27DAF2F35FA5297CFF4830CAB4D1769197D622667FB,IMPHASH=00000000000000000000000000000000
Signed: false
Signature: -
SignatureStatus: Unavailable
User: NT AUTHORITY\SYSTEM""",3,2024-11-30T12:48:06.445744700Z,61874,1760,DESKTOP-QGB4EQH,7,2356,INFORMATION,Microsoft-Windows-Sysmon,140,true,12,Binary loaded PowerShell automation library - Possible unmanaged Powershell execution by suspicious process,"[""sysmon"",""sysmon_eid7_detections"",""windows""]",92151, , ,windows_eventchannel,log,"Nov 30, 2024 @ 12:48:06.753",EventChannel,1732970886.5131168,"Nov 30, 2024 @ 12:48:06.753", , , , , , , , , , , , ,1216, , , , , , , , , , ,"[""PowerShell""]","[""T1059.001""]","[""Execution""]", , , ,System.Management.Automation.dll,C:\\Windows\\Microsoft.NET\\Framework64\\v4.0.30319\\mscorsvw.exe,Microsoft (R) Windows (R) Operating System, ,C:\\Windows\\assembly\\NativeImages_v4.0.30319_64\\System.Manaa57fc8cc#\\169c03b1d2d364a7d44737b3854923ed\\System.Management.Automation.ni.dll,System.Management.Automation,false,Unavailable,{15959494-0986-674B-050A-000000000D00},2024-11-30 12:48:06.444,"SHA1=78CC714A81AA79D9F05710B74E9F95EE28079874,MD5=EFC0913CAAB3F89DD279B50B36752C74,SHA256=3214556EE0A387A3FE44E27DAF2F35FA5297CFF4830CAB4D1769197D622667FB,IMPHASH=00000000000000000000000000000000","technique_id=T1059.001,technique_name=PowerShell",Microsoft Corporation,10.0.17134.165,NT AUTHORITY\\SYSTEM, , , , , , , , , , , , , , , , , , , , , , , , , , , , , , , , , , , , , , , , , , , , , , , , , , , , , , , , , , , , , , , , , , , , , , , , , , , , , , , , , , , , , , , , , , , , , , , , , , , , , , , , , 
