wazuh-alerts-4.x-2024.11.30,E_ocfZMBRlc-D5DFHSLI,1,1,192.168.117.134,window-agent3,003,Maryam, ,7, ,0x8000000000000000,{5770385F-C22A-43E0-BF4C-06F5698FFBD9},4,Microsoft-Windows-Sysmon/Operational,0,"""Image loaded:
RuleName: technique_id=T1059.001,technique_name=PowerShell
UtcTime: 2024-11-30 12:46:51.994
ProcessGuid: {15959494-093B-674B-3C09-000000000D00}
ProcessId: 3828
Image: C:\Windows\Microsoft.NET\Framework\v4.0.30319\mscorsvw.exe
ImageLoaded: C:\Windows\Microsoft.NET\assembly\GAC_MSIL\System.Management.Automation\v4.0_3.0.0.0__31bf3856ad364e35\System.Management.Automation.dll
FileVersion: 10.0.17134.165
Description: System.Management.Automation
Product: Microsoft (R) Windows (R) Operating System
Company: Microsoft Corporation
OriginalFileName: System.Management.Automation.dll
Hashes: SHA1=C3F1336B5DD10C00D91B556EC22580E221B93208,MD5=4A1195FB925BC6AE1DE497C25C56D064,SHA256=466427A13CA32840969B326032664657391A1E0C52B8550F2A2337B89F5AC333,IMPHASH=DAE02F32A21E03CE65412F6E56942DAA
Signed: true
Signature: Microsoft Windows
SignatureStatus: Valid
User: NT AUTHORITY\SYSTEM""",3,2024-11-30T12:46:51.997646700Z,61187,1760,DESKTOP-QGB4EQH,7,2356,INFORMATION,Microsoft-Windows-Sysmon,31,true,12,Binary loaded PowerShell automation library - Possible unmanaged Powershell execution by suspicious process,"[""sysmon"",""sysmon_eid7_detections"",""windows""]",92151, , ,windows_eventchannel,log,"Nov 30, 2024 @ 12:46:53.041",EventChannel,1732970813.4348598,"Nov 30, 2024 @ 12:46:53.041", , , , , , , , , , , , ,3828, , , , , , , , , , ,"[""PowerShell""]","[""T1059.001""]","[""Execution""]", , , ,System.Management.Automation.dll,C:\\Windows\\Microsoft.NET\\Framework\\v4.0.30319\\mscorsvw.exe,Microsoft (R) Windows (R) Operating System,Microsoft Windows,C:\\Windows\\Microsoft.NET\\assembly\\GAC_MSIL\\System.Management.Automation\\v4.0_3.0.0.0__31bf3856ad364e35\\System.Management.Automation.dll,System.Management.Automation,true,Valid,{15959494-093B-674B-3C09-000000000D00},2024-11-30 12:46:51.994,"SHA1=C3F1336B5DD10C00D91B556EC22580E221B93208,MD5=4A1195FB925BC6AE1DE497C25C56D064,SHA256=466427A13CA32840969B326032664657391A1E0C52B8550F2A2337B89F5AC333,IMPHASH=DAE02F32A21E03CE65412F6E56942DAA","technique_id=T1059.001,technique_name=PowerShell",Microsoft Corporation,10.0.17134.165,NT AUTHORITY\\SYSTEM, , , , , , , , , , , , , , , , , , , , , , , , , , , , , , , , , , , , , , , , , , , , , , , , , , , , , , , , , , , , , , , , , , , , , , , , , , , , , , , , , , , , , , , , , , , , , , , , , , , , , , , , , 
wazuh-alerts-4.x-2024.11.30,GPocfZMBRlc-D5DFISKy,1,1,192.168.117.134,window-agent3,003,Maryam, ,7, ,0x8000000000000000,{5770385F-C22A-43E0-BF4C-06F5698FFBD9},4,Microsoft-Windows-Sysmon/Operational,0,"""Image loaded:
RuleName: technique_id=T1059.001,technique_name=PowerShell
UtcTime: 2024-11-30 12:46:54.306
ProcessGuid: {15959494-093E-674B-3E09-000000000D00}
ProcessId: 7832
Image: C:\Windows\Microsoft.NET\Framework\v4.0.30319\mscorsvw.exe
ImageLoaded: C:\Windows\Microsoft.NET\assembly\GAC_MSIL\System.Management.Automation\v4.0_3.0.0.0__31bf3856ad364e35\System.Management.Automation.dll
FileVersion: 10.0.17134.165
Description: System.Management.Automation
Product: Microsoft (R) Windows (R) Operating System
Company: Microsoft Corporation
OriginalFileName: System.Management.Automation.dll
Hashes: SHA1=C3F1336B5DD10C00D91B556EC22580E221B93208,MD5=4A1195FB925BC6AE1DE497C25C56D064,SHA256=466427A13CA32840969B326032664657391A1E0C52B8550F2A2337B89F5AC333,IMPHASH=DAE02F32A21E03CE65412F6E56942DAA
Signed: true
Signature: Microsoft Windows
SignatureStatus: Valid
User: NT AUTHORITY\SYSTEM""",3,2024-11-30T12:46:54.310986800Z,61204,1760,DESKTOP-QGB4EQH,7,2356,INFORMATION,Microsoft-Windows-Sysmon,35,true,12,Binary loaded PowerShell automation library - Possible unmanaged Powershell execution by suspicious process,"[""sysmon"",""sysmon_eid7_detections"",""windows""]",92151, , ,windows_eventchannel,log,"Nov 30, 2024 @ 12:46:54.770",EventChannel,1732970814.4372581,"Nov 30, 2024 @ 12:46:54.770", , , , , , , , , , , , ,7832, , , , , , , , , , ,"[""PowerShell""]","[""T1059.001""]","[""Execution""]", , , ,System.Management.Automation.dll,C:\\Windows\\Microsoft.NET\\Framework\\v4.0.30319\\mscorsvw.exe,Microsoft (R) Windows (R) Operating System,Microsoft Windows,C:\\Windows\\Microsoft.NET\\assembly\\GAC_MSIL\\System.Management.Automation\\v4.0_3.0.0.0__31bf3856ad364e35\\System.Management.Automation.dll,System.Management.Automation,true,Valid,{15959494-093E-674B-3E09-000000000D00},2024-11-30 12:46:54.306,"SHA1=C3F1336B5DD10C00D91B556EC22580E221B93208,MD5=4A1195FB925BC6AE1DE497C25C56D064,SHA256=466427A13CA32840969B326032664657391A1E0C52B8550F2A2337B89F5AC333,IMPHASH=DAE02F32A21E03CE65412F6E56942DAA","technique_id=T1059.001,technique_name=PowerShell",Microsoft Corporation,10.0.17134.165,NT AUTHORITY\\SYSTEM, , , , , , , , , , , , , , , , , , , , , , , , , , , , , , , , , , , , , , , , , , , , , , , , , , , , , , , , , , , , , , , , , , , , , , , , , , , , , , , , , , , , , , , , , , , , , , , , , , , , , , , , , 
wazuh-alerts-4.x-2024.11.30,GfocfZMBRlc-D5DFJSKc,1,1,192.168.117.134,window-agent3,003,Maryam, ,7, ,0x8000000000000000,{5770385F-C22A-43E0-BF4C-06F5698FFBD9},4,Microsoft-Windows-Sysmon/Operational,0,"""Image loaded:
RuleName: technique_id=T1059.001,technique_name=PowerShell
UtcTime: 2024-11-30 12:46:54.306
ProcessGuid: {15959494-093E-674B-3E09-000000000D00}
ProcessId: 7832
Image: C:\Windows\Microsoft.NET\Framework\v4.0.30319\mscorsvw.exe
ImageLoaded: C:\Windows\Microsoft.NET\assembly\GAC_MSIL\System.Management.Automation\v4.0_3.0.0.0__31bf3856ad364e35\System.Management.Automation.dll
FileVersion: 10.0.17134.165
Description: System.Management.Automation
Product: Microsoft (R) Windows (R) Operating System
Company: Microsoft Corporation
OriginalFileName: System.Management.Automation.dll
Hashes: SHA1=C3F1336B5DD10C00D91B556EC22580E221B93208,MD5=4A1195FB925BC6AE1DE497C25C56D064,SHA256=466427A13CA32840969B326032664657391A1E0C52B8550F2A2337B89F5AC333,IMPHASH=DAE02F32A21E03CE65412F6E56942DAA
Signed: true
Signature: Microsoft Windows
SignatureStatus: Valid
User: NT AUTHORITY\SYSTEM""",3,2024-11-30T12:46:54.311727200Z,61205,1760,DESKTOP-QGB4EQH,7,2356,INFORMATION,Microsoft-Windows-Sysmon,36,true,12,Binary loaded PowerShell automation library - Possible unmanaged Powershell execution by suspicious process,"[""sysmon"",""sysmon_eid7_detections"",""windows""]",92151, , ,windows_eventchannel,log,"Nov 30, 2024 @ 12:46:54.786",EventChannel,1732970814.4377785,"Nov 30, 2024 @ 12:46:54.786", , , , , , , , , , , , ,7832, , , , , , , , , , ,"[""PowerShell""]","[""T1059.001""]","[""Execution""]", , , ,System.Management.Automation.dll,C:\\Windows\\Microsoft.NET\\Framework\\v4.0.30319\\mscorsvw.exe,Microsoft (R) Windows (R) Operating System,Microsoft Windows,C:\\Windows\\Microsoft.NET\\assembly\\GAC_MSIL\\System.Management.Automation\\v4.0_3.0.0.0__31bf3856ad364e35\\System.Management.Automation.dll,System.Management.Automation,true,Valid,{15959494-093E-674B-3E09-000000000D00},2024-11-30 12:46:54.306,"SHA1=C3F1336B5DD10C00D91B556EC22580E221B93208,MD5=4A1195FB925BC6AE1DE497C25C56D064,SHA256=466427A13CA32840969B326032664657391A1E0C52B8550F2A2337B89F5AC333,IMPHASH=DAE02F32A21E03CE65412F6E56942DAA","technique_id=T1059.001,technique_name=PowerShell",Microsoft Corporation,10.0.17134.165,NT AUTHORITY\\SYSTEM, , , , , , , , , , , , , , , , , , , , , , , , , , , , , , , , , , , , , , , , , , , , , , , , , , , , , , , , , , , , , , , , , , , , , , , , , , , , , , , , , , , , , , , , , , , , , , , , , , , , , , , , , 
wazuh-alerts-4.x-2024.11.30,GvocfZMBRlc-D5DFJSKc,1,1,192.168.117.134,window-agent3,003,Maryam, ,11, ,0x8000000000000000,{5770385F-C22A-43E0-BF4C-06F5698FFBD9},4,Microsoft-Windows-Sysmon/Operational,0,"""File created:
RuleName: technique_id=T1574.010,technique_name=Services File Permissions Weakness
UtcTime: 2024-11-30 12:46:54.603
ProcessGuid: {15959494-093E-674B-3E09-000000000D00}
ProcessId: 7832
Image: C:\Windows\Microsoft.NET\Framework\v4.0.30319\mscorsvw.exe
TargetFilename: C:\Windows\assembly\NativeImages_v4.0.30319_32\Temp\1e98-0\Microsoft.PowerShell.Commands.Diagnostics.dll
CreationUtcTime: 2024-11-30 12:46:54.603
User: NT AUTHORITY\SYSTEM""",2,2024-11-30T12:46:54.608818300Z,61206,1760,DESKTOP-QGB4EQH,11,2356,INFORMATION,Microsoft-Windows-Sysmon,12,false,6,Executable dropped in Windows root folder,"[""sysmon"",""sysmon_eid11_detections"",""windows""]",92217, , ,windows_eventchannel,log,"Nov 30, 2024 @ 12:46:55.663",EventChannel,1732970815.4382989,"Nov 30, 2024 @ 12:46:55.663", , , , , , , , , , , , ,7832, , , , , , , , , , ,"[""Lateral Tool Transfer""]","[""T1570""]","[""Lateral Movement""]", , , , ,C:\\Windows\\Microsoft.NET\\Framework\\v4.0.30319\\mscorsvw.exe, , , , , , ,{15959494-093E-674B-3E09-000000000D00},2024-11-30 12:46:54.603, ,"technique_id=T1574.010,technique_name=Services File Permissions Weakness", , ,NT AUTHORITY\\SYSTEM, , , , , , , , , , , , , , , , , , , , , , , , , , , , , , , , , , , , ,C:\\Windows\\assembly\\NativeImages_v4.0.30319_32\\Temp\\1e98-0\\Microsoft.PowerShell.Commands.Diagnostics.dll,2024-11-30 12:46:54.603, , , , , , , , , , , , , , , , , , , , , , , , , , , , , , , , , , , , , , , , , , , , , , , , , , , , , , , , , , , , , , , , , , , 
wazuh-alerts-4.x-2024.11.30,I_ocfZMBRlc-D5DFLSJs,1,1,192.168.117.134,window-agent3,003,Maryam, ,7, ,0x8000000000000000,{5770385F-C22A-43E0-BF4C-06F5698FFBD9},4,Microsoft-Windows-Sysmon/Operational,0,"""Image loaded:
RuleName: technique_id=T1059.001,technique_name=PowerShell
UtcTime: 2024-11-30 12:46:57.072
ProcessGuid: {15959494-0940-674B-4309-000000000D00}
ProcessId: 7420
Image: C:\Windows\Microsoft.NET\Framework\v4.0.30319\mscorsvw.exe
ImageLoaded: C:\Windows\Microsoft.NET\assembly\GAC_MSIL\System.Management.Automation\v4.0_3.0.0.0__31bf3856ad364e35\System.Management.Automation.dll
FileVersion: 10.0.17134.165
Description: System.Management.Automation
Product: Microsoft (R) Windows (R) Operating System
Company: Microsoft Corporation
OriginalFileName: System.Management.Automation.dll
Hashes: SHA1=C3F1336B5DD10C00D91B556EC22580E221B93208,MD5=4A1195FB925BC6AE1DE497C25C56D064,SHA256=466427A13CA32840969B326032664657391A1E0C52B8550F2A2337B89F5AC333,IMPHASH=DAE02F32A21E03CE65412F6E56942DAA
Signed: true
Signature: Microsoft Windows
SignatureStatus: Valid
User: NT AUTHORITY\SYSTEM""",3,2024-11-30T12:46:57.079305400Z,61223,1760,DESKTOP-QGB4EQH,7,2356,INFORMATION,Microsoft-Windows-Sysmon,44,true,12,Binary loaded PowerShell automation library - Possible unmanaged Powershell execution by suspicious process,"[""sysmon"",""sysmon_eid7_detections"",""windows""]",92151, , ,windows_eventchannel,log,"Nov 30, 2024 @ 12:46:57.442",EventChannel,1732970817.4425819,"Nov 30, 2024 @ 12:46:57.442", , , , , , , , , , , , ,7420, , , , , , , , , , ,"[""PowerShell""]","[""T1059.001""]","[""Execution""]", , , ,System.Management.Automation.dll,C:\\Windows\\Microsoft.NET\\Framework\\v4.0.30319\\mscorsvw.exe,Microsoft (R) Windows (R) Operating System,Microsoft Windows,C:\\Windows\\Microsoft.NET\\assembly\\GAC_MSIL\\System.Management.Automation\\v4.0_3.0.0.0__31bf3856ad364e35\\System.Management.Automation.dll,System.Management.Automation,true,Valid,{15959494-0940-674B-4309-000000000D00},2024-11-30 12:46:57.072,"SHA1=C3F1336B5DD10C00D91B556EC22580E221B93208,MD5=4A1195FB925BC6AE1DE497C25C56D064,SHA256=466427A13CA32840969B326032664657391A1E0C52B8550F2A2337B89F5AC333,IMPHASH=DAE02F32A21E03CE65412F6E56942DAA","technique_id=T1059.001,technique_name=PowerShell",Microsoft Corporation,10.0.17134.165,NT AUTHORITY\\SYSTEM, , , , , , , , , , , , , , , , , , , , , , , , , , , , , , , , , , , , , , , , , , , , , , , , , , , , , , , , , , , , , , , , , , , , , , , , , , , , , , , , , , , , , , , , , , , , , , , , , , , , , , , , , 
wazuh-alerts-4.x-2024.11.30,efocfZMBRlc-D5DFqiKH,1,1,192.168.117.134,window-agent3,003,Maryam, ,11, ,0x8000000000000000,{5770385F-C22A-43E0-BF4C-06F5698FFBD9},4,Microsoft-Windows-Sysmon/Operational,0,"""File created:
RuleName: technique_id=T1574.010,technique_name=Services File Permissions Weakness
UtcTime: 2024-11-30 12:47:22.041
ProcessGuid: {15959494-0957-674B-AD09-000000000D00}
ProcessId: 6236
Image: C:\Windows\Microsoft.NET\Framework64\v4.0.30319\mscorsvw.exe
TargetFilename: C:\Windows\assembly\NativeImages_v2.0.50727_64\Temp\ZAP1240.tmp\System.Core.dll
CreationUtcTime: 2024-11-30 12:47:22.041
User: NT AUTHORITY\SYSTEM""",2,2024-11-30T12:47:22.049616500Z,61588,1760,DESKTOP-QGB4EQH,11,2356,INFORMATION,Microsoft-Windows-Sysmon,42,false,6,Executable dropped in Windows root folder,"[""sysmon"",""sysmon_eid11_detections"",""windows""]",92217, , ,windows_eventchannel,log,"Nov 30, 2024 @ 12:47:23.112",EventChannel,1732970843.4815232,"Nov 30, 2024 @ 12:47:23.112", , , , , , , , , , , , ,6236, , , , , , , , , , ,"[""Lateral Tool Transfer""]","[""T1570""]","[""Lateral Movement""]", , , , ,C:\\Windows\\Microsoft.NET\\Framework64\\v4.0.30319\\mscorsvw.exe, , , , , , ,{15959494-0957-674B-AD09-000000000D00},2024-11-30 12:47:22.041, ,"technique_id=T1574.010,technique_name=Services File Permissions Weakness", , ,NT AUTHORITY\\SYSTEM, , , , , , , , , , , , , , , , , , , , , , , , , , , , , , , , , , , , ,C:\\Windows\\assembly\\NativeImages_v2.0.50727_64\\Temp\\ZAP1240.tmp\\System.Core.dll,2024-11-30 12:47:22.041, , , , , , , , , , , , , , , , , , , , , , , , , , , , , , , , , , , , , , , , , , , , , , , , , , , , , , , , , , , , , , , , , , , 
wazuh-alerts-4.x-2024.11.30,f_ocfZMBRlc-D5DFqiKH,1,1,192.168.117.134,window-agent3,003,Maryam, ,7, ,0x8000000000000000,{5770385F-C22A-43E0-BF4C-06F5698FFBD9},4,Microsoft-Windows-Sysmon/Operational,0,"""Image loaded:
RuleName: technique_id=T1059.001,technique_name=PowerShell
UtcTime: 2024-11-30 12:47:28.181
ProcessGuid: {15959494-0960-674B-C809-000000000D00}
ProcessId: 688
Image: C:\Windows\Microsoft.NET\Framework64\v4.0.30319\mscorsvw.exe
ImageLoaded: C:\Windows\assembly\NativeImages_v4.0.30319_64\System.Manaa57fc8cc#\169c03b1d2d364a7d44737b3854923ed\System.Management.Automation.ni.dll
FileVersion: 10.0.17134.165
Description: System.Management.Automation
Product: Microsoft (R) Windows (R) Operating System
Company: Microsoft Corporation
OriginalFileName: System.Management.Automation.dll
Hashes: SHA1=78CC714A81AA79D9F05710B74E9F95EE28079874,MD5=EFC0913CAAB3F89DD279B50B36752C74,SHA256=3214556EE0A387A3FE44E27DAF2F35FA5297CFF4830CAB4D1769197D622667FB,IMPHASH=00000000000000000000000000000000
Signed: false
Signature: -
SignatureStatus: Unavailable
User: NT AUTHORITY\SYSTEM""",3,2024-11-30T12:47:28.253501200Z,61619,1756,DESKTOP-QGB4EQH,7,2356,INFORMATION,Microsoft-Windows-Sysmon,102,true,12,Binary loaded PowerShell automation library - Possible unmanaged Powershell execution by suspicious process,"[""sysmon"",""sysmon_eid7_detections"",""windows""]",92151, , ,windows_eventchannel,log,"Nov 30, 2024 @ 12:47:29.255",EventChannel,1732970849.4836187,"Nov 30, 2024 @ 12:47:29.255", , , , , , , , , , , , ,688, , , , , , , , , , ,"[""PowerShell""]","[""T1059.001""]","[""Execution""]", , , ,System.Management.Automation.dll,C:\\Windows\\Microsoft.NET\\Framework64\\v4.0.30319\\mscorsvw.exe,Microsoft (R) Windows (R) Operating System, ,C:\\Windows\\assembly\\NativeImages_v4.0.30319_64\\System.Manaa57fc8cc#\\169c03b1d2d364a7d44737b3854923ed\\System.Management.Automation.ni.dll,System.Management.Automation,false,Unavailable,{15959494-0960-674B-C809-000000000D00},2024-11-30 12:47:28.181,"SHA1=78CC714A81AA79D9F05710B74E9F95EE28079874,MD5=EFC0913CAAB3F89DD279B50B36752C74,SHA256=3214556EE0A387A3FE44E27DAF2F35FA5297CFF4830CAB4D1769197D622667FB,IMPHASH=00000000000000000000000000000000","technique_id=T1059.001,technique_name=PowerShell",Microsoft Corporation,10.0.17134.165,NT AUTHORITY\\SYSTEM, , , , , , , , , , , , , , , , , , , , , , , , , , , , , , , , , , , , , , , , , , , , , , , , , , , , , , , , , , , , , , , , , , , , , , , , , , , , , , , , , , , , , , , , , , , , , , , , , , , , , , , , , 
wazuh-alerts-4.x-2024.11.30,gPocfZMBRlc-D5DFqiKH,1,1,192.168.117.134,window-agent3,003,Maryam, ,11, ,0x8000000000000000,{5770385F-C22A-43E0-BF4C-06F5698FFBD9},4,Microsoft-Windows-Sysmon/Operational,0,"""File created:
RuleName: technique_id=T1574.010,technique_name=Services File Permissions Weakness
UtcTime: 2024-11-30 12:47:28.447
ProcessGuid: {15959494-0960-674B-C809-000000000D00}
ProcessId: 688
Image: C:\Windows\Microsoft.NET\Framework64\v4.0.30319\mscorsvw.exe
TargetFilename: C:\Windows\assembly\NativeImages_v4.0.30319_64\Temp\2b0-0\Microsoft.CertificateServices.PKIClient.Cmdlets.dll
CreationUtcTime: 2024-11-30 12:47:28.447
User: NT AUTHORITY\SYSTEM""",2,2024-11-30T12:47:28.458056900Z,61620,1760,DESKTOP-QGB4EQH,11,2356,INFORMATION,Microsoft-Windows-Sysmon,47,false,6,Executable dropped in Windows root folder,"[""sysmon"",""sysmon_eid11_detections"",""windows""]",92217, , ,windows_eventchannel,log,"Nov 30, 2024 @ 12:47:29.270",EventChannel,1732970849.4841315,"Nov 30, 2024 @ 12:47:29.270", , , , , , , , , , , , ,688, , , , , , , , , , ,"[""Lateral Tool Transfer""]","[""T1570""]","[""Lateral Movement""]", , , , ,C:\\Windows\\Microsoft.NET\\Framework64\\v4.0.30319\\mscorsvw.exe, , , , , , ,{15959494-0960-674B-C809-000000000D00},2024-11-30 12:47:28.447, ,"technique_id=T1574.010,technique_name=Services File Permissions Weakness", , ,NT AUTHORITY\\SYSTEM, , , , , , , , , , , , , , , , , , , , , , , , , , , , , , , , , , , , ,C:\\Windows\\assembly\\NativeImages_v4.0.30319_64\\Temp\\2b0-0\\Microsoft.CertificateServices.PKIClient.Cmdlets.dll,2024-11-30 12:47:28.447, , , , , , , , , , , , , , , , , , , , , , , , , , , , , , , , , , , , , , , , , , , , , , , , , , , , , , , , , , , , , , , , , , , 
wazuh-alerts-4.x-2024.11.30,g_ocfZMBRlc-D5DFriJu,1,1,192.168.117.134,window-agent3,003,Maryam, ,11, ,0x8000000000000000,{5770385F-C22A-43E0-BF4C-06F5698FFBD9},4,Microsoft-Windows-Sysmon/Operational,0,"""File created:
RuleName: technique_id=T1574.010,technique_name=Services File Permissions Weakness
UtcTime: 2024-11-30 12:47:29.260
ProcessGuid: {15959494-0960-674B-CA09-000000000D00}
ProcessId: 2908
Image: C:\Windows\Microsoft.NET\Framework64\v4.0.30319\mscorsvw.exe
TargetFilename: C:\Windows\assembly\NativeImages_v4.0.30319_64\Temp\b5c-0\Microsoft.ConfigCI.Commands.dll
CreationUtcTime: 2024-11-30 12:47:29.260
User: NT AUTHORITY\SYSTEM""",2,2024-11-30T12:47:29.273530500Z,61627,1760,DESKTOP-QGB4EQH,11,2356,INFORMATION,Microsoft-Windows-Sysmon,48,false,6,Executable dropped in Windows root folder,"[""sysmon"",""sysmon_eid11_detections"",""windows""]",92217, , ,windows_eventchannel,log,"Nov 30, 2024 @ 12:47:30.334",EventChannel,1732970850.4854822,"Nov 30, 2024 @ 12:47:30.334", , , , , , , , , , , , ,2908, , , , , , , , , , ,"[""Lateral Tool Transfer""]","[""T1570""]","[""Lateral Movement""]", , , , ,C:\\Windows\\Microsoft.NET\\Framework64\\v4.0.30319\\mscorsvw.exe, , , , , , ,{15959494-0960-674B-CA09-000000000D00},2024-11-30 12:47:29.260, ,"technique_id=T1574.010,technique_name=Services File Permissions Weakness", , ,NT AUTHORITY\\SYSTEM, , , , , , , , , , , , , , , , , , , , , , , , , , , , , , , , , , , , ,C:\\Windows\\assembly\\NativeImages_v4.0.30319_64\\Temp\\b5c-0\\Microsoft.ConfigCI.Commands.dll,2024-11-30 12:47:29.260, , , , , , , , , , , , , , , , , , , , , , , , , , , , , , , , , , , , , , , , , , , , , , , , , , , , , , , , , , , , , , , , , , , 
wazuh-alerts-4.x-2024.11.30,CPobfZMBRlc-D5DF-iKf,1,1,192.168.117.134,window-agent3,003,Maryam, ,7, ,0x8000000000000000,{5770385F-C22A-43E0-BF4C-06F5698FFBD9},4,Microsoft-Windows-Sysmon/Operational,0,"""Image loaded:
RuleName: technique_id=T1059.001,technique_name=PowerShell
UtcTime: 2024-11-30 12:46:43.069
ProcessGuid: {15959494-0932-674B-2E09-000000000D00}
ProcessId: 3404
Image: C:\Windows\Microsoft.NET\Framework\v4.0.30319\mscorsvw.exe
ImageLoaded: C:\Windows\Microsoft.NET\assembly\GAC_MSIL\System.Management.Automation\v4.0_3.0.0.0__31bf3856ad364e35\System.Management.Automation.dll
FileVersion: 10.0.17134.165
Description: System.Management.Automation
Product: Microsoft (R) Windows (R) Operating System
Company: Microsoft Corporation
OriginalFileName: System.Management.Automation.dll
Hashes: SHA1=C3F1336B5DD10C00D91B556EC22580E221B93208,MD5=4A1195FB925BC6AE1DE497C25C56D064,SHA256=466427A13CA32840969B326032664657391A1E0C52B8550F2A2337B89F5AC333,IMPHASH=DAE02F32A21E03CE65412F6E56942DAA
Signed: true
Signature: Microsoft Windows
SignatureStatus: Valid
User: NT AUTHORITY\SYSTEM""",3,2024-11-30T12:46:43.099420600Z,61148,1756,DESKTOP-QGB4EQH,7,2356,INFORMATION,Microsoft-Windows-Sysmon,26,true,12,Binary loaded PowerShell automation library - Possible unmanaged Powershell execution by suspicious process,"[""sysmon"",""sysmon_eid7_detections"",""windows""]",92151, , ,windows_eventchannel,log,"Nov 30, 2024 @ 12:46:44.147",EventChannel,1732970804.4303536,"Nov 30, 2024 @ 12:46:44.147", , , , , , , , , , , , ,3404, , , , , , , , , , ,"[""PowerShell""]","[""T1059.001""]","[""Execution""]", , , ,System.Management.Automation.dll,C:\\Windows\\Microsoft.NET\\Framework\\v4.0.30319\\mscorsvw.exe,Microsoft (R) Windows (R) Operating System,Microsoft Windows,C:\\Windows\\Microsoft.NET\\assembly\\GAC_MSIL\\System.Management.Automation\\v4.0_3.0.0.0__31bf3856ad364e35\\System.Management.Automation.dll,System.Management.Automation,true,Valid,{15959494-0932-674B-2E09-000000000D00},2024-11-30 12:46:43.069,"SHA1=C3F1336B5DD10C00D91B556EC22580E221B93208,MD5=4A1195FB925BC6AE1DE497C25C56D064,SHA256=466427A13CA32840969B326032664657391A1E0C52B8550F2A2337B89F5AC333,IMPHASH=DAE02F32A21E03CE65412F6E56942DAA","technique_id=T1059.001,technique_name=PowerShell",Microsoft Corporation,10.0.17134.165,NT AUTHORITY\\SYSTEM, , , , , , , , , , , , , , , , , , , , , , , , , , , , , , , , , , , , , , , , , , , , , , , , , , , , , , , , , , , , , , , , , , , , , , , , , , , , , , , , , , , , , , , , , , , , , , , , , , , , , , , , , 
wazuh-alerts-4.x-2024.11.30,DPocfZMBRlc-D5DFBiJU,1,1,192.168.117.134,window-agent3,003,Maryam, ,11, ,0x8000000000000000,{5770385F-C22A-43E0-BF4C-06F5698FFBD9},4,Microsoft-Windows-Sysmon/Operational,0,"""File created:
RuleName: technique_id=T1574.010,technique_name=Services File Permissions Weakness
UtcTime: 2024-11-30 12:46:45.022
ProcessGuid: {15959494-0934-674B-3109-000000000D00}
ProcessId: 3968
Image: C:\Windows\Microsoft.NET\Framework\v4.0.30319\mscorsvw.exe
TargetFilename: C:\Windows\assembly\NativeImages_v4.0.30319_32\Temp\f80-0\Microsoft.GroupPolicy.AdmTmplEditor.dll
CreationUtcTime: 2024-11-30 12:46:45.022
User: NT AUTHORITY\SYSTEM""",2,2024-11-30T12:46:45.032594200Z,61157,1760,DESKTOP-QGB4EQH,11,2356,INFORMATION,Microsoft-Windows-Sysmon,6,false,6,Executable dropped in Windows root folder,"[""sysmon"",""sysmon_eid11_detections"",""windows""]",92217, , ,windows_eventchannel,log,"Nov 30, 2024 @ 12:46:45.457",EventChannel,1732970805.4322295,"Nov 30, 2024 @ 12:46:45.457", , , , , , , , , , , , ,3968, , , , , , , , , , ,"[""Lateral Tool Transfer""]","[""T1570""]","[""Lateral Movement""]", , , , ,C:\\Windows\\Microsoft.NET\\Framework\\v4.0.30319\\mscorsvw.exe, , , , , , ,{15959494-0934-674B-3109-000000000D00},2024-11-30 12:46:45.022, ,"technique_id=T1574.010,technique_name=Services File Permissions Weakness", , ,NT AUTHORITY\\SYSTEM, , , , , , , , , , , , , , , , , , , , , , , , , , , , , , , , , , , , ,C:\\Windows\\assembly\\NativeImages_v4.0.30319_32\\Temp\\f80-0\\Microsoft.GroupPolicy.AdmTmplEditor.dll,2024-11-30 12:46:45.022, , , , , , , , , , , , , , , , , , , , , , , , , , , , , , , , , , , , , , , , , , , , , , , , , , , , , , , , , , , , , , , , , , , 
wazuh-alerts-4.x-2024.11.30,EfocfZMBRlc-D5DFGSLi,1,1,192.168.117.134,window-agent3,003,Maryam, ,7, ,0x8000000000000000,{5770385F-C22A-43E0-BF4C-06F5698FFBD9},4,Microsoft-Windows-Sysmon/Operational,0,"""Image loaded:
RuleName: technique_id=T1059.001,technique_name=PowerShell
UtcTime: 2024-11-30 12:46:51.072
ProcessGuid: {15959494-093A-674B-3B09-000000000D00}
ProcessId: 3052
Image: C:\Windows\Microsoft.NET\Framework\v4.0.30319\mscorsvw.exe
ImageLoaded: C:\Windows\Microsoft.NET\assembly\GAC_MSIL\System.Management.Automation\v4.0_3.0.0.0__31bf3856ad364e35\System.Management.Automation.dll
FileVersion: 10.0.17134.165
Description: System.Management.Automation
Product: Microsoft (R) Windows (R) Operating System
Company: Microsoft Corporation
OriginalFileName: System.Management.Automation.dll
Hashes: SHA1=C3F1336B5DD10C00D91B556EC22580E221B93208,MD5=4A1195FB925BC6AE1DE497C25C56D064,SHA256=466427A13CA32840969B326032664657391A1E0C52B8550F2A2337B89F5AC333,IMPHASH=DAE02F32A21E03CE65412F6E56942DAA
Signed: true
Signature: Microsoft Windows
SignatureStatus: Valid
User: NT AUTHORITY\SYSTEM""",3,2024-11-30T12:46:51.073508000Z,61184,1760,DESKTOP-QGB4EQH,7,2356,INFORMATION,Microsoft-Windows-Sysmon,29,true,12,Binary loaded PowerShell automation library - Possible unmanaged Powershell execution by suspicious process,"[""sysmon"",""sysmon_eid7_detections"",""windows""]",92151, , ,windows_eventchannel,log,"Nov 30, 2024 @ 12:46:51.895",EventChannel,1732970811.4338190,"Nov 30, 2024 @ 12:46:51.895", , , , , , , , , , , , ,3052, , , , , , , , , , ,"[""PowerShell""]","[""T1059.001""]","[""Execution""]", , , ,System.Management.Automation.dll,C:\\Windows\\Microsoft.NET\\Framework\\v4.0.30319\\mscorsvw.exe,Microsoft (R) Windows (R) Operating System,Microsoft Windows,C:\\Windows\\Microsoft.NET\\assembly\\GAC_MSIL\\System.Management.Automation\\v4.0_3.0.0.0__31bf3856ad364e35\\System.Management.Automation.dll,System.Management.Automation,true,Valid,{15959494-093A-674B-3B09-000000000D00},2024-11-30 12:46:51.072,"SHA1=C3F1336B5DD10C00D91B556EC22580E221B93208,MD5=4A1195FB925BC6AE1DE497C25C56D064,SHA256=466427A13CA32840969B326032664657391A1E0C52B8550F2A2337B89F5AC333,IMPHASH=DAE02F32A21E03CE65412F6E56942DAA","technique_id=T1059.001,technique_name=PowerShell",Microsoft Corporation,10.0.17134.165,NT AUTHORITY\\SYSTEM, , , , , , , , , , , , , , , , , , , , , , , , , , , , , , , , , , , , , , , , , , , , , , , , , , , , , , , , , , , , , , , , , , , , , , , , , , , , , , , , , , , , , , , , , , , , , , , , , , , , , , , , , 
wazuh-alerts-4.x-2024.11.30,ifocfZMBRlc-D5DFxSLi,1,1,192.168.117.134,window-agent3,003,Maryam,"2024-12-01T06:21:34Z, RulesEngine",16384,Software Protection Platform Service,0x80000000000000,{E23B33B0-C8C9-472C-A5F9-F2BDFEA0F156},4,Application,0,"""Successfully scheduled Software Protection service for re-start at 2024-12-01T06:21:34Z. Reason: RulesEngine.""",0,2024-11-30T12:47:34.666176500Z,2178,0,DESKTOP-QGB4EQH,0,0,INFORMATION,Microsoft-Windows-Security-SPP,1,false,3,Software protection service scheduled successfully.,"[""windows"",""windows_application""]",60642, , ,windows_eventchannel,log,"Nov 30, 2024 @ 12:47:34.736",EventChannel,1732970854.4877790,"Nov 30, 2024 @ 12:47:34.736", , , , , , , , , , , , , , , , , , , , , , , , , , , , , , , , , , , , , , , , , , , , , , , , , , , , , , , , , , , , , , , , , , , , , , , , , , , , , , , , , , , , , , , , , , , , , , , , , , , , , , , , , , , , , , , , , , , , , , , , , , , , , , , , , , , , , , , , , , , , , , , , , , , , , 
wazuh-alerts-4.x-2024.11.30,i_ocfZMBRlc-D5DFxSLi,1,1,192.168.117.134,window-agent3,003,Maryam, ,11, ,0x8000000000000000,{5770385F-C22A-43E0-BF4C-06F5698FFBD9},4,Microsoft-Windows-Sysmon/Operational,0,"""File created:
RuleName: technique_id=T1574.010,technique_name=Services File Permissions Weakness
UtcTime: 2024-11-30 12:47:35.135
ProcessGuid: {15959494-0963-674B-D209-000000000D00}
ProcessId: 6252
Image: C:\Windows\Microsoft.NET\Framework64\v4.0.30319\mscorsvw.exe
TargetFilename: C:\Windows\assembly\NativeImages_v4.0.30319_64\Temp\186c-0\Microsoft.GroupPolicy.Reporting.dll
CreationUtcTime: 2024-11-30 12:47:35.135
User: NT AUTHORITY\SYSTEM""",2,2024-11-30T12:47:35.145319800Z,61654,1760,DESKTOP-QGB4EQH,11,2356,INFORMATION,Microsoft-Windows-Sysmon,52,false,6,Executable dropped in Windows root folder,"[""sysmon"",""sysmon_eid11_detections"",""windows""]",92217, , ,windows_eventchannel,log,"Nov 30, 2024 @ 12:47:35.458",EventChannel,1732970855.4884006,"Nov 30, 2024 @ 12:47:35.458", , , , , , , , , , , , ,6252, , , , , , , , , , ,"[""Lateral Tool Transfer""]","[""T1570""]","[""Lateral Movement""]", , , , ,C:\\Windows\\Microsoft.NET\\Framework64\\v4.0.30319\\mscorsvw.exe, , , , , , ,{15959494-0963-674B-D209-000000000D00},2024-11-30 12:47:35.135, ,"technique_id=T1574.010,technique_name=Services File Permissions Weakness", , ,NT AUTHORITY\\SYSTEM, , , , , , , , , , , , , , , , , , , , , , , , , , , , , , , , , , , , ,C:\\Windows\\assembly\\NativeImages_v4.0.30319_64\\Temp\\186c-0\\Microsoft.GroupPolicy.Reporting.dll,2024-11-30 12:47:35.135, , , , , , , , , , , , , , , , , , , , , , , , , , , , , , , , , , , , , , , , , , , , , , , , , , , , , , , , , , , , , , , , , , , 
wazuh-alerts-4.x-2024.11.30,jvocfZMBRlc-D5DFySLN,1,1,192.168.117.134,window-agent3,003,Maryam, ,11, ,0x8000000000000000,{5770385F-C22A-43E0-BF4C-06F5698FFBD9},4,Microsoft-Windows-Sysmon/Operational,0,"""File created:
RuleName: technique_id=T1574.010,technique_name=Services File Permissions Weakness
UtcTime: 2024-11-30 12:47:35.996
ProcessGuid: {15959494-0967-674B-D409-000000000D00}
ProcessId: 8108
Image: C:\Windows\Microsoft.NET\Framework64\v4.0.30319\mscorsvw.exe
TargetFilename: C:\Windows\assembly\NativeImages_v4.0.30319_64\Temp\1fac-0\Microsoft.InternationalSettings.Commands.dll
CreationUtcTime: 2024-11-30 12:47:35.996
User: NT AUTHORITY\SYSTEM""",2,2024-11-30T12:47:36.004268900Z,61661,1760,DESKTOP-QGB4EQH,11,2356,INFORMATION,Microsoft-Windows-Sysmon,53,false,6,Executable dropped in Windows root folder,"[""sysmon"",""sysmon_eid11_detections"",""windows""]",92217, , ,windows_eventchannel,log,"Nov 30, 2024 @ 12:47:36.632",EventChannel,1732970856.4897457,"Nov 30, 2024 @ 12:47:36.632", , , , , , , , , , , , ,8108, , , , , , , , , , ,"[""Lateral Tool Transfer""]","[""T1570""]","[""Lateral Movement""]", , , , ,C:\\Windows\\Microsoft.NET\\Framework64\\v4.0.30319\\mscorsvw.exe, , , , , , ,{15959494-0967-674B-D409-000000000D00},2024-11-30 12:47:35.996, ,"technique_id=T1574.010,technique_name=Services File Permissions Weakness", , ,NT AUTHORITY\\SYSTEM, , , , , , , , , , , , , , , , , , , , , , , , , , , , , , , , , , , , ,C:\\Windows\\assembly\\NativeImages_v4.0.30319_64\\Temp\\1fac-0\\Microsoft.InternationalSettings.Commands.dll,2024-11-30 12:47:35.996, , , , , , , , , , , , , , , , , , , , , , , , , , , , , , , , , , , , , , , , , , , , , , , , , , , , , , , , , , , , , , , , , , , 
wazuh-alerts-4.x-2024.11.30,1PodfZMBRlc-D5DFWiJm,1,1,192.168.117.134,window-agent3,003,Maryam, ,11, ,0x8000000000000000,{5770385F-C22A-43E0-BF4C-06F5698FFBD9},4,Microsoft-Windows-Sysmon/Operational,0,"""File created:
RuleName: technique_id=T1574.010,technique_name=Services File Permissions Weakness
UtcTime: 2024-11-30 12:48:12.881
ProcessGuid: {15959494-098C-674B-150A-000000000D00}
ProcessId: 2460
Image: C:\Windows\Microsoft.NET\Framework64\v4.0.30319\mscorsvw.exe
TargetFilename: C:\Windows\assembly\NativeImages_v4.0.30319_64\Temp\99c-0\Microsoft.Security.ApplicationId.PolicyManagement.PolicyModel.dll
CreationUtcTime: 2024-11-30 12:48:12.866
User: NT AUTHORITY\SYSTEM""",2,2024-11-30T12:48:12.882219300Z,61920,1760,DESKTOP-QGB4EQH,11,2356,INFORMATION,Microsoft-Windows-Sysmon,81,false,6,Executable dropped in Windows root folder,"[""sysmon"",""sysmon_eid11_detections"",""windows""]",92217, , ,windows_eventchannel,log,"Nov 30, 2024 @ 12:48:13.847",EventChannel,1732970893.5205273,"Nov 30, 2024 @ 12:48:13.847", , , , , , , , , , , , ,2460, , , , , , , , , , ,"[""Lateral Tool Transfer""]","[""T1570""]","[""Lateral Movement""]", , , , ,C:\\Windows\\Microsoft.NET\\Framework64\\v4.0.30319\\mscorsvw.exe, , , , , , ,{15959494-098C-674B-150A-000000000D00},2024-11-30 12:48:12.881, ,"technique_id=T1574.010,technique_name=Services File Permissions Weakness", , ,NT AUTHORITY\\SYSTEM, , , , , , , , , , , , , , , , , , , , , , , , , , , , , , , , , , , , ,C:\\Windows\\assembly\\NativeImages_v4.0.30319_64\\Temp\\99c-0\\Microsoft.Security.ApplicationId.PolicyManagement.PolicyModel.dll,2024-11-30 12:48:12.866, , , , , , , , , , , , , , , , , , , , , , , , , , , , , , , , , , , , , , , , , , , , , , , , , , , , , , , , , , , , , , , , , , , 
wazuh-alerts-4.x-2024.11.30,1vodfZMBRlc-D5DFWiJm,1,1,192.168.117.134,window-agent3,003,Maryam, ,11, ,0x8000000000000000,{5770385F-C22A-43E0-BF4C-06F5698FFBD9},4,Microsoft-Windows-Sysmon/Operational,0,"""File created:
RuleName: technique_id=T1574.010,technique_name=Services File Permissions Weakness
UtcTime: 2024-11-30 12:48:13.756
ProcessGuid: {15959494-098D-674B-190A-000000000D00}
ProcessId: 4832
Image: C:\Windows\Microsoft.NET\Framework64\v4.0.30319\mscorsvw.exe
TargetFilename: C:\Windows\assembly\NativeImages_v4.0.30319_64\Temp\12e0-0\Microsoft.Security.ApplicationId.Wizards.AutomaticRuleGenerationWizard.dll
CreationUtcTime: 2024-11-30 12:48:13.756
User: NT AUTHORITY\SYSTEM""",2,2024-11-30T12:48:13.771568400Z,61934,1760,DESKTOP-QGB4EQH,11,2356,INFORMATION,Microsoft-Windows-Sysmon,83,false,6,Executable dropped in Windows root folder,"[""sysmon"",""sysmon_eid11_detections"",""windows""]",92217, , ,windows_eventchannel,log,"Nov 30, 2024 @ 12:48:14.095",EventChannel,1732970894.5211875,"Nov 30, 2024 @ 12:48:14.095", , , , , , , , , , , , ,4832, , , , , , , , , , ,"[""Lateral Tool Transfer""]","[""T1570""]","[""Lateral Movement""]", , , , ,C:\\Windows\\Microsoft.NET\\Framework64\\v4.0.30319\\mscorsvw.exe, , , , , , ,{15959494-098D-674B-190A-000000000D00},2024-11-30 12:48:13.756, ,"technique_id=T1574.010,technique_name=Services File Permissions Weakness", , ,NT AUTHORITY\\SYSTEM, , , , , , , , , , , , , , , , , , , , , , , , , , , , , , , , , , , , ,C:\\Windows\\assembly\\NativeImages_v4.0.30319_64\\Temp\\12e0-0\\Microsoft.Security.ApplicationId.Wizards.AutomaticRuleGenerationWizard.dll,2024-11-30 12:48:13.756, , , , , , , , , , , , , , , , , , , , , , , , , , , , , , , , , , , , , , , , , , , , , , , , , , , , , , , , , , , , , , , , , , , 
wazuh-alerts-4.x-2024.11.30,2fodfZMBRlc-D5DFXiJO,1,1,192.168.117.134,window-agent3,003,Maryam, ,11, ,0x8000000000000000,{5770385F-C22A-43E0-BF4C-06F5698FFBD9},4,Microsoft-Windows-Sysmon/Operational,0,"""File created:
RuleName: technique_id=T1574.010,technique_name=Services File Permissions Weakness
UtcTime: 2024-11-30 12:48:14.209
ProcessGuid: {15959494-098E-674B-1B0A-000000000D00}
ProcessId: 7428
Image: C:\Windows\Microsoft.NET\Framework64\v4.0.30319\mscorsvw.exe
TargetFilename: C:\Windows\assembly\NativeImages_v4.0.30319_64\Temp\1d04-0\Microsoft.Tpm.Commands.dll
CreationUtcTime: 2024-11-30 12:48:14.209
User: NT AUTHORITY\SYSTEM""",2,2024-11-30T12:48:14.215313500Z,61942,1760,DESKTOP-QGB4EQH,11,2356,INFORMATION,Microsoft-Windows-Sysmon,84,false,6,Executable dropped in Windows root folder,"[""sysmon"",""sysmon_eid11_detections"",""windows""]",92217, , ,windows_eventchannel,log,"Nov 30, 2024 @ 12:48:14.955",EventChannel,1732970894.5225482,"Nov 30, 2024 @ 12:48:14.955", , , , , , , , , , , , ,7428, , , , , , , , , , ,"[""Lateral Tool Transfer""]","[""T1570""]","[""Lateral Movement""]", , , , ,C:\\Windows\\Microsoft.NET\\Framework64\\v4.0.30319\\mscorsvw.exe, , , , , , ,{15959494-098E-674B-1B0A-000000000D00},2024-11-30 12:48:14.209, ,"technique_id=T1574.010,technique_name=Services File Permissions Weakness", , ,NT AUTHORITY\\SYSTEM, , , , , , , , , , , , , , , , , , , , , , , , , , , , , , , , , , , , ,C:\\Windows\\assembly\\NativeImages_v4.0.30319_64\\Temp\\1d04-0\\Microsoft.Tpm.Commands.dll,2024-11-30 12:48:14.209, , , , , , , , , , , , , , , , , , , , , , , , , , , , , , , , , , , , , , , , , , , , , , , , , , , , , , , , , , , , , , , , , , , 
wazuh-alerts-4.x-2024.11.30,3PodfZMBRlc-D5DFXiJO,1,1,192.168.117.134,window-agent3,003,Maryam, ,11, ,0x8000000000000000,{5770385F-C22A-43E0-BF4C-06F5698FFBD9},4,Microsoft-Windows-Sysmon/Operational,0,"""File created:
RuleName: technique_id=T1574.010,technique_name=Services File Permissions Weakness
UtcTime: 2024-11-30 12:48:14.444
ProcessGuid: {15959494-098E-674B-1D0A-000000000D00}
ProcessId: 7112
Image: C:\Windows\Microsoft.NET\Framework64\v4.0.30319\mscorsvw.exe
TargetFilename: C:\Windows\assembly\NativeImages_v4.0.30319_64\Temp\1bc8-0\Microsoft.Windows.Diagnosis.Commands.GetDiagInput.dll
CreationUtcTime: 2024-11-30 12:48:14.444
User: NT AUTHORITY\SYSTEM""",2,2024-11-30T12:48:14.453365900Z,61949,1760,DESKTOP-QGB4EQH,11,2356,INFORMATION,Microsoft-Windows-Sysmon,85,false,6,Executable dropped in Windows root folder,"[""sysmon"",""sysmon_eid11_detections"",""windows""]",92217, , ,windows_eventchannel,log,"Nov 30, 2024 @ 12:48:15.082",EventChannel,1732970895.5238897,"Nov 30, 2024 @ 12:48:15.082", , , , , , , , , , , , ,7112, , , , , , , , , , ,"[""Lateral Tool Transfer""]","[""T1570""]","[""Lateral Movement""]", , , , ,C:\\Windows\\Microsoft.NET\\Framework64\\v4.0.30319\\mscorsvw.exe, , , , , , ,{15959494-098E-674B-1D0A-000000000D00},2024-11-30 12:48:14.444, ,"technique_id=T1574.010,technique_name=Services File Permissions Weakness", , ,NT AUTHORITY\\SYSTEM, , , , , , , , , , , , , , , , , , , , , , , , , , , , , , , , , , , , ,C:\\Windows\\assembly\\NativeImages_v4.0.30319_64\\Temp\\1bc8-0\\Microsoft.Windows.Diagnosis.Commands.GetDiagInput.dll,2024-11-30 12:48:14.444, , , , , , , , , , , , , , , , , , , , , , , , , , , , , , , , , , , , , , , , , , , , , , , , , , , , , , , , , , , , , , , , , , , 
wazuh-alerts-4.x-2024.11.30,4fodfZMBRlc-D5DFYiI3,1,1,192.168.117.134,window-agent3,003,Maryam, ,7, ,0x8000000000000000,{5770385F-C22A-43E0-BF4C-06F5698FFBD9},4,Microsoft-Windows-Sysmon/Operational,0,"""Image loaded:
RuleName: technique_id=T1059.001,technique_name=PowerShell
UtcTime: 2024-11-30 12:48:15.100
ProcessGuid: {15959494-098F-674B-210A-000000000D00}
ProcessId: 368
Image: C:\Windows\Microsoft.NET\Framework64\v4.0.30319\mscorsvw.exe
ImageLoaded: C:\Windows\assembly\NativeImages_v4.0.30319_64\System.Manaa57fc8cc#\169c03b1d2d364a7d44737b3854923ed\System.Management.Automation.ni.dll
FileVersion: 10.0.17134.165
Description: System.Management.Automation
Product: Microsoft (R) Windows (R) Operating System
Company: Microsoft Corporation
OriginalFileName: System.Management.Automation.dll
Hashes: SHA1=78CC714A81AA79D9F05710B74E9F95EE28079874,MD5=EFC0913CAAB3F89DD279B50B36752C74,SHA256=3214556EE0A387A3FE44E27DAF2F35FA5297CFF4830CAB4D1769197D622667FB,IMPHASH=00000000000000000000000000000000
Signed: false
Signature: -
SignatureStatus: Unavailable
User: NT AUTHORITY\SYSTEM""",3,2024-11-30T12:48:15.113376500Z,61968,1760,DESKTOP-QGB4EQH,7,2356,INFORMATION,Microsoft-Windows-Sysmon,157,true,12,Binary loaded PowerShell automation library - Possible unmanaged Powershell execution by suspicious process,"[""sysmon"",""sysmon_eid7_detections"",""windows""]",92151, , ,windows_eventchannel,log,"Nov 30, 2024 @ 12:48:16.032",EventChannel,1732970896.5260815,"Nov 30, 2024 @ 12:48:16.032", , , , , , , , , , , , ,368, , , , , , , , , , ,"[""PowerShell""]","[""T1059.001""]","[""Execution""]", , , ,System.Management.Automation.dll,C:\\Windows\\Microsoft.NET\\Framework64\\v4.0.30319\\mscorsvw.exe,Microsoft (R) Windows (R) Operating System, ,C:\\Windows\\assembly\\NativeImages_v4.0.30319_64\\System.Manaa57fc8cc#\\169c03b1d2d364a7d44737b3854923ed\\System.Management.Automation.ni.dll,System.Management.Automation,false,Unavailable,{15959494-098F-674B-210A-000000000D00},2024-11-30 12:48:15.100,"SHA1=78CC714A81AA79D9F05710B74E9F95EE28079874,MD5=EFC0913CAAB3F89DD279B50B36752C74,SHA256=3214556EE0A387A3FE44E27DAF2F35FA5297CFF4830CAB4D1769197D622667FB,IMPHASH=00000000000000000000000000000000","technique_id=T1059.001,technique_name=PowerShell",Microsoft Corporation,10.0.17134.165,NT AUTHORITY\\SYSTEM, , , , , , , , , , , , , , , , , , , , , , , , , , , , , , , , , , , , , , , , , , , , , , , , , , , , , , , , , , , , , , , , , , , , , , , , , , , , , , , , , , , , , , , , , , , , , , , , , , , , , , , , , 
wazuh-alerts-4.x-2024.11.30,4vodfZMBRlc-D5DFYiI3,1,1,192.168.117.134,window-agent3,003,Maryam, ,11, ,0x8000000000000000,{5770385F-C22A-43E0-BF4C-06F5698FFBD9},4,Microsoft-Windows-Sysmon/Operational,0,"""File created:
RuleName: technique_id=T1574.010,technique_name=Services File Permissions Weakness
UtcTime: 2024-11-30 12:48:15.115
ProcessGuid: {15959494-098F-674B-210A-000000000D00}
ProcessId: 368
Image: C:\Windows\Microsoft.NET\Framework64\v4.0.30319\mscorsvw.exe
TargetFilename: C:\Windows\assembly\NativeImages_v4.0.30319_64\Temp\170-0\Microsoft.Windows.Diagnosis.Commands.UpdateDiagRootcause.dll
CreationUtcTime: 2024-11-30 12:48:15.115
User: NT AUTHORITY\SYSTEM""",2,2024-11-30T12:48:15.125588200Z,61969,1760,DESKTOP-QGB4EQH,11,2356,INFORMATION,Microsoft-Windows-Sysmon,87,false,6,Executable dropped in Windows root folder,"[""sysmon"",""sysmon_eid11_detections"",""windows""]",92217, , ,windows_eventchannel,log,"Nov 30, 2024 @ 12:48:16.048",EventChannel,1732970896.5265943,"Nov 30, 2024 @ 12:48:16.048", , , , , , , , , , , , ,368, , , , , , , , , , ,"[""Lateral Tool Transfer""]","[""T1570""]","[""Lateral Movement""]", , , , ,C:\\Windows\\Microsoft.NET\\Framework64\\v4.0.30319\\mscorsvw.exe, , , , , , ,{15959494-098F-674B-210A-000000000D00},2024-11-30 12:48:15.115, ,"technique_id=T1574.010,technique_name=Services File Permissions Weakness", , ,NT AUTHORITY\\SYSTEM, , , , , , , , , , , , , , , , , , , , , , , , , , , , , , , , , , , , ,C:\\Windows\\assembly\\NativeImages_v4.0.30319_64\\Temp\\170-0\\Microsoft.Windows.Diagnosis.Commands.UpdateDiagRootcause.dll,2024-11-30 12:48:15.115, , , , , , , , , , , , , , , , , , , , , , , , , , , , , , , , , , , , , , , , , , , , , , , , , , , , , , , , , , , , , , , , , , , 
wazuh-alerts-4.x-2024.11.30,4_odfZMBRlc-D5DFYiI3,1,1,192.168.117.134,window-agent3,003,Maryam, ,7, ,0x8000000000000000,{5770385F-C22A-43E0-BF4C-06F5698FFBD9},4,Microsoft-Windows-Sysmon/Operational,0,"""Image loaded:
RuleName: technique_id=T1059.001,technique_name=PowerShell
UtcTime: 2024-11-30 12:48:15.210
ProcessGuid: {15959494-098F-674B-220A-000000000D00}
ProcessId: 4004
Image: C:\Windows\Microsoft.NET\Framework64\v4.0.30319\mscorsvw.exe
ImageLoaded: C:\Windows\assembly\NativeImages_v4.0.30319_64\System.Manaa57fc8cc#\169c03b1d2d364a7d44737b3854923ed\System.Management.Automation.ni.dll
FileVersion: 10.0.17134.165
Description: System.Management.Automation
Product: Microsoft (R) Windows (R) Operating System
Company: Microsoft Corporation
OriginalFileName: System.Management.Automation.dll
Hashes: SHA1=78CC714A81AA79D9F05710B74E9F95EE28079874,MD5=EFC0913CAAB3F89DD279B50B36752C74,SHA256=3214556EE0A387A3FE44E27DAF2F35FA5297CFF4830CAB4D1769197D622667FB,IMPHASH=00000000000000000000000000000000
Signed: false
Signature: -
SignatureStatus: Unavailable
User: NT AUTHORITY\SYSTEM""",3,2024-11-30T12:48:15.223913000Z,61973,1760,DESKTOP-QGB4EQH,7,2356,INFORMATION,Microsoft-Windows-Sysmon,158,true,12,Binary loaded PowerShell automation library - Possible unmanaged Powershell execution by suspicious process,"[""sysmon"",""sysmon_eid7_detections"",""windows""]",92151, , ,windows_eventchannel,log,"Nov 30, 2024 @ 12:48:16.111",EventChannel,1732970896.5269222,"Nov 30, 2024 @ 12:48:16.111", , , , , , , , , , , , ,4004, , , , , , , , , , ,"[""PowerShell""]","[""T1059.001""]","[""Execution""]", , , ,System.Management.Automation.dll,C:\\Windows\\Microsoft.NET\\Framework64\\v4.0.30319\\mscorsvw.exe,Microsoft (R) Windows (R) Operating System, ,C:\\Windows\\assembly\\NativeImages_v4.0.30319_64\\System.Manaa57fc8cc#\\169c03b1d2d364a7d44737b3854923ed\\System.Management.Automation.ni.dll,System.Management.Automation,false,Unavailable,{15959494-098F-674B-220A-000000000D00},2024-11-30 12:48:15.210,"SHA1=78CC714A81AA79D9F05710B74E9F95EE28079874,MD5=EFC0913CAAB3F89DD279B50B36752C74,SHA256=3214556EE0A387A3FE44E27DAF2F35FA5297CFF4830CAB4D1769197D622667FB,IMPHASH=00000000000000000000000000000000","technique_id=T1059.001,technique_name=PowerShell",Microsoft Corporation,10.0.17134.165,NT AUTHORITY\\SYSTEM, , , , , , , , , , , , , , , , , , , , , , , , , , , , , , , , , , , , , , , , , , , , , , , , , , , , , , , , , , , , , , , , , , , , , , , , , , , , , , , , , , , , , , , , , , , , , , , , , , , , , , , , , 
wazuh-alerts-4.x-2024.11.30,5PodfZMBRlc-D5DFYiI3,1,1,192.168.117.134,window-agent3,003,Maryam, ,7, ,0x8000000000000000,{5770385F-C22A-43E0-BF4C-06F5698FFBD9},4,Microsoft-Windows-Sysmon/Operational,0,"""Image loaded:
RuleName: technique_id=T1059.001,technique_name=PowerShell
UtcTime: 2024-11-30 12:48:15.335
ProcessGuid: {15959494-098F-674B-230A-000000000D00}
ProcessId: 1288
Image: C:\Windows\Microsoft.NET\Framework64\v4.0.30319\mscorsvw.exe
ImageLoaded: C:\Windows\assembly\NativeImages_v4.0.30319_64\System.Manaa57fc8cc#\169c03b1d2d364a7d44737b3854923ed\System.Management.Automation.ni.dll
FileVersion: 10.0.17134.165
Description: System.Management.Automation
Product: Microsoft (R) Windows (R) Operating System
Company: Microsoft Corporation
OriginalFileName: System.Management.Automation.dll
Hashes: SHA1=78CC714A81AA79D9F05710B74E9F95EE28079874,MD5=EFC0913CAAB3F89DD279B50B36752C74,SHA256=3214556EE0A387A3FE44E27DAF2F35FA5297CFF4830CAB4D1769197D622667FB,IMPHASH=00000000000000000000000000000000
Signed: false
Signature: -
SignatureStatus: Unavailable
User: NT AUTHORITY\SYSTEM""",3,2024-11-30T12:48:15.349727700Z,61975,1760,DESKTOP-QGB4EQH,7,2356,INFORMATION,Microsoft-Windows-Sysmon,159,true,12,Binary loaded PowerShell automation library - Possible unmanaged Powershell execution by suspicious process,"[""sysmon"",""sysmon_eid7_detections"",""windows""]",92151, , ,windows_eventchannel,log,"Nov 30, 2024 @ 12:48:16.142",EventChannel,1732970896.5274354,"Nov 30, 2024 @ 12:48:16.142", , , , , , , , , , , , ,1288, , , , , , , , , , ,"[""PowerShell""]","[""T1059.001""]","[""Execution""]", , , ,System.Management.Automation.dll,C:\\Windows\\Microsoft.NET\\Framework64\\v4.0.30319\\mscorsvw.exe,Microsoft (R) Windows (R) Operating System, ,C:\\Windows\\assembly\\NativeImages_v4.0.30319_64\\System.Manaa57fc8cc#\\169c03b1d2d364a7d44737b3854923ed\\System.Management.Automation.ni.dll,System.Management.Automation,false,Unavailable,{15959494-098F-674B-230A-000000000D00},2024-11-30 12:48:15.335,"SHA1=78CC714A81AA79D9F05710B74E9F95EE28079874,MD5=EFC0913CAAB3F89DD279B50B36752C74,SHA256=3214556EE0A387A3FE44E27DAF2F35FA5297CFF4830CAB4D1769197D622667FB,IMPHASH=00000000000000000000000000000000","technique_id=T1059.001,technique_name=PowerShell",Microsoft Corporation,10.0.17134.165,NT AUTHORITY\\SYSTEM, , , , , , , , , , , , , , , , , , , , , , , , , , , , , , , , , , , , , , , , , , , , , , , , , , , , , , , , , , , , , , , , , , , , , , , , , , , , , , , , , , , , , , , , , , , , , , , , , , , , , , , , , 
wazuh-alerts-4.x-2024.11.30,5fodfZMBRlc-D5DFYiI3,1,1,192.168.117.134,window-agent3,003,Maryam, ,11, ,0x8000000000000000,{5770385F-C22A-43E0-BF4C-06F5698FFBD9},4,Microsoft-Windows-Sysmon/Operational,0,"""File created:
RuleName: technique_id=T1574.010,technique_name=Services File Permissions Weakness
UtcTime: 2024-11-30 12:48:15.381
ProcessGuid: {15959494-098F-674B-230A-000000000D00}
ProcessId: 1288
Image: C:\Windows\Microsoft.NET\Framework64\v4.0.30319\mscorsvw.exe
TargetFilename: C:\Windows\assembly\NativeImages_v4.0.30319_64\Temp\508-0\Microsoft.Windows.Diagnosis.Commands.WriteDiagProgress.dll
CreationUtcTime: 2024-11-30 12:48:15.381
User: NT AUTHORITY\SYSTEM""",2,2024-11-30T12:48:15.387009800Z,61976,1760,DESKTOP-QGB4EQH,11,2356,INFORMATION,Microsoft-Windows-Sysmon,88,false,6,Executable dropped in Windows root folder,"[""sysmon"",""sysmon_eid11_detections"",""windows""]",92217, , ,windows_eventchannel,log,"Nov 30, 2024 @ 12:48:16.158",EventChannel,1732970896.5279486,"Nov 30, 2024 @ 12:48:16.158", , , , , , , , , , , , ,1288, , , , , , , , , , ,"[""Lateral Tool Transfer""]","[""T1570""]","[""Lateral Movement""]", , , , ,C:\\Windows\\Microsoft.NET\\Framework64\\v4.0.30319\\mscorsvw.exe, , , , , , ,{15959494-098F-674B-230A-000000000D00},2024-11-30 12:48:15.381, ,"technique_id=T1574.010,technique_name=Services File Permissions Weakness", , ,NT AUTHORITY\\SYSTEM, , , , , , , , , , , , , , , , , , , , , , , , , , , , , , , , , , , , ,C:\\Windows\\assembly\\NativeImages_v4.0.30319_64\\Temp\\508-0\\Microsoft.Windows.Diagnosis.Commands.WriteDiagProgress.dll,2024-11-30 12:48:15.381, , , , , , , , , , , , , , , , , , , , , , , , , , , , , , , , , , , , , , , , , , , , , , , , , , , , , , , , , , , , , , , , , , , 
