wazuh-alerts-4.x-2024.11.30,W_rve5MBRlc-D5DFWB5S,1,1,192.168.117.134,window-agent3,003,Maryam, ,11, ,0x8000000000000000,{5770385F-C22A-43E0-BF4C-06F5698FFBD9},4,Microsoft-Windows-Sysmon/Operational,0,"""File created:
RuleName: technique_id=T1059.001,technique_name=PowerShell
UtcTime: 2024-11-30 07:18:12.836
ProcessGuid: {15959494-BC34-674A-4C06-000000000D00}
ProcessId: 6908
Image: C:\Windows\System32\WindowsPowerShell\v1.0\powershell.exe
TargetFilename: C:\Users\mari\AppData\Local\Temp\__PSScriptPolicyTest_4xdl5xbq.tpr.ps1
CreationUtcTime: 2024-11-30 07:18:12.836
User: DESKTOP-QGB4EQH\mari""",2,2024-11-30T07:18:12.838250500Z,55112,1760,DESKTOP-QGB4EQH,11,2356,INFORMATION,Microsoft-Windows-Sysmon,53,true,15,Executable file dropped in folder commonly used by malware,"[""sysmon"",""sysmon_eid11_detections"",""windows""]",92213, , ,windows_eventchannel,log,"Nov 30, 2024 @ 07:18:13.942",EventChannel,1732951093.1252643,"Nov 30, 2024 @ 07:18:13.942", , , , , , , , , , , , ,6908, , , , , , , , , , ,"[""Ingress Tool Transfer""]","[""T1105""]","[""Command and Control""]", , , , ,C:\\Windows\\System32\\WindowsPowerShell\\v1.0\\powershell.exe, , , , , , ,{15959494-BC34-674A-4C06-000000000D00},2024-11-30 07:18:12.836, ,"technique_id=T1059.001,technique_name=PowerShell", , ,DESKTOP-QGB4EQH\\mari, , , , , , , , , , , , , , , , , , , , , , , , , , , , , , , , , , , , ,C:\\Users\\mari\\AppData\\Local\\Temp\\__PSScriptPolicyTest_4xdl5xbq.tpr.ps1,2024-11-30 07:18:12.836, , , , , , , , , , , , , , , , , , , , , , , , , , , , , , , , , , , , , , , , , , , , , , , , , , , , , , , , , , , , , , , , , , , 
wazuh-alerts-4.x-2024.11.30,Zvrxe5MBRlc-D5DFoh5Q,1,1,192.168.117.134,window-agent3,003,Maryam, ,11, ,0x8000000000000000,{5770385F-C22A-43E0-BF4C-06F5698FFBD9},4,Microsoft-Windows-Sysmon/Operational,0,"""File created:
RuleName: technique_id=T1059.001,technique_name=PowerShell
UtcTime: 2024-11-30 07:20:46.622
ProcessGuid: {15959494-BCCE-674A-5406-000000000D00}
ProcessId: 5224
Image: C:\Windows\System32\WindowsPowerShell\v1.0\powershell.exe
TargetFilename: C:\Users\mari\AppData\Local\Temp\__PSScriptPolicyTest_iktm5e5w.xby.ps1
CreationUtcTime: 2024-11-30 07:20:46.622
User: DESKTOP-QGB4EQH\mari""",2,2024-11-30T07:20:46.630587300Z,55155,1760,DESKTOP-QGB4EQH,11,2356,INFORMATION,Microsoft-Windows-Sysmon,55,true,15,Executable file dropped in folder commonly used by malware,"[""sysmon"",""sysmon_eid11_detections"",""windows""]",92213, , ,windows_eventchannel,log,"Nov 30, 2024 @ 07:20:47.772",EventChannel,1732951247.1310787,"Nov 30, 2024 @ 07:20:47.772", , , , , , , , , , , , ,5224, , , , , , , , , , ,"[""Ingress Tool Transfer""]","[""T1105""]","[""Command and Control""]", , , , ,C:\\Windows\\System32\\WindowsPowerShell\\v1.0\\powershell.exe, , , , , , ,{15959494-BCCE-674A-5406-000000000D00},2024-11-30 07:20:46.622, ,"technique_id=T1059.001,technique_name=PowerShell", , ,DESKTOP-QGB4EQH\\mari, , , , , , , , , , , , , , , , , , , , , , , , , , , , , , , , , , , , ,C:\\Users\\mari\\AppData\\Local\\Temp\\__PSScriptPolicyTest_iktm5e5w.xby.ps1,2024-11-30 07:20:46.622, , , , , , , , , , , , , , , , , , , , , , , , , , , , , , , , , , , , , , , , , , , , , , , , , , , , , , , , , , , , , , , , , , , 
wazuh-alerts-4.x-2024.11.30,Z_rye5MBRlc-D5DFeR4l,1,1,192.168.117.134,window-agent3,003,Maryam, ,11, ,0x8000000000000000,{5770385F-C22A-43E0-BF4C-06F5698FFBD9},4,Microsoft-Windows-Sysmon/Operational,0,"""File created:
RuleName: technique_id=T1059.001,technique_name=PowerShell
UtcTime: 2024-11-30 07:21:41.626
ProcessGuid: {15959494-BD05-674A-5706-000000000D00}
ProcessId: 2412
Image: C:\Windows\System32\WindowsPowerShell\v1.0\powershell.exe
TargetFilename: C:\Users\mari\AppData\Local\Temp\__PSScriptPolicyTest_lmmbn20o.qv1.ps1
CreationUtcTime: 2024-11-30 07:21:41.626
User: DESKTOP-QGB4EQH\mari""",2,2024-11-30T07:21:41.639681900Z,55176,1760,DESKTOP-QGB4EQH,11,2356,INFORMATION,Microsoft-Windows-Sysmon,56,true,15,Executable file dropped in folder commonly used by malware,"[""sysmon"",""sysmon_eid11_detections"",""windows""]",92213, , ,windows_eventchannel,log,"Nov 30, 2024 @ 07:21:42.766",EventChannel,1732951302.1313798,"Nov 30, 2024 @ 07:21:42.766", , , , , , , , , , , , ,2412, , , , , , , , , , ,"[""Ingress Tool Transfer""]","[""T1105""]","[""Command and Control""]", , , , ,C:\\Windows\\System32\\WindowsPowerShell\\v1.0\\powershell.exe, , , , , , ,{15959494-BD05-674A-5706-000000000D00},2024-11-30 07:21:41.626, ,"technique_id=T1059.001,technique_name=PowerShell", , ,DESKTOP-QGB4EQH\\mari, , , , , , , , , , , , , , , , , , , , , , , , , , , , , , , , , , , , ,C:\\Users\\mari\\AppData\\Local\\Temp\\__PSScriptPolicyTest_lmmbn20o.qv1.ps1,2024-11-30 07:21:41.626, , , , , , , , , , , , , , , , , , , , , , , , , , , , , , , , , , , , , , , , , , , , , , , , , , , , , , , , , , , , , , , , , , , 
wazuh-alerts-4.x-2024.11.30,afrze5MBRlc-D5DFxR46,1,1,192.168.117.134,window-agent3,003,Maryam, ,11, ,0x8000000000000000,{5770385F-C22A-43E0-BF4C-06F5698FFBD9},4,Microsoft-Windows-Sysmon/Operational,0,"""File created:
RuleName: technique_id=T1059.001,technique_name=PowerShell
UtcTime: 2024-11-30 07:23:09.116
ProcessGuid: {15959494-BD5D-674A-5806-000000000D00}
ProcessId: 6288
Image: C:\Windows\System32\WindowsPowerShell\v1.0\powershell.exe
TargetFilename: C:\Users\mari\AppData\Local\Temp\__PSScriptPolicyTest_b4diqi4l.erw.ps1
CreationUtcTime: 2024-11-30 07:23:09.116
User: DESKTOP-QGB4EQH\mari""",2,2024-11-30T07:23:09.127700400Z,55195,1760,DESKTOP-QGB4EQH,11,2356,INFORMATION,Microsoft-Windows-Sysmon,57,true,15,Executable file dropped in folder commonly used by malware,"[""sysmon"",""sysmon_eid11_detections"",""windows""]",92213, , ,windows_eventchannel,log,"Nov 30, 2024 @ 07:23:10.246",EventChannel,1732951390.1323246,"Nov 30, 2024 @ 07:23:10.246", , , , , , , , , , , , ,6288, , , , , , , , , , ,"[""Ingress Tool Transfer""]","[""T1105""]","[""Command and Control""]", , , , ,C:\\Windows\\System32\\WindowsPowerShell\\v1.0\\powershell.exe, , , , , , ,{15959494-BD5D-674A-5806-000000000D00},2024-11-30 07:23:09.116, ,"technique_id=T1059.001,technique_name=PowerShell", , ,DESKTOP-QGB4EQH\\mari, , , , , , , , , , , , , , , , , , , , , , , , , , , , , , , , , , , , ,C:\\Users\\mari\\AppData\\Local\\Temp\\__PSScriptPolicyTest_b4diqi4l.erw.ps1,2024-11-30 07:23:09.116, , , , , , , , , , , , , , , , , , , , , , , , , , , , , , , , , , , , , , , , , , , , , , , , , , , , , , , , , , , , , , , , , , , 
wazuh-alerts-4.x-2024.11.30,cfr2e5MBRlc-D5DFZR4g,1,1,192.168.117.134,window-agent3,003,Maryam, ,11, ,0x8000000000000000,{5770385F-C22A-43E0-BF4C-06F5698FFBD9},4,Microsoft-Windows-Sysmon/Operational,0,"""File created:
RuleName: technique_id=T1059.001,technique_name=PowerShell
UtcTime: 2024-11-30 07:26:00.169
ProcessGuid: {15959494-BE08-674A-5E06-000000000D00}
ProcessId: 1400
Image: C:\Windows\System32\WindowsPowerShell\v1.0\powershell.exe
TargetFilename: C:\Users\mari\AppData\Local\Temp\__PSScriptPolicyTest_coe1q43p.sir.ps1
CreationUtcTime: 2024-11-30 07:26:00.169
User: DESKTOP-QGB4EQH\mari""",2,2024-11-30T07:26:00.183562300Z,55222,1760,DESKTOP-QGB4EQH,11,2356,INFORMATION,Microsoft-Windows-Sysmon,58,true,15,Executable file dropped in folder commonly used by malware,"[""sysmon"",""sysmon_eid11_detections"",""windows""]",92213, , ,windows_eventchannel,log,"Nov 30, 2024 @ 07:26:01.285",EventChannel,1732951561.1362395,"Nov 30, 2024 @ 07:26:01.285", , , , , , , , , , , , ,1400, , , , , , , , , , ,"[""Ingress Tool Transfer""]","[""T1105""]","[""Command and Control""]", , , , ,C:\\Windows\\System32\\WindowsPowerShell\\v1.0\\powershell.exe, , , , , , ,{15959494-BE08-674A-5E06-000000000D00},2024-11-30 07:26:00.169, ,"technique_id=T1059.001,technique_name=PowerShell", , ,DESKTOP-QGB4EQH\\mari, , , , , , , , , , , , , , , , , , , , , , , , , , , , , , , , , , , , ,C:\\Users\\mari\\AppData\\Local\\Temp\\__PSScriptPolicyTest_coe1q43p.sir.ps1,2024-11-30 07:26:00.169, , , , , , , , , , , , , , , , , , , , , , , , , , , , , , , , , , , , , , , , , , , , , , , , , , , , , , , , , , , , , , , , , , , 
wazuh-alerts-4.x-2024.11.30,Vvrse5MBRlc-D5DF-h7V,1,1,192.168.117.134,window-agent3,003,Maryam, ,11, ,0x8000000000000000,{5770385F-C22A-43E0-BF4C-06F5698FFBD9},4,Microsoft-Windows-Sysmon/Operational,0,"""File created:
RuleName: -
UtcTime: 2024-11-30 07:15:41.726
ProcessGuid: {15959494-D565-6749-1C01-000000000D00}
ProcessId: 7968
Image: C:\Users\Public\splunkd.exe
TargetFilename: C:\Windows\System32\07a87d_t1059.003_cmd.cmd
CreationUtcTime: 2024-11-30 07:15:41.726
User: DESKTOP-QGB4EQH\mari""",2,2024-11-30T07:15:41.727070900Z,55048,1760,DESKTOP-QGB4EQH,11,2356,INFORMATION,Microsoft-Windows-Sysmon,4,false,6,Executable dropped in Windows root folder,"[""sysmon"",""sysmon_eid11_detections"",""windows""]",92217, , ,windows_eventchannel,log,"Nov 30, 2024 @ 07:15:42.796",EventChannel,1732950942.1232032,"Nov 30, 2024 @ 07:15:42.796", , , , , , , , , , , , ,7968, , , , , , , , , , ,"[""Lateral Tool Transfer""]","[""T1570""]","[""Lateral Movement""]", , , , ,C:\\Users\\Public\\splunkd.exe, , , , , , ,{15959494-D565-6749-1C01-000000000D00},2024-11-30 07:15:41.726, , , , ,DESKTOP-QGB4EQH\\mari, , , , , , , , , , , , , , , , , , , , , , , , , , , , , , , , , , , , ,C:\\Windows\\System32\\07a87d_t1059.003_cmd.cmd,2024-11-30 07:15:41.726, , , , , , , , , , , , , , , , , , , , , , , , , , , , , , , , , , , , , , , , , , , , , , , , , , , , , , , , , , , , , , , , , , , 
wazuh-alerts-4.x-2024.11.30,4_oNfJMBRlc-D5DFKR6w,1,1,192.168.117.130,wazuh-agent,002,Maryam, ,1, ,0x8000000000000000,{5770385F-C22A-43E0-BF4C-06F5698FFBD9},4,Microsoft-Windows-Sysmon/Operational,0,"""Process Create:
RuleName: -
UtcTime: 2024-11-30 07:50:53.010
ProcessGuid: {D8AF36FB-C3DD-674A-C600-000000000900}
ProcessId: 4552
Image: C:\Windows\System32\UsoClient.exe
FileVersion: 10.0.17134.1 (WinBuild.160101.0800)
Description: UsoClient
Product: Microsoft® Windows® Operating System
Company: Microsoft Corporation
OriginalFileName: UsoClient
CommandLine: C:\Windows\system32\usoclient.exe  StartScan
CurrentDirectory: C:\Windows\system32\
User: NT AUTHORITY\SYSTEM
LogonGuid: {D8AF36FB-C38E-674A-E703-000000000000}
LogonId: 0x3E7
TerminalSessionId: 0
IntegrityLevel: System
Hashes: MD5=4BBDA6EBE47623A13B100DE4B0C759E3,SHA256=217E1EF6DAE41F6E83173FCB5E3CCB8D2BE94ED5842F83F4290D7A348D8DF6F0,IMPHASH=CFEF2EF07EC4AA86A5CC65CF37C4BC46
ParentProcessGuid: {D8AF36FB-C3DC-674A-C400-000000000900}
ParentProcessId: 2132
ParentImage: C:\Windows\System32\cmd.exe
ParentCommandLine: C:\Windows\system32\cmd.exe /c  C:\Windows\system32\usoclient.exe StartScan
ParentUser: NT AUTHORITY\SYSTEM""",5,2024-11-30T07:50:53.011978200Z,50314,4148,DESKTOP-FMI6MML,1,2364,INFORMATION,Microsoft-Windows-Sysmon,8,false,3,Suspicious Windows cmd shell execution,"[""sysmon"",""sysmon_eid1_detections"",""windows""]",92032, , ,windows_eventchannel,log,"Nov 30, 2024 @ 07:50:54.624",EventChannel,1732953054.1850900,"Nov 30, 2024 @ 07:50:54.624", , , , , , , ,{D8AF36FB-C38E-674A-E703-000000000000}, , , , ,4552, , , , , , , , , , ,"[""Account Discovery"",""Windows Command Shell""]","[""T1087"",""T1059.003""]","[""Discovery"",""Execution""]", , , ,UsoClient,C:\\Windows\\System32\\UsoClient.exe,Microsoft® Windows® Operating System, , ,UsoClient, , ,{D8AF36FB-C3DD-674A-C600-000000000900},2024-11-30 07:50:53.010,"MD5=4BBDA6EBE47623A13B100DE4B0C759E3,SHA256=217E1EF6DAE41F6E83173FCB5E3CCB8D2BE94ED5842F83F4290D7A348D8DF6F0,IMPHASH=CFEF2EF07EC4AA86A5CC65CF37C4BC46", ,Microsoft Corporation,10.0.17134.1 (WinBuild.160101.0800),NT AUTHORITY\\SYSTEM, , , , , , , , , , , , , , , , , , , , , , , , , , ,{D8AF36FB-C3DC-674A-C400-000000000900},C:\\Windows\\system32\\cmd.exe /c  C:\\Windows\\system32\\usoclient.exe StartScan,0x3e7,2132,C:\\Windows\\system32\\,C:\\Windows\\System32\\cmd.exe,C:\\Windows\\system32\\usoclient.exe  StartScan,System,0,NT AUTHORITY\\SYSTEM, , , , , , , , , , , , , , , , , , , , , , , , , , , , , , , , , , , , , , , , , , , , , , , , , , , , , , , , , , , , , , , , , , , , , 
wazuh-alerts-4.x-2024.11.30,5PoNfJMBRlc-D5DFKR6w,1,1,192.168.117.130,wazuh-agent,002,Maryam, ,1, ,0x8000000000000000,{5770385F-C22A-43E0-BF4C-06F5698FFBD9},4,Microsoft-Windows-Sysmon/Operational,0,"""Process Create:
RuleName: -
UtcTime: 2024-11-30 07:50:53.518
ProcessGuid: {D8AF36FB-C3DD-674A-C900-000000000900}
ProcessId: 64
Image: C:\Windows\System32\cmd.exe
FileVersion: 10.0.17134.1 (WinBuild.160101.0800)
Description: Windows Command Processor
Product: Microsoft® Windows® Operating System
Company: Microsoft Corporation
OriginalFileName: Cmd.Exe
CommandLine: /c w32tm.exe /stripchart /computer:time.windows.com /dataonly /samples:1
CurrentDirectory: C:\Windows\system32\
User: NT AUTHORITY\SYSTEM
LogonGuid: {D8AF36FB-C38E-674A-E703-000000000000}
LogonId: 0x3E7
TerminalSessionId: 0
IntegrityLevel: System
Hashes: MD5=4E2ACF4F8A396486AB4268C94A6A245F,SHA256=9A7C58BD98D70631AA1473F7B57B426DB367D72429A5455B433A05EE251F3236,IMPHASH=8542FB14699D84D7E8DA92F66145C7FE
ParentProcessGuid: {D8AF36FB-C391-674A-2700-000000000900}
ParentProcessId: 2100
ParentImage: C:\Program Files\rempl\sedlauncher.exe
ParentCommandLine: ""C:\Program Files\rempl\sedlauncher.exe""
ParentUser: NT AUTHORITY\SYSTEM""",5,2024-11-30T07:50:53.522973400Z,50316,4148,DESKTOP-FMI6MML,1,2364,INFORMATION,Microsoft-Windows-Sysmon,13,false,4,Windows command prompt started by an abnormal process,"[""sysmon"",""sysmon_eid1_detections"",""windows""]",92052, , ,windows_eventchannel,log,"Nov 30, 2024 @ 07:50:54.671",EventChannel,1732953054.1856559,"Nov 30, 2024 @ 07:50:54.671", , , , , , , ,{D8AF36FB-C38E-674A-E703-000000000000}, , , , ,64, , , , , , , , , , ,"[""Windows Command Shell""]","[""T1059.003""]","[""Execution""]", , , ,Cmd.Exe,C:\\Windows\\System32\\cmd.exe,Microsoft® Windows® Operating System, , ,Windows Command Processor, , ,{D8AF36FB-C3DD-674A-C900-000000000900},2024-11-30 07:50:53.518,"MD5=4E2ACF4F8A396486AB4268C94A6A245F,SHA256=9A7C58BD98D70631AA1473F7B57B426DB367D72429A5455B433A05EE251F3236,IMPHASH=8542FB14699D84D7E8DA92F66145C7FE", ,Microsoft Corporation,10.0.17134.1 (WinBuild.160101.0800),NT AUTHORITY\\SYSTEM, , , , , , , , , , , , , , , , , , , , , , , , , , ,{D8AF36FB-C391-674A-2700-000000000900},"\""C:\\Program Files\\rempl\\sedlauncher.exe\""",0x3e7,2100,C:\\Windows\\system32\\,C:\\Program Files\\rempl\\sedlauncher.exe,/c w32tm.exe /stripchart /computer:time.windows.com /dataonly /samples:1,System,0,NT AUTHORITY\\SYSTEM, , , , , , , , , , , , , , , , , , , , , , , , , , , , , , , , , , , , , , , , , , , , , , , , , , , , , , , , , , , , , , , , , , , , , 
wazuh-alerts-4.x-2024.11.30,5_oNfJMBRlc-D5DFKR6w,1,1,192.168.117.130,wazuh-agent,002,Maryam, ,11, ,0x8000000000000000,{5770385F-C22A-43E0-BF4C-06F5698FFBD9},4,Microsoft-Windows-Sysmon/Operational,0,"""File created:
RuleName: DLL
UtcTime: 2024-11-30 07:50:54.171
ProcessGuid: {D8AF36FB-C391-674A-2700-000000000900}
ProcessId: 2100
Image: C:\Program Files\rempl\sedlauncher.exe
TargetFilename: C:\Windows\Temp\E5CF567C-6C5E-4184-AF5C-9F04B023A8F0\CompatProvider.dll
CreationUtcTime: 2024-11-30 07:50:54.171
User: NT AUTHORITY\SYSTEM""",2,2024-11-30T07:50:54.172277200Z,50321,4148,DESKTOP-FMI6MML,11,2364,INFORMATION,Microsoft-Windows-Sysmon,5,false,6,Executable dropped in Windows root folder,"[""sysmon"",""sysmon_eid11_detections"",""windows""]",92217, , ,windows_eventchannel,log,"Nov 30, 2024 @ 07:50:55.592",EventChannel,1732953055.1867659,"Nov 30, 2024 @ 07:50:55.592", , , , , , , , , , , , ,2100, , , , , , , , , , ,"[""Lateral Tool Transfer""]","[""T1570""]","[""Lateral Movement""]", , , , ,C:\\Program Files\\rempl\\sedlauncher.exe, , , , , , ,{D8AF36FB-C391-674A-2700-000000000900},2024-11-30 07:50:54.171, ,DLL, , ,NT AUTHORITY\\SYSTEM, , , , , , , , , , , , , , , , , , , , , , , , , , , , , , , , , , , , ,C:\\Windows\\Temp\\E5CF567C-6C5E-4184-AF5C-9F04B023A8F0\\CompatProvider.dll,2024-11-30 07:50:54.171, , , , , , , , , , , , , , , , , , , , , , , , , , , , , , , , , , , , , , , , , , , , , , , , , , , , , , , , , , , , , , , , , , , 
wazuh-alerts-4.x-2024.11.30,7foNfJMBRlc-D5DFKR6w,1,1,192.168.117.130,wazuh-agent,002,Maryam, ,11, ,0x8000000000000000,{5770385F-C22A-43E0-BF4C-06F5698FFBD9},4,Microsoft-Windows-Sysmon/Operational,0,"""File created:
RuleName: DLL
UtcTime: 2024-11-30 07:50:54.187
ProcessGuid: {D8AF36FB-C391-674A-2700-000000000900}
ProcessId: 2100
Image: C:\Program Files\rempl\sedlauncher.exe
TargetFilename: C:\Windows\Temp\E5CF567C-6C5E-4184-AF5C-9F04B023A8F0\DmiProvider.dll
CreationUtcTime: 2024-11-30 07:50:54.187
User: NT AUTHORITY\SYSTEM""",2,2024-11-30T07:50:54.192341500Z,50326,4148,DESKTOP-FMI6MML,11,2364,INFORMATION,Microsoft-Windows-Sysmon,11,false,6,Executable dropped in Windows root folder,"[""sysmon"",""sysmon_eid11_detections"",""windows""]",92217, , ,windows_eventchannel,log,"Nov 30, 2024 @ 07:50:55.686",EventChannel,1732953055.1883813,"Nov 30, 2024 @ 07:50:55.686", , , , , , , , , , , , ,2100, , , , , , , , , , ,"[""Lateral Tool Transfer""]","[""T1570""]","[""Lateral Movement""]", , , , ,C:\\Program Files\\rempl\\sedlauncher.exe, , , , , , ,{D8AF36FB-C391-674A-2700-000000000900},2024-11-30 07:50:54.187, ,DLL, , ,NT AUTHORITY\\SYSTEM, , , , , , , , , , , , , , , , , , , , , , , , , , , , , , , , , , , , ,C:\\Windows\\Temp\\E5CF567C-6C5E-4184-AF5C-9F04B023A8F0\\DmiProvider.dll,2024-11-30 07:50:54.187, , , , , , , , , , , , , , , , , , , , , , , , , , , , , , , , , , , , , , , , , , , , , , , , , , , , , , , , , , , , , , , , , , , 
wazuh-alerts-4.x-2024.11.30,7voNfJMBRlc-D5DFKR6w,1,1,192.168.117.130,wazuh-agent,002,Maryam, ,11, ,0x8000000000000000,{5770385F-C22A-43E0-BF4C-06F5698FFBD9},4,Microsoft-Windows-Sysmon/Operational,0,"""File created:
RuleName: DLL
UtcTime: 2024-11-30 07:50:54.327
ProcessGuid: {D8AF36FB-C391-674A-2700-000000000900}
ProcessId: 2100
Image: C:\Program Files\rempl\sedlauncher.exe
TargetFilename: C:\Windows\Temp\E5CF567C-6C5E-4184-AF5C-9F04B023A8F0\FfuProvider.dll
CreationUtcTime: 2024-11-30 07:50:54.327
User: NT AUTHORITY\SYSTEM""",2,2024-11-30T07:50:54.336522800Z,50327,4148,DESKTOP-FMI6MML,11,2364,INFORMATION,Microsoft-Windows-Sysmon,10,false,6,Executable dropped in Windows root folder,"[""sysmon"",""sysmon_eid11_detections"",""windows""]",92217, , ,windows_eventchannel,log,"Nov 30, 2024 @ 07:50:55.686",EventChannel,1732953055.1886510,"Nov 30, 2024 @ 07:50:55.686", , , , , , , , , , , , ,2100, , , , , , , , , , ,"[""Lateral Tool Transfer""]","[""T1570""]","[""Lateral Movement""]", , , , ,C:\\Program Files\\rempl\\sedlauncher.exe, , , , , , ,{D8AF36FB-C391-674A-2700-000000000900},2024-11-30 07:50:54.327, ,DLL, , ,NT AUTHORITY\\SYSTEM, , , , , , , , , , , , , , , , , , , , , , , , , , , , , , , , , , , , ,C:\\Windows\\Temp\\E5CF567C-6C5E-4184-AF5C-9F04B023A8F0\\FfuProvider.dll,2024-11-30 07:50:54.327, , , , , , , , , , , , , , , , , , , , , , , , , , , , , , , , , , , , , , , , , , , , , , , , , , , , , , , , , , , , , , , , , , , 
wazuh-alerts-4.x-2024.11.30,8PoNfJMBRlc-D5DFKR6w,1,1,192.168.117.130,wazuh-agent,002,Maryam, ,11, ,0x8000000000000000,{5770385F-C22A-43E0-BF4C-06F5698FFBD9},4,Microsoft-Windows-Sysmon/Operational,0,"""File created:
RuleName: DLL
UtcTime: 2024-11-30 07:50:54.327
ProcessGuid: {D8AF36FB-C391-674A-2700-000000000900}
ProcessId: 2100
Image: C:\Program Files\rempl\sedlauncher.exe
TargetFilename: C:\Windows\Temp\E5CF567C-6C5E-4184-AF5C-9F04B023A8F0\GenericProvider.dll
CreationUtcTime: 2024-11-30 07:50:54.327
User: NT AUTHORITY\SYSTEM""",2,2024-11-30T07:50:54.343017700Z,50329,4148,DESKTOP-FMI6MML,11,2364,INFORMATION,Microsoft-Windows-Sysmon,13,false,6,Executable dropped in Windows root folder,"[""sysmon"",""sysmon_eid11_detections"",""windows""]",92217, , ,windows_eventchannel,log,"Nov 30, 2024 @ 07:50:55.717",EventChannel,1732953055.1891916,"Nov 30, 2024 @ 07:50:55.717", , , , , , , , , , , , ,2100, , , , , , , , , , ,"[""Lateral Tool Transfer""]","[""T1570""]","[""Lateral Movement""]", , , , ,C:\\Program Files\\rempl\\sedlauncher.exe, , , , , , ,{D8AF36FB-C391-674A-2700-000000000900},2024-11-30 07:50:54.327, ,DLL, , ,NT AUTHORITY\\SYSTEM, , , , , , , , , , , , , , , , , , , , , , , , , , , , , , , , , , , , ,C:\\Windows\\Temp\\E5CF567C-6C5E-4184-AF5C-9F04B023A8F0\\GenericProvider.dll,2024-11-30 07:50:54.327, , , , , , , , , , , , , , , , , , , , , , , , , , , , , , , , , , , , , , , , , , , , , , , , , , , , , , , , , , , , , , , , , , , 
wazuh-alerts-4.x-2024.11.30,'-PoNfJMBRlc-D5DFKR6w,1,1,192.168.117.130,wazuh-agent,002,Maryam, ,11, ,0x8000000000000000,{5770385F-C22A-43E0-BF4C-06F5698FFBD9},4,Microsoft-Windows-Sysmon/Operational,0,"""File created:
RuleName: DLL
UtcTime: 2024-11-30 07:50:54.405
ProcessGuid: {D8AF36FB-C391-674A-2700-000000000900}
ProcessId: 2100
Image: C:\Program Files\rempl\sedlauncher.exe
TargetFilename: C:\Windows\Temp\E5CF567C-6C5E-4184-AF5C-9F04B023A8F0\ProvProvider.dll
CreationUtcTime: 2024-11-30 07:50:54.405
User: NT AUTHORITY\SYSTEM""",2,2024-11-30T07:50:54.415476100Z,50337,4148,DESKTOP-FMI6MML,11,2364,INFORMATION,Microsoft-Windows-Sysmon,21,false,6,Executable dropped in Windows root folder,"[""sysmon"",""sysmon_eid11_detections"",""windows""]",92217, , ,windows_eventchannel,log,"Nov 30, 2024 @ 07:50:55.843",EventChannel,1732953055.1913560,"Nov 30, 2024 @ 07:50:55.843", , , , , , , , , , , , ,2100, , , , , , , , , , ,"[""Lateral Tool Transfer""]","[""T1570""]","[""Lateral Movement""]", , , , ,C:\\Program Files\\rempl\\sedlauncher.exe, , , , , , ,{D8AF36FB-C391-674A-2700-000000000900},2024-11-30 07:50:54.405, ,DLL, , ,NT AUTHORITY\\SYSTEM, , , , , , , , , , , , , , , , , , , , , , , , , , , , , , , , , , , , ,C:\\Windows\\Temp\\E5CF567C-6C5E-4184-AF5C-9F04B023A8F0\\ProvProvider.dll,2024-11-30 07:50:54.405, , , , , , , , , , , , , , , , , , , , , , , , , , , , , , , , , , , , , , , , , , , , , , , , , , , , , , , , , , , , , , , , , , , 
wazuh-alerts-4.x-2024.11.30,'-foNfJMBRlc-D5DFKR6w,1,1,192.168.117.130,wazuh-agent,002,Maryam, ,11, ,0x8000000000000000,{5770385F-C22A-43E0-BF4C-06F5698FFBD9},4,Microsoft-Windows-Sysmon/Operational,0,"""File created:
RuleName: DLL
UtcTime: 2024-11-30 07:50:54.421
ProcessGuid: {D8AF36FB-C391-674A-2700-000000000900}
ProcessId: 2100
Image: C:\Program Files\rempl\sedlauncher.exe
TargetFilename: C:\Windows\Temp\E5CF567C-6C5E-4184-AF5C-9F04B023A8F0\SmiProvider.dll
CreationUtcTime: 2024-11-30 07:50:54.421
User: NT AUTHORITY\SYSTEM""",2,2024-11-30T07:50:54.424185600Z,50339,4148,DESKTOP-FMI6MML,11,2364,INFORMATION,Microsoft-Windows-Sysmon,22,false,6,Executable dropped in Windows root folder,"[""sysmon"",""sysmon_eid11_detections"",""windows""]",92217, , ,windows_eventchannel,log,"Nov 30, 2024 @ 07:50:55.874",EventChannel,1732953055.1916261,"Nov 30, 2024 @ 07:50:55.874", , , , , , , , , , , , ,2100, , , , , , , , , , ,"[""Lateral Tool Transfer""]","[""T1570""]","[""Lateral Movement""]", , , , ,C:\\Program Files\\rempl\\sedlauncher.exe, , , , , , ,{D8AF36FB-C391-674A-2700-000000000900},2024-11-30 07:50:54.421, ,DLL, , ,NT AUTHORITY\\SYSTEM, , , , , , , , , , , , , , , , , , , , , , , , , , , , , , , , , , , , ,C:\\Windows\\Temp\\E5CF567C-6C5E-4184-AF5C-9F04B023A8F0\\SmiProvider.dll,2024-11-30 07:50:54.421, , , , , , , , , , , , , , , , , , , , , , , , , , , , , , , , , , , , , , , , , , , , , , , , , , , , , , , , , , , , , , , , , , , 
wazuh-alerts-4.x-2024.11.30,'-voNfJMBRlc-D5DFKR6w,1,1,192.168.117.130,wazuh-agent,002,Maryam, ,11, ,0x8000000000000000,{5770385F-C22A-43E0-BF4C-06F5698FFBD9},4,Microsoft-Windows-Sysmon/Operational,0,"""File created:
RuleName: DLL
UtcTime: 2024-11-30 07:50:54.405
ProcessGuid: {D8AF36FB-C391-674A-2700-000000000900}
ProcessId: 2100
Image: C:\Program Files\rempl\sedlauncher.exe
TargetFilename: C:\Windows\Temp\E5CF567C-6C5E-4184-AF5C-9F04B023A8F0\SetupPlatformProvider.dll
CreationUtcTime: 2024-11-30 07:50:54.405
User: NT AUTHORITY\SYSTEM""",2,2024-11-30T07:50:54.420870600Z,50338,4148,DESKTOP-FMI6MML,11,2364,INFORMATION,Microsoft-Windows-Sysmon,23,false,6,Executable dropped in Windows root folder,"[""sysmon"",""sysmon_eid11_detections"",""windows""]",92217, , ,windows_eventchannel,log,"Nov 30, 2024 @ 07:50:55.874",EventChannel,1732953055.1918958,"Nov 30, 2024 @ 07:50:55.874", , , , , , , , , , , , ,2100, , , , , , , , , , ,"[""Lateral Tool Transfer""]","[""T1570""]","[""Lateral Movement""]", , , , ,C:\\Program Files\\rempl\\sedlauncher.exe, , , , , , ,{D8AF36FB-C391-674A-2700-000000000900},2024-11-30 07:50:54.405, ,DLL, , ,NT AUTHORITY\\SYSTEM, , , , , , , , , , , , , , , , , , , , , , , , , , , , , , , , , , , , ,C:\\Windows\\Temp\\E5CF567C-6C5E-4184-AF5C-9F04B023A8F0\\SetupPlatformProvider.dll,2024-11-30 07:50:54.405, , , , , , , , , , , , , , , , , , , , , , , , , , , , , , , , , , , , , , , , , , , , , , , , , , , , , , , , , , , , , , , , , , , 
wazuh-alerts-4.x-2024.11.30,'-_oNfJMBRlc-D5DFKR6w,1,1,192.168.117.130,wazuh-agent,002,Maryam, ,11, ,0x8000000000000000,{5770385F-C22A-43E0-BF4C-06F5698FFBD9},4,Microsoft-Windows-Sysmon/Operational,0,"""File created:
RuleName: DLL
UtcTime: 2024-11-30 07:50:54.421
ProcessGuid: {D8AF36FB-C391-674A-2700-000000000900}
ProcessId: 2100
Image: C:\Program Files\rempl\sedlauncher.exe
TargetFilename: C:\Windows\Temp\E5CF567C-6C5E-4184-AF5C-9F04B023A8F0\TransmogProvider.dll
CreationUtcTime: 2024-11-30 07:50:54.421
User: NT AUTHORITY\SYSTEM""",2,2024-11-30T07:50:54.435211700Z,50341,4148,DESKTOP-FMI6MML,11,2364,INFORMATION,Microsoft-Windows-Sysmon,24,false,6,Executable dropped in Windows root folder,"[""sysmon"",""sysmon_eid11_detections"",""windows""]",92217, , ,windows_eventchannel,log,"Nov 30, 2024 @ 07:50:55.905",EventChannel,1732953055.1921695,"Nov 30, 2024 @ 07:50:55.905", , , , , , , , , , , , ,2100, , , , , , , , , , ,"[""Lateral Tool Transfer""]","[""T1570""]","[""Lateral Movement""]", , , , ,C:\\Program Files\\rempl\\sedlauncher.exe, , , , , , ,{D8AF36FB-C391-674A-2700-000000000900},2024-11-30 07:50:54.421, ,DLL, , ,NT AUTHORITY\\SYSTEM, , , , , , , , , , , , , , , , , , , , , , , , , , , , , , , , , , , , ,C:\\Windows\\Temp\\E5CF567C-6C5E-4184-AF5C-9F04B023A8F0\\TransmogProvider.dll,2024-11-30 07:50:54.421, , , , , , , , , , , , , , , , , , , , , , , , , , , , , , , , , , , , , , , , , , , , , , , , , , , , , , , , , , , , , , , , , , , 
wazuh-alerts-4.x-2024.11.30,_PoNfJMBRlc-D5DFKR6w,1,1,192.168.117.130,wazuh-agent,002,Maryam, ,11, ,0x8000000000000000,{5770385F-C22A-43E0-BF4C-06F5698FFBD9},4,Microsoft-Windows-Sysmon/Operational,0,"""File created:
RuleName: DLL
UtcTime: 2024-11-30 07:50:54.421
ProcessGuid: {D8AF36FB-C391-674A-2700-000000000900}
ProcessId: 2100
Image: C:\Program Files\rempl\sedlauncher.exe
TargetFilename: C:\Windows\Temp\E5CF567C-6C5E-4184-AF5C-9F04B023A8F0\SysprepProvider.dll
CreationUtcTime: 2024-11-30 07:50:54.421
User: NT AUTHORITY\SYSTEM""",2,2024-11-30T07:50:54.429122100Z,50340,4148,DESKTOP-FMI6MML,11,2364,INFORMATION,Microsoft-Windows-Sysmon,25,false,6,Executable dropped in Windows root folder,"[""sysmon"",""sysmon_eid11_detections"",""windows""]",92217, , ,windows_eventchannel,log,"Nov 30, 2024 @ 07:50:55.905",EventChannel,1732953055.1924412,"Nov 30, 2024 @ 07:50:55.905", , , , , , , , , , , , ,2100, , , , , , , , , , ,"[""Lateral Tool Transfer""]","[""T1570""]","[""Lateral Movement""]", , , , ,C:\\Program Files\\rempl\\sedlauncher.exe, , , , , , ,{D8AF36FB-C391-674A-2700-000000000900},2024-11-30 07:50:54.421, ,DLL, , ,NT AUTHORITY\\SYSTEM, , , , , , , , , , , , , , , , , , , , , , , , , , , , , , , , , , , , ,C:\\Windows\\Temp\\E5CF567C-6C5E-4184-AF5C-9F04B023A8F0\\SysprepProvider.dll,2024-11-30 07:50:54.421, , , , , , , , , , , , , , , , , , , , , , , , , , , , , , , , , , , , , , , , , , , , , , , , , , , , , , , , , , , , , , , , , , , 
wazuh-alerts-4.x-2024.11.30,_voNfJMBRlc-D5DFKR6w,1,1,192.168.117.130,wazuh-agent,002,Maryam, ,11, ,0x8000000000000000,{5770385F-C22A-43E0-BF4C-06F5698FFBD9},4,Microsoft-Windows-Sysmon/Operational,0,"""File created:
RuleName: DLL
UtcTime: 2024-11-30 07:50:54.436
ProcessGuid: {D8AF36FB-C391-674A-2700-000000000900}
ProcessId: 2100
Image: C:\Program Files\rempl\sedlauncher.exe
TargetFilename: C:\Windows\Temp\E5CF567C-6C5E-4184-AF5C-9F04B023A8F0\VhdProvider.dll
CreationUtcTime: 2024-11-30 07:50:54.436
User: NT AUTHORITY\SYSTEM""",2,2024-11-30T07:50:54.446458400Z,50343,4148,DESKTOP-FMI6MML,11,2364,INFORMATION,Microsoft-Windows-Sysmon,27,false,6,Executable dropped in Windows root folder,"[""sysmon"",""sysmon_eid11_detections"",""windows""]",92217, , ,windows_eventchannel,log,"Nov 30, 2024 @ 07:50:55.936",EventChannel,1732953055.1929842,"Nov 30, 2024 @ 07:50:55.936", , , , , , , , , , , , ,2100, , , , , , , , , , ,"[""Lateral Tool Transfer""]","[""T1570""]","[""Lateral Movement""]", , , , ,C:\\Program Files\\rempl\\sedlauncher.exe, , , , , , ,{D8AF36FB-C391-674A-2700-000000000900},2024-11-30 07:50:54.436, ,DLL, , ,NT AUTHORITY\\SYSTEM, , , , , , , , , , , , , , , , , , , , , , , , , , , , , , , , , , , , ,C:\\Windows\\Temp\\E5CF567C-6C5E-4184-AF5C-9F04B023A8F0\\VhdProvider.dll,2024-11-30 07:50:54.436, , , , , , , , , , , , , , , , , , , , , , , , , , , , , , , , , , , , , , , , , , , , , , , , , , , , , , , , , , , , , , , , , , , 
wazuh-alerts-4.x-2024.11.30,u_oMfJMBRlc-D5DFFB4z,1,1,192.168.117.130,wazuh-agent,002,Maryam, ,1, ,0x8000000000000000,{5770385F-C22A-43E0-BF4C-06F5698FFBD9},4,Microsoft-Windows-Sysmon/Operational,0,"""Process Create:
RuleName: -
UtcTime: 2024-11-30 07:49:38.524
ProcessGuid: {D8AF36FB-C392-674A-4300-000000000900}
ProcessId: 3280
Image: C:\Windows\System32\cmd.exe
FileVersion: 10.0.17134.1 (WinBuild.160101.0800)
Description: Windows Command Processor
Product: Microsoft® Windows® Operating System
Company: Microsoft Corporation
OriginalFileName: Cmd.Exe
CommandLine: C:\Windows\system32\cmd.exe /c """"C:\Program Files\VMware\VMware Tools\poweron-vm-default.bat""""
CurrentDirectory: C:\Windows\system32\
User: NT AUTHORITY\SYSTEM
LogonGuid: {D8AF36FB-C38E-674A-E703-000000000000}
LogonId: 0x3E7
TerminalSessionId: 0
IntegrityLevel: System
Hashes: MD5=4E2ACF4F8A396486AB4268C94A6A245F,SHA256=9A7C58BD98D70631AA1473F7B57B426DB367D72429A5455B433A05EE251F3236,IMPHASH=8542FB14699D84D7E8DA92F66145C7FE
ParentProcessGuid: {D8AF36FB-C391-674A-3200-000000000900}
ParentProcessId: 2396
ParentImage: C:\Program Files\VMware\VMware Tools\vmtoolsd.exe
ParentCommandLine: ""C:\Program Files\VMware\VMware Tools\vmtoolsd.exe""
ParentUser: NT AUTHORITY\SYSTEM""",5,2024-11-30T07:49:43.288635100Z,50230,4148,DESKTOP-FMI6MML,1,2364,INFORMATION,Microsoft-Windows-Sysmon,11,false,4,Windows command prompt started by an abnormal process,"[""sysmon"",""sysmon_eid1_detections"",""windows""]",92052, , ,windows_eventchannel,log,"Nov 30, 2024 @ 07:49:44.815",EventChannel,1732952984.1661403,"Nov 30, 2024 @ 07:49:44.815", , , , , , , ,{D8AF36FB-C38E-674A-E703-000000000000}, , , , ,3280, , , , , , , , , , ,"[""Windows Command Shell""]","[""T1059.003""]","[""Execution""]", , , ,Cmd.Exe,C:\\Windows\\System32\\cmd.exe,Microsoft® Windows® Operating System, , ,Windows Command Processor, , ,{D8AF36FB-C392-674A-4300-000000000900},2024-11-30 07:49:38.524,"MD5=4E2ACF4F8A396486AB4268C94A6A245F,SHA256=9A7C58BD98D70631AA1473F7B57B426DB367D72429A5455B433A05EE251F3236,IMPHASH=8542FB14699D84D7E8DA92F66145C7FE", ,Microsoft Corporation,10.0.17134.1 (WinBuild.160101.0800),NT AUTHORITY\\SYSTEM, , , , , , , , , , , , , , , , , , , , , , , , , , ,{D8AF36FB-C391-674A-3200-000000000900},"\""C:\\Program Files\\VMware\\VMware Tools\\vmtoolsd.exe\""",0x3e7,2396,C:\\Windows\\system32\\,C:\\Program Files\\VMware\\VMware Tools\\vmtoolsd.exe,"C:\\Windows\\system32\\cmd.exe /c \""\""C:\\Program Files\\VMware\\VMware Tools\\poweron-vm-default.bat\""\""",System,0,NT AUTHORITY\\SYSTEM, , , , , , , , , , , , , , , , , , , , , , , , , , , , , , , , , , , , , , , , , , , , , , , , , , , , , , , , , , , , , , , , , , , , , 
wazuh-alerts-4.x-2024.11.30,vvoMfJMBRlc-D5DFGB4d,1,1,192.168.117.130,wazuh-agent,002,Maryam, ,1, ,0x8000000000000000,{5770385F-C22A-43E0-BF4C-06F5698FFBD9},4,Microsoft-Windows-Sysmon/Operational,0,"""Process Create:
RuleName: -
UtcTime: 2024-11-30 07:49:44.807
ProcessGuid: {D8AF36FB-C398-674A-5B00-000000000900}
ProcessId: 4764
Image: C:\Windows\SysWOW64\net.exe
FileVersion: 10.0.17134.1 (WinBuild.160101.0800)
Description: Net Command
Product: Microsoft® Windows® Operating System
Company: Microsoft Corporation
OriginalFileName: net.exe
CommandLine: net.exe accounts
CurrentDirectory: C:\Program Files (x86)\ossec-agent\
User: NT AUTHORITY\SYSTEM
LogonGuid: {D8AF36FB-C38E-674A-E703-000000000000}
LogonId: 0x3E7
TerminalSessionId: 0
IntegrityLevel: System
Hashes: MD5=DD0561156F62BC1958CE0E370B23711B,SHA256=FD41D0261C6D22572DA448BCB5CBBB98F78A2922D1F1074D25237CC82C8CE432,IMPHASH=86350518EAE83E4A09BBF6317BA1C570
ParentProcessGuid: {D8AF36FB-C391-674A-3400-000000000900}
ParentProcessId: 2416
ParentImage: C:\Program Files (x86)\ossec-agent\wazuh-agent.exe
ParentCommandLine: ""C:\Program Files (x86)\ossec-agent\wazuh-agent.exe""
ParentUser: NT AUTHORITY\SYSTEM""",5,2024-11-30T07:49:44.810287200Z,50247,4148,DESKTOP-FMI6MML,1,2364,INFORMATION,Microsoft-Windows-Sysmon,3,false,3,Discovery activity executed,"[""sysmon"",""sysmon_eid1_detections"",""windows""]",92031, , ,windows_eventchannel,log,"Nov 30, 2024 @ 07:49:46.468",EventChannel,1732952986.1674884,"Nov 30, 2024 @ 07:49:46.468", , , , , , , ,{D8AF36FB-C38E-674A-E703-000000000000}, , , , ,4764, , , , , , , , , , ,"[""Account Discovery""]","[""T1087""]","[""Discovery""]", , , ,net.exe,C:\\Windows\\SysWOW64\\net.exe,Microsoft® Windows® Operating System, , ,Net Command, , ,{D8AF36FB-C398-674A-5B00-000000000900},2024-11-30 07:49:44.807,"MD5=DD0561156F62BC1958CE0E370B23711B,SHA256=FD41D0261C6D22572DA448BCB5CBBB98F78A2922D1F1074D25237CC82C8CE432,IMPHASH=86350518EAE83E4A09BBF6317BA1C570", ,Microsoft Corporation,10.0.17134.1 (WinBuild.160101.0800),NT AUTHORITY\\SYSTEM, , , , , , , , , , , , , , , , , , , , , , , , , , ,{D8AF36FB-C391-674A-3400-000000000900},"\""C:\\Program Files (x86)\\ossec-agent\\wazuh-agent.exe\""",0x3e7,2416,C:\\Program Files (x86)\\ossec-agent\\,C:\\Program Files (x86)\\ossec-agent\\wazuh-agent.exe,net.exe accounts,System,0,NT AUTHORITY\\SYSTEM, , , , , , , , , , , , , , , , , , , , , , , , , , , , , , , , , , , , , , , , , , , , , , , , , , , , , , , , , , , , , , , , , , , , , 
wazuh-alerts-4.x-2024.11.30,wvoMfJMBRlc-D5DFGB4d,1,1,192.168.117.130,wazuh-agent,002,Maryam, ,1, ,0x8000000000000000,{5770385F-C22A-43E0-BF4C-06F5698FFBD9},4,Microsoft-Windows-Sysmon/Operational,0,"""Process Create:
RuleName: -
UtcTime: 2024-11-30 07:49:44.914
ProcessGuid: {D8AF36FB-C398-674A-6000-000000000900}
ProcessId: 4876
Image: C:\Windows\SysWOW64\net1.exe
FileVersion: 10.0.17134.1 (WinBuild.160101.0800)
Description: Net Command
Product: Microsoft® Windows® Operating System
Company: Microsoft Corporation
OriginalFileName: net1.exe
CommandLine: C:\Windows\system32\net1 accounts
CurrentDirectory: C:\Program Files (x86)\ossec-agent\
User: NT AUTHORITY\SYSTEM
LogonGuid: {D8AF36FB-C38E-674A-E703-000000000000}
LogonId: 0x3E7
TerminalSessionId: 0
IntegrityLevel: System
Hashes: MD5=B5A26C2BF17222E86B91D26F1247AF3E,SHA256=14CC5BE4C833ACC652195DEAD113E1C3B4AC0B98EA1AEAD11957836F9AE721CF,IMPHASH=3D3E7537BD3BA07738DC5CA8AD01B073
ParentProcessGuid: {D8AF36FB-C398-674A-5E00-000000000900}
ParentProcessId: 4828
ParentImage: C:\Windows\SysWOW64\net.exe
ParentCommandLine: net.exe accounts
ParentUser: NT AUTHORITY\SYSTEM""",5,2024-11-30T07:49:44.917617800Z,50250,4148,DESKTOP-FMI6MML,1,2364,INFORMATION,Microsoft-Windows-Sysmon,7,false,3,Discovery activity executed,"[""sysmon"",""sysmon_eid1_detections"",""windows""]",92031, , ,windows_eventchannel,log,"Nov 30, 2024 @ 07:49:46.547",EventChannel,1732952986.1696752,"Nov 30, 2024 @ 07:49:46.547", , , , , , , ,{D8AF36FB-C38E-674A-E703-000000000000}, , , , ,4876, , , , , , , , , , ,"[""Account Discovery""]","[""T1087""]","[""Discovery""]", , , ,net1.exe,C:\\Windows\\SysWOW64\\net1.exe,Microsoft® Windows® Operating System, , ,Net Command, , ,{D8AF36FB-C398-674A-6000-000000000900},2024-11-30 07:49:44.914,"MD5=B5A26C2BF17222E86B91D26F1247AF3E,SHA256=14CC5BE4C833ACC652195DEAD113E1C3B4AC0B98EA1AEAD11957836F9AE721CF,IMPHASH=3D3E7537BD3BA07738DC5CA8AD01B073", ,Microsoft Corporation,10.0.17134.1 (WinBuild.160101.0800),NT AUTHORITY\\SYSTEM, , , , , , , , , , , , , , , , , , , , , , , , , , ,{D8AF36FB-C398-674A-5E00-000000000900},net.exe accounts,0x3e7,4828,C:\\Program Files (x86)\\ossec-agent\\,C:\\Windows\\SysWOW64\\net.exe,C:\\Windows\\system32\\net1 accounts,System,0,NT AUTHORITY\\SYSTEM, , , , , , , , , , , , , , , , , , , , , , , , , , , , , , , , , , , , , , , , , , , , , , , , , , , , , , , , , , , , , , , , , , , , , 
wazuh-alerts-4.x-2024.11.30,xfoMfJMBRlc-D5DFGB4d,1,1,192.168.117.130,wazuh-agent,002,Maryam, ,1, ,0x8000000000000000,{5770385F-C22A-43E0-BF4C-06F5698FFBD9},4,Microsoft-Windows-Sysmon/Operational,0,"""Process Create:
RuleName: -
UtcTime: 2024-11-30 07:49:45.255
ProcessGuid: {D8AF36FB-C399-674A-6500-000000000900}
ProcessId: 5052
Image: C:\Windows\SysWOW64\net.exe
FileVersion: 10.0.17134.1 (WinBuild.160101.0800)
Description: Net Command
Product: Microsoft® Windows® Operating System
Company: Microsoft Corporation
OriginalFileName: net.exe
CommandLine: net.exe accounts
CurrentDirectory: C:\Program Files (x86)\ossec-agent\
User: NT AUTHORITY\SYSTEM
LogonGuid: {D8AF36FB-C38E-674A-E703-000000000000}
LogonId: 0x3E7
TerminalSessionId: 0
IntegrityLevel: System
Hashes: MD5=DD0561156F62BC1958CE0E370B23711B,SHA256=FD41D0261C6D22572DA448BCB5CBBB98F78A2922D1F1074D25237CC82C8CE432,IMPHASH=86350518EAE83E4A09BBF6317BA1C570
ParentProcessGuid: {D8AF36FB-C391-674A-3400-000000000900}
ParentProcessId: 2416
ParentImage: C:\Program Files (x86)\ossec-agent\wazuh-agent.exe
ParentCommandLine: ""C:\Program Files (x86)\ossec-agent\wazuh-agent.exe""
ParentUser: NT AUTHORITY\SYSTEM""",5,2024-11-30T07:49:45.257693400Z,50254,4148,DESKTOP-FMI6MML,1,2364,INFORMATION,Microsoft-Windows-Sysmon,10,false,3,Discovery activity executed,"[""sysmon"",""sysmon_eid1_detections"",""windows""]",92031, , ,windows_eventchannel,log,"Nov 30, 2024 @ 07:49:46.609",EventChannel,1732952986.1713068,"Nov 30, 2024 @ 07:49:46.609", , , , , , , ,{D8AF36FB-C38E-674A-E703-000000000000}, , , , ,5052, , , , , , , , , , ,"[""Account Discovery""]","[""T1087""]","[""Discovery""]", , , ,net.exe,C:\\Windows\\SysWOW64\\net.exe,Microsoft® Windows® Operating System, , ,Net Command, , ,{D8AF36FB-C399-674A-6500-000000000900},2024-11-30 07:49:45.255,"MD5=DD0561156F62BC1958CE0E370B23711B,SHA256=FD41D0261C6D22572DA448BCB5CBBB98F78A2922D1F1074D25237CC82C8CE432,IMPHASH=86350518EAE83E4A09BBF6317BA1C570", ,Microsoft Corporation,10.0.17134.1 (WinBuild.160101.0800),NT AUTHORITY\\SYSTEM, , , , , , , , , , , , , , , , , , , , , , , , , , ,{D8AF36FB-C391-674A-3400-000000000900},"\""C:\\Program Files (x86)\\ossec-agent\\wazuh-agent.exe\""",0x3e7,2416,C:\\Program Files (x86)\\ossec-agent\\,C:\\Program Files (x86)\\ossec-agent\\wazuh-agent.exe,net.exe accounts,System,0,NT AUTHORITY\\SYSTEM, , , , , , , , , , , , , , , , , , , , , , , , , , , , , , , , , , , , , , , , , , , , , , , , , , , , , , , , , , , , , , , , , , , , , 
wazuh-alerts-4.x-2024.11.30,DfoOfJMBRlc-D5DFRh_Y,1,1,192.168.117.134,window-agent3,003,Maryam, ,11, ,0x8000000000000000,{5770385F-C22A-43E0-BF4C-06F5698FFBD9},4,Microsoft-Windows-Sysmon/Operational,0,"""File created:
RuleName: technique_id=T1059.001,technique_name=PowerShell
UtcTime: 2024-11-30 07:52:00.899
ProcessGuid: {15959494-C420-674A-A506-000000000D00}
ProcessId: 2528
Image: C:\Windows\System32\WindowsPowerShell\v1.0\powershell.exe
TargetFilename: C:\Users\mari\AppData\Local\Temp\__PSScriptPolicyTest_vs5oftgi.egh.ps1
CreationUtcTime: 2024-11-30 07:52:00.899
User: DESKTOP-QGB4EQH\mari""",2,2024-11-30T07:52:00.915165000Z,55844,1760,DESKTOP-QGB4EQH,11,2356,INFORMATION,Microsoft-Windows-Sysmon,14,true,15,Executable file dropped in folder commonly used by malware,"[""sysmon"",""sysmon_eid11_detections"",""windows""]",92213, , ,windows_eventchannel,log,"Nov 30, 2024 @ 07:52:02.046",EventChannel,1732953122.1995235,"Nov 30, 2024 @ 07:52:02.046", , , , , , , , , , , , ,2528, , , , , , , , , , ,"[""Ingress Tool Transfer""]","[""T1105""]","[""Command and Control""]", , , , ,C:\\Windows\\System32\\WindowsPowerShell\\v1.0\\powershell.exe, , , , , , ,{15959494-C420-674A-A506-000000000D00},2024-11-30 07:52:00.899, ,"technique_id=T1059.001,technique_name=PowerShell", , ,DESKTOP-QGB4EQH\\mari, , , , , , , , , , , , , , , , , , , , , , , , , , , , , , , , , , , , ,C:\\Users\\mari\\AppData\\Local\\Temp\\__PSScriptPolicyTest_vs5oftgi.egh.ps1,2024-11-30 07:52:00.899, , , , , , , , , , , , , , , , , , , , , , , , , , , , , , , , , , , , , , , , , , , , , , , , , , , , , , , , , , , , , , , , , , , 
wazuh-alerts-4.x-2024.11.30,DvoOfJMBRlc-D5DFRh_Y,1,1,192.168.117.130,wazuh-agent,002,Maryam, ,4624, ,0x8020000000000000,{54849625-5478-4994-A5BA-3E3B0328C30D},0,Security,0,"""An account was successfully logged on.

Subject:
	Security ID:		S-1-5-18
	Account Name:		DESKTOP-FMI6MML$
	Account Domain:		WORKGROUP
	Logon ID:		0x3E7

Logon Information:
	Logon Type:		5
	Restricted Admin Mode:	-
	Virtual Account:		No
	Elevated Token:		Yes

Impersonation Level:		Impersonation

New Logon:
	Security ID:		S-1-5-18
	Account Name:		SYSTEM
	Account Domain:		NT AUTHORITY
	Logon ID:		0x3E7
	Linked Logon ID:		0x0
	Network Account Name:	-
	Network Account Domain:	-
	Logon GUID:		{00000000-0000-0000-0000-000000000000}

Process Information:
	Process ID:		0x284
	Process Name:		C:\Windows\System32\services.exe

Network Information:
	Workstation Name:	-
	Source Network Address:	-
	Source Port:		-

Detailed Authentication Information:
	Logon Process:		Advapi  
	Authentication Package:	Negotiate
	Transited Services:	-
	Package Name (NTLM only):	-
	Key Length:		0

This event is generated when a logon session is created. It is generated on the computer that was accessed.

The subject fields indicate the account on the local system which requested the logon. This is most commonly a service such as the Server service, or a local process such as Winlogon.exe or Services.exe.

The logon type field indicates the kind of logon that occurred. The most common types are 2 (interactive) and 3 (network).

The New Logon fields indicate the account for whom the new logon was created, i.e. the account that was logged on.

The network fields indicate where a remote logon request originated. Workstation name is not always available and may be left blank in some cases.

The impersonation level field indicates the extent to which a process in the logon session can impersonate.

The authentication information fields provide detailed information about this specific logon request.
	- Logon GUID is a unique identifier that can be used to correlate this event with a KDC event.
	- Transited services indicate which intermediate services have participated in this logon request.
	- Package name indicates which sub-protocol was used among the NTLM protocols.
	- Key length indicates the length of the generated session key. This will be 0 if no session key was requested.""",2,2024-11-30T07:52:02.805167600Z,227255,700,DESKTOP-FMI6MML,12544,660,AUDIT_SUCCESS,Microsoft-Windows-Security-Auditing,8,false,3,Windows logon success.,"[""windows"",""windows_security"",""authentication_success""]",60106,"[""IV_32.2""]","[""7.1"",""7.2""]",windows_eventchannel,log,"Nov 30, 2024 @ 07:52:04.096",EventChannel,1732953124.1998246,"Nov 30, 2024 @ 07:52:04.096",0x3e7,WORKGROUP,0x0,%%1833,Negotiate,0x3e7,Advapi,{00000000-0000-0000-0000-000000000000},SYSTEM,0,%%1842,S-1-5-18,0x284,C:\\Windows\\System32\\services.exe,NT AUTHORITY,S-1-5-18,%%1843,5,DESKTOP-FMI6MML$,"[""164.312.b""]","[""10.2.5""]","[""CC6.8"",""CC7.2"",""CC7.3""]","[""AC.7"",""AU.14""]","[""Valid Accounts""]","[""T1078""]","[""Defense Evasion"",""Persistence"",""Privilege Escalation"",""Initial Access""]", , , , , , , , , , , , , , , , , , , , , , , , , , , , , , , , , , , , , , , , , , , , , , , , , , , , , , , , , , , , , , , , , , , , , , , , , , , , , , , , , , , , , , , , , , , , , , , , , , , , , , , , , , , , , , , , , , , , , , , , , , , 
wazuh-alerts-4.x-2024.11.30,yPoMfJMBRlc-D5DFHx7z,1,1,192.168.117.130,wazuh-agent,002,Maryam, ,1, ,0x8000000000000000,{5770385F-C22A-43E0-BF4C-06F5698FFBD9},4,Microsoft-Windows-Sysmon/Operational,0,"""Process Create:
RuleName: -
UtcTime: 2024-11-30 07:49:47.666
ProcessGuid: {D8AF36FB-C39B-674A-6B00-000000000900}
ProcessId: 2780
Image: C:\Windows\SysWOW64\net1.exe
FileVersion: 10.0.17134.1 (WinBuild.160101.0800)
Description: Net Command
Product: Microsoft® Windows® Operating System
Company: Microsoft Corporation
OriginalFileName: net1.exe
CommandLine: C:\Windows\system32\net1 accounts
CurrentDirectory: C:\Program Files (x86)\ossec-agent\
User: NT AUTHORITY\SYSTEM
LogonGuid: {D8AF36FB-C38E-674A-E703-000000000000}
LogonId: 0x3E7
TerminalSessionId: 0
IntegrityLevel: System
Hashes: MD5=B5A26C2BF17222E86B91D26F1247AF3E,SHA256=14CC5BE4C833ACC652195DEAD113E1C3B4AC0B98EA1AEAD11957836F9AE721CF,IMPHASH=3D3E7537BD3BA07738DC5CA8AD01B073
ParentProcessGuid: {D8AF36FB-C399-674A-6800-000000000900}
ParentProcessId: 3272
ParentImage: C:\Windows\SysWOW64\net.exe
ParentCommandLine: net.exe accounts
ParentUser: NT AUTHORITY\SYSTEM""",5,2024-11-30T07:49:47.681517300Z,50259,4148,DESKTOP-FMI6MML,1,2364,INFORMATION,Microsoft-Windows-Sysmon,13,false,3,Discovery activity executed,"[""sysmon"",""sysmon_eid1_detections"",""windows""]",92031, , ,windows_eventchannel,log,"Nov 30, 2024 @ 07:49:48.327",EventChannel,1732952988.1729554,"Nov 30, 2024 @ 07:49:48.327", , , , , , , ,{D8AF36FB-C38E-674A-E703-000000000000}, , , , ,2780, , , , , , , , , , ,"[""Account Discovery""]","[""T1087""]","[""Discovery""]", , , ,net1.exe,C:\\Windows\\SysWOW64\\net1.exe,Microsoft® Windows® Operating System, , ,Net Command, , ,{D8AF36FB-C39B-674A-6B00-000000000900},2024-11-30 07:49:47.666,"MD5=B5A26C2BF17222E86B91D26F1247AF3E,SHA256=14CC5BE4C833ACC652195DEAD113E1C3B4AC0B98EA1AEAD11957836F9AE721CF,IMPHASH=3D3E7537BD3BA07738DC5CA8AD01B073", ,Microsoft Corporation,10.0.17134.1 (WinBuild.160101.0800),NT AUTHORITY\\SYSTEM, , , , , , , , , , , , , , , , , , , , , , , , , , ,{D8AF36FB-C399-674A-6800-000000000900},net.exe accounts,0x3e7,3272,C:\\Program Files (x86)\\ossec-agent\\,C:\\Windows\\SysWOW64\\net.exe,C:\\Windows\\system32\\net1 accounts,System,0,NT AUTHORITY\\SYSTEM, , , , , , , , , , , , , , , , , , , , , , , , , , , , , , , , , , , , , , , , , , , , , , , , , , , , , , , , , , , , , , , , , , , , , 
wazuh-alerts-4.x-2024.11.30,yfoMfJMBRlc-D5DFHx7z,1,1,192.168.117.130,wazuh-agent,002,Maryam, ,1, ,0x8000000000000000,{5770385F-C22A-43E0-BF4C-06F5698FFBD9},4,Microsoft-Windows-Sysmon/Operational,0,"""Process Create:
RuleName: -
UtcTime: 2024-11-30 07:49:47.724
ProcessGuid: {D8AF36FB-C39B-674A-6C00-000000000900}
ProcessId: 4256
Image: C:\Windows\SysWOW64\net.exe
FileVersion: 10.0.17134.1 (WinBuild.160101.0800)
Description: Net Command
Product: Microsoft® Windows® Operating System
Company: Microsoft Corporation
OriginalFileName: net.exe
CommandLine: net.exe accounts
CurrentDirectory: C:\Program Files (x86)\ossec-agent\
User: NT AUTHORITY\SYSTEM
LogonGuid: {D8AF36FB-C38E-674A-E703-000000000000}
LogonId: 0x3E7
TerminalSessionId: 0
IntegrityLevel: System
Hashes: MD5=DD0561156F62BC1958CE0E370B23711B,SHA256=FD41D0261C6D22572DA448BCB5CBBB98F78A2922D1F1074D25237CC82C8CE432,IMPHASH=86350518EAE83E4A09BBF6317BA1C570
ParentProcessGuid: {D8AF36FB-C391-674A-3400-000000000900}
ParentProcessId: 2416
ParentImage: C:\Program Files (x86)\ossec-agent\wazuh-agent.exe
ParentCommandLine: ""C:\Program Files (x86)\ossec-agent\wazuh-agent.exe""
ParentUser: NT AUTHORITY\SYSTEM""",5,2024-11-30T07:49:47.725976900Z,50260,4148,DESKTOP-FMI6MML,1,2364,INFORMATION,Microsoft-Windows-Sysmon,14,false,3,Discovery activity executed,"[""sysmon"",""sysmon_eid1_detections"",""windows""]",92031, , ,windows_eventchannel,log,"Nov 30, 2024 @ 07:49:48.343",EventChannel,1732952988.1734936,"Nov 30, 2024 @ 07:49:48.343", , , , , , , ,{D8AF36FB-C38E-674A-E703-000000000000}, , , , ,4256, , , , , , , , , , ,"[""Account Discovery""]","[""T1087""]","[""Discovery""]", , , ,net.exe,C:\\Windows\\SysWOW64\\net.exe,Microsoft® Windows® Operating System, , ,Net Command, , ,{D8AF36FB-C39B-674A-6C00-000000000900},2024-11-30 07:49:47.724,"MD5=DD0561156F62BC1958CE0E370B23711B,SHA256=FD41D0261C6D22572DA448BCB5CBBB98F78A2922D1F1074D25237CC82C8CE432,IMPHASH=86350518EAE83E4A09BBF6317BA1C570", ,Microsoft Corporation,10.0.17134.1 (WinBuild.160101.0800),NT AUTHORITY\\SYSTEM, , , , , , , , , , , , , , , , , , , , , , , , , , ,{D8AF36FB-C391-674A-3400-000000000900},"\""C:\\Program Files (x86)\\ossec-agent\\wazuh-agent.exe\""",0x3e7,2416,C:\\Program Files (x86)\\ossec-agent\\,C:\\Program Files (x86)\\ossec-agent\\wazuh-agent.exe,net.exe accounts,System,0,NT AUTHORITY\\SYSTEM, , , , , , , , , , , , , , , , , , , , , , , , , , , , , , , , , , , , , , , , , , , , , , , , , , , , , , , , , , , , , , , , , , , , , 
