wazuh-alerts-4.x-2024.11.30,cPpUfZMBRlc-D5DFVSNf,1,1,192.168.117.130,wazuh-agent,002,Maryam, ,13, ,0x8000000000000000,{5770385F-C22A-43E0-BF4C-06F5698FFBD9},4,Microsoft-Windows-Sysmon/Operational,0,"""Registry value set:
RuleName: T1031,T1050
EventType: SetValue
UtcTime: 2024-11-30 13:48:11.287
ProcessGuid: {D8AF36FB-C38E-674A-0B00-000000000900}
ProcessId: 644
Image: C:\Windows\system32\services.exe
TargetObject: HKLM\System\CurrentControlSet\Services\MessagingService_50754e\ImagePath
Details: C:\Windows\system32\svchost.exe -k UnistackSvcGroup
User: NT AUTHORITY\SYSTEM""",2,2024-11-30T13:48:11.455966200Z,50664,4148,DESKTOP-FMI6MML,13,2364,INFORMATION,Microsoft-Windows-Sysmon,7,false,3,Evidence of new service creation found in registry under HKLM\\System\\CurrentControlSet\\Services\\MessagingService_50754e\\ImagePath binary is: C:\\Windows\\system32\\svchost.exe -k UnistackSvcGroup,"[""sysmon"",""sysmon_eid13_detections"",""windows""]",92307, , ,windows_eventchannel,log,"Nov 30, 2024 @ 13:48:14.119",EventChannel,1732974494.5702560,"Nov 30, 2024 @ 13:48:14.119", , , , , , , , , , , , ,644, , , , , , , , , , ,"[""Windows Service""]","[""T1543.003""]","[""Persistence"",""Privilege Escalation""]", , , , ,C:\\Windows\\system32\\services.exe, , , , , , ,{D8AF36FB-C38E-674A-0B00-000000000900},2024-11-30 13:48:11.287, ,"T1031,T1050", , ,NT AUTHORITY\\SYSTEM, , , , , , , , , , , , , , , , , , , , , , , , , , , , , , , , , , , , , , , , , , , , , , , , , , , , , , , , , , , , , , , , , , , , , , , , , , , , , , , , , , , ,HKLM\\System\\CurrentControlSet\\Services\\MessagingService_50754e\\ImagePath,C:\\Windows\\system32\\svchost.exe -k UnistackSvcGroup,SetValue, , , , , , , , , , , , , , , , , , , 
wazuh-alerts-4.x-2024.11.30,c_pUfZMBRlc-D5DFVSNf,1,1,192.168.117.130,wazuh-agent,002,Maryam, ,13, ,0x8000000000000000,{5770385F-C22A-43E0-BF4C-06F5698FFBD9},4,Microsoft-Windows-Sysmon/Operational,0,"""Registry value set:
RuleName: T1031,T1050
EventType: SetValue
UtcTime: 2024-11-30 13:48:11.305
ProcessGuid: {D8AF36FB-C38E-674A-0B00-000000000900}
ProcessId: 644
Image: C:\Windows\system32\services.exe
TargetObject: HKLM\System\CurrentControlSet\Services\PrintWorkflowUserSvc_50754e\ImagePath
Details: C:\Windows\system32\svchost.exe -k PrintWorkflow
User: NT AUTHORITY\SYSTEM""",2,2024-11-30T13:48:11.470142900Z,50670,4148,DESKTOP-FMI6MML,13,2364,INFORMATION,Microsoft-Windows-Sysmon,10,false,3,Evidence of new service creation found in registry under HKLM\\System\\CurrentControlSet\\Services\\PrintWorkflowUserSvc_50754e\\ImagePath binary is: C:\\Windows\\system32\\svchost.exe -k PrintWorkflow,"[""sysmon"",""sysmon_eid13_detections"",""windows""]",92307, , ,windows_eventchannel,log,"Nov 30, 2024 @ 13:48:14.409",EventChannel,1732974494.5711803,"Nov 30, 2024 @ 13:48:14.409", , , , , , , , , , , , ,644, , , , , , , , , , ,"[""Windows Service""]","[""T1543.003""]","[""Persistence"",""Privilege Escalation""]", , , , ,C:\\Windows\\system32\\services.exe, , , , , , ,{D8AF36FB-C38E-674A-0B00-000000000900},2024-11-30 13:48:11.305, ,"T1031,T1050", , ,NT AUTHORITY\\SYSTEM, , , , , , , , , , , , , , , , , , , , , , , , , , , , , , , , , , , , , , , , , , , , , , , , , , , , , , , , , , , , , , , , , , , , , , , , , , , , , , , , , , , ,HKLM\\System\\CurrentControlSet\\Services\\PrintWorkflowUserSvc_50754e\\ImagePath,C:\\Windows\\system32\\svchost.exe -k PrintWorkflow,SetValue, , , , , , , , , , , , , , , , , , , 
wazuh-alerts-4.x-2024.11.30,XvpQfZMBRlc-D5DFgCOj,1,1,192.168.117.134,window-agent3,003,Maryam, ,10, ,0x8000000000000000,{5770385F-C22A-43E0-BF4C-06F5698FFBD9},4,Microsoft-Windows-Sysmon/Operational,0,"""Process accessed:
RuleName: technique_id=T1055.001,technique_name=Dynamic-link Library Injection
UtcTime: 2024-11-30 13:43:56.860
SourceProcessGUID: {15959494-D537-6749-0D01-000000000D00}
SourceProcessId: 4984
SourceThreadId: 5996
SourceImage: C:\Windows\System32\WindowsPowerShell\v1.0\powershell.exe
TargetProcessGUID: {15959494-D46C-6749-C900-000000000D00}
TargetProcessId: 2600
TargetImage: C:\Windows\Explorer.EXE
GrantedAccess: 0x1410
CallTrace: C:\Windows\SYSTEM32\ntdll.dll+9a374|C:\Windows\System32\KERNELBASE.dll+2fd5d|C:\Windows\assembly\NativeImages_v4.0.30319_64\System\37a1d51f35918dd36a0d4e34cc91732e\System.ni.dll+381f60|C:\Windows\assembly\NativeImages_v4.0.30319_64\System\37a1d51f35918dd36a0d4e34cc91732e\System.ni.dll+2fa12e|C:\Windows\assembly\NativeImages_v4.0.30319_64\System\37a1d51f35918dd36a0d4e34cc91732e\System.ni.dll+2f956f|C:\Windows\assembly\NativeImages_v4.0.30319_64\System\37a1d51f35918dd36a0d4e34cc91732e\System.ni.dll+2b7465|C:\Windows\assembly\NativeImages_v4.0.30319_64\System\37a1d51f35918dd36a0d4e34cc91732e\System.ni.dll+2c37a4|UNKNOWN(00007FFF59099021)
SourceUser: DESKTOP-QGB4EQH\mari
TargetUser: DESKTOP-QGB4EQH\mari""",3,2024-11-30T13:43:56.863405600Z,62740,1760,DESKTOP-QGB4EQH,10,2356,INFORMATION,Microsoft-Windows-Sysmon,1,true,12,"Explorer process was accessed by C:\\Windows\\System32\\WindowsPowerShell\\v1.0\\powershell.exe, possible process injection","[""sysmon"",""sysmon_eid10_detections"",""windows""]",92910, , ,windows_eventchannel,log,"Nov 30, 2024 @ 13:43:57.560",EventChannel,1732974237.5653558,"Nov 30, 2024 @ 13:43:57.560", , , , , , , , , , , , , , , , , , , , , , , ,"[""Process Injection""]","[""T1055""]","[""Defense Evasion"",""Privilege Escalation""]", , , , , , , , , , , , ,2024-11-30 13:43:56.860, ,"technique_id=T1055.001,technique_name=Dynamic-link Library Injection", , , , , , , , , , , , , , , , , , , , , , , , , , , , , , , , , , , , , , , , , , , , , , , , , , , , , , , , , , , , , , , , , , , , , , , , , , , , , , , , , , , , , , , , , ,0x1410,2600,DESKTOP-QGB4EQH\\mari,C:\\Windows\\Explorer.EXE,{15959494-D537-6749-0D01-000000000D00},C:\\Windows\\SYSTEM32\\ntdll.dll+9a374|C:\\Windows\\System32\\KERNELBASE.dll+2fd5d|C:\\Windows\\assembly\\NativeImages_v4.0.30319_64\\System\\37a1d51f35918dd36a0d4e34cc91732e\\System.ni.dll+381f60|C:\\Windows\\assembly\\NativeImages_v4.0.30319_64\\System\\37a1d51f35918dd36a0d4e34cc91732e\\System.ni.dll+2fa12e|C:\\Windows\\assembly\\NativeImages_v4.0.30319_64\\System\\37a1d51f35918dd36a0d4e34cc91732e\\System.ni.dll+2f956f|C:\\Windows\\assembly\\NativeImages_v4.0.30319_64\\System\\37a1d51f35918dd36a0d4e34cc91732e\\System.ni.dll+2b7465|C:\\Windows\\assembly\\NativeImages_v4.0.30319_64\\System\\37a1d51f35918dd36a0d4e34cc91732e\\System.ni.dll+2c37a4|UNKNOWN(00007FFF59099021),5996,{15959494-D46C-6749-C900-000000000D00},4984,C:\\Windows\\System32\\WindowsPowerShell\\v1.0\\powershell.exe,DESKTOP-QGB4EQH\\mari, , , , , , , , 
wazuh-alerts-4.x-2024.11.30,WPpPfZMBRlc-D5DFASPI,1,1,192.168.117.134,window-agent3,003,Maryam,"2024-12-01T06:21:20Z, RulesEngine",16384,Software Protection Platform Service,0x80000000000000,{E23B33B0-C8C9-472C-A5F9-F2BDFEA0F156},4,Application,0,"""Successfully scheduled Software Protection service for re-start at 2024-12-01T06:21:20Z. Reason: RulesEngine.""",0,2024-11-30T13:42:20.463212500Z,2213,0,DESKTOP-QGB4EQH,0,0,INFORMATION,Microsoft-Windows-Security-SPP,1,false,3,Software protection service scheduled successfully.,"[""windows"",""windows_application""]",60642, , ,windows_eventchannel,log,"Nov 30, 2024 @ 13:42:20.531",EventChannel,1732974140.5629219,"Nov 30, 2024 @ 13:42:20.531", , , , , , , , , , , , , , , , , , , , , , , , , , , , , , , , , , , , , , , , , , , , , , , , , , , , , , , , , , , , , , , , , , , , , , , , , , , , , , , , , , , , , , , , , , , , , , , , , , , , , , , , , , , , , , , , , , , , , , , , , , , , , , , , , , , , , , , , , , , , , , , , , , , , , 
wazuh-alerts-4.x-2024.11.30,WfpPfZMBRlc-D5DFASPI,1,1,192.168.117.134,window-agent3,003,Maryam, ,7, ,0x8000000000000000,{5770385F-C22A-43E0-BF4C-06F5698FFBD9},4,Microsoft-Windows-Sysmon/Operational,0,"""Image loaded:
RuleName: technique_id=T1053,technique_name=Scheduled Task
UtcTime: 2024-11-30 13:42:20.447
ProcessGuid: {15959494-161C-674B-F90A-000000000D00}
ProcessId: 7576
Image: C:\Windows\System32\sppsvc.exe
ImageLoaded: C:\Windows\System32\taskschd.dll
FileVersion: 10.0.17134.1 (WinBuild.160101.0800)
Description: Task Scheduler COM API
Product: Microsoft® Windows® Operating System
Company: Microsoft Corporation
OriginalFileName: taskschd.dll
Hashes: SHA1=47221E645D323256A4B0B12B09891E30789EFECC,MD5=46EBDA1D65D32F2D329B8051D039F801,SHA256=52E960EDCCAEF5BB2BCD16627F3FB51BF43D1E97B4BD29D86A72172D0BF1022E,IMPHASH=88AA0B6E4721D06B33225AE5D36F7D6F
Signed: true
Signature: Microsoft Windows
SignatureStatus: Valid
User: NT AUTHORITY\NETWORK SERVICE""",3,2024-11-30T13:42:20.452250800Z,62693,1760,DESKTOP-QGB4EQH,7,2356,INFORMATION,Microsoft-Windows-Sysmon,3,false,4,Process loaded taskschd.dll module. May be used to create delayed malware execution,"[""sysmon"",""sysmon_eid7_detections"",""windows""]",92154, , ,windows_eventchannel,log,"Nov 30, 2024 @ 13:42:21.447",EventChannel,1732974141.5630816,"Nov 30, 2024 @ 13:42:21.447", , , , , , , , , , , , ,7576, , , , , , , , , , ,"[""Scheduled Task""]","[""T1053.005""]","[""Execution"",""Persistence"",""Privilege Escalation""]", , , ,taskschd.dll,C:\\Windows\\System32\\sppsvc.exe,Microsoft® Windows® Operating System,Microsoft Windows,C:\\Windows\\System32\\taskschd.dll,Task Scheduler COM API,true,Valid,{15959494-161C-674B-F90A-000000000D00},2024-11-30 13:42:20.447,"SHA1=47221E645D323256A4B0B12B09891E30789EFECC,MD5=46EBDA1D65D32F2D329B8051D039F801,SHA256=52E960EDCCAEF5BB2BCD16627F3FB51BF43D1E97B4BD29D86A72172D0BF1022E,IMPHASH=88AA0B6E4721D06B33225AE5D36F7D6F","technique_id=T1053,technique_name=Scheduled Task",Microsoft Corporation,10.0.17134.1 (WinBuild.160101.0800),NT AUTHORITY\\NETWORK SERVICE, , , , , , , , , , , , , , , , , , , , , , , , , , , , , , , , , , , , , , , , , , , , , , , , , , , , , , , , , , , , , , , , , , , , , , , , , , , , , , , , , , , , , , , , , , , , , , , , , , , , , , , , , 
wazuh-alerts-4.x-2024.11.30,VfpOfZMBRlc-D5DFXSPY,1,1,192.168.117.134,window-agent3,003,Maryam, ,7, ,0x8000000000000000,{5770385F-C22A-43E0-BF4C-06F5698FFBD9},4,Microsoft-Windows-Sysmon/Operational,0,"""Image loaded:
RuleName: technique_id=T1053,technique_name=Scheduled Task
UtcTime: 2024-11-30 13:41:44.092
ProcessGuid: {15959494-1618-674B-F70A-000000000D00}
ProcessId: 2196
Image: C:\Windows\System32\svchost.exe
ImageLoaded: C:\Windows\System32\taskschd.dll
FileVersion: 10.0.17134.1 (WinBuild.160101.0800)
Description: Task Scheduler COM API
Product: Microsoft® Windows® Operating System
Company: Microsoft Corporation
OriginalFileName: taskschd.dll
Hashes: SHA1=47221E645D323256A4B0B12B09891E30789EFECC,MD5=46EBDA1D65D32F2D329B8051D039F801,SHA256=52E960EDCCAEF5BB2BCD16627F3FB51BF43D1E97B4BD29D86A72172D0BF1022E,IMPHASH=88AA0B6E4721D06B33225AE5D36F7D6F
Signed: true
Signature: Microsoft Windows
SignatureStatus: Valid
User: NT AUTHORITY\SYSTEM""",3,2024-11-30T13:41:44.100889600Z,62680,1760,DESKTOP-QGB4EQH,7,2356,INFORMATION,Microsoft-Windows-Sysmon,2,false,4,Process loaded taskschd.dll module. May be used to create delayed malware execution,"[""sysmon"",""sysmon_eid7_detections"",""windows""]",92154, , ,windows_eventchannel,log,"Nov 30, 2024 @ 13:41:45.071",EventChannel,1732974105.5609984,"Nov 30, 2024 @ 13:41:45.071", , , , , , , , , , , , ,2196, , , , , , , , , , ,"[""Scheduled Task""]","[""T1053.005""]","[""Execution"",""Persistence"",""Privilege Escalation""]", , , ,taskschd.dll,C:\\Windows\\System32\\svchost.exe,Microsoft® Windows® Operating System,Microsoft Windows,C:\\Windows\\System32\\taskschd.dll,Task Scheduler COM API,true,Valid,{15959494-1618-674B-F70A-000000000D00},2024-11-30 13:41:44.092,"SHA1=47221E645D323256A4B0B12B09891E30789EFECC,MD5=46EBDA1D65D32F2D329B8051D039F801,SHA256=52E960EDCCAEF5BB2BCD16627F3FB51BF43D1E97B4BD29D86A72172D0BF1022E,IMPHASH=88AA0B6E4721D06B33225AE5D36F7D6F","technique_id=T1053,technique_name=Scheduled Task",Microsoft Corporation,10.0.17134.1 (WinBuild.160101.0800),NT AUTHORITY\\SYSTEM, , , , , , , , , , , , , , , , , , , , , , , , , , , , , , , , , , , , , , , , , , , , , , , , , , , , , , , , , , , , , , , , , , , , , , , , , , , , , , , , , , , , , , , , , , , , , , , , , , , , , , , , , 
wazuh-alerts-4.x-2024.11.30,W_pPfZMBRlc-D5DFbyMt,1,1,192.168.117.134,window-agent3,003,Maryam, ,7, ,0x8000000000000000,{5770385F-C22A-43E0-BF4C-06F5698FFBD9},4,Microsoft-Windows-Sysmon/Operational,0,"""Image loaded:
RuleName: technique_id=T1053,technique_name=Scheduled Task
UtcTime: 2024-11-30 13:42:53.807
ProcessGuid: {15959494-D383-6749-1400-000000000D00}
ProcessId: 992
Image: C:\Windows\System32\svchost.exe
ImageLoaded: C:\Windows\System32\taskschd.dll
FileVersion: 10.0.17134.1 (WinBuild.160101.0800)
Description: Task Scheduler COM API
Product: Microsoft® Windows® Operating System
Company: Microsoft Corporation
OriginalFileName: taskschd.dll
Hashes: SHA1=47221E645D323256A4B0B12B09891E30789EFECC,MD5=46EBDA1D65D32F2D329B8051D039F801,SHA256=52E960EDCCAEF5BB2BCD16627F3FB51BF43D1E97B4BD29D86A72172D0BF1022E,IMPHASH=88AA0B6E4721D06B33225AE5D36F7D6F
Signed: true
Signature: Microsoft Windows
SignatureStatus: Valid
User: NT AUTHORITY\SYSTEM""",3,2024-11-30T13:42:53.822400100Z,62699,1760,DESKTOP-QGB4EQH,7,2356,INFORMATION,Microsoft-Windows-Sysmon,4,false,4,Process loaded taskschd.dll module. May be used to create delayed malware execution,"[""sysmon"",""sysmon_eid7_detections"",""windows""]",92154, , ,windows_eventchannel,log,"Nov 30, 2024 @ 13:42:54.869",EventChannel,1732974174.5642759,"Nov 30, 2024 @ 13:42:54.869", , , , , , , , , , , , ,992, , , , , , , , , , ,"[""Scheduled Task""]","[""T1053.005""]","[""Execution"",""Persistence"",""Privilege Escalation""]", , , ,taskschd.dll,C:\\Windows\\System32\\svchost.exe,Microsoft® Windows® Operating System,Microsoft Windows,C:\\Windows\\System32\\taskschd.dll,Task Scheduler COM API,true,Valid,{15959494-D383-6749-1400-000000000D00},2024-11-30 13:42:53.807,"SHA1=47221E645D323256A4B0B12B09891E30789EFECC,MD5=46EBDA1D65D32F2D329B8051D039F801,SHA256=52E960EDCCAEF5BB2BCD16627F3FB51BF43D1E97B4BD29D86A72172D0BF1022E,IMPHASH=88AA0B6E4721D06B33225AE5D36F7D6F","technique_id=T1053,technique_name=Scheduled Task",Microsoft Corporation,10.0.17134.1 (WinBuild.160101.0800),NT AUTHORITY\\SYSTEM, , , , , , , , , , , , , , , , , , , , , , , , , , , , , , , , , , , , , , , , , , , , , , , , , , , , , , , , , , , , , , , , , , , , , , , , , , , , , , , , , , , , , , , , , , , , , , , , , , , , , , , , , 
wazuh-alerts-4.x-2024.11.30,i_pWfZMBRlc-D5DFEiOW,1,1,192.168.117.130,wazuh-agent,002,Maryam, ,11, ,0x8000000000000000,{5770385F-C22A-43E0-BF4C-06F5698FFBD9},4,Microsoft-Windows-Sysmon/Operational,0,"""File created:
RuleName: T1023
UtcTime: 2024-11-30 13:50:08.600
ProcessGuid: {D8AF36FB-17F4-674B-FE01-000000000900}
ProcessId: 4516
Image: C:\Users\maryam\AppData\Local\Microsoft\OneDrive\Update\OneDriveSetup.exe
TargetFilename: C:\Users\maryam\AppData\Roaming\Microsoft\Windows\Start Menu\Programs\OneDrive.lnk
CreationUtcTime: 2024-11-06 12:29:40.827
User: DESKTOP-FMI6MML\maryam""",2,2024-11-30T13:50:08.662257000Z,51017,4148,DESKTOP-FMI6MML,11,2364,INFORMATION,Microsoft-Windows-Sysmon,3,false,6,Scripting file created under Windows Temp or User folder,"[""sysmon"",""sysmon_eid11_detections"",""windows""]",92200, , ,windows_eventchannel,log,"Nov 30, 2024 @ 13:50:10.665",EventChannel,1732974610.5807876,"Nov 30, 2024 @ 13:50:10.665", , , , , , , , , , , , ,4516, , , , , , , , , , ,"[""Command and Scripting Interpreter"",""Ingress Tool Transfer""]","[""T1059"",""T1105""]","[""Execution"",""Command and Control""]", , , , ,C:\\Users\\maryam\\AppData\\Local\\Microsoft\\OneDrive\\Update\\OneDriveSetup.exe, , , , , , ,{D8AF36FB-17F4-674B-FE01-000000000900},2024-11-30 13:50:08.600, ,T1023, , ,DESKTOP-FMI6MML\\maryam, , , , , , , , , , , , , , , , , , , , , , , , , , , , , , , , , , , , ,C:\\Users\\maryam\\AppData\\Roaming\\Microsoft\\Windows\\Start Menu\\Programs\\OneDrive.lnk,2024-11-06 12:29:40.827, , , , , , , , , , , , , , , , , , , , , , , , , , , , , , , , , , , , , , , , , , , , , , , , , , , , , , , , , , , , , , , , , , , 
wazuh-alerts-4.x-2024.11.30,gfpVfZMBRlc-D5DFHCNn,1,1,192.168.117.130,wazuh-agent,002,Maryam,"hr=0xC004C003, 00010001(0x00000000, 17:18:57:021 - https://activation-v2.sls.microsoft.com/SLActivateProduct/SLActivateProduct.asmx?configextension=Retail)  00020001(0x00000000, 17:18:57:037)  00030001(0x00000000, 17:18:57:037 - https://activation-v2.sls.microsoft.com)  00030002(0x00000000, 17:18:57:037 - 0)  00040001(0x00000000, 17:18:57:037 - https://activation-v2.sls.microsoft.com)  00040002(0x00000000, 17:18:57:052 - 1, &lt;NULL&gt;, &lt;NULL&gt;, &lt;NULL&gt;)  00050002(0x80072F94, 17:18:57:084 - 0, 1)  00040006(0x00000001, 17:18:57:084 - 0, https://activation-v2.sls.microsoft.com, &lt;N/A&gt;, &lt;N/A&gt;)  00020005(0x00000000, 17:18:57:084 - 0)  0002000C(0x00000000, 17:18:59:490 - 500)  00010002(0x8004FC01, 17:18:59:505 - &lt;?xml version=\""1.0\"" encoding=\""utf-8\""?&gt;&lt;soap:Envelope xmlns:soap=\""http://schemas.xmlsoap.org/soap/envelope/\"" xmlns:xsi=\""http://www.w3.org/2001/XMLSchema-instance\"" xmlns:xsd=\""http://www.w3.org/2001/XMLSchema\""&gt;&lt;soap:Body&gt;&lt;soap:Fault&gt;&lt;faultcode&gt;soap:Server&lt;/faultcode&gt;&lt;faultstring&gt;SoapException&lt;/faultstring&gt;&lt;detail&gt;&lt;HRESULT&gt;0xC004C003&lt;/HRESULT&gt;&lt;Messages&gt;&lt;Message&gt;103 (Activation) - [PA Product key blocked.  ---&amp;gt; Product key blocked]&lt;/Message&gt;&lt;/Messages&gt;&lt;/detail&gt;&lt;/soap:Fault&gt;&lt;/soap:Body&gt;&lt;/soap:Envelope&gt;)  00010003(0x8004FC01, 17:18:59:505)",8200,Software Protection Platform Service,0x80000000000000,{E23B33B0-C8C9-472C-A5F9-F2BDFEA0F156},2,Application,0,"""License acquisition failure details. 
hr=0xC004C003""",0,2024-11-30T13:48:59.505955500Z,1733,0,DESKTOP-FMI6MML,0,0,ERROR,Microsoft-Windows-Security-SPP,1,false,9,Windows application error event.,"[""windows"",""windows_application"",""system_error""]",60602,"[""IV_35.7.d""]","[""4.3""]",windows_eventchannel,log,"Nov 30, 2024 @ 13:48:59.922",EventChannel,1732974539.5781974,"Nov 30, 2024 @ 13:48:59.922", , , , , , , , , , , , , , , , , , , , , , , , , , , , , , , , , , , , , , , , , , , , , , , , , , , , , , , , , , , , , , , , , , , , , , , , , , , , , , , , , , , , , , , , , , , , , , , , , , , , , , , , , , , , , , , , , , , , , , , , , , , , , , , , , , , , , , , , , , , , , , , , , , , , , 
wazuh-alerts-4.x-2024.11.30,h_pVfZMBRlc-D5DF1CML,1,1,192.168.117.130,wazuh-agent,002,Maryam, ,11, ,0x8000000000000000,{5770385F-C22A-43E0-BF4C-06F5698FFBD9},4,Microsoft-Windows-Sysmon/Operational,0,"""File created:
RuleName: -
UtcTime: 2024-11-30 13:49:50.694
ProcessGuid: {D8AF36FB-17F4-674B-FE01-000000000900}
ProcessId: 4516
Image: C:\Users\maryam\AppData\Local\Microsoft\OneDrive\Update\OneDriveSetup.exe
TargetFilename: C:\Users\maryam\AppData\Local\Microsoft\OneDrive\24.221.1103.0003\CollectSyncLogs.bat
CreationUtcTime: 2024-11-30 13:49:50.694
User: DESKTOP-FMI6MML\maryam""",2,2024-11-30T13:49:50.701206600Z,50816,4148,DESKTOP-FMI6MML,11,2364,INFORMATION,Microsoft-Windows-Sysmon,1,false,6,Scripting file created under Windows Temp or User folder,"[""sysmon"",""sysmon_eid11_detections"",""windows""]",92200, , ,windows_eventchannel,log,"Nov 30, 2024 @ 13:49:52.588",EventChannel,1732974592.5801970,"Nov 30, 2024 @ 13:49:52.588", , , , , , , , , , , , ,4516, , , , , , , , , , ,"[""Command and Scripting Interpreter"",""Ingress Tool Transfer""]","[""T1059"",""T1105""]","[""Execution"",""Command and Control""]", , , , ,C:\\Users\\maryam\\AppData\\Local\\Microsoft\\OneDrive\\Update\\OneDriveSetup.exe, , , , , , ,{D8AF36FB-17F4-674B-FE01-000000000900},2024-11-30 13:49:50.694, , , , ,DESKTOP-FMI6MML\\maryam, , , , , , , , , , , , , , , , , , , , , , , , , , , , , , , , , , , , ,C:\\Users\\maryam\\AppData\\Local\\Microsoft\\OneDrive\\24.221.1103.0003\\CollectSyncLogs.bat,2024-11-30 13:49:50.694, , , , , , , , , , , , , , , , , , , , , , , , , , , , , , , , , , , , , , , , , , , , , , , , , , , , , , , , , , , , , , , , , , , 
wazuh-alerts-4.x-2024.11.30,8_pXfZMBRlc-D5DFUyMK,1,1,192.168.117.134,window-agent3,003,Maryam, ,1, ,0x8000000000000000,{5770385F-C22A-43E0-BF4C-06F5698FFBD9},4,Microsoft-Windows-Sysmon/Operational,0,"""Process Create:
RuleName: technique_id=T1059.003,technique_name=Windows Command Shell
UtcTime: 2024-11-30 13:51:26.078
ProcessGuid: {15959494-185E-674B-220B-000000000D00}
ProcessId: 9120
Image: C:\Windows\System32\cmd.exe
FileVersion: 10.0.17134.1 (WinBuild.160101.0800)
Description: Windows Command Processor
Product: Microsoft® Windows® Operating System
Company: Microsoft Corporation
OriginalFileName: Cmd.Exe
CommandLine: c:\windows\system32\cmd.exe  /c cd /d C:\Users\mari\AppData\Local\Temp\ 
CurrentDirectory: C:\Windows\system32\
User: DESKTOP-QGB4EQH\mari
LogonGuid: {15959494-D46B-6749-6B7A-100000000000}
LogonId: 0x107A6B
TerminalSessionId: 1
IntegrityLevel: High
Hashes: SHA1=3CE71813199ABAE99348F61F0CAA34E2574F831C,MD5=4E2ACF4F8A396486AB4268C94A6A245F,SHA256=9A7C58BD98D70631AA1473F7B57B426DB367D72429A5455B433A05EE251F3236,IMPHASH=8542FB14699D84D7E8DA92F66145C7FE
ParentProcessGuid: {15959494-185D-674B-210B-000000000D00}
ParentProcessId: 9116
ParentImage: C:\Windows\System32\cmd.exe
ParentCommandLine: cmd.exe /C c:\windows\system32\cmd.exe /c cd /d %TEMP%\ & echo Set objShell = CreateObject(""WScript.Shell""):Set objExec = objShell.Exec(""whoami""):Set objExec = Nothing:Set objShell = Nothing > AtomicTest.vbs & AtomicTest.vbs
ParentUser: DESKTOP-QGB4EQH\mari""",5,2024-11-30T13:51:26.082434700Z,62918,1760,DESKTOP-QGB4EQH,1,2356,INFORMATION,Microsoft-Windows-Sysmon,2,false,3,Suspicious Windows cmd shell execution,"[""sysmon"",""sysmon_eid1_detections"",""windows""]",92032, , ,windows_eventchannel,log,"Nov 30, 2024 @ 13:51:26.406",EventChannel,1732974686.6124681,"Nov 30, 2024 @ 13:51:26.406", , , , , , , ,{15959494-D46B-6749-6B7A-100000000000}, , , , ,9120, , , , , , , , , , ,"[""Account Discovery"",""Windows Command Shell""]","[""T1087"",""T1059.003""]","[""Discovery"",""Execution""]", , , ,Cmd.Exe,C:\\Windows\\System32\\cmd.exe,Microsoft® Windows® Operating System, , ,Windows Command Processor, , ,{15959494-185E-674B-220B-000000000D00},2024-11-30 13:51:26.078,"SHA1=3CE71813199ABAE99348F61F0CAA34E2574F831C,MD5=4E2ACF4F8A396486AB4268C94A6A245F,SHA256=9A7C58BD98D70631AA1473F7B57B426DB367D72429A5455B433A05EE251F3236,IMPHASH=8542FB14699D84D7E8DA92F66145C7FE","technique_id=T1059.003,technique_name=Windows Command Shell",Microsoft Corporation,10.0.17134.1 (WinBuild.160101.0800),DESKTOP-QGB4EQH\\mari, , , , , , , , , , , , , , , , , , , , , , , , , , ,{15959494-185D-674B-210B-000000000D00},"cmd.exe /C c:\\windows\\system32\\cmd.exe /c cd /d %TEMP%\\ &amp; echo Set objShell = CreateObject(\""WScript.Shell\""):Set objExec = objShell.Exec(\""whoami\""):Set objExec = Nothing:Set objShell = Nothing &gt; AtomicTest.vbs &amp; AtomicTest.vbs",0x107a6b,9116,C:\\Windows\\system32\\,C:\\Windows\\System32\\cmd.exe,c:\\windows\\system32\\cmd.exe  /c cd /d C:\\Users\\mari\\AppData\\Local\\Temp\\,High,1,DESKTOP-QGB4EQH\\mari, , , , , , , , , , , , , , , , , , , , , , , , , , , , , , , , , , , , , , , , , , , , , , , , , , , , , , , , , , , , , , , , , , , , , 
wazuh-alerts-4.x-2024.11.30,9vpXfZMBRlc-D5DFUyMK,1,1,192.168.117.134,window-agent3,003,Maryam, ,1, ,0x8000000000000000,{5770385F-C22A-43E0-BF4C-06F5698FFBD9},4,Microsoft-Windows-Sysmon/Operational,0,"""Process Create:
RuleName: technique_id=T1033,technique_name=System Owner/User Discovery
UtcTime: 2024-11-30 13:51:26.999
ProcessGuid: {15959494-185E-674B-240B-000000000D00}
ProcessId: 9100
Image: C:\Windows\System32\whoami.exe
FileVersion: 10.0.17134.1 (WinBuild.160101.0800)
Description: whoami - displays logged on user information
Product: Microsoft® Windows® Operating System
Company: Microsoft Corporation
OriginalFileName: whoami.exe
CommandLine: whoami
CurrentDirectory: C:\Windows\system32\
User: DESKTOP-QGB4EQH\mari
LogonGuid: {15959494-D46B-6749-6B7A-100000000000}
LogonId: 0x107A6B
TerminalSessionId: 1
IntegrityLevel: High
Hashes: SHA1=79AAE5558E036F17218B21D27216C9EBFE313BE1,MD5=AA18BE1AD24DE09417C1A7459F5C1701,SHA256=59D6065C2DD2D1466EF8BAE087197F1222C7D7EFF84A12C8DB74C42F4EFBEB5D,IMPHASH=7FF0758B766F747CE57DFAC70743FB88
ParentProcessGuid: {15959494-185E-674B-230B-000000000D00}
ParentProcessId: 8416
ParentImage: C:\Windows\System32\wscript.exe
ParentCommandLine: ""C:\Windows\System32\WScript.exe"" ""C:\Windows\system32\AtomicTest.vbs"" 
ParentUser: DESKTOP-QGB4EQH\mari""",5,2024-11-30T13:51:27.002019900Z,62929,1760,DESKTOP-QGB4EQH,1,2356,INFORMATION,Microsoft-Windows-Sysmon,1,false,4,Scripting interpreter spawned a new process,"[""sysmon"",""sysmon_eid1_detections"",""windows""]",92000, , ,windows_eventchannel,log,"Nov 30, 2024 @ 13:51:27.796",EventChannel,1732974687.6141328,"Nov 30, 2024 @ 13:51:27.796", , , , , , , ,{15959494-D46B-6749-6B7A-100000000000}, , , , ,9100, , , , , , , , , , ,"[""Visual Basic""]","[""T1059.005""]","[""Execution""]", , , ,whoami.exe,C:\\Windows\\System32\\whoami.exe,Microsoft® Windows® Operating System, , ,whoami - displays logged on user information, , ,{15959494-185E-674B-240B-000000000D00},2024-11-30 13:51:26.999,"SHA1=79AAE5558E036F17218B21D27216C9EBFE313BE1,MD5=AA18BE1AD24DE09417C1A7459F5C1701,SHA256=59D6065C2DD2D1466EF8BAE087197F1222C7D7EFF84A12C8DB74C42F4EFBEB5D,IMPHASH=7FF0758B766F747CE57DFAC70743FB88","technique_id=T1033,technique_name=System Owner/User Discovery",Microsoft Corporation,10.0.17134.1 (WinBuild.160101.0800),DESKTOP-QGB4EQH\\mari, , , , , , , , , , , , , , , , , , , , , , , , , , ,{15959494-185E-674B-230B-000000000D00},"\""C:\\Windows\\System32\\WScript.exe\"" \""C:\\Windows\\system32\\AtomicTest.vbs\""",0x107a6b,8416,C:\\Windows\\system32\\,C:\\Windows\\System32\\wscript.exe,whoami,High,1,DESKTOP-QGB4EQH\\mari, , , , , , , , , , , , , , , , , , , , , , , , , , , , , , , , , , , , , , , , , , , , , , , , , , , , , , , , , , , , , , , , , , , , , 
wazuh-alerts-4.x-2024.11.30,9_pXfZMBRlc-D5DFViP5,1,1,192.168.117.134,window-agent3,003,Maryam, ,4624, ,0x8020000000000000,{54849625-5478-4994-A5BA-3E3B0328C30D},0,Security,0,"""An account was successfully logged on.

Subject:
	Security ID:		S-1-5-18
	Account Name:		DESKTOP-QGB4EQH$
	Account Domain:		WORKGROUP
	Logon ID:		0x3E7

Logon Information:
	Logon Type:		5
	Restricted Admin Mode:	-
	Virtual Account:		No
	Elevated Token:		Yes

Impersonation Level:		Impersonation

New Logon:
	Security ID:		S-1-5-18
	Account Name:		SYSTEM
	Account Domain:		NT AUTHORITY
	Logon ID:		0x3E7
	Linked Logon ID:		0x0
	Network Account Name:	-
	Network Account Domain:	-
	Logon GUID:		{00000000-0000-0000-0000-000000000000}

Process Information:
	Process ID:		0x250
	Process Name:		C:\Windows\System32\services.exe

Network Information:
	Workstation Name:	-
	Source Network Address:	-
	Source Port:		-

Detailed Authentication Information:
	Logon Process:		Advapi  
	Authentication Package:	Negotiate
	Transited Services:	-
	Package Name (NTLM only):	-
	Key Length:		0

This event is generated when a logon session is created. It is generated on the computer that was accessed.

The subject fields indicate the account on the local system which requested the logon. This is most commonly a service such as the Server service, or a local process such as Winlogon.exe or Services.exe.

The logon type field indicates the kind of logon that occurred. The most common types are 2 (interactive) and 3 (network).

The New Logon fields indicate the account for whom the new logon was created, i.e. the account that was logged on.

The network fields indicate where a remote logon request originated. Workstation name is not always available and may be left blank in some cases.

The impersonation level field indicates the extent to which a process in the logon session can impersonate.

The authentication information fields provide detailed information about this specific logon request.
	- Logon GUID is a unique identifier that can be used to correlate this event with a KDC event.
	- Transited services indicate which intermediate services have participated in this logon request.
	- Package name indicates which sub-protocol was used among the NTLM protocols.
	- Key length indicates the length of the generated session key. This will be 0 if no session key was requested.""",2,2024-11-30T13:51:27.532636900Z,5245,7952,DESKTOP-QGB4EQH,12544,656,AUDIT_SUCCESS,Microsoft-Windows-Security-Auditing,6,false,3,Windows logon success.,"[""windows"",""windows_security"",""authentication_success""]",60106,"[""IV_32.2""]","[""7.1"",""7.2""]",windows_eventchannel,log,"Nov 30, 2024 @ 13:51:33.695",EventChannel,1732974693.6147454,"Nov 30, 2024 @ 13:51:33.695",0x3e7,WORKGROUP,0x0,%%1833,Negotiate,0x3e7,Advapi,{00000000-0000-0000-0000-000000000000},SYSTEM,0,%%1842,S-1-5-18,0x250,C:\\Windows\\System32\\services.exe,NT AUTHORITY,S-1-5-18,%%1843,5,DESKTOP-QGB4EQH$,"[""164.312.b""]","[""10.2.5""]","[""CC6.8"",""CC7.2"",""CC7.3""]","[""AC.7"",""AU.14""]","[""Valid Accounts""]","[""T1078""]","[""Defense Evasion"",""Persistence"",""Privilege Escalation"",""Initial Access""]", , , , , , , , , , , , , , , , , , , , , , , , , , , , , , , , , , , , , , , , , , , , , , , , , , , , , , , , , , , , , , , , , , , , , , , , , , , , , , , , , , , , , , , , , , , , , , , , , , , , , , , , , , , , , , , , , , , , , , , , , , , 
wazuh-alerts-4.x-2024.11.30,G_pbfZMBRlc-D5DFBCR7,1,1,192.168.117.130,wazuh-agent,002,Maryam, ,11, ,0x8000000000000000,{5770385F-C22A-43E0-BF4C-06F5698FFBD9},4,Microsoft-Windows-Sysmon/Operational,0,"""File created:
RuleName: DLL
UtcTime: 2024-11-30 13:55:33.928
ProcessGuid: {D8AF36FB-1946-674B-2202-000000000900}
ProcessId: 6372
Image: C:\Windows\system32\cleanmgr.exe
TargetFilename: C:\Users\maryam\AppData\Local\Temp\04498C0A-3B14-4E85-853B-087C3BAA3946\AppxProvider.dll
CreationUtcTime: 2024-11-30 13:55:33.928
User: DESKTOP-FMI6MML\maryam""",2,2024-11-30T13:55:33.941842200Z,51330,4148,DESKTOP-FMI6MML,11,2364,INFORMATION,Microsoft-Windows-Sysmon,106,true,15,Executable file dropped in folder commonly used by malware,"[""sysmon"",""sysmon_eid11_detections"",""windows""]",92213, , ,windows_eventchannel,log,"Nov 30, 2024 @ 13:55:35.354",EventChannel,1732974935.6274073,"Nov 30, 2024 @ 13:55:35.354", , , , , , , , , , , , ,6372, , , , , , , , , , ,"[""Ingress Tool Transfer""]","[""T1105""]","[""Command and Control""]", , , , ,C:\\Windows\\system32\\cleanmgr.exe, , , , , , ,{D8AF36FB-1946-674B-2202-000000000900},2024-11-30 13:55:33.928, ,DLL, , ,DESKTOP-FMI6MML\\maryam, , , , , , , , , , , , , , , , , , , , , , , , , , , , , , , , , , , , ,C:\\Users\\maryam\\AppData\\Local\\Temp\\04498C0A-3B14-4E85-853B-087C3BAA3946\\AppxProvider.dll,2024-11-30 13:55:33.928, , , , , , , , , , , , , , , , , , , , , , , , , , , , , , , , , , , , , , , , , , , , , , , , , , , , , , , , , , , , , , , , , , , 
wazuh-alerts-4.x-2024.11.30,IPpbfZMBRlc-D5DFBCR7,1,1,192.168.117.130,wazuh-agent,002,Maryam, ,11, ,0x8000000000000000,{5770385F-C22A-43E0-BF4C-06F5698FFBD9},4,Microsoft-Windows-Sysmon/Operational,0,"""File created:
RuleName: DLL
UtcTime: 2024-11-30 13:55:34.022
ProcessGuid: {D8AF36FB-1946-674B-2202-000000000900}
ProcessId: 6372
Image: C:\Windows\system32\cleanmgr.exe
TargetFilename: C:\Users\maryam\AppData\Local\Temp\04498C0A-3B14-4E85-853B-087C3BAA3946\DismCorePS.dll
CreationUtcTime: 2024-11-30 13:55:34.022
User: DESKTOP-FMI6MML\maryam""",2,2024-11-30T13:55:34.027518800Z,51335,4148,DESKTOP-FMI6MML,11,2364,INFORMATION,Microsoft-Windows-Sysmon,111,true,15,Executable file dropped in folder commonly used by malware,"[""sysmon"",""sysmon_eid11_detections"",""windows""]",92213, , ,windows_eventchannel,log,"Nov 30, 2024 @ 13:55:35.430",EventChannel,1732974935.6288085,"Nov 30, 2024 @ 13:55:35.430", , , , , , , , , , , , ,6372, , , , , , , , , , ,"[""Ingress Tool Transfer""]","[""T1105""]","[""Command and Control""]", , , , ,C:\\Windows\\system32\\cleanmgr.exe, , , , , , ,{D8AF36FB-1946-674B-2202-000000000900},2024-11-30 13:55:34.022, ,DLL, , ,DESKTOP-FMI6MML\\maryam, , , , , , , , , , , , , , , , , , , , , , , , , , , , , , , , , , , , ,C:\\Users\\maryam\\AppData\\Local\\Temp\\04498C0A-3B14-4E85-853B-087C3BAA3946\\DismCorePS.dll,2024-11-30 13:55:34.022, , , , , , , , , , , , , , , , , , , , , , , , , , , , , , , , , , , , , , , , , , , , , , , , , , , , , , , , , , , , , , , , , , , 
wazuh-alerts-4.x-2024.11.30,IfpbfZMBRlc-D5DFBCR7,1,1,192.168.117.130,wazuh-agent,002,Maryam, ,11, ,0x8000000000000000,{5770385F-C22A-43E0-BF4C-06F5698FFBD9},4,Microsoft-Windows-Sysmon/Operational,0,"""File created:
RuleName: EXE
UtcTime: 2024-11-30 13:55:34.022
ProcessGuid: {D8AF36FB-1946-674B-2202-000000000900}
ProcessId: 6372
Image: C:\Windows\system32\cleanmgr.exe
TargetFilename: C:\Users\maryam\AppData\Local\Temp\04498C0A-3B14-4E85-853B-087C3BAA3946\DismHost.exe
CreationUtcTime: 2024-11-30 13:55:34.022
User: DESKTOP-FMI6MML\maryam""",2,2024-11-30T13:55:34.031728600Z,51336,4148,DESKTOP-FMI6MML,11,2364,INFORMATION,Microsoft-Windows-Sysmon,112,true,15,Executable file dropped in folder commonly used by malware,"[""sysmon"",""sysmon_eid11_detections"",""windows""]",92213, , ,windows_eventchannel,log,"Nov 30, 2024 @ 13:55:35.446",EventChannel,1732974935.6290881,"Nov 30, 2024 @ 13:55:35.446", , , , , , , , , , , , ,6372, , , , , , , , , , ,"[""Ingress Tool Transfer""]","[""T1105""]","[""Command and Control""]", , , , ,C:\\Windows\\system32\\cleanmgr.exe, , , , , , ,{D8AF36FB-1946-674B-2202-000000000900},2024-11-30 13:55:34.022, ,EXE, , ,DESKTOP-FMI6MML\\maryam, , , , , , , , , , , , , , , , , , , , , , , , , , , , , , , , , , , , ,C:\\Users\\maryam\\AppData\\Local\\Temp\\04498C0A-3B14-4E85-853B-087C3BAA3946\\DismHost.exe,2024-11-30 13:55:34.022, , , , , , , , , , , , , , , , , , , , , , , , , , , , , , , , , , , , , , , , , , , , , , , , , , , , , , , , , , , , , , , , , , , 
wazuh-alerts-4.x-2024.11.30,KPpbfZMBRlc-D5DFBCR7,1,1,192.168.117.130,wazuh-agent,002,Maryam, ,11, ,0x8000000000000000,{5770385F-C22A-43E0-BF4C-06F5698FFBD9},4,Microsoft-Windows-Sysmon/Operational,0,"""File created:
RuleName: DLL
UtcTime: 2024-11-30 13:55:34.147
ProcessGuid: {D8AF36FB-1946-674B-2202-000000000900}
ProcessId: 6372
Image: C:\Windows\system32\cleanmgr.exe
TargetFilename: C:\Users\maryam\AppData\Local\Temp\04498C0A-3B14-4E85-853B-087C3BAA3946\ImagingProvider.dll
CreationUtcTime: 2024-11-30 13:55:34.147
User: DESKTOP-FMI6MML\maryam""",2,2024-11-30T13:55:34.149832500Z,51343,4148,DESKTOP-FMI6MML,11,2364,INFORMATION,Microsoft-Windows-Sysmon,119,true,15,Executable file dropped in folder commonly used by malware,"[""sysmon"",""sysmon_eid11_detections"",""windows""]",92213, , ,windows_eventchannel,log,"Nov 30, 2024 @ 13:55:35.555",EventChannel,1732974935.6310485,"Nov 30, 2024 @ 13:55:35.555", , , , , , , , , , , , ,6372, , , , , , , , , , ,"[""Ingress Tool Transfer""]","[""T1105""]","[""Command and Control""]", , , , ,C:\\Windows\\system32\\cleanmgr.exe, , , , , , ,{D8AF36FB-1946-674B-2202-000000000900},2024-11-30 13:55:34.147, ,DLL, , ,DESKTOP-FMI6MML\\maryam, , , , , , , , , , , , , , , , , , , , , , , , , , , , , , , , , , , , ,C:\\Users\\maryam\\AppData\\Local\\Temp\\04498C0A-3B14-4E85-853B-087C3BAA3946\\ImagingProvider.dll,2024-11-30 13:55:34.147, , , , , , , , , , , , , , , , , , , , , , , , , , , , , , , , , , , , , , , , , , , , , , , , , , , , , , , , , , , , , , , , , , , 
wazuh-alerts-4.x-2024.11.30,KfpbfZMBRlc-D5DFBCR7,1,1,192.168.117.130,wazuh-agent,002,Maryam, ,11, ,0x8000000000000000,{5770385F-C22A-43E0-BF4C-06F5698FFBD9},4,Microsoft-Windows-Sysmon/Operational,0,"""File created:
RuleName: DLL
UtcTime: 2024-11-30 13:55:34.147
ProcessGuid: {D8AF36FB-1946-674B-2202-000000000900}
ProcessId: 6372
Image: C:\Windows\system32\cleanmgr.exe
TargetFilename: C:\Users\maryam\AppData\Local\Temp\04498C0A-3B14-4E85-853B-087C3BAA3946\IntlProvider.dll
CreationUtcTime: 2024-11-30 13:55:34.147
User: DESKTOP-FMI6MML\maryam""",2,2024-11-30T13:55:34.153016000Z,51344,4148,DESKTOP-FMI6MML,11,2364,INFORMATION,Microsoft-Windows-Sysmon,120,true,15,Executable file dropped in folder commonly used by malware,"[""sysmon"",""sysmon_eid11_detections"",""windows""]",92213, , ,windows_eventchannel,log,"Nov 30, 2024 @ 13:55:35.571",EventChannel,1732974935.6313301,"Nov 30, 2024 @ 13:55:35.571", , , , , , , , , , , , ,6372, , , , , , , , , , ,"[""Ingress Tool Transfer""]","[""T1105""]","[""Command and Control""]", , , , ,C:\\Windows\\system32\\cleanmgr.exe, , , , , , ,{D8AF36FB-1946-674B-2202-000000000900},2024-11-30 13:55:34.147, ,DLL, , ,DESKTOP-FMI6MML\\maryam, , , , , , , , , , , , , , , , , , , , , , , , , , , , , , , , , , , , ,C:\\Users\\maryam\\AppData\\Local\\Temp\\04498C0A-3B14-4E85-853B-087C3BAA3946\\IntlProvider.dll,2024-11-30 13:55:34.147, , , , , , , , , , , , , , , , , , , , , , , , , , , , , , , , , , , , , , , , , , , , , , , , , , , , , , , , , , , , , , , , , , , 
wazuh-alerts-4.x-2024.11.30,K_pbfZMBRlc-D5DFBCR7,1,1,192.168.117.130,wazuh-agent,002,Maryam, ,11, ,0x8000000000000000,{5770385F-C22A-43E0-BF4C-06F5698FFBD9},4,Microsoft-Windows-Sysmon/Operational,0,"""File created:
RuleName: DLL
UtcTime: 2024-11-30 13:55:34.147
ProcessGuid: {D8AF36FB-1946-674B-2202-000000000900}
ProcessId: 6372
Image: C:\Windows\system32\cleanmgr.exe
TargetFilename: C:\Users\maryam\AppData\Local\Temp\04498C0A-3B14-4E85-853B-087C3BAA3946\MsiProvider.dll
CreationUtcTime: 2024-11-30 13:55:34.147
User: DESKTOP-FMI6MML\maryam""",2,2024-11-30T13:55:34.160646100Z,51346,4148,DESKTOP-FMI6MML,11,2364,INFORMATION,Microsoft-Windows-Sysmon,122,true,15,Executable file dropped in folder commonly used by malware,"[""sysmon"",""sysmon_eid11_detections"",""windows""]",92213, , ,windows_eventchannel,log,"Nov 30, 2024 @ 13:55:35.602",EventChannel,1732974935.6318905,"Nov 30, 2024 @ 13:55:35.602", , , , , , , , , , , , ,6372, , , , , , , , , , ,"[""Ingress Tool Transfer""]","[""T1105""]","[""Command and Control""]", , , , ,C:\\Windows\\system32\\cleanmgr.exe, , , , , , ,{D8AF36FB-1946-674B-2202-000000000900},2024-11-30 13:55:34.147, ,DLL, , ,DESKTOP-FMI6MML\\maryam, , , , , , , , , , , , , , , , , , , , , , , , , , , , , , , , , , , , ,C:\\Users\\maryam\\AppData\\Local\\Temp\\04498C0A-3B14-4E85-853B-087C3BAA3946\\MsiProvider.dll,2024-11-30 13:55:34.147, , , , , , , , , , , , , , , , , , , , , , , , , , , , , , , , , , , , , , , , , , , , , , , , , , , , , , , , , , , , , , , , , , , 
wazuh-alerts-4.x-2024.11.30,LPpbfZMBRlc-D5DFBCR7,1,1,192.168.117.130,wazuh-agent,002,Maryam, ,11, ,0x8000000000000000,{5770385F-C22A-43E0-BF4C-06F5698FFBD9},4,Microsoft-Windows-Sysmon/Operational,0,"""File created:
RuleName: DLL
UtcTime: 2024-11-30 13:55:34.162
ProcessGuid: {D8AF36FB-1946-674B-2202-000000000900}
ProcessId: 6372
Image: C:\Windows\system32\cleanmgr.exe
TargetFilename: C:\Users\maryam\AppData\Local\Temp\04498C0A-3B14-4E85-853B-087C3BAA3946\OfflineSetupProvider.dll
CreationUtcTime: 2024-11-30 13:55:34.162
User: DESKTOP-FMI6MML\maryam""",2,2024-11-30T13:55:34.165471300Z,51347,4148,DESKTOP-FMI6MML,11,2364,INFORMATION,Microsoft-Windows-Sysmon,123,true,15,Executable file dropped in folder commonly used by malware,"[""sysmon"",""sysmon_eid11_detections"",""windows""]",92213, , ,windows_eventchannel,log,"Nov 30, 2024 @ 13:55:35.620",EventChannel,1732974935.6321705,"Nov 30, 2024 @ 13:55:35.620", , , , , , , , , , , , ,6372, , , , , , , , , , ,"[""Ingress Tool Transfer""]","[""T1105""]","[""Command and Control""]", , , , ,C:\\Windows\\system32\\cleanmgr.exe, , , , , , ,{D8AF36FB-1946-674B-2202-000000000900},2024-11-30 13:55:34.162, ,DLL, , ,DESKTOP-FMI6MML\\maryam, , , , , , , , , , , , , , , , , , , , , , , , , , , , , , , , , , , , ,C:\\Users\\maryam\\AppData\\Local\\Temp\\04498C0A-3B14-4E85-853B-087C3BAA3946\\OfflineSetupProvider.dll,2024-11-30 13:55:34.162, , , , , , , , , , , , , , , , , , , , , , , , , , , , , , , , , , , , , , , , , , , , , , , , , , , , , , , , , , , , , , , , , , , 
wazuh-alerts-4.x-2024.11.30,L_pbfZMBRlc-D5DFBCR7,1,1,192.168.117.130,wazuh-agent,002,Maryam, ,11, ,0x8000000000000000,{5770385F-C22A-43E0-BF4C-06F5698FFBD9},4,Microsoft-Windows-Sysmon/Operational,0,"""File created:
RuleName: DLL
UtcTime: 2024-11-30 13:55:34.178
ProcessGuid: {D8AF36FB-1946-674B-2202-000000000900}
ProcessId: 6372
Image: C:\Windows\system32\cleanmgr.exe
TargetFilename: C:\Users\maryam\AppData\Local\Temp\04498C0A-3B14-4E85-853B-087C3BAA3946\SetupPlatformProvider.dll
CreationUtcTime: 2024-11-30 13:55:34.178
User: DESKTOP-FMI6MML\maryam""",2,2024-11-30T13:55:34.182417000Z,51350,4148,DESKTOP-FMI6MML,11,2364,INFORMATION,Microsoft-Windows-Sysmon,126,true,15,Executable file dropped in folder commonly used by malware,"[""sysmon"",""sysmon_eid11_detections"",""windows""]",92213, , ,windows_eventchannel,log,"Nov 30, 2024 @ 13:55:35.664",EventChannel,1732974935.6330141,"Nov 30, 2024 @ 13:55:35.664", , , , , , , , , , , , ,6372, , , , , , , , , , ,"[""Ingress Tool Transfer""]","[""T1105""]","[""Command and Control""]", , , , ,C:\\Windows\\system32\\cleanmgr.exe, , , , , , ,{D8AF36FB-1946-674B-2202-000000000900},2024-11-30 13:55:34.178, ,DLL, , ,DESKTOP-FMI6MML\\maryam, , , , , , , , , , , , , , , , , , , , , , , , , , , , , , , , , , , , ,C:\\Users\\maryam\\AppData\\Local\\Temp\\04498C0A-3B14-4E85-853B-087C3BAA3946\\SetupPlatformProvider.dll,2024-11-30 13:55:34.178, , , , , , , , , , , , , , , , , , , , , , , , , , , , , , , , , , , , , , , , , , , , , , , , , , , , , , , , , , , , , , , , , , , 
wazuh-alerts-4.x-2024.11.30,NfpbfZMBRlc-D5DFCCRf,1,1,192.168.117.130,wazuh-agent,002,Maryam, ,11, ,0x8000000000000000,{5770385F-C22A-43E0-BF4C-06F5698FFBD9},4,Microsoft-Windows-Sysmon/Operational,0,"""File created:
RuleName: DLL
UtcTime: 2024-11-30 13:55:34.225
ProcessGuid: {D8AF36FB-1946-674B-2202-000000000900}
ProcessId: 6372
Image: C:\Windows\system32\cleanmgr.exe
TargetFilename: C:\Users\maryam\AppData\Local\Temp\04498C0A-3B14-4E85-853B-087C3BAA3946\WimProvider.dll
CreationUtcTime: 2024-11-30 13:55:34.225
User: DESKTOP-FMI6MML\maryam""",2,2024-11-30T13:55:34.236601600Z,51356,4148,DESKTOP-FMI6MML,11,2364,INFORMATION,Microsoft-Windows-Sysmon,132,true,15,Executable file dropped in folder commonly used by malware,"[""sysmon"",""sysmon_eid11_detections"",""windows""]",92213, , ,windows_eventchannel,log,"Nov 30, 2024 @ 13:55:35.757",EventChannel,1732974935.6347037,"Nov 30, 2024 @ 13:55:35.757", , , , , , , , , , , , ,6372, , , , , , , , , , ,"[""Ingress Tool Transfer""]","[""T1105""]","[""Command and Control""]", , , , ,C:\\Windows\\system32\\cleanmgr.exe, , , , , , ,{D8AF36FB-1946-674B-2202-000000000900},2024-11-30 13:55:34.225, ,DLL, , ,DESKTOP-FMI6MML\\maryam, , , , , , , , , , , , , , , , , , , , , , , , , , , , , , , , , , , , ,C:\\Users\\maryam\\AppData\\Local\\Temp\\04498C0A-3B14-4E85-853B-087C3BAA3946\\WimProvider.dll,2024-11-30 13:55:34.225, , , , , , , , , , , , , , , , , , , , , , , , , , , , , , , , , , , , , , , , , , , , , , , , , , , , , , , , , , , , , , , , , , , 
