wazuh-alerts-4.x-2024.11.30,N_pbfZMBRlc-D5DFECQv,1,1,192.168.117.130,wazuh-agent,002,Maryam, ,4624, ,0x8020000000000000,{54849625-5478-4994-A5BA-3E3B0328C30D},0,Security,0,"""An account was successfully logged on.

Subject:
	Security ID:		S-1-5-18
	Account Name:		DESKTOP-FMI6MML$
	Account Domain:		WORKGROUP
	Logon ID:		0x3E7

Logon Information:
	Logon Type:		5
	Restricted Admin Mode:	-
	Virtual Account:		No
	Elevated Token:		Yes

Impersonation Level:		Impersonation

New Logon:
	Security ID:		S-1-5-18
	Account Name:		SYSTEM
	Account Domain:		NT AUTHORITY
	Logon ID:		0x3E7
	Linked Logon ID:		0x0
	Network Account Name:	-
	Network Account Domain:	-
	Logon GUID:		{00000000-0000-0000-0000-000000000000}

Process Information:
	Process ID:		0x284
	Process Name:		C:\Windows\System32\services.exe

Network Information:
	Workstation Name:	-
	Source Network Address:	-
	Source Port:		-

Detailed Authentication Information:
	Logon Process:		Advapi  
	Authentication Package:	Negotiate
	Transited Services:	-
	Package Name (NTLM only):	-
	Key Length:		0

This event is generated when a logon session is created. It is generated on the computer that was accessed.

The subject fields indicate the account on the local system which requested the logon. This is most commonly a service such as the Server service, or a local process such as Winlogon.exe or Services.exe.

The logon type field indicates the kind of logon that occurred. The most common types are 2 (interactive) and 3 (network).

The New Logon fields indicate the account for whom the new logon was created, i.e. the account that was logged on.

The network fields indicate where a remote logon request originated. Workstation name is not always available and may be left blank in some cases.

The impersonation level field indicates the extent to which a process in the logon session can impersonate.

The authentication information fields provide detailed information about this specific logon request.
	- Logon GUID is a unique identifier that can be used to correlate this event with a KDC event.
	- Transited services indicate which intermediate services have participated in this logon request.
	- Package name indicates which sub-protocol was used among the NTLM protocols.
	- Key length indicates the length of the generated session key. This will be 0 if no session key was requested.""",2,2024-11-30T13:55:36.418488400Z,251868,3556,DESKTOP-FMI6MML,12544,660,AUDIT_SUCCESS,Microsoft-Windows-Security-Auditing,12,false,3,Windows logon success.,"[""windows"",""windows_security"",""authentication_success""]",60106,"[""IV_32.2""]","[""7.1"",""7.2""]",windows_eventchannel,log,"Nov 30, 2024 @ 13:55:37.484",EventChannel,1732974937.6354010,"Nov 30, 2024 @ 13:55:37.484",0x3e7,WORKGROUP,0x0,%%1833,Negotiate,0x3e7,Advapi,{00000000-0000-0000-0000-000000000000},SYSTEM,0,%%1842,S-1-5-18,0x284,C:\\Windows\\System32\\services.exe,NT AUTHORITY,S-1-5-18,%%1843,5,DESKTOP-FMI6MML$,"[""164.312.b""]","[""10.2.5""]","[""CC6.8"",""CC7.2"",""CC7.3""]","[""AC.7"",""AU.14""]","[""Valid Accounts""]","[""T1078""]","[""Defense Evasion"",""Persistence"",""Privilege Escalation"",""Initial Access""]", , , , , , , , , , , , , , , , , , , , , , , , , , , , , , , , , , , , , , , , , , , , , , , , , , , , , , , , , , , , , , , , , , , , , , , , , , , , , , , , , , , , , , , , , , , , , , , , , , , , , , , , , , , , , , , , , , , , , , , , , , , 
wazuh-alerts-4.x-2024.11.30,DvpafZMBRlc-D5DF2SSV,1,1,192.168.117.130,wazuh-agent,002,Maryam, ,4624, ,0x8020000000000000,{54849625-5478-4994-A5BA-3E3B0328C30D},0,Security,0,"""An account was successfully logged on.

Subject:
	Security ID:		S-1-5-18
	Account Name:		DESKTOP-FMI6MML$
	Account Domain:		WORKGROUP
	Logon ID:		0x3E7

Logon Information:
	Logon Type:		5
	Restricted Admin Mode:	-
	Virtual Account:		No
	Elevated Token:		Yes

Impersonation Level:		Impersonation

New Logon:
	Security ID:		S-1-5-18
	Account Name:		SYSTEM
	Account Domain:		NT AUTHORITY
	Logon ID:		0x3E7
	Linked Logon ID:		0x0
	Network Account Name:	-
	Network Account Domain:	-
	Logon GUID:		{00000000-0000-0000-0000-000000000000}

Process Information:
	Process ID:		0x284
	Process Name:		C:\Windows\System32\services.exe

Network Information:
	Workstation Name:	-
	Source Network Address:	-
	Source Port:		-

Detailed Authentication Information:
	Logon Process:		Advapi  
	Authentication Package:	Negotiate
	Transited Services:	-
	Package Name (NTLM only):	-
	Key Length:		0

This event is generated when a logon session is created. It is generated on the computer that was accessed.

The subject fields indicate the account on the local system which requested the logon. This is most commonly a service such as the Server service, or a local process such as Winlogon.exe or Services.exe.

The logon type field indicates the kind of logon that occurred. The most common types are 2 (interactive) and 3 (network).

The New Logon fields indicate the account for whom the new logon was created, i.e. the account that was logged on.

The network fields indicate where a remote logon request originated. Workstation name is not always available and may be left blank in some cases.

The impersonation level field indicates the extent to which a process in the logon session can impersonate.

The authentication information fields provide detailed information about this specific logon request.
	- Logon GUID is a unique identifier that can be used to correlate this event with a KDC event.
	- Transited services indicate which intermediate services have participated in this logon request.
	- Package name indicates which sub-protocol was used among the NTLM protocols.
	- Key length indicates the length of the generated session key. This will be 0 if no session key was requested.""",2,2024-11-30T13:55:19.049761800Z,251720,2848,DESKTOP-FMI6MML,12544,660,AUDIT_SUCCESS,Microsoft-Windows-Security-Auditing,9,false,3,Windows logon success.,"[""windows"",""windows_security"",""authentication_success""]",60106,"[""IV_32.2""]","[""7.1"",""7.2""]",windows_eventchannel,log,"Nov 30, 2024 @ 13:55:20.371",EventChannel,1732974920.6223804,"Nov 30, 2024 @ 13:55:20.371",0x3e7,WORKGROUP,0x0,%%1833,Negotiate,0x3e7,Advapi,{00000000-0000-0000-0000-000000000000},SYSTEM,0,%%1842,S-1-5-18,0x284,C:\\Windows\\System32\\services.exe,NT AUTHORITY,S-1-5-18,%%1843,5,DESKTOP-FMI6MML$,"[""164.312.b""]","[""10.2.5""]","[""CC6.8"",""CC7.2"",""CC7.3""]","[""AC.7"",""AU.14""]","[""Valid Accounts""]","[""T1078""]","[""Defense Evasion"",""Persistence"",""Privilege Escalation"",""Initial Access""]", , , , , , , , , , , , , , , , , , , , , , , , , , , , , , , , , , , , , , , , , , , , , , , , , , , , , , , , , , , , , , , , , , , , , , , , , , , , , , , , , , , , , , , , , , , , , , , , , , , , , , , , , , , , , , , , , , , , , , , , , , , 
wazuh-alerts-4.x-2024.11.30,F_pafZMBRlc-D5DF2SSV,1,1,192.168.117.130,wazuh-agent,002,Maryam, ,4624, ,0x8020000000000000,{54849625-5478-4994-A5BA-3E3B0328C30D},0,Security,0,"""An account was successfully logged on.

Subject:
	Security ID:		S-1-5-18
	Account Name:		DESKTOP-FMI6MML$
	Account Domain:		WORKGROUP
	Logon ID:		0x3E7

Logon Information:
	Logon Type:		5
	Restricted Admin Mode:	-
	Virtual Account:		No
	Elevated Token:		Yes

Impersonation Level:		Impersonation

New Logon:
	Security ID:		S-1-5-18
	Account Name:		SYSTEM
	Account Domain:		NT AUTHORITY
	Logon ID:		0x3E7
	Linked Logon ID:		0x0
	Network Account Name:	-
	Network Account Domain:	-
	Logon GUID:		{00000000-0000-0000-0000-000000000000}

Process Information:
	Process ID:		0x284
	Process Name:		C:\Windows\System32\services.exe

Network Information:
	Workstation Name:	-
	Source Network Address:	-
	Source Port:		-

Detailed Authentication Information:
	Logon Process:		Advapi  
	Authentication Package:	Negotiate
	Transited Services:	-
	Package Name (NTLM only):	-
	Key Length:		0

This event is generated when a logon session is created. It is generated on the computer that was accessed.

The subject fields indicate the account on the local system which requested the logon. This is most commonly a service such as the Server service, or a local process such as Winlogon.exe or Services.exe.

The logon type field indicates the kind of logon that occurred. The most common types are 2 (interactive) and 3 (network).

The New Logon fields indicate the account for whom the new logon was created, i.e. the account that was logged on.

The network fields indicate where a remote logon request originated. Workstation name is not always available and may be left blank in some cases.

The impersonation level field indicates the extent to which a process in the logon session can impersonate.

The authentication information fields provide detailed information about this specific logon request.
	- Logon GUID is a unique identifier that can be used to correlate this event with a KDC event.
	- Transited services indicate which intermediate services have participated in this logon request.
	- Package name indicates which sub-protocol was used among the NTLM protocols.
	- Key length indicates the length of the generated session key. This will be 0 if no session key was requested.""",2,2024-11-30T13:55:19.060515500Z,251724,2848,DESKTOP-FMI6MML,12544,660,AUDIT_SUCCESS,Microsoft-Windows-Security-Auditing,10,false,3,Windows logon success.,"[""windows"",""windows_security"",""authentication_success""]",60106,"[""IV_32.2""]","[""7.1"",""7.2""]",windows_eventchannel,log,"Nov 30, 2024 @ 13:55:20.571",EventChannel,1732974920.6252790,"Nov 30, 2024 @ 13:55:20.571",0x3e7,WORKGROUP,0x0,%%1833,Negotiate,0x3e7,Advapi,{00000000-0000-0000-0000-000000000000},SYSTEM,0,%%1842,S-1-5-18,0x284,C:\\Windows\\System32\\services.exe,NT AUTHORITY,S-1-5-18,%%1843,5,DESKTOP-FMI6MML$,"[""164.312.b""]","[""10.2.5""]","[""CC6.8"",""CC7.2"",""CC7.3""]","[""AC.7"",""AU.14""]","[""Valid Accounts""]","[""T1078""]","[""Defense Evasion"",""Persistence"",""Privilege Escalation"",""Initial Access""]", , , , , , , , , , , , , , , , , , , , , , , , , , , , , , , , , , , , , , , , , , , , , , , , , , , , , , , , , , , , , , , , , , , , , , , , , , , , , , , , , , , , , , , , , , , , , , , , , , , , , , , , , , , , , , , , , , , , , , , , , , , 
wazuh-alerts-4.x-2024.11.30,jvpWfZMBRlc-D5DFLiMX,1,1,192.168.117.130,wazuh-agent,002,Maryam, ,11, ,0x8000000000000000,{5770385F-C22A-43E0-BF4C-06F5698FFBD9},4,Microsoft-Windows-Sysmon/Operational,0,"""File created:
RuleName: EXE
UtcTime: 2024-11-30 13:50:14.975
ProcessGuid: {D8AF36FB-1816-674B-0602-000000000900}
ProcessId: 2660
Image: C:\Users\maryam\AppData\Local\Microsoft\OneDrive\StandaloneUpdater\MicrosoftEdgeWebview2Setup.exe
TargetFilename: C:\Users\maryam\AppData\Local\Temp\EU60C8.tmp\MicrosoftEdgeUpdateBroker.exe
CreationUtcTime: 2024-11-30 13:50:14.975
User: DESKTOP-FMI6MML\maryam""",2,2024-11-30T13:50:14.988278800Z,51086,4148,DESKTOP-FMI6MML,11,2364,INFORMATION,Microsoft-Windows-Sysmon,6,true,15,Executable file dropped in folder commonly used by malware,"[""sysmon"",""sysmon_eid11_detections"",""windows""]",92213, , ,windows_eventchannel,log,"Nov 30, 2024 @ 13:50:15.743",EventChannel,1732974615.5816852,"Nov 30, 2024 @ 13:50:15.743", , , , , , , , , , , , ,2660, , , , , , , , , , ,"[""Ingress Tool Transfer""]","[""T1105""]","[""Command and Control""]", , , , ,C:\\Users\\maryam\\AppData\\Local\\Microsoft\\OneDrive\\StandaloneUpdater\\MicrosoftEdgeWebview2Setup.exe, , , , , , ,{D8AF36FB-1816-674B-0602-000000000900},2024-11-30 13:50:14.975, ,EXE, , ,DESKTOP-FMI6MML\\maryam, , , , , , , , , , , , , , , , , , , , , , , , , , , , , , , , , , , , ,C:\\Users\\maryam\\AppData\\Local\\Temp\\EU60C8.tmp\\MicrosoftEdgeUpdateBroker.exe,2024-11-30 13:50:14.975, , , , , , , , , , , , , , , , , , , , , , , , , , , , , , , , , , , , , , , , , , , , , , , , , , , , , , , , , , , , , , , , , , , 
wazuh-alerts-4.x-2024.11.30,kPpWfZMBRlc-D5DFLiMX,1,1,192.168.117.130,wazuh-agent,002,Maryam, ,11, ,0x8000000000000000,{5770385F-C22A-43E0-BF4C-06F5698FFBD9},4,Microsoft-Windows-Sysmon/Operational,0,"""File created:
RuleName: EXE
UtcTime: 2024-11-30 13:50:14.990
ProcessGuid: {D8AF36FB-1816-674B-0602-000000000900}
ProcessId: 2660
Image: C:\Users\maryam\AppData\Local\Microsoft\OneDrive\StandaloneUpdater\MicrosoftEdgeWebview2Setup.exe
TargetFilename: C:\Users\maryam\AppData\Local\Temp\EU60C8.tmp\MicrosoftEdgeUpdateComRegisterShell64.exe
CreationUtcTime: 2024-11-30 13:50:14.990
User: DESKTOP-FMI6MML\maryam""",2,2024-11-30T13:50:14.994918200Z,51088,4148,DESKTOP-FMI6MML,11,2364,INFORMATION,Microsoft-Windows-Sysmon,8,true,15,Executable file dropped in folder commonly used by malware,"[""sysmon"",""sysmon_eid11_detections"",""windows""]",92213, , ,windows_eventchannel,log,"Nov 30, 2024 @ 13:50:15.759",EventChannel,1732974615.5822934,"Nov 30, 2024 @ 13:50:15.759", , , , , , , , , , , , ,2660, , , , , , , , , , ,"[""Ingress Tool Transfer""]","[""T1105""]","[""Command and Control""]", , , , ,C:\\Users\\maryam\\AppData\\Local\\Microsoft\\OneDrive\\StandaloneUpdater\\MicrosoftEdgeWebview2Setup.exe, , , , , , ,{D8AF36FB-1816-674B-0602-000000000900},2024-11-30 13:50:14.990, ,EXE, , ,DESKTOP-FMI6MML\\maryam, , , , , , , , , , , , , , , , , , , , , , , , , , , , , , , , , , , , ,C:\\Users\\maryam\\AppData\\Local\\Temp\\EU60C8.tmp\\MicrosoftEdgeUpdateComRegisterShell64.exe,2024-11-30 13:50:14.990, , , , , , , , , , , , , , , , , , , , , , , , , , , , , , , , , , , , , , , , , , , , , , , , , , , , , , , , , , , , , , , , , , , 
wazuh-alerts-4.x-2024.11.30,kfpWfZMBRlc-D5DFLiMX,1,1,192.168.117.130,wazuh-agent,002,Maryam, ,11, ,0x8000000000000000,{5770385F-C22A-43E0-BF4C-06F5698FFBD9},4,Microsoft-Windows-Sysmon/Operational,0,"""File created:
RuleName: EXE
UtcTime: 2024-11-30 13:50:14.990
ProcessGuid: {D8AF36FB-1816-674B-0602-000000000900}
ProcessId: 2660
Image: C:\Users\maryam\AppData\Local\Microsoft\OneDrive\StandaloneUpdater\MicrosoftEdgeWebview2Setup.exe
TargetFilename: C:\Users\maryam\AppData\Local\Temp\EU60C8.tmp\MicrosoftEdgeComRegisterShellARM64.exe
CreationUtcTime: 2024-11-30 13:50:14.990
User: DESKTOP-FMI6MML\maryam""",2,2024-11-30T13:50:14.997518900Z,51089,4148,DESKTOP-FMI6MML,11,2364,INFORMATION,Microsoft-Windows-Sysmon,9,true,15,Executable file dropped in folder commonly used by malware,"[""sysmon"",""sysmon_eid11_detections"",""windows""]",92213, , ,windows_eventchannel,log,"Nov 30, 2024 @ 13:50:15.775",EventChannel,1732974615.5826019,"Nov 30, 2024 @ 13:50:15.775", , , , , , , , , , , , ,2660, , , , , , , , , , ,"[""Ingress Tool Transfer""]","[""T1105""]","[""Command and Control""]", , , , ,C:\\Users\\maryam\\AppData\\Local\\Microsoft\\OneDrive\\StandaloneUpdater\\MicrosoftEdgeWebview2Setup.exe, , , , , , ,{D8AF36FB-1816-674B-0602-000000000900},2024-11-30 13:50:14.990, ,EXE, , ,DESKTOP-FMI6MML\\maryam, , , , , , , , , , , , , , , , , , , , , , , , , , , , , , , , , , , , ,C:\\Users\\maryam\\AppData\\Local\\Temp\\EU60C8.tmp\\MicrosoftEdgeComRegisterShellARM64.exe,2024-11-30 13:50:14.990, , , , , , , , , , , , , , , , , , , , , , , , , , , , , , , , , , , , , , , , , , , , , , , , , , , , , , , , , , , , , , , , , , , 
wazuh-alerts-4.x-2024.11.30,lPpWfZMBRlc-D5DFLiMX,1,1,192.168.117.130,wazuh-agent,002,Maryam, ,11, ,0x8000000000000000,{5770385F-C22A-43E0-BF4C-06F5698FFBD9},4,Microsoft-Windows-Sysmon/Operational,0,"""File created:
RuleName: DLL
UtcTime: 2024-11-30 13:50:15.053
ProcessGuid: {D8AF36FB-1816-674B-0602-000000000900}
ProcessId: 2660
Image: C:\Users\maryam\AppData\Local\Microsoft\OneDrive\StandaloneUpdater\MicrosoftEdgeWebview2Setup.exe
TargetFilename: C:\Users\maryam\AppData\Local\Temp\EU60C8.tmp\psmachine_arm64.dll
CreationUtcTime: 2024-11-30 13:50:15.053
User: DESKTOP-FMI6MML\maryam""",2,2024-11-30T13:50:15.062073900Z,51094,4148,DESKTOP-FMI6MML,11,2364,INFORMATION,Microsoft-Windows-Sysmon,12,true,15,Executable file dropped in folder commonly used by malware,"[""sysmon"",""sysmon_eid11_detections"",""windows""]",92213, , ,windows_eventchannel,log,"Nov 30, 2024 @ 13:50:15.852",EventChannel,1732974615.5835050,"Nov 30, 2024 @ 13:50:15.852", , , , , , , , , , , , ,2660, , , , , , , , , , ,"[""Ingress Tool Transfer""]","[""T1105""]","[""Command and Control""]", , , , ,C:\\Users\\maryam\\AppData\\Local\\Microsoft\\OneDrive\\StandaloneUpdater\\MicrosoftEdgeWebview2Setup.exe, , , , , , ,{D8AF36FB-1816-674B-0602-000000000900},2024-11-30 13:50:15.053, ,DLL, , ,DESKTOP-FMI6MML\\maryam, , , , , , , , , , , , , , , , , , , , , , , , , , , , , , , , , , , , ,C:\\Users\\maryam\\AppData\\Local\\Temp\\EU60C8.tmp\\psmachine_arm64.dll,2024-11-30 13:50:15.053, , , , , , , , , , , , , , , , , , , , , , , , , , , , , , , , , , , , , , , , , , , , , , , , , , , , , , , , , , , , , , , , , , , 
wazuh-alerts-4.x-2024.11.30,lfpWfZMBRlc-D5DFLiMX,1,1,192.168.117.130,wazuh-agent,002,Maryam, ,11, ,0x8000000000000000,{5770385F-C22A-43E0-BF4C-06F5698FFBD9},4,Microsoft-Windows-Sysmon/Operational,0,"""File created:
RuleName: DLL
UtcTime: 2024-11-30 13:50:15.053
ProcessGuid: {D8AF36FB-1816-674B-0602-000000000900}
ProcessId: 2660
Image: C:\Users\maryam\AppData\Local\Microsoft\OneDrive\StandaloneUpdater\MicrosoftEdgeWebview2Setup.exe
TargetFilename: C:\Users\maryam\AppData\Local\Temp\EU60C8.tmp\psuser.dll
CreationUtcTime: 2024-11-30 13:50:15.053
User: DESKTOP-FMI6MML\maryam""",2,2024-11-30T13:50:15.062169200Z,51095,4148,DESKTOP-FMI6MML,11,2364,INFORMATION,Microsoft-Windows-Sysmon,13,true,15,Executable file dropped in folder commonly used by malware,"[""sysmon"",""sysmon_eid11_detections"",""windows""]",92213, , ,windows_eventchannel,log,"Nov 30, 2024 @ 13:50:15.897",EventChannel,1732974615.5838047,"Nov 30, 2024 @ 13:50:15.897", , , , , , , , , , , , ,2660, , , , , , , , , , ,"[""Ingress Tool Transfer""]","[""T1105""]","[""Command and Control""]", , , , ,C:\\Users\\maryam\\AppData\\Local\\Microsoft\\OneDrive\\StandaloneUpdater\\MicrosoftEdgeWebview2Setup.exe, , , , , , ,{D8AF36FB-1816-674B-0602-000000000900},2024-11-30 13:50:15.053, ,DLL, , ,DESKTOP-FMI6MML\\maryam, , , , , , , , , , , , , , , , , , , , , , , , , , , , , , , , , , , , ,C:\\Users\\maryam\\AppData\\Local\\Temp\\EU60C8.tmp\\psuser.dll,2024-11-30 13:50:15.053, , , , , , , , , , , , , , , , , , , , , , , , , , , , , , , , , , , , , , , , , , , , , , , , , , , , , , , , , , , , , , , , , , , 
wazuh-alerts-4.x-2024.11.30,lvpWfZMBRlc-D5DFLiMX,1,1,192.168.117.130,wazuh-agent,002,Maryam, ,11, ,0x8000000000000000,{5770385F-C22A-43E0-BF4C-06F5698FFBD9},4,Microsoft-Windows-Sysmon/Operational,0,"""File created:
RuleName: DLL
UtcTime: 2024-11-30 13:50:15.053
ProcessGuid: {D8AF36FB-1816-674B-0602-000000000900}
ProcessId: 2660
Image: C:\Users\maryam\AppData\Local\Microsoft\OneDrive\StandaloneUpdater\MicrosoftEdgeWebview2Setup.exe
TargetFilename: C:\Users\maryam\AppData\Local\Temp\EU60C8.tmp\psuser_64.dll
CreationUtcTime: 2024-11-30 13:50:15.053
User: DESKTOP-FMI6MML\maryam""",2,2024-11-30T13:50:15.062232600Z,51096,4148,DESKTOP-FMI6MML,11,2364,INFORMATION,Microsoft-Windows-Sysmon,14,true,15,Executable file dropped in folder commonly used by malware,"[""sysmon"",""sysmon_eid11_detections"",""windows""]",92213, , ,windows_eventchannel,log,"Nov 30, 2024 @ 13:50:15.901",EventChannel,1732974615.5841008,"Nov 30, 2024 @ 13:50:15.901", , , , , , , , , , , , ,2660, , , , , , , , , , ,"[""Ingress Tool Transfer""]","[""T1105""]","[""Command and Control""]", , , , ,C:\\Users\\maryam\\AppData\\Local\\Microsoft\\OneDrive\\StandaloneUpdater\\MicrosoftEdgeWebview2Setup.exe, , , , , , ,{D8AF36FB-1816-674B-0602-000000000900},2024-11-30 13:50:15.053, ,DLL, , ,DESKTOP-FMI6MML\\maryam, , , , , , , , , , , , , , , , , , , , , , , , , , , , , , , , , , , , ,C:\\Users\\maryam\\AppData\\Local\\Temp\\EU60C8.tmp\\psuser_64.dll,2024-11-30 13:50:15.053, , , , , , , , , , , , , , , , , , , , , , , , , , , , , , , , , , , , , , , , , , , , , , , , , , , , , , , , , , , , , , , , , , , 
wazuh-alerts-4.x-2024.11.30,mPpWfZMBRlc-D5DFLiMY,1,1,192.168.117.130,wazuh-agent,002,Maryam, ,11, ,0x8000000000000000,{5770385F-C22A-43E0-BF4C-06F5698FFBD9},4,Microsoft-Windows-Sysmon/Operational,0,"""File created:
RuleName: DLL
UtcTime: 2024-11-30 13:50:15.100
ProcessGuid: {D8AF36FB-1816-674B-0602-000000000900}
ProcessId: 2660
Image: C:\Users\maryam\AppData\Local\Microsoft\OneDrive\StandaloneUpdater\MicrosoftEdgeWebview2Setup.exe
TargetFilename: C:\Users\maryam\AppData\Local\Temp\EU60C8.tmp\msedgeupdateres_am.dll
CreationUtcTime: 2024-11-30 13:50:15.100
User: DESKTOP-FMI6MML\maryam""",2,2024-11-30T13:50:15.121753300Z,51099,4148,DESKTOP-FMI6MML,11,2364,INFORMATION,Microsoft-Windows-Sysmon,16,true,15,Executable file dropped in folder commonly used by malware,"[""sysmon"",""sysmon_eid11_detections"",""windows""]",92213, , ,windows_eventchannel,log,"Nov 30, 2024 @ 13:50:15.948",EventChannel,1732974615.5846966,"Nov 30, 2024 @ 13:50:15.948", , , , , , , , , , , , ,2660, , , , , , , , , , ,"[""Ingress Tool Transfer""]","[""T1105""]","[""Command and Control""]", , , , ,C:\\Users\\maryam\\AppData\\Local\\Microsoft\\OneDrive\\StandaloneUpdater\\MicrosoftEdgeWebview2Setup.exe, , , , , , ,{D8AF36FB-1816-674B-0602-000000000900},2024-11-30 13:50:15.100, ,DLL, , ,DESKTOP-FMI6MML\\maryam, , , , , , , , , , , , , , , , , , , , , , , , , , , , , , , , , , , , ,C:\\Users\\maryam\\AppData\\Local\\Temp\\EU60C8.tmp\\msedgeupdateres_am.dll,2024-11-30 13:50:15.100, , , , , , , , , , , , , , , , , , , , , , , , , , , , , , , , , , , , , , , , , , , , , , , , , , , , , , , , , , , , , , , , , , , 
wazuh-alerts-4.x-2024.11.30,mfpWfZMBRlc-D5DFLiMY,1,1,192.168.117.130,wazuh-agent,002,Maryam, ,11, ,0x8000000000000000,{5770385F-C22A-43E0-BF4C-06F5698FFBD9},4,Microsoft-Windows-Sysmon/Operational,0,"""File created:
RuleName: EXE
UtcTime: 2024-11-30 13:50:15.100
ProcessGuid: {D8AF36FB-1816-674B-0602-000000000900}
ProcessId: 2660
Image: C:\Users\maryam\AppData\Local\Microsoft\OneDrive\StandaloneUpdater\MicrosoftEdgeWebview2Setup.exe
TargetFilename: C:\Users\maryam\AppData\Local\Temp\EU60C8.tmp\MicrosoftEdgeUpdateCore.exe
CreationUtcTime: 2024-11-30 13:50:15.100
User: DESKTOP-FMI6MML\maryam""",2,2024-11-30T13:50:15.121699400Z,51098,4148,DESKTOP-FMI6MML,11,2364,INFORMATION,Microsoft-Windows-Sysmon,17,true,15,Executable file dropped in folder commonly used by malware,"[""sysmon"",""sysmon_eid11_detections"",""windows""]",92213, , ,windows_eventchannel,log,"Nov 30, 2024 @ 13:50:15.948",EventChannel,1732974615.5849975,"Nov 30, 2024 @ 13:50:15.948", , , , , , , , , , , , ,2660, , , , , , , , , , ,"[""Ingress Tool Transfer""]","[""T1105""]","[""Command and Control""]", , , , ,C:\\Users\\maryam\\AppData\\Local\\Microsoft\\OneDrive\\StandaloneUpdater\\MicrosoftEdgeWebview2Setup.exe, , , , , , ,{D8AF36FB-1816-674B-0602-000000000900},2024-11-30 13:50:15.100, ,EXE, , ,DESKTOP-FMI6MML\\maryam, , , , , , , , , , , , , , , , , , , , , , , , , , , , , , , , , , , , ,C:\\Users\\maryam\\AppData\\Local\\Temp\\EU60C8.tmp\\MicrosoftEdgeUpdateCore.exe,2024-11-30 13:50:15.100, , , , , , , , , , , , , , , , , , , , , , , , , , , , , , , , , , , , , , , , , , , , , , , , , , , , , , , , , , , , , , , , , , , 
wazuh-alerts-4.x-2024.11.30,m_pWfZMBRlc-D5DFLiMY,1,1,192.168.117.130,wazuh-agent,002,Maryam, ,11, ,0x8000000000000000,{5770385F-C22A-43E0-BF4C-06F5698FFBD9},4,Microsoft-Windows-Sysmon/Operational,0,"""File created:
RuleName: DLL
UtcTime: 2024-11-30 13:50:15.116
ProcessGuid: {D8AF36FB-1816-674B-0602-000000000900}
ProcessId: 2660
Image: C:\Users\maryam\AppData\Local\Microsoft\OneDrive\StandaloneUpdater\MicrosoftEdgeWebview2Setup.exe
TargetFilename: C:\Users\maryam\AppData\Local\Temp\EU60C8.tmp\msedgeupdateres_bg.dll
CreationUtcTime: 2024-11-30 13:50:15.100
User: DESKTOP-FMI6MML\maryam""",2,2024-11-30T13:50:15.121857600Z,51101,4148,DESKTOP-FMI6MML,11,2364,INFORMATION,Microsoft-Windows-Sysmon,19,true,15,Executable file dropped in folder commonly used by malware,"[""sysmon"",""sysmon_eid11_detections"",""windows""]",92213, , ,windows_eventchannel,log,"Nov 30, 2024 @ 13:50:15.978",EventChannel,1732974615.5856013,"Nov 30, 2024 @ 13:50:15.978", , , , , , , , , , , , ,2660, , , , , , , , , , ,"[""Ingress Tool Transfer""]","[""T1105""]","[""Command and Control""]", , , , ,C:\\Users\\maryam\\AppData\\Local\\Microsoft\\OneDrive\\StandaloneUpdater\\MicrosoftEdgeWebview2Setup.exe, , , , , , ,{D8AF36FB-1816-674B-0602-000000000900},2024-11-30 13:50:15.116, ,DLL, , ,DESKTOP-FMI6MML\\maryam, , , , , , , , , , , , , , , , , , , , , , , , , , , , , , , , , , , , ,C:\\Users\\maryam\\AppData\\Local\\Temp\\EU60C8.tmp\\msedgeupdateres_bg.dll,2024-11-30 13:50:15.100, , , , , , , , , , , , , , , , , , , , , , , , , , , , , , , , , , , , , , , , , , , , , , , , , , , , , , , , , , , , , , , , , , , 
wazuh-alerts-4.x-2024.11.30,nPpWfZMBRlc-D5DFLiMY,1,1,192.168.117.130,wazuh-agent,002,Maryam, ,11, ,0x8000000000000000,{5770385F-C22A-43E0-BF4C-06F5698FFBD9},4,Microsoft-Windows-Sysmon/Operational,0,"""File created:
RuleName: DLL
UtcTime: 2024-11-30 13:50:15.116
ProcessGuid: {D8AF36FB-1816-674B-0602-000000000900}
ProcessId: 2660
Image: C:\Users\maryam\AppData\Local\Microsoft\OneDrive\StandaloneUpdater\MicrosoftEdgeWebview2Setup.exe
TargetFilename: C:\Users\maryam\AppData\Local\Temp\EU60C8.tmp\msedgeupdateres_ca.dll
CreationUtcTime: 2024-11-30 13:50:15.116
User: DESKTOP-FMI6MML\maryam""",2,2024-11-30T13:50:15.127320500Z,51103,4148,DESKTOP-FMI6MML,11,2364,INFORMATION,Microsoft-Windows-Sysmon,20,true,15,Executable file dropped in folder commonly used by malware,"[""sysmon"",""sysmon_eid11_detections"",""windows""]",92213, , ,windows_eventchannel,log,"Nov 30, 2024 @ 13:50:16.011",EventChannel,1732974616.5859022,"Nov 30, 2024 @ 13:50:16.011", , , , , , , , , , , , ,2660, , , , , , , , , , ,"[""Ingress Tool Transfer""]","[""T1105""]","[""Command and Control""]", , , , ,C:\\Users\\maryam\\AppData\\Local\\Microsoft\\OneDrive\\StandaloneUpdater\\MicrosoftEdgeWebview2Setup.exe, , , , , , ,{D8AF36FB-1816-674B-0602-000000000900},2024-11-30 13:50:15.116, ,DLL, , ,DESKTOP-FMI6MML\\maryam, , , , , , , , , , , , , , , , , , , , , , , , , , , , , , , , , , , , ,C:\\Users\\maryam\\AppData\\Local\\Temp\\EU60C8.tmp\\msedgeupdateres_ca.dll,2024-11-30 13:50:15.116, , , , , , , , , , , , , , , , , , , , , , , , , , , , , , , , , , , , , , , , , , , , , , , , , , , , , , , , , , , , , , , , , , , 
wazuh-alerts-4.x-2024.11.30,nfpWfZMBRlc-D5DFLiMY,1,1,192.168.117.130,wazuh-agent,002,Maryam, ,11, ,0x8000000000000000,{5770385F-C22A-43E0-BF4C-06F5698FFBD9},4,Microsoft-Windows-Sysmon/Operational,0,"""File created:
RuleName: DLL
UtcTime: 2024-11-30 13:50:15.116
ProcessGuid: {D8AF36FB-1816-674B-0602-000000000900}
ProcessId: 2660
Image: C:\Users\maryam\AppData\Local\Microsoft\OneDrive\StandaloneUpdater\MicrosoftEdgeWebview2Setup.exe
TargetFilename: C:\Users\maryam\AppData\Local\Temp\EU60C8.tmp\msedgeupdateres_bn.dll
CreationUtcTime: 2024-11-30 13:50:15.116
User: DESKTOP-FMI6MML\maryam""",2,2024-11-30T13:50:15.121908300Z,51102,4148,DESKTOP-FMI6MML,11,2364,INFORMATION,Microsoft-Windows-Sysmon,21,true,15,Executable file dropped in folder commonly used by malware,"[""sysmon"",""sysmon_eid11_detections"",""windows""]",92213, , ,windows_eventchannel,log,"Nov 30, 2024 @ 13:50:16.011",EventChannel,1732974616.5862031,"Nov 30, 2024 @ 13:50:16.011", , , , , , , , , , , , ,2660, , , , , , , , , , ,"[""Ingress Tool Transfer""]","[""T1105""]","[""Command and Control""]", , , , ,C:\\Users\\maryam\\AppData\\Local\\Microsoft\\OneDrive\\StandaloneUpdater\\MicrosoftEdgeWebview2Setup.exe, , , , , , ,{D8AF36FB-1816-674B-0602-000000000900},2024-11-30 13:50:15.116, ,DLL, , ,DESKTOP-FMI6MML\\maryam, , , , , , , , , , , , , , , , , , , , , , , , , , , , , , , , , , , , ,C:\\Users\\maryam\\AppData\\Local\\Temp\\EU60C8.tmp\\msedgeupdateres_bn.dll,2024-11-30 13:50:15.116, , , , , , , , , , , , , , , , , , , , , , , , , , , , , , , , , , , , , , , , , , , , , , , , , , , , , , , , , , , , , , , , , , , 
wazuh-alerts-4.x-2024.11.30,ofpWfZMBRlc-D5DFLiMY,1,1,192.168.117.130,wazuh-agent,002,Maryam, ,11, ,0x8000000000000000,{5770385F-C22A-43E0-BF4C-06F5698FFBD9},4,Microsoft-Windows-Sysmon/Operational,0,"""File created:
RuleName: DLL
UtcTime: 2024-11-30 13:50:15.131
ProcessGuid: {D8AF36FB-1816-674B-0602-000000000900}
ProcessId: 2660
Image: C:\Users\maryam\AppData\Local\Microsoft\OneDrive\StandaloneUpdater\MicrosoftEdgeWebview2Setup.exe
TargetFilename: C:\Users\maryam\AppData\Local\Temp\EU60C8.tmp\msedgeupdateres_de.dll
CreationUtcTime: 2024-11-30 13:50:15.131
User: DESKTOP-FMI6MML\maryam""",2,2024-11-30T13:50:15.136892300Z,51106,4148,DESKTOP-FMI6MML,11,2364,INFORMATION,Microsoft-Windows-Sysmon,25,true,15,Executable file dropped in folder commonly used by malware,"[""sysmon"",""sysmon_eid11_detections"",""windows""]",92213, , ,windows_eventchannel,log,"Nov 30, 2024 @ 13:50:16.072",EventChannel,1732974616.5874067,"Nov 30, 2024 @ 13:50:16.072", , , , , , , , , , , , ,2660, , , , , , , , , , ,"[""Ingress Tool Transfer""]","[""T1105""]","[""Command and Control""]", , , , ,C:\\Users\\maryam\\AppData\\Local\\Microsoft\\OneDrive\\StandaloneUpdater\\MicrosoftEdgeWebview2Setup.exe, , , , , , ,{D8AF36FB-1816-674B-0602-000000000900},2024-11-30 13:50:15.131, ,DLL, , ,DESKTOP-FMI6MML\\maryam, , , , , , , , , , , , , , , , , , , , , , , , , , , , , , , , , , , , ,C:\\Users\\maryam\\AppData\\Local\\Temp\\EU60C8.tmp\\msedgeupdateres_de.dll,2024-11-30 13:50:15.131, , , , , , , , , , , , , , , , , , , , , , , , , , , , , , , , , , , , , , , , , , , , , , , , , , , , , , , , , , , , , , , , , , , 
wazuh-alerts-4.x-2024.11.30,pPpWfZMBRlc-D5DFLiMY,1,1,192.168.117.130,wazuh-agent,002,Maryam, ,11, ,0x8000000000000000,{5770385F-C22A-43E0-BF4C-06F5698FFBD9},4,Microsoft-Windows-Sysmon/Operational,0,"""File created:
RuleName: DLL
UtcTime: 2024-11-30 13:50:15.147
ProcessGuid: {D8AF36FB-1816-674B-0602-000000000900}
ProcessId: 2660
Image: C:\Users\maryam\AppData\Local\Microsoft\OneDrive\StandaloneUpdater\MicrosoftEdgeWebview2Setup.exe
TargetFilename: C:\Users\maryam\AppData\Local\Temp\EU60C8.tmp\msedgeupdateres_es-419.dll
CreationUtcTime: 2024-11-30 13:50:15.147
User: DESKTOP-FMI6MML\maryam""",2,2024-11-30T13:50:15.153904800Z,51111,4148,DESKTOP-FMI6MML,11,2364,INFORMATION,Microsoft-Windows-Sysmon,28,true,15,Executable file dropped in folder commonly used by malware,"[""sysmon"",""sysmon_eid11_detections"",""windows""]",92213, , ,windows_eventchannel,log,"Nov 30, 2024 @ 13:50:16.135",EventChannel,1732974616.5883106,"Nov 30, 2024 @ 13:50:16.135", , , , , , , , , , , , ,2660, , , , , , , , , , ,"[""Ingress Tool Transfer""]","[""T1105""]","[""Command and Control""]", , , , ,C:\\Users\\maryam\\AppData\\Local\\Microsoft\\OneDrive\\StandaloneUpdater\\MicrosoftEdgeWebview2Setup.exe, , , , , , ,{D8AF36FB-1816-674B-0602-000000000900},2024-11-30 13:50:15.147, ,DLL, , ,DESKTOP-FMI6MML\\maryam, , , , , , , , , , , , , , , , , , , , , , , , , , , , , , , , , , , , ,C:\\Users\\maryam\\AppData\\Local\\Temp\\EU60C8.tmp\\msedgeupdateres_es-419.dll,2024-11-30 13:50:15.147, , , , , , , , , , , , , , , , , , , , , , , , , , , , , , , , , , , , , , , , , , , , , , , , , , , , , , , , , , , , , , , , , , , 
wazuh-alerts-4.x-2024.11.30,p_pWfZMBRlc-D5DFLiMY,1,1,192.168.117.130,wazuh-agent,002,Maryam, ,11, ,0x8000000000000000,{5770385F-C22A-43E0-BF4C-06F5698FFBD9},4,Microsoft-Windows-Sysmon/Operational,0,"""File created:
RuleName: DLL
UtcTime: 2024-11-30 13:50:15.162
ProcessGuid: {D8AF36FB-1816-674B-0602-000000000900}
ProcessId: 2660
Image: C:\Users\maryam\AppData\Local\Microsoft\OneDrive\StandaloneUpdater\MicrosoftEdgeWebview2Setup.exe
TargetFilename: C:\Users\maryam\AppData\Local\Temp\EU60C8.tmp\msedgeupdateres_fa.dll
CreationUtcTime: 2024-11-30 13:50:15.162
User: DESKTOP-FMI6MML\maryam""",2,2024-11-30T13:50:15.180822200Z,51113,4148,DESKTOP-FMI6MML,11,2364,INFORMATION,Microsoft-Windows-Sysmon,31,true,15,Executable file dropped in folder commonly used by malware,"[""sysmon"",""sysmon_eid11_detections"",""windows""]",92213, , ,windows_eventchannel,log,"Nov 30, 2024 @ 13:50:16.166",EventChannel,1732974616.5892149,"Nov 30, 2024 @ 13:50:16.166", , , , , , , , , , , , ,2660, , , , , , , , , , ,"[""Ingress Tool Transfer""]","[""T1105""]","[""Command and Control""]", , , , ,C:\\Users\\maryam\\AppData\\Local\\Microsoft\\OneDrive\\StandaloneUpdater\\MicrosoftEdgeWebview2Setup.exe, , , , , , ,{D8AF36FB-1816-674B-0602-000000000900},2024-11-30 13:50:15.162, ,DLL, , ,DESKTOP-FMI6MML\\maryam, , , , , , , , , , , , , , , , , , , , , , , , , , , , , , , , , , , , ,C:\\Users\\maryam\\AppData\\Local\\Temp\\EU60C8.tmp\\msedgeupdateres_fa.dll,2024-11-30 13:50:15.162, , , , , , , , , , , , , , , , , , , , , , , , , , , , , , , , , , , , , , , , , , , , , , , , , , , , , , , , , , , , , , , , , , , 
wazuh-alerts-4.x-2024.11.30,qvpWfZMBRlc-D5DFLiMY,1,1,192.168.117.130,wazuh-agent,002,Maryam, ,11, ,0x8000000000000000,{5770385F-C22A-43E0-BF4C-06F5698FFBD9},4,Microsoft-Windows-Sysmon/Operational,0,"""File created:
RuleName: DLL
UtcTime: 2024-11-30 13:50:15.178
ProcessGuid: {D8AF36FB-1816-674B-0602-000000000900}
ProcessId: 2660
Image: C:\Users\maryam\AppData\Local\Microsoft\OneDrive\StandaloneUpdater\MicrosoftEdgeWebview2Setup.exe
TargetFilename: C:\Users\maryam\AppData\Local\Temp\EU60C8.tmp\msedgeupdateres_fr.dll
CreationUtcTime: 2024-11-30 13:50:15.178
User: DESKTOP-FMI6MML\maryam""",2,2024-11-30T13:50:15.199270200Z,51116,4148,DESKTOP-FMI6MML,11,2364,INFORMATION,Microsoft-Windows-Sysmon,34,true,15,Executable file dropped in folder commonly used by malware,"[""sysmon"",""sysmon_eid11_detections"",""windows""]",92213, , ,windows_eventchannel,log,"Nov 30, 2024 @ 13:50:16.228",EventChannel,1732974616.5901180,"Nov 30, 2024 @ 13:50:16.228", , , , , , , , , , , , ,2660, , , , , , , , , , ,"[""Ingress Tool Transfer""]","[""T1105""]","[""Command and Control""]", , , , ,C:\\Users\\maryam\\AppData\\Local\\Microsoft\\OneDrive\\StandaloneUpdater\\MicrosoftEdgeWebview2Setup.exe, , , , , , ,{D8AF36FB-1816-674B-0602-000000000900},2024-11-30 13:50:15.178, ,DLL, , ,DESKTOP-FMI6MML\\maryam, , , , , , , , , , , , , , , , , , , , , , , , , , , , , , , , , , , , ,C:\\Users\\maryam\\AppData\\Local\\Temp\\EU60C8.tmp\\msedgeupdateres_fr.dll,2024-11-30 13:50:15.178, , , , , , , , , , , , , , , , , , , , , , , , , , , , , , , , , , , , , , , , , , , , , , , , , , , , , , , , , , , , , , , , , , , 
wazuh-alerts-4.x-2024.11.30,q_pWfZMBRlc-D5DFLiMY,1,1,192.168.117.130,wazuh-agent,002,Maryam, ,11, ,0x8000000000000000,{5770385F-C22A-43E0-BF4C-06F5698FFBD9},4,Microsoft-Windows-Sysmon/Operational,0,"""File created:
RuleName: DLL
UtcTime: 2024-11-30 13:50:15.194
ProcessGuid: {D8AF36FB-1816-674B-0602-000000000900}
ProcessId: 2660
Image: C:\Users\maryam\AppData\Local\Microsoft\OneDrive\StandaloneUpdater\MicrosoftEdgeWebview2Setup.exe
TargetFilename: C:\Users\maryam\AppData\Local\Temp\EU60C8.tmp\msedgeupdateres_gu.dll
CreationUtcTime: 2024-11-30 13:50:15.194
User: DESKTOP-FMI6MML\maryam""",2,2024-11-30T13:50:15.205676500Z,51118,4148,DESKTOP-FMI6MML,11,2364,INFORMATION,Microsoft-Windows-Sysmon,35,true,15,Executable file dropped in folder commonly used by malware,"[""sysmon"",""sysmon_eid11_detections"",""windows""]",92213, , ,windows_eventchannel,log,"Nov 30, 2024 @ 13:50:16.276",EventChannel,1732974616.5904189,"Nov 30, 2024 @ 13:50:16.276", , , , , , , , , , , , ,2660, , , , , , , , , , ,"[""Ingress Tool Transfer""]","[""T1105""]","[""Command and Control""]", , , , ,C:\\Users\\maryam\\AppData\\Local\\Microsoft\\OneDrive\\StandaloneUpdater\\MicrosoftEdgeWebview2Setup.exe, , , , , , ,{D8AF36FB-1816-674B-0602-000000000900},2024-11-30 13:50:15.194, ,DLL, , ,DESKTOP-FMI6MML\\maryam, , , , , , , , , , , , , , , , , , , , , , , , , , , , , , , , , , , , ,C:\\Users\\maryam\\AppData\\Local\\Temp\\EU60C8.tmp\\msedgeupdateres_gu.dll,2024-11-30 13:50:15.194, , , , , , , , , , , , , , , , , , , , , , , , , , , , , , , , , , , , , , , , , , , , , , , , , , , , , , , , , , , , , , , , , , , 
wazuh-alerts-4.x-2024.11.30,rfpWfZMBRlc-D5DFLiMY,1,1,192.168.117.130,wazuh-agent,002,Maryam, ,11, ,0x8000000000000000,{5770385F-C22A-43E0-BF4C-06F5698FFBD9},4,Microsoft-Windows-Sysmon/Operational,0,"""File created:
RuleName: DLL
UtcTime: 2024-11-30 13:50:15.194
ProcessGuid: {D8AF36FB-1816-674B-0602-000000000900}
ProcessId: 2660
Image: C:\Users\maryam\AppData\Local\Microsoft\OneDrive\StandaloneUpdater\MicrosoftEdgeWebview2Setup.exe
TargetFilename: C:\Users\maryam\AppData\Local\Temp\EU60C8.tmp\msedgeupdateres_hr.dll
CreationUtcTime: 2024-11-30 13:50:15.194
User: DESKTOP-FMI6MML\maryam""",2,2024-11-30T13:50:15.208071600Z,51120,4148,DESKTOP-FMI6MML,11,2364,INFORMATION,Microsoft-Windows-Sysmon,37,true,15,Executable file dropped in folder commonly used by malware,"[""sysmon"",""sysmon_eid11_detections"",""windows""]",92213, , ,windows_eventchannel,log,"Nov 30, 2024 @ 13:50:16.307",EventChannel,1732974616.5910207,"Nov 30, 2024 @ 13:50:16.307", , , , , , , , , , , , ,2660, , , , , , , , , , ,"[""Ingress Tool Transfer""]","[""T1105""]","[""Command and Control""]", , , , ,C:\\Users\\maryam\\AppData\\Local\\Microsoft\\OneDrive\\StandaloneUpdater\\MicrosoftEdgeWebview2Setup.exe, , , , , , ,{D8AF36FB-1816-674B-0602-000000000900},2024-11-30 13:50:15.194, ,DLL, , ,DESKTOP-FMI6MML\\maryam, , , , , , , , , , , , , , , , , , , , , , , , , , , , , , , , , , , , ,C:\\Users\\maryam\\AppData\\Local\\Temp\\EU60C8.tmp\\msedgeupdateres_hr.dll,2024-11-30 13:50:15.194, , , , , , , , , , , , , , , , , , , , , , , , , , , , , , , , , , , , , , , , , , , , , , , , , , , , , , , , , , , , , , , , , , , 
wazuh-alerts-4.x-2024.11.30,sfpWfZMBRlc-D5DFLiMY,1,1,192.168.117.130,wazuh-agent,002,Maryam, ,11, ,0x8000000000000000,{5770385F-C22A-43E0-BF4C-06F5698FFBD9},4,Microsoft-Windows-Sysmon/Operational,0,"""File created:
RuleName: DLL
UtcTime: 2024-11-30 13:50:15.241
ProcessGuid: {D8AF36FB-1816-674B-0602-000000000900}
ProcessId: 2660
Image: C:\Users\maryam\AppData\Local\Microsoft\OneDrive\StandaloneUpdater\MicrosoftEdgeWebview2Setup.exe
TargetFilename: C:\Users\maryam\AppData\Local\Temp\EU60C8.tmp\msedgeupdateres_it.dll
CreationUtcTime: 2024-11-30 13:50:15.241
User: DESKTOP-FMI6MML\maryam""",2,2024-11-30T13:50:15.256051100Z,51124,4148,DESKTOP-FMI6MML,11,2364,INFORMATION,Microsoft-Windows-Sysmon,41,true,15,Executable file dropped in folder commonly used by malware,"[""sysmon"",""sysmon_eid11_detections"",""windows""]",92213, , ,windows_eventchannel,log,"Nov 30, 2024 @ 13:50:16.370",EventChannel,1732974616.5922243,"Nov 30, 2024 @ 13:50:16.370", , , , , , , , , , , , ,2660, , , , , , , , , , ,"[""Ingress Tool Transfer""]","[""T1105""]","[""Command and Control""]", , , , ,C:\\Users\\maryam\\AppData\\Local\\Microsoft\\OneDrive\\StandaloneUpdater\\MicrosoftEdgeWebview2Setup.exe, , , , , , ,{D8AF36FB-1816-674B-0602-000000000900},2024-11-30 13:50:15.241, ,DLL, , ,DESKTOP-FMI6MML\\maryam, , , , , , , , , , , , , , , , , , , , , , , , , , , , , , , , , , , , ,C:\\Users\\maryam\\AppData\\Local\\Temp\\EU60C8.tmp\\msedgeupdateres_it.dll,2024-11-30 13:50:15.241, , , , , , , , , , , , , , , , , , , , , , , , , , , , , , , , , , , , , , , , , , , , , , , , , , , , , , , , , , , , , , , , , , , 
wazuh-alerts-4.x-2024.11.30,tPpWfZMBRlc-D5DFLiMY,1,1,192.168.117.130,wazuh-agent,002,Maryam, ,11, ,0x8000000000000000,{5770385F-C22A-43E0-BF4C-06F5698FFBD9},4,Microsoft-Windows-Sysmon/Operational,0,"""File created:
RuleName: DLL
UtcTime: 2024-11-30 13:50:15.241
ProcessGuid: {D8AF36FB-1816-674B-0602-000000000900}
ProcessId: 2660
Image: C:\Users\maryam\AppData\Local\Microsoft\OneDrive\StandaloneUpdater\MicrosoftEdgeWebview2Setup.exe
TargetFilename: C:\Users\maryam\AppData\Local\Temp\EU60C8.tmp\msedgeupdateres_kn.dll
CreationUtcTime: 2024-11-30 13:50:15.241
User: DESKTOP-FMI6MML\maryam""",2,2024-11-30T13:50:15.256439900Z,51127,4148,DESKTOP-FMI6MML,11,2364,INFORMATION,Microsoft-Windows-Sysmon,44,true,15,Executable file dropped in folder commonly used by malware,"[""sysmon"",""sysmon_eid11_detections"",""windows""]",92213, , ,windows_eventchannel,log,"Nov 30, 2024 @ 13:50:16.418",EventChannel,1732974616.5931270,"Nov 30, 2024 @ 13:50:16.418", , , , , , , , , , , , ,2660, , , , , , , , , , ,"[""Ingress Tool Transfer""]","[""T1105""]","[""Command and Control""]", , , , ,C:\\Users\\maryam\\AppData\\Local\\Microsoft\\OneDrive\\StandaloneUpdater\\MicrosoftEdgeWebview2Setup.exe, , , , , , ,{D8AF36FB-1816-674B-0602-000000000900},2024-11-30 13:50:15.241, ,DLL, , ,DESKTOP-FMI6MML\\maryam, , , , , , , , , , , , , , , , , , , , , , , , , , , , , , , , , , , , ,C:\\Users\\maryam\\AppData\\Local\\Temp\\EU60C8.tmp\\msedgeupdateres_kn.dll,2024-11-30 13:50:15.241, , , , , , , , , , , , , , , , , , , , , , , , , , , , , , , , , , , , , , , , , , , , , , , , , , , , , , , , , , , , , , , , , , , 
wazuh-alerts-4.x-2024.11.30,tfpWfZMBRlc-D5DFLiMY,1,1,192.168.117.130,wazuh-agent,002,Maryam, ,11, ,0x8000000000000000,{5770385F-C22A-43E0-BF4C-06F5698FFBD9},4,Microsoft-Windows-Sysmon/Operational,0,"""File created:
RuleName: DLL
UtcTime: 2024-11-30 13:50:15.241
ProcessGuid: {D8AF36FB-1816-674B-0602-000000000900}
ProcessId: 2660
Image: C:\Users\maryam\AppData\Local\Microsoft\OneDrive\StandaloneUpdater\MicrosoftEdgeWebview2Setup.exe
TargetFilename: C:\Users\maryam\AppData\Local\Temp\EU60C8.tmp\msedgeupdateres_ko.dll
CreationUtcTime: 2024-11-30 13:50:15.241
User: DESKTOP-FMI6MML\maryam""",2,2024-11-30T13:50:15.258474000Z,51128,4148,DESKTOP-FMI6MML,11,2364,INFORMATION,Microsoft-Windows-Sysmon,45,true,15,Executable file dropped in folder commonly used by malware,"[""sysmon"",""sysmon_eid11_detections"",""windows""]",92213, , ,windows_eventchannel,log,"Nov 30, 2024 @ 13:50:16.432",EventChannel,1732974616.5934279,"Nov 30, 2024 @ 13:50:16.432", , , , , , , , , , , , ,2660, , , , , , , , , , ,"[""Ingress Tool Transfer""]","[""T1105""]","[""Command and Control""]", , , , ,C:\\Users\\maryam\\AppData\\Local\\Microsoft\\OneDrive\\StandaloneUpdater\\MicrosoftEdgeWebview2Setup.exe, , , , , , ,{D8AF36FB-1816-674B-0602-000000000900},2024-11-30 13:50:15.241, ,DLL, , ,DESKTOP-FMI6MML\\maryam, , , , , , , , , , , , , , , , , , , , , , , , , , , , , , , , , , , , ,C:\\Users\\maryam\\AppData\\Local\\Temp\\EU60C8.tmp\\msedgeupdateres_ko.dll,2024-11-30 13:50:15.241, , , , , , , , , , , , , , , , , , , , , , , , , , , , , , , , , , , , , , , , , , , , , , , , , , , , , , , , , , , , , , , , , , , 
wazuh-alerts-4.x-2024.11.30,ufpWfZMBRlc-D5DFLiMY,1,1,192.168.117.130,wazuh-agent,002,Maryam, ,11, ,0x8000000000000000,{5770385F-C22A-43E0-BF4C-06F5698FFBD9},4,Microsoft-Windows-Sysmon/Operational,0,"""File created:
RuleName: DLL
UtcTime: 2024-11-30 13:50:15.287
ProcessGuid: {D8AF36FB-1816-674B-0602-000000000900}
ProcessId: 2660
Image: C:\Users\maryam\AppData\Local\Microsoft\OneDrive\StandaloneUpdater\MicrosoftEdgeWebview2Setup.exe
TargetFilename: C:\Users\maryam\AppData\Local\Temp\EU60C8.tmp\msedgeupdateres_mr.dll
CreationUtcTime: 2024-11-30 13:50:15.272
User: DESKTOP-FMI6MML\maryam""",2,2024-11-30T13:50:15.301144300Z,51132,4148,DESKTOP-FMI6MML,11,2364,INFORMATION,Microsoft-Windows-Sysmon,50,true,15,Executable file dropped in folder commonly used by malware,"[""sysmon"",""sysmon_eid11_detections"",""windows""]",92213, , ,windows_eventchannel,log,"Nov 30, 2024 @ 13:50:16.743",EventChannel,1732974616.5946315,"Nov 30, 2024 @ 13:50:16.743", , , , , , , , , , , , ,2660, , , , , , , , , , ,"[""Ingress Tool Transfer""]","[""T1105""]","[""Command and Control""]", , , , ,C:\\Users\\maryam\\AppData\\Local\\Microsoft\\OneDrive\\StandaloneUpdater\\MicrosoftEdgeWebview2Setup.exe, , , , , , ,{D8AF36FB-1816-674B-0602-000000000900},2024-11-30 13:50:15.287, ,DLL, , ,DESKTOP-FMI6MML\\maryam, , , , , , , , , , , , , , , , , , , , , , , , , , , , , , , , , , , , ,C:\\Users\\maryam\\AppData\\Local\\Temp\\EU60C8.tmp\\msedgeupdateres_mr.dll,2024-11-30 13:50:15.272, , , , , , , , , , , , , , , , , , , , , , , , , , , , , , , , , , , , , , , , , , , , , , , , , , , , , , , , , , , , , , , , , , , 
wazuh-alerts-4.x-2024.11.30,uvpWfZMBRlc-D5DFLiMY,1,1,192.168.117.130,wazuh-agent,002,Maryam, ,11, ,0x8000000000000000,{5770385F-C22A-43E0-BF4C-06F5698FFBD9},4,Microsoft-Windows-Sysmon/Operational,0,"""File created:
RuleName: DLL
UtcTime: 2024-11-30 13:50:15.287
ProcessGuid: {D8AF36FB-1816-674B-0602-000000000900}
ProcessId: 2660
Image: C:\Users\maryam\AppData\Local\Microsoft\OneDrive\StandaloneUpdater\MicrosoftEdgeWebview2Setup.exe
TargetFilename: C:\Users\maryam\AppData\Local\Temp\EU60C8.tmp\msedgeupdateres_ms.dll
CreationUtcTime: 2024-11-30 13:50:15.287
User: DESKTOP-FMI6MML\maryam""",2,2024-11-30T13:50:15.308069900Z,51133,4148,DESKTOP-FMI6MML,11,2364,INFORMATION,Microsoft-Windows-Sysmon,49,true,15,Executable file dropped in folder commonly used by malware,"[""sysmon"",""sysmon_eid11_detections"",""windows""]",92213, , ,windows_eventchannel,log,"Nov 30, 2024 @ 13:50:16.743",EventChannel,1732974616.5949324,"Nov 30, 2024 @ 13:50:16.743", , , , , , , , , , , , ,2660, , , , , , , , , , ,"[""Ingress Tool Transfer""]","[""T1105""]","[""Command and Control""]", , , , ,C:\\Users\\maryam\\AppData\\Local\\Microsoft\\OneDrive\\StandaloneUpdater\\MicrosoftEdgeWebview2Setup.exe, , , , , , ,{D8AF36FB-1816-674B-0602-000000000900},2024-11-30 13:50:15.287, ,DLL, , ,DESKTOP-FMI6MML\\maryam, , , , , , , , , , , , , , , , , , , , , , , , , , , , , , , , , , , , ,C:\\Users\\maryam\\AppData\\Local\\Temp\\EU60C8.tmp\\msedgeupdateres_ms.dll,2024-11-30 13:50:15.287, , , , , , , , , , , , , , , , , , , , , , , , , , , , , , , , , , , , , , , , , , , , , , , , , , , , , , , , , , , , , , , , , , , 
wazuh-alerts-4.x-2024.11.30,wPpWfZMBRlc-D5DFLiNW,1,1,192.168.117.130,wazuh-agent,002,Maryam, ,11, ,0x8000000000000000,{5770385F-C22A-43E0-BF4C-06F5698FFBD9},4,Microsoft-Windows-Sysmon/Operational,0,"""File created:
RuleName: DLL
UtcTime: 2024-11-30 13:50:15.318
ProcessGuid: {D8AF36FB-1816-674B-0602-000000000900}
ProcessId: 2660
Image: C:\Users\maryam\AppData\Local\Microsoft\OneDrive\StandaloneUpdater\MicrosoftEdgeWebview2Setup.exe
TargetFilename: C:\Users\maryam\AppData\Local\Temp\EU60C8.tmp\msedgeupdateres_ro.dll
CreationUtcTime: 2024-11-30 13:50:15.318
User: DESKTOP-FMI6MML\maryam""",2,2024-11-30T13:50:15.332284200Z,51139,4148,DESKTOP-FMI6MML,11,2364,INFORMATION,Microsoft-Windows-Sysmon,56,true,15,Executable file dropped in folder commonly used by malware,"[""sysmon"",""sysmon_eid11_detections"",""windows""]",92213, , ,windows_eventchannel,log,"Nov 30, 2024 @ 13:50:16.838",EventChannel,1732974616.5967402,"Nov 30, 2024 @ 13:50:16.838", , , , , , , , , , , , ,2660, , , , , , , , , , ,"[""Ingress Tool Transfer""]","[""T1105""]","[""Command and Control""]", , , , ,C:\\Users\\maryam\\AppData\\Local\\Microsoft\\OneDrive\\StandaloneUpdater\\MicrosoftEdgeWebview2Setup.exe, , , , , , ,{D8AF36FB-1816-674B-0602-000000000900},2024-11-30 13:50:15.318, ,DLL, , ,DESKTOP-FMI6MML\\maryam, , , , , , , , , , , , , , , , , , , , , , , , , , , , , , , , , , , , ,C:\\Users\\maryam\\AppData\\Local\\Temp\\EU60C8.tmp\\msedgeupdateres_ro.dll,2024-11-30 13:50:15.318, , , , , , , , , , , , , , , , , , , , , , , , , , , , , , , , , , , , , , , , , , , , , , , , , , , , , , , , , , , , , , , , , , , 
wazuh-alerts-4.x-2024.11.30,wvpWfZMBRlc-D5DFLiNW,1,1,192.168.117.130,wazuh-agent,002,Maryam, ,11, ,0x8000000000000000,{5770385F-C22A-43E0-BF4C-06F5698FFBD9},4,Microsoft-Windows-Sysmon/Operational,0,"""File created:
RuleName: DLL
UtcTime: 2024-11-30 13:50:15.334
ProcessGuid: {D8AF36FB-1816-674B-0602-000000000900}
ProcessId: 2660
Image: C:\Users\maryam\AppData\Local\Microsoft\OneDrive\StandaloneUpdater\MicrosoftEdgeWebview2Setup.exe
TargetFilename: C:\Users\maryam\AppData\Local\Temp\EU60C8.tmp\msedgeupdateres_sk.dll
CreationUtcTime: 2024-11-30 13:50:15.334
User: DESKTOP-FMI6MML\maryam""",2,2024-11-30T13:50:15.357419300Z,51141,4148,DESKTOP-FMI6MML,11,2364,INFORMATION,Microsoft-Windows-Sysmon,58,true,15,Executable file dropped in folder commonly used by malware,"[""sysmon"",""sysmon_eid11_detections"",""windows""]",92213, , ,windows_eventchannel,log,"Nov 30, 2024 @ 13:50:16.885",EventChannel,1732974616.5973420,"Nov 30, 2024 @ 13:50:16.885", , , , , , , , , , , , ,2660, , , , , , , , , , ,"[""Ingress Tool Transfer""]","[""T1105""]","[""Command and Control""]", , , , ,C:\\Users\\maryam\\AppData\\Local\\Microsoft\\OneDrive\\StandaloneUpdater\\MicrosoftEdgeWebview2Setup.exe, , , , , , ,{D8AF36FB-1816-674B-0602-000000000900},2024-11-30 13:50:15.334, ,DLL, , ,DESKTOP-FMI6MML\\maryam, , , , , , , , , , , , , , , , , , , , , , , , , , , , , , , , , , , , ,C:\\Users\\maryam\\AppData\\Local\\Temp\\EU60C8.tmp\\msedgeupdateres_sk.dll,2024-11-30 13:50:15.334, , , , , , , , , , , , , , , , , , , , , , , , , , , , , , , , , , , , , , , , , , , , , , , , , , , , , , , , , , , , , , , , , , , 
