wazuh-alerts-4.x-2024.11.30,cPrhfJMBRlc-D5DFsiHo,1,1,192.168.117.134,window-agent3,003,Maryam, ,11, ,0x8000000000000000,{5770385F-C22A-43E0-BF4C-06F5698FFBD9},4,Microsoft-Windows-Sysmon/Operational,0,"""File created:
RuleName: technique_id=T1059.001,technique_name=PowerShell
UtcTime: 2024-11-30 11:42:59.812
ProcessGuid: {15959494-FA43-674A-9508-000000000D00}
ProcessId: 6444
Image: C:\Windows\System32\WindowsPowerShell\v1.0\powershell.exe
TargetFilename: C:\Users\mari\AppData\Local\Temp\__PSScriptPolicyTest_r4i4wai5.zq5.ps1
CreationUtcTime: 2024-11-30 11:42:59.812
User: DESKTOP-QGB4EQH\mari""",2,2024-11-30T11:42:59.822469500Z,60076,1760,DESKTOP-QGB4EQH,11,2356,INFORMATION,Microsoft-Windows-Sysmon,16,true,15,Executable file dropped in folder commonly used by malware,"[""sysmon"",""sysmon_eid11_detections"",""windows""]",92213, , ,windows_eventchannel,log,"Nov 30, 2024 @ 11:43:00.837",EventChannel,1732966980.3898208,"Nov 30, 2024 @ 11:43:00.837", , , , , , , , , , , , ,6444, , , , , , , , , , ,"[""Ingress Tool Transfer""]","[""T1105""]","[""Command and Control""]", , , , ,C:\\Windows\\System32\\WindowsPowerShell\\v1.0\\powershell.exe, , , , , , ,{15959494-FA43-674A-9508-000000000D00},2024-11-30 11:42:59.812, ,"technique_id=T1059.001,technique_name=PowerShell", , ,DESKTOP-QGB4EQH\\mari, , , , , , , , , , , , , , , , , , , , , , , , , , , , , , , , , , , , ,C:\\Users\\mari\\AppData\\Local\\Temp\\__PSScriptPolicyTest_r4i4wai5.zq5.ps1,2024-11-30 11:42:59.812, , , , , , , , , , , , , , , , , , , , , , , , , , , , , , , , , , , , , , , , , , , , , , , , , , , , , , , , , , , , , , , , , , , 
wazuh-alerts-4.x-2024.11.30,ePrkfJMBRlc-D5DFhSGd,1,1,192.168.117.134,window-agent3,003,Maryam, ,11, ,0x8000000000000000,{5770385F-C22A-43E0-BF4C-06F5698FFBD9},4,Microsoft-Windows-Sysmon/Operational,0,"""File created:
RuleName: technique_id=T1059.001,technique_name=PowerShell
UtcTime: 2024-11-30 11:45:58.755
ProcessGuid: {15959494-FAF6-674A-9808-000000000D00}
ProcessId: 6940
Image: C:\Windows\System32\WindowsPowerShell\v1.0\powershell.exe
TargetFilename: C:\Users\mari\AppData\Local\Temp\__PSScriptPolicyTest_gg3uhno4.4if.ps1
CreationUtcTime: 2024-11-30 11:45:58.755
User: DESKTOP-QGB4EQH\mari""",2,2024-11-30T11:45:58.767665700Z,60121,1760,DESKTOP-QGB4EQH,11,2356,INFORMATION,Microsoft-Windows-Sysmon,19,true,15,Executable file dropped in folder commonly used by malware,"[""sysmon"",""sysmon_eid11_detections"",""windows""]",92213, , ,windows_eventchannel,log,"Nov 30, 2024 @ 11:45:59.895",EventChannel,1732967159.3907241,"Nov 30, 2024 @ 11:45:59.895", , , , , , , , , , , , ,6940, , , , , , , , , , ,"[""Ingress Tool Transfer""]","[""T1105""]","[""Command and Control""]", , , , ,C:\\Windows\\System32\\WindowsPowerShell\\v1.0\\powershell.exe, , , , , , ,{15959494-FAF6-674A-9808-000000000D00},2024-11-30 11:45:58.755, ,"technique_id=T1059.001,technique_name=PowerShell", , ,DESKTOP-QGB4EQH\\mari, , , , , , , , , , , , , , , , , , , , , , , , , , , , , , , , , , , , ,C:\\Users\\mari\\AppData\\Local\\Temp\\__PSScriptPolicyTest_gg3uhno4.4if.ps1,2024-11-30 11:45:58.755, , , , , , , , , , , , , , , , , , , , , , , , , , , , , , , , , , , , , , , , , , , , , , , , , , , , , , , , , , , , , , , , , , , 
wazuh-alerts-4.x-2024.11.30,e_rmfJMBRlc-D5DFbSHk,1,1,192.168.117.134,window-agent3,003,Maryam, ,11, ,0x8000000000000000,{5770385F-C22A-43E0-BF4C-06F5698FFBD9},4,Microsoft-Windows-Sysmon/Operational,0,"""File created:
RuleName: technique_id=T1059.001,technique_name=PowerShell
UtcTime: 2024-11-30 11:48:11.699
ProcessGuid: {15959494-FB7B-674A-9B08-000000000D00}
ProcessId: 5740
Image: C:\Windows\System32\WindowsPowerShell\v1.0\powershell.exe
TargetFilename: C:\Users\mari\AppData\Local\Temp\__PSScriptPolicyTest_0zors4s1.mwq.ps1
CreationUtcTime: 2024-11-30 11:48:11.699
User: DESKTOP-QGB4EQH\mari""",2,2024-11-30T11:48:11.712184000Z,60172,1760,DESKTOP-QGB4EQH,11,2356,INFORMATION,Microsoft-Windows-Sysmon,22,true,15,Executable file dropped in folder commonly used by malware,"[""sysmon"",""sysmon_eid11_detections"",""windows""]",92213, , ,windows_eventchannel,log,"Nov 30, 2024 @ 11:48:12.850",EventChannel,1732967292.3916274,"Nov 30, 2024 @ 11:48:12.850", , , , , , , , , , , , ,5740, , , , , , , , , , ,"[""Ingress Tool Transfer""]","[""T1105""]","[""Command and Control""]", , , , ,C:\\Windows\\System32\\WindowsPowerShell\\v1.0\\powershell.exe, , , , , , ,{15959494-FB7B-674A-9B08-000000000D00},2024-11-30 11:48:11.699, ,"technique_id=T1059.001,technique_name=PowerShell", , ,DESKTOP-QGB4EQH\\mari, , , , , , , , , , , , , , , , , , , , , , , , , , , , , , , , , , , , ,C:\\Users\\mari\\AppData\\Local\\Temp\\__PSScriptPolicyTest_0zors4s1.mwq.ps1,2024-11-30 11:48:11.699, , , , , , , , , , , , , , , , , , , , , , , , , , , , , , , , , , , , , , , , , , , , , , , , , , , , , , , , , , , , , , , , , , , 
wazuh-alerts-4.x-2024.11.30,f_rofJMBRlc-D5DFQiGp,1,1,192.168.117.134,window-agent3,003,Maryam, ,11, ,0x8000000000000000,{5770385F-C22A-43E0-BF4C-06F5698FFBD9},4,Microsoft-Windows-Sysmon/Operational,0,"""File created:
RuleName: technique_id=T1059.001,technique_name=PowerShell
UtcTime: 2024-11-30 11:50:07.737
ProcessGuid: {15959494-FBEF-674A-9E08-000000000D00}
ProcessId: 5884
Image: C:\Windows\System32\WindowsPowerShell\v1.0\powershell.exe
TargetFilename: C:\Users\mari\AppData\Local\Temp\__PSScriptPolicyTest_lbpbjk02.v5i.ps1
CreationUtcTime: 2024-11-30 11:50:07.737
User: DESKTOP-QGB4EQH\mari""",2,2024-11-30T11:50:07.738548200Z,60202,1760,DESKTOP-QGB4EQH,11,2356,INFORMATION,Microsoft-Windows-Sysmon,24,true,15,Executable file dropped in folder commonly used by malware,"[""sysmon"",""sysmon_eid11_detections"",""windows""]",92213, , ,windows_eventchannel,log,"Nov 30, 2024 @ 11:50:08.870",EventChannel,1732967408.3922296,"Nov 30, 2024 @ 11:50:08.870", , , , , , , , , , , , ,5884, , , , , , , , , , ,"[""Ingress Tool Transfer""]","[""T1105""]","[""Command and Control""]", , , , ,C:\\Windows\\System32\\WindowsPowerShell\\v1.0\\powershell.exe, , , , , , ,{15959494-FBEF-674A-9E08-000000000D00},2024-11-30 11:50:07.737, ,"technique_id=T1059.001,technique_name=PowerShell", , ,DESKTOP-QGB4EQH\\mari, , , , , , , , , , , , , , , , , , , , , , , , , , , , , , , , , , , , ,C:\\Users\\mari\\AppData\\Local\\Temp\\__PSScriptPolicyTest_lbpbjk02.v5i.ps1,2024-11-30 11:50:07.737, , , , , , , , , , , , , , , , , , , , , , , , , , , , , , , , , , , , , , , , , , , , , , , , , , , , , , , , , , , , , , , , , , , 
wazuh-alerts-4.x-2024.11.30,gProfJMBRlc-D5DF8iF0,1,1,192.168.117.134,window-agent3,003,Maryam, ,11, ,0x8000000000000000,{5770385F-C22A-43E0-BF4C-06F5698FFBD9},4,Microsoft-Windows-Sysmon/Operational,0,"""File created:
RuleName: technique_id=T1059.001,technique_name=PowerShell
UtcTime: 2024-11-30 11:50:53.016
ProcessGuid: {15959494-FC1C-674A-9F08-000000000D00}
ProcessId: 8188
Image: C:\Windows\System32\WindowsPowerShell\v1.0\powershell.exe
TargetFilename: C:\Users\mari\AppData\Local\Temp\__PSScriptPolicyTest_y334a4wd.b43.ps1
CreationUtcTime: 2024-11-30 11:50:53.016
User: DESKTOP-QGB4EQH\mari""",2,2024-11-30T11:50:53.022030900Z,60217,1760,DESKTOP-QGB4EQH,11,2356,INFORMATION,Microsoft-Windows-Sysmon,25,true,15,Executable file dropped in folder commonly used by malware,"[""sysmon"",""sysmon_eid11_detections"",""windows""]",92213, , ,windows_eventchannel,log,"Nov 30, 2024 @ 11:50:54.142",EventChannel,1732967454.3925307,"Nov 30, 2024 @ 11:50:54.142", , , , , , , , , , , , ,8188, , , , , , , , , , ,"[""Ingress Tool Transfer""]","[""T1105""]","[""Command and Control""]", , , , ,C:\\Windows\\System32\\WindowsPowerShell\\v1.0\\powershell.exe, , , , , , ,{15959494-FC1C-674A-9F08-000000000D00},2024-11-30 11:50:53.016, ,"technique_id=T1059.001,technique_name=PowerShell", , ,DESKTOP-QGB4EQH\\mari, , , , , , , , , , , , , , , , , , , , , , , , , , , , , , , , , , , , ,C:\\Users\\mari\\AppData\\Local\\Temp\\__PSScriptPolicyTest_y334a4wd.b43.ps1,2024-11-30 11:50:53.016, , , , , , , , , , , , , , , , , , , , , , , , , , , , , , , , , , , , , , , , , , , , , , , , , , , , , , , , , , , , , , , , , , , 
wazuh-alerts-4.x-2024.11.30,afrefJMBRlc-D5DFQyH4,1,1,192.168.117.134,window-agent3,003,Maryam, ,11, ,0x8000000000000000,{5770385F-C22A-43E0-BF4C-06F5698FFBD9},4,Microsoft-Windows-Sysmon/Operational,0,"""File created:
RuleName: technique_id=T1059.001,technique_name=PowerShell
UtcTime: 2024-11-30 11:39:10.268
ProcessGuid: {15959494-F95E-674A-8A08-000000000D00}
ProcessId: 2768
Image: C:\Windows\System32\WindowsPowerShell\v1.0\powershell.exe
TargetFilename: C:\Users\mari\AppData\Local\Temp\__PSScriptPolicyTest_ahozdy2k.yl1.ps1
CreationUtcTime: 2024-11-30 11:39:10.268
User: DESKTOP-QGB4EQH\mari""",2,2024-11-30T11:39:10.284248300Z,59999,1760,DESKTOP-QGB4EQH,11,2356,INFORMATION,Microsoft-Windows-Sysmon,11,true,15,Executable file dropped in folder commonly used by malware,"[""sysmon"",""sysmon_eid11_detections"",""windows""]",92213, , ,windows_eventchannel,log,"Nov 30, 2024 @ 11:39:11.414",EventChannel,1732966751.3883153,"Nov 30, 2024 @ 11:39:11.414", , , , , , , , , , , , ,2768, , , , , , , , , , ,"[""Ingress Tool Transfer""]","[""T1105""]","[""Command and Control""]", , , , ,C:\\Windows\\System32\\WindowsPowerShell\\v1.0\\powershell.exe, , , , , , ,{15959494-F95E-674A-8A08-000000000D00},2024-11-30 11:39:10.268, ,"technique_id=T1059.001,technique_name=PowerShell", , ,DESKTOP-QGB4EQH\\mari, , , , , , , , , , , , , , , , , , , , , , , , , , , , , , , , , , , , ,C:\\Users\\mari\\AppData\\Local\\Temp\\__PSScriptPolicyTest_ahozdy2k.yl1.ps1,2024-11-30 11:39:10.268, , , , , , , , , , , , , , , , , , , , , , , , , , , , , , , , , , , , , , , , , , , , , , , , , , , , , , , , , , , , , , , , , , , 
wazuh-alerts-4.x-2024.11.30,b_rgfJMBRlc-D5DFtCH2,1,1,192.168.117.134,window-agent3,003,Maryam, ,11, ,0x8000000000000000,{5770385F-C22A-43E0-BF4C-06F5698FFBD9},4,Microsoft-Windows-Sysmon/Operational,0,"""File created:
RuleName: technique_id=T1059.001,technique_name=PowerShell
UtcTime: 2024-11-30 11:41:53.672
ProcessGuid: {15959494-FA01-674A-9108-000000000D00}
ProcessId: 3940
Image: C:\Windows\System32\WindowsPowerShell\v1.0\powershell.exe
TargetFilename: C:\Users\mari\AppData\Local\Temp\__PSScriptPolicyTest_r1b3appf.xnx.ps1
CreationUtcTime: 2024-11-30 11:41:53.672
User: DESKTOP-QGB4EQH\mari""",2,2024-11-30T11:41:53.683637600Z,60061,1760,DESKTOP-QGB4EQH,11,2356,INFORMATION,Microsoft-Windows-Sysmon,15,true,15,Executable file dropped in folder commonly used by malware,"[""sysmon"",""sysmon_eid11_detections"",""windows""]",92213, , ,windows_eventchannel,log,"Nov 30, 2024 @ 11:41:54.808",EventChannel,1732966914.3895197,"Nov 30, 2024 @ 11:41:54.808", , , , , , , , , , , , ,3940, , , , , , , , , , ,"[""Ingress Tool Transfer""]","[""T1105""]","[""Command and Control""]", , , , ,C:\\Windows\\System32\\WindowsPowerShell\\v1.0\\powershell.exe, , , , , , ,{15959494-FA01-674A-9108-000000000D00},2024-11-30 11:41:53.672, ,"technique_id=T1059.001,technique_name=PowerShell", , ,DESKTOP-QGB4EQH\\mari, , , , , , , , , , , , , , , , , , , , , , , , , , , , , , , , , , , , ,C:\\Users\\mari\\AppData\\Local\\Temp\\__PSScriptPolicyTest_r1b3appf.xnx.ps1,2024-11-30 11:41:53.672, , , , , , , , , , , , , , , , , , , , , , , , , , , , , , , , , , , , , , , , , , , , , , , , , , , , , , , , , , , , , , , , , , , 
wazuh-alerts-4.x-2024.11.30,ZfrbfJMBRlc-D5DFqyHV,1,1,192.168.117.134,window-agent3,003,Maryam, ,11, ,0x8000000000000000,{5770385F-C22A-43E0-BF4C-06F5698FFBD9},4,Microsoft-Windows-Sysmon/Operational,0,"""File created:
RuleName: technique_id=T1059.001,technique_name=PowerShell
UtcTime: 2024-11-30 11:36:22.642
ProcessGuid: {15959494-F8B6-674A-8708-000000000D00}
ProcessId: 732
Image: C:\Windows\System32\WindowsPowerShell\v1.0\powershell.exe
TargetFilename: C:\Users\mari\AppData\Local\Temp\__PSScriptPolicyTest_yidd2pvp.5qw.ps1
CreationUtcTime: 2024-11-30 11:36:22.642
User: DESKTOP-QGB4EQH\mari""",2,2024-11-30T11:36:22.658053800Z,59953,1760,DESKTOP-QGB4EQH,11,2356,INFORMATION,Microsoft-Windows-Sysmon,8,true,15,Executable file dropped in folder commonly used by malware,"[""sysmon"",""sysmon_eid11_detections"",""windows""]",92213, , ,windows_eventchannel,log,"Nov 30, 2024 @ 11:36:23.766",EventChannel,1732966583.3872136,"Nov 30, 2024 @ 11:36:23.766", , , , , , , , , , , , ,732, , , , , , , , , , ,"[""Ingress Tool Transfer""]","[""T1105""]","[""Command and Control""]", , , , ,C:\\Windows\\System32\\WindowsPowerShell\\v1.0\\powershell.exe, , , , , , ,{15959494-F8B6-674A-8708-000000000D00},2024-11-30 11:36:22.642, ,"technique_id=T1059.001,technique_name=PowerShell", , ,DESKTOP-QGB4EQH\\mari, , , , , , , , , , , , , , , , , , , , , , , , , , , , , , , , , , , , ,C:\\Users\\mari\\AppData\\Local\\Temp\\__PSScriptPolicyTest_yidd2pvp.5qw.ps1,2024-11-30 11:36:22.642, , , , , , , , , , , , , , , , , , , , , , , , , , , , , , , , , , , , , , , , , , , , , , , , , , , , , , , , , , , , , , , , , , , 
wazuh-alerts-4.x-2024.11.30,hPrrfJMBRlc-D5DFYyF9,1,1,192.168.117.134,window-agent3,003,Maryam, ,11, ,0x8000000000000000,{5770385F-C22A-43E0-BF4C-06F5698FFBD9},4,Microsoft-Windows-Sysmon/Operational,0,"""File created:
RuleName: technique_id=T1059.001,technique_name=PowerShell
UtcTime: 2024-11-30 11:53:35.445
ProcessGuid: {15959494-FCBF-674A-A308-000000000D00}
ProcessId: 4080
Image: C:\Windows\System32\WindowsPowerShell\v1.0\powershell.exe
TargetFilename: C:\Users\mari\AppData\Local\Temp\__PSScriptPolicyTest_3uk4lujo.x5y.ps1
CreationUtcTime: 2024-11-30 11:53:35.445
User: DESKTOP-QGB4EQH\mari""",2,2024-11-30T11:53:35.454307400Z,60280,1760,DESKTOP-QGB4EQH,11,2356,INFORMATION,Microsoft-Windows-Sysmon,29,true,15,Executable file dropped in folder commonly used by malware,"[""sysmon"",""sysmon_eid11_detections"",""windows""]",92213, , ,windows_eventchannel,log,"Nov 30, 2024 @ 11:53:36.583",EventChannel,1732967616.3937343,"Nov 30, 2024 @ 11:53:36.583", , , , , , , , , , , , ,4080, , , , , , , , , , ,"[""Ingress Tool Transfer""]","[""T1105""]","[""Command and Control""]", , , , ,C:\\Windows\\System32\\WindowsPowerShell\\v1.0\\powershell.exe, , , , , , ,{15959494-FCBF-674A-A308-000000000D00},2024-11-30 11:53:35.445, ,"technique_id=T1059.001,technique_name=PowerShell", , ,DESKTOP-QGB4EQH\\mari, , , , , , , , , , , , , , , , , , , , , , , , , , , , , , , , , , , , ,C:\\Users\\mari\\AppData\\Local\\Temp\\__PSScriptPolicyTest_3uk4lujo.x5y.ps1,2024-11-30 11:53:35.445, , , , , , , , , , , , , , , , , , , , , , , , , , , , , , , , , , , , , , , , , , , , , , , , , , , , , , , , , , , , , , , , , , , 
wazuh-alerts-4.x-2024.11.30,iPrsfJMBRlc-D5DF6iEj,1,1,192.168.117.134,window-agent3,003,Maryam, ,11, ,0x8000000000000000,{5770385F-C22A-43E0-BF4C-06F5698FFBD9},4,Microsoft-Windows-Sysmon/Operational,0,"""File created:
RuleName: technique_id=T1059.001,technique_name=PowerShell
UtcTime: 2024-11-30 11:55:16.625
ProcessGuid: {15959494-FD24-674A-A608-000000000D00}
ProcessId: 4596
Image: C:\Windows\System32\WindowsPowerShell\v1.0\powershell.exe
TargetFilename: C:\Users\mari\AppData\Local\Temp\__PSScriptPolicyTest_mhocfd42.wx5.ps1
CreationUtcTime: 2024-11-30 11:55:16.625
User: DESKTOP-QGB4EQH\mari""",2,2024-11-30T11:55:16.630805600Z,60310,1760,DESKTOP-QGB4EQH,11,2356,INFORMATION,Microsoft-Windows-Sysmon,31,true,15,Executable file dropped in folder commonly used by malware,"[""sysmon"",""sysmon_eid11_detections"",""windows""]",92213, , ,windows_eventchannel,log,"Nov 30, 2024 @ 11:55:17.743",EventChannel,1732967717.3943365,"Nov 30, 2024 @ 11:55:17.743", , , , , , , , , , , , ,4596, , , , , , , , , , ,"[""Ingress Tool Transfer""]","[""T1105""]","[""Command and Control""]", , , , ,C:\\Windows\\System32\\WindowsPowerShell\\v1.0\\powershell.exe, , , , , , ,{15959494-FD24-674A-A608-000000000D00},2024-11-30 11:55:16.625, ,"technique_id=T1059.001,technique_name=PowerShell", , ,DESKTOP-QGB4EQH\\mari, , , , , , , , , , , , , , , , , , , , , , , , , , , , , , , , , , , , ,C:\\Users\\mari\\AppData\\Local\\Temp\\__PSScriptPolicyTest_mhocfd42.wx5.ps1,2024-11-30 11:55:16.625, , , , , , , , , , , , , , , , , , , , , , , , , , , , , , , , , , , , , , , , , , , , , , , , , , , , , , , , , , , , , , , , , , , 
wazuh-alerts-4.x-2024.11.30,jfrvfJMBRlc-D5DFlSHI,1,1,192.168.117.134,window-agent3,003,Maryam, ,11, ,0x8000000000000000,{5770385F-C22A-43E0-BF4C-06F5698FFBD9},4,Microsoft-Windows-Sysmon/Operational,0,"""File created:
RuleName: technique_id=T1059.001,technique_name=PowerShell
UtcTime: 2024-11-30 11:58:10.680
ProcessGuid: {15959494-FDD2-674A-AA08-000000000D00}
ProcessId: 4156
Image: C:\Windows\System32\WindowsPowerShell\v1.0\powershell.exe
TargetFilename: C:\Users\mari\AppData\Local\Temp\__PSScriptPolicyTest_jdectvrd.bbn.ps1
CreationUtcTime: 2024-11-30 11:58:10.680
User: DESKTOP-QGB4EQH\mari""",2,2024-11-30T11:58:10.687099500Z,60370,1760,DESKTOP-QGB4EQH,11,2356,INFORMATION,Microsoft-Windows-Sysmon,35,true,15,Executable file dropped in folder commonly used by malware,"[""sysmon"",""sysmon_eid11_detections"",""windows""]",92213, , ,windows_eventchannel,log,"Nov 30, 2024 @ 11:58:11.753",EventChannel,1732967891.3957397,"Nov 30, 2024 @ 11:58:11.753", , , , , , , , , , , , ,4156, , , , , , , , , , ,"[""Ingress Tool Transfer""]","[""T1105""]","[""Command and Control""]", , , , ,C:\\Windows\\System32\\WindowsPowerShell\\v1.0\\powershell.exe, , , , , , ,{15959494-FDD2-674A-AA08-000000000D00},2024-11-30 11:58:10.680, ,"technique_id=T1059.001,technique_name=PowerShell", , ,DESKTOP-QGB4EQH\\mari, , , , , , , , , , , , , , , , , , , , , , , , , , , , , , , , , , , , ,C:\\Users\\mari\\AppData\\Local\\Temp\\__PSScriptPolicyTest_jdectvrd.bbn.ps1,2024-11-30 11:58:10.680, , , , , , , , , , , , , , , , , , , , , , , , , , , , , , , , , , , , , , , , , , , , , , , , , , , , , , , , , , , , , , , , , , , 
wazuh-alerts-4.x-2024.11.30,jvrwfJMBRlc-D5DFRSGX,1,1,192.168.117.134,window-agent3,003,Maryam, ,11, ,0x8000000000000000,{5770385F-C22A-43E0-BF4C-06F5698FFBD9},4,Microsoft-Windows-Sysmon/Operational,0,"""File created:
RuleName: technique_id=T1059.001,technique_name=PowerShell
UtcTime: 2024-11-30 11:58:57.929
ProcessGuid: {15959494-FE01-674A-AB08-000000000D00}
ProcessId: 4832
Image: C:\Windows\System32\WindowsPowerShell\v1.0\powershell.exe
TargetFilename: C:\Users\mari\AppData\Local\Temp\__PSScriptPolicyTest_qzhokvt0.r3t.ps1
CreationUtcTime: 2024-11-30 11:58:57.929
User: DESKTOP-QGB4EQH\mari""",2,2024-11-30T11:58:57.943059300Z,60385,1760,DESKTOP-QGB4EQH,11,2356,INFORMATION,Microsoft-Windows-Sysmon,36,true,15,Executable file dropped in folder commonly used by malware,"[""sysmon"",""sysmon_eid11_detections"",""windows""]",92213, , ,windows_eventchannel,log,"Nov 30, 2024 @ 11:58:59.017",EventChannel,1732967939.3960408,"Nov 30, 2024 @ 11:58:59.017", , , , , , , , , , , , ,4832, , , , , , , , , , ,"[""Ingress Tool Transfer""]","[""T1105""]","[""Command and Control""]", , , , ,C:\\Windows\\System32\\WindowsPowerShell\\v1.0\\powershell.exe, , , , , , ,{15959494-FE01-674A-AB08-000000000D00},2024-11-30 11:58:57.929, ,"technique_id=T1059.001,technique_name=PowerShell", , ,DESKTOP-QGB4EQH\\mari, , , , , , , , , , , , , , , , , , , , , , , , , , , , , , , , , , , , ,C:\\Users\\mari\\AppData\\Local\\Temp\\__PSScriptPolicyTest_qzhokvt0.r3t.ps1,2024-11-30 11:58:57.929, , , , , , , , , , , , , , , , , , , , , , , , , , , , , , , , , , , , , , , , , , , , , , , , , , , , , , , , , , , , , , , , , , , 
wazuh-alerts-4.x-2024.11.30,j_rwfJMBRlc-D5DF9SFh,1,1,192.168.117.134,window-agent3,003,Maryam, ,11, ,0x8000000000000000,{5770385F-C22A-43E0-BF4C-06F5698FFBD9},4,Microsoft-Windows-Sysmon/Operational,0,"""File created:
RuleName: technique_id=T1059.001,technique_name=PowerShell
UtcTime: 2024-11-30 11:59:35.677
ProcessGuid: {15959494-FE27-674A-AD08-000000000D00}
ProcessId: 6084
Image: C:\Windows\System32\WindowsPowerShell\v1.0\powershell.exe
TargetFilename: C:\Users\mari\AppData\Local\Temp\__PSScriptPolicyTest_cpzt4xwj.nr4.ps1
CreationUtcTime: 2024-11-30 11:59:35.677
User: DESKTOP-QGB4EQH\mari""",2,2024-11-30T11:59:35.693014200Z,60401,1760,DESKTOP-QGB4EQH,11,2356,INFORMATION,Microsoft-Windows-Sysmon,37,true,15,Executable file dropped in folder commonly used by malware,"[""sysmon"",""sysmon_eid11_detections"",""windows""]",92213, , ,windows_eventchannel,log,"Nov 30, 2024 @ 11:59:36.752",EventChannel,1732967976.3963419,"Nov 30, 2024 @ 11:59:36.752", , , , , , , , , , , , ,6084, , , , , , , , , , ,"[""Ingress Tool Transfer""]","[""T1105""]","[""Command and Control""]", , , , ,C:\\Windows\\System32\\WindowsPowerShell\\v1.0\\powershell.exe, , , , , , ,{15959494-FE27-674A-AD08-000000000D00},2024-11-30 11:59:35.677, ,"technique_id=T1059.001,technique_name=PowerShell", , ,DESKTOP-QGB4EQH\\mari, , , , , , , , , , , , , , , , , , , , , , , , , , , , , , , , , , , , ,C:\\Users\\mari\\AppData\\Local\\Temp\\__PSScriptPolicyTest_cpzt4xwj.nr4.ps1,2024-11-30 11:59:35.677, , , , , , , , , , , , , , , , , , , , , , , , , , , , , , , , , , , , , , , , , , , , , , , , , , , , , , , , , , , , , , , , , , , 
wazuh-alerts-4.x-2024.11.30,l_ryfJMBRlc-D5DF3SGz,1,1,192.168.117.134,window-agent3,003,Maryam, ,11, ,0x8000000000000000,{5770385F-C22A-43E0-BF4C-06F5698FFBD9},4,Microsoft-Windows-Sysmon/Operational,0,"""File created:
RuleName: technique_id=T1059.001,technique_name=PowerShell
UtcTime: 2024-11-30 12:01:42.710
ProcessGuid: {15959494-FEA6-674A-B008-000000000D00}
ProcessId: 6344
Image: C:\Windows\System32\WindowsPowerShell\v1.0\powershell.exe
TargetFilename: C:\Users\mari\AppData\Local\Temp\__PSScriptPolicyTest_a3w3nf5g.i0u.ps1
CreationUtcTime: 2024-11-30 12:01:42.710
User: DESKTOP-QGB4EQH\mari""",2,2024-11-30T12:01:42.715509300Z,60446,1760,DESKTOP-QGB4EQH,11,2356,INFORMATION,Microsoft-Windows-Sysmon,40,true,15,Executable file dropped in folder commonly used by malware,"[""sysmon"",""sysmon_eid11_detections"",""windows""]",92213, , ,windows_eventchannel,log,"Nov 30, 2024 @ 12:01:43.774",EventChannel,1732968103.3972452,"Nov 30, 2024 @ 12:01:43.774", , , , , , , , , , , , ,6344, , , , , , , , , , ,"[""Ingress Tool Transfer""]","[""T1105""]","[""Command and Control""]", , , , ,C:\\Windows\\System32\\WindowsPowerShell\\v1.0\\powershell.exe, , , , , , ,{15959494-FEA6-674A-B008-000000000D00},2024-11-30 12:01:42.710, ,"technique_id=T1059.001,technique_name=PowerShell", , ,DESKTOP-QGB4EQH\\mari, , , , , , , , , , , , , , , , , , , , , , , , , , , , , , , , , , , , ,C:\\Users\\mari\\AppData\\Local\\Temp\\__PSScriptPolicyTest_a3w3nf5g.i0u.ps1,2024-11-30 12:01:42.710, , , , , , , , , , , , , , , , , , , , , , , , , , , , , , , , , , , , , , , , , , , , , , , , , , , , , , , , , , , , , , , , , , , 
wazuh-alerts-4.x-2024.11.30,n_r3fJMBRlc-D5DFcSGu,1,1,192.168.117.134,window-agent3,003,Maryam, ,11, ,0x8000000000000000,{5770385F-C22A-43E0-BF4C-06F5698FFBD9},4,Microsoft-Windows-Sysmon/Operational,0,"""File created:
RuleName: technique_id=T1059.001,technique_name=PowerShell
UtcTime: 2024-11-30 12:06:45.745
ProcessGuid: {15959494-FFD5-674A-B908-000000000D00}
ProcessId: 3820
Image: C:\Windows\System32\WindowsPowerShell\v1.0\powershell.exe
TargetFilename: C:\Users\mari\AppData\Local\Temp\__PSScriptPolicyTest_ateqx2ec.1af.ps1
CreationUtcTime: 2024-11-30 12:06:45.745
User: DESKTOP-QGB4EQH\mari""",2,2024-11-30T12:06:45.761376200Z,60545,1760,DESKTOP-QGB4EQH,11,2356,INFORMATION,Microsoft-Windows-Sysmon,46,true,15,Executable file dropped in folder commonly used by malware,"[""sysmon"",""sysmon_eid11_detections"",""windows""]",92213, , ,windows_eventchannel,log,"Nov 30, 2024 @ 12:06:46.831",EventChannel,1732968406.3990518,"Nov 30, 2024 @ 12:06:46.831", , , , , , , , , , , , ,3820, , , , , , , , , , ,"[""Ingress Tool Transfer""]","[""T1105""]","[""Command and Control""]", , , , ,C:\\Windows\\System32\\WindowsPowerShell\\v1.0\\powershell.exe, , , , , , ,{15959494-FFD5-674A-B908-000000000D00},2024-11-30 12:06:45.745, ,"technique_id=T1059.001,technique_name=PowerShell", , ,DESKTOP-QGB4EQH\\mari, , , , , , , , , , , , , , , , , , , , , , , , , , , , , , , , , , , , ,C:\\Users\\mari\\AppData\\Local\\Temp\\__PSScriptPolicyTest_ateqx2ec.1af.ps1,2024-11-30 12:06:45.745, , , , , , , , , , , , , , , , , , , , , , , , , , , , , , , , , , , , , , , , , , , , , , , , , , , , , , , , , , , , , , , , , , , 
wazuh-alerts-4.x-2024.11.30,gfrpfJMBRlc-D5DFoiE9,1,1,192.168.117.134,window-agent3,003,Maryam, ,11, ,0x8000000000000000,{5770385F-C22A-43E0-BF4C-06F5698FFBD9},4,Microsoft-Windows-Sysmon/Operational,0,"""File created:
RuleName: technique_id=T1059.001,technique_name=PowerShell
UtcTime: 2024-11-30 11:51:37.014
ProcessGuid: {15959494-FC48-674A-A008-000000000D00}
ProcessId: 340
Image: C:\Windows\System32\WindowsPowerShell\v1.0\powershell.exe
TargetFilename: C:\Users\mari\AppData\Local\Temp\__PSScriptPolicyTest_lx52til2.nk3.ps1
CreationUtcTime: 2024-11-30 11:51:37.014
User: DESKTOP-QGB4EQH\mari""",2,2024-11-30T11:51:37.024999400Z,60235,1760,DESKTOP-QGB4EQH,11,2356,INFORMATION,Microsoft-Windows-Sysmon,26,true,15,Executable file dropped in folder commonly used by malware,"[""sysmon"",""sysmon_eid11_detections"",""windows""]",92213, , ,windows_eventchannel,log,"Nov 30, 2024 @ 11:51:38.151",EventChannel,1732967498.3928318,"Nov 30, 2024 @ 11:51:38.151", , , , , , , , , , , , ,340, , , , , , , , , , ,"[""Ingress Tool Transfer""]","[""T1105""]","[""Command and Control""]", , , , ,C:\\Windows\\System32\\WindowsPowerShell\\v1.0\\powershell.exe, , , , , , ,{15959494-FC48-674A-A008-000000000D00},2024-11-30 11:51:37.014, ,"technique_id=T1059.001,technique_name=PowerShell", , ,DESKTOP-QGB4EQH\\mari, , , , , , , , , , , , , , , , , , , , , , , , , , , , , , , , , , , , ,C:\\Users\\mari\\AppData\\Local\\Temp\\__PSScriptPolicyTest_lx52til2.nk3.ps1,2024-11-30 11:51:37.014, , , , , , , , , , , , , , , , , , , , , , , , , , , , , , , , , , , , , , , , , , , , , , , , , , , , , , , , , , , , , , , , , , , 
wazuh-alerts-4.x-2024.11.30,oPr3fJMBRlc-D5DF0yFZ,1,1,192.168.117.134,window-agent3,003,Maryam, ,1014, ,0x4000000010000000,{1C95126E-7EEA-49A9-A3FE-A378B03DDB4D},3,System,0,"""Name resolution for the name wpad timed out after none of the configured DNS servers responded.""",0,2024-11-30T12:07:09.256537000Z,2088,4248,DESKTOP-QGB4EQH,1014,1384,WARNING,Microsoft-Windows-DNS-Client,3,false,5,Name resolution for the name wpad timed out,"[""windows"",""windows_system""]",61109, , ,windows_eventchannel,log,"Nov 30, 2024 @ 12:07:10.338",EventChannel,1732968430.3993529,"Nov 30, 2024 @ 12:07:10.338", , , , , , , , , , , , , , , , , , , , , , , , , , ,128,02000000C0A87502000000000000000000000000000000000000000000000000000000000000000000000000000000000000000000000000000000000000000000000000000000000000000000000000000000000000000000000000000000000000000000000000000000000000000000000000000000000000000000000000,wpad, , , , , , , , , , , , , , , , , , , , , , , , , , , , , , , , , , , , , , , , , , , , , , , , , , , , , , , , , , , , , , , , , , , , , , , , , , , , , , , , , , , , , , , , , , , , , , , , , , , , , , , , , , , , , , , , , , , , , , , , 
wazuh-alerts-4.x-2024.11.30,3PobfZMBRlc-D5DFeSG0,1,1,192.168.117.134,window-agent3,003,Maryam, ,4624, ,0x8020000000000000,{54849625-5478-4994-A5BA-3E3B0328C30D},0,Security,0,"""An account was successfully logged on.

Subject:
	Security ID:		S-1-5-18
	Account Name:		DESKTOP-QGB4EQH$
	Account Domain:		WORKGROUP
	Logon ID:		0x3E7

Logon Information:
	Logon Type:		5
	Restricted Admin Mode:	-
	Virtual Account:		No
	Elevated Token:		Yes

Impersonation Level:		Impersonation

New Logon:
	Security ID:		S-1-5-18
	Account Name:		SYSTEM
	Account Domain:		NT AUTHORITY
	Logon ID:		0x3E7
	Linked Logon ID:		0x0
	Network Account Name:	-
	Network Account Domain:	-
	Logon GUID:		{00000000-0000-0000-0000-000000000000}

Process Information:
	Process ID:		0x250
	Process Name:		C:\Windows\System32\services.exe

Network Information:
	Workstation Name:	-
	Source Network Address:	-
	Source Port:		-

Detailed Authentication Information:
	Logon Process:		Advapi  
	Authentication Package:	Negotiate
	Transited Services:	-
	Package Name (NTLM only):	-
	Key Length:		0

This event is generated when a logon session is created. It is generated on the computer that was accessed.

The subject fields indicate the account on the local system which requested the logon. This is most commonly a service such as the Server service, or a local process such as Winlogon.exe or Services.exe.

The logon type field indicates the kind of logon that occurred. The most common types are 2 (interactive) and 3 (network).

The New Logon fields indicate the account for whom the new logon was created, i.e. the account that was logged on.

The network fields indicate where a remote logon request originated. Workstation name is not always available and may be left blank in some cases.

The impersonation level field indicates the extent to which a process in the logon session can impersonate.

The authentication information fields provide detailed information about this specific logon request.
	- Logon GUID is a unique identifier that can be used to correlate this event with a KDC event.
	- Transited services indicate which intermediate services have participated in this logon request.
	- Package name indicates which sub-protocol was used among the NTLM protocols.
	- Key length indicates the length of the generated session key. This will be 0 if no session key was requested.""",2,2024-11-30T12:46:01.632189700Z,5187,740,DESKTOP-QGB4EQH,12544,656,AUDIT_SUCCESS,Microsoft-Windows-Security-Auditing,2,false,3,Windows logon success.,"[""windows"",""windows_security"",""authentication_success""]",60106,"[""IV_32.2""]","[""7.1"",""7.2""]",windows_eventchannel,log,"Nov 30, 2024 @ 12:46:02.717",EventChannel,1732970762.4101740,"Nov 30, 2024 @ 12:46:02.717",0x3e7,WORKGROUP,0x0,%%1833,Negotiate,0x3e7,Advapi,{00000000-0000-0000-0000-000000000000},SYSTEM,0,%%1842,S-1-5-18,0x250,C:\\Windows\\System32\\services.exe,NT AUTHORITY,S-1-5-18,%%1843,5,DESKTOP-QGB4EQH$,"[""164.312.b""]","[""10.2.5""]","[""CC6.8"",""CC7.2"",""CC7.3""]","[""AC.7"",""AU.14""]","[""Valid Accounts""]","[""T1078""]","[""Defense Evasion"",""Persistence"",""Privilege Escalation"",""Initial Access""]", , , , , , , , , , , , , , , , , , , , , , , , , , , , , , , , , , , , , , , , , , , , , , , , , , , , , , , , , , , , , , , , , , , , , , , , , , , , , , , , , , , , , , , , , , , , , , , , , , , , , , , , , , , , , , , , , , , , , , , , , , , 
wazuh-alerts-4.x-2024.11.30,3vobfZMBRlc-D5DFeSG0,1,1,192.168.117.134,window-agent3,003,Maryam, ,4624, ,0x8020000000000000,{54849625-5478-4994-A5BA-3E3B0328C30D},0,Security,0,"""An account was successfully logged on.

Subject:
	Security ID:		S-1-5-18
	Account Name:		DESKTOP-QGB4EQH$
	Account Domain:		WORKGROUP
	Logon ID:		0x3E7

Logon Information:
	Logon Type:		5
	Restricted Admin Mode:	-
	Virtual Account:		No
	Elevated Token:		Yes

Impersonation Level:		Impersonation

New Logon:
	Security ID:		S-1-5-18
	Account Name:		SYSTEM
	Account Domain:		NT AUTHORITY
	Logon ID:		0x3E7
	Linked Logon ID:		0x0
	Network Account Name:	-
	Network Account Domain:	-
	Logon GUID:		{00000000-0000-0000-0000-000000000000}

Process Information:
	Process ID:		0x250
	Process Name:		C:\Windows\System32\services.exe

Network Information:
	Workstation Name:	-
	Source Network Address:	-
	Source Port:		-

Detailed Authentication Information:
	Logon Process:		Advapi  
	Authentication Package:	Negotiate
	Transited Services:	-
	Package Name (NTLM only):	-
	Key Length:		0

This event is generated when a logon session is created. It is generated on the computer that was accessed.

The subject fields indicate the account on the local system which requested the logon. This is most commonly a service such as the Server service, or a local process such as Winlogon.exe or Services.exe.

The logon type field indicates the kind of logon that occurred. The most common types are 2 (interactive) and 3 (network).

The New Logon fields indicate the account for whom the new logon was created, i.e. the account that was logged on.

The network fields indicate where a remote logon request originated. Workstation name is not always available and may be left blank in some cases.

The impersonation level field indicates the extent to which a process in the logon session can impersonate.

The authentication information fields provide detailed information about this specific logon request.
	- Logon GUID is a unique identifier that can be used to correlate this event with a KDC event.
	- Transited services indicate which intermediate services have participated in this logon request.
	- Package name indicates which sub-protocol was used among the NTLM protocols.
	- Key length indicates the length of the generated session key. This will be 0 if no session key was requested.""",2,2024-11-30T12:46:01.997782900Z,5193,740,DESKTOP-QGB4EQH,12544,656,AUDIT_SUCCESS,Microsoft-Windows-Security-Auditing,4,false,3,Windows logon success.,"[""windows"",""windows_security"",""authentication_success""]",60106,"[""IV_32.2""]","[""7.1"",""7.2""]",windows_eventchannel,log,"Nov 30, 2024 @ 12:46:02.844",EventChannel,1732970762.4116384,"Nov 30, 2024 @ 12:46:02.844",0x3e7,WORKGROUP,0x0,%%1833,Negotiate,0x3e7,Advapi,{00000000-0000-0000-0000-000000000000},SYSTEM,0,%%1842,S-1-5-18,0x250,C:\\Windows\\System32\\services.exe,NT AUTHORITY,S-1-5-18,%%1843,5,DESKTOP-QGB4EQH$,"[""164.312.b""]","[""10.2.5""]","[""CC6.8"",""CC7.2"",""CC7.3""]","[""AC.7"",""AU.14""]","[""Valid Accounts""]","[""T1078""]","[""Defense Evasion"",""Persistence"",""Privilege Escalation"",""Initial Access""]", , , , , , , , , , , , , , , , , , , , , , , , , , , , , , , , , , , , , , , , , , , , , , , , , , , , , , , , , , , , , , , , , , , , , , , , , , , , , , , , , , , , , , , , , , , , , , , , , , , , , , , , , , , , , , , , , , , , , , , , , , , 
wazuh-alerts-4.x-2024.11.30,4fobfZMBRlc-D5DFeSG0,1,1,192.168.117.134,window-agent3,003,Maryam,"svchost, 1076,R,98, DS_Token_DB:, C:\\Windows\\system32\\config\\systemprofile\\AppData\\Local\\DataSharing\\Storage\\DSS.log",301, ,0x80000000000000, ,4,Application, ,"""svchost (1076,R,98) DS_Token_DB: The database engine has begun replaying logfile C:\Windows\system32\config\systemprofile\AppData\Local\DataSharing\Storage\DSS.log. 
 
Previous Log Processing Stats: """, ,2024-11-30T12:46:06.520684800Z,2163, ,DESKTOP-QGB4EQH,3, ,INFORMATION,ESENT,1,false,3,The database engine is replaying log file C:\Winnt\system32\wins\j50.log.,"[""windows"",""windows_application""]",60808, , ,windows_eventchannel,log,"Nov 30, 2024 @ 12:46:06.593",EventChannel,1732970766.4125984,"Nov 30, 2024 @ 12:46:06.593", , , , , , , , , , , , , , , , , , , , , , , , , , , , , , , , , , , , , , , , , , , , , , , , , , , , , , , , , , , , , , , , , , , , , , , , , , , , , , , , , , , , , , , , , , , , , , , , , , , , , , , , , , , , , , , , , , , , , , , , , , , , , , , , , , , , , , , , , , , , , , , , , , , , , 
wazuh-alerts-4.x-2024.11.30,4vobfZMBRlc-D5DFeSG0,1,1,192.168.117.134,window-agent3,003,Maryam,"svchost, 1076,U,98, DS_Token_DB:",302, ,0x80000000000000, ,4,Application, ,"""svchost (1076,U,98) DS_Token_DB: The database engine has successfully completed recovery steps.""", ,2024-11-30T12:46:06.598741200Z,2164, ,DESKTOP-QGB4EQH,3, ,INFORMATION,ESENT,1,false,3,The database engine has completed recovery steps.,"[""windows"",""windows_application""]",60809, , ,windows_eventchannel,log,"Nov 30, 2024 @ 12:46:06.694",EventChannel,1732970766.4127558,"Nov 30, 2024 @ 12:46:06.694", , , , , , , , , , , , , , , , , , , , , , , , , , , , , , , , , , , , , , , , , , , , , , , , , , , , , , , , , , , , , , , , , , , , , , , , , , , , , , , , , , , , , , , , , , , , , , , , , , , , , , , , , , , , , , , , , , , , , , , , , , , , , , , , , , , , , , , , , , , , , , , , , , , , , 
wazuh-alerts-4.x-2024.11.30,5fobfZMBRlc-D5DFeSG0,1,1,192.168.117.134,window-agent3,003,Maryam, ,13, ,0x8000000000000000,{5770385F-C22A-43E0-BF4C-06F5698FFBD9},4,Microsoft-Windows-Sysmon/Operational,0,"""Registry value set:
RuleName: -
EventType: SetValue
UtcTime: 2024-11-30 12:46:08.614
ProcessGuid: {15959494-D383-6749-1600-000000000D00}
ProcessId: 1028
Image: C:\Windows\system32\svchost.exe
TargetObject: HKLM\System\CurrentControlSet\Services\SharedAccess\Parameters\FirewallPolicy\RestrictedServices\Configurable\System\3a33f7fa-485a-4302-ad14-9c28251b57c7
Details: v2.28|Action=Block|Active=TRUE|Dir=Out|App=%%ProgramFiles%%\Windows Defender\MsMpEng.exe|Svc=WinDefend|Name=Outbound service restriction rule for WinDefend|Desc=Block all outbound traffic from service WinDefend|
User: NT AUTHORITY\LOCAL SERVICE""",2,2024-11-30T12:46:08.621943500Z,61066,1760,DESKTOP-QGB4EQH,13,2356,INFORMATION,Microsoft-Windows-Sysmon,2,false,3,Evidence of new service creation found in registry under HKLM\\System\\CurrentControlSet\\Services\\SharedAccess\\Parameters\\FirewallPolicy\\RestrictedServices\\Configurable\\System\\3a33f7fa-485a-4302-ad14-9c28251b57c7 binary is: v2.28|Action=Block|Active=TRUE|Dir=Out|App=%%ProgramFiles%%\\Windows Defender\\MsMpEng.exe|Svc=WinDefend|Name=Outbound service restriction rule for WinDefend|Desc=Block all outbound traffic from service WinDefend|,"[""sysmon"",""sysmon_eid13_detections"",""windows""]",92307, , ,windows_eventchannel,log,"Nov 30, 2024 @ 12:46:10.053",EventChannel,1732970770.4138350,"Nov 30, 2024 @ 12:46:10.053", , , , , , , , , , , , ,1028, , , , , , , , , , ,"[""Windows Service""]","[""T1543.003""]","[""Persistence"",""Privilege Escalation""]", , , , ,C:\\Windows\\system32\\svchost.exe, , , , , , ,{15959494-D383-6749-1600-000000000D00},2024-11-30 12:46:08.614, , , , ,NT AUTHORITY\\LOCAL SERVICE, , , , , , , , , , , , , , , , , , , , , , , , , , , , , , , , , , , , , , , , , , , , , , , , , , , , , , , , , , , , , , , , , , , , , , , , , , , , , , , , , , , ,HKLM\\System\\CurrentControlSet\\Services\\SharedAccess\\Parameters\\FirewallPolicy\\RestrictedServices\\Configurable\\System\\3a33f7fa-485a-4302-ad14-9c28251b57c7,v2.28|Action=Block|Active=TRUE|Dir=Out|App=%%ProgramFiles%%\\Windows Defender\\MsMpEng.exe|Svc=WinDefend|Name=Outbound service restriction rule for WinDefend|Desc=Block all outbound traffic from service WinDefend|,SetValue, , , , , , , , , , , , , , , , , , , 
wazuh-alerts-4.x-2024.11.30,5vobfZMBRlc-D5DFeSG0,1,1,192.168.117.134,window-agent3,003,Maryam, ,13, ,0x8000000000000000,{5770385F-C22A-43E0-BF4C-06F5698FFBD9},4,Microsoft-Windows-Sysmon/Operational,0,"""Registry value set:
RuleName: -
EventType: SetValue
UtcTime: 2024-11-30 12:46:08.708
ProcessGuid: {15959494-D383-6749-1600-000000000D00}
ProcessId: 1028
Image: C:\Windows\system32\svchost.exe
TargetObject: HKLM\System\CurrentControlSet\Services\SharedAccess\Parameters\FirewallPolicy\RestrictedServices\Configurable\System\{DD3CE834-3F9D-4BAA-B4FA-E1A1D6550599}
Details: v2.28|Action=Allow|Active=TRUE|Dir=Out|Protocol=6|App=%%ProgramFiles%%\Windows Defender\MsMpEng.exe|Svc=WinDefend|Name=WinDefend Outbound for TCP|
User: NT AUTHORITY\LOCAL SERVICE""",2,2024-11-30T12:46:08.725798500Z,61070,1760,DESKTOP-QGB4EQH,13,2356,INFORMATION,Microsoft-Windows-Sysmon,3,false,3,Evidence of new service creation found in registry under HKLM\\System\\CurrentControlSet\\Services\\SharedAccess\\Parameters\\FirewallPolicy\\RestrictedServices\\Configurable\\System\\{DD3CE834-3F9D-4BAA-B4FA-E1A1D6550599} binary is: v2.28|Action=Allow|Active=TRUE|Dir=Out|Protocol=6|App=%%ProgramFiles%%\\Windows Defender\\MsMpEng.exe|Svc=WinDefend|Name=WinDefend Outbound for TCP|,"[""sysmon"",""sysmon_eid13_detections"",""windows""]",92307, , ,windows_eventchannel,log,"Nov 30, 2024 @ 12:46:10.198",EventChannel,1732970770.4142609,"Nov 30, 2024 @ 12:46:10.198", , , , , , , , , , , , ,1028, , , , , , , , , , ,"[""Windows Service""]","[""T1543.003""]","[""Persistence"",""Privilege Escalation""]", , , , ,C:\\Windows\\system32\\svchost.exe, , , , , , ,{15959494-D383-6749-1600-000000000D00},2024-11-30 12:46:08.708, , , , ,NT AUTHORITY\\LOCAL SERVICE, , , , , , , , , , , , , , , , , , , , , , , , , , , , , , , , , , , , , , , , , , , , , , , , , , , , , , , , , , , , , , , , , , , , , , , , , , , , , , , , , , , ,HKLM\\System\\CurrentControlSet\\Services\\SharedAccess\\Parameters\\FirewallPolicy\\RestrictedServices\\Configurable\\System\\{DD3CE834-3F9D-4BAA-B4FA-E1A1D6550599},v2.28|Action=Allow|Active=TRUE|Dir=Out|Protocol=6|App=%%ProgramFiles%%\\Windows Defender\\MsMpEng.exe|Svc=WinDefend|Name=WinDefend Outbound for TCP|,SetValue, , , , , , , , , , , , , , , , , , , 
wazuh-alerts-4.x-2024.11.30,7PobfZMBRlc-D5DFvCEL,1,1,192.168.117.134,window-agent3,003,Maryam, ,7, ,0x8000000000000000,{5770385F-C22A-43E0-BF4C-06F5698FFBD9},4,Microsoft-Windows-Sysmon/Operational,0,"""Image loaded:
RuleName: technique_id=T1059.001,technique_name=PowerShell
UtcTime: 2024-11-30 12:46:27.675
ProcessGuid: {15959494-0923-674B-1409-000000000D00}
ProcessId: 1976
Image: C:\Windows\Microsoft.NET\Framework\v4.0.30319\mscorsvw.exe
ImageLoaded: C:\Windows\assembly\GAC_MSIL\System.Management.Automation\1.0.0.0__31bf3856ad364e35\System.Management.Automation.dll
FileVersion: 6.1.7600.16385
Description: System.Management.Automation
Product: Microsoft (R) Windows (R) Operating System
Company: Microsoft Corporation
OriginalFileName: System.Management.Automation.dll
Hashes: SHA1=C669667BB4D7870BC8BB65365D30071EB7FB86FE,MD5=6CA7D39D5E569CC91538DD29B88FDAEA,SHA256=1C6DD7935A15C026F69C6F687F21B83D06C69FA089ED26B10FE2A08E68FE1ACB,IMPHASH=DAE02F32A21E03CE65412F6E56942DAA
Signed: true
Signature: Microsoft Windows
SignatureStatus: Valid
User: NT AUTHORITY\SYSTEM""",3,2024-11-30T12:46:27.682154600Z,61096,1756,DESKTOP-QGB4EQH,7,2356,INFORMATION,Microsoft-Windows-Sysmon,2,true,12,Binary loaded PowerShell automation library - Possible unmanaged Powershell execution by suspicious process,"[""sysmon"",""sysmon_eid7_detections"",""windows""]",92151, , ,windows_eventchannel,log,"Nov 30, 2024 @ 12:46:28.592",EventChannel,1732970788.4167843,"Nov 30, 2024 @ 12:46:28.592", , , , , , , , , , , , ,1976, , , , , , , , , , ,"[""PowerShell""]","[""T1059.001""]","[""Execution""]", , , ,System.Management.Automation.dll,C:\\Windows\\Microsoft.NET\\Framework\\v4.0.30319\\mscorsvw.exe,Microsoft (R) Windows (R) Operating System,Microsoft Windows,C:\\Windows\\assembly\\GAC_MSIL\\System.Management.Automation\\1.0.0.0__31bf3856ad364e35\\System.Management.Automation.dll,System.Management.Automation,true,Valid,{15959494-0923-674B-1409-000000000D00},2024-11-30 12:46:27.675,"SHA1=C669667BB4D7870BC8BB65365D30071EB7FB86FE,MD5=6CA7D39D5E569CC91538DD29B88FDAEA,SHA256=1C6DD7935A15C026F69C6F687F21B83D06C69FA089ED26B10FE2A08E68FE1ACB,IMPHASH=DAE02F32A21E03CE65412F6E56942DAA","technique_id=T1059.001,technique_name=PowerShell",Microsoft Corporation,6.1.7600.16385,NT AUTHORITY\\SYSTEM, , , , , , , , , , , , , , , , , , , , , , , , , , , , , , , , , , , , , , , , , , , , , , , , , , , , , , , , , , , , , , , , , , , , , , , , , , , , , , , , , , , , , , , , , , , , , , , , , , , , , , , , , 
wazuh-alerts-4.x-2024.11.30,8fobfZMBRlc-D5DFvCEL,1,1,192.168.117.134,window-agent3,003,Maryam, ,7, ,0x8000000000000000,{5770385F-C22A-43E0-BF4C-06F5698FFBD9},4,Microsoft-Windows-Sysmon/Operational,0,"""Image loaded:
RuleName: technique_id=T1059.001,technique_name=PowerShell
UtcTime: 2024-11-30 12:46:28.190
ProcessGuid: {15959494-0923-674B-1509-000000000D00}
ProcessId: 8012
Image: C:\Windows\Microsoft.NET\Framework\v4.0.30319\mscorsvw.exe
ImageLoaded: C:\Windows\assembly\GAC_MSIL\System.Management.Automation\1.0.0.0__31bf3856ad364e35\System.Management.Automation.dll
FileVersion: 6.1.7600.16385
Description: System.Management.Automation
Product: Microsoft (R) Windows (R) Operating System
Company: Microsoft Corporation
OriginalFileName: System.Management.Automation.dll
Hashes: SHA1=C669667BB4D7870BC8BB65365D30071EB7FB86FE,MD5=6CA7D39D5E569CC91538DD29B88FDAEA,SHA256=1C6DD7935A15C026F69C6F687F21B83D06C69FA089ED26B10FE2A08E68FE1ACB,IMPHASH=DAE02F32A21E03CE65412F6E56942DAA
Signed: true
Signature: Microsoft Windows
SignatureStatus: Valid
User: NT AUTHORITY\SYSTEM""",3,2024-11-30T12:46:28.198547300Z,61101,1760,DESKTOP-QGB4EQH,7,2356,INFORMATION,Microsoft-Windows-Sysmon,7,true,12,Binary loaded PowerShell automation library - Possible unmanaged Powershell execution by suspicious process,"[""sysmon"",""sysmon_eid7_detections"",""windows""]",92151, , ,windows_eventchannel,log,"Nov 30, 2024 @ 12:46:28.686",EventChannel,1732970788.4193458,"Nov 30, 2024 @ 12:46:28.686", , , , , , , , , , , , ,8012, , , , , , , , , , ,"[""PowerShell""]","[""T1059.001""]","[""Execution""]", , , ,System.Management.Automation.dll,C:\\Windows\\Microsoft.NET\\Framework\\v4.0.30319\\mscorsvw.exe,Microsoft (R) Windows (R) Operating System,Microsoft Windows,C:\\Windows\\assembly\\GAC_MSIL\\System.Management.Automation\\1.0.0.0__31bf3856ad364e35\\System.Management.Automation.dll,System.Management.Automation,true,Valid,{15959494-0923-674B-1509-000000000D00},2024-11-30 12:46:28.190,"SHA1=C669667BB4D7870BC8BB65365D30071EB7FB86FE,MD5=6CA7D39D5E569CC91538DD29B88FDAEA,SHA256=1C6DD7935A15C026F69C6F687F21B83D06C69FA089ED26B10FE2A08E68FE1ACB,IMPHASH=DAE02F32A21E03CE65412F6E56942DAA","technique_id=T1059.001,technique_name=PowerShell",Microsoft Corporation,6.1.7600.16385,NT AUTHORITY\\SYSTEM, , , , , , , , , , , , , , , , , , , , , , , , , , , , , , , , , , , , , , , , , , , , , , , , , , , , , , , , , , , , , , , , , , , , , , , , , , , , , , , , , , , , , , , , , , , , , , , , , , , , , , , , , 
wazuh-alerts-4.x-2024.11.30,9fobfZMBRlc-D5DFwyHg,1,1,192.168.117.134,window-agent3,003,Maryam, ,7, ,0x8000000000000000,{5770385F-C22A-43E0-BF4C-06F5698FFBD9},4,Microsoft-Windows-Sysmon/Operational,0,"""Image loaded:
RuleName: technique_id=T1059.001,technique_name=PowerShell
UtcTime: 2024-11-30 12:46:28.909
ProcessGuid: {15959494-0924-674B-1609-000000000D00}
ProcessId: 7564
Image: C:\Windows\Microsoft.NET\Framework\v4.0.30319\mscorsvw.exe
ImageLoaded: C:\Windows\assembly\GAC_MSIL\System.Management.Automation\1.0.0.0__31bf3856ad364e35\System.Management.Automation.dll
FileVersion: 6.1.7600.16385
Description: System.Management.Automation
Product: Microsoft (R) Windows (R) Operating System
Company: Microsoft Corporation
OriginalFileName: System.Management.Automation.dll
Hashes: SHA1=C669667BB4D7870BC8BB65365D30071EB7FB86FE,MD5=6CA7D39D5E569CC91538DD29B88FDAEA,SHA256=1C6DD7935A15C026F69C6F687F21B83D06C69FA089ED26B10FE2A08E68FE1ACB,IMPHASH=DAE02F32A21E03CE65412F6E56942DAA
Signed: true
Signature: Microsoft Windows
SignatureStatus: Valid
User: NT AUTHORITY\SYSTEM""",3,2024-11-30T12:46:28.922889400Z,61109,1760,DESKTOP-QGB4EQH,7,2356,INFORMATION,Microsoft-Windows-Sysmon,11,true,12,Binary loaded PowerShell automation library - Possible unmanaged Powershell execution by suspicious process,"[""sysmon"",""sysmon_eid7_detections"",""windows""]",92151, , ,windows_eventchannel,log,"Nov 30, 2024 @ 12:46:30.014",EventChannel,1732970790.4213950,"Nov 30, 2024 @ 12:46:30.014", , , , , , , , , , , , ,7564, , , , , , , , , , ,"[""PowerShell""]","[""T1059.001""]","[""Execution""]", , , ,System.Management.Automation.dll,C:\\Windows\\Microsoft.NET\\Framework\\v4.0.30319\\mscorsvw.exe,Microsoft (R) Windows (R) Operating System,Microsoft Windows,C:\\Windows\\assembly\\GAC_MSIL\\System.Management.Automation\\1.0.0.0__31bf3856ad364e35\\System.Management.Automation.dll,System.Management.Automation,true,Valid,{15959494-0924-674B-1609-000000000D00},2024-11-30 12:46:28.909,"SHA1=C669667BB4D7870BC8BB65365D30071EB7FB86FE,MD5=6CA7D39D5E569CC91538DD29B88FDAEA,SHA256=1C6DD7935A15C026F69C6F687F21B83D06C69FA089ED26B10FE2A08E68FE1ACB,IMPHASH=DAE02F32A21E03CE65412F6E56942DAA","technique_id=T1059.001,technique_name=PowerShell",Microsoft Corporation,6.1.7600.16385,NT AUTHORITY\\SYSTEM, , , , , , , , , , , , , , , , , , , , , , , , , , , , , , , , , , , , , , , , , , , , , , , , , , , , , , , , , , , , , , , , , , , , , , , , , , , , , , , , , , , , , , , , , , , , , , , , , , , , , , , , , 
