wazuh-alerts-4.x-2024.11.30,u_qMfJMBRlc-D5DFzyBC,1,1,192.168.117.134,window-agent3,003,Maryam, ,11, ,0x8000000000000000,{5770385F-C22A-43E0-BF4C-06F5698FFBD9},4,Microsoft-Windows-Sysmon/Operational,0,"""File created:
RuleName: technique_id=T1059.001,technique_name=PowerShell
UtcTime: 2024-11-30 10:10:19.502
ProcessGuid: {15959494-E48B-674A-F307-000000000D00}
ProcessId: 5328
Image: C:\Windows\System32\WindowsPowerShell\v1.0\powershell.exe
TargetFilename: C:\Users\mari\AppData\Local\Temp\__PSScriptPolicyTest_aoqzouao.mmy.ps1
CreationUtcTime: 2024-11-30 10:10:19.502
User: DESKTOP-QGB4EQH\mari""",2,2024-11-30T10:10:19.504369500Z,58339,1760,DESKTOP-QGB4EQH,11,2356,INFORMATION,Microsoft-Windows-Sysmon,42,true,15,Executable file dropped in folder commonly used by malware,"[""sysmon"",""sysmon_eid11_detections"",""windows""]",92213, , ,windows_eventchannel,log,"Nov 30, 2024 @ 10:10:20.628",EventChannel,1732961420.3520421,"Nov 30, 2024 @ 10:10:20.628", , , , , , , , , , , , ,5328, , , , , , , , , , ,"[""Ingress Tool Transfer""]","[""T1105""]","[""Command and Control""]", , , , ,C:\\Windows\\System32\\WindowsPowerShell\\v1.0\\powershell.exe, , , , , , ,{15959494-E48B-674A-F307-000000000D00},2024-11-30 10:10:19.502, ,"technique_id=T1059.001,technique_name=PowerShell", , ,DESKTOP-QGB4EQH\\mari, , , , , , , , , , , , , , , , , , , , , , , , , , , , , , , , , , , , ,C:\\Users\\mari\\AppData\\Local\\Temp\\__PSScriptPolicyTest_aoqzouao.mmy.ps1,2024-11-30 10:10:19.502, , , , , , , , , , , , , , , , , , , , , , , , , , , , , , , , , , , , , , , , , , , , , , , , , , , , , , , , , , , , , , , , , , , 
wazuh-alerts-4.x-2024.11.30,vfqOfJMBRlc-D5DFLiDX,1,1,192.168.117.134,window-agent3,003,Maryam, ,11, ,0x8000000000000000,{5770385F-C22A-43E0-BF4C-06F5698FFBD9},4,Microsoft-Windows-Sysmon/Operational,0,"""File created:
RuleName: technique_id=T1059.001,technique_name=PowerShell
UtcTime: 2024-11-30 10:11:49.634
ProcessGuid: {15959494-E4E5-674A-F607-000000000D00}
ProcessId: 236
Image: C:\Windows\System32\WindowsPowerShell\v1.0\powershell.exe
TargetFilename: C:\Users\mari\AppData\Local\Temp\__PSScriptPolicyTest_dcmqpp1a.dht.ps1
CreationUtcTime: 2024-11-30 10:11:49.634
User: DESKTOP-QGB4EQH\mari""",2,2024-11-30T10:11:49.648925000Z,58374,1760,DESKTOP-QGB4EQH,11,2356,INFORMATION,Microsoft-Windows-Sysmon,44,true,15,Executable file dropped in folder commonly used by malware,"[""sysmon"",""sysmon_eid11_detections"",""windows""]",92213, , ,windows_eventchannel,log,"Nov 30, 2024 @ 10:11:50.775",EventChannel,1732961510.3526443,"Nov 30, 2024 @ 10:11:50.775", , , , , , , , , , , , ,236, , , , , , , , , , ,"[""Ingress Tool Transfer""]","[""T1105""]","[""Command and Control""]", , , , ,C:\\Windows\\System32\\WindowsPowerShell\\v1.0\\powershell.exe, , , , , , ,{15959494-E4E5-674A-F607-000000000D00},2024-11-30 10:11:49.634, ,"technique_id=T1059.001,technique_name=PowerShell", , ,DESKTOP-QGB4EQH\\mari, , , , , , , , , , , , , , , , , , , , , , , , , , , , , , , , , , , , ,C:\\Users\\mari\\AppData\\Local\\Temp\\__PSScriptPolicyTest_dcmqpp1a.dht.ps1,2024-11-30 10:11:49.634, , , , , , , , , , , , , , , , , , , , , , , , , , , , , , , , , , , , , , , , , , , , , , , , , , , , , , , , , , , , , , , , , , , 
wazuh-alerts-4.x-2024.11.30,ivp2fJMBRlc-D5DFJiAu,1,1,192.168.117.134,window-agent3,003,Maryam, ,1014, ,0x4000000010000000,{1C95126E-7EEA-49A9-A3FE-A378B03DDB4D},3,System,0,"""Name resolution for the name wpad timed out after none of the configured DNS servers responded.""",0,2024-11-30T09:45:30.840425700Z,2076,7844,DESKTOP-QGB4EQH,1014,1384,WARNING,Microsoft-Windows-DNS-Client,1,false,5,Name resolution for the name wpad timed out,"[""windows"",""windows_system""]",61109, , ,windows_eventchannel,log,"Nov 30, 2024 @ 09:45:31.913",EventChannel,1732959931.3393006,"Nov 30, 2024 @ 09:45:31.913", , , , , , , , , , , , , , , , , , , , , , , , , , ,128,02000000C0A87502000000000000000000000000000000000000000000000000000000000000000000000000000000000000000000000000000000000000000000000000000000000000000000000000000000000000000000000000000000000000000000000000000000000000000000000000000000000000000000000000,wpad, , , , , , , , , , , , , , , , , , , , , , , , , , , , , , , , , , , , , , , , , , , , , , , , , , , , , , , , , , , , , , , , , , , , , , , , , , , , , , , , , , , , , , , , , , , , , , , , , , , , , , , , , , , , , , , , , , , , , , , , 
wazuh-alerts-4.x-2024.11.30,BPqwfJMBRlc-D5DFeCGq,1,1,192.168.117.134,window-agent3,003,Maryam, ,11, ,0x8000000000000000,{5770385F-C22A-43E0-BF4C-06F5698FFBD9},4,Microsoft-Windows-Sysmon/Operational,0,"""File created:
RuleName: technique_id=T1059.001,technique_name=PowerShell
UtcTime: 2024-11-30 10:49:10.692
ProcessGuid: {15959494-EDA6-674A-3108-000000000D00}
ProcessId: 6472
Image: C:\Windows\System32\WindowsPowerShell\v1.0\powershell.exe
TargetFilename: C:\Users\mari\AppData\Local\Temp\__PSScriptPolicyTest_pof33ncm.bxy.ps1
CreationUtcTime: 2024-11-30 10:49:10.692
User: DESKTOP-QGB4EQH\mari""",2,2024-11-30T10:49:10.693627700Z,59066,1760,DESKTOP-QGB4EQH,11,2356,INFORMATION,Microsoft-Windows-Sysmon,23,true,15,Executable file dropped in folder commonly used by malware,"[""sysmon"",""sysmon_eid11_detections"",""windows""]",92213, , ,windows_eventchannel,log,"Nov 30, 2024 @ 10:49:11.824",EventChannel,1732963751.3671550,"Nov 30, 2024 @ 10:49:11.824", , , , , , , , , , , , ,6472, , , , , , , , , , ,"[""Ingress Tool Transfer""]","[""T1105""]","[""Command and Control""]", , , , ,C:\\Windows\\System32\\WindowsPowerShell\\v1.0\\powershell.exe, , , , , , ,{15959494-EDA6-674A-3108-000000000D00},2024-11-30 10:49:10.692, ,"technique_id=T1059.001,technique_name=PowerShell", , ,DESKTOP-QGB4EQH\\mari, , , , , , , , , , , , , , , , , , , , , , , , , , , , , , , , , , , , ,C:\\Users\\mari\\AppData\\Local\\Temp\\__PSScriptPolicyTest_pof33ncm.bxy.ps1,2024-11-30 10:49:10.692, , , , , , , , , , , , , , , , , , , , , , , , , , , , , , , , , , , , , , , , , , , , , , , , , , , , , , , , , , , , , , , , , , , 
wazuh-alerts-4.x-2024.11.30,DPq1fJMBRlc-D5DFWiG3,1,1,192.168.117.134,window-agent3,003,Maryam, ,11, ,0x8000000000000000,{5770385F-C22A-43E0-BF4C-06F5698FFBD9},4,Microsoft-Windows-Sysmon/Operational,0,"""File created:
RuleName: technique_id=T1059.001,technique_name=PowerShell
UtcTime: 2024-11-30 10:54:28.747
ProcessGuid: {15959494-EEE4-674A-3A08-000000000D00}
ProcessId: 1580
Image: C:\Windows\System32\WindowsPowerShell\v1.0\powershell.exe
TargetFilename: C:\Users\mari\AppData\Local\Temp\__PSScriptPolicyTest_xb5eandy.cxf.ps1
CreationUtcTime: 2024-11-30 10:54:28.747
User: DESKTOP-QGB4EQH\mari""",2,2024-11-30T10:54:28.759867300Z,59160,1760,DESKTOP-QGB4EQH,11,2356,INFORMATION,Microsoft-Windows-Sysmon,29,true,15,Executable file dropped in folder commonly used by malware,"[""sysmon"",""sysmon_eid11_detections"",""windows""]",92213, , ,windows_eventchannel,log,"Nov 30, 2024 @ 10:54:29.896",EventChannel,1732964069.3689616,"Nov 30, 2024 @ 10:54:29.896", , , , , , , , , , , , ,1580, , , , , , , , , , ,"[""Ingress Tool Transfer""]","[""T1105""]","[""Command and Control""]", , , , ,C:\\Windows\\System32\\WindowsPowerShell\\v1.0\\powershell.exe, , , , , , ,{15959494-EEE4-674A-3A08-000000000D00},2024-11-30 10:54:28.747, ,"technique_id=T1059.001,technique_name=PowerShell", , ,DESKTOP-QGB4EQH\\mari, , , , , , , , , , , , , , , , , , , , , , , , , , , , , , , , , , , , ,C:\\Users\\mari\\AppData\\Local\\Temp\\__PSScriptPolicyTest_xb5eandy.cxf.ps1,2024-11-30 10:54:28.747, , , , , , , , , , , , , , , , , , , , , , , , , , , , , , , , , , , , , , , , , , , , , , , , , , , , , , , , , , , , , , , , , , , 
wazuh-alerts-4.x-2024.11.30,D_q2fJMBRlc-D5DFCiGC,1,1,192.168.117.134,window-agent3,003,Maryam, ,11, ,0x8000000000000000,{5770385F-C22A-43E0-BF4C-06F5698FFBD9},4,Microsoft-Windows-Sysmon/Operational,0,"""File created:
RuleName: technique_id=T1059.001,technique_name=PowerShell
UtcTime: 2024-11-30 10:55:16.757
ProcessGuid: {15959494-EF14-674A-3B08-000000000D00}
ProcessId: 3656
Image: C:\Windows\System32\WindowsPowerShell\v1.0\powershell.exe
TargetFilename: C:\Users\mari\AppData\Local\Temp\__PSScriptPolicyTest_f5x1apqj.401.ps1
CreationUtcTime: 2024-11-30 10:55:16.757
User: DESKTOP-QGB4EQH\mari""",2,2024-11-30T10:55:16.770388000Z,59175,1760,DESKTOP-QGB4EQH,11,2356,INFORMATION,Microsoft-Windows-Sysmon,30,true,15,Executable file dropped in folder commonly used by malware,"[""sysmon"",""sysmon_eid11_detections"",""windows""]",92213, , ,windows_eventchannel,log,"Nov 30, 2024 @ 10:55:17.903",EventChannel,1732964117.3692627,"Nov 30, 2024 @ 10:55:17.903", , , , , , , , , , , , ,3656, , , , , , , , , , ,"[""Ingress Tool Transfer""]","[""T1105""]","[""Command and Control""]", , , , ,C:\\Windows\\System32\\WindowsPowerShell\\v1.0\\powershell.exe, , , , , , ,{15959494-EF14-674A-3B08-000000000D00},2024-11-30 10:55:16.757, ,"technique_id=T1059.001,technique_name=PowerShell", , ,DESKTOP-QGB4EQH\\mari, , , , , , , , , , , , , , , , , , , , , , , , , , , , , , , , , , , , ,C:\\Users\\mari\\AppData\\Local\\Temp\\__PSScriptPolicyTest_f5x1apqj.401.ps1,2024-11-30 10:55:16.757, , , , , , , , , , , , , , , , , , , , , , , , , , , , , , , , , , , , , , , , , , , , , , , , , , , , , , , , , , , , , , , , , , , 
wazuh-alerts-4.x-2024.11.30,JPq_fJMBRlc-D5DF7SHk,1,1,192.168.117.134,window-agent3,003,Maryam, ,11, ,0x8000000000000000,{5770385F-C22A-43E0-BF4C-06F5698FFBD9},4,Microsoft-Windows-Sysmon/Operational,0,"""File created:
RuleName: technique_id=T1059.001,technique_name=PowerShell
UtcTime: 2024-11-30 11:06:01.175
ProcessGuid: {15959494-F199-674A-4E08-000000000D00}
ProcessId: 4044
Image: C:\Windows\System32\WindowsPowerShell\v1.0\powershell.exe
TargetFilename: C:\Users\mari\AppData\Local\Temp\__PSScriptPolicyTest_es0oyplf.tl3.ps1
CreationUtcTime: 2024-11-30 11:06:01.175
User: DESKTOP-QGB4EQH\mari""",2,2024-11-30T11:06:01.189047300Z,59374,1760,DESKTOP-QGB4EQH,11,2356,INFORMATION,Microsoft-Windows-Sysmon,43,true,15,Executable file dropped in folder commonly used by malware,"[""sysmon"",""sysmon_eid11_detections"",""windows""]",92213, , ,windows_eventchannel,log,"Nov 30, 2024 @ 11:06:02.310",EventChannel,1732964762.3733754,"Nov 30, 2024 @ 11:06:02.310", , , , , , , , , , , , ,4044, , , , , , , , , , ,"[""Ingress Tool Transfer""]","[""T1105""]","[""Command and Control""]", , , , ,C:\\Windows\\System32\\WindowsPowerShell\\v1.0\\powershell.exe, , , , , , ,{15959494-F199-674A-4E08-000000000D00},2024-11-30 11:06:01.175, ,"technique_id=T1059.001,technique_name=PowerShell", , ,DESKTOP-QGB4EQH\\mari, , , , , , , , , , , , , , , , , , , , , , , , , , , , , , , , , , , , ,C:\\Users\\mari\\AppData\\Local\\Temp\\__PSScriptPolicyTest_es0oyplf.tl3.ps1,2024-11-30 11:06:01.175, , , , , , , , , , , , , , , , , , , , , , , , , , , , , , , , , , , , , , , , , , , , , , , , , , , , , , , , , , , , , , , , , , , 
wazuh-alerts-4.x-2024.11.30,CvqzfJMBRlc-D5DFrSED,1,1,192.168.117.134,window-agent3,003,Maryam, ,11, ,0x8000000000000000,{5770385F-C22A-43E0-BF4C-06F5698FFBD9},4,Microsoft-Windows-Sysmon/Operational,0,"""File created:
RuleName: technique_id=T1059.001,technique_name=PowerShell
UtcTime: 2024-11-30 10:52:43.651
ProcessGuid: {15959494-EE7B-674A-3708-000000000D00}
ProcessId: 6284
Image: C:\Windows\System32\WindowsPowerShell\v1.0\powershell.exe
TargetFilename: C:\Users\mari\AppData\Local\Temp\__PSScriptPolicyTest_gro20o2i.ikp.ps1
CreationUtcTime: 2024-11-30 10:52:43.651
User: DESKTOP-QGB4EQH\mari""",2,2024-11-30T10:52:43.666281600Z,59130,1760,DESKTOP-QGB4EQH,11,2356,INFORMATION,Microsoft-Windows-Sysmon,27,true,15,Executable file dropped in folder commonly used by malware,"[""sysmon"",""sysmon_eid11_detections"",""windows""]",92213, , ,windows_eventchannel,log,"Nov 30, 2024 @ 10:52:44.797",EventChannel,1732963964.3683594,"Nov 30, 2024 @ 10:52:44.797", , , , , , , , , , , , ,6284, , , , , , , , , , ,"[""Ingress Tool Transfer""]","[""T1105""]","[""Command and Control""]", , , , ,C:\\Windows\\System32\\WindowsPowerShell\\v1.0\\powershell.exe, , , , , , ,{15959494-EE7B-674A-3708-000000000D00},2024-11-30 10:52:43.651, ,"technique_id=T1059.001,technique_name=PowerShell", , ,DESKTOP-QGB4EQH\\mari, , , , , , , , , , , , , , , , , , , , , , , , , , , , , , , , , , , , ,C:\\Users\\mari\\AppData\\Local\\Temp\\__PSScriptPolicyTest_gro20o2i.ikp.ps1,2024-11-30 10:52:43.651, , , , , , , , , , , , , , , , , , , , , , , , , , , , , , , , , , , , , , , , , , , , , , , , , , , , , , , , , , , , , , , , , , , 
wazuh-alerts-4.x-2024.11.30,E_q4fJMBRlc-D5DFcyG6,1,1,192.168.117.134,window-agent3,003,Maryam, ,11, ,0x8000000000000000,{5770385F-C22A-43E0-BF4C-06F5698FFBD9},4,Microsoft-Windows-Sysmon/Operational,0,"""File created:
RuleName: technique_id=T1059.001,technique_name=PowerShell
UtcTime: 2024-11-30 10:57:56.220
ProcessGuid: {15959494-EFB4-674A-3E08-000000000D00}
ProcessId: 7900
Image: C:\Windows\System32\WindowsPowerShell\v1.0\powershell.exe
TargetFilename: C:\Users\mari\AppData\Local\Temp\__PSScriptPolicyTest_2wz55l2c.fae.ps1
CreationUtcTime: 2024-11-30 10:57:56.220
User: DESKTOP-QGB4EQH\mari""",2,2024-11-30T10:57:56.221822200Z,59220,1760,DESKTOP-QGB4EQH,11,2356,INFORMATION,Microsoft-Windows-Sysmon,33,true,15,Executable file dropped in folder commonly used by malware,"[""sysmon"",""sysmon_eid11_detections"",""windows""]",92213, , ,windows_eventchannel,log,"Nov 30, 2024 @ 10:57:57.343",EventChannel,1732964277.3703648,"Nov 30, 2024 @ 10:57:57.343", , , , , , , , , , , , ,7900, , , , , , , , , , ,"[""Ingress Tool Transfer""]","[""T1105""]","[""Command and Control""]", , , , ,C:\\Windows\\System32\\WindowsPowerShell\\v1.0\\powershell.exe, , , , , , ,{15959494-EFB4-674A-3E08-000000000D00},2024-11-30 10:57:56.220, ,"technique_id=T1059.001,technique_name=PowerShell", , ,DESKTOP-QGB4EQH\\mari, , , , , , , , , , , , , , , , , , , , , , , , , , , , , , , , , , , , ,C:\\Users\\mari\\AppData\\Local\\Temp\\__PSScriptPolicyTest_2wz55l2c.fae.ps1,2024-11-30 10:57:56.220, , , , , , , , , , , , , , , , , , , , , , , , , , , , , , , , , , , , , , , , , , , , , , , , , , , , , , , , , , , , , , , , , , , 
wazuh-alerts-4.x-2024.11.30,FPq4fJMBRlc-D5DF_CF3,1,1,192.168.117.134,window-agent3,003,Maryam, ,11, ,0x8000000000000000,{5770385F-C22A-43E0-BF4C-06F5698FFBD9},4,Microsoft-Windows-Sysmon/Operational,0,"""File created:
RuleName: technique_id=T1059.001,technique_name=PowerShell
UtcTime: 2024-11-30 10:58:34.571
ProcessGuid: {15959494-EFDA-674A-3F08-000000000D00}
ProcessId: 6316
Image: C:\Windows\System32\WindowsPowerShell\v1.0\powershell.exe
TargetFilename: C:\Users\mari\AppData\Local\Temp\__PSScriptPolicyTest_jcyowihz.a5z.ps1
CreationUtcTime: 2024-11-30 10:58:34.571
User: DESKTOP-QGB4EQH\mari""",2,2024-11-30T10:58:34.573228200Z,59235,1760,DESKTOP-QGB4EQH,11,2356,INFORMATION,Microsoft-Windows-Sysmon,34,true,15,Executable file dropped in folder commonly used by malware,"[""sysmon"",""sysmon_eid11_detections"",""windows""]",92213, , ,windows_eventchannel,log,"Nov 30, 2024 @ 10:58:35.688",EventChannel,1732964315.3706659,"Nov 30, 2024 @ 10:58:35.688", , , , , , , , , , , , ,6316, , , , , , , , , , ,"[""Ingress Tool Transfer""]","[""T1105""]","[""Command and Control""]", , , , ,C:\\Windows\\System32\\WindowsPowerShell\\v1.0\\powershell.exe, , , , , , ,{15959494-EFDA-674A-3F08-000000000D00},2024-11-30 10:58:34.571, ,"technique_id=T1059.001,technique_name=PowerShell", , ,DESKTOP-QGB4EQH\\mari, , , , , , , , , , , , , , , , , , , , , , , , , , , , , , , , , , , , ,C:\\Users\\mari\\AppData\\Local\\Temp\\__PSScriptPolicyTest_jcyowihz.a5z.ps1,2024-11-30 10:58:34.571, , , , , , , , , , , , , , , , , , , , , , , , , , , , , , , , , , , , , , , , , , , , , , , , , , , , , , , , , , , , , , , , , , , 
wazuh-alerts-4.x-2024.11.30,Hvq8fJMBRlc-D5DFkiF5,1,1,192.168.117.134,window-agent3,003,Maryam, ,11, ,0x8000000000000000,{5770385F-C22A-43E0-BF4C-06F5698FFBD9},4,Microsoft-Windows-Sysmon/Operational,0,"""File created:
RuleName: technique_id=T1059.001,technique_name=PowerShell
UtcTime: 2024-11-30 11:02:26.182
ProcessGuid: {15959494-F0C2-674A-4508-000000000D00}
ProcessId: 2792
Image: C:\Windows\System32\WindowsPowerShell\v1.0\powershell.exe
TargetFilename: C:\Users\mari\AppData\Local\Temp\__PSScriptPolicyTest_5p0t3te1.liy.ps1
CreationUtcTime: 2024-11-30 11:02:26.182
User: DESKTOP-QGB4EQH\mari""",2,2024-11-30T11:02:26.187834300Z,59311,1760,DESKTOP-QGB4EQH,11,2356,INFORMATION,Microsoft-Windows-Sysmon,39,true,15,Executable file dropped in folder commonly used by malware,"[""sysmon"",""sysmon_eid11_detections"",""windows""]",92213, , ,windows_eventchannel,log,"Nov 30, 2024 @ 11:02:27.316",EventChannel,1732964547.3721714,"Nov 30, 2024 @ 11:02:27.316", , , , , , , , , , , , ,2792, , , , , , , , , , ,"[""Ingress Tool Transfer""]","[""T1105""]","[""Command and Control""]", , , , ,C:\\Windows\\System32\\WindowsPowerShell\\v1.0\\powershell.exe, , , , , , ,{15959494-F0C2-674A-4508-000000000D00},2024-11-30 11:02:26.182, ,"technique_id=T1059.001,technique_name=PowerShell", , ,DESKTOP-QGB4EQH\\mari, , , , , , , , , , , , , , , , , , , , , , , , , , , , , , , , , , , , ,C:\\Users\\mari\\AppData\\Local\\Temp\\__PSScriptPolicyTest_5p0t3te1.liy.ps1,2024-11-30 11:02:26.182, , , , , , , , , , , , , , , , , , , , , , , , , , , , , , , , , , , , , , , , , , , , , , , , , , , , , , , , , , , , , , , , , , , 
wazuh-alerts-4.x-2024.11.30,KPrCfJMBRlc-D5DFhSH8,1,1,192.168.117.134,window-agent3,003,Maryam, ,11, ,0x8000000000000000,{5770385F-C22A-43E0-BF4C-06F5698FFBD9},4,Microsoft-Windows-Sysmon/Operational,0,"""File created:
RuleName: technique_id=T1059.001,technique_name=PowerShell
UtcTime: 2024-11-30 11:08:53.225
ProcessGuid: {15959494-F245-674A-5108-000000000D00}
ProcessId: 5284
Image: C:\Windows\System32\WindowsPowerShell\v1.0\powershell.exe
TargetFilename: C:\Users\mari\AppData\Local\Temp\__PSScriptPolicyTest_risrdooi.it4.ps1
CreationUtcTime: 2024-11-30 11:08:53.225
User: DESKTOP-QGB4EQH\mari""",2,2024-11-30T11:08:53.225876400Z,59429,1760,DESKTOP-QGB4EQH,11,2356,INFORMATION,Microsoft-Windows-Sysmon,46,true,15,Executable file dropped in folder commonly used by malware,"[""sysmon"",""sysmon_eid11_detections"",""windows""]",92213, , ,windows_eventchannel,log,"Nov 30, 2024 @ 11:08:54.356",EventChannel,1732964934.3744775,"Nov 30, 2024 @ 11:08:54.356", , , , , , , , , , , , ,5284, , , , , , , , , , ,"[""Ingress Tool Transfer""]","[""T1105""]","[""Command and Control""]", , , , ,C:\\Windows\\System32\\WindowsPowerShell\\v1.0\\powershell.exe, , , , , , ,{15959494-F245-674A-5108-000000000D00},2024-11-30 11:08:53.225, ,"technique_id=T1059.001,technique_name=PowerShell", , ,DESKTOP-QGB4EQH\\mari, , , , , , , , , , , , , , , , , , , , , , , , , , , , , , , , , , , , ,C:\\Users\\mari\\AppData\\Local\\Temp\\__PSScriptPolicyTest_risrdooi.it4.ps1,2024-11-30 11:08:53.225, , , , , , , , , , , , , , , , , , , , , , , , , , , , , , , , , , , , , , , , , , , , , , , , , , , , , , , , , , , , , , , , , , , 
wazuh-alerts-4.x-2024.11.30,LPrEfJMBRlc-D5DFDCGh,1,1,192.168.117.134,window-agent3,003,Maryam, ,11, ,0x8000000000000000,{5770385F-C22A-43E0-BF4C-06F5698FFBD9},4,Microsoft-Windows-Sysmon/Operational,0,"""File created:
RuleName: technique_id=T1059.001,technique_name=PowerShell
UtcTime: 2024-11-30 11:10:31.614
ProcessGuid: {15959494-F2A7-674A-5408-000000000D00}
ProcessId: 5432
Image: C:\Windows\System32\WindowsPowerShell\v1.0\powershell.exe
TargetFilename: C:\Users\mari\AppData\Local\Temp\__PSScriptPolicyTest_4w5nkpwm.ulx.ps1
CreationUtcTime: 2024-11-30 11:10:31.614
User: DESKTOP-QGB4EQH\mari""",2,2024-11-30T11:10:31.628734300Z,59459,1760,DESKTOP-QGB4EQH,11,2356,INFORMATION,Microsoft-Windows-Sysmon,48,true,15,Executable file dropped in folder commonly used by malware,"[""sysmon"",""sysmon_eid11_detections"",""windows""]",92213, , ,windows_eventchannel,log,"Nov 30, 2024 @ 11:10:32.741",EventChannel,1732965032.3750797,"Nov 30, 2024 @ 11:10:32.741", , , , , , , , , , , , ,5432, , , , , , , , , , ,"[""Ingress Tool Transfer""]","[""T1105""]","[""Command and Control""]", , , , ,C:\\Windows\\System32\\WindowsPowerShell\\v1.0\\powershell.exe, , , , , , ,{15959494-F2A7-674A-5408-000000000D00},2024-11-30 11:10:31.614, ,"technique_id=T1059.001,technique_name=PowerShell", , ,DESKTOP-QGB4EQH\\mari, , , , , , , , , , , , , , , , , , , , , , , , , , , , , , , , , , , , ,C:\\Users\\mari\\AppData\\Local\\Temp\\__PSScriptPolicyTest_4w5nkpwm.ulx.ps1,2024-11-30 11:10:31.614, , , , , , , , , , , , , , , , , , , , , , , , , , , , , , , , , , , , , , , , , , , , , , , , , , , , , , , , , , , , , , , , , , , 
wazuh-alerts-4.x-2024.11.30,MfrFfJMBRlc-D5DFhyGP,1,1,192.168.117.134,window-agent3,003,Maryam, ,11, ,0x8000000000000000,{5770385F-C22A-43E0-BF4C-06F5698FFBD9},4,Microsoft-Windows-Sysmon/Operational,0,"""File created:
RuleName: technique_id=T1059.001,technique_name=PowerShell
UtcTime: 2024-11-30 11:12:16.249
ProcessGuid: {15959494-F310-674A-5608-000000000D00}
ProcessId: 1336
Image: C:\Windows\System32\WindowsPowerShell\v1.0\powershell.exe
TargetFilename: C:\Users\mari\AppData\Local\Temp\__PSScriptPolicyTest_udffon2a.0f3.ps1
CreationUtcTime: 2024-11-30 11:12:16.249
User: DESKTOP-QGB4EQH\mari""",2,2024-11-30T11:12:16.257378800Z,59489,1760,DESKTOP-QGB4EQH,11,2356,INFORMATION,Microsoft-Windows-Sysmon,50,true,15,Executable file dropped in folder commonly used by malware,"[""sysmon"",""sysmon_eid11_detections"",""windows""]",92213, , ,windows_eventchannel,log,"Nov 30, 2024 @ 11:12:17.374",EventChannel,1732965137.3758099,"Nov 30, 2024 @ 11:12:17.374", , , , , , , , , , , , ,1336, , , , , , , , , , ,"[""Ingress Tool Transfer""]","[""T1105""]","[""Command and Control""]", , , , ,C:\\Windows\\System32\\WindowsPowerShell\\v1.0\\powershell.exe, , , , , , ,{15959494-F310-674A-5608-000000000D00},2024-11-30 11:12:16.249, ,"technique_id=T1059.001,technique_name=PowerShell", , ,DESKTOP-QGB4EQH\\mari, , , , , , , , , , , , , , , , , , , , , , , , , , , , , , , , , , , , ,C:\\Users\\mari\\AppData\\Local\\Temp\\__PSScriptPolicyTest_udffon2a.0f3.ps1,2024-11-30 11:12:16.249, , , , , , , , , , , , , , , , , , , , , , , , , , , , , , , , , , , , , , , , , , , , , , , , , , , , , , , , , , , , , , , , , , , 
wazuh-alerts-4.x-2024.11.30,M_rHfJMBRlc-D5DFNSFE,1,1,192.168.117.134,window-agent3,003,Maryam, ,11, ,0x8000000000000000,{5770385F-C22A-43E0-BF4C-06F5698FFBD9},4,Microsoft-Windows-Sysmon/Operational,0,"""File created:
RuleName: technique_id=T1059.001,technique_name=PowerShell
UtcTime: 2024-11-30 11:14:05.740
ProcessGuid: {15959494-F37D-674A-5808-000000000D00}
ProcessId: 2072
Image: C:\Windows\System32\WindowsPowerShell\v1.0\powershell.exe
TargetFilename: C:\Users\mari\AppData\Local\Temp\__PSScriptPolicyTest_bzqbvfi3.ooc.ps1
CreationUtcTime: 2024-11-30 11:14:05.740
User: DESKTOP-QGB4EQH\mari""",2,2024-11-30T11:14:05.746863800Z,59519,1760,DESKTOP-QGB4EQH,11,2356,INFORMATION,Microsoft-Windows-Sysmon,52,true,15,Executable file dropped in folder commonly used by malware,"[""sysmon"",""sysmon_eid11_detections"",""windows""]",92213, , ,windows_eventchannel,log,"Nov 30, 2024 @ 11:14:06.865",EventChannel,1732965246.3764121,"Nov 30, 2024 @ 11:14:06.865", , , , , , , , , , , , ,2072, , , , , , , , , , ,"[""Ingress Tool Transfer""]","[""T1105""]","[""Command and Control""]", , , , ,C:\\Windows\\System32\\WindowsPowerShell\\v1.0\\powershell.exe, , , , , , ,{15959494-F37D-674A-5808-000000000D00},2024-11-30 11:14:05.740, ,"technique_id=T1059.001,technique_name=PowerShell", , ,DESKTOP-QGB4EQH\\mari, , , , , , , , , , , , , , , , , , , , , , , , , , , , , , , , , , , , ,C:\\Users\\mari\\AppData\\Local\\Temp\\__PSScriptPolicyTest_bzqbvfi3.ooc.ps1,2024-11-30 11:14:05.740, , , , , , , , , , , , , , , , , , , , , , , , , , , , , , , , , , , , , , , , , , , , , , , , , , , , , , , , , , , , , , , , , , , 
wazuh-alerts-4.x-2024.11.30,NfrHfJMBRlc-D5DF6CH2,1,1,192.168.117.134,window-agent3,003,Maryam, ,11, ,0x8000000000000000,{5770385F-C22A-43E0-BF4C-06F5698FFBD9},4,Microsoft-Windows-Sysmon/Operational,0,"""File created:
RuleName: technique_id=T1059.001,technique_name=PowerShell
UtcTime: 2024-11-30 11:14:52.612
ProcessGuid: {15959494-F3AC-674A-5908-000000000D00}
ProcessId: 4372
Image: C:\Windows\System32\WindowsPowerShell\v1.0\powershell.exe
TargetFilename: C:\Users\mari\AppData\Local\Temp\__PSScriptPolicyTest_umo00u3m.2ds.ps1
CreationUtcTime: 2024-11-30 11:14:52.612
User: DESKTOP-QGB4EQH\mari""",2,2024-11-30T11:14:52.620817200Z,59536,1760,DESKTOP-QGB4EQH,11,2356,INFORMATION,Microsoft-Windows-Sysmon,53,true,15,Executable file dropped in folder commonly used by malware,"[""sysmon"",""sysmon_eid11_detections"",""windows""]",92213, , ,windows_eventchannel,log,"Nov 30, 2024 @ 11:14:53.734",EventChannel,1732965293.3771715,"Nov 30, 2024 @ 11:14:53.734", , , , , , , , , , , , ,4372, , , , , , , , , , ,"[""Ingress Tool Transfer""]","[""T1105""]","[""Command and Control""]", , , , ,C:\\Windows\\System32\\WindowsPowerShell\\v1.0\\powershell.exe, , , , , , ,{15959494-F3AC-674A-5908-000000000D00},2024-11-30 11:14:52.612, ,"technique_id=T1059.001,technique_name=PowerShell", , ,DESKTOP-QGB4EQH\\mari, , , , , , , , , , , , , , , , , , , , , , , , , , , , , , , , , , , , ,C:\\Users\\mari\\AppData\\Local\\Temp\\__PSScriptPolicyTest_umo00u3m.2ds.ps1,2024-11-30 11:14:52.612, , , , , , , , , , , , , , , , , , , , , , , , , , , , , , , , , , , , , , , , , , , , , , , , , , , , , , , , , , , , , , , , , , , 
wazuh-alerts-4.x-2024.11.30,J_rBfJMBRlc-D5DFryEl,1,1,192.168.117.134,window-agent3,003,Maryam, ,11, ,0x8000000000000000,{5770385F-C22A-43E0-BF4C-06F5698FFBD9},4,Microsoft-Windows-Sysmon/Operational,0,"""File created:
RuleName: technique_id=T1059.001,technique_name=PowerShell
UtcTime: 2024-11-30 11:07:59.191
ProcessGuid: {15959494-F20F-674A-5008-000000000D00}
ProcessId: 6596
Image: C:\Windows\System32\WindowsPowerShell\v1.0\powershell.exe
TargetFilename: C:\Users\mari\AppData\Local\Temp\__PSScriptPolicyTest_fsvd5tyi.gvf.ps1
CreationUtcTime: 2024-11-30 11:07:59.191
User: DESKTOP-QGB4EQH\mari""",2,2024-11-30T11:07:59.198991200Z,59410,1760,DESKTOP-QGB4EQH,11,2356,INFORMATION,Microsoft-Windows-Sysmon,45,true,15,Executable file dropped in folder commonly used by malware,"[""sysmon"",""sysmon_eid11_detections"",""windows""]",92213, , ,windows_eventchannel,log,"Nov 30, 2024 @ 11:08:00.356",EventChannel,1732964880.3741764,"Nov 30, 2024 @ 11:08:00.356", , , , , , , , , , , , ,6596, , , , , , , , , , ,"[""Ingress Tool Transfer""]","[""T1105""]","[""Command and Control""]", , , , ,C:\\Windows\\System32\\WindowsPowerShell\\v1.0\\powershell.exe, , , , , , ,{15959494-F20F-674A-5008-000000000D00},2024-11-30 11:07:59.191, ,"technique_id=T1059.001,technique_name=PowerShell", , ,DESKTOP-QGB4EQH\\mari, , , , , , , , , , , , , , , , , , , , , , , , , , , , , , , , , , , , ,C:\\Users\\mari\\AppData\\Local\\Temp\\__PSScriptPolicyTest_fsvd5tyi.gvf.ps1,2024-11-30 11:07:59.191, , , , , , , , , , , , , , , , , , , , , , , , , , , , , , , , , , , , , , , , , , , , , , , , , , , , , , , , , , , , , , , , , , , 
wazuh-alerts-4.x-2024.11.30,MvrGfJMBRlc-D5DFXiFp,1,1,192.168.117.134,window-agent3,003,Maryam, ,11, ,0x8000000000000000,{5770385F-C22A-43E0-BF4C-06F5698FFBD9},4,Microsoft-Windows-Sysmon/Operational,0,"""File created:
RuleName: technique_id=T1059.001,technique_name=PowerShell
UtcTime: 2024-11-30 11:13:04.671
ProcessGuid: {15959494-F340-674A-5708-000000000D00}
ProcessId: 5676
Image: C:\Windows\System32\WindowsPowerShell\v1.0\powershell.exe
TargetFilename: C:\Users\mari\AppData\Local\Temp\__PSScriptPolicyTest_wfnbdeic.y5c.ps1
CreationUtcTime: 2024-11-30 11:13:04.671
User: DESKTOP-QGB4EQH\mari""",2,2024-11-30T11:13:04.681742200Z,59504,1760,DESKTOP-QGB4EQH,11,2356,INFORMATION,Microsoft-Windows-Sysmon,51,true,15,Executable file dropped in folder commonly used by malware,"[""sysmon"",""sysmon_eid11_detections"",""windows""]",92213, , ,windows_eventchannel,log,"Nov 30, 2024 @ 11:13:05.817",EventChannel,1732965185.3761110,"Nov 30, 2024 @ 11:13:05.817", , , , , , , , , , , , ,5676, , , , , , , , , , ,"[""Ingress Tool Transfer""]","[""T1105""]","[""Command and Control""]", , , , ,C:\\Windows\\System32\\WindowsPowerShell\\v1.0\\powershell.exe, , , , , , ,{15959494-F340-674A-5708-000000000D00},2024-11-30 11:13:04.671, ,"technique_id=T1059.001,technique_name=PowerShell", , ,DESKTOP-QGB4EQH\\mari, , , , , , , , , , , , , , , , , , , , , , , , , , , , , , , , , , , , ,C:\\Users\\mari\\AppData\\Local\\Temp\\__PSScriptPolicyTest_wfnbdeic.y5c.ps1,2024-11-30 11:13:04.671, , , , , , , , , , , , , , , , , , , , , , , , , , , , , , , , , , , , , , , , , , , , , , , , , , , , , , , , , , , , , , , , , , , 
wazuh-alerts-4.x-2024.11.30,O_rIfJMBRlc-D5DFmSGM,1,1,192.168.117.134,window-agent3,003,Maryam, ,11, ,0x8000000000000000,{5770385F-C22A-43E0-BF4C-06F5698FFBD9},4,Microsoft-Windows-Sysmon/Operational,0,"""File created:
RuleName: technique_id=T1059.001,technique_name=PowerShell
UtcTime: 2024-11-30 11:15:32.630
ProcessGuid: {15959494-F3D4-674A-5B08-000000000D00}
ProcessId: 4820
Image: C:\Windows\System32\WindowsPowerShell\v1.0\powershell.exe
TargetFilename: C:\Users\mari\AppData\Local\Temp\__PSScriptPolicyTest_ws4qwiyc.ihq.ps1
CreationUtcTime: 2024-11-30 11:15:32.630
User: DESKTOP-QGB4EQH\mari""",2,2024-11-30T11:15:32.644587200Z,59551,1760,DESKTOP-QGB4EQH,11,2356,INFORMATION,Microsoft-Windows-Sysmon,54,true,15,Executable file dropped in folder commonly used by malware,"[""sysmon"",""sysmon_eid11_detections"",""windows""]",92213, , ,windows_eventchannel,log,"Nov 30, 2024 @ 11:15:33.773",EventChannel,1732965333.3774726,"Nov 30, 2024 @ 11:15:33.773", , , , , , , , , , , , ,4820, , , , , , , , , , ,"[""Ingress Tool Transfer""]","[""T1105""]","[""Command and Control""]", , , , ,C:\\Windows\\System32\\WindowsPowerShell\\v1.0\\powershell.exe, , , , , , ,{15959494-F3D4-674A-5B08-000000000D00},2024-11-30 11:15:32.630, ,"technique_id=T1059.001,technique_name=PowerShell", , ,DESKTOP-QGB4EQH\\mari, , , , , , , , , , , , , , , , , , , , , , , , , , , , , , , , , , , , ,C:\\Users\\mari\\AppData\\Local\\Temp\\__PSScriptPolicyTest_ws4qwiyc.ihq.ps1,2024-11-30 11:15:32.630, , , , , , , , , , , , , , , , , , , , , , , , , , , , , , , , , , , , , , , , , , , , , , , , , , , , , , , , , , , , , , , , , , , 
wazuh-alerts-4.x-2024.11.30,JfrAfJMBRlc-D5DFTyGN,1,1,192.168.117.134,window-agent3,003,Maryam, ,1014, ,0x4000000010000000,{1C95126E-7EEA-49A9-A3FE-A378B03DDB4D},3,System,0,"""Name resolution for the name wpad timed out after none of the configured DNS servers responded.""",0,2024-11-30T11:06:27.101337200Z,2082,1836,DESKTOP-QGB4EQH,1014,1384,WARNING,Microsoft-Windows-DNS-Client,3,false,5,Name resolution for the name wpad timed out,"[""windows"",""windows_system""]",61109, , ,windows_eventchannel,log,"Nov 30, 2024 @ 11:06:28.174",EventChannel,1732964788.3736765,"Nov 30, 2024 @ 11:06:28.174", , , , , , , , , , , , , , , , , , , , , , , , , , ,128,02000000C0A87502000000000000000000000000000000000000000000000000000000000000000000000000000000000000000000000000000000000000000000000000000000000000000000000000000000000000000000000000000000000000000000000000000000000000000000000000000000000000000000000000,wpad, , , , , , , , , , , , , , , , , , , , , , , , , , , , , , , , , , , , , , , , , , , , , , , , , , , , , , , , , , , , , , , , , , , , , , , , , , , , , , , , , , , , , , , , , , , , , , , , , , , , , , , , , , , , , , , , , , , , , , , , 
wazuh-alerts-4.x-2024.11.30,MPrFfJMBRlc-D5DFbCE2,1,1, ,Maryam,000,Maryam, , , , , , , , , , , , , , , , , , ,3,false,7,Host-based anomaly detection event (rootcheck).,"[""ossec"",""rootcheck""]",510,"[""IV_35.7.d""]", ,rootcheck,log,"Nov 30, 2024 @ 11:12:10.843",rootcheck,1732965130.3757579,"Nov 30, 2024 @ 11:12:10.843", , , , , , , , , , , , , , , , , , , , ,"[""10.6.1""]", , , , , , , , , , , , , , , , , , , , , , , , , , , , , , , , , , , , , , , , , , , , ,File '/root/.npm/_cacache/index-v5/82/d7/dcbd0725f9366f2f85f22b083393726197ae5e3c24aab76e6921106117ff' is owned by root and has written permissions to anyone.,/root/.npm/_cacache/index-v5/82/d7/dcbd0725f9366f2f85f22b083393726197ae5e3c24aab76e6921106117ff,File is owned by root and has written permissions to anyone., , , , , , , , , , , , , , , , , , , , , , , , , , , , , , , , , , , , , , , , , , , , , , , , , , , , , , , , , , , , , , , , , , , , , , , , , , , , , , , , , 
wazuh-alerts-4.x-2024.11.30,YPrZfJMBRlc-D5DFnCF2,1,1,192.168.117.134,window-agent3,003,Maryam, ,7, ,0x8000000000000000,{5770385F-C22A-43E0-BF4C-06F5698FFBD9},4,Microsoft-Windows-Sysmon/Operational,0,"""Image loaded:
RuleName: technique_id=T1053,technique_name=Scheduled Task
UtcTime: 2024-11-30 11:34:11.405
ProcessGuid: {15959494-F815-674A-7A08-000000000D00}
ProcessId: 7616
Image: C:\Windows\System32\sppsvc.exe
ImageLoaded: C:\Windows\System32\taskschd.dll
FileVersion: 10.0.17134.1 (WinBuild.160101.0800)
Description: Task Scheduler COM API
Product: Microsoft® Windows® Operating System
Company: Microsoft Corporation
OriginalFileName: taskschd.dll
Hashes: SHA1=47221E645D323256A4B0B12B09891E30789EFECC,MD5=46EBDA1D65D32F2D329B8051D039F801,SHA256=52E960EDCCAEF5BB2BCD16627F3FB51BF43D1E97B4BD29D86A72172D0BF1022E,IMPHASH=88AA0B6E4721D06B33225AE5D36F7D6F
Signed: true
Signature: Microsoft Windows
SignatureStatus: Valid
User: NT AUTHORITY\NETWORK SERVICE""",3,2024-11-30T11:34:11.408938100Z,59903,1760,DESKTOP-QGB4EQH,7,2356,INFORMATION,Microsoft-Windows-Sysmon,1,false,4,Process loaded taskschd.dll module. May be used to create delayed malware execution,"[""sysmon"",""sysmon_eid7_detections"",""windows""]",92154, , ,windows_eventchannel,log,"Nov 30, 2024 @ 11:34:12.478",EventChannel,1732966452.3861495,"Nov 30, 2024 @ 11:34:12.478", , , , , , , , , , , , ,7616, , , , , , , , , , ,"[""Scheduled Task""]","[""T1053.005""]","[""Execution"",""Persistence"",""Privilege Escalation""]", , , ,taskschd.dll,C:\\Windows\\System32\\sppsvc.exe,Microsoft® Windows® Operating System,Microsoft Windows,C:\\Windows\\System32\\taskschd.dll,Task Scheduler COM API,true,Valid,{15959494-F815-674A-7A08-000000000D00},2024-11-30 11:34:11.405,"SHA1=47221E645D323256A4B0B12B09891E30789EFECC,MD5=46EBDA1D65D32F2D329B8051D039F801,SHA256=52E960EDCCAEF5BB2BCD16627F3FB51BF43D1E97B4BD29D86A72172D0BF1022E,IMPHASH=88AA0B6E4721D06B33225AE5D36F7D6F","technique_id=T1053,technique_name=Scheduled Task",Microsoft Corporation,10.0.17134.1 (WinBuild.160101.0800),NT AUTHORITY\\NETWORK SERVICE, , , , , , , , , , , , , , , , , , , , , , , , , , , , , , , , , , , , , , , , , , , , , , , , , , , , , , , , , , , , , , , , , , , , , , , , , , , , , , , , , , , , , , , , , , , , , , , , , , , , , , , , , 
wazuh-alerts-4.x-2024.11.30,XPrZfJMBRlc-D5DFOiHP,1,1,192.168.117.134,window-agent3,003,Maryam, ,10016,DCOM,0x8080000000000000,{1B562E86-B7AA-4131-BADC-B6F3A001407E},2,System,0,"""The application-specific permission settings do not grant Local Activation permission for the COM Server application with CLSID 
{8BC3F05E-D86B-11D0-A075-00C04FB68820}
 and APPID 
{8BC3F05E-D86B-11D0-A075-00C04FB68820}
 to the user DESKTOP-QGB4EQH\mari SID (S-1-5-21-2469675487-2142651230-3143768571-1001) from address LocalHost (Using LRPC) running in the application container Microsoft.Windows.ContentDeliveryManager_10.0.17134.1_neutral_neutral_cw5n1h2txyewy SID (S-1-15-2-350187224-1905355452-1037786396-3028148496-2624191407-3283318427-1255436723). This security permission can be modified using the Component Services administrative tool.""",0,2024-11-30T11:33:41.100057000Z,2084,7144,DESKTOP-QGB4EQH,0,924,ERROR,Microsoft-Windows-DistributedCOM,1,false,5,Windows System error event,"[""windows"",""windows_system"",""system_error""]",61102,"[""IV_35.7.d""]","[""4.3""]",windows_eventchannel,log,"Nov 30, 2024 @ 11:33:42.180",EventChannel,1732966422.3849591,"Nov 30, 2024 @ 11:33:42.180", , , , , , , , , , , , , , , , , , , , , , , , , , , , , , , , , , , , , , , , , , , , , , , , , , , , , , , , , , , , , , , , , , , , , , , , , , , , , , , , , , , ,application-specific,Local, , ,Activation,{8BC3F05E-D86B-11D0-A075-00C04FB68820}, , , , , , , , , , , , , , , , , , , , , , , , , , , , , , ,mari,S-1-5-21-2469675487-2142651230-3143768571-1001,{8BC3F05E-D86B-11D0-A075-00C04FB68820},DESKTOP-QGB4EQH,LocalHost (Using LRPC),Microsoft.Windows.ContentDeliveryManager_10.0.17134.1_neutral_neutral_cw5n1h2txyewy,S-1-15-2-350187224-1905355452-1037786396-3028148496-2624191407-3283318427-1255436723, , , , , , , , , , , , , , , , , , , , , , , 
wazuh-alerts-4.x-2024.11.30,PvrKfJMBRlc-D5DFHyFm,1,1,192.168.117.134,window-agent3,003,Maryam, ,11, ,0x8000000000000000,{5770385F-C22A-43E0-BF4C-06F5698FFBD9},4,Microsoft-Windows-Sysmon/Operational,0,"""File created:
RuleName: technique_id=T1059.001,technique_name=PowerShell
UtcTime: 2024-11-30 11:17:16.673
ProcessGuid: {15959494-F43C-674A-5D08-000000000D00}
ProcessId: 7496
Image: C:\Windows\System32\WindowsPowerShell\v1.0\powershell.exe
TargetFilename: C:\Users\mari\AppData\Local\Temp\__PSScriptPolicyTest_v3gc52vx.jc2.ps1
CreationUtcTime: 2024-11-30 11:17:16.673
User: DESKTOP-QGB4EQH\mari""",2,2024-11-30T11:17:16.681091700Z,59581,1760,DESKTOP-QGB4EQH,11,2356,INFORMATION,Microsoft-Windows-Sysmon,56,true,15,Executable file dropped in folder commonly used by malware,"[""sysmon"",""sysmon_eid11_detections"",""windows""]",92213, , ,windows_eventchannel,log,"Nov 30, 2024 @ 11:17:17.810",EventChannel,1732965437.3787391,"Nov 30, 2024 @ 11:17:17.810", , , , , , , , , , , , ,7496, , , , , , , , , , ,"[""Ingress Tool Transfer""]","[""T1105""]","[""Command and Control""]", , , , ,C:\\Windows\\System32\\WindowsPowerShell\\v1.0\\powershell.exe, , , , , , ,{15959494-F43C-674A-5D08-000000000D00},2024-11-30 11:17:16.673, ,"technique_id=T1059.001,technique_name=PowerShell", , ,DESKTOP-QGB4EQH\\mari, , , , , , , , , , , , , , , , , , , , , , , , , , , , , , , , , , , , ,C:\\Users\\mari\\AppData\\Local\\Temp\\__PSScriptPolicyTest_v3gc52vx.jc2.ps1,2024-11-30 11:17:16.673, , , , , , , , , , , , , , , , , , , , , , , , , , , , , , , , , , , , , , , , , , , , , , , , , , , , , , , , , , , , , , , , , , , 
wazuh-alerts-4.x-2024.11.30,P_rKfJMBRlc-D5DF9iFA,1,1,192.168.117.134,window-agent3,003,Maryam, ,11, ,0x8000000000000000,{5770385F-C22A-43E0-BF4C-06F5698FFBD9},4,Microsoft-Windows-Sysmon/Operational,0,"""File created:
RuleName: technique_id=T1059.001,technique_name=PowerShell
UtcTime: 2024-11-30 11:18:07.172
ProcessGuid: {15959494-F46F-674A-6108-000000000D00}
ProcessId: 5364
Image: C:\Windows\System32\WindowsPowerShell\v1.0\powershell.exe
TargetFilename: C:\Users\mari\AppData\Local\Temp\__PSScriptPolicyTest_irncwgkh.i00.ps1
CreationUtcTime: 2024-11-30 11:18:07.172
User: DESKTOP-QGB4EQH\mari""",2,2024-11-30T11:18:07.182678200Z,59598,1760,DESKTOP-QGB4EQH,11,2356,INFORMATION,Microsoft-Windows-Sysmon,57,true,15,Executable file dropped in folder commonly used by malware,"[""sysmon"",""sysmon_eid11_detections"",""windows""]",92213, , ,windows_eventchannel,log,"Nov 30, 2024 @ 11:18:08.307",EventChannel,1732965488.3790402,"Nov 30, 2024 @ 11:18:08.307", , , , , , , , , , , , ,5364, , , , , , , , , , ,"[""Ingress Tool Transfer""]","[""T1105""]","[""Command and Control""]", , , , ,C:\\Windows\\System32\\WindowsPowerShell\\v1.0\\powershell.exe, , , , , , ,{15959494-F46F-674A-6108-000000000D00},2024-11-30 11:18:07.172, ,"technique_id=T1059.001,technique_name=PowerShell", , ,DESKTOP-QGB4EQH\\mari, , , , , , , , , , , , , , , , , , , , , , , , , , , , , , , , , , , , ,C:\\Users\\mari\\AppData\\Local\\Temp\\__PSScriptPolicyTest_irncwgkh.i00.ps1,2024-11-30 11:18:07.172, , , , , , , , , , , , , , , , , , , , , , , , , , , , , , , , , , , , , , , , , , , , , , , , , , , , , , , , , , , , , , , , , , , 
wazuh-alerts-4.x-2024.11.30,RfrOfJMBRlc-D5DFAyGU,1,1,192.168.117.134,window-agent3,003,Maryam, ,11, ,0x8000000000000000,{5770385F-C22A-43E0-BF4C-06F5698FFBD9},4,Microsoft-Windows-Sysmon/Operational,0,"""File created:
RuleName: technique_id=T1059.001,technique_name=PowerShell
UtcTime: 2024-11-30 11:21:29.680
ProcessGuid: {15959494-F539-674A-6708-000000000D00}
ProcessId: 4960
Image: C:\Windows\System32\WindowsPowerShell\v1.0\powershell.exe
TargetFilename: C:\Users\mari\AppData\Local\Temp\__PSScriptPolicyTest_1zw0ql45.aii.ps1
CreationUtcTime: 2024-11-30 11:21:29.680
User: DESKTOP-QGB4EQH\mari""",2,2024-11-30T11:21:29.690428000Z,59666,1760,DESKTOP-QGB4EQH,11,2356,INFORMATION,Microsoft-Windows-Sysmon,61,true,15,Executable file dropped in folder commonly used by malware,"[""sysmon"",""sysmon_eid11_detections"",""windows""]",92213, , ,windows_eventchannel,log,"Nov 30, 2024 @ 11:21:30.810",EventChannel,1732965690.3802442,"Nov 30, 2024 @ 11:21:30.810", , , , , , , , , , , , ,4960, , , , , , , , , , ,"[""Ingress Tool Transfer""]","[""T1105""]","[""Command and Control""]", , , , ,C:\\Windows\\System32\\WindowsPowerShell\\v1.0\\powershell.exe, , , , , , ,{15959494-F539-674A-6708-000000000D00},2024-11-30 11:21:29.680, ,"technique_id=T1059.001,technique_name=PowerShell", , ,DESKTOP-QGB4EQH\\mari, , , , , , , , , , , , , , , , , , , , , , , , , , , , , , , , , , , , ,C:\\Users\\mari\\AppData\\Local\\Temp\\__PSScriptPolicyTest_1zw0ql45.aii.ps1,2024-11-30 11:21:29.680, , , , , , , , , , , , , , , , , , , , , , , , , , , , , , , , , , , , , , , , , , , , , , , , , , , , , , , , , , , , , , , , , , , 
wazuh-alerts-4.x-2024.11.30,RvrOfJMBRlc-D5DFsyFW,1,1,192.168.117.134,window-agent3,003,Maryam, ,11, ,0x8000000000000000,{5770385F-C22A-43E0-BF4C-06F5698FFBD9},4,Microsoft-Windows-Sysmon/Operational,0,"""File created:
RuleName: technique_id=T1059.001,technique_name=PowerShell
UtcTime: 2024-11-30 11:22:13.716
ProcessGuid: {15959494-F565-674A-6808-000000000D00}
ProcessId: 1588
Image: C:\Windows\System32\WindowsPowerShell\v1.0\powershell.exe
TargetFilename: C:\Users\mari\AppData\Local\Temp\__PSScriptPolicyTest_qoq5njsf.x5w.ps1
CreationUtcTime: 2024-11-30 11:22:13.716
User: DESKTOP-QGB4EQH\mari""",2,2024-11-30T11:22:13.717623400Z,59681,1760,DESKTOP-QGB4EQH,11,2356,INFORMATION,Microsoft-Windows-Sysmon,62,true,15,Executable file dropped in folder commonly used by malware,"[""sysmon"",""sysmon_eid11_detections"",""windows""]",92213, , ,windows_eventchannel,log,"Nov 30, 2024 @ 11:22:14.844",EventChannel,1732965734.3805453,"Nov 30, 2024 @ 11:22:14.844", , , , , , , , , , , , ,1588, , , , , , , , , , ,"[""Ingress Tool Transfer""]","[""T1105""]","[""Command and Control""]", , , , ,C:\\Windows\\System32\\WindowsPowerShell\\v1.0\\powershell.exe, , , , , , ,{15959494-F565-674A-6808-000000000D00},2024-11-30 11:22:13.716, ,"technique_id=T1059.001,technique_name=PowerShell", , ,DESKTOP-QGB4EQH\\mari, , , , , , , , , , , , , , , , , , , , , , , , , , , , , , , , , , , , ,C:\\Users\\mari\\AppData\\Local\\Temp\\__PSScriptPolicyTest_qoq5njsf.x5w.ps1,2024-11-30 11:22:13.716, , , , , , , , , , , , , , , , , , , , , , , , , , , , , , , , , , , , , , , , , , , , , , , , , , , , , , , , , , , , , , , , , , , 
wazuh-alerts-4.x-2024.11.30,WfrXfJMBRlc-D5DFeSGL,1,1,192.168.117.134,window-agent3,003,Maryam, ,11, ,0x8000000000000000,{5770385F-C22A-43E0-BF4C-06F5698FFBD9},4,Microsoft-Windows-Sysmon/Operational,0,"""File created:
RuleName: technique_id=T1059.001,technique_name=PowerShell
UtcTime: 2024-11-30 11:31:52.639
ProcessGuid: {15959494-F7A8-674A-7508-000000000D00}
ProcessId: 5704
Image: C:\Windows\System32\WindowsPowerShell\v1.0\powershell.exe
TargetFilename: C:\Users\mari\AppData\Local\Temp\__PSScriptPolicyTest_mppriotc.vut.ps1
CreationUtcTime: 2024-11-30 11:31:52.639
User: DESKTOP-QGB4EQH\mari""",2,2024-11-30T11:31:52.651414800Z,59852,1760,DESKTOP-QGB4EQH,11,2356,INFORMATION,Microsoft-Windows-Sysmon,2,true,15,Executable file dropped in folder commonly used by malware,"[""sysmon"",""sysmon_eid11_detections"",""windows""]",92213, , ,windows_eventchannel,log,"Nov 30, 2024 @ 11:31:53.777",EventChannel,1732966313.3840558,"Nov 30, 2024 @ 11:31:53.777", , , , , , , , , , , , ,5704, , , , , , , , , , ,"[""Ingress Tool Transfer""]","[""T1105""]","[""Command and Control""]", , , , ,C:\\Windows\\System32\\WindowsPowerShell\\v1.0\\powershell.exe, , , , , , ,{15959494-F7A8-674A-7508-000000000D00},2024-11-30 11:31:52.639, ,"technique_id=T1059.001,technique_name=PowerShell", , ,DESKTOP-QGB4EQH\\mari, , , , , , , , , , , , , , , , , , , , , , , , , , , , , , , , , , , , ,C:\\Users\\mari\\AppData\\Local\\Temp\\__PSScriptPolicyTest_mppriotc.vut.ps1,2024-11-30 11:31:52.639, , , , , , , , , , , , , , , , , , , , , , , , , , , , , , , , , , , , , , , , , , , , , , , , , , , , , , , , , , , , , , , , , , , 
wazuh-alerts-4.x-2024.11.30,YfrafJMBRlc-D5DFJSEv,1,1,192.168.117.134,window-agent3,003,Maryam, ,11, ,0x8000000000000000,{5770385F-C22A-43E0-BF4C-06F5698FFBD9},4,Microsoft-Windows-Sysmon/Operational,0,"""File created:
RuleName: technique_id=T1059.001,technique_name=PowerShell
UtcTime: 2024-11-30 11:34:46.199
ProcessGuid: {15959494-F856-674A-7D08-000000000D00}
ProcessId: 7212
Image: C:\Windows\System32\WindowsPowerShell\v1.0\powershell.exe
TargetFilename: C:\Users\mari\AppData\Local\Temp\__PSScriptPolicyTest_mon13qa1.qv4.ps1
CreationUtcTime: 2024-11-30 11:34:46.199
User: DESKTOP-QGB4EQH\mari""",2,2024-11-30T11:34:46.207626000Z,59917,1760,DESKTOP-QGB4EQH,11,2356,INFORMATION,Microsoft-Windows-Sysmon,6,true,15,Executable file dropped in folder commonly used by malware,"[""sysmon"",""sysmon_eid11_detections"",""windows""]",92213, , ,windows_eventchannel,log,"Nov 30, 2024 @ 11:34:47.334",EventChannel,1732966487.3866114,"Nov 30, 2024 @ 11:34:47.334", , , , , , , , , , , , ,7212, , , , , , , , , , ,"[""Ingress Tool Transfer""]","[""T1105""]","[""Command and Control""]", , , , ,C:\\Windows\\System32\\WindowsPowerShell\\v1.0\\powershell.exe, , , , , , ,{15959494-F856-674A-7D08-000000000D00},2024-11-30 11:34:46.199, ,"technique_id=T1059.001,technique_name=PowerShell", , ,DESKTOP-QGB4EQH\\mari, , , , , , , , , , , , , , , , , , , , , , , , , , , , , , , , , , , , ,C:\\Users\\mari\\AppData\\Local\\Temp\\__PSScriptPolicyTest_mon13qa1.qv4.ps1,2024-11-30 11:34:46.199, , , , , , , , , , , , , , , , , , , , , , , , , , , , , , , , , , , , , , , , , , , , , , , , , , , , , , , , , , , , , , , , , , , 
wazuh-alerts-4.x-2024.11.30,R_rPfJMBRlc-D5DFYyEg,1,1,192.168.117.134,window-agent3,003,Maryam, ,11, ,0x8000000000000000,{5770385F-C22A-43E0-BF4C-06F5698FFBD9},4,Microsoft-Windows-Sysmon/Operational,0,"""File created:
RuleName: technique_id=T1059.001,technique_name=PowerShell
UtcTime: 2024-11-30 11:22:55.738
ProcessGuid: {15959494-F58F-674A-6908-000000000D00}
ProcessId: 6568
Image: C:\Windows\System32\WindowsPowerShell\v1.0\powershell.exe
TargetFilename: C:\Users\mari\AppData\Local\Temp\__PSScriptPolicyTest_3v4p3gnh.rm1.ps1
CreationUtcTime: 2024-11-30 11:22:55.738
User: DESKTOP-QGB4EQH\mari""",2,2024-11-30T11:22:55.748901300Z,59696,1760,DESKTOP-QGB4EQH,11,2356,INFORMATION,Microsoft-Windows-Sysmon,63,true,15,Executable file dropped in folder commonly used by malware,"[""sysmon"",""sysmon_eid11_detections"",""windows""]",92213, , ,windows_eventchannel,log,"Nov 30, 2024 @ 11:22:56.877",EventChannel,1732965776.3808464,"Nov 30, 2024 @ 11:22:56.877", , , , , , , , , , , , ,6568, , , , , , , , , , ,"[""Ingress Tool Transfer""]","[""T1105""]","[""Command and Control""]", , , , ,C:\\Windows\\System32\\WindowsPowerShell\\v1.0\\powershell.exe, , , , , , ,{15959494-F58F-674A-6908-000000000D00},2024-11-30 11:22:55.738, ,"technique_id=T1059.001,technique_name=PowerShell", , ,DESKTOP-QGB4EQH\\mari, , , , , , , , , , , , , , , , , , , , , , , , , , , , , , , , , , , , ,C:\\Users\\mari\\AppData\\Local\\Temp\\__PSScriptPolicyTest_3v4p3gnh.rm1.ps1,2024-11-30 11:22:55.738, , , , , , , , , , , , , , , , , , , , , , , , , , , , , , , , , , , , , , , , , , , , , , , , , , , , , , , , , , , , , , , , , , , 
wazuh-alerts-4.x-2024.11.30,avrefJMBRlc-D5DFzCGr,1,1,192.168.117.134,window-agent3,003,Maryam, ,11, ,0x8000000000000000,{5770385F-C22A-43E0-BF4C-06F5698FFBD9},4,Microsoft-Windows-Sysmon/Operational,0,"""File created:
RuleName: technique_id=T1059.001,technique_name=PowerShell
UtcTime: 2024-11-30 11:39:46.710
ProcessGuid: {15959494-F982-674A-8C08-000000000D00}
ProcessId: 7416
Image: C:\Windows\System32\WindowsPowerShell\v1.0\powershell.exe
TargetFilename: C:\Users\mari\AppData\Local\Temp\__PSScriptPolicyTest_uzxi3gfa.xxh.ps1
CreationUtcTime: 2024-11-30 11:39:46.710
User: DESKTOP-QGB4EQH\mari""",2,2024-11-30T11:39:46.723718600Z,60015,1760,DESKTOP-QGB4EQH,11,2356,INFORMATION,Microsoft-Windows-Sysmon,12,true,15,Executable file dropped in folder commonly used by malware,"[""sysmon"",""sysmon_eid11_detections"",""windows""]",92213, , ,windows_eventchannel,log,"Nov 30, 2024 @ 11:39:47.857",EventChannel,1732966787.3886164,"Nov 30, 2024 @ 11:39:47.857", , , , , , , , , , , , ,7416, , , , , , , , , , ,"[""Ingress Tool Transfer""]","[""T1105""]","[""Command and Control""]", , , , ,C:\\Windows\\System32\\WindowsPowerShell\\v1.0\\powershell.exe, , , , , , ,{15959494-F982-674A-8C08-000000000D00},2024-11-30 11:39:46.710, ,"technique_id=T1059.001,technique_name=PowerShell", , ,DESKTOP-QGB4EQH\\mari, , , , , , , , , , , , , , , , , , , , , , , , , , , , , , , , , , , , ,C:\\Users\\mari\\AppData\\Local\\Temp\\__PSScriptPolicyTest_uzxi3gfa.xxh.ps1,2024-11-30 11:39:46.710, , , , , , , , , , , , , , , , , , , , , , , , , , , , , , , , , , , , , , , , , , , , , , , , , , , , , , , , , , , , , , , , , , , 
