wazuh-alerts-4.x-2024.11.30,A_oNfJMBRlc-D5DFKR-w,1,1,192.168.117.130,wazuh-agent,002,Maryam, ,4624, ,0x8020000000000000,{54849625-5478-4994-A5BA-3E3B0328C30D},0,Security,0,"""An account was successfully logged on.

Subject:
	Security ID:		S-1-5-18
	Account Name:		DESKTOP-FMI6MML$
	Account Domain:		WORKGROUP
	Logon ID:		0x3E7

Logon Information:
	Logon Type:		5
	Restricted Admin Mode:	-
	Virtual Account:		No
	Elevated Token:		Yes

Impersonation Level:		Impersonation

New Logon:
	Security ID:		S-1-5-18
	Account Name:		SYSTEM
	Account Domain:		NT AUTHORITY
	Logon ID:		0x3E7
	Linked Logon ID:		0x0
	Network Account Name:	-
	Network Account Domain:	-
	Logon GUID:		{00000000-0000-0000-0000-000000000000}

Process Information:
	Process ID:		0x284
	Process Name:		C:\Windows\System32\services.exe

Network Information:
	Workstation Name:	-
	Source Network Address:	-
	Source Port:		-

Detailed Authentication Information:
	Logon Process:		Advapi  
	Authentication Package:	Negotiate
	Transited Services:	-
	Package Name (NTLM only):	-
	Key Length:		0

This event is generated when a logon session is created. It is generated on the computer that was accessed.

The subject fields indicate the account on the local system which requested the logon. This is most commonly a service such as the Server service, or a local process such as Winlogon.exe or Services.exe.

The logon type field indicates the kind of logon that occurred. The most common types are 2 (interactive) and 3 (network).

The New Logon fields indicate the account for whom the new logon was created, i.e. the account that was logged on.

The network fields indicate where a remote logon request originated. Workstation name is not always available and may be left blank in some cases.

The impersonation level field indicates the extent to which a process in the logon session can impersonate.

The authentication information fields provide detailed information about this specific logon request.
	- Logon GUID is a unique identifier that can be used to correlate this event with a KDC event.
	- Transited services indicate which intermediate services have participated in this logon request.
	- Package name indicates which sub-protocol was used among the NTLM protocols.
	- Key length indicates the length of the generated session key. This will be 0 if no session key was requested.""",2,2024-11-30T07:50:54.752421000Z,227093,700,DESKTOP-FMI6MML,12544,660,AUDIT_SUCCESS,Microsoft-Windows-Security-Auditing,5,false,3,Windows logon success.,"[""windows"",""windows_security"",""authentication_success""]",60106,"[""IV_32.2""]","[""7.1"",""7.2""]",windows_eventchannel,log,"Nov 30, 2024 @ 07:50:56.155",EventChannel,1732953056.1954526,"Nov 30, 2024 @ 07:50:56.155",0x3e7,WORKGROUP,0x0,%%1833,Negotiate,0x3e7,Advapi,{00000000-0000-0000-0000-000000000000},SYSTEM,0,%%1842,S-1-5-18,0x284,C:\\Windows\\System32\\services.exe,NT AUTHORITY,S-1-5-18,%%1843,5,DESKTOP-FMI6MML$,"[""164.312.b""]","[""10.2.5""]","[""CC6.8"",""CC7.2"",""CC7.3""]","[""AC.7"",""AU.14""]","[""Valid Accounts""]","[""T1078""]","[""Defense Evasion"",""Persistence"",""Privilege Escalation"",""Initial Access""]", , , , , , , , , , , , , , , , , , , , , , , , , , , , , , , , , , , , , , , , , , , , , , , , , , , , , , , , , , , , , , , , , , , , , , , , , , , , , , , , , , , , , , , , , , , , , , , , , , , , , , , , , , , , , , , , , , , , , , , , , , , 
wazuh-alerts-4.x-2024.11.30,ufoMfJMBRlc-D5DFFB4z,1,1,192.168.117.130,wazuh-agent,002,Maryam, , , , , , , , , , , , , , , , , , ,1,false,3,Wazuh agent started.,"[""ossec""]",503,"[""IV_35.7.d""]","[""10.1""]",ossec,log,"Nov 30, 2024 @ 07:49:39.687",wazuh-agent,1732952979.1653746,"Nov 30, 2024 @ 07:49:39.687", , , , , , , , , , , , , , , , , , , ,"[""164.312.b""]","[""10.6.1"",""10.2.6""]","[""CC7.2"",""CC7.3"",""CC6.8""]","[""AU.6"",""AU.14"",""AU.5""]", , , , , , , , , , , , , , , , , , , , , , , , , , , , , , , , , , , , , , , , , , ,ossec: Agent started: 'wazuh-agent->any'., , , , , , , , , , , , , , , , , , , ,wazuh-agent->any,ossec, , , , , , , , , , , , , , , , , , , , , , , , , , , , , , , , , , , , , , , , , , , , , , , , , , , , , , , , , , , , , , 
wazuh-alerts-4.x-2024.11.30,uvoMfJMBRlc-D5DFFB4z,1,1,192.168.117.130,wazuh-agent,002,Maryam, ,4624, ,0x8020000000000000,{54849625-5478-4994-A5BA-3E3B0328C30D},0,Security,0,"""An account was successfully logged on.

Subject:
	Security ID:		S-1-5-18
	Account Name:		DESKTOP-FMI6MML$
	Account Domain:		WORKGROUP
	Logon ID:		0x3E7

Logon Information:
	Logon Type:		5
	Restricted Admin Mode:	-
	Virtual Account:		No
	Elevated Token:		Yes

Impersonation Level:		Impersonation

New Logon:
	Security ID:		S-1-5-18
	Account Name:		SYSTEM
	Account Domain:		NT AUTHORITY
	Logon ID:		0x3E7
	Linked Logon ID:		0x0
	Network Account Name:	-
	Network Account Domain:	-
	Logon GUID:		{00000000-0000-0000-0000-000000000000}

Process Information:
	Process ID:		0x284
	Process Name:		C:\Windows\System32\services.exe

Network Information:
	Workstation Name:	-
	Source Network Address:	-
	Source Port:		-

Detailed Authentication Information:
	Logon Process:		Advapi  
	Authentication Package:	Negotiate
	Transited Services:	-
	Package Name (NTLM only):	-
	Key Length:		0

This event is generated when a logon session is created. It is generated on the computer that was accessed.

The subject fields indicate the account on the local system which requested the logon. This is most commonly a service such as the Server service, or a local process such as Winlogon.exe or Services.exe.

The logon type field indicates the kind of logon that occurred. The most common types are 2 (interactive) and 3 (network).

The New Logon fields indicate the account for whom the new logon was created, i.e. the account that was logged on.

The network fields indicate where a remote logon request originated. Workstation name is not always available and may be left blank in some cases.

The impersonation level field indicates the extent to which a process in the logon session can impersonate.

The authentication information fields provide detailed information about this specific logon request.
	- Logon GUID is a unique identifier that can be used to correlate this event with a KDC event.
	- Transited services indicate which intermediate services have participated in this logon request.
	- Package name indicates which sub-protocol was used among the NTLM protocols.
	- Key length indicates the length of the generated session key. This will be 0 if no session key was requested.""",2,2024-11-30T07:49:42.540017200Z,226217,708,DESKTOP-FMI6MML,12544,660,AUDIT_SUCCESS,Microsoft-Windows-Security-Auditing,2,false,3,Windows logon success.,"[""windows"",""windows_security"",""authentication_success""]",60106,"[""IV_32.2""]","[""7.1"",""7.2""]",windows_eventchannel,log,"Nov 30, 2024 @ 07:49:43.033",EventChannel,1732952983.1654079,"Nov 30, 2024 @ 07:49:43.033",0x3e7,WORKGROUP,0x0,%%1833,Negotiate,0x3e7,Advapi,{00000000-0000-0000-0000-000000000000},SYSTEM,0,%%1842,S-1-5-18,0x284,C:\\Windows\\System32\\services.exe,NT AUTHORITY,S-1-5-18,%%1843,5,DESKTOP-FMI6MML$,"[""164.312.b""]","[""10.2.5""]","[""CC6.8"",""CC7.2"",""CC7.3""]","[""AC.7"",""AU.14""]","[""Valid Accounts""]","[""T1078""]","[""Defense Evasion"",""Persistence"",""Privilege Escalation"",""Initial Access""]", , , , , , , , , , , , , , , , , , , , , , , , , , , , , , , , , , , , , , , , , , , , , , , , , , , , , , , , , , , , , , , , , , , , , , , , , , , , , , , , , , , , , , , , , , , , , , , , , , , , , , , , , , , , , , , , , , , , , , , , , , , 
wazuh-alerts-4.x-2024.11.30,vPoMfJMBRlc-D5DFFB4z,1,1,192.168.117.130,wazuh-agent,002,Maryam, ,1, ,0x8000000000000000,{5770385F-C22A-43E0-BF4C-06F5698FFBD9},4,Microsoft-Windows-Sysmon/Operational,0,"""Process Create:
RuleName: -
UtcTime: 2024-11-30 07:49:39.507
ProcessGuid: {D8AF36FB-C393-674A-4C00-000000000900}
ProcessId: 3852
Image: C:\Windows\SysWOW64\net.exe
FileVersion: 10.0.17134.1 (WinBuild.160101.0800)
Description: Net Command
Product: Microsoft® Windows® Operating System
Company: Microsoft Corporation
OriginalFileName: net.exe
CommandLine: net.exe accounts
CurrentDirectory: C:\Program Files (x86)\ossec-agent\
User: NT AUTHORITY\SYSTEM
LogonGuid: {D8AF36FB-C38E-674A-E703-000000000000}
LogonId: 0x3E7
TerminalSessionId: 0
IntegrityLevel: System
Hashes: MD5=DD0561156F62BC1958CE0E370B23711B,SHA256=FD41D0261C6D22572DA448BCB5CBBB98F78A2922D1F1074D25237CC82C8CE432,IMPHASH=86350518EAE83E4A09BBF6317BA1C570
ParentProcessGuid: {D8AF36FB-C391-674A-3400-000000000900}
ParentProcessId: 2416
ParentImage: C:\Program Files (x86)\ossec-agent\wazuh-agent.exe
ParentCommandLine: ""C:\Program Files (x86)\ossec-agent\wazuh-agent.exe""
ParentUser: NT AUTHORITY\SYSTEM""",5,2024-11-30T07:49:43.350931700Z,50237,4148,DESKTOP-FMI6MML,1,2364,INFORMATION,Microsoft-Windows-Sysmon,2,false,3,Discovery activity executed,"[""sysmon"",""sysmon_eid1_detections"",""windows""]",92031, , ,windows_eventchannel,log,"Nov 30, 2024 @ 07:49:45.030",EventChannel,1732952985.1667346,"Nov 30, 2024 @ 07:49:45.030", , , , , , , ,{D8AF36FB-C38E-674A-E703-000000000000}, , , , ,3852, , , , , , , , , , ,"[""Account Discovery""]","[""T1087""]","[""Discovery""]", , , ,net.exe,C:\\Windows\\SysWOW64\\net.exe,Microsoft® Windows® Operating System, , ,Net Command, , ,{D8AF36FB-C393-674A-4C00-000000000900},2024-11-30 07:49:39.507,"MD5=DD0561156F62BC1958CE0E370B23711B,SHA256=FD41D0261C6D22572DA448BCB5CBBB98F78A2922D1F1074D25237CC82C8CE432,IMPHASH=86350518EAE83E4A09BBF6317BA1C570", ,Microsoft Corporation,10.0.17134.1 (WinBuild.160101.0800),NT AUTHORITY\\SYSTEM, , , , , , , , , , , , , , , , , , , , , , , , , , ,{D8AF36FB-C391-674A-3400-000000000900},"\""C:\\Program Files (x86)\\ossec-agent\\wazuh-agent.exe\""",0x3e7,2416,C:\\Program Files (x86)\\ossec-agent\\,C:\\Program Files (x86)\\ossec-agent\\wazuh-agent.exe,net.exe accounts,System,0,NT AUTHORITY\\SYSTEM, , , , , , , , , , , , , , , , , , , , , , , , , , , , , , , , , , , , , , , , , , , , , , , , , , , , , , , , , , , , , , , , , , , , , 
wazuh-alerts-4.x-2024.11.30,v_oMfJMBRlc-D5DFGB4d,1,1,192.168.117.130,wazuh-agent,002,Maryam, ,1, ,0x8000000000000000,{5770385F-C22A-43E0-BF4C-06F5698FFBD9},4,Microsoft-Windows-Sysmon/Operational,0,"""Process Create:
RuleName: -
UtcTime: 2024-11-30 07:49:44.776
ProcessGuid: {D8AF36FB-C398-674A-5A00-000000000900}
ProcessId: 4748
Image: C:\Windows\SysWOW64\net1.exe
FileVersion: 10.0.17134.1 (WinBuild.160101.0800)
Description: Net Command
Product: Microsoft® Windows® Operating System
Company: Microsoft Corporation
OriginalFileName: net1.exe
CommandLine: C:\Windows\system32\net1 accounts
CurrentDirectory: C:\Program Files (x86)\ossec-agent\
User: NT AUTHORITY\SYSTEM
LogonGuid: {D8AF36FB-C38E-674A-E703-000000000000}
LogonId: 0x3E7
TerminalSessionId: 0
IntegrityLevel: System
Hashes: MD5=B5A26C2BF17222E86B91D26F1247AF3E,SHA256=14CC5BE4C833ACC652195DEAD113E1C3B4AC0B98EA1AEAD11957836F9AE721CF,IMPHASH=3D3E7537BD3BA07738DC5CA8AD01B073
ParentProcessGuid: {D8AF36FB-C393-674A-4C00-000000000900}
ParentProcessId: 3852
ParentImage: C:\Windows\SysWOW64\net.exe
ParentCommandLine: net.exe accounts
ParentUser: NT AUTHORITY\SYSTEM""",5,2024-11-30T07:49:44.781824300Z,50246,4148,DESKTOP-FMI6MML,1,2364,INFORMATION,Microsoft-Windows-Sysmon,4,false,3,Discovery activity executed,"[""sysmon"",""sysmon_eid1_detections"",""windows""]",92031, , ,windows_eventchannel,log,"Nov 30, 2024 @ 07:49:46.468",EventChannel,1732952986.1680436,"Nov 30, 2024 @ 07:49:46.468", , , , , , , ,{D8AF36FB-C38E-674A-E703-000000000000}, , , , ,4748, , , , , , , , , , ,"[""Account Discovery""]","[""T1087""]","[""Discovery""]", , , ,net1.exe,C:\\Windows\\SysWOW64\\net1.exe,Microsoft® Windows® Operating System, , ,Net Command, , ,{D8AF36FB-C398-674A-5A00-000000000900},2024-11-30 07:49:44.776,"MD5=B5A26C2BF17222E86B91D26F1247AF3E,SHA256=14CC5BE4C833ACC652195DEAD113E1C3B4AC0B98EA1AEAD11957836F9AE721CF,IMPHASH=3D3E7537BD3BA07738DC5CA8AD01B073", ,Microsoft Corporation,10.0.17134.1 (WinBuild.160101.0800),NT AUTHORITY\\SYSTEM, , , , , , , , , , , , , , , , , , , , , , , , , , ,{D8AF36FB-C393-674A-4C00-000000000900},net.exe accounts,0x3e7,3852,C:\\Program Files (x86)\\ossec-agent\\,C:\\Windows\\SysWOW64\\net.exe,C:\\Windows\\system32\\net1 accounts,System,0,NT AUTHORITY\\SYSTEM, , , , , , , , , , , , , , , , , , , , , , , , , , , , , , , , , , , , , , , , , , , , , , , , , , , , , , , , , , , , , , , , , , , , , 
wazuh-alerts-4.x-2024.11.30,xvoMfJMBRlc-D5DFHB4F,1,1,192.168.117.130,wazuh-agent,002,Maryam, ,1, ,0x8000000000000000,{5770385F-C22A-43E0-BF4C-06F5698FFBD9},4,Microsoft-Windows-Sysmon/Operational,0,"""Process Create:
RuleName: -
UtcTime: 2024-11-30 07:49:45.505
ProcessGuid: {D8AF36FB-C399-674A-6700-000000000900}
ProcessId: 5116
Image: C:\Windows\SysWOW64\net1.exe
FileVersion: 10.0.17134.1 (WinBuild.160101.0800)
Description: Net Command
Product: Microsoft® Windows® Operating System
Company: Microsoft Corporation
OriginalFileName: net1.exe
CommandLine: C:\Windows\system32\net1 accounts
CurrentDirectory: C:\Program Files (x86)\ossec-agent\
User: NT AUTHORITY\SYSTEM
LogonGuid: {D8AF36FB-C38E-674A-E703-000000000000}
LogonId: 0x3E7
TerminalSessionId: 0
IntegrityLevel: System
Hashes: MD5=B5A26C2BF17222E86B91D26F1247AF3E,SHA256=14CC5BE4C833ACC652195DEAD113E1C3B4AC0B98EA1AEAD11957836F9AE721CF,IMPHASH=3D3E7537BD3BA07738DC5CA8AD01B073
ParentProcessGuid: {D8AF36FB-C399-674A-6500-000000000900}
ParentProcessId: 5052
ParentImage: C:\Windows\SysWOW64\net.exe
ParentCommandLine: net.exe accounts
ParentUser: NT AUTHORITY\SYSTEM""",5,2024-11-30T07:49:45.509059000Z,50256,4148,DESKTOP-FMI6MML,1,2364,INFORMATION,Microsoft-Windows-Sysmon,11,false,3,Discovery activity executed,"[""sysmon"",""sysmon_eid1_detections"",""windows""]",92031, , ,windows_eventchannel,log,"Nov 30, 2024 @ 07:49:46.659",EventChannel,1732952986.1718620,"Nov 30, 2024 @ 07:49:46.659", , , , , , , ,{D8AF36FB-C38E-674A-E703-000000000000}, , , , ,5116, , , , , , , , , , ,"[""Account Discovery""]","[""T1087""]","[""Discovery""]", , , ,net1.exe,C:\\Windows\\SysWOW64\\net1.exe,Microsoft® Windows® Operating System, , ,Net Command, , ,{D8AF36FB-C399-674A-6700-000000000900},2024-11-30 07:49:45.505,"MD5=B5A26C2BF17222E86B91D26F1247AF3E,SHA256=14CC5BE4C833ACC652195DEAD113E1C3B4AC0B98EA1AEAD11957836F9AE721CF,IMPHASH=3D3E7537BD3BA07738DC5CA8AD01B073", ,Microsoft Corporation,10.0.17134.1 (WinBuild.160101.0800),NT AUTHORITY\\SYSTEM, , , , , , , , , , , , , , , , , , , , , , , , , , ,{D8AF36FB-C399-674A-6500-000000000900},net.exe accounts,0x3e7,5052,C:\\Program Files (x86)\\ossec-agent\\,C:\\Windows\\SysWOW64\\net.exe,C:\\Windows\\system32\\net1 accounts,System,0,NT AUTHORITY\\SYSTEM, , , , , , , , , , , , , , , , , , , , , , , , , , , , , , , , , , , , , , , , , , , , , , , , , , , , , , , , , , , , , , , , , , , , , 
wazuh-alerts-4.x-2024.11.30,x_oMfJMBRlc-D5DFHB4F,1,1,192.168.117.130,wazuh-agent,002,Maryam, ,1, ,0x8000000000000000,{5770385F-C22A-43E0-BF4C-06F5698FFBD9},4,Microsoft-Windows-Sysmon/Operational,0,"""Process Create:
RuleName: -
UtcTime: 2024-11-30 07:49:45.651
ProcessGuid: {D8AF36FB-C399-674A-6800-000000000900}
ProcessId: 3272
Image: C:\Windows\SysWOW64\net.exe
FileVersion: 10.0.17134.1 (WinBuild.160101.0800)
Description: Net Command
Product: Microsoft® Windows® Operating System
Company: Microsoft Corporation
OriginalFileName: net.exe
CommandLine: net.exe accounts
CurrentDirectory: C:\Program Files (x86)\ossec-agent\
User: NT AUTHORITY\SYSTEM
LogonGuid: {D8AF36FB-C38E-674A-E703-000000000000}
LogonId: 0x3E7
TerminalSessionId: 0
IntegrityLevel: System
Hashes: MD5=DD0561156F62BC1958CE0E370B23711B,SHA256=FD41D0261C6D22572DA448BCB5CBBB98F78A2922D1F1074D25237CC82C8CE432,IMPHASH=86350518EAE83E4A09BBF6317BA1C570
ParentProcessGuid: {D8AF36FB-C391-674A-3400-000000000900}
ParentProcessId: 2416
ParentImage: C:\Program Files (x86)\ossec-agent\wazuh-agent.exe
ParentCommandLine: ""C:\Program Files (x86)\ossec-agent\wazuh-agent.exe""
ParentUser: NT AUTHORITY\SYSTEM""",5,2024-11-30T07:49:45.654523500Z,50257,4148,DESKTOP-FMI6MML,1,2364,INFORMATION,Microsoft-Windows-Sysmon,12,false,3,Discovery activity executed,"[""sysmon"",""sysmon_eid1_detections"",""windows""]",92031, , ,windows_eventchannel,log,"Nov 30, 2024 @ 07:49:46.687",EventChannel,1732952986.1724002,"Nov 30, 2024 @ 07:49:46.687", , , , , , , ,{D8AF36FB-C38E-674A-E703-000000000000}, , , , ,3272, , , , , , , , , , ,"[""Account Discovery""]","[""T1087""]","[""Discovery""]", , , ,net.exe,C:\\Windows\\SysWOW64\\net.exe,Microsoft® Windows® Operating System, , ,Net Command, , ,{D8AF36FB-C399-674A-6800-000000000900},2024-11-30 07:49:45.651,"MD5=DD0561156F62BC1958CE0E370B23711B,SHA256=FD41D0261C6D22572DA448BCB5CBBB98F78A2922D1F1074D25237CC82C8CE432,IMPHASH=86350518EAE83E4A09BBF6317BA1C570", ,Microsoft Corporation,10.0.17134.1 (WinBuild.160101.0800),NT AUTHORITY\\SYSTEM, , , , , , , , , , , , , , , , , , , , , , , , , , ,{D8AF36FB-C391-674A-3400-000000000900},"\""C:\\Program Files (x86)\\ossec-agent\\wazuh-agent.exe\""",0x3e7,2416,C:\\Program Files (x86)\\ossec-agent\\,C:\\Program Files (x86)\\ossec-agent\\wazuh-agent.exe,net.exe accounts,System,0,NT AUTHORITY\\SYSTEM, , , , , , , , , , , , , , , , , , , , , , , , , , , , , , , , , , , , , , , , , , , , , , , , , , , , , , , , , , , , , , , , , , , , , 
wazuh-alerts-4.x-2024.11.30,3PoMfJMBRlc-D5DFZh5P,1,1,192.168.117.134,window-agent3,003,Maryam, ,11, ,0x8000000000000000,{5770385F-C22A-43E0-BF4C-06F5698FFBD9},4,Microsoft-Windows-Sysmon/Operational,0,"""File created:
RuleName: technique_id=T1059.001,technique_name=PowerShell
UtcTime: 2024-11-30 07:50:01.925
ProcessGuid: {15959494-C3A9-674A-A306-000000000D00}
ProcessId: 8080
Image: C:\Windows\System32\WindowsPowerShell\v1.0\powershell.exe
TargetFilename: C:\Users\mari\AppData\Local\Temp\__PSScriptPolicyTest_tiavlz4c.uir.ps1
CreationUtcTime: 2024-11-30 07:50:01.925
User: DESKTOP-QGB4EQH\mari""",2,2024-11-30T07:50:01.932449300Z,55808,1760,DESKTOP-QGB4EQH,11,2356,INFORMATION,Microsoft-Windows-Sysmon,12,true,15,Executable file dropped in folder commonly used by malware,"[""sysmon"",""sysmon_eid11_detections"",""windows""]",92213, , ,windows_eventchannel,log,"Nov 30, 2024 @ 07:50:02.692",EventChannel,1732953002.1824297,"Nov 30, 2024 @ 07:50:02.692", , , , , , , , , , , , ,8080, , , , , , , , , , ,"[""Ingress Tool Transfer""]","[""T1105""]","[""Command and Control""]", , , , ,C:\\Windows\\System32\\WindowsPowerShell\\v1.0\\powershell.exe, , , , , , ,{15959494-C3A9-674A-A306-000000000D00},2024-11-30 07:50:01.925, ,"technique_id=T1059.001,technique_name=PowerShell", , ,DESKTOP-QGB4EQH\\mari, , , , , , , , , , , , , , , , , , , , , , , , , , , , , , , , , , , , ,C:\\Users\\mari\\AppData\\Local\\Temp\\__PSScriptPolicyTest_tiavlz4c.uir.ps1,2024-11-30 07:50:01.925, , , , , , , , , , , , , , , , , , , , , , , , , , , , , , , , , , , , , , , , , , , , , , , , , , , , , , , , , , , , , , , , , , , 
wazuh-alerts-4.x-2024.11.30,3foMfJMBRlc-D5DFZh5P,1,1,192.168.117.130,wazuh-agent,002,Maryam, ,4624, ,0x8020000000000000,{54849625-5478-4994-A5BA-3E3B0328C30D},0,Security,0,"""An account was successfully logged on.

Subject:
	Security ID:		S-1-5-18
	Account Name:		DESKTOP-FMI6MML$
	Account Domain:		WORKGROUP
	Logon ID:		0x3E7

Logon Information:
	Logon Type:		5
	Restricted Admin Mode:	-
	Virtual Account:		No
	Elevated Token:		Yes

Impersonation Level:		Impersonation

New Logon:
	Security ID:		S-1-5-18
	Account Name:		SYSTEM
	Account Domain:		NT AUTHORITY
	Logon ID:		0x3E7
	Linked Logon ID:		0x0
	Network Account Name:	-
	Network Account Domain:	-
	Logon GUID:		{00000000-0000-0000-0000-000000000000}

Process Information:
	Process ID:		0x284
	Process Name:		C:\Windows\System32\services.exe

Network Information:
	Workstation Name:	-
	Source Network Address:	-
	Source Port:		-

Detailed Authentication Information:
	Logon Process:		Advapi  
	Authentication Package:	Negotiate
	Transited Services:	-
	Package Name (NTLM only):	-
	Key Length:		0

This event is generated when a logon session is created. It is generated on the computer that was accessed.

The subject fields indicate the account on the local system which requested the logon. This is most commonly a service such as the Server service, or a local process such as Winlogon.exe or Services.exe.

The logon type field indicates the kind of logon that occurred. The most common types are 2 (interactive) and 3 (network).

The New Logon fields indicate the account for whom the new logon was created, i.e. the account that was logged on.

The network fields indicate where a remote logon request originated. Workstation name is not always available and may be left blank in some cases.

The impersonation level field indicates the extent to which a process in the logon session can impersonate.

The authentication information fields provide detailed information about this specific logon request.
	- Logon GUID is a unique identifier that can be used to correlate this event with a KDC event.
	- Transited services indicate which intermediate services have participated in this logon request.
	- Package name indicates which sub-protocol was used among the NTLM protocols.
	- Key length indicates the length of the generated session key. This will be 0 if no session key was requested.""",2,2024-11-30T07:50:01.859205400Z,226929,700,DESKTOP-FMI6MML,12544,660,AUDIT_SUCCESS,Microsoft-Windows-Security-Auditing,3,false,3,Windows logon success.,"[""windows"",""windows_security"",""authentication_success""]",60106,"[""IV_32.2""]","[""7.1"",""7.2""]",windows_eventchannel,log,"Nov 30, 2024 @ 07:50:03.265",EventChannel,1732953003.1827308,"Nov 30, 2024 @ 07:50:03.265",0x3e7,WORKGROUP,0x0,%%1833,Negotiate,0x3e7,Advapi,{00000000-0000-0000-0000-000000000000},SYSTEM,0,%%1842,S-1-5-18,0x284,C:\\Windows\\System32\\services.exe,NT AUTHORITY,S-1-5-18,%%1843,5,DESKTOP-FMI6MML$,"[""164.312.b""]","[""10.2.5""]","[""CC6.8"",""CC7.2"",""CC7.3""]","[""AC.7"",""AU.14""]","[""Valid Accounts""]","[""T1078""]","[""Defense Evasion"",""Persistence"",""Privilege Escalation"",""Initial Access""]", , , , , , , , , , , , , , , , , , , , , , , , , , , , , , , , , , , , , , , , , , , , , , , , , , , , , , , , , , , , , , , , , , , , , , , , , , , , , , , , , , , , , , , , , , , , , , , , , , , , , , , , , , , , , , , , , , , , , , , , , , , 
wazuh-alerts-4.x-2024.11.30,zfoMfJMBRlc-D5DFMx6K,1,1,192.168.117.130,wazuh-agent,002,Maryam, ,1, ,0x8000000000000000,{5770385F-C22A-43E0-BF4C-06F5698FFBD9},4,Microsoft-Windows-Sysmon/Operational,0,"""Process Create:
RuleName: -
UtcTime: 2024-11-30 07:49:50.394
ProcessGuid: {D8AF36FB-C39E-674A-7200-000000000900}
ProcessId: 4652
Image: C:\Windows\SysWOW64\net.exe
FileVersion: 10.0.17134.1 (WinBuild.160101.0800)
Description: Net Command
Product: Microsoft® Windows® Operating System
Company: Microsoft Corporation
OriginalFileName: net.exe
CommandLine: net user administrator
CurrentDirectory: C:\Program Files (x86)\ossec-agent\
User: NT AUTHORITY\SYSTEM
LogonGuid: {D8AF36FB-C38E-674A-E703-000000000000}
LogonId: 0x3E7
TerminalSessionId: 0
IntegrityLevel: System
Hashes: MD5=DD0561156F62BC1958CE0E370B23711B,SHA256=FD41D0261C6D22572DA448BCB5CBBB98F78A2922D1F1074D25237CC82C8CE432,IMPHASH=86350518EAE83E4A09BBF6317BA1C570
ParentProcessGuid: {D8AF36FB-C391-674A-3400-000000000900}
ParentProcessId: 2416
ParentImage: C:\Program Files (x86)\ossec-agent\wazuh-agent.exe
ParentCommandLine: ""C:\Program Files (x86)\ossec-agent\wazuh-agent.exe""
ParentUser: NT AUTHORITY\SYSTEM""",5,2024-11-30T07:49:50.397477500Z,50264,4148,DESKTOP-FMI6MML,1,2364,INFORMATION,Microsoft-Windows-Sysmon,3,false,3,A net.exe account discovery command was initiated,"[""sysmon"",""sysmon_eid1_detections"",""windows""]",92039, , ,windows_eventchannel,log,"Nov 30, 2024 @ 07:49:51.781",EventChannel,1732952991.1756804,"Nov 30, 2024 @ 07:49:51.781", , , , , , , ,{D8AF36FB-C38E-674A-E703-000000000000}, , , , ,4652, , , , , , , , , , ,"[""Account Discovery""]","[""T1087""]","[""Discovery""]", , , ,net.exe,C:\\Windows\\SysWOW64\\net.exe,Microsoft® Windows® Operating System, , ,Net Command, , ,{D8AF36FB-C39E-674A-7200-000000000900},2024-11-30 07:49:50.394,"MD5=DD0561156F62BC1958CE0E370B23711B,SHA256=FD41D0261C6D22572DA448BCB5CBBB98F78A2922D1F1074D25237CC82C8CE432,IMPHASH=86350518EAE83E4A09BBF6317BA1C570", ,Microsoft Corporation,10.0.17134.1 (WinBuild.160101.0800),NT AUTHORITY\\SYSTEM, , , , , , , , , , , , , , , , , , , , , , , , , , ,{D8AF36FB-C391-674A-3400-000000000900},"\""C:\\Program Files (x86)\\ossec-agent\\wazuh-agent.exe\""",0x3e7,2416,C:\\Program Files (x86)\\ossec-agent\\,C:\\Program Files (x86)\\ossec-agent\\wazuh-agent.exe,net user administrator,System,0,NT AUTHORITY\\SYSTEM, , , , , , , , , , , , , , , , , , , , , , , , , , , , , , , , , , , , , , , , , , , , , , , , , , , , , , , , , , , , , , , , , , , , , 
wazuh-alerts-4.x-2024.11.30,0foMfJMBRlc-D5DFMx6K,1,1,192.168.117.130,wazuh-agent,002,Maryam, ,1, ,0x8000000000000000,{5770385F-C22A-43E0-BF4C-06F5698FFBD9},4,Microsoft-Windows-Sysmon/Operational,0,"""Process Create:
RuleName: -
UtcTime: 2024-11-30 07:49:51.702
ProcessGuid: {D8AF36FB-C39F-674A-7D00-000000000900}
ProcessId: 1392
Image: C:\Windows\SysWOW64\net.exe
FileVersion: 10.0.17134.1 (WinBuild.160101.0800)
Description: Net Command
Product: Microsoft® Windows® Operating System
Company: Microsoft Corporation
OriginalFileName: net.exe
CommandLine: net user administrator
CurrentDirectory: C:\Program Files (x86)\ossec-agent\
User: NT AUTHORITY\SYSTEM
LogonGuid: {D8AF36FB-C38E-674A-E703-000000000000}
LogonId: 0x3E7
TerminalSessionId: 0
IntegrityLevel: System
Hashes: MD5=DD0561156F62BC1958CE0E370B23711B,SHA256=FD41D0261C6D22572DA448BCB5CBBB98F78A2922D1F1074D25237CC82C8CE432,IMPHASH=86350518EAE83E4A09BBF6317BA1C570
ParentProcessGuid: {D8AF36FB-C391-674A-3400-000000000900}
ParentProcessId: 2416
ParentImage: C:\Program Files (x86)\ossec-agent\wazuh-agent.exe
ParentCommandLine: ""C:\Program Files (x86)\ossec-agent\wazuh-agent.exe""
ParentUser: NT AUTHORITY\SYSTEM""",5,2024-11-30T07:49:51.703719800Z,50271,4148,DESKTOP-FMI6MML,1,2364,INFORMATION,Microsoft-Windows-Sysmon,7,false,3,A net.exe account discovery command was initiated,"[""sysmon"",""sysmon_eid1_detections"",""windows""]",92039, , ,windows_eventchannel,log,"Nov 30, 2024 @ 07:49:53.116",EventChannel,1732952993.1778840,"Nov 30, 2024 @ 07:49:53.116", , , , , , , ,{D8AF36FB-C38E-674A-E703-000000000000}, , , , ,1392, , , , , , , , , , ,"[""Account Discovery""]","[""T1087""]","[""Discovery""]", , , ,net.exe,C:\\Windows\\SysWOW64\\net.exe,Microsoft® Windows® Operating System, , ,Net Command, , ,{D8AF36FB-C39F-674A-7D00-000000000900},2024-11-30 07:49:51.702,"MD5=DD0561156F62BC1958CE0E370B23711B,SHA256=FD41D0261C6D22572DA448BCB5CBBB98F78A2922D1F1074D25237CC82C8CE432,IMPHASH=86350518EAE83E4A09BBF6317BA1C570", ,Microsoft Corporation,10.0.17134.1 (WinBuild.160101.0800),NT AUTHORITY\\SYSTEM, , , , , , , , , , , , , , , , , , , , , , , , , , ,{D8AF36FB-C391-674A-3400-000000000900},"\""C:\\Program Files (x86)\\ossec-agent\\wazuh-agent.exe\""",0x3e7,2416,C:\\Program Files (x86)\\ossec-agent\\,C:\\Program Files (x86)\\ossec-agent\\wazuh-agent.exe,net user administrator,System,0,NT AUTHORITY\\SYSTEM, , , , , , , , , , , , , , , , , , , , , , , , , , , , , , , , , , , , , , , , , , , , , , , , , , , , , , , , , , , , , , , , , , , , , 
wazuh-alerts-4.x-2024.11.30,0voMfJMBRlc-D5DFMx6K,1,1,192.168.117.130,wazuh-agent,002,Maryam, ,1, ,0x8000000000000000,{5770385F-C22A-43E0-BF4C-06F5698FFBD9},4,Microsoft-Windows-Sysmon/Operational,0,"""Process Create:
RuleName: -
UtcTime: 2024-11-30 07:49:51.948
ProcessGuid: {D8AF36FB-C39F-674A-7F00-000000000900}
ProcessId: 2484
Image: C:\Windows\SysWOW64\net1.exe
FileVersion: 10.0.17134.1 (WinBuild.160101.0800)
Description: Net Command
Product: Microsoft® Windows® Operating System
Company: Microsoft Corporation
OriginalFileName: net1.exe
CommandLine: C:\Windows\system32\net1 user administrator
CurrentDirectory: C:\Program Files (x86)\ossec-agent\
User: NT AUTHORITY\SYSTEM
LogonGuid: {D8AF36FB-C38E-674A-E703-000000000000}
LogonId: 0x3E7
TerminalSessionId: 0
IntegrityLevel: System
Hashes: MD5=B5A26C2BF17222E86B91D26F1247AF3E,SHA256=14CC5BE4C833ACC652195DEAD113E1C3B4AC0B98EA1AEAD11957836F9AE721CF,IMPHASH=3D3E7537BD3BA07738DC5CA8AD01B073
ParentProcessGuid: {D8AF36FB-C39F-674A-7D00-000000000900}
ParentProcessId: 1392
ParentImage: C:\Windows\SysWOW64\net.exe
ParentCommandLine: net user administrator
ParentUser: NT AUTHORITY\SYSTEM""",5,2024-11-30T07:49:51.953750000Z,50272,4148,DESKTOP-FMI6MML,1,2364,INFORMATION,Microsoft-Windows-Sysmon,8,false,3,A net.exe account discovery command was initiated,"[""sysmon"",""sysmon_eid1_detections"",""windows""]",92039, , ,windows_eventchannel,log,"Nov 30, 2024 @ 07:49:53.167",EventChannel,1732952993.1784438,"Nov 30, 2024 @ 07:49:53.167", , , , , , , ,{D8AF36FB-C38E-674A-E703-000000000000}, , , , ,2484, , , , , , , , , , ,"[""Account Discovery""]","[""T1087""]","[""Discovery""]", , , ,net1.exe,C:\\Windows\\SysWOW64\\net1.exe,Microsoft® Windows® Operating System, , ,Net Command, , ,{D8AF36FB-C39F-674A-7F00-000000000900},2024-11-30 07:49:51.948,"MD5=B5A26C2BF17222E86B91D26F1247AF3E,SHA256=14CC5BE4C833ACC652195DEAD113E1C3B4AC0B98EA1AEAD11957836F9AE721CF,IMPHASH=3D3E7537BD3BA07738DC5CA8AD01B073", ,Microsoft Corporation,10.0.17134.1 (WinBuild.160101.0800),NT AUTHORITY\\SYSTEM, , , , , , , , , , , , , , , , , , , , , , , , , , ,{D8AF36FB-C39F-674A-7D00-000000000900},net user administrator,0x3e7,1392,C:\\Program Files (x86)\\ossec-agent\\,C:\\Windows\\SysWOW64\\net.exe,C:\\Windows\\system32\\net1 user administrator,System,0,NT AUTHORITY\\SYSTEM, , , , , , , , , , , , , , , , , , , , , , , , , , , , , , , , , , , , , , , , , , , , , , , , , , , , , , , , , , , , , , , , , , , , , 
wazuh-alerts-4.x-2024.11.30,0_oMfJMBRlc-D5DFMx6K,1,1,192.168.117.130,wazuh-agent,002,Maryam, ,1, ,0x8000000000000000,{5770385F-C22A-43E0-BF4C-06F5698FFBD9},4,Microsoft-Windows-Sysmon/Operational,0,"""Process Create:
RuleName: -
UtcTime: 2024-11-30 07:49:52.004
ProcessGuid: {D8AF36FB-C3A0-674A-8000-000000000900}
ProcessId: 4248
Image: C:\Windows\SysWOW64\net.exe
FileVersion: 10.0.17134.1 (WinBuild.160101.0800)
Description: Net Command
Product: Microsoft® Windows® Operating System
Company: Microsoft Corporation
OriginalFileName: net.exe
CommandLine: net user guest
CurrentDirectory: C:\Program Files (x86)\ossec-agent\
User: NT AUTHORITY\SYSTEM
LogonGuid: {D8AF36FB-C38E-674A-E703-000000000000}
LogonId: 0x3E7
TerminalSessionId: 0
IntegrityLevel: System
Hashes: MD5=DD0561156F62BC1958CE0E370B23711B,SHA256=FD41D0261C6D22572DA448BCB5CBBB98F78A2922D1F1074D25237CC82C8CE432,IMPHASH=86350518EAE83E4A09BBF6317BA1C570
ParentProcessGuid: {D8AF36FB-C391-674A-3400-000000000900}
ParentProcessId: 2416
ParentImage: C:\Program Files (x86)\ossec-agent\wazuh-agent.exe
ParentCommandLine: ""C:\Program Files (x86)\ossec-agent\wazuh-agent.exe""
ParentUser: NT AUTHORITY\SYSTEM""",5,2024-11-30T07:49:52.005982900Z,50273,4148,DESKTOP-FMI6MML,1,2364,INFORMATION,Microsoft-Windows-Sysmon,9,false,3,A net.exe account discovery command was initiated,"[""sysmon"",""sysmon_eid1_detections"",""windows""]",92039, , ,windows_eventchannel,log,"Nov 30, 2024 @ 07:49:53.190",EventChannel,1732952993.1789906,"Nov 30, 2024 @ 07:49:53.190", , , , , , , ,{D8AF36FB-C38E-674A-E703-000000000000}, , , , ,4248, , , , , , , , , , ,"[""Account Discovery""]","[""T1087""]","[""Discovery""]", , , ,net.exe,C:\\Windows\\SysWOW64\\net.exe,Microsoft® Windows® Operating System, , ,Net Command, , ,{D8AF36FB-C3A0-674A-8000-000000000900},2024-11-30 07:49:52.004,"MD5=DD0561156F62BC1958CE0E370B23711B,SHA256=FD41D0261C6D22572DA448BCB5CBBB98F78A2922D1F1074D25237CC82C8CE432,IMPHASH=86350518EAE83E4A09BBF6317BA1C570", ,Microsoft Corporation,10.0.17134.1 (WinBuild.160101.0800),NT AUTHORITY\\SYSTEM, , , , , , , , , , , , , , , , , , , , , , , , , , ,{D8AF36FB-C391-674A-3400-000000000900},"\""C:\\Program Files (x86)\\ossec-agent\\wazuh-agent.exe\""",0x3e7,2416,C:\\Program Files (x86)\\ossec-agent\\,C:\\Program Files (x86)\\ossec-agent\\wazuh-agent.exe,net user guest,System,0,NT AUTHORITY\\SYSTEM, , , , , , , , , , , , , , , , , , , , , , , , , , , , , , , , , , , , , , , , , , , , , , , , , , , , , , , , , , , , , , , , , , , , , 
wazuh-alerts-4.x-2024.11.30,o_oGfJMBRlc-D5DFfh5x,1,1,192.168.117.134,window-agent3,003,Maryam, ,1, ,0x8000000000000000,{5770385F-C22A-43E0-BF4C-06F5698FFBD9},4,Microsoft-Windows-Sysmon/Operational,0,"""Process Create:
RuleName: technique_id=T1059.003,technique_name=Windows Command Shell
UtcTime: 2024-11-30 07:43:38.149
ProcessGuid: {15959494-C22A-674A-8F06-000000000D00}
ProcessId: 8008
Image: C:\Windows\System32\cmd.exe
FileVersion: 10.0.17134.1 (WinBuild.160101.0800)
Description: Windows Command Processor
Product: Microsoft® Windows® Operating System
Company: Microsoft Corporation
OriginalFileName: Cmd.Exe
CommandLine: cmd  /c desktopimgdownldr.exe /lockscreenurl:https://raw.githubusercontent.com/redcanaryco/atomic-red-team/master/atomics/T1197/T1197.md /eventName:desktopimgdownldr
CurrentDirectory: C:\Windows\system32\
User: DESKTOP-QGB4EQH\mari
LogonGuid: {15959494-D46B-6749-6B7A-100000000000}
LogonId: 0x107A6B
TerminalSessionId: 1
IntegrityLevel: High
Hashes: SHA1=3CE71813199ABAE99348F61F0CAA34E2574F831C,MD5=4E2ACF4F8A396486AB4268C94A6A245F,SHA256=9A7C58BD98D70631AA1473F7B57B426DB367D72429A5455B433A05EE251F3236,IMPHASH=8542FB14699D84D7E8DA92F66145C7FE
ParentProcessGuid: {15959494-C22A-674A-8E06-000000000D00}
ParentProcessId: 3812
ParentImage: C:\Windows\System32\cmd.exe
ParentCommandLine: cmd.exe /C set ""SYSTEMROOT=C:\Windows\Temp"" && cmd /c desktopimgdownldr.exe /lockscreenurl:https://raw.githubusercontent.com/redcanaryco/atomic-red-team/master/atomics/T1197/T1197.md /eventName:desktopimgdownldr
ParentUser: DESKTOP-QGB4EQH\mari""",5,2024-11-30T07:43:38.150214500Z,55698,1760,DESKTOP-QGB4EQH,1,2356,INFORMATION,Microsoft-Windows-Sysmon,5,false,3,Suspicious Windows cmd shell execution,"[""sysmon"",""sysmon_eid1_detections"",""windows""]",92032, , ,windows_eventchannel,log,"Nov 30, 2024 @ 07:43:39.270",EventChannel,1732952619.1569667,"Nov 30, 2024 @ 07:43:39.270", , , , , , , ,{15959494-D46B-6749-6B7A-100000000000}, , , , ,8008, , , , , , , , , , ,"[""Account Discovery"",""Windows Command Shell""]","[""T1087"",""T1059.003""]","[""Discovery"",""Execution""]", , , ,Cmd.Exe,C:\\Windows\\System32\\cmd.exe,Microsoft® Windows® Operating System, , ,Windows Command Processor, , ,{15959494-C22A-674A-8F06-000000000D00},2024-11-30 07:43:38.149,"SHA1=3CE71813199ABAE99348F61F0CAA34E2574F831C,MD5=4E2ACF4F8A396486AB4268C94A6A245F,SHA256=9A7C58BD98D70631AA1473F7B57B426DB367D72429A5455B433A05EE251F3236,IMPHASH=8542FB14699D84D7E8DA92F66145C7FE","technique_id=T1059.003,technique_name=Windows Command Shell",Microsoft Corporation,10.0.17134.1 (WinBuild.160101.0800),DESKTOP-QGB4EQH\\mari, , , , , , , , , , , , , , , , , , , , , , , , , , ,{15959494-C22A-674A-8E06-000000000D00},"cmd.exe /C set \""SYSTEMROOT=C:\\Windows\\Temp\"" &amp;&amp; cmd /c desktopimgdownldr.exe /lockscreenurl:https://raw.githubusercontent.com/redcanaryco/atomic-red-team/master/atomics/T1197/T1197.md /eventName:desktopimgdownldr",0x107a6b,3812,C:\\Windows\\system32\\,C:\\Windows\\System32\\cmd.exe,cmd  /c desktopimgdownldr.exe /lockscreenurl:https://raw.githubusercontent.com/redcanaryco/atomic-red-team/master/atomics/T1197/T1197.md /eventName:desktopimgdownldr,High,1,DESKTOP-QGB4EQH\\mari, , , , , , , , , , , , , , , , , , , , , , , , , , , , , , , , , , , , , , , , , , , , , , , , , , , , , , , , , , , , , , , , , , , , , 
wazuh-alerts-4.x-2024.11.30,y_oMfJMBRlc-D5DFJx7F,1,1,192.168.117.130,wazuh-agent,002,Maryam, ,1, ,0x8000000000000000,{5770385F-C22A-43E0-BF4C-06F5698FFBD9},4,Microsoft-Windows-Sysmon/Operational,0,"""Process Create:
RuleName: -
UtcTime: 2024-11-30 07:49:48.242
ProcessGuid: {D8AF36FB-C39C-674A-6F00-000000000900}
ProcessId: 4332
Image: C:\Windows\SysWOW64\net.exe
FileVersion: 10.0.17134.1 (WinBuild.160101.0800)
Description: Net Command
Product: Microsoft® Windows® Operating System
Company: Microsoft Corporation
OriginalFileName: net.exe
CommandLine: net.exe accounts
CurrentDirectory: C:\Program Files (x86)\ossec-agent\
User: NT AUTHORITY\SYSTEM
LogonGuid: {D8AF36FB-C38E-674A-E703-000000000000}
LogonId: 0x3E7
TerminalSessionId: 0
IntegrityLevel: System
Hashes: MD5=DD0561156F62BC1958CE0E370B23711B,SHA256=FD41D0261C6D22572DA448BCB5CBBB98F78A2922D1F1074D25237CC82C8CE432,IMPHASH=86350518EAE83E4A09BBF6317BA1C570
ParentProcessGuid: {D8AF36FB-C391-674A-3400-000000000900}
ParentProcessId: 2416
ParentImage: C:\Program Files (x86)\ossec-agent\wazuh-agent.exe
ParentCommandLine: ""C:\Program Files (x86)\ossec-agent\wazuh-agent.exe""
ParentUser: NT AUTHORITY\SYSTEM""",5,2024-11-30T07:49:48.259582200Z,50262,4148,DESKTOP-FMI6MML,1,2364,INFORMATION,Microsoft-Windows-Sysmon,16,false,3,Discovery activity executed,"[""sysmon"",""sysmon_eid1_detections"",""windows""]",92031, , ,windows_eventchannel,log,"Nov 30, 2024 @ 07:49:49.593",EventChannel,1732952989.1745870,"Nov 30, 2024 @ 07:49:49.593", , , , , , , ,{D8AF36FB-C38E-674A-E703-000000000000}, , , , ,4332, , , , , , , , , , ,"[""Account Discovery""]","[""T1087""]","[""Discovery""]", , , ,net.exe,C:\\Windows\\SysWOW64\\net.exe,Microsoft® Windows® Operating System, , ,Net Command, , ,{D8AF36FB-C39C-674A-6F00-000000000900},2024-11-30 07:49:48.242,"MD5=DD0561156F62BC1958CE0E370B23711B,SHA256=FD41D0261C6D22572DA448BCB5CBBB98F78A2922D1F1074D25237CC82C8CE432,IMPHASH=86350518EAE83E4A09BBF6317BA1C570", ,Microsoft Corporation,10.0.17134.1 (WinBuild.160101.0800),NT AUTHORITY\\SYSTEM, , , , , , , , , , , , , , , , , , , , , , , , , , ,{D8AF36FB-C391-674A-3400-000000000900},"\""C:\\Program Files (x86)\\ossec-agent\\wazuh-agent.exe\""",0x3e7,2416,C:\\Program Files (x86)\\ossec-agent\\,C:\\Program Files (x86)\\ossec-agent\\wazuh-agent.exe,net.exe accounts,System,0,NT AUTHORITY\\SYSTEM, , , , , , , , , , , , , , , , , , , , , , , , , , , , , , , , , , , , , , , , , , , , , , , , , , , , , , , , , , , , , , , , , , , , , 
wazuh-alerts-4.x-2024.11.30,3voMfJMBRlc-D5DF7x4J,1,1,192.168.117.130,wazuh-agent,002,Maryam,"hr=0x8007139F, RuleId=31e71c49-8da7-4a2f-ad92-45d98a1c79ba;Action=AutoActivate;AppId=55c92734-d682-4d71-983e-d6ec3f16059f;SkuId=4de7cb65-cdf1-4de9-8ae8-e3cce27b9f2c;NotificationInterval=1440;Trigger=TimerEvent",8198,Software Protection Platform Service,0x80000000000000,{E23B33B0-C8C9-472C-A5F9-F2BDFEA0F156},2,Application,0,"""License Activation (slui.exe) failed with the following error code:
hr=0x8007139F
Command-line arguments:
RuleId=31e71c49-8da7-4a2f-ad92-45d98a1c79ba;Action=AutoActivate;AppId=55c92734-d682-4d71-983e-d6ec3f16059f;SkuId=4de7cb65-cdf1-4de9-8ae8-e3cce27b9f2c;NotificationInterval=1440;Trigger=TimerEvent""",0,2024-11-30T07:50:31.983444200Z,1649,0,DESKTOP-FMI6MML,0,0,ERROR,Microsoft-Windows-Security-SPP,1,false,5,License activation (slui.exe) failed.,"[""windows"",""windows_application""]",60646, , ,windows_eventchannel,log,"Nov 30, 2024 @ 07:50:32.404",EventChannel,1732953032.1834632,"Nov 30, 2024 @ 07:50:32.404", , , , , , , , , , , , , , , , , , , , , , , , , , , , , , , , , , , , , , , , , , , , , , , , , , , , , , , , , , , , , , , , , , , , , , , , , , , , , , , , , , , , , , , , , , , , , , , , , , , , , , , , , , , , , , , , , , , , , , , , , , , , , , , , , , , , , , , , , , , , , , , , , , , , , 
wazuh-alerts-4.x-2024.11.30,3_oMfJMBRlc-D5DF7x4J,1,1,192.168.117.130,wazuh-agent,002,Maryam,"hr=0xC004C003, 00010001(0x00000000, 11:20:31:905 - https://activation-v2.sls.microsoft.com/SLActivateProduct/SLActivateProduct.asmx?configextension=Retail)  00020001(0x00000000, 11:20:31:905)  00030001(0x00000000, 11:20:31:921 - https://activation-v2.sls.microsoft.com)  00030002(0x00000000, 11:20:31:921 - 0)  00040001(0x00000000, 11:20:31:921 - https://activation-v2.sls.microsoft.com)  00040002(0x00000000, 11:20:31:921 - 1, &lt;NULL&gt;, &lt;NULL&gt;, &lt;NULL&gt;)  00050002(0x80072F94, 11:20:31:921 - 0, 1)  00040006(0x00000001, 11:20:31:921 - 0, https://activation-v2.sls.microsoft.com, &lt;N/A&gt;, &lt;N/A&gt;)  00020005(0x00000000, 11:20:31:921 - 0)  0002000C(0x00000000, 11:20:33:796 - 500)  00010002(0x8004FC01, 11:20:33:796 - &lt;?xml version=\""1.0\"" encoding=\""utf-8\""?&gt;&lt;soap:Envelope xmlns:soap=\""http://schemas.xmlsoap.org/soap/envelope/\"" xmlns:xsi=\""http://www.w3.org/2001/XMLSchema-instance\"" xmlns:xsd=\""http://www.w3.org/2001/XMLSchema\""&gt;&lt;soap:Body&gt;&lt;soap:Fault&gt;&lt;faultcode&gt;soap:Server&lt;/faultcode&gt;&lt;faultstring&gt;SoapException&lt;/faultstring&gt;&lt;detail&gt;&lt;HRESULT&gt;0xC004C003&lt;/HRESULT&gt;&lt;Messages&gt;&lt;Message&gt;103 (Activation) - [PA Product key blocked.  ---&amp;gt; Product key blocked]&lt;/Message&gt;&lt;/Messages&gt;&lt;/detail&gt;&lt;/soap:Fault&gt;&lt;/soap:Body&gt;&lt;/soap:Envelope&gt;)  00010003(0x8004FC01, 11:20:33:796)",8200,Software Protection Platform Service,0x80000000000000,{E23B33B0-C8C9-472C-A5F9-F2BDFEA0F156},2,Application,0,"""License acquisition failure details. 
hr=0xC004C003""",0,2024-11-30T07:50:33.796450000Z,1650,0,DESKTOP-FMI6MML,0,0,ERROR,Microsoft-Windows-Security-SPP,1,false,9,Windows application error event.,"[""windows"",""windows_application"",""system_error""]",60602,"[""IV_35.7.d""]","[""4.3""]",windows_eventchannel,log,"Nov 30, 2024 @ 07:50:34.212",EventChannel,1732953034.1836945,"Nov 30, 2024 @ 07:50:34.212", , , , , , , , , , , , , , , , , , , , , , , , , , , , , , , , , , , , , , , , , , , , , , , , , , , , , , , , , , , , , , , , , , , , , , , , , , , , , , , , , , , , , , , , , , , , , , , , , , , , , , , , , , , , , , , , , , , , , , , , , , , , , , , , , , , , , , , , , , , , , , , , , , , , , 
wazuh-alerts-4.x-2024.11.30,2_oMfJMBRlc-D5DFSh72,1,1,192.168.117.130,wazuh-agent,002,Maryam, ,11, ,0x8000000000000000,{5770385F-C22A-43E0-BF4C-06F5698FFBD9},4,Microsoft-Windows-Sysmon/Operational,0,"""File created:
RuleName: ProcessHostingdotNETCode
UtcTime: 2024-11-30 07:49:57.343
ProcessGuid: {D8AF36FB-C3A0-674A-8A00-000000000900}
ProcessId: 4608
Image: C:\Windows\SysWOW64\WindowsPowerShell\v1.0\powershell.exe
TargetFilename: C:\Windows\SysWOW64\config\systemprofile\AppData\Local\Microsoft\CLR_v4.0_32\UsageLogs\powershell.exe.log
CreationUtcTime: 2024-11-07 07:22:31.315
User: NT AUTHORITY\SYSTEM""",2,2024-11-30T07:49:57.345607600Z,50282,4148,DESKTOP-FMI6MML,11,2364,INFORMATION,Microsoft-Windows-Sysmon,1,false,9,Powershell process created executable file in AppData temp folder,"[""sysmon"",""sysmon_eid11_detections"",""windows""]",92204, , ,windows_eventchannel,log,"Nov 30, 2024 @ 07:49:58.765",EventChannel,1732952998.1821228,"Nov 30, 2024 @ 07:49:58.765", , , , , , , , , , , , ,4608, , , , , , , , , , ,"[""Ingress Tool Transfer""]","[""T1105""]","[""Command and Control""]", , , , ,C:\\Windows\\SysWOW64\\WindowsPowerShell\\v1.0\\powershell.exe, , , , , , ,{D8AF36FB-C3A0-674A-8A00-000000000900},2024-11-30 07:49:57.343, ,ProcessHostingdotNETCode, , ,NT AUTHORITY\\SYSTEM, , , , , , , , , , , , , , , , , , , , , , , , , , , , , , , , , , , , ,C:\\Windows\\SysWOW64\\config\\systemprofile\\AppData\\Local\\Microsoft\\CLR_v4.0_32\\UsageLogs\\powershell.exe.log,2024-11-07 07:22:31.315, , , , , , , , , , , , , , , , , , , , , , , , , , , , , , , , , , , , , , , , , , , , , , , , , , , , , , , , , , , , , , , , , , , 
