wazuh-alerts-4.x-2024.11.30,ePr4e5MBRlc-D5DFTR5y,1,1, ,window-agent3,003,Maryam, ,7, ,0x8000000000000000,{5770385F-C22A-43E0-BF4C-06F5698FFBD9},4,Microsoft-Windows-Sysmon/Operational,0,"""Image loaded:
RuleName: technique_id=T1055,technique_name=Process Injection
UtcTime: 2024-11-30 07:28:05.749
ProcessGuid: {15959494-BE85-674A-6506-000000000D00}
ProcessId: 6592
Image: C:\Windows\System32\WindowsPowerShell\v1.0\powershell.exe
ImageLoaded: C:\Windows\Microsoft.NET\Framework64\v4.0.30319\clr.dll
FileVersion: 4.8.4110.0 built by: NET48REL1LAST_B
Description: Microsoft .NET Runtime Common Language Runtime - WorkStation
Product: Microsoft® .NET Framework
Company: Microsoft Corporation
OriginalFileName: clr.dll
Hashes: SHA1=5D56986C5DC5D0A2C001A46F413C8E200BCBEC45,MD5=F2655D1B651AB68ECE2A6DAEDEFBD02E,SHA256=520EF84A66BD87E460DEBAB9B53C2412E993815A775E34856B8309FD7348FBF7,IMPHASH=2BC2B098BC197051D6B424CC7B54426F
Signed: true
Signature: Microsoft Corporation
SignatureStatus: Valid
User: DESKTOP-QGB4EQH\mari""",3,2024-11-30T07:28:05.753799200Z,55247,1760,DESKTOP-QGB4EQH,7,2356,INFORMATION,Microsoft-Windows-Sysmon, ,false,4, ,"[""stats""]",11, , ,windows_eventchannel,log,"Nov 30, 2024 @ 07:28:06.845",EventChannel,1732951686.1401842,"Nov 30, 2024 @ 07:28:06.845", , , , , , , , , , , , ,6592, , , , , , , , , , , , , , , , ,clr.dll,C:\\Windows\\System32\\WindowsPowerShell\\v1.0\\powershell.exe,Microsoft® .NET Framework,Microsoft Corporation,C:\\Windows\\Microsoft.NET\\Framework64\\v4.0.30319\\clr.dll,Microsoft .NET Runtime Common Language Runtime - WorkStation,true,Valid,{15959494-BE85-674A-6506-000000000D00},2024-11-30 07:28:05.749,"SHA1=5D56986C5DC5D0A2C001A46F413C8E200BCBEC45,MD5=F2655D1B651AB68ECE2A6DAEDEFBD02E,SHA256=520EF84A66BD87E460DEBAB9B53C2412E993815A775E34856B8309FD7348FBF7,IMPHASH=2BC2B098BC197051D6B424CC7B54426F","technique_id=T1055,technique_name=Process Injection",Microsoft Corporation,4.8.4110.0 built by: NET48REL1LAST_B,DESKTOP-QGB4EQH\\mari, , , , , , , , , , , , , , , , , , , , , ,The average number of logs between 10:00 and 11:00 is 295. We reached 1546., , , , , , , , , , , , , , , , , , , , , , , , , , , , , , , , , , , , , , , , , , , , , , , , , , , , , , , , , , , , , , , , , , , , , , , , , , , , , , , , , , , 
wazuh-alerts-4.x-2024.11.30,oPoFfJMBRlc-D5DFpx6d,1,1,192.168.117.134,window-agent3,003,Maryam, ,7040,Service Control Manager,0x8080000000000000,{555908d1-a6d7-4695-8e1e-26931d2012f4},4,System,0,"""The start type of the Background Intelligent Transfer Service service was changed from demand start to auto start.""",0,2024-11-30T07:42:35.364951800Z,2062,6132,DESKTOP-QGB4EQH,0,592,INFORMATION,Service Control Manager,2,false,3,Service startup type was changed,"[""windows"",""windows_system"",""policy_changed""]",61104,"[""IV_35.7.d""]", ,windows_eventchannel,log,"Nov 30, 2024 @ 07:42:36.423",EventChannel,1732952556.1553941,"Nov 30, 2024 @ 07:42:36.423", , , , , , , , , , , , , , , , , , , ,"[""164.312.b""]","[""10.6""]","[""CC6.1"",""CC6.8"",""CC7.2"",""CC7.3""]","[""AU.6""]", , , , , , , , , , , , , , , , , , , , , , , , , , , , , , , , , , , , , , , , , , , , , , , , , , , , , , , , , , , , ,Background Intelligent Transfer Service,demand start, , ,auto start,BITS,This does not appear to be logged on Windows 2000, , , , , , , , , , , , , , , , , , , , , , , , , , , , , , , , , , , , , , , , , , , , , , , , , , , , , , , , , , , 
wazuh-alerts-4.x-2024.11.30,rvoHfJMBRlc-D5DFyh55,1,1,192.168.117.134,window-agent3,003,Maryam, ,7040,Service Control Manager,0x8080000000000000,{555908d1-a6d7-4695-8e1e-26931d2012f4},4,System,0,"""The start type of the Background Intelligent Transfer Service service was changed from demand start to auto start.""",0,2024-11-30T07:45:02.844384200Z,2065,6420,DESKTOP-QGB4EQH,0,592,INFORMATION,Service Control Manager,4,false,3,Service startup type was changed,"[""windows"",""windows_system"",""policy_changed""]",61104,"[""IV_35.7.d""]", ,windows_eventchannel,log,"Nov 30, 2024 @ 07:45:03.918",EventChannel,1732952703.1595444,"Nov 30, 2024 @ 07:45:03.918", , , , , , , , , , , , , , , , , , , ,"[""164.312.b""]","[""10.6""]","[""CC6.1"",""CC6.8"",""CC7.2"",""CC7.3""]","[""AU.6""]", , , , , , , , , , , , , , , , , , , , , , , , , , , , , , , , , , , , , , , , , , , , , , , , , , , , , , , , , , , , ,Background Intelligent Transfer Service,demand start, , ,auto start,BITS,This does not appear to be logged on Windows 2000, , , , , , , , , , , , , , , , , , , , , , , , , , , , , , , , , , , , , , , , , , , , , , , , , , , , , , , , , , , 
wazuh-alerts-4.x-2024.11.30,IfoTfJMBRlc-D5DFTB8a,1,1,192.168.117.130,wazuh-agent,002,Maryam, ,4624, ,0x8020000000000000,{54849625-5478-4994-A5BA-3E3B0328C30D},0,Security,0,"""An account was successfully logged on.

Subject:
	Security ID:		S-1-5-18
	Account Name:		DESKTOP-FMI6MML$
	Account Domain:		WORKGROUP
	Logon ID:		0x3E7

Logon Information:
	Logon Type:		5
	Restricted Admin Mode:	-
	Virtual Account:		No
	Elevated Token:		Yes

Impersonation Level:		Impersonation

New Logon:
	Security ID:		S-1-5-18
	Account Name:		SYSTEM
	Account Domain:		NT AUTHORITY
	Logon ID:		0x3E7
	Linked Logon ID:		0x0
	Network Account Name:	-
	Network Account Domain:	-
	Logon GUID:		{00000000-0000-0000-0000-000000000000}

Process Information:
	Process ID:		0x284
	Process Name:		C:\Windows\System32\services.exe

Network Information:
	Workstation Name:	-
	Source Network Address:	-
	Source Port:		-

Detailed Authentication Information:
	Logon Process:		Advapi  
	Authentication Package:	Negotiate
	Transited Services:	-
	Package Name (NTLM only):	-
	Key Length:		0

This event is generated when a logon session is created. It is generated on the computer that was accessed.

The subject fields indicate the account on the local system which requested the logon. This is most commonly a service such as the Server service, or a local process such as Winlogon.exe or Services.exe.

The logon type field indicates the kind of logon that occurred. The most common types are 2 (interactive) and 3 (network).

The New Logon fields indicate the account for whom the new logon was created, i.e. the account that was logged on.

The network fields indicate where a remote logon request originated. Workstation name is not always available and may be left blank in some cases.

The impersonation level field indicates the extent to which a process in the logon session can impersonate.

The authentication information fields provide detailed information about this specific logon request.
	- Logon GUID is a unique identifier that can be used to correlate this event with a KDC event.
	- Transited services indicate which intermediate services have participated in this logon request.
	- Package name indicates which sub-protocol was used among the NTLM protocols.
	- Key length indicates the length of the generated session key. This will be 0 if no session key was requested.""",2,2024-11-30T07:57:36.413131300Z,227777,712,DESKTOP-FMI6MML,12544,660,AUDIT_SUCCESS,Microsoft-Windows-Security-Auditing,11,false,3,Windows logon success.,"[""windows"",""windows_security"",""authentication_success""]",60106,"[""IV_32.2""]","[""7.1"",""7.2""]",windows_eventchannel,log,"Nov 30, 2024 @ 07:57:37.577",EventChannel,1732953457.2059348,"Nov 30, 2024 @ 07:57:37.577",0x3e7,WORKGROUP,0x0,%%1833,Negotiate,0x3e7,Advapi,{00000000-0000-0000-0000-000000000000},SYSTEM,0,%%1842,S-1-5-18,0x284,C:\\Windows\\System32\\services.exe,NT AUTHORITY,S-1-5-18,%%1843,5,DESKTOP-FMI6MML$,"[""164.312.b""]","[""10.2.5""]","[""CC6.8"",""CC7.2"",""CC7.3""]","[""AC.7"",""AU.14""]","[""Valid Accounts""]","[""T1078""]","[""Defense Evasion"",""Persistence"",""Privilege Escalation"",""Initial Access""]", , , , , , , , , , , , , , , , , , , , , , , , , , , , , , , , , , , , , , , , , , , , , , , , , , , , , , , , , , , , , , , , , , , , , , , , , , , , , , , , , , , , , , , , , , , , , , , , , , , , , , , , , , , , , , , , , , , , , , , , , , , 
wazuh-alerts-4.x-2024.11.30,JPoTfJMBRlc-D5DFTB8a,1,1,192.168.117.130,wazuh-agent,002,Maryam,"0, StoreAgentScanForUpdatesFailure0, Not available, 0, Update;, 800704cf, 17134, 165, Windows.Desktop,   \\\\?\\C:\\ProgramData\\Microsoft\\Windows\\WER\\Temp\\WER89A0.tmp.WERInternalMetadata.xml  \\\\?\\C:\\ProgramData\\Microsoft\\Windows\\WER\\Temp\\WER89B1.tmp.xml  \\\\?\\C:\\ProgramData\\Microsoft\\Windows\\WER\\Temp\\WER89DE.tmp.csv  \\\\?\\C:\\ProgramData\\Microsoft\\Windows\\WER\\Temp\\WER89EF.tmp.txt, C:\\ProgramData\\Microsoft\\Windows\\WER\\ReportQueue\\NonCritical_Update;_472d9f7221abece177a292950a88db68b87bb78_00000000_cab_07b389ee, 0, 365a15c1-b61a-4d29-b9af-0885ebec4f07, 4, 0",1001, ,0x80000000000000, ,4,Application, ,"""Fault bucket , type 0
Event Name: StoreAgentScanForUpdatesFailure0
Response: Not available
Cab Id: 0

Problem signature:
P1: Update;
P2: 800704cf
P3: 17134
P4: 165
P5: Windows.Desktop
P6: 
P7: 
P8: 
P9: 
P10: 

Attached files:
\\?\C:\ProgramData\Microsoft\Windows\WER\Temp\WER89A0.tmp.WERInternalMetadata.xml
\\?\C:\ProgramData\Microsoft\Windows\WER\Temp\WER89B1.tmp.xml
\\?\C:\ProgramData\Microsoft\Windows\WER\Temp\WER89DE.tmp.csv
\\?\C:\ProgramData\Microsoft\Windows\WER\Temp\WER89EF.tmp.txt

These files may be available here:
C:\ProgramData\Microsoft\Windows\WER\ReportQueue\NonCritical_Update;_472d9f7221abece177a292950a88db68b87bb78_00000000_cab_07b389ee

Analysis symbol: 
Rechecking for solution: 0
Report Id: 365a15c1-b61a-4d29-b9af-0885ebec4f07
Report Status: 4
Hashed bucket: 
Cab Guid: 0""", ,2024-11-30T07:57:37.171308800Z,1676, ,DESKTOP-FMI6MML,0, ,INFORMATION,Windows Error Reporting,4,false,4,Summary event of the report's signatures.,"[""windows"",""windows_application""]",60608, , ,windows_eventchannel,log,"Nov 30, 2024 @ 07:57:37.920",EventChannel,1732953457.2081320,"Nov 30, 2024 @ 07:57:37.920", , , , , , , , , , , , , , , , , , , , , , , , , , , , , , , , , , , , , , , , , , , , , , , , , , , , , , , , , , , , , , , , , , , , , , , , , , , , , , , , , , , , , , , , , , , , , , , , , , , , , , , , , , , , , , , , , , , , , , , , , , , , , , , , , , , , , , , , , , , , , , , , , , , , , 
wazuh-alerts-4.x-2024.11.30,JfoTfJMBRlc-D5DFTB8a,1,1,192.168.117.130,wazuh-agent,002,Maryam, ,4624, ,0x8020000000000000,{54849625-5478-4994-A5BA-3E3B0328C30D},0,Security,0,"""An account was successfully logged on.

Subject:
	Security ID:		S-1-5-18
	Account Name:		DESKTOP-FMI6MML$
	Account Domain:		WORKGROUP
	Logon ID:		0x3E7

Logon Information:
	Logon Type:		5
	Restricted Admin Mode:	-
	Virtual Account:		No
	Elevated Token:		Yes

Impersonation Level:		Impersonation

New Logon:
	Security ID:		S-1-5-18
	Account Name:		SYSTEM
	Account Domain:		NT AUTHORITY
	Logon ID:		0x3E7
	Linked Logon ID:		0x0
	Network Account Name:	-
	Network Account Domain:	-
	Logon GUID:		{00000000-0000-0000-0000-000000000000}

Process Information:
	Process ID:		0x284
	Process Name:		C:\Windows\System32\services.exe

Network Information:
	Workstation Name:	-
	Source Network Address:	-
	Source Port:		-

Detailed Authentication Information:
	Logon Process:		Advapi  
	Authentication Package:	Negotiate
	Transited Services:	-
	Package Name (NTLM only):	-
	Key Length:		0

This event is generated when a logon session is created. It is generated on the computer that was accessed.

The subject fields indicate the account on the local system which requested the logon. This is most commonly a service such as the Server service, or a local process such as Winlogon.exe or Services.exe.

The logon type field indicates the kind of logon that occurred. The most common types are 2 (interactive) and 3 (network).

The New Logon fields indicate the account for whom the new logon was created, i.e. the account that was logged on.

The network fields indicate where a remote logon request originated. Workstation name is not always available and may be left blank in some cases.

The impersonation level field indicates the extent to which a process in the logon session can impersonate.

The authentication information fields provide detailed information about this specific logon request.
	- Logon GUID is a unique identifier that can be used to correlate this event with a KDC event.
	- Transited services indicate which intermediate services have participated in this logon request.
	- Package name indicates which sub-protocol was used among the NTLM protocols.
	- Key length indicates the length of the generated session key. This will be 0 if no session key was requested.""",2,2024-11-30T07:57:37.099319800Z,227866,1188,DESKTOP-FMI6MML,12544,660,AUDIT_SUCCESS,Microsoft-Windows-Security-Auditing,14,false,3,Windows logon success.,"[""windows"",""windows_security"",""authentication_success""]",60106,"[""IV_32.2""]","[""7.1"",""7.2""]",windows_eventchannel,log,"Nov 30, 2024 @ 07:57:38.046",EventChannel,1732953458.2085257,"Nov 30, 2024 @ 07:57:38.046",0x3e7,WORKGROUP,0x0,%%1833,Negotiate,0x3e7,Advapi,{00000000-0000-0000-0000-000000000000},SYSTEM,0,%%1842,S-1-5-18,0x284,C:\\Windows\\System32\\services.exe,NT AUTHORITY,S-1-5-18,%%1843,5,DESKTOP-FMI6MML$,"[""164.312.b""]","[""10.2.5""]","[""CC6.8"",""CC7.2"",""CC7.3""]","[""AC.7"",""AU.14""]","[""Valid Accounts""]","[""T1078""]","[""Defense Evasion"",""Persistence"",""Privilege Escalation"",""Initial Access""]", , , , , , , , , , , , , , , , , , , , , , , , , , , , , , , , , , , , , , , , , , , , , , , , , , , , , , , , , , , , , , , , , , , , , , , , , , , , , , , , , , , , , , , , , , , , , , , , , , , , , , , , , , , , , , , , , , , , , , , , , , , 
wazuh-alerts-4.x-2024.11.30,GPoPfJMBRlc-D5DFrh8_,1,1,192.168.117.134,window-agent3,003,Maryam, ,11, ,0x8000000000000000,{5770385F-C22A-43E0-BF4C-06F5698FFBD9},4,Microsoft-Windows-Sysmon/Operational,0,"""File created:
RuleName: technique_id=T1059.001,technique_name=PowerShell
UtcTime: 2024-11-30 07:53:36.933
ProcessGuid: {15959494-C480-674A-A806-000000000D00}
ProcessId: 2268
Image: C:\Windows\System32\WindowsPowerShell\v1.0\powershell.exe
TargetFilename: C:\Users\mari\AppData\Local\Temp\__PSScriptPolicyTest_3s4t0h3i.hqx.ps1
CreationUtcTime: 2024-11-30 07:53:36.933
User: DESKTOP-QGB4EQH\mari""",2,2024-11-30T07:53:36.948020600Z,55877,1760,DESKTOP-QGB4EQH,11,2356,INFORMATION,Microsoft-Windows-Sysmon,16,true,15,Executable file dropped in folder commonly used by malware,"[""sysmon"",""sysmon_eid11_detections"",""windows""]",92213, , ,windows_eventchannel,log,"Nov 30, 2024 @ 07:53:38.082",EventChannel,1732953218.2040714,"Nov 30, 2024 @ 07:53:38.082", , , , , , , , , , , , ,2268, , , , , , , , , , ,"[""Ingress Tool Transfer""]","[""T1105""]","[""Command and Control""]", , , , ,C:\\Windows\\System32\\WindowsPowerShell\\v1.0\\powershell.exe, , , , , , ,{15959494-C480-674A-A806-000000000D00},2024-11-30 07:53:36.933, ,"technique_id=T1059.001,technique_name=PowerShell", , ,DESKTOP-QGB4EQH\\mari, , , , , , , , , , , , , , , , , , , , , , , , , , , , , , , , , , , , ,C:\\Users\\mari\\AppData\\Local\\Temp\\__PSScriptPolicyTest_3s4t0h3i.hqx.ps1,2024-11-30 07:53:36.933, , , , , , , , , , , , , , , , , , , , , , , , , , , , , , , , , , , , , , , , , , , , , , , , , , , , , , , , , , , , , , , , , , , 
wazuh-alerts-4.x-2024.11.30,HvoRfJMBRlc-D5DFih_W,1,1,192.168.117.134,window-agent3,003,Maryam, ,11, ,0x8000000000000000,{5770385F-C22A-43E0-BF4C-06F5698FFBD9},4,Microsoft-Windows-Sysmon/Operational,0,"""File created:
RuleName: technique_id=T1059.001,technique_name=PowerShell
UtcTime: 2024-11-30 07:55:38.702
ProcessGuid: {15959494-C4FA-674A-AA06-000000000D00}
ProcessId: 4396
Image: C:\Windows\System32\WindowsPowerShell\v1.0\powershell.exe
TargetFilename: C:\Users\mari\AppData\Local\Temp\__PSScriptPolicyTest_dtzr2wdd.cck.ps1
CreationUtcTime: 2024-11-30 07:55:38.702
User: DESKTOP-QGB4EQH\mari""",2,2024-11-30T07:55:38.717963900Z,55907,1760,DESKTOP-QGB4EQH,11,2356,INFORMATION,Microsoft-Windows-Sysmon,18,true,15,Executable file dropped in folder commonly used by malware,"[""sysmon"",""sysmon_eid11_detections"",""windows""]",92213, , ,windows_eventchannel,log,"Nov 30, 2024 @ 07:55:39.827",EventChannel,1732953339.2050315,"Nov 30, 2024 @ 07:55:39.827", , , , , , , , , , , , ,4396, , , , , , , , , , ,"[""Ingress Tool Transfer""]","[""T1105""]","[""Command and Control""]", , , , ,C:\\Windows\\System32\\WindowsPowerShell\\v1.0\\powershell.exe, , , , , , ,{15959494-C4FA-674A-AA06-000000000D00},2024-11-30 07:55:38.702, ,"technique_id=T1059.001,technique_name=PowerShell", , ,DESKTOP-QGB4EQH\\mari, , , , , , , , , , , , , , , , , , , , , , , , , , , , , , , , , , , , ,C:\\Users\\mari\\AppData\\Local\\Temp\\__PSScriptPolicyTest_dtzr2wdd.cck.ps1,2024-11-30 07:55:38.702, , , , , , , , , , , , , , , , , , , , , , , , , , , , , , , , , , , , , , , , , , , , , , , , , , , , , , , , , , , , , , , , , , , 
wazuh-alerts-4.x-2024.11.30,H_oSfJMBRlc-D5DFYR-z,1,1,192.168.117.134,window-agent3,003,Maryam, ,11, ,0x8000000000000000,{5770385F-C22A-43E0-BF4C-06F5698FFBD9},4,Microsoft-Windows-Sysmon/Operational,0,"""File created:
RuleName: technique_id=T1059.001,technique_name=PowerShell
UtcTime: 2024-11-30 07:56:28.733
ProcessGuid: {15959494-C52C-674A-AB06-000000000D00}
ProcessId: 1104
Image: C:\Windows\System32\WindowsPowerShell\v1.0\powershell.exe
TargetFilename: C:\Users\mari\AppData\Local\Temp\__PSScriptPolicyTest_houn1uot.mfe.ps1
CreationUtcTime: 2024-11-30 07:56:28.733
User: DESKTOP-QGB4EQH\mari""",2,2024-11-30T07:56:28.733843200Z,55922,1760,DESKTOP-QGB4EQH,11,2356,INFORMATION,Microsoft-Windows-Sysmon,19,true,15,Executable file dropped in folder commonly used by malware,"[""sysmon"",""sysmon_eid11_detections"",""windows""]",92213, , ,windows_eventchannel,log,"Nov 30, 2024 @ 07:56:29.862",EventChannel,1732953389.2053326,"Nov 30, 2024 @ 07:56:29.862", , , , , , , , , , , , ,1104, , , , , , , , , , ,"[""Ingress Tool Transfer""]","[""T1105""]","[""Command and Control""]", , , , ,C:\\Windows\\System32\\WindowsPowerShell\\v1.0\\powershell.exe, , , , , , ,{15959494-C52C-674A-AB06-000000000D00},2024-11-30 07:56:28.733, ,"technique_id=T1059.001,technique_name=PowerShell", , ,DESKTOP-QGB4EQH\\mari, , , , , , , , , , , , , , , , , , , , , , , , , , , , , , , , , , , , ,C:\\Users\\mari\\AppData\\Local\\Temp\\__PSScriptPolicyTest_houn1uot.mfe.ps1,2024-11-30 07:56:28.733, , , , , , , , , , , , , , , , , , , , , , , , , , , , , , , , , , , , , , , , , , , , , , , , , , , , , , , , , , , , , , , , , , , 
wazuh-alerts-4.x-2024.11.30,KfoUfJMBRlc-D5DFJh_c,1,1,192.168.117.134,window-agent3,003,Maryam, ,11, ,0x8000000000000000,{5770385F-C22A-43E0-BF4C-06F5698FFBD9},4,Microsoft-Windows-Sysmon/Operational,0,"""File created:
RuleName: technique_id=T1059.001,technique_name=PowerShell
UtcTime: 2024-11-30 07:58:29.826
ProcessGuid: {15959494-C5A5-674A-AF06-000000000D00}
ProcessId: 4968
Image: C:\Windows\System32\WindowsPowerShell\v1.0\powershell.exe
TargetFilename: C:\Users\mari\AppData\Local\Temp\__PSScriptPolicyTest_bg5lxin3.k5l.ps1
CreationUtcTime: 2024-11-30 07:58:29.826
User: DESKTOP-QGB4EQH\mari""",2,2024-11-30T07:58:29.827556500Z,55969,1760,DESKTOP-QGB4EQH,11,2356,INFORMATION,Microsoft-Windows-Sysmon,22,true,15,Executable file dropped in folder commonly used by malware,"[""sysmon"",""sysmon_eid11_detections"",""windows""]",92213, , ,windows_eventchannel,log,"Nov 30, 2024 @ 07:58:30.982",EventChannel,1732953510.2101362,"Nov 30, 2024 @ 07:58:30.982", , , , , , , , , , , , ,4968, , , , , , , , , , ,"[""Ingress Tool Transfer""]","[""T1105""]","[""Command and Control""]", , , , ,C:\\Windows\\System32\\WindowsPowerShell\\v1.0\\powershell.exe, , , , , , ,{15959494-C5A5-674A-AF06-000000000D00},2024-11-30 07:58:29.826, ,"technique_id=T1059.001,technique_name=PowerShell", , ,DESKTOP-QGB4EQH\\mari, , , , , , , , , , , , , , , , , , , , , , , , , , , , , , , , , , , , ,C:\\Users\\mari\\AppData\\Local\\Temp\\__PSScriptPolicyTest_bg5lxin3.k5l.ps1,2024-11-30 07:58:29.826, , , , , , , , , , , , , , , , , , , , , , , , , , , , , , , , , , , , , , , , , , , , , , , , , , , , , , , , , , , , , , , , , , , 
wazuh-alerts-4.x-2024.11.30,G_oQfJMBRlc-D5DFsx_8,1,1,192.168.117.134,window-agent3,003,Maryam, ,11, ,0x8000000000000000,{5770385F-C22A-43E0-BF4C-06F5698FFBD9},4,Microsoft-Windows-Sysmon/Operational,0,"""File created:
RuleName: technique_id=T1059.001,technique_name=PowerShell
UtcTime: 2024-11-30 07:54:39.662
ProcessGuid: {15959494-C4BF-674A-A906-000000000D00}
ProcessId: 756
Image: C:\Windows\System32\WindowsPowerShell\v1.0\powershell.exe
TargetFilename: C:\Users\mari\AppData\Local\Temp\__PSScriptPolicyTest_1rhcrde1.gl2.ps1
CreationUtcTime: 2024-11-30 07:54:39.662
User: DESKTOP-QGB4EQH\mari""",2,2024-11-30T07:54:39.668698500Z,55892,1760,DESKTOP-QGB4EQH,11,2356,INFORMATION,Microsoft-Windows-Sysmon,17,true,15,Executable file dropped in folder commonly used by malware,"[""sysmon"",""sysmon_eid11_detections"",""windows""]",92213, , ,windows_eventchannel,log,"Nov 30, 2024 @ 07:54:40.794",EventChannel,1732953280.2047308,"Nov 30, 2024 @ 07:54:40.794", , , , , , , , , , , , ,756, , , , , , , , , , ,"[""Ingress Tool Transfer""]","[""T1105""]","[""Command and Control""]", , , , ,C:\\Windows\\System32\\WindowsPowerShell\\v1.0\\powershell.exe, , , , , , ,{15959494-C4BF-674A-A906-000000000D00},2024-11-30 07:54:39.662, ,"technique_id=T1059.001,technique_name=PowerShell", , ,DESKTOP-QGB4EQH\\mari, , , , , , , , , , , , , , , , , , , , , , , , , , , , , , , , , , , , ,C:\\Users\\mari\\AppData\\Local\\Temp\\__PSScriptPolicyTest_1rhcrde1.gl2.ps1,2024-11-30 07:54:39.662, , , , , , , , , , , , , , , , , , , , , , , , , , , , , , , , , , , , , , , , , , , , , , , , , , , , , , , , , , , , , , , , , , , 
wazuh-alerts-4.x-2024.11.30,FfoPfJMBRlc-D5DFJR-F,1,1,192.168.117.130,wazuh-agent,002,Maryam, ,11, ,0x8000000000000000,{5770385F-C22A-43E0-BF4C-06F5698FFBD9},4,Microsoft-Windows-Sysmon/Operational,0,"""File created:
RuleName: EXE
UtcTime: 2024-11-30 07:53:00.671
ProcessGuid: {D8AF36FB-C38F-674A-1400-000000000900}
ProcessId: 516
Image: C:\Windows\system32\svchost.exe
TargetFilename: C:\Windows\SoftwareDistribution\Download\Install\AM_Delta.exe
CreationUtcTime: 2024-11-30 07:53:00.671
User: NT AUTHORITY\SYSTEM""",2,2024-11-30T07:53:00.674337700Z,50391,4148,DESKTOP-FMI6MML,11,2364,INFORMATION,Microsoft-Windows-Sysmon,29,false,6,Executable dropped in Windows root folder,"[""sysmon"",""sysmon_eid11_detections"",""windows""]",92217, , ,windows_eventchannel,log,"Nov 30, 2024 @ 07:53:01.311",EventChannel,1732953181.2026255,"Nov 30, 2024 @ 07:53:01.311", , , , , , , , , , , , ,516, , , , , , , , , , ,"[""Lateral Tool Transfer""]","[""T1570""]","[""Lateral Movement""]", , , , ,C:\\Windows\\system32\\svchost.exe, , , , , , ,{D8AF36FB-C38F-674A-1400-000000000900},2024-11-30 07:53:00.671, ,EXE, , ,NT AUTHORITY\\SYSTEM, , , , , , , , , , , , , , , , , , , , , , , , , , , , , , , , , , , , ,C:\\Windows\\SoftwareDistribution\\Download\\Install\\AM_Delta.exe,2024-11-30 07:53:00.671, , , , , , , , , , , , , , , , , , , , , , , , , , , , , , , , , , , , , , , , , , , , , , , , , , , , , , , , , , , , , , , , , , , 
wazuh-alerts-4.x-2024.11.30,GvoQfJMBRlc-D5DFUh9V,1,1,192.168.117.134,window-agent3,003,Maryam, ,1014, ,0x4000000010000000,{1C95126E-7EEA-49A9-A3FE-A378B03DDB4D},3,System,0,"""Name resolution for the name wpad timed out after none of the configured DNS servers responded.""",0,2024-11-30T07:54:13.503183800Z,2067,1680,DESKTOP-QGB4EQH,1014,1384,WARNING,Microsoft-Windows-DNS-Client,3,false,5,Name resolution for the name wpad timed out,"[""windows"",""windows_system""]",61109, , ,windows_eventchannel,log,"Nov 30, 2024 @ 07:54:14.577",EventChannel,1732953254.2045320,"Nov 30, 2024 @ 07:54:14.577", , , , , , , , , , , , , , , , , , , , , , , , , , ,128,02000000C0A87502000000000000000000000000000000000000000000000000000000000000000000000000000000000000000000000000000000000000000000000000000000000000000000000000000000000000000000000000000000000000000000000000000000000000000000000000000000000000000000000000,wpad, , , , , , , , , , , , , , , , , , , , , , , , , , , , , , , , , , , , , , , , , , , , , , , , , , , , , , , , , , , , , , , , , , , , , , , , , , , , , , , , , , , , , , , , , , , , , , , , , , , , , , , , , , , , , , , , , , , , , , , , 
wazuh-alerts-4.x-2024.11.30,GfoPfJMBRlc-D5DFyR-Y,1,1,192.168.117.130,wazuh-agent,002,Maryam,"2024-12-01T07:49:45Z, RulesEngine",16384,Software Protection Platform Service,0x80000000000000,{E23B33B0-C8C9-472C-A5F9-F2BDFEA0F156},4,Application,0,"""Successfully scheduled Software Protection service for re-start at 2024-12-01T07:49:45Z. Reason: RulesEngine.""",0,2024-11-30T07:53:45.655714200Z,1674,0,DESKTOP-FMI6MML,0,0,INFORMATION,Microsoft-Windows-Security-SPP,3,false,3,Software protection service scheduled successfully.,"[""windows"",""windows_application""]",60642, , ,windows_eventchannel,log,"Nov 30, 2024 @ 07:53:46.124",EventChannel,1732953226.2043725,"Nov 30, 2024 @ 07:53:46.124", , , , , , , , , , , , , , , , , , , , , , , , , , , , , , , , , , , , , , , , , , , , , , , , , , , , , , , , , , , , , , , , , , , , , , , , , , , , , , , , , , , , , , , , , , , , , , , , , , , , , , , , , , , , , , , , , , , , , , , , , , , , , , , , , , , , , , , , , , , , , , , , , , , , , 
wazuh-alerts-4.x-2024.11.30,K_oVfJMBRlc-D5DFJB_Z,1,1,192.168.117.130,wazuh-agent,002,Maryam, ,4624, ,0x8020000000000000,{54849625-5478-4994-A5BA-3E3B0328C30D},0,Security,0,"""An account was successfully logged on.

Subject:
	Security ID:		S-1-5-18
	Account Name:		DESKTOP-FMI6MML$
	Account Domain:		WORKGROUP
	Logon ID:		0x3E7

Logon Information:
	Logon Type:		5
	Restricted Admin Mode:	-
	Virtual Account:		No
	Elevated Token:		Yes

Impersonation Level:		Impersonation

New Logon:
	Security ID:		S-1-5-18
	Account Name:		SYSTEM
	Account Domain:		NT AUTHORITY
	Logon ID:		0x3E7
	Linked Logon ID:		0x0
	Network Account Name:	-
	Network Account Domain:	-
	Logon GUID:		{00000000-0000-0000-0000-000000000000}

Process Information:
	Process ID:		0x284
	Process Name:		C:\Windows\System32\services.exe

Network Information:
	Workstation Name:	-
	Source Network Address:	-
	Source Port:		-

Detailed Authentication Information:
	Logon Process:		Advapi  
	Authentication Package:	Negotiate
	Transited Services:	-
	Package Name (NTLM only):	-
	Key Length:		0

This event is generated when a logon session is created. It is generated on the computer that was accessed.

The subject fields indicate the account on the local system which requested the logon. This is most commonly a service such as the Server service, or a local process such as Winlogon.exe or Services.exe.

The logon type field indicates the kind of logon that occurred. The most common types are 2 (interactive) and 3 (network).

The New Logon fields indicate the account for whom the new logon was created, i.e. the account that was logged on.

The network fields indicate where a remote logon request originated. Workstation name is not always available and may be left blank in some cases.

The impersonation level field indicates the extent to which a process in the logon session can impersonate.

The authentication information fields provide detailed information about this specific logon request.
	- Logon GUID is a unique identifier that can be used to correlate this event with a KDC event.
	- Transited services indicate which intermediate services have participated in this logon request.
	- Package name indicates which sub-protocol was used among the NTLM protocols.
	- Key length indicates the length of the generated session key. This will be 0 if no session key was requested.""",2,2024-11-30T07:59:37.830687300Z,228136,1188,DESKTOP-FMI6MML,12544,660,AUDIT_SUCCESS,Microsoft-Windows-Security-Auditing,15,false,3,Windows logon success.,"[""windows"",""windows_security"",""authentication_success""]",60106,"[""IV_32.2""]","[""7.1"",""7.2""]",windows_eventchannel,log,"Nov 30, 2024 @ 07:59:38.686",EventChannel,1732953578.2107384,"Nov 30, 2024 @ 07:59:38.686",0x3e7,WORKGROUP,0x0,%%1833,Negotiate,0x3e7,Advapi,{00000000-0000-0000-0000-000000000000},SYSTEM,0,%%1842,S-1-5-18,0x284,C:\\Windows\\System32\\services.exe,NT AUTHORITY,S-1-5-18,%%1843,5,DESKTOP-FMI6MML$,"[""164.312.b""]","[""10.2.5""]","[""CC6.8"",""CC7.2"",""CC7.3""]","[""AC.7"",""AU.14""]","[""Valid Accounts""]","[""T1078""]","[""Defense Evasion"",""Persistence"",""Privilege Escalation"",""Initial Access""]", , , , , , , , , , , , , , , , , , , , , , , , , , , , , , , , , , , , , , , , , , , , , , , , , , , , , , , , , , , , , , , , , , , , , , , , , , , , , , , , , , , , , , , , , , , , , , , , , , , , , , , , , , , , , , , , , , , , , , , , , , , 
wazuh-alerts-4.x-2024.11.30,LPoVfJMBRlc-D5DFJB_Z,1,1,192.168.117.130,wazuh-agent,002,Maryam,"svchost, 1068,P,98, DS_Token_DB:, 0, 10, 00, 17134, 0000",102, ,0x80000000000000, ,4,Application, ,"""svchost (1068,P,98) DS_Token_DB: The database engine (10.00.17134.0000) is starting a new instance (0).""", ,2024-11-30T07:59:39.211116300Z,1679, ,DESKTOP-FMI6MML,1, ,INFORMATION,ESENT,2,false,3,The database engine is starting a new instance.,"[""windows"",""windows_application""]",60805, , ,windows_eventchannel,log,"Nov 30, 2024 @ 07:59:39.620",EventChannel,1732953579.2114710,"Nov 30, 2024 @ 07:59:39.620", , , , , , , , , , , , , , , , , , , , , , , , , , , , , , , , , , , , , , , , , , , , , , , , , , , , , , , , , , , , , , , , , , , , , , , , , , , , , , , , , , , , , , , , , , , , , , , , , , , , , , , , , , , , , , , , , , , , , , , , , , , , , , , , , , , , , , , , , , , , , , , , , , , , , 
wazuh-alerts-4.x-2024.11.30,LvoVfJMBRlc-D5DFJB_Z,1,1,192.168.117.130,wazuh-agent,002,Maryam,"svchost, 1068,R,98, DS_Token_DB:, C:\\Windows\\system32\\config\\systemprofile\\AppData\\Local\\DataSharing\\Storage\\DSS.log",301, ,0x80000000000000, ,4,Application, ,"""svchost (1068,R,98) DS_Token_DB: The database engine has begun replaying logfile C:\Windows\system32\config\systemprofile\AppData\Local\DataSharing\Storage\DSS.log. 
 
Previous Log Processing Stats: """, ,2024-11-30T07:59:39.211116300Z,1682, ,DESKTOP-FMI6MML,3, ,INFORMATION,ESENT,1,false,3,The database engine is replaying log file C:\Winnt\system32\wins\j50.log.,"[""windows"",""windows_application""]",60808, , ,windows_eventchannel,log,"Nov 30, 2024 @ 07:59:39.661",EventChannel,1732953579.2116984,"Nov 30, 2024 @ 07:59:39.661", , , , , , , , , , , , , , , , , , , , , , , , , , , , , , , , , , , , , , , , , , , , , , , , , , , , , , , , , , , , , , , , , , , , , , , , , , , , , , , , , , , , , , , , , , , , , , , , , , , , , , , , , , , , , , , , , , , , , , , , , , , , , , , , , , , , , , , , , , , , , , , , , , , , , 
wazuh-alerts-4.x-2024.11.30,MPoVfJMBRlc-D5DFKB-w,1,1,192.168.117.130,wazuh-agent,002,Maryam,"svchost, 1068,D,50, DS_Token_DB:, 1, C:\\Windows\\system32\\config\\systemprofile\\AppData\\Local\\DataSharing\\Storage\\DSTokenDB2.dat, 0,  [1] 0.000001 +J(0) [2] 0.000477 +J(0) +M(C:0K, Fs:17, WS:4K # 0K, PF:4K # 0K, P:4K) [3] 0.002770 +J(CM:0, PgRf:0, Rd:0/0, Dy:0/0, Lg:3480/2) +M(C:0K, Fs:8, WS:28K # 0K, PF:24K # 0K, P:24K) [4] 0.000350 +J(0) [5] - [6] - [7] 0.000656 -0.000453 (1) CM +J(CM:1, PgRf:2, Rd:4/0, Dy:0/0, Lg:0/0) +M(C:8K, Fs:4, WS:16K # 0K, PF:8K # 0K, P:8K) [8] 0.001277 -0.001045 (7) CM +J(CM:7, PgRf:23, Rd:0/7, Dy:0/0, Lg:0/0) +M(C:0K, Fs:30, WS:120K # 0K, PF:196K # 164K, P:196K) [9] 0.000518 -0.000437 (3) CM +J(CM:3, PgRf:40, Rd:0/3, Dy:0/0, Lg:0/0) +M(C:0K, Fs:4, WS:12K # 0K, PF:68K # 68K, P:68K) [10] 0.000095 -0.000081 (1) CM +J(CM:1, PgRf:1, Rd:0/1, Dy:0/0, Lg:0/0) +M(C:0K, Fs:1, WS:4K # 0K, PF:0K # 0K, P:0K) [11] 0.000026 +J(CM:0, PgRf:42, Rd:0/0, Dy:0/0, Lg:0/0) +M(C:0K, Fs:4, WS:16K # 0K, PF:0K # 0K, P:0K) [12] 0.0 +J(0) [13] 0.0 +J(0) [14] 0.000003 +J(CM:0, PgRf:1, Rd:0/0, Dy:0/0, Lg:0/0)., 1 0, lgposAttach = 00000002:0008:0268",326, ,0x80000000000000, ,4,Application, ,"""svchost (1068,D,50) DS_Token_DB: The database engine attached a database (1, C:\Windows\system32\config\systemprofile\AppData\Local\DataSharing\Storage\DSTokenDB2.dat). (Time=0 seconds) 
 
Saved Cache: 1 0 
Additional Data: lgposAttach = 00000002:0008:0268 
 
Internal Timing Sequence: 
[1] 0.000001 +J(0)
[2] 0.000477 +J(0) +M(C:0K, Fs:17, WS:4K # 0K, PF:4K # 0K, P:4K)
[3] 0.002770 +J(CM:0, PgRf:0, Rd:0/0, Dy:0/0, Lg:3480/2) +M(C:0K, Fs:8, WS:28K # 0K, PF:24K # 0K, P:24K)
[4] 0.000350 +J(0)
[5] -
[6] -
[7] 0.000656 -0.000453 (1) CM +J(CM:1, PgRf:2, Rd:4/0, Dy:0/0, Lg:0/0) +M(C:8K, Fs:4, WS:16K # 0K, PF:8K # 0K, P:8K)
[8] 0.001277 -0.001045 (7) CM +J(CM:7, PgRf:23, Rd:0/7, Dy:0/0, Lg:0/0) +M(C:0K, Fs:30, WS:120K # 0K, PF:196K # 164K, P:196K)
[9] 0.000518 -0.000437 (3) CM +J(CM:3, PgRf:40, Rd:0/3, Dy:0/0, Lg:0/0) +M(C:0K, Fs:4, WS:12K # 0K, PF:68K # 68K, P:68K)
[10] 0.000095 -0.000081 (1) CM +J(CM:1, PgRf:1, Rd:0/1, Dy:0/0, Lg:0/0) +M(C:0K, Fs:1, WS:4K # 0K, PF:0K # 0K, P:0K)
[11] 0.000026 +J(CM:0, PgRf:42, Rd:0/0, Dy:0/0, Lg:0/0) +M(C:0K, Fs:4, WS:16K # 0K, PF:0K # 0K, P:0K)
[12] 0.0 +J(0)
[13] 0.0 +J(0)
[14] 0.000003 +J(CM:0, PgRf:1, Rd:0/0, Dy:0/0, Lg:0/0).""", ,2024-11-30T07:59:39.273517200Z,1685, ,DESKTOP-FMI6MML,1, ,INFORMATION,ESENT,2,false,3,The database engine attached a database.,"[""windows"",""windows_application""]",60798, , ,windows_eventchannel,log,"Nov 30, 2024 @ 07:59:39.696",EventChannel,1732953579.2119675,"Nov 30, 2024 @ 07:59:39.696", , , , , , , , , , , , , , , , , , , , , , , , , , , , , , , , , , , , , , , , , , , , , , , , , , , , , , , , , , , , , , , , , , , , , , , , , , , , , , , , , , , , , , , , , , , , , , , , , , , , , , , , , , , , , , , , , , , , , , , , , , , , , , , , , , , , , , , , , , , , , , , , , , , , , 
wazuh-alerts-4.x-2024.11.30,MvoVfJMBRlc-D5DFLB-Y,1,1,192.168.117.130,wazuh-agent,002,Maryam, ,7040,Service Control Manager,0x8080000000000000,{555908d1-a6d7-4695-8e1e-26931d2012f4},4,System,0,"""The start type of the Windows Modules Installer service was changed from demand start to auto start.""",0,2024-11-30T07:59:38.655812700Z,1773,404,DESKTOP-FMI6MML,0,644,INFORMATION,Service Control Manager,5,false,3,Service startup type was changed,"[""windows"",""windows_system"",""policy_changed""]",61104,"[""IV_35.7.d""]", ,windows_eventchannel,log,"Nov 30, 2024 @ 07:59:40.806",EventChannel,1732953580.2132402,"Nov 30, 2024 @ 07:59:40.806", , , , , , , , , , , , , , , , , , , ,"[""164.312.b""]","[""10.6""]","[""CC6.1"",""CC6.8"",""CC7.2"",""CC7.3""]","[""AU.6""]", , , , , , , , , , , , , , , , , , , , , , , , , , , , , , , , , , , , , , , , , , , , , , , , , , , , , , , , , , , , ,Windows Modules Installer,demand start, , ,auto start,TrustedInstaller,This does not appear to be logged on Windows 2000, , , , , , , , , , , , , , , , , , , , , , , , , , , , , , , , , , , , , , , , , , , , , , , , , , , , , , , , , , , 
wazuh-alerts-4.x-2024.11.30,M_oVfJMBRlc-D5DFLB-Y,1,1,192.168.117.130,wazuh-agent,002,Maryam, ,7040,Service Control Manager,0x8080000000000000,{555908d1-a6d7-4695-8e1e-26931d2012f4},4,System,0,"""The start type of the Windows Modules Installer service was changed from auto start to demand start.""",0,2024-11-30T07:59:38.718078500Z,1774,404,DESKTOP-FMI6MML,0,644,INFORMATION,Service Control Manager,6,false,3,Service startup type was changed,"[""windows"",""windows_system"",""policy_changed""]",61104,"[""IV_35.7.d""]", ,windows_eventchannel,log,"Nov 30, 2024 @ 07:59:40.829",EventChannel,1732953580.2134200,"Nov 30, 2024 @ 07:59:40.829", , , , , , , , , , , , , , , , , , , ,"[""164.312.b""]","[""10.6""]","[""CC6.1"",""CC6.8"",""CC7.2"",""CC7.3""]","[""AU.6""]", , , , , , , , , , , , , , , , , , , , , , , , , , , , , , , , , , , , , , , , , , , , , , , , , , , , , , , , , , , , ,Windows Modules Installer,auto start, , ,demand start,TrustedInstaller,This does not appear to be logged on Windows 2000, , , , , , , , , , , , , , , , , , , , , , , , , , , , , , , , , , , , , , , , , , , , , , , , , , , , , , , , , , , 
wazuh-alerts-4.x-2024.11.30,NPoVfJMBRlc-D5DFLB-Y,1,1,192.168.117.130,wazuh-agent,002,Maryam, ,7040,Service Control Manager,0x8080000000000000,{555908d1-a6d7-4695-8e1e-26931d2012f4},4,System,0,"""The start type of the Windows Modules Installer service was changed from demand start to auto start.""",0,2024-11-30T07:59:38.733712500Z,1775,404,DESKTOP-FMI6MML,0,644,INFORMATION,Service Control Manager,7,false,3,Service startup type was changed,"[""windows"",""windows_system"",""policy_changed""]",61104,"[""IV_35.7.d""]", ,windows_eventchannel,log,"Nov 30, 2024 @ 07:59:40.876",EventChannel,1732953580.2135998,"Nov 30, 2024 @ 07:59:40.876", , , , , , , , , , , , , , , , , , , ,"[""164.312.b""]","[""10.6""]","[""CC6.1"",""CC6.8"",""CC7.2"",""CC7.3""]","[""AU.6""]", , , , , , , , , , , , , , , , , , , , , , , , , , , , , , , , , , , , , , , , , , , , , , , , , , , , , , , , , , , , ,Windows Modules Installer,demand start, , ,auto start,TrustedInstaller,This does not appear to be logged on Windows 2000, , , , , , , , , , , , , , , , , , , , , , , , , , , , , , , , , , , , , , , , , , , , , , , , , , , , , , , , , , , 
wazuh-alerts-4.x-2024.11.30,R_oXfJMBRlc-D5DFAR9j,1,1,192.168.117.130,wazuh-agent,002,Maryam, ,4624, ,0x8020000000000000,{54849625-5478-4994-A5BA-3E3B0328C30D},0,Security,0,"""An account was successfully logged on.

Subject:
	Security ID:		S-1-5-18
	Account Name:		DESKTOP-FMI6MML$
	Account Domain:		WORKGROUP
	Logon ID:		0x3E7

Logon Information:
	Logon Type:		5
	Restricted Admin Mode:	-
	Virtual Account:		No
	Elevated Token:		Yes

Impersonation Level:		Impersonation

New Logon:
	Security ID:		S-1-5-18
	Account Name:		SYSTEM
	Account Domain:		NT AUTHORITY
	Logon ID:		0x3E7
	Linked Logon ID:		0x0
	Network Account Name:	-
	Network Account Domain:	-
	Logon GUID:		{00000000-0000-0000-0000-000000000000}

Process Information:
	Process ID:		0x284
	Process Name:		C:\Windows\System32\services.exe

Network Information:
	Workstation Name:	-
	Source Network Address:	-
	Source Port:		-

Detailed Authentication Information:
	Logon Process:		Advapi  
	Authentication Package:	Negotiate
	Transited Services:	-
	Package Name (NTLM only):	-
	Key Length:		0

This event is generated when a logon session is created. It is generated on the computer that was accessed.

The subject fields indicate the account on the local system which requested the logon. This is most commonly a service such as the Server service, or a local process such as Winlogon.exe or Services.exe.

The logon type field indicates the kind of logon that occurred. The most common types are 2 (interactive) and 3 (network).

The New Logon fields indicate the account for whom the new logon was created, i.e. the account that was logged on.

The network fields indicate where a remote logon request originated. Workstation name is not always available and may be left blank in some cases.

The impersonation level field indicates the extent to which a process in the logon session can impersonate.

The authentication information fields provide detailed information about this specific logon request.
	- Logon GUID is a unique identifier that can be used to correlate this event with a KDC event.
	- Transited services indicate which intermediate services have participated in this logon request.
	- Package name indicates which sub-protocol was used among the NTLM protocols.
	- Key length indicates the length of the generated session key. This will be 0 if no session key was requested.""",2,2024-11-30T08:01:39.836998900Z,228557,712,DESKTOP-FMI6MML,12544,660,AUDIT_SUCCESS,Microsoft-Windows-Security-Auditing,17,false,3,Windows logon success.,"[""windows"",""windows_security"",""authentication_success""]",60106,"[""IV_32.2""]","[""7.1"",""7.2""]",windows_eventchannel,log,"Nov 30, 2024 @ 08:01:41.241",EventChannel,1732953701.2187106,"Nov 30, 2024 @ 08:01:41.241",0x3e7,WORKGROUP,0x0,%%1833,Negotiate,0x3e7,Advapi,{00000000-0000-0000-0000-000000000000},SYSTEM,0,%%1842,S-1-5-18,0x284,C:\\Windows\\System32\\services.exe,NT AUTHORITY,S-1-5-18,%%1843,5,DESKTOP-FMI6MML$,"[""164.312.b""]","[""10.2.5""]","[""CC6.8"",""CC7.2"",""CC7.3""]","[""AC.7"",""AU.14""]","[""Valid Accounts""]","[""T1078""]","[""Defense Evasion"",""Persistence"",""Privilege Escalation"",""Initial Access""]", , , , , , , , , , , , , , , , , , , , , , , , , , , , , , , , , , , , , , , , , , , , , , , , , , , , , , , , , , , , , , , , , , , , , , , , , , , , , , , , , , , , , , , , , , , , , , , , , , , , , , , , , , , , , , , , , , , , , , , , , , , 
wazuh-alerts-4.x-2024.11.30,Y_oZfJMBRlc-D5DF1B8X,1,1,192.168.117.130,wazuh-agent,002,Maryam, ,4624, ,0x8020000000000000,{54849625-5478-4994-A5BA-3E3B0328C30D},0,Security,0,"""An account was successfully logged on.

Subject:
	Security ID:		S-1-5-18
	Account Name:		DESKTOP-FMI6MML$
	Account Domain:		WORKGROUP
	Logon ID:		0x3E7

Logon Information:
	Logon Type:		5
	Restricted Admin Mode:	-
	Virtual Account:		No
	Elevated Token:		Yes

Impersonation Level:		Impersonation

New Logon:
	Security ID:		S-1-5-18
	Account Name:		SYSTEM
	Account Domain:		NT AUTHORITY
	Logon ID:		0x3E7
	Linked Logon ID:		0x0
	Network Account Name:	-
	Network Account Domain:	-
	Logon GUID:		{00000000-0000-0000-0000-000000000000}

Process Information:
	Process ID:		0x284
	Process Name:		C:\Windows\System32\services.exe

Network Information:
	Workstation Name:	-
	Source Network Address:	-
	Source Port:		-

Detailed Authentication Information:
	Logon Process:		Advapi  
	Authentication Package:	Negotiate
	Transited Services:	-
	Package Name (NTLM only):	-
	Key Length:		0

This event is generated when a logon session is created. It is generated on the computer that was accessed.

The subject fields indicate the account on the local system which requested the logon. This is most commonly a service such as the Server service, or a local process such as Winlogon.exe or Services.exe.

The logon type field indicates the kind of logon that occurred. The most common types are 2 (interactive) and 3 (network).

The New Logon fields indicate the account for whom the new logon was created, i.e. the account that was logged on.

The network fields indicate where a remote logon request originated. Workstation name is not always available and may be left blank in some cases.

The impersonation level field indicates the extent to which a process in the logon session can impersonate.

The authentication information fields provide detailed information about this specific logon request.
	- Logon GUID is a unique identifier that can be used to correlate this event with a KDC event.
	- Transited services indicate which intermediate services have participated in this logon request.
	- Package name indicates which sub-protocol was used among the NTLM protocols.
	- Key length indicates the length of the generated session key. This will be 0 if no session key was requested.""",2,2024-11-30T08:04:38.304638200Z,238092,1188,DESKTOP-FMI6MML,12544,660,AUDIT_SUCCESS,Microsoft-Windows-Security-Auditing,21,false,3,Windows logon success.,"[""windows"",""windows_security"",""authentication_success""]",60106,"[""IV_32.2""]","[""7.1"",""7.2""]",windows_eventchannel,log,"Nov 30, 2024 @ 08:04:39.227",EventChannel,1732953879.2274548,"Nov 30, 2024 @ 08:04:39.227",0x3e7,WORKGROUP,0x0,%%1833,Negotiate,0x3e7,Advapi,{00000000-0000-0000-0000-000000000000},SYSTEM,0,%%1842,S-1-5-18,0x284,C:\\Windows\\System32\\services.exe,NT AUTHORITY,S-1-5-18,%%1843,5,DESKTOP-FMI6MML$,"[""164.312.b""]","[""10.2.5""]","[""CC6.8"",""CC7.2"",""CC7.3""]","[""AC.7"",""AU.14""]","[""Valid Accounts""]","[""T1078""]","[""Defense Evasion"",""Persistence"",""Privilege Escalation"",""Initial Access""]", , , , , , , , , , , , , , , , , , , , , , , , , , , , , , , , , , , , , , , , , , , , , , , , , , , , , , , , , , , , , , , , , , , , , , , , , , , , , , , , , , , , , , , , , , , , , , , , , , , , , , , , , , , , , , , , , , , , , , , , , , , 
wazuh-alerts-4.x-2024.11.30,QPoWfJMBRlc-D5DFvh_5,1,1,192.168.117.130,wazuh-agent,002,Maryam, ,1, ,0x8000000000000000,{5770385F-C22A-43E0-BF4C-06F5698FFBD9},4,Microsoft-Windows-Sysmon/Operational,0,"""Process Create:
RuleName: -
UtcTime: 2024-11-30 08:01:15.349
ProcessGuid: {D8AF36FB-C64B-674A-5401-000000000900}
ProcessId: 392
Image: C:\Windows\System32\cmd.exe
FileVersion: 10.0.17134.1 (WinBuild.160101.0800)
Description: Windows Command Processor
Product: Microsoft® Windows® Operating System
Company: Microsoft Corporation
OriginalFileName: Cmd.Exe
CommandLine: C:\Windows\system32\cmd.exe /c %%WINDIR%%\System32\WinBioPlugins\FaceFodUninstaller.exe /e
CurrentDirectory: C:\Windows\system32\
User: NT AUTHORITY\SYSTEM
LogonGuid: {D8AF36FB-C38E-674A-E703-000000000000}
LogonId: 0x3E7
TerminalSessionId: 0
IntegrityLevel: System
Hashes: MD5=4E2ACF4F8A396486AB4268C94A6A245F,SHA256=9A7C58BD98D70631AA1473F7B57B426DB367D72429A5455B433A05EE251F3236,IMPHASH=8542FB14699D84D7E8DA92F66145C7FE
ParentProcessGuid: {D8AF36FB-C5EA-674A-2301-000000000900}
ParentProcessId: 4464
ParentImage: C:\Windows\System32\WinBioPlugIns\FaceFodUninstaller.exe
ParentCommandLine: C:\Windows\System32\WinBioPlugIns\FaceFodUninstaller.exe
ParentUser: NT AUTHORITY\SYSTEM""",5,2024-11-30T08:01:15.375467900Z,50543,4148,DESKTOP-FMI6MML,1,2364,INFORMATION,Microsoft-Windows-Sysmon,16,false,4,Windows command prompt started by an abnormal process,"[""sysmon"",""sysmon_eid1_detections"",""windows""]",92052, , ,windows_eventchannel,log,"Nov 30, 2024 @ 08:01:16.822",EventChannel,1732953676.2156803,"Nov 30, 2024 @ 08:01:16.822", , , , , , , ,{D8AF36FB-C38E-674A-E703-000000000000}, , , , ,392, , , , , , , , , , ,"[""Windows Command Shell""]","[""T1059.003""]","[""Execution""]", , , ,Cmd.Exe,C:\\Windows\\System32\\cmd.exe,Microsoft® Windows® Operating System, , ,Windows Command Processor, , ,{D8AF36FB-C64B-674A-5401-000000000900},2024-11-30 08:01:15.349,"MD5=4E2ACF4F8A396486AB4268C94A6A245F,SHA256=9A7C58BD98D70631AA1473F7B57B426DB367D72429A5455B433A05EE251F3236,IMPHASH=8542FB14699D84D7E8DA92F66145C7FE", ,Microsoft Corporation,10.0.17134.1 (WinBuild.160101.0800),NT AUTHORITY\\SYSTEM, , , , , , , , , , , , , , , , , , , , , , , , , , ,{D8AF36FB-C5EA-674A-2301-000000000900},C:\\Windows\\System32\\WinBioPlugIns\\FaceFodUninstaller.exe,0x3e7,4464,C:\\Windows\\system32\\,C:\\Windows\\System32\\WinBioPlugIns\\FaceFodUninstaller.exe,C:\\Windows\\system32\\cmd.exe /c %%WINDIR%%\\System32\\WinBioPlugins\\FaceFodUninstaller.exe /e,System,0,NT AUTHORITY\\SYSTEM, , , , , , , , , , , , , , , , , , , , , , , , , , , , , , , , , , , , , , , , , , , , , , , , , , , , , , , , , , , , , , , , , , , , , 
wazuh-alerts-4.x-2024.11.30,QfoWfJMBRlc-D5DFvh_5,1,1,192.168.117.130,wazuh-agent,002,Maryam, ,1, ,0x8000000000000000,{5770385F-C22A-43E0-BF4C-06F5698FFBD9},4,Microsoft-Windows-Sysmon/Operational,0,"""Process Create:
RuleName: -
UtcTime: 2024-11-30 08:01:17.294
ProcessGuid: {D8AF36FB-C64D-674A-5601-000000000900}
ProcessId: 3800
Image: C:\Windows\System32\WinBioPlugIns\FaceFodUninstaller.exe
FileVersion: -
Description: -
Product: -
Company: -
OriginalFileName: -
CommandLine: C:\Windows\System32\WinBioPlugins\FaceFodUninstaller.exe  /e
CurrentDirectory: C:\Windows\system32\
User: NT AUTHORITY\SYSTEM
LogonGuid: {D8AF36FB-C38E-674A-E703-000000000000}
LogonId: 0x3E7
TerminalSessionId: 0
IntegrityLevel: System
Hashes: MD5=9C30ACD6AA83BDE68329941D37E3B4B1,SHA256=9E370FEDBDCBD4645683566BD48DBA0D4FBC009DB7E661E6A6515D174FAA8AED,IMPHASH=AE840E6ED3FF5A37D937A60DEB0DB5C7
ParentProcessGuid: {D8AF36FB-C64B-674A-5401-000000000900}
ParentProcessId: 392
ParentImage: C:\Windows\System32\cmd.exe
ParentCommandLine: C:\Windows\system32\cmd.exe /c %WINDIR%\System32\WinBioPlugins\FaceFodUninstaller.exe /e
ParentUser: NT AUTHORITY\SYSTEM""",5,2024-11-30T08:01:17.298497600Z,50545,4148,DESKTOP-FMI6MML,1,2364,INFORMATION,Microsoft-Windows-Sysmon,9,false,3,Suspicious Windows cmd shell execution,"[""sysmon"",""sysmon_eid1_detections"",""windows""]",92032, , ,windows_eventchannel,log,"Nov 30, 2024 @ 08:01:18.527",EventChannel,1732953678.2162739,"Nov 30, 2024 @ 08:01:18.527", , , , , , , ,{D8AF36FB-C38E-674A-E703-000000000000}, , , , ,3800, , , , , , , , , , ,"[""Account Discovery"",""Windows Command Shell""]","[""T1087"",""T1059.003""]","[""Discovery"",""Execution""]", , , , ,C:\\Windows\\System32\\WinBioPlugIns\\FaceFodUninstaller.exe, , , , , , ,{D8AF36FB-C64D-674A-5601-000000000900},2024-11-30 08:01:17.294,"MD5=9C30ACD6AA83BDE68329941D37E3B4B1,SHA256=9E370FEDBDCBD4645683566BD48DBA0D4FBC009DB7E661E6A6515D174FAA8AED,IMPHASH=AE840E6ED3FF5A37D937A60DEB0DB5C7", , , ,NT AUTHORITY\\SYSTEM, , , , , , , , , , , , , , , , , , , , , , , , , , ,{D8AF36FB-C64B-674A-5401-000000000900},C:\\Windows\\system32\\cmd.exe /c %WINDIR%\\System32\\WinBioPlugins\\FaceFodUninstaller.exe /e,0x3e7,392,C:\\Windows\\system32\\,C:\\Windows\\System32\\cmd.exe,C:\\Windows\\System32\\WinBioPlugins\\FaceFodUninstaller.exe  /e,System,0,NT AUTHORITY\\SYSTEM, , , , , , , , , , , , , , , , , , , , , , , , , , , , , , , , , , , , , , , , , , , , , , , , , , , , , , , , , , , , , , , , , , , , , 
