wazuh-alerts-4.x-2024.11.30,9_obfZMBRlc-D5DFwyHg,1,1,192.168.117.134,window-agent3,003,Maryam, ,7, ,0x8000000000000000,{5770385F-C22A-43E0-BF4C-06F5698FFBD9},4,Microsoft-Windows-Sysmon/Operational,0,"""Image loaded:
RuleName: technique_id=T1059.001,technique_name=PowerShell
UtcTime: 2024-11-30 12:46:29.519
ProcessGuid: {15959494-0925-674B-1709-000000000D00}
ProcessId: 4548
Image: C:\Windows\Microsoft.NET\Framework\v4.0.30319\mscorsvw.exe
ImageLoaded: C:\Windows\assembly\GAC_MSIL\System.Management.Automation\1.0.0.0__31bf3856ad364e35\System.Management.Automation.dll
FileVersion: 6.1.7600.16385
Description: System.Management.Automation
Product: Microsoft (R) Windows (R) Operating System
Company: Microsoft Corporation
OriginalFileName: System.Management.Automation.dll
Hashes: SHA1=C669667BB4D7870BC8BB65365D30071EB7FB86FE,MD5=6CA7D39D5E569CC91538DD29B88FDAEA,SHA256=1C6DD7935A15C026F69C6F687F21B83D06C69FA089ED26B10FE2A08E68FE1ACB,IMPHASH=DAE02F32A21E03CE65412F6E56942DAA
Signed: true
Signature: Microsoft Windows
SignatureStatus: Valid
User: NT AUTHORITY\SYSTEM""",3,2024-11-30T12:46:29.524652300Z,61113,1760,DESKTOP-QGB4EQH,7,2356,INFORMATION,Microsoft-Windows-Sysmon,13,true,12,Binary loaded PowerShell automation library - Possible unmanaged Powershell execution by suspicious process,"[""sysmon"",""sysmon_eid7_detections"",""windows""]",92151, , ,windows_eventchannel,log,"Nov 30, 2024 @ 12:46:30.077",EventChannel,1732970790.4224196,"Nov 30, 2024 @ 12:46:30.077", , , , , , , , , , , , ,4548, , , , , , , , , , ,"[""PowerShell""]","[""T1059.001""]","[""Execution""]", , , ,System.Management.Automation.dll,C:\\Windows\\Microsoft.NET\\Framework\\v4.0.30319\\mscorsvw.exe,Microsoft (R) Windows (R) Operating System,Microsoft Windows,C:\\Windows\\assembly\\GAC_MSIL\\System.Management.Automation\\1.0.0.0__31bf3856ad364e35\\System.Management.Automation.dll,System.Management.Automation,true,Valid,{15959494-0925-674B-1709-000000000D00},2024-11-30 12:46:29.519,"SHA1=C669667BB4D7870BC8BB65365D30071EB7FB86FE,MD5=6CA7D39D5E569CC91538DD29B88FDAEA,SHA256=1C6DD7935A15C026F69C6F687F21B83D06C69FA089ED26B10FE2A08E68FE1ACB,IMPHASH=DAE02F32A21E03CE65412F6E56942DAA","technique_id=T1059.001,technique_name=PowerShell",Microsoft Corporation,6.1.7600.16385,NT AUTHORITY\\SYSTEM, , , , , , , , , , , , , , , , , , , , , , , , , , , , , , , , , , , , , , , , , , , , , , , , , , , , , , , , , , , , , , , , , , , , , , , , , , , , , , , , , , , , , , , , , , , , , , , , , , , , , , , , , 
wazuh-alerts-4.x-2024.11.30,'-PobfZMBRlc-D5DFwyHg,1,1,192.168.117.134,window-agent3,003,Maryam, ,7, ,0x8000000000000000,{5770385F-C22A-43E0-BF4C-06F5698FFBD9},4,Microsoft-Windows-Sysmon/Operational,0,"""Image loaded:
RuleName: technique_id=T1059.001,technique_name=PowerShell
UtcTime: 2024-11-30 12:46:29.519
ProcessGuid: {15959494-0925-674B-1709-000000000D00}
ProcessId: 4548
Image: C:\Windows\Microsoft.NET\Framework\v4.0.30319\mscorsvw.exe
ImageLoaded: C:\Windows\assembly\GAC_MSIL\System.Management.Automation\1.0.0.0__31bf3856ad364e35\System.Management.Automation.dll
FileVersion: 6.1.7600.16385
Description: System.Management.Automation
Product: Microsoft (R) Windows (R) Operating System
Company: Microsoft Corporation
OriginalFileName: System.Management.Automation.dll
Hashes: SHA1=C669667BB4D7870BC8BB65365D30071EB7FB86FE,MD5=6CA7D39D5E569CC91538DD29B88FDAEA,SHA256=1C6DD7935A15C026F69C6F687F21B83D06C69FA089ED26B10FE2A08E68FE1ACB,IMPHASH=DAE02F32A21E03CE65412F6E56942DAA
Signed: true
Signature: Microsoft Windows
SignatureStatus: Valid
User: NT AUTHORITY\SYSTEM""",3,2024-11-30T12:46:29.531012900Z,61114,1760,DESKTOP-QGB4EQH,7,2356,INFORMATION,Microsoft-Windows-Sysmon,14,true,12,Binary loaded PowerShell automation library - Possible unmanaged Powershell execution by suspicious process,"[""sysmon"",""sysmon_eid7_detections"",""windows""]",92151, , ,windows_eventchannel,log,"Nov 30, 2024 @ 12:46:30.093",EventChannel,1732970790.4229319,"Nov 30, 2024 @ 12:46:30.093", , , , , , , , , , , , ,4548, , , , , , , , , , ,"[""PowerShell""]","[""T1059.001""]","[""Execution""]", , , ,System.Management.Automation.dll,C:\\Windows\\Microsoft.NET\\Framework\\v4.0.30319\\mscorsvw.exe,Microsoft (R) Windows (R) Operating System,Microsoft Windows,C:\\Windows\\assembly\\GAC_MSIL\\System.Management.Automation\\1.0.0.0__31bf3856ad364e35\\System.Management.Automation.dll,System.Management.Automation,true,Valid,{15959494-0925-674B-1709-000000000D00},2024-11-30 12:46:29.519,"SHA1=C669667BB4D7870BC8BB65365D30071EB7FB86FE,MD5=6CA7D39D5E569CC91538DD29B88FDAEA,SHA256=1C6DD7935A15C026F69C6F687F21B83D06C69FA089ED26B10FE2A08E68FE1ACB,IMPHASH=DAE02F32A21E03CE65412F6E56942DAA","technique_id=T1059.001,technique_name=PowerShell",Microsoft Corporation,6.1.7600.16385,NT AUTHORITY\\SYSTEM, , , , , , , , , , , , , , , , , , , , , , , , , , , , , , , , , , , , , , , , , , , , , , , , , , , , , , , , , , , , , , , , , , , , , , , , , , , , , , , , , , , , , , , , , , , , , , , , , , , , , , , , , 
wazuh-alerts-4.x-2024.11.30,'-_obfZMBRlc-D5DFxyHQ,1,1,192.168.117.134,window-agent3,003,Maryam, ,7, ,0x8000000000000000,{5770385F-C22A-43E0-BF4C-06F5698FFBD9},4,Microsoft-Windows-Sysmon/Operational,0,"""Image loaded:
RuleName: technique_id=T1059.001,technique_name=PowerShell
UtcTime: 2024-11-30 12:46:30.034
ProcessGuid: {15959494-0925-674B-1809-000000000D00}
ProcessId: 5916
Image: C:\Windows\Microsoft.NET\Framework\v4.0.30319\mscorsvw.exe
ImageLoaded: C:\Windows\assembly\GAC_MSIL\System.Management.Automation\1.0.0.0__31bf3856ad364e35\System.Management.Automation.dll
FileVersion: 6.1.7600.16385
Description: System.Management.Automation
Product: Microsoft (R) Windows (R) Operating System
Company: Microsoft Corporation
OriginalFileName: System.Management.Automation.dll
Hashes: SHA1=C669667BB4D7870BC8BB65365D30071EB7FB86FE,MD5=6CA7D39D5E569CC91538DD29B88FDAEA,SHA256=1C6DD7935A15C026F69C6F687F21B83D06C69FA089ED26B10FE2A08E68FE1ACB,IMPHASH=DAE02F32A21E03CE65412F6E56942DAA
Signed: true
Signature: Microsoft Windows
SignatureStatus: Valid
User: NT AUTHORITY\SYSTEM""",3,2024-11-30T12:46:30.047682100Z,61119,1760,DESKTOP-QGB4EQH,7,2356,INFORMATION,Microsoft-Windows-Sysmon,17,true,12,Binary loaded PowerShell automation library - Possible unmanaged Powershell execution by suspicious process,"[""sysmon"",""sysmon_eid7_detections"",""windows""]",92151, , ,windows_eventchannel,log,"Nov 30, 2024 @ 12:46:31.127",EventChannel,1732970791.4244688,"Nov 30, 2024 @ 12:46:31.127", , , , , , , , , , , , ,5916, , , , , , , , , , ,"[""PowerShell""]","[""T1059.001""]","[""Execution""]", , , ,System.Management.Automation.dll,C:\\Windows\\Microsoft.NET\\Framework\\v4.0.30319\\mscorsvw.exe,Microsoft (R) Windows (R) Operating System,Microsoft Windows,C:\\Windows\\assembly\\GAC_MSIL\\System.Management.Automation\\1.0.0.0__31bf3856ad364e35\\System.Management.Automation.dll,System.Management.Automation,true,Valid,{15959494-0925-674B-1809-000000000D00},2024-11-30 12:46:30.034,"SHA1=C669667BB4D7870BC8BB65365D30071EB7FB86FE,MD5=6CA7D39D5E569CC91538DD29B88FDAEA,SHA256=1C6DD7935A15C026F69C6F687F21B83D06C69FA089ED26B10FE2A08E68FE1ACB,IMPHASH=DAE02F32A21E03CE65412F6E56942DAA","technique_id=T1059.001,technique_name=PowerShell",Microsoft Corporation,6.1.7600.16385,NT AUTHORITY\\SYSTEM, , , , , , , , , , , , , , , , , , , , , , , , , , , , , , , , , , , , , , , , , , , , , , , , , , , , , , , , , , , , , , , , , , , , , , , , , , , , , , , , , , , , , , , , , , , , , , , , , , , , , , , , , 
wazuh-alerts-4.x-2024.11.30,_fobfZMBRlc-D5DFxyHQ,1,1,192.168.117.134,window-agent3,003,Maryam, ,7, ,0x8000000000000000,{5770385F-C22A-43E0-BF4C-06F5698FFBD9},4,Microsoft-Windows-Sysmon/Operational,0,"""Image loaded:
RuleName: technique_id=T1059.001,technique_name=PowerShell
UtcTime: 2024-11-30 12:46:30.050
ProcessGuid: {15959494-0925-674B-1809-000000000D00}
ProcessId: 5916
Image: C:\Windows\Microsoft.NET\Framework\v4.0.30319\mscorsvw.exe
ImageLoaded: C:\Windows\assembly\GAC_MSIL\System.Management.Automation\1.0.0.0__31bf3856ad364e35\System.Management.Automation.dll
FileVersion: 6.1.7600.16385
Description: System.Management.Automation
Product: Microsoft (R) Windows (R) Operating System
Company: Microsoft Corporation
OriginalFileName: System.Management.Automation.dll
Hashes: SHA1=C669667BB4D7870BC8BB65365D30071EB7FB86FE,MD5=6CA7D39D5E569CC91538DD29B88FDAEA,SHA256=1C6DD7935A15C026F69C6F687F21B83D06C69FA089ED26B10FE2A08E68FE1ACB,IMPHASH=DAE02F32A21E03CE65412F6E56942DAA
Signed: true
Signature: Microsoft Windows
SignatureStatus: Valid
User: NT AUTHORITY\SYSTEM""",3,2024-11-30T12:46:30.053439500Z,61121,1760,DESKTOP-QGB4EQH,7,2356,INFORMATION,Microsoft-Windows-Sysmon,19,true,12,Binary loaded PowerShell automation library - Possible unmanaged Powershell execution by suspicious process,"[""sysmon"",""sysmon_eid7_detections"",""windows""]",92151, , ,windows_eventchannel,log,"Nov 30, 2024 @ 12:46:31.154",EventChannel,1732970791.4254934,"Nov 30, 2024 @ 12:46:31.154", , , , , , , , , , , , ,5916, , , , , , , , , , ,"[""PowerShell""]","[""T1059.001""]","[""Execution""]", , , ,System.Management.Automation.dll,C:\\Windows\\Microsoft.NET\\Framework\\v4.0.30319\\mscorsvw.exe,Microsoft (R) Windows (R) Operating System,Microsoft Windows,C:\\Windows\\assembly\\GAC_MSIL\\System.Management.Automation\\1.0.0.0__31bf3856ad364e35\\System.Management.Automation.dll,System.Management.Automation,true,Valid,{15959494-0925-674B-1809-000000000D00},2024-11-30 12:46:30.050,"SHA1=C669667BB4D7870BC8BB65365D30071EB7FB86FE,MD5=6CA7D39D5E569CC91538DD29B88FDAEA,SHA256=1C6DD7935A15C026F69C6F687F21B83D06C69FA089ED26B10FE2A08E68FE1ACB,IMPHASH=DAE02F32A21E03CE65412F6E56942DAA","technique_id=T1059.001,technique_name=PowerShell",Microsoft Corporation,6.1.7600.16385,NT AUTHORITY\\SYSTEM, , , , , , , , , , , , , , , , , , , , , , , , , , , , , , , , , , , , , , , , , , , , , , , , , , , , , , , , , , , , , , , , , , , , , , , , , , , , , , , , , , , , , , , , , , , , , , , , , , , , , , , , , 
wazuh-alerts-4.x-2024.11.30,_vobfZMBRlc-D5DFxyHQ,1,1,192.168.117.134,window-agent3,003,Maryam, ,7, ,0x8000000000000000,{5770385F-C22A-43E0-BF4C-06F5698FFBD9},4,Microsoft-Windows-Sysmon/Operational,0,"""Image loaded:
RuleName: technique_id=T1059.001,technique_name=PowerShell
UtcTime: 2024-11-30 12:46:30.050
ProcessGuid: {15959494-0925-674B-1809-000000000D00}
ProcessId: 5916
Image: C:\Windows\Microsoft.NET\Framework\v4.0.30319\mscorsvw.exe
ImageLoaded: C:\Windows\assembly\GAC_MSIL\System.Management.Automation\1.0.0.0__31bf3856ad364e35\System.Management.Automation.dll
FileVersion: 6.1.7600.16385
Description: System.Management.Automation
Product: Microsoft (R) Windows (R) Operating System
Company: Microsoft Corporation
OriginalFileName: System.Management.Automation.dll
Hashes: SHA1=C669667BB4D7870BC8BB65365D30071EB7FB86FE,MD5=6CA7D39D5E569CC91538DD29B88FDAEA,SHA256=1C6DD7935A15C026F69C6F687F21B83D06C69FA089ED26B10FE2A08E68FE1ACB,IMPHASH=DAE02F32A21E03CE65412F6E56942DAA
Signed: true
Signature: Microsoft Windows
SignatureStatus: Valid
User: NT AUTHORITY\SYSTEM""",3,2024-11-30T12:46:30.054793400Z,61122,1760,DESKTOP-QGB4EQH,7,2356,INFORMATION,Microsoft-Windows-Sysmon,20,true,12,Binary loaded PowerShell automation library - Possible unmanaged Powershell execution by suspicious process,"[""sysmon"",""sysmon_eid7_detections"",""windows""]",92151, , ,windows_eventchannel,log,"Nov 30, 2024 @ 12:46:31.171",EventChannel,1732970791.4260057,"Nov 30, 2024 @ 12:46:31.171", , , , , , , , , , , , ,5916, , , , , , , , , , ,"[""PowerShell""]","[""T1059.001""]","[""Execution""]", , , ,System.Management.Automation.dll,C:\\Windows\\Microsoft.NET\\Framework\\v4.0.30319\\mscorsvw.exe,Microsoft (R) Windows (R) Operating System,Microsoft Windows,C:\\Windows\\assembly\\GAC_MSIL\\System.Management.Automation\\1.0.0.0__31bf3856ad364e35\\System.Management.Automation.dll,System.Management.Automation,true,Valid,{15959494-0925-674B-1809-000000000D00},2024-11-30 12:46:30.050,"SHA1=C669667BB4D7870BC8BB65365D30071EB7FB86FE,MD5=6CA7D39D5E569CC91538DD29B88FDAEA,SHA256=1C6DD7935A15C026F69C6F687F21B83D06C69FA089ED26B10FE2A08E68FE1ACB,IMPHASH=DAE02F32A21E03CE65412F6E56942DAA","technique_id=T1059.001,technique_name=PowerShell",Microsoft Corporation,6.1.7600.16385,NT AUTHORITY\\SYSTEM, , , , , , , , , , , , , , , , , , , , , , , , , , , , , , , , , , , , , , , , , , , , , , , , , , , , , , , , , , , , , , , , , , , , , , , , , , , , , , , , , , , , , , , , , , , , , , , , , , , , , , , , , 
wazuh-alerts-4.x-2024.11.30,APobfZMBRlc-D5DFyyLA,1,1,192.168.117.134,window-agent3,003,Maryam, ,7, ,0x8000000000000000,{5770385F-C22A-43E0-BF4C-06F5698FFBD9},4,Microsoft-Windows-Sysmon/Operational,0,"""Image loaded:
RuleName: technique_id=T1059.001,technique_name=PowerShell
UtcTime: 2024-11-30 12:46:31.550
ProcessGuid: {15959494-0927-674B-1A09-000000000D00}
ProcessId: 3644
Image: C:\Windows\Microsoft.NET\Framework\v4.0.30319\mscorsvw.exe
ImageLoaded: C:\Windows\assembly\GAC_MSIL\System.Management.Automation\1.0.0.0__31bf3856ad364e35\System.Management.Automation.dll
FileVersion: 6.1.7600.16385
Description: System.Management.Automation
Product: Microsoft (R) Windows (R) Operating System
Company: Microsoft Corporation
OriginalFileName: System.Management.Automation.dll
Hashes: SHA1=C669667BB4D7870BC8BB65365D30071EB7FB86FE,MD5=6CA7D39D5E569CC91538DD29B88FDAEA,SHA256=1C6DD7935A15C026F69C6F687F21B83D06C69FA089ED26B10FE2A08E68FE1ACB,IMPHASH=DAE02F32A21E03CE65412F6E56942DAA
Signed: true
Signature: Microsoft Windows
SignatureStatus: Valid
User: NT AUTHORITY\SYSTEM""",3,2024-11-30T12:46:31.562847900Z,61124,1760,DESKTOP-QGB4EQH,7,2356,INFORMATION,Microsoft-Windows-Sysmon,22,true,12,Binary loaded PowerShell automation library - Possible unmanaged Powershell execution by suspicious process,"[""sysmon"",""sysmon_eid7_detections"",""windows""]",92151, , ,windows_eventchannel,log,"Nov 30, 2024 @ 12:46:32.655",EventChannel,1732970792.4270303,"Nov 30, 2024 @ 12:46:32.655", , , , , , , , , , , , ,3644, , , , , , , , , , ,"[""PowerShell""]","[""T1059.001""]","[""Execution""]", , , ,System.Management.Automation.dll,C:\\Windows\\Microsoft.NET\\Framework\\v4.0.30319\\mscorsvw.exe,Microsoft (R) Windows (R) Operating System,Microsoft Windows,C:\\Windows\\assembly\\GAC_MSIL\\System.Management.Automation\\1.0.0.0__31bf3856ad364e35\\System.Management.Automation.dll,System.Management.Automation,true,Valid,{15959494-0927-674B-1A09-000000000D00},2024-11-30 12:46:31.550,"SHA1=C669667BB4D7870BC8BB65365D30071EB7FB86FE,MD5=6CA7D39D5E569CC91538DD29B88FDAEA,SHA256=1C6DD7935A15C026F69C6F687F21B83D06C69FA089ED26B10FE2A08E68FE1ACB,IMPHASH=DAE02F32A21E03CE65412F6E56942DAA","technique_id=T1059.001,technique_name=PowerShell",Microsoft Corporation,6.1.7600.16385,NT AUTHORITY\\SYSTEM, , , , , , , , , , , , , , , , , , , , , , , , , , , , , , , , , , , , , , , , , , , , , , , , , , , , , , , , , , , , , , , , , , , , , , , , , , , , , , , , , , , , , , , , , , , , , , , , , , , , , , , , , 
wazuh-alerts-4.x-2024.11.30,o_r5fJMBRlc-D5DFuyGx,1,1,192.168.117.134,window-agent3,003,Maryam, ,11, ,0x8000000000000000,{5770385F-C22A-43E0-BF4C-06F5698FFBD9},4,Microsoft-Windows-Sysmon/Operational,0,"""File created:
RuleName: technique_id=T1059.001,technique_name=PowerShell
UtcTime: 2024-11-30 12:09:11.878
ProcessGuid: {15959494-0067-674B-BC08-000000000D00}
ProcessId: 8076
Image: C:\Windows\System32\WindowsPowerShell\v1.0\powershell.exe
TargetFilename: C:\Users\mari\AppData\Local\Temp\__PSScriptPolicyTest_n3uissis.mv2.ps1
CreationUtcTime: 2024-11-30 12:09:11.878
User: DESKTOP-QGB4EQH\mari""",2,2024-11-30T12:09:11.889847800Z,60590,1760,DESKTOP-QGB4EQH,11,2356,INFORMATION,Microsoft-Windows-Sysmon,49,true,15,Executable file dropped in folder commonly used by malware,"[""sysmon"",""sysmon_eid11_detections"",""windows""]",92213, , ,windows_eventchannel,log,"Nov 30, 2024 @ 12:09:12.952",EventChannel,1732968552.4001539,"Nov 30, 2024 @ 12:09:12.952", , , , , , , , , , , , ,8076, , , , , , , , , , ,"[""Ingress Tool Transfer""]","[""T1105""]","[""Command and Control""]", , , , ,C:\\Windows\\System32\\WindowsPowerShell\\v1.0\\powershell.exe, , , , , , ,{15959494-0067-674B-BC08-000000000D00},2024-11-30 12:09:11.878, ,"technique_id=T1059.001,technique_name=PowerShell", , ,DESKTOP-QGB4EQH\\mari, , , , , , , , , , , , , , , , , , , , , , , , , , , , , , , , , , , , ,C:\\Users\\mari\\AppData\\Local\\Temp\\__PSScriptPolicyTest_n3uissis.mv2.ps1,2024-11-30 12:09:11.878, , , , , , , , , , , , , , , , , , , , , , , , , , , , , , , , , , , , , , , , , , , , , , , , , , , , , , , , , , , , , , , , , , , 
wazuh-alerts-4.x-2024.11.30,qPr7fJMBRlc-D5DFyyES,1,1,192.168.117.134,window-agent3,003,Maryam, ,11, ,0x8000000000000000,{5770385F-C22A-43E0-BF4C-06F5698FFBD9},4,Microsoft-Windows-Sysmon/Operational,0,"""File created:
RuleName: technique_id=T1059.001,technique_name=PowerShell
UtcTime: 2024-11-30 12:11:31.654
ProcessGuid: {15959494-00F3-674B-C108-000000000D00}
ProcessId: 7900
Image: C:\Windows\System32\WindowsPowerShell\v1.0\powershell.exe
TargetFilename: C:\Users\mari\AppData\Local\Temp\__PSScriptPolicyTest_f1crnvfh.mnv.ps1
CreationUtcTime: 2024-11-30 12:11:31.654
User: DESKTOP-QGB4EQH\mari""",2,2024-11-30T12:11:31.662015500Z,60642,1760,DESKTOP-QGB4EQH,11,2356,INFORMATION,Microsoft-Windows-Sysmon,52,true,15,Executable file dropped in folder commonly used by malware,"[""sysmon"",""sysmon_eid11_detections"",""windows""]",92213, , ,windows_eventchannel,log,"Nov 30, 2024 @ 12:11:32.733",EventChannel,1732968692.4010572,"Nov 30, 2024 @ 12:11:32.733", , , , , , , , , , , , ,7900, , , , , , , , , , ,"[""Ingress Tool Transfer""]","[""T1105""]","[""Command and Control""]", , , , ,C:\\Windows\\System32\\WindowsPowerShell\\v1.0\\powershell.exe, , , , , , ,{15959494-00F3-674B-C108-000000000D00},2024-11-30 12:11:31.654, ,"technique_id=T1059.001,technique_name=PowerShell", , ,DESKTOP-QGB4EQH\\mari, , , , , , , , , , , , , , , , , , , , , , , , , , , , , , , , , , , , ,C:\\Users\\mari\\AppData\\Local\\Temp\\__PSScriptPolicyTest_f1crnvfh.mnv.ps1,2024-11-30 12:11:31.654, , , , , , , , , , , , , , , , , , , , , , , , , , , , , , , , , , , , , , , , , , , , , , , , , , , , , , , , , , , , , , , , , , , 
wazuh-alerts-4.x-2024.11.30,qvr9fJMBRlc-D5DFUSG-,1,1,192.168.117.134,window-agent3,003,Maryam, ,11, ,0x8000000000000000,{5770385F-C22A-43E0-BF4C-06F5698FFBD9},4,Microsoft-Windows-Sysmon/Operational,0,"""File created:
RuleName: technique_id=T1059.001,technique_name=PowerShell
UtcTime: 2024-11-30 12:13:05.645
ProcessGuid: {15959494-0151-674B-C308-000000000D00}
ProcessId: 3084
Image: C:\Windows\System32\WindowsPowerShell\v1.0\powershell.exe
TargetFilename: C:\Users\mari\AppData\Local\Temp\__PSScriptPolicyTest_yqjckw3y.31u.ps1
CreationUtcTime: 2024-11-30 12:13:05.645
User: DESKTOP-QGB4EQH\mari""",2,2024-11-30T12:13:05.658146600Z,60672,1760,DESKTOP-QGB4EQH,11,2356,INFORMATION,Microsoft-Windows-Sysmon,54,true,15,Executable file dropped in folder commonly used by malware,"[""sysmon"",""sysmon_eid11_detections"",""windows""]",92213, , ,windows_eventchannel,log,"Nov 30, 2024 @ 12:13:06.730",EventChannel,1732968786.4016594,"Nov 30, 2024 @ 12:13:06.730", , , , , , , , , , , , ,3084, , , , , , , , , , ,"[""Ingress Tool Transfer""]","[""T1105""]","[""Command and Control""]", , , , ,C:\\Windows\\System32\\WindowsPowerShell\\v1.0\\powershell.exe, , , , , , ,{15959494-0151-674B-C308-000000000D00},2024-11-30 12:13:05.645, ,"technique_id=T1059.001,technique_name=PowerShell", , ,DESKTOP-QGB4EQH\\mari, , , , , , , , , , , , , , , , , , , , , , , , , , , , , , , , , , , , ,C:\\Users\\mari\\AppData\\Local\\Temp\\__PSScriptPolicyTest_yqjckw3y.31u.ps1,2024-11-30 12:13:05.645, , , , , , , , , , , , , , , , , , , , , , , , , , , , , , , , , , , , , , , , , , , , , , , , , , , , , , , , , , , , , , , , , , , 
wazuh-alerts-4.x-2024.11.30,vPoFfZMBRlc-D5DFeyHG,1,1,192.168.117.134,window-agent3,003,Maryam, ,11, ,0x8000000000000000,{5770385F-C22A-43E0-BF4C-06F5698FFBD9},4,Microsoft-Windows-Sysmon/Operational,0,"""File created:
RuleName: technique_id=T1059.001,technique_name=PowerShell
UtcTime: 2024-11-30 12:22:09.483
ProcessGuid: {15959494-0370-674B-D108-000000000D00}
ProcessId: 2908
Image: C:\Windows\System32\WindowsPowerShell\v1.0\powershell.exe
TargetFilename: C:\Users\mari\AppData\Local\Temp\__PSScriptPolicyTest_0cbjf3ga.l3m.ps1
CreationUtcTime: 2024-11-30 12:22:09.483
User: DESKTOP-QGB4EQH\mari""",2,2024-11-30T12:22:09.486262600Z,60848,1760,DESKTOP-QGB4EQH,11,2356,INFORMATION,Microsoft-Windows-Sysmon,65,true,15,Executable file dropped in folder commonly used by malware,"[""sysmon"",""sysmon_eid11_detections"",""windows""]",92213, , ,windows_eventchannel,log,"Nov 30, 2024 @ 12:22:09.759",EventChannel,1732969329.4049715,"Nov 30, 2024 @ 12:22:09.759", , , , , , , , , , , , ,2908, , , , , , , , , , ,"[""Ingress Tool Transfer""]","[""T1105""]","[""Command and Control""]", , , , ,C:\\Windows\\System32\\WindowsPowerShell\\v1.0\\powershell.exe, , , , , , ,{15959494-0370-674B-D108-000000000D00},2024-11-30 12:22:09.483, ,"technique_id=T1059.001,technique_name=PowerShell", , ,DESKTOP-QGB4EQH\\mari, , , , , , , , , , , , , , , , , , , , , , , , , , , , , , , , , , , , ,C:\\Users\\mari\\AppData\\Local\\Temp\\__PSScriptPolicyTest_0cbjf3ga.l3m.ps1,2024-11-30 12:22:09.483, , , , , , , , , , , , , , , , , , , , , , , , , , , , , , , , , , , , , , , , , , , , , , , , , , , , , , , , , , , , , , , , , , , 
wazuh-alerts-4.x-2024.11.30,wfoIfZMBRlc-D5DFTiGJ,1,1,192.168.117.134,window-agent3,003,Maryam, ,11, ,0x8000000000000000,{5770385F-C22A-43E0-BF4C-06F5698FFBD9},4,Microsoft-Windows-Sysmon/Operational,0,"""File created:
RuleName: technique_id=T1059.001,technique_name=PowerShell
UtcTime: 2024-11-30 12:25:04.777
ProcessGuid: {15959494-0420-674B-D608-000000000D00}
ProcessId: 1908
Image: C:\Windows\System32\WindowsPowerShell\v1.0\powershell.exe
TargetFilename: C:\Users\mari\AppData\Local\Temp\__PSScriptPolicyTest_vmtf44il.e5m.ps1
CreationUtcTime: 2024-11-30 12:25:04.777
User: DESKTOP-QGB4EQH\mari""",2,2024-11-30T12:25:04.783572900Z,60893,1760,DESKTOP-QGB4EQH,11,2356,INFORMATION,Microsoft-Windows-Sysmon,68,true,15,Executable file dropped in folder commonly used by malware,"[""sysmon"",""sysmon_eid11_detections"",""windows""]",92213, , ,windows_eventchannel,log,"Nov 30, 2024 @ 12:25:05.825",EventChannel,1732969505.4058748,"Nov 30, 2024 @ 12:25:05.825", , , , , , , , , , , , ,1908, , , , , , , , , , ,"[""Ingress Tool Transfer""]","[""T1105""]","[""Command and Control""]", , , , ,C:\\Windows\\System32\\WindowsPowerShell\\v1.0\\powershell.exe, , , , , , ,{15959494-0420-674B-D608-000000000D00},2024-11-30 12:25:04.777, ,"technique_id=T1059.001,technique_name=PowerShell", , ,DESKTOP-QGB4EQH\\mari, , , , , , , , , , , , , , , , , , , , , , , , , , , , , , , , , , , , ,C:\\Users\\mari\\AppData\\Local\\Temp\\__PSScriptPolicyTest_vmtf44il.e5m.ps1,2024-11-30 12:25:04.777, , , , , , , , , , , , , , , , , , , , , , , , , , , , , , , , , , , , , , , , , , , , , , , , , , , , , , , , , , , , , , , , , , , 
wazuh-alerts-4.x-2024.11.30,xvoLfZMBRlc-D5DFvSGF,1,1,192.168.117.134,window-agent3,003,Maryam, ,11, ,0x8000000000000000,{5770385F-C22A-43E0-BF4C-06F5698FFBD9},4,Microsoft-Windows-Sysmon/Operational,0,"""File created:
RuleName: technique_id=T1059.001,technique_name=PowerShell
UtcTime: 2024-11-30 12:28:55.179
ProcessGuid: {15959494-0507-674B-DB08-000000000D00}
ProcessId: 4660
Image: C:\Windows\System32\WindowsPowerShell\v1.0\powershell.exe
TargetFilename: C:\Users\mari\AppData\Local\Temp\__PSScriptPolicyTest_de2xenbh.nem.ps1
CreationUtcTime: 2024-11-30 12:28:55.179
User: DESKTOP-QGB4EQH\mari""",2,2024-11-30T12:28:55.185329300Z,60958,1760,DESKTOP-QGB4EQH,11,2356,INFORMATION,Microsoft-Windows-Sysmon,72,true,15,Executable file dropped in folder commonly used by malware,"[""sysmon"",""sysmon_eid11_detections"",""windows""]",92213, , ,windows_eventchannel,log,"Nov 30, 2024 @ 12:28:56.245",EventChannel,1732969736.4072780,"Nov 30, 2024 @ 12:28:56.245", , , , , , , , , , , , ,4660, , , , , , , , , , ,"[""Ingress Tool Transfer""]","[""T1105""]","[""Command and Control""]", , , , ,C:\\Windows\\System32\\WindowsPowerShell\\v1.0\\powershell.exe, , , , , , ,{15959494-0507-674B-DB08-000000000D00},2024-11-30 12:28:55.179, ,"technique_id=T1059.001,technique_name=PowerShell", , ,DESKTOP-QGB4EQH\\mari, , , , , , , , , , , , , , , , , , , , , , , , , , , , , , , , , , , , ,C:\\Users\\mari\\AppData\\Local\\Temp\\__PSScriptPolicyTest_de2xenbh.nem.ps1,2024-11-30 12:28:55.179, , , , , , , , , , , , , , , , , , , , , , , , , , , , , , , , , , , , , , , , , , , , , , , , , , , , , , , , , , , , , , , , , , , 
wazuh-alerts-4.x-2024.11.30,0voTfZMBRlc-D5DFmSFf,1,1,192.168.117.134,window-agent3,003,Maryam, ,1014, ,0x4000000010000000,{1C95126E-7EEA-49A9-A3FE-A378B03DDB4D},3,System,0,"""Name resolution for the name wpad timed out after none of the configured DNS servers responded.""",0,2024-11-30T12:37:30.376973700Z,2090,1680,DESKTOP-QGB4EQH,1014,1384,WARNING,Microsoft-Windows-DNS-Client,1,false,5,Name resolution for the name wpad timed out,"[""windows"",""windows_system""]",61109, , ,windows_eventchannel,log,"Nov 30, 2024 @ 12:37:31.456",EventChannel,1732970251.4087831,"Nov 30, 2024 @ 12:37:31.456", , , , , , , , , , , , , , , , , , , , , , , , , , ,128,02000000C0A87502000000000000000000000000000000000000000000000000000000000000000000000000000000000000000000000000000000000000000000000000000000000000000000000000000000000000000000000000000000000000000000000000000000000000000000000000000000000000000000000000,wpad, , , , , , , , , , , , , , , , , , , , , , , , , , , , , , , , , , , , , , , , , , , , , , , , , , , , , , , , , , , , , , , , , , , , , , , , , , , , , , , , , , , , , , , , , , , , , , , , , , , , , , , , , , , , , , , , , , , , , , , , 
wazuh-alerts-4.x-2024.11.30,kfocfZMBRlc-D5DF0SKj,1,1,192.168.117.134,window-agent3,003,Maryam, ,7, ,0x8000000000000000,{5770385F-C22A-43E0-BF4C-06F5698FFBD9},4,Microsoft-Windows-Sysmon/Operational,0,"""Image loaded:
RuleName: technique_id=T1059.001,technique_name=PowerShell
UtcTime: 2024-11-30 12:47:38.574
ProcessGuid: {15959494-096A-674B-D909-000000000D00}
ProcessId: 4004
Image: C:\Windows\Microsoft.NET\Framework64\v4.0.30319\mscorsvw.exe
ImageLoaded: C:\Windows\assembly\NativeImages_v4.0.30319_64\System.Manaa57fc8cc#\169c03b1d2d364a7d44737b3854923ed\System.Management.Automation.ni.dll
FileVersion: 10.0.17134.165
Description: System.Management.Automation
Product: Microsoft (R) Windows (R) Operating System
Company: Microsoft Corporation
OriginalFileName: System.Management.Automation.dll
Hashes: SHA1=78CC714A81AA79D9F05710B74E9F95EE28079874,MD5=EFC0913CAAB3F89DD279B50B36752C74,SHA256=3214556EE0A387A3FE44E27DAF2F35FA5297CFF4830CAB4D1769197D622667FB,IMPHASH=00000000000000000000000000000000
Signed: false
Signature: -
SignatureStatus: Unavailable
User: NT AUTHORITY\SYSTEM""",3,2024-11-30T12:47:38.579656100Z,61675,1760,DESKTOP-QGB4EQH,7,2356,INFORMATION,Microsoft-Windows-Sysmon,109,true,12,Binary loaded PowerShell automation library - Possible unmanaged Powershell execution by suspicious process,"[""sysmon"",""sysmon_eid7_detections"",""windows""]",92151, , ,windows_eventchannel,log,"Nov 30, 2024 @ 12:47:39.444",EventChannel,1732970859.4907034,"Nov 30, 2024 @ 12:47:39.444", , , , , , , , , , , , ,4004, , , , , , , , , , ,"[""PowerShell""]","[""T1059.001""]","[""Execution""]", , , ,System.Management.Automation.dll,C:\\Windows\\Microsoft.NET\\Framework64\\v4.0.30319\\mscorsvw.exe,Microsoft (R) Windows (R) Operating System, ,C:\\Windows\\assembly\\NativeImages_v4.0.30319_64\\System.Manaa57fc8cc#\\169c03b1d2d364a7d44737b3854923ed\\System.Management.Automation.ni.dll,System.Management.Automation,false,Unavailable,{15959494-096A-674B-D909-000000000D00},2024-11-30 12:47:38.574,"SHA1=78CC714A81AA79D9F05710B74E9F95EE28079874,MD5=EFC0913CAAB3F89DD279B50B36752C74,SHA256=3214556EE0A387A3FE44E27DAF2F35FA5297CFF4830CAB4D1769197D622667FB,IMPHASH=00000000000000000000000000000000","technique_id=T1059.001,technique_name=PowerShell",Microsoft Corporation,10.0.17134.165,NT AUTHORITY\\SYSTEM, , , , , , , , , , , , , , , , , , , , , , , , , , , , , , , , , , , , , , , , , , , , , , , , , , , , , , , , , , , , , , , , , , , , , , , , , , , , , , , , , , , , , , , , , , , , , , , , , , , , , , , , , 
wazuh-alerts-4.x-2024.11.30,k_ocfZMBRlc-D5DF1SKC,1,1,192.168.117.134,window-agent3,003,Maryam, ,11, ,0x8000000000000000,{5770385F-C22A-43E0-BF4C-06F5698FFBD9},4,Microsoft-Windows-Sysmon/Operational,0,"""File created:
RuleName: technique_id=T1574.010,technique_name=Services File Permissions Weakness
UtcTime: 2024-11-30 12:47:38.730
ProcessGuid: {15959494-096A-674B-DA09-000000000D00}
ProcessId: 4900
Image: C:\Windows\Microsoft.NET\Framework64\v4.0.30319\mscorsvw.exe
TargetFilename: C:\Windows\assembly\NativeImages_v4.0.30319_64\Temp\1324-0\Microsoft.KeyDistributionService.Cmdlets.dll
CreationUtcTime: 2024-11-30 12:47:38.730
User: NT AUTHORITY\SYSTEM""",2,2024-11-30T12:47:38.731747700Z,61678,1760,DESKTOP-QGB4EQH,11,2356,INFORMATION,Microsoft-Windows-Sysmon,56,false,6,Executable dropped in Windows root folder,"[""sysmon"",""sysmon_eid11_detections"",""windows""]",92217, , ,windows_eventchannel,log,"Nov 30, 2024 @ 12:47:39.491",EventChannel,1732970859.4917298,"Nov 30, 2024 @ 12:47:39.491", , , , , , , , , , , , ,4900, , , , , , , , , , ,"[""Lateral Tool Transfer""]","[""T1570""]","[""Lateral Movement""]", , , , ,C:\\Windows\\Microsoft.NET\\Framework64\\v4.0.30319\\mscorsvw.exe, , , , , , ,{15959494-096A-674B-DA09-000000000D00},2024-11-30 12:47:38.730, ,"technique_id=T1574.010,technique_name=Services File Permissions Weakness", , ,NT AUTHORITY\\SYSTEM, , , , , , , , , , , , , , , , , , , , , , , , , , , , , , , , , , , , ,C:\\Windows\\assembly\\NativeImages_v4.0.30319_64\\Temp\\1324-0\\Microsoft.KeyDistributionService.Cmdlets.dll,2024-11-30 12:47:38.730, , , , , , , , , , , , , , , , , , , , , , , , , , , , , , , , , , , , , , , , , , , , , , , , , , , , , , , , , , , , , , , , , , , 
wazuh-alerts-4.x-2024.11.30,mPocfZMBRlc-D5DF2SJq,1,1,192.168.117.134,window-agent3,003,Maryam, ,11, ,0x8000000000000000,{5770385F-C22A-43E0-BF4C-06F5698FFBD9},4,Microsoft-Windows-Sysmon/Operational,0,"""File created:
RuleName: technique_id=T1574.010,technique_name=Services File Permissions Weakness
UtcTime: 2024-11-30 12:47:40.371
ProcessGuid: {15959494-096B-674B-E009-000000000D00}
ProcessId: 7300
Image: C:\Windows\Microsoft.NET\Framework64\v4.0.30319\mscorsvw.exe
TargetFilename: C:\Windows\assembly\NativeImages_v4.0.30319_64\Temp\1c84-0\Microsoft.Management.Infrastructure.Native.dll
CreationUtcTime: 2024-11-30 12:47:40.371
User: NT AUTHORITY\SYSTEM""",2,2024-11-30T12:47:40.376304900Z,61696,1760,DESKTOP-QGB4EQH,11,2356,INFORMATION,Microsoft-Windows-Sysmon,59,false,6,Executable dropped in Windows root folder,"[""sysmon"",""sysmon_eid11_detections"",""windows""]",92217, , ,windows_eventchannel,log,"Nov 30, 2024 @ 12:47:40.570",EventChannel,1732970860.4937227,"Nov 30, 2024 @ 12:47:40.570", , , , , , , , , , , , ,7300, , , , , , , , , , ,"[""Lateral Tool Transfer""]","[""T1570""]","[""Lateral Movement""]", , , , ,C:\\Windows\\Microsoft.NET\\Framework64\\v4.0.30319\\mscorsvw.exe, , , , , , ,{15959494-096B-674B-E009-000000000D00},2024-11-30 12:47:40.371, ,"technique_id=T1574.010,technique_name=Services File Permissions Weakness", , ,NT AUTHORITY\\SYSTEM, , , , , , , , , , , , , , , , , , , , , , , , , , , , , , , , , , , , ,C:\\Windows\\assembly\\NativeImages_v4.0.30319_64\\Temp\\1c84-0\\Microsoft.Management.Infrastructure.Native.dll,2024-11-30 12:47:40.371, , , , , , , , , , , , , , , , , , , , , , , , , , , , , , , , , , , , , , , , , , , , , , , , , , , , , , , , , , , , , , , , , , , 
wazuh-alerts-4.x-2024.11.30,mfocfZMBRlc-D5DF2SJq,1,1,192.168.117.134,window-agent3,003,Maryam, ,4624, ,0x8020000000000000,{54849625-5478-4994-A5BA-3E3B0328C30D},0,Security,0,"""An account was successfully logged on.

Subject:
	Security ID:		S-1-5-18
	Account Name:		DESKTOP-QGB4EQH$
	Account Domain:		WORKGROUP
	Logon ID:		0x3E7

Logon Information:
	Logon Type:		5
	Restricted Admin Mode:	-
	Virtual Account:		No
	Elevated Token:		Yes

Impersonation Level:		Impersonation

New Logon:
	Security ID:		S-1-5-18
	Account Name:		SYSTEM
	Account Domain:		NT AUTHORITY
	Logon ID:		0x3E7
	Linked Logon ID:		0x0
	Network Account Name:	-
	Network Account Domain:	-
	Logon GUID:		{00000000-0000-0000-0000-000000000000}

Process Information:
	Process ID:		0x250
	Process Name:		C:\Windows\System32\services.exe

Network Information:
	Workstation Name:	-
	Source Network Address:	-
	Source Port:		-

Detailed Authentication Information:
	Logon Process:		Advapi  
	Authentication Package:	Negotiate
	Transited Services:	-
	Package Name (NTLM only):	-
	Key Length:		0

This event is generated when a logon session is created. It is generated on the computer that was accessed.

The subject fields indicate the account on the local system which requested the logon. This is most commonly a service such as the Server service, or a local process such as Winlogon.exe or Services.exe.

The logon type field indicates the kind of logon that occurred. The most common types are 2 (interactive) and 3 (network).

The New Logon fields indicate the account for whom the new logon was created, i.e. the account that was logged on.

The network fields indicate where a remote logon request originated. Workstation name is not always available and may be left blank in some cases.

The impersonation level field indicates the extent to which a process in the logon session can impersonate.

The authentication information fields provide detailed information about this specific logon request.
	- Logon GUID is a unique identifier that can be used to correlate this event with a KDC event.
	- Transited services indicate which intermediate services have participated in this logon request.
	- Package name indicates which sub-protocol was used among the NTLM protocols.
	- Key length indicates the length of the generated session key. This will be 0 if no session key was requested.""",2,2024-11-30T12:47:40.259962300Z,5202,2196,DESKTOP-QGB4EQH,12544,656,AUDIT_SUCCESS,Microsoft-Windows-Security-Auditing,5,false,3,Windows logon success.,"[""windows"",""windows_security"",""authentication_success""]",60106,"[""IV_32.2""]","[""7.1"",""7.2""]",windows_eventchannel,log,"Nov 30, 2024 @ 12:47:41.333",EventChannel,1732970861.4940458,"Nov 30, 2024 @ 12:47:41.333",0x3e7,WORKGROUP,0x0,%%1833,Negotiate,0x3e7,Advapi,{00000000-0000-0000-0000-000000000000},SYSTEM,0,%%1842,S-1-5-18,0x250,C:\\Windows\\System32\\services.exe,NT AUTHORITY,S-1-5-18,%%1843,5,DESKTOP-QGB4EQH$,"[""164.312.b""]","[""10.2.5""]","[""CC6.8"",""CC7.2"",""CC7.3""]","[""AC.7"",""AU.14""]","[""Valid Accounts""]","[""T1078""]","[""Defense Evasion"",""Persistence"",""Privilege Escalation"",""Initial Access""]", , , , , , , , , , , , , , , , , , , , , , , , , , , , , , , , , , , , , , , , , , , , , , , , , , , , , , , , , , , , , , , , , , , , , , , , , , , , , , , , , , , , , , , , , , , , , , , , , , , , , , , , , , , , , , , , , , , , , , , , , , , 
wazuh-alerts-4.x-2024.11.30,mvocfZMBRlc-D5DF2SJq,1,1,192.168.117.134,window-agent3,003,Maryam, ,11, ,0x8000000000000000,{5770385F-C22A-43E0-BF4C-06F5698FFBD9},4,Microsoft-Windows-Sysmon/Operational,0,"""File created:
RuleName: technique_id=T1574.010,technique_name=Services File Permissions Weakness
UtcTime: 2024-11-30 12:47:41.074
ProcessGuid: {15959494-096C-674B-E309-000000000D00}
ProcessId: 6336
Image: C:\Windows\Microsoft.NET\Framework64\v4.0.30319\mscorsvw.exe
TargetFilename: C:\Windows\assembly\NativeImages_v4.0.30319_64\Temp\18c0-0\Microsoft.ManagementConsole.dll
CreationUtcTime: 2024-11-30 12:47:41.074
User: NT AUTHORITY\SYSTEM""",2,2024-11-30T12:47:41.088392500Z,61701,1760,DESKTOP-QGB4EQH,11,2356,INFORMATION,Microsoft-Windows-Sysmon,60,false,6,Executable dropped in Windows root folder,"[""sysmon"",""sysmon_eid11_detections"",""windows""]",92217, , ,windows_eventchannel,log,"Nov 30, 2024 @ 12:47:41.684",EventChannel,1732970861.4947782,"Nov 30, 2024 @ 12:47:41.684", , , , , , , , , , , , ,6336, , , , , , , , , , ,"[""Lateral Tool Transfer""]","[""T1570""]","[""Lateral Movement""]", , , , ,C:\\Windows\\Microsoft.NET\\Framework64\\v4.0.30319\\mscorsvw.exe, , , , , , ,{15959494-096C-674B-E309-000000000D00},2024-11-30 12:47:41.074, ,"technique_id=T1574.010,technique_name=Services File Permissions Weakness", , ,NT AUTHORITY\\SYSTEM, , , , , , , , , , , , , , , , , , , , , , , , , , , , , , , , , , , , ,C:\\Windows\\assembly\\NativeImages_v4.0.30319_64\\Temp\\18c0-0\\Microsoft.ManagementConsole.dll,2024-11-30 12:47:41.074, , , , , , , , , , , , , , , , , , , , , , , , , , , , , , , , , , , , , , , , , , , , , , , , , , , , , , , , , , , , , , , , , , , 
wazuh-alerts-4.x-2024.11.30,OPocfZMBRlc-D5DFRCLq,1,1,192.168.117.134,window-agent3,003,Maryam, ,11, ,0x8000000000000000,{5770385F-C22A-43E0-BF4C-06F5698FFBD9},4,Microsoft-Windows-Sysmon/Operational,0,"""File created:
RuleName: -
UtcTime: 2024-11-30 12:47:02.650
ProcessGuid: {15959494-0909-674B-FB08-000000000D00}
ProcessId: 456
Image: C:\Windows\system32\cleanmgr.exe
TargetFilename: C:\Users\mari\AppData\Local\Temp\3F1FDBC2-3B6A-42EA-BD7B-8FA000ABE13E\DismHost.exe
CreationUtcTime: 2024-11-30 12:47:02.650
User: DESKTOP-QGB4EQH\mari""",2,2024-11-30T12:47:02.655143100Z,61281,1760,DESKTOP-QGB4EQH,11,2356,INFORMATION,Microsoft-Windows-Sysmon,4,true,15,Executable file dropped in folder commonly used by malware,"[""sysmon"",""sysmon_eid11_detections"",""windows""]",92213, , ,windows_eventchannel,log,"Nov 30, 2024 @ 12:47:03.286",EventChannel,1732970823.4527159,"Nov 30, 2024 @ 12:47:03.286", , , , , , , , , , , , ,456, , , , , , , , , , ,"[""Ingress Tool Transfer""]","[""T1105""]","[""Command and Control""]", , , , ,C:\\Windows\\system32\\cleanmgr.exe, , , , , , ,{15959494-0909-674B-FB08-000000000D00},2024-11-30 12:47:02.650, , , , ,DESKTOP-QGB4EQH\\mari, , , , , , , , , , , , , , , , , , , , , , , , , , , , , , , , , , , , ,C:\\Users\\mari\\AppData\\Local\\Temp\\3F1FDBC2-3B6A-42EA-BD7B-8FA000ABE13E\\DismHost.exe,2024-11-30 12:47:02.650, , , , , , , , , , , , , , , , , , , , , , , , , , , , , , , , , , , , , , , , , , , , , , , , , , , , , , , , , , , , , , , , , , , 
wazuh-alerts-4.x-2024.11.30,O_ocfZMBRlc-D5DFSCLV,1,1,192.168.117.134,window-agent3,003,Maryam, ,7, ,0x8000000000000000,{5770385F-C22A-43E0-BF4C-06F5698FFBD9},4,Microsoft-Windows-Sysmon/Operational,0,"""Image loaded:
RuleName: technique_id=T1059.001,technique_name=PowerShell
UtcTime: 2024-11-30 12:47:03.291
ProcessGuid: {15959494-0947-674B-4D09-000000000D00}
ProcessId: 2988
Image: C:\Windows\Microsoft.NET\Framework\v4.0.30319\mscorsvw.exe
ImageLoaded: C:\Windows\Microsoft.NET\assembly\GAC_MSIL\System.Management.Automation\v4.0_3.0.0.0__31bf3856ad364e35\System.Management.Automation.dll
FileVersion: 10.0.17134.165
Description: System.Management.Automation
Product: Microsoft (R) Windows (R) Operating System
Company: Microsoft Corporation
OriginalFileName: System.Management.Automation.dll
Hashes: SHA1=C3F1336B5DD10C00D91B556EC22580E221B93208,MD5=4A1195FB925BC6AE1DE497C25C56D064,SHA256=466427A13CA32840969B326032664657391A1E0C52B8550F2A2337B89F5AC333,IMPHASH=DAE02F32A21E03CE65412F6E56942DAA
Signed: true
Signature: Microsoft Windows
SignatureStatus: Valid
User: NT AUTHORITY\SYSTEM""",3,2024-11-30T12:47:03.297047200Z,61292,1760,DESKTOP-QGB4EQH,7,2356,INFORMATION,Microsoft-Windows-Sysmon,62,true,12,Binary loaded PowerShell automation library - Possible unmanaged Powershell execution by suspicious process,"[""sysmon"",""sysmon_eid7_detections"",""windows""]",92151, , ,windows_eventchannel,log,"Nov 30, 2024 @ 12:47:04.370",EventChannel,1732970824.4538303,"Nov 30, 2024 @ 12:47:04.370", , , , , , , , , , , , ,2988, , , , , , , , , , ,"[""PowerShell""]","[""T1059.001""]","[""Execution""]", , , ,System.Management.Automation.dll,C:\\Windows\\Microsoft.NET\\Framework\\v4.0.30319\\mscorsvw.exe,Microsoft (R) Windows (R) Operating System,Microsoft Windows,C:\\Windows\\Microsoft.NET\\assembly\\GAC_MSIL\\System.Management.Automation\\v4.0_3.0.0.0__31bf3856ad364e35\\System.Management.Automation.dll,System.Management.Automation,true,Valid,{15959494-0947-674B-4D09-000000000D00},2024-11-30 12:47:03.291,"SHA1=C3F1336B5DD10C00D91B556EC22580E221B93208,MD5=4A1195FB925BC6AE1DE497C25C56D064,SHA256=466427A13CA32840969B326032664657391A1E0C52B8550F2A2337B89F5AC333,IMPHASH=DAE02F32A21E03CE65412F6E56942DAA","technique_id=T1059.001,technique_name=PowerShell",Microsoft Corporation,10.0.17134.165,NT AUTHORITY\\SYSTEM, , , , , , , , , , , , , , , , , , , , , , , , , , , , , , , , , , , , , , , , , , , , , , , , , , , , , , , , , , , , , , , , , , , , , , , , , , , , , , , , , , , , , , , , , , , , , , , , , , , , , , , , , 
wazuh-alerts-4.x-2024.11.30,PfocfZMBRlc-D5DFSCLV,1,1,192.168.117.134,window-agent3,003,Maryam, ,7, ,0x8000000000000000,{5770385F-C22A-43E0-BF4C-06F5698FFBD9},4,Microsoft-Windows-Sysmon/Operational,0,"""Image loaded:
RuleName: technique_id=T1059.001,technique_name=PowerShell
UtcTime: 2024-11-30 12:47:03.400
ProcessGuid: {15959494-0947-674B-4E09-000000000D00}
ProcessId: 5440
Image: C:\Windows\Microsoft.NET\Framework\v4.0.30319\mscorsvw.exe
ImageLoaded: C:\Windows\Microsoft.NET\assembly\GAC_MSIL\System.Management.Automation\v4.0_3.0.0.0__31bf3856ad364e35\System.Management.Automation.dll
FileVersion: 10.0.17134.165
Description: System.Management.Automation
Product: Microsoft (R) Windows (R) Operating System
Company: Microsoft Corporation
OriginalFileName: System.Management.Automation.dll
Hashes: SHA1=C3F1336B5DD10C00D91B556EC22580E221B93208,MD5=4A1195FB925BC6AE1DE497C25C56D064,SHA256=466427A13CA32840969B326032664657391A1E0C52B8550F2A2337B89F5AC333,IMPHASH=DAE02F32A21E03CE65412F6E56942DAA
Signed: true
Signature: Microsoft Windows
SignatureStatus: Valid
User: NT AUTHORITY\SYSTEM""",3,2024-11-30T12:47:03.411659500Z,61302,1760,DESKTOP-QGB4EQH,7,2356,INFORMATION,Microsoft-Windows-Sysmon,64,true,12,Binary loaded PowerShell automation library - Possible unmanaged Powershell execution by suspicious process,"[""sysmon"",""sysmon_eid7_detections"",""windows""]",92151, , ,windows_eventchannel,log,"Nov 30, 2024 @ 12:47:04.520",EventChannel,1732970824.4548711,"Nov 30, 2024 @ 12:47:04.520", , , , , , , , , , , , ,5440, , , , , , , , , , ,"[""PowerShell""]","[""T1059.001""]","[""Execution""]", , , ,System.Management.Automation.dll,C:\\Windows\\Microsoft.NET\\Framework\\v4.0.30319\\mscorsvw.exe,Microsoft (R) Windows (R) Operating System,Microsoft Windows,C:\\Windows\\Microsoft.NET\\assembly\\GAC_MSIL\\System.Management.Automation\\v4.0_3.0.0.0__31bf3856ad364e35\\System.Management.Automation.dll,System.Management.Automation,true,Valid,{15959494-0947-674B-4E09-000000000D00},2024-11-30 12:47:03.400,"SHA1=C3F1336B5DD10C00D91B556EC22580E221B93208,MD5=4A1195FB925BC6AE1DE497C25C56D064,SHA256=466427A13CA32840969B326032664657391A1E0C52B8550F2A2337B89F5AC333,IMPHASH=DAE02F32A21E03CE65412F6E56942DAA","technique_id=T1059.001,technique_name=PowerShell",Microsoft Corporation,10.0.17134.165,NT AUTHORITY\\SYSTEM, , , , , , , , , , , , , , , , , , , , , , , , , , , , , , , , , , , , , , , , , , , , , , , , , , , , , , , , , , , , , , , , , , , , , , , , , , , , , , , , , , , , , , , , , , , , , , , , , , , , , , , , , 
wazuh-alerts-4.x-2024.11.30,PvocfZMBRlc-D5DFSCLV,1,1,192.168.117.134,window-agent3,003,Maryam, ,11, ,0x8000000000000000,{5770385F-C22A-43E0-BF4C-06F5698FFBD9},4,Microsoft-Windows-Sysmon/Operational,0,"""File created:
RuleName: technique_id=T1574.010,technique_name=Services File Permissions Weakness
UtcTime: 2024-11-30 12:47:03.682
ProcessGuid: {15959494-0947-674B-4E09-000000000D00}
ProcessId: 5440
Image: C:\Windows\Microsoft.NET\Framework\v4.0.30319\mscorsvw.exe
TargetFilename: C:\Windows\assembly\NativeImages_v4.0.30319_32\Temp\1540-0\Microsoft.Security.ApplicationId.PolicyManagement.Cmdlets.dll
CreationUtcTime: 2024-11-30 12:47:03.682
User: NT AUTHORITY\SYSTEM""",2,2024-11-30T12:47:03.694291900Z,61305,1760,DESKTOP-QGB4EQH,11,2356,INFORMATION,Microsoft-Windows-Sysmon,19,false,6,Executable dropped in Windows root folder,"[""sysmon"",""sysmon_eid11_detections"",""windows""]",92217, , ,windows_eventchannel,log,"Nov 30, 2024 @ 12:47:04.567",EventChannel,1732970824.4553915,"Nov 30, 2024 @ 12:47:04.567", , , , , , , , , , , , ,5440, , , , , , , , , , ,"[""Lateral Tool Transfer""]","[""T1570""]","[""Lateral Movement""]", , , , ,C:\\Windows\\Microsoft.NET\\Framework\\v4.0.30319\\mscorsvw.exe, , , , , , ,{15959494-0947-674B-4E09-000000000D00},2024-11-30 12:47:03.682, ,"technique_id=T1574.010,technique_name=Services File Permissions Weakness", , ,NT AUTHORITY\\SYSTEM, , , , , , , , , , , , , , , , , , , , , , , , , , , , , , , , , , , , ,C:\\Windows\\assembly\\NativeImages_v4.0.30319_32\\Temp\\1540-0\\Microsoft.Security.ApplicationId.PolicyManagement.Cmdlets.dll,2024-11-30 12:47:03.682, , , , , , , , , , , , , , , , , , , , , , , , , , , , , , , , , , , , , , , , , , , , , , , , , , , , , , , , , , , , , , , , , , , 
wazuh-alerts-4.x-2024.11.30,QPocfZMBRlc-D5DFSCLV,1,1,192.168.117.134,window-agent3,003,Maryam, ,11, ,0x8000000000000000,{5770385F-C22A-43E0-BF4C-06F5698FFBD9},4,Microsoft-Windows-Sysmon/Operational,0,"""File created:
RuleName: technique_id=T1574.010,technique_name=Services File Permissions Weakness
UtcTime: 2024-11-30 12:47:04.337
ProcessGuid: {15959494-0948-674B-5209-000000000D00}
ProcessId: 756
Image: C:\Windows\Microsoft.NET\Framework\v4.0.30319\mscorsvw.exe
TargetFilename: C:\Windows\assembly\NativeImages_v4.0.30319_32\Temp\2f4-0\Microsoft.Security.ApplicationId.PolicyManagement.PolicyManager.dll
CreationUtcTime: 2024-11-30 12:47:04.337
User: NT AUTHORITY\SYSTEM""",2,2024-11-30T12:47:04.339912800Z,61320,1760,DESKTOP-QGB4EQH,11,2356,INFORMATION,Microsoft-Windows-Sysmon,21,false,6,Executable dropped in Windows root folder,"[""sysmon"",""sysmon_eid11_detections"",""windows""]",92217, , ,windows_eventchannel,log,"Nov 30, 2024 @ 12:47:05.399",EventChannel,1732970825.4560545,"Nov 30, 2024 @ 12:47:05.399", , , , , , , , , , , , ,756, , , , , , , , , , ,"[""Lateral Tool Transfer""]","[""T1570""]","[""Lateral Movement""]", , , , ,C:\\Windows\\Microsoft.NET\\Framework\\v4.0.30319\\mscorsvw.exe, , , , , , ,{15959494-0948-674B-5209-000000000D00},2024-11-30 12:47:04.337, ,"technique_id=T1574.010,technique_name=Services File Permissions Weakness", , ,NT AUTHORITY\\SYSTEM, , , , , , , , , , , , , , , , , , , , , , , , , , , , , , , , , , , , ,C:\\Windows\\assembly\\NativeImages_v4.0.30319_32\\Temp\\2f4-0\\Microsoft.Security.ApplicationId.PolicyManagement.PolicyManager.dll,2024-11-30 12:47:04.337, , , , , , , , , , , , , , , , , , , , , , , , , , , , , , , , , , , , , , , , , , , , , , , , , , , , , , , , , , , , , , , , , , , 
wazuh-alerts-4.x-2024.11.30,RvocfZMBRlc-D5DFUCKn,1,1,192.168.117.134,window-agent3,003,Maryam, ,7, ,0x8000000000000000,{5770385F-C22A-43E0-BF4C-06F5698FFBD9},4,Microsoft-Windows-Sysmon/Operational,0,"""Image loaded:
RuleName: technique_id=T1059.001,technique_name=PowerShell
UtcTime: 2024-11-30 12:47:05.775
ProcessGuid: {15959494-0949-674B-5A09-000000000D00}
ProcessId: 6856
Image: C:\Windows\Microsoft.NET\Framework\v4.0.30319\mscorsvw.exe
ImageLoaded: C:\Windows\Microsoft.NET\assembly\GAC_MSIL\System.Management.Automation\v4.0_3.0.0.0__31bf3856ad364e35\System.Management.Automation.dll
FileVersion: 10.0.17134.165
Description: System.Management.Automation
Product: Microsoft (R) Windows (R) Operating System
Company: Microsoft Corporation
OriginalFileName: System.Management.Automation.dll
Hashes: SHA1=C3F1336B5DD10C00D91B556EC22580E221B93208,MD5=4A1195FB925BC6AE1DE497C25C56D064,SHA256=466427A13CA32840969B326032664657391A1E0C52B8550F2A2337B89F5AC333,IMPHASH=DAE02F32A21E03CE65412F6E56942DAA
Signed: true
Signature: Microsoft Windows
SignatureStatus: Valid
User: NT AUTHORITY\SYSTEM""",3,2024-11-30T12:47:05.790910700Z,61362,1760,DESKTOP-QGB4EQH,7,2356,INFORMATION,Microsoft-Windows-Sysmon,67,true,12,Binary loaded PowerShell automation library - Possible unmanaged Powershell execution by suspicious process,"[""sysmon"",""sysmon_eid7_detections"",""windows""]",92151, , ,windows_eventchannel,log,"Nov 30, 2024 @ 12:47:06.708",EventChannel,1732970826.4584169,"Nov 30, 2024 @ 12:47:06.708", , , , , , , , , , , , ,6856, , , , , , , , , , ,"[""PowerShell""]","[""T1059.001""]","[""Execution""]", , , ,System.Management.Automation.dll,C:\\Windows\\Microsoft.NET\\Framework\\v4.0.30319\\mscorsvw.exe,Microsoft (R) Windows (R) Operating System,Microsoft Windows,C:\\Windows\\Microsoft.NET\\assembly\\GAC_MSIL\\System.Management.Automation\\v4.0_3.0.0.0__31bf3856ad364e35\\System.Management.Automation.dll,System.Management.Automation,true,Valid,{15959494-0949-674B-5A09-000000000D00},2024-11-30 12:47:05.775,"SHA1=C3F1336B5DD10C00D91B556EC22580E221B93208,MD5=4A1195FB925BC6AE1DE497C25C56D064,SHA256=466427A13CA32840969B326032664657391A1E0C52B8550F2A2337B89F5AC333,IMPHASH=DAE02F32A21E03CE65412F6E56942DAA","technique_id=T1059.001,technique_name=PowerShell",Microsoft Corporation,10.0.17134.165,NT AUTHORITY\\SYSTEM, , , , , , , , , , , , , , , , , , , , , , , , , , , , , , , , , , , , , , , , , , , , , , , , , , , , , , , , , , , , , , , , , , , , , , , , , , , , , , , , , , , , , , , , , , , , , , , , , , , , , , , , , 
