wazuh-alerts-4.x-2024.11.30,w_pWfZMBRlc-D5DFLiNW,1,1,192.168.117.130,wazuh-agent,002,Maryam, ,11, ,0x8000000000000000,{5770385F-C22A-43E0-BF4C-06F5698FFBD9},4,Microsoft-Windows-Sysmon/Operational,0,"""File created:
RuleName: DLL
UtcTime: 2024-11-30 13:50:15.350
ProcessGuid: {D8AF36FB-1816-674B-0602-000000000900}
ProcessId: 2660
Image: C:\Users\maryam\AppData\Local\Microsoft\OneDrive\StandaloneUpdater\MicrosoftEdgeWebview2Setup.exe
TargetFilename: C:\Users\maryam\AppData\Local\Temp\EU60C8.tmp\msedgeupdateres_sl.dll
CreationUtcTime: 2024-11-30 13:50:15.350
User: DESKTOP-FMI6MML\maryam""",2,2024-11-30T13:50:15.378804700Z,51142,4148,DESKTOP-FMI6MML,11,2364,INFORMATION,Microsoft-Windows-Sysmon,59,true,15,Executable file dropped in folder commonly used by malware,"[""sysmon"",""sysmon_eid11_detections"",""windows""]",92213, , ,windows_eventchannel,log,"Nov 30, 2024 @ 13:50:16.914",EventChannel,1732974616.5976429,"Nov 30, 2024 @ 13:50:16.914", , , , , , , , , , , , ,2660, , , , , , , , , , ,"[""Ingress Tool Transfer""]","[""T1105""]","[""Command and Control""]", , , , ,C:\\Users\\maryam\\AppData\\Local\\Microsoft\\OneDrive\\StandaloneUpdater\\MicrosoftEdgeWebview2Setup.exe, , , , , , ,{D8AF36FB-1816-674B-0602-000000000900},2024-11-30 13:50:15.350, ,DLL, , ,DESKTOP-FMI6MML\\maryam, , , , , , , , , , , , , , , , , , , , , , , , , , , , , , , , , , , , ,C:\\Users\\maryam\\AppData\\Local\\Temp\\EU60C8.tmp\\msedgeupdateres_sl.dll,2024-11-30 13:50:15.350, , , , , , , , , , , , , , , , , , , , , , , , , , , , , , , , , , , , , , , , , , , , , , , , , , , , , , , , , , , , , , , , , , , 
wazuh-alerts-4.x-2024.11.30,xfpWfZMBRlc-D5DFLiNW,1,1,192.168.117.130,wazuh-agent,002,Maryam, ,11, ,0x8000000000000000,{5770385F-C22A-43E0-BF4C-06F5698FFBD9},4,Microsoft-Windows-Sysmon/Operational,0,"""File created:
RuleName: DLL
UtcTime: 2024-11-30 13:50:15.381
ProcessGuid: {D8AF36FB-1816-674B-0602-000000000900}
ProcessId: 2660
Image: C:\Users\maryam\AppData\Local\Microsoft\OneDrive\StandaloneUpdater\MicrosoftEdgeWebview2Setup.exe
TargetFilename: C:\Users\maryam\AppData\Local\Temp\EU60C8.tmp\msedgeupdateres_ta.dll
CreationUtcTime: 2024-11-30 13:50:15.381
User: DESKTOP-FMI6MML\maryam""",2,2024-11-30T13:50:15.398777200Z,51145,4148,DESKTOP-FMI6MML,11,2364,INFORMATION,Microsoft-Windows-Sysmon,61,true,15,Executable file dropped in folder commonly used by malware,"[""sysmon"",""sysmon_eid11_detections"",""windows""]",92213, , ,windows_eventchannel,log,"Nov 30, 2024 @ 13:50:16.948",EventChannel,1732974616.5982447,"Nov 30, 2024 @ 13:50:16.948", , , , , , , , , , , , ,2660, , , , , , , , , , ,"[""Ingress Tool Transfer""]","[""T1105""]","[""Command and Control""]", , , , ,C:\\Users\\maryam\\AppData\\Local\\Microsoft\\OneDrive\\StandaloneUpdater\\MicrosoftEdgeWebview2Setup.exe, , , , , , ,{D8AF36FB-1816-674B-0602-000000000900},2024-11-30 13:50:15.381, ,DLL, , ,DESKTOP-FMI6MML\\maryam, , , , , , , , , , , , , , , , , , , , , , , , , , , , , , , , , , , , ,C:\\Users\\maryam\\AppData\\Local\\Temp\\EU60C8.tmp\\msedgeupdateres_ta.dll,2024-11-30 13:50:15.381, , , , , , , , , , , , , , , , , , , , , , , , , , , , , , , , , , , , , , , , , , , , , , , , , , , , , , , , , , , , , , , , , , , 
wazuh-alerts-4.x-2024.11.30,xvpWfZMBRlc-D5DFLiNW,1,1,192.168.117.130,wazuh-agent,002,Maryam, ,11, ,0x8000000000000000,{5770385F-C22A-43E0-BF4C-06F5698FFBD9},4,Microsoft-Windows-Sysmon/Operational,0,"""File created:
RuleName: DLL
UtcTime: 2024-11-30 13:50:15.365
ProcessGuid: {D8AF36FB-1816-674B-0602-000000000900}
ProcessId: 2660
Image: C:\Users\maryam\AppData\Local\Microsoft\OneDrive\StandaloneUpdater\MicrosoftEdgeWebview2Setup.exe
TargetFilename: C:\Users\maryam\AppData\Local\Temp\EU60C8.tmp\msedgeupdateres_sv.dll
CreationUtcTime: 2024-11-30 13:50:15.365
User: DESKTOP-FMI6MML\maryam""",2,2024-11-30T13:50:15.389974800Z,51144,4148,DESKTOP-FMI6MML,11,2364,INFORMATION,Microsoft-Windows-Sysmon,62,true,15,Executable file dropped in folder commonly used by malware,"[""sysmon"",""sysmon_eid11_detections"",""windows""]",92213, , ,windows_eventchannel,log,"Nov 30, 2024 @ 13:50:16.948",EventChannel,1732974616.5985456,"Nov 30, 2024 @ 13:50:16.948", , , , , , , , , , , , ,2660, , , , , , , , , , ,"[""Ingress Tool Transfer""]","[""T1105""]","[""Command and Control""]", , , , ,C:\\Users\\maryam\\AppData\\Local\\Microsoft\\OneDrive\\StandaloneUpdater\\MicrosoftEdgeWebview2Setup.exe, , , , , , ,{D8AF36FB-1816-674B-0602-000000000900},2024-11-30 13:50:15.365, ,DLL, , ,DESKTOP-FMI6MML\\maryam, , , , , , , , , , , , , , , , , , , , , , , , , , , , , , , , , , , , ,C:\\Users\\maryam\\AppData\\Local\\Temp\\EU60C8.tmp\\msedgeupdateres_sv.dll,2024-11-30 13:50:15.365, , , , , , , , , , , , , , , , , , , , , , , , , , , , , , , , , , , , , , , , , , , , , , , , , , , , , , , , , , , , , , , , , , , 
wazuh-alerts-4.x-2024.11.30,yPpWfZMBRlc-D5DFLiNW,1,1,192.168.117.130,wazuh-agent,002,Maryam, ,11, ,0x8000000000000000,{5770385F-C22A-43E0-BF4C-06F5698FFBD9},4,Microsoft-Windows-Sysmon/Operational,0,"""File created:
RuleName: DLL
UtcTime: 2024-11-30 13:50:15.397
ProcessGuid: {D8AF36FB-1816-674B-0602-000000000900}
ProcessId: 2660
Image: C:\Users\maryam\AppData\Local\Microsoft\OneDrive\StandaloneUpdater\MicrosoftEdgeWebview2Setup.exe
TargetFilename: C:\Users\maryam\AppData\Local\Temp\EU60C8.tmp\msedgeupdateres_th.dll
CreationUtcTime: 2024-11-30 13:50:15.397
User: DESKTOP-FMI6MML\maryam""",2,2024-11-30T13:50:15.407516300Z,51147,4148,DESKTOP-FMI6MML,11,2364,INFORMATION,Microsoft-Windows-Sysmon,64,true,15,Executable file dropped in folder commonly used by malware,"[""sysmon"",""sysmon_eid11_detections"",""windows""]",92213, , ,windows_eventchannel,log,"Nov 30, 2024 @ 13:50:16.978",EventChannel,1732974616.5991474,"Nov 30, 2024 @ 13:50:16.978", , , , , , , , , , , , ,2660, , , , , , , , , , ,"[""Ingress Tool Transfer""]","[""T1105""]","[""Command and Control""]", , , , ,C:\\Users\\maryam\\AppData\\Local\\Microsoft\\OneDrive\\StandaloneUpdater\\MicrosoftEdgeWebview2Setup.exe, , , , , , ,{D8AF36FB-1816-674B-0602-000000000900},2024-11-30 13:50:15.397, ,DLL, , ,DESKTOP-FMI6MML\\maryam, , , , , , , , , , , , , , , , , , , , , , , , , , , , , , , , , , , , ,C:\\Users\\maryam\\AppData\\Local\\Temp\\EU60C8.tmp\\msedgeupdateres_th.dll,2024-11-30 13:50:15.397, , , , , , , , , , , , , , , , , , , , , , , , , , , , , , , , , , , , , , , , , , , , , , , , , , , , , , , , , , , , , , , , , , , 
wazuh-alerts-4.x-2024.11.30,yvpWfZMBRlc-D5DFLiNW,1,1,192.168.117.130,wazuh-agent,002,Maryam, ,11, ,0x8000000000000000,{5770385F-C22A-43E0-BF4C-06F5698FFBD9},4,Microsoft-Windows-Sysmon/Operational,0,"""File created:
RuleName: DLL
UtcTime: 2024-11-30 13:50:15.444
ProcessGuid: {D8AF36FB-1816-674B-0602-000000000900}
ProcessId: 2660
Image: C:\Users\maryam\AppData\Local\Microsoft\OneDrive\StandaloneUpdater\MicrosoftEdgeWebview2Setup.exe
TargetFilename: C:\Users\maryam\AppData\Local\Temp\EU60C8.tmp\msedgeupdateres_uk.dll
CreationUtcTime: 2024-11-30 13:50:15.444
User: DESKTOP-FMI6MML\maryam""",2,2024-11-30T13:50:15.472634800Z,51149,4148,DESKTOP-FMI6MML,11,2364,INFORMATION,Microsoft-Windows-Sysmon,66,true,15,Executable file dropped in folder commonly used by malware,"[""sysmon"",""sysmon_eid11_detections"",""windows""]",92213, , ,windows_eventchannel,log,"Nov 30, 2024 @ 13:50:17.027",EventChannel,1732974617.5997492,"Nov 30, 2024 @ 13:50:17.027", , , , , , , , , , , , ,2660, , , , , , , , , , ,"[""Ingress Tool Transfer""]","[""T1105""]","[""Command and Control""]", , , , ,C:\\Users\\maryam\\AppData\\Local\\Microsoft\\OneDrive\\StandaloneUpdater\\MicrosoftEdgeWebview2Setup.exe, , , , , , ,{D8AF36FB-1816-674B-0602-000000000900},2024-11-30 13:50:15.444, ,DLL, , ,DESKTOP-FMI6MML\\maryam, , , , , , , , , , , , , , , , , , , , , , , , , , , , , , , , , , , , ,C:\\Users\\maryam\\AppData\\Local\\Temp\\EU60C8.tmp\\msedgeupdateres_uk.dll,2024-11-30 13:50:15.444, , , , , , , , , , , , , , , , , , , , , , , , , , , , , , , , , , , , , , , , , , , , , , , , , , , , , , , , , , , , , , , , , , , 
wazuh-alerts-4.x-2024.11.30,zPpWfZMBRlc-D5DFLiNW,1,1,192.168.117.130,wazuh-agent,002,Maryam, ,11, ,0x8000000000000000,{5770385F-C22A-43E0-BF4C-06F5698FFBD9},4,Microsoft-Windows-Sysmon/Operational,0,"""File created:
RuleName: DLL
UtcTime: 2024-11-30 13:50:15.444
ProcessGuid: {D8AF36FB-1816-674B-0602-000000000900}
ProcessId: 2660
Image: C:\Users\maryam\AppData\Local\Microsoft\OneDrive\StandaloneUpdater\MicrosoftEdgeWebview2Setup.exe
TargetFilename: C:\Users\maryam\AppData\Local\Temp\EU60C8.tmp\msedgeupdateres_vi.dll
CreationUtcTime: 2024-11-30 13:50:15.444
User: DESKTOP-FMI6MML\maryam""",2,2024-11-30T13:50:15.472819100Z,51151,4148,DESKTOP-FMI6MML,11,2364,INFORMATION,Microsoft-Windows-Sysmon,68,true,15,Executable file dropped in folder commonly used by malware,"[""sysmon"",""sysmon_eid11_detections"",""windows""]",92213, , ,windows_eventchannel,log,"Nov 30, 2024 @ 13:50:17.055",EventChannel,1732974617.6003510,"Nov 30, 2024 @ 13:50:17.055", , , , , , , , , , , , ,2660, , , , , , , , , , ,"[""Ingress Tool Transfer""]","[""T1105""]","[""Command and Control""]", , , , ,C:\\Users\\maryam\\AppData\\Local\\Microsoft\\OneDrive\\StandaloneUpdater\\MicrosoftEdgeWebview2Setup.exe, , , , , , ,{D8AF36FB-1816-674B-0602-000000000900},2024-11-30 13:50:15.444, ,DLL, , ,DESKTOP-FMI6MML\\maryam, , , , , , , , , , , , , , , , , , , , , , , , , , , , , , , , , , , , ,C:\\Users\\maryam\\AppData\\Local\\Temp\\EU60C8.tmp\\msedgeupdateres_vi.dll,2024-11-30 13:50:15.444, , , , , , , , , , , , , , , , , , , , , , , , , , , , , , , , , , , , , , , , , , , , , , , , , , , , , , , , , , , , , , , , , , , 
wazuh-alerts-4.x-2024.11.30,zvpWfZMBRlc-D5DFLiNW,1,1,192.168.117.130,wazuh-agent,002,Maryam, ,11, ,0x8000000000000000,{5770385F-C22A-43E0-BF4C-06F5698FFBD9},4,Microsoft-Windows-Sysmon/Operational,0,"""File created:
RuleName: DLL
UtcTime: 2024-11-30 13:50:15.475
ProcessGuid: {D8AF36FB-1816-674B-0602-000000000900}
ProcessId: 2660
Image: C:\Users\maryam\AppData\Local\Microsoft\OneDrive\StandaloneUpdater\MicrosoftEdgeWebview2Setup.exe
TargetFilename: C:\Users\maryam\AppData\Local\Temp\EU60C8.tmp\msedgeupdateres_zh-TW.dll
CreationUtcTime: 2024-11-30 13:50:15.475
User: DESKTOP-FMI6MML\maryam""",2,2024-11-30T13:50:15.486187700Z,51153,4148,DESKTOP-FMI6MML,11,2364,INFORMATION,Microsoft-Windows-Sysmon,70,true,15,Executable file dropped in folder commonly used by malware,"[""sysmon"",""sysmon_eid11_detections"",""windows""]",92213, , ,windows_eventchannel,log,"Nov 30, 2024 @ 13:50:17.093",EventChannel,1732974617.6009540,"Nov 30, 2024 @ 13:50:17.093", , , , , , , , , , , , ,2660, , , , , , , , , , ,"[""Ingress Tool Transfer""]","[""T1105""]","[""Command and Control""]", , , , ,C:\\Users\\maryam\\AppData\\Local\\Microsoft\\OneDrive\\StandaloneUpdater\\MicrosoftEdgeWebview2Setup.exe, , , , , , ,{D8AF36FB-1816-674B-0602-000000000900},2024-11-30 13:50:15.475, ,DLL, , ,DESKTOP-FMI6MML\\maryam, , , , , , , , , , , , , , , , , , , , , , , , , , , , , , , , , , , , ,C:\\Users\\maryam\\AppData\\Local\\Temp\\EU60C8.tmp\\msedgeupdateres_zh-TW.dll,2024-11-30 13:50:15.475, , , , , , , , , , , , , , , , , , , , , , , , , , , , , , , , , , , , , , , , , , , , , , , , , , , , , , , , , , , , , , , , , , , 
wazuh-alerts-4.x-2024.11.30,z_pWfZMBRlc-D5DFLiNW,1,1,192.168.117.130,wazuh-agent,002,Maryam, ,11, ,0x8000000000000000,{5770385F-C22A-43E0-BF4C-06F5698FFBD9},4,Microsoft-Windows-Sysmon/Operational,0,"""File created:
RuleName: DLL
UtcTime: 2024-11-30 13:50:15.475
ProcessGuid: {D8AF36FB-1816-674B-0602-000000000900}
ProcessId: 2660
Image: C:\Users\maryam\AppData\Local\Microsoft\OneDrive\StandaloneUpdater\MicrosoftEdgeWebview2Setup.exe
TargetFilename: C:\Users\maryam\AppData\Local\Temp\EU60C8.tmp\msedgeupdateres_af.dll
CreationUtcTime: 2024-11-30 13:50:15.475
User: DESKTOP-FMI6MML\maryam""",2,2024-11-30T13:50:15.501653700Z,51154,4148,DESKTOP-FMI6MML,11,2364,INFORMATION,Microsoft-Windows-Sysmon,71,true,15,Executable file dropped in folder commonly used by malware,"[""sysmon"",""sysmon_eid11_detections"",""windows""]",92213, , ,windows_eventchannel,log,"Nov 30, 2024 @ 13:50:17.103",EventChannel,1732974617.6012561,"Nov 30, 2024 @ 13:50:17.103", , , , , , , , , , , , ,2660, , , , , , , , , , ,"[""Ingress Tool Transfer""]","[""T1105""]","[""Command and Control""]", , , , ,C:\\Users\\maryam\\AppData\\Local\\Microsoft\\OneDrive\\StandaloneUpdater\\MicrosoftEdgeWebview2Setup.exe, , , , , , ,{D8AF36FB-1816-674B-0602-000000000900},2024-11-30 13:50:15.475, ,DLL, , ,DESKTOP-FMI6MML\\maryam, , , , , , , , , , , , , , , , , , , , , , , , , , , , , , , , , , , , ,C:\\Users\\maryam\\AppData\\Local\\Temp\\EU60C8.tmp\\msedgeupdateres_af.dll,2024-11-30 13:50:15.475, , , , , , , , , , , , , , , , , , , , , , , , , , , , , , , , , , , , , , , , , , , , , , , , , , , , , , , , , , , , , , , , , , , 
wazuh-alerts-4.x-2024.11.30,0vpWfZMBRlc-D5DFLiNW,1,1,192.168.117.130,wazuh-agent,002,Maryam, ,11, ,0x8000000000000000,{5770385F-C22A-43E0-BF4C-06F5698FFBD9},4,Microsoft-Windows-Sysmon/Operational,0,"""File created:
RuleName: DLL
UtcTime: 2024-11-30 13:50:15.506
ProcessGuid: {D8AF36FB-1816-674B-0602-000000000900}
ProcessId: 2660
Image: C:\Users\maryam\AppData\Local\Microsoft\OneDrive\StandaloneUpdater\MicrosoftEdgeWebview2Setup.exe
TargetFilename: C:\Users\maryam\AppData\Local\Temp\EU60C8.tmp\msedgeupdateres_bn-IN.dll
CreationUtcTime: 2024-11-30 13:50:15.506
User: DESKTOP-FMI6MML\maryam""",2,2024-11-30T13:50:15.510482900Z,51157,4148,DESKTOP-FMI6MML,11,2364,INFORMATION,Microsoft-Windows-Sysmon,74,true,15,Executable file dropped in folder commonly used by malware,"[""sysmon"",""sysmon_eid11_detections"",""windows""]",92213, , ,windows_eventchannel,log,"Nov 30, 2024 @ 13:50:17.179",EventChannel,1732974617.6021588,"Nov 30, 2024 @ 13:50:17.179", , , , , , , , , , , , ,2660, , , , , , , , , , ,"[""Ingress Tool Transfer""]","[""T1105""]","[""Command and Control""]", , , , ,C:\\Users\\maryam\\AppData\\Local\\Microsoft\\OneDrive\\StandaloneUpdater\\MicrosoftEdgeWebview2Setup.exe, , , , , , ,{D8AF36FB-1816-674B-0602-000000000900},2024-11-30 13:50:15.506, ,DLL, , ,DESKTOP-FMI6MML\\maryam, , , , , , , , , , , , , , , , , , , , , , , , , , , , , , , , , , , , ,C:\\Users\\maryam\\AppData\\Local\\Temp\\EU60C8.tmp\\msedgeupdateres_bn-IN.dll,2024-11-30 13:50:15.506, , , , , , , , , , , , , , , , , , , , , , , , , , , , , , , , , , , , , , , , , , , , , , , , , , , , , , , , , , , , , , , , , , , 
wazuh-alerts-4.x-2024.11.30,1_pWfZMBRlc-D5DFLiNW,1,1,192.168.117.130,wazuh-agent,002,Maryam, ,11, ,0x8000000000000000,{5770385F-C22A-43E0-BF4C-06F5698FFBD9},4,Microsoft-Windows-Sysmon/Operational,0,"""File created:
RuleName: DLL
UtcTime: 2024-11-30 13:50:15.522
ProcessGuid: {D8AF36FB-1816-674B-0602-000000000900}
ProcessId: 2660
Image: C:\Users\maryam\AppData\Local\Microsoft\OneDrive\StandaloneUpdater\MicrosoftEdgeWebview2Setup.exe
TargetFilename: C:\Users\maryam\AppData\Local\Temp\EU60C8.tmp\msedgeupdateres_fr-CA.dll
CreationUtcTime: 2024-11-30 13:50:15.522
User: DESKTOP-FMI6MML\maryam""",2,2024-11-30T13:50:15.524893200Z,51162,4148,DESKTOP-FMI6MML,11,2364,INFORMATION,Microsoft-Windows-Sysmon,79,true,15,Executable file dropped in folder commonly used by malware,"[""sysmon"",""sysmon_eid11_detections"",""windows""]",92213, , ,windows_eventchannel,log,"Nov 30, 2024 @ 13:50:17.287",EventChannel,1732974617.6036693,"Nov 30, 2024 @ 13:50:17.287", , , , , , , , , , , , ,2660, , , , , , , , , , ,"[""Ingress Tool Transfer""]","[""T1105""]","[""Command and Control""]", , , , ,C:\\Users\\maryam\\AppData\\Local\\Microsoft\\OneDrive\\StandaloneUpdater\\MicrosoftEdgeWebview2Setup.exe, , , , , , ,{D8AF36FB-1816-674B-0602-000000000900},2024-11-30 13:50:15.522, ,DLL, , ,DESKTOP-FMI6MML\\maryam, , , , , , , , , , , , , , , , , , , , , , , , , , , , , , , , , , , , ,C:\\Users\\maryam\\AppData\\Local\\Temp\\EU60C8.tmp\\msedgeupdateres_fr-CA.dll,2024-11-30 13:50:15.522, , , , , , , , , , , , , , , , , , , , , , , , , , , , , , , , , , , , , , , , , , , , , , , , , , , , , , , , , , , , , , , , , , , 
wazuh-alerts-4.x-2024.11.30,2PpWfZMBRlc-D5DFLiNW,1,1,192.168.117.130,wazuh-agent,002,Maryam, ,11, ,0x8000000000000000,{5770385F-C22A-43E0-BF4C-06F5698FFBD9},4,Microsoft-Windows-Sysmon/Operational,0,"""File created:
RuleName: DLL
UtcTime: 2024-11-30 13:50:15.522
ProcessGuid: {D8AF36FB-1816-674B-0602-000000000900}
ProcessId: 2660
Image: C:\Users\maryam\AppData\Local\Microsoft\OneDrive\StandaloneUpdater\MicrosoftEdgeWebview2Setup.exe
TargetFilename: C:\Users\maryam\AppData\Local\Temp\EU60C8.tmp\msedgeupdateres_ga.dll
CreationUtcTime: 2024-11-30 13:50:15.522
User: DESKTOP-FMI6MML\maryam""",2,2024-11-30T13:50:15.526608900Z,51163,4148,DESKTOP-FMI6MML,11,2364,INFORMATION,Microsoft-Windows-Sysmon,80,true,15,Executable file dropped in folder commonly used by malware,"[""sysmon"",""sysmon_eid11_detections"",""windows""]",92213, , ,windows_eventchannel,log,"Nov 30, 2024 @ 13:50:17.297",EventChannel,1732974617.6039714,"Nov 30, 2024 @ 13:50:17.297", , , , , , , , , , , , ,2660, , , , , , , , , , ,"[""Ingress Tool Transfer""]","[""T1105""]","[""Command and Control""]", , , , ,C:\\Users\\maryam\\AppData\\Local\\Microsoft\\OneDrive\\StandaloneUpdater\\MicrosoftEdgeWebview2Setup.exe, , , , , , ,{D8AF36FB-1816-674B-0602-000000000900},2024-11-30 13:50:15.522, ,DLL, , ,DESKTOP-FMI6MML\\maryam, , , , , , , , , , , , , , , , , , , , , , , , , , , , , , , , , , , , ,C:\\Users\\maryam\\AppData\\Local\\Temp\\EU60C8.tmp\\msedgeupdateres_ga.dll,2024-11-30 13:50:15.522, , , , , , , , , , , , , , , , , , , , , , , , , , , , , , , , , , , , , , , , , , , , , , , , , , , , , , , , , , , , , , , , , , , 
wazuh-alerts-4.x-2024.11.30,2fpWfZMBRlc-D5DFLiNW,1,1,192.168.117.130,wazuh-agent,002,Maryam, ,11, ,0x8000000000000000,{5770385F-C22A-43E0-BF4C-06F5698FFBD9},4,Microsoft-Windows-Sysmon/Operational,0,"""File created:
RuleName: DLL
UtcTime: 2024-11-30 13:50:15.522
ProcessGuid: {D8AF36FB-1816-674B-0602-000000000900}
ProcessId: 2660
Image: C:\Users\maryam\AppData\Local\Microsoft\OneDrive\StandaloneUpdater\MicrosoftEdgeWebview2Setup.exe
TargetFilename: C:\Users\maryam\AppData\Local\Temp\EU60C8.tmp\msedgeupdateres_gd.dll
CreationUtcTime: 2024-11-30 13:50:15.522
User: DESKTOP-FMI6MML\maryam""",2,2024-11-30T13:50:15.528894000Z,51164,4148,DESKTOP-FMI6MML,11,2364,INFORMATION,Microsoft-Windows-Sysmon,81,true,15,Executable file dropped in folder commonly used by malware,"[""sysmon"",""sysmon_eid11_detections"",""windows""]",92213, , ,windows_eventchannel,log,"Nov 30, 2024 @ 13:50:17.317",EventChannel,1732974617.6042723,"Nov 30, 2024 @ 13:50:17.317", , , , , , , , , , , , ,2660, , , , , , , , , , ,"[""Ingress Tool Transfer""]","[""T1105""]","[""Command and Control""]", , , , ,C:\\Users\\maryam\\AppData\\Local\\Microsoft\\OneDrive\\StandaloneUpdater\\MicrosoftEdgeWebview2Setup.exe, , , , , , ,{D8AF36FB-1816-674B-0602-000000000900},2024-11-30 13:50:15.522, ,DLL, , ,DESKTOP-FMI6MML\\maryam, , , , , , , , , , , , , , , , , , , , , , , , , , , , , , , , , , , , ,C:\\Users\\maryam\\AppData\\Local\\Temp\\EU60C8.tmp\\msedgeupdateres_gd.dll,2024-11-30 13:50:15.522, , , , , , , , , , , , , , , , , , , , , , , , , , , , , , , , , , , , , , , , , , , , , , , , , , , , , , , , , , , , , , , , , , , 
wazuh-alerts-4.x-2024.11.30,2_pWfZMBRlc-D5DFLiNW,1,1,192.168.117.130,wazuh-agent,002,Maryam, ,11, ,0x8000000000000000,{5770385F-C22A-43E0-BF4C-06F5698FFBD9},4,Microsoft-Windows-Sysmon/Operational,0,"""File created:
RuleName: DLL
UtcTime: 2024-11-30 13:50:15.522
ProcessGuid: {D8AF36FB-1816-674B-0602-000000000900}
ProcessId: 2660
Image: C:\Users\maryam\AppData\Local\Microsoft\OneDrive\StandaloneUpdater\MicrosoftEdgeWebview2Setup.exe
TargetFilename: C:\Users\maryam\AppData\Local\Temp\EU60C8.tmp\msedgeupdateres_ka.dll
CreationUtcTime: 2024-11-30 13:50:15.522
User: DESKTOP-FMI6MML\maryam""",2,2024-11-30T13:50:15.534283600Z,51166,4148,DESKTOP-FMI6MML,11,2364,INFORMATION,Microsoft-Windows-Sysmon,83,true,15,Executable file dropped in folder commonly used by malware,"[""sysmon"",""sysmon_eid11_detections"",""windows""]",92213, , ,windows_eventchannel,log,"Nov 30, 2024 @ 13:50:17.337",EventChannel,1732974617.6048741,"Nov 30, 2024 @ 13:50:17.337", , , , , , , , , , , , ,2660, , , , , , , , , , ,"[""Ingress Tool Transfer""]","[""T1105""]","[""Command and Control""]", , , , ,C:\\Users\\maryam\\AppData\\Local\\Microsoft\\OneDrive\\StandaloneUpdater\\MicrosoftEdgeWebview2Setup.exe, , , , , , ,{D8AF36FB-1816-674B-0602-000000000900},2024-11-30 13:50:15.522, ,DLL, , ,DESKTOP-FMI6MML\\maryam, , , , , , , , , , , , , , , , , , , , , , , , , , , , , , , , , , , , ,C:\\Users\\maryam\\AppData\\Local\\Temp\\EU60C8.tmp\\msedgeupdateres_ka.dll,2024-11-30 13:50:15.522, , , , , , , , , , , , , , , , , , , , , , , , , , , , , , , , , , , , , , , , , , , , , , , , , , , , , , , , , , , , , , , , , , , 
wazuh-alerts-4.x-2024.11.30,5PpWfZMBRlc-D5DFLiNW,1,1,192.168.117.130,wazuh-agent,002,Maryam, ,11, ,0x8000000000000000,{5770385F-C22A-43E0-BF4C-06F5698FFBD9},4,Microsoft-Windows-Sysmon/Operational,0,"""File created:
RuleName: DLL
UtcTime: 2024-11-30 13:50:15.553
ProcessGuid: {D8AF36FB-1816-674B-0602-000000000900}
ProcessId: 2660
Image: C:\Users\maryam\AppData\Local\Microsoft\OneDrive\StandaloneUpdater\MicrosoftEdgeWebview2Setup.exe
TargetFilename: C:\Users\maryam\AppData\Local\Temp\EU60C8.tmp\msedgeupdateres_ne.dll
CreationUtcTime: 2024-11-30 13:50:15.553
User: DESKTOP-FMI6MML\maryam""",2,2024-11-30T13:50:15.558390300Z,51175,4148,DESKTOP-FMI6MML,11,2364,INFORMATION,Microsoft-Windows-Sysmon,92,true,15,Executable file dropped in folder commonly used by malware,"[""sysmon"",""sysmon_eid11_detections"",""windows""]",92213, , ,windows_eventchannel,log,"Nov 30, 2024 @ 13:50:17.498",EventChannel,1732974617.6075826,"Nov 30, 2024 @ 13:50:17.498", , , , , , , , , , , , ,2660, , , , , , , , , , ,"[""Ingress Tool Transfer""]","[""T1105""]","[""Command and Control""]", , , , ,C:\\Users\\maryam\\AppData\\Local\\Microsoft\\OneDrive\\StandaloneUpdater\\MicrosoftEdgeWebview2Setup.exe, , , , , , ,{D8AF36FB-1816-674B-0602-000000000900},2024-11-30 13:50:15.553, ,DLL, , ,DESKTOP-FMI6MML\\maryam, , , , , , , , , , , , , , , , , , , , , , , , , , , , , , , , , , , , ,C:\\Users\\maryam\\AppData\\Local\\Temp\\EU60C8.tmp\\msedgeupdateres_ne.dll,2024-11-30 13:50:15.553, , , , , , , , , , , , , , , , , , , , , , , , , , , , , , , , , , , , , , , , , , , , , , , , , , , , , , , , , , , , , , , , , , , 
wazuh-alerts-4.x-2024.11.30,5vpWfZMBRlc-D5DFLiNW,1,1,192.168.117.130,wazuh-agent,002,Maryam, ,11, ,0x8000000000000000,{5770385F-C22A-43E0-BF4C-06F5698FFBD9},4,Microsoft-Windows-Sysmon/Operational,0,"""File created:
RuleName: DLL
UtcTime: 2024-11-30 13:50:15.553
ProcessGuid: {D8AF36FB-1816-674B-0602-000000000900}
ProcessId: 2660
Image: C:\Users\maryam\AppData\Local\Microsoft\OneDrive\StandaloneUpdater\MicrosoftEdgeWebview2Setup.exe
TargetFilename: C:\Users\maryam\AppData\Local\Temp\EU60C8.tmp\msedgeupdateres_or.dll
CreationUtcTime: 2024-11-30 13:50:15.553
User: DESKTOP-FMI6MML\maryam""",2,2024-11-30T13:50:15.563938600Z,51177,4148,DESKTOP-FMI6MML,11,2364,INFORMATION,Microsoft-Windows-Sysmon,94,true,15,Executable file dropped in folder commonly used by malware,"[""sysmon"",""sysmon_eid11_detections"",""windows""]",92213, , ,windows_eventchannel,log,"Nov 30, 2024 @ 13:50:17.527",EventChannel,1732974617.6081844,"Nov 30, 2024 @ 13:50:17.527", , , , , , , , , , , , ,2660, , , , , , , , , , ,"[""Ingress Tool Transfer""]","[""T1105""]","[""Command and Control""]", , , , ,C:\\Users\\maryam\\AppData\\Local\\Microsoft\\OneDrive\\StandaloneUpdater\\MicrosoftEdgeWebview2Setup.exe, , , , , , ,{D8AF36FB-1816-674B-0602-000000000900},2024-11-30 13:50:15.553, ,DLL, , ,DESKTOP-FMI6MML\\maryam, , , , , , , , , , , , , , , , , , , , , , , , , , , , , , , , , , , , ,C:\\Users\\maryam\\AppData\\Local\\Temp\\EU60C8.tmp\\msedgeupdateres_or.dll,2024-11-30 13:50:15.553, , , , , , , , , , , , , , , , , , , , , , , , , , , , , , , , , , , , , , , , , , , , , , , , , , , , , , , , , , , , , , , , , , , 
wazuh-alerts-4.x-2024.11.30,6PpWfZMBRlc-D5DFLiNW,1,1,192.168.117.130,wazuh-agent,002,Maryam, ,11, ,0x8000000000000000,{5770385F-C22A-43E0-BF4C-06F5698FFBD9},4,Microsoft-Windows-Sysmon/Operational,0,"""File created:
RuleName: DLL
UtcTime: 2024-11-30 13:50:15.569
ProcessGuid: {D8AF36FB-1816-674B-0602-000000000900}
ProcessId: 2660
Image: C:\Users\maryam\AppData\Local\Microsoft\OneDrive\StandaloneUpdater\MicrosoftEdgeWebview2Setup.exe
TargetFilename: C:\Users\maryam\AppData\Local\Temp\EU60C8.tmp\msedgeupdateres_quz.dll
CreationUtcTime: 2024-11-30 13:50:15.569
User: DESKTOP-FMI6MML\maryam""",2,2024-11-30T13:50:15.570834300Z,51179,4148,DESKTOP-FMI6MML,11,2364,INFORMATION,Microsoft-Windows-Sysmon,96,true,15,Executable file dropped in folder commonly used by malware,"[""sysmon"",""sysmon_eid11_detections"",""windows""]",92213, , ,windows_eventchannel,log,"Nov 30, 2024 @ 13:50:17.564",EventChannel,1732974617.6087862,"Nov 30, 2024 @ 13:50:17.564", , , , , , , , , , , , ,2660, , , , , , , , , , ,"[""Ingress Tool Transfer""]","[""T1105""]","[""Command and Control""]", , , , ,C:\\Users\\maryam\\AppData\\Local\\Microsoft\\OneDrive\\StandaloneUpdater\\MicrosoftEdgeWebview2Setup.exe, , , , , , ,{D8AF36FB-1816-674B-0602-000000000900},2024-11-30 13:50:15.569, ,DLL, , ,DESKTOP-FMI6MML\\maryam, , , , , , , , , , , , , , , , , , , , , , , , , , , , , , , , , , , , ,C:\\Users\\maryam\\AppData\\Local\\Temp\\EU60C8.tmp\\msedgeupdateres_quz.dll,2024-11-30 13:50:15.569, , , , , , , , , , , , , , , , , , , , , , , , , , , , , , , , , , , , , , , , , , , , , , , , , , , , , , , , , , , , , , , , , , , 
wazuh-alerts-4.x-2024.11.30,6vpWfZMBRlc-D5DFLiNW,1,1,192.168.117.130,wazuh-agent,002,Maryam, ,11, ,0x8000000000000000,{5770385F-C22A-43E0-BF4C-06F5698FFBD9},4,Microsoft-Windows-Sysmon/Operational,0,"""File created:
RuleName: DLL
UtcTime: 2024-11-30 13:50:15.569
ProcessGuid: {D8AF36FB-1816-674B-0602-000000000900}
ProcessId: 2660
Image: C:\Users\maryam\AppData\Local\Microsoft\OneDrive\StandaloneUpdater\MicrosoftEdgeWebview2Setup.exe
TargetFilename: C:\Users\maryam\AppData\Local\Temp\EU60C8.tmp\msedgeupdateres_sr-Cyrl-BA.dll
CreationUtcTime: 2024-11-30 13:50:15.569
User: DESKTOP-FMI6MML\maryam""",2,2024-11-30T13:50:15.578540000Z,51181,4148,DESKTOP-FMI6MML,11,2364,INFORMATION,Microsoft-Windows-Sysmon,98,true,15,Executable file dropped in folder commonly used by malware,"[""sysmon"",""sysmon_eid11_detections"",""windows""]",92213, , ,windows_eventchannel,log,"Nov 30, 2024 @ 13:50:17.604",EventChannel,1732974617.6093884,"Nov 30, 2024 @ 13:50:17.604", , , , , , , , , , , , ,2660, , , , , , , , , , ,"[""Ingress Tool Transfer""]","[""T1105""]","[""Command and Control""]", , , , ,C:\\Users\\maryam\\AppData\\Local\\Microsoft\\OneDrive\\StandaloneUpdater\\MicrosoftEdgeWebview2Setup.exe, , , , , , ,{D8AF36FB-1816-674B-0602-000000000900},2024-11-30 13:50:15.569, ,DLL, , ,DESKTOP-FMI6MML\\maryam, , , , , , , , , , , , , , , , , , , , , , , , , , , , , , , , , , , , ,C:\\Users\\maryam\\AppData\\Local\\Temp\\EU60C8.tmp\\msedgeupdateres_sr-Cyrl-BA.dll,2024-11-30 13:50:15.569, , , , , , , , , , , , , , , , , , , , , , , , , , , , , , , , , , , , , , , , , , , , , , , , , , , , , , , , , , , , , , , , , , , 
wazuh-alerts-4.x-2024.11.30,'-vpXfZMBRlc-D5DFvCOG,1,1,192.168.117.130,wazuh-agent,002,Maryam, ,11, ,0x8000000000000000,{5770385F-C22A-43E0-BF4C-06F5698FFBD9},4,Microsoft-Windows-Sysmon/Operational,0,"""File created:
RuleName: -
UtcTime: 2024-11-30 13:51:49.725
ProcessGuid: {D8AF36FB-1857-674B-1302-000000000900}
ProcessId: 6956
Image: C:\Users\maryam\AppData\Local\Microsoft\EdgeUpdate\Install\{4049B30D-0354-40B0-BC98-9E32465E774A}\EDGEMITMP_6C66E.tmp\setup.exe
TargetFilename: C:\Users\maryam\AppData\Local\Microsoft\EdgeCore\131.0.2903.70\show_third_party_software_licenses.bat
CreationUtcTime: 2024-11-30 13:51:49.725
User: DESKTOP-FMI6MML\maryam""",2,2024-11-30T13:51:49.733817300Z,51280,4148,DESKTOP-FMI6MML,11,2364,INFORMATION,Microsoft-Windows-Sysmon,4,false,6,Scripting file created under Windows Temp or User folder,"[""sysmon"",""sysmon_eid11_detections"",""windows""]",92200, , ,windows_eventchannel,log,"Nov 30, 2024 @ 13:51:50.680",EventChannel,1732974710.6160994,"Nov 30, 2024 @ 13:51:50.680", , , , , , , , , , , , ,6956, , , , , , , , , , ,"[""Command and Scripting Interpreter"",""Ingress Tool Transfer""]","[""T1059"",""T1105""]","[""Execution"",""Command and Control""]", , , , ,C:\\Users\\maryam\\AppData\\Local\\Microsoft\\EdgeUpdate\\Install\\{4049B30D-0354-40B0-BC98-9E32465E774A}\\EDGEMITMP_6C66E.tmp\\setup.exe, , , , , , ,{D8AF36FB-1857-674B-1302-000000000900},2024-11-30 13:51:49.725, , , , ,DESKTOP-FMI6MML\\maryam, , , , , , , , , , , , , , , , , , , , , , , , , , , , , , , , , , , , ,C:\\Users\\maryam\\AppData\\Local\\Microsoft\\EdgeCore\\131.0.2903.70\\show_third_party_software_licenses.bat,2024-11-30 13:51:49.725, , , , , , , , , , , , , , , , , , , , , , , , , , , , , , , , , , , , , , , , , , , , , , , , , , , , , , , , , , , , , , , , , , , 
wazuh-alerts-4.x-2024.11.30,'-_pXfZMBRlc-D5DFwCN1,1,1,192.168.117.134,window-agent3,003,Maryam, ,11, ,0x8000000000000000,{5770385F-C22A-43E0-BF4C-06F5698FFBD9},4,Microsoft-Windows-Sysmon/Operational,0,"""File created:
RuleName: technique_id=T1574.010,technique_name=Services File Permissions Weakness
UtcTime: 2024-11-30 13:52:00.980
ProcessGuid: {15959494-D383-6749-1400-000000000D00}
ProcessId: 992
Image: C:\Windows\system32\svchost.exe
TargetFilename: C:\Windows\SoftwareDistribution\Download\7588f06b0017936893382a55fe90af5c\Metadata\UpdateAgent.dll
CreationUtcTime: 2024-11-30 13:52:00.980
User: NT AUTHORITY\SYSTEM""",2,2024-11-30T13:52:00.984923900Z,62963,1760,DESKTOP-QGB4EQH,11,2356,INFORMATION,Microsoft-Windows-Sysmon,1,false,6,Possible DLL search order hijack by C:\\Windows\\SoftwareDistribution\\Download\\7588f06b0017936893382a55fe90af5c\\Metadata\\UpdateAgent.dll created in Windows root folder,"[""sysmon"",""sysmon_eid11_detections"",""windows""]",92219, , ,windows_eventchannel,log,"Nov 30, 2024 @ 13:52:01.673",EventChannel,1732974721.6164212,"Nov 30, 2024 @ 13:52:01.673", , , , , , , , , , , , ,992, , , , , , , , , , ,"[""DLL Search Order Hijacking"",""DLL Side-Loading""]","[""T1574.001"",""T1574.002""]","[""Persistence"",""Privilege Escalation"",""Defense Evasion""]", , , , ,C:\\Windows\\system32\\svchost.exe, , , , , , ,{15959494-D383-6749-1400-000000000D00},2024-11-30 13:52:00.980, ,"technique_id=T1574.010,technique_name=Services File Permissions Weakness", , ,NT AUTHORITY\\SYSTEM, , , , , , , , , , , , , , , , , , , , , , , , , , , , , , , , , , , , ,C:\\Windows\\SoftwareDistribution\\Download\\7588f06b0017936893382a55fe90af5c\\Metadata\\UpdateAgent.dll,2024-11-30 13:52:00.980, , , , , , , , , , , , , , , , , , , , , , , , , , , , , , , , , , , , , , , , , , , , , , , , , , , , , , , , , , , , , , , , , , , 
wazuh-alerts-4.x-2024.11.30,_fpXfZMBRlc-D5DFwCN1,1,1,192.168.117.134,window-agent3,003,Maryam, ,11, ,0x8000000000000000,{5770385F-C22A-43E0-BF4C-06F5698FFBD9},4,Microsoft-Windows-Sysmon/Operational,0,"""File created:
RuleName: technique_id=T1574.010,technique_name=Services File Permissions Weakness
UtcTime: 2024-11-30 13:52:01.043
ProcessGuid: {15959494-D383-6749-1400-000000000D00}
ProcessId: 992
Image: C:\Windows\system32\svchost.exe
TargetFilename: C:\Windows\SoftwareDistribution\Download\7588f06b0017936893382a55fe90af5c\Metadata\Mitigation.dll
CreationUtcTime: 2024-11-30 13:52:01.043
User: NT AUTHORITY\SYSTEM""",2,2024-11-30T13:52:01.055620400Z,62965,1760,DESKTOP-QGB4EQH,11,2356,INFORMATION,Microsoft-Windows-Sysmon,3,false,6,Possible DLL search order hijack by C:\\Windows\\SoftwareDistribution\\Download\\7588f06b0017936893382a55fe90af5c\\Metadata\\Mitigation.dll created in Windows root folder,"[""sysmon"",""sysmon_eid11_detections"",""windows""]",92219, , ,windows_eventchannel,log,"Nov 30, 2024 @ 13:52:01.688",EventChannel,1732974721.6170578,"Nov 30, 2024 @ 13:52:01.688", , , , , , , , , , , , ,992, , , , , , , , , , ,"[""DLL Search Order Hijacking"",""DLL Side-Loading""]","[""T1574.001"",""T1574.002""]","[""Persistence"",""Privilege Escalation"",""Defense Evasion""]", , , , ,C:\\Windows\\system32\\svchost.exe, , , , , , ,{15959494-D383-6749-1400-000000000D00},2024-11-30 13:52:01.043, ,"technique_id=T1574.010,technique_name=Services File Permissions Weakness", , ,NT AUTHORITY\\SYSTEM, , , , , , , , , , , , , , , , , , , , , , , , , , , , , , , , , , , , ,C:\\Windows\\SoftwareDistribution\\Download\\7588f06b0017936893382a55fe90af5c\\Metadata\\Mitigation.dll,2024-11-30 13:52:01.043, , , , , , , , , , , , , , , , , , , , , , , , , , , , , , , , , , , , , , , , , , , , , , , , , , , , , , , , , , , , , , , , , , , 
wazuh-alerts-4.x-2024.11.30,__pXfZMBRlc-D5DFwCN1,1,1,192.168.117.134,window-agent3,003,Maryam, ,11, ,0x8000000000000000,{5770385F-C22A-43E0-BF4C-06F5698FFBD9},4,Microsoft-Windows-Sysmon/Operational,0,"""File created:
RuleName: technique_id=T1574.010,technique_name=Services File Permissions Weakness
UtcTime: 2024-11-30 13:52:01.059
ProcessGuid: {15959494-D383-6749-1400-000000000D00}
ProcessId: 992
Image: C:\Windows\system32\svchost.exe
TargetFilename: C:\Windows\SoftwareDistribution\Download\7588f06b0017936893382a55fe90af5c\Metadata\wcp.dll
CreationUtcTime: 2024-11-30 13:52:01.059
User: NT AUTHORITY\SYSTEM""",2,2024-11-30T13:52:01.071423700Z,62967,1760,DESKTOP-QGB4EQH,11,2356,INFORMATION,Microsoft-Windows-Sysmon,5,false,6,Possible DLL search order hijack by C:\\Windows\\SoftwareDistribution\\Download\\7588f06b0017936893382a55fe90af5c\\Metadata\\wcp.dll created in Windows root folder,"[""sysmon"",""sysmon_eid11_detections"",""windows""]",92219, , ,windows_eventchannel,log,"Nov 30, 2024 @ 13:52:01.720",EventChannel,1732974721.6176989,"Nov 30, 2024 @ 13:52:01.720", , , , , , , , , , , , ,992, , , , , , , , , , ,"[""DLL Search Order Hijacking"",""DLL Side-Loading""]","[""T1574.001"",""T1574.002""]","[""Persistence"",""Privilege Escalation"",""Defense Evasion""]", , , , ,C:\\Windows\\system32\\svchost.exe, , , , , , ,{15959494-D383-6749-1400-000000000D00},2024-11-30 13:52:01.059, ,"technique_id=T1574.010,technique_name=Services File Permissions Weakness", , ,NT AUTHORITY\\SYSTEM, , , , , , , , , , , , , , , , , , , , , , , , , , , , , , , , , , , , ,C:\\Windows\\SoftwareDistribution\\Download\\7588f06b0017936893382a55fe90af5c\\Metadata\\wcp.dll,2024-11-30 13:52:01.059, , , , , , , , , , , , , , , , , , , , , , , , , , , , , , , , , , , , , , , , , , , , , , , , , , , , , , , , , , , , , , , , , , , 
wazuh-alerts-4.x-2024.11.30,AfpXfZMBRlc-D5DFwCR1,1,1,192.168.117.134,window-agent3,003,Maryam, ,11, ,0x8000000000000000,{5770385F-C22A-43E0-BF4C-06F5698FFBD9},4,Microsoft-Windows-Sysmon/Operational,0,"""File created:
RuleName: technique_id=T1574.010,technique_name=Services File Permissions Weakness
UtcTime: 2024-11-30 13:52:01.181
ProcessGuid: {15959494-D383-6749-1400-000000000D00}
ProcessId: 992
Image: C:\Windows\system32\svchost.exe
TargetFilename: C:\Windows\SoftwareDistribution\Download\7588f06b0017936893382a55fe90af5c\Metadata\ReserveManager.dll
CreationUtcTime: 2024-11-30 13:52:01.181
User: NT AUTHORITY\SYSTEM""",2,2024-11-30T13:52:01.198798200Z,62969,1760,DESKTOP-QGB4EQH,11,2356,INFORMATION,Microsoft-Windows-Sysmon,7,false,6,Possible DLL search order hijack by C:\\Windows\\SoftwareDistribution\\Download\\7588f06b0017936893382a55fe90af5c\\Metadata\\ReserveManager.dll created in Windows root folder,"[""sysmon"",""sysmon_eid11_detections"",""windows""]",92219, , ,windows_eventchannel,log,"Nov 30, 2024 @ 13:52:01.758",EventChannel,1732974721.6183350,"Nov 30, 2024 @ 13:52:01.758", , , , , , , , , , , , ,992, , , , , , , , , , ,"[""DLL Search Order Hijacking"",""DLL Side-Loading""]","[""T1574.001"",""T1574.002""]","[""Persistence"",""Privilege Escalation"",""Defense Evasion""]", , , , ,C:\\Windows\\system32\\svchost.exe, , , , , , ,{15959494-D383-6749-1400-000000000D00},2024-11-30 13:52:01.181, ,"technique_id=T1574.010,technique_name=Services File Permissions Weakness", , ,NT AUTHORITY\\SYSTEM, , , , , , , , , , , , , , , , , , , , , , , , , , , , , , , , , , , , ,C:\\Windows\\SoftwareDistribution\\Download\\7588f06b0017936893382a55fe90af5c\\Metadata\\ReserveManager.dll,2024-11-30 13:52:01.181, , , , , , , , , , , , , , , , , , , , , , , , , , , , , , , , , , , , , , , , , , , , , , , , , , , , , , , , , , , , , , , , , , , 
wazuh-alerts-4.x-2024.11.30,AvpXfZMBRlc-D5DFxCRc,1,1,192.168.117.134,window-agent3,003,Maryam, ,11, ,0x8000000000000000,{5770385F-C22A-43E0-BF4C-06F5698FFBD9},4,Microsoft-Windows-Sysmon/Operational,0,"""File created:
RuleName: technique_id=T1574.010,technique_name=Services File Permissions Weakness
UtcTime: 2024-11-30 13:52:01.197
ProcessGuid: {15959494-D383-6749-1400-000000000D00}
ProcessId: 992
Image: C:\Windows\system32\svchost.exe
TargetFilename: C:\Windows\SoftwareDistribution\Download\7588f06b0017936893382a55fe90af5c\Metadata\WinREAgent.dll
CreationUtcTime: 2024-11-30 13:52:01.197
User: NT AUTHORITY\SYSTEM""",2,2024-11-30T13:52:01.207848600Z,62970,1760,DESKTOP-QGB4EQH,11,2356,INFORMATION,Microsoft-Windows-Sysmon,8,false,6,Possible DLL search order hijack by C:\\Windows\\SoftwareDistribution\\Download\\7588f06b0017936893382a55fe90af5c\\Metadata\\WinREAgent.dll created in Windows root folder,"[""sysmon"",""sysmon_eid11_detections"",""windows""]",92219, , ,windows_eventchannel,log,"Nov 30, 2024 @ 13:52:01.773",EventChannel,1732974721.6186568,"Nov 30, 2024 @ 13:52:01.773", , , , , , , , , , , , ,992, , , , , , , , , , ,"[""DLL Search Order Hijacking"",""DLL Side-Loading""]","[""T1574.001"",""T1574.002""]","[""Persistence"",""Privilege Escalation"",""Defense Evasion""]", , , , ,C:\\Windows\\system32\\svchost.exe, , , , , , ,{15959494-D383-6749-1400-000000000D00},2024-11-30 13:52:01.197, ,"technique_id=T1574.010,technique_name=Services File Permissions Weakness", , ,NT AUTHORITY\\SYSTEM, , , , , , , , , , , , , , , , , , , , , , , , , , , , , , , , , , , , ,C:\\Windows\\SoftwareDistribution\\Download\\7588f06b0017936893382a55fe90af5c\\Metadata\\WinREAgent.dll,2024-11-30 13:52:01.197, , , , , , , , , , , , , , , , , , , , , , , , , , , , , , , , , , , , , , , , , , , , , , , , , , , , , , , , , , , , , , , , , , , 
wazuh-alerts-4.x-2024.11.30,PPpcfZMBRlc-D5DFsiRQ,1,1,192.168.117.134,window-agent3,003,Maryam, ,10, ,0x8000000000000000,{5770385F-C22A-43E0-BF4C-06F5698FFBD9},4,Microsoft-Windows-Sysmon/Operational,0,"""Process accessed:
RuleName: technique_id=T1055.001,technique_name=Dynamic-link Library Injection
UtcTime: 2024-11-30 13:57:22.383
SourceProcessGUID: {15959494-D537-6749-0D01-000000000D00}
SourceProcessId: 4984
SourceThreadId: 5996
SourceImage: C:\Windows\System32\WindowsPowerShell\v1.0\powershell.exe
TargetProcessGUID: {15959494-D46C-6749-C900-000000000D00}
TargetProcessId: 2600
TargetImage: C:\Windows\Explorer.EXE
GrantedAccess: 0x1410
CallTrace: C:\Windows\SYSTEM32\ntdll.dll+9a374|C:\Windows\System32\KERNELBASE.dll+2fd5d|C:\Windows\assembly\NativeImages_v4.0.30319_64\System\37a1d51f35918dd36a0d4e34cc91732e\System.ni.dll+381f60|C:\Windows\assembly\NativeImages_v4.0.30319_64\System\37a1d51f35918dd36a0d4e34cc91732e\System.ni.dll+2fa12e|C:\Windows\assembly\NativeImages_v4.0.30319_64\System\37a1d51f35918dd36a0d4e34cc91732e\System.ni.dll+2f956f|C:\Windows\assembly\NativeImages_v4.0.30319_64\System\37a1d51f35918dd36a0d4e34cc91732e\System.ni.dll+2b7465|C:\Windows\assembly\NativeImages_v4.0.30319_64\System\37a1d51f35918dd36a0d4e34cc91732e\System.ni.dll+2c37a4|UNKNOWN(00007FFF59099021)
SourceUser: DESKTOP-QGB4EQH\mari
TargetUser: DESKTOP-QGB4EQH\mari""",3,2024-11-30T13:57:22.393195300Z,64205,1760,DESKTOP-QGB4EQH,10,2356,INFORMATION,Microsoft-Windows-Sysmon,2,true,12,"Explorer process was accessed by C:\\Windows\\System32\\WindowsPowerShell\\v1.0\\powershell.exe, possible process injection","[""sysmon"",""sysmon_eid10_detections"",""windows""]",92910, , ,windows_eventchannel,log,"Nov 30, 2024 @ 13:57:23.019",EventChannel,1732975043.6374076,"Nov 30, 2024 @ 13:57:23.019", , , , , , , , , , , , , , , , , , , , , , , ,"[""Process Injection""]","[""T1055""]","[""Defense Evasion"",""Privilege Escalation""]", , , , , , , , , , , , ,2024-11-30 13:57:22.383, ,"technique_id=T1055.001,technique_name=Dynamic-link Library Injection", , , , , , , , , , , , , , , , , , , , , , , , , , , , , , , , , , , , , , , , , , , , , , , , , , , , , , , , , , , , , , , , , , , , , , , , , , , , , , , , , , , , , , , , , ,0x1410,2600,DESKTOP-QGB4EQH\\mari,C:\\Windows\\Explorer.EXE,{15959494-D537-6749-0D01-000000000D00},C:\\Windows\\SYSTEM32\\ntdll.dll+9a374|C:\\Windows\\System32\\KERNELBASE.dll+2fd5d|C:\\Windows\\assembly\\NativeImages_v4.0.30319_64\\System\\37a1d51f35918dd36a0d4e34cc91732e\\System.ni.dll+381f60|C:\\Windows\\assembly\\NativeImages_v4.0.30319_64\\System\\37a1d51f35918dd36a0d4e34cc91732e\\System.ni.dll+2fa12e|C:\\Windows\\assembly\\NativeImages_v4.0.30319_64\\System\\37a1d51f35918dd36a0d4e34cc91732e\\System.ni.dll+2f956f|C:\\Windows\\assembly\\NativeImages_v4.0.30319_64\\System\\37a1d51f35918dd36a0d4e34cc91732e\\System.ni.dll+2b7465|C:\\Windows\\assembly\\NativeImages_v4.0.30319_64\\System\\37a1d51f35918dd36a0d4e34cc91732e\\System.ni.dll+2c37a4|UNKNOWN(00007FFF59099021),5996,{15959494-D46C-6749-C900-000000000D00},4984,C:\\Windows\\System32\\WindowsPowerShell\\v1.0\\powershell.exe,DESKTOP-QGB4EQH\\mari, , , , , , , , 
wazuh-alerts-4.x-2024.11.30,PvpdfZMBRlc-D5DFCCQk,1,1,192.168.117.134,window-agent3,003,Maryam, ,11, ,0x8000000000000000,{5770385F-C22A-43E0-BF4C-06F5698FFBD9},4,Microsoft-Windows-Sysmon/Operational,0,"""File created:
RuleName: technique_id=T1059.001,technique_name=PowerShell
UtcTime: 2024-11-30 13:57:45.640
ProcessGuid: {15959494-19D9-674B-320B-000000000D00}
ProcessId: 3228
Image: C:\Windows\System32\WindowsPowerShell\v1.0\powershell.exe
TargetFilename: C:\Users\mari\AppData\Local\Temp\__PSScriptPolicyTest_ix4koghy.exh.ps1
CreationUtcTime: 2024-11-30 13:57:45.640
User: DESKTOP-QGB4EQH\mari""",2,2024-11-30T13:57:45.649163000Z,64298,1760,DESKTOP-QGB4EQH,11,2356,INFORMATION,Microsoft-Windows-Sysmon,133,true,15,Executable file dropped in folder commonly used by malware,"[""sysmon"",""sysmon_eid11_detections"",""windows""]",92213, , ,windows_eventchannel,log,"Nov 30, 2024 @ 13:57:46.742",EventChannel,1732975066.6383065,"Nov 30, 2024 @ 13:57:46.742", , , , , , , , , , , , ,3228, , , , , , , , , , ,"[""Ingress Tool Transfer""]","[""T1105""]","[""Command and Control""]", , , , ,C:\\Windows\\System32\\WindowsPowerShell\\v1.0\\powershell.exe, , , , , , ,{15959494-19D9-674B-320B-000000000D00},2024-11-30 13:57:45.640, ,"technique_id=T1059.001,technique_name=PowerShell", , ,DESKTOP-QGB4EQH\\mari, , , , , , , , , , , , , , , , , , , , , , , , , , , , , , , , , , , , ,C:\\Users\\mari\\AppData\\Local\\Temp\\__PSScriptPolicyTest_ix4koghy.exh.ps1,2024-11-30 13:57:45.640, , , , , , , , , , , , , , , , , , , , , , , , , , , , , , , , , , , , , , , , , , , , , , , , , , , , , , , , , , , , , , , , , , , 
wazuh-alerts-4.x-2024.11.30,PfpcfZMBRlc-D5DF7CTM,1,1,192.168.117.134,window-agent3,003,Maryam, ,11, ,0x8000000000000000,{5770385F-C22A-43E0-BF4C-06F5698FFBD9},4,Microsoft-Windows-Sysmon/Operational,0,"""File created:
RuleName: -
UtcTime: 2024-11-30 13:57:36.883
ProcessGuid: {15959494-D537-6749-0D01-000000000D00}
ProcessId: 4984
Image: C:\Windows\System32\WindowsPowerShell\v1.0\powershell.exe
TargetFilename: C:\Users\Public\splunkd.exe
CreationUtcTime: 2024-11-30 13:57:36.883
User: DESKTOP-QGB4EQH\mari""",2,2024-11-30T13:57:36.898250600Z,64277,1760,DESKTOP-QGB4EQH,11,2356,INFORMATION,Microsoft-Windows-Sysmon,2,true,12,Executable file dropped in Users\Public folder,"[""sysmon"",""sysmon_eid11_detections"",""windows""]",92207, , ,windows_eventchannel,log,"Nov 30, 2024 @ 13:57:37.659",EventChannel,1732975057.6380482,"Nov 30, 2024 @ 13:57:37.659", , , , , , , , , , , , ,4984, , , , , , , , , , ,"[""Ingress Tool Transfer""]","[""T1105""]","[""Command and Control""]", , , , ,C:\\Windows\\System32\\WindowsPowerShell\\v1.0\\powershell.exe, , , , , , ,{15959494-D537-6749-0D01-000000000D00},2024-11-30 13:57:36.883, , , , ,DESKTOP-QGB4EQH\\mari, , , , , , , , , , , , , , , , , , , , , , , , , , , , , , , , , , , , ,C:\\Users\\Public\\splunkd.exe,2024-11-30 13:57:36.883, , , , , , , , , , , , , , , , , , , , , , , , , , , , , , , , , , , , , , , , , , , , , , , , , , , , , , , , , , , , , , , , , , , 
wazuh-alerts-4.x-2024.11.30,P_pdfZMBRlc-D5DFkCTe,1,1,192.168.117.130,wazuh-agent,002,Maryam, ,8224, ,0x80000000000000, ,4,Application, ,"""The VSS service is shutting down due to idle timeout. """, ,2024-11-30T13:58:19.522420800Z,1748, ,DESKTOP-FMI6MML,0, ,INFORMATION,VSS,1,false,5,The VSS service is shutting down due to idle timeout.,"[""windows"",""windows_application""]",60702, , ,windows_eventchannel,log,"Nov 30, 2024 @ 13:58:19.936",EventChannel,1732975099.6386076,"Nov 30, 2024 @ 13:58:19.936", , , , , , , , , , , , , , , , , , , , , , , , , , , , , , , , , , , , , , , , , , , , , , , , , , , , , , , , , , , , , , , , , , , , , , , , , , , , , , , , , , ,2D20436F64653A2020434F525356434330303030303735392D2043616C6C3A2020434F525356434330303030303734312D205049443A202030303030363231362D205449443A202030303030363334382D20434D443A2020433A5C57696E646F77735C73797374656D33325C76737376632E6578652020202D20557365723A204E616D653A204E5420415554484F524954595C53595354454D2C205349443A532D312D352D313820, , , , , , , , , , , , , , , , , , , , , , , , , , , , , , , , , , , , , , , , , , , , , , , , , , , , , , , , , , , , , , , , , , 
wazuh-alerts-4.x-2024.11.30,gfqJfZMBRlc-D5DFayS1,1,1,192.168.117.134,window-agent3,003,Maryam, ,1, ,0x8000000000000000,{5770385F-C22A-43E0-BF4C-06F5698FFBD9},4,Microsoft-Windows-Sysmon/Operational,0,"""Process Create:
RuleName: technique_id=T1018,technique_name=Remote System Discovery
UtcTime: 2024-11-30 14:46:13.631
ProcessGuid: {15959494-2535-674B-6E0B-000000000D00}
ProcessId: 8568
Image: C:\Windows\SysWOW64\net1.exe
FileVersion: 10.0.17134.1 (WinBuild.160101.0800)
Description: Net Command
Product: Microsoft® Windows® Operating System
Company: Microsoft Corporation
OriginalFileName: net1.exe
CommandLine: C:\Windows\system32\net1 accounts
CurrentDirectory: C:\Program Files (x86)\ossec-agent\
User: NT AUTHORITY\SYSTEM
LogonGuid: {15959494-D382-6749-E703-000000000000}
LogonId: 0x3E7
TerminalSessionId: 0
IntegrityLevel: System
Hashes: SHA1=83CB47100EFFB110ACBE65BC1EE7D459B7ECF983,MD5=B5A26C2BF17222E86B91D26F1247AF3E,SHA256=14CC5BE4C833ACC652195DEAD113E1C3B4AC0B98EA1AEAD11957836F9AE721CF,IMPHASH=3D3E7537BD3BA07738DC5CA8AD01B073
ParentProcessGuid: {15959494-2535-674B-6C0B-000000000D00}
ParentProcessId: 7528
ParentImage: C:\Windows\SysWOW64\net.exe
ParentCommandLine: net.exe accounts
ParentUser: NT AUTHORITY\SYSTEM""",5,2024-11-30T14:46:13.633516300Z,64930,1760,DESKTOP-QGB4EQH,1,2356,INFORMATION,Microsoft-Windows-Sysmon,2,false,3,Discovery activity executed,"[""sysmon"",""sysmon_eid1_detections"",""windows""]",92031, , ,windows_eventchannel,log,"Nov 30, 2024 @ 14:46:14.525",EventChannel,1732977974.6573714,"Nov 30, 2024 @ 14:46:14.525", , , , , , , ,{15959494-D382-6749-E703-000000000000}, , , , ,8568, , , , , , , , , , ,"[""Account Discovery""]","[""T1087""]","[""Discovery""]", , , ,net1.exe,C:\\Windows\\SysWOW64\\net1.exe,Microsoft® Windows® Operating System, , ,Net Command, , ,{15959494-2535-674B-6E0B-000000000D00},2024-11-30 14:46:13.631,"SHA1=83CB47100EFFB110ACBE65BC1EE7D459B7ECF983,MD5=B5A26C2BF17222E86B91D26F1247AF3E,SHA256=14CC5BE4C833ACC652195DEAD113E1C3B4AC0B98EA1AEAD11957836F9AE721CF,IMPHASH=3D3E7537BD3BA07738DC5CA8AD01B073","technique_id=T1018,technique_name=Remote System Discovery",Microsoft Corporation,10.0.17134.1 (WinBuild.160101.0800),NT AUTHORITY\\SYSTEM, , , , , , , , , , , , , , , , , , , , , , , , , , ,{15959494-2535-674B-6C0B-000000000D00},net.exe accounts,0x3e7,7528,C:\\Program Files (x86)\\ossec-agent\\,C:\\Windows\\SysWOW64\\net.exe,C:\\Windows\\system32\\net1 accounts,System,0,NT AUTHORITY\\SYSTEM, , , , , , , , , , , , , , , , , , , , , , , , , , , , , , , , , , , , , , , , , , , , , , , , , , , , , , , , , , , , , , , , , , , , , 
