wazuh-alerts-4.x-2024.11.30,sPodfZMBRlc-D5DFKyJ-,1,1,192.168.117.134,window-agent3,003,Maryam, ,7, ,0x8000000000000000,{5770385F-C22A-43E0-BF4C-06F5698FFBD9},4,Microsoft-Windows-Sysmon/Operational,0,"""Image loaded:
RuleName: technique_id=T1059.001,technique_name=PowerShell
UtcTime: 2024-11-30 12:47:59.100
ProcessGuid: {15959494-097F-674B-F809-000000000D00}
ProcessId: 356
Image: C:\Windows\Microsoft.NET\Framework64\v4.0.30319\mscorsvw.exe
ImageLoaded: C:\Windows\assembly\NativeImages_v4.0.30319_64\System.Manaa57fc8cc#\169c03b1d2d364a7d44737b3854923ed\System.Management.Automation.ni.dll
FileVersion: 10.0.17134.165
Description: System.Management.Automation
Product: Microsoft (R) Windows (R) Operating System
Company: Microsoft Corporation
OriginalFileName: System.Management.Automation.dll
Hashes: SHA1=78CC714A81AA79D9F05710B74E9F95EE28079874,MD5=EFC0913CAAB3F89DD279B50B36752C74,SHA256=3214556EE0A387A3FE44E27DAF2F35FA5297CFF4830CAB4D1769197D622667FB,IMPHASH=00000000000000000000000000000000
Signed: false
Signature: -
SignatureStatus: Unavailable
User: NT AUTHORITY\SYSTEM""",3,2024-11-30T12:47:59.110304000Z,61817,1760,DESKTOP-QGB4EQH,7,2356,INFORMATION,Microsoft-Windows-Sysmon,127,true,12,Binary loaded PowerShell automation library - Possible unmanaged Powershell execution by suspicious process,"[""sysmon"",""sysmon_eid7_detections"",""windows""]",92151, , ,windows_eventchannel,log,"Nov 30, 2024 @ 12:47:59.642",EventChannel,1732970879.5045242,"Nov 30, 2024 @ 12:47:59.642", , , , , , , , , , , , ,356, , , , , , , , , , ,"[""PowerShell""]","[""T1059.001""]","[""Execution""]", , , ,System.Management.Automation.dll,C:\\Windows\\Microsoft.NET\\Framework64\\v4.0.30319\\mscorsvw.exe,Microsoft (R) Windows (R) Operating System, ,C:\\Windows\\assembly\\NativeImages_v4.0.30319_64\\System.Manaa57fc8cc#\\169c03b1d2d364a7d44737b3854923ed\\System.Management.Automation.ni.dll,System.Management.Automation,false,Unavailable,{15959494-097F-674B-F809-000000000D00},2024-11-30 12:47:59.100,"SHA1=78CC714A81AA79D9F05710B74E9F95EE28079874,MD5=EFC0913CAAB3F89DD279B50B36752C74,SHA256=3214556EE0A387A3FE44E27DAF2F35FA5297CFF4830CAB4D1769197D622667FB,IMPHASH=00000000000000000000000000000000","technique_id=T1059.001,technique_name=PowerShell",Microsoft Corporation,10.0.17134.165,NT AUTHORITY\\SYSTEM, , , , , , , , , , , , , , , , , , , , , , , , , , , , , , , , , , , , , , , , , , , , , , , , , , , , , , , , , , , , , , , , , , , , , , , , , , , , , , , , , , , , , , , , , , , , , , , , , , , , , , , , , 
wazuh-alerts-4.x-2024.11.30,sfodfZMBRlc-D5DFKyJ-,1,1,192.168.117.134,window-agent3,003,Maryam, ,7, ,0x8000000000000000,{5770385F-C22A-43E0-BF4C-06F5698FFBD9},4,Microsoft-Windows-Sysmon/Operational,0,"""Image loaded:
RuleName: technique_id=T1059.001,technique_name=PowerShell
UtcTime: 2024-11-30 12:47:59.256
ProcessGuid: {15959494-097F-674B-F909-000000000D00}
ProcessId: 3400
Image: C:\Windows\Microsoft.NET\Framework64\v4.0.30319\mscorsvw.exe
ImageLoaded: C:\Windows\assembly\NativeImages_v4.0.30319_64\System.Manaa57fc8cc#\169c03b1d2d364a7d44737b3854923ed\System.Management.Automation.ni.dll
FileVersion: 10.0.17134.165
Description: System.Management.Automation
Product: Microsoft (R) Windows (R) Operating System
Company: Microsoft Corporation
OriginalFileName: System.Management.Automation.dll
Hashes: SHA1=78CC714A81AA79D9F05710B74E9F95EE28079874,MD5=EFC0913CAAB3F89DD279B50B36752C74,SHA256=3214556EE0A387A3FE44E27DAF2F35FA5297CFF4830CAB4D1769197D622667FB,IMPHASH=00000000000000000000000000000000
Signed: false
Signature: -
SignatureStatus: Unavailable
User: NT AUTHORITY\SYSTEM""",3,2024-11-30T12:47:59.261940900Z,61819,1760,DESKTOP-QGB4EQH,7,2356,INFORMATION,Microsoft-Windows-Sysmon,128,true,12,Binary loaded PowerShell automation library - Possible unmanaged Powershell execution by suspicious process,"[""sysmon"",""sysmon_eid7_detections"",""windows""]",92151, , ,windows_eventchannel,log,"Nov 30, 2024 @ 12:47:59.673",EventChannel,1732970879.5050370,"Nov 30, 2024 @ 12:47:59.673", , , , , , , , , , , , ,3400, , , , , , , , , , ,"[""PowerShell""]","[""T1059.001""]","[""Execution""]", , , ,System.Management.Automation.dll,C:\\Windows\\Microsoft.NET\\Framework64\\v4.0.30319\\mscorsvw.exe,Microsoft (R) Windows (R) Operating System, ,C:\\Windows\\assembly\\NativeImages_v4.0.30319_64\\System.Manaa57fc8cc#\\169c03b1d2d364a7d44737b3854923ed\\System.Management.Automation.ni.dll,System.Management.Automation,false,Unavailable,{15959494-097F-674B-F909-000000000D00},2024-11-30 12:47:59.256,"SHA1=78CC714A81AA79D9F05710B74E9F95EE28079874,MD5=EFC0913CAAB3F89DD279B50B36752C74,SHA256=3214556EE0A387A3FE44E27DAF2F35FA5297CFF4830CAB4D1769197D622667FB,IMPHASH=00000000000000000000000000000000","technique_id=T1059.001,technique_name=PowerShell",Microsoft Corporation,10.0.17134.165,NT AUTHORITY\\SYSTEM, , , , , , , , , , , , , , , , , , , , , , , , , , , , , , , , , , , , , , , , , , , , , , , , , , , , , , , , , , , , , , , , , , , , , , , , , , , , , , , , , , , , , , , , , , , , , , , , , , , , , , , , , 
wazuh-alerts-4.x-2024.11.30,svodfZMBRlc-D5DFKyJ-,1,1,192.168.117.134,window-agent3,003,Maryam, ,11, ,0x8000000000000000,{5770385F-C22A-43E0-BF4C-06F5698FFBD9},4,Microsoft-Windows-Sysmon/Operational,0,"""File created:
RuleName: technique_id=T1574.010,technique_name=Services File Permissions Weakness
UtcTime: 2024-11-30 12:48:01.303
ProcessGuid: {15959494-097F-674B-F909-000000000D00}
ProcessId: 3400
Image: C:\Windows\Microsoft.NET\Framework64\v4.0.30319\mscorsvw.exe
TargetFilename: C:\Windows\assembly\NativeImages_v4.0.30319_64\Temp\d48-0\Microsoft.PowerShell.GPowerShell.dll
CreationUtcTime: 2024-11-30 12:48:01.303
User: NT AUTHORITY\SYSTEM""",2,2024-11-30T12:48:01.314055300Z,61828,1760,DESKTOP-QGB4EQH,11,2356,INFORMATION,Microsoft-Windows-Sysmon,68,false,6,Executable dropped in Windows root folder,"[""sysmon"",""sysmon_eid11_detections"",""windows""]",92217, , ,windows_eventchannel,log,"Nov 30, 2024 @ 12:48:02.377",EventChannel,1732970882.5055502,"Nov 30, 2024 @ 12:48:02.377", , , , , , , , , , , , ,3400, , , , , , , , , , ,"[""Lateral Tool Transfer""]","[""T1570""]","[""Lateral Movement""]", , , , ,C:\\Windows\\Microsoft.NET\\Framework64\\v4.0.30319\\mscorsvw.exe, , , , , , ,{15959494-097F-674B-F909-000000000D00},2024-11-30 12:48:01.303, ,"technique_id=T1574.010,technique_name=Services File Permissions Weakness", , ,NT AUTHORITY\\SYSTEM, , , , , , , , , , , , , , , , , , , , , , , , , , , , , , , , , , , , ,C:\\Windows\\assembly\\NativeImages_v4.0.30319_64\\Temp\\d48-0\\Microsoft.PowerShell.GPowerShell.dll,2024-11-30 12:48:01.303, , , , , , , , , , , , , , , , , , , , , , , , , , , , , , , , , , , , , , , , , , , , , , , , , , , , , , , , , , , , , , , , , , , 
wazuh-alerts-4.x-2024.11.30,CvodfZMBRlc-D5DFzyOf,1,1,192.168.117.134,window-agent3,003,Maryam, ,7, ,0x8000000000000000,{5770385F-C22A-43E0-BF4C-06F5698FFBD9},4,Microsoft-Windows-Sysmon/Operational,0,"""Image loaded:
RuleName: technique_id=T1059.001,technique_name=PowerShell
UtcTime: 2024-11-30 12:48:38.009
ProcessGuid: {15959494-09A5-674B-970A-000000000D00}
ProcessId: 1588
Image: C:\Windows\Microsoft.NET\Framework64\v4.0.30319\mscorsvw.exe
ImageLoaded: C:\Windows\assembly\NativeImages_v4.0.30319_64\System.Manaa57fc8cc#\169c03b1d2d364a7d44737b3854923ed\System.Management.Automation.ni.dll
FileVersion: 10.0.17134.165
Description: System.Management.Automation
Product: Microsoft (R) Windows (R) Operating System
Company: Microsoft Corporation
OriginalFileName: System.Management.Automation.dll
Hashes: SHA1=78CC714A81AA79D9F05710B74E9F95EE28079874,MD5=EFC0913CAAB3F89DD279B50B36752C74,SHA256=3214556EE0A387A3FE44E27DAF2F35FA5297CFF4830CAB4D1769197D622667FB,IMPHASH=00000000000000000000000000000000
Signed: false
Signature: -
SignatureStatus: Unavailable
User: NT AUTHORITY\SYSTEM""",3,2024-11-30T12:48:38.010174100Z,62195,1760,DESKTOP-QGB4EQH,7,2356,INFORMATION,Microsoft-Windows-Sysmon,177,true,12,Binary loaded PowerShell automation library - Possible unmanaged Powershell execution by suspicious process,"[""sysmon"",""sysmon_eid7_detections"",""windows""]",92151, , ,windows_eventchannel,log,"Nov 30, 2024 @ 12:48:38.192",EventChannel,1732970918.5430182,"Nov 30, 2024 @ 12:48:38.192", , , , , , , , , , , , ,1588, , , , , , , , , , ,"[""PowerShell""]","[""T1059.001""]","[""Execution""]", , , ,System.Management.Automation.dll,C:\\Windows\\Microsoft.NET\\Framework64\\v4.0.30319\\mscorsvw.exe,Microsoft (R) Windows (R) Operating System, ,C:\\Windows\\assembly\\NativeImages_v4.0.30319_64\\System.Manaa57fc8cc#\\169c03b1d2d364a7d44737b3854923ed\\System.Management.Automation.ni.dll,System.Management.Automation,false,Unavailable,{15959494-09A5-674B-970A-000000000D00},2024-11-30 12:48:38.009,"SHA1=78CC714A81AA79D9F05710B74E9F95EE28079874,MD5=EFC0913CAAB3F89DD279B50B36752C74,SHA256=3214556EE0A387A3FE44E27DAF2F35FA5297CFF4830CAB4D1769197D622667FB,IMPHASH=00000000000000000000000000000000","technique_id=T1059.001,technique_name=PowerShell",Microsoft Corporation,10.0.17134.165,NT AUTHORITY\\SYSTEM, , , , , , , , , , , , , , , , , , , , , , , , , , , , , , , , , , , , , , , , , , , , , , , , , , , , , , , , , , , , , , , , , , , , , , , , , , , , , , , , , , , , , , , , , , , , , , , , , , , , , , , , , 
wazuh-alerts-4.x-2024.11.30,DPodfZMBRlc-D5DFzyOf,1,1,192.168.117.134,window-agent3,003,Maryam, ,7, ,0x8000000000000000,{5770385F-C22A-43E0-BF4C-06F5698FFBD9},4,Microsoft-Windows-Sysmon/Operational,0,"""Image loaded:
RuleName: technique_id=T1053,technique_name=Scheduled Task
UtcTime: 2024-11-30 12:48:38.447
ProcessGuid: {15959494-0909-674B-FE08-000000000D00}
ProcessId: 6344
Image: C:\Windows\System32\svchost.exe
ImageLoaded: C:\Windows\System32\taskschd.dll
FileVersion: 10.0.17134.1 (WinBuild.160101.0800)
Description: Task Scheduler COM API
Product: Microsoft® Windows® Operating System
Company: Microsoft Corporation
OriginalFileName: taskschd.dll
Hashes: SHA1=47221E645D323256A4B0B12B09891E30789EFECC,MD5=46EBDA1D65D32F2D329B8051D039F801,SHA256=52E960EDCCAEF5BB2BCD16627F3FB51BF43D1E97B4BD29D86A72172D0BF1022E,IMPHASH=88AA0B6E4721D06B33225AE5D36F7D6F
Signed: true
Signature: Microsoft Windows
SignatureStatus: Valid
User: NT AUTHORITY\SYSTEM""",3,2024-11-30T12:48:38.458067500Z,62202,1760,DESKTOP-QGB4EQH,7,2356,INFORMATION,Microsoft-Windows-Sysmon,5,false,4,Process loaded taskschd.dll module. May be used to create delayed malware execution,"[""sysmon"",""sysmon_eid7_detections"",""windows""]",92154, , ,windows_eventchannel,log,"Nov 30, 2024 @ 12:48:39.333",EventChannel,1732970919.5440446,"Nov 30, 2024 @ 12:48:39.333", , , , , , , , , , , , ,6344, , , , , , , , , , ,"[""Scheduled Task""]","[""T1053.005""]","[""Execution"",""Persistence"",""Privilege Escalation""]", , , ,taskschd.dll,C:\\Windows\\System32\\svchost.exe,Microsoft® Windows® Operating System,Microsoft Windows,C:\\Windows\\System32\\taskschd.dll,Task Scheduler COM API,true,Valid,{15959494-0909-674B-FE08-000000000D00},2024-11-30 12:48:38.447,"SHA1=47221E645D323256A4B0B12B09891E30789EFECC,MD5=46EBDA1D65D32F2D329B8051D039F801,SHA256=52E960EDCCAEF5BB2BCD16627F3FB51BF43D1E97B4BD29D86A72172D0BF1022E,IMPHASH=88AA0B6E4721D06B33225AE5D36F7D6F","technique_id=T1053,technique_name=Scheduled Task",Microsoft Corporation,10.0.17134.1 (WinBuild.160101.0800),NT AUTHORITY\\SYSTEM, , , , , , , , , , , , , , , , , , , , , , , , , , , , , , , , , , , , , , , , , , , , , , , , , , , , , , , , , , , , , , , , , , , , , , , , , , , , , , , , , , , , , , , , , , , , , , , , , , , , , , , , , 
wazuh-alerts-4.x-2024.11.30,rPodfZMBRlc-D5DFDCI8,1,1,192.168.117.134,window-agent3,003,Maryam, ,7, ,0x8000000000000000,{5770385F-C22A-43E0-BF4C-06F5698FFBD9},4,Microsoft-Windows-Sysmon/Operational,0,"""Image loaded:
RuleName: technique_id=T1059.001,technique_name=PowerShell
UtcTime: 2024-11-30 12:47:53.991
ProcessGuid: {15959494-0979-674B-F309-000000000D00}
ProcessId: 3032
Image: C:\Windows\Microsoft.NET\Framework64\v4.0.30319\mscorsvw.exe
ImageLoaded: C:\Windows\assembly\NativeImages_v4.0.30319_64\System.Manaa57fc8cc#\169c03b1d2d364a7d44737b3854923ed\System.Management.Automation.ni.dll
FileVersion: 10.0.17134.165
Description: System.Management.Automation
Product: Microsoft (R) Windows (R) Operating System
Company: Microsoft Corporation
OriginalFileName: System.Management.Automation.dll
Hashes: SHA1=78CC714A81AA79D9F05710B74E9F95EE28079874,MD5=EFC0913CAAB3F89DD279B50B36752C74,SHA256=3214556EE0A387A3FE44E27DAF2F35FA5297CFF4830CAB4D1769197D622667FB,IMPHASH=00000000000000000000000000000000
Signed: false
Signature: -
SignatureStatus: Unavailable
User: NT AUTHORITY\SYSTEM""",3,2024-11-30T12:47:53.997417700Z,61746,1760,DESKTOP-QGB4EQH,7,2356,INFORMATION,Microsoft-Windows-Sysmon,125,true,12,Binary loaded PowerShell automation library - Possible unmanaged Powershell execution by suspicious process,"[""sysmon"",""sysmon_eid7_detections"",""windows""]",92151, , ,windows_eventchannel,log,"Nov 30, 2024 @ 12:47:54.860",EventChannel,1732970874.5028580,"Nov 30, 2024 @ 12:47:54.860", , , , , , , , , , , , ,3032, , , , , , , , , , ,"[""PowerShell""]","[""T1059.001""]","[""Execution""]", , , ,System.Management.Automation.dll,C:\\Windows\\Microsoft.NET\\Framework64\\v4.0.30319\\mscorsvw.exe,Microsoft (R) Windows (R) Operating System, ,C:\\Windows\\assembly\\NativeImages_v4.0.30319_64\\System.Manaa57fc8cc#\\169c03b1d2d364a7d44737b3854923ed\\System.Management.Automation.ni.dll,System.Management.Automation,false,Unavailable,{15959494-0979-674B-F309-000000000D00},2024-11-30 12:47:53.991,"SHA1=78CC714A81AA79D9F05710B74E9F95EE28079874,MD5=EFC0913CAAB3F89DD279B50B36752C74,SHA256=3214556EE0A387A3FE44E27DAF2F35FA5297CFF4830CAB4D1769197D622667FB,IMPHASH=00000000000000000000000000000000","technique_id=T1059.001,technique_name=PowerShell",Microsoft Corporation,10.0.17134.165,NT AUTHORITY\\SYSTEM, , , , , , , , , , , , , , , , , , , , , , , , , , , , , , , , , , , , , , , , , , , , , , , , , , , , , , , , , , , , , , , , , , , , , , , , , , , , , , , , , , , , , , , , , , , , , , , , , , , , , , , , , 
wazuh-alerts-4.x-2024.11.30,AvodfZMBRlc-D5DFjSM1,1,1,192.168.117.134,window-agent3,003,Maryam, ,11, ,0x8000000000000000,{5770385F-C22A-43E0-BF4C-06F5698FFBD9},4,Microsoft-Windows-Sysmon/Operational,0,"""File created:
RuleName: technique_id=T1574.010,technique_name=Services File Permissions Weakness
UtcTime: 2024-11-30 12:48:25.462
ProcessGuid: {15959494-0998-674B-3D0A-000000000D00}
ProcessId: 4460
Image: C:\Windows\Microsoft.NET\Framework64\v4.0.30319\mscorsvw.exe
TargetFilename: C:\Windows\assembly\NativeImages_v4.0.30319_64\Temp\116c-0\MMCEx.dll
CreationUtcTime: 2024-11-30 12:48:25.462
User: NT AUTHORITY\SYSTEM""",2,2024-11-30T12:48:25.477248600Z,62067,1760,DESKTOP-QGB4EQH,11,2356,INFORMATION,Microsoft-Windows-Sysmon,101,false,6,Executable dropped in Windows root folder,"[""sysmon"",""sysmon_eid11_detections"",""windows""]",92217, , ,windows_eventchannel,log,"Nov 30, 2024 @ 12:48:26.538",EventChannel,1732970906.5403297,"Nov 30, 2024 @ 12:48:26.538", , , , , , , , , , , , ,4460, , , , , , , , , , ,"[""Lateral Tool Transfer""]","[""T1570""]","[""Lateral Movement""]", , , , ,C:\\Windows\\Microsoft.NET\\Framework64\\v4.0.30319\\mscorsvw.exe, , , , , , ,{15959494-0998-674B-3D0A-000000000D00},2024-11-30 12:48:25.462, ,"technique_id=T1574.010,technique_name=Services File Permissions Weakness", , ,NT AUTHORITY\\SYSTEM, , , , , , , , , , , , , , , , , , , , , , , , , , , , , , , , , , , , ,C:\\Windows\\assembly\\NativeImages_v4.0.30319_64\\Temp\\116c-0\\MMCEx.dll,2024-11-30 12:48:25.462, , , , , , , , , , , , , , , , , , , , , , , , , , , , , , , , , , , , , , , , , , , , , , , , , , , , , , , , , , , , , , , , , , , 
wazuh-alerts-4.x-2024.11.30,A_odfZMBRlc-D5DFjSM1,1,1,192.168.117.134,window-agent3,003,Maryam, ,11, ,0x8000000000000000,{5770385F-C22A-43E0-BF4C-06F5698FFBD9},4,Microsoft-Windows-Sysmon/Operational,0,"""File created:
RuleName: technique_id=T1574.010,technique_name=Services File Permissions Weakness
UtcTime: 2024-11-30 12:48:25.947
ProcessGuid: {15959494-0999-674B-3F0A-000000000D00}
ProcessId: 1336
Image: C:\Windows\Microsoft.NET\Framework64\v4.0.30319\mscorsvw.exe
TargetFilename: C:\Windows\assembly\NativeImages_v4.0.30319_64\Temp\538-0\MMCFxCommon.dll
CreationUtcTime: 2024-11-30 12:48:25.947
User: NT AUTHORITY\SYSTEM""",2,2024-11-30T12:48:25.949794800Z,62073,1760,DESKTOP-QGB4EQH,11,2356,INFORMATION,Microsoft-Windows-Sysmon,102,false,6,Executable dropped in Windows root folder,"[""sysmon"",""sysmon_eid11_detections"",""windows""]",92217, , ,windows_eventchannel,log,"Nov 30, 2024 @ 12:48:26.614",EventChannel,1732970906.5406380,"Nov 30, 2024 @ 12:48:26.614", , , , , , , , , , , , ,1336, , , , , , , , , , ,"[""Lateral Tool Transfer""]","[""T1570""]","[""Lateral Movement""]", , , , ,C:\\Windows\\Microsoft.NET\\Framework64\\v4.0.30319\\mscorsvw.exe, , , , , , ,{15959494-0999-674B-3F0A-000000000D00},2024-11-30 12:48:25.947, ,"technique_id=T1574.010,technique_name=Services File Permissions Weakness", , ,NT AUTHORITY\\SYSTEM, , , , , , , , , , , , , , , , , , , , , , , , , , , , , , , , , , , , ,C:\\Windows\\assembly\\NativeImages_v4.0.30319_64\\Temp\\538-0\\MMCFxCommon.dll,2024-11-30 12:48:25.947, , , , , , , , , , , , , , , , , , , , , , , , , , , , , , , , , , , , , , , , , , , , , , , , , , , , , , , , , , , , , , , , , , , 
wazuh-alerts-4.x-2024.11.30,oPocfZMBRlc-D5DF6SIV,1,1,192.168.117.134,window-agent3,003,Maryam, ,11, ,0x8000000000000000,{5770385F-C22A-43E0-BF4C-06F5698FFBD9},4,Microsoft-Windows-Sysmon/Operational,0,"""File created:
RuleName: technique_id=T1574.010,technique_name=Services File Permissions Weakness
UtcTime: 2024-11-30 12:47:44.230
ProcessGuid: {15959494-096F-674B-E709-000000000D00}
ProcessId: 4128
Image: C:\Windows\Microsoft.NET\Framework64\v4.0.30319\mscorsvw.exe
TargetFilename: C:\Windows\assembly\NativeImages_v4.0.30319_64\Temp\1020-0\Microsoft.PowerShell.Cmdletization.OData.dll
CreationUtcTime: 2024-11-30 12:47:44.230
User: NT AUTHORITY\SYSTEM""",2,2024-11-30T12:47:44.240759300Z,61719,1760,DESKTOP-QGB4EQH,11,2356,INFORMATION,Microsoft-Windows-Sysmon,62,false,6,Executable dropped in Windows root folder,"[""sysmon"",""sysmon_eid11_detections"",""windows""]",92217, , ,windows_eventchannel,log,"Nov 30, 2024 @ 12:47:45.291",EventChannel,1732970865.4974660,"Nov 30, 2024 @ 12:47:45.291", , , , , , , , , , , , ,4128, , , , , , , , , , ,"[""Lateral Tool Transfer""]","[""T1570""]","[""Lateral Movement""]", , , , ,C:\\Windows\\Microsoft.NET\\Framework64\\v4.0.30319\\mscorsvw.exe, , , , , , ,{15959494-096F-674B-E709-000000000D00},2024-11-30 12:47:44.230, ,"technique_id=T1574.010,technique_name=Services File Permissions Weakness", , ,NT AUTHORITY\\SYSTEM, , , , , , , , , , , , , , , , , , , , , , , , , , , , , , , , , , , , ,C:\\Windows\\assembly\\NativeImages_v4.0.30319_64\\Temp\\1020-0\\Microsoft.PowerShell.Cmdletization.OData.dll,2024-11-30 12:47:44.230, , , , , , , , , , , , , , , , , , , , , , , , , , , , , , , , , , , , , , , , , , , , , , , , , , , , , , , , , , , , , , , , , , , 
wazuh-alerts-4.x-2024.11.30,EPoefZMBRlc-D5DFCiM4,1,1,192.168.117.134,window-agent3,003,Maryam, ,7, ,0x8000000000000000,{5770385F-C22A-43E0-BF4C-06F5698FFBD9},4,Microsoft-Windows-Sysmon/Operational,0,"""Image loaded:
RuleName: technique_id=T1053,technique_name=Scheduled Task
UtcTime: 2024-11-30 12:48:52.822
ProcessGuid: {15959494-0977-674B-EE09-000000000D00}
ProcessId: 3796
Image: C:\Windows\System32\sppsvc.exe
ImageLoaded: C:\Windows\System32\taskschd.dll
FileVersion: 10.0.17134.1 (WinBuild.160101.0800)
Description: Task Scheduler COM API
Product: Microsoft® Windows® Operating System
Company: Microsoft Corporation
OriginalFileName: taskschd.dll
Hashes: SHA1=47221E645D323256A4B0B12B09891E30789EFECC,MD5=46EBDA1D65D32F2D329B8051D039F801,SHA256=52E960EDCCAEF5BB2BCD16627F3FB51BF43D1E97B4BD29D86A72172D0BF1022E,IMPHASH=88AA0B6E4721D06B33225AE5D36F7D6F
Signed: true
Signature: Microsoft Windows
SignatureStatus: Valid
User: NT AUTHORITY\NETWORK SERVICE""",3,2024-11-30T12:48:52.834641700Z,62242,1760,DESKTOP-QGB4EQH,7,2356,INFORMATION,Microsoft-Windows-Sysmon,6,false,4,Process loaded taskschd.dll module. May be used to create delayed malware execution,"[""sysmon"",""sysmon_eid7_detections"",""windows""]",92154, , ,windows_eventchannel,log,"Nov 30, 2024 @ 12:48:53.883",EventChannel,1732970933.5456890,"Nov 30, 2024 @ 12:48:53.883", , , , , , , , , , , , ,3796, , , , , , , , , , ,"[""Scheduled Task""]","[""T1053.005""]","[""Execution"",""Persistence"",""Privilege Escalation""]", , , ,taskschd.dll,C:\\Windows\\System32\\sppsvc.exe,Microsoft® Windows® Operating System,Microsoft Windows,C:\\Windows\\System32\\taskschd.dll,Task Scheduler COM API,true,Valid,{15959494-0977-674B-EE09-000000000D00},2024-11-30 12:48:52.822,"SHA1=47221E645D323256A4B0B12B09891E30789EFECC,MD5=46EBDA1D65D32F2D329B8051D039F801,SHA256=52E960EDCCAEF5BB2BCD16627F3FB51BF43D1E97B4BD29D86A72172D0BF1022E,IMPHASH=88AA0B6E4721D06B33225AE5D36F7D6F","technique_id=T1053,technique_name=Scheduled Task",Microsoft Corporation,10.0.17134.1 (WinBuild.160101.0800),NT AUTHORITY\\NETWORK SERVICE, , , , , , , , , , , , , , , , , , , , , , , , , , , , , , , , , , , , , , , , , , , , , , , , , , , , , , , , , , , , , , , , , , , , , , , , , , , , , , , , , , , , , , , , , , , , , , , , , , , , , , , , , 
wazuh-alerts-4.x-2024.11.30,EfoefZMBRlc-D5DFFSPy,1,1,192.168.117.134,window-agent3,003,Maryam, ,8224, ,0x80000000000000, ,4,Application, ,"""The VSS service is shutting down due to idle timeout. """, ,2024-11-30T12:49:02.213058700Z,2181, ,DESKTOP-QGB4EQH,0, ,INFORMATION,VSS,1,false,5,The VSS service is shutting down due to idle timeout.,"[""windows"",""windows_application""]",60702, , ,windows_eventchannel,log,"Nov 30, 2024 @ 12:49:02.281",EventChannel,1732970942.5461509,"Nov 30, 2024 @ 12:49:02.281", , , , , , , , , , , , , , , , , , , , , , , , , , , , , , , , , , , , , , , , , , , , , , , , , , , , , , , , , , , , , , , , , , , , , , , , , , , , , , , , , , ,2D20436F64653A2020434F525356434330303030303735392D2043616C6C3A2020434F525356434330303030303734312D205049443A202030303030363331362D205449443A202030303030323035322D20434D443A2020433A5C57696E646F77735C73797374656D33325C76737376632E6578652020202D20557365723A204E616D653A204E5420415554484F524954595C53595354454D2C205349443A532D312D352D313820, , , , , , , , , , , , , , , , , , , , , , , , , , , , , , , , , , , , , , , , , , , , , , , , , , , , , , , , , , , , , , , , , , 
wazuh-alerts-4.x-2024.11.30,Lfo3fZMBRlc-D5DFSyMY,1,1,192.168.117.134,window-agent3,003,Maryam, ,10, ,0x8000000000000000,{5770385F-C22A-43E0-BF4C-06F5698FFBD9},4,Microsoft-Windows-Sysmon/Operational,0,"""Process accessed:
RuleName: technique_id=T1055.001,technique_name=Dynamic-link Library Injection
UtcTime: 2024-11-30 13:16:33.111
SourceProcessGUID: {15959494-D537-6749-0D01-000000000D00}
SourceProcessId: 4984
SourceThreadId: 5996
SourceImage: C:\Windows\System32\WindowsPowerShell\v1.0\powershell.exe
TargetProcessGUID: {15959494-D46C-6749-C900-000000000D00}
TargetProcessId: 2600
TargetImage: C:\Windows\Explorer.EXE
GrantedAccess: 0x1410
CallTrace: C:\Windows\SYSTEM32\ntdll.dll+9a374|C:\Windows\System32\KERNELBASE.dll+2fd5d|C:\Windows\assembly\NativeImages_v4.0.30319_64\System\37a1d51f35918dd36a0d4e34cc91732e\System.ni.dll+381f60|C:\Windows\assembly\NativeImages_v4.0.30319_64\System\37a1d51f35918dd36a0d4e34cc91732e\System.ni.dll+2fa12e|C:\Windows\assembly\NativeImages_v4.0.30319_64\System\37a1d51f35918dd36a0d4e34cc91732e\System.ni.dll+2f956f|C:\Windows\assembly\NativeImages_v4.0.30319_64\System\37a1d51f35918dd36a0d4e34cc91732e\System.ni.dll+2b7465|C:\Windows\assembly\NativeImages_v4.0.30319_64\System\37a1d51f35918dd36a0d4e34cc91732e\System.ni.dll+2c37a4|UNKNOWN(00007FFF59099021)
SourceUser: DESKTOP-QGB4EQH\mari
TargetUser: DESKTOP-QGB4EQH\mari""",3,2024-11-30T13:16:33.127357500Z,62325,1760,DESKTOP-QGB4EQH,10,2356,INFORMATION,Microsoft-Windows-Sysmon,1,true,12,"Explorer process was accessed by C:\\Windows\\System32\\WindowsPowerShell\\v1.0\\powershell.exe, possible process injection","[""sysmon"",""sysmon_eid10_detections"",""windows""]",92910, , ,windows_eventchannel,log,"Nov 30, 2024 @ 13:16:33.987",EventChannel,1732972593.5492342,"Nov 30, 2024 @ 13:16:33.987", , , , , , , , , , , , , , , , , , , , , , , ,"[""Process Injection""]","[""T1055""]","[""Defense Evasion"",""Privilege Escalation""]", , , , , , , , , , , , ,2024-11-30 13:16:33.111, ,"technique_id=T1055.001,technique_name=Dynamic-link Library Injection", , , , , , , , , , , , , , , , , , , , , , , , , , , , , , , , , , , , , , , , , , , , , , , , , , , , , , , , , , , , , , , , , , , , , , , , , , , , , , , , , , , , , , , , , ,0x1410,2600,DESKTOP-QGB4EQH\\mari,C:\\Windows\\Explorer.EXE,{15959494-D537-6749-0D01-000000000D00},C:\\Windows\\SYSTEM32\\ntdll.dll+9a374|C:\\Windows\\System32\\KERNELBASE.dll+2fd5d|C:\\Windows\\assembly\\NativeImages_v4.0.30319_64\\System\\37a1d51f35918dd36a0d4e34cc91732e\\System.ni.dll+381f60|C:\\Windows\\assembly\\NativeImages_v4.0.30319_64\\System\\37a1d51f35918dd36a0d4e34cc91732e\\System.ni.dll+2fa12e|C:\\Windows\\assembly\\NativeImages_v4.0.30319_64\\System\\37a1d51f35918dd36a0d4e34cc91732e\\System.ni.dll+2f956f|C:\\Windows\\assembly\\NativeImages_v4.0.30319_64\\System\\37a1d51f35918dd36a0d4e34cc91732e\\System.ni.dll+2b7465|C:\\Windows\\assembly\\NativeImages_v4.0.30319_64\\System\\37a1d51f35918dd36a0d4e34cc91732e\\System.ni.dll+2c37a4|UNKNOWN(00007FFF59099021),5996,{15959494-D46C-6749-C900-000000000D00},4984,C:\\Windows\\System32\\WindowsPowerShell\\v1.0\\powershell.exe,DESKTOP-QGB4EQH\\mari, , , , , , , , 
wazuh-alerts-4.x-2024.11.30,O_pBfZMBRlc-D5DFUSOo,1,1,192.168.117.134,window-agent3,003,Maryam, ,11, ,0x8000000000000000,{5770385F-C22A-43E0-BF4C-06F5698FFBD9},4,Microsoft-Windows-Sysmon/Operational,0,"""File created:
RuleName: technique_id=T1059.001,technique_name=PowerShell
UtcTime: 2024-11-30 13:27:26.236
ProcessGuid: {15959494-12BE-674B-DD0A-000000000D00}
ProcessId: 8276
Image: C:\Windows\System32\WindowsPowerShell\v1.0\powershell.exe
TargetFilename: C:\Users\mari\AppData\Local\Temp\__PSScriptPolicyTest_f4iaikrz.4fk.ps1
CreationUtcTime: 2024-11-30 13:27:26.236
User: DESKTOP-QGB4EQH\mari""",2,2024-11-30T13:27:26.247673200Z,62544,1760,DESKTOP-QGB4EQH,11,2356,INFORMATION,Microsoft-Windows-Sysmon,8,true,15,Executable file dropped in folder commonly used by malware,"[""sysmon"",""sysmon_eid11_detections"",""windows""]",92213, , ,windows_eventchannel,log,"Nov 30, 2024 @ 13:27:27.347",EventChannel,1732973247.5533223,"Nov 30, 2024 @ 13:27:27.347", , , , , , , , , , , , ,8276, , , , , , , , , , ,"[""Ingress Tool Transfer""]","[""T1105""]","[""Command and Control""]", , , , ,C:\\Windows\\System32\\WindowsPowerShell\\v1.0\\powershell.exe, , , , , , ,{15959494-12BE-674B-DD0A-000000000D00},2024-11-30 13:27:26.236, ,"technique_id=T1059.001,technique_name=PowerShell", , ,DESKTOP-QGB4EQH\\mari, , , , , , , , , , , , , , , , , , , , , , , , , , , , , , , , , , , , ,C:\\Users\\mari\\AppData\\Local\\Temp\\__PSScriptPolicyTest_f4iaikrz.4fk.ps1,2024-11-30 13:27:26.236, , , , , , , , , , , , , , , , , , , , , , , , , , , , , , , , , , , , , , , , , , , , , , , , , , , , , , , , , , , , , , , , , , , 
wazuh-alerts-4.x-2024.11.30,PPpBfZMBRlc-D5DFUSOo,1,1,192.168.117.134,window-agent3,003,Maryam, ,11, ,0x8000000000000000,{5770385F-C22A-43E0-BF4C-06F5698FFBD9},4,Microsoft-Windows-Sysmon/Operational,0,"""File created:
RuleName: technique_id=T1059.001,technique_name=PowerShell
UtcTime: 2024-11-30 13:27:26.956
ProcessGuid: {15959494-12BE-674B-DE0A-000000000D00}
ProcessId: 8200
Image: C:\Windows\System32\WindowsPowerShell\v1.0\powershell.exe
TargetFilename: C:\Users\mari\AppData\Local\Temp\__PSScriptPolicyTest_emm15qzb.dmp.ps1
CreationUtcTime: 2024-11-30 13:27:26.956
User: DESKTOP-QGB4EQH\mari""",2,2024-11-30T13:27:26.970855600Z,62559,1760,DESKTOP-QGB4EQH,11,2356,INFORMATION,Microsoft-Windows-Sysmon,9,true,15,Executable file dropped in folder commonly used by malware,"[""sysmon"",""sysmon_eid11_detections"",""windows""]",92213, , ,windows_eventchannel,log,"Nov 30, 2024 @ 13:27:27.594",EventChannel,1732973247.5536234,"Nov 30, 2024 @ 13:27:27.594", , , , , , , , , , , , ,8200, , , , , , , , , , ,"[""Ingress Tool Transfer""]","[""T1105""]","[""Command and Control""]", , , , ,C:\\Windows\\System32\\WindowsPowerShell\\v1.0\\powershell.exe, , , , , , ,{15959494-12BE-674B-DE0A-000000000D00},2024-11-30 13:27:26.956, ,"technique_id=T1059.001,technique_name=PowerShell", , ,DESKTOP-QGB4EQH\\mari, , , , , , , , , , , , , , , , , , , , , , , , , , , , , , , , , , , , ,C:\\Users\\mari\\AppData\\Local\\Temp\\__PSScriptPolicyTest_emm15qzb.dmp.ps1,2024-11-30 13:27:26.956, , , , , , , , , , , , , , , , , , , , , , , , , , , , , , , , , , , , , , , , , , , , , , , , , , , , , , , , , , , , , , , , , , , 
wazuh-alerts-4.x-2024.11.30,Nvo_fZMBRlc-D5DFyyMX,1,1,192.168.117.134,window-agent3,003,Maryam, ,11, ,0x8000000000000000,{5770385F-C22A-43E0-BF4C-06F5698FFBD9},4,Microsoft-Windows-Sysmon/Operational,0,"""File created:
RuleName: technique_id=T1059.001,technique_name=PowerShell
UtcTime: 2024-11-30 13:25:42.090
ProcessGuid: {15959494-1255-674B-D60A-000000000D00}
ProcessId: 8952
Image: C:\Windows\System32\WindowsPowerShell\v1.0\powershell.exe
TargetFilename: C:\Users\mari\AppData\Local\Temp\__PSScriptPolicyTest_q1grqoa0.ox3.ps1
CreationUtcTime: 2024-11-30 13:25:42.090
User: DESKTOP-QGB4EQH\mari""",2,2024-11-30T13:25:42.104968800Z,62499,1760,DESKTOP-QGB4EQH,11,2356,INFORMATION,Microsoft-Windows-Sysmon,6,true,15,Executable file dropped in folder commonly used by malware,"[""sysmon"",""sysmon_eid11_detections"",""windows""]",92213, , ,windows_eventchannel,log,"Nov 30, 2024 @ 13:25:43.008",EventChannel,1732973143.5508335,"Nov 30, 2024 @ 13:25:43.008", , , , , , , , , , , , ,8952, , , , , , , , , , ,"[""Ingress Tool Transfer""]","[""T1105""]","[""Command and Control""]", , , , ,C:\\Windows\\System32\\WindowsPowerShell\\v1.0\\powershell.exe, , , , , , ,{15959494-1255-674B-D60A-000000000D00},2024-11-30 13:25:42.090, ,"technique_id=T1059.001,technique_name=PowerShell", , ,DESKTOP-QGB4EQH\\mari, , , , , , , , , , , , , , , , , , , , , , , , , , , , , , , , , , , , ,C:\\Users\\mari\\AppData\\Local\\Temp\\__PSScriptPolicyTest_q1grqoa0.ox3.ps1,2024-11-30 13:25:42.090, , , , , , , , , , , , , , , , , , , , , , , , , , , , , , , , , , , , , , , , , , , , , , , , , , , , , , , , , , , , , , , , , , , 
wazuh-alerts-4.x-2024.11.30,SvpEfZMBRlc-D5DFeiNd,1,1,192.168.117.134,window-agent3,003,Maryam, ,11, ,0x8000000000000000,{5770385F-C22A-43E0-BF4C-06F5698FFBD9},4,Microsoft-Windows-Sysmon/Operational,0,"""File created:
RuleName: technique_id=T1059.001,technique_name=PowerShell
UtcTime: 2024-11-30 13:30:49.633
ProcessGuid: {15959494-1389-674B-E50A-000000000D00}
ProcessId: 8264
Image: C:\Windows\System32\WindowsPowerShell\v1.0\powershell.exe
TargetFilename: C:\Users\mari\AppData\Local\Temp\__PSScriptPolicyTest_haehguji.d3a.ps1
CreationUtcTime: 2024-11-30 13:30:49.633
User: DESKTOP-QGB4EQH\mari""",2,2024-11-30T13:30:49.641304000Z,62628,1760,DESKTOP-QGB4EQH,11,2356,INFORMATION,Microsoft-Windows-Sysmon,1,true,15,Executable file dropped in folder commonly used by malware,"[""sysmon"",""sysmon_eid11_detections"",""windows""]",92213, , ,windows_eventchannel,log,"Nov 30, 2024 @ 13:30:50.717",EventChannel,1732973450.5576485,"Nov 30, 2024 @ 13:30:50.717", , , , , , , , , , , , ,8264, , , , , , , , , , ,"[""Ingress Tool Transfer""]","[""T1105""]","[""Command and Control""]", , , , ,C:\\Windows\\System32\\WindowsPowerShell\\v1.0\\powershell.exe, , , , , , ,{15959494-1389-674B-E50A-000000000D00},2024-11-30 13:30:49.633, ,"technique_id=T1059.001,technique_name=PowerShell", , ,DESKTOP-QGB4EQH\\mari, , , , , , , , , , , , , , , , , , , , , , , , , , , , , , , , , , , , ,C:\\Users\\mari\\AppData\\Local\\Temp\\__PSScriptPolicyTest_haehguji.d3a.ps1,2024-11-30 13:30:49.633, , , , , , , , , , , , , , , , , , , , , , , , , , , , , , , , , , , , , , , , , , , , , , , , , , , , , , , , , , , , , , , , , , , 
wazuh-alerts-4.x-2024.11.30,Lvo3fZMBRlc-D5DFhSOv,1,1,192.168.117.134,window-agent3,003,Maryam, ,11, ,0x8000000000000000,{5770385F-C22A-43E0-BF4C-06F5698FFBD9},4,Microsoft-Windows-Sysmon/Operational,0,"""File created:
RuleName: -
UtcTime: 2024-11-30 13:16:41.652
ProcessGuid: {15959494-D537-6749-0D01-000000000D00}
ProcessId: 4984
Image: C:\Windows\System32\WindowsPowerShell\v1.0\powershell.exe
TargetFilename: C:\Users\Public\splunkd.exe
CreationUtcTime: 2024-11-30 13:16:41.652
User: DESKTOP-QGB4EQH\mari""",2,2024-11-30T13:16:41.658680700Z,62403,1760,DESKTOP-QGB4EQH,11,2356,INFORMATION,Microsoft-Windows-Sysmon,1,true,12,Executable file dropped in Users\Public folder,"[""sysmon"",""sysmon_eid11_detections"",""windows""]",92207, , ,windows_eventchannel,log,"Nov 30, 2024 @ 13:16:42.176",EventChannel,1732972602.5498748,"Nov 30, 2024 @ 13:16:42.176", , , , , , , , , , , , ,4984, , , , , , , , , , ,"[""Ingress Tool Transfer""]","[""T1105""]","[""Command and Control""]", , , , ,C:\\Windows\\System32\\WindowsPowerShell\\v1.0\\powershell.exe, , , , , , ,{15959494-D537-6749-0D01-000000000D00},2024-11-30 13:16:41.652, , , , ,DESKTOP-QGB4EQH\\mari, , , , , , , , , , , , , , , , , , , , , , , , , , , , , , , , , , , , ,C:\\Users\\Public\\splunkd.exe,2024-11-30 13:16:41.652, , , , , , , , , , , , , , , , , , , , , , , , , , , , , , , , , , , , , , , , , , , , , , , , , , , , , , , , , , , , , , , , , , , 
wazuh-alerts-4.x-2024.11.30,GfomfZMBRlc-D5DFGCP7,1,1,192.168.117.134,window-agent3,003,Maryam, ,1014, ,0x4000000010000000,{1C95126E-7EEA-49A9-A3FE-A378B03DDB4D},3,System,0,"""Name resolution for the name wpad timed out after none of the configured DNS servers responded.""",0,2024-11-30T12:57:44.461614800Z,2105,7704,DESKTOP-QGB4EQH,1014,1384,WARNING,Microsoft-Windows-DNS-Client,2,false,5,Name resolution for the name wpad timed out,"[""windows"",""windows_system""]",61109, , ,windows_eventchannel,log,"Nov 30, 2024 @ 12:57:45.535",EventChannel,1732971465.5472491,"Nov 30, 2024 @ 12:57:45.535", , , , , , , , , , , , , , , , , , , , , , , , , , ,128,02000000C0A87502000000000000000000000000000000000000000000000000000000000000000000000000000000000000000000000000000000000000000000000000000000000000000000000000000000000000000000000000000000000000000000000000000000000000000000000000000000000000000000000000,wpad, , , , , , , , , , , , , , , , , , , , , , , , , , , , , , , , , , , , , , , , , , , , , , , , , , , , , , , , , , , , , , , , , , , , , , , , , , , , , , , , , , , , , , , , , , , , , , , , , , , , , , , , , , , , , , , , , , , , , , , , 
wazuh-alerts-4.x-2024.11.30,GvomfZMBRlc-D5DFUyNx,1,1,192.168.117.130,wazuh-agent,002,Maryam, ,1014, ,0x4000000010000000,{1C95126E-7EEA-49A9-A3FE-A378B03DDB4D},3,System,0,"""Name resolution for the name wpad timed out after none of the configured DNS servers responded.""",0,2024-11-30T12:57:54.666737600Z,1802,1620,DESKTOP-FMI6MML,1014,1452,WARNING,Microsoft-Windows-DNS-Client,3,false,5,Name resolution for the name wpad timed out,"[""windows"",""windows_system""]",61109, , ,windows_eventchannel,log,"Nov 30, 2024 @ 12:57:56.097",EventChannel,1732971476.5474479,"Nov 30, 2024 @ 12:57:56.097", , , , , , , , , , , , , , , , , , , , , , , , , , ,128,02000000C0A87502000000000000000000000000000000000000000000000000000000000000000000000000000000000000000000000000000000000000000000000000000000000000000000000000000000000000000000000000000000000000000000000000000000000000000000000000000000000000000000000000,wpad, , , , , , , , , , , , , , , , , , , , , , , , , , , , , , , , , , , , , , , , , , , , , , , , , , , , , , , , , , , , , , , , , , , , , , , , , , , , , , , , , , , , , , , , , , , , , , , , , , , , , , , , , , , , , , , , , , , , , , , , 
wazuh-alerts-4.x-2024.11.30,JPowfZMBRlc-D5DF6iM6,1,1,192.168.117.130,wazuh-agent,002,Maryam, ,1014, ,0x4000000010000000,{1C95126E-7EEA-49A9-A3FE-A378B03DDB4D},3,System,0,"""Name resolution for the name wpad timed out after none of the configured DNS servers responded.""",0,2024-11-30T13:09:30.820530200Z,1803,1620,DESKTOP-FMI6MML,1014,1452,WARNING,Microsoft-Windows-DNS-Client,5,false,5,Name resolution for the name wpad timed out,"[""windows"",""windows_system""]",61109, , ,windows_eventchannel,log,"Nov 30, 2024 @ 13:09:32.247",EventChannel,1732972172.5483034,"Nov 30, 2024 @ 13:09:32.247", , , , , , , , , , , , , , , , , , , , , , , , , , ,128,02000000C0A87502000000000000000000000000000000000000000000000000000000000000000000000000000000000000000000000000000000000000000000000000000000000000000000000000000000000000000000000000000000000000000000000000000000000000000000000000000000000000000000000000,wpad, , , , , , , , , , , , , , , , , , , , , , , , , , , , , , , , , , , , , , , , , , , , , , , , , , , , , , , , , , , , , , , , , , , , , , , , , , , , , , , , , , , , , , , , , , , , , , , , , , , , , , , , , , , , , , , , , , , , , , , , 
wazuh-alerts-4.x-2024.11.30,efpUfZMBRlc-D5DFkyOx,1,1,192.168.117.134,window-agent3,003,Maryam, ,1, ,0x8000000000000000,{5770385F-C22A-43E0-BF4C-06F5698FFBD9},4,Microsoft-Windows-Sysmon/Operational,0,"""Process Create:
RuleName: technique_id=T1087.001,technique_name=Local Account
UtcTime: 2024-11-30 13:48:25.760
ProcessGuid: {15959494-17A9-674B-0C0B-000000000D00}
ProcessId: 8860
Image: C:\Windows\System32\cmd.exe
FileVersion: 10.0.17134.1 (WinBuild.160101.0800)
Description: Windows Command Processor
Product: Microsoft® Windows® Operating System
Company: Microsoft Corporation
OriginalFileName: Cmd.Exe
CommandLine: cmd.exe /C net user && dir c:\Users\ && cmdkey.exe /list && net localgroup ""Users"" && net localgroup
CurrentDirectory: C:\Windows\system32\
User: DESKTOP-QGB4EQH\mari
LogonGuid: {15959494-D46B-6749-6B7A-100000000000}
LogonId: 0x107A6B
TerminalSessionId: 1
IntegrityLevel: High
Hashes: SHA1=3CE71813199ABAE99348F61F0CAA34E2574F831C,MD5=4E2ACF4F8A396486AB4268C94A6A245F,SHA256=9A7C58BD98D70631AA1473F7B57B426DB367D72429A5455B433A05EE251F3236,IMPHASH=8542FB14699D84D7E8DA92F66145C7FE
ParentProcessGuid: {15959494-16A8-674B-050B-000000000D00}
ParentProcessId: 4176
ParentImage: C:\Users\Public\splunkd.exe
ParentCommandLine: ""C:\Users\Public\splunkd.exe"" -server http://172.31.234.82:8888 -group red 
ParentUser: DESKTOP-QGB4EQH\mari""",5,2024-11-30T13:48:25.765266500Z,62853,1760,DESKTOP-QGB4EQH,1,2356,INFORMATION,Microsoft-Windows-Sysmon,2,false,4,Windows command prompt started by an abnormal process,"[""sysmon"",""sysmon_eid1_detections"",""windows""]",92052, , ,windows_eventchannel,log,"Nov 30, 2024 @ 13:48:26.834",EventChannel,1732974506.5733384,"Nov 30, 2024 @ 13:48:26.834", , , , , , , ,{15959494-D46B-6749-6B7A-100000000000}, , , , ,8860, , , , , , , , , , ,"[""Windows Command Shell""]","[""T1059.003""]","[""Execution""]", , , ,Cmd.Exe,C:\\Windows\\System32\\cmd.exe,Microsoft® Windows® Operating System, , ,Windows Command Processor, , ,{15959494-17A9-674B-0C0B-000000000D00},2024-11-30 13:48:25.760,"SHA1=3CE71813199ABAE99348F61F0CAA34E2574F831C,MD5=4E2ACF4F8A396486AB4268C94A6A245F,SHA256=9A7C58BD98D70631AA1473F7B57B426DB367D72429A5455B433A05EE251F3236,IMPHASH=8542FB14699D84D7E8DA92F66145C7FE","technique_id=T1087.001,technique_name=Local Account",Microsoft Corporation,10.0.17134.1 (WinBuild.160101.0800),DESKTOP-QGB4EQH\\mari, , , , , , , , , , , , , , , , , , , , , , , , , , ,{15959494-16A8-674B-050B-000000000D00},"\""C:\\Users\\Public\\splunkd.exe\"" -server http://172.31.234.82:8888 -group red",0x107a6b,4176,C:\\Windows\\system32\\,C:\\Users\\Public\\splunkd.exe,"cmd.exe /C net user &amp;&amp; dir c:\\Users\\ &amp;&amp; cmdkey.exe /list &amp;&amp; net localgroup \""Users\"" &amp;&amp; net localgroup",High,1,DESKTOP-QGB4EQH\\mari, , , , , , , , , , , , , , , , , , , , , , , , , , , , , , , , , , , , , , , , , , , , , , , , , , , , , , , , , , , , , , , , , , , , , 
wazuh-alerts-4.x-2024.11.30,f_pUfZMBRlc-D5DFkyOx,1,1,192.168.117.134,window-agent3,003,Maryam, ,1, ,0x8000000000000000,{5770385F-C22A-43E0-BF4C-06F5698FFBD9},4,Microsoft-Windows-Sysmon/Operational,0,"""Process Create:
RuleName: technique_id=T1018,technique_name=Remote System Discovery
UtcTime: 2024-11-30 13:48:25.928
ProcessGuid: {15959494-17A9-674B-120B-000000000D00}
ProcessId: 2380
Image: C:\Windows\System32\net.exe
FileVersion: 10.0.17134.1 (WinBuild.160101.0800)
Description: Net Command
Product: Microsoft® Windows® Operating System
Company: Microsoft Corporation
OriginalFileName: net.exe
CommandLine: net  localgroup
CurrentDirectory: C:\Windows\system32\
User: DESKTOP-QGB4EQH\mari
LogonGuid: {15959494-D46B-6749-6B7A-100000000000}
LogonId: 0x107A6B
TerminalSessionId: 1
IntegrityLevel: High
Hashes: SHA1=A22C23BE5AF113757D68691B10854375F0CE0EFB,MD5=15534275EDAABC58159DD0F8607A71E5,SHA256=E9739D544EE0D428696036CBD656C41DCC505B67CC43DBA7C6BEC4E3959282AC,IMPHASH=EB2C2924EA23E1A5FB0E3F53F46CB709
ParentProcessGuid: {15959494-17A9-674B-0C0B-000000000D00}
ParentProcessId: 8860
ParentImage: C:\Windows\System32\cmd.exe
ParentCommandLine: cmd.exe /C net user && dir c:\Users\ && cmdkey.exe /list && net localgroup ""Users"" && net localgroup
ParentUser: DESKTOP-QGB4EQH\mari""",5,2024-11-30T13:48:25.928980000Z,62860,1760,DESKTOP-QGB4EQH,1,2356,INFORMATION,Microsoft-Windows-Sysmon,3,false,3,A C:\\Windows\\System32\\net.exe binary was started by a Windows cmd shell,"[""sysmon"",""sysmon_eid1_detections"",""windows""]",92036, , ,windows_eventchannel,log,"Nov 30, 2024 @ 13:48:26.944",EventChannel,1732974506.5770024,"Nov 30, 2024 @ 13:48:26.944", , , , , , , ,{15959494-D46B-6749-6B7A-100000000000}, , , , ,2380, , , , , , , , , , ,"[""Windows Command Shell"",""DLL Search Order Hijacking""]","[""T1059.003"",""T1574.001""]","[""Execution"",""Persistence"",""Privilege Escalation"",""Defense Evasion""]", , , ,net.exe,C:\\Windows\\System32\\net.exe,Microsoft® Windows® Operating System, , ,Net Command, , ,{15959494-17A9-674B-120B-000000000D00},2024-11-30 13:48:25.928,"SHA1=A22C23BE5AF113757D68691B10854375F0CE0EFB,MD5=15534275EDAABC58159DD0F8607A71E5,SHA256=E9739D544EE0D428696036CBD656C41DCC505B67CC43DBA7C6BEC4E3959282AC,IMPHASH=EB2C2924EA23E1A5FB0E3F53F46CB709","technique_id=T1018,technique_name=Remote System Discovery",Microsoft Corporation,10.0.17134.1 (WinBuild.160101.0800),DESKTOP-QGB4EQH\\mari, , , , , , , , , , , , , , , , , , , , , , , , , , ,{15959494-17A9-674B-0C0B-000000000D00},"cmd.exe /C net user &amp;&amp; dir c:\\Users\\ &amp;&amp; cmdkey.exe /list &amp;&amp; net localgroup \""Users\"" &amp;&amp; net localgroup",0x107a6b,8860,C:\\Windows\\system32\\,C:\\Windows\\System32\\cmd.exe,net  localgroup,High,1,DESKTOP-QGB4EQH\\mari, , , , , , , , , , , , , , , , , , , , , , , , , , , , , , , , , , , , , , , , , , , , , , , , , , , , , , , , , , , , , , , , , , , , , 
wazuh-alerts-4.x-2024.11.30,gPpUfZMBRlc-D5DFkyOx,1,1,192.168.117.134,window-agent3,003,Maryam, ,1, ,0x8000000000000000,{5770385F-C22A-43E0-BF4C-06F5698FFBD9},4,Microsoft-Windows-Sysmon/Operational,0,"""Process Create:
RuleName: technique_id=T1018,technique_name=Remote System Discovery
UtcTime: 2024-11-30 13:48:25.939
ProcessGuid: {15959494-17A9-674B-130B-000000000D00}
ProcessId: 1788
Image: C:\Windows\System32\net1.exe
FileVersion: 10.0.17134.1 (WinBuild.160101.0800)
Description: Net Command
Product: Microsoft® Windows® Operating System
Company: Microsoft Corporation
OriginalFileName: net1.exe
CommandLine: C:\Windows\system32\net1  localgroup
CurrentDirectory: C:\Windows\system32\
User: DESKTOP-QGB4EQH\mari
LogonGuid: {15959494-D46B-6749-6B7A-100000000000}
LogonId: 0x107A6B
TerminalSessionId: 1
IntegrityLevel: High
Hashes: SHA1=DC6E267A6BF85702F2DD52CB55F0967E2DB7E80D,MD5=AF569DE92AB6C1B9C681AF1E799F9983,SHA256=FFC30745BE3B6C2771FC4B2993CFF50B5226B271C412467E97B1DC1086DEA888,IMPHASH=5322AC1A3CFF9C8A2AE16A789E26231E
ParentProcessGuid: {15959494-17A9-674B-120B-000000000D00}
ParentProcessId: 2380
ParentImage: C:\Windows\System32\net.exe
ParentCommandLine: net  localgroup
ParentUser: DESKTOP-QGB4EQH\mari""",5,2024-11-30T13:48:25.940161400Z,62861,1760,DESKTOP-QGB4EQH,1,2356,INFORMATION,Microsoft-Windows-Sysmon,3,false,3,Discovery activity executed,"[""sysmon"",""sysmon_eid1_detections"",""windows""]",92031, , ,windows_eventchannel,log,"Nov 30, 2024 @ 13:48:26.944",EventChannel,1732974506.5776181,"Nov 30, 2024 @ 13:48:26.944", , , , , , , ,{15959494-D46B-6749-6B7A-100000000000}, , , , ,1788, , , , , , , , , , ,"[""Account Discovery""]","[""T1087""]","[""Discovery""]", , , ,net1.exe,C:\\Windows\\System32\\net1.exe,Microsoft® Windows® Operating System, , ,Net Command, , ,{15959494-17A9-674B-130B-000000000D00},2024-11-30 13:48:25.939,"SHA1=DC6E267A6BF85702F2DD52CB55F0967E2DB7E80D,MD5=AF569DE92AB6C1B9C681AF1E799F9983,SHA256=FFC30745BE3B6C2771FC4B2993CFF50B5226B271C412467E97B1DC1086DEA888,IMPHASH=5322AC1A3CFF9C8A2AE16A789E26231E","technique_id=T1018,technique_name=Remote System Discovery",Microsoft Corporation,10.0.17134.1 (WinBuild.160101.0800),DESKTOP-QGB4EQH\\mari, , , , , , , , , , , , , , , , , , , , , , , , , , ,{15959494-17A9-674B-120B-000000000D00},net  localgroup,0x107a6b,2380,C:\\Windows\\system32\\,C:\\Windows\\System32\\net.exe,C:\\Windows\\system32\\net1  localgroup,High,1,DESKTOP-QGB4EQH\\mari, , , , , , , , , , , , , , , , , , , , , , , , , , , , , , , , , , , , , , , , , , , , , , , , , , , , , , , , , , , , , , , , , , , , , 
wazuh-alerts-4.x-2024.11.30,afpUfZMBRlc-D5DFVSNf,1,1,192.168.117.130,wazuh-agent,002,Maryam,SessionEnv,6000,Wlclntfy,0x80000000000000,{DBE9B383-7CF3-4331-91CC-A3CB16A3B538},4,Application,0,"""The winlogon notification subscriber <SessionEnv> was unavailable to handle a notification event.""",0,2024-11-30T13:48:11.319045200Z,1729,0,DESKTOP-FMI6MML,0,0,INFORMATION,Microsoft-Windows-Winlogon,1,false,5,SessionEnv was unavailable to handle a notification event.,"[""windows"",""windows_application""]",60775, , ,windows_eventchannel,log,"Nov 30, 2024 @ 13:48:11.842",EventChannel,1732974491.5682602,"Nov 30, 2024 @ 13:48:11.842", , , , , , , , , , , , , , , , , , , , , , , , , , , , , , , , , , , , , , , , , , , , , , , , , , , , , , , , , , , , , , , , , , , , , , , , , , , , , , , , , , ,D9060000, , , , , , , , , , , , , , , , , , , , , , , , , , , , , , , , , , , , , , , , , , , , , , , , , , , , , , , , , , , , , , , , , , 
wazuh-alerts-4.x-2024.11.30,bPpUfZMBRlc-D5DFVSNf,1,1,192.168.117.130,wazuh-agent,002,Maryam, ,13, ,0x8000000000000000,{5770385F-C22A-43E0-BF4C-06F5698FFBD9},4,Microsoft-Windows-Sysmon/Operational,0,"""Registry value set:
RuleName: T1031,T1050
EventType: SetValue
UtcTime: 2024-11-30 13:48:11.287
ProcessGuid: {D8AF36FB-C38E-674A-0B00-000000000900}
ProcessId: 644
Image: C:\Windows\system32\services.exe
TargetObject: HKLM\System\CurrentControlSet\Services\CaptureService_50754e\ImagePath
Details: C:\Windows\system32\svchost.exe -k LocalService -p
User: NT AUTHORITY\SYSTEM""",2,2024-11-30T13:48:11.409356800Z,50656,4148,DESKTOP-FMI6MML,13,2364,INFORMATION,Microsoft-Windows-Sysmon,3,false,3,Evidence of new service creation found in registry under HKLM\\System\\CurrentControlSet\\Services\\CaptureService_50754e\\ImagePath binary is: C:\\Windows\\system32\\svchost.exe -k LocalService -p,"[""sysmon"",""sysmon_eid13_detections"",""windows""]",92307, , ,windows_eventchannel,log,"Nov 30, 2024 @ 13:48:13.200",EventChannel,1732974493.5690306,"Nov 30, 2024 @ 13:48:13.200", , , , , , , , , , , , ,644, , , , , , , , , , ,"[""Windows Service""]","[""T1543.003""]","[""Persistence"",""Privilege Escalation""]", , , , ,C:\\Windows\\system32\\services.exe, , , , , , ,{D8AF36FB-C38E-674A-0B00-000000000900},2024-11-30 13:48:11.287, ,"T1031,T1050", , ,NT AUTHORITY\\SYSTEM, , , , , , , , , , , , , , , , , , , , , , , , , , , , , , , , , , , , , , , , , , , , , , , , , , , , , , , , , , , , , , , , , , , , , , , , , , , , , , , , , , , ,HKLM\\System\\CurrentControlSet\\Services\\CaptureService_50754e\\ImagePath,C:\\Windows\\system32\\svchost.exe -k LocalService -p,SetValue, , , , , , , , , , , , , , , , , , , 
wazuh-alerts-4.x-2024.11.30,bvpUfZMBRlc-D5DFVSNf,1,1,192.168.117.130,wazuh-agent,002,Maryam, ,13, ,0x8000000000000000,{5770385F-C22A-43E0-BF4C-06F5698FFBD9},4,Microsoft-Windows-Sysmon/Operational,0,"""Registry value set:
RuleName: T1031,T1050
EventType: SetValue
UtcTime: 2024-11-30 13:48:11.287
ProcessGuid: {D8AF36FB-C38E-674A-0B00-000000000900}
ProcessId: 644
Image: C:\Windows\system32\services.exe
TargetObject: HKLM\System\CurrentControlSet\Services\DevicePickerUserSvc_50754e\ImagePath
Details: C:\Windows\system32\svchost.exe -k DevicesFlow
User: NT AUTHORITY\SYSTEM""",2,2024-11-30T13:48:11.450039300Z,50660,4148,DESKTOP-FMI6MML,13,2364,INFORMATION,Microsoft-Windows-Sysmon,5,false,3,Evidence of new service creation found in registry under HKLM\\System\\CurrentControlSet\\Services\\DevicePickerUserSvc_50754e\\ImagePath binary is: C:\\Windows\\system32\\svchost.exe -k DevicesFlow,"[""sysmon"",""sysmon_eid13_detections"",""windows""]",92307, , ,windows_eventchannel,log,"Nov 30, 2024 @ 13:48:13.694",EventChannel,1732974493.5696423,"Nov 30, 2024 @ 13:48:13.694", , , , , , , , , , , , ,644, , , , , , , , , , ,"[""Windows Service""]","[""T1543.003""]","[""Persistence"",""Privilege Escalation""]", , , , ,C:\\Windows\\system32\\services.exe, , , , , , ,{D8AF36FB-C38E-674A-0B00-000000000900},2024-11-30 13:48:11.287, ,"T1031,T1050", , ,NT AUTHORITY\\SYSTEM, , , , , , , , , , , , , , , , , , , , , , , , , , , , , , , , , , , , , , , , , , , , , , , , , , , , , , , , , , , , , , , , , , , , , , , , , , , , , , , , , , , ,HKLM\\System\\CurrentControlSet\\Services\\DevicePickerUserSvc_50754e\\ImagePath,C:\\Windows\\system32\\svchost.exe -k DevicesFlow,SetValue, , , , , , , , , , , , , , , , , , , 
