wazuh-alerts-4.x-2024.11.30,R_ocfZMBRlc-D5DFUCKn,1,1,192.168.117.134,window-agent3,003,Maryam, ,7, ,0x8000000000000000,{5770385F-C22A-43E0-BF4C-06F5698FFBD9},4,Microsoft-Windows-Sysmon/Operational,0,"""Image loaded:
RuleName: technique_id=T1059.001,technique_name=PowerShell
UtcTime: 2024-11-30 12:47:05.775
ProcessGuid: {15959494-0949-674B-5A09-000000000D00}
ProcessId: 6856
Image: C:\Windows\Microsoft.NET\Framework\v4.0.30319\mscorsvw.exe
ImageLoaded: C:\Windows\Microsoft.NET\assembly\GAC_MSIL\System.Management.Automation\v4.0_3.0.0.0__31bf3856ad364e35\System.Management.Automation.dll
FileVersion: 10.0.17134.165
Description: System.Management.Automation
Product: Microsoft (R) Windows (R) Operating System
Company: Microsoft Corporation
OriginalFileName: System.Management.Automation.dll
Hashes: SHA1=C3F1336B5DD10C00D91B556EC22580E221B93208,MD5=4A1195FB925BC6AE1DE497C25C56D064,SHA256=466427A13CA32840969B326032664657391A1E0C52B8550F2A2337B89F5AC333,IMPHASH=DAE02F32A21E03CE65412F6E56942DAA
Signed: true
Signature: Microsoft Windows
SignatureStatus: Valid
User: NT AUTHORITY\SYSTEM""",3,2024-11-30T12:47:05.791223000Z,61363,1760,DESKTOP-QGB4EQH,7,2356,INFORMATION,Microsoft-Windows-Sysmon,68,true,12,Binary loaded PowerShell automation library - Possible unmanaged Powershell execution by suspicious process,"[""sysmon"",""sysmon_eid7_detections"",""windows""]",92151, , ,windows_eventchannel,log,"Nov 30, 2024 @ 12:47:06.723",EventChannel,1732970826.4589373,"Nov 30, 2024 @ 12:47:06.723", , , , , , , , , , , , ,6856, , , , , , , , , , ,"[""PowerShell""]","[""T1059.001""]","[""Execution""]", , , ,System.Management.Automation.dll,C:\\Windows\\Microsoft.NET\\Framework\\v4.0.30319\\mscorsvw.exe,Microsoft (R) Windows (R) Operating System,Microsoft Windows,C:\\Windows\\Microsoft.NET\\assembly\\GAC_MSIL\\System.Management.Automation\\v4.0_3.0.0.0__31bf3856ad364e35\\System.Management.Automation.dll,System.Management.Automation,true,Valid,{15959494-0949-674B-5A09-000000000D00},2024-11-30 12:47:05.775,"SHA1=C3F1336B5DD10C00D91B556EC22580E221B93208,MD5=4A1195FB925BC6AE1DE497C25C56D064,SHA256=466427A13CA32840969B326032664657391A1E0C52B8550F2A2337B89F5AC333,IMPHASH=DAE02F32A21E03CE65412F6E56942DAA","technique_id=T1059.001,technique_name=PowerShell",Microsoft Corporation,10.0.17134.165,NT AUTHORITY\\SYSTEM, , , , , , , , , , , , , , , , , , , , , , , , , , , , , , , , , , , , , , , , , , , , , , , , , , , , , , , , , , , , , , , , , , , , , , , , , , , , , , , , , , , , , , , , , , , , , , , , , , , , , , , , , 
wazuh-alerts-4.x-2024.11.30,S_ocfZMBRlc-D5DFUCKn,1,1,192.168.117.134,window-agent3,003,Maryam, ,7, ,0x8000000000000000,{5770385F-C22A-43E0-BF4C-06F5698FFBD9},4,Microsoft-Windows-Sysmon/Operational,0,"""Image loaded:
RuleName: technique_id=T1059.001,technique_name=PowerShell
UtcTime: 2024-11-30 12:47:06.088
ProcessGuid: {15959494-094A-674B-5C09-000000000D00}
ProcessId: 5160
Image: C:\Windows\Microsoft.NET\Framework\v4.0.30319\mscorsvw.exe
ImageLoaded: C:\Windows\Microsoft.NET\assembly\GAC_MSIL\System.Management.Automation\v4.0_3.0.0.0__31bf3856ad364e35\System.Management.Automation.dll
FileVersion: 10.0.17134.165
Description: System.Management.Automation
Product: Microsoft (R) Windows (R) Operating System
Company: Microsoft Corporation
OriginalFileName: System.Management.Automation.dll
Hashes: SHA1=C3F1336B5DD10C00D91B556EC22580E221B93208,MD5=4A1195FB925BC6AE1DE497C25C56D064,SHA256=466427A13CA32840969B326032664657391A1E0C52B8550F2A2337B89F5AC333,IMPHASH=DAE02F32A21E03CE65412F6E56942DAA
Signed: true
Signature: Microsoft Windows
SignatureStatus: Valid
User: NT AUTHORITY\SYSTEM""",3,2024-11-30T12:47:06.088531000Z,61375,1760,DESKTOP-QGB4EQH,7,2356,INFORMATION,Microsoft-Windows-Sysmon,71,true,12,Binary loaded PowerShell automation library - Possible unmanaged Powershell execution by suspicious process,"[""sysmon"",""sysmon_eid7_detections"",""windows""]",92151, , ,windows_eventchannel,log,"Nov 30, 2024 @ 12:47:06.911",EventChannel,1732970826.4608236,"Nov 30, 2024 @ 12:47:06.911", , , , , , , , , , , , ,5160, , , , , , , , , , ,"[""PowerShell""]","[""T1059.001""]","[""Execution""]", , , ,System.Management.Automation.dll,C:\\Windows\\Microsoft.NET\\Framework\\v4.0.30319\\mscorsvw.exe,Microsoft (R) Windows (R) Operating System,Microsoft Windows,C:\\Windows\\Microsoft.NET\\assembly\\GAC_MSIL\\System.Management.Automation\\v4.0_3.0.0.0__31bf3856ad364e35\\System.Management.Automation.dll,System.Management.Automation,true,Valid,{15959494-094A-674B-5C09-000000000D00},2024-11-30 12:47:06.088,"SHA1=C3F1336B5DD10C00D91B556EC22580E221B93208,MD5=4A1195FB925BC6AE1DE497C25C56D064,SHA256=466427A13CA32840969B326032664657391A1E0C52B8550F2A2337B89F5AC333,IMPHASH=DAE02F32A21E03CE65412F6E56942DAA","technique_id=T1059.001,technique_name=PowerShell",Microsoft Corporation,10.0.17134.165,NT AUTHORITY\\SYSTEM, , , , , , , , , , , , , , , , , , , , , , , , , , , , , , , , , , , , , , , , , , , , , , , , , , , , , , , , , , , , , , , , , , , , , , , , , , , , , , , , , , , , , , , , , , , , , , , , , , , , , , , , , 
wazuh-alerts-4.x-2024.11.30,TfocfZMBRlc-D5DFVCKV,1,1,192.168.117.134,window-agent3,003,Maryam, ,11, ,0x8000000000000000,{5770385F-C22A-43E0-BF4C-06F5698FFBD9},4,Microsoft-Windows-Sysmon/Operational,0,"""File created:
RuleName: technique_id=T1574.010,technique_name=Services File Permissions Weakness
UtcTime: 2024-11-30 12:47:06.135
ProcessGuid: {15959494-094A-674B-5C09-000000000D00}
ProcessId: 5160
Image: C:\Windows\Microsoft.NET\Framework\v4.0.30319\mscorsvw.exe
TargetFilename: C:\Windows\assembly\NativeImages_v4.0.30319_32\Temp\1428-0\Microsoft.Windows.Diagnosis.Commands.UpdateDiagReport.dll
CreationUtcTime: 2024-11-30 12:47:06.135
User: NT AUTHORITY\SYSTEM""",2,2024-11-30T12:47:06.138978400Z,61377,1760,DESKTOP-QGB4EQH,11,2356,INFORMATION,Microsoft-Windows-Sysmon,26,false,6,Executable dropped in Windows root folder,"[""sysmon"",""sysmon_eid11_detections"",""windows""]",92217, , ,windows_eventchannel,log,"Nov 30, 2024 @ 12:47:06.958",EventChannel,1732970826.4618644,"Nov 30, 2024 @ 12:47:06.958", , , , , , , , , , , , ,5160, , , , , , , , , , ,"[""Lateral Tool Transfer""]","[""T1570""]","[""Lateral Movement""]", , , , ,C:\\Windows\\Microsoft.NET\\Framework\\v4.0.30319\\mscorsvw.exe, , , , , , ,{15959494-094A-674B-5C09-000000000D00},2024-11-30 12:47:06.135, ,"technique_id=T1574.010,technique_name=Services File Permissions Weakness", , ,NT AUTHORITY\\SYSTEM, , , , , , , , , , , , , , , , , , , , , , , , , , , , , , , , , , , , ,C:\\Windows\\assembly\\NativeImages_v4.0.30319_32\\Temp\\1428-0\\Microsoft.Windows.Diagnosis.Commands.UpdateDiagReport.dll,2024-11-30 12:47:06.135, , , , , , , , , , , , , , , , , , , , , , , , , , , , , , , , , , , , , , , , , , , , , , , , , , , , , , , , , , , , , , , , , , , 
wazuh-alerts-4.x-2024.11.30,UvocfZMBRlc-D5DFVCKW,1,1,192.168.117.134,window-agent3,003,Maryam, ,11, ,0x8000000000000000,{5770385F-C22A-43E0-BF4C-06F5698FFBD9},4,Microsoft-Windows-Sysmon/Operational,0,"""File created:
RuleName: technique_id=T1574.010,technique_name=Services File Permissions Weakness
UtcTime: 2024-11-30 12:47:06.400
ProcessGuid: {15959494-094A-674B-5E09-000000000D00}
ProcessId: 5384
Image: C:\Windows\Microsoft.NET\Framework\v4.0.30319\mscorsvw.exe
TargetFilename: C:\Windows\assembly\NativeImages_v4.0.30319_32\Temp\1508-0\Microsoft.Windows.Diagnosis.Commands.UpdateDiagRootcause.dll
CreationUtcTime: 2024-11-30 12:47:06.400
User: NT AUTHORITY\SYSTEM""",2,2024-11-30T12:47:06.414682800Z,61387,1760,DESKTOP-QGB4EQH,11,2356,INFORMATION,Microsoft-Windows-Sysmon,27,false,6,Executable dropped in Windows root folder,"[""sysmon"",""sysmon_eid11_detections"",""windows""]",92217, , ,windows_eventchannel,log,"Nov 30, 2024 @ 12:47:07.098",EventChannel,1732970827.4642727,"Nov 30, 2024 @ 12:47:07.098", , , , , , , , , , , , ,5384, , , , , , , , , , ,"[""Lateral Tool Transfer""]","[""T1570""]","[""Lateral Movement""]", , , , ,C:\\Windows\\Microsoft.NET\\Framework\\v4.0.30319\\mscorsvw.exe, , , , , , ,{15959494-094A-674B-5E09-000000000D00},2024-11-30 12:47:06.400, ,"technique_id=T1574.010,technique_name=Services File Permissions Weakness", , ,NT AUTHORITY\\SYSTEM, , , , , , , , , , , , , , , , , , , , , , , , , , , , , , , , , , , , ,C:\\Windows\\assembly\\NativeImages_v4.0.30319_32\\Temp\\1508-0\\Microsoft.Windows.Diagnosis.Commands.UpdateDiagRootcause.dll,2024-11-30 12:47:06.400, , , , , , , , , , , , , , , , , , , , , , , , , , , , , , , , , , , , , , , , , , , , , , , , , , , , , , , , , , , , , , , , , , , 
wazuh-alerts-4.x-2024.11.30,WPocfZMBRlc-D5DFVCKW,1,1,192.168.117.134,window-agent3,003,Maryam, ,7, ,0x8000000000000000,{5770385F-C22A-43E0-BF4C-06F5698FFBD9},4,Microsoft-Windows-Sysmon/Operational,0,"""Image loaded:
RuleName: technique_id=T1059.001,technique_name=PowerShell
UtcTime: 2024-11-30 12:47:06.822
ProcessGuid: {15959494-094A-674B-6209-000000000D00}
ProcessId: 2972
Image: C:\Windows\Microsoft.NET\Framework\v4.0.30319\mscorsvw.exe
ImageLoaded: C:\Windows\Microsoft.NET\assembly\GAC_MSIL\System.Management.Automation\v4.0_3.0.0.0__31bf3856ad364e35\System.Management.Automation.dll
FileVersion: 10.0.17134.165
Description: System.Management.Automation
Product: Microsoft (R) Windows (R) Operating System
Company: Microsoft Corporation
OriginalFileName: System.Management.Automation.dll
Hashes: SHA1=C3F1336B5DD10C00D91B556EC22580E221B93208,MD5=4A1195FB925BC6AE1DE497C25C56D064,SHA256=466427A13CA32840969B326032664657391A1E0C52B8550F2A2337B89F5AC333,IMPHASH=DAE02F32A21E03CE65412F6E56942DAA
Signed: true
Signature: Microsoft Windows
SignatureStatus: Valid
User: NT AUTHORITY\SYSTEM""",3,2024-11-30T12:47:06.825086800Z,61406,1760,DESKTOP-QGB4EQH,7,2356,INFORMATION,Microsoft-Windows-Sysmon,81,true,12,Binary loaded PowerShell automation library - Possible unmanaged Powershell execution by suspicious process,"[""sysmon"",""sysmon_eid7_detections"",""windows""]",92151, , ,windows_eventchannel,log,"Nov 30, 2024 @ 12:47:07.817",EventChannel,1732970827.4670089,"Nov 30, 2024 @ 12:47:07.817", , , , , , , , , , , , ,2972, , , , , , , , , , ,"[""PowerShell""]","[""T1059.001""]","[""Execution""]", , , ,System.Management.Automation.dll,C:\\Windows\\Microsoft.NET\\Framework\\v4.0.30319\\mscorsvw.exe,Microsoft (R) Windows (R) Operating System,Microsoft Windows,C:\\Windows\\Microsoft.NET\\assembly\\GAC_MSIL\\System.Management.Automation\\v4.0_3.0.0.0__31bf3856ad364e35\\System.Management.Automation.dll,System.Management.Automation,true,Valid,{15959494-094A-674B-6209-000000000D00},2024-11-30 12:47:06.822,"SHA1=C3F1336B5DD10C00D91B556EC22580E221B93208,MD5=4A1195FB925BC6AE1DE497C25C56D064,SHA256=466427A13CA32840969B326032664657391A1E0C52B8550F2A2337B89F5AC333,IMPHASH=DAE02F32A21E03CE65412F6E56942DAA","technique_id=T1059.001,technique_name=PowerShell",Microsoft Corporation,10.0.17134.165,NT AUTHORITY\\SYSTEM, , , , , , , , , , , , , , , , , , , , , , , , , , , , , , , , , , , , , , , , , , , , , , , , , , , , , , , , , , , , , , , , , , , , , , , , , , , , , , , , , , , , , , , , , , , , , , , , , , , , , , , , , 
wazuh-alerts-4.x-2024.11.30,WfocfZMBRlc-D5DFVCKW,1,1,192.168.117.134,window-agent3,003,Maryam, ,7, ,0x8000000000000000,{5770385F-C22A-43E0-BF4C-06F5698FFBD9},4,Microsoft-Windows-Sysmon/Operational,0,"""Image loaded:
RuleName: technique_id=T1059.001,technique_name=PowerShell
UtcTime: 2024-11-30 12:47:06.822
ProcessGuid: {15959494-094A-674B-6209-000000000D00}
ProcessId: 2972
Image: C:\Windows\Microsoft.NET\Framework\v4.0.30319\mscorsvw.exe
ImageLoaded: C:\Windows\Microsoft.NET\assembly\GAC_MSIL\System.Management.Automation\v4.0_3.0.0.0__31bf3856ad364e35\System.Management.Automation.dll
FileVersion: 10.0.17134.165
Description: System.Management.Automation
Product: Microsoft (R) Windows (R) Operating System
Company: Microsoft Corporation
OriginalFileName: System.Management.Automation.dll
Hashes: SHA1=C3F1336B5DD10C00D91B556EC22580E221B93208,MD5=4A1195FB925BC6AE1DE497C25C56D064,SHA256=466427A13CA32840969B326032664657391A1E0C52B8550F2A2337B89F5AC333,IMPHASH=DAE02F32A21E03CE65412F6E56942DAA
Signed: true
Signature: Microsoft Windows
SignatureStatus: Valid
User: NT AUTHORITY\SYSTEM""",3,2024-11-30T12:47:06.825453900Z,61407,1760,DESKTOP-QGB4EQH,7,2356,INFORMATION,Microsoft-Windows-Sysmon,82,true,12,Binary loaded PowerShell automation library - Possible unmanaged Powershell execution by suspicious process,"[""sysmon"",""sysmon_eid7_detections"",""windows""]",92151, , ,windows_eventchannel,log,"Nov 30, 2024 @ 12:47:07.833",EventChannel,1732970827.4675293,"Nov 30, 2024 @ 12:47:07.833", , , , , , , , , , , , ,2972, , , , , , , , , , ,"[""PowerShell""]","[""T1059.001""]","[""Execution""]", , , ,System.Management.Automation.dll,C:\\Windows\\Microsoft.NET\\Framework\\v4.0.30319\\mscorsvw.exe,Microsoft (R) Windows (R) Operating System,Microsoft Windows,C:\\Windows\\Microsoft.NET\\assembly\\GAC_MSIL\\System.Management.Automation\\v4.0_3.0.0.0__31bf3856ad364e35\\System.Management.Automation.dll,System.Management.Automation,true,Valid,{15959494-094A-674B-6209-000000000D00},2024-11-30 12:47:06.822,"SHA1=C3F1336B5DD10C00D91B556EC22580E221B93208,MD5=4A1195FB925BC6AE1DE497C25C56D064,SHA256=466427A13CA32840969B326032664657391A1E0C52B8550F2A2337B89F5AC333,IMPHASH=DAE02F32A21E03CE65412F6E56942DAA","technique_id=T1059.001,technique_name=PowerShell",Microsoft Corporation,10.0.17134.165,NT AUTHORITY\\SYSTEM, , , , , , , , , , , , , , , , , , , , , , , , , , , , , , , , , , , , , , , , , , , , , , , , , , , , , , , , , , , , , , , , , , , , , , , , , , , , , , , , , , , , , , , , , , , , , , , , , , , , , , , , , 
wazuh-alerts-4.x-2024.11.30,XvocfZMBRlc-D5DFWCJ8,1,1,192.168.117.134,window-agent3,003,Maryam, ,7, ,0x8000000000000000,{5770385F-C22A-43E0-BF4C-06F5698FFBD9},4,Microsoft-Windows-Sysmon/Operational,0,"""Image loaded:
RuleName: technique_id=T1059.001,technique_name=PowerShell
UtcTime: 2024-11-30 12:47:07.353
ProcessGuid: {15959494-094B-674B-6709-000000000D00}
ProcessId: 6756
Image: C:\Windows\Microsoft.NET\Framework\v4.0.30319\mscorsvw.exe
ImageLoaded: C:\Windows\Microsoft.NET\assembly\GAC_MSIL\System.Management.Automation\v4.0_3.0.0.0__31bf3856ad364e35\System.Management.Automation.dll
FileVersion: 10.0.17134.165
Description: System.Management.Automation
Product: Microsoft (R) Windows (R) Operating System
Company: Microsoft Corporation
OriginalFileName: System.Management.Automation.dll
Hashes: SHA1=C3F1336B5DD10C00D91B556EC22580E221B93208,MD5=4A1195FB925BC6AE1DE497C25C56D064,SHA256=466427A13CA32840969B326032664657391A1E0C52B8550F2A2337B89F5AC333,IMPHASH=DAE02F32A21E03CE65412F6E56942DAA
Signed: true
Signature: Microsoft Windows
SignatureStatus: Valid
User: NT AUTHORITY\SYSTEM""",3,2024-11-30T12:47:07.362653300Z,61425,1760,DESKTOP-QGB4EQH,7,2356,INFORMATION,Microsoft-Windows-Sysmon,85,true,12,Binary loaded PowerShell automation library - Possible unmanaged Powershell execution by suspicious process,"[""sysmon"",""sysmon_eid7_detections"",""windows""]",92151, , ,windows_eventchannel,log,"Nov 30, 2024 @ 12:47:08.114",EventChannel,1732970828.4697379,"Nov 30, 2024 @ 12:47:08.114", , , , , , , , , , , , ,6756, , , , , , , , , , ,"[""PowerShell""]","[""T1059.001""]","[""Execution""]", , , ,System.Management.Automation.dll,C:\\Windows\\Microsoft.NET\\Framework\\v4.0.30319\\mscorsvw.exe,Microsoft (R) Windows (R) Operating System,Microsoft Windows,C:\\Windows\\Microsoft.NET\\assembly\\GAC_MSIL\\System.Management.Automation\\v4.0_3.0.0.0__31bf3856ad364e35\\System.Management.Automation.dll,System.Management.Automation,true,Valid,{15959494-094B-674B-6709-000000000D00},2024-11-30 12:47:07.353,"SHA1=C3F1336B5DD10C00D91B556EC22580E221B93208,MD5=4A1195FB925BC6AE1DE497C25C56D064,SHA256=466427A13CA32840969B326032664657391A1E0C52B8550F2A2337B89F5AC333,IMPHASH=DAE02F32A21E03CE65412F6E56942DAA","technique_id=T1059.001,technique_name=PowerShell",Microsoft Corporation,10.0.17134.165,NT AUTHORITY\\SYSTEM, , , , , , , , , , , , , , , , , , , , , , , , , , , , , , , , , , , , , , , , , , , , , , , , , , , , , , , , , , , , , , , , , , , , , , , , , , , , , , , , , , , , , , , , , , , , , , , , , , , , , , , , , 
wazuh-alerts-4.x-2024.11.30,Y_ocfZMBRlc-D5DFWCJ8,1,1,192.168.117.134,window-agent3,003,Maryam, ,7, ,0x8000000000000000,{5770385F-C22A-43E0-BF4C-06F5698FFBD9},4,Microsoft-Windows-Sysmon/Operational,0,"""Image loaded:
RuleName: technique_id=T1059.001,technique_name=PowerShell
UtcTime: 2024-11-30 12:47:07.994
ProcessGuid: {15959494-094B-674B-6909-000000000D00}
ProcessId: 5440
Image: C:\Windows\Microsoft.NET\Framework\v4.0.30319\mscorsvw.exe
ImageLoaded: C:\Windows\Microsoft.NET\assembly\GAC_MSIL\System.Management.Automation\v4.0_3.0.0.0__31bf3856ad364e35\System.Management.Automation.dll
FileVersion: 10.0.17134.165
Description: System.Management.Automation
Product: Microsoft (R) Windows (R) Operating System
Company: Microsoft Corporation
OriginalFileName: System.Management.Automation.dll
Hashes: SHA1=C3F1336B5DD10C00D91B556EC22580E221B93208,MD5=4A1195FB925BC6AE1DE497C25C56D064,SHA256=466427A13CA32840969B326032664657391A1E0C52B8550F2A2337B89F5AC333,IMPHASH=DAE02F32A21E03CE65412F6E56942DAA
Signed: true
Signature: Microsoft Windows
SignatureStatus: Valid
User: NT AUTHORITY\SYSTEM""",3,2024-11-30T12:47:08.007423800Z,61435,1760,DESKTOP-QGB4EQH,7,2356,INFORMATION,Microsoft-Windows-Sysmon,89,true,12,Binary loaded PowerShell automation library - Possible unmanaged Powershell execution by suspicious process,"[""sysmon"",""sysmon_eid7_detections"",""windows""]",92151, , ,windows_eventchannel,log,"Nov 30, 2024 @ 12:47:08.770",EventChannel,1732970828.4721386,"Nov 30, 2024 @ 12:47:08.770", , , , , , , , , , , , ,5440, , , , , , , , , , ,"[""PowerShell""]","[""T1059.001""]","[""Execution""]", , , ,System.Management.Automation.dll,C:\\Windows\\Microsoft.NET\\Framework\\v4.0.30319\\mscorsvw.exe,Microsoft (R) Windows (R) Operating System,Microsoft Windows,C:\\Windows\\Microsoft.NET\\assembly\\GAC_MSIL\\System.Management.Automation\\v4.0_3.0.0.0__31bf3856ad364e35\\System.Management.Automation.dll,System.Management.Automation,true,Valid,{15959494-094B-674B-6909-000000000D00},2024-11-30 12:47:07.994,"SHA1=C3F1336B5DD10C00D91B556EC22580E221B93208,MD5=4A1195FB925BC6AE1DE497C25C56D064,SHA256=466427A13CA32840969B326032664657391A1E0C52B8550F2A2337B89F5AC333,IMPHASH=DAE02F32A21E03CE65412F6E56942DAA","technique_id=T1059.001,technique_name=PowerShell",Microsoft Corporation,10.0.17134.165,NT AUTHORITY\\SYSTEM, , , , , , , , , , , , , , , , , , , , , , , , , , , , , , , , , , , , , , , , , , , , , , , , , , , , , , , , , , , , , , , , , , , , , , , , , , , , , , , , , , , , , , , , , , , , , , , , , , , , , , , , , 
wazuh-alerts-4.x-2024.11.30,ZfocfZMBRlc-D5DFXCJg,1,1,192.168.117.134,window-agent3,003,Maryam, ,7, ,0x8000000000000000,{5770385F-C22A-43E0-BF4C-06F5698FFBD9},4,Microsoft-Windows-Sysmon/Operational,0,"""Image loaded:
RuleName: technique_id=T1059.001,technique_name=PowerShell
UtcTime: 2024-11-30 12:47:08.088
ProcessGuid: {15959494-094C-674B-6A09-000000000D00}
ProcessId: 7804
Image: C:\Windows\Microsoft.NET\Framework\v4.0.30319\mscorsvw.exe
ImageLoaded: C:\Windows\Microsoft.NET\assembly\GAC_MSIL\System.Management.Automation\v4.0_3.0.0.0__31bf3856ad364e35\System.Management.Automation.dll
FileVersion: 10.0.17134.165
Description: System.Management.Automation
Product: Microsoft (R) Windows (R) Operating System
Company: Microsoft Corporation
OriginalFileName: System.Management.Automation.dll
Hashes: SHA1=C3F1336B5DD10C00D91B556EC22580E221B93208,MD5=4A1195FB925BC6AE1DE497C25C56D064,SHA256=466427A13CA32840969B326032664657391A1E0C52B8550F2A2337B89F5AC333,IMPHASH=DAE02F32A21E03CE65412F6E56942DAA
Signed: true
Signature: Microsoft Windows
SignatureStatus: Valid
User: NT AUTHORITY\SYSTEM""",3,2024-11-30T12:47:08.093267400Z,61438,1760,DESKTOP-QGB4EQH,7,2356,INFORMATION,Microsoft-Windows-Sysmon,91,true,12,Binary loaded PowerShell automation library - Possible unmanaged Powershell execution by suspicious process,"[""sysmon"",""sysmon_eid7_detections"",""windows""]",92151, , ,windows_eventchannel,log,"Nov 30, 2024 @ 12:47:08.817",EventChannel,1732970828.4731794,"Nov 30, 2024 @ 12:47:08.817", , , , , , , , , , , , ,7804, , , , , , , , , , ,"[""PowerShell""]","[""T1059.001""]","[""Execution""]", , , ,System.Management.Automation.dll,C:\\Windows\\Microsoft.NET\\Framework\\v4.0.30319\\mscorsvw.exe,Microsoft (R) Windows (R) Operating System,Microsoft Windows,C:\\Windows\\Microsoft.NET\\assembly\\GAC_MSIL\\System.Management.Automation\\v4.0_3.0.0.0__31bf3856ad364e35\\System.Management.Automation.dll,System.Management.Automation,true,Valid,{15959494-094C-674B-6A09-000000000D00},2024-11-30 12:47:08.088,"SHA1=C3F1336B5DD10C00D91B556EC22580E221B93208,MD5=4A1195FB925BC6AE1DE497C25C56D064,SHA256=466427A13CA32840969B326032664657391A1E0C52B8550F2A2337B89F5AC333,IMPHASH=DAE02F32A21E03CE65412F6E56942DAA","technique_id=T1059.001,technique_name=PowerShell",Microsoft Corporation,10.0.17134.165,NT AUTHORITY\\SYSTEM, , , , , , , , , , , , , , , , , , , , , , , , , , , , , , , , , , , , , , , , , , , , , , , , , , , , , , , , , , , , , , , , , , , , , , , , , , , , , , , , , , , , , , , , , , , , , , , , , , , , , , , , , 
wazuh-alerts-4.x-2024.11.30,ZvocfZMBRlc-D5DFXCJg,1,1,192.168.117.134,window-agent3,003,Maryam, ,7, ,0x8000000000000000,{5770385F-C22A-43E0-BF4C-06F5698FFBD9},4,Microsoft-Windows-Sysmon/Operational,0,"""Image loaded:
RuleName: technique_id=T1059.001,technique_name=PowerShell
UtcTime: 2024-11-30 12:47:08.088
ProcessGuid: {15959494-094C-674B-6A09-000000000D00}
ProcessId: 7804
Image: C:\Windows\Microsoft.NET\Framework\v4.0.30319\mscorsvw.exe
ImageLoaded: C:\Windows\Microsoft.NET\assembly\GAC_MSIL\System.Management.Automation\v4.0_3.0.0.0__31bf3856ad364e35\System.Management.Automation.dll
FileVersion: 10.0.17134.165
Description: System.Management.Automation
Product: Microsoft (R) Windows (R) Operating System
Company: Microsoft Corporation
OriginalFileName: System.Management.Automation.dll
Hashes: SHA1=C3F1336B5DD10C00D91B556EC22580E221B93208,MD5=4A1195FB925BC6AE1DE497C25C56D064,SHA256=466427A13CA32840969B326032664657391A1E0C52B8550F2A2337B89F5AC333,IMPHASH=DAE02F32A21E03CE65412F6E56942DAA
Signed: true
Signature: Microsoft Windows
SignatureStatus: Valid
User: NT AUTHORITY\SYSTEM""",3,2024-11-30T12:47:08.093551900Z,61439,1760,DESKTOP-QGB4EQH,7,2356,INFORMATION,Microsoft-Windows-Sysmon,92,true,12,Binary loaded PowerShell automation library - Possible unmanaged Powershell execution by suspicious process,"[""sysmon"",""sysmon_eid7_detections"",""windows""]",92151, , ,windows_eventchannel,log,"Nov 30, 2024 @ 12:47:08.832",EventChannel,1732970828.4736998,"Nov 30, 2024 @ 12:47:08.832", , , , , , , , , , , , ,7804, , , , , , , , , , ,"[""PowerShell""]","[""T1059.001""]","[""Execution""]", , , ,System.Management.Automation.dll,C:\\Windows\\Microsoft.NET\\Framework\\v4.0.30319\\mscorsvw.exe,Microsoft (R) Windows (R) Operating System,Microsoft Windows,C:\\Windows\\Microsoft.NET\\assembly\\GAC_MSIL\\System.Management.Automation\\v4.0_3.0.0.0__31bf3856ad364e35\\System.Management.Automation.dll,System.Management.Automation,true,Valid,{15959494-094C-674B-6A09-000000000D00},2024-11-30 12:47:08.088,"SHA1=C3F1336B5DD10C00D91B556EC22580E221B93208,MD5=4A1195FB925BC6AE1DE497C25C56D064,SHA256=466427A13CA32840969B326032664657391A1E0C52B8550F2A2337B89F5AC333,IMPHASH=DAE02F32A21E03CE65412F6E56942DAA","technique_id=T1059.001,technique_name=PowerShell",Microsoft Corporation,10.0.17134.165,NT AUTHORITY\\SYSTEM, , , , , , , , , , , , , , , , , , , , , , , , , , , , , , , , , , , , , , , , , , , , , , , , , , , , , , , , , , , , , , , , , , , , , , , , , , , , , , , , , , , , , , , , , , , , , , , , , , , , , , , , , 
wazuh-alerts-4.x-2024.11.30,bfocfZMBRlc-D5DFXCJg,1,1,192.168.117.134,window-agent3,003,Maryam, ,7, ,0x8000000000000000,{5770385F-C22A-43E0-BF4C-06F5698FFBD9},4,Microsoft-Windows-Sysmon/Operational,0,"""Image loaded:
RuleName: technique_id=T1059.001,technique_name=PowerShell
UtcTime: 2024-11-30 12:47:08.838
ProcessGuid: {15959494-094C-674B-6D09-000000000D00}
ProcessId: 2964
Image: C:\Windows\Microsoft.NET\Framework\v4.0.30319\mscorsvw.exe
ImageLoaded: C:\Windows\Microsoft.NET\assembly\GAC_MSIL\System.Management.Automation\v4.0_3.0.0.0__31bf3856ad364e35\System.Management.Automation.dll
FileVersion: 10.0.17134.165
Description: System.Management.Automation
Product: Microsoft (R) Windows (R) Operating System
Company: Microsoft Corporation
OriginalFileName: System.Management.Automation.dll
Hashes: SHA1=C3F1336B5DD10C00D91B556EC22580E221B93208,MD5=4A1195FB925BC6AE1DE497C25C56D064,SHA256=466427A13CA32840969B326032664657391A1E0C52B8550F2A2337B89F5AC333,IMPHASH=DAE02F32A21E03CE65412F6E56942DAA
Signed: true
Signature: Microsoft Windows
SignatureStatus: Valid
User: NT AUTHORITY\SYSTEM""",3,2024-11-30T12:47:08.851795600Z,61461,1760,DESKTOP-QGB4EQH,7,2356,INFORMATION,Microsoft-Windows-Sysmon,97,true,12,Binary loaded PowerShell automation library - Possible unmanaged Powershell execution by suspicious process,"[""sysmon"",""sysmon_eid7_detections"",""windows""]",92151, , ,windows_eventchannel,log,"Nov 30, 2024 @ 12:47:09.708",EventChannel,1732970829.4769440,"Nov 30, 2024 @ 12:47:09.708", , , , , , , , , , , , ,2964, , , , , , , , , , ,"[""PowerShell""]","[""T1059.001""]","[""Execution""]", , , ,System.Management.Automation.dll,C:\\Windows\\Microsoft.NET\\Framework\\v4.0.30319\\mscorsvw.exe,Microsoft (R) Windows (R) Operating System,Microsoft Windows,C:\\Windows\\Microsoft.NET\\assembly\\GAC_MSIL\\System.Management.Automation\\v4.0_3.0.0.0__31bf3856ad364e35\\System.Management.Automation.dll,System.Management.Automation,true,Valid,{15959494-094C-674B-6D09-000000000D00},2024-11-30 12:47:08.838,"SHA1=C3F1336B5DD10C00D91B556EC22580E221B93208,MD5=4A1195FB925BC6AE1DE497C25C56D064,SHA256=466427A13CA32840969B326032664657391A1E0C52B8550F2A2337B89F5AC333,IMPHASH=DAE02F32A21E03CE65412F6E56942DAA","technique_id=T1059.001,technique_name=PowerShell",Microsoft Corporation,10.0.17134.165,NT AUTHORITY\\SYSTEM, , , , , , , , , , , , , , , , , , , , , , , , , , , , , , , , , , , , , , , , , , , , , , , , , , , , , , , , , , , , , , , , , , , , , , , , , , , , , , , , , , , , , , , , , , , , , , , , , , , , , , , , , 
wazuh-alerts-4.x-2024.11.30,bvocfZMBRlc-D5DFXCJg,1,1,192.168.117.134,window-agent3,003,Maryam, ,7, ,0x8000000000000000,{5770385F-C22A-43E0-BF4C-06F5698FFBD9},4,Microsoft-Windows-Sysmon/Operational,0,"""Image loaded:
RuleName: technique_id=T1059.001,technique_name=PowerShell
UtcTime: 2024-11-30 12:47:08.838
ProcessGuid: {15959494-094C-674B-6D09-000000000D00}
ProcessId: 2964
Image: C:\Windows\Microsoft.NET\Framework\v4.0.30319\mscorsvw.exe
ImageLoaded: C:\Windows\Microsoft.NET\assembly\GAC_MSIL\System.Management.Automation\v4.0_3.0.0.0__31bf3856ad364e35\System.Management.Automation.dll
FileVersion: 10.0.17134.165
Description: System.Management.Automation
Product: Microsoft (R) Windows (R) Operating System
Company: Microsoft Corporation
OriginalFileName: System.Management.Automation.dll
Hashes: SHA1=C3F1336B5DD10C00D91B556EC22580E221B93208,MD5=4A1195FB925BC6AE1DE497C25C56D064,SHA256=466427A13CA32840969B326032664657391A1E0C52B8550F2A2337B89F5AC333,IMPHASH=DAE02F32A21E03CE65412F6E56942DAA
Signed: true
Signature: Microsoft Windows
SignatureStatus: Valid
User: NT AUTHORITY\SYSTEM""",3,2024-11-30T12:47:08.852864600Z,61462,1760,DESKTOP-QGB4EQH,7,2356,INFORMATION,Microsoft-Windows-Sysmon,98,true,12,Binary loaded PowerShell automation library - Possible unmanaged Powershell execution by suspicious process,"[""sysmon"",""sysmon_eid7_detections"",""windows""]",92151, , ,windows_eventchannel,log,"Nov 30, 2024 @ 12:47:09.723",EventChannel,1732970829.4774644,"Nov 30, 2024 @ 12:47:09.723", , , , , , , , , , , , ,2964, , , , , , , , , , ,"[""PowerShell""]","[""T1059.001""]","[""Execution""]", , , ,System.Management.Automation.dll,C:\\Windows\\Microsoft.NET\\Framework\\v4.0.30319\\mscorsvw.exe,Microsoft (R) Windows (R) Operating System,Microsoft Windows,C:\\Windows\\Microsoft.NET\\assembly\\GAC_MSIL\\System.Management.Automation\\v4.0_3.0.0.0__31bf3856ad364e35\\System.Management.Automation.dll,System.Management.Automation,true,Valid,{15959494-094C-674B-6D09-000000000D00},2024-11-30 12:47:08.838,"SHA1=C3F1336B5DD10C00D91B556EC22580E221B93208,MD5=4A1195FB925BC6AE1DE497C25C56D064,SHA256=466427A13CA32840969B326032664657391A1E0C52B8550F2A2337B89F5AC333,IMPHASH=DAE02F32A21E03CE65412F6E56942DAA","technique_id=T1059.001,technique_name=PowerShell",Microsoft Corporation,10.0.17134.165,NT AUTHORITY\\SYSTEM, , , , , , , , , , , , , , , , , , , , , , , , , , , , , , , , , , , , , , , , , , , , , , , , , , , , , , , , , , , , , , , , , , , , , , , , , , , , , , , , , , , , , , , , , , , , , , , , , , , , , , , , , 
wazuh-alerts-4.x-2024.11.30,cfocfZMBRlc-D5DFZCIy,1,1,192.168.117.134,window-agent3,003,Maryam, ,11, ,0x8000000000000000,{5770385F-C22A-43E0-BF4C-06F5698FFBD9},4,Microsoft-Windows-Sysmon/Operational,0,"""File created:
RuleName: technique_id=T1574.010,technique_name=Services File Permissions Weakness
UtcTime: 2024-11-30 12:47:09.712
ProcessGuid: {15959494-094C-674B-6E09-000000000D00}
ProcessId: 6252
Image: C:\Windows\Microsoft.NET\Framework\v4.0.30319\mscorsvw.exe
TargetFilename: C:\Windows\assembly\NativeImages_v4.0.30319_32\Temp\186c-0\Microsoft.WSMan.Management.Activities.dll
CreationUtcTime: 2024-11-30 12:47:09.697
User: NT AUTHORITY\SYSTEM""",2,2024-11-30T12:47:09.713305800Z,61467,1760,DESKTOP-QGB4EQH,11,2356,INFORMATION,Microsoft-Windows-Sysmon,34,false,6,Executable dropped in Windows root folder,"[""sysmon"",""sysmon_eid11_detections"",""windows""]",92217, , ,windows_eventchannel,log,"Nov 30, 2024 @ 12:47:10.772",EventChannel,1732970830.4790256,"Nov 30, 2024 @ 12:47:10.772", , , , , , , , , , , , ,6252, , , , , , , , , , ,"[""Lateral Tool Transfer""]","[""T1570""]","[""Lateral Movement""]", , , , ,C:\\Windows\\Microsoft.NET\\Framework\\v4.0.30319\\mscorsvw.exe, , , , , , ,{15959494-094C-674B-6E09-000000000D00},2024-11-30 12:47:09.712, ,"technique_id=T1574.010,technique_name=Services File Permissions Weakness", , ,NT AUTHORITY\\SYSTEM, , , , , , , , , , , , , , , , , , , , , , , , , , , , , , , , , , , , ,C:\\Windows\\assembly\\NativeImages_v4.0.30319_32\\Temp\\186c-0\\Microsoft.WSMan.Management.Activities.dll,2024-11-30 12:47:09.697, , , , , , , , , , , , , , , , , , , , , , , , , , , , , , , , , , , , , , , , , , , , , , , , , , , , , , , , , , , , , , , , , , , 
wazuh-alerts-4.x-2024.11.30,c_ocfZMBRlc-D5DFaCIZ,1,1,192.168.117.134,window-agent3,003,Maryam, ,11, ,0x8000000000000000,{5770385F-C22A-43E0-BF4C-06F5698FFBD9},4,Microsoft-Windows-Sysmon/Operational,0,"""File created:
RuleName: technique_id=T1574.010,technique_name=Services File Permissions Weakness
UtcTime: 2024-11-30 12:47:11.103
ProcessGuid: {15959494-094E-674B-7209-000000000D00}
ProcessId: 5136
Image: C:\Windows\Microsoft.NET\Framework\v4.0.30319\mscorsvw.exe
TargetFilename: C:\Windows\assembly\NativeImages_v4.0.30319_32\Temp\1410-0\MMCEx.dll
CreationUtcTime: 2024-11-30 12:47:11.103
User: NT AUTHORITY\SYSTEM""",2,2024-11-30T12:47:11.117624100Z,61477,1760,DESKTOP-QGB4EQH,11,2356,INFORMATION,Microsoft-Windows-Sysmon,36,false,6,Executable dropped in Windows root folder,"[""sysmon"",""sysmon_eid11_detections"",""windows""]",92217, , ,windows_eventchannel,log,"Nov 30, 2024 @ 12:47:12.162",EventChannel,1732970832.4796606,"Nov 30, 2024 @ 12:47:12.162", , , , , , , , , , , , ,5136, , , , , , , , , , ,"[""Lateral Tool Transfer""]","[""T1570""]","[""Lateral Movement""]", , , , ,C:\\Windows\\Microsoft.NET\\Framework\\v4.0.30319\\mscorsvw.exe, , , , , , ,{15959494-094E-674B-7209-000000000D00},2024-11-30 12:47:11.103, ,"technique_id=T1574.010,technique_name=Services File Permissions Weakness", , ,NT AUTHORITY\\SYSTEM, , , , , , , , , , , , , , , , , , , , , , , , , , , , , , , , , , , , ,C:\\Windows\\assembly\\NativeImages_v4.0.30319_32\\Temp\\1410-0\\MMCEx.dll,2024-11-30 12:47:11.103, , , , , , , , , , , , , , , , , , , , , , , , , , , , , , , , , , , , , , , , , , , , , , , , , , , , , , , , , , , , , , , , , , , 
wazuh-alerts-4.x-2024.11.30,dPocfZMBRlc-D5DFaCIZ,1,1,192.168.117.134,window-agent3,003,Maryam, ,11, ,0x8000000000000000,{5770385F-C22A-43E0-BF4C-06F5698FFBD9},4,Microsoft-Windows-Sysmon/Operational,0,"""File created:
RuleName: technique_id=T1574.010,technique_name=Services File Permissions Weakness
UtcTime: 2024-11-30 12:47:11.494
ProcessGuid: {15959494-094F-674B-7409-000000000D00}
ProcessId: 6756
Image: C:\Windows\Microsoft.NET\Framework\v4.0.30319\mscorsvw.exe
TargetFilename: C:\Windows\assembly\NativeImages_v4.0.30319_32\Temp\1a64-0\MMCFxCommon.dll
CreationUtcTime: 2024-11-30 12:47:11.494
User: NT AUTHORITY\SYSTEM""",2,2024-11-30T12:47:11.505031500Z,61482,1760,DESKTOP-QGB4EQH,11,2356,INFORMATION,Microsoft-Windows-Sysmon,37,false,6,Executable dropped in Windows root folder,"[""sysmon"",""sysmon_eid11_detections"",""windows""]",92217, , ,windows_eventchannel,log,"Nov 30, 2024 @ 12:47:12.223",EventChannel,1732970832.4799681,"Nov 30, 2024 @ 12:47:12.223", , , , , , , , , , , , ,6756, , , , , , , , , , ,"[""Lateral Tool Transfer""]","[""T1570""]","[""Lateral Movement""]", , , , ,C:\\Windows\\Microsoft.NET\\Framework\\v4.0.30319\\mscorsvw.exe, , , , , , ,{15959494-094F-674B-7409-000000000D00},2024-11-30 12:47:11.494, ,"technique_id=T1574.010,technique_name=Services File Permissions Weakness", , ,NT AUTHORITY\\SYSTEM, , , , , , , , , , , , , , , , , , , , , , , , , , , , , , , , , , , , ,C:\\Windows\\assembly\\NativeImages_v4.0.30319_32\\Temp\\1a64-0\\MMCFxCommon.dll,2024-11-30 12:47:11.494, , , , , , , , , , , , , , , , , , , , , , , , , , , , , , , , , , , , , , , , , , , , , , , , , , , , , , , , , , , , , , , , , , , 
wazuh-alerts-4.x-2024.11.30,JPocfZMBRlc-D5DFMSJb,1,1,192.168.117.134,window-agent3,003,Maryam, ,11, ,0x8000000000000000,{5770385F-C22A-43E0-BF4C-06F5698FFBD9},4,Microsoft-Windows-Sysmon/Operational,0,"""File created:
RuleName: technique_id=T1574.010,technique_name=Services File Permissions Weakness
UtcTime: 2024-11-30 12:46:57.525
ProcessGuid: {15959494-0940-674B-4309-000000000D00}
ProcessId: 7420
Image: C:\Windows\Microsoft.NET\Framework\v4.0.30319\mscorsvw.exe
TargetFilename: C:\Windows\assembly\NativeImages_v4.0.30319_32\Temp\1cfc-0\Microsoft.PowerShell.Diagnostics.Activities.dll
CreationUtcTime: 2024-11-30 12:46:57.525
User: NT AUTHORITY\SYSTEM""",2,2024-11-30T12:46:57.528815800Z,61226,1760,DESKTOP-QGB4EQH,11,2356,INFORMATION,Microsoft-Windows-Sysmon,14,false,6,Executable dropped in Windows root folder,"[""sysmon"",""sysmon_eid11_detections"",""windows""]",92217, , ,windows_eventchannel,log,"Nov 30, 2024 @ 12:46:58.584",EventChannel,1732970818.4431023,"Nov 30, 2024 @ 12:46:58.584", , , , , , , , , , , , ,7420, , , , , , , , , , ,"[""Lateral Tool Transfer""]","[""T1570""]","[""Lateral Movement""]", , , , ,C:\\Windows\\Microsoft.NET\\Framework\\v4.0.30319\\mscorsvw.exe, , , , , , ,{15959494-0940-674B-4309-000000000D00},2024-11-30 12:46:57.525, ,"technique_id=T1574.010,technique_name=Services File Permissions Weakness", , ,NT AUTHORITY\\SYSTEM, , , , , , , , , , , , , , , , , , , , , , , , , , , , , , , , , , , , ,C:\\Windows\\assembly\\NativeImages_v4.0.30319_32\\Temp\\1cfc-0\\Microsoft.PowerShell.Diagnostics.Activities.dll,2024-11-30 12:46:57.525, , , , , , , , , , , , , , , , , , , , , , , , , , , , , , , , , , , , , , , , , , , , , , , , , , , , , , , , , , , , , , , , , , , 
wazuh-alerts-4.x-2024.11.30,J_ocfZMBRlc-D5DFMSJb,1,1,192.168.117.134,window-agent3,003,Maryam, ,7, ,0x8000000000000000,{5770385F-C22A-43E0-BF4C-06F5698FFBD9},4,Microsoft-Windows-Sysmon/Operational,0,"""Image loaded:
RuleName: technique_id=T1059.001,technique_name=PowerShell
UtcTime: 2024-11-30 12:46:57.838
ProcessGuid: {15959494-0941-674B-4509-000000000D00}
ProcessId: 7992
Image: C:\Windows\Microsoft.NET\Framework\v4.0.30319\mscorsvw.exe
ImageLoaded: C:\Windows\Microsoft.NET\assembly\GAC_MSIL\System.Management.Automation\v4.0_3.0.0.0__31bf3856ad364e35\System.Management.Automation.dll
FileVersion: 10.0.17134.165
Description: System.Management.Automation
Product: Microsoft (R) Windows (R) Operating System
Company: Microsoft Corporation
OriginalFileName: System.Management.Automation.dll
Hashes: SHA1=C3F1336B5DD10C00D91B556EC22580E221B93208,MD5=4A1195FB925BC6AE1DE497C25C56D064,SHA256=466427A13CA32840969B326032664657391A1E0C52B8550F2A2337B89F5AC333,IMPHASH=DAE02F32A21E03CE65412F6E56942DAA
Signed: true
Signature: Microsoft Windows
SignatureStatus: Valid
User: NT AUTHORITY\SYSTEM""",3,2024-11-30T12:46:57.848741900Z,61235,1760,DESKTOP-QGB4EQH,7,2356,INFORMATION,Microsoft-Windows-Sysmon,47,true,12,Binary loaded PowerShell automation library - Possible unmanaged Powershell execution by suspicious process,"[""sysmon"",""sysmon_eid7_detections"",""windows""]",92151, , ,windows_eventchannel,log,"Nov 30, 2024 @ 12:46:58.709",EventChannel,1732970818.4444658,"Nov 30, 2024 @ 12:46:58.709", , , , , , , , , , , , ,7992, , , , , , , , , , ,"[""PowerShell""]","[""T1059.001""]","[""Execution""]", , , ,System.Management.Automation.dll,C:\\Windows\\Microsoft.NET\\Framework\\v4.0.30319\\mscorsvw.exe,Microsoft (R) Windows (R) Operating System,Microsoft Windows,C:\\Windows\\Microsoft.NET\\assembly\\GAC_MSIL\\System.Management.Automation\\v4.0_3.0.0.0__31bf3856ad364e35\\System.Management.Automation.dll,System.Management.Automation,true,Valid,{15959494-0941-674B-4509-000000000D00},2024-11-30 12:46:57.838,"SHA1=C3F1336B5DD10C00D91B556EC22580E221B93208,MD5=4A1195FB925BC6AE1DE497C25C56D064,SHA256=466427A13CA32840969B326032664657391A1E0C52B8550F2A2337B89F5AC333,IMPHASH=DAE02F32A21E03CE65412F6E56942DAA","technique_id=T1059.001,technique_name=PowerShell",Microsoft Corporation,10.0.17134.165,NT AUTHORITY\\SYSTEM, , , , , , , , , , , , , , , , , , , , , , , , , , , , , , , , , , , , , , , , , , , , , , , , , , , , , , , , , , , , , , , , , , , , , , , , , , , , , , , , , , , , , , , , , , , , , , , , , , , , , , , , , 
wazuh-alerts-4.x-2024.11.30,KfocfZMBRlc-D5DFOSIy,1,1,192.168.117.134,window-agent3,003,Maryam, ,11, ,0x8000000000000000,{5770385F-C22A-43E0-BF4C-06F5698FFBD9},4,Microsoft-Windows-Sysmon/Operational,0,"""File created:
RuleName: technique_id=T1574.010,technique_name=Services File Permissions Weakness
UtcTime: 2024-11-30 12:46:58.884
ProcessGuid: {15959494-0941-674B-4509-000000000D00}
ProcessId: 7992
Image: C:\Windows\Microsoft.NET\Framework\v4.0.30319\mscorsvw.exe
TargetFilename: C:\Windows\assembly\NativeImages_v4.0.30319_32\Temp\1f38-0\Microsoft.PowerShell.Management.Activities.dll
CreationUtcTime: 2024-11-30 12:46:58.884
User: NT AUTHORITY\SYSTEM""",2,2024-11-30T12:46:58.899988600Z,61239,1760,DESKTOP-QGB4EQH,11,2356,INFORMATION,Microsoft-Windows-Sysmon,15,false,6,Executable dropped in Windows root folder,"[""sysmon"",""sysmon_eid11_detections"",""windows""]",92217, , ,windows_eventchannel,log,"Nov 30, 2024 @ 12:46:59.946",EventChannel,1732970819.4455066,"Nov 30, 2024 @ 12:46:59.946", , , , , , , , , , , , ,7992, , , , , , , , , , ,"[""Lateral Tool Transfer""]","[""T1570""]","[""Lateral Movement""]", , , , ,C:\\Windows\\Microsoft.NET\\Framework\\v4.0.30319\\mscorsvw.exe, , , , , , ,{15959494-0941-674B-4509-000000000D00},2024-11-30 12:46:58.884, ,"technique_id=T1574.010,technique_name=Services File Permissions Weakness", , ,NT AUTHORITY\\SYSTEM, , , , , , , , , , , , , , , , , , , , , , , , , , , , , , , , , , , , ,C:\\Windows\\assembly\\NativeImages_v4.0.30319_32\\Temp\\1f38-0\\Microsoft.PowerShell.Management.Activities.dll,2024-11-30 12:46:58.884, , , , , , , , , , , , , , , , , , , , , , , , , , , , , , , , , , , , , , , , , , , , , , , , , , , , , , , , , , , , , , , , , , , 
wazuh-alerts-4.x-2024.11.30,LvocfZMBRlc-D5DFOSIy,1,1,192.168.117.134,window-agent3,003,Maryam, ,11, ,0x8000000000000000,{5770385F-C22A-43E0-BF4C-06F5698FFBD9},4,Microsoft-Windows-Sysmon/Operational,0,"""File created:
RuleName: technique_id=T1574.010,technique_name=Services File Permissions Weakness
UtcTime: 2024-11-30 12:46:59.447
ProcessGuid: {15959494-0943-674B-4709-000000000D00}
ProcessId: 2768
Image: C:\Windows\Microsoft.NET\Framework\v4.0.30319\mscorsvw.exe
TargetFilename: C:\Windows\assembly\NativeImages_v4.0.30319_32\Temp\ad0-0\Microsoft.PowerShell.Security.Activities.dll
CreationUtcTime: 2024-11-30 12:46:59.447
User: NT AUTHORITY\SYSTEM""",2,2024-11-30T12:46:59.463364600Z,61248,1760,DESKTOP-QGB4EQH,11,2356,INFORMATION,Microsoft-Windows-Sysmon,16,false,6,Executable dropped in Windows root folder,"[""sysmon"",""sysmon_eid11_detections"",""windows""]",92217, , ,windows_eventchannel,log,"Nov 30, 2024 @ 12:47:00.068",EventChannel,1732970820.4479105,"Nov 30, 2024 @ 12:47:00.068", , , , , , , , , , , , ,2768, , , , , , , , , , ,"[""Lateral Tool Transfer""]","[""T1570""]","[""Lateral Movement""]", , , , ,C:\\Windows\\Microsoft.NET\\Framework\\v4.0.30319\\mscorsvw.exe, , , , , , ,{15959494-0943-674B-4709-000000000D00},2024-11-30 12:46:59.447, ,"technique_id=T1574.010,technique_name=Services File Permissions Weakness", , ,NT AUTHORITY\\SYSTEM, , , , , , , , , , , , , , , , , , , , , , , , , , , , , , , , , , , , ,C:\\Windows\\assembly\\NativeImages_v4.0.30319_32\\Temp\\ad0-0\\Microsoft.PowerShell.Security.Activities.dll,2024-11-30 12:46:59.447, , , , , , , , , , , , , , , , , , , , , , , , , , , , , , , , , , , , , , , , , , , , , , , , , , , , , , , , , , , , , , , , , , , 
wazuh-alerts-4.x-2024.11.30,L_ocfZMBRlc-D5DFOSIy,1,1,192.168.117.134,window-agent3,003,Maryam, ,7, ,0x8000000000000000,{5770385F-C22A-43E0-BF4C-06F5698FFBD9},4,Microsoft-Windows-Sysmon/Operational,0,"""Image loaded:
RuleName: technique_id=T1059.001,technique_name=PowerShell
UtcTime: 2024-11-30 12:46:59.744
ProcessGuid: {15959494-0943-674B-4809-000000000D00}
ProcessId: 5588
Image: C:\Windows\Microsoft.NET\Framework\v4.0.30319\mscorsvw.exe
ImageLoaded: C:\Windows\Microsoft.NET\assembly\GAC_MSIL\System.Management.Automation\v4.0_3.0.0.0__31bf3856ad364e35\System.Management.Automation.dll
FileVersion: 10.0.17134.165
Description: System.Management.Automation
Product: Microsoft (R) Windows (R) Operating System
Company: Microsoft Corporation
OriginalFileName: System.Management.Automation.dll
Hashes: SHA1=C3F1336B5DD10C00D91B556EC22580E221B93208,MD5=4A1195FB925BC6AE1DE497C25C56D064,SHA256=466427A13CA32840969B326032664657391A1E0C52B8550F2A2337B89F5AC333,IMPHASH=DAE02F32A21E03CE65412F6E56942DAA
Signed: true
Signature: Microsoft Windows
SignatureStatus: Valid
User: NT AUTHORITY\SYSTEM""",3,2024-11-30T12:46:59.746873300Z,61252,1760,DESKTOP-QGB4EQH,7,2356,INFORMATION,Microsoft-Windows-Sysmon,53,true,12,Binary loaded PowerShell automation library - Possible unmanaged Powershell execution by suspicious process,"[""sysmon"",""sysmon_eid7_detections"",""windows""]",92151, , ,windows_eventchannel,log,"Nov 30, 2024 @ 12:47:00.130",EventChannel,1732970820.4482316,"Nov 30, 2024 @ 12:47:00.130", , , , , , , , , , , , ,5588, , , , , , , , , , ,"[""PowerShell""]","[""T1059.001""]","[""Execution""]", , , ,System.Management.Automation.dll,C:\\Windows\\Microsoft.NET\\Framework\\v4.0.30319\\mscorsvw.exe,Microsoft (R) Windows (R) Operating System,Microsoft Windows,C:\\Windows\\Microsoft.NET\\assembly\\GAC_MSIL\\System.Management.Automation\\v4.0_3.0.0.0__31bf3856ad364e35\\System.Management.Automation.dll,System.Management.Automation,true,Valid,{15959494-0943-674B-4809-000000000D00},2024-11-30 12:46:59.744,"SHA1=C3F1336B5DD10C00D91B556EC22580E221B93208,MD5=4A1195FB925BC6AE1DE497C25C56D064,SHA256=466427A13CA32840969B326032664657391A1E0C52B8550F2A2337B89F5AC333,IMPHASH=DAE02F32A21E03CE65412F6E56942DAA","technique_id=T1059.001,technique_name=PowerShell",Microsoft Corporation,10.0.17134.165,NT AUTHORITY\\SYSTEM, , , , , , , , , , , , , , , , , , , , , , , , , , , , , , , , , , , , , , , , , , , , , , , , , , , , , , , , , , , , , , , , , , , , , , , , , , , , , , , , , , , , , , , , , , , , , , , , , , , , , , , , , 
wazuh-alerts-4.x-2024.11.30,MfocfZMBRlc-D5DFPSIX,1,1,192.168.117.134,window-agent3,003,Maryam, ,7, ,0x8000000000000000,{5770385F-C22A-43E0-BF4C-06F5698FFBD9},4,Microsoft-Windows-Sysmon/Operational,0,"""Image loaded:
RuleName: technique_id=T1059.001,technique_name=PowerShell
UtcTime: 2024-11-30 12:47:00.119
ProcessGuid: {15959494-0944-674B-4909-000000000D00}
ProcessId: 4588
Image: C:\Windows\Microsoft.NET\Framework\v4.0.30319\mscorsvw.exe
ImageLoaded: C:\Windows\Microsoft.NET\assembly\GAC_MSIL\System.Management.Automation\v4.0_3.0.0.0__31bf3856ad364e35\System.Management.Automation.dll
FileVersion: 10.0.17134.165
Description: System.Management.Automation
Product: Microsoft (R) Windows (R) Operating System
Company: Microsoft Corporation
OriginalFileName: System.Management.Automation.dll
Hashes: SHA1=C3F1336B5DD10C00D91B556EC22580E221B93208,MD5=4A1195FB925BC6AE1DE497C25C56D064,SHA256=466427A13CA32840969B326032664657391A1E0C52B8550F2A2337B89F5AC333,IMPHASH=DAE02F32A21E03CE65412F6E56942DAA
Signed: true
Signature: Microsoft Windows
SignatureStatus: Valid
User: NT AUTHORITY\SYSTEM""",3,2024-11-30T12:47:00.133402700Z,61257,1760,DESKTOP-QGB4EQH,7,2356,INFORMATION,Microsoft-Windows-Sysmon,55,true,12,Binary loaded PowerShell automation library - Possible unmanaged Powershell execution by suspicious process,"[""sysmon"",""sysmon_eid7_detections"",""windows""]",92151, , ,windows_eventchannel,log,"Nov 30, 2024 @ 12:47:01.005",EventChannel,1732970821.4492724,"Nov 30, 2024 @ 12:47:01.005", , , , , , , , , , , , ,4588, , , , , , , , , , ,"[""PowerShell""]","[""T1059.001""]","[""Execution""]", , , ,System.Management.Automation.dll,C:\\Windows\\Microsoft.NET\\Framework\\v4.0.30319\\mscorsvw.exe,Microsoft (R) Windows (R) Operating System,Microsoft Windows,C:\\Windows\\Microsoft.NET\\assembly\\GAC_MSIL\\System.Management.Automation\\v4.0_3.0.0.0__31bf3856ad364e35\\System.Management.Automation.dll,System.Management.Automation,true,Valid,{15959494-0944-674B-4909-000000000D00},2024-11-30 12:47:00.119,"SHA1=C3F1336B5DD10C00D91B556EC22580E221B93208,MD5=4A1195FB925BC6AE1DE497C25C56D064,SHA256=466427A13CA32840969B326032664657391A1E0C52B8550F2A2337B89F5AC333,IMPHASH=DAE02F32A21E03CE65412F6E56942DAA","technique_id=T1059.001,technique_name=PowerShell",Microsoft Corporation,10.0.17134.165,NT AUTHORITY\\SYSTEM, , , , , , , , , , , , , , , , , , , , , , , , , , , , , , , , , , , , , , , , , , , , , , , , , , , , , , , , , , , , , , , , , , , , , , , , , , , , , , , , , , , , , , , , , , , , , , , , , , , , , , , , , 
wazuh-alerts-4.x-2024.11.30,NvocfZMBRlc-D5DFQSIC,1,1,192.168.117.134,window-agent3,003,Maryam, ,7, ,0x8000000000000000,{5770385F-C22A-43E0-BF4C-06F5698FFBD9},4,Microsoft-Windows-Sysmon/Operational,0,"""Image loaded:
RuleName: technique_id=T1059.001,technique_name=PowerShell
UtcTime: 2024-11-30 12:47:01.525
ProcessGuid: {15959494-0945-674B-4B09-000000000D00}
ProcessId: 7288
Image: C:\Windows\Microsoft.NET\Framework\v4.0.30319\mscorsvw.exe
ImageLoaded: C:\Windows\Microsoft.NET\assembly\GAC_MSIL\System.Management.Automation\v4.0_3.0.0.0__31bf3856ad364e35\System.Management.Automation.dll
FileVersion: 10.0.17134.165
Description: System.Management.Automation
Product: Microsoft (R) Windows (R) Operating System
Company: Microsoft Corporation
OriginalFileName: System.Management.Automation.dll
Hashes: SHA1=C3F1336B5DD10C00D91B556EC22580E221B93208,MD5=4A1195FB925BC6AE1DE497C25C56D064,SHA256=466427A13CA32840969B326032664657391A1E0C52B8550F2A2337B89F5AC333,IMPHASH=DAE02F32A21E03CE65412F6E56942DAA
Signed: true
Signature: Microsoft Windows
SignatureStatus: Valid
User: NT AUTHORITY\SYSTEM""",3,2024-11-30T12:47:01.538788400Z,61272,1760,DESKTOP-QGB4EQH,7,2356,INFORMATION,Microsoft-Windows-Sysmon,59,true,12,Binary loaded PowerShell automation library - Possible unmanaged Powershell execution by suspicious process,"[""sysmon"",""sysmon_eid7_detections"",""windows""]",92151, , ,windows_eventchannel,log,"Nov 30, 2024 @ 12:47:02.317",EventChannel,1732970822.4516751,"Nov 30, 2024 @ 12:47:02.317", , , , , , , , , , , , ,7288, , , , , , , , , , ,"[""PowerShell""]","[""T1059.001""]","[""Execution""]", , , ,System.Management.Automation.dll,C:\\Windows\\Microsoft.NET\\Framework\\v4.0.30319\\mscorsvw.exe,Microsoft (R) Windows (R) Operating System,Microsoft Windows,C:\\Windows\\Microsoft.NET\\assembly\\GAC_MSIL\\System.Management.Automation\\v4.0_3.0.0.0__31bf3856ad364e35\\System.Management.Automation.dll,System.Management.Automation,true,Valid,{15959494-0945-674B-4B09-000000000D00},2024-11-30 12:47:01.525,"SHA1=C3F1336B5DD10C00D91B556EC22580E221B93208,MD5=4A1195FB925BC6AE1DE497C25C56D064,SHA256=466427A13CA32840969B326032664657391A1E0C52B8550F2A2337B89F5AC333,IMPHASH=DAE02F32A21E03CE65412F6E56942DAA","technique_id=T1059.001,technique_name=PowerShell",Microsoft Corporation,10.0.17134.165,NT AUTHORITY\\SYSTEM, , , , , , , , , , , , , , , , , , , , , , , , , , , , , , , , , , , , , , , , , , , , , , , , , , , , , , , , , , , , , , , , , , , , , , , , , , , , , , , , , , , , , , , , , , , , , , , , , , , , , , , , , 
